<testsuites id="" name="" tests="575" failures="559" skipped="0" errors="0" time="6474.492082000001">
<testsuite name="01-homepage.spec.ts" timestamp="2025-10-20T22:56:09.042Z" hostname="chromium" tests="6" failures="4" skipped="0" time="116.67" errors="0">
<testcase name="Homepage Tests › should load homepage successfully" classname="01-homepage.spec.ts" time="23.922">
<failure message="01-homepage.spec.ts:4:7 should load homepage successfully" type="FAILURE">
<![CDATA[  [chromium] › 01-homepage.spec.ts:4:7 › Homepage Tests › should load homepage successfully ────────

    Error: expect(locator).toBeVisible() failed

    Locator: locator('a[href*="/login"]')
    Expected: visible
    Timeout: 5000ms
    Error: element(s) not found

    Call log:
      - Expect "toBeVisible" with timeout 5000ms
      - waiting for locator('a[href*="/login"]')


      16 |     // Check for main CTA buttons
      17 |     await expect(page.locator('a[href*="/register"]')).toBeVisible();
    > 18 |     await expect(page.locator('a[href*="/login"]')).toBeVisible();
         |                                                     ^
      19 |   });
      20 |
      21 |   test('should have working navigation links', async ({ page }) => {
        at /Users/asithalakmal/Documents/web/final project/WeddingLK-next copy/tests/01-homepage.spec.ts:18:53

    attachment #1: screenshot (image/png) ──────────────────────────────────────────────────────────
    ../test-results/01-homepage-Homepage-Tests-should-load-homepage-successfully-chromium/test-failed-1.png
    ────────────────────────────────────────────────────────────────────────────────────────────────

    attachment #2: video (video/webm) ──────────────────────────────────────────────────────────────
    ../test-results/01-homepage-Homepage-Tests-should-load-homepage-successfully-chromium/video.webm
    ────────────────────────────────────────────────────────────────────────────────────────────────

    Error Context: ../test-results/01-homepage-Homepage-Tests-should-load-homepage-successfully-chromium/error-context.md
]]>
</failure>
<system-out>
<![CDATA[
[[ATTACHMENT|test-results/01-homepage-Homepage-Tests-should-load-homepage-successfully-chromium/test-failed-1.png]]

[[ATTACHMENT|test-results/01-homepage-Homepage-Tests-should-load-homepage-successfully-chromium/video.webm]]

[[ATTACHMENT|test-results/01-homepage-Homepage-Tests-should-load-homepage-successfully-chromium/error-context.md]]
]]>
</system-out>
</testcase>
<testcase name="Homepage Tests › should have working navigation links" classname="01-homepage.spec.ts" time="23.825">
<failure message="01-homepage.spec.ts:21:7 should have working navigation links" type="FAILURE">
<![CDATA[  [chromium] › 01-homepage.spec.ts:21:7 › Homepage Tests › should have working navigation links ────

    Error: expect(page).toHaveURL(expected) failed

    Expected pattern: /\/venues/
    Received string:  "https://wedding-lk.vercel.app/"
    Timeout: 5000ms

    Call log:
      - Expect "toHaveURL" with timeout 5000ms
        8 × unexpected value "https://wedding-lk.vercel.app/"


      35 |       if (await linkElement.isVisible()) {
      36 |         await linkElement.click();
    > 37 |         await expect(page).toHaveURL(new RegExp(link.href));
         |                            ^
      38 |         await page.goBack();
      39 |       }
      40 |     }
        at /Users/asithalakmal/Documents/web/final project/WeddingLK-next copy/tests/01-homepage.spec.ts:37:28

    attachment #1: screenshot (image/png) ──────────────────────────────────────────────────────────
    ../test-results/01-homepage-Homepage-Tests-8de4d-ve-working-navigation-links-chromium/test-failed-1.png
    ────────────────────────────────────────────────────────────────────────────────────────────────

    attachment #2: video (video/webm) ──────────────────────────────────────────────────────────────
    ../test-results/01-homepage-Homepage-Tests-8de4d-ve-working-navigation-links-chromium/video.webm
    ────────────────────────────────────────────────────────────────────────────────────────────────

    Error Context: ../test-results/01-homepage-Homepage-Tests-8de4d-ve-working-navigation-links-chromium/error-context.md
]]>
</failure>
<system-out>
<![CDATA[
[[ATTACHMENT|test-results/01-homepage-Homepage-Tests-8de4d-ve-working-navigation-links-chromium/test-failed-1.png]]

[[ATTACHMENT|test-results/01-homepage-Homepage-Tests-8de4d-ve-working-navigation-links-chromium/video.webm]]

[[ATTACHMENT|test-results/01-homepage-Homepage-Tests-8de4d-ve-working-navigation-links-chromium/error-context.md]]
]]>
</system-out>
</testcase>
<testcase name="Homepage Tests › should have responsive design" classname="01-homepage.spec.ts" time="31.01">
<failure message="01-homepage.spec.ts:43:7 should have responsive design" type="FAILURE">
<![CDATA[  [chromium] › 01-homepage.spec.ts:43:7 › Homepage Tests › should have responsive design ───────────

    Error: expect(locator).toBeVisible() failed

    Locator:  locator('nav')
    Expected: visible
    Received: hidden
    Timeout:  5000ms

    Call log:
      - Expect "toBeVisible" with timeout 5000ms
      - waiting for locator('nav')
        8 × locator resolved to <nav class="flex justify-center space-x-8 px-4 sm:px-6 lg:px-8">…</nav>
          - unexpected value "hidden"


      50 |     // Test mobile view
      51 |     await page.setViewportSize({ width: 375, height: 667 });
    > 52 |     await expect(page.locator('nav')).toBeVisible();
         |                                       ^
      53 |     
      54 |     // Check if mobile menu works
      55 |     const mobileMenuButton = page.locator('button[aria-label*="menu"], button[aria-label*="Menu"]');
        at /Users/asithalakmal/Documents/web/final project/WeddingLK-next copy/tests/01-homepage.spec.ts:52:39

    attachment #1: screenshot (image/png) ──────────────────────────────────────────────────────────
    ../test-results/01-homepage-Homepage-Tests-should-have-responsive-design-chromium/test-failed-1.png
    ────────────────────────────────────────────────────────────────────────────────────────────────

    attachment #2: video (video/webm) ──────────────────────────────────────────────────────────────
    ../test-results/01-homepage-Homepage-Tests-should-have-responsive-design-chromium/video.webm
    ────────────────────────────────────────────────────────────────────────────────────────────────

    Error Context: ../test-results/01-homepage-Homepage-Tests-should-have-responsive-design-chromium/error-context.md
]]>
</failure>
<system-out>
<![CDATA[
[[ATTACHMENT|test-results/01-homepage-Homepage-Tests-should-have-responsive-design-chromium/test-failed-1.png]]

[[ATTACHMENT|test-results/01-homepage-Homepage-Tests-should-have-responsive-design-chromium/video.webm]]

[[ATTACHMENT|test-results/01-homepage-Homepage-Tests-should-have-responsive-design-chromium/error-context.md]]
]]>
</system-out>
</testcase>
<testcase name="Homepage Tests › should have working search functionality" classname="01-homepage.spec.ts" time="24.767">
</testcase>
<testcase name="Homepage Tests › should display featured content" classname="01-homepage.spec.ts" time="9.297">
</testcase>
<testcase name="Homepage Tests › should handle 404 pages gracefully" classname="01-homepage.spec.ts" time="3.849">
<failure message="01-homepage.spec.ts:95:7 should handle 404 pages gracefully" type="FAILURE">
<![CDATA[  [chromium] › 01-homepage.spec.ts:95:7 › Homepage Tests › should handle 404 pages gracefully ──────

    Error: expect(locator).toContainText(expected) failed

    Locator: locator('h1, h2')
    Expected pattern: /404|not found|page not found/i
    Error: strict mode violation: locator('h1, h2') resolved to 2 elements:
        1) <h1 class="next-error-h1">404</h1> aka getByRole('heading', { name: '404' })
        2) <h2>This page could not be found.</h2> aka getByRole('heading', { name: 'This page could not be found.' })

    Call log:
      - Expect "toContainText" with timeout 5000ms
      - waiting for locator('h1, h2')


       98 |     
       99 |     // Should show 404 page content
    > 100 |     await expect(page.locator('h1, h2')).toContainText(/404|not found|page not found/i);
          |                                          ^
      101 |   });
      102 | });
      103 |
        at /Users/asithalakmal/Documents/web/final project/WeddingLK-next copy/tests/01-homepage.spec.ts:100:42

    attachment #1: screenshot (image/png) ──────────────────────────────────────────────────────────
    ../test-results/01-homepage-Homepage-Tests-fd83a-handle-404-pages-gracefully-chromium/test-failed-1.png
    ────────────────────────────────────────────────────────────────────────────────────────────────

    attachment #2: video (video/webm) ──────────────────────────────────────────────────────────────
    ../test-results/01-homepage-Homepage-Tests-fd83a-handle-404-pages-gracefully-chromium/video.webm
    ────────────────────────────────────────────────────────────────────────────────────────────────

    Error Context: ../test-results/01-homepage-Homepage-Tests-fd83a-handle-404-pages-gracefully-chromium/error-context.md
]]>
</failure>
<system-out>
<![CDATA[
[[ATTACHMENT|test-results/01-homepage-Homepage-Tests-fd83a-handle-404-pages-gracefully-chromium/test-failed-1.png]]

[[ATTACHMENT|test-results/01-homepage-Homepage-Tests-fd83a-handle-404-pages-gracefully-chromium/video.webm]]

[[ATTACHMENT|test-results/01-homepage-Homepage-Tests-fd83a-handle-404-pages-gracefully-chromium/error-context.md]]
]]>
</system-out>
</testcase>
</testsuite>
<testsuite name="02-authentication.spec.ts" timestamp="2025-10-20T22:56:09.042Z" hostname="chromium" tests="8" failures="8" skipped="0" time="253.633" errors="0">
<testcase name="Authentication Flow Tests › should register new user successfully" classname="02-authentication.spec.ts" time="32.71">
<failure message="02-authentication.spec.ts:4:7 should register new user successfully" type="FAILURE">
<![CDATA[  [chromium] › 02-authentication.spec.ts:4:7 › Authentication Flow Tests › should register new user successfully 

    Test timeout of 30000ms exceeded.

    Error: page.fill: Test timeout of 30000ms exceeded.
    Call log:
      - waiting for locator('input[name="firstName"]')


       6 |     
       7 |     // Fill registration form
    >  8 |     await page.fill('input[name="firstName"]', 'Test');
         |                ^
       9 |     await page.fill('input[name="lastName"]', 'User');
      10 |     await page.fill('input[name="email"]', `test${Date.now()}@example.com`);
      11 |     await page.fill('input[name="password"]', 'TestPassword123!');
        at /Users/asithalakmal/Documents/web/final project/WeddingLK-next copy/tests/02-authentication.spec.ts:8:16

    attachment #1: screenshot (image/png) ──────────────────────────────────────────────────────────
    ../test-results/02-authentication-Authenti-dd3ae-ister-new-user-successfully-chromium/test-failed-1.png
    ────────────────────────────────────────────────────────────────────────────────────────────────

    attachment #2: video (video/webm) ──────────────────────────────────────────────────────────────
    ../test-results/02-authentication-Authenti-dd3ae-ister-new-user-successfully-chromium/video.webm
    ────────────────────────────────────────────────────────────────────────────────────────────────

    Error Context: ../test-results/02-authentication-Authenti-dd3ae-ister-new-user-successfully-chromium/error-context.md
]]>
</failure>
<system-out>
<![CDATA[
[[ATTACHMENT|test-results/02-authentication-Authenti-dd3ae-ister-new-user-successfully-chromium/test-failed-1.png]]

[[ATTACHMENT|test-results/02-authentication-Authenti-dd3ae-ister-new-user-successfully-chromium/video.webm]]

[[ATTACHMENT|test-results/02-authentication-Authenti-dd3ae-ister-new-user-successfully-chromium/error-context.md]]
]]>
</system-out>
</testcase>
<testcase name="Authentication Flow Tests › should register vendor successfully" classname="02-authentication.spec.ts" time="35.667">
<failure message="02-authentication.spec.ts:28:7 should register vendor successfully" type="FAILURE">
<![CDATA[  [chromium] › 02-authentication.spec.ts:28:7 › Authentication Flow Tests › should register vendor successfully 

    Test timeout of 30000ms exceeded.

    Error: page.fill: Test timeout of 30000ms exceeded.
    Call log:
      - waiting for locator('input[name="firstName"]')


      30 |     
      31 |     // Fill basic info
    > 32 |     await page.fill('input[name="firstName"]', 'Test');
         |                ^
      33 |     await page.fill('input[name="lastName"]', 'Vendor');
      34 |     await page.fill('input[name="email"]', `vendor${Date.now()}@example.com`);
      35 |     await page.fill('input[name="password"]', 'TestPassword123!');
        at /Users/asithalakmal/Documents/web/final project/WeddingLK-next copy/tests/02-authentication.spec.ts:32:16

    attachment #1: screenshot (image/png) ──────────────────────────────────────────────────────────
    ../test-results/02-authentication-Authenti-ab94d-egister-vendor-successfully-chromium/test-failed-1.png
    ────────────────────────────────────────────────────────────────────────────────────────────────

    attachment #2: video (video/webm) ──────────────────────────────────────────────────────────────
    ../test-results/02-authentication-Authenti-ab94d-egister-vendor-successfully-chromium/video.webm
    ────────────────────────────────────────────────────────────────────────────────────────────────

    Error Context: ../test-results/02-authentication-Authenti-ab94d-egister-vendor-successfully-chromium/error-context.md
]]>
</failure>
<system-out>
<![CDATA[
[[ATTACHMENT|test-results/02-authentication-Authenti-ab94d-egister-vendor-successfully-chromium/test-failed-1.png]]

[[ATTACHMENT|test-results/02-authentication-Authenti-ab94d-egister-vendor-successfully-chromium/video.webm]]

[[ATTACHMENT|test-results/02-authentication-Authenti-ab94d-egister-vendor-successfully-chromium/error-context.md]]
]]>
</system-out>
</testcase>
<testcase name="Authentication Flow Tests › should login with valid credentials" classname="02-authentication.spec.ts" time="35.187">
<failure message="02-authentication.spec.ts:52:7 should login with valid credentials" type="FAILURE">
<![CDATA[  [chromium] › 02-authentication.spec.ts:52:7 › Authentication Flow Tests › should login with valid credentials 

    Test timeout of 30000ms exceeded.

    Error: page.fill: Test timeout of 30000ms exceeded.
    Call log:
      - waiting for locator('input[name="email"]')


      54 |     
      55 |     // Fill login form
    > 56 |     await page.fill('input[name="email"]', 'test@example.com');
         |                ^
      57 |     await page.fill('input[name="password"]', 'TestPassword123!');
      58 |     
      59 |     // Submit form
        at /Users/asithalakmal/Documents/web/final project/WeddingLK-next copy/tests/02-authentication.spec.ts:56:16

    attachment #1: screenshot (image/png) ──────────────────────────────────────────────────────────
    ../test-results/02-authentication-Authenti-38b99-ogin-with-valid-credentials-chromium/test-failed-1.png
    ────────────────────────────────────────────────────────────────────────────────────────────────

    attachment #2: video (video/webm) ──────────────────────────────────────────────────────────────
    ../test-results/02-authentication-Authenti-38b99-ogin-with-valid-credentials-chromium/video.webm
    ────────────────────────────────────────────────────────────────────────────────────────────────

    Error Context: ../test-results/02-authentication-Authenti-38b99-ogin-with-valid-credentials-chromium/error-context.md
]]>
</failure>
<system-out>
<![CDATA[
[[ATTACHMENT|test-results/02-authentication-Authenti-38b99-ogin-with-valid-credentials-chromium/test-failed-1.png]]

[[ATTACHMENT|test-results/02-authentication-Authenti-38b99-ogin-with-valid-credentials-chromium/video.webm]]

[[ATTACHMENT|test-results/02-authentication-Authenti-38b99-ogin-with-valid-credentials-chromium/error-context.md]]
]]>
</system-out>
</testcase>
<testcase name="Authentication Flow Tests › should show error for invalid credentials" classname="02-authentication.spec.ts" time="41.31">
<failure message="02-authentication.spec.ts:66:7 should show error for invalid credentials" type="FAILURE">
<![CDATA[  [chromium] › 02-authentication.spec.ts:66:7 › Authentication Flow Tests › should show error for invalid credentials 

    Test timeout of 30000ms exceeded.

    Error: page.fill: Test timeout of 30000ms exceeded.
    Call log:
      - waiting for locator('input[name="email"]')


      68 |     
      69 |     // Fill with invalid credentials
    > 70 |     await page.fill('input[name="email"]', 'invalid@example.com');
         |                ^
      71 |     await page.fill('input[name="password"]', 'wrongpassword');
      72 |     
      73 |     // Submit form
        at /Users/asithalakmal/Documents/web/final project/WeddingLK-next copy/tests/02-authentication.spec.ts:70:16

    attachment #1: screenshot (image/png) ──────────────────────────────────────────────────────────
    ../test-results/02-authentication-Authenti-dd3ab-ror-for-invalid-credentials-chromium/test-failed-1.png
    ────────────────────────────────────────────────────────────────────────────────────────────────

    attachment #2: video (video/webm) ──────────────────────────────────────────────────────────────
    ../test-results/02-authentication-Authenti-dd3ab-ror-for-invalid-credentials-chromium/video.webm
    ────────────────────────────────────────────────────────────────────────────────────────────────

    Error Context: ../test-results/02-authentication-Authenti-dd3ab-ror-for-invalid-credentials-chromium/error-context.md
]]>
</failure>
<system-out>
<![CDATA[
[[ATTACHMENT|test-results/02-authentication-Authenti-dd3ab-ror-for-invalid-credentials-chromium/test-failed-1.png]]

[[ATTACHMENT|test-results/02-authentication-Authenti-dd3ab-ror-for-invalid-credentials-chromium/video.webm]]

[[ATTACHMENT|test-results/02-authentication-Authenti-dd3ab-ror-for-invalid-credentials-chromium/error-context.md]]
]]>
</system-out>
</testcase>
<testcase name="Authentication Flow Tests › should handle password reset flow" classname="02-authentication.spec.ts" time="34.955">
<failure message="02-authentication.spec.ts:80:7 should handle password reset flow" type="FAILURE">
<![CDATA[  [chromium] › 02-authentication.spec.ts:80:7 › Authentication Flow Tests › should handle password reset flow 

    Test timeout of 30000ms exceeded.

    Error: page.fill: Test timeout of 30000ms exceeded.
    Call log:
      - waiting for locator('input[name="email"]')


      82 |     
      83 |     // Fill email
    > 84 |     await page.fill('input[name="email"]', 'test@example.com');
         |                ^
      85 |     
      86 |     // Submit form
      87 |     await page.click('button[type="submit"]');
        at /Users/asithalakmal/Documents/web/final project/WeddingLK-next copy/tests/02-authentication.spec.ts:84:16

    attachment #1: screenshot (image/png) ──────────────────────────────────────────────────────────
    ../test-results/02-authentication-Authenti-83767--handle-password-reset-flow-chromium/test-failed-1.png
    ────────────────────────────────────────────────────────────────────────────────────────────────

    attachment #2: video (video/webm) ──────────────────────────────────────────────────────────────
    ../test-results/02-authentication-Authenti-83767--handle-password-reset-flow-chromium/video.webm
    ────────────────────────────────────────────────────────────────────────────────────────────────

    Error Context: ../test-results/02-authentication-Authenti-83767--handle-password-reset-flow-chromium/error-context.md
]]>
</failure>
<system-out>
<![CDATA[
[[ATTACHMENT|test-results/02-authentication-Authenti-83767--handle-password-reset-flow-chromium/test-failed-1.png]]

[[ATTACHMENT|test-results/02-authentication-Authenti-83767--handle-password-reset-flow-chromium/video.webm]]

[[ATTACHMENT|test-results/02-authentication-Authenti-83767--handle-password-reset-flow-chromium/error-context.md]]
]]>
</system-out>
</testcase>
<testcase name="Authentication Flow Tests › should logout successfully" classname="02-authentication.spec.ts" time="39.163">
<failure message="02-authentication.spec.ts:93:7 should logout successfully" type="FAILURE">
<![CDATA[  [chromium] › 02-authentication.spec.ts:93:7 › Authentication Flow Tests › should logout successfully 

    Test timeout of 30000ms exceeded.

    Error: page.fill: Test timeout of 30000ms exceeded.
    Call log:
      - waiting for locator('input[name="email"]')


      94 |     // First login
      95 |     await page.goto('/login');
    > 96 |     await page.fill('input[name="email"]', 'test@example.com');
         |                ^
      97 |     await page.fill('input[name="password"]', 'TestPassword123!');
      98 |     await page.click('button[type="submit"]');
      99 |     
        at /Users/asithalakmal/Documents/web/final project/WeddingLK-next copy/tests/02-authentication.spec.ts:96:16

    attachment #1: screenshot (image/png) ──────────────────────────────────────────────────────────
    ../test-results/02-authentication-Authenti-36d7a--should-logout-successfully-chromium/test-failed-1.png
    ────────────────────────────────────────────────────────────────────────────────────────────────

    attachment #2: video (video/webm) ──────────────────────────────────────────────────────────────
    ../test-results/02-authentication-Authenti-36d7a--should-logout-successfully-chromium/video.webm
    ────────────────────────────────────────────────────────────────────────────────────────────────

    Error Context: ../test-results/02-authentication-Authenti-36d7a--should-logout-successfully-chromium/error-context.md
]]>
</failure>
<system-out>
<![CDATA[
[[ATTACHMENT|test-results/02-authentication-Authenti-36d7a--should-logout-successfully-chromium/test-failed-1.png]]

[[ATTACHMENT|test-results/02-authentication-Authenti-36d7a--should-logout-successfully-chromium/video.webm]]

[[ATTACHMENT|test-results/02-authentication-Authenti-36d7a--should-logout-successfully-chromium/error-context.md]]
]]>
</system-out>
</testcase>
<testcase name="Authentication Flow Tests › should protect authenticated routes" classname="02-authentication.spec.ts" time="17.185">
<failure message="02-authentication.spec.ts:111:7 should protect authenticated routes" type="FAILURE">
<![CDATA[  [chromium] › 02-authentication.spec.ts:111:7 › Authentication Flow Tests › should protect authenticated routes 

    Error: expect(page).toHaveURL(expected) failed

    Expected pattern: /login/
    Received string:  "https://wedding-lk.vercel.app/dashboard/user"
    Timeout: 5000ms

    Call log:
      - Expect "toHaveURL" with timeout 5000ms
        4 × unexpected value "https://wedding-lk.vercel.app/dashboard"
        2 × unexpected value "https://wedding-lk.vercel.app/dashboard/redirect"
        2 × unexpected value "https://wedding-lk.vercel.app/dashboard/user"


      114 |     
      115 |     // Should redirect to login
    > 116 |     await expect(page).toHaveURL(/login/);
          |                        ^
      117 |   });
      118 |
      119 |   test('should handle role-based redirects', async ({ page }) => {
        at /Users/asithalakmal/Documents/web/final project/WeddingLK-next copy/tests/02-authentication.spec.ts:116:24

    attachment #1: screenshot (image/png) ──────────────────────────────────────────────────────────
    ../test-results/02-authentication-Authenti-e5d88-rotect-authenticated-routes-chromium/test-failed-1.png
    ────────────────────────────────────────────────────────────────────────────────────────────────

    attachment #2: video (video/webm) ──────────────────────────────────────────────────────────────
    ../test-results/02-authentication-Authenti-e5d88-rotect-authenticated-routes-chromium/video.webm
    ────────────────────────────────────────────────────────────────────────────────────────────────

    Error Context: ../test-results/02-authentication-Authenti-e5d88-rotect-authenticated-routes-chromium/error-context.md
]]>
</failure>
<system-out>
<![CDATA[
[[ATTACHMENT|test-results/02-authentication-Authenti-e5d88-rotect-authenticated-routes-chromium/test-failed-1.png]]

[[ATTACHMENT|test-results/02-authentication-Authenti-e5d88-rotect-authenticated-routes-chromium/video.webm]]

[[ATTACHMENT|test-results/02-authentication-Authenti-e5d88-rotect-authenticated-routes-chromium/error-context.md]]
]]>
</system-out>
</testcase>
<testcase name="Authentication Flow Tests › should handle role-based redirects" classname="02-authentication.spec.ts" time="17.456">
<failure message="02-authentication.spec.ts:119:7 should handle role-based redirects" type="FAILURE">
<![CDATA[  [chromium] › 02-authentication.spec.ts:119:7 › Authentication Flow Tests › should handle role-based redirects 

    Error: expect(page).toHaveURL(expected) failed

    Expected pattern: /login|dashboard/
    Received string:  "https://wedding-lk.vercel.app/auth/signin?role=user"
    Timeout: 5000ms

    Call log:
      - Expect "toHaveURL" with timeout 5000ms
        7 × unexpected value "https://wedding-lk.vercel.app/auth/signin?role=user"


      125 |       
      126 |       // Should show appropriate login form or redirect
    > 127 |       await expect(page).toHaveURL(/login|dashboard/);
          |                          ^
      128 |     }
      129 |   });
      130 | });
        at /Users/asithalakmal/Documents/web/final project/WeddingLK-next copy/tests/02-authentication.spec.ts:127:26

    attachment #1: screenshot (image/png) ──────────────────────────────────────────────────────────
    ../test-results/02-authentication-Authenti-a42ea-handle-role-based-redirects-chromium/test-failed-1.png
    ────────────────────────────────────────────────────────────────────────────────────────────────

    attachment #2: video (video/webm) ──────────────────────────────────────────────────────────────
    ../test-results/02-authentication-Authenti-a42ea-handle-role-based-redirects-chromium/video.webm
    ────────────────────────────────────────────────────────────────────────────────────────────────

    Error Context: ../test-results/02-authentication-Authenti-a42ea-handle-role-based-redirects-chromium/error-context.md
]]>
</failure>
<system-out>
<![CDATA[
[[ATTACHMENT|test-results/02-authentication-Authenti-a42ea-handle-role-based-redirects-chromium/test-failed-1.png]]

[[ATTACHMENT|test-results/02-authentication-Authenti-a42ea-handle-role-based-redirects-chromium/video.webm]]

[[ATTACHMENT|test-results/02-authentication-Authenti-a42ea-handle-role-based-redirects-chromium/error-context.md]]
]]>
</system-out>
</testcase>
</testsuite>
<testsuite name="03-dashboard.spec.ts" timestamp="2025-10-20T22:56:09.042Z" hostname="chromium" tests="6" failures="6" skipped="0" time="204.747" errors="0">
<testcase name="Dashboard Tests › should load user dashboard" classname="03-dashboard.spec.ts" time="33.366">
<failure message="03-dashboard.spec.ts:13:7 should load user dashboard" type="FAILURE">
<![CDATA[  [chromium] › 03-dashboard.spec.ts:13:7 › Dashboard Tests › should load user dashboard ────────────

    Test timeout of 30000ms exceeded while running "beforeEach" hook.

      2 |
      3 | test.describe('Dashboard Tests', () => {
    > 4 |   test.beforeEach(async ({ page }) => {
        |        ^
      5 |     // Login before each test
      6 |     await page.goto('/login');
      7 |     await page.fill('input[name="email"]', 'test@example.com');
        at /Users/asithalakmal/Documents/web/final project/WeddingLK-next copy/tests/03-dashboard.spec.ts:4:8

    Error: page.fill: Test timeout of 30000ms exceeded.
    Call log:
      - waiting for locator('input[name="email"]')


       5 |     // Login before each test
       6 |     await page.goto('/login');
    >  7 |     await page.fill('input[name="email"]', 'test@example.com');
         |                ^
       8 |     await page.fill('input[name="password"]', 'TestPassword123!');
       9 |     await page.click('button[type="submit"]');
      10 |     await expect(page).toHaveURL(/dashboard/);
        at /Users/asithalakmal/Documents/web/final project/WeddingLK-next copy/tests/03-dashboard.spec.ts:7:16

    attachment #1: screenshot (image/png) ──────────────────────────────────────────────────────────
    ../test-results/03-dashboard-Dashboard-Tests-should-load-user-dashboard-chromium/test-failed-1.png
    ────────────────────────────────────────────────────────────────────────────────────────────────

    attachment #2: video (video/webm) ──────────────────────────────────────────────────────────────
    ../test-results/03-dashboard-Dashboard-Tests-should-load-user-dashboard-chromium/video.webm
    ────────────────────────────────────────────────────────────────────────────────────────────────

    Error Context: ../test-results/03-dashboard-Dashboard-Tests-should-load-user-dashboard-chromium/error-context.md
]]>
</failure>
<system-out>
<![CDATA[
[[ATTACHMENT|test-results/03-dashboard-Dashboard-Tests-should-load-user-dashboard-chromium/test-failed-1.png]]

[[ATTACHMENT|test-results/03-dashboard-Dashboard-Tests-should-load-user-dashboard-chromium/video.webm]]

[[ATTACHMENT|test-results/03-dashboard-Dashboard-Tests-should-load-user-dashboard-chromium/error-context.md]]
]]>
</system-out>
</testcase>
<testcase name="Dashboard Tests › should load vendor dashboard" classname="03-dashboard.spec.ts" time="33.623">
<failure message="03-dashboard.spec.ts:35:7 should load vendor dashboard" type="FAILURE">
<![CDATA[  [chromium] › 03-dashboard.spec.ts:35:7 › Dashboard Tests › should load vendor dashboard ──────────

    Test timeout of 30000ms exceeded while running "beforeEach" hook.

      2 |
      3 | test.describe('Dashboard Tests', () => {
    > 4 |   test.beforeEach(async ({ page }) => {
        |        ^
      5 |     // Login before each test
      6 |     await page.goto('/login');
      7 |     await page.fill('input[name="email"]', 'test@example.com');
        at /Users/asithalakmal/Documents/web/final project/WeddingLK-next copy/tests/03-dashboard.spec.ts:4:8

    Error: page.fill: Test timeout of 30000ms exceeded.
    Call log:
      - waiting for locator('input[name="email"]')


       5 |     // Login before each test
       6 |     await page.goto('/login');
    >  7 |     await page.fill('input[name="email"]', 'test@example.com');
         |                ^
       8 |     await page.fill('input[name="password"]', 'TestPassword123!');
       9 |     await page.click('button[type="submit"]');
      10 |     await expect(page).toHaveURL(/dashboard/);
        at /Users/asithalakmal/Documents/web/final project/WeddingLK-next copy/tests/03-dashboard.spec.ts:7:16

    attachment #1: screenshot (image/png) ──────────────────────────────────────────────────────────
    ../test-results/03-dashboard-Dashboard-Tests-should-load-vendor-dashboard-chromium/test-failed-1.png
    ────────────────────────────────────────────────────────────────────────────────────────────────

    attachment #2: video (video/webm) ──────────────────────────────────────────────────────────────
    ../test-results/03-dashboard-Dashboard-Tests-should-load-vendor-dashboard-chromium/video.webm
    ────────────────────────────────────────────────────────────────────────────────────────────────

    Error Context: ../test-results/03-dashboard-Dashboard-Tests-should-load-vendor-dashboard-chromium/error-context.md
]]>
</failure>
<system-out>
<![CDATA[
[[ATTACHMENT|test-results/03-dashboard-Dashboard-Tests-should-load-vendor-dashboard-chromium/test-failed-1.png]]

[[ATTACHMENT|test-results/03-dashboard-Dashboard-Tests-should-load-vendor-dashboard-chromium/video.webm]]

[[ATTACHMENT|test-results/03-dashboard-Dashboard-Tests-should-load-vendor-dashboard-chromium/error-context.md]]
]]>
</system-out>
</testcase>
<testcase name="Dashboard Tests › should load admin dashboard" classname="03-dashboard.spec.ts" time="35.957">
<failure message="03-dashboard.spec.ts:57:7 should load admin dashboard" type="FAILURE">
<![CDATA[  [chromium] › 03-dashboard.spec.ts:57:7 › Dashboard Tests › should load admin dashboard ───────────

    Test timeout of 30000ms exceeded while running "beforeEach" hook.

      2 |
      3 | test.describe('Dashboard Tests', () => {
    > 4 |   test.beforeEach(async ({ page }) => {
        |        ^
      5 |     // Login before each test
      6 |     await page.goto('/login');
      7 |     await page.fill('input[name="email"]', 'test@example.com');
        at /Users/asithalakmal/Documents/web/final project/WeddingLK-next copy/tests/03-dashboard.spec.ts:4:8

    Error: page.fill: Test timeout of 30000ms exceeded.
    Call log:
      - waiting for locator('input[name="email"]')


       5 |     // Login before each test
       6 |     await page.goto('/login');
    >  7 |     await page.fill('input[name="email"]', 'test@example.com');
         |                ^
       8 |     await page.fill('input[name="password"]', 'TestPassword123!');
       9 |     await page.click('button[type="submit"]');
      10 |     await expect(page).toHaveURL(/dashboard/);
        at /Users/asithalakmal/Documents/web/final project/WeddingLK-next copy/tests/03-dashboard.spec.ts:7:16

    attachment #1: screenshot (image/png) ──────────────────────────────────────────────────────────
    ../test-results/03-dashboard-Dashboard-Tests-should-load-admin-dashboard-chromium/test-failed-1.png
    ────────────────────────────────────────────────────────────────────────────────────────────────

    attachment #2: video (video/webm) ──────────────────────────────────────────────────────────────
    ../test-results/03-dashboard-Dashboard-Tests-should-load-admin-dashboard-chromium/video.webm
    ────────────────────────────────────────────────────────────────────────────────────────────────

    Error Context: ../test-results/03-dashboard-Dashboard-Tests-should-load-admin-dashboard-chromium/error-context.md
]]>
</failure>
<system-out>
<![CDATA[
[[ATTACHMENT|test-results/03-dashboard-Dashboard-Tests-should-load-admin-dashboard-chromium/test-failed-1.png]]

[[ATTACHMENT|test-results/03-dashboard-Dashboard-Tests-should-load-admin-dashboard-chromium/video.webm]]

[[ATTACHMENT|test-results/03-dashboard-Dashboard-Tests-should-load-admin-dashboard-chromium/error-context.md]]
]]>
</system-out>
</testcase>
<testcase name="Dashboard Tests › should navigate between dashboard sections" classname="03-dashboard.spec.ts" time="33.552">
<failure message="03-dashboard.spec.ts:79:7 should navigate between dashboard sections" type="FAILURE">
<![CDATA[  [chromium] › 03-dashboard.spec.ts:79:7 › Dashboard Tests › should navigate between dashboard sections 

    Test timeout of 30000ms exceeded while running "beforeEach" hook.

      2 |
      3 | test.describe('Dashboard Tests', () => {
    > 4 |   test.beforeEach(async ({ page }) => {
        |        ^
      5 |     // Login before each test
      6 |     await page.goto('/login');
      7 |     await page.fill('input[name="email"]', 'test@example.com');
        at /Users/asithalakmal/Documents/web/final project/WeddingLK-next copy/tests/03-dashboard.spec.ts:4:8

    Error: page.fill: Test timeout of 30000ms exceeded.
    Call log:
      - waiting for locator('input[name="email"]')


       5 |     // Login before each test
       6 |     await page.goto('/login');
    >  7 |     await page.fill('input[name="email"]', 'test@example.com');
         |                ^
       8 |     await page.fill('input[name="password"]', 'TestPassword123!');
       9 |     await page.click('button[type="submit"]');
      10 |     await expect(page).toHaveURL(/dashboard/);
        at /Users/asithalakmal/Documents/web/final project/WeddingLK-next copy/tests/03-dashboard.spec.ts:7:16

    attachment #1: screenshot (image/png) ──────────────────────────────────────────────────────────
    ../test-results/03-dashboard-Dashboard-Tes-1bbe3--between-dashboard-sections-chromium/test-failed-1.png
    ────────────────────────────────────────────────────────────────────────────────────────────────

    attachment #2: video (video/webm) ──────────────────────────────────────────────────────────────
    ../test-results/03-dashboard-Dashboard-Tes-1bbe3--between-dashboard-sections-chromium/video.webm
    ────────────────────────────────────────────────────────────────────────────────────────────────

    Error Context: ../test-results/03-dashboard-Dashboard-Tes-1bbe3--between-dashboard-sections-chromium/error-context.md
]]>
</failure>
<system-out>
<![CDATA[
[[ATTACHMENT|test-results/03-dashboard-Dashboard-Tes-1bbe3--between-dashboard-sections-chromium/test-failed-1.png]]

[[ATTACHMENT|test-results/03-dashboard-Dashboard-Tes-1bbe3--between-dashboard-sections-chromium/video.webm]]

[[ATTACHMENT|test-results/03-dashboard-Dashboard-Tes-1bbe3--between-dashboard-sections-chromium/error-context.md]]
]]>
</system-out>
</testcase>
<testcase name="Dashboard Tests › should display user statistics" classname="03-dashboard.spec.ts" time="33.469">
<failure message="03-dashboard.spec.ts:100:7 should display user statistics" type="FAILURE">
<![CDATA[  [chromium] › 03-dashboard.spec.ts:100:7 › Dashboard Tests › should display user statistics ───────

    Test timeout of 30000ms exceeded while running "beforeEach" hook.

      2 |
      3 | test.describe('Dashboard Tests', () => {
    > 4 |   test.beforeEach(async ({ page }) => {
        |        ^
      5 |     // Login before each test
      6 |     await page.goto('/login');
      7 |     await page.fill('input[name="email"]', 'test@example.com');
        at /Users/asithalakmal/Documents/web/final project/WeddingLK-next copy/tests/03-dashboard.spec.ts:4:8

    Error: page.fill: Test timeout of 30000ms exceeded.
    Call log:
      - waiting for locator('input[name="email"]')


       5 |     // Login before each test
       6 |     await page.goto('/login');
    >  7 |     await page.fill('input[name="email"]', 'test@example.com');
         |                ^
       8 |     await page.fill('input[name="password"]', 'TestPassword123!');
       9 |     await page.click('button[type="submit"]');
      10 |     await expect(page).toHaveURL(/dashboard/);
        at /Users/asithalakmal/Documents/web/final project/WeddingLK-next copy/tests/03-dashboard.spec.ts:7:16

    attachment #1: screenshot (image/png) ──────────────────────────────────────────────────────────
    ../test-results/03-dashboard-Dashboard-Tests-should-display-user-statistics-chromium/test-failed-1.png
    ────────────────────────────────────────────────────────────────────────────────────────────────

    attachment #2: video (video/webm) ──────────────────────────────────────────────────────────────
    ../test-results/03-dashboard-Dashboard-Tests-should-display-user-statistics-chromium/video.webm
    ────────────────────────────────────────────────────────────────────────────────────────────────

    Error Context: ../test-results/03-dashboard-Dashboard-Tests-should-display-user-statistics-chromium/error-context.md
]]>
</failure>
<system-out>
<![CDATA[
[[ATTACHMENT|test-results/03-dashboard-Dashboard-Tests-should-display-user-statistics-chromium/test-failed-1.png]]

[[ATTACHMENT|test-results/03-dashboard-Dashboard-Tests-should-display-user-statistics-chromium/video.webm]]

[[ATTACHMENT|test-results/03-dashboard-Dashboard-Tests-should-display-user-statistics-chromium/error-context.md]]
]]>
</system-out>
</testcase>
<testcase name="Dashboard Tests › should handle responsive dashboard layout" classname="03-dashboard.spec.ts" time="34.78">
<failure message="03-dashboard.spec.ts:110:7 should handle responsive dashboard layout" type="FAILURE">
<![CDATA[  [chromium] › 03-dashboard.spec.ts:110:7 › Dashboard Tests › should handle responsive dashboard layout 

    Test timeout of 30000ms exceeded while running "beforeEach" hook.

      2 |
      3 | test.describe('Dashboard Tests', () => {
    > 4 |   test.beforeEach(async ({ page }) => {
        |        ^
      5 |     // Login before each test
      6 |     await page.goto('/login');
      7 |     await page.fill('input[name="email"]', 'test@example.com');
        at /Users/asithalakmal/Documents/web/final project/WeddingLK-next copy/tests/03-dashboard.spec.ts:4:8

    Error: page.fill: Test timeout of 30000ms exceeded.
    Call log:
      - waiting for locator('input[name="email"]')


       5 |     // Login before each test
       6 |     await page.goto('/login');
    >  7 |     await page.fill('input[name="email"]', 'test@example.com');
         |                ^
       8 |     await page.fill('input[name="password"]', 'TestPassword123!');
       9 |     await page.click('button[type="submit"]');
      10 |     await expect(page).toHaveURL(/dashboard/);
        at /Users/asithalakmal/Documents/web/final project/WeddingLK-next copy/tests/03-dashboard.spec.ts:7:16

    attachment #1: screenshot (image/png) ──────────────────────────────────────────────────────────
    ../test-results/03-dashboard-Dashboard-Tes-c4e78-responsive-dashboard-layout-chromium/test-failed-1.png
    ────────────────────────────────────────────────────────────────────────────────────────────────

    attachment #2: video (video/webm) ──────────────────────────────────────────────────────────────
    ../test-results/03-dashboard-Dashboard-Tes-c4e78-responsive-dashboard-layout-chromium/video.webm
    ────────────────────────────────────────────────────────────────────────────────────────────────

    Error Context: ../test-results/03-dashboard-Dashboard-Tes-c4e78-responsive-dashboard-layout-chromium/error-context.md
]]>
</failure>
<system-out>
<![CDATA[
[[ATTACHMENT|test-results/03-dashboard-Dashboard-Tes-c4e78-responsive-dashboard-layout-chromium/test-failed-1.png]]

[[ATTACHMENT|test-results/03-dashboard-Dashboard-Tes-c4e78-responsive-dashboard-layout-chromium/video.webm]]

[[ATTACHMENT|test-results/03-dashboard-Dashboard-Tes-c4e78-responsive-dashboard-layout-chromium/error-context.md]]
]]>
</system-out>
</testcase>
</testsuite>
<testsuite name="04-venues.spec.ts" timestamp="2025-10-20T22:56:09.042Z" hostname="chromium" tests="10" failures="7" skipped="0" time="282.699" errors="0">
<testcase name="Venues CRUD Tests › should display venues list" classname="04-venues.spec.ts" time="12.228">
<failure message="04-venues.spec.ts:4:7 should display venues list" type="FAILURE">
<![CDATA[  [chromium] › 04-venues.spec.ts:4:7 › Venues CRUD Tests › should display venues list ──────────────

    Error: expect(page).toHaveTitle(expected) failed

    Expected pattern: /venues/i
    Received string:  "WeddingLK - Sri Lanka's Premier Wedding Planning Platform"
    Timeout: 5000ms

    Call log:
      - Expect "toHaveTitle" with timeout 5000ms
        8 × unexpected value "WeddingLK - Sri Lanka's Premier Wedding Planning Platform"


       6 |     
       7 |     // Check page loads
    >  8 |     await expect(page).toHaveTitle(/venues/i);
         |                        ^
       9 |     
      10 |     // Check for venue cards
      11 |     const venueCards = page.locator('[data-testid*="venue"], .venue-card, .card');
        at /Users/asithalakmal/Documents/web/final project/WeddingLK-next copy/tests/04-venues.spec.ts:8:24

    attachment #1: screenshot (image/png) ──────────────────────────────────────────────────────────
    ../test-results/04-venues-Venues-CRUD-Tests-should-display-venues-list-chromium/test-failed-1.png
    ────────────────────────────────────────────────────────────────────────────────────────────────

    attachment #2: video (video/webm) ──────────────────────────────────────────────────────────────
    ../test-results/04-venues-Venues-CRUD-Tests-should-display-venues-list-chromium/video.webm
    ────────────────────────────────────────────────────────────────────────────────────────────────

    Error Context: ../test-results/04-venues-Venues-CRUD-Tests-should-display-venues-list-chromium/error-context.md
]]>
</failure>
<system-out>
<![CDATA[
[[ATTACHMENT|test-results/04-venues-Venues-CRUD-Tests-should-display-venues-list-chromium/test-failed-1.png]]

[[ATTACHMENT|test-results/04-venues-Venues-CRUD-Tests-should-display-venues-list-chromium/video.webm]]

[[ATTACHMENT|test-results/04-venues-Venues-CRUD-Tests-should-display-venues-list-chromium/error-context.md]]
]]>
</system-out>
</testcase>
<testcase name="Venues CRUD Tests › should filter venues by location" classname="04-venues.spec.ts" time="13.959">
</testcase>
<testcase name="Venues CRUD Tests › should filter venues by capacity" classname="04-venues.spec.ts" time="16.578">
</testcase>
<testcase name="Venues CRUD Tests › should search venues" classname="04-venues.spec.ts" time="15.459">
</testcase>
<testcase name="Venues CRUD Tests › should view venue details" classname="04-venues.spec.ts" time="38.294">
<failure message="04-venues.spec.ts:67:7 should view venue details" type="FAILURE">
<![CDATA[  [chromium] › 04-venues.spec.ts:67:7 › Venues CRUD Tests › should view venue details ──────────────

    Test timeout of 30000ms exceeded.

    Error: locator.click: Test timeout of 30000ms exceeded.
    Call log:
      - waiting for locator('[data-testid*="venue"], .venue-card').first()


      70 |     // Click on first venue
      71 |     const firstVenue = page.locator('[data-testid*="venue"], .venue-card').first();
    > 72 |     await firstVenue.click();
         |                      ^
      73 |     
      74 |     // Should navigate to venue details
      75 |     await expect(page).toHaveURL(/venues\/[^/]+/);
        at /Users/asithalakmal/Documents/web/final project/WeddingLK-next copy/tests/04-venues.spec.ts:72:22

    attachment #1: screenshot (image/png) ──────────────────────────────────────────────────────────
    ../test-results/04-venues-Venues-CRUD-Tests-should-view-venue-details-chromium/test-failed-1.png
    ────────────────────────────────────────────────────────────────────────────────────────────────

    attachment #2: video (video/webm) ──────────────────────────────────────────────────────────────
    ../test-results/04-venues-Venues-CRUD-Tests-should-view-venue-details-chromium/video.webm
    ────────────────────────────────────────────────────────────────────────────────────────────────

    Error Context: ../test-results/04-venues-Venues-CRUD-Tests-should-view-venue-details-chromium/error-context.md
]]>
</failure>
<system-out>
<![CDATA[
[[ATTACHMENT|test-results/04-venues-Venues-CRUD-Tests-should-view-venue-details-chromium/test-failed-1.png]]

[[ATTACHMENT|test-results/04-venues-Venues-CRUD-Tests-should-view-venue-details-chromium/video.webm]]

[[ATTACHMENT|test-results/04-venues-Venues-CRUD-Tests-should-view-venue-details-chromium/error-context.md]]
]]>
</system-out>
</testcase>
<testcase name="Venues CRUD Tests › should book venue" classname="04-venues.spec.ts" time="43.976">
<failure message="04-venues.spec.ts:98:7 should book venue" type="FAILURE">
<![CDATA[  [chromium] › 04-venues.spec.ts:98:7 › Venues CRUD Tests › should book venue ──────────────────────

    Test timeout of 30000ms exceeded.

    Error: page.fill: Test timeout of 30000ms exceeded.
    Call log:
      - waiting for locator('input[name="email"]')


       99 |     // Login first
      100 |     await page.goto('/login');
    > 101 |     await page.fill('input[name="email"]', 'test@example.com');
          |                ^
      102 |     await page.fill('input[name="password"]', 'TestPassword123!');
      103 |     await page.click('button[type="submit"]');
      104 |     
        at /Users/asithalakmal/Documents/web/final project/WeddingLK-next copy/tests/04-venues.spec.ts:101:16

    attachment #1: screenshot (image/png) ──────────────────────────────────────────────────────────
    ../test-results/04-venues-Venues-CRUD-Tests-should-book-venue-chromium/test-failed-1.png
    ────────────────────────────────────────────────────────────────────────────────────────────────

    attachment #2: video (video/webm) ──────────────────────────────────────────────────────────────
    ../test-results/04-venues-Venues-CRUD-Tests-should-book-venue-chromium/video.webm
    ────────────────────────────────────────────────────────────────────────────────────────────────

    Error Context: ../test-results/04-venues-Venues-CRUD-Tests-should-book-venue-chromium/error-context.md
]]>
</failure>
<system-out>
<![CDATA[
[[ATTACHMENT|test-results/04-venues-Venues-CRUD-Tests-should-book-venue-chromium/test-failed-1.png]]

[[ATTACHMENT|test-results/04-venues-Venues-CRUD-Tests-should-book-venue-chromium/video.webm]]

[[ATTACHMENT|test-results/04-venues-Venues-CRUD-Tests-should-book-venue-chromium/error-context.md]]
]]>
</system-out>
</testcase>
<testcase name="Venues CRUD Tests › should add venue to favorites" classname="04-venues.spec.ts" time="32.069">
<failure message="04-venues.spec.ts:133:7 should add venue to favorites" type="FAILURE">
<![CDATA[  [chromium] › 04-venues.spec.ts:133:7 › Venues CRUD Tests › should add venue to favorites ─────────

    Test timeout of 30000ms exceeded.

    Error: page.fill: Test timeout of 30000ms exceeded.
    Call log:
      - waiting for locator('input[name="email"]')


      134 |     // Login first
      135 |     await page.goto('/login');
    > 136 |     await page.fill('input[name="email"]', 'test@example.com');
          |                ^
      137 |     await page.fill('input[name="password"]', 'TestPassword123!');
      138 |     await page.click('button[type="submit"]');
      139 |     
        at /Users/asithalakmal/Documents/web/final project/WeddingLK-next copy/tests/04-venues.spec.ts:136:16

    attachment #1: screenshot (image/png) ──────────────────────────────────────────────────────────
    ../test-results/04-venues-Venues-CRUD-Tests-should-add-venue-to-favorites-chromium/test-failed-1.png
    ────────────────────────────────────────────────────────────────────────────────────────────────

    attachment #2: video (video/webm) ──────────────────────────────────────────────────────────────
    ../test-results/04-venues-Venues-CRUD-Tests-should-add-venue-to-favorites-chromium/video.webm
    ────────────────────────────────────────────────────────────────────────────────────────────────

    Error Context: ../test-results/04-venues-Venues-CRUD-Tests-should-add-venue-to-favorites-chromium/error-context.md
]]>
</failure>
<system-out>
<![CDATA[
[[ATTACHMENT|test-results/04-venues-Venues-CRUD-Tests-should-add-venue-to-favorites-chromium/test-failed-1.png]]

[[ATTACHMENT|test-results/04-venues-Venues-CRUD-Tests-should-add-venue-to-favorites-chromium/video.webm]]

[[ATTACHMENT|test-results/04-venues-Venues-CRUD-Tests-should-add-venue-to-favorites-chromium/error-context.md]]
]]>
</system-out>
</testcase>
<testcase name="Venues CRUD Tests › should create new venue (vendor)" classname="04-venues.spec.ts" time="34.898">
<failure message="04-venues.spec.ts:157:7 should create new venue (vendor)" type="FAILURE">
<![CDATA[  [chromium] › 04-venues.spec.ts:157:7 › Venues CRUD Tests › should create new venue (vendor) ──────

    Test timeout of 30000ms exceeded.

    Error: page.fill: Test timeout of 30000ms exceeded.
    Call log:
      - waiting for locator('input[name="email"]')


      158 |     // Login as vendor
      159 |     await page.goto('/login');
    > 160 |     await page.fill('input[name="email"]', 'vendor@example.com');
          |                ^
      161 |     await page.fill('input[name="password"]', 'TestPassword123!');
      162 |     await page.click('button[type="submit"]');
      163 |     
        at /Users/asithalakmal/Documents/web/final project/WeddingLK-next copy/tests/04-venues.spec.ts:160:16

    attachment #1: screenshot (image/png) ──────────────────────────────────────────────────────────
    ../test-results/04-venues-Venues-CRUD-Tests-should-create-new-venue-vendor--chromium/test-failed-1.png
    ────────────────────────────────────────────────────────────────────────────────────────────────

    attachment #2: video (video/webm) ──────────────────────────────────────────────────────────────
    ../test-results/04-venues-Venues-CRUD-Tests-should-create-new-venue-vendor--chromium/video.webm
    ────────────────────────────────────────────────────────────────────────────────────────────────

    Error Context: ../test-results/04-venues-Venues-CRUD-Tests-should-create-new-venue-vendor--chromium/error-context.md
]]>
</failure>
<system-out>
<![CDATA[
[[ATTACHMENT|test-results/04-venues-Venues-CRUD-Tests-should-create-new-venue-vendor--chromium/test-failed-1.png]]

[[ATTACHMENT|test-results/04-venues-Venues-CRUD-Tests-should-create-new-venue-vendor--chromium/video.webm]]

[[ATTACHMENT|test-results/04-venues-Venues-CRUD-Tests-should-create-new-venue-vendor--chromium/error-context.md]]
]]>
</system-out>
</testcase>
<testcase name="Venues CRUD Tests › should edit venue (vendor)" classname="04-venues.spec.ts" time="35.479">
<failure message="04-venues.spec.ts:181:7 should edit venue (vendor)" type="FAILURE">
<![CDATA[  [chromium] › 04-venues.spec.ts:181:7 › Venues CRUD Tests › should edit venue (vendor) ────────────

    Test timeout of 30000ms exceeded.

    Error: page.fill: Test timeout of 30000ms exceeded.
    Call log:
      - waiting for locator('input[name="email"]')


      182 |     // Login as vendor
      183 |     await page.goto('/login');
    > 184 |     await page.fill('input[name="email"]', 'vendor@example.com');
          |                ^
      185 |     await page.fill('input[name="password"]', 'TestPassword123!');
      186 |     await page.click('button[type="submit"]');
      187 |     
        at /Users/asithalakmal/Documents/web/final project/WeddingLK-next copy/tests/04-venues.spec.ts:184:16

    attachment #1: screenshot (image/png) ──────────────────────────────────────────────────────────
    ../test-results/04-venues-Venues-CRUD-Tests-should-edit-venue-vendor--chromium/test-failed-1.png
    ────────────────────────────────────────────────────────────────────────────────────────────────

    attachment #2: video (video/webm) ──────────────────────────────────────────────────────────────
    ../test-results/04-venues-Venues-CRUD-Tests-should-edit-venue-vendor--chromium/video.webm
    ────────────────────────────────────────────────────────────────────────────────────────────────

    Error Context: ../test-results/04-venues-Venues-CRUD-Tests-should-edit-venue-vendor--chromium/error-context.md
]]>
</failure>
<system-out>
<![CDATA[
[[ATTACHMENT|test-results/04-venues-Venues-CRUD-Tests-should-edit-venue-vendor--chromium/test-failed-1.png]]

[[ATTACHMENT|test-results/04-venues-Venues-CRUD-Tests-should-edit-venue-vendor--chromium/video.webm]]

[[ATTACHMENT|test-results/04-venues-Venues-CRUD-Tests-should-edit-venue-vendor--chromium/error-context.md]]
]]>
</system-out>
</testcase>
<testcase name="Venues CRUD Tests › should delete venue (vendor)" classname="04-venues.spec.ts" time="39.759">
<failure message="04-venues.spec.ts:210:7 should delete venue (vendor)" type="FAILURE">
<![CDATA[  [chromium] › 04-venues.spec.ts:210:7 › Venues CRUD Tests › should delete venue (vendor) ──────────

    Test timeout of 30000ms exceeded.

    Error: page.fill: Test timeout of 30000ms exceeded.
    Call log:
      - waiting for locator('input[name="email"]')


      211 |     // Login as vendor
      212 |     await page.goto('/login');
    > 213 |     await page.fill('input[name="email"]', 'vendor@example.com');
          |                ^
      214 |     await page.fill('input[name="password"]', 'TestPassword123!');
      215 |     await page.click('button[type="submit"]');
      216 |     
        at /Users/asithalakmal/Documents/web/final project/WeddingLK-next copy/tests/04-venues.spec.ts:213:16

    attachment #1: screenshot (image/png) ──────────────────────────────────────────────────────────
    ../test-results/04-venues-Venues-CRUD-Tests-should-delete-venue-vendor--chromium/test-failed-1.png
    ────────────────────────────────────────────────────────────────────────────────────────────────

    attachment #2: video (video/webm) ──────────────────────────────────────────────────────────────
    ../test-results/04-venues-Venues-CRUD-Tests-should-delete-venue-vendor--chromium/video.webm
    ────────────────────────────────────────────────────────────────────────────────────────────────

    Error Context: ../test-results/04-venues-Venues-CRUD-Tests-should-delete-venue-vendor--chromium/error-context.md
]]>
</failure>
<system-out>
<![CDATA[
[[ATTACHMENT|test-results/04-venues-Venues-CRUD-Tests-should-delete-venue-vendor--chromium/test-failed-1.png]]

[[ATTACHMENT|test-results/04-venues-Venues-CRUD-Tests-should-delete-venue-vendor--chromium/video.webm]]

[[ATTACHMENT|test-results/04-venues-Venues-CRUD-Tests-should-delete-venue-vendor--chromium/error-context.md]]
]]>
</system-out>
</testcase>
</testsuite>
<testsuite name="05-vendors.spec.ts" timestamp="2025-10-20T22:56:09.042Z" hostname="chromium" tests="13" failures="10" skipped="0" time="382.777" errors="0">
<testcase name="Vendors CRUD Tests › should display vendors list" classname="05-vendors.spec.ts" time="12.19">
<failure message="05-vendors.spec.ts:4:7 should display vendors list" type="FAILURE">
<![CDATA[  [chromium] › 05-vendors.spec.ts:4:7 › Vendors CRUD Tests › should display vendors list ───────────

    Error: expect(page).toHaveTitle(expected) failed

    Expected pattern: /vendors/i
    Received string:  "WeddingLK - Sri Lanka's Premier Wedding Planning Platform"
    Timeout: 5000ms

    Call log:
      - Expect "toHaveTitle" with timeout 5000ms
        8 × unexpected value "WeddingLK - Sri Lanka's Premier Wedding Planning Platform"


       6 |     
       7 |     // Check page loads
    >  8 |     await expect(page).toHaveTitle(/vendors/i);
         |                        ^
       9 |     
      10 |     // Check for vendor cards
      11 |     const vendorCards = page.locator('[data-testid*="vendor"], .vendor-card, .card');
        at /Users/asithalakmal/Documents/web/final project/WeddingLK-next copy/tests/05-vendors.spec.ts:8:24

    attachment #1: screenshot (image/png) ──────────────────────────────────────────────────────────
    ../test-results/05-vendors-Vendors-CRUD-Tests-should-display-vendors-list-chromium/test-failed-1.png
    ────────────────────────────────────────────────────────────────────────────────────────────────

    attachment #2: video (video/webm) ──────────────────────────────────────────────────────────────
    ../test-results/05-vendors-Vendors-CRUD-Tests-should-display-vendors-list-chromium/video.webm
    ────────────────────────────────────────────────────────────────────────────────────────────────

    Error Context: ../test-results/05-vendors-Vendors-CRUD-Tests-should-display-vendors-list-chromium/error-context.md
]]>
</failure>
<system-out>
<![CDATA[
[[ATTACHMENT|test-results/05-vendors-Vendors-CRUD-Tests-should-display-vendors-list-chromium/test-failed-1.png]]

[[ATTACHMENT|test-results/05-vendors-Vendors-CRUD-Tests-should-display-vendors-list-chromium/video.webm]]

[[ATTACHMENT|test-results/05-vendors-Vendors-CRUD-Tests-should-display-vendors-list-chromium/error-context.md]]
]]>
</system-out>
</testcase>
<testcase name="Vendors CRUD Tests › should filter vendors by category" classname="05-vendors.spec.ts" time="12.872">
</testcase>
<testcase name="Vendors CRUD Tests › should filter vendors by location" classname="05-vendors.spec.ts" time="16.079">
</testcase>
<testcase name="Vendors CRUD Tests › should search vendors" classname="05-vendors.spec.ts" time="6.37">
</testcase>
<testcase name="Vendors CRUD Tests › should view vendor profile" classname="05-vendors.spec.ts" time="39.476">
<failure message="05-vendors.spec.ts:67:7 should view vendor profile" type="FAILURE">
<![CDATA[  [chromium] › 05-vendors.spec.ts:67:7 › Vendors CRUD Tests › should view vendor profile ───────────

    Test timeout of 30000ms exceeded.

    Error: locator.click: Test timeout of 30000ms exceeded.
    Call log:
      - waiting for locator('[data-testid*="vendor"], .vendor-card').first()


      70 |     // Click on first vendor
      71 |     const firstVendor = page.locator('[data-testid*="vendor"], .vendor-card').first();
    > 72 |     await firstVendor.click();
         |                       ^
      73 |     
      74 |     // Should navigate to vendor profile
      75 |     await expect(page).toHaveURL(/vendors\/[^/]+/);
        at /Users/asithalakmal/Documents/web/final project/WeddingLK-next copy/tests/05-vendors.spec.ts:72:23

    attachment #1: screenshot (image/png) ──────────────────────────────────────────────────────────
    ../test-results/05-vendors-Vendors-CRUD-Tests-should-view-vendor-profile-chromium/test-failed-1.png
    ────────────────────────────────────────────────────────────────────────────────────────────────

    attachment #2: video (video/webm) ──────────────────────────────────────────────────────────────
    ../test-results/05-vendors-Vendors-CRUD-Tests-should-view-vendor-profile-chromium/video.webm
    ────────────────────────────────────────────────────────────────────────────────────────────────

    Error Context: ../test-results/05-vendors-Vendors-CRUD-Tests-should-view-vendor-profile-chromium/error-context.md
]]>
</failure>
<system-out>
<![CDATA[
[[ATTACHMENT|test-results/05-vendors-Vendors-CRUD-Tests-should-view-vendor-profile-chromium/test-failed-1.png]]

[[ATTACHMENT|test-results/05-vendors-Vendors-CRUD-Tests-should-view-vendor-profile-chromium/video.webm]]

[[ATTACHMENT|test-results/05-vendors-Vendors-CRUD-Tests-should-view-vendor-profile-chromium/error-context.md]]
]]>
</system-out>
</testcase>
<testcase name="Vendors CRUD Tests › should book vendor service" classname="05-vendors.spec.ts" time="37.851">
<failure message="05-vendors.spec.ts:98:7 should book vendor service" type="FAILURE">
<![CDATA[  [chromium] › 05-vendors.spec.ts:98:7 › Vendors CRUD Tests › should book vendor service ───────────

    Test timeout of 30000ms exceeded.

    Error: page.fill: Test timeout of 30000ms exceeded.
    Call log:
      - waiting for locator('input[name="email"]')


       99 |     // Login first
      100 |     await page.goto('/login');
    > 101 |     await page.fill('input[name="email"]', 'test@example.com');
          |                ^
      102 |     await page.fill('input[name="password"]', 'TestPassword123!');
      103 |     await page.click('button[type="submit"]');
      104 |     
        at /Users/asithalakmal/Documents/web/final project/WeddingLK-next copy/tests/05-vendors.spec.ts:101:16

    attachment #1: screenshot (image/png) ──────────────────────────────────────────────────────────
    ../test-results/05-vendors-Vendors-CRUD-Tests-should-book-vendor-service-chromium/test-failed-1.png
    ────────────────────────────────────────────────────────────────────────────────────────────────

    attachment #2: video (video/webm) ──────────────────────────────────────────────────────────────
    ../test-results/05-vendors-Vendors-CRUD-Tests-should-book-vendor-service-chromium/video.webm
    ────────────────────────────────────────────────────────────────────────────────────────────────

    Error Context: ../test-results/05-vendors-Vendors-CRUD-Tests-should-book-vendor-service-chromium/error-context.md
]]>
</failure>
<system-out>
<![CDATA[
[[ATTACHMENT|test-results/05-vendors-Vendors-CRUD-Tests-should-book-vendor-service-chromium/test-failed-1.png]]

[[ATTACHMENT|test-results/05-vendors-Vendors-CRUD-Tests-should-book-vendor-service-chromium/video.webm]]

[[ATTACHMENT|test-results/05-vendors-Vendors-CRUD-Tests-should-book-vendor-service-chromium/error-context.md]]
]]>
</system-out>
</testcase>
<testcase name="Vendors CRUD Tests › should add vendor to favorites" classname="05-vendors.spec.ts" time="36.83">
<failure message="05-vendors.spec.ts:132:7 should add vendor to favorites" type="FAILURE">
<![CDATA[  [chromium] › 05-vendors.spec.ts:132:7 › Vendors CRUD Tests › should add vendor to favorites ──────

    Test timeout of 30000ms exceeded.

    Error: page.fill: Test timeout of 30000ms exceeded.
    Call log:
      - waiting for locator('input[name="email"]')


      133 |     // Login first
      134 |     await page.goto('/login');
    > 135 |     await page.fill('input[name="email"]', 'test@example.com');
          |                ^
      136 |     await page.fill('input[name="password"]', 'TestPassword123!');
      137 |     await page.click('button[type="submit"]');
      138 |     
        at /Users/asithalakmal/Documents/web/final project/WeddingLK-next copy/tests/05-vendors.spec.ts:135:16

    attachment #1: screenshot (image/png) ──────────────────────────────────────────────────────────
    ../test-results/05-vendors-Vendors-CRUD-Tests-should-add-vendor-to-favorites-chromium/test-failed-1.png
    ────────────────────────────────────────────────────────────────────────────────────────────────

    attachment #2: video (video/webm) ──────────────────────────────────────────────────────────────
    ../test-results/05-vendors-Vendors-CRUD-Tests-should-add-vendor-to-favorites-chromium/video.webm
    ────────────────────────────────────────────────────────────────────────────────────────────────

    Error Context: ../test-results/05-vendors-Vendors-CRUD-Tests-should-add-vendor-to-favorites-chromium/error-context.md
]]>
</failure>
<system-out>
<![CDATA[
[[ATTACHMENT|test-results/05-vendors-Vendors-CRUD-Tests-should-add-vendor-to-favorites-chromium/test-failed-1.png]]

[[ATTACHMENT|test-results/05-vendors-Vendors-CRUD-Tests-should-add-vendor-to-favorites-chromium/video.webm]]

[[ATTACHMENT|test-results/05-vendors-Vendors-CRUD-Tests-should-add-vendor-to-favorites-chromium/error-context.md]]
]]>
</system-out>
</testcase>
<testcase name="Vendors CRUD Tests › should create vendor profile" classname="05-vendors.spec.ts" time="36.499">
<failure message="05-vendors.spec.ts:156:7 should create vendor profile" type="FAILURE">
<![CDATA[  [chromium] › 05-vendors.spec.ts:156:7 › Vendors CRUD Tests › should create vendor profile ────────

    Test timeout of 30000ms exceeded.

    Error: page.fill: Test timeout of 30000ms exceeded.
    Call log:
      - waiting for locator('input[name="email"]')


      157 |     // Login as vendor
      158 |     await page.goto('/login');
    > 159 |     await page.fill('input[name="email"]', 'vendor@example.com');
          |                ^
      160 |     await page.fill('input[name="password"]', 'TestPassword123!');
      161 |     await page.click('button[type="submit"]');
      162 |     
        at /Users/asithalakmal/Documents/web/final project/WeddingLK-next copy/tests/05-vendors.spec.ts:159:16

    attachment #1: screenshot (image/png) ──────────────────────────────────────────────────────────
    ../test-results/05-vendors-Vendors-CRUD-Tests-should-create-vendor-profile-chromium/test-failed-1.png
    ────────────────────────────────────────────────────────────────────────────────────────────────

    attachment #2: video (video/webm) ──────────────────────────────────────────────────────────────
    ../test-results/05-vendors-Vendors-CRUD-Tests-should-create-vendor-profile-chromium/video.webm
    ────────────────────────────────────────────────────────────────────────────────────────────────

    Error Context: ../test-results/05-vendors-Vendors-CRUD-Tests-should-create-vendor-profile-chromium/error-context.md
]]>
</failure>
<system-out>
<![CDATA[
[[ATTACHMENT|test-results/05-vendors-Vendors-CRUD-Tests-should-create-vendor-profile-chromium/test-failed-1.png]]

[[ATTACHMENT|test-results/05-vendors-Vendors-CRUD-Tests-should-create-vendor-profile-chromium/video.webm]]

[[ATTACHMENT|test-results/05-vendors-Vendors-CRUD-Tests-should-create-vendor-profile-chromium/error-context.md]]
]]>
</system-out>
</testcase>
<testcase name="Vendors CRUD Tests › should edit vendor profile" classname="05-vendors.spec.ts" time="35.666">
<failure message="05-vendors.spec.ts:183:7 should edit vendor profile" type="FAILURE">
<![CDATA[  [chromium] › 05-vendors.spec.ts:183:7 › Vendors CRUD Tests › should edit vendor profile ──────────

    Test timeout of 30000ms exceeded.

    Error: page.fill: Test timeout of 30000ms exceeded.
    Call log:
      - waiting for locator('input[name="email"]')


      184 |     // Login as vendor
      185 |     await page.goto('/login');
    > 186 |     await page.fill('input[name="email"]', 'vendor@example.com');
          |                ^
      187 |     await page.fill('input[name="password"]', 'TestPassword123!');
      188 |     await page.click('button[type="submit"]');
      189 |     
        at /Users/asithalakmal/Documents/web/final project/WeddingLK-next copy/tests/05-vendors.spec.ts:186:16

    attachment #1: screenshot (image/png) ──────────────────────────────────────────────────────────
    ../test-results/05-vendors-Vendors-CRUD-Tests-should-edit-vendor-profile-chromium/test-failed-1.png
    ────────────────────────────────────────────────────────────────────────────────────────────────

    attachment #2: video (video/webm) ──────────────────────────────────────────────────────────────
    ../test-results/05-vendors-Vendors-CRUD-Tests-should-edit-vendor-profile-chromium/video.webm
    ────────────────────────────────────────────────────────────────────────────────────────────────

    Error Context: ../test-results/05-vendors-Vendors-CRUD-Tests-should-edit-vendor-profile-chromium/error-context.md
]]>
</failure>
<system-out>
<![CDATA[
[[ATTACHMENT|test-results/05-vendors-Vendors-CRUD-Tests-should-edit-vendor-profile-chromium/test-failed-1.png]]

[[ATTACHMENT|test-results/05-vendors-Vendors-CRUD-Tests-should-edit-vendor-profile-chromium/video.webm]]

[[ATTACHMENT|test-results/05-vendors-Vendors-CRUD-Tests-should-edit-vendor-profile-chromium/error-context.md]]
]]>
</system-out>
</testcase>
<testcase name="Vendors CRUD Tests › should manage vendor services" classname="05-vendors.spec.ts" time="37.732">
<failure message="05-vendors.spec.ts:204:7 should manage vendor services" type="FAILURE">
<![CDATA[  [chromium] › 05-vendors.spec.ts:204:7 › Vendors CRUD Tests › should manage vendor services ───────

    Test timeout of 30000ms exceeded.

    Error: page.fill: Test timeout of 30000ms exceeded.
    Call log:
      - waiting for locator('input[name="email"]')


      205 |     // Login as vendor
      206 |     await page.goto('/login');
    > 207 |     await page.fill('input[name="email"]', 'vendor@example.com');
          |                ^
      208 |     await page.fill('input[name="password"]', 'TestPassword123!');
      209 |     await page.click('button[type="submit"]');
      210 |     
        at /Users/asithalakmal/Documents/web/final project/WeddingLK-next copy/tests/05-vendors.spec.ts:207:16

    attachment #1: screenshot (image/png) ──────────────────────────────────────────────────────────
    ../test-results/05-vendors-Vendors-CRUD-Tests-should-manage-vendor-services-chromium/test-failed-1.png
    ────────────────────────────────────────────────────────────────────────────────────────────────

    attachment #2: video (video/webm) ──────────────────────────────────────────────────────────────
    ../test-results/05-vendors-Vendors-CRUD-Tests-should-manage-vendor-services-chromium/video.webm
    ────────────────────────────────────────────────────────────────────────────────────────────────

    Error Context: ../test-results/05-vendors-Vendors-CRUD-Tests-should-manage-vendor-services-chromium/error-context.md
]]>
</failure>
<system-out>
<![CDATA[
[[ATTACHMENT|test-results/05-vendors-Vendors-CRUD-Tests-should-manage-vendor-services-chromium/test-failed-1.png]]

[[ATTACHMENT|test-results/05-vendors-Vendors-CRUD-Tests-should-manage-vendor-services-chromium/video.webm]]

[[ATTACHMENT|test-results/05-vendors-Vendors-CRUD-Tests-should-manage-vendor-services-chromium/error-context.md]]
]]>
</system-out>
</testcase>
<testcase name="Vendors CRUD Tests › should manage vendor portfolio" classname="05-vendors.spec.ts" time="33.611">
<failure message="05-vendors.spec.ts:232:7 should manage vendor portfolio" type="FAILURE">
<![CDATA[  [chromium] › 05-vendors.spec.ts:232:7 › Vendors CRUD Tests › should manage vendor portfolio ──────

    Test timeout of 30000ms exceeded.

    Error: page.fill: Test timeout of 30000ms exceeded.
    Call log:
      - waiting for locator('input[name="email"]')


      233 |     // Login as vendor
      234 |     await page.goto('/login');
    > 235 |     await page.fill('input[name="email"]', 'vendor@example.com');
          |                ^
      236 |     await page.fill('input[name="password"]', 'TestPassword123!');
      237 |     await page.click('button[type="submit"]');
      238 |     
        at /Users/asithalakmal/Documents/web/final project/WeddingLK-next copy/tests/05-vendors.spec.ts:235:16

    attachment #1: screenshot (image/png) ──────────────────────────────────────────────────────────
    ../test-results/05-vendors-Vendors-CRUD-Tests-should-manage-vendor-portfolio-chromium/test-failed-1.png
    ────────────────────────────────────────────────────────────────────────────────────────────────

    attachment #2: video (video/webm) ──────────────────────────────────────────────────────────────
    ../test-results/05-vendors-Vendors-CRUD-Tests-should-manage-vendor-portfolio-chromium/video.webm
    ────────────────────────────────────────────────────────────────────────────────────────────────

    Error Context: ../test-results/05-vendors-Vendors-CRUD-Tests-should-manage-vendor-portfolio-chromium/error-context.md
]]>
</failure>
<system-out>
<![CDATA[
[[ATTACHMENT|test-results/05-vendors-Vendors-CRUD-Tests-should-manage-vendor-portfolio-chromium/test-failed-1.png]]

[[ATTACHMENT|test-results/05-vendors-Vendors-CRUD-Tests-should-manage-vendor-portfolio-chromium/video.webm]]

[[ATTACHMENT|test-results/05-vendors-Vendors-CRUD-Tests-should-manage-vendor-portfolio-chromium/error-context.md]]
]]>
</system-out>
</testcase>
<testcase name="Vendors CRUD Tests › should view vendor reviews" classname="05-vendors.spec.ts" time="43.682">
<failure message="05-vendors.spec.ts:253:7 should view vendor reviews" type="FAILURE">
<![CDATA[  [chromium] › 05-vendors.spec.ts:253:7 › Vendors CRUD Tests › should view vendor reviews ──────────

    Test timeout of 30000ms exceeded.

    Error: locator.click: Test timeout of 30000ms exceeded.
    Call log:
      - waiting for locator('[data-testid*="vendor"], .vendor-card').first()


      256 |     // Click on first vendor
      257 |     const firstVendor = page.locator('[data-testid*="vendor"], .vendor-card').first();
    > 258 |     await firstVendor.click();
          |                       ^
      259 |     
      260 |     // Look for reviews section
      261 |     const reviewsSection = page.locator('[data-testid*="reviews"], :has-text("reviews")');
        at /Users/asithalakmal/Documents/web/final project/WeddingLK-next copy/tests/05-vendors.spec.ts:258:23

    attachment #1: screenshot (image/png) ──────────────────────────────────────────────────────────
    ../test-results/05-vendors-Vendors-CRUD-Tests-should-view-vendor-reviews-chromium/test-failed-1.png
    ────────────────────────────────────────────────────────────────────────────────────────────────

    attachment #2: video (video/webm) ──────────────────────────────────────────────────────────────
    ../test-results/05-vendors-Vendors-CRUD-Tests-should-view-vendor-reviews-chromium/video.webm
    ────────────────────────────────────────────────────────────────────────────────────────────────

    Error Context: ../test-results/05-vendors-Vendors-CRUD-Tests-should-view-vendor-reviews-chromium/error-context.md
]]>
</failure>
<system-out>
<![CDATA[
[[ATTACHMENT|test-results/05-vendors-Vendors-CRUD-Tests-should-view-vendor-reviews-chromium/test-failed-1.png]]

[[ATTACHMENT|test-results/05-vendors-Vendors-CRUD-Tests-should-view-vendor-reviews-chromium/video.webm]]

[[ATTACHMENT|test-results/05-vendors-Vendors-CRUD-Tests-should-view-vendor-reviews-chromium/error-context.md]]
]]>
</system-out>
</testcase>
<testcase name="Vendors CRUD Tests › should write vendor review" classname="05-vendors.spec.ts" time="33.919">
<failure message="05-vendors.spec.ts:273:7 should write vendor review" type="FAILURE">
<![CDATA[  [chromium] › 05-vendors.spec.ts:273:7 › Vendors CRUD Tests › should write vendor review ──────────

    Test timeout of 30000ms exceeded.

    Error: page.fill: Test timeout of 30000ms exceeded.
    Call log:
      - waiting for locator('input[name="email"]')


      274 |     // Login first
      275 |     await page.goto('/login');
    > 276 |     await page.fill('input[name="email"]', 'test@example.com');
          |                ^
      277 |     await page.fill('input[name="password"]', 'TestPassword123!');
      278 |     await page.click('button[type="submit"]');
      279 |     
        at /Users/asithalakmal/Documents/web/final project/WeddingLK-next copy/tests/05-vendors.spec.ts:276:16

    attachment #1: screenshot (image/png) ──────────────────────────────────────────────────────────
    ../test-results/05-vendors-Vendors-CRUD-Tests-should-write-vendor-review-chromium/test-failed-1.png
    ────────────────────────────────────────────────────────────────────────────────────────────────

    attachment #2: video (video/webm) ──────────────────────────────────────────────────────────────
    ../test-results/05-vendors-Vendors-CRUD-Tests-should-write-vendor-review-chromium/video.webm
    ────────────────────────────────────────────────────────────────────────────────────────────────

    Error Context: ../test-results/05-vendors-Vendors-CRUD-Tests-should-write-vendor-review-chromium/error-context.md
]]>
</failure>
<system-out>
<![CDATA[
[[ATTACHMENT|test-results/05-vendors-Vendors-CRUD-Tests-should-write-vendor-review-chromium/test-failed-1.png]]

[[ATTACHMENT|test-results/05-vendors-Vendors-CRUD-Tests-should-write-vendor-review-chromium/video.webm]]

[[ATTACHMENT|test-results/05-vendors-Vendors-CRUD-Tests-should-write-vendor-review-chromium/error-context.md]]
]]>
</system-out>
</testcase>
</testsuite>
<testsuite name="06-booking.spec.ts" timestamp="2025-10-20T22:56:09.042Z" hostname="chromium" tests="12" failures="12" skipped="0" time="411.553" errors="0">
<testcase name="Booking System Tests › should create venue booking" classname="06-booking.spec.ts" time="33.451">
<failure message="06-booking.spec.ts:13:7 should create venue booking" type="FAILURE">
<![CDATA[  [chromium] › 06-booking.spec.ts:13:7 › Booking System Tests › should create venue booking ────────

    Test timeout of 30000ms exceeded while running "beforeEach" hook.

      2 |
      3 | test.describe('Booking System Tests', () => {
    > 4 |   test.beforeEach(async ({ page }) => {
        |        ^
      5 |     // Login before each test
      6 |     await page.goto('/login');
      7 |     await page.fill('input[name="email"]', 'test@example.com');
        at /Users/asithalakmal/Documents/web/final project/WeddingLK-next copy/tests/06-booking.spec.ts:4:8

    Error: page.fill: Test timeout of 30000ms exceeded.
    Call log:
      - waiting for locator('input[name="email"]')


       5 |     // Login before each test
       6 |     await page.goto('/login');
    >  7 |     await page.fill('input[name="email"]', 'test@example.com');
         |                ^
       8 |     await page.fill('input[name="password"]', 'TestPassword123!');
       9 |     await page.click('button[type="submit"]');
      10 |     await expect(page).toHaveURL(/dashboard/);
        at /Users/asithalakmal/Documents/web/final project/WeddingLK-next copy/tests/06-booking.spec.ts:7:16

    attachment #1: screenshot (image/png) ──────────────────────────────────────────────────────────
    ../test-results/06-booking-Booking-System-Tests-should-create-venue-booking-chromium/test-failed-1.png
    ────────────────────────────────────────────────────────────────────────────────────────────────

    attachment #2: video (video/webm) ──────────────────────────────────────────────────────────────
    ../test-results/06-booking-Booking-System-Tests-should-create-venue-booking-chromium/video.webm
    ────────────────────────────────────────────────────────────────────────────────────────────────

    Error Context: ../test-results/06-booking-Booking-System-Tests-should-create-venue-booking-chromium/error-context.md
]]>
</failure>
<system-out>
<![CDATA[
[[ATTACHMENT|test-results/06-booking-Booking-System-Tests-should-create-venue-booking-chromium/test-failed-1.png]]

[[ATTACHMENT|test-results/06-booking-Booking-System-Tests-should-create-venue-booking-chromium/video.webm]]

[[ATTACHMENT|test-results/06-booking-Booking-System-Tests-should-create-venue-booking-chromium/error-context.md]]
]]>
</system-out>
</testcase>
<testcase name="Booking System Tests › should create vendor booking" classname="06-booking.spec.ts" time="32.886">
<failure message="06-booking.spec.ts:40:7 should create vendor booking" type="FAILURE">
<![CDATA[  [chromium] › 06-booking.spec.ts:40:7 › Booking System Tests › should create vendor booking ───────

    Test timeout of 30000ms exceeded while running "beforeEach" hook.

      2 |
      3 | test.describe('Booking System Tests', () => {
    > 4 |   test.beforeEach(async ({ page }) => {
        |        ^
      5 |     // Login before each test
      6 |     await page.goto('/login');
      7 |     await page.fill('input[name="email"]', 'test@example.com');
        at /Users/asithalakmal/Documents/web/final project/WeddingLK-next copy/tests/06-booking.spec.ts:4:8

    Error: page.fill: Test timeout of 30000ms exceeded.
    Call log:
      - waiting for locator('input[name="email"]')


       5 |     // Login before each test
       6 |     await page.goto('/login');
    >  7 |     await page.fill('input[name="email"]', 'test@example.com');
         |                ^
       8 |     await page.fill('input[name="password"]', 'TestPassword123!');
       9 |     await page.click('button[type="submit"]');
      10 |     await expect(page).toHaveURL(/dashboard/);
        at /Users/asithalakmal/Documents/web/final project/WeddingLK-next copy/tests/06-booking.spec.ts:7:16

    attachment #1: screenshot (image/png) ──────────────────────────────────────────────────────────
    ../test-results/06-booking-Booking-System-Tests-should-create-vendor-booking-chromium/test-failed-1.png
    ────────────────────────────────────────────────────────────────────────────────────────────────

    attachment #2: video (video/webm) ──────────────────────────────────────────────────────────────
    ../test-results/06-booking-Booking-System-Tests-should-create-vendor-booking-chromium/video.webm
    ────────────────────────────────────────────────────────────────────────────────────────────────

    Error Context: ../test-results/06-booking-Booking-System-Tests-should-create-vendor-booking-chromium/error-context.md
]]>
</failure>
<system-out>
<![CDATA[
[[ATTACHMENT|test-results/06-booking-Booking-System-Tests-should-create-vendor-booking-chromium/test-failed-1.png]]

[[ATTACHMENT|test-results/06-booking-Booking-System-Tests-should-create-vendor-booking-chromium/video.webm]]

[[ATTACHMENT|test-results/06-booking-Booking-System-Tests-should-create-vendor-booking-chromium/error-context.md]]
]]>
</system-out>
</testcase>
<testcase name="Booking System Tests › should view booking details" classname="06-booking.spec.ts" time="34.037">
<failure message="06-booking.spec.ts:65:7 should view booking details" type="FAILURE">
<![CDATA[  [chromium] › 06-booking.spec.ts:65:7 › Booking System Tests › should view booking details ────────

    Test timeout of 30000ms exceeded while running "beforeEach" hook.

      2 |
      3 | test.describe('Booking System Tests', () => {
    > 4 |   test.beforeEach(async ({ page }) => {
        |        ^
      5 |     // Login before each test
      6 |     await page.goto('/login');
      7 |     await page.fill('input[name="email"]', 'test@example.com');
        at /Users/asithalakmal/Documents/web/final project/WeddingLK-next copy/tests/06-booking.spec.ts:4:8

    Error: page.fill: Test timeout of 30000ms exceeded.
    Call log:
      - waiting for locator('input[name="email"]')


       5 |     // Login before each test
       6 |     await page.goto('/login');
    >  7 |     await page.fill('input[name="email"]', 'test@example.com');
         |                ^
       8 |     await page.fill('input[name="password"]', 'TestPassword123!');
       9 |     await page.click('button[type="submit"]');
      10 |     await expect(page).toHaveURL(/dashboard/);
        at /Users/asithalakmal/Documents/web/final project/WeddingLK-next copy/tests/06-booking.spec.ts:7:16

    attachment #1: screenshot (image/png) ──────────────────────────────────────────────────────────
    ../test-results/06-booking-Booking-System-Tests-should-view-booking-details-chromium/test-failed-1.png
    ────────────────────────────────────────────────────────────────────────────────────────────────

    attachment #2: video (video/webm) ──────────────────────────────────────────────────────────────
    ../test-results/06-booking-Booking-System-Tests-should-view-booking-details-chromium/video.webm
    ────────────────────────────────────────────────────────────────────────────────────────────────

    Error Context: ../test-results/06-booking-Booking-System-Tests-should-view-booking-details-chromium/error-context.md
]]>
</failure>
<system-out>
<![CDATA[
[[ATTACHMENT|test-results/06-booking-Booking-System-Tests-should-view-booking-details-chromium/test-failed-1.png]]

[[ATTACHMENT|test-results/06-booking-Booking-System-Tests-should-view-booking-details-chromium/video.webm]]

[[ATTACHMENT|test-results/06-booking-Booking-System-Tests-should-view-booking-details-chromium/error-context.md]]
]]>
</system-out>
</testcase>
<testcase name="Booking System Tests › should modify booking" classname="06-booking.spec.ts" time="33.441">
<failure message="06-booking.spec.ts:96:7 should modify booking" type="FAILURE">
<![CDATA[  [chromium] › 06-booking.spec.ts:96:7 › Booking System Tests › should modify booking ──────────────

    Test timeout of 30000ms exceeded while running "beforeEach" hook.

      2 |
      3 | test.describe('Booking System Tests', () => {
    > 4 |   test.beforeEach(async ({ page }) => {
        |        ^
      5 |     // Login before each test
      6 |     await page.goto('/login');
      7 |     await page.fill('input[name="email"]', 'test@example.com');
        at /Users/asithalakmal/Documents/web/final project/WeddingLK-next copy/tests/06-booking.spec.ts:4:8

    Error: page.fill: Test timeout of 30000ms exceeded.
    Call log:
      - waiting for locator('input[name="email"]')


       5 |     // Login before each test
       6 |     await page.goto('/login');
    >  7 |     await page.fill('input[name="email"]', 'test@example.com');
         |                ^
       8 |     await page.fill('input[name="password"]', 'TestPassword123!');
       9 |     await page.click('button[type="submit"]');
      10 |     await expect(page).toHaveURL(/dashboard/);
        at /Users/asithalakmal/Documents/web/final project/WeddingLK-next copy/tests/06-booking.spec.ts:7:16

    attachment #1: screenshot (image/png) ──────────────────────────────────────────────────────────
    ../test-results/06-booking-Booking-System-Tests-should-modify-booking-chromium/test-failed-1.png
    ────────────────────────────────────────────────────────────────────────────────────────────────

    attachment #2: video (video/webm) ──────────────────────────────────────────────────────────────
    ../test-results/06-booking-Booking-System-Tests-should-modify-booking-chromium/video.webm
    ────────────────────────────────────────────────────────────────────────────────────────────────

    Error Context: ../test-results/06-booking-Booking-System-Tests-should-modify-booking-chromium/error-context.md
]]>
</failure>
<system-out>
<![CDATA[
[[ATTACHMENT|test-results/06-booking-Booking-System-Tests-should-modify-booking-chromium/test-failed-1.png]]

[[ATTACHMENT|test-results/06-booking-Booking-System-Tests-should-modify-booking-chromium/video.webm]]

[[ATTACHMENT|test-results/06-booking-Booking-System-Tests-should-modify-booking-chromium/error-context.md]]
]]>
</system-out>
</testcase>
<testcase name="Booking System Tests › should cancel booking" classname="06-booking.spec.ts" time="34.905">
<failure message="06-booking.spec.ts:119:7 should cancel booking" type="FAILURE">
<![CDATA[  [chromium] › 06-booking.spec.ts:119:7 › Booking System Tests › should cancel booking ─────────────

    Test timeout of 30000ms exceeded while running "beforeEach" hook.

      2 |
      3 | test.describe('Booking System Tests', () => {
    > 4 |   test.beforeEach(async ({ page }) => {
        |        ^
      5 |     // Login before each test
      6 |     await page.goto('/login');
      7 |     await page.fill('input[name="email"]', 'test@example.com');
        at /Users/asithalakmal/Documents/web/final project/WeddingLK-next copy/tests/06-booking.spec.ts:4:8

    Error: page.fill: Test timeout of 30000ms exceeded.
    Call log:
      - waiting for locator('input[name="email"]')


       5 |     // Login before each test
       6 |     await page.goto('/login');
    >  7 |     await page.fill('input[name="email"]', 'test@example.com');
         |                ^
       8 |     await page.fill('input[name="password"]', 'TestPassword123!');
       9 |     await page.click('button[type="submit"]');
      10 |     await expect(page).toHaveURL(/dashboard/);
        at /Users/asithalakmal/Documents/web/final project/WeddingLK-next copy/tests/06-booking.spec.ts:7:16

    attachment #1: screenshot (image/png) ──────────────────────────────────────────────────────────
    ../test-results/06-booking-Booking-System-Tests-should-cancel-booking-chromium/test-failed-1.png
    ────────────────────────────────────────────────────────────────────────────────────────────────

    attachment #2: video (video/webm) ──────────────────────────────────────────────────────────────
    ../test-results/06-booking-Booking-System-Tests-should-cancel-booking-chromium/video.webm
    ────────────────────────────────────────────────────────────────────────────────────────────────

    Error Context: ../test-results/06-booking-Booking-System-Tests-should-cancel-booking-chromium/error-context.md
]]>
</failure>
<system-out>
<![CDATA[
[[ATTACHMENT|test-results/06-booking-Booking-System-Tests-should-cancel-booking-chromium/test-failed-1.png]]

[[ATTACHMENT|test-results/06-booking-Booking-System-Tests-should-cancel-booking-chromium/video.webm]]

[[ATTACHMENT|test-results/06-booking-Booking-System-Tests-should-cancel-booking-chromium/error-context.md]]
]]>
</system-out>
</testcase>
<testcase name="Booking System Tests › should reschedule booking" classname="06-booking.spec.ts" time="33.07">
<failure message="06-booking.spec.ts:138:7 should reschedule booking" type="FAILURE">
<![CDATA[  [chromium] › 06-booking.spec.ts:138:7 › Booking System Tests › should reschedule booking ─────────

    Test timeout of 30000ms exceeded while running "beforeEach" hook.

      2 |
      3 | test.describe('Booking System Tests', () => {
    > 4 |   test.beforeEach(async ({ page }) => {
        |        ^
      5 |     // Login before each test
      6 |     await page.goto('/login');
      7 |     await page.fill('input[name="email"]', 'test@example.com');
        at /Users/asithalakmal/Documents/web/final project/WeddingLK-next copy/tests/06-booking.spec.ts:4:8

    Error: page.fill: Test timeout of 30000ms exceeded.
    Call log:
      - waiting for locator('input[name="email"]')


       5 |     // Login before each test
       6 |     await page.goto('/login');
    >  7 |     await page.fill('input[name="email"]', 'test@example.com');
         |                ^
       8 |     await page.fill('input[name="password"]', 'TestPassword123!');
       9 |     await page.click('button[type="submit"]');
      10 |     await expect(page).toHaveURL(/dashboard/);
        at /Users/asithalakmal/Documents/web/final project/WeddingLK-next copy/tests/06-booking.spec.ts:7:16

    attachment #1: screenshot (image/png) ──────────────────────────────────────────────────────────
    ../test-results/06-booking-Booking-System-Tests-should-reschedule-booking-chromium/test-failed-1.png
    ────────────────────────────────────────────────────────────────────────────────────────────────

    attachment #2: video (video/webm) ──────────────────────────────────────────────────────────────
    ../test-results/06-booking-Booking-System-Tests-should-reschedule-booking-chromium/video.webm
    ────────────────────────────────────────────────────────────────────────────────────────────────

    Error Context: ../test-results/06-booking-Booking-System-Tests-should-reschedule-booking-chromium/error-context.md
]]>
</failure>
<system-out>
<![CDATA[
[[ATTACHMENT|test-results/06-booking-Booking-System-Tests-should-reschedule-booking-chromium/test-failed-1.png]]

[[ATTACHMENT|test-results/06-booking-Booking-System-Tests-should-reschedule-booking-chromium/video.webm]]

[[ATTACHMENT|test-results/06-booking-Booking-System-Tests-should-reschedule-booking-chromium/error-context.md]]
]]>
</system-out>
</testcase>
<testcase name="Booking System Tests › should process payment for booking" classname="06-booking.spec.ts" time="34.044">
<failure message="06-booking.spec.ts:160:7 should process payment for booking" type="FAILURE">
<![CDATA[  [chromium] › 06-booking.spec.ts:160:7 › Booking System Tests › should process payment for booking 

    Test timeout of 30000ms exceeded while running "beforeEach" hook.

      2 |
      3 | test.describe('Booking System Tests', () => {
    > 4 |   test.beforeEach(async ({ page }) => {
        |        ^
      5 |     // Login before each test
      6 |     await page.goto('/login');
      7 |     await page.fill('input[name="email"]', 'test@example.com');
        at /Users/asithalakmal/Documents/web/final project/WeddingLK-next copy/tests/06-booking.spec.ts:4:8

    Error: page.fill: Test timeout of 30000ms exceeded.
    Call log:
      - waiting for locator('input[name="email"]')


       5 |     // Login before each test
       6 |     await page.goto('/login');
    >  7 |     await page.fill('input[name="email"]', 'test@example.com');
         |                ^
       8 |     await page.fill('input[name="password"]', 'TestPassword123!');
       9 |     await page.click('button[type="submit"]');
      10 |     await expect(page).toHaveURL(/dashboard/);
        at /Users/asithalakmal/Documents/web/final project/WeddingLK-next copy/tests/06-booking.spec.ts:7:16

    attachment #1: screenshot (image/png) ──────────────────────────────────────────────────────────
    ../test-results/06-booking-Booking-System--dc117-process-payment-for-booking-chromium/test-failed-1.png
    ────────────────────────────────────────────────────────────────────────────────────────────────

    attachment #2: video (video/webm) ──────────────────────────────────────────────────────────────
    ../test-results/06-booking-Booking-System--dc117-process-payment-for-booking-chromium/video.webm
    ────────────────────────────────────────────────────────────────────────────────────────────────

    Error Context: ../test-results/06-booking-Booking-System--dc117-process-payment-for-booking-chromium/error-context.md
]]>
</failure>
<system-out>
<![CDATA[
[[ATTACHMENT|test-results/06-booking-Booking-System--dc117-process-payment-for-booking-chromium/test-failed-1.png]]

[[ATTACHMENT|test-results/06-booking-Booking-System--dc117-process-payment-for-booking-chromium/video.webm]]

[[ATTACHMENT|test-results/06-booking-Booking-System--dc117-process-payment-for-booking-chromium/error-context.md]]
]]>
</system-out>
</testcase>
<testcase name="Booking System Tests › should view booking calendar" classname="06-booking.spec.ts" time="36.747">
<failure message="06-booking.spec.ts:191:7 should view booking calendar" type="FAILURE">
<![CDATA[  [chromium] › 06-booking.spec.ts:191:7 › Booking System Tests › should view booking calendar ──────

    Test timeout of 30000ms exceeded while running "beforeEach" hook.

      2 |
      3 | test.describe('Booking System Tests', () => {
    > 4 |   test.beforeEach(async ({ page }) => {
        |        ^
      5 |     // Login before each test
      6 |     await page.goto('/login');
      7 |     await page.fill('input[name="email"]', 'test@example.com');
        at /Users/asithalakmal/Documents/web/final project/WeddingLK-next copy/tests/06-booking.spec.ts:4:8

    Error: page.fill: Test timeout of 30000ms exceeded.
    Call log:
      - waiting for locator('input[name="email"]')


       5 |     // Login before each test
       6 |     await page.goto('/login');
    >  7 |     await page.fill('input[name="email"]', 'test@example.com');
         |                ^
       8 |     await page.fill('input[name="password"]', 'TestPassword123!');
       9 |     await page.click('button[type="submit"]');
      10 |     await expect(page).toHaveURL(/dashboard/);
        at /Users/asithalakmal/Documents/web/final project/WeddingLK-next copy/tests/06-booking.spec.ts:7:16

    attachment #1: screenshot (image/png) ──────────────────────────────────────────────────────────
    ../test-results/06-booking-Booking-System-Tests-should-view-booking-calendar-chromium/test-failed-1.png
    ────────────────────────────────────────────────────────────────────────────────────────────────

    attachment #2: video (video/webm) ──────────────────────────────────────────────────────────────
    ../test-results/06-booking-Booking-System-Tests-should-view-booking-calendar-chromium/video.webm
    ────────────────────────────────────────────────────────────────────────────────────────────────

    Error Context: ../test-results/06-booking-Booking-System-Tests-should-view-booking-calendar-chromium/error-context.md
]]>
</failure>
<system-out>
<![CDATA[
[[ATTACHMENT|test-results/06-booking-Booking-System-Tests-should-view-booking-calendar-chromium/test-failed-1.png]]

[[ATTACHMENT|test-results/06-booking-Booking-System-Tests-should-view-booking-calendar-chromium/video.webm]]

[[ATTACHMENT|test-results/06-booking-Booking-System-Tests-should-view-booking-calendar-chromium/error-context.md]]
]]>
</system-out>
</testcase>
<testcase name="Booking System Tests › should filter bookings by status" classname="06-booking.spec.ts" time="33.97">
<failure message="06-booking.spec.ts:205:7 should filter bookings by status" type="FAILURE">
<![CDATA[  [chromium] › 06-booking.spec.ts:205:7 › Booking System Tests › should filter bookings by status ──

    Test timeout of 30000ms exceeded while running "beforeEach" hook.

      2 |
      3 | test.describe('Booking System Tests', () => {
    > 4 |   test.beforeEach(async ({ page }) => {
        |        ^
      5 |     // Login before each test
      6 |     await page.goto('/login');
      7 |     await page.fill('input[name="email"]', 'test@example.com');
        at /Users/asithalakmal/Documents/web/final project/WeddingLK-next copy/tests/06-booking.spec.ts:4:8

    Error: page.fill: Test timeout of 30000ms exceeded.
    Call log:
      - waiting for locator('input[name="email"]')


       5 |     // Login before each test
       6 |     await page.goto('/login');
    >  7 |     await page.fill('input[name="email"]', 'test@example.com');
         |                ^
       8 |     await page.fill('input[name="password"]', 'TestPassword123!');
       9 |     await page.click('button[type="submit"]');
      10 |     await expect(page).toHaveURL(/dashboard/);
        at /Users/asithalakmal/Documents/web/final project/WeddingLK-next copy/tests/06-booking.spec.ts:7:16

    attachment #1: screenshot (image/png) ──────────────────────────────────────────────────────────
    ../test-results/06-booking-Booking-System--d2cb3-d-filter-bookings-by-status-chromium/test-failed-1.png
    ────────────────────────────────────────────────────────────────────────────────────────────────

    attachment #2: video (video/webm) ──────────────────────────────────────────────────────────────
    ../test-results/06-booking-Booking-System--d2cb3-d-filter-bookings-by-status-chromium/video.webm
    ────────────────────────────────────────────────────────────────────────────────────────────────

    Error Context: ../test-results/06-booking-Booking-System--d2cb3-d-filter-bookings-by-status-chromium/error-context.md
]]>
</failure>
<system-out>
<![CDATA[
[[ATTACHMENT|test-results/06-booking-Booking-System--d2cb3-d-filter-bookings-by-status-chromium/test-failed-1.png]]

[[ATTACHMENT|test-results/06-booking-Booking-System--d2cb3-d-filter-bookings-by-status-chromium/video.webm]]

[[ATTACHMENT|test-results/06-booking-Booking-System--d2cb3-d-filter-bookings-by-status-chromium/error-context.md]]
]]>
</system-out>
</testcase>
<testcase name="Booking System Tests › should search bookings" classname="06-booking.spec.ts" time="34.931">
<failure message="06-booking.spec.ts:222:7 should search bookings" type="FAILURE">
<![CDATA[  [chromium] › 06-booking.spec.ts:222:7 › Booking System Tests › should search bookings ────────────

    Test timeout of 30000ms exceeded while running "beforeEach" hook.

      2 |
      3 | test.describe('Booking System Tests', () => {
    > 4 |   test.beforeEach(async ({ page }) => {
        |        ^
      5 |     // Login before each test
      6 |     await page.goto('/login');
      7 |     await page.fill('input[name="email"]', 'test@example.com');
        at /Users/asithalakmal/Documents/web/final project/WeddingLK-next copy/tests/06-booking.spec.ts:4:8

    Error: page.fill: Test timeout of 30000ms exceeded.
    Call log:
      - waiting for locator('input[name="email"]')


       5 |     // Login before each test
       6 |     await page.goto('/login');
    >  7 |     await page.fill('input[name="email"]', 'test@example.com');
         |                ^
       8 |     await page.fill('input[name="password"]', 'TestPassword123!');
       9 |     await page.click('button[type="submit"]');
      10 |     await expect(page).toHaveURL(/dashboard/);
        at /Users/asithalakmal/Documents/web/final project/WeddingLK-next copy/tests/06-booking.spec.ts:7:16

    attachment #1: screenshot (image/png) ──────────────────────────────────────────────────────────
    ../test-results/06-booking-Booking-System-Tests-should-search-bookings-chromium/test-failed-1.png
    ────────────────────────────────────────────────────────────────────────────────────────────────

    attachment #2: video (video/webm) ──────────────────────────────────────────────────────────────
    ../test-results/06-booking-Booking-System-Tests-should-search-bookings-chromium/video.webm
    ────────────────────────────────────────────────────────────────────────────────────────────────

    Error Context: ../test-results/06-booking-Booking-System-Tests-should-search-bookings-chromium/error-context.md
]]>
</failure>
<system-out>
<![CDATA[
[[ATTACHMENT|test-results/06-booking-Booking-System-Tests-should-search-bookings-chromium/test-failed-1.png]]

[[ATTACHMENT|test-results/06-booking-Booking-System-Tests-should-search-bookings-chromium/video.webm]]

[[ATTACHMENT|test-results/06-booking-Booking-System-Tests-should-search-bookings-chromium/error-context.md]]
]]>
</system-out>
</testcase>
<testcase name="Booking System Tests › should export booking details" classname="06-booking.spec.ts" time="35.293">
<failure message="06-booking.spec.ts:240:7 should export booking details" type="FAILURE">
<![CDATA[  [chromium] › 06-booking.spec.ts:240:7 › Booking System Tests › should export booking details ─────

    Test timeout of 30000ms exceeded while running "beforeEach" hook.

      2 |
      3 | test.describe('Booking System Tests', () => {
    > 4 |   test.beforeEach(async ({ page }) => {
        |        ^
      5 |     // Login before each test
      6 |     await page.goto('/login');
      7 |     await page.fill('input[name="email"]', 'test@example.com');
        at /Users/asithalakmal/Documents/web/final project/WeddingLK-next copy/tests/06-booking.spec.ts:4:8

    Error: page.fill: Test timeout of 30000ms exceeded.
    Call log:
      - waiting for locator('input[name="email"]')


       5 |     // Login before each test
       6 |     await page.goto('/login');
    >  7 |     await page.fill('input[name="email"]', 'test@example.com');
         |                ^
       8 |     await page.fill('input[name="password"]', 'TestPassword123!');
       9 |     await page.click('button[type="submit"]');
      10 |     await expect(page).toHaveURL(/dashboard/);
        at /Users/asithalakmal/Documents/web/final project/WeddingLK-next copy/tests/06-booking.spec.ts:7:16

    attachment #1: screenshot (image/png) ──────────────────────────────────────────────────────────
    ../test-results/06-booking-Booking-System--ec26e-ould-export-booking-details-chromium/test-failed-1.png
    ────────────────────────────────────────────────────────────────────────────────────────────────

    attachment #2: video (video/webm) ──────────────────────────────────────────────────────────────
    ../test-results/06-booking-Booking-System--ec26e-ould-export-booking-details-chromium/video.webm
    ────────────────────────────────────────────────────────────────────────────────────────────────

    Error Context: ../test-results/06-booking-Booking-System--ec26e-ould-export-booking-details-chromium/error-context.md
]]>
</failure>
<system-out>
<![CDATA[
[[ATTACHMENT|test-results/06-booking-Booking-System--ec26e-ould-export-booking-details-chromium/test-failed-1.png]]

[[ATTACHMENT|test-results/06-booking-Booking-System--ec26e-ould-export-booking-details-chromium/video.webm]]

[[ATTACHMENT|test-results/06-booking-Booking-System--ec26e-ould-export-booking-details-chromium/error-context.md]]
]]>
</system-out>
</testcase>
<testcase name="Booking System Tests › should send booking reminder" classname="06-booking.spec.ts" time="34.778">
<failure message="06-booking.spec.ts:255:7 should send booking reminder" type="FAILURE">
<![CDATA[  [chromium] › 06-booking.spec.ts:255:7 › Booking System Tests › should send booking reminder ──────

    Test timeout of 30000ms exceeded while running "beforeEach" hook.

      2 |
      3 | test.describe('Booking System Tests', () => {
    > 4 |   test.beforeEach(async ({ page }) => {
        |        ^
      5 |     // Login before each test
      6 |     await page.goto('/login');
      7 |     await page.fill('input[name="email"]', 'test@example.com');
        at /Users/asithalakmal/Documents/web/final project/WeddingLK-next copy/tests/06-booking.spec.ts:4:8

    Error: page.fill: Test timeout of 30000ms exceeded.
    Call log:
      - waiting for locator('input[name="email"]')


       5 |     // Login before each test
       6 |     await page.goto('/login');
    >  7 |     await page.fill('input[name="email"]', 'test@example.com');
         |                ^
       8 |     await page.fill('input[name="password"]', 'TestPassword123!');
       9 |     await page.click('button[type="submit"]');
      10 |     await expect(page).toHaveURL(/dashboard/);
        at /Users/asithalakmal/Documents/web/final project/WeddingLK-next copy/tests/06-booking.spec.ts:7:16

    attachment #1: screenshot (image/png) ──────────────────────────────────────────────────────────
    ../test-results/06-booking-Booking-System-Tests-should-send-booking-reminder-chromium/test-failed-1.png
    ────────────────────────────────────────────────────────────────────────────────────────────────

    attachment #2: video (video/webm) ──────────────────────────────────────────────────────────────
    ../test-results/06-booking-Booking-System-Tests-should-send-booking-reminder-chromium/video.webm
    ────────────────────────────────────────────────────────────────────────────────────────────────

    Error Context: ../test-results/06-booking-Booking-System-Tests-should-send-booking-reminder-chromium/error-context.md
]]>
</failure>
<system-out>
<![CDATA[
[[ATTACHMENT|test-results/06-booking-Booking-System-Tests-should-send-booking-reminder-chromium/test-failed-1.png]]

[[ATTACHMENT|test-results/06-booking-Booking-System-Tests-should-send-booking-reminder-chromium/video.webm]]

[[ATTACHMENT|test-results/06-booking-Booking-System-Tests-should-send-booking-reminder-chromium/error-context.md]]
]]>
</system-out>
</testcase>
</testsuite>
<testsuite name="07-payments.spec.ts" timestamp="2025-10-20T22:56:09.042Z" hostname="chromium" tests="13" failures="13" skipped="0" time="448.913" errors="0">
<testcase name="Payment System Tests › should process Stripe payment" classname="07-payments.spec.ts" time="35.023">
<failure message="07-payments.spec.ts:13:7 should process Stripe payment" type="FAILURE">
<![CDATA[  [chromium] › 07-payments.spec.ts:13:7 › Payment System Tests › should process Stripe payment ─────

    Test timeout of 30000ms exceeded while running "beforeEach" hook.

      2 |
      3 | test.describe('Payment System Tests', () => {
    > 4 |   test.beforeEach(async ({ page }) => {
        |        ^
      5 |     // Login before each test
      6 |     await page.goto('/login');
      7 |     await page.fill('input[name="email"]', 'test@example.com');
        at /Users/asithalakmal/Documents/web/final project/WeddingLK-next copy/tests/07-payments.spec.ts:4:8

    Error: page.fill: Test timeout of 30000ms exceeded.
    Call log:
      - waiting for locator('input[name="email"]')


       5 |     // Login before each test
       6 |     await page.goto('/login');
    >  7 |     await page.fill('input[name="email"]', 'test@example.com');
         |                ^
       8 |     await page.fill('input[name="password"]', 'TestPassword123!');
       9 |     await page.click('button[type="submit"]');
      10 |     await expect(page).toHaveURL(/dashboard/);
        at /Users/asithalakmal/Documents/web/final project/WeddingLK-next copy/tests/07-payments.spec.ts:7:16

    attachment #1: screenshot (image/png) ──────────────────────────────────────────────────────────
    ../test-results/07-payments-Payment-System-f7d21-ould-process-Stripe-payment-chromium/test-failed-1.png
    ────────────────────────────────────────────────────────────────────────────────────────────────

    attachment #2: video (video/webm) ──────────────────────────────────────────────────────────────
    ../test-results/07-payments-Payment-System-f7d21-ould-process-Stripe-payment-chromium/video.webm
    ────────────────────────────────────────────────────────────────────────────────────────────────

    Error Context: ../test-results/07-payments-Payment-System-f7d21-ould-process-Stripe-payment-chromium/error-context.md
]]>
</failure>
<system-out>
<![CDATA[
[[ATTACHMENT|test-results/07-payments-Payment-System-f7d21-ould-process-Stripe-payment-chromium/test-failed-1.png]]

[[ATTACHMENT|test-results/07-payments-Payment-System-f7d21-ould-process-Stripe-payment-chromium/video.webm]]

[[ATTACHMENT|test-results/07-payments-Payment-System-f7d21-ould-process-Stripe-payment-chromium/error-context.md]]
]]>
</system-out>
</testcase>
<testcase name="Payment System Tests › should handle payment failure" classname="07-payments.spec.ts" time="34.855">
<failure message="07-payments.spec.ts:30:7 should handle payment failure" type="FAILURE">
<![CDATA[  [chromium] › 07-payments.spec.ts:30:7 › Payment System Tests › should handle payment failure ─────

    Test timeout of 30000ms exceeded while running "beforeEach" hook.

      2 |
      3 | test.describe('Payment System Tests', () => {
    > 4 |   test.beforeEach(async ({ page }) => {
        |        ^
      5 |     // Login before each test
      6 |     await page.goto('/login');
      7 |     await page.fill('input[name="email"]', 'test@example.com');
        at /Users/asithalakmal/Documents/web/final project/WeddingLK-next copy/tests/07-payments.spec.ts:4:8

    Error: page.fill: Test timeout of 30000ms exceeded.
    Call log:
      - waiting for locator('input[name="email"]')


       5 |     // Login before each test
       6 |     await page.goto('/login');
    >  7 |     await page.fill('input[name="email"]', 'test@example.com');
         |                ^
       8 |     await page.fill('input[name="password"]', 'TestPassword123!');
       9 |     await page.click('button[type="submit"]');
      10 |     await expect(page).toHaveURL(/dashboard/);
        at /Users/asithalakmal/Documents/web/final project/WeddingLK-next copy/tests/07-payments.spec.ts:7:16

    attachment #1: screenshot (image/png) ──────────────────────────────────────────────────────────
    ../test-results/07-payments-Payment-System-0f22a-ould-handle-payment-failure-chromium/test-failed-1.png
    ────────────────────────────────────────────────────────────────────────────────────────────────

    attachment #2: video (video/webm) ──────────────────────────────────────────────────────────────
    ../test-results/07-payments-Payment-System-0f22a-ould-handle-payment-failure-chromium/video.webm
    ────────────────────────────────────────────────────────────────────────────────────────────────

    Error Context: ../test-results/07-payments-Payment-System-0f22a-ould-handle-payment-failure-chromium/error-context.md
]]>
</failure>
<system-out>
<![CDATA[
[[ATTACHMENT|test-results/07-payments-Payment-System-0f22a-ould-handle-payment-failure-chromium/test-failed-1.png]]

[[ATTACHMENT|test-results/07-payments-Payment-System-0f22a-ould-handle-payment-failure-chromium/video.webm]]

[[ATTACHMENT|test-results/07-payments-Payment-System-0f22a-ould-handle-payment-failure-chromium/error-context.md]]
]]>
</system-out>
</testcase>
<testcase name="Payment System Tests › should save payment method" classname="07-payments.spec.ts" time="34.321">
<failure message="07-payments.spec.ts:46:7 should save payment method" type="FAILURE">
<![CDATA[  [chromium] › 07-payments.spec.ts:46:7 › Payment System Tests › should save payment method ────────

    Test timeout of 30000ms exceeded while running "beforeEach" hook.

      2 |
      3 | test.describe('Payment System Tests', () => {
    > 4 |   test.beforeEach(async ({ page }) => {
        |        ^
      5 |     // Login before each test
      6 |     await page.goto('/login');
      7 |     await page.fill('input[name="email"]', 'test@example.com');
        at /Users/asithalakmal/Documents/web/final project/WeddingLK-next copy/tests/07-payments.spec.ts:4:8

    Error: page.fill: Test timeout of 30000ms exceeded.
    Call log:
      - waiting for locator('input[name="email"]')


       5 |     // Login before each test
       6 |     await page.goto('/login');
    >  7 |     await page.fill('input[name="email"]', 'test@example.com');
         |                ^
       8 |     await page.fill('input[name="password"]', 'TestPassword123!');
       9 |     await page.click('button[type="submit"]');
      10 |     await expect(page).toHaveURL(/dashboard/);
        at /Users/asithalakmal/Documents/web/final project/WeddingLK-next copy/tests/07-payments.spec.ts:7:16

    attachment #1: screenshot (image/png) ──────────────────────────────────────────────────────────
    ../test-results/07-payments-Payment-System-Tests-should-save-payment-method-chromium/test-failed-1.png
    ────────────────────────────────────────────────────────────────────────────────────────────────

    attachment #2: video (video/webm) ──────────────────────────────────────────────────────────────
    ../test-results/07-payments-Payment-System-Tests-should-save-payment-method-chromium/video.webm
    ────────────────────────────────────────────────────────────────────────────────────────────────

    Error Context: ../test-results/07-payments-Payment-System-Tests-should-save-payment-method-chromium/error-context.md
]]>
</failure>
<system-out>
<![CDATA[
[[ATTACHMENT|test-results/07-payments-Payment-System-Tests-should-save-payment-method-chromium/test-failed-1.png]]

[[ATTACHMENT|test-results/07-payments-Payment-System-Tests-should-save-payment-method-chromium/video.webm]]

[[ATTACHMENT|test-results/07-payments-Payment-System-Tests-should-save-payment-method-chromium/error-context.md]]
]]>
</system-out>
</testcase>
<testcase name="Payment System Tests › should view payment history" classname="07-payments.spec.ts" time="36.407">
<failure message="07-payments.spec.ts:68:7 should view payment history" type="FAILURE">
<![CDATA[  [chromium] › 07-payments.spec.ts:68:7 › Payment System Tests › should view payment history ───────

    Test timeout of 30000ms exceeded while running "beforeEach" hook.

      2 |
      3 | test.describe('Payment System Tests', () => {
    > 4 |   test.beforeEach(async ({ page }) => {
        |        ^
      5 |     // Login before each test
      6 |     await page.goto('/login');
      7 |     await page.fill('input[name="email"]', 'test@example.com');
        at /Users/asithalakmal/Documents/web/final project/WeddingLK-next copy/tests/07-payments.spec.ts:4:8

    Error: page.fill: Test timeout of 30000ms exceeded.
    Call log:
      - waiting for locator('input[name="email"]')


       5 |     // Login before each test
       6 |     await page.goto('/login');
    >  7 |     await page.fill('input[name="email"]', 'test@example.com');
         |                ^
       8 |     await page.fill('input[name="password"]', 'TestPassword123!');
       9 |     await page.click('button[type="submit"]');
      10 |     await expect(page).toHaveURL(/dashboard/);
        at /Users/asithalakmal/Documents/web/final project/WeddingLK-next copy/tests/07-payments.spec.ts:7:16

    attachment #1: screenshot (image/png) ──────────────────────────────────────────────────────────
    ../test-results/07-payments-Payment-System-Tests-should-view-payment-history-chromium/test-failed-1.png
    ────────────────────────────────────────────────────────────────────────────────────────────────

    attachment #2: video (video/webm) ──────────────────────────────────────────────────────────────
    ../test-results/07-payments-Payment-System-Tests-should-view-payment-history-chromium/video.webm
    ────────────────────────────────────────────────────────────────────────────────────────────────

    Error Context: ../test-results/07-payments-Payment-System-Tests-should-view-payment-history-chromium/error-context.md
]]>
</failure>
<system-out>
<![CDATA[
[[ATTACHMENT|test-results/07-payments-Payment-System-Tests-should-view-payment-history-chromium/test-failed-1.png]]

[[ATTACHMENT|test-results/07-payments-Payment-System-Tests-should-view-payment-history-chromium/video.webm]]

[[ATTACHMENT|test-results/07-payments-Payment-System-Tests-should-view-payment-history-chromium/error-context.md]]
]]>
</system-out>
</testcase>
<testcase name="Payment System Tests › should download payment receipt" classname="07-payments.spec.ts" time="33.968">
<failure message="07-payments.spec.ts:82:7 should download payment receipt" type="FAILURE">
<![CDATA[  [chromium] › 07-payments.spec.ts:82:7 › Payment System Tests › should download payment receipt ───

    Test timeout of 30000ms exceeded while running "beforeEach" hook.

      2 |
      3 | test.describe('Payment System Tests', () => {
    > 4 |   test.beforeEach(async ({ page }) => {
        |        ^
      5 |     // Login before each test
      6 |     await page.goto('/login');
      7 |     await page.fill('input[name="email"]', 'test@example.com');
        at /Users/asithalakmal/Documents/web/final project/WeddingLK-next copy/tests/07-payments.spec.ts:4:8

    Error: page.fill: Test timeout of 30000ms exceeded.
    Call log:
      - waiting for locator('input[name="email"]')


       5 |     // Login before each test
       6 |     await page.goto('/login');
    >  7 |     await page.fill('input[name="email"]', 'test@example.com');
         |                ^
       8 |     await page.fill('input[name="password"]', 'TestPassword123!');
       9 |     await page.click('button[type="submit"]');
      10 |     await expect(page).toHaveURL(/dashboard/);
        at /Users/asithalakmal/Documents/web/final project/WeddingLK-next copy/tests/07-payments.spec.ts:7:16

    attachment #1: screenshot (image/png) ──────────────────────────────────────────────────────────
    ../test-results/07-payments-Payment-System-c08df-ld-download-payment-receipt-chromium/test-failed-1.png
    ────────────────────────────────────────────────────────────────────────────────────────────────

    attachment #2: video (video/webm) ──────────────────────────────────────────────────────────────
    ../test-results/07-payments-Payment-System-c08df-ld-download-payment-receipt-chromium/video.webm
    ────────────────────────────────────────────────────────────────────────────────────────────────

    Error Context: ../test-results/07-payments-Payment-System-c08df-ld-download-payment-receipt-chromium/error-context.md
]]>
</failure>
<system-out>
<![CDATA[
[[ATTACHMENT|test-results/07-payments-Payment-System-c08df-ld-download-payment-receipt-chromium/test-failed-1.png]]

[[ATTACHMENT|test-results/07-payments-Payment-System-c08df-ld-download-payment-receipt-chromium/video.webm]]

[[ATTACHMENT|test-results/07-payments-Payment-System-c08df-ld-download-payment-receipt-chromium/error-context.md]]
]]>
</system-out>
</testcase>
<testcase name="Payment System Tests › should request refund" classname="07-payments.spec.ts" time="33.887">
<failure message="07-payments.spec.ts:97:7 should request refund" type="FAILURE">
<![CDATA[  [chromium] › 07-payments.spec.ts:97:7 › Payment System Tests › should request refund ─────────────

    Test timeout of 30000ms exceeded while running "beforeEach" hook.

      2 |
      3 | test.describe('Payment System Tests', () => {
    > 4 |   test.beforeEach(async ({ page }) => {
        |        ^
      5 |     // Login before each test
      6 |     await page.goto('/login');
      7 |     await page.fill('input[name="email"]', 'test@example.com');
        at /Users/asithalakmal/Documents/web/final project/WeddingLK-next copy/tests/07-payments.spec.ts:4:8

    Error: page.fill: Test timeout of 30000ms exceeded.
    Call log:
      - waiting for locator('input[name="email"]')


       5 |     // Login before each test
       6 |     await page.goto('/login');
    >  7 |     await page.fill('input[name="email"]', 'test@example.com');
         |                ^
       8 |     await page.fill('input[name="password"]', 'TestPassword123!');
       9 |     await page.click('button[type="submit"]');
      10 |     await expect(page).toHaveURL(/dashboard/);
        at /Users/asithalakmal/Documents/web/final project/WeddingLK-next copy/tests/07-payments.spec.ts:7:16

    attachment #1: screenshot (image/png) ──────────────────────────────────────────────────────────
    ../test-results/07-payments-Payment-System-Tests-should-request-refund-chromium/test-failed-1.png
    ────────────────────────────────────────────────────────────────────────────────────────────────

    attachment #2: video (video/webm) ──────────────────────────────────────────────────────────────
    ../test-results/07-payments-Payment-System-Tests-should-request-refund-chromium/video.webm
    ────────────────────────────────────────────────────────────────────────────────────────────────

    Error Context: ../test-results/07-payments-Payment-System-Tests-should-request-refund-chromium/error-context.md
]]>
</failure>
<system-out>
<![CDATA[
[[ATTACHMENT|test-results/07-payments-Payment-System-Tests-should-request-refund-chromium/test-failed-1.png]]

[[ATTACHMENT|test-results/07-payments-Payment-System-Tests-should-request-refund-chromium/video.webm]]

[[ATTACHMENT|test-results/07-payments-Payment-System-Tests-should-request-refund-chromium/error-context.md]]
]]>
</system-out>
</testcase>
<testcase name="Payment System Tests › should set up subscription" classname="07-payments.spec.ts" time="34.947">
<failure message="07-payments.spec.ts:116:7 should set up subscription" type="FAILURE">
<![CDATA[  [chromium] › 07-payments.spec.ts:116:7 › Payment System Tests › should set up subscription ───────

    Test timeout of 30000ms exceeded while running "beforeEach" hook.

      2 |
      3 | test.describe('Payment System Tests', () => {
    > 4 |   test.beforeEach(async ({ page }) => {
        |        ^
      5 |     // Login before each test
      6 |     await page.goto('/login');
      7 |     await page.fill('input[name="email"]', 'test@example.com');
        at /Users/asithalakmal/Documents/web/final project/WeddingLK-next copy/tests/07-payments.spec.ts:4:8

    Error: page.fill: Test timeout of 30000ms exceeded.
    Call log:
      - waiting for locator('input[name="email"]')


       5 |     // Login before each test
       6 |     await page.goto('/login');
    >  7 |     await page.fill('input[name="email"]', 'test@example.com');
         |                ^
       8 |     await page.fill('input[name="password"]', 'TestPassword123!');
       9 |     await page.click('button[type="submit"]');
      10 |     await expect(page).toHaveURL(/dashboard/);
        at /Users/asithalakmal/Documents/web/final project/WeddingLK-next copy/tests/07-payments.spec.ts:7:16

    attachment #1: screenshot (image/png) ──────────────────────────────────────────────────────────
    ../test-results/07-payments-Payment-System-Tests-should-set-up-subscription-chromium/test-failed-1.png
    ────────────────────────────────────────────────────────────────────────────────────────────────

    attachment #2: video (video/webm) ──────────────────────────────────────────────────────────────
    ../test-results/07-payments-Payment-System-Tests-should-set-up-subscription-chromium/video.webm
    ────────────────────────────────────────────────────────────────────────────────────────────────

    Error Context: ../test-results/07-payments-Payment-System-Tests-should-set-up-subscription-chromium/error-context.md
]]>
</failure>
<system-out>
<![CDATA[
[[ATTACHMENT|test-results/07-payments-Payment-System-Tests-should-set-up-subscription-chromium/test-failed-1.png]]

[[ATTACHMENT|test-results/07-payments-Payment-System-Tests-should-set-up-subscription-chromium/video.webm]]

[[ATTACHMENT|test-results/07-payments-Payment-System-Tests-should-set-up-subscription-chromium/error-context.md]]
]]>
</system-out>
</testcase>
<testcase name="Payment System Tests › should cancel subscription" classname="07-payments.spec.ts" time="34.67">
<failure message="07-payments.spec.ts:138:7 should cancel subscription" type="FAILURE">
<![CDATA[  [chromium] › 07-payments.spec.ts:138:7 › Payment System Tests › should cancel subscription ───────

    Test timeout of 30000ms exceeded while running "beforeEach" hook.

      2 |
      3 | test.describe('Payment System Tests', () => {
    > 4 |   test.beforeEach(async ({ page }) => {
        |        ^
      5 |     // Login before each test
      6 |     await page.goto('/login');
      7 |     await page.fill('input[name="email"]', 'test@example.com');
        at /Users/asithalakmal/Documents/web/final project/WeddingLK-next copy/tests/07-payments.spec.ts:4:8

    Error: page.fill: Test timeout of 30000ms exceeded.
    Call log:
      - waiting for locator('input[name="email"]')


       5 |     // Login before each test
       6 |     await page.goto('/login');
    >  7 |     await page.fill('input[name="email"]', 'test@example.com');
         |                ^
       8 |     await page.fill('input[name="password"]', 'TestPassword123!');
       9 |     await page.click('button[type="submit"]');
      10 |     await expect(page).toHaveURL(/dashboard/);
        at /Users/asithalakmal/Documents/web/final project/WeddingLK-next copy/tests/07-payments.spec.ts:7:16

    attachment #1: screenshot (image/png) ──────────────────────────────────────────────────────────
    ../test-results/07-payments-Payment-System-Tests-should-cancel-subscription-chromium/test-failed-1.png
    ────────────────────────────────────────────────────────────────────────────────────────────────

    attachment #2: video (video/webm) ──────────────────────────────────────────────────────────────
    ../test-results/07-payments-Payment-System-Tests-should-cancel-subscription-chromium/video.webm
    ────────────────────────────────────────────────────────────────────────────────────────────────

    Error Context: ../test-results/07-payments-Payment-System-Tests-should-cancel-subscription-chromium/error-context.md
]]>
</failure>
<system-out>
<![CDATA[
[[ATTACHMENT|test-results/07-payments-Payment-System-Tests-should-cancel-subscription-chromium/test-failed-1.png]]

[[ATTACHMENT|test-results/07-payments-Payment-System-Tests-should-cancel-subscription-chromium/video.webm]]

[[ATTACHMENT|test-results/07-payments-Payment-System-Tests-should-cancel-subscription-chromium/error-context.md]]
]]>
</system-out>
</testcase>
<testcase name="Payment System Tests › should view invoice details" classname="07-payments.spec.ts" time="33.484">
<failure message="07-payments.spec.ts:157:7 should view invoice details" type="FAILURE">
<![CDATA[  [chromium] › 07-payments.spec.ts:157:7 › Payment System Tests › should view invoice details ──────

    Test timeout of 30000ms exceeded while running "beforeEach" hook.

      2 |
      3 | test.describe('Payment System Tests', () => {
    > 4 |   test.beforeEach(async ({ page }) => {
        |        ^
      5 |     // Login before each test
      6 |     await page.goto('/login');
      7 |     await page.fill('input[name="email"]', 'test@example.com');
        at /Users/asithalakmal/Documents/web/final project/WeddingLK-next copy/tests/07-payments.spec.ts:4:8

    Error: page.fill: Test timeout of 30000ms exceeded.
    Call log:
      - waiting for locator('input[name="email"]')


       5 |     // Login before each test
       6 |     await page.goto('/login');
    >  7 |     await page.fill('input[name="email"]', 'test@example.com');
         |                ^
       8 |     await page.fill('input[name="password"]', 'TestPassword123!');
       9 |     await page.click('button[type="submit"]');
      10 |     await expect(page).toHaveURL(/dashboard/);
        at /Users/asithalakmal/Documents/web/final project/WeddingLK-next copy/tests/07-payments.spec.ts:7:16

    attachment #1: screenshot (image/png) ──────────────────────────────────────────────────────────
    ../test-results/07-payments-Payment-System-Tests-should-view-invoice-details-chromium/test-failed-1.png
    ────────────────────────────────────────────────────────────────────────────────────────────────

    attachment #2: video (video/webm) ──────────────────────────────────────────────────────────────
    ../test-results/07-payments-Payment-System-Tests-should-view-invoice-details-chromium/video.webm
    ────────────────────────────────────────────────────────────────────────────────────────────────

    Error Context: ../test-results/07-payments-Payment-System-Tests-should-view-invoice-details-chromium/error-context.md
]]>
</failure>
<system-out>
<![CDATA[
[[ATTACHMENT|test-results/07-payments-Payment-System-Tests-should-view-invoice-details-chromium/test-failed-1.png]]

[[ATTACHMENT|test-results/07-payments-Payment-System-Tests-should-view-invoice-details-chromium/video.webm]]

[[ATTACHMENT|test-results/07-payments-Payment-System-Tests-should-view-invoice-details-chromium/error-context.md]]
]]>
</system-out>
</testcase>
<testcase name="Payment System Tests › should handle payment webhook" classname="07-payments.spec.ts" time="35.024">
<failure message="07-payments.spec.ts:186:7 should handle payment webhook" type="FAILURE">
<![CDATA[  [chromium] › 07-payments.spec.ts:186:7 › Payment System Tests › should handle payment webhook ────

    Test timeout of 30000ms exceeded while running "beforeEach" hook.

      2 |
      3 | test.describe('Payment System Tests', () => {
    > 4 |   test.beforeEach(async ({ page }) => {
        |        ^
      5 |     // Login before each test
      6 |     await page.goto('/login');
      7 |     await page.fill('input[name="email"]', 'test@example.com');
        at /Users/asithalakmal/Documents/web/final project/WeddingLK-next copy/tests/07-payments.spec.ts:4:8

    Error: page.fill: Test timeout of 30000ms exceeded.
    Call log:
      - waiting for locator('input[name="email"]')


       5 |     // Login before each test
       6 |     await page.goto('/login');
    >  7 |     await page.fill('input[name="email"]', 'test@example.com');
         |                ^
       8 |     await page.fill('input[name="password"]', 'TestPassword123!');
       9 |     await page.click('button[type="submit"]');
      10 |     await expect(page).toHaveURL(/dashboard/);
        at /Users/asithalakmal/Documents/web/final project/WeddingLK-next copy/tests/07-payments.spec.ts:7:16

    attachment #1: screenshot (image/png) ──────────────────────────────────────────────────────────
    ../test-results/07-payments-Payment-System-d1f21-ould-handle-payment-webhook-chromium/test-failed-1.png
    ────────────────────────────────────────────────────────────────────────────────────────────────

    attachment #2: video (video/webm) ──────────────────────────────────────────────────────────────
    ../test-results/07-payments-Payment-System-d1f21-ould-handle-payment-webhook-chromium/video.webm
    ────────────────────────────────────────────────────────────────────────────────────────────────

    Error Context: ../test-results/07-payments-Payment-System-d1f21-ould-handle-payment-webhook-chromium/error-context.md
]]>
</failure>
<system-out>
<![CDATA[
[[ATTACHMENT|test-results/07-payments-Payment-System-d1f21-ould-handle-payment-webhook-chromium/test-failed-1.png]]

[[ATTACHMENT|test-results/07-payments-Payment-System-d1f21-ould-handle-payment-webhook-chromium/video.webm]]

[[ATTACHMENT|test-results/07-payments-Payment-System-d1f21-ould-handle-payment-webhook-chromium/error-context.md]]
]]>
</system-out>
</testcase>
<testcase name="Payment System Tests › should validate payment form" classname="07-payments.spec.ts" time="33.631">
<failure message="07-payments.spec.ts:193:7 should validate payment form" type="FAILURE">
<![CDATA[  [chromium] › 07-payments.spec.ts:193:7 › Payment System Tests › should validate payment form ─────

    Test timeout of 30000ms exceeded while running "beforeEach" hook.

      2 |
      3 | test.describe('Payment System Tests', () => {
    > 4 |   test.beforeEach(async ({ page }) => {
        |        ^
      5 |     // Login before each test
      6 |     await page.goto('/login');
      7 |     await page.fill('input[name="email"]', 'test@example.com');
        at /Users/asithalakmal/Documents/web/final project/WeddingLK-next copy/tests/07-payments.spec.ts:4:8

    Error: page.fill: Test timeout of 30000ms exceeded.
    Call log:
      - waiting for locator('input[name="email"]')


       5 |     // Login before each test
       6 |     await page.goto('/login');
    >  7 |     await page.fill('input[name="email"]', 'test@example.com');
         |                ^
       8 |     await page.fill('input[name="password"]', 'TestPassword123!');
       9 |     await page.click('button[type="submit"]');
      10 |     await expect(page).toHaveURL(/dashboard/);
        at /Users/asithalakmal/Documents/web/final project/WeddingLK-next copy/tests/07-payments.spec.ts:7:16

    attachment #1: screenshot (image/png) ──────────────────────────────────────────────────────────
    ../test-results/07-payments-Payment-System-ad433-hould-validate-payment-form-chromium/test-failed-1.png
    ────────────────────────────────────────────────────────────────────────────────────────────────

    attachment #2: video (video/webm) ──────────────────────────────────────────────────────────────
    ../test-results/07-payments-Payment-System-ad433-hould-validate-payment-form-chromium/video.webm
    ────────────────────────────────────────────────────────────────────────────────────────────────

    Error Context: ../test-results/07-payments-Payment-System-ad433-hould-validate-payment-form-chromium/error-context.md
]]>
</failure>
<system-out>
<![CDATA[
[[ATTACHMENT|test-results/07-payments-Payment-System-ad433-hould-validate-payment-form-chromium/test-failed-1.png]]

[[ATTACHMENT|test-results/07-payments-Payment-System-ad433-hould-validate-payment-form-chromium/video.webm]]

[[ATTACHMENT|test-results/07-payments-Payment-System-ad433-hould-validate-payment-form-chromium/error-context.md]]
]]>
</system-out>
</testcase>
<testcase name="Payment System Tests › should handle payment timeout" classname="07-payments.spec.ts" time="33.623">
<failure message="07-payments.spec.ts:210:7 should handle payment timeout" type="FAILURE">
<![CDATA[  [chromium] › 07-payments.spec.ts:210:7 › Payment System Tests › should handle payment timeout ────

    Test timeout of 30000ms exceeded while running "beforeEach" hook.

      2 |
      3 | test.describe('Payment System Tests', () => {
    > 4 |   test.beforeEach(async ({ page }) => {
        |        ^
      5 |     // Login before each test
      6 |     await page.goto('/login');
      7 |     await page.fill('input[name="email"]', 'test@example.com');
        at /Users/asithalakmal/Documents/web/final project/WeddingLK-next copy/tests/07-payments.spec.ts:4:8

    Error: page.fill: Test timeout of 30000ms exceeded.
    Call log:
      - waiting for locator('input[name="email"]')


       5 |     // Login before each test
       6 |     await page.goto('/login');
    >  7 |     await page.fill('input[name="email"]', 'test@example.com');
         |                ^
       8 |     await page.fill('input[name="password"]', 'TestPassword123!');
       9 |     await page.click('button[type="submit"]');
      10 |     await expect(page).toHaveURL(/dashboard/);
        at /Users/asithalakmal/Documents/web/final project/WeddingLK-next copy/tests/07-payments.spec.ts:7:16

    attachment #1: screenshot (image/png) ──────────────────────────────────────────────────────────
    ../test-results/07-payments-Payment-System-18888-ould-handle-payment-timeout-chromium/test-failed-1.png
    ────────────────────────────────────────────────────────────────────────────────────────────────

    attachment #2: video (video/webm) ──────────────────────────────────────────────────────────────
    ../test-results/07-payments-Payment-System-18888-ould-handle-payment-timeout-chromium/video.webm
    ────────────────────────────────────────────────────────────────────────────────────────────────

    Error Context: ../test-results/07-payments-Payment-System-18888-ould-handle-payment-timeout-chromium/error-context.md
]]>
</failure>
<system-out>
<![CDATA[
[[ATTACHMENT|test-results/07-payments-Payment-System-18888-ould-handle-payment-timeout-chromium/test-failed-1.png]]

[[ATTACHMENT|test-results/07-payments-Payment-System-18888-ould-handle-payment-timeout-chromium/video.webm]]

[[ATTACHMENT|test-results/07-payments-Payment-System-18888-ould-handle-payment-timeout-chromium/error-context.md]]
]]>
</system-out>
</testcase>
<testcase name="Payment System Tests › should support multiple currencies" classname="07-payments.spec.ts" time="35.073">
<failure message="07-payments.spec.ts:230:7 should support multiple currencies" type="FAILURE">
<![CDATA[  [chromium] › 07-payments.spec.ts:230:7 › Payment System Tests › should support multiple currencies 

    Test timeout of 30000ms exceeded while running "beforeEach" hook.

      2 |
      3 | test.describe('Payment System Tests', () => {
    > 4 |   test.beforeEach(async ({ page }) => {
        |        ^
      5 |     // Login before each test
      6 |     await page.goto('/login');
      7 |     await page.fill('input[name="email"]', 'test@example.com');
        at /Users/asithalakmal/Documents/web/final project/WeddingLK-next copy/tests/07-payments.spec.ts:4:8

    Error: page.fill: Test timeout of 30000ms exceeded.
    Call log:
      - waiting for locator('input[name="email"]')


       5 |     // Login before each test
       6 |     await page.goto('/login');
    >  7 |     await page.fill('input[name="email"]', 'test@example.com');
         |                ^
       8 |     await page.fill('input[name="password"]', 'TestPassword123!');
       9 |     await page.click('button[type="submit"]');
      10 |     await expect(page).toHaveURL(/dashboard/);
        at /Users/asithalakmal/Documents/web/final project/WeddingLK-next copy/tests/07-payments.spec.ts:7:16

    attachment #1: screenshot (image/png) ──────────────────────────────────────────────────────────
    ../test-results/07-payments-Payment-System-e2c25-support-multiple-currencies-chromium/test-failed-1.png
    ────────────────────────────────────────────────────────────────────────────────────────────────

    attachment #2: video (video/webm) ──────────────────────────────────────────────────────────────
    ../test-results/07-payments-Payment-System-e2c25-support-multiple-currencies-chromium/video.webm
    ────────────────────────────────────────────────────────────────────────────────────────────────

    Error Context: ../test-results/07-payments-Payment-System-e2c25-support-multiple-currencies-chromium/error-context.md
]]>
</failure>
<system-out>
<![CDATA[
[[ATTACHMENT|test-results/07-payments-Payment-System-e2c25-support-multiple-currencies-chromium/test-failed-1.png]]

[[ATTACHMENT|test-results/07-payments-Payment-System-e2c25-support-multiple-currencies-chromium/video.webm]]

[[ATTACHMENT|test-results/07-payments-Payment-System-e2c25-support-multiple-currencies-chromium/error-context.md]]
]]>
</system-out>
</testcase>
</testsuite>
<testsuite name="08-social.spec.ts" timestamp="2025-10-20T22:56:09.042Z" hostname="chromium" tests="17" failures="17" skipped="0" time="580.946" errors="0">
<testcase name="Social Features Tests › should create new post" classname="08-social.spec.ts" time="33.63">
<failure message="08-social.spec.ts:13:7 should create new post" type="FAILURE">
<![CDATA[  [chromium] › 08-social.spec.ts:13:7 › Social Features Tests › should create new post ─────────────

    Test timeout of 30000ms exceeded while running "beforeEach" hook.

      2 |
      3 | test.describe('Social Features Tests', () => {
    > 4 |   test.beforeEach(async ({ page }) => {
        |        ^
      5 |     // Login before each test
      6 |     await page.goto('/login');
      7 |     await page.fill('input[name="email"]', 'test@example.com');
        at /Users/asithalakmal/Documents/web/final project/WeddingLK-next copy/tests/08-social.spec.ts:4:8

    Error: page.fill: Test timeout of 30000ms exceeded.
    Call log:
      - waiting for locator('input[name="email"]')


       5 |     // Login before each test
       6 |     await page.goto('/login');
    >  7 |     await page.fill('input[name="email"]', 'test@example.com');
         |                ^
       8 |     await page.fill('input[name="password"]', 'TestPassword123!');
       9 |     await page.click('button[type="submit"]');
      10 |     await expect(page).toHaveURL(/dashboard/);
        at /Users/asithalakmal/Documents/web/final project/WeddingLK-next copy/tests/08-social.spec.ts:7:16

    attachment #1: screenshot (image/png) ──────────────────────────────────────────────────────────
    ../test-results/08-social-Social-Features-Tests-should-create-new-post-chromium/test-failed-1.png
    ────────────────────────────────────────────────────────────────────────────────────────────────

    attachment #2: video (video/webm) ──────────────────────────────────────────────────────────────
    ../test-results/08-social-Social-Features-Tests-should-create-new-post-chromium/video.webm
    ────────────────────────────────────────────────────────────────────────────────────────────────

    Error Context: ../test-results/08-social-Social-Features-Tests-should-create-new-post-chromium/error-context.md
]]>
</failure>
<system-out>
<![CDATA[
[[ATTACHMENT|test-results/08-social-Social-Features-Tests-should-create-new-post-chromium/test-failed-1.png]]

[[ATTACHMENT|test-results/08-social-Social-Features-Tests-should-create-new-post-chromium/video.webm]]

[[ATTACHMENT|test-results/08-social-Social-Features-Tests-should-create-new-post-chromium/error-context.md]]
]]>
</system-out>
</testcase>
<testcase name="Social Features Tests › should like/unlike post" classname="08-social.spec.ts" time="34.685">
<failure message="08-social.spec.ts:35:7 should like/unlike post" type="FAILURE">
<![CDATA[  [chromium] › 08-social.spec.ts:35:7 › Social Features Tests › should like/unlike post ────────────

    Test timeout of 30000ms exceeded while running "beforeEach" hook.

      2 |
      3 | test.describe('Social Features Tests', () => {
    > 4 |   test.beforeEach(async ({ page }) => {
        |        ^
      5 |     // Login before each test
      6 |     await page.goto('/login');
      7 |     await page.fill('input[name="email"]', 'test@example.com');
        at /Users/asithalakmal/Documents/web/final project/WeddingLK-next copy/tests/08-social.spec.ts:4:8

    Error: page.fill: Test timeout of 30000ms exceeded.
    Call log:
      - waiting for locator('input[name="email"]')


       5 |     // Login before each test
       6 |     await page.goto('/login');
    >  7 |     await page.fill('input[name="email"]', 'test@example.com');
         |                ^
       8 |     await page.fill('input[name="password"]', 'TestPassword123!');
       9 |     await page.click('button[type="submit"]');
      10 |     await expect(page).toHaveURL(/dashboard/);
        at /Users/asithalakmal/Documents/web/final project/WeddingLK-next copy/tests/08-social.spec.ts:7:16

    attachment #1: screenshot (image/png) ──────────────────────────────────────────────────────────
    ../test-results/08-social-Social-Features-Tests-should-like-unlike-post-chromium/test-failed-1.png
    ────────────────────────────────────────────────────────────────────────────────────────────────

    attachment #2: video (video/webm) ──────────────────────────────────────────────────────────────
    ../test-results/08-social-Social-Features-Tests-should-like-unlike-post-chromium/video.webm
    ────────────────────────────────────────────────────────────────────────────────────────────────

    Error Context: ../test-results/08-social-Social-Features-Tests-should-like-unlike-post-chromium/error-context.md
]]>
</failure>
<system-out>
<![CDATA[
[[ATTACHMENT|test-results/08-social-Social-Features-Tests-should-like-unlike-post-chromium/test-failed-1.png]]

[[ATTACHMENT|test-results/08-social-Social-Features-Tests-should-like-unlike-post-chromium/video.webm]]

[[ATTACHMENT|test-results/08-social-Social-Features-Tests-should-like-unlike-post-chromium/error-context.md]]
]]>
</system-out>
</testcase>
<testcase name="Social Features Tests › should comment on post" classname="08-social.spec.ts" time="36.338">
<failure message="08-social.spec.ts:54:7 should comment on post" type="FAILURE">
<![CDATA[  [chromium] › 08-social.spec.ts:54:7 › Social Features Tests › should comment on post ─────────────

    Test timeout of 30000ms exceeded while running "beforeEach" hook.

      2 |
      3 | test.describe('Social Features Tests', () => {
    > 4 |   test.beforeEach(async ({ page }) => {
        |        ^
      5 |     // Login before each test
      6 |     await page.goto('/login');
      7 |     await page.fill('input[name="email"]', 'test@example.com');
        at /Users/asithalakmal/Documents/web/final project/WeddingLK-next copy/tests/08-social.spec.ts:4:8

    Error: page.fill: Test timeout of 30000ms exceeded.
    Call log:
      - waiting for locator('input[name="email"]')


       5 |     // Login before each test
       6 |     await page.goto('/login');
    >  7 |     await page.fill('input[name="email"]', 'test@example.com');
         |                ^
       8 |     await page.fill('input[name="password"]', 'TestPassword123!');
       9 |     await page.click('button[type="submit"]');
      10 |     await expect(page).toHaveURL(/dashboard/);
        at /Users/asithalakmal/Documents/web/final project/WeddingLK-next copy/tests/08-social.spec.ts:7:16

    attachment #1: screenshot (image/png) ──────────────────────────────────────────────────────────
    ../test-results/08-social-Social-Features-Tests-should-comment-on-post-chromium/test-failed-1.png
    ────────────────────────────────────────────────────────────────────────────────────────────────

    attachment #2: video (video/webm) ──────────────────────────────────────────────────────────────
    ../test-results/08-social-Social-Features-Tests-should-comment-on-post-chromium/video.webm
    ────────────────────────────────────────────────────────────────────────────────────────────────

    Error Context: ../test-results/08-social-Social-Features-Tests-should-comment-on-post-chromium/error-context.md
]]>
</failure>
<system-out>
<![CDATA[
[[ATTACHMENT|test-results/08-social-Social-Features-Tests-should-comment-on-post-chromium/test-failed-1.png]]

[[ATTACHMENT|test-results/08-social-Social-Features-Tests-should-comment-on-post-chromium/video.webm]]

[[ATTACHMENT|test-results/08-social-Social-Features-Tests-should-comment-on-post-chromium/error-context.md]]
]]>
</system-out>
</testcase>
<testcase name="Social Features Tests › should share post" classname="08-social.spec.ts" time="34.535">
<failure message="08-social.spec.ts:73:7 should share post" type="FAILURE">
<![CDATA[  [chromium] › 08-social.spec.ts:73:7 › Social Features Tests › should share post ──────────────────

    Test timeout of 30000ms exceeded while running "beforeEach" hook.

      2 |
      3 | test.describe('Social Features Tests', () => {
    > 4 |   test.beforeEach(async ({ page }) => {
        |        ^
      5 |     // Login before each test
      6 |     await page.goto('/login');
      7 |     await page.fill('input[name="email"]', 'test@example.com');
        at /Users/asithalakmal/Documents/web/final project/WeddingLK-next copy/tests/08-social.spec.ts:4:8

    Error: page.fill: Test timeout of 30000ms exceeded.
    Call log:
      - waiting for locator('input[name="email"]')


       5 |     // Login before each test
       6 |     await page.goto('/login');
    >  7 |     await page.fill('input[name="email"]', 'test@example.com');
         |                ^
       8 |     await page.fill('input[name="password"]', 'TestPassword123!');
       9 |     await page.click('button[type="submit"]');
      10 |     await expect(page).toHaveURL(/dashboard/);
        at /Users/asithalakmal/Documents/web/final project/WeddingLK-next copy/tests/08-social.spec.ts:7:16

    attachment #1: screenshot (image/png) ──────────────────────────────────────────────────────────
    ../test-results/08-social-Social-Features-Tests-should-share-post-chromium/test-failed-1.png
    ────────────────────────────────────────────────────────────────────────────────────────────────

    attachment #2: video (video/webm) ──────────────────────────────────────────────────────────────
    ../test-results/08-social-Social-Features-Tests-should-share-post-chromium/video.webm
    ────────────────────────────────────────────────────────────────────────────────────────────────

    Error Context: ../test-results/08-social-Social-Features-Tests-should-share-post-chromium/error-context.md
]]>
</failure>
<system-out>
<![CDATA[
[[ATTACHMENT|test-results/08-social-Social-Features-Tests-should-share-post-chromium/test-failed-1.png]]

[[ATTACHMENT|test-results/08-social-Social-Features-Tests-should-share-post-chromium/video.webm]]

[[ATTACHMENT|test-results/08-social-Social-Features-Tests-should-share-post-chromium/error-context.md]]
]]>
</system-out>
</testcase>
<testcase name="Social Features Tests › should bookmark post" classname="08-social.spec.ts" time="33.814">
<failure message="08-social.spec.ts:86:7 should bookmark post" type="FAILURE">
<![CDATA[  [chromium] › 08-social.spec.ts:86:7 › Social Features Tests › should bookmark post ───────────────

    Test timeout of 30000ms exceeded while running "beforeEach" hook.

      2 |
      3 | test.describe('Social Features Tests', () => {
    > 4 |   test.beforeEach(async ({ page }) => {
        |        ^
      5 |     // Login before each test
      6 |     await page.goto('/login');
      7 |     await page.fill('input[name="email"]', 'test@example.com');
        at /Users/asithalakmal/Documents/web/final project/WeddingLK-next copy/tests/08-social.spec.ts:4:8

    Error: page.fill: Test timeout of 30000ms exceeded.
    Call log:
      - waiting for locator('input[name="email"]')


       5 |     // Login before each test
       6 |     await page.goto('/login');
    >  7 |     await page.fill('input[name="email"]', 'test@example.com');
         |                ^
       8 |     await page.fill('input[name="password"]', 'TestPassword123!');
       9 |     await page.click('button[type="submit"]');
      10 |     await expect(page).toHaveURL(/dashboard/);
        at /Users/asithalakmal/Documents/web/final project/WeddingLK-next copy/tests/08-social.spec.ts:7:16

    attachment #1: screenshot (image/png) ──────────────────────────────────────────────────────────
    ../test-results/08-social-Social-Features-Tests-should-bookmark-post-chromium/test-failed-1.png
    ────────────────────────────────────────────────────────────────────────────────────────────────

    attachment #2: video (video/webm) ──────────────────────────────────────────────────────────────
    ../test-results/08-social-Social-Features-Tests-should-bookmark-post-chromium/video.webm
    ────────────────────────────────────────────────────────────────────────────────────────────────

    Error Context: ../test-results/08-social-Social-Features-Tests-should-bookmark-post-chromium/error-context.md
]]>
</failure>
<system-out>
<![CDATA[
[[ATTACHMENT|test-results/08-social-Social-Features-Tests-should-bookmark-post-chromium/test-failed-1.png]]

[[ATTACHMENT|test-results/08-social-Social-Features-Tests-should-bookmark-post-chromium/video.webm]]

[[ATTACHMENT|test-results/08-social-Social-Features-Tests-should-bookmark-post-chromium/error-context.md]]
]]>
</system-out>
</testcase>
<testcase name="Social Features Tests › should create story" classname="08-social.spec.ts" time="34.244">
<failure message="08-social.spec.ts:99:7 should create story" type="FAILURE">
<![CDATA[  [chromium] › 08-social.spec.ts:99:7 › Social Features Tests › should create story ────────────────

    Test timeout of 30000ms exceeded while running "beforeEach" hook.

      2 |
      3 | test.describe('Social Features Tests', () => {
    > 4 |   test.beforeEach(async ({ page }) => {
        |        ^
      5 |     // Login before each test
      6 |     await page.goto('/login');
      7 |     await page.fill('input[name="email"]', 'test@example.com');
        at /Users/asithalakmal/Documents/web/final project/WeddingLK-next copy/tests/08-social.spec.ts:4:8

    Error: page.fill: Test timeout of 30000ms exceeded.
    Call log:
      - waiting for locator('input[name="email"]')


       5 |     // Login before each test
       6 |     await page.goto('/login');
    >  7 |     await page.fill('input[name="email"]', 'test@example.com');
         |                ^
       8 |     await page.fill('input[name="password"]', 'TestPassword123!');
       9 |     await page.click('button[type="submit"]');
      10 |     await expect(page).toHaveURL(/dashboard/);
        at /Users/asithalakmal/Documents/web/final project/WeddingLK-next copy/tests/08-social.spec.ts:7:16

    attachment #1: screenshot (image/png) ──────────────────────────────────────────────────────────
    ../test-results/08-social-Social-Features-Tests-should-create-story-chromium/test-failed-1.png
    ────────────────────────────────────────────────────────────────────────────────────────────────

    attachment #2: video (video/webm) ──────────────────────────────────────────────────────────────
    ../test-results/08-social-Social-Features-Tests-should-create-story-chromium/video.webm
    ────────────────────────────────────────────────────────────────────────────────────────────────

    Error Context: ../test-results/08-social-Social-Features-Tests-should-create-story-chromium/error-context.md
]]>
</failure>
<system-out>
<![CDATA[
[[ATTACHMENT|test-results/08-social-Social-Features-Tests-should-create-story-chromium/test-failed-1.png]]

[[ATTACHMENT|test-results/08-social-Social-Features-Tests-should-create-story-chromium/video.webm]]

[[ATTACHMENT|test-results/08-social-Social-Features-Tests-should-create-story-chromium/error-context.md]]
]]>
</system-out>
</testcase>
<testcase name="Social Features Tests › should view story" classname="08-social.spec.ts" time="33.497">
<failure message="08-social.spec.ts:125:7 should view story" type="FAILURE">
<![CDATA[  [chromium] › 08-social.spec.ts:125:7 › Social Features Tests › should view story ─────────────────

    Test timeout of 30000ms exceeded while running "beforeEach" hook.

      2 |
      3 | test.describe('Social Features Tests', () => {
    > 4 |   test.beforeEach(async ({ page }) => {
        |        ^
      5 |     // Login before each test
      6 |     await page.goto('/login');
      7 |     await page.fill('input[name="email"]', 'test@example.com');
        at /Users/asithalakmal/Documents/web/final project/WeddingLK-next copy/tests/08-social.spec.ts:4:8

    Error: page.fill: Test timeout of 30000ms exceeded.
    Call log:
      - waiting for locator('input[name="email"]')


       5 |     // Login before each test
       6 |     await page.goto('/login');
    >  7 |     await page.fill('input[name="email"]', 'test@example.com');
         |                ^
       8 |     await page.fill('input[name="password"]', 'TestPassword123!');
       9 |     await page.click('button[type="submit"]');
      10 |     await expect(page).toHaveURL(/dashboard/);
        at /Users/asithalakmal/Documents/web/final project/WeddingLK-next copy/tests/08-social.spec.ts:7:16

    attachment #1: screenshot (image/png) ──────────────────────────────────────────────────────────
    ../test-results/08-social-Social-Features-Tests-should-view-story-chromium/test-failed-1.png
    ────────────────────────────────────────────────────────────────────────────────────────────────

    attachment #2: video (video/webm) ──────────────────────────────────────────────────────────────
    ../test-results/08-social-Social-Features-Tests-should-view-story-chromium/video.webm
    ────────────────────────────────────────────────────────────────────────────────────────────────

    Error Context: ../test-results/08-social-Social-Features-Tests-should-view-story-chromium/error-context.md
]]>
</failure>
<system-out>
<![CDATA[
[[ATTACHMENT|test-results/08-social-Social-Features-Tests-should-view-story-chromium/test-failed-1.png]]

[[ATTACHMENT|test-results/08-social-Social-Features-Tests-should-view-story-chromium/video.webm]]

[[ATTACHMENT|test-results/08-social-Social-Features-Tests-should-view-story-chromium/error-context.md]]
]]>
</system-out>
</testcase>
<testcase name="Social Features Tests › should create reel" classname="08-social.spec.ts" time="33.384">
<failure message="08-social.spec.ts:138:7 should create reel" type="FAILURE">
<![CDATA[  [chromium] › 08-social.spec.ts:138:7 › Social Features Tests › should create reel ────────────────

    Test timeout of 30000ms exceeded while running "beforeEach" hook.

      2 |
      3 | test.describe('Social Features Tests', () => {
    > 4 |   test.beforeEach(async ({ page }) => {
        |        ^
      5 |     // Login before each test
      6 |     await page.goto('/login');
      7 |     await page.fill('input[name="email"]', 'test@example.com');
        at /Users/asithalakmal/Documents/web/final project/WeddingLK-next copy/tests/08-social.spec.ts:4:8

    Error: page.fill: Test timeout of 30000ms exceeded.
    Call log:
      - waiting for locator('input[name="email"]')


       5 |     // Login before each test
       6 |     await page.goto('/login');
    >  7 |     await page.fill('input[name="email"]', 'test@example.com');
         |                ^
       8 |     await page.fill('input[name="password"]', 'TestPassword123!');
       9 |     await page.click('button[type="submit"]');
      10 |     await expect(page).toHaveURL(/dashboard/);
        at /Users/asithalakmal/Documents/web/final project/WeddingLK-next copy/tests/08-social.spec.ts:7:16

    attachment #1: screenshot (image/png) ──────────────────────────────────────────────────────────
    ../test-results/08-social-Social-Features-Tests-should-create-reel-chromium/test-failed-1.png
    ────────────────────────────────────────────────────────────────────────────────────────────────

    attachment #2: video (video/webm) ──────────────────────────────────────────────────────────────
    ../test-results/08-social-Social-Features-Tests-should-create-reel-chromium/video.webm
    ────────────────────────────────────────────────────────────────────────────────────────────────

    Error Context: ../test-results/08-social-Social-Features-Tests-should-create-reel-chromium/error-context.md
]]>
</failure>
<system-out>
<![CDATA[
[[ATTACHMENT|test-results/08-social-Social-Features-Tests-should-create-reel-chromium/test-failed-1.png]]

[[ATTACHMENT|test-results/08-social-Social-Features-Tests-should-create-reel-chromium/video.webm]]

[[ATTACHMENT|test-results/08-social-Social-Features-Tests-should-create-reel-chromium/error-context.md]]
]]>
</system-out>
</testcase>
<testcase name="Social Features Tests › should follow user" classname="08-social.spec.ts" time="35.188">
<failure message="08-social.spec.ts:164:7 should follow user" type="FAILURE">
<![CDATA[  [chromium] › 08-social.spec.ts:164:7 › Social Features Tests › should follow user ────────────────

    Test timeout of 30000ms exceeded while running "beforeEach" hook.

      2 |
      3 | test.describe('Social Features Tests', () => {
    > 4 |   test.beforeEach(async ({ page }) => {
        |        ^
      5 |     // Login before each test
      6 |     await page.goto('/login');
      7 |     await page.fill('input[name="email"]', 'test@example.com');
        at /Users/asithalakmal/Documents/web/final project/WeddingLK-next copy/tests/08-social.spec.ts:4:8

    Error: page.fill: Test timeout of 30000ms exceeded.
    Call log:
      - waiting for locator('input[name="email"]')


       5 |     // Login before each test
       6 |     await page.goto('/login');
    >  7 |     await page.fill('input[name="email"]', 'test@example.com');
         |                ^
       8 |     await page.fill('input[name="password"]', 'TestPassword123!');
       9 |     await page.click('button[type="submit"]');
      10 |     await expect(page).toHaveURL(/dashboard/);
        at /Users/asithalakmal/Documents/web/final project/WeddingLK-next copy/tests/08-social.spec.ts:7:16

    attachment #1: screenshot (image/png) ──────────────────────────────────────────────────────────
    ../test-results/08-social-Social-Features-Tests-should-follow-user-chromium/test-failed-1.png
    ────────────────────────────────────────────────────────────────────────────────────────────────

    attachment #2: video (video/webm) ──────────────────────────────────────────────────────────────
    ../test-results/08-social-Social-Features-Tests-should-follow-user-chromium/video.webm
    ────────────────────────────────────────────────────────────────────────────────────────────────

    Error Context: ../test-results/08-social-Social-Features-Tests-should-follow-user-chromium/error-context.md
]]>
</failure>
<system-out>
<![CDATA[
[[ATTACHMENT|test-results/08-social-Social-Features-Tests-should-follow-user-chromium/test-failed-1.png]]

[[ATTACHMENT|test-results/08-social-Social-Features-Tests-should-follow-user-chromium/video.webm]]

[[ATTACHMENT|test-results/08-social-Social-Features-Tests-should-follow-user-chromium/error-context.md]]
]]>
</system-out>
</testcase>
<testcase name="Social Features Tests › should send direct message" classname="08-social.spec.ts" time="33.046">
<failure message="08-social.spec.ts:183:7 should send direct message" type="FAILURE">
<![CDATA[  [chromium] › 08-social.spec.ts:183:7 › Social Features Tests › should send direct message ────────

    Test timeout of 30000ms exceeded while running "beforeEach" hook.

      2 |
      3 | test.describe('Social Features Tests', () => {
    > 4 |   test.beforeEach(async ({ page }) => {
        |        ^
      5 |     // Login before each test
      6 |     await page.goto('/login');
      7 |     await page.fill('input[name="email"]', 'test@example.com');
        at /Users/asithalakmal/Documents/web/final project/WeddingLK-next copy/tests/08-social.spec.ts:4:8

    Error: page.fill: Test timeout of 30000ms exceeded.
    Call log:
      - waiting for locator('input[name="email"]')


       5 |     // Login before each test
       6 |     await page.goto('/login');
    >  7 |     await page.fill('input[name="email"]', 'test@example.com');
         |                ^
       8 |     await page.fill('input[name="password"]', 'TestPassword123!');
       9 |     await page.click('button[type="submit"]');
      10 |     await expect(page).toHaveURL(/dashboard/);
        at /Users/asithalakmal/Documents/web/final project/WeddingLK-next copy/tests/08-social.spec.ts:7:16

    attachment #1: screenshot (image/png) ──────────────────────────────────────────────────────────
    ../test-results/08-social-Social-Features-Tests-should-send-direct-message-chromium/test-failed-1.png
    ────────────────────────────────────────────────────────────────────────────────────────────────

    attachment #2: video (video/webm) ──────────────────────────────────────────────────────────────
    ../test-results/08-social-Social-Features-Tests-should-send-direct-message-chromium/video.webm
    ────────────────────────────────────────────────────────────────────────────────────────────────

    Error Context: ../test-results/08-social-Social-Features-Tests-should-send-direct-message-chromium/error-context.md
]]>
</failure>
<system-out>
<![CDATA[
[[ATTACHMENT|test-results/08-social-Social-Features-Tests-should-send-direct-message-chromium/test-failed-1.png]]

[[ATTACHMENT|test-results/08-social-Social-Features-Tests-should-send-direct-message-chromium/video.webm]]

[[ATTACHMENT|test-results/08-social-Social-Features-Tests-should-send-direct-message-chromium/error-context.md]]
]]>
</system-out>
</testcase>
<testcase name="Social Features Tests › should create group" classname="08-social.spec.ts" time="34.269">
<failure message="08-social.spec.ts:206:7 should create group" type="FAILURE">
<![CDATA[  [chromium] › 08-social.spec.ts:206:7 › Social Features Tests › should create group ───────────────

    Test timeout of 30000ms exceeded while running "beforeEach" hook.

      2 |
      3 | test.describe('Social Features Tests', () => {
    > 4 |   test.beforeEach(async ({ page }) => {
        |        ^
      5 |     // Login before each test
      6 |     await page.goto('/login');
      7 |     await page.fill('input[name="email"]', 'test@example.com');
        at /Users/asithalakmal/Documents/web/final project/WeddingLK-next copy/tests/08-social.spec.ts:4:8

    Error: page.fill: Test timeout of 30000ms exceeded.
    Call log:
      - waiting for locator('input[name="email"]')


       5 |     // Login before each test
       6 |     await page.goto('/login');
    >  7 |     await page.fill('input[name="email"]', 'test@example.com');
         |                ^
       8 |     await page.fill('input[name="password"]', 'TestPassword123!');
       9 |     await page.click('button[type="submit"]');
      10 |     await expect(page).toHaveURL(/dashboard/);
        at /Users/asithalakmal/Documents/web/final project/WeddingLK-next copy/tests/08-social.spec.ts:7:16

    attachment #1: screenshot (image/png) ──────────────────────────────────────────────────────────
    ../test-results/08-social-Social-Features-Tests-should-create-group-chromium/test-failed-1.png
    ────────────────────────────────────────────────────────────────────────────────────────────────

    attachment #2: video (video/webm) ──────────────────────────────────────────────────────────────
    ../test-results/08-social-Social-Features-Tests-should-create-group-chromium/video.webm
    ────────────────────────────────────────────────────────────────────────────────────────────────

    Error Context: ../test-results/08-social-Social-Features-Tests-should-create-group-chromium/error-context.md
]]>
</failure>
<system-out>
<![CDATA[
[[ATTACHMENT|test-results/08-social-Social-Features-Tests-should-create-group-chromium/test-failed-1.png]]

[[ATTACHMENT|test-results/08-social-Social-Features-Tests-should-create-group-chromium/video.webm]]

[[ATTACHMENT|test-results/08-social-Social-Features-Tests-should-create-group-chromium/error-context.md]]
]]>
</system-out>
</testcase>
<testcase name="Social Features Tests › should join group" classname="08-social.spec.ts" time="35.606">
<failure message="08-social.spec.ts:226:7 should join group" type="FAILURE">
<![CDATA[  [chromium] › 08-social.spec.ts:226:7 › Social Features Tests › should join group ─────────────────

    Test timeout of 30000ms exceeded while running "beforeEach" hook.

      2 |
      3 | test.describe('Social Features Tests', () => {
    > 4 |   test.beforeEach(async ({ page }) => {
        |        ^
      5 |     // Login before each test
      6 |     await page.goto('/login');
      7 |     await page.fill('input[name="email"]', 'test@example.com');
        at /Users/asithalakmal/Documents/web/final project/WeddingLK-next copy/tests/08-social.spec.ts:4:8

    Error: page.fill: Test timeout of 30000ms exceeded.
    Call log:
      - waiting for locator('input[name="email"]')


       5 |     // Login before each test
       6 |     await page.goto('/login');
    >  7 |     await page.fill('input[name="email"]', 'test@example.com');
         |                ^
       8 |     await page.fill('input[name="password"]', 'TestPassword123!');
       9 |     await page.click('button[type="submit"]');
      10 |     await expect(page).toHaveURL(/dashboard/);
        at /Users/asithalakmal/Documents/web/final project/WeddingLK-next copy/tests/08-social.spec.ts:7:16

    attachment #1: screenshot (image/png) ──────────────────────────────────────────────────────────
    ../test-results/08-social-Social-Features-Tests-should-join-group-chromium/test-failed-1.png
    ────────────────────────────────────────────────────────────────────────────────────────────────

    attachment #2: video (video/webm) ──────────────────────────────────────────────────────────────
    ../test-results/08-social-Social-Features-Tests-should-join-group-chromium/video.webm
    ────────────────────────────────────────────────────────────────────────────────────────────────

    Error Context: ../test-results/08-social-Social-Features-Tests-should-join-group-chromium/error-context.md
]]>
</failure>
<system-out>
<![CDATA[
[[ATTACHMENT|test-results/08-social-Social-Features-Tests-should-join-group-chromium/test-failed-1.png]]

[[ATTACHMENT|test-results/08-social-Social-Features-Tests-should-join-group-chromium/video.webm]]

[[ATTACHMENT|test-results/08-social-Social-Features-Tests-should-join-group-chromium/error-context.md]]
]]>
</system-out>
</testcase>
<testcase name="Social Features Tests › should search posts" classname="08-social.spec.ts" time="33.635">
<failure message="08-social.spec.ts:245:7 should search posts" type="FAILURE">
<![CDATA[  [chromium] › 08-social.spec.ts:245:7 › Social Features Tests › should search posts ───────────────

    Test timeout of 30000ms exceeded while running "beforeEach" hook.

      2 |
      3 | test.describe('Social Features Tests', () => {
    > 4 |   test.beforeEach(async ({ page }) => {
        |        ^
      5 |     // Login before each test
      6 |     await page.goto('/login');
      7 |     await page.fill('input[name="email"]', 'test@example.com');
        at /Users/asithalakmal/Documents/web/final project/WeddingLK-next copy/tests/08-social.spec.ts:4:8

    Error: page.fill: Test timeout of 30000ms exceeded.
    Call log:
      - waiting for locator('input[name="email"]')


       5 |     // Login before each test
       6 |     await page.goto('/login');
    >  7 |     await page.fill('input[name="email"]', 'test@example.com');
         |                ^
       8 |     await page.fill('input[name="password"]', 'TestPassword123!');
       9 |     await page.click('button[type="submit"]');
      10 |     await expect(page).toHaveURL(/dashboard/);
        at /Users/asithalakmal/Documents/web/final project/WeddingLK-next copy/tests/08-social.spec.ts:7:16

    attachment #1: screenshot (image/png) ──────────────────────────────────────────────────────────
    ../test-results/08-social-Social-Features-Tests-should-search-posts-chromium/test-failed-1.png
    ────────────────────────────────────────────────────────────────────────────────────────────────

    attachment #2: video (video/webm) ──────────────────────────────────────────────────────────────
    ../test-results/08-social-Social-Features-Tests-should-search-posts-chromium/video.webm
    ────────────────────────────────────────────────────────────────────────────────────────────────

    Error Context: ../test-results/08-social-Social-Features-Tests-should-search-posts-chromium/error-context.md
]]>
</failure>
<system-out>
<![CDATA[
[[ATTACHMENT|test-results/08-social-Social-Features-Tests-should-search-posts-chromium/test-failed-1.png]]

[[ATTACHMENT|test-results/08-social-Social-Features-Tests-should-search-posts-chromium/video.webm]]

[[ATTACHMENT|test-results/08-social-Social-Features-Tests-should-search-posts-chromium/error-context.md]]
]]>
</system-out>
</testcase>
<testcase name="Social Features Tests › should filter posts by hashtag" classname="08-social.spec.ts" time="33.837">
<failure message="08-social.spec.ts:263:7 should filter posts by hashtag" type="FAILURE">
<![CDATA[  [chromium] › 08-social.spec.ts:263:7 › Social Features Tests › should filter posts by hashtag ────

    Test timeout of 30000ms exceeded while running "beforeEach" hook.

      2 |
      3 | test.describe('Social Features Tests', () => {
    > 4 |   test.beforeEach(async ({ page }) => {
        |        ^
      5 |     // Login before each test
      6 |     await page.goto('/login');
      7 |     await page.fill('input[name="email"]', 'test@example.com');
        at /Users/asithalakmal/Documents/web/final project/WeddingLK-next copy/tests/08-social.spec.ts:4:8

    Error: page.fill: Test timeout of 30000ms exceeded.
    Call log:
      - waiting for locator('input[name="email"]')


       5 |     // Login before each test
       6 |     await page.goto('/login');
    >  7 |     await page.fill('input[name="email"]', 'test@example.com');
         |                ^
       8 |     await page.fill('input[name="password"]', 'TestPassword123!');
       9 |     await page.click('button[type="submit"]');
      10 |     await expect(page).toHaveURL(/dashboard/);
        at /Users/asithalakmal/Documents/web/final project/WeddingLK-next copy/tests/08-social.spec.ts:7:16

    attachment #1: screenshot (image/png) ──────────────────────────────────────────────────────────
    ../test-results/08-social-Social-Features--3e42e-uld-filter-posts-by-hashtag-chromium/test-failed-1.png
    ────────────────────────────────────────────────────────────────────────────────────────────────

    attachment #2: video (video/webm) ──────────────────────────────────────────────────────────────
    ../test-results/08-social-Social-Features--3e42e-uld-filter-posts-by-hashtag-chromium/video.webm
    ────────────────────────────────────────────────────────────────────────────────────────────────

    Error Context: ../test-results/08-social-Social-Features--3e42e-uld-filter-posts-by-hashtag-chromium/error-context.md
]]>
</failure>
<system-out>
<![CDATA[
[[ATTACHMENT|test-results/08-social-Social-Features--3e42e-uld-filter-posts-by-hashtag-chromium/test-failed-1.png]]

[[ATTACHMENT|test-results/08-social-Social-Features--3e42e-uld-filter-posts-by-hashtag-chromium/video.webm]]

[[ATTACHMENT|test-results/08-social-Social-Features--3e42e-uld-filter-posts-by-hashtag-chromium/error-context.md]]
]]>
</system-out>
</testcase>
<testcase name="Social Features Tests › should report inappropriate content" classname="08-social.spec.ts" time="33.522">
<failure message="08-social.spec.ts:279:7 should report inappropriate content" type="FAILURE">
<![CDATA[  [chromium] › 08-social.spec.ts:279:7 › Social Features Tests › should report inappropriate content 

    Test timeout of 30000ms exceeded while running "beforeEach" hook.

      2 |
      3 | test.describe('Social Features Tests', () => {
    > 4 |   test.beforeEach(async ({ page }) => {
        |        ^
      5 |     // Login before each test
      6 |     await page.goto('/login');
      7 |     await page.fill('input[name="email"]', 'test@example.com');
        at /Users/asithalakmal/Documents/web/final project/WeddingLK-next copy/tests/08-social.spec.ts:4:8

    Error: page.fill: Test timeout of 30000ms exceeded.
    Call log:
      - waiting for locator('input[name="email"]')


       5 |     // Login before each test
       6 |     await page.goto('/login');
    >  7 |     await page.fill('input[name="email"]', 'test@example.com');
         |                ^
       8 |     await page.fill('input[name="password"]', 'TestPassword123!');
       9 |     await page.click('button[type="submit"]');
      10 |     await expect(page).toHaveURL(/dashboard/);
        at /Users/asithalakmal/Documents/web/final project/WeddingLK-next copy/tests/08-social.spec.ts:7:16

    attachment #1: screenshot (image/png) ──────────────────────────────────────────────────────────
    ../test-results/08-social-Social-Features--432a4-eport-inappropriate-content-chromium/test-failed-1.png
    ────────────────────────────────────────────────────────────────────────────────────────────────

    attachment #2: video (video/webm) ──────────────────────────────────────────────────────────────
    ../test-results/08-social-Social-Features--432a4-eport-inappropriate-content-chromium/video.webm
    ────────────────────────────────────────────────────────────────────────────────────────────────

    Error Context: ../test-results/08-social-Social-Features--432a4-eport-inappropriate-content-chromium/error-context.md
]]>
</failure>
<system-out>
<![CDATA[
[[ATTACHMENT|test-results/08-social-Social-Features--432a4-eport-inappropriate-content-chromium/test-failed-1.png]]

[[ATTACHMENT|test-results/08-social-Social-Features--432a4-eport-inappropriate-content-chromium/video.webm]]

[[ATTACHMENT|test-results/08-social-Social-Features--432a4-eport-inappropriate-content-chromium/error-context.md]]
]]>
</system-out>
</testcase>
<testcase name="Social Features Tests › should view notifications" classname="08-social.spec.ts" time="34.06">
<failure message="08-social.spec.ts:298:7 should view notifications" type="FAILURE">
<![CDATA[  [chromium] › 08-social.spec.ts:298:7 › Social Features Tests › should view notifications ─────────

    Test timeout of 30000ms exceeded while running "beforeEach" hook.

      2 |
      3 | test.describe('Social Features Tests', () => {
    > 4 |   test.beforeEach(async ({ page }) => {
        |        ^
      5 |     // Login before each test
      6 |     await page.goto('/login');
      7 |     await page.fill('input[name="email"]', 'test@example.com');
        at /Users/asithalakmal/Documents/web/final project/WeddingLK-next copy/tests/08-social.spec.ts:4:8

    Error: page.fill: Test timeout of 30000ms exceeded.
    Call log:
      - waiting for locator('input[name="email"]')


       5 |     // Login before each test
       6 |     await page.goto('/login');
    >  7 |     await page.fill('input[name="email"]', 'test@example.com');
         |                ^
       8 |     await page.fill('input[name="password"]', 'TestPassword123!');
       9 |     await page.click('button[type="submit"]');
      10 |     await expect(page).toHaveURL(/dashboard/);
        at /Users/asithalakmal/Documents/web/final project/WeddingLK-next copy/tests/08-social.spec.ts:7:16

    attachment #1: screenshot (image/png) ──────────────────────────────────────────────────────────
    ../test-results/08-social-Social-Features-Tests-should-view-notifications-chromium/test-failed-1.png
    ────────────────────────────────────────────────────────────────────────────────────────────────

    attachment #2: video (video/webm) ──────────────────────────────────────────────────────────────
    ../test-results/08-social-Social-Features-Tests-should-view-notifications-chromium/video.webm
    ────────────────────────────────────────────────────────────────────────────────────────────────

    Error Context: ../test-results/08-social-Social-Features-Tests-should-view-notifications-chromium/error-context.md
]]>
</failure>
<system-out>
<![CDATA[
[[ATTACHMENT|test-results/08-social-Social-Features-Tests-should-view-notifications-chromium/test-failed-1.png]]

[[ATTACHMENT|test-results/08-social-Social-Features-Tests-should-view-notifications-chromium/video.webm]]

[[ATTACHMENT|test-results/08-social-Social-Features-Tests-should-view-notifications-chromium/error-context.md]]
]]>
</system-out>
</testcase>
<testcase name="Social Features Tests › should mark notifications as read" classname="08-social.spec.ts" time="33.656">
<failure message="08-social.spec.ts:311:7 should mark notifications as read" type="FAILURE">
<![CDATA[  [chromium] › 08-social.spec.ts:311:7 › Social Features Tests › should mark notifications as read ─

    Test timeout of 30000ms exceeded while running "beforeEach" hook.

      2 |
      3 | test.describe('Social Features Tests', () => {
    > 4 |   test.beforeEach(async ({ page }) => {
        |        ^
      5 |     // Login before each test
      6 |     await page.goto('/login');
      7 |     await page.fill('input[name="email"]', 'test@example.com');
        at /Users/asithalakmal/Documents/web/final project/WeddingLK-next copy/tests/08-social.spec.ts:4:8

    Error: page.fill: Test timeout of 30000ms exceeded.
    Call log:
      - waiting for locator('input[name="email"]')


       5 |     // Login before each test
       6 |     await page.goto('/login');
    >  7 |     await page.fill('input[name="email"]', 'test@example.com');
         |                ^
       8 |     await page.fill('input[name="password"]', 'TestPassword123!');
       9 |     await page.click('button[type="submit"]');
      10 |     await expect(page).toHaveURL(/dashboard/);
        at /Users/asithalakmal/Documents/web/final project/WeddingLK-next copy/tests/08-social.spec.ts:7:16

    attachment #1: screenshot (image/png) ──────────────────────────────────────────────────────────
    ../test-results/08-social-Social-Features--564a0--mark-notifications-as-read-chromium/test-failed-1.png
    ────────────────────────────────────────────────────────────────────────────────────────────────

    attachment #2: video (video/webm) ──────────────────────────────────────────────────────────────
    ../test-results/08-social-Social-Features--564a0--mark-notifications-as-read-chromium/video.webm
    ────────────────────────────────────────────────────────────────────────────────────────────────

    Error Context: ../test-results/08-social-Social-Features--564a0--mark-notifications-as-read-chromium/error-context.md
]]>
</failure>
<system-out>
<![CDATA[
[[ATTACHMENT|test-results/08-social-Social-Features--564a0--mark-notifications-as-read-chromium/test-failed-1.png]]

[[ATTACHMENT|test-results/08-social-Social-Features--564a0--mark-notifications-as-read-chromium/video.webm]]

[[ATTACHMENT|test-results/08-social-Social-Features--564a0--mark-notifications-as-read-chromium/error-context.md]]
]]>
</system-out>
</testcase>
</testsuite>
<testsuite name="09-admin.spec.ts" timestamp="2025-10-20T22:56:09.042Z" hostname="chromium" tests="16" failures="16" skipped="0" time="564.362" errors="0">
<testcase name="Admin Panel Tests › should access admin dashboard" classname="09-admin.spec.ts" time="33.698">
<failure message="09-admin.spec.ts:13:7 should access admin dashboard" type="FAILURE">
<![CDATA[  [chromium] › 09-admin.spec.ts:13:7 › Admin Panel Tests › should access admin dashboard ───────────

    Test timeout of 30000ms exceeded while running "beforeEach" hook.

      2 |
      3 | test.describe('Admin Panel Tests', () => {
    > 4 |   test.beforeEach(async ({ page }) => {
        |        ^
      5 |     // Login as admin
      6 |     await page.goto('/login');
      7 |     await page.fill('input[name="email"]', 'admin@example.com');
        at /Users/asithalakmal/Documents/web/final project/WeddingLK-next copy/tests/09-admin.spec.ts:4:8

    Error: page.fill: Test timeout of 30000ms exceeded.
    Call log:
      - waiting for locator('input[name="email"]')


       5 |     // Login as admin
       6 |     await page.goto('/login');
    >  7 |     await page.fill('input[name="email"]', 'admin@example.com');
         |                ^
       8 |     await page.fill('input[name="password"]', 'AdminPassword123!');
       9 |     await page.click('button[type="submit"]');
      10 |     await expect(page).toHaveURL(/dashboard/);
        at /Users/asithalakmal/Documents/web/final project/WeddingLK-next copy/tests/09-admin.spec.ts:7:16

    attachment #1: screenshot (image/png) ──────────────────────────────────────────────────────────
    ../test-results/09-admin-Admin-Panel-Tests-should-access-admin-dashboard-chromium/test-failed-1.png
    ────────────────────────────────────────────────────────────────────────────────────────────────

    attachment #2: video (video/webm) ──────────────────────────────────────────────────────────────
    ../test-results/09-admin-Admin-Panel-Tests-should-access-admin-dashboard-chromium/video.webm
    ────────────────────────────────────────────────────────────────────────────────────────────────

    Error Context: ../test-results/09-admin-Admin-Panel-Tests-should-access-admin-dashboard-chromium/error-context.md
]]>
</failure>
<system-out>
<![CDATA[
[[ATTACHMENT|test-results/09-admin-Admin-Panel-Tests-should-access-admin-dashboard-chromium/test-failed-1.png]]

[[ATTACHMENT|test-results/09-admin-Admin-Panel-Tests-should-access-admin-dashboard-chromium/video.webm]]

[[ATTACHMENT|test-results/09-admin-Admin-Panel-Tests-should-access-admin-dashboard-chromium/error-context.md]]
]]>
</system-out>
</testcase>
<testcase name="Admin Panel Tests › should manage users" classname="09-admin.spec.ts" time="35.897">
<failure message="09-admin.spec.ts:36:7 should manage users" type="FAILURE">
<![CDATA[  [chromium] › 09-admin.spec.ts:36:7 › Admin Panel Tests › should manage users ─────────────────────

    Test timeout of 30000ms exceeded while running "beforeEach" hook.

      2 |
      3 | test.describe('Admin Panel Tests', () => {
    > 4 |   test.beforeEach(async ({ page }) => {
        |        ^
      5 |     // Login as admin
      6 |     await page.goto('/login');
      7 |     await page.fill('input[name="email"]', 'admin@example.com');
        at /Users/asithalakmal/Documents/web/final project/WeddingLK-next copy/tests/09-admin.spec.ts:4:8

    Error: page.fill: Test timeout of 30000ms exceeded.
    Call log:
      - waiting for locator('input[name="email"]')


       5 |     // Login as admin
       6 |     await page.goto('/login');
    >  7 |     await page.fill('input[name="email"]', 'admin@example.com');
         |                ^
       8 |     await page.fill('input[name="password"]', 'AdminPassword123!');
       9 |     await page.click('button[type="submit"]');
      10 |     await expect(page).toHaveURL(/dashboard/);
        at /Users/asithalakmal/Documents/web/final project/WeddingLK-next copy/tests/09-admin.spec.ts:7:16

    attachment #1: screenshot (image/png) ──────────────────────────────────────────────────────────
    ../test-results/09-admin-Admin-Panel-Tests-should-manage-users-chromium/test-failed-1.png
    ────────────────────────────────────────────────────────────────────────────────────────────────

    attachment #2: video (video/webm) ──────────────────────────────────────────────────────────────
    ../test-results/09-admin-Admin-Panel-Tests-should-manage-users-chromium/video.webm
    ────────────────────────────────────────────────────────────────────────────────────────────────

    Error Context: ../test-results/09-admin-Admin-Panel-Tests-should-manage-users-chromium/error-context.md
]]>
</failure>
<system-out>
<![CDATA[
[[ATTACHMENT|test-results/09-admin-Admin-Panel-Tests-should-manage-users-chromium/test-failed-1.png]]

[[ATTACHMENT|test-results/09-admin-Admin-Panel-Tests-should-manage-users-chromium/video.webm]]

[[ATTACHMENT|test-results/09-admin-Admin-Panel-Tests-should-manage-users-chromium/error-context.md]]
]]>
</system-out>
</testcase>
<testcase name="Admin Panel Tests › should ban/unban user" classname="09-admin.spec.ts" time="36.345">
<failure message="09-admin.spec.ts:66:7 should ban/unban user" type="FAILURE">
<![CDATA[  [chromium] › 09-admin.spec.ts:66:7 › Admin Panel Tests › should ban/unban user ───────────────────

    Test timeout of 30000ms exceeded while running "beforeEach" hook.

      2 |
      3 | test.describe('Admin Panel Tests', () => {
    > 4 |   test.beforeEach(async ({ page }) => {
        |        ^
      5 |     // Login as admin
      6 |     await page.goto('/login');
      7 |     await page.fill('input[name="email"]', 'admin@example.com');
        at /Users/asithalakmal/Documents/web/final project/WeddingLK-next copy/tests/09-admin.spec.ts:4:8

    Error: page.fill: Test timeout of 30000ms exceeded.
    Call log:
      - waiting for locator('input[name="email"]')


       5 |     // Login as admin
       6 |     await page.goto('/login');
    >  7 |     await page.fill('input[name="email"]', 'admin@example.com');
         |                ^
       8 |     await page.fill('input[name="password"]', 'AdminPassword123!');
       9 |     await page.click('button[type="submit"]');
      10 |     await expect(page).toHaveURL(/dashboard/);
        at /Users/asithalakmal/Documents/web/final project/WeddingLK-next copy/tests/09-admin.spec.ts:7:16

    attachment #1: screenshot (image/png) ──────────────────────────────────────────────────────────
    ../test-results/09-admin-Admin-Panel-Tests-should-ban-unban-user-chromium/test-failed-1.png
    ────────────────────────────────────────────────────────────────────────────────────────────────

    attachment #2: video (video/webm) ──────────────────────────────────────────────────────────────
    ../test-results/09-admin-Admin-Panel-Tests-should-ban-unban-user-chromium/video.webm
    ────────────────────────────────────────────────────────────────────────────────────────────────

    Error Context: ../test-results/09-admin-Admin-Panel-Tests-should-ban-unban-user-chromium/error-context.md
]]>
</failure>
<system-out>
<![CDATA[
[[ATTACHMENT|test-results/09-admin-Admin-Panel-Tests-should-ban-unban-user-chromium/test-failed-1.png]]

[[ATTACHMENT|test-results/09-admin-Admin-Panel-Tests-should-ban-unban-user-chromium/video.webm]]

[[ATTACHMENT|test-results/09-admin-Admin-Panel-Tests-should-ban-unban-user-chromium/error-context.md]]
]]>
</system-out>
</testcase>
<testcase name="Admin Panel Tests › should manage vendors" classname="09-admin.spec.ts" time="37.144">
<failure message="09-admin.spec.ts:85:7 should manage vendors" type="FAILURE">
<![CDATA[  [chromium] › 09-admin.spec.ts:85:7 › Admin Panel Tests › should manage vendors ───────────────────

    Test timeout of 30000ms exceeded while running "beforeEach" hook.

      2 |
      3 | test.describe('Admin Panel Tests', () => {
    > 4 |   test.beforeEach(async ({ page }) => {
        |        ^
      5 |     // Login as admin
      6 |     await page.goto('/login');
      7 |     await page.fill('input[name="email"]', 'admin@example.com');
        at /Users/asithalakmal/Documents/web/final project/WeddingLK-next copy/tests/09-admin.spec.ts:4:8

    Error: page.fill: Test timeout of 30000ms exceeded.
    Call log:
      - waiting for locator('input[name="email"]')


       5 |     // Login as admin
       6 |     await page.goto('/login');
    >  7 |     await page.fill('input[name="email"]', 'admin@example.com');
         |                ^
       8 |     await page.fill('input[name="password"]', 'AdminPassword123!');
       9 |     await page.click('button[type="submit"]');
      10 |     await expect(page).toHaveURL(/dashboard/);
        at /Users/asithalakmal/Documents/web/final project/WeddingLK-next copy/tests/09-admin.spec.ts:7:16

    attachment #1: screenshot (image/png) ──────────────────────────────────────────────────────────
    ../test-results/09-admin-Admin-Panel-Tests-should-manage-vendors-chromium/test-failed-1.png
    ────────────────────────────────────────────────────────────────────────────────────────────────

    attachment #2: video (video/webm) ──────────────────────────────────────────────────────────────
    ../test-results/09-admin-Admin-Panel-Tests-should-manage-vendors-chromium/video.webm
    ────────────────────────────────────────────────────────────────────────────────────────────────

    Error Context: ../test-results/09-admin-Admin-Panel-Tests-should-manage-vendors-chromium/error-context.md
]]>
</failure>
<system-out>
<![CDATA[
[[ATTACHMENT|test-results/09-admin-Admin-Panel-Tests-should-manage-vendors-chromium/test-failed-1.png]]

[[ATTACHMENT|test-results/09-admin-Admin-Panel-Tests-should-manage-vendors-chromium/video.webm]]

[[ATTACHMENT|test-results/09-admin-Admin-Panel-Tests-should-manage-vendors-chromium/error-context.md]]
]]>
</system-out>
</testcase>
<testcase name="Admin Panel Tests › should reject vendor application" classname="09-admin.spec.ts" time="34.492">
<failure message="09-admin.spec.ts:106:7 should reject vendor application" type="FAILURE">
<![CDATA[  [chromium] › 09-admin.spec.ts:106:7 › Admin Panel Tests › should reject vendor application ───────

    Test timeout of 30000ms exceeded while running "beforeEach" hook.

      2 |
      3 | test.describe('Admin Panel Tests', () => {
    > 4 |   test.beforeEach(async ({ page }) => {
        |        ^
      5 |     // Login as admin
      6 |     await page.goto('/login');
      7 |     await page.fill('input[name="email"]', 'admin@example.com');
        at /Users/asithalakmal/Documents/web/final project/WeddingLK-next copy/tests/09-admin.spec.ts:4:8

    Error: page.fill: Test timeout of 30000ms exceeded.
    Call log:
      - waiting for locator('input[name="email"]')


       5 |     // Login as admin
       6 |     await page.goto('/login');
    >  7 |     await page.fill('input[name="email"]', 'admin@example.com');
         |                ^
       8 |     await page.fill('input[name="password"]', 'AdminPassword123!');
       9 |     await page.click('button[type="submit"]');
      10 |     await expect(page).toHaveURL(/dashboard/);
        at /Users/asithalakmal/Documents/web/final project/WeddingLK-next copy/tests/09-admin.spec.ts:7:16

    attachment #1: screenshot (image/png) ──────────────────────────────────────────────────────────
    ../test-results/09-admin-Admin-Panel-Tests-should-reject-vendor-application-chromium/test-failed-1.png
    ────────────────────────────────────────────────────────────────────────────────────────────────

    attachment #2: video (video/webm) ──────────────────────────────────────────────────────────────
    ../test-results/09-admin-Admin-Panel-Tests-should-reject-vendor-application-chromium/video.webm
    ────────────────────────────────────────────────────────────────────────────────────────────────

    Error Context: ../test-results/09-admin-Admin-Panel-Tests-should-reject-vendor-application-chromium/error-context.md
]]>
</failure>
<system-out>
<![CDATA[
[[ATTACHMENT|test-results/09-admin-Admin-Panel-Tests-should-reject-vendor-application-chromium/test-failed-1.png]]

[[ATTACHMENT|test-results/09-admin-Admin-Panel-Tests-should-reject-vendor-application-chromium/video.webm]]

[[ATTACHMENT|test-results/09-admin-Admin-Panel-Tests-should-reject-vendor-application-chromium/error-context.md]]
]]>
</system-out>
</testcase>
<testcase name="Admin Panel Tests › should manage bookings" classname="09-admin.spec.ts" time="34.584">
<failure message="09-admin.spec.ts:125:7 should manage bookings" type="FAILURE">
<![CDATA[  [chromium] › 09-admin.spec.ts:125:7 › Admin Panel Tests › should manage bookings ─────────────────

    Test timeout of 30000ms exceeded while running "beforeEach" hook.

      2 |
      3 | test.describe('Admin Panel Tests', () => {
    > 4 |   test.beforeEach(async ({ page }) => {
        |        ^
      5 |     // Login as admin
      6 |     await page.goto('/login');
      7 |     await page.fill('input[name="email"]', 'admin@example.com');
        at /Users/asithalakmal/Documents/web/final project/WeddingLK-next copy/tests/09-admin.spec.ts:4:8

    Error: page.fill: Test timeout of 30000ms exceeded.
    Call log:
      - waiting for locator('input[name="email"]')


       5 |     // Login as admin
       6 |     await page.goto('/login');
    >  7 |     await page.fill('input[name="email"]', 'admin@example.com');
         |                ^
       8 |     await page.fill('input[name="password"]', 'AdminPassword123!');
       9 |     await page.click('button[type="submit"]');
      10 |     await expect(page).toHaveURL(/dashboard/);
        at /Users/asithalakmal/Documents/web/final project/WeddingLK-next copy/tests/09-admin.spec.ts:7:16

    attachment #1: screenshot (image/png) ──────────────────────────────────────────────────────────
    ../test-results/09-admin-Admin-Panel-Tests-should-manage-bookings-chromium/test-failed-1.png
    ────────────────────────────────────────────────────────────────────────────────────────────────

    attachment #2: video (video/webm) ──────────────────────────────────────────────────────────────
    ../test-results/09-admin-Admin-Panel-Tests-should-manage-bookings-chromium/video.webm
    ────────────────────────────────────────────────────────────────────────────────────────────────

    Error Context: ../test-results/09-admin-Admin-Panel-Tests-should-manage-bookings-chromium/error-context.md
]]>
</failure>
<system-out>
<![CDATA[
[[ATTACHMENT|test-results/09-admin-Admin-Panel-Tests-should-manage-bookings-chromium/test-failed-1.png]]

[[ATTACHMENT|test-results/09-admin-Admin-Panel-Tests-should-manage-bookings-chromium/video.webm]]

[[ATTACHMENT|test-results/09-admin-Admin-Panel-Tests-should-manage-bookings-chromium/error-context.md]]
]]>
</system-out>
</testcase>
<testcase name="Admin Panel Tests › should cancel booking" classname="09-admin.spec.ts" time="34.275">
<failure message="09-admin.spec.ts:146:7 should cancel booking" type="FAILURE">
<![CDATA[  [chromium] › 09-admin.spec.ts:146:7 › Admin Panel Tests › should cancel booking ──────────────────

    Test timeout of 30000ms exceeded while running "beforeEach" hook.

      2 |
      3 | test.describe('Admin Panel Tests', () => {
    > 4 |   test.beforeEach(async ({ page }) => {
        |        ^
      5 |     // Login as admin
      6 |     await page.goto('/login');
      7 |     await page.fill('input[name="email"]', 'admin@example.com');
        at /Users/asithalakmal/Documents/web/final project/WeddingLK-next copy/tests/09-admin.spec.ts:4:8

    Error: page.fill: Test timeout of 30000ms exceeded.
    Call log:
      - waiting for locator('input[name="email"]')


       5 |     // Login as admin
       6 |     await page.goto('/login');
    >  7 |     await page.fill('input[name="email"]', 'admin@example.com');
         |                ^
       8 |     await page.fill('input[name="password"]', 'AdminPassword123!');
       9 |     await page.click('button[type="submit"]');
      10 |     await expect(page).toHaveURL(/dashboard/);
        at /Users/asithalakmal/Documents/web/final project/WeddingLK-next copy/tests/09-admin.spec.ts:7:16

    attachment #1: screenshot (image/png) ──────────────────────────────────────────────────────────
    ../test-results/09-admin-Admin-Panel-Tests-should-cancel-booking-chromium/test-failed-1.png
    ────────────────────────────────────────────────────────────────────────────────────────────────

    attachment #2: video (video/webm) ──────────────────────────────────────────────────────────────
    ../test-results/09-admin-Admin-Panel-Tests-should-cancel-booking-chromium/video.webm
    ────────────────────────────────────────────────────────────────────────────────────────────────

    Error Context: ../test-results/09-admin-Admin-Panel-Tests-should-cancel-booking-chromium/error-context.md
]]>
</failure>
<system-out>
<![CDATA[
[[ATTACHMENT|test-results/09-admin-Admin-Panel-Tests-should-cancel-booking-chromium/test-failed-1.png]]

[[ATTACHMENT|test-results/09-admin-Admin-Panel-Tests-should-cancel-booking-chromium/video.webm]]

[[ATTACHMENT|test-results/09-admin-Admin-Panel-Tests-should-cancel-booking-chromium/error-context.md]]
]]>
</system-out>
</testcase>
<testcase name="Admin Panel Tests › should view analytics" classname="09-admin.spec.ts" time="35.956">
<failure message="09-admin.spec.ts:165:7 should view analytics" type="FAILURE">
<![CDATA[  [chromium] › 09-admin.spec.ts:165:7 › Admin Panel Tests › should view analytics ──────────────────

    Test timeout of 30000ms exceeded while running "beforeEach" hook.

      2 |
      3 | test.describe('Admin Panel Tests', () => {
    > 4 |   test.beforeEach(async ({ page }) => {
        |        ^
      5 |     // Login as admin
      6 |     await page.goto('/login');
      7 |     await page.fill('input[name="email"]', 'admin@example.com');
        at /Users/asithalakmal/Documents/web/final project/WeddingLK-next copy/tests/09-admin.spec.ts:4:8

    Error: page.fill: Test timeout of 30000ms exceeded.
    Call log:
      - waiting for locator('input[name="email"]')


       5 |     // Login as admin
       6 |     await page.goto('/login');
    >  7 |     await page.fill('input[name="email"]', 'admin@example.com');
         |                ^
       8 |     await page.fill('input[name="password"]', 'AdminPassword123!');
       9 |     await page.click('button[type="submit"]');
      10 |     await expect(page).toHaveURL(/dashboard/);
        at /Users/asithalakmal/Documents/web/final project/WeddingLK-next copy/tests/09-admin.spec.ts:7:16

    attachment #1: screenshot (image/png) ──────────────────────────────────────────────────────────
    ../test-results/09-admin-Admin-Panel-Tests-should-view-analytics-chromium/test-failed-1.png
    ────────────────────────────────────────────────────────────────────────────────────────────────

    attachment #2: video (video/webm) ──────────────────────────────────────────────────────────────
    ../test-results/09-admin-Admin-Panel-Tests-should-view-analytics-chromium/video.webm
    ────────────────────────────────────────────────────────────────────────────────────────────────

    Error Context: ../test-results/09-admin-Admin-Panel-Tests-should-view-analytics-chromium/error-context.md
]]>
</failure>
<system-out>
<![CDATA[
[[ATTACHMENT|test-results/09-admin-Admin-Panel-Tests-should-view-analytics-chromium/test-failed-1.png]]

[[ATTACHMENT|test-results/09-admin-Admin-Panel-Tests-should-view-analytics-chromium/video.webm]]

[[ATTACHMENT|test-results/09-admin-Admin-Panel-Tests-should-view-analytics-chromium/error-context.md]]
]]>
</system-out>
</testcase>
<testcase name="Admin Panel Tests › should export data" classname="09-admin.spec.ts" time="34.339">
<failure message="09-admin.spec.ts:179:7 should export data" type="FAILURE">
<![CDATA[  [chromium] › 09-admin.spec.ts:179:7 › Admin Panel Tests › should export data ─────────────────────

    Test timeout of 30000ms exceeded while running "beforeEach" hook.

      2 |
      3 | test.describe('Admin Panel Tests', () => {
    > 4 |   test.beforeEach(async ({ page }) => {
        |        ^
      5 |     // Login as admin
      6 |     await page.goto('/login');
      7 |     await page.fill('input[name="email"]', 'admin@example.com');
        at /Users/asithalakmal/Documents/web/final project/WeddingLK-next copy/tests/09-admin.spec.ts:4:8

    Error: page.fill: Test timeout of 30000ms exceeded.
    Call log:
      - waiting for locator('input[name="email"]')


       5 |     // Login as admin
       6 |     await page.goto('/login');
    >  7 |     await page.fill('input[name="email"]', 'admin@example.com');
         |                ^
       8 |     await page.fill('input[name="password"]', 'AdminPassword123!');
       9 |     await page.click('button[type="submit"]');
      10 |     await expect(page).toHaveURL(/dashboard/);
        at /Users/asithalakmal/Documents/web/final project/WeddingLK-next copy/tests/09-admin.spec.ts:7:16

    attachment #1: screenshot (image/png) ──────────────────────────────────────────────────────────
    ../test-results/09-admin-Admin-Panel-Tests-should-export-data-chromium/test-failed-1.png
    ────────────────────────────────────────────────────────────────────────────────────────────────

    attachment #2: video (video/webm) ──────────────────────────────────────────────────────────────
    ../test-results/09-admin-Admin-Panel-Tests-should-export-data-chromium/video.webm
    ────────────────────────────────────────────────────────────────────────────────────────────────

    Error Context: ../test-results/09-admin-Admin-Panel-Tests-should-export-data-chromium/error-context.md
]]>
</failure>
<system-out>
<![CDATA[
[[ATTACHMENT|test-results/09-admin-Admin-Panel-Tests-should-export-data-chromium/test-failed-1.png]]

[[ATTACHMENT|test-results/09-admin-Admin-Panel-Tests-should-export-data-chromium/video.webm]]

[[ATTACHMENT|test-results/09-admin-Admin-Panel-Tests-should-export-data-chromium/error-context.md]]
]]>
</system-out>
</testcase>
<testcase name="Admin Panel Tests › should manage system settings" classname="09-admin.spec.ts" time="35.592">
<failure message="09-admin.spec.ts:194:7 should manage system settings" type="FAILURE">
<![CDATA[  [chromium] › 09-admin.spec.ts:194:7 › Admin Panel Tests › should manage system settings ──────────

    Test timeout of 30000ms exceeded while running "beforeEach" hook.

      2 |
      3 | test.describe('Admin Panel Tests', () => {
    > 4 |   test.beforeEach(async ({ page }) => {
        |        ^
      5 |     // Login as admin
      6 |     await page.goto('/login');
      7 |     await page.fill('input[name="email"]', 'admin@example.com');
        at /Users/asithalakmal/Documents/web/final project/WeddingLK-next copy/tests/09-admin.spec.ts:4:8

    Error: page.fill: Test timeout of 30000ms exceeded.
    Call log:
      - waiting for locator('input[name="email"]')


       5 |     // Login as admin
       6 |     await page.goto('/login');
    >  7 |     await page.fill('input[name="email"]', 'admin@example.com');
         |                ^
       8 |     await page.fill('input[name="password"]', 'AdminPassword123!');
       9 |     await page.click('button[type="submit"]');
      10 |     await expect(page).toHaveURL(/dashboard/);
        at /Users/asithalakmal/Documents/web/final project/WeddingLK-next copy/tests/09-admin.spec.ts:7:16

    attachment #1: screenshot (image/png) ──────────────────────────────────────────────────────────
    ../test-results/09-admin-Admin-Panel-Tests-should-manage-system-settings-chromium/test-failed-1.png
    ────────────────────────────────────────────────────────────────────────────────────────────────

    attachment #2: video (video/webm) ──────────────────────────────────────────────────────────────
    ../test-results/09-admin-Admin-Panel-Tests-should-manage-system-settings-chromium/video.webm
    ────────────────────────────────────────────────────────────────────────────────────────────────

    Error Context: ../test-results/09-admin-Admin-Panel-Tests-should-manage-system-settings-chromium/error-context.md
]]>
</failure>
<system-out>
<![CDATA[
[[ATTACHMENT|test-results/09-admin-Admin-Panel-Tests-should-manage-system-settings-chromium/test-failed-1.png]]

[[ATTACHMENT|test-results/09-admin-Admin-Panel-Tests-should-manage-system-settings-chromium/video.webm]]

[[ATTACHMENT|test-results/09-admin-Admin-Panel-Tests-should-manage-system-settings-chromium/error-context.md]]
]]>
</system-out>
</testcase>
<testcase name="Admin Panel Tests › should manage payment settings" classname="09-admin.spec.ts" time="35.066">
<failure message="09-admin.spec.ts:212:7 should manage payment settings" type="FAILURE">
<![CDATA[  [chromium] › 09-admin.spec.ts:212:7 › Admin Panel Tests › should manage payment settings ─────────

    Test timeout of 30000ms exceeded while running "beforeEach" hook.

      2 |
      3 | test.describe('Admin Panel Tests', () => {
    > 4 |   test.beforeEach(async ({ page }) => {
        |        ^
      5 |     // Login as admin
      6 |     await page.goto('/login');
      7 |     await page.fill('input[name="email"]', 'admin@example.com');
        at /Users/asithalakmal/Documents/web/final project/WeddingLK-next copy/tests/09-admin.spec.ts:4:8

    Error: page.fill: Test timeout of 30000ms exceeded.
    Call log:
      - waiting for locator('input[name="email"]')


       5 |     // Login as admin
       6 |     await page.goto('/login');
    >  7 |     await page.fill('input[name="email"]', 'admin@example.com');
         |                ^
       8 |     await page.fill('input[name="password"]', 'AdminPassword123!');
       9 |     await page.click('button[type="submit"]');
      10 |     await expect(page).toHaveURL(/dashboard/);
        at /Users/asithalakmal/Documents/web/final project/WeddingLK-next copy/tests/09-admin.spec.ts:7:16

    attachment #1: screenshot (image/png) ──────────────────────────────────────────────────────────
    ../test-results/09-admin-Admin-Panel-Tests-should-manage-payment-settings-chromium/test-failed-1.png
    ────────────────────────────────────────────────────────────────────────────────────────────────

    attachment #2: video (video/webm) ──────────────────────────────────────────────────────────────
    ../test-results/09-admin-Admin-Panel-Tests-should-manage-payment-settings-chromium/video.webm
    ────────────────────────────────────────────────────────────────────────────────────────────────

    Error Context: ../test-results/09-admin-Admin-Panel-Tests-should-manage-payment-settings-chromium/error-context.md
]]>
</failure>
<system-out>
<![CDATA[
[[ATTACHMENT|test-results/09-admin-Admin-Panel-Tests-should-manage-payment-settings-chromium/test-failed-1.png]]

[[ATTACHMENT|test-results/09-admin-Admin-Panel-Tests-should-manage-payment-settings-chromium/video.webm]]

[[ATTACHMENT|test-results/09-admin-Admin-Panel-Tests-should-manage-payment-settings-chromium/error-context.md]]
]]>
</system-out>
</testcase>
<testcase name="Admin Panel Tests › should view system logs" classname="09-admin.spec.ts" time="34.07">
<failure message="09-admin.spec.ts:230:7 should view system logs" type="FAILURE">
<![CDATA[  [chromium] › 09-admin.spec.ts:230:7 › Admin Panel Tests › should view system logs ────────────────

    Test timeout of 30000ms exceeded while running "beforeEach" hook.

      2 |
      3 | test.describe('Admin Panel Tests', () => {
    > 4 |   test.beforeEach(async ({ page }) => {
        |        ^
      5 |     // Login as admin
      6 |     await page.goto('/login');
      7 |     await page.fill('input[name="email"]', 'admin@example.com');
        at /Users/asithalakmal/Documents/web/final project/WeddingLK-next copy/tests/09-admin.spec.ts:4:8

    Error: page.fill: Test timeout of 30000ms exceeded.
    Call log:
      - waiting for locator('input[name="email"]')


       5 |     // Login as admin
       6 |     await page.goto('/login');
    >  7 |     await page.fill('input[name="email"]', 'admin@example.com');
         |                ^
       8 |     await page.fill('input[name="password"]', 'AdminPassword123!');
       9 |     await page.click('button[type="submit"]');
      10 |     await expect(page).toHaveURL(/dashboard/);
        at /Users/asithalakmal/Documents/web/final project/WeddingLK-next copy/tests/09-admin.spec.ts:7:16

    attachment #1: screenshot (image/png) ──────────────────────────────────────────────────────────
    ../test-results/09-admin-Admin-Panel-Tests-should-view-system-logs-chromium/test-failed-1.png
    ────────────────────────────────────────────────────────────────────────────────────────────────

    attachment #2: video (video/webm) ──────────────────────────────────────────────────────────────
    ../test-results/09-admin-Admin-Panel-Tests-should-view-system-logs-chromium/video.webm
    ────────────────────────────────────────────────────────────────────────────────────────────────

    Error Context: ../test-results/09-admin-Admin-Panel-Tests-should-view-system-logs-chromium/error-context.md
]]>
</failure>
<system-out>
<![CDATA[
[[ATTACHMENT|test-results/09-admin-Admin-Panel-Tests-should-view-system-logs-chromium/test-failed-1.png]]

[[ATTACHMENT|test-results/09-admin-Admin-Panel-Tests-should-view-system-logs-chromium/video.webm]]

[[ATTACHMENT|test-results/09-admin-Admin-Panel-Tests-should-view-system-logs-chromium/error-context.md]]
]]>
</system-out>
</testcase>
<testcase name="Admin Panel Tests › should manage content moderation" classname="09-admin.spec.ts" time="34.105">
<failure message="09-admin.spec.ts:244:7 should manage content moderation" type="FAILURE">
<![CDATA[  [chromium] › 09-admin.spec.ts:244:7 › Admin Panel Tests › should manage content moderation ───────

    Test timeout of 30000ms exceeded while running "beforeEach" hook.

      2 |
      3 | test.describe('Admin Panel Tests', () => {
    > 4 |   test.beforeEach(async ({ page }) => {
        |        ^
      5 |     // Login as admin
      6 |     await page.goto('/login');
      7 |     await page.fill('input[name="email"]', 'admin@example.com');
        at /Users/asithalakmal/Documents/web/final project/WeddingLK-next copy/tests/09-admin.spec.ts:4:8

    Error: page.fill: Test timeout of 30000ms exceeded.
    Call log:
      - waiting for locator('input[name="email"]')


       5 |     // Login as admin
       6 |     await page.goto('/login');
    >  7 |     await page.fill('input[name="email"]', 'admin@example.com');
         |                ^
       8 |     await page.fill('input[name="password"]', 'AdminPassword123!');
       9 |     await page.click('button[type="submit"]');
      10 |     await expect(page).toHaveURL(/dashboard/);
        at /Users/asithalakmal/Documents/web/final project/WeddingLK-next copy/tests/09-admin.spec.ts:7:16

    attachment #1: screenshot (image/png) ──────────────────────────────────────────────────────────
    ../test-results/09-admin-Admin-Panel-Tests-should-manage-content-moderation-chromium/test-failed-1.png
    ────────────────────────────────────────────────────────────────────────────────────────────────

    attachment #2: video (video/webm) ──────────────────────────────────────────────────────────────
    ../test-results/09-admin-Admin-Panel-Tests-should-manage-content-moderation-chromium/video.webm
    ────────────────────────────────────────────────────────────────────────────────────────────────

    Error Context: ../test-results/09-admin-Admin-Panel-Tests-should-manage-content-moderation-chromium/error-context.md
]]>
</failure>
<system-out>
<![CDATA[
[[ATTACHMENT|test-results/09-admin-Admin-Panel-Tests-should-manage-content-moderation-chromium/test-failed-1.png]]

[[ATTACHMENT|test-results/09-admin-Admin-Panel-Tests-should-manage-content-moderation-chromium/video.webm]]

[[ATTACHMENT|test-results/09-admin-Admin-Panel-Tests-should-manage-content-moderation-chromium/error-context.md]]
]]>
</system-out>
</testcase>
<testcase name="Admin Panel Tests › should handle user reports" classname="09-admin.spec.ts" time="34.511">
<failure message="09-admin.spec.ts:265:7 should handle user reports" type="FAILURE">
<![CDATA[  [chromium] › 09-admin.spec.ts:265:7 › Admin Panel Tests › should handle user reports ─────────────

    Test timeout of 30000ms exceeded while running "beforeEach" hook.

      2 |
      3 | test.describe('Admin Panel Tests', () => {
    > 4 |   test.beforeEach(async ({ page }) => {
        |        ^
      5 |     // Login as admin
      6 |     await page.goto('/login');
      7 |     await page.fill('input[name="email"]', 'admin@example.com');
        at /Users/asithalakmal/Documents/web/final project/WeddingLK-next copy/tests/09-admin.spec.ts:4:8

    Error: page.fill: Test timeout of 30000ms exceeded.
    Call log:
      - waiting for locator('input[name="email"]')


       5 |     // Login as admin
       6 |     await page.goto('/login');
    >  7 |     await page.fill('input[name="email"]', 'admin@example.com');
         |                ^
       8 |     await page.fill('input[name="password"]', 'AdminPassword123!');
       9 |     await page.click('button[type="submit"]');
      10 |     await expect(page).toHaveURL(/dashboard/);
        at /Users/asithalakmal/Documents/web/final project/WeddingLK-next copy/tests/09-admin.spec.ts:7:16

    attachment #1: screenshot (image/png) ──────────────────────────────────────────────────────────
    ../test-results/09-admin-Admin-Panel-Tests-should-handle-user-reports-chromium/test-failed-1.png
    ────────────────────────────────────────────────────────────────────────────────────────────────

    attachment #2: video (video/webm) ──────────────────────────────────────────────────────────────
    ../test-results/09-admin-Admin-Panel-Tests-should-handle-user-reports-chromium/video.webm
    ────────────────────────────────────────────────────────────────────────────────────────────────

    Error Context: ../test-results/09-admin-Admin-Panel-Tests-should-handle-user-reports-chromium/error-context.md
]]>
</failure>
<system-out>
<![CDATA[
[[ATTACHMENT|test-results/09-admin-Admin-Panel-Tests-should-handle-user-reports-chromium/test-failed-1.png]]

[[ATTACHMENT|test-results/09-admin-Admin-Panel-Tests-should-handle-user-reports-chromium/video.webm]]

[[ATTACHMENT|test-results/09-admin-Admin-Panel-Tests-should-handle-user-reports-chromium/error-context.md]]
]]>
</system-out>
</testcase>
<testcase name="Admin Panel Tests › should manage notifications" classname="09-admin.spec.ts" time="34.452">
<failure message="09-admin.spec.ts:286:7 should manage notifications" type="FAILURE">
<![CDATA[  [chromium] › 09-admin.spec.ts:286:7 › Admin Panel Tests › should manage notifications ────────────

    Test timeout of 30000ms exceeded while running "beforeEach" hook.

      2 |
      3 | test.describe('Admin Panel Tests', () => {
    > 4 |   test.beforeEach(async ({ page }) => {
        |        ^
      5 |     // Login as admin
      6 |     await page.goto('/login');
      7 |     await page.fill('input[name="email"]', 'admin@example.com');
        at /Users/asithalakmal/Documents/web/final project/WeddingLK-next copy/tests/09-admin.spec.ts:4:8

    Error: page.fill: Test timeout of 30000ms exceeded.
    Call log:
      - waiting for locator('input[name="email"]')


       5 |     // Login as admin
       6 |     await page.goto('/login');
    >  7 |     await page.fill('input[name="email"]', 'admin@example.com');
         |                ^
       8 |     await page.fill('input[name="password"]', 'AdminPassword123!');
       9 |     await page.click('button[type="submit"]');
      10 |     await expect(page).toHaveURL(/dashboard/);
        at /Users/asithalakmal/Documents/web/final project/WeddingLK-next copy/tests/09-admin.spec.ts:7:16

    attachment #1: screenshot (image/png) ──────────────────────────────────────────────────────────
    ../test-results/09-admin-Admin-Panel-Tests-should-manage-notifications-chromium/test-failed-1.png
    ────────────────────────────────────────────────────────────────────────────────────────────────

    attachment #2: video (video/webm) ──────────────────────────────────────────────────────────────
    ../test-results/09-admin-Admin-Panel-Tests-should-manage-notifications-chromium/video.webm
    ────────────────────────────────────────────────────────────────────────────────────────────────

    Error Context: ../test-results/09-admin-Admin-Panel-Tests-should-manage-notifications-chromium/error-context.md
]]>
</failure>
<system-out>
<![CDATA[
[[ATTACHMENT|test-results/09-admin-Admin-Panel-Tests-should-manage-notifications-chromium/test-failed-1.png]]

[[ATTACHMENT|test-results/09-admin-Admin-Panel-Tests-should-manage-notifications-chromium/video.webm]]

[[ATTACHMENT|test-results/09-admin-Admin-Panel-Tests-should-manage-notifications-chromium/error-context.md]]
]]>
</system-out>
</testcase>
<testcase name="Admin Panel Tests › should backup system data" classname="09-admin.spec.ts" time="39.836">
<failure message="09-admin.spec.ts:310:7 should backup system data" type="FAILURE">
<![CDATA[  [chromium] › 09-admin.spec.ts:310:7 › Admin Panel Tests › should backup system data ──────────────

    Test timeout of 30000ms exceeded while running "beforeEach" hook.

      2 |
      3 | test.describe('Admin Panel Tests', () => {
    > 4 |   test.beforeEach(async ({ page }) => {
        |        ^
      5 |     // Login as admin
      6 |     await page.goto('/login');
      7 |     await page.fill('input[name="email"]', 'admin@example.com');
        at /Users/asithalakmal/Documents/web/final project/WeddingLK-next copy/tests/09-admin.spec.ts:4:8

    Error: page.fill: Test timeout of 30000ms exceeded.
    Call log:
      - waiting for locator('input[name="email"]')


       5 |     // Login as admin
       6 |     await page.goto('/login');
    >  7 |     await page.fill('input[name="email"]', 'admin@example.com');
         |                ^
       8 |     await page.fill('input[name="password"]', 'AdminPassword123!');
       9 |     await page.click('button[type="submit"]');
      10 |     await expect(page).toHaveURL(/dashboard/);
        at /Users/asithalakmal/Documents/web/final project/WeddingLK-next copy/tests/09-admin.spec.ts:7:16

    attachment #1: screenshot (image/png) ──────────────────────────────────────────────────────────
    ../test-results/09-admin-Admin-Panel-Tests-should-backup-system-data-chromium/test-failed-1.png
    ────────────────────────────────────────────────────────────────────────────────────────────────

    attachment #2: video (video/webm) ──────────────────────────────────────────────────────────────
    ../test-results/09-admin-Admin-Panel-Tests-should-backup-system-data-chromium/video.webm
    ────────────────────────────────────────────────────────────────────────────────────────────────

    Error Context: ../test-results/09-admin-Admin-Panel-Tests-should-backup-system-data-chromium/error-context.md
]]>
</failure>
<system-out>
<![CDATA[
[[ATTACHMENT|test-results/09-admin-Admin-Panel-Tests-should-backup-system-data-chromium/test-failed-1.png]]

[[ATTACHMENT|test-results/09-admin-Admin-Panel-Tests-should-backup-system-data-chromium/video.webm]]

[[ATTACHMENT|test-results/09-admin-Admin-Panel-Tests-should-backup-system-data-chromium/error-context.md]]
]]>
</system-out>
</testcase>
</testsuite>
<testsuite name="10-api.spec.ts" timestamp="2025-10-20T22:56:09.042Z" hostname="chromium" tests="14" failures="14" skipped="0" time="30.741" errors="0">
<testcase name="API Endpoints Tests › should test authentication endpoints" classname="10-api.spec.ts" time="1.178">
<failure message="10-api.spec.ts:4:7 should test authentication endpoints" type="FAILURE">
<![CDATA[  [chromium] › 10-api.spec.ts:4:7 › API Endpoints Tests › should test authentication endpoints ─────

    Error: expect(received).toBe(expected) // Object.is equality

    Expected: 200
    Received: 400

      10 |       }
      11 |     });
    > 12 |     expect(loginResponse.status()).toBe(200);
         |                                    ^
      13 |     
      14 |     // Test register endpoint
      15 |     const registerResponse = await request.post('/api/auth/register', {
        at /Users/asithalakmal/Documents/web/final project/WeddingLK-next copy/tests/10-api.spec.ts:12:36
]]>
</failure>
</testcase>
<testcase name="API Endpoints Tests › should test venues CRUD endpoints" classname="10-api.spec.ts" time="2.731">
<failure message="10-api.spec.ts:27:7 should test venues CRUD endpoints" type="FAILURE">
<![CDATA[  [chromium] › 10-api.spec.ts:27:7 › API Endpoints Tests › should test venues CRUD endpoints ───────

    Error: expect(received).toBe(expected) // Object.is equality

    Expected: 201
    Received: 400

      40 |       }
      41 |     });
    > 42 |     expect(createVenueResponse.status()).toBe(201);
         |                                          ^
      43 |     
      44 |     const venueId = (await createVenueResponse.json()).id;
      45 |     
        at /Users/asithalakmal/Documents/web/final project/WeddingLK-next copy/tests/10-api.spec.ts:42:42
]]>
</failure>
</testcase>
<testcase name="API Endpoints Tests › should test vendors CRUD endpoints" classname="10-api.spec.ts" time="2.339">
<failure message="10-api.spec.ts:63:7 should test vendors CRUD endpoints" type="FAILURE">
<![CDATA[  [chromium] › 10-api.spec.ts:63:7 › API Endpoints Tests › should test vendors CRUD endpoints ──────

    Error: expect(received).toBe(expected) // Object.is equality

    Expected: 201
    Received: 400

      77 |       }
      78 |     });
    > 79 |     expect(createVendorResponse.status()).toBe(201);
         |                                           ^
      80 |     
      81 |     const vendorId = (await createVendorResponse.json()).id;
      82 |     
        at /Users/asithalakmal/Documents/web/final project/WeddingLK-next copy/tests/10-api.spec.ts:79:43
]]>
</failure>
</testcase>
<testcase name="API Endpoints Tests › should test bookings CRUD endpoints" classname="10-api.spec.ts" time="1.829">
<failure message="10-api.spec.ts:100:7 should test bookings CRUD endpoints" type="FAILURE">
<![CDATA[  [chromium] › 10-api.spec.ts:100:7 › API Endpoints Tests › should test bookings CRUD endpoints ────

    Error: expect(received).toBe(expected) // Object.is equality

    Expected: 200
    Received: 401

      101 |     // Test get bookings
      102 |     const getBookingsResponse = await request.get('/api/bookings');
    > 103 |     expect(getBookingsResponse.status()).toBe(200);
          |                                          ^
      104 |     
      105 |     // Test create booking
      106 |     const createBookingResponse = await request.post('/api/bookings', {
        at /Users/asithalakmal/Documents/web/final project/WeddingLK-next copy/tests/10-api.spec.ts:103:42
]]>
</failure>
</testcase>
<testcase name="API Endpoints Tests › should test payments endpoints" classname="10-api.spec.ts" time="1.412">
<failure message="10-api.spec.ts:138:7 should test payments endpoints" type="FAILURE">
<![CDATA[  [chromium] › 10-api.spec.ts:138:7 › API Endpoints Tests › should test payments endpoints ─────────

    Error: expect(received).toBe(expected) // Object.is equality

    Expected: 200
    Received: 401

      145 |       }
      146 |     });
    > 147 |     expect(createPaymentIntentResponse.status()).toBe(200);
          |                                                  ^
      148 |     
      149 |     // Test get payments
      150 |     const getPaymentsResponse = await request.get('/api/payments');
        at /Users/asithalakmal/Documents/web/final project/WeddingLK-next copy/tests/10-api.spec.ts:147:50
]]>
</failure>
</testcase>
<testcase name="API Endpoints Tests › should test posts CRUD endpoints" classname="10-api.spec.ts" time="1.928">
<failure message="10-api.spec.ts:154:7 should test posts CRUD endpoints" type="FAILURE">
<![CDATA[  [chromium] › 10-api.spec.ts:154:7 › API Endpoints Tests › should test posts CRUD endpoints ───────

    Error: expect(received).toBe(expected) // Object.is equality

    Expected: 201
    Received: 400

      165 |       }
      166 |     });
    > 167 |     expect(createPostResponse.status()).toBe(201);
          |                                         ^
      168 |     
      169 |     const postId = (await createPostResponse.json()).id;
      170 |     
        at /Users/asithalakmal/Documents/web/final project/WeddingLK-next copy/tests/10-api.spec.ts:167:41
]]>
</failure>
</testcase>
<testcase name="API Endpoints Tests › should test messages endpoints" classname="10-api.spec.ts" time="1.113">
<failure message="10-api.spec.ts:188:7 should test messages endpoints" type="FAILURE">
<![CDATA[  [chromium] › 10-api.spec.ts:188:7 › API Endpoints Tests › should test messages endpoints ─────────

    Error: expect(received).toBe(expected) // Object.is equality

    Expected: 200
    Received: 401

      189 |     // Test get messages
      190 |     const getMessagesResponse = await request.get('/api/messages');
    > 191 |     expect(getMessagesResponse.status()).toBe(200);
          |                                          ^
      192 |     
      193 |     // Test create message
      194 |     const createMessageResponse = await request.post('/api/messages', {
        at /Users/asithalakmal/Documents/web/final project/WeddingLK-next copy/tests/10-api.spec.ts:191:42
]]>
</failure>
</testcase>
<testcase name="API Endpoints Tests › should test search endpoints" classname="10-api.spec.ts" time="0.799">
<failure message="10-api.spec.ts:222:7 should test search endpoints" type="FAILURE">
<![CDATA[  [chromium] › 10-api.spec.ts:222:7 › API Endpoints Tests › should test search endpoints ───────────

    Error: expect(received).toBe(expected) // Object.is equality

    Expected: 200
    Received: 404

      223 |     // Test search venues
      224 |     const searchVenuesResponse = await request.get('/api/search/venues?q=hotel');
    > 225 |     expect(searchVenuesResponse.status()).toBe(200);
          |                                           ^
      226 |     
      227 |     // Test search vendors
      228 |     const searchVendorsResponse = await request.get('/api/search/vendors?q=photography');
        at /Users/asithalakmal/Documents/web/final project/WeddingLK-next copy/tests/10-api.spec.ts:225:43
]]>
</failure>
</testcase>
<testcase name="API Endpoints Tests › should test analytics endpoints" classname="10-api.spec.ts" time="3.15">
<failure message="10-api.spec.ts:236:7 should test analytics endpoints" type="FAILURE">
<![CDATA[  [chromium] › 10-api.spec.ts:236:7 › API Endpoints Tests › should test analytics endpoints ────────

    Error: expect(received).toBe(expected) // Object.is equality

    Expected: 200
    Received: 404

      241 |     // Test get user analytics
      242 |     const getUserAnalyticsResponse = await request.get('/api/analytics/users');
    > 243 |     expect(getUserAnalyticsResponse.status()).toBe(200);
          |                                               ^
      244 |     
      245 |     // Test get booking analytics
      246 |     const getBookingAnalyticsResponse = await request.get('/api/analytics/bookings');
        at /Users/asithalakmal/Documents/web/final project/WeddingLK-next copy/tests/10-api.spec.ts:243:47
]]>
</failure>
</testcase>
<testcase name="API Endpoints Tests › should test file upload endpoints" classname="10-api.spec.ts" time="0.291">
<failure message="10-api.spec.ts:250:7 should test file upload endpoints" type="FAILURE">
<![CDATA[  [chromium] › 10-api.spec.ts:250:7 › API Endpoints Tests › should test file upload endpoints ──────

    TypeError: apiRequestContext.post: stream.on is not a function

      250 |   test('should test file upload endpoints', async ({ request }) => {
      251 |     // Test upload image
    > 252 |     const uploadImageResponse = await request.post('/api/upload/image', {
          |                                               ^
      253 |       multipart: {
      254 |         file: new File(['test image content'], 'test.jpg', { type: 'image/jpeg' })
      255 |       }
        at /Users/asithalakmal/Documents/web/final project/WeddingLK-next copy/tests/10-api.spec.ts:252:47
]]>
</failure>
</testcase>
<testcase name="API Endpoints Tests › should test notification endpoints" classname="10-api.spec.ts" time="1.245">
<failure message="10-api.spec.ts:268:7 should test notification endpoints" type="FAILURE">
<![CDATA[  [chromium] › 10-api.spec.ts:268:7 › API Endpoints Tests › should test notification endpoints ─────

    Error: expect(received).toBe(expected) // Object.is equality

    Expected: 200
    Received: 401

      269 |     // Test get notifications
      270 |     const getNotificationsResponse = await request.get('/api/notifications');
    > 271 |     expect(getNotificationsResponse.status()).toBe(200);
          |                                               ^
      272 |     
      273 |     // Test create notification
      274 |     const createNotificationResponse = await request.post('/api/notifications', {
        at /Users/asithalakmal/Documents/web/final project/WeddingLK-next copy/tests/10-api.spec.ts:271:47
]]>
</failure>
</testcase>
<testcase name="API Endpoints Tests › should test error handling" classname="10-api.spec.ts" time="1.975">
<failure message="10-api.spec.ts:295:7 should test error handling" type="FAILURE">
<![CDATA[  [chromium] › 10-api.spec.ts:295:7 › API Endpoints Tests › should test error handling ─────────────

    Error: expect(received).toBe(expected) // Object.is equality

    Expected: 401
    Received: 404

      308 |     // Test 401 error
      309 |     const unauthorizedResponse = await request.get('/api/dashboard');
    > 310 |     expect(unauthorizedResponse.status()).toBe(401);
          |                                           ^
      311 |   });
      312 |
      313 |   test('should test rate limiting', async ({ request }) => {
        at /Users/asithalakmal/Documents/web/final project/WeddingLK-next copy/tests/10-api.spec.ts:310:43
]]>
</failure>
</testcase>
<testcase name="API Endpoints Tests › should test rate limiting" classname="10-api.spec.ts" time="10.672">
<failure message="10-api.spec.ts:313:7 should test rate limiting" type="FAILURE">
<![CDATA[  [chromium] › 10-api.spec.ts:313:7 › API Endpoints Tests › should test rate limiting ──────────────

    Error: expect(received).toBeGreaterThan(expected)

    Expected: > 0
    Received:   0

      322 |     // Some requests should be rate limited
      323 |     const rateLimitedResponses = responses.filter(r => r.status() === 429);
    > 324 |     expect(rateLimitedResponses.length).toBeGreaterThan(0);
          |                                         ^
      325 |   });
      326 |
      327 |   test('should test CORS headers', async ({ request }) => {
        at /Users/asithalakmal/Documents/web/final project/WeddingLK-next copy/tests/10-api.spec.ts:324:41
]]>
</failure>
</testcase>
<testcase name="API Endpoints Tests › should test CORS headers" classname="10-api.spec.ts" time="0.079">
<failure message="10-api.spec.ts:327:7 should test CORS headers" type="FAILURE">
<![CDATA[  [chromium] › 10-api.spec.ts:327:7 › API Endpoints Tests › should test CORS headers ───────────────

    TypeError: request.options is not a function

      327 |   test('should test CORS headers', async ({ request }) => {
      328 |     // Test CORS preflight request
    > 329 |     const corsResponse = await request.options('/api/venues');
          |                                        ^
      330 |     expect(corsResponse.status()).toBe(200);
      331 |     
      332 |     // Check CORS headers
        at /Users/asithalakmal/Documents/web/final project/WeddingLK-next copy/tests/10-api.spec.ts:329:40
]]>
</failure>
</testcase>
</testsuite>
<testsuite name="01-homepage.spec.ts" timestamp="2025-10-20T22:56:09.042Z" hostname="firefox" tests="6" failures="6" skipped="0" time="0.335" errors="0">
<testcase name="Homepage Tests › should load homepage successfully" classname="01-homepage.spec.ts" time="0.038">
<failure message="01-homepage.spec.ts:4:7 should load homepage successfully" type="FAILURE">
<![CDATA[  [firefox] › 01-homepage.spec.ts:4:7 › Homepage Tests › should load homepage successfully ─────────

    Error: browserType.launch: Executable doesn't exist at /Users/asithalakmal/Library/Caches/ms-playwright/firefox-1495/firefox/Nightly.app/Contents/MacOS/firefox
    ╔═════════════════════════════════════════════════════════════════════════╗
    ║ Looks like Playwright Test or Playwright was just installed or updated. ║
    ║ Please run the following command to download new browsers:              ║
    ║                                                                         ║
    ║     npx playwright install                                              ║
    ║                                                                         ║
    ║ <3 Playwright Team                                                      ║
    ╚═════════════════════════════════════════════════════════════════════════╝
]]>
</failure>
</testcase>
<testcase name="Homepage Tests › should have working navigation links" classname="01-homepage.spec.ts" time="0.028">
<failure message="01-homepage.spec.ts:21:7 should have working navigation links" type="FAILURE">
<![CDATA[  [firefox] › 01-homepage.spec.ts:21:7 › Homepage Tests › should have working navigation links ─────

    Error: browserType.launch: Executable doesn't exist at /Users/asithalakmal/Library/Caches/ms-playwright/firefox-1495/firefox/Nightly.app/Contents/MacOS/firefox
    ╔═════════════════════════════════════════════════════════════════════════╗
    ║ Looks like Playwright Test or Playwright was just installed or updated. ║
    ║ Please run the following command to download new browsers:              ║
    ║                                                                         ║
    ║     npx playwright install                                              ║
    ║                                                                         ║
    ║ <3 Playwright Team                                                      ║
    ╚═════════════════════════════════════════════════════════════════════════╝
]]>
</failure>
</testcase>
<testcase name="Homepage Tests › should have responsive design" classname="01-homepage.spec.ts" time="0.022">
<failure message="01-homepage.spec.ts:43:7 should have responsive design" type="FAILURE">
<![CDATA[  [firefox] › 01-homepage.spec.ts:43:7 › Homepage Tests › should have responsive design ────────────

    Error: browserType.launch: Executable doesn't exist at /Users/asithalakmal/Library/Caches/ms-playwright/firefox-1495/firefox/Nightly.app/Contents/MacOS/firefox
    ╔═════════════════════════════════════════════════════════════════════════╗
    ║ Looks like Playwright Test or Playwright was just installed or updated. ║
    ║ Please run the following command to download new browsers:              ║
    ║                                                                         ║
    ║     npx playwright install                                              ║
    ║                                                                         ║
    ║ <3 Playwright Team                                                      ║
    ╚═════════════════════════════════════════════════════════════════════════╝
]]>
</failure>
</testcase>
<testcase name="Homepage Tests › should have working search functionality" classname="01-homepage.spec.ts" time="0.132">
<failure message="01-homepage.spec.ts:62:7 should have working search functionality" type="FAILURE">
<![CDATA[  [firefox] › 01-homepage.spec.ts:62:7 › Homepage Tests › should have working search functionality ─

    Error: browserType.launch: Executable doesn't exist at /Users/asithalakmal/Library/Caches/ms-playwright/firefox-1495/firefox/Nightly.app/Contents/MacOS/firefox
    ╔═════════════════════════════════════════════════════════════════════════╗
    ║ Looks like Playwright Test or Playwright was just installed or updated. ║
    ║ Please run the following command to download new browsers:              ║
    ║                                                                         ║
    ║     npx playwright install                                              ║
    ║                                                                         ║
    ║ <3 Playwright Team                                                      ║
    ╚═════════════════════════════════════════════════════════════════════════╝
]]>
</failure>
</testcase>
<testcase name="Homepage Tests › should display featured content" classname="01-homepage.spec.ts" time="0.057">
<failure message="01-homepage.spec.ts:76:7 should display featured content" type="FAILURE">
<![CDATA[  [firefox] › 01-homepage.spec.ts:76:7 › Homepage Tests › should display featured content ──────────

    Error: browserType.launch: Executable doesn't exist at /Users/asithalakmal/Library/Caches/ms-playwright/firefox-1495/firefox/Nightly.app/Contents/MacOS/firefox
    ╔═════════════════════════════════════════════════════════════════════════╗
    ║ Looks like Playwright Test or Playwright was just installed or updated. ║
    ║ Please run the following command to download new browsers:              ║
    ║                                                                         ║
    ║     npx playwright install                                              ║
    ║                                                                         ║
    ║ <3 Playwright Team                                                      ║
    ╚═════════════════════════════════════════════════════════════════════════╝
]]>
</failure>
</testcase>
<testcase name="Homepage Tests › should handle 404 pages gracefully" classname="01-homepage.spec.ts" time="0.058">
<failure message="01-homepage.spec.ts:95:7 should handle 404 pages gracefully" type="FAILURE">
<![CDATA[  [firefox] › 01-homepage.spec.ts:95:7 › Homepage Tests › should handle 404 pages gracefully ───────

    Error: browserType.launch: Executable doesn't exist at /Users/asithalakmal/Library/Caches/ms-playwright/firefox-1495/firefox/Nightly.app/Contents/MacOS/firefox
    ╔═════════════════════════════════════════════════════════════════════════╗
    ║ Looks like Playwright Test or Playwright was just installed or updated. ║
    ║ Please run the following command to download new browsers:              ║
    ║                                                                         ║
    ║     npx playwright install                                              ║
    ║                                                                         ║
    ║ <3 Playwright Team                                                      ║
    ╚═════════════════════════════════════════════════════════════════════════╝
]]>
</failure>
</testcase>
</testsuite>
<testsuite name="02-authentication.spec.ts" timestamp="2025-10-20T22:56:09.042Z" hostname="firefox" tests="8" failures="8" skipped="0" time="0.562" errors="0">
<testcase name="Authentication Flow Tests › should register new user successfully" classname="02-authentication.spec.ts" time="0.019">
<failure message="02-authentication.spec.ts:4:7 should register new user successfully" type="FAILURE">
<![CDATA[  [firefox] › 02-authentication.spec.ts:4:7 › Authentication Flow Tests › should register new user successfully 

    Error: browserType.launch: Executable doesn't exist at /Users/asithalakmal/Library/Caches/ms-playwright/firefox-1495/firefox/Nightly.app/Contents/MacOS/firefox
    ╔═════════════════════════════════════════════════════════════════════════╗
    ║ Looks like Playwright Test or Playwright was just installed or updated. ║
    ║ Please run the following command to download new browsers:              ║
    ║                                                                         ║
    ║     npx playwright install                                              ║
    ║                                                                         ║
    ║ <3 Playwright Team                                                      ║
    ╚═════════════════════════════════════════════════════════════════════════╝
]]>
</failure>
</testcase>
<testcase name="Authentication Flow Tests › should register vendor successfully" classname="02-authentication.spec.ts" time="0.027">
<failure message="02-authentication.spec.ts:28:7 should register vendor successfully" type="FAILURE">
<![CDATA[  [firefox] › 02-authentication.spec.ts:28:7 › Authentication Flow Tests › should register vendor successfully 

    Error: browserType.launch: Executable doesn't exist at /Users/asithalakmal/Library/Caches/ms-playwright/firefox-1495/firefox/Nightly.app/Contents/MacOS/firefox
    ╔═════════════════════════════════════════════════════════════════════════╗
    ║ Looks like Playwright Test or Playwright was just installed or updated. ║
    ║ Please run the following command to download new browsers:              ║
    ║                                                                         ║
    ║     npx playwright install                                              ║
    ║                                                                         ║
    ║ <3 Playwright Team                                                      ║
    ╚═════════════════════════════════════════════════════════════════════════╝
]]>
</failure>
</testcase>
<testcase name="Authentication Flow Tests › should login with valid credentials" classname="02-authentication.spec.ts" time="0.029">
<failure message="02-authentication.spec.ts:52:7 should login with valid credentials" type="FAILURE">
<![CDATA[  [firefox] › 02-authentication.spec.ts:52:7 › Authentication Flow Tests › should login with valid credentials 

    Error: browserType.launch: Executable doesn't exist at /Users/asithalakmal/Library/Caches/ms-playwright/firefox-1495/firefox/Nightly.app/Contents/MacOS/firefox
    ╔═════════════════════════════════════════════════════════════════════════╗
    ║ Looks like Playwright Test or Playwright was just installed or updated. ║
    ║ Please run the following command to download new browsers:              ║
    ║                                                                         ║
    ║     npx playwright install                                              ║
    ║                                                                         ║
    ║ <3 Playwright Team                                                      ║
    ╚═════════════════════════════════════════════════════════════════════════╝
]]>
</failure>
</testcase>
<testcase name="Authentication Flow Tests › should show error for invalid credentials" classname="02-authentication.spec.ts" time="0.094">
<failure message="02-authentication.spec.ts:66:7 should show error for invalid credentials" type="FAILURE">
<![CDATA[  [firefox] › 02-authentication.spec.ts:66:7 › Authentication Flow Tests › should show error for invalid credentials 

    Error: browserType.launch: Executable doesn't exist at /Users/asithalakmal/Library/Caches/ms-playwright/firefox-1495/firefox/Nightly.app/Contents/MacOS/firefox
    ╔═════════════════════════════════════════════════════════════════════════╗
    ║ Looks like Playwright Test or Playwright was just installed or updated. ║
    ║ Please run the following command to download new browsers:              ║
    ║                                                                         ║
    ║     npx playwright install                                              ║
    ║                                                                         ║
    ║ <3 Playwright Team                                                      ║
    ╚═════════════════════════════════════════════════════════════════════════╝
]]>
</failure>
</testcase>
<testcase name="Authentication Flow Tests › should handle password reset flow" classname="02-authentication.spec.ts" time="0.139">
<failure message="02-authentication.spec.ts:80:7 should handle password reset flow" type="FAILURE">
<![CDATA[  [firefox] › 02-authentication.spec.ts:80:7 › Authentication Flow Tests › should handle password reset flow 

    Error: browserType.launch: Executable doesn't exist at /Users/asithalakmal/Library/Caches/ms-playwright/firefox-1495/firefox/Nightly.app/Contents/MacOS/firefox
    ╔═════════════════════════════════════════════════════════════════════════╗
    ║ Looks like Playwright Test or Playwright was just installed or updated. ║
    ║ Please run the following command to download new browsers:              ║
    ║                                                                         ║
    ║     npx playwright install                                              ║
    ║                                                                         ║
    ║ <3 Playwright Team                                                      ║
    ╚═════════════════════════════════════════════════════════════════════════╝
]]>
</failure>
</testcase>
<testcase name="Authentication Flow Tests › should logout successfully" classname="02-authentication.spec.ts" time="0.047">
<failure message="02-authentication.spec.ts:93:7 should logout successfully" type="FAILURE">
<![CDATA[  [firefox] › 02-authentication.spec.ts:93:7 › Authentication Flow Tests › should logout successfully 

    Error: browserType.launch: Executable doesn't exist at /Users/asithalakmal/Library/Caches/ms-playwright/firefox-1495/firefox/Nightly.app/Contents/MacOS/firefox
    ╔═════════════════════════════════════════════════════════════════════════╗
    ║ Looks like Playwright Test or Playwright was just installed or updated. ║
    ║ Please run the following command to download new browsers:              ║
    ║                                                                         ║
    ║     npx playwright install                                              ║
    ║                                                                         ║
    ║ <3 Playwright Team                                                      ║
    ╚═════════════════════════════════════════════════════════════════════════╝
]]>
</failure>
</testcase>
<testcase name="Authentication Flow Tests › should protect authenticated routes" classname="02-authentication.spec.ts" time="0.134">
<failure message="02-authentication.spec.ts:111:7 should protect authenticated routes" type="FAILURE">
<![CDATA[  [firefox] › 02-authentication.spec.ts:111:7 › Authentication Flow Tests › should protect authenticated routes 

    Error: browserType.launch: Executable doesn't exist at /Users/asithalakmal/Library/Caches/ms-playwright/firefox-1495/firefox/Nightly.app/Contents/MacOS/firefox
    ╔═════════════════════════════════════════════════════════════════════════╗
    ║ Looks like Playwright Test or Playwright was just installed or updated. ║
    ║ Please run the following command to download new browsers:              ║
    ║                                                                         ║
    ║     npx playwright install                                              ║
    ║                                                                         ║
    ║ <3 Playwright Team                                                      ║
    ╚═════════════════════════════════════════════════════════════════════════╝
]]>
</failure>
</testcase>
<testcase name="Authentication Flow Tests › should handle role-based redirects" classname="02-authentication.spec.ts" time="0.073">
<failure message="02-authentication.spec.ts:119:7 should handle role-based redirects" type="FAILURE">
<![CDATA[  [firefox] › 02-authentication.spec.ts:119:7 › Authentication Flow Tests › should handle role-based redirects 

    Error: browserType.launch: Executable doesn't exist at /Users/asithalakmal/Library/Caches/ms-playwright/firefox-1495/firefox/Nightly.app/Contents/MacOS/firefox
    ╔═════════════════════════════════════════════════════════════════════════╗
    ║ Looks like Playwright Test or Playwright was just installed or updated. ║
    ║ Please run the following command to download new browsers:              ║
    ║                                                                         ║
    ║     npx playwright install                                              ║
    ║                                                                         ║
    ║ <3 Playwright Team                                                      ║
    ╚═════════════════════════════════════════════════════════════════════════╝
]]>
</failure>
</testcase>
</testsuite>
<testsuite name="03-dashboard.spec.ts" timestamp="2025-10-20T22:56:09.042Z" hostname="firefox" tests="6" failures="6" skipped="0" time="0.239" errors="0">
<testcase name="Dashboard Tests › should load user dashboard" classname="03-dashboard.spec.ts" time="0.027">
<failure message="03-dashboard.spec.ts:13:7 should load user dashboard" type="FAILURE">
<![CDATA[  [firefox] › 03-dashboard.spec.ts:13:7 › Dashboard Tests › should load user dashboard ─────────────

    Error: browserType.launch: Executable doesn't exist at /Users/asithalakmal/Library/Caches/ms-playwright/firefox-1495/firefox/Nightly.app/Contents/MacOS/firefox
    ╔═════════════════════════════════════════════════════════════════════════╗
    ║ Looks like Playwright Test or Playwright was just installed or updated. ║
    ║ Please run the following command to download new browsers:              ║
    ║                                                                         ║
    ║     npx playwright install                                              ║
    ║                                                                         ║
    ║ <3 Playwright Team                                                      ║
    ╚═════════════════════════════════════════════════════════════════════════╝
]]>
</failure>
</testcase>
<testcase name="Dashboard Tests › should load vendor dashboard" classname="03-dashboard.spec.ts" time="0.083">
<failure message="03-dashboard.spec.ts:35:7 should load vendor dashboard" type="FAILURE">
<![CDATA[  [firefox] › 03-dashboard.spec.ts:35:7 › Dashboard Tests › should load vendor dashboard ───────────

    Error: browserType.launch: Executable doesn't exist at /Users/asithalakmal/Library/Caches/ms-playwright/firefox-1495/firefox/Nightly.app/Contents/MacOS/firefox
    ╔═════════════════════════════════════════════════════════════════════════╗
    ║ Looks like Playwright Test or Playwright was just installed or updated. ║
    ║ Please run the following command to download new browsers:              ║
    ║                                                                         ║
    ║     npx playwright install                                              ║
    ║                                                                         ║
    ║ <3 Playwright Team                                                      ║
    ╚═════════════════════════════════════════════════════════════════════════╝
]]>
</failure>
</testcase>
<testcase name="Dashboard Tests › should load admin dashboard" classname="03-dashboard.spec.ts" time="0.07">
<failure message="03-dashboard.spec.ts:57:7 should load admin dashboard" type="FAILURE">
<![CDATA[  [firefox] › 03-dashboard.spec.ts:57:7 › Dashboard Tests › should load admin dashboard ────────────

    Error: browserType.launch: Executable doesn't exist at /Users/asithalakmal/Library/Caches/ms-playwright/firefox-1495/firefox/Nightly.app/Contents/MacOS/firefox
    ╔═════════════════════════════════════════════════════════════════════════╗
    ║ Looks like Playwright Test or Playwright was just installed or updated. ║
    ║ Please run the following command to download new browsers:              ║
    ║                                                                         ║
    ║     npx playwright install                                              ║
    ║                                                                         ║
    ║ <3 Playwright Team                                                      ║
    ╚═════════════════════════════════════════════════════════════════════════╝
]]>
</failure>
</testcase>
<testcase name="Dashboard Tests › should navigate between dashboard sections" classname="03-dashboard.spec.ts" time="0.02">
<failure message="03-dashboard.spec.ts:79:7 should navigate between dashboard sections" type="FAILURE">
<![CDATA[  [firefox] › 03-dashboard.spec.ts:79:7 › Dashboard Tests › should navigate between dashboard sections 

    Error: browserType.launch: Executable doesn't exist at /Users/asithalakmal/Library/Caches/ms-playwright/firefox-1495/firefox/Nightly.app/Contents/MacOS/firefox
    ╔═════════════════════════════════════════════════════════════════════════╗
    ║ Looks like Playwright Test or Playwright was just installed or updated. ║
    ║ Please run the following command to download new browsers:              ║
    ║                                                                         ║
    ║     npx playwright install                                              ║
    ║                                                                         ║
    ║ <3 Playwright Team                                                      ║
    ╚═════════════════════════════════════════════════════════════════════════╝
]]>
</failure>
</testcase>
<testcase name="Dashboard Tests › should display user statistics" classname="03-dashboard.spec.ts" time="0.025">
<failure message="03-dashboard.spec.ts:100:7 should display user statistics" type="FAILURE">
<![CDATA[  [firefox] › 03-dashboard.spec.ts:100:7 › Dashboard Tests › should display user statistics ────────

    Error: browserType.launch: Executable doesn't exist at /Users/asithalakmal/Library/Caches/ms-playwright/firefox-1495/firefox/Nightly.app/Contents/MacOS/firefox
    ╔═════════════════════════════════════════════════════════════════════════╗
    ║ Looks like Playwright Test or Playwright was just installed or updated. ║
    ║ Please run the following command to download new browsers:              ║
    ║                                                                         ║
    ║     npx playwright install                                              ║
    ║                                                                         ║
    ║ <3 Playwright Team                                                      ║
    ╚═════════════════════════════════════════════════════════════════════════╝
]]>
</failure>
</testcase>
<testcase name="Dashboard Tests › should handle responsive dashboard layout" classname="03-dashboard.spec.ts" time="0.014">
<failure message="03-dashboard.spec.ts:110:7 should handle responsive dashboard layout" type="FAILURE">
<![CDATA[  [firefox] › 03-dashboard.spec.ts:110:7 › Dashboard Tests › should handle responsive dashboard layout 

    Error: browserType.launch: Executable doesn't exist at /Users/asithalakmal/Library/Caches/ms-playwright/firefox-1495/firefox/Nightly.app/Contents/MacOS/firefox
    ╔═════════════════════════════════════════════════════════════════════════╗
    ║ Looks like Playwright Test or Playwright was just installed or updated. ║
    ║ Please run the following command to download new browsers:              ║
    ║                                                                         ║
    ║     npx playwright install                                              ║
    ║                                                                         ║
    ║ <3 Playwright Team                                                      ║
    ╚═════════════════════════════════════════════════════════════════════════╝
]]>
</failure>
</testcase>
</testsuite>
<testsuite name="04-venues.spec.ts" timestamp="2025-10-20T22:56:09.042Z" hostname="firefox" tests="10" failures="10" skipped="0" time="0.498" errors="0">
<testcase name="Venues CRUD Tests › should display venues list" classname="04-venues.spec.ts" time="0.027">
<failure message="04-venues.spec.ts:4:7 should display venues list" type="FAILURE">
<![CDATA[  [firefox] › 04-venues.spec.ts:4:7 › Venues CRUD Tests › should display venues list ───────────────

    Error: browserType.launch: Executable doesn't exist at /Users/asithalakmal/Library/Caches/ms-playwright/firefox-1495/firefox/Nightly.app/Contents/MacOS/firefox
    ╔═════════════════════════════════════════════════════════════════════════╗
    ║ Looks like Playwright Test or Playwright was just installed or updated. ║
    ║ Please run the following command to download new browsers:              ║
    ║                                                                         ║
    ║     npx playwright install                                              ║
    ║                                                                         ║
    ║ <3 Playwright Team                                                      ║
    ╚═════════════════════════════════════════════════════════════════════════╝
]]>
</failure>
</testcase>
<testcase name="Venues CRUD Tests › should filter venues by location" classname="04-venues.spec.ts" time="0.015">
<failure message="04-venues.spec.ts:15:7 should filter venues by location" type="FAILURE">
<![CDATA[  [firefox] › 04-venues.spec.ts:15:7 › Venues CRUD Tests › should filter venues by location ────────

    Error: browserType.launch: Executable doesn't exist at /Users/asithalakmal/Library/Caches/ms-playwright/firefox-1495/firefox/Nightly.app/Contents/MacOS/firefox
    ╔═════════════════════════════════════════════════════════════════════════╗
    ║ Looks like Playwright Test or Playwright was just installed or updated. ║
    ║ Please run the following command to download new browsers:              ║
    ║                                                                         ║
    ║     npx playwright install                                              ║
    ║                                                                         ║
    ║ <3 Playwright Team                                                      ║
    ╚═════════════════════════════════════════════════════════════════════════╝
]]>
</failure>
</testcase>
<testcase name="Venues CRUD Tests › should filter venues by capacity" classname="04-venues.spec.ts" time="0.012">
<failure message="04-venues.spec.ts:32:7 should filter venues by capacity" type="FAILURE">
<![CDATA[  [firefox] › 04-venues.spec.ts:32:7 › Venues CRUD Tests › should filter venues by capacity ────────

    Error: browserType.launch: Executable doesn't exist at /Users/asithalakmal/Library/Caches/ms-playwright/firefox-1495/firefox/Nightly.app/Contents/MacOS/firefox
    ╔═════════════════════════════════════════════════════════════════════════╗
    ║ Looks like Playwright Test or Playwright was just installed or updated. ║
    ║ Please run the following command to download new browsers:              ║
    ║                                                                         ║
    ║     npx playwright install                                              ║
    ║                                                                         ║
    ║ <3 Playwright Team                                                      ║
    ╚═════════════════════════════════════════════════════════════════════════╝
]]>
</failure>
</testcase>
<testcase name="Venues CRUD Tests › should search venues" classname="04-venues.spec.ts" time="0.049">
<failure message="04-venues.spec.ts:49:7 should search venues" type="FAILURE">
<![CDATA[  [firefox] › 04-venues.spec.ts:49:7 › Venues CRUD Tests › should search venues ────────────────────

    Error: browserType.launch: Executable doesn't exist at /Users/asithalakmal/Library/Caches/ms-playwright/firefox-1495/firefox/Nightly.app/Contents/MacOS/firefox
    ╔═════════════════════════════════════════════════════════════════════════╗
    ║ Looks like Playwright Test or Playwright was just installed or updated. ║
    ║ Please run the following command to download new browsers:              ║
    ║                                                                         ║
    ║     npx playwright install                                              ║
    ║                                                                         ║
    ║ <3 Playwright Team                                                      ║
    ╚═════════════════════════════════════════════════════════════════════════╝
]]>
</failure>
</testcase>
<testcase name="Venues CRUD Tests › should view venue details" classname="04-venues.spec.ts" time="0.027">
<failure message="04-venues.spec.ts:67:7 should view venue details" type="FAILURE">
<![CDATA[  [firefox] › 04-venues.spec.ts:67:7 › Venues CRUD Tests › should view venue details ───────────────

    Error: browserType.launch: Executable doesn't exist at /Users/asithalakmal/Library/Caches/ms-playwright/firefox-1495/firefox/Nightly.app/Contents/MacOS/firefox
    ╔═════════════════════════════════════════════════════════════════════════╗
    ║ Looks like Playwright Test or Playwright was just installed or updated. ║
    ║ Please run the following command to download new browsers:              ║
    ║                                                                         ║
    ║     npx playwright install                                              ║
    ║                                                                         ║
    ║ <3 Playwright Team                                                      ║
    ╚═════════════════════════════════════════════════════════════════════════╝
]]>
</failure>
</testcase>
<testcase name="Venues CRUD Tests › should book venue" classname="04-venues.spec.ts" time="0.201">
<failure message="04-venues.spec.ts:98:7 should book venue" type="FAILURE">
<![CDATA[  [firefox] › 04-venues.spec.ts:98:7 › Venues CRUD Tests › should book venue ───────────────────────

    Error: browserType.launch: Executable doesn't exist at /Users/asithalakmal/Library/Caches/ms-playwright/firefox-1495/firefox/Nightly.app/Contents/MacOS/firefox
    ╔═════════════════════════════════════════════════════════════════════════╗
    ║ Looks like Playwright Test or Playwright was just installed or updated. ║
    ║ Please run the following command to download new browsers:              ║
    ║                                                                         ║
    ║     npx playwright install                                              ║
    ║                                                                         ║
    ║ <3 Playwright Team                                                      ║
    ╚═════════════════════════════════════════════════════════════════════════╝
]]>
</failure>
</testcase>
<testcase name="Venues CRUD Tests › should add venue to favorites" classname="04-venues.spec.ts" time="0.02">
<failure message="04-venues.spec.ts:133:7 should add venue to favorites" type="FAILURE">
<![CDATA[  [firefox] › 04-venues.spec.ts:133:7 › Venues CRUD Tests › should add venue to favorites ──────────

    Error: browserType.launch: Executable doesn't exist at /Users/asithalakmal/Library/Caches/ms-playwright/firefox-1495/firefox/Nightly.app/Contents/MacOS/firefox
    ╔═════════════════════════════════════════════════════════════════════════╗
    ║ Looks like Playwright Test or Playwright was just installed or updated. ║
    ║ Please run the following command to download new browsers:              ║
    ║                                                                         ║
    ║     npx playwright install                                              ║
    ║                                                                         ║
    ║ <3 Playwright Team                                                      ║
    ╚═════════════════════════════════════════════════════════════════════════╝
]]>
</failure>
</testcase>
<testcase name="Venues CRUD Tests › should create new venue (vendor)" classname="04-venues.spec.ts" time="0.028">
<failure message="04-venues.spec.ts:157:7 should create new venue (vendor)" type="FAILURE">
<![CDATA[  [firefox] › 04-venues.spec.ts:157:7 › Venues CRUD Tests › should create new venue (vendor) ───────

    Error: browserType.launch: Executable doesn't exist at /Users/asithalakmal/Library/Caches/ms-playwright/firefox-1495/firefox/Nightly.app/Contents/MacOS/firefox
    ╔═════════════════════════════════════════════════════════════════════════╗
    ║ Looks like Playwright Test or Playwright was just installed or updated. ║
    ║ Please run the following command to download new browsers:              ║
    ║                                                                         ║
    ║     npx playwright install                                              ║
    ║                                                                         ║
    ║ <3 Playwright Team                                                      ║
    ╚═════════════════════════════════════════════════════════════════════════╝
]]>
</failure>
</testcase>
<testcase name="Venues CRUD Tests › should edit venue (vendor)" classname="04-venues.spec.ts" time="0.098">
<failure message="04-venues.spec.ts:181:7 should edit venue (vendor)" type="FAILURE">
<![CDATA[  [firefox] › 04-venues.spec.ts:181:7 › Venues CRUD Tests › should edit venue (vendor) ─────────────

    Error: browserType.launch: Executable doesn't exist at /Users/asithalakmal/Library/Caches/ms-playwright/firefox-1495/firefox/Nightly.app/Contents/MacOS/firefox
    ╔═════════════════════════════════════════════════════════════════════════╗
    ║ Looks like Playwright Test or Playwright was just installed or updated. ║
    ║ Please run the following command to download new browsers:              ║
    ║                                                                         ║
    ║     npx playwright install                                              ║
    ║                                                                         ║
    ║ <3 Playwright Team                                                      ║
    ╚═════════════════════════════════════════════════════════════════════════╝
]]>
</failure>
</testcase>
<testcase name="Venues CRUD Tests › should delete venue (vendor)" classname="04-venues.spec.ts" time="0.021">
<failure message="04-venues.spec.ts:210:7 should delete venue (vendor)" type="FAILURE">
<![CDATA[  [firefox] › 04-venues.spec.ts:210:7 › Venues CRUD Tests › should delete venue (vendor) ───────────

    Error: browserType.launch: Executable doesn't exist at /Users/asithalakmal/Library/Caches/ms-playwright/firefox-1495/firefox/Nightly.app/Contents/MacOS/firefox
    ╔═════════════════════════════════════════════════════════════════════════╗
    ║ Looks like Playwright Test or Playwright was just installed or updated. ║
    ║ Please run the following command to download new browsers:              ║
    ║                                                                         ║
    ║     npx playwright install                                              ║
    ║                                                                         ║
    ║ <3 Playwright Team                                                      ║
    ╚═════════════════════════════════════════════════════════════════════════╝
]]>
</failure>
</testcase>
</testsuite>
<testsuite name="05-vendors.spec.ts" timestamp="2025-10-20T22:56:09.042Z" hostname="firefox" tests="13" failures="13" skipped="0" time="0.927" errors="0">
<testcase name="Vendors CRUD Tests › should display vendors list" classname="05-vendors.spec.ts" time="0.061">
<failure message="05-vendors.spec.ts:4:7 should display vendors list" type="FAILURE">
<![CDATA[  [firefox] › 05-vendors.spec.ts:4:7 › Vendors CRUD Tests › should display vendors list ────────────

    Error: browserType.launch: Executable doesn't exist at /Users/asithalakmal/Library/Caches/ms-playwright/firefox-1495/firefox/Nightly.app/Contents/MacOS/firefox
    ╔═════════════════════════════════════════════════════════════════════════╗
    ║ Looks like Playwright Test or Playwright was just installed or updated. ║
    ║ Please run the following command to download new browsers:              ║
    ║                                                                         ║
    ║     npx playwright install                                              ║
    ║                                                                         ║
    ║ <3 Playwright Team                                                      ║
    ╚═════════════════════════════════════════════════════════════════════════╝
]]>
</failure>
</testcase>
<testcase name="Vendors CRUD Tests › should filter vendors by category" classname="05-vendors.spec.ts" time="0.081">
<failure message="05-vendors.spec.ts:15:7 should filter vendors by category" type="FAILURE">
<![CDATA[  [firefox] › 05-vendors.spec.ts:15:7 › Vendors CRUD Tests › should filter vendors by category ─────

    Error: browserType.launch: Executable doesn't exist at /Users/asithalakmal/Library/Caches/ms-playwright/firefox-1495/firefox/Nightly.app/Contents/MacOS/firefox
    ╔═════════════════════════════════════════════════════════════════════════╗
    ║ Looks like Playwright Test or Playwright was just installed or updated. ║
    ║ Please run the following command to download new browsers:              ║
    ║                                                                         ║
    ║     npx playwright install                                              ║
    ║                                                                         ║
    ║ <3 Playwright Team                                                      ║
    ╚═════════════════════════════════════════════════════════════════════════╝
]]>
</failure>
</testcase>
<testcase name="Vendors CRUD Tests › should filter vendors by location" classname="05-vendors.spec.ts" time="0.026">
<failure message="05-vendors.spec.ts:32:7 should filter vendors by location" type="FAILURE">
<![CDATA[  [firefox] › 05-vendors.spec.ts:32:7 › Vendors CRUD Tests › should filter vendors by location ─────

    Error: browserType.launch: Executable doesn't exist at /Users/asithalakmal/Library/Caches/ms-playwright/firefox-1495/firefox/Nightly.app/Contents/MacOS/firefox
    ╔═════════════════════════════════════════════════════════════════════════╗
    ║ Looks like Playwright Test or Playwright was just installed or updated. ║
    ║ Please run the following command to download new browsers:              ║
    ║                                                                         ║
    ║     npx playwright install                                              ║
    ║                                                                         ║
    ║ <3 Playwright Team                                                      ║
    ╚═════════════════════════════════════════════════════════════════════════╝
]]>
</failure>
</testcase>
<testcase name="Vendors CRUD Tests › should search vendors" classname="05-vendors.spec.ts" time="0.041">
<failure message="05-vendors.spec.ts:49:7 should search vendors" type="FAILURE">
<![CDATA[  [firefox] › 05-vendors.spec.ts:49:7 › Vendors CRUD Tests › should search vendors ─────────────────

    Error: browserType.launch: Executable doesn't exist at /Users/asithalakmal/Library/Caches/ms-playwright/firefox-1495/firefox/Nightly.app/Contents/MacOS/firefox
    ╔═════════════════════════════════════════════════════════════════════════╗
    ║ Looks like Playwright Test or Playwright was just installed or updated. ║
    ║ Please run the following command to download new browsers:              ║
    ║                                                                         ║
    ║     npx playwright install                                              ║
    ║                                                                         ║
    ║ <3 Playwright Team                                                      ║
    ╚═════════════════════════════════════════════════════════════════════════╝
]]>
</failure>
</testcase>
<testcase name="Vendors CRUD Tests › should view vendor profile" classname="05-vendors.spec.ts" time="0.186">
<failure message="05-vendors.spec.ts:67:7 should view vendor profile" type="FAILURE">
<![CDATA[  [firefox] › 05-vendors.spec.ts:67:7 › Vendors CRUD Tests › should view vendor profile ────────────

    Error: browserType.launch: Executable doesn't exist at /Users/asithalakmal/Library/Caches/ms-playwright/firefox-1495/firefox/Nightly.app/Contents/MacOS/firefox
    ╔═════════════════════════════════════════════════════════════════════════╗
    ║ Looks like Playwright Test or Playwright was just installed or updated. ║
    ║ Please run the following command to download new browsers:              ║
    ║                                                                         ║
    ║     npx playwright install                                              ║
    ║                                                                         ║
    ║ <3 Playwright Team                                                      ║
    ╚═════════════════════════════════════════════════════════════════════════╝
]]>
</failure>
</testcase>
<testcase name="Vendors CRUD Tests › should book vendor service" classname="05-vendors.spec.ts" time="0.05">
<failure message="05-vendors.spec.ts:98:7 should book vendor service" type="FAILURE">
<![CDATA[  [firefox] › 05-vendors.spec.ts:98:7 › Vendors CRUD Tests › should book vendor service ────────────

    Error: browserType.launch: Executable doesn't exist at /Users/asithalakmal/Library/Caches/ms-playwright/firefox-1495/firefox/Nightly.app/Contents/MacOS/firefox
    ╔═════════════════════════════════════════════════════════════════════════╗
    ║ Looks like Playwright Test or Playwright was just installed or updated. ║
    ║ Please run the following command to download new browsers:              ║
    ║                                                                         ║
    ║     npx playwright install                                              ║
    ║                                                                         ║
    ║ <3 Playwright Team                                                      ║
    ╚═════════════════════════════════════════════════════════════════════════╝
]]>
</failure>
</testcase>
<testcase name="Vendors CRUD Tests › should add vendor to favorites" classname="05-vendors.spec.ts" time="0.026">
<failure message="05-vendors.spec.ts:132:7 should add vendor to favorites" type="FAILURE">
<![CDATA[  [firefox] › 05-vendors.spec.ts:132:7 › Vendors CRUD Tests › should add vendor to favorites ───────

    Error: browserType.launch: Executable doesn't exist at /Users/asithalakmal/Library/Caches/ms-playwright/firefox-1495/firefox/Nightly.app/Contents/MacOS/firefox
    ╔═════════════════════════════════════════════════════════════════════════╗
    ║ Looks like Playwright Test or Playwright was just installed or updated. ║
    ║ Please run the following command to download new browsers:              ║
    ║                                                                         ║
    ║     npx playwright install                                              ║
    ║                                                                         ║
    ║ <3 Playwright Team                                                      ║
    ╚═════════════════════════════════════════════════════════════════════════╝
]]>
</failure>
</testcase>
<testcase name="Vendors CRUD Tests › should create vendor profile" classname="05-vendors.spec.ts" time="0.061">
<failure message="05-vendors.spec.ts:156:7 should create vendor profile" type="FAILURE">
<![CDATA[  [firefox] › 05-vendors.spec.ts:156:7 › Vendors CRUD Tests › should create vendor profile ─────────

    Error: browserType.launch: Executable doesn't exist at /Users/asithalakmal/Library/Caches/ms-playwright/firefox-1495/firefox/Nightly.app/Contents/MacOS/firefox
    ╔═════════════════════════════════════════════════════════════════════════╗
    ║ Looks like Playwright Test or Playwright was just installed or updated. ║
    ║ Please run the following command to download new browsers:              ║
    ║                                                                         ║
    ║     npx playwright install                                              ║
    ║                                                                         ║
    ║ <3 Playwright Team                                                      ║
    ╚═════════════════════════════════════════════════════════════════════════╝
]]>
</failure>
</testcase>
<testcase name="Vendors CRUD Tests › should edit vendor profile" classname="05-vendors.spec.ts" time="0.075">
<failure message="05-vendors.spec.ts:183:7 should edit vendor profile" type="FAILURE">
<![CDATA[  [firefox] › 05-vendors.spec.ts:183:7 › Vendors CRUD Tests › should edit vendor profile ───────────

    Error: browserType.launch: Executable doesn't exist at /Users/asithalakmal/Library/Caches/ms-playwright/firefox-1495/firefox/Nightly.app/Contents/MacOS/firefox
    ╔═════════════════════════════════════════════════════════════════════════╗
    ║ Looks like Playwright Test or Playwright was just installed or updated. ║
    ║ Please run the following command to download new browsers:              ║
    ║                                                                         ║
    ║     npx playwright install                                              ║
    ║                                                                         ║
    ║ <3 Playwright Team                                                      ║
    ╚═════════════════════════════════════════════════════════════════════════╝
]]>
</failure>
</testcase>
<testcase name="Vendors CRUD Tests › should manage vendor services" classname="05-vendors.spec.ts" time="0.058">
<failure message="05-vendors.spec.ts:204:7 should manage vendor services" type="FAILURE">
<![CDATA[  [firefox] › 05-vendors.spec.ts:204:7 › Vendors CRUD Tests › should manage vendor services ────────

    Error: browserType.launch: Executable doesn't exist at /Users/asithalakmal/Library/Caches/ms-playwright/firefox-1495/firefox/Nightly.app/Contents/MacOS/firefox
    ╔═════════════════════════════════════════════════════════════════════════╗
    ║ Looks like Playwright Test or Playwright was just installed or updated. ║
    ║ Please run the following command to download new browsers:              ║
    ║                                                                         ║
    ║     npx playwright install                                              ║
    ║                                                                         ║
    ║ <3 Playwright Team                                                      ║
    ╚═════════════════════════════════════════════════════════════════════════╝
]]>
</failure>
</testcase>
<testcase name="Vendors CRUD Tests › should manage vendor portfolio" classname="05-vendors.spec.ts" time="0.214">
<failure message="05-vendors.spec.ts:232:7 should manage vendor portfolio" type="FAILURE">
<![CDATA[  [firefox] › 05-vendors.spec.ts:232:7 › Vendors CRUD Tests › should manage vendor portfolio ───────

    Error: browserType.launch: Executable doesn't exist at /Users/asithalakmal/Library/Caches/ms-playwright/firefox-1495/firefox/Nightly.app/Contents/MacOS/firefox
    ╔═════════════════════════════════════════════════════════════════════════╗
    ║ Looks like Playwright Test or Playwright was just installed or updated. ║
    ║ Please run the following command to download new browsers:              ║
    ║                                                                         ║
    ║     npx playwright install                                              ║
    ║                                                                         ║
    ║ <3 Playwright Team                                                      ║
    ╚═════════════════════════════════════════════════════════════════════════╝
]]>
</failure>
</testcase>
<testcase name="Vendors CRUD Tests › should view vendor reviews" classname="05-vendors.spec.ts" time="0.026">
<failure message="05-vendors.spec.ts:253:7 should view vendor reviews" type="FAILURE">
<![CDATA[  [firefox] › 05-vendors.spec.ts:253:7 › Vendors CRUD Tests › should view vendor reviews ───────────

    Error: browserType.launch: Executable doesn't exist at /Users/asithalakmal/Library/Caches/ms-playwright/firefox-1495/firefox/Nightly.app/Contents/MacOS/firefox
    ╔═════════════════════════════════════════════════════════════════════════╗
    ║ Looks like Playwright Test or Playwright was just installed or updated. ║
    ║ Please run the following command to download new browsers:              ║
    ║                                                                         ║
    ║     npx playwright install                                              ║
    ║                                                                         ║
    ║ <3 Playwright Team                                                      ║
    ╚═════════════════════════════════════════════════════════════════════════╝
]]>
</failure>
</testcase>
<testcase name="Vendors CRUD Tests › should write vendor review" classname="05-vendors.spec.ts" time="0.022">
<failure message="05-vendors.spec.ts:273:7 should write vendor review" type="FAILURE">
<![CDATA[  [firefox] › 05-vendors.spec.ts:273:7 › Vendors CRUD Tests › should write vendor review ───────────

    Error: browserType.launch: Executable doesn't exist at /Users/asithalakmal/Library/Caches/ms-playwright/firefox-1495/firefox/Nightly.app/Contents/MacOS/firefox
    ╔═════════════════════════════════════════════════════════════════════════╗
    ║ Looks like Playwright Test or Playwright was just installed or updated. ║
    ║ Please run the following command to download new browsers:              ║
    ║                                                                         ║
    ║     npx playwright install                                              ║
    ║                                                                         ║
    ║ <3 Playwright Team                                                      ║
    ╚═════════════════════════════════════════════════════════════════════════╝
]]>
</failure>
</testcase>
</testsuite>
<testsuite name="06-booking.spec.ts" timestamp="2025-10-20T22:56:09.042Z" hostname="firefox" tests="12" failures="12" skipped="0" time="0.836" errors="0">
<testcase name="Booking System Tests › should create venue booking" classname="06-booking.spec.ts" time="0.051">
<failure message="06-booking.spec.ts:13:7 should create venue booking" type="FAILURE">
<![CDATA[  [firefox] › 06-booking.spec.ts:13:7 › Booking System Tests › should create venue booking ─────────

    Error: browserType.launch: Executable doesn't exist at /Users/asithalakmal/Library/Caches/ms-playwright/firefox-1495/firefox/Nightly.app/Contents/MacOS/firefox
    ╔═════════════════════════════════════════════════════════════════════════╗
    ║ Looks like Playwright Test or Playwright was just installed or updated. ║
    ║ Please run the following command to download new browsers:              ║
    ║                                                                         ║
    ║     npx playwright install                                              ║
    ║                                                                         ║
    ║ <3 Playwright Team                                                      ║
    ╚═════════════════════════════════════════════════════════════════════════╝
]]>
</failure>
</testcase>
<testcase name="Booking System Tests › should create vendor booking" classname="06-booking.spec.ts" time="0.101">
<failure message="06-booking.spec.ts:40:7 should create vendor booking" type="FAILURE">
<![CDATA[  [firefox] › 06-booking.spec.ts:40:7 › Booking System Tests › should create vendor booking ────────

    Error: browserType.launch: Executable doesn't exist at /Users/asithalakmal/Library/Caches/ms-playwright/firefox-1495/firefox/Nightly.app/Contents/MacOS/firefox
    ╔═════════════════════════════════════════════════════════════════════════╗
    ║ Looks like Playwright Test or Playwright was just installed or updated. ║
    ║ Please run the following command to download new browsers:              ║
    ║                                                                         ║
    ║     npx playwright install                                              ║
    ║                                                                         ║
    ║ <3 Playwright Team                                                      ║
    ╚═════════════════════════════════════════════════════════════════════════╝
]]>
</failure>
</testcase>
<testcase name="Booking System Tests › should view booking details" classname="06-booking.spec.ts" time="0.099">
<failure message="06-booking.spec.ts:65:7 should view booking details" type="FAILURE">
<![CDATA[  [firefox] › 06-booking.spec.ts:65:7 › Booking System Tests › should view booking details ─────────

    Error: browserType.launch: Executable doesn't exist at /Users/asithalakmal/Library/Caches/ms-playwright/firefox-1495/firefox/Nightly.app/Contents/MacOS/firefox
    ╔═════════════════════════════════════════════════════════════════════════╗
    ║ Looks like Playwright Test or Playwright was just installed or updated. ║
    ║ Please run the following command to download new browsers:              ║
    ║                                                                         ║
    ║     npx playwright install                                              ║
    ║                                                                         ║
    ║ <3 Playwright Team                                                      ║
    ╚═════════════════════════════════════════════════════════════════════════╝
]]>
</failure>
</testcase>
<testcase name="Booking System Tests › should modify booking" classname="06-booking.spec.ts" time="0.031">
<failure message="06-booking.spec.ts:96:7 should modify booking" type="FAILURE">
<![CDATA[  [firefox] › 06-booking.spec.ts:96:7 › Booking System Tests › should modify booking ───────────────

    Error: browserType.launch: Executable doesn't exist at /Users/asithalakmal/Library/Caches/ms-playwright/firefox-1495/firefox/Nightly.app/Contents/MacOS/firefox
    ╔═════════════════════════════════════════════════════════════════════════╗
    ║ Looks like Playwright Test or Playwright was just installed or updated. ║
    ║ Please run the following command to download new browsers:              ║
    ║                                                                         ║
    ║     npx playwright install                                              ║
    ║                                                                         ║
    ║ <3 Playwright Team                                                      ║
    ╚═════════════════════════════════════════════════════════════════════════╝
]]>
</failure>
</testcase>
<testcase name="Booking System Tests › should cancel booking" classname="06-booking.spec.ts" time="0.148">
<failure message="06-booking.spec.ts:119:7 should cancel booking" type="FAILURE">
<![CDATA[  [firefox] › 06-booking.spec.ts:119:7 › Booking System Tests › should cancel booking ──────────────

    Error: browserType.launch: Executable doesn't exist at /Users/asithalakmal/Library/Caches/ms-playwright/firefox-1495/firefox/Nightly.app/Contents/MacOS/firefox
    ╔═════════════════════════════════════════════════════════════════════════╗
    ║ Looks like Playwright Test or Playwright was just installed or updated. ║
    ║ Please run the following command to download new browsers:              ║
    ║                                                                         ║
    ║     npx playwright install                                              ║
    ║                                                                         ║
    ║ <3 Playwright Team                                                      ║
    ╚═════════════════════════════════════════════════════════════════════════╝
]]>
</failure>
</testcase>
<testcase name="Booking System Tests › should reschedule booking" classname="06-booking.spec.ts" time="0.036">
<failure message="06-booking.spec.ts:138:7 should reschedule booking" type="FAILURE">
<![CDATA[  [firefox] › 06-booking.spec.ts:138:7 › Booking System Tests › should reschedule booking ──────────

    Error: browserType.launch: Executable doesn't exist at /Users/asithalakmal/Library/Caches/ms-playwright/firefox-1495/firefox/Nightly.app/Contents/MacOS/firefox
    ╔═════════════════════════════════════════════════════════════════════════╗
    ║ Looks like Playwright Test or Playwright was just installed or updated. ║
    ║ Please run the following command to download new browsers:              ║
    ║                                                                         ║
    ║     npx playwright install                                              ║
    ║                                                                         ║
    ║ <3 Playwright Team                                                      ║
    ╚═════════════════════════════════════════════════════════════════════════╝
]]>
</failure>
</testcase>
<testcase name="Booking System Tests › should process payment for booking" classname="06-booking.spec.ts" time="0.046">
<failure message="06-booking.spec.ts:160:7 should process payment for booking" type="FAILURE">
<![CDATA[  [firefox] › 06-booking.spec.ts:160:7 › Booking System Tests › should process payment for booking ─

    Error: browserType.launch: Executable doesn't exist at /Users/asithalakmal/Library/Caches/ms-playwright/firefox-1495/firefox/Nightly.app/Contents/MacOS/firefox
    ╔═════════════════════════════════════════════════════════════════════════╗
    ║ Looks like Playwright Test or Playwright was just installed or updated. ║
    ║ Please run the following command to download new browsers:              ║
    ║                                                                         ║
    ║     npx playwright install                                              ║
    ║                                                                         ║
    ║ <3 Playwright Team                                                      ║
    ╚═════════════════════════════════════════════════════════════════════════╝
]]>
</failure>
</testcase>
<testcase name="Booking System Tests › should view booking calendar" classname="06-booking.spec.ts" time="0.014">
<failure message="06-booking.spec.ts:191:7 should view booking calendar" type="FAILURE">
<![CDATA[  [firefox] › 06-booking.spec.ts:191:7 › Booking System Tests › should view booking calendar ───────

    Error: browserType.launch: Executable doesn't exist at /Users/asithalakmal/Library/Caches/ms-playwright/firefox-1495/firefox/Nightly.app/Contents/MacOS/firefox
    ╔═════════════════════════════════════════════════════════════════════════╗
    ║ Looks like Playwright Test or Playwright was just installed or updated. ║
    ║ Please run the following command to download new browsers:              ║
    ║                                                                         ║
    ║     npx playwright install                                              ║
    ║                                                                         ║
    ║ <3 Playwright Team                                                      ║
    ╚═════════════════════════════════════════════════════════════════════════╝
]]>
</failure>
</testcase>
<testcase name="Booking System Tests › should filter bookings by status" classname="06-booking.spec.ts" time="0.025">
<failure message="06-booking.spec.ts:205:7 should filter bookings by status" type="FAILURE">
<![CDATA[  [firefox] › 06-booking.spec.ts:205:7 › Booking System Tests › should filter bookings by status ───

    Error: browserType.launch: Executable doesn't exist at /Users/asithalakmal/Library/Caches/ms-playwright/firefox-1495/firefox/Nightly.app/Contents/MacOS/firefox
    ╔═════════════════════════════════════════════════════════════════════════╗
    ║ Looks like Playwright Test or Playwright was just installed or updated. ║
    ║ Please run the following command to download new browsers:              ║
    ║                                                                         ║
    ║     npx playwright install                                              ║
    ║                                                                         ║
    ║ <3 Playwright Team                                                      ║
    ╚═════════════════════════════════════════════════════════════════════════╝
]]>
</failure>
</testcase>
<testcase name="Booking System Tests › should search bookings" classname="06-booking.spec.ts" time="0.084">
<failure message="06-booking.spec.ts:222:7 should search bookings" type="FAILURE">
<![CDATA[  [firefox] › 06-booking.spec.ts:222:7 › Booking System Tests › should search bookings ─────────────

    Error: browserType.launch: Executable doesn't exist at /Users/asithalakmal/Library/Caches/ms-playwright/firefox-1495/firefox/Nightly.app/Contents/MacOS/firefox
    ╔═════════════════════════════════════════════════════════════════════════╗
    ║ Looks like Playwright Test or Playwright was just installed or updated. ║
    ║ Please run the following command to download new browsers:              ║
    ║                                                                         ║
    ║     npx playwright install                                              ║
    ║                                                                         ║
    ║ <3 Playwright Team                                                      ║
    ╚═════════════════════════════════════════════════════════════════════════╝
]]>
</failure>
</testcase>
<testcase name="Booking System Tests › should export booking details" classname="06-booking.spec.ts" time="0.085">
<failure message="06-booking.spec.ts:240:7 should export booking details" type="FAILURE">
<![CDATA[  [firefox] › 06-booking.spec.ts:240:7 › Booking System Tests › should export booking details ──────

    Error: browserType.launch: Executable doesn't exist at /Users/asithalakmal/Library/Caches/ms-playwright/firefox-1495/firefox/Nightly.app/Contents/MacOS/firefox
    ╔═════════════════════════════════════════════════════════════════════════╗
    ║ Looks like Playwright Test or Playwright was just installed or updated. ║
    ║ Please run the following command to download new browsers:              ║
    ║                                                                         ║
    ║     npx playwright install                                              ║
    ║                                                                         ║
    ║ <3 Playwright Team                                                      ║
    ╚═════════════════════════════════════════════════════════════════════════╝
]]>
</failure>
</testcase>
<testcase name="Booking System Tests › should send booking reminder" classname="06-booking.spec.ts" time="0.116">
<failure message="06-booking.spec.ts:255:7 should send booking reminder" type="FAILURE">
<![CDATA[  [firefox] › 06-booking.spec.ts:255:7 › Booking System Tests › should send booking reminder ───────

    Error: browserType.launch: Executable doesn't exist at /Users/asithalakmal/Library/Caches/ms-playwright/firefox-1495/firefox/Nightly.app/Contents/MacOS/firefox
    ╔═════════════════════════════════════════════════════════════════════════╗
    ║ Looks like Playwright Test or Playwright was just installed or updated. ║
    ║ Please run the following command to download new browsers:              ║
    ║                                                                         ║
    ║     npx playwright install                                              ║
    ║                                                                         ║
    ║ <3 Playwright Team                                                      ║
    ╚═════════════════════════════════════════════════════════════════════════╝
]]>
</failure>
</testcase>
</testsuite>
<testsuite name="07-payments.spec.ts" timestamp="2025-10-20T22:56:09.042Z" hostname="firefox" tests="13" failures="13" skipped="0" time="0.86" errors="0">
<testcase name="Payment System Tests › should process Stripe payment" classname="07-payments.spec.ts" time="0.106">
<failure message="07-payments.spec.ts:13:7 should process Stripe payment" type="FAILURE">
<![CDATA[  [firefox] › 07-payments.spec.ts:13:7 › Payment System Tests › should process Stripe payment ──────

    Error: browserType.launch: Executable doesn't exist at /Users/asithalakmal/Library/Caches/ms-playwright/firefox-1495/firefox/Nightly.app/Contents/MacOS/firefox
    ╔═════════════════════════════════════════════════════════════════════════╗
    ║ Looks like Playwright Test or Playwright was just installed or updated. ║
    ║ Please run the following command to download new browsers:              ║
    ║                                                                         ║
    ║     npx playwright install                                              ║
    ║                                                                         ║
    ║ <3 Playwright Team                                                      ║
    ╚═════════════════════════════════════════════════════════════════════════╝
]]>
</failure>
</testcase>
<testcase name="Payment System Tests › should handle payment failure" classname="07-payments.spec.ts" time="0.044">
<failure message="07-payments.spec.ts:30:7 should handle payment failure" type="FAILURE">
<![CDATA[  [firefox] › 07-payments.spec.ts:30:7 › Payment System Tests › should handle payment failure ──────

    Error: browserType.launch: Executable doesn't exist at /Users/asithalakmal/Library/Caches/ms-playwright/firefox-1495/firefox/Nightly.app/Contents/MacOS/firefox
    ╔═════════════════════════════════════════════════════════════════════════╗
    ║ Looks like Playwright Test or Playwright was just installed or updated. ║
    ║ Please run the following command to download new browsers:              ║
    ║                                                                         ║
    ║     npx playwright install                                              ║
    ║                                                                         ║
    ║ <3 Playwright Team                                                      ║
    ╚═════════════════════════════════════════════════════════════════════════╝
]]>
</failure>
</testcase>
<testcase name="Payment System Tests › should save payment method" classname="07-payments.spec.ts" time="0.076">
<failure message="07-payments.spec.ts:46:7 should save payment method" type="FAILURE">
<![CDATA[  [firefox] › 07-payments.spec.ts:46:7 › Payment System Tests › should save payment method ─────────

    Error: browserType.launch: Executable doesn't exist at /Users/asithalakmal/Library/Caches/ms-playwright/firefox-1495/firefox/Nightly.app/Contents/MacOS/firefox
    ╔═════════════════════════════════════════════════════════════════════════╗
    ║ Looks like Playwright Test or Playwright was just installed or updated. ║
    ║ Please run the following command to download new browsers:              ║
    ║                                                                         ║
    ║     npx playwright install                                              ║
    ║                                                                         ║
    ║ <3 Playwright Team                                                      ║
    ╚═════════════════════════════════════════════════════════════════════════╝
]]>
</failure>
</testcase>
<testcase name="Payment System Tests › should view payment history" classname="07-payments.spec.ts" time="0.029">
<failure message="07-payments.spec.ts:68:7 should view payment history" type="FAILURE">
<![CDATA[  [firefox] › 07-payments.spec.ts:68:7 › Payment System Tests › should view payment history ────────

    Error: browserType.launch: Executable doesn't exist at /Users/asithalakmal/Library/Caches/ms-playwright/firefox-1495/firefox/Nightly.app/Contents/MacOS/firefox
    ╔═════════════════════════════════════════════════════════════════════════╗
    ║ Looks like Playwright Test or Playwright was just installed or updated. ║
    ║ Please run the following command to download new browsers:              ║
    ║                                                                         ║
    ║     npx playwright install                                              ║
    ║                                                                         ║
    ║ <3 Playwright Team                                                      ║
    ╚═════════════════════════════════════════════════════════════════════════╝
]]>
</failure>
</testcase>
<testcase name="Payment System Tests › should download payment receipt" classname="07-payments.spec.ts" time="0.056">
<failure message="07-payments.spec.ts:82:7 should download payment receipt" type="FAILURE">
<![CDATA[  [firefox] › 07-payments.spec.ts:82:7 › Payment System Tests › should download payment receipt ────

    Error: browserType.launch: Executable doesn't exist at /Users/asithalakmal/Library/Caches/ms-playwright/firefox-1495/firefox/Nightly.app/Contents/MacOS/firefox
    ╔═════════════════════════════════════════════════════════════════════════╗
    ║ Looks like Playwright Test or Playwright was just installed or updated. ║
    ║ Please run the following command to download new browsers:              ║
    ║                                                                         ║
    ║     npx playwright install                                              ║
    ║                                                                         ║
    ║ <3 Playwright Team                                                      ║
    ╚═════════════════════════════════════════════════════════════════════════╝
]]>
</failure>
</testcase>
<testcase name="Payment System Tests › should request refund" classname="07-payments.spec.ts" time="0.114">
<failure message="07-payments.spec.ts:97:7 should request refund" type="FAILURE">
<![CDATA[  [firefox] › 07-payments.spec.ts:97:7 › Payment System Tests › should request refund ──────────────

    Error: browserType.launch: Executable doesn't exist at /Users/asithalakmal/Library/Caches/ms-playwright/firefox-1495/firefox/Nightly.app/Contents/MacOS/firefox
    ╔═════════════════════════════════════════════════════════════════════════╗
    ║ Looks like Playwright Test or Playwright was just installed or updated. ║
    ║ Please run the following command to download new browsers:              ║
    ║                                                                         ║
    ║     npx playwright install                                              ║
    ║                                                                         ║
    ║ <3 Playwright Team                                                      ║
    ╚═════════════════════════════════════════════════════════════════════════╝
]]>
</failure>
</testcase>
<testcase name="Payment System Tests › should set up subscription" classname="07-payments.spec.ts" time="0.018">
<failure message="07-payments.spec.ts:116:7 should set up subscription" type="FAILURE">
<![CDATA[  [firefox] › 07-payments.spec.ts:116:7 › Payment System Tests › should set up subscription ────────

    Error: browserType.launch: Executable doesn't exist at /Users/asithalakmal/Library/Caches/ms-playwright/firefox-1495/firefox/Nightly.app/Contents/MacOS/firefox
    ╔═════════════════════════════════════════════════════════════════════════╗
    ║ Looks like Playwright Test or Playwright was just installed or updated. ║
    ║ Please run the following command to download new browsers:              ║
    ║                                                                         ║
    ║     npx playwright install                                              ║
    ║                                                                         ║
    ║ <3 Playwright Team                                                      ║
    ╚═════════════════════════════════════════════════════════════════════════╝
]]>
</failure>
</testcase>
<testcase name="Payment System Tests › should cancel subscription" classname="07-payments.spec.ts" time="0.021">
<failure message="07-payments.spec.ts:138:7 should cancel subscription" type="FAILURE">
<![CDATA[  [firefox] › 07-payments.spec.ts:138:7 › Payment System Tests › should cancel subscription ────────

    Error: browserType.launch: Executable doesn't exist at /Users/asithalakmal/Library/Caches/ms-playwright/firefox-1495/firefox/Nightly.app/Contents/MacOS/firefox
    ╔═════════════════════════════════════════════════════════════════════════╗
    ║ Looks like Playwright Test or Playwright was just installed or updated. ║
    ║ Please run the following command to download new browsers:              ║
    ║                                                                         ║
    ║     npx playwright install                                              ║
    ║                                                                         ║
    ║ <3 Playwright Team                                                      ║
    ╚═════════════════════════════════════════════════════════════════════════╝
]]>
</failure>
</testcase>
<testcase name="Payment System Tests › should view invoice details" classname="07-payments.spec.ts" time="0.049">
<failure message="07-payments.spec.ts:157:7 should view invoice details" type="FAILURE">
<![CDATA[  [firefox] › 07-payments.spec.ts:157:7 › Payment System Tests › should view invoice details ───────

    Error: browserType.launch: Executable doesn't exist at /Users/asithalakmal/Library/Caches/ms-playwright/firefox-1495/firefox/Nightly.app/Contents/MacOS/firefox
    ╔═════════════════════════════════════════════════════════════════════════╗
    ║ Looks like Playwright Test or Playwright was just installed or updated. ║
    ║ Please run the following command to download new browsers:              ║
    ║                                                                         ║
    ║     npx playwright install                                              ║
    ║                                                                         ║
    ║ <3 Playwright Team                                                      ║
    ╚═════════════════════════════════════════════════════════════════════════╝
]]>
</failure>
</testcase>
<testcase name="Payment System Tests › should handle payment webhook" classname="07-payments.spec.ts" time="0.03">
<failure message="07-payments.spec.ts:186:7 should handle payment webhook" type="FAILURE">
<![CDATA[  [firefox] › 07-payments.spec.ts:186:7 › Payment System Tests › should handle payment webhook ─────

    Error: browserType.launch: Executable doesn't exist at /Users/asithalakmal/Library/Caches/ms-playwright/firefox-1495/firefox/Nightly.app/Contents/MacOS/firefox
    ╔═════════════════════════════════════════════════════════════════════════╗
    ║ Looks like Playwright Test or Playwright was just installed or updated. ║
    ║ Please run the following command to download new browsers:              ║
    ║                                                                         ║
    ║     npx playwright install                                              ║
    ║                                                                         ║
    ║ <3 Playwright Team                                                      ║
    ╚═════════════════════════════════════════════════════════════════════════╝
]]>
</failure>
</testcase>
<testcase name="Payment System Tests › should validate payment form" classname="07-payments.spec.ts" time="0.226">
<failure message="07-payments.spec.ts:193:7 should validate payment form" type="FAILURE">
<![CDATA[  [firefox] › 07-payments.spec.ts:193:7 › Payment System Tests › should validate payment form ──────

    Error: browserType.launch: Executable doesn't exist at /Users/asithalakmal/Library/Caches/ms-playwright/firefox-1495/firefox/Nightly.app/Contents/MacOS/firefox
    ╔═════════════════════════════════════════════════════════════════════════╗
    ║ Looks like Playwright Test or Playwright was just installed or updated. ║
    ║ Please run the following command to download new browsers:              ║
    ║                                                                         ║
    ║     npx playwright install                                              ║
    ║                                                                         ║
    ║ <3 Playwright Team                                                      ║
    ╚═════════════════════════════════════════════════════════════════════════╝
]]>
</failure>
</testcase>
<testcase name="Payment System Tests › should handle payment timeout" classname="07-payments.spec.ts" time="0.068">
<failure message="07-payments.spec.ts:210:7 should handle payment timeout" type="FAILURE">
<![CDATA[  [firefox] › 07-payments.spec.ts:210:7 › Payment System Tests › should handle payment timeout ─────

    Error: browserType.launch: Executable doesn't exist at /Users/asithalakmal/Library/Caches/ms-playwright/firefox-1495/firefox/Nightly.app/Contents/MacOS/firefox
    ╔═════════════════════════════════════════════════════════════════════════╗
    ║ Looks like Playwright Test or Playwright was just installed or updated. ║
    ║ Please run the following command to download new browsers:              ║
    ║                                                                         ║
    ║     npx playwright install                                              ║
    ║                                                                         ║
    ║ <3 Playwright Team                                                      ║
    ╚═════════════════════════════════════════════════════════════════════════╝
]]>
</failure>
</testcase>
<testcase name="Payment System Tests › should support multiple currencies" classname="07-payments.spec.ts" time="0.023">
<failure message="07-payments.spec.ts:230:7 should support multiple currencies" type="FAILURE">
<![CDATA[  [firefox] › 07-payments.spec.ts:230:7 › Payment System Tests › should support multiple currencies 

    Error: browserType.launch: Executable doesn't exist at /Users/asithalakmal/Library/Caches/ms-playwright/firefox-1495/firefox/Nightly.app/Contents/MacOS/firefox
    ╔═════════════════════════════════════════════════════════════════════════╗
    ║ Looks like Playwright Test or Playwright was just installed or updated. ║
    ║ Please run the following command to download new browsers:              ║
    ║                                                                         ║
    ║     npx playwright install                                              ║
    ║                                                                         ║
    ║ <3 Playwright Team                                                      ║
    ╚═════════════════════════════════════════════════════════════════════════╝
]]>
</failure>
</testcase>
</testsuite>
<testsuite name="08-social.spec.ts" timestamp="2025-10-20T22:56:09.042Z" hostname="firefox" tests="17" failures="17" skipped="0" time="1.121" errors="0">
<testcase name="Social Features Tests › should create new post" classname="08-social.spec.ts" time="0.076">
<failure message="08-social.spec.ts:13:7 should create new post" type="FAILURE">
<![CDATA[  [firefox] › 08-social.spec.ts:13:7 › Social Features Tests › should create new post ──────────────

    Error: browserType.launch: Executable doesn't exist at /Users/asithalakmal/Library/Caches/ms-playwright/firefox-1495/firefox/Nightly.app/Contents/MacOS/firefox
    ╔═════════════════════════════════════════════════════════════════════════╗
    ║ Looks like Playwright Test or Playwright was just installed or updated. ║
    ║ Please run the following command to download new browsers:              ║
    ║                                                                         ║
    ║     npx playwright install                                              ║
    ║                                                                         ║
    ║ <3 Playwright Team                                                      ║
    ╚═════════════════════════════════════════════════════════════════════════╝
]]>
</failure>
</testcase>
<testcase name="Social Features Tests › should like/unlike post" classname="08-social.spec.ts" time="0.044">
<failure message="08-social.spec.ts:35:7 should like/unlike post" type="FAILURE">
<![CDATA[  [firefox] › 08-social.spec.ts:35:7 › Social Features Tests › should like/unlike post ─────────────

    Error: browserType.launch: Executable doesn't exist at /Users/asithalakmal/Library/Caches/ms-playwright/firefox-1495/firefox/Nightly.app/Contents/MacOS/firefox
    ╔═════════════════════════════════════════════════════════════════════════╗
    ║ Looks like Playwright Test or Playwright was just installed or updated. ║
    ║ Please run the following command to download new browsers:              ║
    ║                                                                         ║
    ║     npx playwright install                                              ║
    ║                                                                         ║
    ║ <3 Playwright Team                                                      ║
    ╚═════════════════════════════════════════════════════════════════════════╝
]]>
</failure>
</testcase>
<testcase name="Social Features Tests › should comment on post" classname="08-social.spec.ts" time="0.233">
<failure message="08-social.spec.ts:54:7 should comment on post" type="FAILURE">
<![CDATA[  [firefox] › 08-social.spec.ts:54:7 › Social Features Tests › should comment on post ──────────────

    Error: browserType.launch: Executable doesn't exist at /Users/asithalakmal/Library/Caches/ms-playwright/firefox-1495/firefox/Nightly.app/Contents/MacOS/firefox
    ╔═════════════════════════════════════════════════════════════════════════╗
    ║ Looks like Playwright Test or Playwright was just installed or updated. ║
    ║ Please run the following command to download new browsers:              ║
    ║                                                                         ║
    ║     npx playwright install                                              ║
    ║                                                                         ║
    ║ <3 Playwright Team                                                      ║
    ╚═════════════════════════════════════════════════════════════════════════╝
]]>
</failure>
</testcase>
<testcase name="Social Features Tests › should share post" classname="08-social.spec.ts" time="0.035">
<failure message="08-social.spec.ts:73:7 should share post" type="FAILURE">
<![CDATA[  [firefox] › 08-social.spec.ts:73:7 › Social Features Tests › should share post ───────────────────

    Error: browserType.launch: Executable doesn't exist at /Users/asithalakmal/Library/Caches/ms-playwright/firefox-1495/firefox/Nightly.app/Contents/MacOS/firefox
    ╔═════════════════════════════════════════════════════════════════════════╗
    ║ Looks like Playwright Test or Playwright was just installed or updated. ║
    ║ Please run the following command to download new browsers:              ║
    ║                                                                         ║
    ║     npx playwright install                                              ║
    ║                                                                         ║
    ║ <3 Playwright Team                                                      ║
    ╚═════════════════════════════════════════════════════════════════════════╝
]]>
</failure>
</testcase>
<testcase name="Social Features Tests › should bookmark post" classname="08-social.spec.ts" time="0.04">
<failure message="08-social.spec.ts:86:7 should bookmark post" type="FAILURE">
<![CDATA[  [firefox] › 08-social.spec.ts:86:7 › Social Features Tests › should bookmark post ────────────────

    Error: browserType.launch: Executable doesn't exist at /Users/asithalakmal/Library/Caches/ms-playwright/firefox-1495/firefox/Nightly.app/Contents/MacOS/firefox
    ╔═════════════════════════════════════════════════════════════════════════╗
    ║ Looks like Playwright Test or Playwright was just installed or updated. ║
    ║ Please run the following command to download new browsers:              ║
    ║                                                                         ║
    ║     npx playwright install                                              ║
    ║                                                                         ║
    ║ <3 Playwright Team                                                      ║
    ╚═════════════════════════════════════════════════════════════════════════╝
]]>
</failure>
</testcase>
<testcase name="Social Features Tests › should create story" classname="08-social.spec.ts" time="0.026">
<failure message="08-social.spec.ts:99:7 should create story" type="FAILURE">
<![CDATA[  [firefox] › 08-social.spec.ts:99:7 › Social Features Tests › should create story ─────────────────

    Error: browserType.launch: Executable doesn't exist at /Users/asithalakmal/Library/Caches/ms-playwright/firefox-1495/firefox/Nightly.app/Contents/MacOS/firefox
    ╔═════════════════════════════════════════════════════════════════════════╗
    ║ Looks like Playwright Test or Playwright was just installed or updated. ║
    ║ Please run the following command to download new browsers:              ║
    ║                                                                         ║
    ║     npx playwright install                                              ║
    ║                                                                         ║
    ║ <3 Playwright Team                                                      ║
    ╚═════════════════════════════════════════════════════════════════════════╝
]]>
</failure>
</testcase>
<testcase name="Social Features Tests › should view story" classname="08-social.spec.ts" time="0.079">
<failure message="08-social.spec.ts:125:7 should view story" type="FAILURE">
<![CDATA[  [firefox] › 08-social.spec.ts:125:7 › Social Features Tests › should view story ──────────────────

    Error: browserType.launch: Executable doesn't exist at /Users/asithalakmal/Library/Caches/ms-playwright/firefox-1495/firefox/Nightly.app/Contents/MacOS/firefox
    ╔═════════════════════════════════════════════════════════════════════════╗
    ║ Looks like Playwright Test or Playwright was just installed or updated. ║
    ║ Please run the following command to download new browsers:              ║
    ║                                                                         ║
    ║     npx playwright install                                              ║
    ║                                                                         ║
    ║ <3 Playwright Team                                                      ║
    ╚═════════════════════════════════════════════════════════════════════════╝
]]>
</failure>
</testcase>
<testcase name="Social Features Tests › should create reel" classname="08-social.spec.ts" time="0.012">
<failure message="08-social.spec.ts:138:7 should create reel" type="FAILURE">
<![CDATA[  [firefox] › 08-social.spec.ts:138:7 › Social Features Tests › should create reel ─────────────────

    Error: browserType.launch: Executable doesn't exist at /Users/asithalakmal/Library/Caches/ms-playwright/firefox-1495/firefox/Nightly.app/Contents/MacOS/firefox
    ╔═════════════════════════════════════════════════════════════════════════╗
    ║ Looks like Playwright Test or Playwright was just installed or updated. ║
    ║ Please run the following command to download new browsers:              ║
    ║                                                                         ║
    ║     npx playwright install                                              ║
    ║                                                                         ║
    ║ <3 Playwright Team                                                      ║
    ╚═════════════════════════════════════════════════════════════════════════╝
]]>
</failure>
</testcase>
<testcase name="Social Features Tests › should follow user" classname="08-social.spec.ts" time="0.08">
<failure message="08-social.spec.ts:164:7 should follow user" type="FAILURE">
<![CDATA[  [firefox] › 08-social.spec.ts:164:7 › Social Features Tests › should follow user ─────────────────

    Error: browserType.launch: Executable doesn't exist at /Users/asithalakmal/Library/Caches/ms-playwright/firefox-1495/firefox/Nightly.app/Contents/MacOS/firefox
    ╔═════════════════════════════════════════════════════════════════════════╗
    ║ Looks like Playwright Test or Playwright was just installed or updated. ║
    ║ Please run the following command to download new browsers:              ║
    ║                                                                         ║
    ║     npx playwright install                                              ║
    ║                                                                         ║
    ║ <3 Playwright Team                                                      ║
    ╚═════════════════════════════════════════════════════════════════════════╝
]]>
</failure>
</testcase>
<testcase name="Social Features Tests › should send direct message" classname="08-social.spec.ts" time="0.026">
<failure message="08-social.spec.ts:183:7 should send direct message" type="FAILURE">
<![CDATA[  [firefox] › 08-social.spec.ts:183:7 › Social Features Tests › should send direct message ─────────

    Error: browserType.launch: Executable doesn't exist at /Users/asithalakmal/Library/Caches/ms-playwright/firefox-1495/firefox/Nightly.app/Contents/MacOS/firefox
    ╔═════════════════════════════════════════════════════════════════════════╗
    ║ Looks like Playwright Test or Playwright was just installed or updated. ║
    ║ Please run the following command to download new browsers:              ║
    ║                                                                         ║
    ║     npx playwright install                                              ║
    ║                                                                         ║
    ║ <3 Playwright Team                                                      ║
    ╚═════════════════════════════════════════════════════════════════════════╝
]]>
</failure>
</testcase>
<testcase name="Social Features Tests › should create group" classname="08-social.spec.ts" time="0.02">
<failure message="08-social.spec.ts:206:7 should create group" type="FAILURE">
<![CDATA[  [firefox] › 08-social.spec.ts:206:7 › Social Features Tests › should create group ────────────────

    Error: browserType.launch: Executable doesn't exist at /Users/asithalakmal/Library/Caches/ms-playwright/firefox-1495/firefox/Nightly.app/Contents/MacOS/firefox
    ╔═════════════════════════════════════════════════════════════════════════╗
    ║ Looks like Playwright Test or Playwright was just installed or updated. ║
    ║ Please run the following command to download new browsers:              ║
    ║                                                                         ║
    ║     npx playwright install                                              ║
    ║                                                                         ║
    ║ <3 Playwright Team                                                      ║
    ╚═════════════════════════════════════════════════════════════════════════╝
]]>
</failure>
</testcase>
<testcase name="Social Features Tests › should join group" classname="08-social.spec.ts" time="0.137">
<failure message="08-social.spec.ts:226:7 should join group" type="FAILURE">
<![CDATA[  [firefox] › 08-social.spec.ts:226:7 › Social Features Tests › should join group ──────────────────

    Error: browserType.launch: Executable doesn't exist at /Users/asithalakmal/Library/Caches/ms-playwright/firefox-1495/firefox/Nightly.app/Contents/MacOS/firefox
    ╔═════════════════════════════════════════════════════════════════════════╗
    ║ Looks like Playwright Test or Playwright was just installed or updated. ║
    ║ Please run the following command to download new browsers:              ║
    ║                                                                         ║
    ║     npx playwright install                                              ║
    ║                                                                         ║
    ║ <3 Playwright Team                                                      ║
    ╚═════════════════════════════════════════════════════════════════════════╝
]]>
</failure>
</testcase>
<testcase name="Social Features Tests › should search posts" classname="08-social.spec.ts" time="0.052">
<failure message="08-social.spec.ts:245:7 should search posts" type="FAILURE">
<![CDATA[  [firefox] › 08-social.spec.ts:245:7 › Social Features Tests › should search posts ────────────────

    Error: browserType.launch: Executable doesn't exist at /Users/asithalakmal/Library/Caches/ms-playwright/firefox-1495/firefox/Nightly.app/Contents/MacOS/firefox
    ╔═════════════════════════════════════════════════════════════════════════╗
    ║ Looks like Playwright Test or Playwright was just installed or updated. ║
    ║ Please run the following command to download new browsers:              ║
    ║                                                                         ║
    ║     npx playwright install                                              ║
    ║                                                                         ║
    ║ <3 Playwright Team                                                      ║
    ╚═════════════════════════════════════════════════════════════════════════╝
]]>
</failure>
</testcase>
<testcase name="Social Features Tests › should filter posts by hashtag" classname="08-social.spec.ts" time="0.026">
<failure message="08-social.spec.ts:263:7 should filter posts by hashtag" type="FAILURE">
<![CDATA[  [firefox] › 08-social.spec.ts:263:7 › Social Features Tests › should filter posts by hashtag ─────

    Error: browserType.launch: Executable doesn't exist at /Users/asithalakmal/Library/Caches/ms-playwright/firefox-1495/firefox/Nightly.app/Contents/MacOS/firefox
    ╔═════════════════════════════════════════════════════════════════════════╗
    ║ Looks like Playwright Test or Playwright was just installed or updated. ║
    ║ Please run the following command to download new browsers:              ║
    ║                                                                         ║
    ║     npx playwright install                                              ║
    ║                                                                         ║
    ║ <3 Playwright Team                                                      ║
    ╚═════════════════════════════════════════════════════════════════════════╝
]]>
</failure>
</testcase>
<testcase name="Social Features Tests › should report inappropriate content" classname="08-social.spec.ts" time="0.124">
<failure message="08-social.spec.ts:279:7 should report inappropriate content" type="FAILURE">
<![CDATA[  [firefox] › 08-social.spec.ts:279:7 › Social Features Tests › should report inappropriate content 

    Error: browserType.launch: Executable doesn't exist at /Users/asithalakmal/Library/Caches/ms-playwright/firefox-1495/firefox/Nightly.app/Contents/MacOS/firefox
    ╔═════════════════════════════════════════════════════════════════════════╗
    ║ Looks like Playwright Test or Playwright was just installed or updated. ║
    ║ Please run the following command to download new browsers:              ║
    ║                                                                         ║
    ║     npx playwright install                                              ║
    ║                                                                         ║
    ║ <3 Playwright Team                                                      ║
    ╚═════════════════════════════════════════════════════════════════════════╝
]]>
</failure>
</testcase>
<testcase name="Social Features Tests › should view notifications" classname="08-social.spec.ts" time="0.076">
<failure message="08-social.spec.ts:298:7 should view notifications" type="FAILURE">
<![CDATA[  [firefox] › 08-social.spec.ts:298:7 › Social Features Tests › should view notifications ──────────

    Error: browserType.launch: Executable doesn't exist at /Users/asithalakmal/Library/Caches/ms-playwright/firefox-1495/firefox/Nightly.app/Contents/MacOS/firefox
    ╔═════════════════════════════════════════════════════════════════════════╗
    ║ Looks like Playwright Test or Playwright was just installed or updated. ║
    ║ Please run the following command to download new browsers:              ║
    ║                                                                         ║
    ║     npx playwright install                                              ║
    ║                                                                         ║
    ║ <3 Playwright Team                                                      ║
    ╚═════════════════════════════════════════════════════════════════════════╝
]]>
</failure>
</testcase>
<testcase name="Social Features Tests › should mark notifications as read" classname="08-social.spec.ts" time="0.035">
<failure message="08-social.spec.ts:311:7 should mark notifications as read" type="FAILURE">
<![CDATA[  [firefox] › 08-social.spec.ts:311:7 › Social Features Tests › should mark notifications as read ──

    Error: browserType.launch: Executable doesn't exist at /Users/asithalakmal/Library/Caches/ms-playwright/firefox-1495/firefox/Nightly.app/Contents/MacOS/firefox
    ╔═════════════════════════════════════════════════════════════════════════╗
    ║ Looks like Playwright Test or Playwright was just installed or updated. ║
    ║ Please run the following command to download new browsers:              ║
    ║                                                                         ║
    ║     npx playwright install                                              ║
    ║                                                                         ║
    ║ <3 Playwright Team                                                      ║
    ╚═════════════════════════════════════════════════════════════════════════╝
]]>
</failure>
</testcase>
</testsuite>
<testsuite name="09-admin.spec.ts" timestamp="2025-10-20T22:56:09.042Z" hostname="firefox" tests="16" failures="16" skipped="0" time="1.094" errors="0">
<testcase name="Admin Panel Tests › should access admin dashboard" classname="09-admin.spec.ts" time="0.077">
<failure message="09-admin.spec.ts:13:7 should access admin dashboard" type="FAILURE">
<![CDATA[  [firefox] › 09-admin.spec.ts:13:7 › Admin Panel Tests › should access admin dashboard ────────────

    Error: browserType.launch: Executable doesn't exist at /Users/asithalakmal/Library/Caches/ms-playwright/firefox-1495/firefox/Nightly.app/Contents/MacOS/firefox
    ╔═════════════════════════════════════════════════════════════════════════╗
    ║ Looks like Playwright Test or Playwright was just installed or updated. ║
    ║ Please run the following command to download new browsers:              ║
    ║                                                                         ║
    ║     npx playwright install                                              ║
    ║                                                                         ║
    ║ <3 Playwright Team                                                      ║
    ╚═════════════════════════════════════════════════════════════════════════╝
]]>
</failure>
</testcase>
<testcase name="Admin Panel Tests › should manage users" classname="09-admin.spec.ts" time="0.02">
<failure message="09-admin.spec.ts:36:7 should manage users" type="FAILURE">
<![CDATA[  [firefox] › 09-admin.spec.ts:36:7 › Admin Panel Tests › should manage users ──────────────────────

    Error: browserType.launch: Executable doesn't exist at /Users/asithalakmal/Library/Caches/ms-playwright/firefox-1495/firefox/Nightly.app/Contents/MacOS/firefox
    ╔═════════════════════════════════════════════════════════════════════════╗
    ║ Looks like Playwright Test or Playwright was just installed or updated. ║
    ║ Please run the following command to download new browsers:              ║
    ║                                                                         ║
    ║     npx playwright install                                              ║
    ║                                                                         ║
    ║ <3 Playwright Team                                                      ║
    ╚═════════════════════════════════════════════════════════════════════════╝
]]>
</failure>
</testcase>
<testcase name="Admin Panel Tests › should ban/unban user" classname="09-admin.spec.ts" time="0.107">
<failure message="09-admin.spec.ts:66:7 should ban/unban user" type="FAILURE">
<![CDATA[  [firefox] › 09-admin.spec.ts:66:7 › Admin Panel Tests › should ban/unban user ────────────────────

    Error: browserType.launch: Executable doesn't exist at /Users/asithalakmal/Library/Caches/ms-playwright/firefox-1495/firefox/Nightly.app/Contents/MacOS/firefox
    ╔═════════════════════════════════════════════════════════════════════════╗
    ║ Looks like Playwright Test or Playwright was just installed or updated. ║
    ║ Please run the following command to download new browsers:              ║
    ║                                                                         ║
    ║     npx playwright install                                              ║
    ║                                                                         ║
    ║ <3 Playwright Team                                                      ║
    ╚═════════════════════════════════════════════════════════════════════════╝
]]>
</failure>
</testcase>
<testcase name="Admin Panel Tests › should manage vendors" classname="09-admin.spec.ts" time="0.086">
<failure message="09-admin.spec.ts:85:7 should manage vendors" type="FAILURE">
<![CDATA[  [firefox] › 09-admin.spec.ts:85:7 › Admin Panel Tests › should manage vendors ────────────────────

    Error: browserType.launch: Executable doesn't exist at /Users/asithalakmal/Library/Caches/ms-playwright/firefox-1495/firefox/Nightly.app/Contents/MacOS/firefox
    ╔═════════════════════════════════════════════════════════════════════════╗
    ║ Looks like Playwright Test or Playwright was just installed or updated. ║
    ║ Please run the following command to download new browsers:              ║
    ║                                                                         ║
    ║     npx playwright install                                              ║
    ║                                                                         ║
    ║ <3 Playwright Team                                                      ║
    ╚═════════════════════════════════════════════════════════════════════════╝
]]>
</failure>
</testcase>
<testcase name="Admin Panel Tests › should reject vendor application" classname="09-admin.spec.ts" time="0.07">
<failure message="09-admin.spec.ts:106:7 should reject vendor application" type="FAILURE">
<![CDATA[  [firefox] › 09-admin.spec.ts:106:7 › Admin Panel Tests › should reject vendor application ────────

    Error: browserType.launch: Executable doesn't exist at /Users/asithalakmal/Library/Caches/ms-playwright/firefox-1495/firefox/Nightly.app/Contents/MacOS/firefox
    ╔═════════════════════════════════════════════════════════════════════════╗
    ║ Looks like Playwright Test or Playwright was just installed or updated. ║
    ║ Please run the following command to download new browsers:              ║
    ║                                                                         ║
    ║     npx playwright install                                              ║
    ║                                                                         ║
    ║ <3 Playwright Team                                                      ║
    ╚═════════════════════════════════════════════════════════════════════════╝
]]>
</failure>
</testcase>
<testcase name="Admin Panel Tests › should manage bookings" classname="09-admin.spec.ts" time="0.107">
<failure message="09-admin.spec.ts:125:7 should manage bookings" type="FAILURE">
<![CDATA[  [firefox] › 09-admin.spec.ts:125:7 › Admin Panel Tests › should manage bookings ──────────────────

    Error: browserType.launch: Executable doesn't exist at /Users/asithalakmal/Library/Caches/ms-playwright/firefox-1495/firefox/Nightly.app/Contents/MacOS/firefox
    ╔═════════════════════════════════════════════════════════════════════════╗
    ║ Looks like Playwright Test or Playwright was just installed or updated. ║
    ║ Please run the following command to download new browsers:              ║
    ║                                                                         ║
    ║     npx playwright install                                              ║
    ║                                                                         ║
    ║ <3 Playwright Team                                                      ║
    ╚═════════════════════════════════════════════════════════════════════════╝
]]>
</failure>
</testcase>
<testcase name="Admin Panel Tests › should cancel booking" classname="09-admin.spec.ts" time="0.103">
<failure message="09-admin.spec.ts:146:7 should cancel booking" type="FAILURE">
<![CDATA[  [firefox] › 09-admin.spec.ts:146:7 › Admin Panel Tests › should cancel booking ───────────────────

    Error: browserType.launch: Executable doesn't exist at /Users/asithalakmal/Library/Caches/ms-playwright/firefox-1495/firefox/Nightly.app/Contents/MacOS/firefox
    ╔═════════════════════════════════════════════════════════════════════════╗
    ║ Looks like Playwright Test or Playwright was just installed or updated. ║
    ║ Please run the following command to download new browsers:              ║
    ║                                                                         ║
    ║     npx playwright install                                              ║
    ║                                                                         ║
    ║ <3 Playwright Team                                                      ║
    ╚═════════════════════════════════════════════════════════════════════════╝
]]>
</failure>
</testcase>
<testcase name="Admin Panel Tests › should view analytics" classname="09-admin.spec.ts" time="0.133">
<failure message="09-admin.spec.ts:165:7 should view analytics" type="FAILURE">
<![CDATA[  [firefox] › 09-admin.spec.ts:165:7 › Admin Panel Tests › should view analytics ───────────────────

    Error: browserType.launch: Executable doesn't exist at /Users/asithalakmal/Library/Caches/ms-playwright/firefox-1495/firefox/Nightly.app/Contents/MacOS/firefox
    ╔═════════════════════════════════════════════════════════════════════════╗
    ║ Looks like Playwright Test or Playwright was just installed or updated. ║
    ║ Please run the following command to download new browsers:              ║
    ║                                                                         ║
    ║     npx playwright install                                              ║
    ║                                                                         ║
    ║ <3 Playwright Team                                                      ║
    ╚═════════════════════════════════════════════════════════════════════════╝
]]>
</failure>
</testcase>
<testcase name="Admin Panel Tests › should export data" classname="09-admin.spec.ts" time="0.033">
<failure message="09-admin.spec.ts:179:7 should export data" type="FAILURE">
<![CDATA[  [firefox] › 09-admin.spec.ts:179:7 › Admin Panel Tests › should export data ──────────────────────

    Error: browserType.launch: Executable doesn't exist at /Users/asithalakmal/Library/Caches/ms-playwright/firefox-1495/firefox/Nightly.app/Contents/MacOS/firefox
    ╔═════════════════════════════════════════════════════════════════════════╗
    ║ Looks like Playwright Test or Playwright was just installed or updated. ║
    ║ Please run the following command to download new browsers:              ║
    ║                                                                         ║
    ║     npx playwright install                                              ║
    ║                                                                         ║
    ║ <3 Playwright Team                                                      ║
    ╚═════════════════════════════════════════════════════════════════════════╝
]]>
</failure>
</testcase>
<testcase name="Admin Panel Tests › should manage system settings" classname="09-admin.spec.ts" time="0.024">
<failure message="09-admin.spec.ts:194:7 should manage system settings" type="FAILURE">
<![CDATA[  [firefox] › 09-admin.spec.ts:194:7 › Admin Panel Tests › should manage system settings ───────────

    Error: browserType.launch: Executable doesn't exist at /Users/asithalakmal/Library/Caches/ms-playwright/firefox-1495/firefox/Nightly.app/Contents/MacOS/firefox
    ╔═════════════════════════════════════════════════════════════════════════╗
    ║ Looks like Playwright Test or Playwright was just installed or updated. ║
    ║ Please run the following command to download new browsers:              ║
    ║                                                                         ║
    ║     npx playwright install                                              ║
    ║                                                                         ║
    ║ <3 Playwright Team                                                      ║
    ╚═════════════════════════════════════════════════════════════════════════╝
]]>
</failure>
</testcase>
<testcase name="Admin Panel Tests › should manage payment settings" classname="09-admin.spec.ts" time="0.04">
<failure message="09-admin.spec.ts:212:7 should manage payment settings" type="FAILURE">
<![CDATA[  [firefox] › 09-admin.spec.ts:212:7 › Admin Panel Tests › should manage payment settings ──────────

    Error: browserType.launch: Executable doesn't exist at /Users/asithalakmal/Library/Caches/ms-playwright/firefox-1495/firefox/Nightly.app/Contents/MacOS/firefox
    ╔═════════════════════════════════════════════════════════════════════════╗
    ║ Looks like Playwright Test or Playwright was just installed or updated. ║
    ║ Please run the following command to download new browsers:              ║
    ║                                                                         ║
    ║     npx playwright install                                              ║
    ║                                                                         ║
    ║ <3 Playwright Team                                                      ║
    ╚═════════════════════════════════════════════════════════════════════════╝
]]>
</failure>
</testcase>
<testcase name="Admin Panel Tests › should view system logs" classname="09-admin.spec.ts" time="0.098">
<failure message="09-admin.spec.ts:230:7 should view system logs" type="FAILURE">
<![CDATA[  [firefox] › 09-admin.spec.ts:230:7 › Admin Panel Tests › should view system logs ─────────────────

    Error: browserType.launch: Executable doesn't exist at /Users/asithalakmal/Library/Caches/ms-playwright/firefox-1495/firefox/Nightly.app/Contents/MacOS/firefox
    ╔═════════════════════════════════════════════════════════════════════════╗
    ║ Looks like Playwright Test or Playwright was just installed or updated. ║
    ║ Please run the following command to download new browsers:              ║
    ║                                                                         ║
    ║     npx playwright install                                              ║
    ║                                                                         ║
    ║ <3 Playwright Team                                                      ║
    ╚═════════════════════════════════════════════════════════════════════════╝
]]>
</failure>
</testcase>
<testcase name="Admin Panel Tests › should manage content moderation" classname="09-admin.spec.ts" time="0.03">
<failure message="09-admin.spec.ts:244:7 should manage content moderation" type="FAILURE">
<![CDATA[  [firefox] › 09-admin.spec.ts:244:7 › Admin Panel Tests › should manage content moderation ────────

    Error: browserType.launch: Executable doesn't exist at /Users/asithalakmal/Library/Caches/ms-playwright/firefox-1495/firefox/Nightly.app/Contents/MacOS/firefox
    ╔═════════════════════════════════════════════════════════════════════════╗
    ║ Looks like Playwright Test or Playwright was just installed or updated. ║
    ║ Please run the following command to download new browsers:              ║
    ║                                                                         ║
    ║     npx playwright install                                              ║
    ║                                                                         ║
    ║ <3 Playwright Team                                                      ║
    ╚═════════════════════════════════════════════════════════════════════════╝
]]>
</failure>
</testcase>
<testcase name="Admin Panel Tests › should handle user reports" classname="09-admin.spec.ts" time="0.125">
<failure message="09-admin.spec.ts:265:7 should handle user reports" type="FAILURE">
<![CDATA[  [firefox] › 09-admin.spec.ts:265:7 › Admin Panel Tests › should handle user reports ──────────────

    Error: browserType.launch: Executable doesn't exist at /Users/asithalakmal/Library/Caches/ms-playwright/firefox-1495/firefox/Nightly.app/Contents/MacOS/firefox
    ╔═════════════════════════════════════════════════════════════════════════╗
    ║ Looks like Playwright Test or Playwright was just installed or updated. ║
    ║ Please run the following command to download new browsers:              ║
    ║                                                                         ║
    ║     npx playwright install                                              ║
    ║                                                                         ║
    ║ <3 Playwright Team                                                      ║
    ╚═════════════════════════════════════════════════════════════════════════╝
]]>
</failure>
</testcase>
<testcase name="Admin Panel Tests › should manage notifications" classname="09-admin.spec.ts" time="0.019">
<failure message="09-admin.spec.ts:286:7 should manage notifications" type="FAILURE">
<![CDATA[  [firefox] › 09-admin.spec.ts:286:7 › Admin Panel Tests › should manage notifications ─────────────

    Error: browserType.launch: Executable doesn't exist at /Users/asithalakmal/Library/Caches/ms-playwright/firefox-1495/firefox/Nightly.app/Contents/MacOS/firefox
    ╔═════════════════════════════════════════════════════════════════════════╗
    ║ Looks like Playwright Test or Playwright was just installed or updated. ║
    ║ Please run the following command to download new browsers:              ║
    ║                                                                         ║
    ║     npx playwright install                                              ║
    ║                                                                         ║
    ║ <3 Playwright Team                                                      ║
    ╚═════════════════════════════════════════════════════════════════════════╝
]]>
</failure>
</testcase>
<testcase name="Admin Panel Tests › should backup system data" classname="09-admin.spec.ts" time="0.022">
<failure message="09-admin.spec.ts:310:7 should backup system data" type="FAILURE">
<![CDATA[  [firefox] › 09-admin.spec.ts:310:7 › Admin Panel Tests › should backup system data ───────────────

    Error: browserType.launch: Executable doesn't exist at /Users/asithalakmal/Library/Caches/ms-playwright/firefox-1495/firefox/Nightly.app/Contents/MacOS/firefox
    ╔═════════════════════════════════════════════════════════════════════════╗
    ║ Looks like Playwright Test or Playwright was just installed or updated. ║
    ║ Please run the following command to download new browsers:              ║
    ║                                                                         ║
    ║     npx playwright install                                              ║
    ║                                                                         ║
    ║ <3 Playwright Team                                                      ║
    ╚═════════════════════════════════════════════════════════════════════════╝
]]>
</failure>
</testcase>
</testsuite>
<testsuite name="10-api.spec.ts" timestamp="2025-10-20T22:56:09.042Z" hostname="firefox" tests="14" failures="14" skipped="0" time="30.424" errors="0">
<testcase name="API Endpoints Tests › should test authentication endpoints" classname="10-api.spec.ts" time="2.109">
<failure message="10-api.spec.ts:4:7 should test authentication endpoints" type="FAILURE">
<![CDATA[  [firefox] › 10-api.spec.ts:4:7 › API Endpoints Tests › should test authentication endpoints ──────

    Error: expect(received).toBe(expected) // Object.is equality

    Expected: 200
    Received: 400

      10 |       }
      11 |     });
    > 12 |     expect(loginResponse.status()).toBe(200);
         |                                    ^
      13 |     
      14 |     // Test register endpoint
      15 |     const registerResponse = await request.post('/api/auth/register', {
        at /Users/asithalakmal/Documents/web/final project/WeddingLK-next copy/tests/10-api.spec.ts:12:36
]]>
</failure>
</testcase>
<testcase name="API Endpoints Tests › should test venues CRUD endpoints" classname="10-api.spec.ts" time="2.72">
<failure message="10-api.spec.ts:27:7 should test venues CRUD endpoints" type="FAILURE">
<![CDATA[  [firefox] › 10-api.spec.ts:27:7 › API Endpoints Tests › should test venues CRUD endpoints ────────

    Error: expect(received).toBe(expected) // Object.is equality

    Expected: 201
    Received: 400

      40 |       }
      41 |     });
    > 42 |     expect(createVenueResponse.status()).toBe(201);
         |                                          ^
      43 |     
      44 |     const venueId = (await createVenueResponse.json()).id;
      45 |     
        at /Users/asithalakmal/Documents/web/final project/WeddingLK-next copy/tests/10-api.spec.ts:42:42
]]>
</failure>
</testcase>
<testcase name="API Endpoints Tests › should test vendors CRUD endpoints" classname="10-api.spec.ts" time="2.918">
<failure message="10-api.spec.ts:63:7 should test vendors CRUD endpoints" type="FAILURE">
<![CDATA[  [firefox] › 10-api.spec.ts:63:7 › API Endpoints Tests › should test vendors CRUD endpoints ───────

    Error: expect(received).toBe(expected) // Object.is equality

    Expected: 201
    Received: 400

      77 |       }
      78 |     });
    > 79 |     expect(createVendorResponse.status()).toBe(201);
         |                                           ^
      80 |     
      81 |     const vendorId = (await createVendorResponse.json()).id;
      82 |     
        at /Users/asithalakmal/Documents/web/final project/WeddingLK-next copy/tests/10-api.spec.ts:79:43
]]>
</failure>
</testcase>
<testcase name="API Endpoints Tests › should test bookings CRUD endpoints" classname="10-api.spec.ts" time="1.808">
<failure message="10-api.spec.ts:100:7 should test bookings CRUD endpoints" type="FAILURE">
<![CDATA[  [firefox] › 10-api.spec.ts:100:7 › API Endpoints Tests › should test bookings CRUD endpoints ─────

    Error: expect(received).toBe(expected) // Object.is equality

    Expected: 200
    Received: 401

      101 |     // Test get bookings
      102 |     const getBookingsResponse = await request.get('/api/bookings');
    > 103 |     expect(getBookingsResponse.status()).toBe(200);
          |                                          ^
      104 |     
      105 |     // Test create booking
      106 |     const createBookingResponse = await request.post('/api/bookings', {
        at /Users/asithalakmal/Documents/web/final project/WeddingLK-next copy/tests/10-api.spec.ts:103:42
]]>
</failure>
</testcase>
<testcase name="API Endpoints Tests › should test payments endpoints" classname="10-api.spec.ts" time="1.552">
<failure message="10-api.spec.ts:138:7 should test payments endpoints" type="FAILURE">
<![CDATA[  [firefox] › 10-api.spec.ts:138:7 › API Endpoints Tests › should test payments endpoints ──────────

    Error: expect(received).toBe(expected) // Object.is equality

    Expected: 200
    Received: 401

      145 |       }
      146 |     });
    > 147 |     expect(createPaymentIntentResponse.status()).toBe(200);
          |                                                  ^
      148 |     
      149 |     // Test get payments
      150 |     const getPaymentsResponse = await request.get('/api/payments');
        at /Users/asithalakmal/Documents/web/final project/WeddingLK-next copy/tests/10-api.spec.ts:147:50
]]>
</failure>
</testcase>
<testcase name="API Endpoints Tests › should test posts CRUD endpoints" classname="10-api.spec.ts" time="2.935">
<failure message="10-api.spec.ts:154:7 should test posts CRUD endpoints" type="FAILURE">
<![CDATA[  [firefox] › 10-api.spec.ts:154:7 › API Endpoints Tests › should test posts CRUD endpoints ────────

    Error: expect(received).toBe(expected) // Object.is equality

    Expected: 201
    Received: 400

      165 |       }
      166 |     });
    > 167 |     expect(createPostResponse.status()).toBe(201);
          |                                         ^
      168 |     
      169 |     const postId = (await createPostResponse.json()).id;
      170 |     
        at /Users/asithalakmal/Documents/web/final project/WeddingLK-next copy/tests/10-api.spec.ts:167:41
]]>
</failure>
</testcase>
<testcase name="API Endpoints Tests › should test messages endpoints" classname="10-api.spec.ts" time="1.086">
<failure message="10-api.spec.ts:188:7 should test messages endpoints" type="FAILURE">
<![CDATA[  [firefox] › 10-api.spec.ts:188:7 › API Endpoints Tests › should test messages endpoints ──────────

    Error: expect(received).toBe(expected) // Object.is equality

    Expected: 200
    Received: 401

      189 |     // Test get messages
      190 |     const getMessagesResponse = await request.get('/api/messages');
    > 191 |     expect(getMessagesResponse.status()).toBe(200);
          |                                          ^
      192 |     
      193 |     // Test create message
      194 |     const createMessageResponse = await request.post('/api/messages', {
        at /Users/asithalakmal/Documents/web/final project/WeddingLK-next copy/tests/10-api.spec.ts:191:42
]]>
</failure>
</testcase>
<testcase name="API Endpoints Tests › should test search endpoints" classname="10-api.spec.ts" time="1.236">
<failure message="10-api.spec.ts:222:7 should test search endpoints" type="FAILURE">
<![CDATA[  [firefox] › 10-api.spec.ts:222:7 › API Endpoints Tests › should test search endpoints ────────────

    Error: expect(received).toBe(expected) // Object.is equality

    Expected: 200
    Received: 404

      223 |     // Test search venues
      224 |     const searchVenuesResponse = await request.get('/api/search/venues?q=hotel');
    > 225 |     expect(searchVenuesResponse.status()).toBe(200);
          |                                           ^
      226 |     
      227 |     // Test search vendors
      228 |     const searchVendorsResponse = await request.get('/api/search/vendors?q=photography');
        at /Users/asithalakmal/Documents/web/final project/WeddingLK-next copy/tests/10-api.spec.ts:225:43
]]>
</failure>
</testcase>
<testcase name="API Endpoints Tests › should test analytics endpoints" classname="10-api.spec.ts" time="2.474">
<failure message="10-api.spec.ts:236:7 should test analytics endpoints" type="FAILURE">
<![CDATA[  [firefox] › 10-api.spec.ts:236:7 › API Endpoints Tests › should test analytics endpoints ─────────

    Error: expect(received).toBe(expected) // Object.is equality

    Expected: 200
    Received: 404

      241 |     // Test get user analytics
      242 |     const getUserAnalyticsResponse = await request.get('/api/analytics/users');
    > 243 |     expect(getUserAnalyticsResponse.status()).toBe(200);
          |                                               ^
      244 |     
      245 |     // Test get booking analytics
      246 |     const getBookingAnalyticsResponse = await request.get('/api/analytics/bookings');
        at /Users/asithalakmal/Documents/web/final project/WeddingLK-next copy/tests/10-api.spec.ts:243:47
]]>
</failure>
</testcase>
<testcase name="API Endpoints Tests › should test file upload endpoints" classname="10-api.spec.ts" time="0.261">
<failure message="10-api.spec.ts:250:7 should test file upload endpoints" type="FAILURE">
<![CDATA[  [firefox] › 10-api.spec.ts:250:7 › API Endpoints Tests › should test file upload endpoints ───────

    TypeError: apiRequestContext.post: stream.on is not a function

      250 |   test('should test file upload endpoints', async ({ request }) => {
      251 |     // Test upload image
    > 252 |     const uploadImageResponse = await request.post('/api/upload/image', {
          |                                               ^
      253 |       multipart: {
      254 |         file: new File(['test image content'], 'test.jpg', { type: 'image/jpeg' })
      255 |       }
        at /Users/asithalakmal/Documents/web/final project/WeddingLK-next copy/tests/10-api.spec.ts:252:47
]]>
</failure>
</testcase>
<testcase name="API Endpoints Tests › should test notification endpoints" classname="10-api.spec.ts" time="1.367">
<failure message="10-api.spec.ts:268:7 should test notification endpoints" type="FAILURE">
<![CDATA[  [firefox] › 10-api.spec.ts:268:7 › API Endpoints Tests › should test notification endpoints ──────

    Error: expect(received).toBe(expected) // Object.is equality

    Expected: 200
    Received: 401

      269 |     // Test get notifications
      270 |     const getNotificationsResponse = await request.get('/api/notifications');
    > 271 |     expect(getNotificationsResponse.status()).toBe(200);
          |                                               ^
      272 |     
      273 |     // Test create notification
      274 |     const createNotificationResponse = await request.post('/api/notifications', {
        at /Users/asithalakmal/Documents/web/final project/WeddingLK-next copy/tests/10-api.spec.ts:271:47
]]>
</failure>
</testcase>
<testcase name="API Endpoints Tests › should test error handling" classname="10-api.spec.ts" time="1.893">
<failure message="10-api.spec.ts:295:7 should test error handling" type="FAILURE">
<![CDATA[  [firefox] › 10-api.spec.ts:295:7 › API Endpoints Tests › should test error handling ──────────────

    Error: expect(received).toBe(expected) // Object.is equality

    Expected: 401
    Received: 404

      308 |     // Test 401 error
      309 |     const unauthorizedResponse = await request.get('/api/dashboard');
    > 310 |     expect(unauthorizedResponse.status()).toBe(401);
          |                                           ^
      311 |   });
      312 |
      313 |   test('should test rate limiting', async ({ request }) => {
        at /Users/asithalakmal/Documents/web/final project/WeddingLK-next copy/tests/10-api.spec.ts:310:43
]]>
</failure>
</testcase>
<testcase name="API Endpoints Tests › should test rate limiting" classname="10-api.spec.ts" time="7.989">
<failure message="10-api.spec.ts:313:7 should test rate limiting" type="FAILURE">
<![CDATA[  [firefox] › 10-api.spec.ts:313:7 › API Endpoints Tests › should test rate limiting ───────────────

    Error: expect(received).toBeGreaterThan(expected)

    Expected: > 0
    Received:   0

      322 |     // Some requests should be rate limited
      323 |     const rateLimitedResponses = responses.filter(r => r.status() === 429);
    > 324 |     expect(rateLimitedResponses.length).toBeGreaterThan(0);
          |                                         ^
      325 |   });
      326 |
      327 |   test('should test CORS headers', async ({ request }) => {
        at /Users/asithalakmal/Documents/web/final project/WeddingLK-next copy/tests/10-api.spec.ts:324:41
]]>
</failure>
</testcase>
<testcase name="API Endpoints Tests › should test CORS headers" classname="10-api.spec.ts" time="0.076">
<failure message="10-api.spec.ts:327:7 should test CORS headers" type="FAILURE">
<![CDATA[  [firefox] › 10-api.spec.ts:327:7 › API Endpoints Tests › should test CORS headers ────────────────

    TypeError: request.options is not a function

      327 |   test('should test CORS headers', async ({ request }) => {
      328 |     // Test CORS preflight request
    > 329 |     const corsResponse = await request.options('/api/venues');
          |                                        ^
      330 |     expect(corsResponse.status()).toBe(200);
      331 |     
      332 |     // Check CORS headers
        at /Users/asithalakmal/Documents/web/final project/WeddingLK-next copy/tests/10-api.spec.ts:329:40
]]>
</failure>
</testcase>
</testsuite>
<testsuite name="01-homepage.spec.ts" timestamp="2025-10-20T22:56:09.042Z" hostname="webkit" tests="6" failures="6" skipped="0" time="33.414" errors="0">
<testcase name="Homepage Tests › should load homepage successfully" classname="01-homepage.spec.ts" time="6.527">
<failure message="01-homepage.spec.ts:4:7 should load homepage successfully" type="FAILURE">
<![CDATA[  [webkit] › 01-homepage.spec.ts:4:7 › Homepage Tests › should load homepage successfully ──────────

    Error: browserContext.newPage: Protocol error (Page.overrideSetting): Unknown setting: FixedBackgroundsPaintRelativeToDocument
]]>
</failure>
</testcase>
<testcase name="Homepage Tests › should have working navigation links" classname="01-homepage.spec.ts" time="7.126">
<failure message="01-homepage.spec.ts:21:7 should have working navigation links" type="FAILURE">
<![CDATA[  [webkit] › 01-homepage.spec.ts:21:7 › Homepage Tests › should have working navigation links ──────

    Error: browserContext.newPage: Protocol error (Page.overrideSetting): Unknown setting: FixedBackgroundsPaintRelativeToDocument
]]>
</failure>
</testcase>
<testcase name="Homepage Tests › should have responsive design" classname="01-homepage.spec.ts" time="5.98">
<failure message="01-homepage.spec.ts:43:7 should have responsive design" type="FAILURE">
<![CDATA[  [webkit] › 01-homepage.spec.ts:43:7 › Homepage Tests › should have responsive design ─────────────

    Error: browserContext.newPage: Protocol error (Page.overrideSetting): Unknown setting: FixedBackgroundsPaintRelativeToDocument
]]>
</failure>
</testcase>
<testcase name="Homepage Tests › should have working search functionality" classname="01-homepage.spec.ts" time="4.37">
<failure message="01-homepage.spec.ts:62:7 should have working search functionality" type="FAILURE">
<![CDATA[  [webkit] › 01-homepage.spec.ts:62:7 › Homepage Tests › should have working search functionality ──

    Error: browserContext.newPage: Protocol error (Page.overrideSetting): Unknown setting: FixedBackgroundsPaintRelativeToDocument
]]>
</failure>
</testcase>
<testcase name="Homepage Tests › should display featured content" classname="01-homepage.spec.ts" time="4.815">
<failure message="01-homepage.spec.ts:76:7 should display featured content" type="FAILURE">
<![CDATA[  [webkit] › 01-homepage.spec.ts:76:7 › Homepage Tests › should display featured content ───────────

    Error: browserContext.newPage: Protocol error (Page.overrideSetting): Unknown setting: FixedBackgroundsPaintRelativeToDocument
]]>
</failure>
</testcase>
<testcase name="Homepage Tests › should handle 404 pages gracefully" classname="01-homepage.spec.ts" time="4.596">
<failure message="01-homepage.spec.ts:95:7 should handle 404 pages gracefully" type="FAILURE">
<![CDATA[  [webkit] › 01-homepage.spec.ts:95:7 › Homepage Tests › should handle 404 pages gracefully ────────

    Error: browserContext.newPage: Protocol error (Page.overrideSetting): Unknown setting: FixedBackgroundsPaintRelativeToDocument
]]>
</failure>
</testcase>
</testsuite>
<testsuite name="02-authentication.spec.ts" timestamp="2025-10-20T22:56:09.042Z" hostname="webkit" tests="8" failures="8" skipped="0" time="41.273" errors="0">
<testcase name="Authentication Flow Tests › should register new user successfully" classname="02-authentication.spec.ts" time="4.546">
<failure message="02-authentication.spec.ts:4:7 should register new user successfully" type="FAILURE">
<![CDATA[  [webkit] › 02-authentication.spec.ts:4:7 › Authentication Flow Tests › should register new user successfully 

    Error: browserContext.newPage: Protocol error (Page.overrideSetting): Unknown setting: FixedBackgroundsPaintRelativeToDocument
]]>
</failure>
</testcase>
<testcase name="Authentication Flow Tests › should register vendor successfully" classname="02-authentication.spec.ts" time="4.296">
<failure message="02-authentication.spec.ts:28:7 should register vendor successfully" type="FAILURE">
<![CDATA[  [webkit] › 02-authentication.spec.ts:28:7 › Authentication Flow Tests › should register vendor successfully 

    Error: browserContext.newPage: Protocol error (Page.overrideSetting): Unknown setting: FixedBackgroundsPaintRelativeToDocument
]]>
</failure>
</testcase>
<testcase name="Authentication Flow Tests › should login with valid credentials" classname="02-authentication.spec.ts" time="6.193">
<failure message="02-authentication.spec.ts:52:7 should login with valid credentials" type="FAILURE">
<![CDATA[  [webkit] › 02-authentication.spec.ts:52:7 › Authentication Flow Tests › should login with valid credentials 

    Error: browserContext.newPage: Protocol error (Page.overrideSetting): Unknown setting: FixedBackgroundsPaintRelativeToDocument
]]>
</failure>
</testcase>
<testcase name="Authentication Flow Tests › should show error for invalid credentials" classname="02-authentication.spec.ts" time="5.329">
<failure message="02-authentication.spec.ts:66:7 should show error for invalid credentials" type="FAILURE">
<![CDATA[  [webkit] › 02-authentication.spec.ts:66:7 › Authentication Flow Tests › should show error for invalid credentials 

    Error: browserContext.newPage: Protocol error (Page.overrideSetting): Unknown setting: FixedBackgroundsPaintRelativeToDocument
]]>
</failure>
</testcase>
<testcase name="Authentication Flow Tests › should handle password reset flow" classname="02-authentication.spec.ts" time="4.792">
<failure message="02-authentication.spec.ts:80:7 should handle password reset flow" type="FAILURE">
<![CDATA[  [webkit] › 02-authentication.spec.ts:80:7 › Authentication Flow Tests › should handle password reset flow 

    Error: browserContext.newPage: Protocol error (Page.overrideSetting): Unknown setting: FixedBackgroundsPaintRelativeToDocument
]]>
</failure>
</testcase>
<testcase name="Authentication Flow Tests › should logout successfully" classname="02-authentication.spec.ts" time="4.814">
<failure message="02-authentication.spec.ts:93:7 should logout successfully" type="FAILURE">
<![CDATA[  [webkit] › 02-authentication.spec.ts:93:7 › Authentication Flow Tests › should logout successfully 

    Error: browserContext.newPage: Protocol error (Page.overrideSetting): Unknown setting: FixedBackgroundsPaintRelativeToDocument
]]>
</failure>
</testcase>
<testcase name="Authentication Flow Tests › should protect authenticated routes" classname="02-authentication.spec.ts" time="5.754">
<failure message="02-authentication.spec.ts:111:7 should protect authenticated routes" type="FAILURE">
<![CDATA[  [webkit] › 02-authentication.spec.ts:111:7 › Authentication Flow Tests › should protect authenticated routes 

    Error: browserContext.newPage: Protocol error (Page.overrideSetting): Unknown setting: FixedBackgroundsPaintRelativeToDocument
]]>
</failure>
</testcase>
<testcase name="Authentication Flow Tests › should handle role-based redirects" classname="02-authentication.spec.ts" time="5.549">
<failure message="02-authentication.spec.ts:119:7 should handle role-based redirects" type="FAILURE">
<![CDATA[  [webkit] › 02-authentication.spec.ts:119:7 › Authentication Flow Tests › should handle role-based redirects 

    Error: browserContext.newPage: Protocol error (Page.overrideSetting): Unknown setting: FixedBackgroundsPaintRelativeToDocument
]]>
</failure>
</testcase>
</testsuite>
<testsuite name="03-dashboard.spec.ts" timestamp="2025-10-20T22:56:09.042Z" hostname="webkit" tests="6" failures="6" skipped="0" time="30.541" errors="0">
<testcase name="Dashboard Tests › should load user dashboard" classname="03-dashboard.spec.ts" time="5.152">
<failure message="03-dashboard.spec.ts:13:7 should load user dashboard" type="FAILURE">
<![CDATA[  [webkit] › 03-dashboard.spec.ts:13:7 › Dashboard Tests › should load user dashboard ──────────────

    Error: browserContext.newPage: Protocol error (Page.overrideSetting): Unknown setting: FixedBackgroundsPaintRelativeToDocument
]]>
</failure>
</testcase>
<testcase name="Dashboard Tests › should load vendor dashboard" classname="03-dashboard.spec.ts" time="4.664">
<failure message="03-dashboard.spec.ts:35:7 should load vendor dashboard" type="FAILURE">
<![CDATA[  [webkit] › 03-dashboard.spec.ts:35:7 › Dashboard Tests › should load vendor dashboard ────────────

    Error: browserContext.newPage: Protocol error (Page.overrideSetting): Unknown setting: FixedBackgroundsPaintRelativeToDocument
]]>
</failure>
</testcase>
<testcase name="Dashboard Tests › should load admin dashboard" classname="03-dashboard.spec.ts" time="5.375">
<failure message="03-dashboard.spec.ts:57:7 should load admin dashboard" type="FAILURE">
<![CDATA[  [webkit] › 03-dashboard.spec.ts:57:7 › Dashboard Tests › should load admin dashboard ─────────────

    Error: browserContext.newPage: Protocol error (Page.overrideSetting): Unknown setting: FixedBackgroundsPaintRelativeToDocument
]]>
</failure>
</testcase>
<testcase name="Dashboard Tests › should navigate between dashboard sections" classname="03-dashboard.spec.ts" time="4.251">
<failure message="03-dashboard.spec.ts:79:7 should navigate between dashboard sections" type="FAILURE">
<![CDATA[  [webkit] › 03-dashboard.spec.ts:79:7 › Dashboard Tests › should navigate between dashboard sections 

    Error: browserContext.newPage: Protocol error (Page.overrideSetting): Unknown setting: FixedBackgroundsPaintRelativeToDocument
]]>
</failure>
</testcase>
<testcase name="Dashboard Tests › should display user statistics" classname="03-dashboard.spec.ts" time="5.572">
<failure message="03-dashboard.spec.ts:100:7 should display user statistics" type="FAILURE">
<![CDATA[  [webkit] › 03-dashboard.spec.ts:100:7 › Dashboard Tests › should display user statistics ─────────

    Error: browserContext.newPage: Protocol error (Page.overrideSetting): Unknown setting: FixedBackgroundsPaintRelativeToDocument
]]>
</failure>
</testcase>
<testcase name="Dashboard Tests › should handle responsive dashboard layout" classname="03-dashboard.spec.ts" time="5.527">
<failure message="03-dashboard.spec.ts:110:7 should handle responsive dashboard layout" type="FAILURE">
<![CDATA[  [webkit] › 03-dashboard.spec.ts:110:7 › Dashboard Tests › should handle responsive dashboard layout 

    Error: browserContext.newPage: Protocol error (Page.overrideSetting): Unknown setting: FixedBackgroundsPaintRelativeToDocument
]]>
</failure>
</testcase>
</testsuite>
<testsuite name="04-venues.spec.ts" timestamp="2025-10-20T22:56:09.042Z" hostname="webkit" tests="10" failures="10" skipped="0" time="48.253" errors="0">
<testcase name="Venues CRUD Tests › should display venues list" classname="04-venues.spec.ts" time="5.792">
<failure message="04-venues.spec.ts:4:7 should display venues list" type="FAILURE">
<![CDATA[  [webkit] › 04-venues.spec.ts:4:7 › Venues CRUD Tests › should display venues list ────────────────

    Error: browserContext.newPage: Protocol error (Page.overrideSetting): Unknown setting: FixedBackgroundsPaintRelativeToDocument
]]>
</failure>
</testcase>
<testcase name="Venues CRUD Tests › should filter venues by location" classname="04-venues.spec.ts" time="4.429">
<failure message="04-venues.spec.ts:15:7 should filter venues by location" type="FAILURE">
<![CDATA[  [webkit] › 04-venues.spec.ts:15:7 › Venues CRUD Tests › should filter venues by location ─────────

    Error: browserContext.newPage: Protocol error (Page.overrideSetting): Unknown setting: FixedBackgroundsPaintRelativeToDocument
]]>
</failure>
</testcase>
<testcase name="Venues CRUD Tests › should filter venues by capacity" classname="04-venues.spec.ts" time="4.658">
<failure message="04-venues.spec.ts:32:7 should filter venues by capacity" type="FAILURE">
<![CDATA[  [webkit] › 04-venues.spec.ts:32:7 › Venues CRUD Tests › should filter venues by capacity ─────────

    Error: browserContext.newPage: Protocol error (Page.overrideSetting): Unknown setting: FixedBackgroundsPaintRelativeToDocument
]]>
</failure>
</testcase>
<testcase name="Venues CRUD Tests › should search venues" classname="04-venues.spec.ts" time="4.975">
<failure message="04-venues.spec.ts:49:7 should search venues" type="FAILURE">
<![CDATA[  [webkit] › 04-venues.spec.ts:49:7 › Venues CRUD Tests › should search venues ─────────────────────

    Error: browserContext.newPage: Protocol error (Page.overrideSetting): Unknown setting: FixedBackgroundsPaintRelativeToDocument
]]>
</failure>
</testcase>
<testcase name="Venues CRUD Tests › should view venue details" classname="04-venues.spec.ts" time="4.867">
<failure message="04-venues.spec.ts:67:7 should view venue details" type="FAILURE">
<![CDATA[  [webkit] › 04-venues.spec.ts:67:7 › Venues CRUD Tests › should view venue details ────────────────

    Error: browserContext.newPage: Protocol error (Page.overrideSetting): Unknown setting: FixedBackgroundsPaintRelativeToDocument
]]>
</failure>
</testcase>
<testcase name="Venues CRUD Tests › should book venue" classname="04-venues.spec.ts" time="4.86">
<failure message="04-venues.spec.ts:98:7 should book venue" type="FAILURE">
<![CDATA[  [webkit] › 04-venues.spec.ts:98:7 › Venues CRUD Tests › should book venue ────────────────────────

    Error: browserContext.newPage: Protocol error (Page.overrideSetting): Unknown setting: FixedBackgroundsPaintRelativeToDocument
]]>
</failure>
</testcase>
<testcase name="Venues CRUD Tests › should add venue to favorites" classname="04-venues.spec.ts" time="4.53">
<failure message="04-venues.spec.ts:133:7 should add venue to favorites" type="FAILURE">
<![CDATA[  [webkit] › 04-venues.spec.ts:133:7 › Venues CRUD Tests › should add venue to favorites ───────────

    Error: browserContext.newPage: Protocol error (Page.overrideSetting): Unknown setting: FixedBackgroundsPaintRelativeToDocument
]]>
</failure>
</testcase>
<testcase name="Venues CRUD Tests › should create new venue (vendor)" classname="04-venues.spec.ts" time="5.192">
<failure message="04-venues.spec.ts:157:7 should create new venue (vendor)" type="FAILURE">
<![CDATA[  [webkit] › 04-venues.spec.ts:157:7 › Venues CRUD Tests › should create new venue (vendor) ────────

    Error: browserContext.newPage: Protocol error (Page.overrideSetting): Unknown setting: FixedBackgroundsPaintRelativeToDocument
]]>
</failure>
</testcase>
<testcase name="Venues CRUD Tests › should edit venue (vendor)" classname="04-venues.spec.ts" time="4.171">
<failure message="04-venues.spec.ts:181:7 should edit venue (vendor)" type="FAILURE">
<![CDATA[  [webkit] › 04-venues.spec.ts:181:7 › Venues CRUD Tests › should edit venue (vendor) ──────────────

    Error: browserContext.newPage: Protocol error (Page.overrideSetting): Unknown setting: FixedBackgroundsPaintRelativeToDocument
]]>
</failure>
</testcase>
<testcase name="Venues CRUD Tests › should delete venue (vendor)" classname="04-venues.spec.ts" time="4.779">
<failure message="04-venues.spec.ts:210:7 should delete venue (vendor)" type="FAILURE">
<![CDATA[  [webkit] › 04-venues.spec.ts:210:7 › Venues CRUD Tests › should delete venue (vendor) ────────────

    Error: browserContext.newPage: Protocol error (Page.overrideSetting): Unknown setting: FixedBackgroundsPaintRelativeToDocument
]]>
</failure>
</testcase>
</testsuite>
<testsuite name="05-vendors.spec.ts" timestamp="2025-10-20T22:56:09.042Z" hostname="webkit" tests="13" failures="13" skipped="0" time="55.573" errors="0">
<testcase name="Vendors CRUD Tests › should display vendors list" classname="05-vendors.spec.ts" time="4.222">
<failure message="05-vendors.spec.ts:4:7 should display vendors list" type="FAILURE">
<![CDATA[  [webkit] › 05-vendors.spec.ts:4:7 › Vendors CRUD Tests › should display vendors list ─────────────

    Error: browserContext.newPage: Protocol error (Page.overrideSetting): Unknown setting: FixedBackgroundsPaintRelativeToDocument
]]>
</failure>
</testcase>
<testcase name="Vendors CRUD Tests › should filter vendors by category" classname="05-vendors.spec.ts" time="2.548">
<failure message="05-vendors.spec.ts:15:7 should filter vendors by category" type="FAILURE">
<![CDATA[  [webkit] › 05-vendors.spec.ts:15:7 › Vendors CRUD Tests › should filter vendors by category ──────

    Error: browserContext.newPage: Protocol error (Page.overrideSetting): Unknown setting: FixedBackgroundsPaintRelativeToDocument
]]>
</failure>
</testcase>
<testcase name="Vendors CRUD Tests › should filter vendors by location" classname="05-vendors.spec.ts" time="4.801">
<failure message="05-vendors.spec.ts:32:7 should filter vendors by location" type="FAILURE">
<![CDATA[  [webkit] › 05-vendors.spec.ts:32:7 › Vendors CRUD Tests › should filter vendors by location ──────

    Error: browserContext.newPage: Protocol error (Page.overrideSetting): Unknown setting: FixedBackgroundsPaintRelativeToDocument
]]>
</failure>
</testcase>
<testcase name="Vendors CRUD Tests › should search vendors" classname="05-vendors.spec.ts" time="3.211">
<failure message="05-vendors.spec.ts:49:7 should search vendors" type="FAILURE">
<![CDATA[  [webkit] › 05-vendors.spec.ts:49:7 › Vendors CRUD Tests › should search vendors ──────────────────

    Error: browserContext.newPage: Protocol error (Page.overrideSetting): Unknown setting: FixedBackgroundsPaintRelativeToDocument
]]>
</failure>
</testcase>
<testcase name="Vendors CRUD Tests › should view vendor profile" classname="05-vendors.spec.ts" time="4.938">
<failure message="05-vendors.spec.ts:67:7 should view vendor profile" type="FAILURE">
<![CDATA[  [webkit] › 05-vendors.spec.ts:67:7 › Vendors CRUD Tests › should view vendor profile ─────────────

    Error: browserContext.newPage: Protocol error (Page.overrideSetting): Unknown setting: FixedBackgroundsPaintRelativeToDocument
]]>
</failure>
</testcase>
<testcase name="Vendors CRUD Tests › should book vendor service" classname="05-vendors.spec.ts" time="5.002">
<failure message="05-vendors.spec.ts:98:7 should book vendor service" type="FAILURE">
<![CDATA[  [webkit] › 05-vendors.spec.ts:98:7 › Vendors CRUD Tests › should book vendor service ─────────────

    Error: browserContext.newPage: Protocol error (Page.overrideSetting): Unknown setting: FixedBackgroundsPaintRelativeToDocument
]]>
</failure>
</testcase>
<testcase name="Vendors CRUD Tests › should add vendor to favorites" classname="05-vendors.spec.ts" time="4.764">
<failure message="05-vendors.spec.ts:132:7 should add vendor to favorites" type="FAILURE">
<![CDATA[  [webkit] › 05-vendors.spec.ts:132:7 › Vendors CRUD Tests › should add vendor to favorites ────────

    Error: browserContext.newPage: Protocol error (Page.overrideSetting): Unknown setting: FixedBackgroundsPaintRelativeToDocument
]]>
</failure>
</testcase>
<testcase name="Vendors CRUD Tests › should create vendor profile" classname="05-vendors.spec.ts" time="3.944">
<failure message="05-vendors.spec.ts:156:7 should create vendor profile" type="FAILURE">
<![CDATA[  [webkit] › 05-vendors.spec.ts:156:7 › Vendors CRUD Tests › should create vendor profile ──────────

    Error: browserContext.newPage: Protocol error (Page.overrideSetting): Unknown setting: FixedBackgroundsPaintRelativeToDocument
]]>
</failure>
</testcase>
<testcase name="Vendors CRUD Tests › should edit vendor profile" classname="05-vendors.spec.ts" time="4.644">
<failure message="05-vendors.spec.ts:183:7 should edit vendor profile" type="FAILURE">
<![CDATA[  [webkit] › 05-vendors.spec.ts:183:7 › Vendors CRUD Tests › should edit vendor profile ────────────

    Error: browserContext.newPage: Protocol error (Page.overrideSetting): Unknown setting: FixedBackgroundsPaintRelativeToDocument
]]>
</failure>
</testcase>
<testcase name="Vendors CRUD Tests › should manage vendor services" classname="05-vendors.spec.ts" time="5.462">
<failure message="05-vendors.spec.ts:204:7 should manage vendor services" type="FAILURE">
<![CDATA[  [webkit] › 05-vendors.spec.ts:204:7 › Vendors CRUD Tests › should manage vendor services ─────────

    Error: browserContext.newPage: Protocol error (Page.overrideSetting): Unknown setting: FixedBackgroundsPaintRelativeToDocument
]]>
</failure>
</testcase>
<testcase name="Vendors CRUD Tests › should manage vendor portfolio" classname="05-vendors.spec.ts" time="3.642">
<failure message="05-vendors.spec.ts:232:7 should manage vendor portfolio" type="FAILURE">
<![CDATA[  [webkit] › 05-vendors.spec.ts:232:7 › Vendors CRUD Tests › should manage vendor portfolio ────────

    Error: browserContext.newPage: Protocol error (Page.overrideSetting): Unknown setting: FixedBackgroundsPaintRelativeToDocument
]]>
</failure>
</testcase>
<testcase name="Vendors CRUD Tests › should view vendor reviews" classname="05-vendors.spec.ts" time="3.172">
<failure message="05-vendors.spec.ts:253:7 should view vendor reviews" type="FAILURE">
<![CDATA[  [webkit] › 05-vendors.spec.ts:253:7 › Vendors CRUD Tests › should view vendor reviews ────────────

    Error: browserContext.newPage: Protocol error (Page.overrideSetting): Unknown setting: FixedBackgroundsPaintRelativeToDocument
]]>
</failure>
</testcase>
<testcase name="Vendors CRUD Tests › should write vendor review" classname="05-vendors.spec.ts" time="5.223">
<failure message="05-vendors.spec.ts:273:7 should write vendor review" type="FAILURE">
<![CDATA[  [webkit] › 05-vendors.spec.ts:273:7 › Vendors CRUD Tests › should write vendor review ────────────

    Error: browserContext.newPage: Protocol error (Page.overrideSetting): Unknown setting: FixedBackgroundsPaintRelativeToDocument
]]>
</failure>
</testcase>
</testsuite>
<testsuite name="06-booking.spec.ts" timestamp="2025-10-20T22:56:09.042Z" hostname="webkit" tests="12" failures="12" skipped="0" time="49.146" errors="0">
<testcase name="Booking System Tests › should create venue booking" classname="06-booking.spec.ts" time="4.453">
<failure message="06-booking.spec.ts:13:7 should create venue booking" type="FAILURE">
<![CDATA[  [webkit] › 06-booking.spec.ts:13:7 › Booking System Tests › should create venue booking ──────────

    Error: browserContext.newPage: Protocol error (Page.overrideSetting): Unknown setting: FixedBackgroundsPaintRelativeToDocument
]]>
</failure>
</testcase>
<testcase name="Booking System Tests › should create vendor booking" classname="06-booking.spec.ts" time="5.069">
<failure message="06-booking.spec.ts:40:7 should create vendor booking" type="FAILURE">
<![CDATA[  [webkit] › 06-booking.spec.ts:40:7 › Booking System Tests › should create vendor booking ─────────

    Error: browserContext.newPage: Protocol error (Page.overrideSetting): Unknown setting: FixedBackgroundsPaintRelativeToDocument
]]>
</failure>
</testcase>
<testcase name="Booking System Tests › should view booking details" classname="06-booking.spec.ts" time="3.416">
<failure message="06-booking.spec.ts:65:7 should view booking details" type="FAILURE">
<![CDATA[  [webkit] › 06-booking.spec.ts:65:7 › Booking System Tests › should view booking details ──────────

    Error: browserContext.newPage: Protocol error (Page.overrideSetting): Unknown setting: FixedBackgroundsPaintRelativeToDocument
]]>
</failure>
</testcase>
<testcase name="Booking System Tests › should modify booking" classname="06-booking.spec.ts" time="5.152">
<failure message="06-booking.spec.ts:96:7 should modify booking" type="FAILURE">
<![CDATA[  [webkit] › 06-booking.spec.ts:96:7 › Booking System Tests › should modify booking ────────────────

    Error: browserContext.newPage: Protocol error (Page.overrideSetting): Unknown setting: FixedBackgroundsPaintRelativeToDocument
]]>
</failure>
</testcase>
<testcase name="Booking System Tests › should cancel booking" classname="06-booking.spec.ts" time="4.688">
<failure message="06-booking.spec.ts:119:7 should cancel booking" type="FAILURE">
<![CDATA[  [webkit] › 06-booking.spec.ts:119:7 › Booking System Tests › should cancel booking ───────────────

    Error: browserContext.newPage: Protocol error (Page.overrideSetting): Unknown setting: FixedBackgroundsPaintRelativeToDocument
]]>
</failure>
</testcase>
<testcase name="Booking System Tests › should reschedule booking" classname="06-booking.spec.ts" time="4.026">
<failure message="06-booking.spec.ts:138:7 should reschedule booking" type="FAILURE">
<![CDATA[  [webkit] › 06-booking.spec.ts:138:7 › Booking System Tests › should reschedule booking ───────────

    Error: browserContext.newPage: Protocol error (Page.overrideSetting): Unknown setting: FixedBackgroundsPaintRelativeToDocument
]]>
</failure>
</testcase>
<testcase name="Booking System Tests › should process payment for booking" classname="06-booking.spec.ts" time="3.756">
<failure message="06-booking.spec.ts:160:7 should process payment for booking" type="FAILURE">
<![CDATA[  [webkit] › 06-booking.spec.ts:160:7 › Booking System Tests › should process payment for booking ──

    Error: browserContext.newPage: Protocol error (Page.overrideSetting): Unknown setting: FixedBackgroundsPaintRelativeToDocument
]]>
</failure>
</testcase>
<testcase name="Booking System Tests › should view booking calendar" classname="06-booking.spec.ts" time="3.446">
<failure message="06-booking.spec.ts:191:7 should view booking calendar" type="FAILURE">
<![CDATA[  [webkit] › 06-booking.spec.ts:191:7 › Booking System Tests › should view booking calendar ────────

    Error: browserContext.newPage: Protocol error (Page.overrideSetting): Unknown setting: FixedBackgroundsPaintRelativeToDocument
]]>
</failure>
</testcase>
<testcase name="Booking System Tests › should filter bookings by status" classname="06-booking.spec.ts" time="3.527">
<failure message="06-booking.spec.ts:205:7 should filter bookings by status" type="FAILURE">
<![CDATA[  [webkit] › 06-booking.spec.ts:205:7 › Booking System Tests › should filter bookings by status ────

    Error: browserContext.newPage: Protocol error (Page.overrideSetting): Unknown setting: FixedBackgroundsPaintRelativeToDocument
]]>
</failure>
</testcase>
<testcase name="Booking System Tests › should search bookings" classname="06-booking.spec.ts" time="3.963">
<failure message="06-booking.spec.ts:222:7 should search bookings" type="FAILURE">
<![CDATA[  [webkit] › 06-booking.spec.ts:222:7 › Booking System Tests › should search bookings ──────────────

    Error: browserContext.newPage: Protocol error (Page.overrideSetting): Unknown setting: FixedBackgroundsPaintRelativeToDocument
]]>
</failure>
</testcase>
<testcase name="Booking System Tests › should export booking details" classname="06-booking.spec.ts" time="3.43">
<failure message="06-booking.spec.ts:240:7 should export booking details" type="FAILURE">
<![CDATA[  [webkit] › 06-booking.spec.ts:240:7 › Booking System Tests › should export booking details ───────

    Error: browserContext.newPage: Protocol error (Page.overrideSetting): Unknown setting: FixedBackgroundsPaintRelativeToDocument
]]>
</failure>
</testcase>
<testcase name="Booking System Tests › should send booking reminder" classname="06-booking.spec.ts" time="4.22">
<failure message="06-booking.spec.ts:255:7 should send booking reminder" type="FAILURE">
<![CDATA[  [webkit] › 06-booking.spec.ts:255:7 › Booking System Tests › should send booking reminder ────────

    Error: browserContext.newPage: Protocol error (Page.overrideSetting): Unknown setting: FixedBackgroundsPaintRelativeToDocument
]]>
</failure>
</testcase>
</testsuite>
<testsuite name="07-payments.spec.ts" timestamp="2025-10-20T22:56:09.042Z" hostname="webkit" tests="13" failures="13" skipped="0" time="54.71" errors="0">
<testcase name="Payment System Tests › should process Stripe payment" classname="07-payments.spec.ts" time="3.656">
<failure message="07-payments.spec.ts:13:7 should process Stripe payment" type="FAILURE">
<![CDATA[  [webkit] › 07-payments.spec.ts:13:7 › Payment System Tests › should process Stripe payment ───────

    Error: browserContext.newPage: Protocol error (Page.overrideSetting): Unknown setting: FixedBackgroundsPaintRelativeToDocument
]]>
</failure>
</testcase>
<testcase name="Payment System Tests › should handle payment failure" classname="07-payments.spec.ts" time="5.018">
<failure message="07-payments.spec.ts:30:7 should handle payment failure" type="FAILURE">
<![CDATA[  [webkit] › 07-payments.spec.ts:30:7 › Payment System Tests › should handle payment failure ───────

    Error: browserContext.newPage: Protocol error (Page.overrideSetting): Unknown setting: FixedBackgroundsPaintRelativeToDocument
]]>
</failure>
</testcase>
<testcase name="Payment System Tests › should save payment method" classname="07-payments.spec.ts" time="3.98">
<failure message="07-payments.spec.ts:46:7 should save payment method" type="FAILURE">
<![CDATA[  [webkit] › 07-payments.spec.ts:46:7 › Payment System Tests › should save payment method ──────────

    Error: browserContext.newPage: Protocol error (Page.overrideSetting): Unknown setting: FixedBackgroundsPaintRelativeToDocument
]]>
</failure>
</testcase>
<testcase name="Payment System Tests › should view payment history" classname="07-payments.spec.ts" time="4.34">
<failure message="07-payments.spec.ts:68:7 should view payment history" type="FAILURE">
<![CDATA[  [webkit] › 07-payments.spec.ts:68:7 › Payment System Tests › should view payment history ─────────

    Error: browserContext.newPage: Protocol error (Page.overrideSetting): Unknown setting: FixedBackgroundsPaintRelativeToDocument
]]>
</failure>
</testcase>
<testcase name="Payment System Tests › should download payment receipt" classname="07-payments.spec.ts" time="3.714">
<failure message="07-payments.spec.ts:82:7 should download payment receipt" type="FAILURE">
<![CDATA[  [webkit] › 07-payments.spec.ts:82:7 › Payment System Tests › should download payment receipt ─────

    Error: browserContext.newPage: Protocol error (Page.overrideSetting): Unknown setting: FixedBackgroundsPaintRelativeToDocument
]]>
</failure>
</testcase>
<testcase name="Payment System Tests › should request refund" classname="07-payments.spec.ts" time="4.646">
<failure message="07-payments.spec.ts:97:7 should request refund" type="FAILURE">
<![CDATA[  [webkit] › 07-payments.spec.ts:97:7 › Payment System Tests › should request refund ───────────────

    Error: browserContext.newPage: Protocol error (Page.overrideSetting): Unknown setting: FixedBackgroundsPaintRelativeToDocument
]]>
</failure>
</testcase>
<testcase name="Payment System Tests › should set up subscription" classname="07-payments.spec.ts" time="3.814">
<failure message="07-payments.spec.ts:116:7 should set up subscription" type="FAILURE">
<![CDATA[  [webkit] › 07-payments.spec.ts:116:7 › Payment System Tests › should set up subscription ─────────

    Error: browserContext.newPage: Protocol error (Page.overrideSetting): Unknown setting: FixedBackgroundsPaintRelativeToDocument
]]>
</failure>
</testcase>
<testcase name="Payment System Tests › should cancel subscription" classname="07-payments.spec.ts" time="4.834">
<failure message="07-payments.spec.ts:138:7 should cancel subscription" type="FAILURE">
<![CDATA[  [webkit] › 07-payments.spec.ts:138:7 › Payment System Tests › should cancel subscription ─────────

    Error: browserContext.newPage: Protocol error (Page.overrideSetting): Unknown setting: FixedBackgroundsPaintRelativeToDocument
]]>
</failure>
</testcase>
<testcase name="Payment System Tests › should view invoice details" classname="07-payments.spec.ts" time="3.355">
<failure message="07-payments.spec.ts:157:7 should view invoice details" type="FAILURE">
<![CDATA[  [webkit] › 07-payments.spec.ts:157:7 › Payment System Tests › should view invoice details ────────

    Error: browserContext.newPage: Protocol error (Page.overrideSetting): Unknown setting: FixedBackgroundsPaintRelativeToDocument
]]>
</failure>
</testcase>
<testcase name="Payment System Tests › should handle payment webhook" classname="07-payments.spec.ts" time="4.75">
<failure message="07-payments.spec.ts:186:7 should handle payment webhook" type="FAILURE">
<![CDATA[  [webkit] › 07-payments.spec.ts:186:7 › Payment System Tests › should handle payment webhook ──────

    Error: browserContext.newPage: Protocol error (Page.overrideSetting): Unknown setting: FixedBackgroundsPaintRelativeToDocument
]]>
</failure>
</testcase>
<testcase name="Payment System Tests › should validate payment form" classname="07-payments.spec.ts" time="4.235">
<failure message="07-payments.spec.ts:193:7 should validate payment form" type="FAILURE">
<![CDATA[  [webkit] › 07-payments.spec.ts:193:7 › Payment System Tests › should validate payment form ───────

    Error: browserContext.newPage: Protocol error (Page.overrideSetting): Unknown setting: FixedBackgroundsPaintRelativeToDocument
]]>
</failure>
</testcase>
<testcase name="Payment System Tests › should handle payment timeout" classname="07-payments.spec.ts" time="4.264">
<failure message="07-payments.spec.ts:210:7 should handle payment timeout" type="FAILURE">
<![CDATA[  [webkit] › 07-payments.spec.ts:210:7 › Payment System Tests › should handle payment timeout ──────

    Error: browserContext.newPage: Protocol error (Page.overrideSetting): Unknown setting: FixedBackgroundsPaintRelativeToDocument
]]>
</failure>
</testcase>
<testcase name="Payment System Tests › should support multiple currencies" classname="07-payments.spec.ts" time="4.104">
<failure message="07-payments.spec.ts:230:7 should support multiple currencies" type="FAILURE">
<![CDATA[  [webkit] › 07-payments.spec.ts:230:7 › Payment System Tests › should support multiple currencies ─

    Error: browserContext.newPage: Protocol error (Page.overrideSetting): Unknown setting: FixedBackgroundsPaintRelativeToDocument
]]>
</failure>
</testcase>
</testsuite>
<testsuite name="08-social.spec.ts" timestamp="2025-10-20T22:56:09.042Z" hostname="webkit" tests="17" failures="17" skipped="0" time="68.336" errors="0">
<testcase name="Social Features Tests › should create new post" classname="08-social.spec.ts" time="4.077">
<failure message="08-social.spec.ts:13:7 should create new post" type="FAILURE">
<![CDATA[  [webkit] › 08-social.spec.ts:13:7 › Social Features Tests › should create new post ───────────────

    Error: browserContext.newPage: Protocol error (Page.overrideSetting): Unknown setting: FixedBackgroundsPaintRelativeToDocument
]]>
</failure>
</testcase>
<testcase name="Social Features Tests › should like/unlike post" classname="08-social.spec.ts" time="3.827">
<failure message="08-social.spec.ts:35:7 should like/unlike post" type="FAILURE">
<![CDATA[  [webkit] › 08-social.spec.ts:35:7 › Social Features Tests › should like/unlike post ──────────────

    Error: browserContext.newPage: Protocol error (Page.overrideSetting): Unknown setting: FixedBackgroundsPaintRelativeToDocument
]]>
</failure>
</testcase>
<testcase name="Social Features Tests › should comment on post" classname="08-social.spec.ts" time="4.137">
<failure message="08-social.spec.ts:54:7 should comment on post" type="FAILURE">
<![CDATA[  [webkit] › 08-social.spec.ts:54:7 › Social Features Tests › should comment on post ───────────────

    Error: browserContext.newPage: Protocol error (Page.overrideSetting): Unknown setting: FixedBackgroundsPaintRelativeToDocument
]]>
</failure>
</testcase>
<testcase name="Social Features Tests › should share post" classname="08-social.spec.ts" time="4.744">
<failure message="08-social.spec.ts:73:7 should share post" type="FAILURE">
<![CDATA[  [webkit] › 08-social.spec.ts:73:7 › Social Features Tests › should share post ────────────────────

    Error: browserContext.newPage: Protocol error (Page.overrideSetting): Unknown setting: FixedBackgroundsPaintRelativeToDocument
]]>
</failure>
</testcase>
<testcase name="Social Features Tests › should bookmark post" classname="08-social.spec.ts" time="5.645">
<failure message="08-social.spec.ts:86:7 should bookmark post" type="FAILURE">
<![CDATA[  [webkit] › 08-social.spec.ts:86:7 › Social Features Tests › should bookmark post ─────────────────

    Error: browserContext.newPage: Protocol error (Page.overrideSetting): Unknown setting: FixedBackgroundsPaintRelativeToDocument
]]>
</failure>
</testcase>
<testcase name="Social Features Tests › should create story" classname="08-social.spec.ts" time="4.178">
<failure message="08-social.spec.ts:99:7 should create story" type="FAILURE">
<![CDATA[  [webkit] › 08-social.spec.ts:99:7 › Social Features Tests › should create story ──────────────────

    Error: browserContext.newPage: Protocol error (Page.overrideSetting): Unknown setting: FixedBackgroundsPaintRelativeToDocument
]]>
</failure>
</testcase>
<testcase name="Social Features Tests › should view story" classname="08-social.spec.ts" time="4.049">
<failure message="08-social.spec.ts:125:7 should view story" type="FAILURE">
<![CDATA[  [webkit] › 08-social.spec.ts:125:7 › Social Features Tests › should view story ───────────────────

    Error: browserContext.newPage: Protocol error (Page.overrideSetting): Unknown setting: FixedBackgroundsPaintRelativeToDocument
]]>
</failure>
</testcase>
<testcase name="Social Features Tests › should create reel" classname="08-social.spec.ts" time="3.432">
<failure message="08-social.spec.ts:138:7 should create reel" type="FAILURE">
<![CDATA[  [webkit] › 08-social.spec.ts:138:7 › Social Features Tests › should create reel ──────────────────

    Error: browserContext.newPage: Protocol error (Page.overrideSetting): Unknown setting: FixedBackgroundsPaintRelativeToDocument
]]>
</failure>
</testcase>
<testcase name="Social Features Tests › should follow user" classname="08-social.spec.ts" time="4.027">
<failure message="08-social.spec.ts:164:7 should follow user" type="FAILURE">
<![CDATA[  [webkit] › 08-social.spec.ts:164:7 › Social Features Tests › should follow user ──────────────────

    Error: browserContext.newPage: Protocol error (Page.overrideSetting): Unknown setting: FixedBackgroundsPaintRelativeToDocument
]]>
</failure>
</testcase>
<testcase name="Social Features Tests › should send direct message" classname="08-social.spec.ts" time="2.987">
<failure message="08-social.spec.ts:183:7 should send direct message" type="FAILURE">
<![CDATA[  [webkit] › 08-social.spec.ts:183:7 › Social Features Tests › should send direct message ──────────

    Error: browserContext.newPage: Protocol error (Page.overrideSetting): Unknown setting: FixedBackgroundsPaintRelativeToDocument
]]>
</failure>
</testcase>
<testcase name="Social Features Tests › should create group" classname="08-social.spec.ts" time="3.428">
<failure message="08-social.spec.ts:206:7 should create group" type="FAILURE">
<![CDATA[  [webkit] › 08-social.spec.ts:206:7 › Social Features Tests › should create group ─────────────────

    Error: browserContext.newPage: Protocol error (Page.overrideSetting): Unknown setting: FixedBackgroundsPaintRelativeToDocument
]]>
</failure>
</testcase>
<testcase name="Social Features Tests › should join group" classname="08-social.spec.ts" time="3.236">
<failure message="08-social.spec.ts:226:7 should join group" type="FAILURE">
<![CDATA[  [webkit] › 08-social.spec.ts:226:7 › Social Features Tests › should join group ───────────────────

    Error: browserContext.newPage: Protocol error (Page.overrideSetting): Unknown setting: FixedBackgroundsPaintRelativeToDocument
]]>
</failure>
</testcase>
<testcase name="Social Features Tests › should search posts" classname="08-social.spec.ts" time="3.799">
<failure message="08-social.spec.ts:245:7 should search posts" type="FAILURE">
<![CDATA[  [webkit] › 08-social.spec.ts:245:7 › Social Features Tests › should search posts ─────────────────

    Error: browserContext.newPage: Protocol error (Page.overrideSetting): Unknown setting: FixedBackgroundsPaintRelativeToDocument
]]>
</failure>
</testcase>
<testcase name="Social Features Tests › should filter posts by hashtag" classname="08-social.spec.ts" time="4.477">
<failure message="08-social.spec.ts:263:7 should filter posts by hashtag" type="FAILURE">
<![CDATA[  [webkit] › 08-social.spec.ts:263:7 › Social Features Tests › should filter posts by hashtag ──────

    Error: browserContext.newPage: Protocol error (Page.overrideSetting): Unknown setting: FixedBackgroundsPaintRelativeToDocument
]]>
</failure>
</testcase>
<testcase name="Social Features Tests › should report inappropriate content" classname="08-social.spec.ts" time="3.787">
<failure message="08-social.spec.ts:279:7 should report inappropriate content" type="FAILURE">
<![CDATA[  [webkit] › 08-social.spec.ts:279:7 › Social Features Tests › should report inappropriate content ─

    Error: browserContext.newPage: Protocol error (Page.overrideSetting): Unknown setting: FixedBackgroundsPaintRelativeToDocument
]]>
</failure>
</testcase>
<testcase name="Social Features Tests › should view notifications" classname="08-social.spec.ts" time="3.837">
<failure message="08-social.spec.ts:298:7 should view notifications" type="FAILURE">
<![CDATA[  [webkit] › 08-social.spec.ts:298:7 › Social Features Tests › should view notifications ───────────

    Error: browserContext.newPage: Protocol error (Page.overrideSetting): Unknown setting: FixedBackgroundsPaintRelativeToDocument
]]>
</failure>
</testcase>
<testcase name="Social Features Tests › should mark notifications as read" classname="08-social.spec.ts" time="4.669">
<failure message="08-social.spec.ts:311:7 should mark notifications as read" type="FAILURE">
<![CDATA[  [webkit] › 08-social.spec.ts:311:7 › Social Features Tests › should mark notifications as read ───

    Error: browserContext.newPage: Protocol error (Page.overrideSetting): Unknown setting: FixedBackgroundsPaintRelativeToDocument
]]>
</failure>
</testcase>
</testsuite>
<testsuite name="09-admin.spec.ts" timestamp="2025-10-20T22:56:09.042Z" hostname="webkit" tests="16" failures="16" skipped="0" time="69.165" errors="0">
<testcase name="Admin Panel Tests › should access admin dashboard" classname="09-admin.spec.ts" time="3.031">
<failure message="09-admin.spec.ts:13:7 should access admin dashboard" type="FAILURE">
<![CDATA[  [webkit] › 09-admin.spec.ts:13:7 › Admin Panel Tests › should access admin dashboard ─────────────

    Error: browserContext.newPage: Protocol error (Page.overrideSetting): Unknown setting: FixedBackgroundsPaintRelativeToDocument
]]>
</failure>
</testcase>
<testcase name="Admin Panel Tests › should manage users" classname="09-admin.spec.ts" time="4.333">
<failure message="09-admin.spec.ts:36:7 should manage users" type="FAILURE">
<![CDATA[  [webkit] › 09-admin.spec.ts:36:7 › Admin Panel Tests › should manage users ───────────────────────

    Error: browserContext.newPage: Protocol error (Page.overrideSetting): Unknown setting: FixedBackgroundsPaintRelativeToDocument
]]>
</failure>
</testcase>
<testcase name="Admin Panel Tests › should ban/unban user" classname="09-admin.spec.ts" time="3.784">
<failure message="09-admin.spec.ts:66:7 should ban/unban user" type="FAILURE">
<![CDATA[  [webkit] › 09-admin.spec.ts:66:7 › Admin Panel Tests › should ban/unban user ─────────────────────

    Error: browserContext.newPage: Protocol error (Page.overrideSetting): Unknown setting: FixedBackgroundsPaintRelativeToDocument
]]>
</failure>
</testcase>
<testcase name="Admin Panel Tests › should manage vendors" classname="09-admin.spec.ts" time="5.016">
<failure message="09-admin.spec.ts:85:7 should manage vendors" type="FAILURE">
<![CDATA[  [webkit] › 09-admin.spec.ts:85:7 › Admin Panel Tests › should manage vendors ─────────────────────

    Error: browserContext.newPage: Protocol error (Page.overrideSetting): Unknown setting: FixedBackgroundsPaintRelativeToDocument
]]>
</failure>
</testcase>
<testcase name="Admin Panel Tests › should reject vendor application" classname="09-admin.spec.ts" time="3.964">
<failure message="09-admin.spec.ts:106:7 should reject vendor application" type="FAILURE">
<![CDATA[  [webkit] › 09-admin.spec.ts:106:7 › Admin Panel Tests › should reject vendor application ─────────

    Error: browserContext.newPage: Protocol error (Page.overrideSetting): Unknown setting: FixedBackgroundsPaintRelativeToDocument
]]>
</failure>
</testcase>
<testcase name="Admin Panel Tests › should manage bookings" classname="09-admin.spec.ts" time="4.79">
<failure message="09-admin.spec.ts:125:7 should manage bookings" type="FAILURE">
<![CDATA[  [webkit] › 09-admin.spec.ts:125:7 › Admin Panel Tests › should manage bookings ───────────────────

    Error: browserContext.newPage: Protocol error (Page.overrideSetting): Unknown setting: FixedBackgroundsPaintRelativeToDocument
]]>
</failure>
</testcase>
<testcase name="Admin Panel Tests › should cancel booking" classname="09-admin.spec.ts" time="4.009">
<failure message="09-admin.spec.ts:146:7 should cancel booking" type="FAILURE">
<![CDATA[  [webkit] › 09-admin.spec.ts:146:7 › Admin Panel Tests › should cancel booking ────────────────────

    Error: browserContext.newPage: Protocol error (Page.overrideSetting): Unknown setting: FixedBackgroundsPaintRelativeToDocument
]]>
</failure>
</testcase>
<testcase name="Admin Panel Tests › should view analytics" classname="09-admin.spec.ts" time="4.497">
<failure message="09-admin.spec.ts:165:7 should view analytics" type="FAILURE">
<![CDATA[  [webkit] › 09-admin.spec.ts:165:7 › Admin Panel Tests › should view analytics ────────────────────

    Error: browserContext.newPage: Protocol error (Page.overrideSetting): Unknown setting: FixedBackgroundsPaintRelativeToDocument
]]>
</failure>
</testcase>
<testcase name="Admin Panel Tests › should export data" classname="09-admin.spec.ts" time="3.703">
<failure message="09-admin.spec.ts:179:7 should export data" type="FAILURE">
<![CDATA[  [webkit] › 09-admin.spec.ts:179:7 › Admin Panel Tests › should export data ───────────────────────

    Error: browserContext.newPage: Protocol error (Page.overrideSetting): Unknown setting: FixedBackgroundsPaintRelativeToDocument
]]>
</failure>
</testcase>
<testcase name="Admin Panel Tests › should manage system settings" classname="09-admin.spec.ts" time="4.922">
<failure message="09-admin.spec.ts:194:7 should manage system settings" type="FAILURE">
<![CDATA[  [webkit] › 09-admin.spec.ts:194:7 › Admin Panel Tests › should manage system settings ────────────

    Error: browserContext.newPage: Protocol error (Page.overrideSetting): Unknown setting: FixedBackgroundsPaintRelativeToDocument
]]>
</failure>
</testcase>
<testcase name="Admin Panel Tests › should manage payment settings" classname="09-admin.spec.ts" time="3.929">
<failure message="09-admin.spec.ts:212:7 should manage payment settings" type="FAILURE">
<![CDATA[  [webkit] › 09-admin.spec.ts:212:7 › Admin Panel Tests › should manage payment settings ───────────

    Error: browserContext.newPage: Protocol error (Page.overrideSetting): Unknown setting: FixedBackgroundsPaintRelativeToDocument
]]>
</failure>
</testcase>
<testcase name="Admin Panel Tests › should view system logs" classname="09-admin.spec.ts" time="4.439">
<failure message="09-admin.spec.ts:230:7 should view system logs" type="FAILURE">
<![CDATA[  [webkit] › 09-admin.spec.ts:230:7 › Admin Panel Tests › should view system logs ──────────────────

    Error: browserContext.newPage: Protocol error (Page.overrideSetting): Unknown setting: FixedBackgroundsPaintRelativeToDocument
]]>
</failure>
</testcase>
<testcase name="Admin Panel Tests › should manage content moderation" classname="09-admin.spec.ts" time="5.027">
<failure message="09-admin.spec.ts:244:7 should manage content moderation" type="FAILURE">
<![CDATA[  [webkit] › 09-admin.spec.ts:244:7 › Admin Panel Tests › should manage content moderation ─────────

    Error: browserContext.newPage: Protocol error (Page.overrideSetting): Unknown setting: FixedBackgroundsPaintRelativeToDocument
]]>
</failure>
</testcase>
<testcase name="Admin Panel Tests › should handle user reports" classname="09-admin.spec.ts" time="5.44">
<failure message="09-admin.spec.ts:265:7 should handle user reports" type="FAILURE">
<![CDATA[  [webkit] › 09-admin.spec.ts:265:7 › Admin Panel Tests › should handle user reports ───────────────

    Error: browserContext.newPage: Protocol error (Page.overrideSetting): Unknown setting: FixedBackgroundsPaintRelativeToDocument
]]>
</failure>
</testcase>
<testcase name="Admin Panel Tests › should manage notifications" classname="09-admin.spec.ts" time="4.987">
<failure message="09-admin.spec.ts:286:7 should manage notifications" type="FAILURE">
<![CDATA[  [webkit] › 09-admin.spec.ts:286:7 › Admin Panel Tests › should manage notifications ──────────────

    Error: browserContext.newPage: Protocol error (Page.overrideSetting): Unknown setting: FixedBackgroundsPaintRelativeToDocument
]]>
</failure>
</testcase>
<testcase name="Admin Panel Tests › should backup system data" classname="09-admin.spec.ts" time="3.294">
<failure message="09-admin.spec.ts:310:7 should backup system data" type="FAILURE">
<![CDATA[  [webkit] › 09-admin.spec.ts:310:7 › Admin Panel Tests › should backup system data ────────────────

    Error: browserContext.newPage: Protocol error (Page.overrideSetting): Unknown setting: FixedBackgroundsPaintRelativeToDocument
]]>
</failure>
</testcase>
</testsuite>
<testsuite name="10-api.spec.ts" timestamp="2025-10-20T22:56:09.042Z" hostname="webkit" tests="14" failures="14" skipped="0" time="42.152" errors="0">
<testcase name="API Endpoints Tests › should test authentication endpoints" classname="10-api.spec.ts" time="3.03">
<failure message="10-api.spec.ts:4:7 should test authentication endpoints" type="FAILURE">
<![CDATA[  [webkit] › 10-api.spec.ts:4:7 › API Endpoints Tests › should test authentication endpoints ───────

    Error: expect(received).toBe(expected) // Object.is equality

    Expected: 200
    Received: 400

      10 |       }
      11 |     });
    > 12 |     expect(loginResponse.status()).toBe(200);
         |                                    ^
      13 |     
      14 |     // Test register endpoint
      15 |     const registerResponse = await request.post('/api/auth/register', {
        at /Users/asithalakmal/Documents/web/final project/WeddingLK-next copy/tests/10-api.spec.ts:12:36
]]>
</failure>
</testcase>
<testcase name="API Endpoints Tests › should test venues CRUD endpoints" classname="10-api.spec.ts" time="7.003">
<failure message="10-api.spec.ts:27:7 should test venues CRUD endpoints" type="FAILURE">
<![CDATA[  [webkit] › 10-api.spec.ts:27:7 › API Endpoints Tests › should test venues CRUD endpoints ─────────

    Error: expect(received).toBe(expected) // Object.is equality

    Expected: 201
    Received: 400

      40 |       }
      41 |     });
    > 42 |     expect(createVenueResponse.status()).toBe(201);
         |                                          ^
      43 |     
      44 |     const venueId = (await createVenueResponse.json()).id;
      45 |     
        at /Users/asithalakmal/Documents/web/final project/WeddingLK-next copy/tests/10-api.spec.ts:42:42
]]>
</failure>
</testcase>
<testcase name="API Endpoints Tests › should test vendors CRUD endpoints" classname="10-api.spec.ts" time="6.064">
<failure message="10-api.spec.ts:63:7 should test vendors CRUD endpoints" type="FAILURE">
<![CDATA[  [webkit] › 10-api.spec.ts:63:7 › API Endpoints Tests › should test vendors CRUD endpoints ────────

    Error: expect(received).toBe(expected) // Object.is equality

    Expected: 201
    Received: 400

      77 |       }
      78 |     });
    > 79 |     expect(createVendorResponse.status()).toBe(201);
         |                                           ^
      80 |     
      81 |     const vendorId = (await createVendorResponse.json()).id;
      82 |     
        at /Users/asithalakmal/Documents/web/final project/WeddingLK-next copy/tests/10-api.spec.ts:79:43
]]>
</failure>
</testcase>
<testcase name="API Endpoints Tests › should test bookings CRUD endpoints" classname="10-api.spec.ts" time="1.418">
<failure message="10-api.spec.ts:100:7 should test bookings CRUD endpoints" type="FAILURE">
<![CDATA[  [webkit] › 10-api.spec.ts:100:7 › API Endpoints Tests › should test bookings CRUD endpoints ──────

    Error: expect(received).toBe(expected) // Object.is equality

    Expected: 200
    Received: 401

      101 |     // Test get bookings
      102 |     const getBookingsResponse = await request.get('/api/bookings');
    > 103 |     expect(getBookingsResponse.status()).toBe(200);
          |                                          ^
      104 |     
      105 |     // Test create booking
      106 |     const createBookingResponse = await request.post('/api/bookings', {
        at /Users/asithalakmal/Documents/web/final project/WeddingLK-next copy/tests/10-api.spec.ts:103:42
]]>
</failure>
</testcase>
<testcase name="API Endpoints Tests › should test payments endpoints" classname="10-api.spec.ts" time="1.621">
<failure message="10-api.spec.ts:138:7 should test payments endpoints" type="FAILURE">
<![CDATA[  [webkit] › 10-api.spec.ts:138:7 › API Endpoints Tests › should test payments endpoints ───────────

    Error: expect(received).toBe(expected) // Object.is equality

    Expected: 200
    Received: 401

      145 |       }
      146 |     });
    > 147 |     expect(createPaymentIntentResponse.status()).toBe(200);
          |                                                  ^
      148 |     
      149 |     // Test get payments
      150 |     const getPaymentsResponse = await request.get('/api/payments');
        at /Users/asithalakmal/Documents/web/final project/WeddingLK-next copy/tests/10-api.spec.ts:147:50
]]>
</failure>
</testcase>
<testcase name="API Endpoints Tests › should test posts CRUD endpoints" classname="10-api.spec.ts" time="3.307">
<failure message="10-api.spec.ts:154:7 should test posts CRUD endpoints" type="FAILURE">
<![CDATA[  [webkit] › 10-api.spec.ts:154:7 › API Endpoints Tests › should test posts CRUD endpoints ─────────

    Error: expect(received).toBe(expected) // Object.is equality

    Expected: 201
    Received: 400

      165 |       }
      166 |     });
    > 167 |     expect(createPostResponse.status()).toBe(201);
          |                                         ^
      168 |     
      169 |     const postId = (await createPostResponse.json()).id;
      170 |     
        at /Users/asithalakmal/Documents/web/final project/WeddingLK-next copy/tests/10-api.spec.ts:167:41
]]>
</failure>
</testcase>
<testcase name="API Endpoints Tests › should test messages endpoints" classname="10-api.spec.ts" time="1.819">
<failure message="10-api.spec.ts:188:7 should test messages endpoints" type="FAILURE">
<![CDATA[  [webkit] › 10-api.spec.ts:188:7 › API Endpoints Tests › should test messages endpoints ───────────

    Error: expect(received).toBe(expected) // Object.is equality

    Expected: 200
    Received: 401

      189 |     // Test get messages
      190 |     const getMessagesResponse = await request.get('/api/messages');
    > 191 |     expect(getMessagesResponse.status()).toBe(200);
          |                                          ^
      192 |     
      193 |     // Test create message
      194 |     const createMessageResponse = await request.post('/api/messages', {
        at /Users/asithalakmal/Documents/web/final project/WeddingLK-next copy/tests/10-api.spec.ts:191:42
]]>
</failure>
</testcase>
<testcase name="API Endpoints Tests › should test search endpoints" classname="10-api.spec.ts" time="1.128">
<failure message="10-api.spec.ts:222:7 should test search endpoints" type="FAILURE">
<![CDATA[  [webkit] › 10-api.spec.ts:222:7 › API Endpoints Tests › should test search endpoints ─────────────

    Error: expect(received).toBe(expected) // Object.is equality

    Expected: 200
    Received: 404

      223 |     // Test search venues
      224 |     const searchVenuesResponse = await request.get('/api/search/venues?q=hotel');
    > 225 |     expect(searchVenuesResponse.status()).toBe(200);
          |                                           ^
      226 |     
      227 |     // Test search vendors
      228 |     const searchVendorsResponse = await request.get('/api/search/vendors?q=photography');
        at /Users/asithalakmal/Documents/web/final project/WeddingLK-next copy/tests/10-api.spec.ts:225:43
]]>
</failure>
</testcase>
<testcase name="API Endpoints Tests › should test analytics endpoints" classname="10-api.spec.ts" time="3.786">
<failure message="10-api.spec.ts:236:7 should test analytics endpoints" type="FAILURE">
<![CDATA[  [webkit] › 10-api.spec.ts:236:7 › API Endpoints Tests › should test analytics endpoints ──────────

    Error: expect(received).toBe(expected) // Object.is equality

    Expected: 200
    Received: 404

      241 |     // Test get user analytics
      242 |     const getUserAnalyticsResponse = await request.get('/api/analytics/users');
    > 243 |     expect(getUserAnalyticsResponse.status()).toBe(200);
          |                                               ^
      244 |     
      245 |     // Test get booking analytics
      246 |     const getBookingAnalyticsResponse = await request.get('/api/analytics/bookings');
        at /Users/asithalakmal/Documents/web/final project/WeddingLK-next copy/tests/10-api.spec.ts:243:47
]]>
</failure>
</testcase>
<testcase name="API Endpoints Tests › should test file upload endpoints" classname="10-api.spec.ts" time="0.11">
<failure message="10-api.spec.ts:250:7 should test file upload endpoints" type="FAILURE">
<![CDATA[  [webkit] › 10-api.spec.ts:250:7 › API Endpoints Tests › should test file upload endpoints ────────

    TypeError: apiRequestContext.post: stream.on is not a function

      250 |   test('should test file upload endpoints', async ({ request }) => {
      251 |     // Test upload image
    > 252 |     const uploadImageResponse = await request.post('/api/upload/image', {
          |                                               ^
      253 |       multipart: {
      254 |         file: new File(['test image content'], 'test.jpg', { type: 'image/jpeg' })
      255 |       }
        at /Users/asithalakmal/Documents/web/final project/WeddingLK-next copy/tests/10-api.spec.ts:252:47
]]>
</failure>
</testcase>
<testcase name="API Endpoints Tests › should test notification endpoints" classname="10-api.spec.ts" time="1.042">
<failure message="10-api.spec.ts:268:7 should test notification endpoints" type="FAILURE">
<![CDATA[  [webkit] › 10-api.spec.ts:268:7 › API Endpoints Tests › should test notification endpoints ───────

    Error: expect(received).toBe(expected) // Object.is equality

    Expected: 200
    Received: 401

      269 |     // Test get notifications
      270 |     const getNotificationsResponse = await request.get('/api/notifications');
    > 271 |     expect(getNotificationsResponse.status()).toBe(200);
          |                                               ^
      272 |     
      273 |     // Test create notification
      274 |     const createNotificationResponse = await request.post('/api/notifications', {
        at /Users/asithalakmal/Documents/web/final project/WeddingLK-next copy/tests/10-api.spec.ts:271:47
]]>
</failure>
</testcase>
<testcase name="API Endpoints Tests › should test error handling" classname="10-api.spec.ts" time="1.633">
<failure message="10-api.spec.ts:295:7 should test error handling" type="FAILURE">
<![CDATA[  [webkit] › 10-api.spec.ts:295:7 › API Endpoints Tests › should test error handling ───────────────

    Error: expect(received).toBe(expected) // Object.is equality

    Expected: 401
    Received: 404

      308 |     // Test 401 error
      309 |     const unauthorizedResponse = await request.get('/api/dashboard');
    > 310 |     expect(unauthorizedResponse.status()).toBe(401);
          |                                           ^
      311 |   });
      312 |
      313 |   test('should test rate limiting', async ({ request }) => {
        at /Users/asithalakmal/Documents/web/final project/WeddingLK-next copy/tests/10-api.spec.ts:310:43
]]>
</failure>
</testcase>
<testcase name="API Endpoints Tests › should test rate limiting" classname="10-api.spec.ts" time="10.13">
<failure message="10-api.spec.ts:313:7 should test rate limiting" type="FAILURE">
<![CDATA[  [webkit] › 10-api.spec.ts:313:7 › API Endpoints Tests › should test rate limiting ────────────────

    Error: expect(received).toBeGreaterThan(expected)

    Expected: > 0
    Received:   0

      322 |     // Some requests should be rate limited
      323 |     const rateLimitedResponses = responses.filter(r => r.status() === 429);
    > 324 |     expect(rateLimitedResponses.length).toBeGreaterThan(0);
          |                                         ^
      325 |   });
      326 |
      327 |   test('should test CORS headers', async ({ request }) => {
        at /Users/asithalakmal/Documents/web/final project/WeddingLK-next copy/tests/10-api.spec.ts:324:41
]]>
</failure>
</testcase>
<testcase name="API Endpoints Tests › should test CORS headers" classname="10-api.spec.ts" time="0.061">
<failure message="10-api.spec.ts:327:7 should test CORS headers" type="FAILURE">
<![CDATA[  [webkit] › 10-api.spec.ts:327:7 › API Endpoints Tests › should test CORS headers ─────────────────

    TypeError: request.options is not a function

      327 |   test('should test CORS headers', async ({ request }) => {
      328 |     // Test CORS preflight request
    > 329 |     const corsResponse = await request.options('/api/venues');
          |                                        ^
      330 |     expect(corsResponse.status()).toBe(200);
      331 |     
      332 |     // Check CORS headers
        at /Users/asithalakmal/Documents/web/final project/WeddingLK-next copy/tests/10-api.spec.ts:329:40
]]>
</failure>
</testcase>
</testsuite>
<testsuite name="01-homepage.spec.ts" timestamp="2025-10-20T22:56:09.042Z" hostname="Mobile Chrome" tests="6" failures="4" skipped="0" time="63.399" errors="0">
<testcase name="Homepage Tests › should load homepage successfully" classname="01-homepage.spec.ts" time="13.73">
<failure message="01-homepage.spec.ts:4:7 should load homepage successfully" type="FAILURE">
<![CDATA[  [Mobile Chrome] › 01-homepage.spec.ts:4:7 › Homepage Tests › should load homepage successfully ───

    Error: expect(locator).toBeVisible() failed

    Locator: locator('nav')
    Expected: visible
    Timeout: 5000ms
    Error: element(s) not found

    Call log:
      - Expect "toBeVisible" with timeout 5000ms
      - waiting for locator('nav')
        7 × locator resolved to <nav class="flex justify-center space-x-8 px-4 sm:px-6 lg:px-8">…</nav>
          - unexpected value "hidden"


       9 |     
      10 |     // Check for main navigation elements
    > 11 |     await expect(page.locator('nav')).toBeVisible();
         |                                       ^
      12 |     
      13 |     // Check for hero section
      14 |     await expect(page.locator('h1')).toContainText(/wedding/i);
        at /Users/asithalakmal/Documents/web/final project/WeddingLK-next copy/tests/01-homepage.spec.ts:11:39

    attachment #1: screenshot (image/png) ──────────────────────────────────────────────────────────
    ../test-results/01-homepage-Homepage-Tests-should-load-homepage-successfully-Mobile-Chrome/test-failed-1.png
    ────────────────────────────────────────────────────────────────────────────────────────────────

    attachment #2: video (video/webm) ──────────────────────────────────────────────────────────────
    ../test-results/01-homepage-Homepage-Tests-should-load-homepage-successfully-Mobile-Chrome/video.webm
    ────────────────────────────────────────────────────────────────────────────────────────────────

    Error Context: ../test-results/01-homepage-Homepage-Tests-should-load-homepage-successfully-Mobile-Chrome/error-context.md
]]>
</failure>
<system-out>
<![CDATA[
[[ATTACHMENT|test-results/01-homepage-Homepage-Tests-should-load-homepage-successfully-Mobile-Chrome/test-failed-1.png]]

[[ATTACHMENT|test-results/01-homepage-Homepage-Tests-should-load-homepage-successfully-Mobile-Chrome/video.webm]]

[[ATTACHMENT|test-results/01-homepage-Homepage-Tests-should-load-homepage-successfully-Mobile-Chrome/error-context.md]]
]]>
</system-out>
</testcase>
<testcase name="Homepage Tests › should have working navigation links" classname="01-homepage.spec.ts" time="14.185">
<failure message="01-homepage.spec.ts:21:7 should have working navigation links" type="FAILURE">
<![CDATA[  [Mobile Chrome] › 01-homepage.spec.ts:21:7 › Homepage Tests › should have working navigation links 

    Error: expect(page).toHaveURL(expected) failed

    Expected pattern: /\/contact/
    Received string:  "https://wedding-lk.vercel.app/"
    Timeout: 5000ms

    Call log:
      - Expect "toHaveURL" with timeout 5000ms
        8 × unexpected value "https://wedding-lk.vercel.app/"


      35 |       if (await linkElement.isVisible()) {
      36 |         await linkElement.click();
    > 37 |         await expect(page).toHaveURL(new RegExp(link.href));
         |                            ^
      38 |         await page.goBack();
      39 |       }
      40 |     }
        at /Users/asithalakmal/Documents/web/final project/WeddingLK-next copy/tests/01-homepage.spec.ts:37:28

    attachment #1: screenshot (image/png) ──────────────────────────────────────────────────────────
    ../test-results/01-homepage-Homepage-Tests-8de4d-ve-working-navigation-links-Mobile-Chrome/test-failed-1.png
    ────────────────────────────────────────────────────────────────────────────────────────────────

    attachment #2: video (video/webm) ──────────────────────────────────────────────────────────────
    ../test-results/01-homepage-Homepage-Tests-8de4d-ve-working-navigation-links-Mobile-Chrome/video.webm
    ────────────────────────────────────────────────────────────────────────────────────────────────

    Error Context: ../test-results/01-homepage-Homepage-Tests-8de4d-ve-working-navigation-links-Mobile-Chrome/error-context.md
]]>
</failure>
<system-out>
<![CDATA[
[[ATTACHMENT|test-results/01-homepage-Homepage-Tests-8de4d-ve-working-navigation-links-Mobile-Chrome/test-failed-1.png]]

[[ATTACHMENT|test-results/01-homepage-Homepage-Tests-8de4d-ve-working-navigation-links-Mobile-Chrome/video.webm]]

[[ATTACHMENT|test-results/01-homepage-Homepage-Tests-8de4d-ve-working-navigation-links-Mobile-Chrome/error-context.md]]
]]>
</system-out>
</testcase>
<testcase name="Homepage Tests › should have responsive design" classname="01-homepage.spec.ts" time="17.052">
<failure message="01-homepage.spec.ts:43:7 should have responsive design" type="FAILURE">
<![CDATA[  [Mobile Chrome] › 01-homepage.spec.ts:43:7 › Homepage Tests › should have responsive design ──────

    Error: expect(locator).toBeVisible() failed

    Locator: locator('nav')
    Expected: visible
    Timeout: 5000ms
    Error: element(s) not found

    Call log:
      - Expect "toBeVisible" with timeout 5000ms
      - waiting for locator('nav')
        5 × locator resolved to <nav class="flex justify-center space-x-8 px-4 sm:px-6 lg:px-8">…</nav>
          - unexpected value "hidden"


      50 |     // Test mobile view
      51 |     await page.setViewportSize({ width: 375, height: 667 });
    > 52 |     await expect(page.locator('nav')).toBeVisible();
         |                                       ^
      53 |     
      54 |     // Check if mobile menu works
      55 |     const mobileMenuButton = page.locator('button[aria-label*="menu"], button[aria-label*="Menu"]');
        at /Users/asithalakmal/Documents/web/final project/WeddingLK-next copy/tests/01-homepage.spec.ts:52:39

    attachment #1: screenshot (image/png) ──────────────────────────────────────────────────────────
    ../test-results/01-homepage-Homepage-Tests-should-have-responsive-design-Mobile-Chrome/test-failed-1.png
    ────────────────────────────────────────────────────────────────────────────────────────────────

    attachment #2: video (video/webm) ──────────────────────────────────────────────────────────────
    ../test-results/01-homepage-Homepage-Tests-should-have-responsive-design-Mobile-Chrome/video.webm
    ────────────────────────────────────────────────────────────────────────────────────────────────

    Error Context: ../test-results/01-homepage-Homepage-Tests-should-have-responsive-design-Mobile-Chrome/error-context.md
]]>
</failure>
<system-out>
<![CDATA[
[[ATTACHMENT|test-results/01-homepage-Homepage-Tests-should-have-responsive-design-Mobile-Chrome/test-failed-1.png]]

[[ATTACHMENT|test-results/01-homepage-Homepage-Tests-should-have-responsive-design-Mobile-Chrome/video.webm]]

[[ATTACHMENT|test-results/01-homepage-Homepage-Tests-should-have-responsive-design-Mobile-Chrome/error-context.md]]
]]>
</system-out>
</testcase>
<testcase name="Homepage Tests › should have working search functionality" classname="01-homepage.spec.ts" time="7.326">
</testcase>
<testcase name="Homepage Tests › should display featured content" classname="01-homepage.spec.ts" time="6.642">
</testcase>
<testcase name="Homepage Tests › should handle 404 pages gracefully" classname="01-homepage.spec.ts" time="4.464">
<failure message="01-homepage.spec.ts:95:7 should handle 404 pages gracefully" type="FAILURE">
<![CDATA[  [Mobile Chrome] › 01-homepage.spec.ts:95:7 › Homepage Tests › should handle 404 pages gracefully ─

    Error: expect(locator).toContainText(expected) failed

    Locator: locator('h1, h2')
    Expected pattern: /404|not found|page not found/i
    Error: strict mode violation: locator('h1, h2') resolved to 2 elements:
        1) <h1 class="next-error-h1">404</h1> aka getByRole('heading', { name: '404' })
        2) <h2>This page could not be found.</h2> aka getByRole('heading', { name: 'This page could not be found.' })

    Call log:
      - Expect "toContainText" with timeout 5000ms
      - waiting for locator('h1, h2')


       98 |     
       99 |     // Should show 404 page content
    > 100 |     await expect(page.locator('h1, h2')).toContainText(/404|not found|page not found/i);
          |                                          ^
      101 |   });
      102 | });
      103 |
        at /Users/asithalakmal/Documents/web/final project/WeddingLK-next copy/tests/01-homepage.spec.ts:100:42

    attachment #1: screenshot (image/png) ──────────────────────────────────────────────────────────
    ../test-results/01-homepage-Homepage-Tests-fd83a-handle-404-pages-gracefully-Mobile-Chrome/test-failed-1.png
    ────────────────────────────────────────────────────────────────────────────────────────────────

    attachment #2: video (video/webm) ──────────────────────────────────────────────────────────────
    ../test-results/01-homepage-Homepage-Tests-fd83a-handle-404-pages-gracefully-Mobile-Chrome/video.webm
    ────────────────────────────────────────────────────────────────────────────────────────────────

    Error Context: ../test-results/01-homepage-Homepage-Tests-fd83a-handle-404-pages-gracefully-Mobile-Chrome/error-context.md
]]>
</failure>
<system-out>
<![CDATA[
[[ATTACHMENT|test-results/01-homepage-Homepage-Tests-fd83a-handle-404-pages-gracefully-Mobile-Chrome/test-failed-1.png]]

[[ATTACHMENT|test-results/01-homepage-Homepage-Tests-fd83a-handle-404-pages-gracefully-Mobile-Chrome/video.webm]]

[[ATTACHMENT|test-results/01-homepage-Homepage-Tests-fd83a-handle-404-pages-gracefully-Mobile-Chrome/error-context.md]]
]]>
</system-out>
</testcase>
</testsuite>
<testsuite name="02-authentication.spec.ts" timestamp="2025-10-20T22:56:09.042Z" hostname="Mobile Chrome" tests="8" failures="8" skipped="0" time="229.894" errors="0">
<testcase name="Authentication Flow Tests › should register new user successfully" classname="02-authentication.spec.ts" time="33.693">
<failure message="02-authentication.spec.ts:4:7 should register new user successfully" type="FAILURE">
<![CDATA[  [Mobile Chrome] › 02-authentication.spec.ts:4:7 › Authentication Flow Tests › should register new user successfully 

    Test timeout of 30000ms exceeded.

    Error: page.fill: Test timeout of 30000ms exceeded.
    Call log:
      - waiting for locator('input[name="firstName"]')


       6 |     
       7 |     // Fill registration form
    >  8 |     await page.fill('input[name="firstName"]', 'Test');
         |                ^
       9 |     await page.fill('input[name="lastName"]', 'User');
      10 |     await page.fill('input[name="email"]', `test${Date.now()}@example.com`);
      11 |     await page.fill('input[name="password"]', 'TestPassword123!');
        at /Users/asithalakmal/Documents/web/final project/WeddingLK-next copy/tests/02-authentication.spec.ts:8:16

    attachment #1: screenshot (image/png) ──────────────────────────────────────────────────────────
    ../test-results/02-authentication-Authenti-dd3ae-ister-new-user-successfully-Mobile-Chrome/test-failed-1.png
    ────────────────────────────────────────────────────────────────────────────────────────────────

    attachment #2: video (video/webm) ──────────────────────────────────────────────────────────────
    ../test-results/02-authentication-Authenti-dd3ae-ister-new-user-successfully-Mobile-Chrome/video.webm
    ────────────────────────────────────────────────────────────────────────────────────────────────

    Error Context: ../test-results/02-authentication-Authenti-dd3ae-ister-new-user-successfully-Mobile-Chrome/error-context.md
]]>
</failure>
<system-out>
<![CDATA[
[[ATTACHMENT|test-results/02-authentication-Authenti-dd3ae-ister-new-user-successfully-Mobile-Chrome/test-failed-1.png]]

[[ATTACHMENT|test-results/02-authentication-Authenti-dd3ae-ister-new-user-successfully-Mobile-Chrome/video.webm]]

[[ATTACHMENT|test-results/02-authentication-Authenti-dd3ae-ister-new-user-successfully-Mobile-Chrome/error-context.md]]
]]>
</system-out>
</testcase>
<testcase name="Authentication Flow Tests › should register vendor successfully" classname="02-authentication.spec.ts" time="32.897">
<failure message="02-authentication.spec.ts:28:7 should register vendor successfully" type="FAILURE">
<![CDATA[  [Mobile Chrome] › 02-authentication.spec.ts:28:7 › Authentication Flow Tests › should register vendor successfully 

    Test timeout of 30000ms exceeded.

    Error: page.fill: Test timeout of 30000ms exceeded.
    Call log:
      - waiting for locator('input[name="firstName"]')


      30 |     
      31 |     // Fill basic info
    > 32 |     await page.fill('input[name="firstName"]', 'Test');
         |                ^
      33 |     await page.fill('input[name="lastName"]', 'Vendor');
      34 |     await page.fill('input[name="email"]', `vendor${Date.now()}@example.com`);
      35 |     await page.fill('input[name="password"]', 'TestPassword123!');
        at /Users/asithalakmal/Documents/web/final project/WeddingLK-next copy/tests/02-authentication.spec.ts:32:16

    attachment #1: screenshot (image/png) ──────────────────────────────────────────────────────────
    ../test-results/02-authentication-Authenti-ab94d-egister-vendor-successfully-Mobile-Chrome/test-failed-1.png
    ────────────────────────────────────────────────────────────────────────────────────────────────

    attachment #2: video (video/webm) ──────────────────────────────────────────────────────────────
    ../test-results/02-authentication-Authenti-ab94d-egister-vendor-successfully-Mobile-Chrome/video.webm
    ────────────────────────────────────────────────────────────────────────────────────────────────

    Error Context: ../test-results/02-authentication-Authenti-ab94d-egister-vendor-successfully-Mobile-Chrome/error-context.md
]]>
</failure>
<system-out>
<![CDATA[
[[ATTACHMENT|test-results/02-authentication-Authenti-ab94d-egister-vendor-successfully-Mobile-Chrome/test-failed-1.png]]

[[ATTACHMENT|test-results/02-authentication-Authenti-ab94d-egister-vendor-successfully-Mobile-Chrome/video.webm]]

[[ATTACHMENT|test-results/02-authentication-Authenti-ab94d-egister-vendor-successfully-Mobile-Chrome/error-context.md]]
]]>
</system-out>
</testcase>
<testcase name="Authentication Flow Tests › should login with valid credentials" classname="02-authentication.spec.ts" time="33.329">
<failure message="02-authentication.spec.ts:52:7 should login with valid credentials" type="FAILURE">
<![CDATA[  [Mobile Chrome] › 02-authentication.spec.ts:52:7 › Authentication Flow Tests › should login with valid credentials 

    Test timeout of 30000ms exceeded.

    Error: page.fill: Test timeout of 30000ms exceeded.
    Call log:
      - waiting for locator('input[name="email"]')


      54 |     
      55 |     // Fill login form
    > 56 |     await page.fill('input[name="email"]', 'test@example.com');
         |                ^
      57 |     await page.fill('input[name="password"]', 'TestPassword123!');
      58 |     
      59 |     // Submit form
        at /Users/asithalakmal/Documents/web/final project/WeddingLK-next copy/tests/02-authentication.spec.ts:56:16

    attachment #1: screenshot (image/png) ──────────────────────────────────────────────────────────
    ../test-results/02-authentication-Authenti-38b99-ogin-with-valid-credentials-Mobile-Chrome/test-failed-1.png
    ────────────────────────────────────────────────────────────────────────────────────────────────

    attachment #2: video (video/webm) ──────────────────────────────────────────────────────────────
    ../test-results/02-authentication-Authenti-38b99-ogin-with-valid-credentials-Mobile-Chrome/video.webm
    ────────────────────────────────────────────────────────────────────────────────────────────────

    Error Context: ../test-results/02-authentication-Authenti-38b99-ogin-with-valid-credentials-Mobile-Chrome/error-context.md
]]>
</failure>
<system-out>
<![CDATA[
[[ATTACHMENT|test-results/02-authentication-Authenti-38b99-ogin-with-valid-credentials-Mobile-Chrome/test-failed-1.png]]

[[ATTACHMENT|test-results/02-authentication-Authenti-38b99-ogin-with-valid-credentials-Mobile-Chrome/video.webm]]

[[ATTACHMENT|test-results/02-authentication-Authenti-38b99-ogin-with-valid-credentials-Mobile-Chrome/error-context.md]]
]]>
</system-out>
</testcase>
<testcase name="Authentication Flow Tests › should show error for invalid credentials" classname="02-authentication.spec.ts" time="32.738">
<failure message="02-authentication.spec.ts:66:7 should show error for invalid credentials" type="FAILURE">
<![CDATA[  [Mobile Chrome] › 02-authentication.spec.ts:66:7 › Authentication Flow Tests › should show error for invalid credentials 

    Test timeout of 30000ms exceeded.

    Error: page.fill: Test timeout of 30000ms exceeded.
    Call log:
      - waiting for locator('input[name="email"]')


      68 |     
      69 |     // Fill with invalid credentials
    > 70 |     await page.fill('input[name="email"]', 'invalid@example.com');
         |                ^
      71 |     await page.fill('input[name="password"]', 'wrongpassword');
      72 |     
      73 |     // Submit form
        at /Users/asithalakmal/Documents/web/final project/WeddingLK-next copy/tests/02-authentication.spec.ts:70:16

    attachment #1: screenshot (image/png) ──────────────────────────────────────────────────────────
    ../test-results/02-authentication-Authenti-dd3ab-ror-for-invalid-credentials-Mobile-Chrome/test-failed-1.png
    ────────────────────────────────────────────────────────────────────────────────────────────────

    attachment #2: video (video/webm) ──────────────────────────────────────────────────────────────
    ../test-results/02-authentication-Authenti-dd3ab-ror-for-invalid-credentials-Mobile-Chrome/video.webm
    ────────────────────────────────────────────────────────────────────────────────────────────────

    Error Context: ../test-results/02-authentication-Authenti-dd3ab-ror-for-invalid-credentials-Mobile-Chrome/error-context.md
]]>
</failure>
<system-out>
<![CDATA[
[[ATTACHMENT|test-results/02-authentication-Authenti-dd3ab-ror-for-invalid-credentials-Mobile-Chrome/test-failed-1.png]]

[[ATTACHMENT|test-results/02-authentication-Authenti-dd3ab-ror-for-invalid-credentials-Mobile-Chrome/video.webm]]

[[ATTACHMENT|test-results/02-authentication-Authenti-dd3ab-ror-for-invalid-credentials-Mobile-Chrome/error-context.md]]
]]>
</system-out>
</testcase>
<testcase name="Authentication Flow Tests › should handle password reset flow" classname="02-authentication.spec.ts" time="33.359">
<failure message="02-authentication.spec.ts:80:7 should handle password reset flow" type="FAILURE">
<![CDATA[  [Mobile Chrome] › 02-authentication.spec.ts:80:7 › Authentication Flow Tests › should handle password reset flow 

    Test timeout of 30000ms exceeded.

    Error: page.fill: Test timeout of 30000ms exceeded.
    Call log:
      - waiting for locator('input[name="email"]')


      82 |     
      83 |     // Fill email
    > 84 |     await page.fill('input[name="email"]', 'test@example.com');
         |                ^
      85 |     
      86 |     // Submit form
      87 |     await page.click('button[type="submit"]');
        at /Users/asithalakmal/Documents/web/final project/WeddingLK-next copy/tests/02-authentication.spec.ts:84:16

    attachment #1: screenshot (image/png) ──────────────────────────────────────────────────────────
    ../test-results/02-authentication-Authenti-83767--handle-password-reset-flow-Mobile-Chrome/test-failed-1.png
    ────────────────────────────────────────────────────────────────────────────────────────────────

    attachment #2: video (video/webm) ──────────────────────────────────────────────────────────────
    ../test-results/02-authentication-Authenti-83767--handle-password-reset-flow-Mobile-Chrome/video.webm
    ────────────────────────────────────────────────────────────────────────────────────────────────

    Error Context: ../test-results/02-authentication-Authenti-83767--handle-password-reset-flow-Mobile-Chrome/error-context.md
]]>
</failure>
<system-out>
<![CDATA[
[[ATTACHMENT|test-results/02-authentication-Authenti-83767--handle-password-reset-flow-Mobile-Chrome/test-failed-1.png]]

[[ATTACHMENT|test-results/02-authentication-Authenti-83767--handle-password-reset-flow-Mobile-Chrome/video.webm]]

[[ATTACHMENT|test-results/02-authentication-Authenti-83767--handle-password-reset-flow-Mobile-Chrome/error-context.md]]
]]>
</system-out>
</testcase>
<testcase name="Authentication Flow Tests › should logout successfully" classname="02-authentication.spec.ts" time="33.49">
<failure message="02-authentication.spec.ts:93:7 should logout successfully" type="FAILURE">
<![CDATA[  [Mobile Chrome] › 02-authentication.spec.ts:93:7 › Authentication Flow Tests › should logout successfully 

    Test timeout of 30000ms exceeded.

    Error: page.fill: Test timeout of 30000ms exceeded.
    Call log:
      - waiting for locator('input[name="email"]')


      94 |     // First login
      95 |     await page.goto('/login');
    > 96 |     await page.fill('input[name="email"]', 'test@example.com');
         |                ^
      97 |     await page.fill('input[name="password"]', 'TestPassword123!');
      98 |     await page.click('button[type="submit"]');
      99 |     
        at /Users/asithalakmal/Documents/web/final project/WeddingLK-next copy/tests/02-authentication.spec.ts:96:16

    attachment #1: screenshot (image/png) ──────────────────────────────────────────────────────────
    ../test-results/02-authentication-Authenti-36d7a--should-logout-successfully-Mobile-Chrome/test-failed-1.png
    ────────────────────────────────────────────────────────────────────────────────────────────────

    attachment #2: video (video/webm) ──────────────────────────────────────────────────────────────
    ../test-results/02-authentication-Authenti-36d7a--should-logout-successfully-Mobile-Chrome/video.webm
    ────────────────────────────────────────────────────────────────────────────────────────────────

    Error Context: ../test-results/02-authentication-Authenti-36d7a--should-logout-successfully-Mobile-Chrome/error-context.md
]]>
</failure>
<system-out>
<![CDATA[
[[ATTACHMENT|test-results/02-authentication-Authenti-36d7a--should-logout-successfully-Mobile-Chrome/test-failed-1.png]]

[[ATTACHMENT|test-results/02-authentication-Authenti-36d7a--should-logout-successfully-Mobile-Chrome/video.webm]]

[[ATTACHMENT|test-results/02-authentication-Authenti-36d7a--should-logout-successfully-Mobile-Chrome/error-context.md]]
]]>
</system-out>
</testcase>
<testcase name="Authentication Flow Tests › should protect authenticated routes" classname="02-authentication.spec.ts" time="14.267">
<failure message="02-authentication.spec.ts:111:7 should protect authenticated routes" type="FAILURE">
<![CDATA[  [Mobile Chrome] › 02-authentication.spec.ts:111:7 › Authentication Flow Tests › should protect authenticated routes 

    Error: expect(page).toHaveURL(expected) failed

    Expected pattern: /login/
    Received string:  "https://wedding-lk.vercel.app/dashboard/user"
    Timeout: 5000ms

    Call log:
      - Expect "toHaveURL" with timeout 5000ms
        3 × unexpected value "https://wedding-lk.vercel.app/dashboard"
        - unexpected value "https://wedding-lk.vercel.app/dashboard/redirect"
        3 × unexpected value "https://wedding-lk.vercel.app/dashboard/user"


      114 |     
      115 |     // Should redirect to login
    > 116 |     await expect(page).toHaveURL(/login/);
          |                        ^
      117 |   });
      118 |
      119 |   test('should handle role-based redirects', async ({ page }) => {
        at /Users/asithalakmal/Documents/web/final project/WeddingLK-next copy/tests/02-authentication.spec.ts:116:24

    attachment #1: screenshot (image/png) ──────────────────────────────────────────────────────────
    ../test-results/02-authentication-Authenti-e5d88-rotect-authenticated-routes-Mobile-Chrome/test-failed-1.png
    ────────────────────────────────────────────────────────────────────────────────────────────────

    attachment #2: video (video/webm) ──────────────────────────────────────────────────────────────
    ../test-results/02-authentication-Authenti-e5d88-rotect-authenticated-routes-Mobile-Chrome/video.webm
    ────────────────────────────────────────────────────────────────────────────────────────────────

    Error Context: ../test-results/02-authentication-Authenti-e5d88-rotect-authenticated-routes-Mobile-Chrome/error-context.md
]]>
</failure>
<system-out>
<![CDATA[
[[ATTACHMENT|test-results/02-authentication-Authenti-e5d88-rotect-authenticated-routes-Mobile-Chrome/test-failed-1.png]]

[[ATTACHMENT|test-results/02-authentication-Authenti-e5d88-rotect-authenticated-routes-Mobile-Chrome/video.webm]]

[[ATTACHMENT|test-results/02-authentication-Authenti-e5d88-rotect-authenticated-routes-Mobile-Chrome/error-context.md]]
]]>
</system-out>
</testcase>
<testcase name="Authentication Flow Tests › should handle role-based redirects" classname="02-authentication.spec.ts" time="16.121">
<failure message="02-authentication.spec.ts:119:7 should handle role-based redirects" type="FAILURE">
<![CDATA[  [Mobile Chrome] › 02-authentication.spec.ts:119:7 › Authentication Flow Tests › should handle role-based redirects 

    Error: expect(page).toHaveURL(expected) failed

    Expected pattern: /login|dashboard/
    Received string:  "https://wedding-lk.vercel.app/auth/signin?role=user"
    Timeout: 5000ms

    Call log:
      - Expect "toHaveURL" with timeout 5000ms
        8 × unexpected value "https://wedding-lk.vercel.app/auth/signin?role=user"


      125 |       
      126 |       // Should show appropriate login form or redirect
    > 127 |       await expect(page).toHaveURL(/login|dashboard/);
          |                          ^
      128 |     }
      129 |   });
      130 | });
        at /Users/asithalakmal/Documents/web/final project/WeddingLK-next copy/tests/02-authentication.spec.ts:127:26

    attachment #1: screenshot (image/png) ──────────────────────────────────────────────────────────
    ../test-results/02-authentication-Authenti-a42ea-handle-role-based-redirects-Mobile-Chrome/test-failed-1.png
    ────────────────────────────────────────────────────────────────────────────────────────────────

    attachment #2: video (video/webm) ──────────────────────────────────────────────────────────────
    ../test-results/02-authentication-Authenti-a42ea-handle-role-based-redirects-Mobile-Chrome/video.webm
    ────────────────────────────────────────────────────────────────────────────────────────────────

    Error Context: ../test-results/02-authentication-Authenti-a42ea-handle-role-based-redirects-Mobile-Chrome/error-context.md
]]>
</failure>
<system-out>
<![CDATA[
[[ATTACHMENT|test-results/02-authentication-Authenti-a42ea-handle-role-based-redirects-Mobile-Chrome/test-failed-1.png]]

[[ATTACHMENT|test-results/02-authentication-Authenti-a42ea-handle-role-based-redirects-Mobile-Chrome/video.webm]]

[[ATTACHMENT|test-results/02-authentication-Authenti-a42ea-handle-role-based-redirects-Mobile-Chrome/error-context.md]]
]]>
</system-out>
</testcase>
</testsuite>
<testsuite name="03-dashboard.spec.ts" timestamp="2025-10-20T22:56:09.042Z" hostname="Mobile Chrome" tests="6" failures="6" skipped="0" time="199.899" errors="0">
<testcase name="Dashboard Tests › should load user dashboard" classname="03-dashboard.spec.ts" time="33.605">
<failure message="03-dashboard.spec.ts:13:7 should load user dashboard" type="FAILURE">
<![CDATA[  [Mobile Chrome] › 03-dashboard.spec.ts:13:7 › Dashboard Tests › should load user dashboard ───────

    Test timeout of 30000ms exceeded while running "beforeEach" hook.

      2 |
      3 | test.describe('Dashboard Tests', () => {
    > 4 |   test.beforeEach(async ({ page }) => {
        |        ^
      5 |     // Login before each test
      6 |     await page.goto('/login');
      7 |     await page.fill('input[name="email"]', 'test@example.com');
        at /Users/asithalakmal/Documents/web/final project/WeddingLK-next copy/tests/03-dashboard.spec.ts:4:8

    Error: page.fill: Test timeout of 30000ms exceeded.
    Call log:
      - waiting for locator('input[name="email"]')


       5 |     // Login before each test
       6 |     await page.goto('/login');
    >  7 |     await page.fill('input[name="email"]', 'test@example.com');
         |                ^
       8 |     await page.fill('input[name="password"]', 'TestPassword123!');
       9 |     await page.click('button[type="submit"]');
      10 |     await expect(page).toHaveURL(/dashboard/);
        at /Users/asithalakmal/Documents/web/final project/WeddingLK-next copy/tests/03-dashboard.spec.ts:7:16

    attachment #1: screenshot (image/png) ──────────────────────────────────────────────────────────
    ../test-results/03-dashboard-Dashboard-Tests-should-load-user-dashboard-Mobile-Chrome/test-failed-1.png
    ────────────────────────────────────────────────────────────────────────────────────────────────

    attachment #2: video (video/webm) ──────────────────────────────────────────────────────────────
    ../test-results/03-dashboard-Dashboard-Tests-should-load-user-dashboard-Mobile-Chrome/video.webm
    ────────────────────────────────────────────────────────────────────────────────────────────────

    Error Context: ../test-results/03-dashboard-Dashboard-Tests-should-load-user-dashboard-Mobile-Chrome/error-context.md
]]>
</failure>
<system-out>
<![CDATA[
[[ATTACHMENT|test-results/03-dashboard-Dashboard-Tests-should-load-user-dashboard-Mobile-Chrome/test-failed-1.png]]

[[ATTACHMENT|test-results/03-dashboard-Dashboard-Tests-should-load-user-dashboard-Mobile-Chrome/video.webm]]

[[ATTACHMENT|test-results/03-dashboard-Dashboard-Tests-should-load-user-dashboard-Mobile-Chrome/error-context.md]]
]]>
</system-out>
</testcase>
<testcase name="Dashboard Tests › should load vendor dashboard" classname="03-dashboard.spec.ts" time="33.123">
<failure message="03-dashboard.spec.ts:35:7 should load vendor dashboard" type="FAILURE">
<![CDATA[  [Mobile Chrome] › 03-dashboard.spec.ts:35:7 › Dashboard Tests › should load vendor dashboard ─────

    Test timeout of 30000ms exceeded while running "beforeEach" hook.

      2 |
      3 | test.describe('Dashboard Tests', () => {
    > 4 |   test.beforeEach(async ({ page }) => {
        |        ^
      5 |     // Login before each test
      6 |     await page.goto('/login');
      7 |     await page.fill('input[name="email"]', 'test@example.com');
        at /Users/asithalakmal/Documents/web/final project/WeddingLK-next copy/tests/03-dashboard.spec.ts:4:8

    Error: page.fill: Test timeout of 30000ms exceeded.
    Call log:
      - waiting for locator('input[name="email"]')


       5 |     // Login before each test
       6 |     await page.goto('/login');
    >  7 |     await page.fill('input[name="email"]', 'test@example.com');
         |                ^
       8 |     await page.fill('input[name="password"]', 'TestPassword123!');
       9 |     await page.click('button[type="submit"]');
      10 |     await expect(page).toHaveURL(/dashboard/);
        at /Users/asithalakmal/Documents/web/final project/WeddingLK-next copy/tests/03-dashboard.spec.ts:7:16

    attachment #1: screenshot (image/png) ──────────────────────────────────────────────────────────
    ../test-results/03-dashboard-Dashboard-Tests-should-load-vendor-dashboard-Mobile-Chrome/test-failed-1.png
    ────────────────────────────────────────────────────────────────────────────────────────────────

    attachment #2: video (video/webm) ──────────────────────────────────────────────────────────────
    ../test-results/03-dashboard-Dashboard-Tests-should-load-vendor-dashboard-Mobile-Chrome/video.webm
    ────────────────────────────────────────────────────────────────────────────────────────────────

    Error Context: ../test-results/03-dashboard-Dashboard-Tests-should-load-vendor-dashboard-Mobile-Chrome/error-context.md
]]>
</failure>
<system-out>
<![CDATA[
[[ATTACHMENT|test-results/03-dashboard-Dashboard-Tests-should-load-vendor-dashboard-Mobile-Chrome/test-failed-1.png]]

[[ATTACHMENT|test-results/03-dashboard-Dashboard-Tests-should-load-vendor-dashboard-Mobile-Chrome/video.webm]]

[[ATTACHMENT|test-results/03-dashboard-Dashboard-Tests-should-load-vendor-dashboard-Mobile-Chrome/error-context.md]]
]]>
</system-out>
</testcase>
<testcase name="Dashboard Tests › should load admin dashboard" classname="03-dashboard.spec.ts" time="33.263">
<failure message="03-dashboard.spec.ts:57:7 should load admin dashboard" type="FAILURE">
<![CDATA[  [Mobile Chrome] › 03-dashboard.spec.ts:57:7 › Dashboard Tests › should load admin dashboard ──────

    Test timeout of 30000ms exceeded while running "beforeEach" hook.

      2 |
      3 | test.describe('Dashboard Tests', () => {
    > 4 |   test.beforeEach(async ({ page }) => {
        |        ^
      5 |     // Login before each test
      6 |     await page.goto('/login');
      7 |     await page.fill('input[name="email"]', 'test@example.com');
        at /Users/asithalakmal/Documents/web/final project/WeddingLK-next copy/tests/03-dashboard.spec.ts:4:8

    Error: page.fill: Test timeout of 30000ms exceeded.
    Call log:
      - waiting for locator('input[name="email"]')


       5 |     // Login before each test
       6 |     await page.goto('/login');
    >  7 |     await page.fill('input[name="email"]', 'test@example.com');
         |                ^
       8 |     await page.fill('input[name="password"]', 'TestPassword123!');
       9 |     await page.click('button[type="submit"]');
      10 |     await expect(page).toHaveURL(/dashboard/);
        at /Users/asithalakmal/Documents/web/final project/WeddingLK-next copy/tests/03-dashboard.spec.ts:7:16

    attachment #1: screenshot (image/png) ──────────────────────────────────────────────────────────
    ../test-results/03-dashboard-Dashboard-Tests-should-load-admin-dashboard-Mobile-Chrome/test-failed-1.png
    ────────────────────────────────────────────────────────────────────────────────────────────────

    attachment #2: video (video/webm) ──────────────────────────────────────────────────────────────
    ../test-results/03-dashboard-Dashboard-Tests-should-load-admin-dashboard-Mobile-Chrome/video.webm
    ────────────────────────────────────────────────────────────────────────────────────────────────

    Error Context: ../test-results/03-dashboard-Dashboard-Tests-should-load-admin-dashboard-Mobile-Chrome/error-context.md
]]>
</failure>
<system-out>
<![CDATA[
[[ATTACHMENT|test-results/03-dashboard-Dashboard-Tests-should-load-admin-dashboard-Mobile-Chrome/test-failed-1.png]]

[[ATTACHMENT|test-results/03-dashboard-Dashboard-Tests-should-load-admin-dashboard-Mobile-Chrome/video.webm]]

[[ATTACHMENT|test-results/03-dashboard-Dashboard-Tests-should-load-admin-dashboard-Mobile-Chrome/error-context.md]]
]]>
</system-out>
</testcase>
<testcase name="Dashboard Tests › should navigate between dashboard sections" classname="03-dashboard.spec.ts" time="33.561">
<failure message="03-dashboard.spec.ts:79:7 should navigate between dashboard sections" type="FAILURE">
<![CDATA[  [Mobile Chrome] › 03-dashboard.spec.ts:79:7 › Dashboard Tests › should navigate between dashboard sections 

    Test timeout of 30000ms exceeded while running "beforeEach" hook.

      2 |
      3 | test.describe('Dashboard Tests', () => {
    > 4 |   test.beforeEach(async ({ page }) => {
        |        ^
      5 |     // Login before each test
      6 |     await page.goto('/login');
      7 |     await page.fill('input[name="email"]', 'test@example.com');
        at /Users/asithalakmal/Documents/web/final project/WeddingLK-next copy/tests/03-dashboard.spec.ts:4:8

    Error: page.fill: Test timeout of 30000ms exceeded.
    Call log:
      - waiting for locator('input[name="email"]')


       5 |     // Login before each test
       6 |     await page.goto('/login');
    >  7 |     await page.fill('input[name="email"]', 'test@example.com');
         |                ^
       8 |     await page.fill('input[name="password"]', 'TestPassword123!');
       9 |     await page.click('button[type="submit"]');
      10 |     await expect(page).toHaveURL(/dashboard/);
        at /Users/asithalakmal/Documents/web/final project/WeddingLK-next copy/tests/03-dashboard.spec.ts:7:16

    attachment #1: screenshot (image/png) ──────────────────────────────────────────────────────────
    ../test-results/03-dashboard-Dashboard-Tes-1bbe3--between-dashboard-sections-Mobile-Chrome/test-failed-1.png
    ────────────────────────────────────────────────────────────────────────────────────────────────

    attachment #2: video (video/webm) ──────────────────────────────────────────────────────────────
    ../test-results/03-dashboard-Dashboard-Tes-1bbe3--between-dashboard-sections-Mobile-Chrome/video.webm
    ────────────────────────────────────────────────────────────────────────────────────────────────

    Error Context: ../test-results/03-dashboard-Dashboard-Tes-1bbe3--between-dashboard-sections-Mobile-Chrome/error-context.md
]]>
</failure>
<system-out>
<![CDATA[
[[ATTACHMENT|test-results/03-dashboard-Dashboard-Tes-1bbe3--between-dashboard-sections-Mobile-Chrome/test-failed-1.png]]

[[ATTACHMENT|test-results/03-dashboard-Dashboard-Tes-1bbe3--between-dashboard-sections-Mobile-Chrome/video.webm]]

[[ATTACHMENT|test-results/03-dashboard-Dashboard-Tes-1bbe3--between-dashboard-sections-Mobile-Chrome/error-context.md]]
]]>
</system-out>
</testcase>
<testcase name="Dashboard Tests › should display user statistics" classname="03-dashboard.spec.ts" time="33.282">
<failure message="03-dashboard.spec.ts:100:7 should display user statistics" type="FAILURE">
<![CDATA[  [Mobile Chrome] › 03-dashboard.spec.ts:100:7 › Dashboard Tests › should display user statistics ──

    Test timeout of 30000ms exceeded while running "beforeEach" hook.

      2 |
      3 | test.describe('Dashboard Tests', () => {
    > 4 |   test.beforeEach(async ({ page }) => {
        |        ^
      5 |     // Login before each test
      6 |     await page.goto('/login');
      7 |     await page.fill('input[name="email"]', 'test@example.com');
        at /Users/asithalakmal/Documents/web/final project/WeddingLK-next copy/tests/03-dashboard.spec.ts:4:8

    Error: page.fill: Test timeout of 30000ms exceeded.
    Call log:
      - waiting for locator('input[name="email"]')


       5 |     // Login before each test
       6 |     await page.goto('/login');
    >  7 |     await page.fill('input[name="email"]', 'test@example.com');
         |                ^
       8 |     await page.fill('input[name="password"]', 'TestPassword123!');
       9 |     await page.click('button[type="submit"]');
      10 |     await expect(page).toHaveURL(/dashboard/);
        at /Users/asithalakmal/Documents/web/final project/WeddingLK-next copy/tests/03-dashboard.spec.ts:7:16

    attachment #1: screenshot (image/png) ──────────────────────────────────────────────────────────
    ../test-results/03-dashboard-Dashboard-Tests-should-display-user-statistics-Mobile-Chrome/test-failed-1.png
    ────────────────────────────────────────────────────────────────────────────────────────────────

    attachment #2: video (video/webm) ──────────────────────────────────────────────────────────────
    ../test-results/03-dashboard-Dashboard-Tests-should-display-user-statistics-Mobile-Chrome/video.webm
    ────────────────────────────────────────────────────────────────────────────────────────────────

    Error Context: ../test-results/03-dashboard-Dashboard-Tests-should-display-user-statistics-Mobile-Chrome/error-context.md
]]>
</failure>
<system-out>
<![CDATA[
[[ATTACHMENT|test-results/03-dashboard-Dashboard-Tests-should-display-user-statistics-Mobile-Chrome/test-failed-1.png]]

[[ATTACHMENT|test-results/03-dashboard-Dashboard-Tests-should-display-user-statistics-Mobile-Chrome/video.webm]]

[[ATTACHMENT|test-results/03-dashboard-Dashboard-Tests-should-display-user-statistics-Mobile-Chrome/error-context.md]]
]]>
</system-out>
</testcase>
<testcase name="Dashboard Tests › should handle responsive dashboard layout" classname="03-dashboard.spec.ts" time="33.065">
<failure message="03-dashboard.spec.ts:110:7 should handle responsive dashboard layout" type="FAILURE">
<![CDATA[  [Mobile Chrome] › 03-dashboard.spec.ts:110:7 › Dashboard Tests › should handle responsive dashboard layout 

    Test timeout of 30000ms exceeded while running "beforeEach" hook.

      2 |
      3 | test.describe('Dashboard Tests', () => {
    > 4 |   test.beforeEach(async ({ page }) => {
        |        ^
      5 |     // Login before each test
      6 |     await page.goto('/login');
      7 |     await page.fill('input[name="email"]', 'test@example.com');
        at /Users/asithalakmal/Documents/web/final project/WeddingLK-next copy/tests/03-dashboard.spec.ts:4:8

    Error: page.fill: Test timeout of 30000ms exceeded.
    Call log:
      - waiting for locator('input[name="email"]')


       5 |     // Login before each test
       6 |     await page.goto('/login');
    >  7 |     await page.fill('input[name="email"]', 'test@example.com');
         |                ^
       8 |     await page.fill('input[name="password"]', 'TestPassword123!');
       9 |     await page.click('button[type="submit"]');
      10 |     await expect(page).toHaveURL(/dashboard/);
        at /Users/asithalakmal/Documents/web/final project/WeddingLK-next copy/tests/03-dashboard.spec.ts:7:16

    attachment #1: screenshot (image/png) ──────────────────────────────────────────────────────────
    ../test-results/03-dashboard-Dashboard-Tes-c4e78-responsive-dashboard-layout-Mobile-Chrome/test-failed-1.png
    ────────────────────────────────────────────────────────────────────────────────────────────────

    attachment #2: video (video/webm) ──────────────────────────────────────────────────────────────
    ../test-results/03-dashboard-Dashboard-Tes-c4e78-responsive-dashboard-layout-Mobile-Chrome/video.webm
    ────────────────────────────────────────────────────────────────────────────────────────────────

    Error Context: ../test-results/03-dashboard-Dashboard-Tes-c4e78-responsive-dashboard-layout-Mobile-Chrome/error-context.md
]]>
</failure>
<system-out>
<![CDATA[
[[ATTACHMENT|test-results/03-dashboard-Dashboard-Tes-c4e78-responsive-dashboard-layout-Mobile-Chrome/test-failed-1.png]]

[[ATTACHMENT|test-results/03-dashboard-Dashboard-Tes-c4e78-responsive-dashboard-layout-Mobile-Chrome/video.webm]]

[[ATTACHMENT|test-results/03-dashboard-Dashboard-Tes-c4e78-responsive-dashboard-layout-Mobile-Chrome/error-context.md]]
]]>
</system-out>
</testcase>
</testsuite>
<testsuite name="04-venues.spec.ts" timestamp="2025-10-20T22:56:09.042Z" hostname="Mobile Chrome" tests="10" failures="7" skipped="0" time="265.749" errors="0">
<testcase name="Venues CRUD Tests › should display venues list" classname="04-venues.spec.ts" time="10.349">
<failure message="04-venues.spec.ts:4:7 should display venues list" type="FAILURE">
<![CDATA[  [Mobile Chrome] › 04-venues.spec.ts:4:7 › Venues CRUD Tests › should display venues list ─────────

    Error: expect(page).toHaveTitle(expected) failed

    Expected pattern: /venues/i
    Received string:  "WeddingLK - Sri Lanka's Premier Wedding Planning Platform"
    Timeout: 5000ms

    Call log:
      - Expect "toHaveTitle" with timeout 5000ms
        8 × unexpected value "WeddingLK - Sri Lanka's Premier Wedding Planning Platform"


       6 |     
       7 |     // Check page loads
    >  8 |     await expect(page).toHaveTitle(/venues/i);
         |                        ^
       9 |     
      10 |     // Check for venue cards
      11 |     const venueCards = page.locator('[data-testid*="venue"], .venue-card, .card');
        at /Users/asithalakmal/Documents/web/final project/WeddingLK-next copy/tests/04-venues.spec.ts:8:24

    attachment #1: screenshot (image/png) ──────────────────────────────────────────────────────────
    ../test-results/04-venues-Venues-CRUD-Tests-should-display-venues-list-Mobile-Chrome/test-failed-1.png
    ────────────────────────────────────────────────────────────────────────────────────────────────

    attachment #2: video (video/webm) ──────────────────────────────────────────────────────────────
    ../test-results/04-venues-Venues-CRUD-Tests-should-display-venues-list-Mobile-Chrome/video.webm
    ────────────────────────────────────────────────────────────────────────────────────────────────

    Error Context: ../test-results/04-venues-Venues-CRUD-Tests-should-display-venues-list-Mobile-Chrome/error-context.md
]]>
</failure>
<system-out>
<![CDATA[
[[ATTACHMENT|test-results/04-venues-Venues-CRUD-Tests-should-display-venues-list-Mobile-Chrome/test-failed-1.png]]

[[ATTACHMENT|test-results/04-venues-Venues-CRUD-Tests-should-display-venues-list-Mobile-Chrome/video.webm]]

[[ATTACHMENT|test-results/04-venues-Venues-CRUD-Tests-should-display-venues-list-Mobile-Chrome/error-context.md]]
]]>
</system-out>
</testcase>
<testcase name="Venues CRUD Tests › should filter venues by location" classname="04-venues.spec.ts" time="13.322">
</testcase>
<testcase name="Venues CRUD Tests › should filter venues by capacity" classname="04-venues.spec.ts" time="15.277">
</testcase>
<testcase name="Venues CRUD Tests › should search venues" classname="04-venues.spec.ts" time="6.672">
</testcase>
<testcase name="Venues CRUD Tests › should view venue details" classname="04-venues.spec.ts" time="37.359">
<failure message="04-venues.spec.ts:67:7 should view venue details" type="FAILURE">
<![CDATA[  [Mobile Chrome] › 04-venues.spec.ts:67:7 › Venues CRUD Tests › should view venue details ─────────

    Test timeout of 30000ms exceeded.

    Error: locator.click: Test timeout of 30000ms exceeded.
    Call log:
      - waiting for locator('[data-testid*="venue"], .venue-card').first()


      70 |     // Click on first venue
      71 |     const firstVenue = page.locator('[data-testid*="venue"], .venue-card').first();
    > 72 |     await firstVenue.click();
         |                      ^
      73 |     
      74 |     // Should navigate to venue details
      75 |     await expect(page).toHaveURL(/venues\/[^/]+/);
        at /Users/asithalakmal/Documents/web/final project/WeddingLK-next copy/tests/04-venues.spec.ts:72:22

    attachment #1: screenshot (image/png) ──────────────────────────────────────────────────────────
    ../test-results/04-venues-Venues-CRUD-Tests-should-view-venue-details-Mobile-Chrome/test-failed-1.png
    ────────────────────────────────────────────────────────────────────────────────────────────────

    attachment #2: video (video/webm) ──────────────────────────────────────────────────────────────
    ../test-results/04-venues-Venues-CRUD-Tests-should-view-venue-details-Mobile-Chrome/video.webm
    ────────────────────────────────────────────────────────────────────────────────────────────────

    Error Context: ../test-results/04-venues-Venues-CRUD-Tests-should-view-venue-details-Mobile-Chrome/error-context.md
]]>
</failure>
<system-out>
<![CDATA[
[[ATTACHMENT|test-results/04-venues-Venues-CRUD-Tests-should-view-venue-details-Mobile-Chrome/test-failed-1.png]]

[[ATTACHMENT|test-results/04-venues-Venues-CRUD-Tests-should-view-venue-details-Mobile-Chrome/video.webm]]

[[ATTACHMENT|test-results/04-venues-Venues-CRUD-Tests-should-view-venue-details-Mobile-Chrome/error-context.md]]
]]>
</system-out>
</testcase>
<testcase name="Venues CRUD Tests › should book venue" classname="04-venues.spec.ts" time="38.666">
<failure message="04-venues.spec.ts:98:7 should book venue" type="FAILURE">
<![CDATA[  [Mobile Chrome] › 04-venues.spec.ts:98:7 › Venues CRUD Tests › should book venue ─────────────────

    Test timeout of 30000ms exceeded.

    Error: page.fill: Test timeout of 30000ms exceeded.
    Call log:
      - waiting for locator('input[name="email"]')


       99 |     // Login first
      100 |     await page.goto('/login');
    > 101 |     await page.fill('input[name="email"]', 'test@example.com');
          |                ^
      102 |     await page.fill('input[name="password"]', 'TestPassword123!');
      103 |     await page.click('button[type="submit"]');
      104 |     
        at /Users/asithalakmal/Documents/web/final project/WeddingLK-next copy/tests/04-venues.spec.ts:101:16

    attachment #1: screenshot (image/png) ──────────────────────────────────────────────────────────
    ../test-results/04-venues-Venues-CRUD-Tests-should-book-venue-Mobile-Chrome/test-failed-1.png
    ────────────────────────────────────────────────────────────────────────────────────────────────

    attachment #2: video (video/webm) ──────────────────────────────────────────────────────────────
    ../test-results/04-venues-Venues-CRUD-Tests-should-book-venue-Mobile-Chrome/video.webm
    ────────────────────────────────────────────────────────────────────────────────────────────────

    Error Context: ../test-results/04-venues-Venues-CRUD-Tests-should-book-venue-Mobile-Chrome/error-context.md
]]>
</failure>
<system-out>
<![CDATA[
[[ATTACHMENT|test-results/04-venues-Venues-CRUD-Tests-should-book-venue-Mobile-Chrome/test-failed-1.png]]

[[ATTACHMENT|test-results/04-venues-Venues-CRUD-Tests-should-book-venue-Mobile-Chrome/video.webm]]

[[ATTACHMENT|test-results/04-venues-Venues-CRUD-Tests-should-book-venue-Mobile-Chrome/error-context.md]]
]]>
</system-out>
</testcase>
<testcase name="Venues CRUD Tests › should add venue to favorites" classname="04-venues.spec.ts" time="34.586">
<failure message="04-venues.spec.ts:133:7 should add venue to favorites" type="FAILURE">
<![CDATA[  [Mobile Chrome] › 04-venues.spec.ts:133:7 › Venues CRUD Tests › should add venue to favorites ────

    Test timeout of 30000ms exceeded.

    Error: page.fill: Test timeout of 30000ms exceeded.
    Call log:
      - waiting for locator('input[name="email"]')


      134 |     // Login first
      135 |     await page.goto('/login');
    > 136 |     await page.fill('input[name="email"]', 'test@example.com');
          |                ^
      137 |     await page.fill('input[name="password"]', 'TestPassword123!');
      138 |     await page.click('button[type="submit"]');
      139 |     
        at /Users/asithalakmal/Documents/web/final project/WeddingLK-next copy/tests/04-venues.spec.ts:136:16

    attachment #1: screenshot (image/png) ──────────────────────────────────────────────────────────
    ../test-results/04-venues-Venues-CRUD-Tests-should-add-venue-to-favorites-Mobile-Chrome/test-failed-1.png
    ────────────────────────────────────────────────────────────────────────────────────────────────

    attachment #2: video (video/webm) ──────────────────────────────────────────────────────────────
    ../test-results/04-venues-Venues-CRUD-Tests-should-add-venue-to-favorites-Mobile-Chrome/video.webm
    ────────────────────────────────────────────────────────────────────────────────────────────────

    Error Context: ../test-results/04-venues-Venues-CRUD-Tests-should-add-venue-to-favorites-Mobile-Chrome/error-context.md
]]>
</failure>
<system-out>
<![CDATA[
[[ATTACHMENT|test-results/04-venues-Venues-CRUD-Tests-should-add-venue-to-favorites-Mobile-Chrome/test-failed-1.png]]

[[ATTACHMENT|test-results/04-venues-Venues-CRUD-Tests-should-add-venue-to-favorites-Mobile-Chrome/video.webm]]

[[ATTACHMENT|test-results/04-venues-Venues-CRUD-Tests-should-add-venue-to-favorites-Mobile-Chrome/error-context.md]]
]]>
</system-out>
</testcase>
<testcase name="Venues CRUD Tests › should create new venue (vendor)" classname="04-venues.spec.ts" time="33.342">
<failure message="04-venues.spec.ts:157:7 should create new venue (vendor)" type="FAILURE">
<![CDATA[  [Mobile Chrome] › 04-venues.spec.ts:157:7 › Venues CRUD Tests › should create new venue (vendor) ─

    Test timeout of 30000ms exceeded.

    Error: page.fill: Test timeout of 30000ms exceeded.
    Call log:
      - waiting for locator('input[name="email"]')


      158 |     // Login as vendor
      159 |     await page.goto('/login');
    > 160 |     await page.fill('input[name="email"]', 'vendor@example.com');
          |                ^
      161 |     await page.fill('input[name="password"]', 'TestPassword123!');
      162 |     await page.click('button[type="submit"]');
      163 |     
        at /Users/asithalakmal/Documents/web/final project/WeddingLK-next copy/tests/04-venues.spec.ts:160:16

    attachment #1: screenshot (image/png) ──────────────────────────────────────────────────────────
    ../test-results/04-venues-Venues-CRUD-Tests-should-create-new-venue-vendor--Mobile-Chrome/test-failed-1.png
    ────────────────────────────────────────────────────────────────────────────────────────────────

    attachment #2: video (video/webm) ──────────────────────────────────────────────────────────────
    ../test-results/04-venues-Venues-CRUD-Tests-should-create-new-venue-vendor--Mobile-Chrome/video.webm
    ────────────────────────────────────────────────────────────────────────────────────────────────

    Error Context: ../test-results/04-venues-Venues-CRUD-Tests-should-create-new-venue-vendor--Mobile-Chrome/error-context.md
]]>
</failure>
<system-out>
<![CDATA[
[[ATTACHMENT|test-results/04-venues-Venues-CRUD-Tests-should-create-new-venue-vendor--Mobile-Chrome/test-failed-1.png]]

[[ATTACHMENT|test-results/04-venues-Venues-CRUD-Tests-should-create-new-venue-vendor--Mobile-Chrome/video.webm]]

[[ATTACHMENT|test-results/04-venues-Venues-CRUD-Tests-should-create-new-venue-vendor--Mobile-Chrome/error-context.md]]
]]>
</system-out>
</testcase>
<testcase name="Venues CRUD Tests › should edit venue (vendor)" classname="04-venues.spec.ts" time="34.996">
<failure message="04-venues.spec.ts:181:7 should edit venue (vendor)" type="FAILURE">
<![CDATA[  [Mobile Chrome] › 04-venues.spec.ts:181:7 › Venues CRUD Tests › should edit venue (vendor) ───────

    Test timeout of 30000ms exceeded.

    Error: page.fill: Test timeout of 30000ms exceeded.
    Call log:
      - waiting for locator('input[name="email"]')


      182 |     // Login as vendor
      183 |     await page.goto('/login');
    > 184 |     await page.fill('input[name="email"]', 'vendor@example.com');
          |                ^
      185 |     await page.fill('input[name="password"]', 'TestPassword123!');
      186 |     await page.click('button[type="submit"]');
      187 |     
        at /Users/asithalakmal/Documents/web/final project/WeddingLK-next copy/tests/04-venues.spec.ts:184:16

    attachment #1: screenshot (image/png) ──────────────────────────────────────────────────────────
    ../test-results/04-venues-Venues-CRUD-Tests-should-edit-venue-vendor--Mobile-Chrome/test-failed-1.png
    ────────────────────────────────────────────────────────────────────────────────────────────────

    attachment #2: video (video/webm) ──────────────────────────────────────────────────────────────
    ../test-results/04-venues-Venues-CRUD-Tests-should-edit-venue-vendor--Mobile-Chrome/video.webm
    ────────────────────────────────────────────────────────────────────────────────────────────────

    Error Context: ../test-results/04-venues-Venues-CRUD-Tests-should-edit-venue-vendor--Mobile-Chrome/error-context.md
]]>
</failure>
<system-out>
<![CDATA[
[[ATTACHMENT|test-results/04-venues-Venues-CRUD-Tests-should-edit-venue-vendor--Mobile-Chrome/test-failed-1.png]]

[[ATTACHMENT|test-results/04-venues-Venues-CRUD-Tests-should-edit-venue-vendor--Mobile-Chrome/video.webm]]

[[ATTACHMENT|test-results/04-venues-Venues-CRUD-Tests-should-edit-venue-vendor--Mobile-Chrome/error-context.md]]
]]>
</system-out>
</testcase>
<testcase name="Venues CRUD Tests › should delete venue (vendor)" classname="04-venues.spec.ts" time="41.18">
<failure message="04-venues.spec.ts:210:7 should delete venue (vendor)" type="FAILURE">
<![CDATA[  [Mobile Chrome] › 04-venues.spec.ts:210:7 › Venues CRUD Tests › should delete venue (vendor) ─────

    Test timeout of 30000ms exceeded.

    Error: page.fill: Test timeout of 30000ms exceeded.
    Call log:
      - waiting for locator('input[name="email"]')


      211 |     // Login as vendor
      212 |     await page.goto('/login');
    > 213 |     await page.fill('input[name="email"]', 'vendor@example.com');
          |                ^
      214 |     await page.fill('input[name="password"]', 'TestPassword123!');
      215 |     await page.click('button[type="submit"]');
      216 |     
        at /Users/asithalakmal/Documents/web/final project/WeddingLK-next copy/tests/04-venues.spec.ts:213:16

    attachment #1: screenshot (image/png) ──────────────────────────────────────────────────────────
    ../test-results/04-venues-Venues-CRUD-Tests-should-delete-venue-vendor--Mobile-Chrome/test-failed-1.png
    ────────────────────────────────────────────────────────────────────────────────────────────────

    attachment #2: video (video/webm) ──────────────────────────────────────────────────────────────
    ../test-results/04-venues-Venues-CRUD-Tests-should-delete-venue-vendor--Mobile-Chrome/video.webm
    ────────────────────────────────────────────────────────────────────────────────────────────────

    Error Context: ../test-results/04-venues-Venues-CRUD-Tests-should-delete-venue-vendor--Mobile-Chrome/error-context.md
]]>
</failure>
<system-out>
<![CDATA[
[[ATTACHMENT|test-results/04-venues-Venues-CRUD-Tests-should-delete-venue-vendor--Mobile-Chrome/test-failed-1.png]]

[[ATTACHMENT|test-results/04-venues-Venues-CRUD-Tests-should-delete-venue-vendor--Mobile-Chrome/video.webm]]

[[ATTACHMENT|test-results/04-venues-Venues-CRUD-Tests-should-delete-venue-vendor--Mobile-Chrome/error-context.md]]
]]>
</system-out>
</testcase>
</testsuite>
<testsuite name="05-vendors.spec.ts" timestamp="2025-10-20T22:56:09.042Z" hostname="Mobile Chrome" tests="13" failures="10" skipped="0" time="368.334" errors="0">
<testcase name="Vendors CRUD Tests › should display vendors list" classname="05-vendors.spec.ts" time="10.828">
<failure message="05-vendors.spec.ts:4:7 should display vendors list" type="FAILURE">
<![CDATA[  [Mobile Chrome] › 05-vendors.spec.ts:4:7 › Vendors CRUD Tests › should display vendors list ──────

    Error: expect(page).toHaveTitle(expected) failed

    Expected pattern: /vendors/i
    Received string:  "WeddingLK - Sri Lanka's Premier Wedding Planning Platform"
    Timeout: 5000ms

    Call log:
      - Expect "toHaveTitle" with timeout 5000ms
        8 × unexpected value "WeddingLK - Sri Lanka's Premier Wedding Planning Platform"


       6 |     
       7 |     // Check page loads
    >  8 |     await expect(page).toHaveTitle(/vendors/i);
         |                        ^
       9 |     
      10 |     // Check for vendor cards
      11 |     const vendorCards = page.locator('[data-testid*="vendor"], .vendor-card, .card');
        at /Users/asithalakmal/Documents/web/final project/WeddingLK-next copy/tests/05-vendors.spec.ts:8:24

    attachment #1: screenshot (image/png) ──────────────────────────────────────────────────────────
    ../test-results/05-vendors-Vendors-CRUD-Tests-should-display-vendors-list-Mobile-Chrome/test-failed-1.png
    ────────────────────────────────────────────────────────────────────────────────────────────────

    attachment #2: video (video/webm) ──────────────────────────────────────────────────────────────
    ../test-results/05-vendors-Vendors-CRUD-Tests-should-display-vendors-list-Mobile-Chrome/video.webm
    ────────────────────────────────────────────────────────────────────────────────────────────────

    Error Context: ../test-results/05-vendors-Vendors-CRUD-Tests-should-display-vendors-list-Mobile-Chrome/error-context.md
]]>
</failure>
<system-out>
<![CDATA[
[[ATTACHMENT|test-results/05-vendors-Vendors-CRUD-Tests-should-display-vendors-list-Mobile-Chrome/test-failed-1.png]]

[[ATTACHMENT|test-results/05-vendors-Vendors-CRUD-Tests-should-display-vendors-list-Mobile-Chrome/video.webm]]

[[ATTACHMENT|test-results/05-vendors-Vendors-CRUD-Tests-should-display-vendors-list-Mobile-Chrome/error-context.md]]
]]>
</system-out>
</testcase>
<testcase name="Vendors CRUD Tests › should filter vendors by category" classname="05-vendors.spec.ts" time="13.208">
</testcase>
<testcase name="Vendors CRUD Tests › should filter vendors by location" classname="05-vendors.spec.ts" time="16.751">
</testcase>
<testcase name="Vendors CRUD Tests › should search vendors" classname="05-vendors.spec.ts" time="6.065">
</testcase>
<testcase name="Vendors CRUD Tests › should view vendor profile" classname="05-vendors.spec.ts" time="37.102">
<failure message="05-vendors.spec.ts:67:7 should view vendor profile" type="FAILURE">
<![CDATA[  [Mobile Chrome] › 05-vendors.spec.ts:67:7 › Vendors CRUD Tests › should view vendor profile ──────

    Test timeout of 30000ms exceeded.

    Error: locator.click: Test timeout of 30000ms exceeded.
    Call log:
      - waiting for locator('[data-testid*="vendor"], .vendor-card').first()


      70 |     // Click on first vendor
      71 |     const firstVendor = page.locator('[data-testid*="vendor"], .vendor-card').first();
    > 72 |     await firstVendor.click();
         |                       ^
      73 |     
      74 |     // Should navigate to vendor profile
      75 |     await expect(page).toHaveURL(/vendors\/[^/]+/);
        at /Users/asithalakmal/Documents/web/final project/WeddingLK-next copy/tests/05-vendors.spec.ts:72:23

    attachment #1: screenshot (image/png) ──────────────────────────────────────────────────────────
    ../test-results/05-vendors-Vendors-CRUD-Tests-should-view-vendor-profile-Mobile-Chrome/test-failed-1.png
    ────────────────────────────────────────────────────────────────────────────────────────────────

    attachment #2: video (video/webm) ──────────────────────────────────────────────────────────────
    ../test-results/05-vendors-Vendors-CRUD-Tests-should-view-vendor-profile-Mobile-Chrome/video.webm
    ────────────────────────────────────────────────────────────────────────────────────────────────

    Error Context: ../test-results/05-vendors-Vendors-CRUD-Tests-should-view-vendor-profile-Mobile-Chrome/error-context.md
]]>
</failure>
<system-out>
<![CDATA[
[[ATTACHMENT|test-results/05-vendors-Vendors-CRUD-Tests-should-view-vendor-profile-Mobile-Chrome/test-failed-1.png]]

[[ATTACHMENT|test-results/05-vendors-Vendors-CRUD-Tests-should-view-vendor-profile-Mobile-Chrome/video.webm]]

[[ATTACHMENT|test-results/05-vendors-Vendors-CRUD-Tests-should-view-vendor-profile-Mobile-Chrome/error-context.md]]
]]>
</system-out>
</testcase>
<testcase name="Vendors CRUD Tests › should book vendor service" classname="05-vendors.spec.ts" time="36.45">
<failure message="05-vendors.spec.ts:98:7 should book vendor service" type="FAILURE">
<![CDATA[  [Mobile Chrome] › 05-vendors.spec.ts:98:7 › Vendors CRUD Tests › should book vendor service ──────

    Test timeout of 30000ms exceeded.

    Error: page.fill: Test timeout of 30000ms exceeded.
    Call log:
      - waiting for locator('input[name="email"]')


       99 |     // Login first
      100 |     await page.goto('/login');
    > 101 |     await page.fill('input[name="email"]', 'test@example.com');
          |                ^
      102 |     await page.fill('input[name="password"]', 'TestPassword123!');
      103 |     await page.click('button[type="submit"]');
      104 |     
        at /Users/asithalakmal/Documents/web/final project/WeddingLK-next copy/tests/05-vendors.spec.ts:101:16

    attachment #1: screenshot (image/png) ──────────────────────────────────────────────────────────
    ../test-results/05-vendors-Vendors-CRUD-Tests-should-book-vendor-service-Mobile-Chrome/test-failed-1.png
    ────────────────────────────────────────────────────────────────────────────────────────────────

    attachment #2: video (video/webm) ──────────────────────────────────────────────────────────────
    ../test-results/05-vendors-Vendors-CRUD-Tests-should-book-vendor-service-Mobile-Chrome/video.webm
    ────────────────────────────────────────────────────────────────────────────────────────────────

    Error Context: ../test-results/05-vendors-Vendors-CRUD-Tests-should-book-vendor-service-Mobile-Chrome/error-context.md
]]>
</failure>
<system-out>
<![CDATA[
[[ATTACHMENT|test-results/05-vendors-Vendors-CRUD-Tests-should-book-vendor-service-Mobile-Chrome/test-failed-1.png]]

[[ATTACHMENT|test-results/05-vendors-Vendors-CRUD-Tests-should-book-vendor-service-Mobile-Chrome/video.webm]]

[[ATTACHMENT|test-results/05-vendors-Vendors-CRUD-Tests-should-book-vendor-service-Mobile-Chrome/error-context.md]]
]]>
</system-out>
</testcase>
<testcase name="Vendors CRUD Tests › should add vendor to favorites" classname="05-vendors.spec.ts" time="33.161">
<failure message="05-vendors.spec.ts:132:7 should add vendor to favorites" type="FAILURE">
<![CDATA[  [Mobile Chrome] › 05-vendors.spec.ts:132:7 › Vendors CRUD Tests › should add vendor to favorites ─

    Test timeout of 30000ms exceeded.

    Error: page.fill: Test timeout of 30000ms exceeded.
    Call log:
      - waiting for locator('input[name="email"]')


      133 |     // Login first
      134 |     await page.goto('/login');
    > 135 |     await page.fill('input[name="email"]', 'test@example.com');
          |                ^
      136 |     await page.fill('input[name="password"]', 'TestPassword123!');
      137 |     await page.click('button[type="submit"]');
      138 |     
        at /Users/asithalakmal/Documents/web/final project/WeddingLK-next copy/tests/05-vendors.spec.ts:135:16

    attachment #1: screenshot (image/png) ──────────────────────────────────────────────────────────
    ../test-results/05-vendors-Vendors-CRUD-Tests-should-add-vendor-to-favorites-Mobile-Chrome/test-failed-1.png
    ────────────────────────────────────────────────────────────────────────────────────────────────

    attachment #2: video (video/webm) ──────────────────────────────────────────────────────────────
    ../test-results/05-vendors-Vendors-CRUD-Tests-should-add-vendor-to-favorites-Mobile-Chrome/video.webm
    ────────────────────────────────────────────────────────────────────────────────────────────────

    Error Context: ../test-results/05-vendors-Vendors-CRUD-Tests-should-add-vendor-to-favorites-Mobile-Chrome/error-context.md
]]>
</failure>
<system-out>
<![CDATA[
[[ATTACHMENT|test-results/05-vendors-Vendors-CRUD-Tests-should-add-vendor-to-favorites-Mobile-Chrome/test-failed-1.png]]

[[ATTACHMENT|test-results/05-vendors-Vendors-CRUD-Tests-should-add-vendor-to-favorites-Mobile-Chrome/video.webm]]

[[ATTACHMENT|test-results/05-vendors-Vendors-CRUD-Tests-should-add-vendor-to-favorites-Mobile-Chrome/error-context.md]]
]]>
</system-out>
</testcase>
<testcase name="Vendors CRUD Tests › should create vendor profile" classname="05-vendors.spec.ts" time="36.571">
<failure message="05-vendors.spec.ts:156:7 should create vendor profile" type="FAILURE">
<![CDATA[  [Mobile Chrome] › 05-vendors.spec.ts:156:7 › Vendors CRUD Tests › should create vendor profile ───

    Test timeout of 30000ms exceeded.

    Error: page.fill: Test timeout of 30000ms exceeded.
    Call log:
      - waiting for locator('input[name="email"]')


      157 |     // Login as vendor
      158 |     await page.goto('/login');
    > 159 |     await page.fill('input[name="email"]', 'vendor@example.com');
          |                ^
      160 |     await page.fill('input[name="password"]', 'TestPassword123!');
      161 |     await page.click('button[type="submit"]');
      162 |     
        at /Users/asithalakmal/Documents/web/final project/WeddingLK-next copy/tests/05-vendors.spec.ts:159:16

    attachment #1: screenshot (image/png) ──────────────────────────────────────────────────────────
    ../test-results/05-vendors-Vendors-CRUD-Tests-should-create-vendor-profile-Mobile-Chrome/test-failed-1.png
    ────────────────────────────────────────────────────────────────────────────────────────────────

    attachment #2: video (video/webm) ──────────────────────────────────────────────────────────────
    ../test-results/05-vendors-Vendors-CRUD-Tests-should-create-vendor-profile-Mobile-Chrome/video.webm
    ────────────────────────────────────────────────────────────────────────────────────────────────

    Error Context: ../test-results/05-vendors-Vendors-CRUD-Tests-should-create-vendor-profile-Mobile-Chrome/error-context.md
]]>
</failure>
<system-out>
<![CDATA[
[[ATTACHMENT|test-results/05-vendors-Vendors-CRUD-Tests-should-create-vendor-profile-Mobile-Chrome/test-failed-1.png]]

[[ATTACHMENT|test-results/05-vendors-Vendors-CRUD-Tests-should-create-vendor-profile-Mobile-Chrome/video.webm]]

[[ATTACHMENT|test-results/05-vendors-Vendors-CRUD-Tests-should-create-vendor-profile-Mobile-Chrome/error-context.md]]
]]>
</system-out>
</testcase>
<testcase name="Vendors CRUD Tests › should edit vendor profile" classname="05-vendors.spec.ts" time="34.409">
<failure message="05-vendors.spec.ts:183:7 should edit vendor profile" type="FAILURE">
<![CDATA[  [Mobile Chrome] › 05-vendors.spec.ts:183:7 › Vendors CRUD Tests › should edit vendor profile ─────

    Test timeout of 30000ms exceeded.

    Error: page.fill: Test timeout of 30000ms exceeded.
    Call log:
      - waiting for locator('input[name="email"]')


      184 |     // Login as vendor
      185 |     await page.goto('/login');
    > 186 |     await page.fill('input[name="email"]', 'vendor@example.com');
          |                ^
      187 |     await page.fill('input[name="password"]', 'TestPassword123!');
      188 |     await page.click('button[type="submit"]');
      189 |     
        at /Users/asithalakmal/Documents/web/final project/WeddingLK-next copy/tests/05-vendors.spec.ts:186:16

    attachment #1: screenshot (image/png) ──────────────────────────────────────────────────────────
    ../test-results/05-vendors-Vendors-CRUD-Tests-should-edit-vendor-profile-Mobile-Chrome/test-failed-1.png
    ────────────────────────────────────────────────────────────────────────────────────────────────

    attachment #2: video (video/webm) ──────────────────────────────────────────────────────────────
    ../test-results/05-vendors-Vendors-CRUD-Tests-should-edit-vendor-profile-Mobile-Chrome/video.webm
    ────────────────────────────────────────────────────────────────────────────────────────────────

    Error Context: ../test-results/05-vendors-Vendors-CRUD-Tests-should-edit-vendor-profile-Mobile-Chrome/error-context.md
]]>
</failure>
<system-out>
<![CDATA[
[[ATTACHMENT|test-results/05-vendors-Vendors-CRUD-Tests-should-edit-vendor-profile-Mobile-Chrome/test-failed-1.png]]

[[ATTACHMENT|test-results/05-vendors-Vendors-CRUD-Tests-should-edit-vendor-profile-Mobile-Chrome/video.webm]]

[[ATTACHMENT|test-results/05-vendors-Vendors-CRUD-Tests-should-edit-vendor-profile-Mobile-Chrome/error-context.md]]
]]>
</system-out>
</testcase>
<testcase name="Vendors CRUD Tests › should manage vendor services" classname="05-vendors.spec.ts" time="40.05">
<failure message="05-vendors.spec.ts:204:7 should manage vendor services" type="FAILURE">
<![CDATA[  [Mobile Chrome] › 05-vendors.spec.ts:204:7 › Vendors CRUD Tests › should manage vendor services ──

    Test timeout of 30000ms exceeded.

    Error: page.fill: Test timeout of 30000ms exceeded.
    Call log:
      - waiting for locator('input[name="email"]')


      205 |     // Login as vendor
      206 |     await page.goto('/login');
    > 207 |     await page.fill('input[name="email"]', 'vendor@example.com');
          |                ^
      208 |     await page.fill('input[name="password"]', 'TestPassword123!');
      209 |     await page.click('button[type="submit"]');
      210 |     
        at /Users/asithalakmal/Documents/web/final project/WeddingLK-next copy/tests/05-vendors.spec.ts:207:16

    attachment #1: screenshot (image/png) ──────────────────────────────────────────────────────────
    ../test-results/05-vendors-Vendors-CRUD-Tests-should-manage-vendor-services-Mobile-Chrome/test-failed-1.png
    ────────────────────────────────────────────────────────────────────────────────────────────────

    attachment #2: video (video/webm) ──────────────────────────────────────────────────────────────
    ../test-results/05-vendors-Vendors-CRUD-Tests-should-manage-vendor-services-Mobile-Chrome/video.webm
    ────────────────────────────────────────────────────────────────────────────────────────────────

    Error Context: ../test-results/05-vendors-Vendors-CRUD-Tests-should-manage-vendor-services-Mobile-Chrome/error-context.md
]]>
</failure>
<system-out>
<![CDATA[
[[ATTACHMENT|test-results/05-vendors-Vendors-CRUD-Tests-should-manage-vendor-services-Mobile-Chrome/test-failed-1.png]]

[[ATTACHMENT|test-results/05-vendors-Vendors-CRUD-Tests-should-manage-vendor-services-Mobile-Chrome/video.webm]]

[[ATTACHMENT|test-results/05-vendors-Vendors-CRUD-Tests-should-manage-vendor-services-Mobile-Chrome/error-context.md]]
]]>
</system-out>
</testcase>
<testcase name="Vendors CRUD Tests › should manage vendor portfolio" classname="05-vendors.spec.ts" time="33.672">
<failure message="05-vendors.spec.ts:232:7 should manage vendor portfolio" type="FAILURE">
<![CDATA[  [Mobile Chrome] › 05-vendors.spec.ts:232:7 › Vendors CRUD Tests › should manage vendor portfolio ─

    Test timeout of 30000ms exceeded.

    Error: page.fill: Test timeout of 30000ms exceeded.
    Call log:
      - waiting for locator('input[name="email"]')


      233 |     // Login as vendor
      234 |     await page.goto('/login');
    > 235 |     await page.fill('input[name="email"]', 'vendor@example.com');
          |                ^
      236 |     await page.fill('input[name="password"]', 'TestPassword123!');
      237 |     await page.click('button[type="submit"]');
      238 |     
        at /Users/asithalakmal/Documents/web/final project/WeddingLK-next copy/tests/05-vendors.spec.ts:235:16

    attachment #1: screenshot (image/png) ──────────────────────────────────────────────────────────
    ../test-results/05-vendors-Vendors-CRUD-Tests-should-manage-vendor-portfolio-Mobile-Chrome/test-failed-1.png
    ────────────────────────────────────────────────────────────────────────────────────────────────

    attachment #2: video (video/webm) ──────────────────────────────────────────────────────────────
    ../test-results/05-vendors-Vendors-CRUD-Tests-should-manage-vendor-portfolio-Mobile-Chrome/video.webm
    ────────────────────────────────────────────────────────────────────────────────────────────────

    Error Context: ../test-results/05-vendors-Vendors-CRUD-Tests-should-manage-vendor-portfolio-Mobile-Chrome/error-context.md
]]>
</failure>
<system-out>
<![CDATA[
[[ATTACHMENT|test-results/05-vendors-Vendors-CRUD-Tests-should-manage-vendor-portfolio-Mobile-Chrome/test-failed-1.png]]

[[ATTACHMENT|test-results/05-vendors-Vendors-CRUD-Tests-should-manage-vendor-portfolio-Mobile-Chrome/video.webm]]

[[ATTACHMENT|test-results/05-vendors-Vendors-CRUD-Tests-should-manage-vendor-portfolio-Mobile-Chrome/error-context.md]]
]]>
</system-out>
</testcase>
<testcase name="Vendors CRUD Tests › should view vendor reviews" classname="05-vendors.spec.ts" time="35.91">
<failure message="05-vendors.spec.ts:253:7 should view vendor reviews" type="FAILURE">
<![CDATA[  [Mobile Chrome] › 05-vendors.spec.ts:253:7 › Vendors CRUD Tests › should view vendor reviews ─────

    Test timeout of 30000ms exceeded.

    Error: locator.click: Test timeout of 30000ms exceeded.
    Call log:
      - waiting for locator('[data-testid*="vendor"], .vendor-card').first()


      256 |     // Click on first vendor
      257 |     const firstVendor = page.locator('[data-testid*="vendor"], .vendor-card').first();
    > 258 |     await firstVendor.click();
          |                       ^
      259 |     
      260 |     // Look for reviews section
      261 |     const reviewsSection = page.locator('[data-testid*="reviews"], :has-text("reviews")');
        at /Users/asithalakmal/Documents/web/final project/WeddingLK-next copy/tests/05-vendors.spec.ts:258:23

    attachment #1: screenshot (image/png) ──────────────────────────────────────────────────────────
    ../test-results/05-vendors-Vendors-CRUD-Tests-should-view-vendor-reviews-Mobile-Chrome/test-failed-1.png
    ────────────────────────────────────────────────────────────────────────────────────────────────

    attachment #2: video (video/webm) ──────────────────────────────────────────────────────────────
    ../test-results/05-vendors-Vendors-CRUD-Tests-should-view-vendor-reviews-Mobile-Chrome/video.webm
    ────────────────────────────────────────────────────────────────────────────────────────────────

    Error Context: ../test-results/05-vendors-Vendors-CRUD-Tests-should-view-vendor-reviews-Mobile-Chrome/error-context.md
]]>
</failure>
<system-out>
<![CDATA[
[[ATTACHMENT|test-results/05-vendors-Vendors-CRUD-Tests-should-view-vendor-reviews-Mobile-Chrome/test-failed-1.png]]

[[ATTACHMENT|test-results/05-vendors-Vendors-CRUD-Tests-should-view-vendor-reviews-Mobile-Chrome/video.webm]]

[[ATTACHMENT|test-results/05-vendors-Vendors-CRUD-Tests-should-view-vendor-reviews-Mobile-Chrome/error-context.md]]
]]>
</system-out>
</testcase>
<testcase name="Vendors CRUD Tests › should write vendor review" classname="05-vendors.spec.ts" time="34.157">
<failure message="05-vendors.spec.ts:273:7 should write vendor review" type="FAILURE">
<![CDATA[  [Mobile Chrome] › 05-vendors.spec.ts:273:7 › Vendors CRUD Tests › should write vendor review ─────

    Test timeout of 30000ms exceeded.

    Error: page.fill: Test timeout of 30000ms exceeded.
    Call log:
      - waiting for locator('input[name="email"]')


      274 |     // Login first
      275 |     await page.goto('/login');
    > 276 |     await page.fill('input[name="email"]', 'test@example.com');
          |                ^
      277 |     await page.fill('input[name="password"]', 'TestPassword123!');
      278 |     await page.click('button[type="submit"]');
      279 |     
        at /Users/asithalakmal/Documents/web/final project/WeddingLK-next copy/tests/05-vendors.spec.ts:276:16

    attachment #1: screenshot (image/png) ──────────────────────────────────────────────────────────
    ../test-results/05-vendors-Vendors-CRUD-Tests-should-write-vendor-review-Mobile-Chrome/test-failed-1.png
    ────────────────────────────────────────────────────────────────────────────────────────────────

    attachment #2: video (video/webm) ──────────────────────────────────────────────────────────────
    ../test-results/05-vendors-Vendors-CRUD-Tests-should-write-vendor-review-Mobile-Chrome/video.webm
    ────────────────────────────────────────────────────────────────────────────────────────────────

    Error Context: ../test-results/05-vendors-Vendors-CRUD-Tests-should-write-vendor-review-Mobile-Chrome/error-context.md
]]>
</failure>
<system-out>
<![CDATA[
[[ATTACHMENT|test-results/05-vendors-Vendors-CRUD-Tests-should-write-vendor-review-Mobile-Chrome/test-failed-1.png]]

[[ATTACHMENT|test-results/05-vendors-Vendors-CRUD-Tests-should-write-vendor-review-Mobile-Chrome/video.webm]]

[[ATTACHMENT|test-results/05-vendors-Vendors-CRUD-Tests-should-write-vendor-review-Mobile-Chrome/error-context.md]]
]]>
</system-out>
</testcase>
</testsuite>
<testsuite name="06-booking.spec.ts" timestamp="2025-10-20T22:56:09.042Z" hostname="Mobile Chrome" tests="12" failures="12" skipped="0" time="402.389" errors="0">
<testcase name="Booking System Tests › should create venue booking" classname="06-booking.spec.ts" time="35.48">
<failure message="06-booking.spec.ts:13:7 should create venue booking" type="FAILURE">
<![CDATA[  [Mobile Chrome] › 06-booking.spec.ts:13:7 › Booking System Tests › should create venue booking ───

    Test timeout of 30000ms exceeded while running "beforeEach" hook.

      2 |
      3 | test.describe('Booking System Tests', () => {
    > 4 |   test.beforeEach(async ({ page }) => {
        |        ^
      5 |     // Login before each test
      6 |     await page.goto('/login');
      7 |     await page.fill('input[name="email"]', 'test@example.com');
        at /Users/asithalakmal/Documents/web/final project/WeddingLK-next copy/tests/06-booking.spec.ts:4:8

    Error: page.fill: Test timeout of 30000ms exceeded.
    Call log:
      - waiting for locator('input[name="email"]')


       5 |     // Login before each test
       6 |     await page.goto('/login');
    >  7 |     await page.fill('input[name="email"]', 'test@example.com');
         |                ^
       8 |     await page.fill('input[name="password"]', 'TestPassword123!');
       9 |     await page.click('button[type="submit"]');
      10 |     await expect(page).toHaveURL(/dashboard/);
        at /Users/asithalakmal/Documents/web/final project/WeddingLK-next copy/tests/06-booking.spec.ts:7:16

    attachment #1: screenshot (image/png) ──────────────────────────────────────────────────────────
    ../test-results/06-booking-Booking-System-Tests-should-create-venue-booking-Mobile-Chrome/test-failed-1.png
    ────────────────────────────────────────────────────────────────────────────────────────────────

    attachment #2: video (video/webm) ──────────────────────────────────────────────────────────────
    ../test-results/06-booking-Booking-System-Tests-should-create-venue-booking-Mobile-Chrome/video.webm
    ────────────────────────────────────────────────────────────────────────────────────────────────

    Error Context: ../test-results/06-booking-Booking-System-Tests-should-create-venue-booking-Mobile-Chrome/error-context.md
]]>
</failure>
<system-out>
<![CDATA[
[[ATTACHMENT|test-results/06-booking-Booking-System-Tests-should-create-venue-booking-Mobile-Chrome/test-failed-1.png]]

[[ATTACHMENT|test-results/06-booking-Booking-System-Tests-should-create-venue-booking-Mobile-Chrome/video.webm]]

[[ATTACHMENT|test-results/06-booking-Booking-System-Tests-should-create-venue-booking-Mobile-Chrome/error-context.md]]
]]>
</system-out>
</testcase>
<testcase name="Booking System Tests › should create vendor booking" classname="06-booking.spec.ts" time="33.314">
<failure message="06-booking.spec.ts:40:7 should create vendor booking" type="FAILURE">
<![CDATA[  [Mobile Chrome] › 06-booking.spec.ts:40:7 › Booking System Tests › should create vendor booking ──

    Test timeout of 30000ms exceeded while running "beforeEach" hook.

      2 |
      3 | test.describe('Booking System Tests', () => {
    > 4 |   test.beforeEach(async ({ page }) => {
        |        ^
      5 |     // Login before each test
      6 |     await page.goto('/login');
      7 |     await page.fill('input[name="email"]', 'test@example.com');
        at /Users/asithalakmal/Documents/web/final project/WeddingLK-next copy/tests/06-booking.spec.ts:4:8

    Error: page.fill: Test timeout of 30000ms exceeded.
    Call log:
      - waiting for locator('input[name="email"]')


       5 |     // Login before each test
       6 |     await page.goto('/login');
    >  7 |     await page.fill('input[name="email"]', 'test@example.com');
         |                ^
       8 |     await page.fill('input[name="password"]', 'TestPassword123!');
       9 |     await page.click('button[type="submit"]');
      10 |     await expect(page).toHaveURL(/dashboard/);
        at /Users/asithalakmal/Documents/web/final project/WeddingLK-next copy/tests/06-booking.spec.ts:7:16

    attachment #1: screenshot (image/png) ──────────────────────────────────────────────────────────
    ../test-results/06-booking-Booking-System-Tests-should-create-vendor-booking-Mobile-Chrome/test-failed-1.png
    ────────────────────────────────────────────────────────────────────────────────────────────────

    attachment #2: video (video/webm) ──────────────────────────────────────────────────────────────
    ../test-results/06-booking-Booking-System-Tests-should-create-vendor-booking-Mobile-Chrome/video.webm
    ────────────────────────────────────────────────────────────────────────────────────────────────

    Error Context: ../test-results/06-booking-Booking-System-Tests-should-create-vendor-booking-Mobile-Chrome/error-context.md
]]>
</failure>
<system-out>
<![CDATA[
[[ATTACHMENT|test-results/06-booking-Booking-System-Tests-should-create-vendor-booking-Mobile-Chrome/test-failed-1.png]]

[[ATTACHMENT|test-results/06-booking-Booking-System-Tests-should-create-vendor-booking-Mobile-Chrome/video.webm]]

[[ATTACHMENT|test-results/06-booking-Booking-System-Tests-should-create-vendor-booking-Mobile-Chrome/error-context.md]]
]]>
</system-out>
</testcase>
<testcase name="Booking System Tests › should view booking details" classname="06-booking.spec.ts" time="33.063">
<failure message="06-booking.spec.ts:65:7 should view booking details" type="FAILURE">
<![CDATA[  [Mobile Chrome] › 06-booking.spec.ts:65:7 › Booking System Tests › should view booking details ───

    Test timeout of 30000ms exceeded while running "beforeEach" hook.

      2 |
      3 | test.describe('Booking System Tests', () => {
    > 4 |   test.beforeEach(async ({ page }) => {
        |        ^
      5 |     // Login before each test
      6 |     await page.goto('/login');
      7 |     await page.fill('input[name="email"]', 'test@example.com');
        at /Users/asithalakmal/Documents/web/final project/WeddingLK-next copy/tests/06-booking.spec.ts:4:8

    Error: page.fill: Test timeout of 30000ms exceeded.
    Call log:
      - waiting for locator('input[name="email"]')


       5 |     // Login before each test
       6 |     await page.goto('/login');
    >  7 |     await page.fill('input[name="email"]', 'test@example.com');
         |                ^
       8 |     await page.fill('input[name="password"]', 'TestPassword123!');
       9 |     await page.click('button[type="submit"]');
      10 |     await expect(page).toHaveURL(/dashboard/);
        at /Users/asithalakmal/Documents/web/final project/WeddingLK-next copy/tests/06-booking.spec.ts:7:16

    attachment #1: screenshot (image/png) ──────────────────────────────────────────────────────────
    ../test-results/06-booking-Booking-System-Tests-should-view-booking-details-Mobile-Chrome/test-failed-1.png
    ────────────────────────────────────────────────────────────────────────────────────────────────

    attachment #2: video (video/webm) ──────────────────────────────────────────────────────────────
    ../test-results/06-booking-Booking-System-Tests-should-view-booking-details-Mobile-Chrome/video.webm
    ────────────────────────────────────────────────────────────────────────────────────────────────

    Error Context: ../test-results/06-booking-Booking-System-Tests-should-view-booking-details-Mobile-Chrome/error-context.md
]]>
</failure>
<system-out>
<![CDATA[
[[ATTACHMENT|test-results/06-booking-Booking-System-Tests-should-view-booking-details-Mobile-Chrome/test-failed-1.png]]

[[ATTACHMENT|test-results/06-booking-Booking-System-Tests-should-view-booking-details-Mobile-Chrome/video.webm]]

[[ATTACHMENT|test-results/06-booking-Booking-System-Tests-should-view-booking-details-Mobile-Chrome/error-context.md]]
]]>
</system-out>
</testcase>
<testcase name="Booking System Tests › should modify booking" classname="06-booking.spec.ts" time="33.28">
<failure message="06-booking.spec.ts:96:7 should modify booking" type="FAILURE">
<![CDATA[  [Mobile Chrome] › 06-booking.spec.ts:96:7 › Booking System Tests › should modify booking ─────────

    Test timeout of 30000ms exceeded while running "beforeEach" hook.

      2 |
      3 | test.describe('Booking System Tests', () => {
    > 4 |   test.beforeEach(async ({ page }) => {
        |        ^
      5 |     // Login before each test
      6 |     await page.goto('/login');
      7 |     await page.fill('input[name="email"]', 'test@example.com');
        at /Users/asithalakmal/Documents/web/final project/WeddingLK-next copy/tests/06-booking.spec.ts:4:8

    Error: page.fill: Test timeout of 30000ms exceeded.
    Call log:
      - waiting for locator('input[name="email"]')


       5 |     // Login before each test
       6 |     await page.goto('/login');
    >  7 |     await page.fill('input[name="email"]', 'test@example.com');
         |                ^
       8 |     await page.fill('input[name="password"]', 'TestPassword123!');
       9 |     await page.click('button[type="submit"]');
      10 |     await expect(page).toHaveURL(/dashboard/);
        at /Users/asithalakmal/Documents/web/final project/WeddingLK-next copy/tests/06-booking.spec.ts:7:16

    attachment #1: screenshot (image/png) ──────────────────────────────────────────────────────────
    ../test-results/06-booking-Booking-System-Tests-should-modify-booking-Mobile-Chrome/test-failed-1.png
    ────────────────────────────────────────────────────────────────────────────────────────────────

    attachment #2: video (video/webm) ──────────────────────────────────────────────────────────────
    ../test-results/06-booking-Booking-System-Tests-should-modify-booking-Mobile-Chrome/video.webm
    ────────────────────────────────────────────────────────────────────────────────────────────────

    Error Context: ../test-results/06-booking-Booking-System-Tests-should-modify-booking-Mobile-Chrome/error-context.md
]]>
</failure>
<system-out>
<![CDATA[
[[ATTACHMENT|test-results/06-booking-Booking-System-Tests-should-modify-booking-Mobile-Chrome/test-failed-1.png]]

[[ATTACHMENT|test-results/06-booking-Booking-System-Tests-should-modify-booking-Mobile-Chrome/video.webm]]

[[ATTACHMENT|test-results/06-booking-Booking-System-Tests-should-modify-booking-Mobile-Chrome/error-context.md]]
]]>
</system-out>
</testcase>
<testcase name="Booking System Tests › should cancel booking" classname="06-booking.spec.ts" time="34.349">
<failure message="06-booking.spec.ts:119:7 should cancel booking" type="FAILURE">
<![CDATA[  [Mobile Chrome] › 06-booking.spec.ts:119:7 › Booking System Tests › should cancel booking ────────

    Test timeout of 30000ms exceeded while running "beforeEach" hook.

      2 |
      3 | test.describe('Booking System Tests', () => {
    > 4 |   test.beforeEach(async ({ page }) => {
        |        ^
      5 |     // Login before each test
      6 |     await page.goto('/login');
      7 |     await page.fill('input[name="email"]', 'test@example.com');
        at /Users/asithalakmal/Documents/web/final project/WeddingLK-next copy/tests/06-booking.spec.ts:4:8

    Error: page.fill: Test timeout of 30000ms exceeded.
    Call log:
      - waiting for locator('input[name="email"]')


       5 |     // Login before each test
       6 |     await page.goto('/login');
    >  7 |     await page.fill('input[name="email"]', 'test@example.com');
         |                ^
       8 |     await page.fill('input[name="password"]', 'TestPassword123!');
       9 |     await page.click('button[type="submit"]');
      10 |     await expect(page).toHaveURL(/dashboard/);
        at /Users/asithalakmal/Documents/web/final project/WeddingLK-next copy/tests/06-booking.spec.ts:7:16

    attachment #1: screenshot (image/png) ──────────────────────────────────────────────────────────
    ../test-results/06-booking-Booking-System-Tests-should-cancel-booking-Mobile-Chrome/test-failed-1.png
    ────────────────────────────────────────────────────────────────────────────────────────────────

    attachment #2: video (video/webm) ──────────────────────────────────────────────────────────────
    ../test-results/06-booking-Booking-System-Tests-should-cancel-booking-Mobile-Chrome/video.webm
    ────────────────────────────────────────────────────────────────────────────────────────────────

    Error Context: ../test-results/06-booking-Booking-System-Tests-should-cancel-booking-Mobile-Chrome/error-context.md
]]>
</failure>
<system-out>
<![CDATA[
[[ATTACHMENT|test-results/06-booking-Booking-System-Tests-should-cancel-booking-Mobile-Chrome/test-failed-1.png]]

[[ATTACHMENT|test-results/06-booking-Booking-System-Tests-should-cancel-booking-Mobile-Chrome/video.webm]]

[[ATTACHMENT|test-results/06-booking-Booking-System-Tests-should-cancel-booking-Mobile-Chrome/error-context.md]]
]]>
</system-out>
</testcase>
<testcase name="Booking System Tests › should reschedule booking" classname="06-booking.spec.ts" time="33.52">
<failure message="06-booking.spec.ts:138:7 should reschedule booking" type="FAILURE">
<![CDATA[  [Mobile Chrome] › 06-booking.spec.ts:138:7 › Booking System Tests › should reschedule booking ────

    Test timeout of 30000ms exceeded while running "beforeEach" hook.

      2 |
      3 | test.describe('Booking System Tests', () => {
    > 4 |   test.beforeEach(async ({ page }) => {
        |        ^
      5 |     // Login before each test
      6 |     await page.goto('/login');
      7 |     await page.fill('input[name="email"]', 'test@example.com');
        at /Users/asithalakmal/Documents/web/final project/WeddingLK-next copy/tests/06-booking.spec.ts:4:8

    Error: page.fill: Test timeout of 30000ms exceeded.
    Call log:
      - waiting for locator('input[name="email"]')


       5 |     // Login before each test
       6 |     await page.goto('/login');
    >  7 |     await page.fill('input[name="email"]', 'test@example.com');
         |                ^
       8 |     await page.fill('input[name="password"]', 'TestPassword123!');
       9 |     await page.click('button[type="submit"]');
      10 |     await expect(page).toHaveURL(/dashboard/);
        at /Users/asithalakmal/Documents/web/final project/WeddingLK-next copy/tests/06-booking.spec.ts:7:16

    attachment #1: screenshot (image/png) ──────────────────────────────────────────────────────────
    ../test-results/06-booking-Booking-System-Tests-should-reschedule-booking-Mobile-Chrome/test-failed-1.png
    ────────────────────────────────────────────────────────────────────────────────────────────────

    attachment #2: video (video/webm) ──────────────────────────────────────────────────────────────
    ../test-results/06-booking-Booking-System-Tests-should-reschedule-booking-Mobile-Chrome/video.webm
    ────────────────────────────────────────────────────────────────────────────────────────────────

    Error Context: ../test-results/06-booking-Booking-System-Tests-should-reschedule-booking-Mobile-Chrome/error-context.md
]]>
</failure>
<system-out>
<![CDATA[
[[ATTACHMENT|test-results/06-booking-Booking-System-Tests-should-reschedule-booking-Mobile-Chrome/test-failed-1.png]]

[[ATTACHMENT|test-results/06-booking-Booking-System-Tests-should-reschedule-booking-Mobile-Chrome/video.webm]]

[[ATTACHMENT|test-results/06-booking-Booking-System-Tests-should-reschedule-booking-Mobile-Chrome/error-context.md]]
]]>
</system-out>
</testcase>
<testcase name="Booking System Tests › should process payment for booking" classname="06-booking.spec.ts" time="33.026">
<failure message="06-booking.spec.ts:160:7 should process payment for booking" type="FAILURE">
<![CDATA[  [Mobile Chrome] › 06-booking.spec.ts:160:7 › Booking System Tests › should process payment for booking 

    Test timeout of 30000ms exceeded while running "beforeEach" hook.

      2 |
      3 | test.describe('Booking System Tests', () => {
    > 4 |   test.beforeEach(async ({ page }) => {
        |        ^
      5 |     // Login before each test
      6 |     await page.goto('/login');
      7 |     await page.fill('input[name="email"]', 'test@example.com');
        at /Users/asithalakmal/Documents/web/final project/WeddingLK-next copy/tests/06-booking.spec.ts:4:8

    Error: page.fill: Test timeout of 30000ms exceeded.
    Call log:
      - waiting for locator('input[name="email"]')


       5 |     // Login before each test
       6 |     await page.goto('/login');
    >  7 |     await page.fill('input[name="email"]', 'test@example.com');
         |                ^
       8 |     await page.fill('input[name="password"]', 'TestPassword123!');
       9 |     await page.click('button[type="submit"]');
      10 |     await expect(page).toHaveURL(/dashboard/);
        at /Users/asithalakmal/Documents/web/final project/WeddingLK-next copy/tests/06-booking.spec.ts:7:16

    attachment #1: screenshot (image/png) ──────────────────────────────────────────────────────────
    ../test-results/06-booking-Booking-System--dc117-process-payment-for-booking-Mobile-Chrome/test-failed-1.png
    ────────────────────────────────────────────────────────────────────────────────────────────────

    attachment #2: video (video/webm) ──────────────────────────────────────────────────────────────
    ../test-results/06-booking-Booking-System--dc117-process-payment-for-booking-Mobile-Chrome/video.webm
    ────────────────────────────────────────────────────────────────────────────────────────────────

    Error Context: ../test-results/06-booking-Booking-System--dc117-process-payment-for-booking-Mobile-Chrome/error-context.md
]]>
</failure>
<system-out>
<![CDATA[
[[ATTACHMENT|test-results/06-booking-Booking-System--dc117-process-payment-for-booking-Mobile-Chrome/test-failed-1.png]]

[[ATTACHMENT|test-results/06-booking-Booking-System--dc117-process-payment-for-booking-Mobile-Chrome/video.webm]]

[[ATTACHMENT|test-results/06-booking-Booking-System--dc117-process-payment-for-booking-Mobile-Chrome/error-context.md]]
]]>
</system-out>
</testcase>
<testcase name="Booking System Tests › should view booking calendar" classname="06-booking.spec.ts" time="33.348">
<failure message="06-booking.spec.ts:191:7 should view booking calendar" type="FAILURE">
<![CDATA[  [Mobile Chrome] › 06-booking.spec.ts:191:7 › Booking System Tests › should view booking calendar ─

    Test timeout of 30000ms exceeded while running "beforeEach" hook.

      2 |
      3 | test.describe('Booking System Tests', () => {
    > 4 |   test.beforeEach(async ({ page }) => {
        |        ^
      5 |     // Login before each test
      6 |     await page.goto('/login');
      7 |     await page.fill('input[name="email"]', 'test@example.com');
        at /Users/asithalakmal/Documents/web/final project/WeddingLK-next copy/tests/06-booking.spec.ts:4:8

    Error: page.fill: Test timeout of 30000ms exceeded.
    Call log:
      - waiting for locator('input[name="email"]')


       5 |     // Login before each test
       6 |     await page.goto('/login');
    >  7 |     await page.fill('input[name="email"]', 'test@example.com');
         |                ^
       8 |     await page.fill('input[name="password"]', 'TestPassword123!');
       9 |     await page.click('button[type="submit"]');
      10 |     await expect(page).toHaveURL(/dashboard/);
        at /Users/asithalakmal/Documents/web/final project/WeddingLK-next copy/tests/06-booking.spec.ts:7:16

    attachment #1: screenshot (image/png) ──────────────────────────────────────────────────────────
    ../test-results/06-booking-Booking-System-Tests-should-view-booking-calendar-Mobile-Chrome/test-failed-1.png
    ────────────────────────────────────────────────────────────────────────────────────────────────

    attachment #2: video (video/webm) ──────────────────────────────────────────────────────────────
    ../test-results/06-booking-Booking-System-Tests-should-view-booking-calendar-Mobile-Chrome/video.webm
    ────────────────────────────────────────────────────────────────────────────────────────────────

    Error Context: ../test-results/06-booking-Booking-System-Tests-should-view-booking-calendar-Mobile-Chrome/error-context.md
]]>
</failure>
<system-out>
<![CDATA[
[[ATTACHMENT|test-results/06-booking-Booking-System-Tests-should-view-booking-calendar-Mobile-Chrome/test-failed-1.png]]

[[ATTACHMENT|test-results/06-booking-Booking-System-Tests-should-view-booking-calendar-Mobile-Chrome/video.webm]]

[[ATTACHMENT|test-results/06-booking-Booking-System-Tests-should-view-booking-calendar-Mobile-Chrome/error-context.md]]
]]>
</system-out>
</testcase>
<testcase name="Booking System Tests › should filter bookings by status" classname="06-booking.spec.ts" time="33.068">
<failure message="06-booking.spec.ts:205:7 should filter bookings by status" type="FAILURE">
<![CDATA[  [Mobile Chrome] › 06-booking.spec.ts:205:7 › Booking System Tests › should filter bookings by status 

    Test timeout of 30000ms exceeded while running "beforeEach" hook.

      2 |
      3 | test.describe('Booking System Tests', () => {
    > 4 |   test.beforeEach(async ({ page }) => {
        |        ^
      5 |     // Login before each test
      6 |     await page.goto('/login');
      7 |     await page.fill('input[name="email"]', 'test@example.com');
        at /Users/asithalakmal/Documents/web/final project/WeddingLK-next copy/tests/06-booking.spec.ts:4:8

    Error: page.fill: Test timeout of 30000ms exceeded.
    Call log:
      - waiting for locator('input[name="email"]')


       5 |     // Login before each test
       6 |     await page.goto('/login');
    >  7 |     await page.fill('input[name="email"]', 'test@example.com');
         |                ^
       8 |     await page.fill('input[name="password"]', 'TestPassword123!');
       9 |     await page.click('button[type="submit"]');
      10 |     await expect(page).toHaveURL(/dashboard/);
        at /Users/asithalakmal/Documents/web/final project/WeddingLK-next copy/tests/06-booking.spec.ts:7:16

    attachment #1: screenshot (image/png) ──────────────────────────────────────────────────────────
    ../test-results/06-booking-Booking-System--d2cb3-d-filter-bookings-by-status-Mobile-Chrome/test-failed-1.png
    ────────────────────────────────────────────────────────────────────────────────────────────────

    attachment #2: video (video/webm) ──────────────────────────────────────────────────────────────
    ../test-results/06-booking-Booking-System--d2cb3-d-filter-bookings-by-status-Mobile-Chrome/video.webm
    ────────────────────────────────────────────────────────────────────────────────────────────────

    Error Context: ../test-results/06-booking-Booking-System--d2cb3-d-filter-bookings-by-status-Mobile-Chrome/error-context.md
]]>
</failure>
<system-out>
<![CDATA[
[[ATTACHMENT|test-results/06-booking-Booking-System--d2cb3-d-filter-bookings-by-status-Mobile-Chrome/test-failed-1.png]]

[[ATTACHMENT|test-results/06-booking-Booking-System--d2cb3-d-filter-bookings-by-status-Mobile-Chrome/video.webm]]

[[ATTACHMENT|test-results/06-booking-Booking-System--d2cb3-d-filter-bookings-by-status-Mobile-Chrome/error-context.md]]
]]>
</system-out>
</testcase>
<testcase name="Booking System Tests › should search bookings" classname="06-booking.spec.ts" time="33.607">
<failure message="06-booking.spec.ts:222:7 should search bookings" type="FAILURE">
<![CDATA[  [Mobile Chrome] › 06-booking.spec.ts:222:7 › Booking System Tests › should search bookings ───────

    Test timeout of 30000ms exceeded while running "beforeEach" hook.

      2 |
      3 | test.describe('Booking System Tests', () => {
    > 4 |   test.beforeEach(async ({ page }) => {
        |        ^
      5 |     // Login before each test
      6 |     await page.goto('/login');
      7 |     await page.fill('input[name="email"]', 'test@example.com');
        at /Users/asithalakmal/Documents/web/final project/WeddingLK-next copy/tests/06-booking.spec.ts:4:8

    Error: page.fill: Test timeout of 30000ms exceeded.
    Call log:
      - waiting for locator('input[name="email"]')


       5 |     // Login before each test
       6 |     await page.goto('/login');
    >  7 |     await page.fill('input[name="email"]', 'test@example.com');
         |                ^
       8 |     await page.fill('input[name="password"]', 'TestPassword123!');
       9 |     await page.click('button[type="submit"]');
      10 |     await expect(page).toHaveURL(/dashboard/);
        at /Users/asithalakmal/Documents/web/final project/WeddingLK-next copy/tests/06-booking.spec.ts:7:16

    attachment #1: screenshot (image/png) ──────────────────────────────────────────────────────────
    ../test-results/06-booking-Booking-System-Tests-should-search-bookings-Mobile-Chrome/test-failed-1.png
    ────────────────────────────────────────────────────────────────────────────────────────────────

    attachment #2: video (video/webm) ──────────────────────────────────────────────────────────────
    ../test-results/06-booking-Booking-System-Tests-should-search-bookings-Mobile-Chrome/video.webm
    ────────────────────────────────────────────────────────────────────────────────────────────────

    Error Context: ../test-results/06-booking-Booking-System-Tests-should-search-bookings-Mobile-Chrome/error-context.md
]]>
</failure>
<system-out>
<![CDATA[
[[ATTACHMENT|test-results/06-booking-Booking-System-Tests-should-search-bookings-Mobile-Chrome/test-failed-1.png]]

[[ATTACHMENT|test-results/06-booking-Booking-System-Tests-should-search-bookings-Mobile-Chrome/video.webm]]

[[ATTACHMENT|test-results/06-booking-Booking-System-Tests-should-search-bookings-Mobile-Chrome/error-context.md]]
]]>
</system-out>
</testcase>
<testcase name="Booking System Tests › should export booking details" classname="06-booking.spec.ts" time="32.739">
<failure message="06-booking.spec.ts:240:7 should export booking details" type="FAILURE">
<![CDATA[  [Mobile Chrome] › 06-booking.spec.ts:240:7 › Booking System Tests › should export booking details 

    Test timeout of 30000ms exceeded while running "beforeEach" hook.

      2 |
      3 | test.describe('Booking System Tests', () => {
    > 4 |   test.beforeEach(async ({ page }) => {
        |        ^
      5 |     // Login before each test
      6 |     await page.goto('/login');
      7 |     await page.fill('input[name="email"]', 'test@example.com');
        at /Users/asithalakmal/Documents/web/final project/WeddingLK-next copy/tests/06-booking.spec.ts:4:8

    Error: page.fill: Test timeout of 30000ms exceeded.
    Call log:
      - waiting for locator('input[name="email"]')


       5 |     // Login before each test
       6 |     await page.goto('/login');
    >  7 |     await page.fill('input[name="email"]', 'test@example.com');
         |                ^
       8 |     await page.fill('input[name="password"]', 'TestPassword123!');
       9 |     await page.click('button[type="submit"]');
      10 |     await expect(page).toHaveURL(/dashboard/);
        at /Users/asithalakmal/Documents/web/final project/WeddingLK-next copy/tests/06-booking.spec.ts:7:16

    attachment #1: screenshot (image/png) ──────────────────────────────────────────────────────────
    ../test-results/06-booking-Booking-System--ec26e-ould-export-booking-details-Mobile-Chrome/test-failed-1.png
    ────────────────────────────────────────────────────────────────────────────────────────────────

    attachment #2: video (video/webm) ──────────────────────────────────────────────────────────────
    ../test-results/06-booking-Booking-System--ec26e-ould-export-booking-details-Mobile-Chrome/video.webm
    ────────────────────────────────────────────────────────────────────────────────────────────────

    Error Context: ../test-results/06-booking-Booking-System--ec26e-ould-export-booking-details-Mobile-Chrome/error-context.md
]]>
</failure>
<system-out>
<![CDATA[
[[ATTACHMENT|test-results/06-booking-Booking-System--ec26e-ould-export-booking-details-Mobile-Chrome/test-failed-1.png]]

[[ATTACHMENT|test-results/06-booking-Booking-System--ec26e-ould-export-booking-details-Mobile-Chrome/video.webm]]

[[ATTACHMENT|test-results/06-booking-Booking-System--ec26e-ould-export-booking-details-Mobile-Chrome/error-context.md]]
]]>
</system-out>
</testcase>
<testcase name="Booking System Tests › should send booking reminder" classname="06-booking.spec.ts" time="33.595">
<failure message="06-booking.spec.ts:255:7 should send booking reminder" type="FAILURE">
<![CDATA[  [Mobile Chrome] › 06-booking.spec.ts:255:7 › Booking System Tests › should send booking reminder ─

    Test timeout of 30000ms exceeded while running "beforeEach" hook.

      2 |
      3 | test.describe('Booking System Tests', () => {
    > 4 |   test.beforeEach(async ({ page }) => {
        |        ^
      5 |     // Login before each test
      6 |     await page.goto('/login');
      7 |     await page.fill('input[name="email"]', 'test@example.com');
        at /Users/asithalakmal/Documents/web/final project/WeddingLK-next copy/tests/06-booking.spec.ts:4:8

    Error: page.fill: Test timeout of 30000ms exceeded.
    Call log:
      - waiting for locator('input[name="email"]')


       5 |     // Login before each test
       6 |     await page.goto('/login');
    >  7 |     await page.fill('input[name="email"]', 'test@example.com');
         |                ^
       8 |     await page.fill('input[name="password"]', 'TestPassword123!');
       9 |     await page.click('button[type="submit"]');
      10 |     await expect(page).toHaveURL(/dashboard/);
        at /Users/asithalakmal/Documents/web/final project/WeddingLK-next copy/tests/06-booking.spec.ts:7:16

    attachment #1: screenshot (image/png) ──────────────────────────────────────────────────────────
    ../test-results/06-booking-Booking-System-Tests-should-send-booking-reminder-Mobile-Chrome/test-failed-1.png
    ────────────────────────────────────────────────────────────────────────────────────────────────

    attachment #2: video (video/webm) ──────────────────────────────────────────────────────────────
    ../test-results/06-booking-Booking-System-Tests-should-send-booking-reminder-Mobile-Chrome/video.webm
    ────────────────────────────────────────────────────────────────────────────────────────────────

    Error Context: ../test-results/06-booking-Booking-System-Tests-should-send-booking-reminder-Mobile-Chrome/error-context.md
]]>
</failure>
<system-out>
<![CDATA[
[[ATTACHMENT|test-results/06-booking-Booking-System-Tests-should-send-booking-reminder-Mobile-Chrome/test-failed-1.png]]

[[ATTACHMENT|test-results/06-booking-Booking-System-Tests-should-send-booking-reminder-Mobile-Chrome/video.webm]]

[[ATTACHMENT|test-results/06-booking-Booking-System-Tests-should-send-booking-reminder-Mobile-Chrome/error-context.md]]
]]>
</system-out>
</testcase>
</testsuite>
<testsuite name="07-payments.spec.ts" timestamp="2025-10-20T22:56:09.042Z" hostname="Mobile Chrome" tests="13" failures="13" skipped="0" time="436.168" errors="0">
<testcase name="Payment System Tests › should process Stripe payment" classname="07-payments.spec.ts" time="33.433">
<failure message="07-payments.spec.ts:13:7 should process Stripe payment" type="FAILURE">
<![CDATA[  [Mobile Chrome] › 07-payments.spec.ts:13:7 › Payment System Tests › should process Stripe payment 

    Test timeout of 30000ms exceeded while running "beforeEach" hook.

      2 |
      3 | test.describe('Payment System Tests', () => {
    > 4 |   test.beforeEach(async ({ page }) => {
        |        ^
      5 |     // Login before each test
      6 |     await page.goto('/login');
      7 |     await page.fill('input[name="email"]', 'test@example.com');
        at /Users/asithalakmal/Documents/web/final project/WeddingLK-next copy/tests/07-payments.spec.ts:4:8

    Error: page.fill: Test timeout of 30000ms exceeded.
    Call log:
      - waiting for locator('input[name="email"]')


       5 |     // Login before each test
       6 |     await page.goto('/login');
    >  7 |     await page.fill('input[name="email"]', 'test@example.com');
         |                ^
       8 |     await page.fill('input[name="password"]', 'TestPassword123!');
       9 |     await page.click('button[type="submit"]');
      10 |     await expect(page).toHaveURL(/dashboard/);
        at /Users/asithalakmal/Documents/web/final project/WeddingLK-next copy/tests/07-payments.spec.ts:7:16

    attachment #1: screenshot (image/png) ──────────────────────────────────────────────────────────
    ../test-results/07-payments-Payment-System-f7d21-ould-process-Stripe-payment-Mobile-Chrome/test-failed-1.png
    ────────────────────────────────────────────────────────────────────────────────────────────────

    attachment #2: video (video/webm) ──────────────────────────────────────────────────────────────
    ../test-results/07-payments-Payment-System-f7d21-ould-process-Stripe-payment-Mobile-Chrome/video.webm
    ────────────────────────────────────────────────────────────────────────────────────────────────

    Error Context: ../test-results/07-payments-Payment-System-f7d21-ould-process-Stripe-payment-Mobile-Chrome/error-context.md
]]>
</failure>
<system-out>
<![CDATA[
[[ATTACHMENT|test-results/07-payments-Payment-System-f7d21-ould-process-Stripe-payment-Mobile-Chrome/test-failed-1.png]]

[[ATTACHMENT|test-results/07-payments-Payment-System-f7d21-ould-process-Stripe-payment-Mobile-Chrome/video.webm]]

[[ATTACHMENT|test-results/07-payments-Payment-System-f7d21-ould-process-Stripe-payment-Mobile-Chrome/error-context.md]]
]]>
</system-out>
</testcase>
<testcase name="Payment System Tests › should handle payment failure" classname="07-payments.spec.ts" time="33.766">
<failure message="07-payments.spec.ts:30:7 should handle payment failure" type="FAILURE">
<![CDATA[  [Mobile Chrome] › 07-payments.spec.ts:30:7 › Payment System Tests › should handle payment failure 

    Test timeout of 30000ms exceeded while running "beforeEach" hook.

      2 |
      3 | test.describe('Payment System Tests', () => {
    > 4 |   test.beforeEach(async ({ page }) => {
        |        ^
      5 |     // Login before each test
      6 |     await page.goto('/login');
      7 |     await page.fill('input[name="email"]', 'test@example.com');
        at /Users/asithalakmal/Documents/web/final project/WeddingLK-next copy/tests/07-payments.spec.ts:4:8

    Error: page.fill: Test timeout of 30000ms exceeded.
    Call log:
      - waiting for locator('input[name="email"]')


       5 |     // Login before each test
       6 |     await page.goto('/login');
    >  7 |     await page.fill('input[name="email"]', 'test@example.com');
         |                ^
       8 |     await page.fill('input[name="password"]', 'TestPassword123!');
       9 |     await page.click('button[type="submit"]');
      10 |     await expect(page).toHaveURL(/dashboard/);
        at /Users/asithalakmal/Documents/web/final project/WeddingLK-next copy/tests/07-payments.spec.ts:7:16

    attachment #1: screenshot (image/png) ──────────────────────────────────────────────────────────
    ../test-results/07-payments-Payment-System-0f22a-ould-handle-payment-failure-Mobile-Chrome/test-failed-1.png
    ────────────────────────────────────────────────────────────────────────────────────────────────

    attachment #2: video (video/webm) ──────────────────────────────────────────────────────────────
    ../test-results/07-payments-Payment-System-0f22a-ould-handle-payment-failure-Mobile-Chrome/video.webm
    ────────────────────────────────────────────────────────────────────────────────────────────────

    Error Context: ../test-results/07-payments-Payment-System-0f22a-ould-handle-payment-failure-Mobile-Chrome/error-context.md
]]>
</failure>
<system-out>
<![CDATA[
[[ATTACHMENT|test-results/07-payments-Payment-System-0f22a-ould-handle-payment-failure-Mobile-Chrome/test-failed-1.png]]

[[ATTACHMENT|test-results/07-payments-Payment-System-0f22a-ould-handle-payment-failure-Mobile-Chrome/video.webm]]

[[ATTACHMENT|test-results/07-payments-Payment-System-0f22a-ould-handle-payment-failure-Mobile-Chrome/error-context.md]]
]]>
</system-out>
</testcase>
<testcase name="Payment System Tests › should save payment method" classname="07-payments.spec.ts" time="33.617">
<failure message="07-payments.spec.ts:46:7 should save payment method" type="FAILURE">
<![CDATA[  [Mobile Chrome] › 07-payments.spec.ts:46:7 › Payment System Tests › should save payment method ───

    Test timeout of 30000ms exceeded while running "beforeEach" hook.

      2 |
      3 | test.describe('Payment System Tests', () => {
    > 4 |   test.beforeEach(async ({ page }) => {
        |        ^
      5 |     // Login before each test
      6 |     await page.goto('/login');
      7 |     await page.fill('input[name="email"]', 'test@example.com');
        at /Users/asithalakmal/Documents/web/final project/WeddingLK-next copy/tests/07-payments.spec.ts:4:8

    Error: page.fill: Test timeout of 30000ms exceeded.
    Call log:
      - waiting for locator('input[name="email"]')


       5 |     // Login before each test
       6 |     await page.goto('/login');
    >  7 |     await page.fill('input[name="email"]', 'test@example.com');
         |                ^
       8 |     await page.fill('input[name="password"]', 'TestPassword123!');
       9 |     await page.click('button[type="submit"]');
      10 |     await expect(page).toHaveURL(/dashboard/);
        at /Users/asithalakmal/Documents/web/final project/WeddingLK-next copy/tests/07-payments.spec.ts:7:16

    attachment #1: screenshot (image/png) ──────────────────────────────────────────────────────────
    ../test-results/07-payments-Payment-System-Tests-should-save-payment-method-Mobile-Chrome/test-failed-1.png
    ────────────────────────────────────────────────────────────────────────────────────────────────

    attachment #2: video (video/webm) ──────────────────────────────────────────────────────────────
    ../test-results/07-payments-Payment-System-Tests-should-save-payment-method-Mobile-Chrome/video.webm
    ────────────────────────────────────────────────────────────────────────────────────────────────

    Error Context: ../test-results/07-payments-Payment-System-Tests-should-save-payment-method-Mobile-Chrome/error-context.md
]]>
</failure>
<system-out>
<![CDATA[
[[ATTACHMENT|test-results/07-payments-Payment-System-Tests-should-save-payment-method-Mobile-Chrome/test-failed-1.png]]

[[ATTACHMENT|test-results/07-payments-Payment-System-Tests-should-save-payment-method-Mobile-Chrome/video.webm]]

[[ATTACHMENT|test-results/07-payments-Payment-System-Tests-should-save-payment-method-Mobile-Chrome/error-context.md]]
]]>
</system-out>
</testcase>
<testcase name="Payment System Tests › should view payment history" classname="07-payments.spec.ts" time="34.169">
<failure message="07-payments.spec.ts:68:7 should view payment history" type="FAILURE">
<![CDATA[  [Mobile Chrome] › 07-payments.spec.ts:68:7 › Payment System Tests › should view payment history ──

    Test timeout of 30000ms exceeded while running "beforeEach" hook.

      2 |
      3 | test.describe('Payment System Tests', () => {
    > 4 |   test.beforeEach(async ({ page }) => {
        |        ^
      5 |     // Login before each test
      6 |     await page.goto('/login');
      7 |     await page.fill('input[name="email"]', 'test@example.com');
        at /Users/asithalakmal/Documents/web/final project/WeddingLK-next copy/tests/07-payments.spec.ts:4:8

    Error: page.fill: Test timeout of 30000ms exceeded.
    Call log:
      - waiting for locator('input[name="email"]')


       5 |     // Login before each test
       6 |     await page.goto('/login');
    >  7 |     await page.fill('input[name="email"]', 'test@example.com');
         |                ^
       8 |     await page.fill('input[name="password"]', 'TestPassword123!');
       9 |     await page.click('button[type="submit"]');
      10 |     await expect(page).toHaveURL(/dashboard/);
        at /Users/asithalakmal/Documents/web/final project/WeddingLK-next copy/tests/07-payments.spec.ts:7:16

    attachment #1: screenshot (image/png) ──────────────────────────────────────────────────────────
    ../test-results/07-payments-Payment-System-Tests-should-view-payment-history-Mobile-Chrome/test-failed-1.png
    ────────────────────────────────────────────────────────────────────────────────────────────────

    attachment #2: video (video/webm) ──────────────────────────────────────────────────────────────
    ../test-results/07-payments-Payment-System-Tests-should-view-payment-history-Mobile-Chrome/video.webm
    ────────────────────────────────────────────────────────────────────────────────────────────────

    Error Context: ../test-results/07-payments-Payment-System-Tests-should-view-payment-history-Mobile-Chrome/error-context.md
]]>
</failure>
<system-out>
<![CDATA[
[[ATTACHMENT|test-results/07-payments-Payment-System-Tests-should-view-payment-history-Mobile-Chrome/test-failed-1.png]]

[[ATTACHMENT|test-results/07-payments-Payment-System-Tests-should-view-payment-history-Mobile-Chrome/video.webm]]

[[ATTACHMENT|test-results/07-payments-Payment-System-Tests-should-view-payment-history-Mobile-Chrome/error-context.md]]
]]>
</system-out>
</testcase>
<testcase name="Payment System Tests › should download payment receipt" classname="07-payments.spec.ts" time="32.133">
<failure message="07-payments.spec.ts:82:7 should download payment receipt" type="FAILURE">
<![CDATA[  [Mobile Chrome] › 07-payments.spec.ts:82:7 › Payment System Tests › should download payment receipt 

    Test timeout of 30000ms exceeded while running "beforeEach" hook.

      2 |
      3 | test.describe('Payment System Tests', () => {
    > 4 |   test.beforeEach(async ({ page }) => {
        |        ^
      5 |     // Login before each test
      6 |     await page.goto('/login');
      7 |     await page.fill('input[name="email"]', 'test@example.com');
        at /Users/asithalakmal/Documents/web/final project/WeddingLK-next copy/tests/07-payments.spec.ts:4:8

    Error: page.fill: Test timeout of 30000ms exceeded.
    Call log:
      - waiting for locator('input[name="email"]')


       5 |     // Login before each test
       6 |     await page.goto('/login');
    >  7 |     await page.fill('input[name="email"]', 'test@example.com');
         |                ^
       8 |     await page.fill('input[name="password"]', 'TestPassword123!');
       9 |     await page.click('button[type="submit"]');
      10 |     await expect(page).toHaveURL(/dashboard/);
        at /Users/asithalakmal/Documents/web/final project/WeddingLK-next copy/tests/07-payments.spec.ts:7:16

    attachment #1: screenshot (image/png) ──────────────────────────────────────────────────────────
    ../test-results/07-payments-Payment-System-c08df-ld-download-payment-receipt-Mobile-Chrome/test-failed-1.png
    ────────────────────────────────────────────────────────────────────────────────────────────────

    attachment #2: video (video/webm) ──────────────────────────────────────────────────────────────
    ../test-results/07-payments-Payment-System-c08df-ld-download-payment-receipt-Mobile-Chrome/video.webm
    ────────────────────────────────────────────────────────────────────────────────────────────────

    Error Context: ../test-results/07-payments-Payment-System-c08df-ld-download-payment-receipt-Mobile-Chrome/error-context.md
]]>
</failure>
<system-out>
<![CDATA[
[[ATTACHMENT|test-results/07-payments-Payment-System-c08df-ld-download-payment-receipt-Mobile-Chrome/test-failed-1.png]]

[[ATTACHMENT|test-results/07-payments-Payment-System-c08df-ld-download-payment-receipt-Mobile-Chrome/video.webm]]

[[ATTACHMENT|test-results/07-payments-Payment-System-c08df-ld-download-payment-receipt-Mobile-Chrome/error-context.md]]
]]>
</system-out>
</testcase>
<testcase name="Payment System Tests › should request refund" classname="07-payments.spec.ts" time="34.007">
<failure message="07-payments.spec.ts:97:7 should request refund" type="FAILURE">
<![CDATA[  [Mobile Chrome] › 07-payments.spec.ts:97:7 › Payment System Tests › should request refund ────────

    Test timeout of 30000ms exceeded while running "beforeEach" hook.

      2 |
      3 | test.describe('Payment System Tests', () => {
    > 4 |   test.beforeEach(async ({ page }) => {
        |        ^
      5 |     // Login before each test
      6 |     await page.goto('/login');
      7 |     await page.fill('input[name="email"]', 'test@example.com');
        at /Users/asithalakmal/Documents/web/final project/WeddingLK-next copy/tests/07-payments.spec.ts:4:8

    Error: page.fill: Test timeout of 30000ms exceeded.
    Call log:
      - waiting for locator('input[name="email"]')


       5 |     // Login before each test
       6 |     await page.goto('/login');
    >  7 |     await page.fill('input[name="email"]', 'test@example.com');
         |                ^
       8 |     await page.fill('input[name="password"]', 'TestPassword123!');
       9 |     await page.click('button[type="submit"]');
      10 |     await expect(page).toHaveURL(/dashboard/);
        at /Users/asithalakmal/Documents/web/final project/WeddingLK-next copy/tests/07-payments.spec.ts:7:16

    attachment #1: screenshot (image/png) ──────────────────────────────────────────────────────────
    ../test-results/07-payments-Payment-System-Tests-should-request-refund-Mobile-Chrome/test-failed-1.png
    ────────────────────────────────────────────────────────────────────────────────────────────────

    attachment #2: video (video/webm) ──────────────────────────────────────────────────────────────
    ../test-results/07-payments-Payment-System-Tests-should-request-refund-Mobile-Chrome/video.webm
    ────────────────────────────────────────────────────────────────────────────────────────────────

    Error Context: ../test-results/07-payments-Payment-System-Tests-should-request-refund-Mobile-Chrome/error-context.md
]]>
</failure>
<system-out>
<![CDATA[
[[ATTACHMENT|test-results/07-payments-Payment-System-Tests-should-request-refund-Mobile-Chrome/test-failed-1.png]]

[[ATTACHMENT|test-results/07-payments-Payment-System-Tests-should-request-refund-Mobile-Chrome/video.webm]]

[[ATTACHMENT|test-results/07-payments-Payment-System-Tests-should-request-refund-Mobile-Chrome/error-context.md]]
]]>
</system-out>
</testcase>
<testcase name="Payment System Tests › should set up subscription" classname="07-payments.spec.ts" time="32.581">
<failure message="07-payments.spec.ts:116:7 should set up subscription" type="FAILURE">
<![CDATA[  [Mobile Chrome] › 07-payments.spec.ts:116:7 › Payment System Tests › should set up subscription ──

    Test timeout of 30000ms exceeded while running "beforeEach" hook.

      2 |
      3 | test.describe('Payment System Tests', () => {
    > 4 |   test.beforeEach(async ({ page }) => {
        |        ^
      5 |     // Login before each test
      6 |     await page.goto('/login');
      7 |     await page.fill('input[name="email"]', 'test@example.com');
        at /Users/asithalakmal/Documents/web/final project/WeddingLK-next copy/tests/07-payments.spec.ts:4:8

    Error: page.fill: Test timeout of 30000ms exceeded.
    Call log:
      - waiting for locator('input[name="email"]')


       5 |     // Login before each test
       6 |     await page.goto('/login');
    >  7 |     await page.fill('input[name="email"]', 'test@example.com');
         |                ^
       8 |     await page.fill('input[name="password"]', 'TestPassword123!');
       9 |     await page.click('button[type="submit"]');
      10 |     await expect(page).toHaveURL(/dashboard/);
        at /Users/asithalakmal/Documents/web/final project/WeddingLK-next copy/tests/07-payments.spec.ts:7:16

    attachment #1: screenshot (image/png) ──────────────────────────────────────────────────────────
    ../test-results/07-payments-Payment-System-Tests-should-set-up-subscription-Mobile-Chrome/test-failed-1.png
    ────────────────────────────────────────────────────────────────────────────────────────────────

    attachment #2: video (video/webm) ──────────────────────────────────────────────────────────────
    ../test-results/07-payments-Payment-System-Tests-should-set-up-subscription-Mobile-Chrome/video.webm
    ────────────────────────────────────────────────────────────────────────────────────────────────

    Error Context: ../test-results/07-payments-Payment-System-Tests-should-set-up-subscription-Mobile-Chrome/error-context.md
]]>
</failure>
<system-out>
<![CDATA[
[[ATTACHMENT|test-results/07-payments-Payment-System-Tests-should-set-up-subscription-Mobile-Chrome/test-failed-1.png]]

[[ATTACHMENT|test-results/07-payments-Payment-System-Tests-should-set-up-subscription-Mobile-Chrome/video.webm]]

[[ATTACHMENT|test-results/07-payments-Payment-System-Tests-should-set-up-subscription-Mobile-Chrome/error-context.md]]
]]>
</system-out>
</testcase>
<testcase name="Payment System Tests › should cancel subscription" classname="07-payments.spec.ts" time="34.669">
<failure message="07-payments.spec.ts:138:7 should cancel subscription" type="FAILURE">
<![CDATA[  [Mobile Chrome] › 07-payments.spec.ts:138:7 › Payment System Tests › should cancel subscription ──

    Test timeout of 30000ms exceeded while running "beforeEach" hook.

      2 |
      3 | test.describe('Payment System Tests', () => {
    > 4 |   test.beforeEach(async ({ page }) => {
        |        ^
      5 |     // Login before each test
      6 |     await page.goto('/login');
      7 |     await page.fill('input[name="email"]', 'test@example.com');
        at /Users/asithalakmal/Documents/web/final project/WeddingLK-next copy/tests/07-payments.spec.ts:4:8

    Error: page.fill: Test timeout of 30000ms exceeded.
    Call log:
      - waiting for locator('input[name="email"]')


       5 |     // Login before each test
       6 |     await page.goto('/login');
    >  7 |     await page.fill('input[name="email"]', 'test@example.com');
         |                ^
       8 |     await page.fill('input[name="password"]', 'TestPassword123!');
       9 |     await page.click('button[type="submit"]');
      10 |     await expect(page).toHaveURL(/dashboard/);
        at /Users/asithalakmal/Documents/web/final project/WeddingLK-next copy/tests/07-payments.spec.ts:7:16

    attachment #1: screenshot (image/png) ──────────────────────────────────────────────────────────
    ../test-results/07-payments-Payment-System-Tests-should-cancel-subscription-Mobile-Chrome/test-failed-1.png
    ────────────────────────────────────────────────────────────────────────────────────────────────

    attachment #2: video (video/webm) ──────────────────────────────────────────────────────────────
    ../test-results/07-payments-Payment-System-Tests-should-cancel-subscription-Mobile-Chrome/video.webm
    ────────────────────────────────────────────────────────────────────────────────────────────────

    Error Context: ../test-results/07-payments-Payment-System-Tests-should-cancel-subscription-Mobile-Chrome/error-context.md
]]>
</failure>
<system-out>
<![CDATA[
[[ATTACHMENT|test-results/07-payments-Payment-System-Tests-should-cancel-subscription-Mobile-Chrome/test-failed-1.png]]

[[ATTACHMENT|test-results/07-payments-Payment-System-Tests-should-cancel-subscription-Mobile-Chrome/video.webm]]

[[ATTACHMENT|test-results/07-payments-Payment-System-Tests-should-cancel-subscription-Mobile-Chrome/error-context.md]]
]]>
</system-out>
</testcase>
<testcase name="Payment System Tests › should view invoice details" classname="07-payments.spec.ts" time="33.429">
<failure message="07-payments.spec.ts:157:7 should view invoice details" type="FAILURE">
<![CDATA[  [Mobile Chrome] › 07-payments.spec.ts:157:7 › Payment System Tests › should view invoice details ─

    Test timeout of 30000ms exceeded while running "beforeEach" hook.

      2 |
      3 | test.describe('Payment System Tests', () => {
    > 4 |   test.beforeEach(async ({ page }) => {
        |        ^
      5 |     // Login before each test
      6 |     await page.goto('/login');
      7 |     await page.fill('input[name="email"]', 'test@example.com');
        at /Users/asithalakmal/Documents/web/final project/WeddingLK-next copy/tests/07-payments.spec.ts:4:8

    Error: page.fill: Test timeout of 30000ms exceeded.
    Call log:
      - waiting for locator('input[name="email"]')


       5 |     // Login before each test
       6 |     await page.goto('/login');
    >  7 |     await page.fill('input[name="email"]', 'test@example.com');
         |                ^
       8 |     await page.fill('input[name="password"]', 'TestPassword123!');
       9 |     await page.click('button[type="submit"]');
      10 |     await expect(page).toHaveURL(/dashboard/);
        at /Users/asithalakmal/Documents/web/final project/WeddingLK-next copy/tests/07-payments.spec.ts:7:16

    attachment #1: screenshot (image/png) ──────────────────────────────────────────────────────────
    ../test-results/07-payments-Payment-System-Tests-should-view-invoice-details-Mobile-Chrome/test-failed-1.png
    ────────────────────────────────────────────────────────────────────────────────────────────────

    attachment #2: video (video/webm) ──────────────────────────────────────────────────────────────
    ../test-results/07-payments-Payment-System-Tests-should-view-invoice-details-Mobile-Chrome/video.webm
    ────────────────────────────────────────────────────────────────────────────────────────────────

    Error Context: ../test-results/07-payments-Payment-System-Tests-should-view-invoice-details-Mobile-Chrome/error-context.md
]]>
</failure>
<system-out>
<![CDATA[
[[ATTACHMENT|test-results/07-payments-Payment-System-Tests-should-view-invoice-details-Mobile-Chrome/test-failed-1.png]]

[[ATTACHMENT|test-results/07-payments-Payment-System-Tests-should-view-invoice-details-Mobile-Chrome/video.webm]]

[[ATTACHMENT|test-results/07-payments-Payment-System-Tests-should-view-invoice-details-Mobile-Chrome/error-context.md]]
]]>
</system-out>
</testcase>
<testcase name="Payment System Tests › should handle payment webhook" classname="07-payments.spec.ts" time="33.396">
<failure message="07-payments.spec.ts:186:7 should handle payment webhook" type="FAILURE">
<![CDATA[  [Mobile Chrome] › 07-payments.spec.ts:186:7 › Payment System Tests › should handle payment webhook 

    Test timeout of 30000ms exceeded while running "beforeEach" hook.

      2 |
      3 | test.describe('Payment System Tests', () => {
    > 4 |   test.beforeEach(async ({ page }) => {
        |        ^
      5 |     // Login before each test
      6 |     await page.goto('/login');
      7 |     await page.fill('input[name="email"]', 'test@example.com');
        at /Users/asithalakmal/Documents/web/final project/WeddingLK-next copy/tests/07-payments.spec.ts:4:8

    Error: page.fill: Test timeout of 30000ms exceeded.
    Call log:
      - waiting for locator('input[name="email"]')


       5 |     // Login before each test
       6 |     await page.goto('/login');
    >  7 |     await page.fill('input[name="email"]', 'test@example.com');
         |                ^
       8 |     await page.fill('input[name="password"]', 'TestPassword123!');
       9 |     await page.click('button[type="submit"]');
      10 |     await expect(page).toHaveURL(/dashboard/);
        at /Users/asithalakmal/Documents/web/final project/WeddingLK-next copy/tests/07-payments.spec.ts:7:16

    attachment #1: screenshot (image/png) ──────────────────────────────────────────────────────────
    ../test-results/07-payments-Payment-System-d1f21-ould-handle-payment-webhook-Mobile-Chrome/test-failed-1.png
    ────────────────────────────────────────────────────────────────────────────────────────────────

    attachment #2: video (video/webm) ──────────────────────────────────────────────────────────────
    ../test-results/07-payments-Payment-System-d1f21-ould-handle-payment-webhook-Mobile-Chrome/video.webm
    ────────────────────────────────────────────────────────────────────────────────────────────────

    Error Context: ../test-results/07-payments-Payment-System-d1f21-ould-handle-payment-webhook-Mobile-Chrome/error-context.md
]]>
</failure>
<system-out>
<![CDATA[
[[ATTACHMENT|test-results/07-payments-Payment-System-d1f21-ould-handle-payment-webhook-Mobile-Chrome/test-failed-1.png]]

[[ATTACHMENT|test-results/07-payments-Payment-System-d1f21-ould-handle-payment-webhook-Mobile-Chrome/video.webm]]

[[ATTACHMENT|test-results/07-payments-Payment-System-d1f21-ould-handle-payment-webhook-Mobile-Chrome/error-context.md]]
]]>
</system-out>
</testcase>
<testcase name="Payment System Tests › should validate payment form" classname="07-payments.spec.ts" time="33.35">
<failure message="07-payments.spec.ts:193:7 should validate payment form" type="FAILURE">
<![CDATA[  [Mobile Chrome] › 07-payments.spec.ts:193:7 › Payment System Tests › should validate payment form 

    Test timeout of 30000ms exceeded while running "beforeEach" hook.

      2 |
      3 | test.describe('Payment System Tests', () => {
    > 4 |   test.beforeEach(async ({ page }) => {
        |        ^
      5 |     // Login before each test
      6 |     await page.goto('/login');
      7 |     await page.fill('input[name="email"]', 'test@example.com');
        at /Users/asithalakmal/Documents/web/final project/WeddingLK-next copy/tests/07-payments.spec.ts:4:8

    Error: page.fill: Test timeout of 30000ms exceeded.
    Call log:
      - waiting for locator('input[name="email"]')


       5 |     // Login before each test
       6 |     await page.goto('/login');
    >  7 |     await page.fill('input[name="email"]', 'test@example.com');
         |                ^
       8 |     await page.fill('input[name="password"]', 'TestPassword123!');
       9 |     await page.click('button[type="submit"]');
      10 |     await expect(page).toHaveURL(/dashboard/);
        at /Users/asithalakmal/Documents/web/final project/WeddingLK-next copy/tests/07-payments.spec.ts:7:16

    attachment #1: screenshot (image/png) ──────────────────────────────────────────────────────────
    ../test-results/07-payments-Payment-System-ad433-hould-validate-payment-form-Mobile-Chrome/test-failed-1.png
    ────────────────────────────────────────────────────────────────────────────────────────────────

    attachment #2: video (video/webm) ──────────────────────────────────────────────────────────────
    ../test-results/07-payments-Payment-System-ad433-hould-validate-payment-form-Mobile-Chrome/video.webm
    ────────────────────────────────────────────────────────────────────────────────────────────────

    Error Context: ../test-results/07-payments-Payment-System-ad433-hould-validate-payment-form-Mobile-Chrome/error-context.md
]]>
</failure>
<system-out>
<![CDATA[
[[ATTACHMENT|test-results/07-payments-Payment-System-ad433-hould-validate-payment-form-Mobile-Chrome/test-failed-1.png]]

[[ATTACHMENT|test-results/07-payments-Payment-System-ad433-hould-validate-payment-form-Mobile-Chrome/video.webm]]

[[ATTACHMENT|test-results/07-payments-Payment-System-ad433-hould-validate-payment-form-Mobile-Chrome/error-context.md]]
]]>
</system-out>
</testcase>
<testcase name="Payment System Tests › should handle payment timeout" classname="07-payments.spec.ts" time="34.077">
<failure message="07-payments.spec.ts:210:7 should handle payment timeout" type="FAILURE">
<![CDATA[  [Mobile Chrome] › 07-payments.spec.ts:210:7 › Payment System Tests › should handle payment timeout 

    Test timeout of 30000ms exceeded while running "beforeEach" hook.

      2 |
      3 | test.describe('Payment System Tests', () => {
    > 4 |   test.beforeEach(async ({ page }) => {
        |        ^
      5 |     // Login before each test
      6 |     await page.goto('/login');
      7 |     await page.fill('input[name="email"]', 'test@example.com');
        at /Users/asithalakmal/Documents/web/final project/WeddingLK-next copy/tests/07-payments.spec.ts:4:8

    Error: page.fill: Test timeout of 30000ms exceeded.
    Call log:
      - waiting for locator('input[name="email"]')


       5 |     // Login before each test
       6 |     await page.goto('/login');
    >  7 |     await page.fill('input[name="email"]', 'test@example.com');
         |                ^
       8 |     await page.fill('input[name="password"]', 'TestPassword123!');
       9 |     await page.click('button[type="submit"]');
      10 |     await expect(page).toHaveURL(/dashboard/);
        at /Users/asithalakmal/Documents/web/final project/WeddingLK-next copy/tests/07-payments.spec.ts:7:16

    attachment #1: screenshot (image/png) ──────────────────────────────────────────────────────────
    ../test-results/07-payments-Payment-System-18888-ould-handle-payment-timeout-Mobile-Chrome/test-failed-1.png
    ────────────────────────────────────────────────────────────────────────────────────────────────

    attachment #2: video (video/webm) ──────────────────────────────────────────────────────────────
    ../test-results/07-payments-Payment-System-18888-ould-handle-payment-timeout-Mobile-Chrome/video.webm
    ────────────────────────────────────────────────────────────────────────────────────────────────

    Error Context: ../test-results/07-payments-Payment-System-18888-ould-handle-payment-timeout-Mobile-Chrome/error-context.md
]]>
</failure>
<system-out>
<![CDATA[
[[ATTACHMENT|test-results/07-payments-Payment-System-18888-ould-handle-payment-timeout-Mobile-Chrome/test-failed-1.png]]

[[ATTACHMENT|test-results/07-payments-Payment-System-18888-ould-handle-payment-timeout-Mobile-Chrome/video.webm]]

[[ATTACHMENT|test-results/07-payments-Payment-System-18888-ould-handle-payment-timeout-Mobile-Chrome/error-context.md]]
]]>
</system-out>
</testcase>
<testcase name="Payment System Tests › should support multiple currencies" classname="07-payments.spec.ts" time="33.541">
<failure message="07-payments.spec.ts:230:7 should support multiple currencies" type="FAILURE">
<![CDATA[  [Mobile Chrome] › 07-payments.spec.ts:230:7 › Payment System Tests › should support multiple currencies 

    Test timeout of 30000ms exceeded while running "beforeEach" hook.

      2 |
      3 | test.describe('Payment System Tests', () => {
    > 4 |   test.beforeEach(async ({ page }) => {
        |        ^
      5 |     // Login before each test
      6 |     await page.goto('/login');
      7 |     await page.fill('input[name="email"]', 'test@example.com');
        at /Users/asithalakmal/Documents/web/final project/WeddingLK-next copy/tests/07-payments.spec.ts:4:8

    Error: page.fill: Test timeout of 30000ms exceeded.
    Call log:
      - waiting for locator('input[name="email"]')


       5 |     // Login before each test
       6 |     await page.goto('/login');
    >  7 |     await page.fill('input[name="email"]', 'test@example.com');
         |                ^
       8 |     await page.fill('input[name="password"]', 'TestPassword123!');
       9 |     await page.click('button[type="submit"]');
      10 |     await expect(page).toHaveURL(/dashboard/);
        at /Users/asithalakmal/Documents/web/final project/WeddingLK-next copy/tests/07-payments.spec.ts:7:16

    attachment #1: screenshot (image/png) ──────────────────────────────────────────────────────────
    ../test-results/07-payments-Payment-System-e2c25-support-multiple-currencies-Mobile-Chrome/test-failed-1.png
    ────────────────────────────────────────────────────────────────────────────────────────────────

    attachment #2: video (video/webm) ──────────────────────────────────────────────────────────────
    ../test-results/07-payments-Payment-System-e2c25-support-multiple-currencies-Mobile-Chrome/video.webm
    ────────────────────────────────────────────────────────────────────────────────────────────────

    Error Context: ../test-results/07-payments-Payment-System-e2c25-support-multiple-currencies-Mobile-Chrome/error-context.md
]]>
</failure>
<system-out>
<![CDATA[
[[ATTACHMENT|test-results/07-payments-Payment-System-e2c25-support-multiple-currencies-Mobile-Chrome/test-failed-1.png]]

[[ATTACHMENT|test-results/07-payments-Payment-System-e2c25-support-multiple-currencies-Mobile-Chrome/video.webm]]

[[ATTACHMENT|test-results/07-payments-Payment-System-e2c25-support-multiple-currencies-Mobile-Chrome/error-context.md]]
]]>
</system-out>
</testcase>
</testsuite>
<testsuite name="08-social.spec.ts" timestamp="2025-10-20T22:56:09.042Z" hostname="Mobile Chrome" tests="17" failures="17" skipped="0" time="570.393" errors="0">
<testcase name="Social Features Tests › should create new post" classname="08-social.spec.ts" time="33.496">
<failure message="08-social.spec.ts:13:7 should create new post" type="FAILURE">
<![CDATA[  [Mobile Chrome] › 08-social.spec.ts:13:7 › Social Features Tests › should create new post ────────

    Test timeout of 30000ms exceeded while running "beforeEach" hook.

      2 |
      3 | test.describe('Social Features Tests', () => {
    > 4 |   test.beforeEach(async ({ page }) => {
        |        ^
      5 |     // Login before each test
      6 |     await page.goto('/login');
      7 |     await page.fill('input[name="email"]', 'test@example.com');
        at /Users/asithalakmal/Documents/web/final project/WeddingLK-next copy/tests/08-social.spec.ts:4:8

    Error: page.fill: Test timeout of 30000ms exceeded.
    Call log:
      - waiting for locator('input[name="email"]')


       5 |     // Login before each test
       6 |     await page.goto('/login');
    >  7 |     await page.fill('input[name="email"]', 'test@example.com');
         |                ^
       8 |     await page.fill('input[name="password"]', 'TestPassword123!');
       9 |     await page.click('button[type="submit"]');
      10 |     await expect(page).toHaveURL(/dashboard/);
        at /Users/asithalakmal/Documents/web/final project/WeddingLK-next copy/tests/08-social.spec.ts:7:16

    attachment #1: screenshot (image/png) ──────────────────────────────────────────────────────────
    ../test-results/08-social-Social-Features-Tests-should-create-new-post-Mobile-Chrome/test-failed-1.png
    ────────────────────────────────────────────────────────────────────────────────────────────────

    attachment #2: video (video/webm) ──────────────────────────────────────────────────────────────
    ../test-results/08-social-Social-Features-Tests-should-create-new-post-Mobile-Chrome/video.webm
    ────────────────────────────────────────────────────────────────────────────────────────────────

    Error Context: ../test-results/08-social-Social-Features-Tests-should-create-new-post-Mobile-Chrome/error-context.md
]]>
</failure>
<system-out>
<![CDATA[
[[ATTACHMENT|test-results/08-social-Social-Features-Tests-should-create-new-post-Mobile-Chrome/test-failed-1.png]]

[[ATTACHMENT|test-results/08-social-Social-Features-Tests-should-create-new-post-Mobile-Chrome/video.webm]]

[[ATTACHMENT|test-results/08-social-Social-Features-Tests-should-create-new-post-Mobile-Chrome/error-context.md]]
]]>
</system-out>
</testcase>
<testcase name="Social Features Tests › should like/unlike post" classname="08-social.spec.ts" time="33.125">
<failure message="08-social.spec.ts:35:7 should like/unlike post" type="FAILURE">
<![CDATA[  [Mobile Chrome] › 08-social.spec.ts:35:7 › Social Features Tests › should like/unlike post ───────

    Test timeout of 30000ms exceeded while running "beforeEach" hook.

      2 |
      3 | test.describe('Social Features Tests', () => {
    > 4 |   test.beforeEach(async ({ page }) => {
        |        ^
      5 |     // Login before each test
      6 |     await page.goto('/login');
      7 |     await page.fill('input[name="email"]', 'test@example.com');
        at /Users/asithalakmal/Documents/web/final project/WeddingLK-next copy/tests/08-social.spec.ts:4:8

    Error: page.fill: Test timeout of 30000ms exceeded.
    Call log:
      - waiting for locator('input[name="email"]')


       5 |     // Login before each test
       6 |     await page.goto('/login');
    >  7 |     await page.fill('input[name="email"]', 'test@example.com');
         |                ^
       8 |     await page.fill('input[name="password"]', 'TestPassword123!');
       9 |     await page.click('button[type="submit"]');
      10 |     await expect(page).toHaveURL(/dashboard/);
        at /Users/asithalakmal/Documents/web/final project/WeddingLK-next copy/tests/08-social.spec.ts:7:16

    attachment #1: screenshot (image/png) ──────────────────────────────────────────────────────────
    ../test-results/08-social-Social-Features-Tests-should-like-unlike-post-Mobile-Chrome/test-failed-1.png
    ────────────────────────────────────────────────────────────────────────────────────────────────

    attachment #2: video (video/webm) ──────────────────────────────────────────────────────────────
    ../test-results/08-social-Social-Features-Tests-should-like-unlike-post-Mobile-Chrome/video.webm
    ────────────────────────────────────────────────────────────────────────────────────────────────

    Error Context: ../test-results/08-social-Social-Features-Tests-should-like-unlike-post-Mobile-Chrome/error-context.md
]]>
</failure>
<system-out>
<![CDATA[
[[ATTACHMENT|test-results/08-social-Social-Features-Tests-should-like-unlike-post-Mobile-Chrome/test-failed-1.png]]

[[ATTACHMENT|test-results/08-social-Social-Features-Tests-should-like-unlike-post-Mobile-Chrome/video.webm]]

[[ATTACHMENT|test-results/08-social-Social-Features-Tests-should-like-unlike-post-Mobile-Chrome/error-context.md]]
]]>
</system-out>
</testcase>
<testcase name="Social Features Tests › should comment on post" classname="08-social.spec.ts" time="33.648">
<failure message="08-social.spec.ts:54:7 should comment on post" type="FAILURE">
<![CDATA[  [Mobile Chrome] › 08-social.spec.ts:54:7 › Social Features Tests › should comment on post ────────

    Test timeout of 30000ms exceeded while running "beforeEach" hook.

      2 |
      3 | test.describe('Social Features Tests', () => {
    > 4 |   test.beforeEach(async ({ page }) => {
        |        ^
      5 |     // Login before each test
      6 |     await page.goto('/login');
      7 |     await page.fill('input[name="email"]', 'test@example.com');
        at /Users/asithalakmal/Documents/web/final project/WeddingLK-next copy/tests/08-social.spec.ts:4:8

    Error: page.fill: Test timeout of 30000ms exceeded.
    Call log:
      - waiting for locator('input[name="email"]')


       5 |     // Login before each test
       6 |     await page.goto('/login');
    >  7 |     await page.fill('input[name="email"]', 'test@example.com');
         |                ^
       8 |     await page.fill('input[name="password"]', 'TestPassword123!');
       9 |     await page.click('button[type="submit"]');
      10 |     await expect(page).toHaveURL(/dashboard/);
        at /Users/asithalakmal/Documents/web/final project/WeddingLK-next copy/tests/08-social.spec.ts:7:16

    attachment #1: screenshot (image/png) ──────────────────────────────────────────────────────────
    ../test-results/08-social-Social-Features-Tests-should-comment-on-post-Mobile-Chrome/test-failed-1.png
    ────────────────────────────────────────────────────────────────────────────────────────────────

    attachment #2: video (video/webm) ──────────────────────────────────────────────────────────────
    ../test-results/08-social-Social-Features-Tests-should-comment-on-post-Mobile-Chrome/video.webm
    ────────────────────────────────────────────────────────────────────────────────────────────────

    Error Context: ../test-results/08-social-Social-Features-Tests-should-comment-on-post-Mobile-Chrome/error-context.md
]]>
</failure>
<system-out>
<![CDATA[
[[ATTACHMENT|test-results/08-social-Social-Features-Tests-should-comment-on-post-Mobile-Chrome/test-failed-1.png]]

[[ATTACHMENT|test-results/08-social-Social-Features-Tests-should-comment-on-post-Mobile-Chrome/video.webm]]

[[ATTACHMENT|test-results/08-social-Social-Features-Tests-should-comment-on-post-Mobile-Chrome/error-context.md]]
]]>
</system-out>
</testcase>
<testcase name="Social Features Tests › should share post" classname="08-social.spec.ts" time="32.769">
<failure message="08-social.spec.ts:73:7 should share post" type="FAILURE">
<![CDATA[  [Mobile Chrome] › 08-social.spec.ts:73:7 › Social Features Tests › should share post ─────────────

    Test timeout of 30000ms exceeded while running "beforeEach" hook.

      2 |
      3 | test.describe('Social Features Tests', () => {
    > 4 |   test.beforeEach(async ({ page }) => {
        |        ^
      5 |     // Login before each test
      6 |     await page.goto('/login');
      7 |     await page.fill('input[name="email"]', 'test@example.com');
        at /Users/asithalakmal/Documents/web/final project/WeddingLK-next copy/tests/08-social.spec.ts:4:8

    Error: page.fill: Test timeout of 30000ms exceeded.
    Call log:
      - waiting for locator('input[name="email"]')


       5 |     // Login before each test
       6 |     await page.goto('/login');
    >  7 |     await page.fill('input[name="email"]', 'test@example.com');
         |                ^
       8 |     await page.fill('input[name="password"]', 'TestPassword123!');
       9 |     await page.click('button[type="submit"]');
      10 |     await expect(page).toHaveURL(/dashboard/);
        at /Users/asithalakmal/Documents/web/final project/WeddingLK-next copy/tests/08-social.spec.ts:7:16

    attachment #1: screenshot (image/png) ──────────────────────────────────────────────────────────
    ../test-results/08-social-Social-Features-Tests-should-share-post-Mobile-Chrome/test-failed-1.png
    ────────────────────────────────────────────────────────────────────────────────────────────────

    attachment #2: video (video/webm) ──────────────────────────────────────────────────────────────
    ../test-results/08-social-Social-Features-Tests-should-share-post-Mobile-Chrome/video.webm
    ────────────────────────────────────────────────────────────────────────────────────────────────

    Error Context: ../test-results/08-social-Social-Features-Tests-should-share-post-Mobile-Chrome/error-context.md
]]>
</failure>
<system-out>
<![CDATA[
[[ATTACHMENT|test-results/08-social-Social-Features-Tests-should-share-post-Mobile-Chrome/test-failed-1.png]]

[[ATTACHMENT|test-results/08-social-Social-Features-Tests-should-share-post-Mobile-Chrome/video.webm]]

[[ATTACHMENT|test-results/08-social-Social-Features-Tests-should-share-post-Mobile-Chrome/error-context.md]]
]]>
</system-out>
</testcase>
<testcase name="Social Features Tests › should bookmark post" classname="08-social.spec.ts" time="34.314">
<failure message="08-social.spec.ts:86:7 should bookmark post" type="FAILURE">
<![CDATA[  [Mobile Chrome] › 08-social.spec.ts:86:7 › Social Features Tests › should bookmark post ──────────

    Test timeout of 30000ms exceeded while running "beforeEach" hook.

      2 |
      3 | test.describe('Social Features Tests', () => {
    > 4 |   test.beforeEach(async ({ page }) => {
        |        ^
      5 |     // Login before each test
      6 |     await page.goto('/login');
      7 |     await page.fill('input[name="email"]', 'test@example.com');
        at /Users/asithalakmal/Documents/web/final project/WeddingLK-next copy/tests/08-social.spec.ts:4:8

    Error: page.fill: Test timeout of 30000ms exceeded.
    Call log:
      - waiting for locator('input[name="email"]')


       5 |     // Login before each test
       6 |     await page.goto('/login');
    >  7 |     await page.fill('input[name="email"]', 'test@example.com');
         |                ^
       8 |     await page.fill('input[name="password"]', 'TestPassword123!');
       9 |     await page.click('button[type="submit"]');
      10 |     await expect(page).toHaveURL(/dashboard/);
        at /Users/asithalakmal/Documents/web/final project/WeddingLK-next copy/tests/08-social.spec.ts:7:16

    attachment #1: screenshot (image/png) ──────────────────────────────────────────────────────────
    ../test-results/08-social-Social-Features-Tests-should-bookmark-post-Mobile-Chrome/test-failed-1.png
    ────────────────────────────────────────────────────────────────────────────────────────────────

    attachment #2: video (video/webm) ──────────────────────────────────────────────────────────────
    ../test-results/08-social-Social-Features-Tests-should-bookmark-post-Mobile-Chrome/video.webm
    ────────────────────────────────────────────────────────────────────────────────────────────────

    Error Context: ../test-results/08-social-Social-Features-Tests-should-bookmark-post-Mobile-Chrome/error-context.md
]]>
</failure>
<system-out>
<![CDATA[
[[ATTACHMENT|test-results/08-social-Social-Features-Tests-should-bookmark-post-Mobile-Chrome/test-failed-1.png]]

[[ATTACHMENT|test-results/08-social-Social-Features-Tests-should-bookmark-post-Mobile-Chrome/video.webm]]

[[ATTACHMENT|test-results/08-social-Social-Features-Tests-should-bookmark-post-Mobile-Chrome/error-context.md]]
]]>
</system-out>
</testcase>
<testcase name="Social Features Tests › should create story" classname="08-social.spec.ts" time="32.907">
<failure message="08-social.spec.ts:99:7 should create story" type="FAILURE">
<![CDATA[  [Mobile Chrome] › 08-social.spec.ts:99:7 › Social Features Tests › should create story ───────────

    Test timeout of 30000ms exceeded while running "beforeEach" hook.

      2 |
      3 | test.describe('Social Features Tests', () => {
    > 4 |   test.beforeEach(async ({ page }) => {
        |        ^
      5 |     // Login before each test
      6 |     await page.goto('/login');
      7 |     await page.fill('input[name="email"]', 'test@example.com');
        at /Users/asithalakmal/Documents/web/final project/WeddingLK-next copy/tests/08-social.spec.ts:4:8

    Error: page.fill: Test timeout of 30000ms exceeded.
    Call log:
      - waiting for locator('input[name="email"]')


       5 |     // Login before each test
       6 |     await page.goto('/login');
    >  7 |     await page.fill('input[name="email"]', 'test@example.com');
         |                ^
       8 |     await page.fill('input[name="password"]', 'TestPassword123!');
       9 |     await page.click('button[type="submit"]');
      10 |     await expect(page).toHaveURL(/dashboard/);
        at /Users/asithalakmal/Documents/web/final project/WeddingLK-next copy/tests/08-social.spec.ts:7:16

    attachment #1: screenshot (image/png) ──────────────────────────────────────────────────────────
    ../test-results/08-social-Social-Features-Tests-should-create-story-Mobile-Chrome/test-failed-1.png
    ────────────────────────────────────────────────────────────────────────────────────────────────

    attachment #2: video (video/webm) ──────────────────────────────────────────────────────────────
    ../test-results/08-social-Social-Features-Tests-should-create-story-Mobile-Chrome/video.webm
    ────────────────────────────────────────────────────────────────────────────────────────────────

    Error Context: ../test-results/08-social-Social-Features-Tests-should-create-story-Mobile-Chrome/error-context.md
]]>
</failure>
<system-out>
<![CDATA[
[[ATTACHMENT|test-results/08-social-Social-Features-Tests-should-create-story-Mobile-Chrome/test-failed-1.png]]

[[ATTACHMENT|test-results/08-social-Social-Features-Tests-should-create-story-Mobile-Chrome/video.webm]]

[[ATTACHMENT|test-results/08-social-Social-Features-Tests-should-create-story-Mobile-Chrome/error-context.md]]
]]>
</system-out>
</testcase>
<testcase name="Social Features Tests › should view story" classname="08-social.spec.ts" time="33.578">
<failure message="08-social.spec.ts:125:7 should view story" type="FAILURE">
<![CDATA[  [Mobile Chrome] › 08-social.spec.ts:125:7 › Social Features Tests › should view story ────────────

    Test timeout of 30000ms exceeded while running "beforeEach" hook.

      2 |
      3 | test.describe('Social Features Tests', () => {
    > 4 |   test.beforeEach(async ({ page }) => {
        |        ^
      5 |     // Login before each test
      6 |     await page.goto('/login');
      7 |     await page.fill('input[name="email"]', 'test@example.com');
        at /Users/asithalakmal/Documents/web/final project/WeddingLK-next copy/tests/08-social.spec.ts:4:8

    Error: page.fill: Test timeout of 30000ms exceeded.
    Call log:
      - waiting for locator('input[name="email"]')


       5 |     // Login before each test
       6 |     await page.goto('/login');
    >  7 |     await page.fill('input[name="email"]', 'test@example.com');
         |                ^
       8 |     await page.fill('input[name="password"]', 'TestPassword123!');
       9 |     await page.click('button[type="submit"]');
      10 |     await expect(page).toHaveURL(/dashboard/);
        at /Users/asithalakmal/Documents/web/final project/WeddingLK-next copy/tests/08-social.spec.ts:7:16

    attachment #1: screenshot (image/png) ──────────────────────────────────────────────────────────
    ../test-results/08-social-Social-Features-Tests-should-view-story-Mobile-Chrome/test-failed-1.png
    ────────────────────────────────────────────────────────────────────────────────────────────────

    attachment #2: video (video/webm) ──────────────────────────────────────────────────────────────
    ../test-results/08-social-Social-Features-Tests-should-view-story-Mobile-Chrome/video.webm
    ────────────────────────────────────────────────────────────────────────────────────────────────

    Error Context: ../test-results/08-social-Social-Features-Tests-should-view-story-Mobile-Chrome/error-context.md
]]>
</failure>
<system-out>
<![CDATA[
[[ATTACHMENT|test-results/08-social-Social-Features-Tests-should-view-story-Mobile-Chrome/test-failed-1.png]]

[[ATTACHMENT|test-results/08-social-Social-Features-Tests-should-view-story-Mobile-Chrome/video.webm]]

[[ATTACHMENT|test-results/08-social-Social-Features-Tests-should-view-story-Mobile-Chrome/error-context.md]]
]]>
</system-out>
</testcase>
<testcase name="Social Features Tests › should create reel" classname="08-social.spec.ts" time="32.974">
<failure message="08-social.spec.ts:138:7 should create reel" type="FAILURE">
<![CDATA[  [Mobile Chrome] › 08-social.spec.ts:138:7 › Social Features Tests › should create reel ───────────

    Test timeout of 30000ms exceeded while running "beforeEach" hook.

      2 |
      3 | test.describe('Social Features Tests', () => {
    > 4 |   test.beforeEach(async ({ page }) => {
        |        ^
      5 |     // Login before each test
      6 |     await page.goto('/login');
      7 |     await page.fill('input[name="email"]', 'test@example.com');
        at /Users/asithalakmal/Documents/web/final project/WeddingLK-next copy/tests/08-social.spec.ts:4:8

    Error: page.fill: Test timeout of 30000ms exceeded.
    Call log:
      - waiting for locator('input[name="email"]')


       5 |     // Login before each test
       6 |     await page.goto('/login');
    >  7 |     await page.fill('input[name="email"]', 'test@example.com');
         |                ^
       8 |     await page.fill('input[name="password"]', 'TestPassword123!');
       9 |     await page.click('button[type="submit"]');
      10 |     await expect(page).toHaveURL(/dashboard/);
        at /Users/asithalakmal/Documents/web/final project/WeddingLK-next copy/tests/08-social.spec.ts:7:16

    attachment #1: screenshot (image/png) ──────────────────────────────────────────────────────────
    ../test-results/08-social-Social-Features-Tests-should-create-reel-Mobile-Chrome/test-failed-1.png
    ────────────────────────────────────────────────────────────────────────────────────────────────

    attachment #2: video (video/webm) ──────────────────────────────────────────────────────────────
    ../test-results/08-social-Social-Features-Tests-should-create-reel-Mobile-Chrome/video.webm
    ────────────────────────────────────────────────────────────────────────────────────────────────

    Error Context: ../test-results/08-social-Social-Features-Tests-should-create-reel-Mobile-Chrome/error-context.md
]]>
</failure>
<system-out>
<![CDATA[
[[ATTACHMENT|test-results/08-social-Social-Features-Tests-should-create-reel-Mobile-Chrome/test-failed-1.png]]

[[ATTACHMENT|test-results/08-social-Social-Features-Tests-should-create-reel-Mobile-Chrome/video.webm]]

[[ATTACHMENT|test-results/08-social-Social-Features-Tests-should-create-reel-Mobile-Chrome/error-context.md]]
]]>
</system-out>
</testcase>
<testcase name="Social Features Tests › should follow user" classname="08-social.spec.ts" time="33.5">
<failure message="08-social.spec.ts:164:7 should follow user" type="FAILURE">
<![CDATA[  [Mobile Chrome] › 08-social.spec.ts:164:7 › Social Features Tests › should follow user ───────────

    Test timeout of 30000ms exceeded while running "beforeEach" hook.

      2 |
      3 | test.describe('Social Features Tests', () => {
    > 4 |   test.beforeEach(async ({ page }) => {
        |        ^
      5 |     // Login before each test
      6 |     await page.goto('/login');
      7 |     await page.fill('input[name="email"]', 'test@example.com');
        at /Users/asithalakmal/Documents/web/final project/WeddingLK-next copy/tests/08-social.spec.ts:4:8

    Error: page.fill: Test timeout of 30000ms exceeded.
    Call log:
      - waiting for locator('input[name="email"]')


       5 |     // Login before each test
       6 |     await page.goto('/login');
    >  7 |     await page.fill('input[name="email"]', 'test@example.com');
         |                ^
       8 |     await page.fill('input[name="password"]', 'TestPassword123!');
       9 |     await page.click('button[type="submit"]');
      10 |     await expect(page).toHaveURL(/dashboard/);
        at /Users/asithalakmal/Documents/web/final project/WeddingLK-next copy/tests/08-social.spec.ts:7:16

    attachment #1: screenshot (image/png) ──────────────────────────────────────────────────────────
    ../test-results/08-social-Social-Features-Tests-should-follow-user-Mobile-Chrome/test-failed-1.png
    ────────────────────────────────────────────────────────────────────────────────────────────────

    attachment #2: video (video/webm) ──────────────────────────────────────────────────────────────
    ../test-results/08-social-Social-Features-Tests-should-follow-user-Mobile-Chrome/video.webm
    ────────────────────────────────────────────────────────────────────────────────────────────────

    Error Context: ../test-results/08-social-Social-Features-Tests-should-follow-user-Mobile-Chrome/error-context.md
]]>
</failure>
<system-out>
<![CDATA[
[[ATTACHMENT|test-results/08-social-Social-Features-Tests-should-follow-user-Mobile-Chrome/test-failed-1.png]]

[[ATTACHMENT|test-results/08-social-Social-Features-Tests-should-follow-user-Mobile-Chrome/video.webm]]

[[ATTACHMENT|test-results/08-social-Social-Features-Tests-should-follow-user-Mobile-Chrome/error-context.md]]
]]>
</system-out>
</testcase>
<testcase name="Social Features Tests › should send direct message" classname="08-social.spec.ts" time="33.363">
<failure message="08-social.spec.ts:183:7 should send direct message" type="FAILURE">
<![CDATA[  [Mobile Chrome] › 08-social.spec.ts:183:7 › Social Features Tests › should send direct message ───

    Test timeout of 30000ms exceeded while running "beforeEach" hook.

      2 |
      3 | test.describe('Social Features Tests', () => {
    > 4 |   test.beforeEach(async ({ page }) => {
        |        ^
      5 |     // Login before each test
      6 |     await page.goto('/login');
      7 |     await page.fill('input[name="email"]', 'test@example.com');
        at /Users/asithalakmal/Documents/web/final project/WeddingLK-next copy/tests/08-social.spec.ts:4:8

    Error: page.fill: Test timeout of 30000ms exceeded.
    Call log:
      - waiting for locator('input[name="email"]')


       5 |     // Login before each test
       6 |     await page.goto('/login');
    >  7 |     await page.fill('input[name="email"]', 'test@example.com');
         |                ^
       8 |     await page.fill('input[name="password"]', 'TestPassword123!');
       9 |     await page.click('button[type="submit"]');
      10 |     await expect(page).toHaveURL(/dashboard/);
        at /Users/asithalakmal/Documents/web/final project/WeddingLK-next copy/tests/08-social.spec.ts:7:16

    attachment #1: screenshot (image/png) ──────────────────────────────────────────────────────────
    ../test-results/08-social-Social-Features-Tests-should-send-direct-message-Mobile-Chrome/test-failed-1.png
    ────────────────────────────────────────────────────────────────────────────────────────────────

    attachment #2: video (video/webm) ──────────────────────────────────────────────────────────────
    ../test-results/08-social-Social-Features-Tests-should-send-direct-message-Mobile-Chrome/video.webm
    ────────────────────────────────────────────────────────────────────────────────────────────────

    Error Context: ../test-results/08-social-Social-Features-Tests-should-send-direct-message-Mobile-Chrome/error-context.md
]]>
</failure>
<system-out>
<![CDATA[
[[ATTACHMENT|test-results/08-social-Social-Features-Tests-should-send-direct-message-Mobile-Chrome/test-failed-1.png]]

[[ATTACHMENT|test-results/08-social-Social-Features-Tests-should-send-direct-message-Mobile-Chrome/video.webm]]

[[ATTACHMENT|test-results/08-social-Social-Features-Tests-should-send-direct-message-Mobile-Chrome/error-context.md]]
]]>
</system-out>
</testcase>
<testcase name="Social Features Tests › should create group" classname="08-social.spec.ts" time="33.803">
<failure message="08-social.spec.ts:206:7 should create group" type="FAILURE">
<![CDATA[  [Mobile Chrome] › 08-social.spec.ts:206:7 › Social Features Tests › should create group ──────────

    Test timeout of 30000ms exceeded while running "beforeEach" hook.

      2 |
      3 | test.describe('Social Features Tests', () => {
    > 4 |   test.beforeEach(async ({ page }) => {
        |        ^
      5 |     // Login before each test
      6 |     await page.goto('/login');
      7 |     await page.fill('input[name="email"]', 'test@example.com');
        at /Users/asithalakmal/Documents/web/final project/WeddingLK-next copy/tests/08-social.spec.ts:4:8

    Error: page.fill: Test timeout of 30000ms exceeded.
    Call log:
      - waiting for locator('input[name="email"]')


       5 |     // Login before each test
       6 |     await page.goto('/login');
    >  7 |     await page.fill('input[name="email"]', 'test@example.com');
         |                ^
       8 |     await page.fill('input[name="password"]', 'TestPassword123!');
       9 |     await page.click('button[type="submit"]');
      10 |     await expect(page).toHaveURL(/dashboard/);
        at /Users/asithalakmal/Documents/web/final project/WeddingLK-next copy/tests/08-social.spec.ts:7:16

    attachment #1: screenshot (image/png) ──────────────────────────────────────────────────────────
    ../test-results/08-social-Social-Features-Tests-should-create-group-Mobile-Chrome/test-failed-1.png
    ────────────────────────────────────────────────────────────────────────────────────────────────

    attachment #2: video (video/webm) ──────────────────────────────────────────────────────────────
    ../test-results/08-social-Social-Features-Tests-should-create-group-Mobile-Chrome/video.webm
    ────────────────────────────────────────────────────────────────────────────────────────────────

    Error Context: ../test-results/08-social-Social-Features-Tests-should-create-group-Mobile-Chrome/error-context.md
]]>
</failure>
<system-out>
<![CDATA[
[[ATTACHMENT|test-results/08-social-Social-Features-Tests-should-create-group-Mobile-Chrome/test-failed-1.png]]

[[ATTACHMENT|test-results/08-social-Social-Features-Tests-should-create-group-Mobile-Chrome/video.webm]]

[[ATTACHMENT|test-results/08-social-Social-Features-Tests-should-create-group-Mobile-Chrome/error-context.md]]
]]>
</system-out>
</testcase>
<testcase name="Social Features Tests › should join group" classname="08-social.spec.ts" time="34.346">
<failure message="08-social.spec.ts:226:7 should join group" type="FAILURE">
<![CDATA[  [Mobile Chrome] › 08-social.spec.ts:226:7 › Social Features Tests › should join group ────────────

    Test timeout of 30000ms exceeded while running "beforeEach" hook.

      2 |
      3 | test.describe('Social Features Tests', () => {
    > 4 |   test.beforeEach(async ({ page }) => {
        |        ^
      5 |     // Login before each test
      6 |     await page.goto('/login');
      7 |     await page.fill('input[name="email"]', 'test@example.com');
        at /Users/asithalakmal/Documents/web/final project/WeddingLK-next copy/tests/08-social.spec.ts:4:8

    Error: page.fill: Test timeout of 30000ms exceeded.
    Call log:
      - waiting for locator('input[name="email"]')


       5 |     // Login before each test
       6 |     await page.goto('/login');
    >  7 |     await page.fill('input[name="email"]', 'test@example.com');
         |                ^
       8 |     await page.fill('input[name="password"]', 'TestPassword123!');
       9 |     await page.click('button[type="submit"]');
      10 |     await expect(page).toHaveURL(/dashboard/);
        at /Users/asithalakmal/Documents/web/final project/WeddingLK-next copy/tests/08-social.spec.ts:7:16

    attachment #1: screenshot (image/png) ──────────────────────────────────────────────────────────
    ../test-results/08-social-Social-Features-Tests-should-join-group-Mobile-Chrome/test-failed-1.png
    ────────────────────────────────────────────────────────────────────────────────────────────────

    attachment #2: video (video/webm) ──────────────────────────────────────────────────────────────
    ../test-results/08-social-Social-Features-Tests-should-join-group-Mobile-Chrome/video.webm
    ────────────────────────────────────────────────────────────────────────────────────────────────

    Error Context: ../test-results/08-social-Social-Features-Tests-should-join-group-Mobile-Chrome/error-context.md
]]>
</failure>
<system-out>
<![CDATA[
[[ATTACHMENT|test-results/08-social-Social-Features-Tests-should-join-group-Mobile-Chrome/test-failed-1.png]]

[[ATTACHMENT|test-results/08-social-Social-Features-Tests-should-join-group-Mobile-Chrome/video.webm]]

[[ATTACHMENT|test-results/08-social-Social-Features-Tests-should-join-group-Mobile-Chrome/error-context.md]]
]]>
</system-out>
</testcase>
<testcase name="Social Features Tests › should search posts" classname="08-social.spec.ts" time="33.58">
<failure message="08-social.spec.ts:245:7 should search posts" type="FAILURE">
<![CDATA[  [Mobile Chrome] › 08-social.spec.ts:245:7 › Social Features Tests › should search posts ──────────

    Test timeout of 30000ms exceeded while running "beforeEach" hook.

      2 |
      3 | test.describe('Social Features Tests', () => {
    > 4 |   test.beforeEach(async ({ page }) => {
        |        ^
      5 |     // Login before each test
      6 |     await page.goto('/login');
      7 |     await page.fill('input[name="email"]', 'test@example.com');
        at /Users/asithalakmal/Documents/web/final project/WeddingLK-next copy/tests/08-social.spec.ts:4:8

    Error: page.fill: Test timeout of 30000ms exceeded.
    Call log:
      - waiting for locator('input[name="email"]')


       5 |     // Login before each test
       6 |     await page.goto('/login');
    >  7 |     await page.fill('input[name="email"]', 'test@example.com');
         |                ^
       8 |     await page.fill('input[name="password"]', 'TestPassword123!');
       9 |     await page.click('button[type="submit"]');
      10 |     await expect(page).toHaveURL(/dashboard/);
        at /Users/asithalakmal/Documents/web/final project/WeddingLK-next copy/tests/08-social.spec.ts:7:16

    attachment #1: screenshot (image/png) ──────────────────────────────────────────────────────────
    ../test-results/08-social-Social-Features-Tests-should-search-posts-Mobile-Chrome/test-failed-1.png
    ────────────────────────────────────────────────────────────────────────────────────────────────

    attachment #2: video (video/webm) ──────────────────────────────────────────────────────────────
    ../test-results/08-social-Social-Features-Tests-should-search-posts-Mobile-Chrome/video.webm
    ────────────────────────────────────────────────────────────────────────────────────────────────

    Error Context: ../test-results/08-social-Social-Features-Tests-should-search-posts-Mobile-Chrome/error-context.md
]]>
</failure>
<system-out>
<![CDATA[
[[ATTACHMENT|test-results/08-social-Social-Features-Tests-should-search-posts-Mobile-Chrome/test-failed-1.png]]

[[ATTACHMENT|test-results/08-social-Social-Features-Tests-should-search-posts-Mobile-Chrome/video.webm]]

[[ATTACHMENT|test-results/08-social-Social-Features-Tests-should-search-posts-Mobile-Chrome/error-context.md]]
]]>
</system-out>
</testcase>
<testcase name="Social Features Tests › should filter posts by hashtag" classname="08-social.spec.ts" time="35.641">
<failure message="08-social.spec.ts:263:7 should filter posts by hashtag" type="FAILURE">
<![CDATA[  [Mobile Chrome] › 08-social.spec.ts:263:7 › Social Features Tests › should filter posts by hashtag 

    Test timeout of 30000ms exceeded while running "beforeEach" hook.

      2 |
      3 | test.describe('Social Features Tests', () => {
    > 4 |   test.beforeEach(async ({ page }) => {
        |        ^
      5 |     // Login before each test
      6 |     await page.goto('/login');
      7 |     await page.fill('input[name="email"]', 'test@example.com');
        at /Users/asithalakmal/Documents/web/final project/WeddingLK-next copy/tests/08-social.spec.ts:4:8

    Error: page.fill: Test timeout of 30000ms exceeded.
    Call log:
      - waiting for locator('input[name="email"]')


       5 |     // Login before each test
       6 |     await page.goto('/login');
    >  7 |     await page.fill('input[name="email"]', 'test@example.com');
         |                ^
       8 |     await page.fill('input[name="password"]', 'TestPassword123!');
       9 |     await page.click('button[type="submit"]');
      10 |     await expect(page).toHaveURL(/dashboard/);
        at /Users/asithalakmal/Documents/web/final project/WeddingLK-next copy/tests/08-social.spec.ts:7:16

    attachment #1: screenshot (image/png) ──────────────────────────────────────────────────────────
    ../test-results/08-social-Social-Features--3e42e-uld-filter-posts-by-hashtag-Mobile-Chrome/test-failed-1.png
    ────────────────────────────────────────────────────────────────────────────────────────────────

    attachment #2: video (video/webm) ──────────────────────────────────────────────────────────────
    ../test-results/08-social-Social-Features--3e42e-uld-filter-posts-by-hashtag-Mobile-Chrome/video.webm
    ────────────────────────────────────────────────────────────────────────────────────────────────

    Error Context: ../test-results/08-social-Social-Features--3e42e-uld-filter-posts-by-hashtag-Mobile-Chrome/error-context.md
]]>
</failure>
<system-out>
<![CDATA[
[[ATTACHMENT|test-results/08-social-Social-Features--3e42e-uld-filter-posts-by-hashtag-Mobile-Chrome/test-failed-1.png]]

[[ATTACHMENT|test-results/08-social-Social-Features--3e42e-uld-filter-posts-by-hashtag-Mobile-Chrome/video.webm]]

[[ATTACHMENT|test-results/08-social-Social-Features--3e42e-uld-filter-posts-by-hashtag-Mobile-Chrome/error-context.md]]
]]>
</system-out>
</testcase>
<testcase name="Social Features Tests › should report inappropriate content" classname="08-social.spec.ts" time="33.435">
<failure message="08-social.spec.ts:279:7 should report inappropriate content" type="FAILURE">
<![CDATA[  [Mobile Chrome] › 08-social.spec.ts:279:7 › Social Features Tests › should report inappropriate content 

    Test timeout of 30000ms exceeded while running "beforeEach" hook.

      2 |
      3 | test.describe('Social Features Tests', () => {
    > 4 |   test.beforeEach(async ({ page }) => {
        |        ^
      5 |     // Login before each test
      6 |     await page.goto('/login');
      7 |     await page.fill('input[name="email"]', 'test@example.com');
        at /Users/asithalakmal/Documents/web/final project/WeddingLK-next copy/tests/08-social.spec.ts:4:8

    Error: page.fill: Test timeout of 30000ms exceeded.
    Call log:
      - waiting for locator('input[name="email"]')


       5 |     // Login before each test
       6 |     await page.goto('/login');
    >  7 |     await page.fill('input[name="email"]', 'test@example.com');
         |                ^
       8 |     await page.fill('input[name="password"]', 'TestPassword123!');
       9 |     await page.click('button[type="submit"]');
      10 |     await expect(page).toHaveURL(/dashboard/);
        at /Users/asithalakmal/Documents/web/final project/WeddingLK-next copy/tests/08-social.spec.ts:7:16

    attachment #1: screenshot (image/png) ──────────────────────────────────────────────────────────
    ../test-results/08-social-Social-Features--432a4-eport-inappropriate-content-Mobile-Chrome/test-failed-1.png
    ────────────────────────────────────────────────────────────────────────────────────────────────

    attachment #2: video (video/webm) ──────────────────────────────────────────────────────────────
    ../test-results/08-social-Social-Features--432a4-eport-inappropriate-content-Mobile-Chrome/video.webm
    ────────────────────────────────────────────────────────────────────────────────────────────────

    Error Context: ../test-results/08-social-Social-Features--432a4-eport-inappropriate-content-Mobile-Chrome/error-context.md
]]>
</failure>
<system-out>
<![CDATA[
[[ATTACHMENT|test-results/08-social-Social-Features--432a4-eport-inappropriate-content-Mobile-Chrome/test-failed-1.png]]

[[ATTACHMENT|test-results/08-social-Social-Features--432a4-eport-inappropriate-content-Mobile-Chrome/video.webm]]

[[ATTACHMENT|test-results/08-social-Social-Features--432a4-eport-inappropriate-content-Mobile-Chrome/error-context.md]]
]]>
</system-out>
</testcase>
<testcase name="Social Features Tests › should view notifications" classname="08-social.spec.ts" time="32.729">
<failure message="08-social.spec.ts:298:7 should view notifications" type="FAILURE">
<![CDATA[  [Mobile Chrome] › 08-social.spec.ts:298:7 › Social Features Tests › should view notifications ────

    Test timeout of 30000ms exceeded while running "beforeEach" hook.

      2 |
      3 | test.describe('Social Features Tests', () => {
    > 4 |   test.beforeEach(async ({ page }) => {
        |        ^
      5 |     // Login before each test
      6 |     await page.goto('/login');
      7 |     await page.fill('input[name="email"]', 'test@example.com');
        at /Users/asithalakmal/Documents/web/final project/WeddingLK-next copy/tests/08-social.spec.ts:4:8

    Error: page.fill: Test timeout of 30000ms exceeded.
    Call log:
      - waiting for locator('input[name="email"]')


       5 |     // Login before each test
       6 |     await page.goto('/login');
    >  7 |     await page.fill('input[name="email"]', 'test@example.com');
         |                ^
       8 |     await page.fill('input[name="password"]', 'TestPassword123!');
       9 |     await page.click('button[type="submit"]');
      10 |     await expect(page).toHaveURL(/dashboard/);
        at /Users/asithalakmal/Documents/web/final project/WeddingLK-next copy/tests/08-social.spec.ts:7:16

    attachment #1: screenshot (image/png) ──────────────────────────────────────────────────────────
    ../test-results/08-social-Social-Features-Tests-should-view-notifications-Mobile-Chrome/test-failed-1.png
    ────────────────────────────────────────────────────────────────────────────────────────────────

    attachment #2: video (video/webm) ──────────────────────────────────────────────────────────────
    ../test-results/08-social-Social-Features-Tests-should-view-notifications-Mobile-Chrome/video.webm
    ────────────────────────────────────────────────────────────────────────────────────────────────

    Error Context: ../test-results/08-social-Social-Features-Tests-should-view-notifications-Mobile-Chrome/error-context.md
]]>
</failure>
<system-out>
<![CDATA[
[[ATTACHMENT|test-results/08-social-Social-Features-Tests-should-view-notifications-Mobile-Chrome/test-failed-1.png]]

[[ATTACHMENT|test-results/08-social-Social-Features-Tests-should-view-notifications-Mobile-Chrome/video.webm]]

[[ATTACHMENT|test-results/08-social-Social-Features-Tests-should-view-notifications-Mobile-Chrome/error-context.md]]
]]>
</system-out>
</testcase>
<testcase name="Social Features Tests › should mark notifications as read" classname="08-social.spec.ts" time="33.185">
<failure message="08-social.spec.ts:311:7 should mark notifications as read" type="FAILURE">
<![CDATA[  [Mobile Chrome] › 08-social.spec.ts:311:7 › Social Features Tests › should mark notifications as read 

    Test timeout of 30000ms exceeded while running "beforeEach" hook.

      2 |
      3 | test.describe('Social Features Tests', () => {
    > 4 |   test.beforeEach(async ({ page }) => {
        |        ^
      5 |     // Login before each test
      6 |     await page.goto('/login');
      7 |     await page.fill('input[name="email"]', 'test@example.com');
        at /Users/asithalakmal/Documents/web/final project/WeddingLK-next copy/tests/08-social.spec.ts:4:8

    Error: page.fill: Test timeout of 30000ms exceeded.
    Call log:
      - waiting for locator('input[name="email"]')


       5 |     // Login before each test
       6 |     await page.goto('/login');
    >  7 |     await page.fill('input[name="email"]', 'test@example.com');
         |                ^
       8 |     await page.fill('input[name="password"]', 'TestPassword123!');
       9 |     await page.click('button[type="submit"]');
      10 |     await expect(page).toHaveURL(/dashboard/);
        at /Users/asithalakmal/Documents/web/final project/WeddingLK-next copy/tests/08-social.spec.ts:7:16

    attachment #1: screenshot (image/png) ──────────────────────────────────────────────────────────
    ../test-results/08-social-Social-Features--564a0--mark-notifications-as-read-Mobile-Chrome/test-failed-1.png
    ────────────────────────────────────────────────────────────────────────────────────────────────

    attachment #2: video (video/webm) ──────────────────────────────────────────────────────────────
    ../test-results/08-social-Social-Features--564a0--mark-notifications-as-read-Mobile-Chrome/video.webm
    ────────────────────────────────────────────────────────────────────────────────────────────────

    Error Context: ../test-results/08-social-Social-Features--564a0--mark-notifications-as-read-Mobile-Chrome/error-context.md
]]>
</failure>
<system-out>
<![CDATA[
[[ATTACHMENT|test-results/08-social-Social-Features--564a0--mark-notifications-as-read-Mobile-Chrome/test-failed-1.png]]

[[ATTACHMENT|test-results/08-social-Social-Features--564a0--mark-notifications-as-read-Mobile-Chrome/video.webm]]

[[ATTACHMENT|test-results/08-social-Social-Features--564a0--mark-notifications-as-read-Mobile-Chrome/error-context.md]]
]]>
</system-out>
</testcase>
</testsuite>
<testsuite name="09-admin.spec.ts" timestamp="2025-10-20T22:56:09.042Z" hostname="Mobile Chrome" tests="16" failures="16" skipped="0" time="537.606" errors="0">
<testcase name="Admin Panel Tests › should access admin dashboard" classname="09-admin.spec.ts" time="32.755">
<failure message="09-admin.spec.ts:13:7 should access admin dashboard" type="FAILURE">
<![CDATA[  [Mobile Chrome] › 09-admin.spec.ts:13:7 › Admin Panel Tests › should access admin dashboard ──────

    Test timeout of 30000ms exceeded while running "beforeEach" hook.

      2 |
      3 | test.describe('Admin Panel Tests', () => {
    > 4 |   test.beforeEach(async ({ page }) => {
        |        ^
      5 |     // Login as admin
      6 |     await page.goto('/login');
      7 |     await page.fill('input[name="email"]', 'admin@example.com');
        at /Users/asithalakmal/Documents/web/final project/WeddingLK-next copy/tests/09-admin.spec.ts:4:8

    Error: page.fill: Test timeout of 30000ms exceeded.
    Call log:
      - waiting for locator('input[name="email"]')


       5 |     // Login as admin
       6 |     await page.goto('/login');
    >  7 |     await page.fill('input[name="email"]', 'admin@example.com');
         |                ^
       8 |     await page.fill('input[name="password"]', 'AdminPassword123!');
       9 |     await page.click('button[type="submit"]');
      10 |     await expect(page).toHaveURL(/dashboard/);
        at /Users/asithalakmal/Documents/web/final project/WeddingLK-next copy/tests/09-admin.spec.ts:7:16

    attachment #1: screenshot (image/png) ──────────────────────────────────────────────────────────
    ../test-results/09-admin-Admin-Panel-Tests-should-access-admin-dashboard-Mobile-Chrome/test-failed-1.png
    ────────────────────────────────────────────────────────────────────────────────────────────────

    attachment #2: video (video/webm) ──────────────────────────────────────────────────────────────
    ../test-results/09-admin-Admin-Panel-Tests-should-access-admin-dashboard-Mobile-Chrome/video.webm
    ────────────────────────────────────────────────────────────────────────────────────────────────

    Error Context: ../test-results/09-admin-Admin-Panel-Tests-should-access-admin-dashboard-Mobile-Chrome/error-context.md
]]>
</failure>
<system-out>
<![CDATA[
[[ATTACHMENT|test-results/09-admin-Admin-Panel-Tests-should-access-admin-dashboard-Mobile-Chrome/test-failed-1.png]]

[[ATTACHMENT|test-results/09-admin-Admin-Panel-Tests-should-access-admin-dashboard-Mobile-Chrome/video.webm]]

[[ATTACHMENT|test-results/09-admin-Admin-Panel-Tests-should-access-admin-dashboard-Mobile-Chrome/error-context.md]]
]]>
</system-out>
</testcase>
<testcase name="Admin Panel Tests › should manage users" classname="09-admin.spec.ts" time="33.394">
<failure message="09-admin.spec.ts:36:7 should manage users" type="FAILURE">
<![CDATA[  [Mobile Chrome] › 09-admin.spec.ts:36:7 › Admin Panel Tests › should manage users ────────────────

    Test timeout of 30000ms exceeded while running "beforeEach" hook.

      2 |
      3 | test.describe('Admin Panel Tests', () => {
    > 4 |   test.beforeEach(async ({ page }) => {
        |        ^
      5 |     // Login as admin
      6 |     await page.goto('/login');
      7 |     await page.fill('input[name="email"]', 'admin@example.com');
        at /Users/asithalakmal/Documents/web/final project/WeddingLK-next copy/tests/09-admin.spec.ts:4:8

    Error: page.fill: Test timeout of 30000ms exceeded.
    Call log:
      - waiting for locator('input[name="email"]')


       5 |     // Login as admin
       6 |     await page.goto('/login');
    >  7 |     await page.fill('input[name="email"]', 'admin@example.com');
         |                ^
       8 |     await page.fill('input[name="password"]', 'AdminPassword123!');
       9 |     await page.click('button[type="submit"]');
      10 |     await expect(page).toHaveURL(/dashboard/);
        at /Users/asithalakmal/Documents/web/final project/WeddingLK-next copy/tests/09-admin.spec.ts:7:16

    attachment #1: screenshot (image/png) ──────────────────────────────────────────────────────────
    ../test-results/09-admin-Admin-Panel-Tests-should-manage-users-Mobile-Chrome/test-failed-1.png
    ────────────────────────────────────────────────────────────────────────────────────────────────

    attachment #2: video (video/webm) ──────────────────────────────────────────────────────────────
    ../test-results/09-admin-Admin-Panel-Tests-should-manage-users-Mobile-Chrome/video.webm
    ────────────────────────────────────────────────────────────────────────────────────────────────

    Error Context: ../test-results/09-admin-Admin-Panel-Tests-should-manage-users-Mobile-Chrome/error-context.md
]]>
</failure>
<system-out>
<![CDATA[
[[ATTACHMENT|test-results/09-admin-Admin-Panel-Tests-should-manage-users-Mobile-Chrome/test-failed-1.png]]

[[ATTACHMENT|test-results/09-admin-Admin-Panel-Tests-should-manage-users-Mobile-Chrome/video.webm]]

[[ATTACHMENT|test-results/09-admin-Admin-Panel-Tests-should-manage-users-Mobile-Chrome/error-context.md]]
]]>
</system-out>
</testcase>
<testcase name="Admin Panel Tests › should ban/unban user" classname="09-admin.spec.ts" time="33.01">
<failure message="09-admin.spec.ts:66:7 should ban/unban user" type="FAILURE">
<![CDATA[  [Mobile Chrome] › 09-admin.spec.ts:66:7 › Admin Panel Tests › should ban/unban user ──────────────

    Test timeout of 30000ms exceeded while running "beforeEach" hook.

      2 |
      3 | test.describe('Admin Panel Tests', () => {
    > 4 |   test.beforeEach(async ({ page }) => {
        |        ^
      5 |     // Login as admin
      6 |     await page.goto('/login');
      7 |     await page.fill('input[name="email"]', 'admin@example.com');
        at /Users/asithalakmal/Documents/web/final project/WeddingLK-next copy/tests/09-admin.spec.ts:4:8

    Error: page.fill: Test timeout of 30000ms exceeded.
    Call log:
      - waiting for locator('input[name="email"]')


       5 |     // Login as admin
       6 |     await page.goto('/login');
    >  7 |     await page.fill('input[name="email"]', 'admin@example.com');
         |                ^
       8 |     await page.fill('input[name="password"]', 'AdminPassword123!');
       9 |     await page.click('button[type="submit"]');
      10 |     await expect(page).toHaveURL(/dashboard/);
        at /Users/asithalakmal/Documents/web/final project/WeddingLK-next copy/tests/09-admin.spec.ts:7:16

    attachment #1: screenshot (image/png) ──────────────────────────────────────────────────────────
    ../test-results/09-admin-Admin-Panel-Tests-should-ban-unban-user-Mobile-Chrome/test-failed-1.png
    ────────────────────────────────────────────────────────────────────────────────────────────────

    attachment #2: video (video/webm) ──────────────────────────────────────────────────────────────
    ../test-results/09-admin-Admin-Panel-Tests-should-ban-unban-user-Mobile-Chrome/video.webm
    ────────────────────────────────────────────────────────────────────────────────────────────────

    Error Context: ../test-results/09-admin-Admin-Panel-Tests-should-ban-unban-user-Mobile-Chrome/error-context.md
]]>
</failure>
<system-out>
<![CDATA[
[[ATTACHMENT|test-results/09-admin-Admin-Panel-Tests-should-ban-unban-user-Mobile-Chrome/test-failed-1.png]]

[[ATTACHMENT|test-results/09-admin-Admin-Panel-Tests-should-ban-unban-user-Mobile-Chrome/video.webm]]

[[ATTACHMENT|test-results/09-admin-Admin-Panel-Tests-should-ban-unban-user-Mobile-Chrome/error-context.md]]
]]>
</system-out>
</testcase>
<testcase name="Admin Panel Tests › should manage vendors" classname="09-admin.spec.ts" time="33.369">
<failure message="09-admin.spec.ts:85:7 should manage vendors" type="FAILURE">
<![CDATA[  [Mobile Chrome] › 09-admin.spec.ts:85:7 › Admin Panel Tests › should manage vendors ──────────────

    Test timeout of 30000ms exceeded while running "beforeEach" hook.

      2 |
      3 | test.describe('Admin Panel Tests', () => {
    > 4 |   test.beforeEach(async ({ page }) => {
        |        ^
      5 |     // Login as admin
      6 |     await page.goto('/login');
      7 |     await page.fill('input[name="email"]', 'admin@example.com');
        at /Users/asithalakmal/Documents/web/final project/WeddingLK-next copy/tests/09-admin.spec.ts:4:8

    Error: page.fill: Test timeout of 30000ms exceeded.
    Call log:
      - waiting for locator('input[name="email"]')


       5 |     // Login as admin
       6 |     await page.goto('/login');
    >  7 |     await page.fill('input[name="email"]', 'admin@example.com');
         |                ^
       8 |     await page.fill('input[name="password"]', 'AdminPassword123!');
       9 |     await page.click('button[type="submit"]');
      10 |     await expect(page).toHaveURL(/dashboard/);
        at /Users/asithalakmal/Documents/web/final project/WeddingLK-next copy/tests/09-admin.spec.ts:7:16

    attachment #1: screenshot (image/png) ──────────────────────────────────────────────────────────
    ../test-results/09-admin-Admin-Panel-Tests-should-manage-vendors-Mobile-Chrome/test-failed-1.png
    ────────────────────────────────────────────────────────────────────────────────────────────────

    attachment #2: video (video/webm) ──────────────────────────────────────────────────────────────
    ../test-results/09-admin-Admin-Panel-Tests-should-manage-vendors-Mobile-Chrome/video.webm
    ────────────────────────────────────────────────────────────────────────────────────────────────

    Error Context: ../test-results/09-admin-Admin-Panel-Tests-should-manage-vendors-Mobile-Chrome/error-context.md
]]>
</failure>
<system-out>
<![CDATA[
[[ATTACHMENT|test-results/09-admin-Admin-Panel-Tests-should-manage-vendors-Mobile-Chrome/test-failed-1.png]]

[[ATTACHMENT|test-results/09-admin-Admin-Panel-Tests-should-manage-vendors-Mobile-Chrome/video.webm]]

[[ATTACHMENT|test-results/09-admin-Admin-Panel-Tests-should-manage-vendors-Mobile-Chrome/error-context.md]]
]]>
</system-out>
</testcase>
<testcase name="Admin Panel Tests › should reject vendor application" classname="09-admin.spec.ts" time="32.814">
<failure message="09-admin.spec.ts:106:7 should reject vendor application" type="FAILURE">
<![CDATA[  [Mobile Chrome] › 09-admin.spec.ts:106:7 › Admin Panel Tests › should reject vendor application ──

    Test timeout of 30000ms exceeded while running "beforeEach" hook.

      2 |
      3 | test.describe('Admin Panel Tests', () => {
    > 4 |   test.beforeEach(async ({ page }) => {
        |        ^
      5 |     // Login as admin
      6 |     await page.goto('/login');
      7 |     await page.fill('input[name="email"]', 'admin@example.com');
        at /Users/asithalakmal/Documents/web/final project/WeddingLK-next copy/tests/09-admin.spec.ts:4:8

    Error: page.fill: Test timeout of 30000ms exceeded.
    Call log:
      - waiting for locator('input[name="email"]')


       5 |     // Login as admin
       6 |     await page.goto('/login');
    >  7 |     await page.fill('input[name="email"]', 'admin@example.com');
         |                ^
       8 |     await page.fill('input[name="password"]', 'AdminPassword123!');
       9 |     await page.click('button[type="submit"]');
      10 |     await expect(page).toHaveURL(/dashboard/);
        at /Users/asithalakmal/Documents/web/final project/WeddingLK-next copy/tests/09-admin.spec.ts:7:16

    attachment #1: screenshot (image/png) ──────────────────────────────────────────────────────────
    ../test-results/09-admin-Admin-Panel-Tests-should-reject-vendor-application-Mobile-Chrome/test-failed-1.png
    ────────────────────────────────────────────────────────────────────────────────────────────────

    attachment #2: video (video/webm) ──────────────────────────────────────────────────────────────
    ../test-results/09-admin-Admin-Panel-Tests-should-reject-vendor-application-Mobile-Chrome/video.webm
    ────────────────────────────────────────────────────────────────────────────────────────────────

    Error Context: ../test-results/09-admin-Admin-Panel-Tests-should-reject-vendor-application-Mobile-Chrome/error-context.md
]]>
</failure>
<system-out>
<![CDATA[
[[ATTACHMENT|test-results/09-admin-Admin-Panel-Tests-should-reject-vendor-application-Mobile-Chrome/test-failed-1.png]]

[[ATTACHMENT|test-results/09-admin-Admin-Panel-Tests-should-reject-vendor-application-Mobile-Chrome/video.webm]]

[[ATTACHMENT|test-results/09-admin-Admin-Panel-Tests-should-reject-vendor-application-Mobile-Chrome/error-context.md]]
]]>
</system-out>
</testcase>
<testcase name="Admin Panel Tests › should manage bookings" classname="09-admin.spec.ts" time="33.209">
<failure message="09-admin.spec.ts:125:7 should manage bookings" type="FAILURE">
<![CDATA[  [Mobile Chrome] › 09-admin.spec.ts:125:7 › Admin Panel Tests › should manage bookings ────────────

    Test timeout of 30000ms exceeded while running "beforeEach" hook.

      2 |
      3 | test.describe('Admin Panel Tests', () => {
    > 4 |   test.beforeEach(async ({ page }) => {
        |        ^
      5 |     // Login as admin
      6 |     await page.goto('/login');
      7 |     await page.fill('input[name="email"]', 'admin@example.com');
        at /Users/asithalakmal/Documents/web/final project/WeddingLK-next copy/tests/09-admin.spec.ts:4:8

    Error: page.fill: Test timeout of 30000ms exceeded.
    Call log:
      - waiting for locator('input[name="email"]')


       5 |     // Login as admin
       6 |     await page.goto('/login');
    >  7 |     await page.fill('input[name="email"]', 'admin@example.com');
         |                ^
       8 |     await page.fill('input[name="password"]', 'AdminPassword123!');
       9 |     await page.click('button[type="submit"]');
      10 |     await expect(page).toHaveURL(/dashboard/);
        at /Users/asithalakmal/Documents/web/final project/WeddingLK-next copy/tests/09-admin.spec.ts:7:16

    attachment #1: screenshot (image/png) ──────────────────────────────────────────────────────────
    ../test-results/09-admin-Admin-Panel-Tests-should-manage-bookings-Mobile-Chrome/test-failed-1.png
    ────────────────────────────────────────────────────────────────────────────────────────────────

    attachment #2: video (video/webm) ──────────────────────────────────────────────────────────────
    ../test-results/09-admin-Admin-Panel-Tests-should-manage-bookings-Mobile-Chrome/video.webm
    ────────────────────────────────────────────────────────────────────────────────────────────────

    Error Context: ../test-results/09-admin-Admin-Panel-Tests-should-manage-bookings-Mobile-Chrome/error-context.md
]]>
</failure>
<system-out>
<![CDATA[
[[ATTACHMENT|test-results/09-admin-Admin-Panel-Tests-should-manage-bookings-Mobile-Chrome/test-failed-1.png]]

[[ATTACHMENT|test-results/09-admin-Admin-Panel-Tests-should-manage-bookings-Mobile-Chrome/video.webm]]

[[ATTACHMENT|test-results/09-admin-Admin-Panel-Tests-should-manage-bookings-Mobile-Chrome/error-context.md]]
]]>
</system-out>
</testcase>
<testcase name="Admin Panel Tests › should cancel booking" classname="09-admin.spec.ts" time="33.139">
<failure message="09-admin.spec.ts:146:7 should cancel booking" type="FAILURE">
<![CDATA[  [Mobile Chrome] › 09-admin.spec.ts:146:7 › Admin Panel Tests › should cancel booking ─────────────

    Test timeout of 30000ms exceeded while running "beforeEach" hook.

      2 |
      3 | test.describe('Admin Panel Tests', () => {
    > 4 |   test.beforeEach(async ({ page }) => {
        |        ^
      5 |     // Login as admin
      6 |     await page.goto('/login');
      7 |     await page.fill('input[name="email"]', 'admin@example.com');
        at /Users/asithalakmal/Documents/web/final project/WeddingLK-next copy/tests/09-admin.spec.ts:4:8

    Error: page.fill: Test timeout of 30000ms exceeded.
    Call log:
      - waiting for locator('input[name="email"]')


       5 |     // Login as admin
       6 |     await page.goto('/login');
    >  7 |     await page.fill('input[name="email"]', 'admin@example.com');
         |                ^
       8 |     await page.fill('input[name="password"]', 'AdminPassword123!');
       9 |     await page.click('button[type="submit"]');
      10 |     await expect(page).toHaveURL(/dashboard/);
        at /Users/asithalakmal/Documents/web/final project/WeddingLK-next copy/tests/09-admin.spec.ts:7:16

    attachment #1: screenshot (image/png) ──────────────────────────────────────────────────────────
    ../test-results/09-admin-Admin-Panel-Tests-should-cancel-booking-Mobile-Chrome/test-failed-1.png
    ────────────────────────────────────────────────────────────────────────────────────────────────

    attachment #2: video (video/webm) ──────────────────────────────────────────────────────────────
    ../test-results/09-admin-Admin-Panel-Tests-should-cancel-booking-Mobile-Chrome/video.webm
    ────────────────────────────────────────────────────────────────────────────────────────────────

    Error Context: ../test-results/09-admin-Admin-Panel-Tests-should-cancel-booking-Mobile-Chrome/error-context.md
]]>
</failure>
<system-out>
<![CDATA[
[[ATTACHMENT|test-results/09-admin-Admin-Panel-Tests-should-cancel-booking-Mobile-Chrome/test-failed-1.png]]

[[ATTACHMENT|test-results/09-admin-Admin-Panel-Tests-should-cancel-booking-Mobile-Chrome/video.webm]]

[[ATTACHMENT|test-results/09-admin-Admin-Panel-Tests-should-cancel-booking-Mobile-Chrome/error-context.md]]
]]>
</system-out>
</testcase>
<testcase name="Admin Panel Tests › should view analytics" classname="09-admin.spec.ts" time="33.172">
<failure message="09-admin.spec.ts:165:7 should view analytics" type="FAILURE">
<![CDATA[  [Mobile Chrome] › 09-admin.spec.ts:165:7 › Admin Panel Tests › should view analytics ─────────────

    Test timeout of 30000ms exceeded while running "beforeEach" hook.

      2 |
      3 | test.describe('Admin Panel Tests', () => {
    > 4 |   test.beforeEach(async ({ page }) => {
        |        ^
      5 |     // Login as admin
      6 |     await page.goto('/login');
      7 |     await page.fill('input[name="email"]', 'admin@example.com');
        at /Users/asithalakmal/Documents/web/final project/WeddingLK-next copy/tests/09-admin.spec.ts:4:8

    Error: page.fill: Test timeout of 30000ms exceeded.
    Call log:
      - waiting for locator('input[name="email"]')


       5 |     // Login as admin
       6 |     await page.goto('/login');
    >  7 |     await page.fill('input[name="email"]', 'admin@example.com');
         |                ^
       8 |     await page.fill('input[name="password"]', 'AdminPassword123!');
       9 |     await page.click('button[type="submit"]');
      10 |     await expect(page).toHaveURL(/dashboard/);
        at /Users/asithalakmal/Documents/web/final project/WeddingLK-next copy/tests/09-admin.spec.ts:7:16

    attachment #1: screenshot (image/png) ──────────────────────────────────────────────────────────
    ../test-results/09-admin-Admin-Panel-Tests-should-view-analytics-Mobile-Chrome/test-failed-1.png
    ────────────────────────────────────────────────────────────────────────────────────────────────

    attachment #2: video (video/webm) ──────────────────────────────────────────────────────────────
    ../test-results/09-admin-Admin-Panel-Tests-should-view-analytics-Mobile-Chrome/video.webm
    ────────────────────────────────────────────────────────────────────────────────────────────────

    Error Context: ../test-results/09-admin-Admin-Panel-Tests-should-view-analytics-Mobile-Chrome/error-context.md
]]>
</failure>
<system-out>
<![CDATA[
[[ATTACHMENT|test-results/09-admin-Admin-Panel-Tests-should-view-analytics-Mobile-Chrome/test-failed-1.png]]

[[ATTACHMENT|test-results/09-admin-Admin-Panel-Tests-should-view-analytics-Mobile-Chrome/video.webm]]

[[ATTACHMENT|test-results/09-admin-Admin-Panel-Tests-should-view-analytics-Mobile-Chrome/error-context.md]]
]]>
</system-out>
</testcase>
<testcase name="Admin Panel Tests › should export data" classname="09-admin.spec.ts" time="33.299">
<failure message="09-admin.spec.ts:179:7 should export data" type="FAILURE">
<![CDATA[  [Mobile Chrome] › 09-admin.spec.ts:179:7 › Admin Panel Tests › should export data ────────────────

    Test timeout of 30000ms exceeded while running "beforeEach" hook.

      2 |
      3 | test.describe('Admin Panel Tests', () => {
    > 4 |   test.beforeEach(async ({ page }) => {
        |        ^
      5 |     // Login as admin
      6 |     await page.goto('/login');
      7 |     await page.fill('input[name="email"]', 'admin@example.com');
        at /Users/asithalakmal/Documents/web/final project/WeddingLK-next copy/tests/09-admin.spec.ts:4:8

    Error: page.fill: Test timeout of 30000ms exceeded.
    Call log:
      - waiting for locator('input[name="email"]')


       5 |     // Login as admin
       6 |     await page.goto('/login');
    >  7 |     await page.fill('input[name="email"]', 'admin@example.com');
         |                ^
       8 |     await page.fill('input[name="password"]', 'AdminPassword123!');
       9 |     await page.click('button[type="submit"]');
      10 |     await expect(page).toHaveURL(/dashboard/);
        at /Users/asithalakmal/Documents/web/final project/WeddingLK-next copy/tests/09-admin.spec.ts:7:16

    attachment #1: screenshot (image/png) ──────────────────────────────────────────────────────────
    ../test-results/09-admin-Admin-Panel-Tests-should-export-data-Mobile-Chrome/test-failed-1.png
    ────────────────────────────────────────────────────────────────────────────────────────────────

    attachment #2: video (video/webm) ──────────────────────────────────────────────────────────────
    ../test-results/09-admin-Admin-Panel-Tests-should-export-data-Mobile-Chrome/video.webm
    ────────────────────────────────────────────────────────────────────────────────────────────────

    Error Context: ../test-results/09-admin-Admin-Panel-Tests-should-export-data-Mobile-Chrome/error-context.md
]]>
</failure>
<system-out>
<![CDATA[
[[ATTACHMENT|test-results/09-admin-Admin-Panel-Tests-should-export-data-Mobile-Chrome/test-failed-1.png]]

[[ATTACHMENT|test-results/09-admin-Admin-Panel-Tests-should-export-data-Mobile-Chrome/video.webm]]

[[ATTACHMENT|test-results/09-admin-Admin-Panel-Tests-should-export-data-Mobile-Chrome/error-context.md]]
]]>
</system-out>
</testcase>
<testcase name="Admin Panel Tests › should manage system settings" classname="09-admin.spec.ts" time="33.153">
<failure message="09-admin.spec.ts:194:7 should manage system settings" type="FAILURE">
<![CDATA[  [Mobile Chrome] › 09-admin.spec.ts:194:7 › Admin Panel Tests › should manage system settings ─────

    Test timeout of 30000ms exceeded while running "beforeEach" hook.

      2 |
      3 | test.describe('Admin Panel Tests', () => {
    > 4 |   test.beforeEach(async ({ page }) => {
        |        ^
      5 |     // Login as admin
      6 |     await page.goto('/login');
      7 |     await page.fill('input[name="email"]', 'admin@example.com');
        at /Users/asithalakmal/Documents/web/final project/WeddingLK-next copy/tests/09-admin.spec.ts:4:8

    Error: page.fill: Test timeout of 30000ms exceeded.
    Call log:
      - waiting for locator('input[name="email"]')


       5 |     // Login as admin
       6 |     await page.goto('/login');
    >  7 |     await page.fill('input[name="email"]', 'admin@example.com');
         |                ^
       8 |     await page.fill('input[name="password"]', 'AdminPassword123!');
       9 |     await page.click('button[type="submit"]');
      10 |     await expect(page).toHaveURL(/dashboard/);
        at /Users/asithalakmal/Documents/web/final project/WeddingLK-next copy/tests/09-admin.spec.ts:7:16

    attachment #1: screenshot (image/png) ──────────────────────────────────────────────────────────
    ../test-results/09-admin-Admin-Panel-Tests-should-manage-system-settings-Mobile-Chrome/test-failed-1.png
    ────────────────────────────────────────────────────────────────────────────────────────────────

    attachment #2: video (video/webm) ──────────────────────────────────────────────────────────────
    ../test-results/09-admin-Admin-Panel-Tests-should-manage-system-settings-Mobile-Chrome/video.webm
    ────────────────────────────────────────────────────────────────────────────────────────────────

    Error Context: ../test-results/09-admin-Admin-Panel-Tests-should-manage-system-settings-Mobile-Chrome/error-context.md
]]>
</failure>
<system-out>
<![CDATA[
[[ATTACHMENT|test-results/09-admin-Admin-Panel-Tests-should-manage-system-settings-Mobile-Chrome/test-failed-1.png]]

[[ATTACHMENT|test-results/09-admin-Admin-Panel-Tests-should-manage-system-settings-Mobile-Chrome/video.webm]]

[[ATTACHMENT|test-results/09-admin-Admin-Panel-Tests-should-manage-system-settings-Mobile-Chrome/error-context.md]]
]]>
</system-out>
</testcase>
<testcase name="Admin Panel Tests › should manage payment settings" classname="09-admin.spec.ts" time="32.969">
<failure message="09-admin.spec.ts:212:7 should manage payment settings" type="FAILURE">
<![CDATA[  [Mobile Chrome] › 09-admin.spec.ts:212:7 › Admin Panel Tests › should manage payment settings ────

    Test timeout of 30000ms exceeded while running "beforeEach" hook.

      2 |
      3 | test.describe('Admin Panel Tests', () => {
    > 4 |   test.beforeEach(async ({ page }) => {
        |        ^
      5 |     // Login as admin
      6 |     await page.goto('/login');
      7 |     await page.fill('input[name="email"]', 'admin@example.com');
        at /Users/asithalakmal/Documents/web/final project/WeddingLK-next copy/tests/09-admin.spec.ts:4:8

    Error: page.fill: Test timeout of 30000ms exceeded.
    Call log:
      - waiting for locator('input[name="email"]')


       5 |     // Login as admin
       6 |     await page.goto('/login');
    >  7 |     await page.fill('input[name="email"]', 'admin@example.com');
         |                ^
       8 |     await page.fill('input[name="password"]', 'AdminPassword123!');
       9 |     await page.click('button[type="submit"]');
      10 |     await expect(page).toHaveURL(/dashboard/);
        at /Users/asithalakmal/Documents/web/final project/WeddingLK-next copy/tests/09-admin.spec.ts:7:16

    attachment #1: screenshot (image/png) ──────────────────────────────────────────────────────────
    ../test-results/09-admin-Admin-Panel-Tests-should-manage-payment-settings-Mobile-Chrome/test-failed-1.png
    ────────────────────────────────────────────────────────────────────────────────────────────────

    attachment #2: video (video/webm) ──────────────────────────────────────────────────────────────
    ../test-results/09-admin-Admin-Panel-Tests-should-manage-payment-settings-Mobile-Chrome/video.webm
    ────────────────────────────────────────────────────────────────────────────────────────────────

    Error Context: ../test-results/09-admin-Admin-Panel-Tests-should-manage-payment-settings-Mobile-Chrome/error-context.md
]]>
</failure>
<system-out>
<![CDATA[
[[ATTACHMENT|test-results/09-admin-Admin-Panel-Tests-should-manage-payment-settings-Mobile-Chrome/test-failed-1.png]]

[[ATTACHMENT|test-results/09-admin-Admin-Panel-Tests-should-manage-payment-settings-Mobile-Chrome/video.webm]]

[[ATTACHMENT|test-results/09-admin-Admin-Panel-Tests-should-manage-payment-settings-Mobile-Chrome/error-context.md]]
]]>
</system-out>
</testcase>
<testcase name="Admin Panel Tests › should view system logs" classname="09-admin.spec.ts" time="34.057">
<failure message="09-admin.spec.ts:230:7 should view system logs" type="FAILURE">
<![CDATA[  [Mobile Chrome] › 09-admin.spec.ts:230:7 › Admin Panel Tests › should view system logs ───────────

    Test timeout of 30000ms exceeded while running "beforeEach" hook.

      2 |
      3 | test.describe('Admin Panel Tests', () => {
    > 4 |   test.beforeEach(async ({ page }) => {
        |        ^
      5 |     // Login as admin
      6 |     await page.goto('/login');
      7 |     await page.fill('input[name="email"]', 'admin@example.com');
        at /Users/asithalakmal/Documents/web/final project/WeddingLK-next copy/tests/09-admin.spec.ts:4:8

    Error: page.fill: Test timeout of 30000ms exceeded.
    Call log:
      - waiting for locator('input[name="email"]')


       5 |     // Login as admin
       6 |     await page.goto('/login');
    >  7 |     await page.fill('input[name="email"]', 'admin@example.com');
         |                ^
       8 |     await page.fill('input[name="password"]', 'AdminPassword123!');
       9 |     await page.click('button[type="submit"]');
      10 |     await expect(page).toHaveURL(/dashboard/);
        at /Users/asithalakmal/Documents/web/final project/WeddingLK-next copy/tests/09-admin.spec.ts:7:16

    attachment #1: screenshot (image/png) ──────────────────────────────────────────────────────────
    ../test-results/09-admin-Admin-Panel-Tests-should-view-system-logs-Mobile-Chrome/test-failed-1.png
    ────────────────────────────────────────────────────────────────────────────────────────────────

    attachment #2: video (video/webm) ──────────────────────────────────────────────────────────────
    ../test-results/09-admin-Admin-Panel-Tests-should-view-system-logs-Mobile-Chrome/video.webm
    ────────────────────────────────────────────────────────────────────────────────────────────────

    Error Context: ../test-results/09-admin-Admin-Panel-Tests-should-view-system-logs-Mobile-Chrome/error-context.md
]]>
</failure>
<system-out>
<![CDATA[
[[ATTACHMENT|test-results/09-admin-Admin-Panel-Tests-should-view-system-logs-Mobile-Chrome/test-failed-1.png]]

[[ATTACHMENT|test-results/09-admin-Admin-Panel-Tests-should-view-system-logs-Mobile-Chrome/video.webm]]

[[ATTACHMENT|test-results/09-admin-Admin-Panel-Tests-should-view-system-logs-Mobile-Chrome/error-context.md]]
]]>
</system-out>
</testcase>
<testcase name="Admin Panel Tests › should manage content moderation" classname="09-admin.spec.ts" time="33.717">
<failure message="09-admin.spec.ts:244:7 should manage content moderation" type="FAILURE">
<![CDATA[  [Mobile Chrome] › 09-admin.spec.ts:244:7 › Admin Panel Tests › should manage content moderation ──

    Test timeout of 30000ms exceeded while running "beforeEach" hook.

      2 |
      3 | test.describe('Admin Panel Tests', () => {
    > 4 |   test.beforeEach(async ({ page }) => {
        |        ^
      5 |     // Login as admin
      6 |     await page.goto('/login');
      7 |     await page.fill('input[name="email"]', 'admin@example.com');
        at /Users/asithalakmal/Documents/web/final project/WeddingLK-next copy/tests/09-admin.spec.ts:4:8

    Error: page.fill: Test timeout of 30000ms exceeded.
    Call log:
      - waiting for locator('input[name="email"]')


       5 |     // Login as admin
       6 |     await page.goto('/login');
    >  7 |     await page.fill('input[name="email"]', 'admin@example.com');
         |                ^
       8 |     await page.fill('input[name="password"]', 'AdminPassword123!');
       9 |     await page.click('button[type="submit"]');
      10 |     await expect(page).toHaveURL(/dashboard/);
        at /Users/asithalakmal/Documents/web/final project/WeddingLK-next copy/tests/09-admin.spec.ts:7:16

    attachment #1: screenshot (image/png) ──────────────────────────────────────────────────────────
    ../test-results/09-admin-Admin-Panel-Tests-should-manage-content-moderation-Mobile-Chrome/test-failed-1.png
    ────────────────────────────────────────────────────────────────────────────────────────────────

    attachment #2: video (video/webm) ──────────────────────────────────────────────────────────────
    ../test-results/09-admin-Admin-Panel-Tests-should-manage-content-moderation-Mobile-Chrome/video.webm
    ────────────────────────────────────────────────────────────────────────────────────────────────

    Error Context: ../test-results/09-admin-Admin-Panel-Tests-should-manage-content-moderation-Mobile-Chrome/error-context.md
]]>
</failure>
<system-out>
<![CDATA[
[[ATTACHMENT|test-results/09-admin-Admin-Panel-Tests-should-manage-content-moderation-Mobile-Chrome/test-failed-1.png]]

[[ATTACHMENT|test-results/09-admin-Admin-Panel-Tests-should-manage-content-moderation-Mobile-Chrome/video.webm]]

[[ATTACHMENT|test-results/09-admin-Admin-Panel-Tests-should-manage-content-moderation-Mobile-Chrome/error-context.md]]
]]>
</system-out>
</testcase>
<testcase name="Admin Panel Tests › should handle user reports" classname="09-admin.spec.ts" time="33.475">
<failure message="09-admin.spec.ts:265:7 should handle user reports" type="FAILURE">
<![CDATA[  [Mobile Chrome] › 09-admin.spec.ts:265:7 › Admin Panel Tests › should handle user reports ────────

    Test timeout of 30000ms exceeded while running "beforeEach" hook.

      2 |
      3 | test.describe('Admin Panel Tests', () => {
    > 4 |   test.beforeEach(async ({ page }) => {
        |        ^
      5 |     // Login as admin
      6 |     await page.goto('/login');
      7 |     await page.fill('input[name="email"]', 'admin@example.com');
        at /Users/asithalakmal/Documents/web/final project/WeddingLK-next copy/tests/09-admin.spec.ts:4:8

    Error: page.fill: Test timeout of 30000ms exceeded.
    Call log:
      - waiting for locator('input[name="email"]')


       5 |     // Login as admin
       6 |     await page.goto('/login');
    >  7 |     await page.fill('input[name="email"]', 'admin@example.com');
         |                ^
       8 |     await page.fill('input[name="password"]', 'AdminPassword123!');
       9 |     await page.click('button[type="submit"]');
      10 |     await expect(page).toHaveURL(/dashboard/);
        at /Users/asithalakmal/Documents/web/final project/WeddingLK-next copy/tests/09-admin.spec.ts:7:16

    attachment #1: screenshot (image/png) ──────────────────────────────────────────────────────────
    ../test-results/09-admin-Admin-Panel-Tests-should-handle-user-reports-Mobile-Chrome/test-failed-1.png
    ────────────────────────────────────────────────────────────────────────────────────────────────

    attachment #2: video (video/webm) ──────────────────────────────────────────────────────────────
    ../test-results/09-admin-Admin-Panel-Tests-should-handle-user-reports-Mobile-Chrome/video.webm
    ────────────────────────────────────────────────────────────────────────────────────────────────

    Error Context: ../test-results/09-admin-Admin-Panel-Tests-should-handle-user-reports-Mobile-Chrome/error-context.md
]]>
</failure>
<system-out>
<![CDATA[
[[ATTACHMENT|test-results/09-admin-Admin-Panel-Tests-should-handle-user-reports-Mobile-Chrome/test-failed-1.png]]

[[ATTACHMENT|test-results/09-admin-Admin-Panel-Tests-should-handle-user-reports-Mobile-Chrome/video.webm]]

[[ATTACHMENT|test-results/09-admin-Admin-Panel-Tests-should-handle-user-reports-Mobile-Chrome/error-context.md]]
]]>
</system-out>
</testcase>
<testcase name="Admin Panel Tests › should manage notifications" classname="09-admin.spec.ts" time="33.168">
<failure message="09-admin.spec.ts:286:7 should manage notifications" type="FAILURE">
<![CDATA[  [Mobile Chrome] › 09-admin.spec.ts:286:7 › Admin Panel Tests › should manage notifications ───────

    Test timeout of 30000ms exceeded while running "beforeEach" hook.

      2 |
      3 | test.describe('Admin Panel Tests', () => {
    > 4 |   test.beforeEach(async ({ page }) => {
        |        ^
      5 |     // Login as admin
      6 |     await page.goto('/login');
      7 |     await page.fill('input[name="email"]', 'admin@example.com');
        at /Users/asithalakmal/Documents/web/final project/WeddingLK-next copy/tests/09-admin.spec.ts:4:8

    Error: page.fill: Test timeout of 30000ms exceeded.
    Call log:
      - waiting for locator('input[name="email"]')


       5 |     // Login as admin
       6 |     await page.goto('/login');
    >  7 |     await page.fill('input[name="email"]', 'admin@example.com');
         |                ^
       8 |     await page.fill('input[name="password"]', 'AdminPassword123!');
       9 |     await page.click('button[type="submit"]');
      10 |     await expect(page).toHaveURL(/dashboard/);
        at /Users/asithalakmal/Documents/web/final project/WeddingLK-next copy/tests/09-admin.spec.ts:7:16

    attachment #1: screenshot (image/png) ──────────────────────────────────────────────────────────
    ../test-results/09-admin-Admin-Panel-Tests-should-manage-notifications-Mobile-Chrome/test-failed-1.png
    ────────────────────────────────────────────────────────────────────────────────────────────────

    attachment #2: video (video/webm) ──────────────────────────────────────────────────────────────
    ../test-results/09-admin-Admin-Panel-Tests-should-manage-notifications-Mobile-Chrome/video.webm
    ────────────────────────────────────────────────────────────────────────────────────────────────

    Error Context: ../test-results/09-admin-Admin-Panel-Tests-should-manage-notifications-Mobile-Chrome/error-context.md
]]>
</failure>
<system-out>
<![CDATA[
[[ATTACHMENT|test-results/09-admin-Admin-Panel-Tests-should-manage-notifications-Mobile-Chrome/test-failed-1.png]]

[[ATTACHMENT|test-results/09-admin-Admin-Panel-Tests-should-manage-notifications-Mobile-Chrome/video.webm]]

[[ATTACHMENT|test-results/09-admin-Admin-Panel-Tests-should-manage-notifications-Mobile-Chrome/error-context.md]]
]]>
</system-out>
</testcase>
<testcase name="Admin Panel Tests › should backup system data" classname="09-admin.spec.ts" time="38.906">
<failure message="09-admin.spec.ts:310:7 should backup system data" type="FAILURE">
<![CDATA[  [Mobile Chrome] › 09-admin.spec.ts:310:7 › Admin Panel Tests › should backup system data ─────────

    Test timeout of 30000ms exceeded while running "beforeEach" hook.

      2 |
      3 | test.describe('Admin Panel Tests', () => {
    > 4 |   test.beforeEach(async ({ page }) => {
        |        ^
      5 |     // Login as admin
      6 |     await page.goto('/login');
      7 |     await page.fill('input[name="email"]', 'admin@example.com');
        at /Users/asithalakmal/Documents/web/final project/WeddingLK-next copy/tests/09-admin.spec.ts:4:8

    Error: page.fill: Test timeout of 30000ms exceeded.
    Call log:
      - waiting for locator('input[name="email"]')


       5 |     // Login as admin
       6 |     await page.goto('/login');
    >  7 |     await page.fill('input[name="email"]', 'admin@example.com');
         |                ^
       8 |     await page.fill('input[name="password"]', 'AdminPassword123!');
       9 |     await page.click('button[type="submit"]');
      10 |     await expect(page).toHaveURL(/dashboard/);
        at /Users/asithalakmal/Documents/web/final project/WeddingLK-next copy/tests/09-admin.spec.ts:7:16

    attachment #1: screenshot (image/png) ──────────────────────────────────────────────────────────
    ../test-results/09-admin-Admin-Panel-Tests-should-backup-system-data-Mobile-Chrome/test-failed-1.png
    ────────────────────────────────────────────────────────────────────────────────────────────────

    attachment #2: video (video/webm) ──────────────────────────────────────────────────────────────
    ../test-results/09-admin-Admin-Panel-Tests-should-backup-system-data-Mobile-Chrome/video.webm
    ────────────────────────────────────────────────────────────────────────────────────────────────

    Error Context: ../test-results/09-admin-Admin-Panel-Tests-should-backup-system-data-Mobile-Chrome/error-context.md
]]>
</failure>
<system-out>
<![CDATA[
[[ATTACHMENT|test-results/09-admin-Admin-Panel-Tests-should-backup-system-data-Mobile-Chrome/test-failed-1.png]]

[[ATTACHMENT|test-results/09-admin-Admin-Panel-Tests-should-backup-system-data-Mobile-Chrome/video.webm]]

[[ATTACHMENT|test-results/09-admin-Admin-Panel-Tests-should-backup-system-data-Mobile-Chrome/error-context.md]]
]]>
</system-out>
</testcase>
</testsuite>
<testsuite name="10-api.spec.ts" timestamp="2025-10-20T22:56:09.042Z" hostname="Mobile Chrome" tests="14" failures="14" skipped="0" time="25.971" errors="0">
<testcase name="API Endpoints Tests › should test authentication endpoints" classname="10-api.spec.ts" time="0.888">
<failure message="10-api.spec.ts:4:7 should test authentication endpoints" type="FAILURE">
<![CDATA[  [Mobile Chrome] › 10-api.spec.ts:4:7 › API Endpoints Tests › should test authentication endpoints 

    Error: expect(received).toBe(expected) // Object.is equality

    Expected: 200
    Received: 400

      10 |       }
      11 |     });
    > 12 |     expect(loginResponse.status()).toBe(200);
         |                                    ^
      13 |     
      14 |     // Test register endpoint
      15 |     const registerResponse = await request.post('/api/auth/register', {
        at /Users/asithalakmal/Documents/web/final project/WeddingLK-next copy/tests/10-api.spec.ts:12:36
]]>
</failure>
</testcase>
<testcase name="API Endpoints Tests › should test venues CRUD endpoints" classname="10-api.spec.ts" time="2.489">
<failure message="10-api.spec.ts:27:7 should test venues CRUD endpoints" type="FAILURE">
<![CDATA[  [Mobile Chrome] › 10-api.spec.ts:27:7 › API Endpoints Tests › should test venues CRUD endpoints ──

    Error: expect(received).toBe(expected) // Object.is equality

    Expected: 201
    Received: 400

      40 |       }
      41 |     });
    > 42 |     expect(createVenueResponse.status()).toBe(201);
         |                                          ^
      43 |     
      44 |     const venueId = (await createVenueResponse.json()).id;
      45 |     
        at /Users/asithalakmal/Documents/web/final project/WeddingLK-next copy/tests/10-api.spec.ts:42:42
]]>
</failure>
</testcase>
<testcase name="API Endpoints Tests › should test vendors CRUD endpoints" classname="10-api.spec.ts" time="1.661">
<failure message="10-api.spec.ts:63:7 should test vendors CRUD endpoints" type="FAILURE">
<![CDATA[  [Mobile Chrome] › 10-api.spec.ts:63:7 › API Endpoints Tests › should test vendors CRUD endpoints ─

    Error: expect(received).toBe(expected) // Object.is equality

    Expected: 201
    Received: 400

      77 |       }
      78 |     });
    > 79 |     expect(createVendorResponse.status()).toBe(201);
         |                                           ^
      80 |     
      81 |     const vendorId = (await createVendorResponse.json()).id;
      82 |     
        at /Users/asithalakmal/Documents/web/final project/WeddingLK-next copy/tests/10-api.spec.ts:79:43
]]>
</failure>
</testcase>
<testcase name="API Endpoints Tests › should test bookings CRUD endpoints" classname="10-api.spec.ts" time="1.052">
<failure message="10-api.spec.ts:100:7 should test bookings CRUD endpoints" type="FAILURE">
<![CDATA[  [Mobile Chrome] › 10-api.spec.ts:100:7 › API Endpoints Tests › should test bookings CRUD endpoints 

    Error: expect(received).toBe(expected) // Object.is equality

    Expected: 200
    Received: 401

      101 |     // Test get bookings
      102 |     const getBookingsResponse = await request.get('/api/bookings');
    > 103 |     expect(getBookingsResponse.status()).toBe(200);
          |                                          ^
      104 |     
      105 |     // Test create booking
      106 |     const createBookingResponse = await request.post('/api/bookings', {
        at /Users/asithalakmal/Documents/web/final project/WeddingLK-next copy/tests/10-api.spec.ts:103:42
]]>
</failure>
</testcase>
<testcase name="API Endpoints Tests › should test payments endpoints" classname="10-api.spec.ts" time="1.041">
<failure message="10-api.spec.ts:138:7 should test payments endpoints" type="FAILURE">
<![CDATA[  [Mobile Chrome] › 10-api.spec.ts:138:7 › API Endpoints Tests › should test payments endpoints ────

    Error: expect(received).toBe(expected) // Object.is equality

    Expected: 200
    Received: 401

      145 |       }
      146 |     });
    > 147 |     expect(createPaymentIntentResponse.status()).toBe(200);
          |                                                  ^
      148 |     
      149 |     // Test get payments
      150 |     const getPaymentsResponse = await request.get('/api/payments');
        at /Users/asithalakmal/Documents/web/final project/WeddingLK-next copy/tests/10-api.spec.ts:147:50
]]>
</failure>
</testcase>
<testcase name="API Endpoints Tests › should test posts CRUD endpoints" classname="10-api.spec.ts" time="1.659">
<failure message="10-api.spec.ts:154:7 should test posts CRUD endpoints" type="FAILURE">
<![CDATA[  [Mobile Chrome] › 10-api.spec.ts:154:7 › API Endpoints Tests › should test posts CRUD endpoints ──

    Error: expect(received).toBe(expected) // Object.is equality

    Expected: 201
    Received: 400

      165 |       }
      166 |     });
    > 167 |     expect(createPostResponse.status()).toBe(201);
          |                                         ^
      168 |     
      169 |     const postId = (await createPostResponse.json()).id;
      170 |     
        at /Users/asithalakmal/Documents/web/final project/WeddingLK-next copy/tests/10-api.spec.ts:167:41
]]>
</failure>
</testcase>
<testcase name="API Endpoints Tests › should test messages endpoints" classname="10-api.spec.ts" time="0.964">
<failure message="10-api.spec.ts:188:7 should test messages endpoints" type="FAILURE">
<![CDATA[  [Mobile Chrome] › 10-api.spec.ts:188:7 › API Endpoints Tests › should test messages endpoints ────

    Error: expect(received).toBe(expected) // Object.is equality

    Expected: 200
    Received: 401

      189 |     // Test get messages
      190 |     const getMessagesResponse = await request.get('/api/messages');
    > 191 |     expect(getMessagesResponse.status()).toBe(200);
          |                                          ^
      192 |     
      193 |     // Test create message
      194 |     const createMessageResponse = await request.post('/api/messages', {
        at /Users/asithalakmal/Documents/web/final project/WeddingLK-next copy/tests/10-api.spec.ts:191:42
]]>
</failure>
</testcase>
<testcase name="API Endpoints Tests › should test search endpoints" classname="10-api.spec.ts" time="0.641">
<failure message="10-api.spec.ts:222:7 should test search endpoints" type="FAILURE">
<![CDATA[  [Mobile Chrome] › 10-api.spec.ts:222:7 › API Endpoints Tests › should test search endpoints ──────

    Error: expect(received).toBe(expected) // Object.is equality

    Expected: 200
    Received: 404

      223 |     // Test search venues
      224 |     const searchVenuesResponse = await request.get('/api/search/venues?q=hotel');
    > 225 |     expect(searchVenuesResponse.status()).toBe(200);
          |                                           ^
      226 |     
      227 |     // Test search vendors
      228 |     const searchVendorsResponse = await request.get('/api/search/vendors?q=photography');
        at /Users/asithalakmal/Documents/web/final project/WeddingLK-next copy/tests/10-api.spec.ts:225:43
]]>
</failure>
</testcase>
<testcase name="API Endpoints Tests › should test analytics endpoints" classname="10-api.spec.ts" time="2.624">
<failure message="10-api.spec.ts:236:7 should test analytics endpoints" type="FAILURE">
<![CDATA[  [Mobile Chrome] › 10-api.spec.ts:236:7 › API Endpoints Tests › should test analytics endpoints ───

    Error: expect(received).toBe(expected) // Object.is equality

    Expected: 200
    Received: 404

      241 |     // Test get user analytics
      242 |     const getUserAnalyticsResponse = await request.get('/api/analytics/users');
    > 243 |     expect(getUserAnalyticsResponse.status()).toBe(200);
          |                                               ^
      244 |     
      245 |     // Test get booking analytics
      246 |     const getBookingAnalyticsResponse = await request.get('/api/analytics/bookings');
        at /Users/asithalakmal/Documents/web/final project/WeddingLK-next copy/tests/10-api.spec.ts:243:47
]]>
</failure>
</testcase>
<testcase name="API Endpoints Tests › should test file upload endpoints" classname="10-api.spec.ts" time="0.184">
<failure message="10-api.spec.ts:250:7 should test file upload endpoints" type="FAILURE">
<![CDATA[  [Mobile Chrome] › 10-api.spec.ts:250:7 › API Endpoints Tests › should test file upload endpoints ─

    TypeError: apiRequestContext.post: stream.on is not a function

      250 |   test('should test file upload endpoints', async ({ request }) => {
      251 |     // Test upload image
    > 252 |     const uploadImageResponse = await request.post('/api/upload/image', {
          |                                               ^
      253 |       multipart: {
      254 |         file: new File(['test image content'], 'test.jpg', { type: 'image/jpeg' })
      255 |       }
        at /Users/asithalakmal/Documents/web/final project/WeddingLK-next copy/tests/10-api.spec.ts:252:47
]]>
</failure>
</testcase>
<testcase name="API Endpoints Tests › should test notification endpoints" classname="10-api.spec.ts" time="1.484">
<failure message="10-api.spec.ts:268:7 should test notification endpoints" type="FAILURE">
<![CDATA[  [Mobile Chrome] › 10-api.spec.ts:268:7 › API Endpoints Tests › should test notification endpoints 

    Error: expect(received).toBe(expected) // Object.is equality

    Expected: 200
    Received: 401

      269 |     // Test get notifications
      270 |     const getNotificationsResponse = await request.get('/api/notifications');
    > 271 |     expect(getNotificationsResponse.status()).toBe(200);
          |                                               ^
      272 |     
      273 |     // Test create notification
      274 |     const createNotificationResponse = await request.post('/api/notifications', {
        at /Users/asithalakmal/Documents/web/final project/WeddingLK-next copy/tests/10-api.spec.ts:271:47
]]>
</failure>
</testcase>
<testcase name="API Endpoints Tests › should test error handling" classname="10-api.spec.ts" time="1.277">
<failure message="10-api.spec.ts:295:7 should test error handling" type="FAILURE">
<![CDATA[  [Mobile Chrome] › 10-api.spec.ts:295:7 › API Endpoints Tests › should test error handling ────────

    Error: expect(received).toBe(expected) // Object.is equality

    Expected: 401
    Received: 404

      308 |     // Test 401 error
      309 |     const unauthorizedResponse = await request.get('/api/dashboard');
    > 310 |     expect(unauthorizedResponse.status()).toBe(401);
          |                                           ^
      311 |   });
      312 |
      313 |   test('should test rate limiting', async ({ request }) => {
        at /Users/asithalakmal/Documents/web/final project/WeddingLK-next copy/tests/10-api.spec.ts:310:43
]]>
</failure>
</testcase>
<testcase name="API Endpoints Tests › should test rate limiting" classname="10-api.spec.ts" time="9.939">
<failure message="10-api.spec.ts:313:7 should test rate limiting" type="FAILURE">
<![CDATA[  [Mobile Chrome] › 10-api.spec.ts:313:7 › API Endpoints Tests › should test rate limiting ─────────

    Error: expect(received).toBeGreaterThan(expected)

    Expected: > 0
    Received:   0

      322 |     // Some requests should be rate limited
      323 |     const rateLimitedResponses = responses.filter(r => r.status() === 429);
    > 324 |     expect(rateLimitedResponses.length).toBeGreaterThan(0);
          |                                         ^
      325 |   });
      326 |
      327 |   test('should test CORS headers', async ({ request }) => {
        at /Users/asithalakmal/Documents/web/final project/WeddingLK-next copy/tests/10-api.spec.ts:324:41
]]>
</failure>
</testcase>
<testcase name="API Endpoints Tests › should test CORS headers" classname="10-api.spec.ts" time="0.068">
<failure message="10-api.spec.ts:327:7 should test CORS headers" type="FAILURE">
<![CDATA[  [Mobile Chrome] › 10-api.spec.ts:327:7 › API Endpoints Tests › should test CORS headers ──────────

    TypeError: request.options is not a function

      327 |   test('should test CORS headers', async ({ request }) => {
      328 |     // Test CORS preflight request
    > 329 |     const corsResponse = await request.options('/api/venues');
          |                                        ^
      330 |     expect(corsResponse.status()).toBe(200);
      331 |     
      332 |     // Check CORS headers
        at /Users/asithalakmal/Documents/web/final project/WeddingLK-next copy/tests/10-api.spec.ts:329:40
]]>
</failure>
</testcase>
</testsuite>
<testsuite name="01-homepage.spec.ts" timestamp="2025-10-20T22:56:09.042Z" hostname="Mobile Safari" tests="6" failures="6" skipped="0" time="9.763" errors="0">
<testcase name="Homepage Tests › should load homepage successfully" classname="01-homepage.spec.ts" time="1.431">
<failure message="01-homepage.spec.ts:4:7 should load homepage successfully" type="FAILURE">
<![CDATA[  [Mobile Safari] › 01-homepage.spec.ts:4:7 › Homepage Tests › should load homepage successfully ───

    Error: browserContext.newPage: Protocol error (Emulation.setOrientationOverride): 'Emulation.setOrientationOverride' was not found
]]>
</failure>
</testcase>
<testcase name="Homepage Tests › should have working navigation links" classname="01-homepage.spec.ts" time="1.431">
<failure message="01-homepage.spec.ts:21:7 should have working navigation links" type="FAILURE">
<![CDATA[  [Mobile Safari] › 01-homepage.spec.ts:21:7 › Homepage Tests › should have working navigation links 

    Error: browserContext.newPage: Protocol error (Emulation.setOrientationOverride): 'Emulation.setOrientationOverride' was not found
]]>
</failure>
</testcase>
<testcase name="Homepage Tests › should have responsive design" classname="01-homepage.spec.ts" time="1.415">
<failure message="01-homepage.spec.ts:43:7 should have responsive design" type="FAILURE">
<![CDATA[  [Mobile Safari] › 01-homepage.spec.ts:43:7 › Homepage Tests › should have responsive design ──────

    Error: browserContext.newPage: Protocol error (Emulation.setOrientationOverride): 'Emulation.setOrientationOverride' was not found
]]>
</failure>
</testcase>
<testcase name="Homepage Tests › should have working search functionality" classname="01-homepage.spec.ts" time="1.751">
<failure message="01-homepage.spec.ts:62:7 should have working search functionality" type="FAILURE">
<![CDATA[  [Mobile Safari] › 01-homepage.spec.ts:62:7 › Homepage Tests › should have working search functionality 

    Error: browserContext.newPage: Protocol error (Emulation.setOrientationOverride): 'Emulation.setOrientationOverride' was not found
]]>
</failure>
</testcase>
<testcase name="Homepage Tests › should display featured content" classname="01-homepage.spec.ts" time="1.797">
<failure message="01-homepage.spec.ts:76:7 should display featured content" type="FAILURE">
<![CDATA[  [Mobile Safari] › 01-homepage.spec.ts:76:7 › Homepage Tests › should display featured content ────

    Error: browserContext.newPage: Protocol error (Emulation.setOrientationOverride): 'Emulation.setOrientationOverride' was not found
]]>
</failure>
</testcase>
<testcase name="Homepage Tests › should handle 404 pages gracefully" classname="01-homepage.spec.ts" time="1.938">
<failure message="01-homepage.spec.ts:95:7 should handle 404 pages gracefully" type="FAILURE">
<![CDATA[  [Mobile Safari] › 01-homepage.spec.ts:95:7 › Homepage Tests › should handle 404 pages gracefully ─

    Error: browserContext.newPage: Protocol error (Emulation.setOrientationOverride): 'Emulation.setOrientationOverride' was not found
]]>
</failure>
</testcase>
</testsuite>
<testsuite name="02-authentication.spec.ts" timestamp="2025-10-20T22:56:09.042Z" hostname="Mobile Safari" tests="8" failures="8" skipped="0" time="14.065" errors="0">
<testcase name="Authentication Flow Tests › should register new user successfully" classname="02-authentication.spec.ts" time="1.848">
<failure message="02-authentication.spec.ts:4:7 should register new user successfully" type="FAILURE">
<![CDATA[  [Mobile Safari] › 02-authentication.spec.ts:4:7 › Authentication Flow Tests › should register new user successfully 

    Error: browserContext.newPage: Protocol error (Emulation.setOrientationOverride): 'Emulation.setOrientationOverride' was not found
]]>
</failure>
</testcase>
<testcase name="Authentication Flow Tests › should register vendor successfully" classname="02-authentication.spec.ts" time="1.783">
<failure message="02-authentication.spec.ts:28:7 should register vendor successfully" type="FAILURE">
<![CDATA[  [Mobile Safari] › 02-authentication.spec.ts:28:7 › Authentication Flow Tests › should register vendor successfully 

    Error: browserContext.newPage: Protocol error (Emulation.setOrientationOverride): 'Emulation.setOrientationOverride' was not found
]]>
</failure>
</testcase>
<testcase name="Authentication Flow Tests › should login with valid credentials" classname="02-authentication.spec.ts" time="1.528">
<failure message="02-authentication.spec.ts:52:7 should login with valid credentials" type="FAILURE">
<![CDATA[  [Mobile Safari] › 02-authentication.spec.ts:52:7 › Authentication Flow Tests › should login with valid credentials 

    Error: browserContext.newPage: Protocol error (Emulation.setOrientationOverride): 'Emulation.setOrientationOverride' was not found
]]>
</failure>
</testcase>
<testcase name="Authentication Flow Tests › should show error for invalid credentials" classname="02-authentication.spec.ts" time="1.897">
<failure message="02-authentication.spec.ts:66:7 should show error for invalid credentials" type="FAILURE">
<![CDATA[  [Mobile Safari] › 02-authentication.spec.ts:66:7 › Authentication Flow Tests › should show error for invalid credentials 

    Error: browserContext.newPage: Protocol error (Emulation.setOrientationOverride): 'Emulation.setOrientationOverride' was not found
]]>
</failure>
</testcase>
<testcase name="Authentication Flow Tests › should handle password reset flow" classname="02-authentication.spec.ts" time="1.738">
<failure message="02-authentication.spec.ts:80:7 should handle password reset flow" type="FAILURE">
<![CDATA[  [Mobile Safari] › 02-authentication.spec.ts:80:7 › Authentication Flow Tests › should handle password reset flow 

    Error: browserContext.newPage: Protocol error (Emulation.setOrientationOverride): 'Emulation.setOrientationOverride' was not found
]]>
</failure>
</testcase>
<testcase name="Authentication Flow Tests › should logout successfully" classname="02-authentication.spec.ts" time="1.66">
<failure message="02-authentication.spec.ts:93:7 should logout successfully" type="FAILURE">
<![CDATA[  [Mobile Safari] › 02-authentication.spec.ts:93:7 › Authentication Flow Tests › should logout successfully 

    Error: browserContext.newPage: Protocol error (Emulation.setOrientationOverride): 'Emulation.setOrientationOverride' was not found
]]>
</failure>
</testcase>
<testcase name="Authentication Flow Tests › should protect authenticated routes" classname="02-authentication.spec.ts" time="1.855">
<failure message="02-authentication.spec.ts:111:7 should protect authenticated routes" type="FAILURE">
<![CDATA[  [Mobile Safari] › 02-authentication.spec.ts:111:7 › Authentication Flow Tests › should protect authenticated routes 

    Error: browserContext.newPage: Protocol error (Emulation.setOrientationOverride): 'Emulation.setOrientationOverride' was not found
]]>
</failure>
</testcase>
<testcase name="Authentication Flow Tests › should handle role-based redirects" classname="02-authentication.spec.ts" time="1.756">
<failure message="02-authentication.spec.ts:119:7 should handle role-based redirects" type="FAILURE">
<![CDATA[  [Mobile Safari] › 02-authentication.spec.ts:119:7 › Authentication Flow Tests › should handle role-based redirects 

    Error: browserContext.newPage: Protocol error (Emulation.setOrientationOverride): 'Emulation.setOrientationOverride' was not found
]]>
</failure>
</testcase>
</testsuite>
<testsuite name="03-dashboard.spec.ts" timestamp="2025-10-20T22:56:09.042Z" hostname="Mobile Safari" tests="6" failures="6" skipped="0" time="10.746" errors="0">
<testcase name="Dashboard Tests › should load user dashboard" classname="03-dashboard.spec.ts" time="1.874">
<failure message="03-dashboard.spec.ts:13:7 should load user dashboard" type="FAILURE">
<![CDATA[  [Mobile Safari] › 03-dashboard.spec.ts:13:7 › Dashboard Tests › should load user dashboard ───────

    Error: browserContext.newPage: Protocol error (Emulation.setOrientationOverride): 'Emulation.setOrientationOverride' was not found
]]>
</failure>
</testcase>
<testcase name="Dashboard Tests › should load vendor dashboard" classname="03-dashboard.spec.ts" time="1.902">
<failure message="03-dashboard.spec.ts:35:7 should load vendor dashboard" type="FAILURE">
<![CDATA[  [Mobile Safari] › 03-dashboard.spec.ts:35:7 › Dashboard Tests › should load vendor dashboard ─────

    Error: browserContext.newPage: Protocol error (Emulation.setOrientationOverride): 'Emulation.setOrientationOverride' was not found
]]>
</failure>
</testcase>
<testcase name="Dashboard Tests › should load admin dashboard" classname="03-dashboard.spec.ts" time="1.823">
<failure message="03-dashboard.spec.ts:57:7 should load admin dashboard" type="FAILURE">
<![CDATA[  [Mobile Safari] › 03-dashboard.spec.ts:57:7 › Dashboard Tests › should load admin dashboard ──────

    Error: browserContext.newPage: Protocol error (Emulation.setOrientationOverride): 'Emulation.setOrientationOverride' was not found
]]>
</failure>
</testcase>
<testcase name="Dashboard Tests › should navigate between dashboard sections" classname="03-dashboard.spec.ts" time="1.814">
<failure message="03-dashboard.spec.ts:79:7 should navigate between dashboard sections" type="FAILURE">
<![CDATA[  [Mobile Safari] › 03-dashboard.spec.ts:79:7 › Dashboard Tests › should navigate between dashboard sections 

    Error: browserContext.newPage: Protocol error (Emulation.setOrientationOverride): 'Emulation.setOrientationOverride' was not found
]]>
</failure>
</testcase>
<testcase name="Dashboard Tests › should display user statistics" classname="03-dashboard.spec.ts" time="1.529">
<failure message="03-dashboard.spec.ts:100:7 should display user statistics" type="FAILURE">
<![CDATA[  [Mobile Safari] › 03-dashboard.spec.ts:100:7 › Dashboard Tests › should display user statistics ──

    Error: browserContext.newPage: Protocol error (Emulation.setOrientationOverride): 'Emulation.setOrientationOverride' was not found
]]>
</failure>
</testcase>
<testcase name="Dashboard Tests › should handle responsive dashboard layout" classname="03-dashboard.spec.ts" time="1.804">
<failure message="03-dashboard.spec.ts:110:7 should handle responsive dashboard layout" type="FAILURE">
<![CDATA[  [Mobile Safari] › 03-dashboard.spec.ts:110:7 › Dashboard Tests › should handle responsive dashboard layout 

    Error: browserContext.newPage: Protocol error (Emulation.setOrientationOverride): 'Emulation.setOrientationOverride' was not found
]]>
</failure>
</testcase>
</testsuite>
<testsuite name="04-venues.spec.ts" timestamp="2025-10-20T22:56:09.042Z" hostname="Mobile Safari" tests="10" failures="10" skipped="0" time="18.028" errors="0">
<testcase name="Venues CRUD Tests › should display venues list" classname="04-venues.spec.ts" time="1.716">
<failure message="04-venues.spec.ts:4:7 should display venues list" type="FAILURE">
<![CDATA[  [Mobile Safari] › 04-venues.spec.ts:4:7 › Venues CRUD Tests › should display venues list ─────────

    Error: browserContext.newPage: Protocol error (Emulation.setOrientationOverride): 'Emulation.setOrientationOverride' was not found
]]>
</failure>
</testcase>
<testcase name="Venues CRUD Tests › should filter venues by location" classname="04-venues.spec.ts" time="1.866">
<failure message="04-venues.spec.ts:15:7 should filter venues by location" type="FAILURE">
<![CDATA[  [Mobile Safari] › 04-venues.spec.ts:15:7 › Venues CRUD Tests › should filter venues by location ──

    Error: browserContext.newPage: Protocol error (Emulation.setOrientationOverride): 'Emulation.setOrientationOverride' was not found
]]>
</failure>
</testcase>
<testcase name="Venues CRUD Tests › should filter venues by capacity" classname="04-venues.spec.ts" time="2.048">
<failure message="04-venues.spec.ts:32:7 should filter venues by capacity" type="FAILURE">
<![CDATA[  [Mobile Safari] › 04-venues.spec.ts:32:7 › Venues CRUD Tests › should filter venues by capacity ──

    Error: browserContext.newPage: Protocol error (Emulation.setOrientationOverride): 'Emulation.setOrientationOverride' was not found
]]>
</failure>
</testcase>
<testcase name="Venues CRUD Tests › should search venues" classname="04-venues.spec.ts" time="1.526">
<failure message="04-venues.spec.ts:49:7 should search venues" type="FAILURE">
<![CDATA[  [Mobile Safari] › 04-venues.spec.ts:49:7 › Venues CRUD Tests › should search venues ──────────────

    Error: browserContext.newPage: Protocol error (Emulation.setOrientationOverride): 'Emulation.setOrientationOverride' was not found
]]>
</failure>
</testcase>
<testcase name="Venues CRUD Tests › should view venue details" classname="04-venues.spec.ts" time="1.752">
<failure message="04-venues.spec.ts:67:7 should view venue details" type="FAILURE">
<![CDATA[  [Mobile Safari] › 04-venues.spec.ts:67:7 › Venues CRUD Tests › should view venue details ─────────

    Error: browserContext.newPage: Protocol error (Emulation.setOrientationOverride): 'Emulation.setOrientationOverride' was not found
]]>
</failure>
</testcase>
<testcase name="Venues CRUD Tests › should book venue" classname="04-venues.spec.ts" time="1.925">
<failure message="04-venues.spec.ts:98:7 should book venue" type="FAILURE">
<![CDATA[  [Mobile Safari] › 04-venues.spec.ts:98:7 › Venues CRUD Tests › should book venue ─────────────────

    Error: browserContext.newPage: Protocol error (Emulation.setOrientationOverride): 'Emulation.setOrientationOverride' was not found
]]>
</failure>
</testcase>
<testcase name="Venues CRUD Tests › should add venue to favorites" classname="04-venues.spec.ts" time="1.846">
<failure message="04-venues.spec.ts:133:7 should add venue to favorites" type="FAILURE">
<![CDATA[  [Mobile Safari] › 04-venues.spec.ts:133:7 › Venues CRUD Tests › should add venue to favorites ────

    Error: browserContext.newPage: Protocol error (Emulation.setOrientationOverride): 'Emulation.setOrientationOverride' was not found
]]>
</failure>
</testcase>
<testcase name="Venues CRUD Tests › should create new venue (vendor)" classname="04-venues.spec.ts" time="1.671">
<failure message="04-venues.spec.ts:157:7 should create new venue (vendor)" type="FAILURE">
<![CDATA[  [Mobile Safari] › 04-venues.spec.ts:157:7 › Venues CRUD Tests › should create new venue (vendor) ─

    Error: browserContext.newPage: Protocol error (Emulation.setOrientationOverride): 'Emulation.setOrientationOverride' was not found
]]>
</failure>
</testcase>
<testcase name="Venues CRUD Tests › should edit venue (vendor)" classname="04-venues.spec.ts" time="1.822">
<failure message="04-venues.spec.ts:181:7 should edit venue (vendor)" type="FAILURE">
<![CDATA[  [Mobile Safari] › 04-venues.spec.ts:181:7 › Venues CRUD Tests › should edit venue (vendor) ───────

    Error: browserContext.newPage: Protocol error (Emulation.setOrientationOverride): 'Emulation.setOrientationOverride' was not found
]]>
</failure>
</testcase>
<testcase name="Venues CRUD Tests › should delete venue (vendor)" classname="04-venues.spec.ts" time="1.856">
<failure message="04-venues.spec.ts:210:7 should delete venue (vendor)" type="FAILURE">
<![CDATA[  [Mobile Safari] › 04-venues.spec.ts:210:7 › Venues CRUD Tests › should delete venue (vendor) ─────

    Error: browserContext.newPage: Protocol error (Emulation.setOrientationOverride): 'Emulation.setOrientationOverride' was not found
]]>
</failure>
</testcase>
</testsuite>
<testsuite name="05-vendors.spec.ts" timestamp="2025-10-20T22:56:09.042Z" hostname="Mobile Safari" tests="13" failures="13" skipped="0" time="21.699" errors="0">
<testcase name="Vendors CRUD Tests › should display vendors list" classname="05-vendors.spec.ts" time="1.83">
<failure message="05-vendors.spec.ts:4:7 should display vendors list" type="FAILURE">
<![CDATA[  [Mobile Safari] › 05-vendors.spec.ts:4:7 › Vendors CRUD Tests › should display vendors list ──────

    Error: browserContext.newPage: Protocol error (Emulation.setOrientationOverride): 'Emulation.setOrientationOverride' was not found
]]>
</failure>
</testcase>
<testcase name="Vendors CRUD Tests › should filter vendors by category" classname="05-vendors.spec.ts" time="1.823">
<failure message="05-vendors.spec.ts:15:7 should filter vendors by category" type="FAILURE">
<![CDATA[  [Mobile Safari] › 05-vendors.spec.ts:15:7 › Vendors CRUD Tests › should filter vendors by category 

    Error: browserContext.newPage: Protocol error (Emulation.setOrientationOverride): 'Emulation.setOrientationOverride' was not found
]]>
</failure>
</testcase>
<testcase name="Vendors CRUD Tests › should filter vendors by location" classname="05-vendors.spec.ts" time="1.697">
<failure message="05-vendors.spec.ts:32:7 should filter vendors by location" type="FAILURE">
<![CDATA[  [Mobile Safari] › 05-vendors.spec.ts:32:7 › Vendors CRUD Tests › should filter vendors by location 

    Error: browserContext.newPage: Protocol error (Emulation.setOrientationOverride): 'Emulation.setOrientationOverride' was not found
]]>
</failure>
</testcase>
<testcase name="Vendors CRUD Tests › should search vendors" classname="05-vendors.spec.ts" time="1.789">
<failure message="05-vendors.spec.ts:49:7 should search vendors" type="FAILURE">
<![CDATA[  [Mobile Safari] › 05-vendors.spec.ts:49:7 › Vendors CRUD Tests › should search vendors ───────────

    Error: browserContext.newPage: Protocol error (Emulation.setOrientationOverride): 'Emulation.setOrientationOverride' was not found
]]>
</failure>
</testcase>
<testcase name="Vendors CRUD Tests › should view vendor profile" classname="05-vendors.spec.ts" time="1.252">
<failure message="05-vendors.spec.ts:67:7 should view vendor profile" type="FAILURE">
<![CDATA[  [Mobile Safari] › 05-vendors.spec.ts:67:7 › Vendors CRUD Tests › should view vendor profile ──────

    Error: browserContext.newPage: Protocol error (Emulation.setOrientationOverride): 'Emulation.setOrientationOverride' was not found
]]>
</failure>
</testcase>
<testcase name="Vendors CRUD Tests › should book vendor service" classname="05-vendors.spec.ts" time="1.703">
<failure message="05-vendors.spec.ts:98:7 should book vendor service" type="FAILURE">
<![CDATA[  [Mobile Safari] › 05-vendors.spec.ts:98:7 › Vendors CRUD Tests › should book vendor service ──────

    Error: browserContext.newPage: Protocol error (Emulation.setOrientationOverride): 'Emulation.setOrientationOverride' was not found
]]>
</failure>
</testcase>
<testcase name="Vendors CRUD Tests › should add vendor to favorites" classname="05-vendors.spec.ts" time="1.488">
<failure message="05-vendors.spec.ts:132:7 should add vendor to favorites" type="FAILURE">
<![CDATA[  [Mobile Safari] › 05-vendors.spec.ts:132:7 › Vendors CRUD Tests › should add vendor to favorites ─

    Error: browserContext.newPage: Protocol error (Emulation.setOrientationOverride): 'Emulation.setOrientationOverride' was not found
]]>
</failure>
</testcase>
<testcase name="Vendors CRUD Tests › should create vendor profile" classname="05-vendors.spec.ts" time="1.639">
<failure message="05-vendors.spec.ts:156:7 should create vendor profile" type="FAILURE">
<![CDATA[  [Mobile Safari] › 05-vendors.spec.ts:156:7 › Vendors CRUD Tests › should create vendor profile ───

    Error: browserContext.newPage: Protocol error (Emulation.setOrientationOverride): 'Emulation.setOrientationOverride' was not found
]]>
</failure>
</testcase>
<testcase name="Vendors CRUD Tests › should edit vendor profile" classname="05-vendors.spec.ts" time="1.351">
<failure message="05-vendors.spec.ts:183:7 should edit vendor profile" type="FAILURE">
<![CDATA[  [Mobile Safari] › 05-vendors.spec.ts:183:7 › Vendors CRUD Tests › should edit vendor profile ─────

    Error: browserContext.newPage: Protocol error (Emulation.setOrientationOverride): 'Emulation.setOrientationOverride' was not found
]]>
</failure>
</testcase>
<testcase name="Vendors CRUD Tests › should manage vendor services" classname="05-vendors.spec.ts" time="1.759">
<failure message="05-vendors.spec.ts:204:7 should manage vendor services" type="FAILURE">
<![CDATA[  [Mobile Safari] › 05-vendors.spec.ts:204:7 › Vendors CRUD Tests › should manage vendor services ──

    Error: browserContext.newPage: Protocol error (Emulation.setOrientationOverride): 'Emulation.setOrientationOverride' was not found
]]>
</failure>
</testcase>
<testcase name="Vendors CRUD Tests › should manage vendor portfolio" classname="05-vendors.spec.ts" time="1.684">
<failure message="05-vendors.spec.ts:232:7 should manage vendor portfolio" type="FAILURE">
<![CDATA[  [Mobile Safari] › 05-vendors.spec.ts:232:7 › Vendors CRUD Tests › should manage vendor portfolio ─

    Error: browserContext.newPage: Protocol error (Emulation.setOrientationOverride): 'Emulation.setOrientationOverride' was not found
]]>
</failure>
</testcase>
<testcase name="Vendors CRUD Tests › should view vendor reviews" classname="05-vendors.spec.ts" time="2.084">
<failure message="05-vendors.spec.ts:253:7 should view vendor reviews" type="FAILURE">
<![CDATA[  [Mobile Safari] › 05-vendors.spec.ts:253:7 › Vendors CRUD Tests › should view vendor reviews ─────

    Error: browserContext.newPage: Protocol error (Emulation.setOrientationOverride): 'Emulation.setOrientationOverride' was not found
]]>
</failure>
</testcase>
<testcase name="Vendors CRUD Tests › should write vendor review" classname="05-vendors.spec.ts" time="1.6">
<failure message="05-vendors.spec.ts:273:7 should write vendor review" type="FAILURE">
<![CDATA[  [Mobile Safari] › 05-vendors.spec.ts:273:7 › Vendors CRUD Tests › should write vendor review ─────

    Error: browserContext.newPage: Protocol error (Emulation.setOrientationOverride): 'Emulation.setOrientationOverride' was not found
]]>
</failure>
</testcase>
</testsuite>
<testsuite name="06-booking.spec.ts" timestamp="2025-10-20T22:56:09.042Z" hostname="Mobile Safari" tests="12" failures="12" skipped="0" time="22.862" errors="0">
<testcase name="Booking System Tests › should create venue booking" classname="06-booking.spec.ts" time="2.227">
<failure message="06-booking.spec.ts:13:7 should create venue booking" type="FAILURE">
<![CDATA[  [Mobile Safari] › 06-booking.spec.ts:13:7 › Booking System Tests › should create venue booking ───

    Error: browserContext.newPage: Protocol error (Emulation.setOrientationOverride): 'Emulation.setOrientationOverride' was not found
]]>
</failure>
</testcase>
<testcase name="Booking System Tests › should create vendor booking" classname="06-booking.spec.ts" time="1.901">
<failure message="06-booking.spec.ts:40:7 should create vendor booking" type="FAILURE">
<![CDATA[  [Mobile Safari] › 06-booking.spec.ts:40:7 › Booking System Tests › should create vendor booking ──

    Error: browserContext.newPage: Protocol error (Emulation.setOrientationOverride): 'Emulation.setOrientationOverride' was not found
]]>
</failure>
</testcase>
<testcase name="Booking System Tests › should view booking details" classname="06-booking.spec.ts" time="1.986">
<failure message="06-booking.spec.ts:65:7 should view booking details" type="FAILURE">
<![CDATA[  [Mobile Safari] › 06-booking.spec.ts:65:7 › Booking System Tests › should view booking details ───

    Error: browserContext.newPage: Protocol error (Emulation.setOrientationOverride): 'Emulation.setOrientationOverride' was not found
]]>
</failure>
</testcase>
<testcase name="Booking System Tests › should modify booking" classname="06-booking.spec.ts" time="1.942">
<failure message="06-booking.spec.ts:96:7 should modify booking" type="FAILURE">
<![CDATA[  [Mobile Safari] › 06-booking.spec.ts:96:7 › Booking System Tests › should modify booking ─────────

    Error: browserContext.newPage: Protocol error (Emulation.setOrientationOverride): 'Emulation.setOrientationOverride' was not found
]]>
</failure>
</testcase>
<testcase name="Booking System Tests › should cancel booking" classname="06-booking.spec.ts" time="1.773">
<failure message="06-booking.spec.ts:119:7 should cancel booking" type="FAILURE">
<![CDATA[  [Mobile Safari] › 06-booking.spec.ts:119:7 › Booking System Tests › should cancel booking ────────

    Error: browserContext.newPage: Protocol error (Emulation.setOrientationOverride): 'Emulation.setOrientationOverride' was not found
]]>
</failure>
</testcase>
<testcase name="Booking System Tests › should reschedule booking" classname="06-booking.spec.ts" time="1.874">
<failure message="06-booking.spec.ts:138:7 should reschedule booking" type="FAILURE">
<![CDATA[  [Mobile Safari] › 06-booking.spec.ts:138:7 › Booking System Tests › should reschedule booking ────

    Error: browserContext.newPage: Protocol error (Emulation.setOrientationOverride): 'Emulation.setOrientationOverride' was not found
]]>
</failure>
</testcase>
<testcase name="Booking System Tests › should process payment for booking" classname="06-booking.spec.ts" time="1.638">
<failure message="06-booking.spec.ts:160:7 should process payment for booking" type="FAILURE">
<![CDATA[  [Mobile Safari] › 06-booking.spec.ts:160:7 › Booking System Tests › should process payment for booking 

    Error: browserContext.newPage: Protocol error (Emulation.setOrientationOverride): 'Emulation.setOrientationOverride' was not found
]]>
</failure>
</testcase>
<testcase name="Booking System Tests › should view booking calendar" classname="06-booking.spec.ts" time="1.856">
<failure message="06-booking.spec.ts:191:7 should view booking calendar" type="FAILURE">
<![CDATA[  [Mobile Safari] › 06-booking.spec.ts:191:7 › Booking System Tests › should view booking calendar ─

    Error: browserContext.newPage: Protocol error (Emulation.setOrientationOverride): 'Emulation.setOrientationOverride' was not found
]]>
</failure>
</testcase>
<testcase name="Booking System Tests › should filter bookings by status" classname="06-booking.spec.ts" time="1.931">
<failure message="06-booking.spec.ts:205:7 should filter bookings by status" type="FAILURE">
<![CDATA[  [Mobile Safari] › 06-booking.spec.ts:205:7 › Booking System Tests › should filter bookings by status 

    Error: browserContext.newPage: Protocol error (Emulation.setOrientationOverride): 'Emulation.setOrientationOverride' was not found
]]>
</failure>
</testcase>
<testcase name="Booking System Tests › should search bookings" classname="06-booking.spec.ts" time="1.839">
<failure message="06-booking.spec.ts:222:7 should search bookings" type="FAILURE">
<![CDATA[  [Mobile Safari] › 06-booking.spec.ts:222:7 › Booking System Tests › should search bookings ───────

    Error: browserContext.newPage: Protocol error (Emulation.setOrientationOverride): 'Emulation.setOrientationOverride' was not found
]]>
</failure>
</testcase>
<testcase name="Booking System Tests › should export booking details" classname="06-booking.spec.ts" time="2.023">
<failure message="06-booking.spec.ts:240:7 should export booking details" type="FAILURE">
<![CDATA[  [Mobile Safari] › 06-booking.spec.ts:240:7 › Booking System Tests › should export booking details 

    Error: browserContext.newPage: Protocol error (Emulation.setOrientationOverride): 'Emulation.setOrientationOverride' was not found
]]>
</failure>
</testcase>
<testcase name="Booking System Tests › should send booking reminder" classname="06-booking.spec.ts" time="1.872">
<failure message="06-booking.spec.ts:255:7 should send booking reminder" type="FAILURE">
<![CDATA[  [Mobile Safari] › 06-booking.spec.ts:255:7 › Booking System Tests › should send booking reminder ─

    Error: browserContext.newPage: Protocol error (Emulation.setOrientationOverride): 'Emulation.setOrientationOverride' was not found
]]>
</failure>
</testcase>
</testsuite>
<testsuite name="07-payments.spec.ts" timestamp="2025-10-20T22:56:09.042Z" hostname="Mobile Safari" tests="13" failures="13" skipped="0" time="22.983" errors="0">
<testcase name="Payment System Tests › should process Stripe payment" classname="07-payments.spec.ts" time="1.965">
<failure message="07-payments.spec.ts:13:7 should process Stripe payment" type="FAILURE">
<![CDATA[  [Mobile Safari] › 07-payments.spec.ts:13:7 › Payment System Tests › should process Stripe payment 

    Error: browserContext.newPage: Protocol error (Emulation.setOrientationOverride): 'Emulation.setOrientationOverride' was not found
]]>
</failure>
</testcase>
<testcase name="Payment System Tests › should handle payment failure" classname="07-payments.spec.ts" time="1.594">
<failure message="07-payments.spec.ts:30:7 should handle payment failure" type="FAILURE">
<![CDATA[  [Mobile Safari] › 07-payments.spec.ts:30:7 › Payment System Tests › should handle payment failure 

    Error: browserContext.newPage: Protocol error (Emulation.setOrientationOverride): 'Emulation.setOrientationOverride' was not found
]]>
</failure>
</testcase>
<testcase name="Payment System Tests › should save payment method" classname="07-payments.spec.ts" time="1.849">
<failure message="07-payments.spec.ts:46:7 should save payment method" type="FAILURE">
<![CDATA[  [Mobile Safari] › 07-payments.spec.ts:46:7 › Payment System Tests › should save payment method ───

    Error: browserContext.newPage: Protocol error (Emulation.setOrientationOverride): 'Emulation.setOrientationOverride' was not found
]]>
</failure>
</testcase>
<testcase name="Payment System Tests › should view payment history" classname="07-payments.spec.ts" time="2.17">
<failure message="07-payments.spec.ts:68:7 should view payment history" type="FAILURE">
<![CDATA[  [Mobile Safari] › 07-payments.spec.ts:68:7 › Payment System Tests › should view payment history ──

    Error: browserContext.newPage: Protocol error (Emulation.setOrientationOverride): 'Emulation.setOrientationOverride' was not found
]]>
</failure>
</testcase>
<testcase name="Payment System Tests › should download payment receipt" classname="07-payments.spec.ts" time="2.025">
<failure message="07-payments.spec.ts:82:7 should download payment receipt" type="FAILURE">
<![CDATA[  [Mobile Safari] › 07-payments.spec.ts:82:7 › Payment System Tests › should download payment receipt 

    Error: browserContext.newPage: Protocol error (Emulation.setOrientationOverride): 'Emulation.setOrientationOverride' was not found
]]>
</failure>
</testcase>
<testcase name="Payment System Tests › should request refund" classname="07-payments.spec.ts" time="1.944">
<failure message="07-payments.spec.ts:97:7 should request refund" type="FAILURE">
<![CDATA[  [Mobile Safari] › 07-payments.spec.ts:97:7 › Payment System Tests › should request refund ────────

    Error: browserContext.newPage: Protocol error (Emulation.setOrientationOverride): 'Emulation.setOrientationOverride' was not found
]]>
</failure>
</testcase>
<testcase name="Payment System Tests › should set up subscription" classname="07-payments.spec.ts" time="1.851">
<failure message="07-payments.spec.ts:116:7 should set up subscription" type="FAILURE">
<![CDATA[  [Mobile Safari] › 07-payments.spec.ts:116:7 › Payment System Tests › should set up subscription ──

    Error: browserContext.newPage: Protocol error (Emulation.setOrientationOverride): 'Emulation.setOrientationOverride' was not found
]]>
</failure>
</testcase>
<testcase name="Payment System Tests › should cancel subscription" classname="07-payments.spec.ts" time="1.775">
<failure message="07-payments.spec.ts:138:7 should cancel subscription" type="FAILURE">
<![CDATA[  [Mobile Safari] › 07-payments.spec.ts:138:7 › Payment System Tests › should cancel subscription ──

    Error: browserContext.newPage: Protocol error (Emulation.setOrientationOverride): 'Emulation.setOrientationOverride' was not found
]]>
</failure>
</testcase>
<testcase name="Payment System Tests › should view invoice details" classname="07-payments.spec.ts" time="1.642">
<failure message="07-payments.spec.ts:157:7 should view invoice details" type="FAILURE">
<![CDATA[  [Mobile Safari] › 07-payments.spec.ts:157:7 › Payment System Tests › should view invoice details ─

    Error: browserContext.newPage: Protocol error (Emulation.setOrientationOverride): 'Emulation.setOrientationOverride' was not found
]]>
</failure>
</testcase>
<testcase name="Payment System Tests › should handle payment webhook" classname="07-payments.spec.ts" time="1.566">
<failure message="07-payments.spec.ts:186:7 should handle payment webhook" type="FAILURE">
<![CDATA[  [Mobile Safari] › 07-payments.spec.ts:186:7 › Payment System Tests › should handle payment webhook 

    Error: browserContext.newPage: Protocol error (Emulation.setOrientationOverride): 'Emulation.setOrientationOverride' was not found
]]>
</failure>
</testcase>
<testcase name="Payment System Tests › should validate payment form" classname="07-payments.spec.ts" time="1.321">
<failure message="07-payments.spec.ts:193:7 should validate payment form" type="FAILURE">
<![CDATA[  [Mobile Safari] › 07-payments.spec.ts:193:7 › Payment System Tests › should validate payment form 

    Error: browserContext.newPage: Protocol error (Emulation.setOrientationOverride): 'Emulation.setOrientationOverride' was not found
]]>
</failure>
</testcase>
<testcase name="Payment System Tests › should handle payment timeout" classname="07-payments.spec.ts" time="1.666">
<failure message="07-payments.spec.ts:210:7 should handle payment timeout" type="FAILURE">
<![CDATA[  [Mobile Safari] › 07-payments.spec.ts:210:7 › Payment System Tests › should handle payment timeout 

    Error: browserContext.newPage: Protocol error (Emulation.setOrientationOverride): 'Emulation.setOrientationOverride' was not found
]]>
</failure>
</testcase>
<testcase name="Payment System Tests › should support multiple currencies" classname="07-payments.spec.ts" time="1.615">
<failure message="07-payments.spec.ts:230:7 should support multiple currencies" type="FAILURE">
<![CDATA[  [Mobile Safari] › 07-payments.spec.ts:230:7 › Payment System Tests › should support multiple currencies 

    Error: browserContext.newPage: Protocol error (Emulation.setOrientationOverride): 'Emulation.setOrientationOverride' was not found
]]>
</failure>
</testcase>
</testsuite>
<testsuite name="08-social.spec.ts" timestamp="2025-10-20T22:56:09.042Z" hostname="Mobile Safari" tests="17" failures="17" skipped="0" time="31.991" errors="0">
<testcase name="Social Features Tests › should create new post" classname="08-social.spec.ts" time="1.059">
<failure message="08-social.spec.ts:13:7 should create new post" type="FAILURE">
<![CDATA[  [Mobile Safari] › 08-social.spec.ts:13:7 › Social Features Tests › should create new post ────────

    Error: browserContext.newPage: Protocol error (Emulation.setOrientationOverride): 'Emulation.setOrientationOverride' was not found
]]>
</failure>
</testcase>
<testcase name="Social Features Tests › should like/unlike post" classname="08-social.spec.ts" time="1.941">
<failure message="08-social.spec.ts:35:7 should like/unlike post" type="FAILURE">
<![CDATA[  [Mobile Safari] › 08-social.spec.ts:35:7 › Social Features Tests › should like/unlike post ───────

    Error: browserContext.newPage: Protocol error (Emulation.setOrientationOverride): 'Emulation.setOrientationOverride' was not found
]]>
</failure>
</testcase>
<testcase name="Social Features Tests › should comment on post" classname="08-social.spec.ts" time="2.011">
<failure message="08-social.spec.ts:54:7 should comment on post" type="FAILURE">
<![CDATA[  [Mobile Safari] › 08-social.spec.ts:54:7 › Social Features Tests › should comment on post ────────

    Error: browserContext.newPage: Protocol error (Emulation.setOrientationOverride): 'Emulation.setOrientationOverride' was not found
]]>
</failure>
</testcase>
<testcase name="Social Features Tests › should share post" classname="08-social.spec.ts" time="2.249">
<failure message="08-social.spec.ts:73:7 should share post" type="FAILURE">
<![CDATA[  [Mobile Safari] › 08-social.spec.ts:73:7 › Social Features Tests › should share post ─────────────

    Error: browserContext.newPage: Protocol error (Emulation.setOrientationOverride): 'Emulation.setOrientationOverride' was not found
]]>
</failure>
</testcase>
<testcase name="Social Features Tests › should bookmark post" classname="08-social.spec.ts" time="1.497">
<failure message="08-social.spec.ts:86:7 should bookmark post" type="FAILURE">
<![CDATA[  [Mobile Safari] › 08-social.spec.ts:86:7 › Social Features Tests › should bookmark post ──────────

    Error: browserContext.newPage: Protocol error (Emulation.setOrientationOverride): 'Emulation.setOrientationOverride' was not found
]]>
</failure>
</testcase>
<testcase name="Social Features Tests › should create story" classname="08-social.spec.ts" time="1.798">
<failure message="08-social.spec.ts:99:7 should create story" type="FAILURE">
<![CDATA[  [Mobile Safari] › 08-social.spec.ts:99:7 › Social Features Tests › should create story ───────────

    Error: browserContext.newPage: Protocol error (Emulation.setOrientationOverride): 'Emulation.setOrientationOverride' was not found
]]>
</failure>
</testcase>
<testcase name="Social Features Tests › should view story" classname="08-social.spec.ts" time="1.843">
<failure message="08-social.spec.ts:125:7 should view story" type="FAILURE">
<![CDATA[  [Mobile Safari] › 08-social.spec.ts:125:7 › Social Features Tests › should view story ────────────

    Error: browserContext.newPage: Protocol error (Emulation.setOrientationOverride): 'Emulation.setOrientationOverride' was not found
]]>
</failure>
</testcase>
<testcase name="Social Features Tests › should create reel" classname="08-social.spec.ts" time="1.868">
<failure message="08-social.spec.ts:138:7 should create reel" type="FAILURE">
<![CDATA[  [Mobile Safari] › 08-social.spec.ts:138:7 › Social Features Tests › should create reel ───────────

    Error: browserContext.newPage: Protocol error (Emulation.setOrientationOverride): 'Emulation.setOrientationOverride' was not found
]]>
</failure>
</testcase>
<testcase name="Social Features Tests › should follow user" classname="08-social.spec.ts" time="1.936">
<failure message="08-social.spec.ts:164:7 should follow user" type="FAILURE">
<![CDATA[  [Mobile Safari] › 08-social.spec.ts:164:7 › Social Features Tests › should follow user ───────────

    Error: browserContext.newPage: Protocol error (Emulation.setOrientationOverride): 'Emulation.setOrientationOverride' was not found
]]>
</failure>
</testcase>
<testcase name="Social Features Tests › should send direct message" classname="08-social.spec.ts" time="1.771">
<failure message="08-social.spec.ts:183:7 should send direct message" type="FAILURE">
<![CDATA[  [Mobile Safari] › 08-social.spec.ts:183:7 › Social Features Tests › should send direct message ───

    Error: browserContext.newPage: Protocol error (Emulation.setOrientationOverride): 'Emulation.setOrientationOverride' was not found
]]>
</failure>
</testcase>
<testcase name="Social Features Tests › should create group" classname="08-social.spec.ts" time="2.371">
<failure message="08-social.spec.ts:206:7 should create group" type="FAILURE">
<![CDATA[  [Mobile Safari] › 08-social.spec.ts:206:7 › Social Features Tests › should create group ──────────

    Error: browserContext.newPage: Protocol error (Emulation.setOrientationOverride): 'Emulation.setOrientationOverride' was not found
]]>
</failure>
</testcase>
<testcase name="Social Features Tests › should join group" classname="08-social.spec.ts" time="1.86">
<failure message="08-social.spec.ts:226:7 should join group" type="FAILURE">
<![CDATA[  [Mobile Safari] › 08-social.spec.ts:226:7 › Social Features Tests › should join group ────────────

    Error: browserContext.newPage: Protocol error (Emulation.setOrientationOverride): 'Emulation.setOrientationOverride' was not found
]]>
</failure>
</testcase>
<testcase name="Social Features Tests › should search posts" classname="08-social.spec.ts" time="1.808">
<failure message="08-social.spec.ts:245:7 should search posts" type="FAILURE">
<![CDATA[  [Mobile Safari] › 08-social.spec.ts:245:7 › Social Features Tests › should search posts ──────────

    Error: browserContext.newPage: Protocol error (Emulation.setOrientationOverride): 'Emulation.setOrientationOverride' was not found
]]>
</failure>
</testcase>
<testcase name="Social Features Tests › should filter posts by hashtag" classname="08-social.spec.ts" time="1.666">
<failure message="08-social.spec.ts:263:7 should filter posts by hashtag" type="FAILURE">
<![CDATA[  [Mobile Safari] › 08-social.spec.ts:263:7 › Social Features Tests › should filter posts by hashtag 

    Error: browserContext.newPage: Protocol error (Emulation.setOrientationOverride): 'Emulation.setOrientationOverride' was not found
]]>
</failure>
</testcase>
<testcase name="Social Features Tests › should report inappropriate content" classname="08-social.spec.ts" time="2.319">
<failure message="08-social.spec.ts:279:7 should report inappropriate content" type="FAILURE">
<![CDATA[  [Mobile Safari] › 08-social.spec.ts:279:7 › Social Features Tests › should report inappropriate content 

    Error: browserContext.newPage: Protocol error (Emulation.setOrientationOverride): 'Emulation.setOrientationOverride' was not found
]]>
</failure>
</testcase>
<testcase name="Social Features Tests › should view notifications" classname="08-social.spec.ts" time="2.087">
<failure message="08-social.spec.ts:298:7 should view notifications" type="FAILURE">
<![CDATA[  [Mobile Safari] › 08-social.spec.ts:298:7 › Social Features Tests › should view notifications ────

    Error: browserContext.newPage: Protocol error (Emulation.setOrientationOverride): 'Emulation.setOrientationOverride' was not found
]]>
</failure>
</testcase>
<testcase name="Social Features Tests › should mark notifications as read" classname="08-social.spec.ts" time="1.907">
<failure message="08-social.spec.ts:311:7 should mark notifications as read" type="FAILURE">
<![CDATA[  [Mobile Safari] › 08-social.spec.ts:311:7 › Social Features Tests › should mark notifications as read 

    Error: browserContext.newPage: Protocol error (Emulation.setOrientationOverride): 'Emulation.setOrientationOverride' was not found
]]>
</failure>
</testcase>
</testsuite>
<testsuite name="09-admin.spec.ts" timestamp="2025-10-20T22:56:09.042Z" hostname="Mobile Safari" tests="16" failures="16" skipped="0" time="26.889" errors="0">
<testcase name="Admin Panel Tests › should access admin dashboard" classname="09-admin.spec.ts" time="1.757">
<failure message="09-admin.spec.ts:13:7 should access admin dashboard" type="FAILURE">
<![CDATA[  [Mobile Safari] › 09-admin.spec.ts:13:7 › Admin Panel Tests › should access admin dashboard ──────

    Error: browserContext.newPage: Protocol error (Emulation.setOrientationOverride): 'Emulation.setOrientationOverride' was not found
]]>
</failure>
</testcase>
<testcase name="Admin Panel Tests › should manage users" classname="09-admin.spec.ts" time="1.752">
<failure message="09-admin.spec.ts:36:7 should manage users" type="FAILURE">
<![CDATA[  [Mobile Safari] › 09-admin.spec.ts:36:7 › Admin Panel Tests › should manage users ────────────────

    Error: browserContext.newPage: Protocol error (Emulation.setOrientationOverride): 'Emulation.setOrientationOverride' was not found
]]>
</failure>
</testcase>
<testcase name="Admin Panel Tests › should ban/unban user" classname="09-admin.spec.ts" time="1.5">
<failure message="09-admin.spec.ts:66:7 should ban/unban user" type="FAILURE">
<![CDATA[  [Mobile Safari] › 09-admin.spec.ts:66:7 › Admin Panel Tests › should ban/unban user ──────────────

    Error: browserContext.newPage: Protocol error (Emulation.setOrientationOverride): 'Emulation.setOrientationOverride' was not found
]]>
</failure>
</testcase>
<testcase name="Admin Panel Tests › should manage vendors" classname="09-admin.spec.ts" time="1.587">
<failure message="09-admin.spec.ts:85:7 should manage vendors" type="FAILURE">
<![CDATA[  [Mobile Safari] › 09-admin.spec.ts:85:7 › Admin Panel Tests › should manage vendors ──────────────

    Error: browserContext.newPage: Protocol error (Emulation.setOrientationOverride): 'Emulation.setOrientationOverride' was not found
]]>
</failure>
</testcase>
<testcase name="Admin Panel Tests › should reject vendor application" classname="09-admin.spec.ts" time="1.828">
<failure message="09-admin.spec.ts:106:7 should reject vendor application" type="FAILURE">
<![CDATA[  [Mobile Safari] › 09-admin.spec.ts:106:7 › Admin Panel Tests › should reject vendor application ──

    Error: browserContext.newPage: Protocol error (Emulation.setOrientationOverride): 'Emulation.setOrientationOverride' was not found
]]>
</failure>
</testcase>
<testcase name="Admin Panel Tests › should manage bookings" classname="09-admin.spec.ts" time="1.706">
<failure message="09-admin.spec.ts:125:7 should manage bookings" type="FAILURE">
<![CDATA[  [Mobile Safari] › 09-admin.spec.ts:125:7 › Admin Panel Tests › should manage bookings ────────────

    Error: browserContext.newPage: Protocol error (Emulation.setOrientationOverride): 'Emulation.setOrientationOverride' was not found
]]>
</failure>
</testcase>
<testcase name="Admin Panel Tests › should cancel booking" classname="09-admin.spec.ts" time="1.772">
<failure message="09-admin.spec.ts:146:7 should cancel booking" type="FAILURE">
<![CDATA[  [Mobile Safari] › 09-admin.spec.ts:146:7 › Admin Panel Tests › should cancel booking ─────────────

    Error: browserContext.newPage: Protocol error (Emulation.setOrientationOverride): 'Emulation.setOrientationOverride' was not found
]]>
</failure>
</testcase>
<testcase name="Admin Panel Tests › should view analytics" classname="09-admin.spec.ts" time="1.473">
<failure message="09-admin.spec.ts:165:7 should view analytics" type="FAILURE">
<![CDATA[  [Mobile Safari] › 09-admin.spec.ts:165:7 › Admin Panel Tests › should view analytics ─────────────

    Error: browserContext.newPage: Protocol error (Emulation.setOrientationOverride): 'Emulation.setOrientationOverride' was not found
]]>
</failure>
</testcase>
<testcase name="Admin Panel Tests › should export data" classname="09-admin.spec.ts" time="1.733">
<failure message="09-admin.spec.ts:179:7 should export data" type="FAILURE">
<![CDATA[  [Mobile Safari] › 09-admin.spec.ts:179:7 › Admin Panel Tests › should export data ────────────────

    Error: browserContext.newPage: Protocol error (Emulation.setOrientationOverride): 'Emulation.setOrientationOverride' was not found
]]>
</failure>
</testcase>
<testcase name="Admin Panel Tests › should manage system settings" classname="09-admin.spec.ts" time="1.59">
<failure message="09-admin.spec.ts:194:7 should manage system settings" type="FAILURE">
<![CDATA[  [Mobile Safari] › 09-admin.spec.ts:194:7 › Admin Panel Tests › should manage system settings ─────

    Error: browserContext.newPage: Protocol error (Emulation.setOrientationOverride): 'Emulation.setOrientationOverride' was not found
]]>
</failure>
</testcase>
<testcase name="Admin Panel Tests › should manage payment settings" classname="09-admin.spec.ts" time="1.713">
<failure message="09-admin.spec.ts:212:7 should manage payment settings" type="FAILURE">
<![CDATA[  [Mobile Safari] › 09-admin.spec.ts:212:7 › Admin Panel Tests › should manage payment settings ────

    Error: browserContext.newPage: Protocol error (Emulation.setOrientationOverride): 'Emulation.setOrientationOverride' was not found
]]>
</failure>
</testcase>
<testcase name="Admin Panel Tests › should view system logs" classname="09-admin.spec.ts" time="1.75">
<failure message="09-admin.spec.ts:230:7 should view system logs" type="FAILURE">
<![CDATA[  [Mobile Safari] › 09-admin.spec.ts:230:7 › Admin Panel Tests › should view system logs ───────────

    Error: browserContext.newPage: Protocol error (Emulation.setOrientationOverride): 'Emulation.setOrientationOverride' was not found
]]>
</failure>
</testcase>
<testcase name="Admin Panel Tests › should manage content moderation" classname="09-admin.spec.ts" time="1.87">
<failure message="09-admin.spec.ts:244:7 should manage content moderation" type="FAILURE">
<![CDATA[  [Mobile Safari] › 09-admin.spec.ts:244:7 › Admin Panel Tests › should manage content moderation ──

    Error: browserContext.newPage: Protocol error (Emulation.setOrientationOverride): 'Emulation.setOrientationOverride' was not found
]]>
</failure>
</testcase>
<testcase name="Admin Panel Tests › should handle user reports" classname="09-admin.spec.ts" time="1.874">
<failure message="09-admin.spec.ts:265:7 should handle user reports" type="FAILURE">
<![CDATA[  [Mobile Safari] › 09-admin.spec.ts:265:7 › Admin Panel Tests › should handle user reports ────────

    Error: browserContext.newPage: Protocol error (Emulation.setOrientationOverride): 'Emulation.setOrientationOverride' was not found
]]>
</failure>
</testcase>
<testcase name="Admin Panel Tests › should manage notifications" classname="09-admin.spec.ts" time="1.454">
<failure message="09-admin.spec.ts:286:7 should manage notifications" type="FAILURE">
<![CDATA[  [Mobile Safari] › 09-admin.spec.ts:286:7 › Admin Panel Tests › should manage notifications ───────

    Error: browserContext.newPage: Protocol error (Emulation.setOrientationOverride): 'Emulation.setOrientationOverride' was not found
]]>
</failure>
</testcase>
<testcase name="Admin Panel Tests › should backup system data" classname="09-admin.spec.ts" time="1.53">
<failure message="09-admin.spec.ts:310:7 should backup system data" type="FAILURE">
<![CDATA[  [Mobile Safari] › 09-admin.spec.ts:310:7 › Admin Panel Tests › should backup system data ─────────

    Error: browserContext.newPage: Protocol error (Emulation.setOrientationOverride): 'Emulation.setOrientationOverride' was not found
]]>
</failure>
</testcase>
</testsuite>
<testsuite name="10-api.spec.ts" timestamp="2025-10-20T22:56:09.042Z" hostname="Mobile Safari" tests="14" failures="14" skipped="0" time="36.366" errors="0">
<testcase name="API Endpoints Tests › should test authentication endpoints" classname="10-api.spec.ts" time="1.922">
<failure message="10-api.spec.ts:4:7 should test authentication endpoints" type="FAILURE">
<![CDATA[  [Mobile Safari] › 10-api.spec.ts:4:7 › API Endpoints Tests › should test authentication endpoints 

    Error: expect(received).toBe(expected) // Object.is equality

    Expected: 200
    Received: 400

      10 |       }
      11 |     });
    > 12 |     expect(loginResponse.status()).toBe(200);
         |                                    ^
      13 |     
      14 |     // Test register endpoint
      15 |     const registerResponse = await request.post('/api/auth/register', {
        at /Users/asithalakmal/Documents/web/final project/WeddingLK-next copy/tests/10-api.spec.ts:12:36
]]>
</failure>
</testcase>
<testcase name="API Endpoints Tests › should test venues CRUD endpoints" classname="10-api.spec.ts" time="2.569">
<failure message="10-api.spec.ts:27:7 should test venues CRUD endpoints" type="FAILURE">
<![CDATA[  [Mobile Safari] › 10-api.spec.ts:27:7 › API Endpoints Tests › should test venues CRUD endpoints ──

    Error: expect(received).toBe(expected) // Object.is equality

    Expected: 201
    Received: 400

      40 |       }
      41 |     });
    > 42 |     expect(createVenueResponse.status()).toBe(201);
         |                                          ^
      43 |     
      44 |     const venueId = (await createVenueResponse.json()).id;
      45 |     
        at /Users/asithalakmal/Documents/web/final project/WeddingLK-next copy/tests/10-api.spec.ts:42:42
]]>
</failure>
</testcase>
<testcase name="API Endpoints Tests › should test vendors CRUD endpoints" classname="10-api.spec.ts" time="1.503">
<failure message="10-api.spec.ts:63:7 should test vendors CRUD endpoints" type="FAILURE">
<![CDATA[  [Mobile Safari] › 10-api.spec.ts:63:7 › API Endpoints Tests › should test vendors CRUD endpoints ─

    Error: expect(received).toBe(expected) // Object.is equality

    Expected: 201
    Received: 400

      77 |       }
      78 |     });
    > 79 |     expect(createVendorResponse.status()).toBe(201);
         |                                           ^
      80 |     
      81 |     const vendorId = (await createVendorResponse.json()).id;
      82 |     
        at /Users/asithalakmal/Documents/web/final project/WeddingLK-next copy/tests/10-api.spec.ts:79:43
]]>
</failure>
</testcase>
<testcase name="API Endpoints Tests › should test bookings CRUD endpoints" classname="10-api.spec.ts" time="1.115">
<failure message="10-api.spec.ts:100:7 should test bookings CRUD endpoints" type="FAILURE">
<![CDATA[  [Mobile Safari] › 10-api.spec.ts:100:7 › API Endpoints Tests › should test bookings CRUD endpoints 

    Error: expect(received).toBe(expected) // Object.is equality

    Expected: 200
    Received: 401

      101 |     // Test get bookings
      102 |     const getBookingsResponse = await request.get('/api/bookings');
    > 103 |     expect(getBookingsResponse.status()).toBe(200);
          |                                          ^
      104 |     
      105 |     // Test create booking
      106 |     const createBookingResponse = await request.post('/api/bookings', {
        at /Users/asithalakmal/Documents/web/final project/WeddingLK-next copy/tests/10-api.spec.ts:103:42
]]>
</failure>
</testcase>
<testcase name="API Endpoints Tests › should test payments endpoints" classname="10-api.spec.ts" time="2.313">
<failure message="10-api.spec.ts:138:7 should test payments endpoints" type="FAILURE">
<![CDATA[  [Mobile Safari] › 10-api.spec.ts:138:7 › API Endpoints Tests › should test payments endpoints ────

    Error: expect(received).toBe(expected) // Object.is equality

    Expected: 200
    Received: 401

      145 |       }
      146 |     });
    > 147 |     expect(createPaymentIntentResponse.status()).toBe(200);
          |                                                  ^
      148 |     
      149 |     // Test get payments
      150 |     const getPaymentsResponse = await request.get('/api/payments');
        at /Users/asithalakmal/Documents/web/final project/WeddingLK-next copy/tests/10-api.spec.ts:147:50
]]>
</failure>
</testcase>
<testcase name="API Endpoints Tests › should test posts CRUD endpoints" classname="10-api.spec.ts" time="7.963">
<failure message="10-api.spec.ts:154:7 should test posts CRUD endpoints" type="FAILURE">
<![CDATA[  [Mobile Safari] › 10-api.spec.ts:154:7 › API Endpoints Tests › should test posts CRUD endpoints ──

    Error: expect(received).toBe(expected) // Object.is equality

    Expected: 201
    Received: 400

      165 |       }
      166 |     });
    > 167 |     expect(createPostResponse.status()).toBe(201);
          |                                         ^
      168 |     
      169 |     const postId = (await createPostResponse.json()).id;
      170 |     
        at /Users/asithalakmal/Documents/web/final project/WeddingLK-next copy/tests/10-api.spec.ts:167:41
]]>
</failure>
</testcase>
<testcase name="API Endpoints Tests › should test messages endpoints" classname="10-api.spec.ts" time="1.182">
<failure message="10-api.spec.ts:188:7 should test messages endpoints" type="FAILURE">
<![CDATA[  [Mobile Safari] › 10-api.spec.ts:188:7 › API Endpoints Tests › should test messages endpoints ────

    Error: expect(received).toBe(expected) // Object.is equality

    Expected: 200
    Received: 401

      189 |     // Test get messages
      190 |     const getMessagesResponse = await request.get('/api/messages');
    > 191 |     expect(getMessagesResponse.status()).toBe(200);
          |                                          ^
      192 |     
      193 |     // Test create message
      194 |     const createMessageResponse = await request.post('/api/messages', {
        at /Users/asithalakmal/Documents/web/final project/WeddingLK-next copy/tests/10-api.spec.ts:191:42
]]>
</failure>
</testcase>
<testcase name="API Endpoints Tests › should test search endpoints" classname="10-api.spec.ts" time="0.768">
<failure message="10-api.spec.ts:222:7 should test search endpoints" type="FAILURE">
<![CDATA[  [Mobile Safari] › 10-api.spec.ts:222:7 › API Endpoints Tests › should test search endpoints ──────

    Error: expect(received).toBe(expected) // Object.is equality

    Expected: 200
    Received: 404

      223 |     // Test search venues
      224 |     const searchVenuesResponse = await request.get('/api/search/venues?q=hotel');
    > 225 |     expect(searchVenuesResponse.status()).toBe(200);
          |                                           ^
      226 |     
      227 |     // Test search vendors
      228 |     const searchVendorsResponse = await request.get('/api/search/vendors?q=photography');
        at /Users/asithalakmal/Documents/web/final project/WeddingLK-next copy/tests/10-api.spec.ts:225:43
]]>
</failure>
</testcase>
<testcase name="API Endpoints Tests › should test analytics endpoints" classname="10-api.spec.ts" time="3.654">
<failure message="10-api.spec.ts:236:7 should test analytics endpoints" type="FAILURE">
<![CDATA[  [Mobile Safari] › 10-api.spec.ts:236:7 › API Endpoints Tests › should test analytics endpoints ───

    Error: expect(received).toBe(expected) // Object.is equality

    Expected: 200
    Received: 404

      241 |     // Test get user analytics
      242 |     const getUserAnalyticsResponse = await request.get('/api/analytics/users');
    > 243 |     expect(getUserAnalyticsResponse.status()).toBe(200);
          |                                               ^
      244 |     
      245 |     // Test get booking analytics
      246 |     const getBookingAnalyticsResponse = await request.get('/api/analytics/bookings');
        at /Users/asithalakmal/Documents/web/final project/WeddingLK-next copy/tests/10-api.spec.ts:243:47
]]>
</failure>
</testcase>
<testcase name="API Endpoints Tests › should test file upload endpoints" classname="10-api.spec.ts" time="0.138">
<failure message="10-api.spec.ts:250:7 should test file upload endpoints" type="FAILURE">
<![CDATA[  [Mobile Safari] › 10-api.spec.ts:250:7 › API Endpoints Tests › should test file upload endpoints ─

    TypeError: apiRequestContext.post: stream.on is not a function

      250 |   test('should test file upload endpoints', async ({ request }) => {
      251 |     // Test upload image
    > 252 |     const uploadImageResponse = await request.post('/api/upload/image', {
          |                                               ^
      253 |       multipart: {
      254 |         file: new File(['test image content'], 'test.jpg', { type: 'image/jpeg' })
      255 |       }
        at /Users/asithalakmal/Documents/web/final project/WeddingLK-next copy/tests/10-api.spec.ts:252:47
]]>
</failure>
</testcase>
<testcase name="API Endpoints Tests › should test notification endpoints" classname="10-api.spec.ts" time="1.041">
<failure message="10-api.spec.ts:268:7 should test notification endpoints" type="FAILURE">
<![CDATA[  [Mobile Safari] › 10-api.spec.ts:268:7 › API Endpoints Tests › should test notification endpoints 

    Error: expect(received).toBe(expected) // Object.is equality

    Expected: 200
    Received: 401

      269 |     // Test get notifications
      270 |     const getNotificationsResponse = await request.get('/api/notifications');
    > 271 |     expect(getNotificationsResponse.status()).toBe(200);
          |                                               ^
      272 |     
      273 |     // Test create notification
      274 |     const createNotificationResponse = await request.post('/api/notifications', {
        at /Users/asithalakmal/Documents/web/final project/WeddingLK-next copy/tests/10-api.spec.ts:271:47
]]>
</failure>
</testcase>
<testcase name="API Endpoints Tests › should test error handling" classname="10-api.spec.ts" time="1.567">
<failure message="10-api.spec.ts:295:7 should test error handling" type="FAILURE">
<![CDATA[  [Mobile Safari] › 10-api.spec.ts:295:7 › API Endpoints Tests › should test error handling ────────

    Error: expect(received).toBe(expected) // Object.is equality

    Expected: 401
    Received: 404

      308 |     // Test 401 error
      309 |     const unauthorizedResponse = await request.get('/api/dashboard');
    > 310 |     expect(unauthorizedResponse.status()).toBe(401);
          |                                           ^
      311 |   });
      312 |
      313 |   test('should test rate limiting', async ({ request }) => {
        at /Users/asithalakmal/Documents/web/final project/WeddingLK-next copy/tests/10-api.spec.ts:310:43
]]>
</failure>
</testcase>
<testcase name="API Endpoints Tests › should test rate limiting" classname="10-api.spec.ts" time="10.528">
<failure message="10-api.spec.ts:313:7 should test rate limiting" type="FAILURE">
<![CDATA[  [Mobile Safari] › 10-api.spec.ts:313:7 › API Endpoints Tests › should test rate limiting ─────────

    Error: expect(received).toBeGreaterThan(expected)

    Expected: > 0
    Received:   0

      322 |     // Some requests should be rate limited
      323 |     const rateLimitedResponses = responses.filter(r => r.status() === 429);
    > 324 |     expect(rateLimitedResponses.length).toBeGreaterThan(0);
          |                                         ^
      325 |   });
      326 |
      327 |   test('should test CORS headers', async ({ request }) => {
        at /Users/asithalakmal/Documents/web/final project/WeddingLK-next copy/tests/10-api.spec.ts:324:41
]]>
</failure>
</testcase>
<testcase name="API Endpoints Tests › should test CORS headers" classname="10-api.spec.ts" time="0.103">
<failure message="10-api.spec.ts:327:7 should test CORS headers" type="FAILURE">
<![CDATA[  [Mobile Safari] › 10-api.spec.ts:327:7 › API Endpoints Tests › should test CORS headers ──────────

    TypeError: request.options is not a function

      327 |   test('should test CORS headers', async ({ request }) => {
      328 |     // Test CORS preflight request
    > 329 |     const corsResponse = await request.options('/api/venues');
          |                                        ^
      330 |     expect(corsResponse.status()).toBe(200);
      331 |     
      332 |     // Check CORS headers
        at /Users/asithalakmal/Documents/web/final project/WeddingLK-next copy/tests/10-api.spec.ts:329:40
]]>
</failure>
</testcase>
</testsuite>
</testsuites>