<testsuites id="" name="" tests="740" failures="687" skipped="0" errors="0" time="8176.119211">
<testsuite name="api-integration.spec.ts" timestamp="2025-10-22T18:37:21.475Z" hostname="chromium" tests="55" failures="49" skipped="0" time="167.284" errors="0">
<testcase name="🔐 Authentication API Tests › User Registration API" classname="api-integration.spec.ts" time="3.903">
<failure message="api-integration.spec.ts:56:7 User Registration API" type="FAILURE">
<![CDATA[  [chromium] › api-integration.spec.ts:56:7 › 🔐 Authentication API Tests › User Registration API ──

    Error: expect(received).toBe(expected) // Object.is equality

    Expected: 201
    Received: 400

      64 |     });
      65 |     
    > 66 |     expect(response.status()).toBe(201);
         |                               ^
      67 |     const data = await response.json();
      68 |     expect(data.success).toBe(true);
      69 |     expect(data.message).toContain('User registered successfully');
        at /Users/asithalakmal/Documents/web/final project/WeddingLK-next copy/tests/e2e/api-integration.spec.ts:66:31

    attachment #1: screenshot (image/png) ──────────────────────────────────────────────────────────
    ../../test-results/api-integration-🔐-Authent-2e205-Tests-User-Registration-API-chromium/test-failed-1.png
    ────────────────────────────────────────────────────────────────────────────────────────────────

    attachment #2: video (video/webm) ──────────────────────────────────────────────────────────────
    ../../test-results/api-integration-🔐-Authent-2e205-Tests-User-Registration-API-chromium/video.webm
    ────────────────────────────────────────────────────────────────────────────────────────────────
]]>
</failure>
<system-out>
<![CDATA[
[[ATTACHMENT|test-results/api-integration-🔐-Authent-2e205-Tests-User-Registration-API-chromium/test-failed-1.png]]

[[ATTACHMENT|test-results/api-integration-🔐-Authent-2e205-Tests-User-Registration-API-chromium/video.webm]]
]]>
</system-out>
</testcase>
<testcase name="🔐 Authentication API Tests › User Login API" classname="api-integration.spec.ts" time="4.066">
<failure message="api-integration.spec.ts:72:7 User Login API" type="FAILURE">
<![CDATA[  [chromium] › api-integration.spec.ts:72:7 › 🔐 Authentication API Tests › User Login API ─────────

    Error: expect(received).toBe(expected) // Object.is equality

    Expected: 200
    Received: 400

      78 |     });
      79 |     
    > 80 |     expect(response.status()).toBe(200);
         |                               ^
      81 |     const data = await response.json();
      82 |     expect(data.success).toBe(true);
      83 |     expect(data.token).toBeDefined();
        at /Users/asithalakmal/Documents/web/final project/WeddingLK-next copy/tests/e2e/api-integration.spec.ts:80:31

    attachment #1: screenshot (image/png) ──────────────────────────────────────────────────────────
    ../../test-results/api-integration-🔐-Authentication-API-Tests-User-Login-API-chromium/test-failed-1.png
    ────────────────────────────────────────────────────────────────────────────────────────────────

    attachment #2: video (video/webm) ──────────────────────────────────────────────────────────────
    ../../test-results/api-integration-🔐-Authentication-API-Tests-User-Login-API-chromium/video.webm
    ────────────────────────────────────────────────────────────────────────────────────────────────
]]>
</failure>
<system-out>
<![CDATA[
[[ATTACHMENT|test-results/api-integration-🔐-Authentication-API-Tests-User-Login-API-chromium/test-failed-1.png]]

[[ATTACHMENT|test-results/api-integration-🔐-Authentication-API-Tests-User-Login-API-chromium/video.webm]]
]]>
</system-out>
</testcase>
<testcase name="🔐 Authentication API Tests › Invalid Login API" classname="api-integration.spec.ts" time="2.453">
<failure message="api-integration.spec.ts:87:7 Invalid Login API" type="FAILURE">
<![CDATA[  [chromium] › api-integration.spec.ts:87:7 › 🔐 Authentication API Tests › Invalid Login API ──────

    Error: expect(received).toBe(expected) // Object.is equality

    Expected: 401
    Received: 400

      93 |     });
      94 |     
    > 95 |     expect(response.status()).toBe(401);
         |                               ^
      96 |     const data = await response.json();
      97 |     expect(data.success).toBe(false);
      98 |     expect(data.message).toContain('Invalid credentials');
        at /Users/asithalakmal/Documents/web/final project/WeddingLK-next copy/tests/e2e/api-integration.spec.ts:95:31

    attachment #1: screenshot (image/png) ──────────────────────────────────────────────────────────
    ../../test-results/api-integration-🔐-Authent-4b7fb-API-Tests-Invalid-Login-API-chromium/test-failed-1.png
    ────────────────────────────────────────────────────────────────────────────────────────────────

    attachment #2: video (video/webm) ──────────────────────────────────────────────────────────────
    ../../test-results/api-integration-🔐-Authent-4b7fb-API-Tests-Invalid-Login-API-chromium/video.webm
    ────────────────────────────────────────────────────────────────────────────────────────────────
]]>
</failure>
<system-out>
<![CDATA[
[[ATTACHMENT|test-results/api-integration-🔐-Authent-4b7fb-API-Tests-Invalid-Login-API-chromium/test-failed-1.png]]

[[ATTACHMENT|test-results/api-integration-🔐-Authent-4b7fb-API-Tests-Invalid-Login-API-chromium/video.webm]]
]]>
</system-out>
</testcase>
<testcase name="🔐 Authentication API Tests › Password Reset API" classname="api-integration.spec.ts" time="2.693">
<failure message="api-integration.spec.ts:101:7 Password Reset API" type="FAILURE">
<![CDATA[  [chromium] › api-integration.spec.ts:101:7 › 🔐 Authentication API Tests › Password Reset API ────

    Error: expect(received).toContain(expected) // indexOf

    Expected substring: "Password reset email sent"
    Received string:    "If an account with that email exists, a password reset link has been sent."

      107 |     const data = await response.json();
      108 |     expect(data.success).toBe(true);
    > 109 |     expect(data.message).toContain('Password reset email sent');
          |                          ^
      110 |   });
      111 |
      112 |   test('Email Verification API', async ({ page }) => {
        at /Users/asithalakmal/Documents/web/final project/WeddingLK-next copy/tests/e2e/api-integration.spec.ts:109:26

    attachment #1: screenshot (image/png) ──────────────────────────────────────────────────────────
    ../../test-results/api-integration-🔐-Authent-64b4c-PI-Tests-Password-Reset-API-chromium/test-failed-1.png
    ────────────────────────────────────────────────────────────────────────────────────────────────

    attachment #2: video (video/webm) ──────────────────────────────────────────────────────────────
    ../../test-results/api-integration-🔐-Authent-64b4c-PI-Tests-Password-Reset-API-chromium/video.webm
    ────────────────────────────────────────────────────────────────────────────────────────────────
]]>
</failure>
<system-out>
<![CDATA[
[[ATTACHMENT|test-results/api-integration-🔐-Authent-64b4c-PI-Tests-Password-Reset-API-chromium/test-failed-1.png]]

[[ATTACHMENT|test-results/api-integration-🔐-Authent-64b4c-PI-Tests-Password-Reset-API-chromium/video.webm]]
]]>
</system-out>
</testcase>
<testcase name="🔐 Authentication API Tests › Email Verification API" classname="api-integration.spec.ts" time="3.294">
<failure message="api-integration.spec.ts:112:7 Email Verification API" type="FAILURE">
<![CDATA[  [chromium] › api-integration.spec.ts:112:7 › 🔐 Authentication API Tests › Email Verification API 

    Error: expect(received).toBe(expected) // Object.is equality

    Expected: 200
    Received: 400

      115 |     });
      116 |     
    > 117 |     expect(response.status()).toBe(200);
          |                               ^
      118 |     const data = await response.json();
      119 |     expect(data.success).toBe(true);
      120 |   });
        at /Users/asithalakmal/Documents/web/final project/WeddingLK-next copy/tests/e2e/api-integration.spec.ts:117:31

    attachment #1: screenshot (image/png) ──────────────────────────────────────────────────────────
    ../../test-results/api-integration-🔐-Authent-28344-ests-Email-Verification-API-chromium/test-failed-1.png
    ────────────────────────────────────────────────────────────────────────────────────────────────

    attachment #2: video (video/webm) ──────────────────────────────────────────────────────────────
    ../../test-results/api-integration-🔐-Authent-28344-ests-Email-Verification-API-chromium/video.webm
    ────────────────────────────────────────────────────────────────────────────────────────────────
]]>
</failure>
<system-out>
<![CDATA[
[[ATTACHMENT|test-results/api-integration-🔐-Authent-28344-ests-Email-Verification-API-chromium/test-failed-1.png]]

[[ATTACHMENT|test-results/api-integration-🔐-Authent-28344-ests-Email-Verification-API-chromium/video.webm]]
]]>
</system-out>
</testcase>
<testcase name="👤 User Management API Tests › Get User Profile API" classname="api-integration.spec.ts" time="1.984">
<failure message="api-integration.spec.ts:124:7 Get User Profile API" type="FAILURE">
<![CDATA[  [chromium] › api-integration.spec.ts:124:7 › 👤 User Management API Tests › Get User Profile API ─

    SyntaxError: Unexpected token 'E', "Error: Thi"... is not valid JSON

      43 |     data: { email, password }
      44 |   });
    > 45 |   const data = await response.json();
         |                ^
      46 |   return data.token;
      47 | }
      48 |
        at getAuthToken (/Users/asithalakmal/Documents/web/final project/WeddingLK-next copy/tests/e2e/api-integration.spec.ts:45:16)
        at /Users/asithalakmal/Documents/web/final project/WeddingLK-next copy/tests/e2e/api-integration.spec.ts:125:19

    attachment #1: screenshot (image/png) ──────────────────────────────────────────────────────────
    ../../test-results/api-integration-👤-User-Ma-c1c93--Tests-Get-User-Profile-API-chromium/test-failed-1.png
    ────────────────────────────────────────────────────────────────────────────────────────────────

    attachment #2: video (video/webm) ──────────────────────────────────────────────────────────────
    ../../test-results/api-integration-👤-User-Ma-c1c93--Tests-Get-User-Profile-API-chromium/video.webm
    ────────────────────────────────────────────────────────────────────────────────────────────────
]]>
</failure>
<system-out>
<![CDATA[
[[ATTACHMENT|test-results/api-integration-👤-User-Ma-c1c93--Tests-Get-User-Profile-API-chromium/test-failed-1.png]]

[[ATTACHMENT|test-results/api-integration-👤-User-Ma-c1c93--Tests-Get-User-Profile-API-chromium/video.webm]]
]]>
</system-out>
</testcase>
<testcase name="👤 User Management API Tests › Update User Profile API" classname="api-integration.spec.ts" time="2.658">
<failure message="api-integration.spec.ts:136:7 Update User Profile API" type="FAILURE">
<![CDATA[  [chromium] › api-integration.spec.ts:136:7 › 👤 User Management API Tests › Update User Profile API 

    SyntaxError: Unexpected token 'E', "Error: Thi"... is not valid JSON

      43 |     data: { email, password }
      44 |   });
    > 45 |   const data = await response.json();
         |                ^
      46 |   return data.token;
      47 | }
      48 |
        at getAuthToken (/Users/asithalakmal/Documents/web/final project/WeddingLK-next copy/tests/e2e/api-integration.spec.ts:45:16)
        at /Users/asithalakmal/Documents/web/final project/WeddingLK-next copy/tests/e2e/api-integration.spec.ts:137:19

    attachment #1: screenshot (image/png) ──────────────────────────────────────────────────────────
    ../../test-results/api-integration-👤-User-Ma-6e586-sts-Update-User-Profile-API-chromium/test-failed-1.png
    ────────────────────────────────────────────────────────────────────────────────────────────────

    attachment #2: video (video/webm) ──────────────────────────────────────────────────────────────
    ../../test-results/api-integration-👤-User-Ma-6e586-sts-Update-User-Profile-API-chromium/video.webm
    ────────────────────────────────────────────────────────────────────────────────────────────────
]]>
</failure>
<system-out>
<![CDATA[
[[ATTACHMENT|test-results/api-integration-👤-User-Ma-6e586-sts-Update-User-Profile-API-chromium/test-failed-1.png]]

[[ATTACHMENT|test-results/api-integration-👤-User-Ma-6e586-sts-Update-User-Profile-API-chromium/video.webm]]
]]>
</system-out>
</testcase>
<testcase name="👤 User Management API Tests › Get User Favorites API" classname="api-integration.spec.ts" time="2.577">
<failure message="api-integration.spec.ts:150:7 Get User Favorites API" type="FAILURE">
<![CDATA[  [chromium] › api-integration.spec.ts:150:7 › 👤 User Management API Tests › Get User Favorites API 

    SyntaxError: Unexpected token 'E', "Error: Thi"... is not valid JSON

      43 |     data: { email, password }
      44 |   });
    > 45 |   const data = await response.json();
         |                ^
      46 |   return data.token;
      47 | }
      48 |
        at getAuthToken (/Users/asithalakmal/Documents/web/final project/WeddingLK-next copy/tests/e2e/api-integration.spec.ts:45:16)
        at /Users/asithalakmal/Documents/web/final project/WeddingLK-next copy/tests/e2e/api-integration.spec.ts:151:19

    attachment #1: screenshot (image/png) ──────────────────────────────────────────────────────────
    ../../test-results/api-integration-👤-User-Ma-2df14-ests-Get-User-Favorites-API-chromium/test-failed-1.png
    ────────────────────────────────────────────────────────────────────────────────────────────────

    attachment #2: video (video/webm) ──────────────────────────────────────────────────────────────
    ../../test-results/api-integration-👤-User-Ma-2df14-ests-Get-User-Favorites-API-chromium/video.webm
    ────────────────────────────────────────────────────────────────────────────────────────────────
]]>
</failure>
<system-out>
<![CDATA[
[[ATTACHMENT|test-results/api-integration-👤-User-Ma-2df14-ests-Get-User-Favorites-API-chromium/test-failed-1.png]]

[[ATTACHMENT|test-results/api-integration-👤-User-Ma-2df14-ests-Get-User-Favorites-API-chromium/video.webm]]
]]>
</system-out>
</testcase>
<testcase name="👤 User Management API Tests › Add User Favorite API" classname="api-integration.spec.ts" time="2.029">
<failure message="api-integration.spec.ts:161:7 Add User Favorite API" type="FAILURE">
<![CDATA[  [chromium] › api-integration.spec.ts:161:7 › 👤 User Management API Tests › Add User Favorite API 

    SyntaxError: Unexpected token 'E', "Error: Thi"... is not valid JSON

      43 |     data: { email, password }
      44 |   });
    > 45 |   const data = await response.json();
         |                ^
      46 |   return data.token;
      47 | }
      48 |
        at getAuthToken (/Users/asithalakmal/Documents/web/final project/WeddingLK-next copy/tests/e2e/api-integration.spec.ts:45:16)
        at /Users/asithalakmal/Documents/web/final project/WeddingLK-next copy/tests/e2e/api-integration.spec.ts:162:19

    attachment #1: screenshot (image/png) ──────────────────────────────────────────────────────────
    ../../test-results/api-integration-👤-User-Ma-0917f-Tests-Add-User-Favorite-API-chromium/test-failed-1.png
    ────────────────────────────────────────────────────────────────────────────────────────────────

    attachment #2: video (video/webm) ──────────────────────────────────────────────────────────────
    ../../test-results/api-integration-👤-User-Ma-0917f-Tests-Add-User-Favorite-API-chromium/video.webm
    ────────────────────────────────────────────────────────────────────────────────────────────────
]]>
</failure>
<system-out>
<![CDATA[
[[ATTACHMENT|test-results/api-integration-👤-User-Ma-0917f-Tests-Add-User-Favorite-API-chromium/test-failed-1.png]]

[[ATTACHMENT|test-results/api-integration-👤-User-Ma-0917f-Tests-Add-User-Favorite-API-chromium/video.webm]]
]]>
</system-out>
</testcase>
<testcase name="🏢 Vendor Management API Tests › Vendor Registration API" classname="api-integration.spec.ts" time="2.399">
<failure message="api-integration.spec.ts:177:7 Vendor Registration API" type="FAILURE">
<![CDATA[  [chromium] › api-integration.spec.ts:177:7 › 🏢 Vendor Management API Tests › Vendor Registration API 

    Error: expect(received).toBe(expected) // Object.is equality

    Expected: 201
    Received: 401

      186 |     });
      187 |     
    > 188 |     expect(response.status()).toBe(201);
          |                               ^
      189 |     const data = await response.json();
      190 |     expect(data.success).toBe(true);
      191 |     expect(data.message).toContain('Vendor registration submitted');
        at /Users/asithalakmal/Documents/web/final project/WeddingLK-next copy/tests/e2e/api-integration.spec.ts:188:31

    attachment #1: screenshot (image/png) ──────────────────────────────────────────────────────────
    ../../test-results/api-integration-🏢-Vendor--a5f85-sts-Vendor-Registration-API-chromium/test-failed-1.png
    ────────────────────────────────────────────────────────────────────────────────────────────────

    attachment #2: video (video/webm) ──────────────────────────────────────────────────────────────
    ../../test-results/api-integration-🏢-Vendor--a5f85-sts-Vendor-Registration-API-chromium/video.webm
    ────────────────────────────────────────────────────────────────────────────────────────────────
]]>
</failure>
<system-out>
<![CDATA[
[[ATTACHMENT|test-results/api-integration-🏢-Vendor--a5f85-sts-Vendor-Registration-API-chromium/test-failed-1.png]]

[[ATTACHMENT|test-results/api-integration-🏢-Vendor--a5f85-sts-Vendor-Registration-API-chromium/video.webm]]
]]>
</system-out>
</testcase>
<testcase name="🏢 Vendor Management API Tests › Get Vendor Services API" classname="api-integration.spec.ts" time="1.862">
<failure message="api-integration.spec.ts:194:7 Get Vendor Services API" type="FAILURE">
<![CDATA[  [chromium] › api-integration.spec.ts:194:7 › 🏢 Vendor Management API Tests › Get Vendor Services API 

    SyntaxError: Unexpected token 'E', "Error: Thi"... is not valid JSON

      43 |     data: { email, password }
      44 |   });
    > 45 |   const data = await response.json();
         |                ^
      46 |   return data.token;
      47 | }
      48 |
        at getAuthToken (/Users/asithalakmal/Documents/web/final project/WeddingLK-next copy/tests/e2e/api-integration.spec.ts:45:16)
        at /Users/asithalakmal/Documents/web/final project/WeddingLK-next copy/tests/e2e/api-integration.spec.ts:195:19

    attachment #1: screenshot (image/png) ──────────────────────────────────────────────────────────
    ../../test-results/api-integration-🏢-Vendor--4dc71-sts-Get-Vendor-Services-API-chromium/test-failed-1.png
    ────────────────────────────────────────────────────────────────────────────────────────────────

    attachment #2: video (video/webm) ──────────────────────────────────────────────────────────────
    ../../test-results/api-integration-🏢-Vendor--4dc71-sts-Get-Vendor-Services-API-chromium/video.webm
    ────────────────────────────────────────────────────────────────────────────────────────────────
]]>
</failure>
<system-out>
<![CDATA[
[[ATTACHMENT|test-results/api-integration-🏢-Vendor--4dc71-sts-Get-Vendor-Services-API-chromium/test-failed-1.png]]

[[ATTACHMENT|test-results/api-integration-🏢-Vendor--4dc71-sts-Get-Vendor-Services-API-chromium/video.webm]]
]]>
</system-out>
</testcase>
<testcase name="🏢 Vendor Management API Tests › Create Vendor Service API" classname="api-integration.spec.ts" time="1.998">
<failure message="api-integration.spec.ts:205:7 Create Vendor Service API" type="FAILURE">
<![CDATA[  [chromium] › api-integration.spec.ts:205:7 › 🏢 Vendor Management API Tests › Create Vendor Service API 

    SyntaxError: Unexpected token 'E', "Error: Thi"... is not valid JSON

      43 |     data: { email, password }
      44 |   });
    > 45 |   const data = await response.json();
         |                ^
      46 |   return data.token;
      47 | }
      48 |
        at getAuthToken (/Users/asithalakmal/Documents/web/final project/WeddingLK-next copy/tests/e2e/api-integration.spec.ts:45:16)
        at /Users/asithalakmal/Documents/web/final project/WeddingLK-next copy/tests/e2e/api-integration.spec.ts:206:19

    attachment #1: screenshot (image/png) ──────────────────────────────────────────────────────────
    ../../test-results/api-integration-🏢-Vendor--32b06-s-Create-Vendor-Service-API-chromium/test-failed-1.png
    ────────────────────────────────────────────────────────────────────────────────────────────────

    attachment #2: video (video/webm) ──────────────────────────────────────────────────────────────
    ../../test-results/api-integration-🏢-Vendor--32b06-s-Create-Vendor-Service-API-chromium/video.webm
    ────────────────────────────────────────────────────────────────────────────────────────────────
]]>
</failure>
<system-out>
<![CDATA[
[[ATTACHMENT|test-results/api-integration-🏢-Vendor--32b06-s-Create-Vendor-Service-API-chromium/test-failed-1.png]]

[[ATTACHMENT|test-results/api-integration-🏢-Vendor--32b06-s-Create-Vendor-Service-API-chromium/video.webm]]
]]>
</system-out>
</testcase>
<testcase name="🏢 Vendor Management API Tests › Update Vendor Service API" classname="api-integration.spec.ts" time="2.347">
<failure message="api-integration.spec.ts:221:7 Update Vendor Service API" type="FAILURE">
<![CDATA[  [chromium] › api-integration.spec.ts:221:7 › 🏢 Vendor Management API Tests › Update Vendor Service API 

    SyntaxError: Unexpected token 'E', "Error: Thi"... is not valid JSON

      43 |     data: { email, password }
      44 |   });
    > 45 |   const data = await response.json();
         |                ^
      46 |   return data.token;
      47 | }
      48 |
        at getAuthToken (/Users/asithalakmal/Documents/web/final project/WeddingLK-next copy/tests/e2e/api-integration.spec.ts:45:16)
        at /Users/asithalakmal/Documents/web/final project/WeddingLK-next copy/tests/e2e/api-integration.spec.ts:222:19

    attachment #1: screenshot (image/png) ──────────────────────────────────────────────────────────
    ../../test-results/api-integration-🏢-Vendor--8ad41-s-Update-Vendor-Service-API-chromium/test-failed-1.png
    ────────────────────────────────────────────────────────────────────────────────────────────────

    attachment #2: video (video/webm) ──────────────────────────────────────────────────────────────
    ../../test-results/api-integration-🏢-Vendor--8ad41-s-Update-Vendor-Service-API-chromium/video.webm
    ────────────────────────────────────────────────────────────────────────────────────────────────
]]>
</failure>
<system-out>
<![CDATA[
[[ATTACHMENT|test-results/api-integration-🏢-Vendor--8ad41-s-Update-Vendor-Service-API-chromium/test-failed-1.png]]

[[ATTACHMENT|test-results/api-integration-🏢-Vendor--8ad41-s-Update-Vendor-Service-API-chromium/video.webm]]
]]>
</system-out>
</testcase>
<testcase name="🏢 Vendor Management API Tests › Delete Vendor Service API" classname="api-integration.spec.ts" time="2.261">
<failure message="api-integration.spec.ts:235:7 Delete Vendor Service API" type="FAILURE">
<![CDATA[  [chromium] › api-integration.spec.ts:235:7 › 🏢 Vendor Management API Tests › Delete Vendor Service API 

    SyntaxError: Unexpected token 'E', "Error: Thi"... is not valid JSON

      43 |     data: { email, password }
      44 |   });
    > 45 |   const data = await response.json();
         |                ^
      46 |   return data.token;
      47 | }
      48 |
        at getAuthToken (/Users/asithalakmal/Documents/web/final project/WeddingLK-next copy/tests/e2e/api-integration.spec.ts:45:16)
        at /Users/asithalakmal/Documents/web/final project/WeddingLK-next copy/tests/e2e/api-integration.spec.ts:236:19

    attachment #1: screenshot (image/png) ──────────────────────────────────────────────────────────
    ../../test-results/api-integration-🏢-Vendor--3ac39-s-Delete-Vendor-Service-API-chromium/test-failed-1.png
    ────────────────────────────────────────────────────────────────────────────────────────────────

    attachment #2: video (video/webm) ──────────────────────────────────────────────────────────────
    ../../test-results/api-integration-🏢-Vendor--3ac39-s-Delete-Vendor-Service-API-chromium/video.webm
    ────────────────────────────────────────────────────────────────────────────────────────────────
]]>
</failure>
<system-out>
<![CDATA[
[[ATTACHMENT|test-results/api-integration-🏢-Vendor--3ac39-s-Delete-Vendor-Service-API-chromium/test-failed-1.png]]

[[ATTACHMENT|test-results/api-integration-🏢-Vendor--3ac39-s-Delete-Vendor-Service-API-chromium/video.webm]]
]]>
</system-out>
</testcase>
<testcase name="🏢 Vendor Management API Tests › Get Vendor Analytics API" classname="api-integration.spec.ts" time="2.195">
<failure message="api-integration.spec.ts:246:7 Get Vendor Analytics API" type="FAILURE">
<![CDATA[  [chromium] › api-integration.spec.ts:246:7 › 🏢 Vendor Management API Tests › Get Vendor Analytics API 

    SyntaxError: Unexpected token 'E', "Error: Thi"... is not valid JSON

      43 |     data: { email, password }
      44 |   });
    > 45 |   const data = await response.json();
         |                ^
      46 |   return data.token;
      47 | }
      48 |
        at getAuthToken (/Users/asithalakmal/Documents/web/final project/WeddingLK-next copy/tests/e2e/api-integration.spec.ts:45:16)
        at /Users/asithalakmal/Documents/web/final project/WeddingLK-next copy/tests/e2e/api-integration.spec.ts:247:19

    attachment #1: screenshot (image/png) ──────────────────────────────────────────────────────────
    ../../test-results/api-integration-🏢-Vendor--6b8fc-ts-Get-Vendor-Analytics-API-chromium/test-failed-1.png
    ────────────────────────────────────────────────────────────────────────────────────────────────

    attachment #2: video (video/webm) ──────────────────────────────────────────────────────────────
    ../../test-results/api-integration-🏢-Vendor--6b8fc-ts-Get-Vendor-Analytics-API-chromium/video.webm
    ────────────────────────────────────────────────────────────────────────────────────────────────
]]>
</failure>
<system-out>
<![CDATA[
[[ATTACHMENT|test-results/api-integration-🏢-Vendor--6b8fc-ts-Get-Vendor-Analytics-API-chromium/test-failed-1.png]]

[[ATTACHMENT|test-results/api-integration-🏢-Vendor--6b8fc-ts-Get-Vendor-Analytics-API-chromium/video.webm]]
]]>
</system-out>
</testcase>
<testcase name="📅 Booking Management API Tests › Create Booking API" classname="api-integration.spec.ts" time="2.188">
<failure message="api-integration.spec.ts:261:7 Create Booking API" type="FAILURE">
<![CDATA[  [chromium] › api-integration.spec.ts:261:7 › 📅 Booking Management API Tests › Create Booking API 

    SyntaxError: Unexpected token 'E', "Error: Thi"... is not valid JSON

      43 |     data: { email, password }
      44 |   });
    > 45 |   const data = await response.json();
         |                ^
      46 |   return data.token;
      47 | }
      48 |
        at getAuthToken (/Users/asithalakmal/Documents/web/final project/WeddingLK-next copy/tests/e2e/api-integration.spec.ts:45:16)
        at /Users/asithalakmal/Documents/web/final project/WeddingLK-next copy/tests/e2e/api-integration.spec.ts:262:19

    attachment #1: screenshot (image/png) ──────────────────────────────────────────────────────────
    ../../test-results/api-integration-📅-Booking-f6016-PI-Tests-Create-Booking-API-chromium/test-failed-1.png
    ────────────────────────────────────────────────────────────────────────────────────────────────

    attachment #2: video (video/webm) ──────────────────────────────────────────────────────────────
    ../../test-results/api-integration-📅-Booking-f6016-PI-Tests-Create-Booking-API-chromium/video.webm
    ────────────────────────────────────────────────────────────────────────────────────────────────
]]>
</failure>
<system-out>
<![CDATA[
[[ATTACHMENT|test-results/api-integration-📅-Booking-f6016-PI-Tests-Create-Booking-API-chromium/test-failed-1.png]]

[[ATTACHMENT|test-results/api-integration-📅-Booking-f6016-PI-Tests-Create-Booking-API-chromium/video.webm]]
]]>
</system-out>
</testcase>
<testcase name="📅 Booking Management API Tests › Get User Bookings API" classname="api-integration.spec.ts" time="2.168">
<failure message="api-integration.spec.ts:279:7 Get User Bookings API" type="FAILURE">
<![CDATA[  [chromium] › api-integration.spec.ts:279:7 › 📅 Booking Management API Tests › Get User Bookings API 

    SyntaxError: Unexpected token 'E', "Error: Thi"... is not valid JSON

      43 |     data: { email, password }
      44 |   });
    > 45 |   const data = await response.json();
         |                ^
      46 |   return data.token;
      47 | }
      48 |
        at getAuthToken (/Users/asithalakmal/Documents/web/final project/WeddingLK-next copy/tests/e2e/api-integration.spec.ts:45:16)
        at /Users/asithalakmal/Documents/web/final project/WeddingLK-next copy/tests/e2e/api-integration.spec.ts:280:19

    attachment #1: screenshot (image/png) ──────────────────────────────────────────────────────────
    ../../test-results/api-integration-📅-Booking-0e3ce-Tests-Get-User-Bookings-API-chromium/test-failed-1.png
    ────────────────────────────────────────────────────────────────────────────────────────────────

    attachment #2: video (video/webm) ──────────────────────────────────────────────────────────────
    ../../test-results/api-integration-📅-Booking-0e3ce-Tests-Get-User-Bookings-API-chromium/video.webm
    ────────────────────────────────────────────────────────────────────────────────────────────────
]]>
</failure>
<system-out>
<![CDATA[
[[ATTACHMENT|test-results/api-integration-📅-Booking-0e3ce-Tests-Get-User-Bookings-API-chromium/test-failed-1.png]]

[[ATTACHMENT|test-results/api-integration-📅-Booking-0e3ce-Tests-Get-User-Bookings-API-chromium/video.webm]]
]]>
</system-out>
</testcase>
<testcase name="📅 Booking Management API Tests › Update Booking API" classname="api-integration.spec.ts" time="2.236">
<failure message="api-integration.spec.ts:290:7 Update Booking API" type="FAILURE">
<![CDATA[  [chromium] › api-integration.spec.ts:290:7 › 📅 Booking Management API Tests › Update Booking API 

    SyntaxError: Unexpected token 'E', "Error: Thi"... is not valid JSON

      43 |     data: { email, password }
      44 |   });
    > 45 |   const data = await response.json();
         |                ^
      46 |   return data.token;
      47 | }
      48 |
        at getAuthToken (/Users/asithalakmal/Documents/web/final project/WeddingLK-next copy/tests/e2e/api-integration.spec.ts:45:16)
        at /Users/asithalakmal/Documents/web/final project/WeddingLK-next copy/tests/e2e/api-integration.spec.ts:291:19

    attachment #1: screenshot (image/png) ──────────────────────────────────────────────────────────
    ../../test-results/api-integration-📅-Booking-a7a44-PI-Tests-Update-Booking-API-chromium/test-failed-1.png
    ────────────────────────────────────────────────────────────────────────────────────────────────

    attachment #2: video (video/webm) ──────────────────────────────────────────────────────────────
    ../../test-results/api-integration-📅-Booking-a7a44-PI-Tests-Update-Booking-API-chromium/video.webm
    ────────────────────────────────────────────────────────────────────────────────────────────────
]]>
</failure>
<system-out>
<![CDATA[
[[ATTACHMENT|test-results/api-integration-📅-Booking-a7a44-PI-Tests-Update-Booking-API-chromium/test-failed-1.png]]

[[ATTACHMENT|test-results/api-integration-📅-Booking-a7a44-PI-Tests-Update-Booking-API-chromium/video.webm]]
]]>
</system-out>
</testcase>
<testcase name="📅 Booking Management API Tests › Cancel Booking API" classname="api-integration.spec.ts" time="2.852">
<failure message="api-integration.spec.ts:304:7 Cancel Booking API" type="FAILURE">
<![CDATA[  [chromium] › api-integration.spec.ts:304:7 › 📅 Booking Management API Tests › Cancel Booking API 

    SyntaxError: Unexpected token 'E', "Error: Thi"... is not valid JSON

      43 |     data: { email, password }
      44 |   });
    > 45 |   const data = await response.json();
         |                ^
      46 |   return data.token;
      47 | }
      48 |
        at getAuthToken (/Users/asithalakmal/Documents/web/final project/WeddingLK-next copy/tests/e2e/api-integration.spec.ts:45:16)
        at /Users/asithalakmal/Documents/web/final project/WeddingLK-next copy/tests/e2e/api-integration.spec.ts:305:19

    attachment #1: screenshot (image/png) ──────────────────────────────────────────────────────────
    ../../test-results/api-integration-📅-Booking-7c911-PI-Tests-Cancel-Booking-API-chromium/test-failed-1.png
    ────────────────────────────────────────────────────────────────────────────────────────────────

    attachment #2: video (video/webm) ──────────────────────────────────────────────────────────────
    ../../test-results/api-integration-📅-Booking-7c911-PI-Tests-Cancel-Booking-API-chromium/video.webm
    ────────────────────────────────────────────────────────────────────────────────────────────────
]]>
</failure>
<system-out>
<![CDATA[
[[ATTACHMENT|test-results/api-integration-📅-Booking-7c911-PI-Tests-Cancel-Booking-API-chromium/test-failed-1.png]]

[[ATTACHMENT|test-results/api-integration-📅-Booking-7c911-PI-Tests-Cancel-Booking-API-chromium/video.webm]]
]]>
</system-out>
</testcase>
<testcase name="📅 Booking Management API Tests › Get Vendor Bookings API" classname="api-integration.spec.ts" time="2.298">
<failure message="api-integration.spec.ts:315:7 Get Vendor Bookings API" type="FAILURE">
<![CDATA[  [chromium] › api-integration.spec.ts:315:7 › 📅 Booking Management API Tests › Get Vendor Bookings API 

    SyntaxError: Unexpected token 'E', "Error: Thi"... is not valid JSON

      43 |     data: { email, password }
      44 |   });
    > 45 |   const data = await response.json();
         |                ^
      46 |   return data.token;
      47 | }
      48 |
        at getAuthToken (/Users/asithalakmal/Documents/web/final project/WeddingLK-next copy/tests/e2e/api-integration.spec.ts:45:16)
        at /Users/asithalakmal/Documents/web/final project/WeddingLK-next copy/tests/e2e/api-integration.spec.ts:316:19

    attachment #1: screenshot (image/png) ──────────────────────────────────────────────────────────
    ../../test-results/api-integration-📅-Booking-a710b-sts-Get-Vendor-Bookings-API-chromium/test-failed-1.png
    ────────────────────────────────────────────────────────────────────────────────────────────────

    attachment #2: video (video/webm) ──────────────────────────────────────────────────────────────
    ../../test-results/api-integration-📅-Booking-a710b-sts-Get-Vendor-Bookings-API-chromium/video.webm
    ────────────────────────────────────────────────────────────────────────────────────────────────
]]>
</failure>
<system-out>
<![CDATA[
[[ATTACHMENT|test-results/api-integration-📅-Booking-a710b-sts-Get-Vendor-Bookings-API-chromium/test-failed-1.png]]

[[ATTACHMENT|test-results/api-integration-📅-Booking-a710b-sts-Get-Vendor-Bookings-API-chromium/video.webm]]
]]>
</system-out>
</testcase>
<testcase name="📅 Booking Management API Tests › Update Booking Status API" classname="api-integration.spec.ts" time="2.411">
<failure message="api-integration.spec.ts:326:7 Update Booking Status API" type="FAILURE">
<![CDATA[  [chromium] › api-integration.spec.ts:326:7 › 📅 Booking Management API Tests › Update Booking Status API 

    SyntaxError: Unexpected token 'E', "Error: Thi"... is not valid JSON

      43 |     data: { email, password }
      44 |   });
    > 45 |   const data = await response.json();
         |                ^
      46 |   return data.token;
      47 | }
      48 |
        at getAuthToken (/Users/asithalakmal/Documents/web/final project/WeddingLK-next copy/tests/e2e/api-integration.spec.ts:45:16)
        at /Users/asithalakmal/Documents/web/final project/WeddingLK-next copy/tests/e2e/api-integration.spec.ts:327:19

    attachment #1: screenshot (image/png) ──────────────────────────────────────────────────────────
    ../../test-results/api-integration-📅-Booking-458f2-s-Update-Booking-Status-API-chromium/test-failed-1.png
    ────────────────────────────────────────────────────────────────────────────────────────────────

    attachment #2: video (video/webm) ──────────────────────────────────────────────────────────────
    ../../test-results/api-integration-📅-Booking-458f2-s-Update-Booking-Status-API-chromium/video.webm
    ────────────────────────────────────────────────────────────────────────────────────────────────
]]>
</failure>
<system-out>
<![CDATA[
[[ATTACHMENT|test-results/api-integration-📅-Booking-458f2-s-Update-Booking-Status-API-chromium/test-failed-1.png]]

[[ATTACHMENT|test-results/api-integration-📅-Booking-458f2-s-Update-Booking-Status-API-chromium/video.webm]]
]]>
</system-out>
</testcase>
<testcase name="🏛️ Venue Management API Tests › Get Venues API" classname="api-integration.spec.ts" time="2.741">
</testcase>
<testcase name="🏛️ Venue Management API Tests › Get Venue by ID API" classname="api-integration.spec.ts" time="2.327">
<failure message="api-integration.spec.ts:350:7 Get Venue by ID API" type="FAILURE">
<![CDATA[  [chromium] › api-integration.spec.ts:350:7 › 🏛️ Venue Management API Tests › Get Venue by ID API 

    Error: expect(received).toBe(expected) // Object.is equality

    Expected: 200
    Received: 500

      350 |   test('Get Venue by ID API', async ({ page }) => {
      351 |     const response = await page.request.get('/api/venues/test-venue-id');
    > 352 |     expect(response.status()).toBe(200);
          |                               ^
      353 |     
      354 |     const data = await response.json();
      355 |     expect(data.success).toBe(true);
        at /Users/asithalakmal/Documents/web/final project/WeddingLK-next copy/tests/e2e/api-integration.spec.ts:352:31

    attachment #1: screenshot (image/png) ──────────────────────────────────────────────────────────
    ../../test-results/api-integration-🏛️-Venue--f15e9-I-Tests-Get-Venue-by-ID-API-chromium/test-failed-1.png
    ────────────────────────────────────────────────────────────────────────────────────────────────

    attachment #2: video (video/webm) ──────────────────────────────────────────────────────────────
    ../../test-results/api-integration-🏛️-Venue--f15e9-I-Tests-Get-Venue-by-ID-API-chromium/video.webm
    ────────────────────────────────────────────────────────────────────────────────────────────────
]]>
</failure>
<system-out>
<![CDATA[
[[ATTACHMENT|test-results/api-integration-🏛️-Venue--f15e9-I-Tests-Get-Venue-by-ID-API-chromium/test-failed-1.png]]

[[ATTACHMENT|test-results/api-integration-🏛️-Venue--f15e9-I-Tests-Get-Venue-by-ID-API-chromium/video.webm]]
]]>
</system-out>
</testcase>
<testcase name="🏛️ Venue Management API Tests › Search Venues API" classname="api-integration.spec.ts" time="2.248">
</testcase>
<testcase name="🏛️ Venue Management API Tests › Get Venue Availability API" classname="api-integration.spec.ts" time="2.208">
<failure message="api-integration.spec.ts:368:7 Get Venue Availability API" type="FAILURE">
<![CDATA[  [chromium] › api-integration.spec.ts:368:7 › 🏛️ Venue Management API Tests › Get Venue Availability API 

    Error: expect(received).toBe(expected) // Object.is equality

    Expected: 200
    Received: 500

      368 |   test('Get Venue Availability API', async ({ page }) => {
      369 |     const response = await page.request.get('/api/venues/availability?venueId=test-venue-id&date=2024-12-25');
    > 370 |     expect(response.status()).toBe(200);
          |                               ^
      371 |     
      372 |     const data = await response.json();
      373 |     expect(data.success).toBe(true);
        at /Users/asithalakmal/Documents/web/final project/WeddingLK-next copy/tests/e2e/api-integration.spec.ts:370:31

    attachment #1: screenshot (image/png) ──────────────────────────────────────────────────────────
    ../../test-results/api-integration-🏛️-Venue--1dc52--Get-Venue-Availability-API-chromium/test-failed-1.png
    ────────────────────────────────────────────────────────────────────────────────────────────────

    attachment #2: video (video/webm) ──────────────────────────────────────────────────────────────
    ../../test-results/api-integration-🏛️-Venue--1dc52--Get-Venue-Availability-API-chromium/video.webm
    ────────────────────────────────────────────────────────────────────────────────────────────────
]]>
</failure>
<system-out>
<![CDATA[
[[ATTACHMENT|test-results/api-integration-🏛️-Venue--1dc52--Get-Venue-Availability-API-chromium/test-failed-1.png]]

[[ATTACHMENT|test-results/api-integration-🏛️-Venue--1dc52--Get-Venue-Availability-API-chromium/video.webm]]
]]>
</system-out>
</testcase>
<testcase name="💳 Payment API Tests › Create Payment Intent API" classname="api-integration.spec.ts" time="2.522">
<failure message="api-integration.spec.ts:379:7 Create Payment Intent API" type="FAILURE">
<![CDATA[  [chromium] › api-integration.spec.ts:379:7 › 💳 Payment API Tests › Create Payment Intent API ────

    SyntaxError: Unexpected token 'E', "Error: Thi"... is not valid JSON

      43 |     data: { email, password }
      44 |   });
    > 45 |   const data = await response.json();
         |                ^
      46 |   return data.token;
      47 | }
      48 |
        at getAuthToken (/Users/asithalakmal/Documents/web/final project/WeddingLK-next copy/tests/e2e/api-integration.spec.ts:45:16)
        at /Users/asithalakmal/Documents/web/final project/WeddingLK-next copy/tests/e2e/api-integration.spec.ts:380:19

    attachment #1: screenshot (image/png) ──────────────────────────────────────────────────────────
    ../../test-results/api-integration-💳-Payment-a4c14-s-Create-Payment-Intent-API-chromium/test-failed-1.png
    ────────────────────────────────────────────────────────────────────────────────────────────────

    attachment #2: video (video/webm) ──────────────────────────────────────────────────────────────
    ../../test-results/api-integration-💳-Payment-a4c14-s-Create-Payment-Intent-API-chromium/video.webm
    ────────────────────────────────────────────────────────────────────────────────────────────────
]]>
</failure>
<system-out>
<![CDATA[
[[ATTACHMENT|test-results/api-integration-💳-Payment-a4c14-s-Create-Payment-Intent-API-chromium/test-failed-1.png]]

[[ATTACHMENT|test-results/api-integration-💳-Payment-a4c14-s-Create-Payment-Intent-API-chromium/video.webm]]
]]>
</system-out>
</testcase>
<testcase name="💳 Payment API Tests › Get Payment History API" classname="api-integration.spec.ts" time="2.444">
<failure message="api-integration.spec.ts:394:7 Get Payment History API" type="FAILURE">
<![CDATA[  [chromium] › api-integration.spec.ts:394:7 › 💳 Payment API Tests › Get Payment History API ──────

    SyntaxError: Unexpected token 'E', "Error: Thi"... is not valid JSON

      43 |     data: { email, password }
      44 |   });
    > 45 |   const data = await response.json();
         |                ^
      46 |   return data.token;
      47 | }
      48 |
        at getAuthToken (/Users/asithalakmal/Documents/web/final project/WeddingLK-next copy/tests/e2e/api-integration.spec.ts:45:16)
        at /Users/asithalakmal/Documents/web/final project/WeddingLK-next copy/tests/e2e/api-integration.spec.ts:395:19

    attachment #1: screenshot (image/png) ──────────────────────────────────────────────────────────
    ../../test-results/api-integration-💳-Payment-API-Tests-Get-Payment-History-API-chromium/test-failed-1.png
    ────────────────────────────────────────────────────────────────────────────────────────────────

    attachment #2: video (video/webm) ──────────────────────────────────────────────────────────────
    ../../test-results/api-integration-💳-Payment-API-Tests-Get-Payment-History-API-chromium/video.webm
    ────────────────────────────────────────────────────────────────────────────────────────────────
]]>
</failure>
<system-out>
<![CDATA[
[[ATTACHMENT|test-results/api-integration-💳-Payment-API-Tests-Get-Payment-History-API-chromium/test-failed-1.png]]

[[ATTACHMENT|test-results/api-integration-💳-Payment-API-Tests-Get-Payment-History-API-chromium/video.webm]]
]]>
</system-out>
</testcase>
<testcase name="💳 Payment API Tests › Get Payment by ID API" classname="api-integration.spec.ts" time="3.006">
<failure message="api-integration.spec.ts:405:7 Get Payment by ID API" type="FAILURE">
<![CDATA[  [chromium] › api-integration.spec.ts:405:7 › 💳 Payment API Tests › Get Payment by ID API ────────

    SyntaxError: Unexpected token 'E', "Error: Thi"... is not valid JSON

      43 |     data: { email, password }
      44 |   });
    > 45 |   const data = await response.json();
         |                ^
      46 |   return data.token;
      47 | }
      48 |
        at getAuthToken (/Users/asithalakmal/Documents/web/final project/WeddingLK-next copy/tests/e2e/api-integration.spec.ts:45:16)
        at /Users/asithalakmal/Documents/web/final project/WeddingLK-next copy/tests/e2e/api-integration.spec.ts:406:19

    attachment #1: screenshot (image/png) ──────────────────────────────────────────────────────────
    ../../test-results/api-integration-💳-Payment-API-Tests-Get-Payment-by-ID-API-chromium/test-failed-1.png
    ────────────────────────────────────────────────────────────────────────────────────────────────

    attachment #2: video (video/webm) ──────────────────────────────────────────────────────────────
    ../../test-results/api-integration-💳-Payment-API-Tests-Get-Payment-by-ID-API-chromium/video.webm
    ────────────────────────────────────────────────────────────────────────────────────────────────
]]>
</failure>
<system-out>
<![CDATA[
[[ATTACHMENT|test-results/api-integration-💳-Payment-API-Tests-Get-Payment-by-ID-API-chromium/test-failed-1.png]]

[[ATTACHMENT|test-results/api-integration-💳-Payment-API-Tests-Get-Payment-by-ID-API-chromium/video.webm]]
]]>
</system-out>
</testcase>
<testcase name="📊 Dashboard API Tests › Get Dashboard Stats API" classname="api-integration.spec.ts" time="1.936">
<failure message="api-integration.spec.ts:418:7 Get Dashboard Stats API" type="FAILURE">
<![CDATA[  [chromium] › api-integration.spec.ts:418:7 › 📊 Dashboard API Tests › Get Dashboard Stats API ────

    SyntaxError: Unexpected token 'E', "Error: Thi"... is not valid JSON

      43 |     data: { email, password }
      44 |   });
    > 45 |   const data = await response.json();
         |                ^
      46 |   return data.token;
      47 | }
      48 |
        at getAuthToken (/Users/asithalakmal/Documents/web/final project/WeddingLK-next copy/tests/e2e/api-integration.spec.ts:45:16)
        at /Users/asithalakmal/Documents/web/final project/WeddingLK-next copy/tests/e2e/api-integration.spec.ts:419:19

    attachment #1: screenshot (image/png) ──────────────────────────────────────────────────────────
    ../../test-results/api-integration-📊-Dashboa-bf9ef-sts-Get-Dashboard-Stats-API-chromium/test-failed-1.png
    ────────────────────────────────────────────────────────────────────────────────────────────────

    attachment #2: video (video/webm) ──────────────────────────────────────────────────────────────
    ../../test-results/api-integration-📊-Dashboa-bf9ef-sts-Get-Dashboard-Stats-API-chromium/video.webm
    ────────────────────────────────────────────────────────────────────────────────────────────────
]]>
</failure>
<system-out>
<![CDATA[
[[ATTACHMENT|test-results/api-integration-📊-Dashboa-bf9ef-sts-Get-Dashboard-Stats-API-chromium/test-failed-1.png]]

[[ATTACHMENT|test-results/api-integration-📊-Dashboa-bf9ef-sts-Get-Dashboard-Stats-API-chromium/video.webm]]
]]>
</system-out>
</testcase>
<testcase name="📊 Dashboard API Tests › Get Dashboard Activity API" classname="api-integration.spec.ts" time="1.973">
<failure message="api-integration.spec.ts:431:7 Get Dashboard Activity API" type="FAILURE">
<![CDATA[  [chromium] › api-integration.spec.ts:431:7 › 📊 Dashboard API Tests › Get Dashboard Activity API ─

    SyntaxError: Unexpected token 'E', "Error: Thi"... is not valid JSON

      43 |     data: { email, password }
      44 |   });
    > 45 |   const data = await response.json();
         |                ^
      46 |   return data.token;
      47 | }
      48 |
        at getAuthToken (/Users/asithalakmal/Documents/web/final project/WeddingLK-next copy/tests/e2e/api-integration.spec.ts:45:16)
        at /Users/asithalakmal/Documents/web/final project/WeddingLK-next copy/tests/e2e/api-integration.spec.ts:432:19

    attachment #1: screenshot (image/png) ──────────────────────────────────────────────────────────
    ../../test-results/api-integration-📊-Dashboa-0cd31--Get-Dashboard-Activity-API-chromium/test-failed-1.png
    ────────────────────────────────────────────────────────────────────────────────────────────────

    attachment #2: video (video/webm) ──────────────────────────────────────────────────────────────
    ../../test-results/api-integration-📊-Dashboa-0cd31--Get-Dashboard-Activity-API-chromium/video.webm
    ────────────────────────────────────────────────────────────────────────────────────────────────
]]>
</failure>
<system-out>
<![CDATA[
[[ATTACHMENT|test-results/api-integration-📊-Dashboa-0cd31--Get-Dashboard-Activity-API-chromium/test-failed-1.png]]

[[ATTACHMENT|test-results/api-integration-📊-Dashboa-0cd31--Get-Dashboard-Activity-API-chromium/video.webm]]
]]>
</system-out>
</testcase>
<testcase name="📊 Dashboard API Tests › Get User Dashboard Stats API" classname="api-integration.spec.ts" time="2.035">
<failure message="api-integration.spec.ts:442:7 Get User Dashboard Stats API" type="FAILURE">
<![CDATA[  [chromium] › api-integration.spec.ts:442:7 › 📊 Dashboard API Tests › Get User Dashboard Stats API 

    SyntaxError: Unexpected token 'E', "Error: Thi"... is not valid JSON

      43 |     data: { email, password }
      44 |   });
    > 45 |   const data = await response.json();
         |                ^
      46 |   return data.token;
      47 | }
      48 |
        at getAuthToken (/Users/asithalakmal/Documents/web/final project/WeddingLK-next copy/tests/e2e/api-integration.spec.ts:45:16)
        at /Users/asithalakmal/Documents/web/final project/WeddingLK-next copy/tests/e2e/api-integration.spec.ts:443:19

    attachment #1: screenshot (image/png) ──────────────────────────────────────────────────────────
    ../../test-results/api-integration-📊-Dashboa-f50b7-et-User-Dashboard-Stats-API-chromium/test-failed-1.png
    ────────────────────────────────────────────────────────────────────────────────────────────────

    attachment #2: video (video/webm) ──────────────────────────────────────────────────────────────
    ../../test-results/api-integration-📊-Dashboa-f50b7-et-User-Dashboard-Stats-API-chromium/video.webm
    ────────────────────────────────────────────────────────────────────────────────────────────────
]]>
</failure>
<system-out>
<![CDATA[
[[ATTACHMENT|test-results/api-integration-📊-Dashboa-f50b7-et-User-Dashboard-Stats-API-chromium/test-failed-1.png]]

[[ATTACHMENT|test-results/api-integration-📊-Dashboa-f50b7-et-User-Dashboard-Stats-API-chromium/video.webm]]
]]>
</system-out>
</testcase>
<testcase name="📊 Dashboard API Tests › Get Vendor Dashboard Stats API" classname="api-integration.spec.ts" time="2.01">
<failure message="api-integration.spec.ts:453:7 Get Vendor Dashboard Stats API" type="FAILURE">
<![CDATA[  [chromium] › api-integration.spec.ts:453:7 › 📊 Dashboard API Tests › Get Vendor Dashboard Stats API 

    SyntaxError: Unexpected token 'E', "Error: Thi"... is not valid JSON

      43 |     data: { email, password }
      44 |   });
    > 45 |   const data = await response.json();
         |                ^
      46 |   return data.token;
      47 | }
      48 |
        at getAuthToken (/Users/asithalakmal/Documents/web/final project/WeddingLK-next copy/tests/e2e/api-integration.spec.ts:45:16)
        at /Users/asithalakmal/Documents/web/final project/WeddingLK-next copy/tests/e2e/api-integration.spec.ts:454:19

    attachment #1: screenshot (image/png) ──────────────────────────────────────────────────────────
    ../../test-results/api-integration-📊-Dashboa-87572--Vendor-Dashboard-Stats-API-chromium/test-failed-1.png
    ────────────────────────────────────────────────────────────────────────────────────────────────

    attachment #2: video (video/webm) ──────────────────────────────────────────────────────────────
    ../../test-results/api-integration-📊-Dashboa-87572--Vendor-Dashboard-Stats-API-chromium/video.webm
    ────────────────────────────────────────────────────────────────────────────────────────────────
]]>
</failure>
<system-out>
<![CDATA[
[[ATTACHMENT|test-results/api-integration-📊-Dashboa-87572--Vendor-Dashboard-Stats-API-chromium/test-failed-1.png]]

[[ATTACHMENT|test-results/api-integration-📊-Dashboa-87572--Vendor-Dashboard-Stats-API-chromium/video.webm]]
]]>
</system-out>
</testcase>
<testcase name="📊 Dashboard API Tests › Get Admin Dashboard Stats API" classname="api-integration.spec.ts" time="1.652">
<failure message="api-integration.spec.ts:464:7 Get Admin Dashboard Stats API" type="FAILURE">
<![CDATA[  [chromium] › api-integration.spec.ts:464:7 › 📊 Dashboard API Tests › Get Admin Dashboard Stats API 

    SyntaxError: Unexpected token 'E', "Error: Thi"... is not valid JSON

      43 |     data: { email, password }
      44 |   });
    > 45 |   const data = await response.json();
         |                ^
      46 |   return data.token;
      47 | }
      48 |
        at getAuthToken (/Users/asithalakmal/Documents/web/final project/WeddingLK-next copy/tests/e2e/api-integration.spec.ts:45:16)
        at /Users/asithalakmal/Documents/web/final project/WeddingLK-next copy/tests/e2e/api-integration.spec.ts:465:19

    attachment #1: screenshot (image/png) ──────────────────────────────────────────────────────────
    ../../test-results/api-integration-📊-Dashboa-9ac1f-t-Admin-Dashboard-Stats-API-chromium/test-failed-1.png
    ────────────────────────────────────────────────────────────────────────────────────────────────

    attachment #2: video (video/webm) ──────────────────────────────────────────────────────────────
    ../../test-results/api-integration-📊-Dashboa-9ac1f-t-Admin-Dashboard-Stats-API-chromium/video.webm
    ────────────────────────────────────────────────────────────────────────────────────────────────
]]>
</failure>
<system-out>
<![CDATA[
[[ATTACHMENT|test-results/api-integration-📊-Dashboa-9ac1f-t-Admin-Dashboard-Stats-API-chromium/test-failed-1.png]]

[[ATTACHMENT|test-results/api-integration-📊-Dashboa-9ac1f-t-Admin-Dashboard-Stats-API-chromium/video.webm]]
]]>
</system-out>
</testcase>
<testcase name="👥 Wedding Planner API Tests › Get Planner Clients API" classname="api-integration.spec.ts" time="2.204">
<failure message="api-integration.spec.ts:477:7 Get Planner Clients API" type="FAILURE">
<![CDATA[  [chromium] › api-integration.spec.ts:477:7 › 👥 Wedding Planner API Tests › Get Planner Clients API 

    SyntaxError: Unexpected token 'E', "Error: Thi"... is not valid JSON

      43 |     data: { email, password }
      44 |   });
    > 45 |   const data = await response.json();
         |                ^
      46 |   return data.token;
      47 | }
      48 |
        at getAuthToken (/Users/asithalakmal/Documents/web/final project/WeddingLK-next copy/tests/e2e/api-integration.spec.ts:45:16)
        at /Users/asithalakmal/Documents/web/final project/WeddingLK-next copy/tests/e2e/api-integration.spec.ts:478:19

    attachment #1: screenshot (image/png) ──────────────────────────────────────────────────────────
    ../../test-results/api-integration-👥-Wedding-2c0a3-sts-Get-Planner-Clients-API-chromium/test-failed-1.png
    ────────────────────────────────────────────────────────────────────────────────────────────────

    attachment #2: video (video/webm) ──────────────────────────────────────────────────────────────
    ../../test-results/api-integration-👥-Wedding-2c0a3-sts-Get-Planner-Clients-API-chromium/video.webm
    ────────────────────────────────────────────────────────────────────────────────────────────────
]]>
</failure>
<system-out>
<![CDATA[
[[ATTACHMENT|test-results/api-integration-👥-Wedding-2c0a3-sts-Get-Planner-Clients-API-chromium/test-failed-1.png]]

[[ATTACHMENT|test-results/api-integration-👥-Wedding-2c0a3-sts-Get-Planner-Clients-API-chromium/video.webm]]
]]>
</system-out>
</testcase>
<testcase name="👥 Wedding Planner API Tests › Create Planner Client API" classname="api-integration.spec.ts" time="1.638">
<failure message="api-integration.spec.ts:488:7 Create Planner Client API" type="FAILURE">
<![CDATA[  [chromium] › api-integration.spec.ts:488:7 › 👥 Wedding Planner API Tests › Create Planner Client API 

    SyntaxError: Unexpected token 'E', "Error: Thi"... is not valid JSON

      43 |     data: { email, password }
      44 |   });
    > 45 |   const data = await response.json();
         |                ^
      46 |   return data.token;
      47 | }
      48 |
        at getAuthToken (/Users/asithalakmal/Documents/web/final project/WeddingLK-next copy/tests/e2e/api-integration.spec.ts:45:16)
        at /Users/asithalakmal/Documents/web/final project/WeddingLK-next copy/tests/e2e/api-integration.spec.ts:489:19

    attachment #1: screenshot (image/png) ──────────────────────────────────────────────────────────
    ../../test-results/api-integration-👥-Wedding-61866-s-Create-Planner-Client-API-chromium/test-failed-1.png
    ────────────────────────────────────────────────────────────────────────────────────────────────

    attachment #2: video (video/webm) ──────────────────────────────────────────────────────────────
    ../../test-results/api-integration-👥-Wedding-61866-s-Create-Planner-Client-API-chromium/video.webm
    ────────────────────────────────────────────────────────────────────────────────────────────────
]]>
</failure>
<system-out>
<![CDATA[
[[ATTACHMENT|test-results/api-integration-👥-Wedding-61866-s-Create-Planner-Client-API-chromium/test-failed-1.png]]

[[ATTACHMENT|test-results/api-integration-👥-Wedding-61866-s-Create-Planner-Client-API-chromium/video.webm]]
]]>
</system-out>
</testcase>
<testcase name="👥 Wedding Planner API Tests › Get Planner Tasks API" classname="api-integration.spec.ts" time="2.073">
<failure message="api-integration.spec.ts:504:7 Get Planner Tasks API" type="FAILURE">
<![CDATA[  [chromium] › api-integration.spec.ts:504:7 › 👥 Wedding Planner API Tests › Get Planner Tasks API 

    SyntaxError: Unexpected token 'E', "Error: Thi"... is not valid JSON

      43 |     data: { email, password }
      44 |   });
    > 45 |   const data = await response.json();
         |                ^
      46 |   return data.token;
      47 | }
      48 |
        at getAuthToken (/Users/asithalakmal/Documents/web/final project/WeddingLK-next copy/tests/e2e/api-integration.spec.ts:45:16)
        at /Users/asithalakmal/Documents/web/final project/WeddingLK-next copy/tests/e2e/api-integration.spec.ts:505:19

    attachment #1: screenshot (image/png) ──────────────────────────────────────────────────────────
    ../../test-results/api-integration-👥-Wedding-8c90f-Tests-Get-Planner-Tasks-API-chromium/test-failed-1.png
    ────────────────────────────────────────────────────────────────────────────────────────────────

    attachment #2: video (video/webm) ──────────────────────────────────────────────────────────────
    ../../test-results/api-integration-👥-Wedding-8c90f-Tests-Get-Planner-Tasks-API-chromium/video.webm
    ────────────────────────────────────────────────────────────────────────────────────────────────
]]>
</failure>
<system-out>
<![CDATA[
[[ATTACHMENT|test-results/api-integration-👥-Wedding-8c90f-Tests-Get-Planner-Tasks-API-chromium/test-failed-1.png]]

[[ATTACHMENT|test-results/api-integration-👥-Wedding-8c90f-Tests-Get-Planner-Tasks-API-chromium/video.webm]]
]]>
</system-out>
</testcase>
<testcase name="👥 Wedding Planner API Tests › Create Planner Task API" classname="api-integration.spec.ts" time="1.897">
<failure message="api-integration.spec.ts:515:7 Create Planner Task API" type="FAILURE">
<![CDATA[  [chromium] › api-integration.spec.ts:515:7 › 👥 Wedding Planner API Tests › Create Planner Task API 

    SyntaxError: Unexpected token 'E', "Error: Thi"... is not valid JSON

      43 |     data: { email, password }
      44 |   });
    > 45 |   const data = await response.json();
         |                ^
      46 |   return data.token;
      47 | }
      48 |
        at getAuthToken (/Users/asithalakmal/Documents/web/final project/WeddingLK-next copy/tests/e2e/api-integration.spec.ts:45:16)
        at /Users/asithalakmal/Documents/web/final project/WeddingLK-next copy/tests/e2e/api-integration.spec.ts:516:19

    attachment #1: screenshot (image/png) ──────────────────────────────────────────────────────────
    ../../test-results/api-integration-👥-Wedding-2690c-sts-Create-Planner-Task-API-chromium/test-failed-1.png
    ────────────────────────────────────────────────────────────────────────────────────────────────

    attachment #2: video (video/webm) ──────────────────────────────────────────────────────────────
    ../../test-results/api-integration-👥-Wedding-2690c-sts-Create-Planner-Task-API-chromium/video.webm
    ────────────────────────────────────────────────────────────────────────────────────────────────
]]>
</failure>
<system-out>
<![CDATA[
[[ATTACHMENT|test-results/api-integration-👥-Wedding-2690c-sts-Create-Planner-Task-API-chromium/test-failed-1.png]]

[[ATTACHMENT|test-results/api-integration-👥-Wedding-2690c-sts-Create-Planner-Task-API-chromium/video.webm]]
]]>
</system-out>
</testcase>
<testcase name="👑 Admin Management API Tests › Get All Users API" classname="api-integration.spec.ts" time="2.133">
<failure message="api-integration.spec.ts:534:7 Get All Users API" type="FAILURE">
<![CDATA[  [chromium] › api-integration.spec.ts:534:7 › 👑 Admin Management API Tests › Get All Users API ───

    SyntaxError: Unexpected token 'E', "Error: Thi"... is not valid JSON

      43 |     data: { email, password }
      44 |   });
    > 45 |   const data = await response.json();
         |                ^
      46 |   return data.token;
      47 | }
      48 |
        at getAuthToken (/Users/asithalakmal/Documents/web/final project/WeddingLK-next copy/tests/e2e/api-integration.spec.ts:45:16)
        at /Users/asithalakmal/Documents/web/final project/WeddingLK-next copy/tests/e2e/api-integration.spec.ts:535:19

    attachment #1: screenshot (image/png) ──────────────────────────────────────────────────────────
    ../../test-results/api-integration-👑-Admin-M-2be62-API-Tests-Get-All-Users-API-chromium/test-failed-1.png
    ────────────────────────────────────────────────────────────────────────────────────────────────

    attachment #2: video (video/webm) ──────────────────────────────────────────────────────────────
    ../../test-results/api-integration-👑-Admin-M-2be62-API-Tests-Get-All-Users-API-chromium/video.webm
    ────────────────────────────────────────────────────────────────────────────────────────────────
]]>
</failure>
<system-out>
<![CDATA[
[[ATTACHMENT|test-results/api-integration-👑-Admin-M-2be62-API-Tests-Get-All-Users-API-chromium/test-failed-1.png]]

[[ATTACHMENT|test-results/api-integration-👑-Admin-M-2be62-API-Tests-Get-All-Users-API-chromium/video.webm]]
]]>
</system-out>
</testcase>
<testcase name="👑 Admin Management API Tests › Get All Vendors API" classname="api-integration.spec.ts" time="2.116">
<failure message="api-integration.spec.ts:545:7 Get All Vendors API" type="FAILURE">
<![CDATA[  [chromium] › api-integration.spec.ts:545:7 › 👑 Admin Management API Tests › Get All Vendors API ─

    SyntaxError: Unexpected token 'E', "Error: Thi"... is not valid JSON

      43 |     data: { email, password }
      44 |   });
    > 45 |   const data = await response.json();
         |                ^
      46 |   return data.token;
      47 | }
      48 |
        at getAuthToken (/Users/asithalakmal/Documents/web/final project/WeddingLK-next copy/tests/e2e/api-integration.spec.ts:45:16)
        at /Users/asithalakmal/Documents/web/final project/WeddingLK-next copy/tests/e2e/api-integration.spec.ts:546:19

    attachment #1: screenshot (image/png) ──────────────────────────────────────────────────────────
    ../../test-results/api-integration-👑-Admin-M-588b2-I-Tests-Get-All-Vendors-API-chromium/test-failed-1.png
    ────────────────────────────────────────────────────────────────────────────────────────────────

    attachment #2: video (video/webm) ──────────────────────────────────────────────────────────────
    ../../test-results/api-integration-👑-Admin-M-588b2-I-Tests-Get-All-Vendors-API-chromium/video.webm
    ────────────────────────────────────────────────────────────────────────────────────────────────
]]>
</failure>
<system-out>
<![CDATA[
[[ATTACHMENT|test-results/api-integration-👑-Admin-M-588b2-I-Tests-Get-All-Vendors-API-chromium/test-failed-1.png]]

[[ATTACHMENT|test-results/api-integration-👑-Admin-M-588b2-I-Tests-Get-All-Vendors-API-chromium/video.webm]]
]]>
</system-out>
</testcase>
<testcase name="👑 Admin Management API Tests › Update User Role API" classname="api-integration.spec.ts" time="1.959">
<failure message="api-integration.spec.ts:556:7 Update User Role API" type="FAILURE">
<![CDATA[  [chromium] › api-integration.spec.ts:556:7 › 👑 Admin Management API Tests › Update User Role API 

    SyntaxError: Unexpected token 'E', "Error: Thi"... is not valid JSON

      43 |     data: { email, password }
      44 |   });
    > 45 |   const data = await response.json();
         |                ^
      46 |   return data.token;
      47 | }
      48 |
        at getAuthToken (/Users/asithalakmal/Documents/web/final project/WeddingLK-next copy/tests/e2e/api-integration.spec.ts:45:16)
        at /Users/asithalakmal/Documents/web/final project/WeddingLK-next copy/tests/e2e/api-integration.spec.ts:557:19

    attachment #1: screenshot (image/png) ──────────────────────────────────────────────────────────
    ../../test-results/api-integration-👑-Admin-M-426c4--Tests-Update-User-Role-API-chromium/test-failed-1.png
    ────────────────────────────────────────────────────────────────────────────────────────────────

    attachment #2: video (video/webm) ──────────────────────────────────────────────────────────────
    ../../test-results/api-integration-👑-Admin-M-426c4--Tests-Update-User-Role-API-chromium/video.webm
    ────────────────────────────────────────────────────────────────────────────────────────────────
]]>
</failure>
<system-out>
<![CDATA[
[[ATTACHMENT|test-results/api-integration-👑-Admin-M-426c4--Tests-Update-User-Role-API-chromium/test-failed-1.png]]

[[ATTACHMENT|test-results/api-integration-👑-Admin-M-426c4--Tests-Update-User-Role-API-chromium/video.webm]]
]]>
</system-out>
</testcase>
<testcase name="👑 Admin Management API Tests › Get Admin Reports API" classname="api-integration.spec.ts" time="1.909">
<failure message="api-integration.spec.ts:569:7 Get Admin Reports API" type="FAILURE">
<![CDATA[  [chromium] › api-integration.spec.ts:569:7 › 👑 Admin Management API Tests › Get Admin Reports API 

    SyntaxError: Unexpected token 'E', "Error: Thi"... is not valid JSON

      43 |     data: { email, password }
      44 |   });
    > 45 |   const data = await response.json();
         |                ^
      46 |   return data.token;
      47 | }
      48 |
        at getAuthToken (/Users/asithalakmal/Documents/web/final project/WeddingLK-next copy/tests/e2e/api-integration.spec.ts:45:16)
        at /Users/asithalakmal/Documents/web/final project/WeddingLK-next copy/tests/e2e/api-integration.spec.ts:570:19

    attachment #1: screenshot (image/png) ──────────────────────────────────────────────────────────
    ../../test-results/api-integration-👑-Admin-M-bc282-Tests-Get-Admin-Reports-API-chromium/test-failed-1.png
    ────────────────────────────────────────────────────────────────────────────────────────────────

    attachment #2: video (video/webm) ──────────────────────────────────────────────────────────────
    ../../test-results/api-integration-👑-Admin-M-bc282-Tests-Get-Admin-Reports-API-chromium/video.webm
    ────────────────────────────────────────────────────────────────────────────────────────────────
]]>
</failure>
<system-out>
<![CDATA[
[[ATTACHMENT|test-results/api-integration-👑-Admin-M-bc282-Tests-Get-Admin-Reports-API-chromium/test-failed-1.png]]

[[ATTACHMENT|test-results/api-integration-👑-Admin-M-bc282-Tests-Get-Admin-Reports-API-chromium/video.webm]]
]]>
</system-out>
</testcase>
<testcase name="🔍 Search and Filter API Tests › Search Venues API" classname="api-integration.spec.ts" time="3.295">
</testcase>
<testcase name="🔍 Search and Filter API Tests › Search Vendors API" classname="api-integration.spec.ts" time="3.215">
</testcase>
<testcase name="🔍 Search and Filter API Tests › Filter Venues by Price API" classname="api-integration.spec.ts" time="1.656">
</testcase>
<testcase name="📱 Mobile API Tests › Mobile App Data API" classname="api-integration.spec.ts" time="1.057">
<failure message="api-integration.spec.ts:611:7 Mobile App Data API" type="FAILURE">
<![CDATA[  [chromium] › api-integration.spec.ts:611:7 › 📱 Mobile API Tests › Mobile App Data API ───────────

    SyntaxError: Unexpected token 'E', "Error: Thi"... is not valid JSON

      43 |     data: { email, password }
      44 |   });
    > 45 |   const data = await response.json();
         |                ^
      46 |   return data.token;
      47 | }
      48 |
        at getAuthToken (/Users/asithalakmal/Documents/web/final project/WeddingLK-next copy/tests/e2e/api-integration.spec.ts:45:16)
        at /Users/asithalakmal/Documents/web/final project/WeddingLK-next copy/tests/e2e/api-integration.spec.ts:612:19

    attachment #1: screenshot (image/png) ──────────────────────────────────────────────────────────
    ../../test-results/api-integration-📱-Mobile-API-Tests-Mobile-App-Data-API-chromium/test-failed-1.png
    ────────────────────────────────────────────────────────────────────────────────────────────────

    attachment #2: video (video/webm) ──────────────────────────────────────────────────────────────
    ../../test-results/api-integration-📱-Mobile-API-Tests-Mobile-App-Data-API-chromium/video.webm
    ────────────────────────────────────────────────────────────────────────────────────────────────
]]>
</failure>
<system-out>
<![CDATA[
[[ATTACHMENT|test-results/api-integration-📱-Mobile-API-Tests-Mobile-App-Data-API-chromium/test-failed-1.png]]

[[ATTACHMENT|test-results/api-integration-📱-Mobile-API-Tests-Mobile-App-Data-API-chromium/video.webm]]
]]>
</system-out>
</testcase>
<testcase name="📱 Mobile API Tests › Mobile Venues API" classname="api-integration.spec.ts" time="1.193">
<failure message="api-integration.spec.ts:625:7 Mobile Venues API" type="FAILURE">
<![CDATA[  [chromium] › api-integration.spec.ts:625:7 › 📱 Mobile API Tests › Mobile Venues API ─────────────

    SyntaxError: Unexpected token 'E', "Error: Thi"... is not valid JSON

      43 |     data: { email, password }
      44 |   });
    > 45 |   const data = await response.json();
         |                ^
      46 |   return data.token;
      47 | }
      48 |
        at getAuthToken (/Users/asithalakmal/Documents/web/final project/WeddingLK-next copy/tests/e2e/api-integration.spec.ts:45:16)
        at /Users/asithalakmal/Documents/web/final project/WeddingLK-next copy/tests/e2e/api-integration.spec.ts:626:19

    attachment #1: screenshot (image/png) ──────────────────────────────────────────────────────────
    ../../test-results/api-integration-📱-Mobile-API-Tests-Mobile-Venues-API-chromium/test-failed-1.png
    ────────────────────────────────────────────────────────────────────────────────────────────────

    attachment #2: video (video/webm) ──────────────────────────────────────────────────────────────
    ../../test-results/api-integration-📱-Mobile-API-Tests-Mobile-Venues-API-chromium/video.webm
    ────────────────────────────────────────────────────────────────────────────────────────────────
]]>
</failure>
<system-out>
<![CDATA[
[[ATTACHMENT|test-results/api-integration-📱-Mobile-API-Tests-Mobile-Venues-API-chromium/test-failed-1.png]]

[[ATTACHMENT|test-results/api-integration-📱-Mobile-API-Tests-Mobile-Venues-API-chromium/video.webm]]
]]>
</system-out>
</testcase>
<testcase name="🔔 Notification API Tests › Get Notifications API" classname="api-integration.spec.ts" time="2.022">
<failure message="api-integration.spec.ts:641:7 Get Notifications API" type="FAILURE">
<![CDATA[  [chromium] › api-integration.spec.ts:641:7 › 🔔 Notification API Tests › Get Notifications API ───

    SyntaxError: Unexpected token 'E', "Error: Thi"... is not valid JSON

      43 |     data: { email, password }
      44 |   });
    > 45 |   const data = await response.json();
         |                ^
      46 |   return data.token;
      47 | }
      48 |
        at getAuthToken (/Users/asithalakmal/Documents/web/final project/WeddingLK-next copy/tests/e2e/api-integration.spec.ts:45:16)
        at /Users/asithalakmal/Documents/web/final project/WeddingLK-next copy/tests/e2e/api-integration.spec.ts:642:19

    attachment #1: screenshot (image/png) ──────────────────────────────────────────────────────────
    ../../test-results/api-integration-🔔-Notific-9b174-Tests-Get-Notifications-API-chromium/test-failed-1.png
    ────────────────────────────────────────────────────────────────────────────────────────────────

    attachment #2: video (video/webm) ──────────────────────────────────────────────────────────────
    ../../test-results/api-integration-🔔-Notific-9b174-Tests-Get-Notifications-API-chromium/video.webm
    ────────────────────────────────────────────────────────────────────────────────────────────────
]]>
</failure>
<system-out>
<![CDATA[
[[ATTACHMENT|test-results/api-integration-🔔-Notific-9b174-Tests-Get-Notifications-API-chromium/test-failed-1.png]]

[[ATTACHMENT|test-results/api-integration-🔔-Notific-9b174-Tests-Get-Notifications-API-chromium/video.webm]]
]]>
</system-out>
</testcase>
<testcase name="🔔 Notification API Tests › Mark Notification as Read API" classname="api-integration.spec.ts" time="2.027">
<failure message="api-integration.spec.ts:652:7 Mark Notification as Read API" type="FAILURE">
<![CDATA[  [chromium] › api-integration.spec.ts:652:7 › 🔔 Notification API Tests › Mark Notification as Read API 

    SyntaxError: Unexpected token 'E', "Error: Thi"... is not valid JSON

      43 |     data: { email, password }
      44 |   });
    > 45 |   const data = await response.json();
         |                ^
      46 |   return data.token;
      47 | }
      48 |
        at getAuthToken (/Users/asithalakmal/Documents/web/final project/WeddingLK-next copy/tests/e2e/api-integration.spec.ts:45:16)
        at /Users/asithalakmal/Documents/web/final project/WeddingLK-next copy/tests/e2e/api-integration.spec.ts:653:19

    attachment #1: screenshot (image/png) ──────────────────────────────────────────────────────────
    ../../test-results/api-integration-🔔-Notific-6938f-rk-Notification-as-Read-API-chromium/test-failed-1.png
    ────────────────────────────────────────────────────────────────────────────────────────────────

    attachment #2: video (video/webm) ──────────────────────────────────────────────────────────────
    ../../test-results/api-integration-🔔-Notific-6938f-rk-Notification-as-Read-API-chromium/video.webm
    ────────────────────────────────────────────────────────────────────────────────────────────────
]]>
</failure>
<system-out>
<![CDATA[
[[ATTACHMENT|test-results/api-integration-🔔-Notific-6938f-rk-Notification-as-Read-API-chromium/test-failed-1.png]]

[[ATTACHMENT|test-results/api-integration-🔔-Notific-6938f-rk-Notification-as-Read-API-chromium/video.webm]]
]]>
</system-out>
</testcase>
<testcase name="🛡️ Security and Error Handling API Tests › Unauthorized API Access" classname="api-integration.spec.ts" time="3.131">
<failure message="api-integration.spec.ts:665:7 Unauthorized API Access" type="FAILURE">
<![CDATA[  [chromium] › api-integration.spec.ts:665:7 › 🛡️ Security and Error Handling API Tests › Unauthorized API Access 

    Error: expect(received).toContain(expected) // indexOf

    Expected substring: "Unauthorized"
    Received string:    "Authentication required"

      668 |     
      669 |     const data = await response.json();
    > 670 |     expect(data.error).toContain('Unauthorized');
          |                        ^
      671 |   });
      672 |
      673 |   test('Invalid Token API Access', async ({ page }) => {
        at /Users/asithalakmal/Documents/web/final project/WeddingLK-next copy/tests/e2e/api-integration.spec.ts:670:24

    attachment #1: screenshot (image/png) ──────────────────────────────────────────────────────────
    ../../test-results/api-integration-🛡️-Securi-b5273-sts-Unauthorized-API-Access-chromium/test-failed-1.png
    ────────────────────────────────────────────────────────────────────────────────────────────────

    attachment #2: video (video/webm) ──────────────────────────────────────────────────────────────
    ../../test-results/api-integration-🛡️-Securi-b5273-sts-Unauthorized-API-Access-chromium/video.webm
    ────────────────────────────────────────────────────────────────────────────────────────────────
]]>
</failure>
<system-out>
<![CDATA[
[[ATTACHMENT|test-results/api-integration-🛡️-Securi-b5273-sts-Unauthorized-API-Access-chromium/test-failed-1.png]]

[[ATTACHMENT|test-results/api-integration-🛡️-Securi-b5273-sts-Unauthorized-API-Access-chromium/video.webm]]
]]>
</system-out>
</testcase>
<testcase name="🛡️ Security and Error Handling API Tests › Invalid Token API Access" classname="api-integration.spec.ts" time="2.199">
</testcase>
<testcase name="🛡️ Security and Error Handling API Tests › Rate Limiting API" classname="api-integration.spec.ts" time="12.041">
<failure message="api-integration.spec.ts:680:7 Rate Limiting API" type="FAILURE">
<![CDATA[  [chromium] › api-integration.spec.ts:680:7 › 🛡️ Security and Error Handling API Tests › Rate Limiting API 

    Error: expect(received).toBeGreaterThan(expected)

    Expected: > 0
    Received:   0

      688 |     
      689 |     // At least one request should be rate limited
    > 690 |     expect(rateLimitedResponses.length).toBeGreaterThan(0);
          |                                         ^
      691 |   });
      692 |
      693 |   test('Input Validation API', async ({ page }) => {
        at /Users/asithalakmal/Documents/web/final project/WeddingLK-next copy/tests/e2e/api-integration.spec.ts:690:41

    attachment #1: screenshot (image/png) ──────────────────────────────────────────────────────────
    ../../test-results/api-integration-🛡️-Securi-733b3-API-Tests-Rate-Limiting-API-chromium/test-failed-1.png
    ────────────────────────────────────────────────────────────────────────────────────────────────

    attachment #2: video (video/webm) ──────────────────────────────────────────────────────────────
    ../../test-results/api-integration-🛡️-Securi-733b3-API-Tests-Rate-Limiting-API-chromium/video.webm
    ────────────────────────────────────────────────────────────────────────────────────────────────
]]>
</failure>
<system-out>
<![CDATA[
[[ATTACHMENT|test-results/api-integration-🛡️-Securi-733b3-API-Tests-Rate-Limiting-API-chromium/test-failed-1.png]]

[[ATTACHMENT|test-results/api-integration-🛡️-Securi-733b3-API-Tests-Rate-Limiting-API-chromium/video.webm]]
]]>
</system-out>
</testcase>
<testcase name="🛡️ Security and Error Handling API Tests › Input Validation API" classname="api-integration.spec.ts" time="0.882">
<failure message="api-integration.spec.ts:693:7 Input Validation API" type="FAILURE">
<![CDATA[  [chromium] › api-integration.spec.ts:693:7 › 🛡️ Security and Error Handling API Tests › Input Validation API 

    Error: expect(received).toBeDefined()

    Received: undefined

      702 |     expect(response.status()).toBe(400);
      703 |     const data = await response.json();
    > 704 |     expect(data.errors).toBeDefined();
          |                         ^
      705 |   });
      706 | });
      707 |
        at /Users/asithalakmal/Documents/web/final project/WeddingLK-next copy/tests/e2e/api-integration.spec.ts:704:25

    attachment #1: screenshot (image/png) ──────────────────────────────────────────────────────────
    ../../test-results/api-integration-🛡️-Securi-8d139--Tests-Input-Validation-API-chromium/test-failed-1.png
    ────────────────────────────────────────────────────────────────────────────────────────────────

    attachment #2: video (video/webm) ──────────────────────────────────────────────────────────────
    ../../test-results/api-integration-🛡️-Securi-8d139--Tests-Input-Validation-API-chromium/video.webm
    ────────────────────────────────────────────────────────────────────────────────────────────────
]]>
</failure>
<system-out>
<![CDATA[
[[ATTACHMENT|test-results/api-integration-🛡️-Securi-8d139--Tests-Input-Validation-API-chromium/test-failed-1.png]]

[[ATTACHMENT|test-results/api-integration-🛡️-Securi-8d139--Tests-Input-Validation-API-chromium/video.webm]]
]]>
</system-out>
</testcase>
<testcase name="📊 Analytics and Monitoring API Tests › Performance Monitoring API" classname="api-integration.spec.ts" time="2.187">
<failure message="api-integration.spec.ts:709:7 Performance Monitoring API" type="FAILURE">
<![CDATA[  [chromium] › api-integration.spec.ts:709:7 › 📊 Analytics and Monitoring API Tests › Performance Monitoring API 

    Error: expect(received).toBeDefined()

    Received: undefined

      713 |     const data = await response.json();
      714 |     expect(data.success).toBe(true);
    > 715 |     expect(data.metrics).toBeDefined();
          |                          ^
      716 |   });
      717 |
      718 |   test('Health Check API', async ({ page }) => {
        at /Users/asithalakmal/Documents/web/final project/WeddingLK-next copy/tests/e2e/api-integration.spec.ts:715:26

    attachment #1: screenshot (image/png) ──────────────────────────────────────────────────────────
    ../../test-results/api-integration-📊-Analyti-8d4fe--Performance-Monitoring-API-chromium/test-failed-1.png
    ────────────────────────────────────────────────────────────────────────────────────────────────

    attachment #2: video (video/webm) ──────────────────────────────────────────────────────────────
    ../../test-results/api-integration-📊-Analyti-8d4fe--Performance-Monitoring-API-chromium/video.webm
    ────────────────────────────────────────────────────────────────────────────────────────────────
]]>
</failure>
<system-out>
<![CDATA[
[[ATTACHMENT|test-results/api-integration-📊-Analyti-8d4fe--Performance-Monitoring-API-chromium/test-failed-1.png]]

[[ATTACHMENT|test-results/api-integration-📊-Analyti-8d4fe--Performance-Monitoring-API-chromium/video.webm]]
]]>
</system-out>
</testcase>
<testcase name="📊 Analytics and Monitoring API Tests › Health Check API" classname="api-integration.spec.ts" time="34.628">
<failure message="api-integration.spec.ts:718:7 Health Check API" type="FAILURE">
<![CDATA[  [chromium] › api-integration.spec.ts:718:7 › 📊 Analytics and Monitoring API Tests › Health Check API 

    Test timeout of 30000ms exceeded.

    Error: apiRequestContext.get: Target page, context or browser has been closed
    Call log:
      - → GET https://wedding-lk.vercel.app/api/health
        - user-agent: Mozilla/5.0 (Windows NT 10.0; Win64; x64) AppleWebKit/537.36 (KHTML, like Gecko) Chrome/141.0.7390.37 Safari/537.36
        - accept: */*
        - accept-encoding: gzip,deflate,br


      717 |
      718 |   test('Health Check API', async ({ page }) => {
    > 719 |     const response = await page.request.get('/api/health');
          |                                         ^
      720 |     expect(response.status()).toBe(200);
      721 |     
      722 |     const data = await response.json();
        at /Users/asithalakmal/Documents/web/final project/WeddingLK-next copy/tests/e2e/api-integration.spec.ts:719:41

    attachment #1: screenshot (image/png) ──────────────────────────────────────────────────────────
    ../../test-results/api-integration-📊-Analyti-e1193--API-Tests-Health-Check-API-chromium/test-failed-1.png
    ────────────────────────────────────────────────────────────────────────────────────────────────

    attachment #2: video (video/webm) ──────────────────────────────────────────────────────────────
    ../../test-results/api-integration-📊-Analyti-e1193--API-Tests-Health-Check-API-chromium/video.webm
    ────────────────────────────────────────────────────────────────────────────────────────────────
]]>
</failure>
<system-out>
<![CDATA[
[[ATTACHMENT|test-results/api-integration-📊-Analyti-e1193--API-Tests-Health-Check-API-chromium/test-failed-1.png]]

[[ATTACHMENT|test-results/api-integration-📊-Analyti-e1193--API-Tests-Health-Check-API-chromium/video.webm]]
]]>
</system-out>
</testcase>
<testcase name="📊 Analytics and Monitoring API Tests › Error Tracking API" classname="api-integration.spec.ts" time="1.848">
<failure message="api-integration.spec.ts:727:7 Error Tracking API" type="FAILURE">
<![CDATA[  [chromium] › api-integration.spec.ts:727:7 › 📊 Analytics and Monitoring API Tests › Error Tracking API 

    Error: expect(received).toBe(expected) // Object.is equality

    Expected: 200
    Received: 401

      727 |   test('Error Tracking API', async ({ page }) => {
      728 |     const response = await page.request.get('/api/errors');
    > 729 |     expect(response.status()).toBe(200);
          |                               ^
      730 |     
      731 |     const data = await response.json();
      732 |     expect(data.success).toBe(true);
        at /Users/asithalakmal/Documents/web/final project/WeddingLK-next copy/tests/e2e/api-integration.spec.ts:729:31

    attachment #1: screenshot (image/png) ──────────────────────────────────────────────────────────
    ../../test-results/api-integration-📊-Analyti-cbfaa-PI-Tests-Error-Tracking-API-chromium/test-failed-1.png
    ────────────────────────────────────────────────────────────────────────────────────────────────

    attachment #2: video (video/webm) ──────────────────────────────────────────────────────────────
    ../../test-results/api-integration-📊-Analyti-cbfaa-PI-Tests-Error-Tracking-API-chromium/video.webm
    ────────────────────────────────────────────────────────────────────────────────────────────────
]]>
</failure>
<system-out>
<![CDATA[
[[ATTACHMENT|test-results/api-integration-📊-Analyti-cbfaa-PI-Tests-Error-Tracking-API-chromium/test-failed-1.png]]

[[ATTACHMENT|test-results/api-integration-📊-Analyti-cbfaa-PI-Tests-Error-Tracking-API-chromium/video.webm]]
]]>
</system-out>
</testcase>
</testsuite>
<testsuite name="auth.spec.ts" timestamp="2025-10-22T18:37:21.475Z" hostname="chromium" tests="5" failures="5" skipped="0" time="174.723" errors="0">
<testcase name="Authentication Flows › User registration -&gt; email verification -&gt; login -&gt; logout" classname="auth.spec.ts" time="33.533">
<failure message="auth.spec.ts:5:7 User registration -&gt; email verification -&gt; login -&gt; logout" type="FAILURE">
<![CDATA[  [chromium] › auth.spec.ts:5:7 › Authentication Flows › User registration -> email verification -> login -> logout 

    Test timeout of 30000ms exceeded.

    Error: page.fill: Test timeout of 30000ms exceeded.
    Call log:
      - waiting for locator('input[name="name"]')


      12 |     // Go to signup
      13 |     await page.goto('/auth/signup');
    > 14 |     await page.fill('input[name="name"]', user.name);
         |                ^
      15 |     await page.fill('input[name="email"]', user.email);
      16 |     await page.fill('input[name="password"]', user.password);
      17 |     await page.fill('input[name="confirmPassword"]', user.password);
        at /Users/asithalakmal/Documents/web/final project/WeddingLK-next copy/tests/e2e/auth.spec.ts:14:16

    attachment #1: screenshot (image/png) ──────────────────────────────────────────────────────────
    ../../test-results/auth-Authentication-Flows--b45f1-rification---login---logout-chromium/test-failed-1.png
    ────────────────────────────────────────────────────────────────────────────────────────────────

    attachment #2: video (video/webm) ──────────────────────────────────────────────────────────────
    ../../test-results/auth-Authentication-Flows--b45f1-rification---login---logout-chromium/video.webm
    ────────────────────────────────────────────────────────────────────────────────────────────────

    Error Context: ../../test-results/auth-Authentication-Flows--b45f1-rification---login---logout-chromium/error-context.md
]]>
</failure>
<system-out>
<![CDATA[
[[ATTACHMENT|test-results/auth-Authentication-Flows--b45f1-rification---login---logout-chromium/test-failed-1.png]]

[[ATTACHMENT|test-results/auth-Authentication-Flows--b45f1-rification---login---logout-chromium/video.webm]]

[[ATTACHMENT|test-results/auth-Authentication-Flows--b45f1-rification---login---logout-chromium/error-context.md]]
]]>
</system-out>
</testcase>
<testcase name="Authentication Flows › Login with invalid credentials should show error" classname="auth.spec.ts" time="34.679">
<failure message="auth.spec.ts:45:7 Login with invalid credentials should show error" type="FAILURE">
<![CDATA[  [chromium] › auth.spec.ts:45:7 › Authentication Flows › Login with invalid credentials should show error 

    Test timeout of 30000ms exceeded.

    Error: page.fill: Test timeout of 30000ms exceeded.
    Call log:
      - waiting for locator('input[name="email"]')


      45 |   test('Login with invalid credentials should show error', async ({ page }) => {
      46 |     await page.goto('/auth/signin');
    > 47 |     await page.fill('input[name="email"]', 'invalid@example.com');
         |                ^
      48 |     await page.fill('input[name="password"]', 'wrongpassword');
      49 |     await page.click('button[type="submit"]');
      50 |
        at /Users/asithalakmal/Documents/web/final project/WeddingLK-next copy/tests/e2e/auth.spec.ts:47:16

    attachment #1: screenshot (image/png) ──────────────────────────────────────────────────────────
    ../../test-results/auth-Authentication-Flows--2b2a9-edentials-should-show-error-chromium/test-failed-1.png
    ────────────────────────────────────────────────────────────────────────────────────────────────

    attachment #2: video (video/webm) ──────────────────────────────────────────────────────────────
    ../../test-results/auth-Authentication-Flows--2b2a9-edentials-should-show-error-chromium/video.webm
    ────────────────────────────────────────────────────────────────────────────────────────────────

    Error Context: ../../test-results/auth-Authentication-Flows--2b2a9-edentials-should-show-error-chromium/error-context.md
]]>
</failure>
<system-out>
<![CDATA[
[[ATTACHMENT|test-results/auth-Authentication-Flows--2b2a9-edentials-should-show-error-chromium/test-failed-1.png]]

[[ATTACHMENT|test-results/auth-Authentication-Flows--2b2a9-edentials-should-show-error-chromium/video.webm]]

[[ATTACHMENT|test-results/auth-Authentication-Flows--2b2a9-edentials-should-show-error-chromium/error-context.md]]
]]>
</system-out>
</testcase>
<testcase name="Authentication Flows › Forgot password flow" classname="auth.spec.ts" time="36.361">
<failure message="auth.spec.ts:54:7 Forgot password flow" type="FAILURE">
<![CDATA[  [chromium] › auth.spec.ts:54:7 › Authentication Flows › Forgot password flow ─────────────────────

    Test timeout of 30000ms exceeded.

    Error: page.fill: Test timeout of 30000ms exceeded.
    Call log:
      - waiting for locator('input[name="email"]')


      56 |     
      57 |     await page.goto('/auth/forgot-password');
    > 58 |     await page.fill('input[name="email"]', email);
         |                ^
      59 |     await page.click('button[type="submit"]');
      60 |
      61 |     await expect(page.locator('.success, .toast-success, [data-testid="success-message"]')).toBeVisible();
        at /Users/asithalakmal/Documents/web/final project/WeddingLK-next copy/tests/e2e/auth.spec.ts:58:16

    attachment #1: screenshot (image/png) ──────────────────────────────────────────────────────────
    ../../test-results/auth-Authentication-Flows-Forgot-password-flow-chromium/test-failed-1.png
    ────────────────────────────────────────────────────────────────────────────────────────────────

    attachment #2: video (video/webm) ──────────────────────────────────────────────────────────────
    ../../test-results/auth-Authentication-Flows-Forgot-password-flow-chromium/video.webm
    ────────────────────────────────────────────────────────────────────────────────────────────────

    Error Context: ../../test-results/auth-Authentication-Flows-Forgot-password-flow-chromium/error-context.md
]]>
</failure>
<system-out>
<![CDATA[
[[ATTACHMENT|test-results/auth-Authentication-Flows-Forgot-password-flow-chromium/test-failed-1.png]]

[[ATTACHMENT|test-results/auth-Authentication-Flows-Forgot-password-flow-chromium/video.webm]]

[[ATTACHMENT|test-results/auth-Authentication-Flows-Forgot-password-flow-chromium/error-context.md]]
]]>
</system-out>
</testcase>
<testcase name="Authentication Flows › Social login with Google" classname="auth.spec.ts" time="34.516">
<failure message="auth.spec.ts:70:7 Social login with Google" type="FAILURE">
<![CDATA[  [chromium] › auth.spec.ts:70:7 › Authentication Flows › Social login with Google ─────────────────

    Test timeout of 30000ms exceeded.

    Error: page.click: Test timeout of 30000ms exceeded.
    Call log:
      - waiting for locator('button[data-testid="google-login"], .google-login-button')


      87 |     });
      88 |
    > 89 |     await page.click('button[data-testid="google-login"], .google-login-button');
         |                ^
      90 |     await expect(page).toHaveURL(/\/dashboard/);
      91 |   });
      92 |
        at /Users/asithalakmal/Documents/web/final project/WeddingLK-next copy/tests/e2e/auth.spec.ts:89:16

    attachment #1: screenshot (image/png) ──────────────────────────────────────────────────────────
    ../../test-results/auth-Authentication-Flows-Social-login-with-Google-chromium/test-failed-1.png
    ────────────────────────────────────────────────────────────────────────────────────────────────

    attachment #2: video (video/webm) ──────────────────────────────────────────────────────────────
    ../../test-results/auth-Authentication-Flows-Social-login-with-Google-chromium/video.webm
    ────────────────────────────────────────────────────────────────────────────────────────────────

    Error Context: ../../test-results/auth-Authentication-Flows-Social-login-with-Google-chromium/error-context.md
]]>
</failure>
<system-out>
<![CDATA[
[[ATTACHMENT|test-results/auth-Authentication-Flows-Social-login-with-Google-chromium/test-failed-1.png]]

[[ATTACHMENT|test-results/auth-Authentication-Flows-Social-login-with-Google-chromium/video.webm]]

[[ATTACHMENT|test-results/auth-Authentication-Flows-Social-login-with-Google-chromium/error-context.md]]
]]>
</system-out>
</testcase>
<testcase name="Authentication Flows › Two-factor authentication setup" classname="auth.spec.ts" time="35.634">
<failure message="auth.spec.ts:93:7 Two-factor authentication setup" type="FAILURE">
<![CDATA[  [chromium] › auth.spec.ts:93:7 › Authentication Flows › Two-factor authentication setup ──────────

    Test timeout of 30000ms exceeded.

    Error: page.fill: Test timeout of 30000ms exceeded.
    Call log:
      - waiting for locator('input[name="email"]')


      94 |     // Login first
      95 |     await page.goto('/auth/signin');
    > 96 |     await page.fill('input[name="email"]', process.env.TEST_USER_EMAIL || 'test@example.com');
         |                ^
      97 |     await page.fill('input[name="password"]', process.env.TEST_USER_PASSWORD || 'TestPass123!');
      98 |     await page.click('button[type="submit"]');
      99 |     await expect(page).toHaveURL(/\/dashboard/);
        at /Users/asithalakmal/Documents/web/final project/WeddingLK-next copy/tests/e2e/auth.spec.ts:96:16

    attachment #1: screenshot (image/png) ──────────────────────────────────────────────────────────
    ../../test-results/auth-Authentication-Flows-Two-factor-authentication-setup-chromium/test-failed-1.png
    ────────────────────────────────────────────────────────────────────────────────────────────────

    attachment #2: video (video/webm) ──────────────────────────────────────────────────────────────
    ../../test-results/auth-Authentication-Flows-Two-factor-authentication-setup-chromium/video.webm
    ────────────────────────────────────────────────────────────────────────────────────────────────

    Error Context: ../../test-results/auth-Authentication-Flows-Two-factor-authentication-setup-chromium/error-context.md
]]>
</failure>
<system-out>
<![CDATA[
[[ATTACHMENT|test-results/auth-Authentication-Flows-Two-factor-authentication-setup-chromium/test-failed-1.png]]

[[ATTACHMENT|test-results/auth-Authentication-Flows-Two-factor-authentication-setup-chromium/video.webm]]

[[ATTACHMENT|test-results/auth-Authentication-Flows-Two-factor-authentication-setup-chromium/error-context.md]]
]]>
</system-out>
</testcase>
</testsuite>
<testsuite name="booking.spec.ts" timestamp="2025-10-22T18:37:21.475Z" hostname="chromium" tests="6" failures="6" skipped="0" time="202.226" errors="0">
<testcase name="Booking System › Complete booking flow with payment mock" classname="booking.spec.ts" time="33.197">
<failure message="booking.spec.ts:5:7 Complete booking flow with payment mock" type="FAILURE">
<![CDATA[  [chromium] › booking.spec.ts:5:7 › Booking System › Complete booking flow with payment mock ──────

    Test timeout of 30000ms exceeded.

    Error: page.fill: Test timeout of 30000ms exceeded.
    Call log:
      - waiting for locator('input[placeholder*="Search"], input[name="search"]')


      13 |
      14 |     // Search for vendors/venues
    > 15 |     await page.fill('input[placeholder*="Search"], input[name="search"]', 'photography');
         |                ^
      16 |     await page.click('button:has-text("Search"), button[type="submit"]');
      17 |
      18 |     // Select a vendor
        at /Users/asithalakmal/Documents/web/final project/WeddingLK-next copy/tests/e2e/booking.spec.ts:15:16

    attachment #1: screenshot (image/png) ──────────────────────────────────────────────────────────
    ../../test-results/booking-Booking-System-Com-f0892-king-flow-with-payment-mock-chromium/test-failed-1.png
    ────────────────────────────────────────────────────────────────────────────────────────────────

    attachment #2: video (video/webm) ──────────────────────────────────────────────────────────────
    ../../test-results/booking-Booking-System-Com-f0892-king-flow-with-payment-mock-chromium/video.webm
    ────────────────────────────────────────────────────────────────────────────────────────────────

    Error Context: ../../test-results/booking-Booking-System-Com-f0892-king-flow-with-payment-mock-chromium/error-context.md
]]>
</failure>
<system-out>
<![CDATA[
[[ATTACHMENT|test-results/booking-Booking-System-Com-f0892-king-flow-with-payment-mock-chromium/test-failed-1.png]]

[[ATTACHMENT|test-results/booking-Booking-System-Com-f0892-king-flow-with-payment-mock-chromium/video.webm]]

[[ATTACHMENT|test-results/booking-Booking-System-Com-f0892-king-flow-with-payment-mock-chromium/error-context.md]]
]]>
</system-out>
</testcase>
<testcase name="Booking System › Booking modification and cancellation" classname="booking.spec.ts" time="33.833">
<failure message="booking.spec.ts:64:7 Booking modification and cancellation" type="FAILURE">
<![CDATA[  [chromium] › booking.spec.ts:64:7 › Booking System › Booking modification and cancellation ───────

    Test timeout of 30000ms exceeded.

    Error: page.fill: Test timeout of 30000ms exceeded.
    Call log:
      - waiting for locator('input[name="email"]')


      65 |     // Login as customer
      66 |     await page.goto('/auth/signin');
    > 67 |     await page.fill('input[name="email"]', process.env.TEST_CUSTOMER_EMAIL || 'customer@test.local');
         |                ^
      68 |     await page.fill('input[name="password"]', process.env.TEST_CUSTOMER_PASSWORD || 'CustomerPass123!');
      69 |     await page.click('button[type="submit"]');
      70 |     await expect(page).toHaveURL(/\/dashboard/);
        at /Users/asithalakmal/Documents/web/final project/WeddingLK-next copy/tests/e2e/booking.spec.ts:67:16

    attachment #1: screenshot (image/png) ──────────────────────────────────────────────────────────
    ../../test-results/booking-Booking-System-Booking-modification-and-cancellation-chromium/test-failed-1.png
    ────────────────────────────────────────────────────────────────────────────────────────────────

    attachment #2: video (video/webm) ──────────────────────────────────────────────────────────────
    ../../test-results/booking-Booking-System-Booking-modification-and-cancellation-chromium/video.webm
    ────────────────────────────────────────────────────────────────────────────────────────────────

    Error Context: ../../test-results/booking-Booking-System-Booking-modification-and-cancellation-chromium/error-context.md
]]>
</failure>
<system-out>
<![CDATA[
[[ATTACHMENT|test-results/booking-Booking-System-Booking-modification-and-cancellation-chromium/test-failed-1.png]]

[[ATTACHMENT|test-results/booking-Booking-System-Booking-modification-and-cancellation-chromium/video.webm]]

[[ATTACHMENT|test-results/booking-Booking-System-Booking-modification-and-cancellation-chromium/error-context.md]]
]]>
</system-out>
</testcase>
<testcase name="Booking System › Booking status tracking" classname="booking.spec.ts" time="33.738">
<failure message="booking.spec.ts:110:7 Booking status tracking" type="FAILURE">
<![CDATA[  [chromium] › booking.spec.ts:110:7 › Booking System › Booking status tracking ────────────────────

    Test timeout of 30000ms exceeded.

    Error: page.fill: Test timeout of 30000ms exceeded.
    Call log:
      - waiting for locator('input[name="email"]')


      111 |     // Login as customer
      112 |     await page.goto('/auth/signin');
    > 113 |     await page.fill('input[name="email"]', process.env.TEST_CUSTOMER_EMAIL || 'customer@test.local');
          |                ^
      114 |     await page.fill('input[name="password"]', process.env.TEST_CUSTOMER_PASSWORD || 'CustomerPass123!');
      115 |     await page.click('button[type="submit"]');
      116 |     await expect(page).toHaveURL(/\/dashboard/);
        at /Users/asithalakmal/Documents/web/final project/WeddingLK-next copy/tests/e2e/booking.spec.ts:113:16

    attachment #1: screenshot (image/png) ──────────────────────────────────────────────────────────
    ../../test-results/booking-Booking-System-Booking-status-tracking-chromium/test-failed-1.png
    ────────────────────────────────────────────────────────────────────────────────────────────────

    attachment #2: video (video/webm) ──────────────────────────────────────────────────────────────
    ../../test-results/booking-Booking-System-Booking-status-tracking-chromium/video.webm
    ────────────────────────────────────────────────────────────────────────────────────────────────

    Error Context: ../../test-results/booking-Booking-System-Booking-status-tracking-chromium/error-context.md
]]>
</failure>
<system-out>
<![CDATA[
[[ATTACHMENT|test-results/booking-Booking-System-Booking-status-tracking-chromium/test-failed-1.png]]

[[ATTACHMENT|test-results/booking-Booking-System-Booking-status-tracking-chromium/video.webm]]

[[ATTACHMENT|test-results/booking-Booking-System-Booking-status-tracking-chromium/error-context.md]]
]]>
</system-out>
</testcase>
<testcase name="Booking System › Vendor booking acceptance workflow" classname="booking.spec.ts" time="33.855">
<failure message="booking.spec.ts:131:7 Vendor booking acceptance workflow" type="FAILURE">
<![CDATA[  [chromium] › booking.spec.ts:131:7 › Booking System › Vendor booking acceptance workflow ─────────

    Test timeout of 30000ms exceeded.

    Error: page.fill: Test timeout of 30000ms exceeded.
    Call log:
      - waiting for locator('input[name="email"]')


      132 |     // Login as vendor
      133 |     await page.goto('/auth/signin');
    > 134 |     await page.fill('input[name="email"]', process.env.TEST_VENDOR_EMAIL || 'vendor@test.local');
          |                ^
      135 |     await page.fill('input[name="password"]', process.env.TEST_VENDOR_PASSWORD || 'VendorPass123!');
      136 |     await page.click('button[type="submit"]');
      137 |     await expect(page).toHaveURL(/\/dashboard/);
        at /Users/asithalakmal/Documents/web/final project/WeddingLK-next copy/tests/e2e/booking.spec.ts:134:16

    attachment #1: screenshot (image/png) ──────────────────────────────────────────────────────────
    ../../test-results/booking-Booking-System-Vendor-booking-acceptance-workflow-chromium/test-failed-1.png
    ────────────────────────────────────────────────────────────────────────────────────────────────

    attachment #2: video (video/webm) ──────────────────────────────────────────────────────────────
    ../../test-results/booking-Booking-System-Vendor-booking-acceptance-workflow-chromium/video.webm
    ────────────────────────────────────────────────────────────────────────────────────────────────

    Error Context: ../../test-results/booking-Booking-System-Vendor-booking-acceptance-workflow-chromium/error-context.md
]]>
</failure>
<system-out>
<![CDATA[
[[ATTACHMENT|test-results/booking-Booking-System-Vendor-booking-acceptance-workflow-chromium/test-failed-1.png]]

[[ATTACHMENT|test-results/booking-Booking-System-Vendor-booking-acceptance-workflow-chromium/video.webm]]

[[ATTACHMENT|test-results/booking-Booking-System-Vendor-booking-acceptance-workflow-chromium/error-context.md]]
]]>
</system-out>
</testcase>
<testcase name="Booking System › Booking communication and messaging" classname="booking.spec.ts" time="33.676">
<failure message="booking.spec.ts:170:7 Booking communication and messaging" type="FAILURE">
<![CDATA[  [chromium] › booking.spec.ts:170:7 › Booking System › Booking communication and messaging ────────

    Test timeout of 30000ms exceeded.

    Error: page.fill: Test timeout of 30000ms exceeded.
    Call log:
      - waiting for locator('input[name="email"]')


      171 |     // Login as customer
      172 |     await page.goto('/auth/signin');
    > 173 |     await page.fill('input[name="email"]', process.env.TEST_CUSTOMER_EMAIL || 'customer@test.local');
          |                ^
      174 |     await page.fill('input[name="password"]', process.env.TEST_CUSTOMER_PASSWORD || 'CustomerPass123!');
      175 |     await page.click('button[type="submit"]');
      176 |     await expect(page).toHaveURL(/\/dashboard/);
        at /Users/asithalakmal/Documents/web/final project/WeddingLK-next copy/tests/e2e/booking.spec.ts:173:16

    attachment #1: screenshot (image/png) ──────────────────────────────────────────────────────────
    ../../test-results/booking-Booking-System-Booking-communication-and-messaging-chromium/test-failed-1.png
    ────────────────────────────────────────────────────────────────────────────────────────────────

    attachment #2: video (video/webm) ──────────────────────────────────────────────────────────────
    ../../test-results/booking-Booking-System-Booking-communication-and-messaging-chromium/video.webm
    ────────────────────────────────────────────────────────────────────────────────────────────────

    Error Context: ../../test-results/booking-Booking-System-Booking-communication-and-messaging-chromium/error-context.md
]]>
</failure>
<system-out>
<![CDATA[
[[ATTACHMENT|test-results/booking-Booking-System-Booking-communication-and-messaging-chromium/test-failed-1.png]]

[[ATTACHMENT|test-results/booking-Booking-System-Booking-communication-and-messaging-chromium/video.webm]]

[[ATTACHMENT|test-results/booking-Booking-System-Booking-communication-and-messaging-chromium/error-context.md]]
]]>
</system-out>
</testcase>
<testcase name="Booking System › Booking payment and refund processing" classname="booking.spec.ts" time="33.927">
<failure message="booking.spec.ts:191:7 Booking payment and refund processing" type="FAILURE">
<![CDATA[  [chromium] › booking.spec.ts:191:7 › Booking System › Booking payment and refund processing ──────

    Test timeout of 30000ms exceeded.

    Error: page.fill: Test timeout of 30000ms exceeded.
    Call log:
      - waiting for locator('input[name="email"]')


      192 |     // Login as customer
      193 |     await page.goto('/auth/signin');
    > 194 |     await page.fill('input[name="email"]', process.env.TEST_CUSTOMER_EMAIL || 'customer@test.local');
          |                ^
      195 |     await page.fill('input[name="password"]', process.env.TEST_CUSTOMER_PASSWORD || 'CustomerPass123!');
      196 |     await page.click('button[type="submit"]');
      197 |     await expect(page).toHaveURL(/\/dashboard/);
        at /Users/asithalakmal/Documents/web/final project/WeddingLK-next copy/tests/e2e/booking.spec.ts:194:16

    attachment #1: screenshot (image/png) ──────────────────────────────────────────────────────────
    ../../test-results/booking-Booking-System-Booking-payment-and-refund-processing-chromium/test-failed-1.png
    ────────────────────────────────────────────────────────────────────────────────────────────────

    attachment #2: video (video/webm) ──────────────────────────────────────────────────────────────
    ../../test-results/booking-Booking-System-Booking-payment-and-refund-processing-chromium/video.webm
    ────────────────────────────────────────────────────────────────────────────────────────────────

    Error Context: ../../test-results/booking-Booking-System-Booking-payment-and-refund-processing-chromium/error-context.md
]]>
</failure>
<system-out>
<![CDATA[
[[ATTACHMENT|test-results/booking-Booking-System-Booking-payment-and-refund-processing-chromium/test-failed-1.png]]

[[ATTACHMENT|test-results/booking-Booking-System-Booking-payment-and-refund-processing-chromium/video.webm]]

[[ATTACHMENT|test-results/booking-Booking-System-Booking-payment-and-refund-processing-chromium/error-context.md]]
]]>
</system-out>
</testcase>
</testsuite>
<testsuite name="comprehensive-crud.spec.ts" timestamp="2025-10-22T18:37:21.475Z" hostname="chromium" tests="28" failures="28" skipped="0" time="924.149" errors="0">
<testcase name="🔐 Authentication &amp; User Management CRUD › User Registration Flow" classname="comprehensive-crud.spec.ts" time="33.819">
<failure message="comprehensive-crud.spec.ts:52:7 User Registration Flow" type="FAILURE">
<![CDATA[  [chromium] › comprehensive-crud.spec.ts:52:7 › 🔐 Authentication & User Management CRUD › User Registration Flow 

    Test timeout of 30000ms exceeded.

    Error: page.fill: Test timeout of 30000ms exceeded.
    Call log:
      - waiting for locator('input[name="name"]')


      54 |     
      55 |     // Fill registration form
    > 56 |     await page.fill('input[name="name"]', testUsers.regularUser.name);
         |                ^
      57 |     await page.fill('input[name="email"]', testUsers.regularUser.email);
      58 |     await page.fill('input[name="password"]', testUsers.regularUser.password);
      59 |     await page.fill('input[name="confirmPassword"]', testUsers.regularUser.password);
        at /Users/asithalakmal/Documents/web/final project/WeddingLK-next copy/tests/e2e/comprehensive-crud.spec.ts:56:16

    attachment #1: screenshot (image/png) ──────────────────────────────────────────────────────────
    ../../test-results/comprehensive-crud-🔐-Auth-d5d79-CRUD-User-Registration-Flow-chromium/test-failed-1.png
    ────────────────────────────────────────────────────────────────────────────────────────────────

    attachment #2: video (video/webm) ──────────────────────────────────────────────────────────────
    ../../test-results/comprehensive-crud-🔐-Auth-d5d79-CRUD-User-Registration-Flow-chromium/video.webm
    ────────────────────────────────────────────────────────────────────────────────────────────────

    Error Context: ../../test-results/comprehensive-crud-🔐-Auth-d5d79-CRUD-User-Registration-Flow-chromium/error-context.md
]]>
</failure>
<system-out>
<![CDATA[
[[ATTACHMENT|test-results/comprehensive-crud-🔐-Auth-d5d79-CRUD-User-Registration-Flow-chromium/test-failed-1.png]]

[[ATTACHMENT|test-results/comprehensive-crud-🔐-Auth-d5d79-CRUD-User-Registration-Flow-chromium/video.webm]]

[[ATTACHMENT|test-results/comprehensive-crud-🔐-Auth-d5d79-CRUD-User-Registration-Flow-chromium/error-context.md]]
]]>
</system-out>
</testcase>
<testcase name="🔐 Authentication &amp; User Management CRUD › User Login Flow" classname="comprehensive-crud.spec.ts" time="34.18">
<failure message="comprehensive-crud.spec.ts:68:7 User Login Flow" type="FAILURE">
<![CDATA[  [chromium] › comprehensive-crud.spec.ts:68:7 › 🔐 Authentication & User Management CRUD › User Login Flow 

    Test timeout of 30000ms exceeded.

    Error: page.fill: Test timeout of 30000ms exceeded.
    Call log:
      - waiting for locator('input[name="email"]')


      70 |     
      71 |     // Fill login form
    > 72 |     await page.fill('input[name="email"]', testUsers.regularUser.email);
         |                ^
      73 |     await page.fill('input[name="password"]', testUsers.regularUser.password);
      74 |     
      75 |     // Submit login
        at /Users/asithalakmal/Documents/web/final project/WeddingLK-next copy/tests/e2e/comprehensive-crud.spec.ts:72:16

    attachment #1: screenshot (image/png) ──────────────────────────────────────────────────────────
    ../../test-results/comprehensive-crud-🔐-Auth-b3a02-gement-CRUD-User-Login-Flow-chromium/test-failed-1.png
    ────────────────────────────────────────────────────────────────────────────────────────────────

    attachment #2: video (video/webm) ──────────────────────────────────────────────────────────────
    ../../test-results/comprehensive-crud-🔐-Auth-b3a02-gement-CRUD-User-Login-Flow-chromium/video.webm
    ────────────────────────────────────────────────────────────────────────────────────────────────

    Error Context: ../../test-results/comprehensive-crud-🔐-Auth-b3a02-gement-CRUD-User-Login-Flow-chromium/error-context.md
]]>
</failure>
<system-out>
<![CDATA[
[[ATTACHMENT|test-results/comprehensive-crud-🔐-Auth-b3a02-gement-CRUD-User-Login-Flow-chromium/test-failed-1.png]]

[[ATTACHMENT|test-results/comprehensive-crud-🔐-Auth-b3a02-gement-CRUD-User-Login-Flow-chromium/video.webm]]

[[ATTACHMENT|test-results/comprehensive-crud-🔐-Auth-b3a02-gement-CRUD-User-Login-Flow-chromium/error-context.md]]
]]>
</system-out>
</testcase>
<testcase name="🔐 Authentication &amp; User Management CRUD › User Profile CRUD Operations" classname="comprehensive-crud.spec.ts" time="34.017">
<failure message="comprehensive-crud.spec.ts:82:7 User Profile CRUD Operations" type="FAILURE">
<![CDATA[  [chromium] › comprehensive-crud.spec.ts:82:7 › 🔐 Authentication & User Management CRUD › User Profile CRUD Operations 

    Test timeout of 30000ms exceeded.

    Error: page.fill: Test timeout of 30000ms exceeded.
    Call log:
      - waiting for locator('input[name="email"]')


      83 |     // Login first
      84 |     await page.goto('/auth/signin');
    > 85 |     await page.fill('input[name="email"]', testUsers.regularUser.email);
         |                ^
      86 |     await page.fill('input[name="password"]', testUsers.regularUser.password);
      87 |     await page.click('button[type="submit"]');
      88 |     await expect(page).toHaveURL(/\/dashboard/);
        at /Users/asithalakmal/Documents/web/final project/WeddingLK-next copy/tests/e2e/comprehensive-crud.spec.ts:85:16

    attachment #1: screenshot (image/png) ──────────────────────────────────────────────────────────
    ../../test-results/comprehensive-crud-🔐-Auth-7a9a3-ser-Profile-CRUD-Operations-chromium/test-failed-1.png
    ────────────────────────────────────────────────────────────────────────────────────────────────

    attachment #2: video (video/webm) ──────────────────────────────────────────────────────────────
    ../../test-results/comprehensive-crud-🔐-Auth-7a9a3-ser-Profile-CRUD-Operations-chromium/video.webm
    ────────────────────────────────────────────────────────────────────────────────────────────────

    Error Context: ../../test-results/comprehensive-crud-🔐-Auth-7a9a3-ser-Profile-CRUD-Operations-chromium/error-context.md
]]>
</failure>
<system-out>
<![CDATA[
[[ATTACHMENT|test-results/comprehensive-crud-🔐-Auth-7a9a3-ser-Profile-CRUD-Operations-chromium/test-failed-1.png]]

[[ATTACHMENT|test-results/comprehensive-crud-🔐-Auth-7a9a3-ser-Profile-CRUD-Operations-chromium/video.webm]]

[[ATTACHMENT|test-results/comprehensive-crud-🔐-Auth-7a9a3-ser-Profile-CRUD-Operations-chromium/error-context.md]]
]]>
</system-out>
</testcase>
<testcase name="🔐 Authentication &amp; User Management CRUD › User Settings CRUD Operations" classname="comprehensive-crud.spec.ts" time="34.167">
<failure message="comprehensive-crud.spec.ts:106:7 User Settings CRUD Operations" type="FAILURE">
<![CDATA[  [chromium] › comprehensive-crud.spec.ts:106:7 › 🔐 Authentication & User Management CRUD › User Settings CRUD Operations 

    Test timeout of 30000ms exceeded.

    Error: page.fill: Test timeout of 30000ms exceeded.
    Call log:
      - waiting for locator('input[name="email"]')


      107 |     // Login first
      108 |     await page.goto('/auth/signin');
    > 109 |     await page.fill('input[name="email"]', testUsers.regularUser.email);
          |                ^
      110 |     await page.fill('input[name="password"]', testUsers.regularUser.password);
      111 |     await page.click('button[type="submit"]');
      112 |     await expect(page).toHaveURL(/\/dashboard/);
        at /Users/asithalakmal/Documents/web/final project/WeddingLK-next copy/tests/e2e/comprehensive-crud.spec.ts:109:16

    attachment #1: screenshot (image/png) ──────────────────────────────────────────────────────────
    ../../test-results/comprehensive-crud-🔐-Auth-e8e4d-er-Settings-CRUD-Operations-chromium/test-failed-1.png
    ────────────────────────────────────────────────────────────────────────────────────────────────

    attachment #2: video (video/webm) ──────────────────────────────────────────────────────────────
    ../../test-results/comprehensive-crud-🔐-Auth-e8e4d-er-Settings-CRUD-Operations-chromium/video.webm
    ────────────────────────────────────────────────────────────────────────────────────────────────

    Error Context: ../../test-results/comprehensive-crud-🔐-Auth-e8e4d-er-Settings-CRUD-Operations-chromium/error-context.md
]]>
</failure>
<system-out>
<![CDATA[
[[ATTACHMENT|test-results/comprehensive-crud-🔐-Auth-e8e4d-er-Settings-CRUD-Operations-chromium/test-failed-1.png]]

[[ATTACHMENT|test-results/comprehensive-crud-🔐-Auth-e8e4d-er-Settings-CRUD-Operations-chromium/video.webm]]

[[ATTACHMENT|test-results/comprehensive-crud-🔐-Auth-e8e4d-er-Settings-CRUD-Operations-chromium/error-context.md]]
]]>
</system-out>
</testcase>
<testcase name="🏢 Vendor Management CRUD › Vendor Registration Flow" classname="comprehensive-crud.spec.ts" time="33.847">
<failure message="comprehensive-crud.spec.ts:131:7 Vendor Registration Flow" type="FAILURE">
<![CDATA[  [chromium] › comprehensive-crud.spec.ts:131:7 › 🏢 Vendor Management CRUD › Vendor Registration Flow 

    Test timeout of 30000ms exceeded.

    Error: page.fill: Test timeout of 30000ms exceeded.
    Call log:
      - waiting for locator('input[name="businessName"]')


      133 |     
      134 |     // Fill vendor registration form
    > 135 |     await page.fill('input[name="businessName"]', testUsers.vendor.name);
          |                ^
      136 |     await page.fill('input[name="email"]', testUsers.vendor.email);
      137 |     await page.fill('input[name="password"]', testUsers.vendor.password);
      138 |     await page.fill('input[name="phone"]', '+94771234567');
        at /Users/asithalakmal/Documents/web/final project/WeddingLK-next copy/tests/e2e/comprehensive-crud.spec.ts:135:16

    attachment #1: screenshot (image/png) ──────────────────────────────────────────────────────────
    ../../test-results/comprehensive-crud-🏢-Vend-4884e-UD-Vendor-Registration-Flow-chromium/test-failed-1.png
    ────────────────────────────────────────────────────────────────────────────────────────────────

    attachment #2: video (video/webm) ──────────────────────────────────────────────────────────────
    ../../test-results/comprehensive-crud-🏢-Vend-4884e-UD-Vendor-Registration-Flow-chromium/video.webm
    ────────────────────────────────────────────────────────────────────────────────────────────────

    Error Context: ../../test-results/comprehensive-crud-🏢-Vend-4884e-UD-Vendor-Registration-Flow-chromium/error-context.md
]]>
</failure>
<system-out>
<![CDATA[
[[ATTACHMENT|test-results/comprehensive-crud-🏢-Vend-4884e-UD-Vendor-Registration-Flow-chromium/test-failed-1.png]]

[[ATTACHMENT|test-results/comprehensive-crud-🏢-Vend-4884e-UD-Vendor-Registration-Flow-chromium/video.webm]]

[[ATTACHMENT|test-results/comprehensive-crud-🏢-Vend-4884e-UD-Vendor-Registration-Flow-chromium/error-context.md]]
]]>
</system-out>
</testcase>
<testcase name="🏢 Vendor Management CRUD › Vendor Services CRUD Operations" classname="comprehensive-crud.spec.ts" time="34.229">
<failure message="comprehensive-crud.spec.ts:148:7 Vendor Services CRUD Operations" type="FAILURE">
<![CDATA[  [chromium] › comprehensive-crud.spec.ts:148:7 › 🏢 Vendor Management CRUD › Vendor Services CRUD Operations 

    Test timeout of 30000ms exceeded.

    Error: page.fill: Test timeout of 30000ms exceeded.
    Call log:
      - waiting for locator('input[name="email"]')


      149 |     // Login as vendor
      150 |     await page.goto('/auth/signin');
    > 151 |     await page.fill('input[name="email"]', testUsers.vendor.email);
          |                ^
      152 |     await page.fill('input[name="password"]', testUsers.vendor.password);
      153 |     await page.click('button[type="submit"]');
      154 |     await expect(page).toHaveURL(/\/dashboard/);
        at /Users/asithalakmal/Documents/web/final project/WeddingLK-next copy/tests/e2e/comprehensive-crud.spec.ts:151:16

    attachment #1: screenshot (image/png) ──────────────────────────────────────────────────────────
    ../../test-results/comprehensive-crud-🏢-Vend-64218-or-Services-CRUD-Operations-chromium/test-failed-1.png
    ────────────────────────────────────────────────────────────────────────────────────────────────

    attachment #2: video (video/webm) ──────────────────────────────────────────────────────────────
    ../../test-results/comprehensive-crud-🏢-Vend-64218-or-Services-CRUD-Operations-chromium/video.webm
    ────────────────────────────────────────────────────────────────────────────────────────────────

    Error Context: ../../test-results/comprehensive-crud-🏢-Vend-64218-or-Services-CRUD-Operations-chromium/error-context.md
]]>
</failure>
<system-out>
<![CDATA[
[[ATTACHMENT|test-results/comprehensive-crud-🏢-Vend-64218-or-Services-CRUD-Operations-chromium/test-failed-1.png]]

[[ATTACHMENT|test-results/comprehensive-crud-🏢-Vend-64218-or-Services-CRUD-Operations-chromium/video.webm]]

[[ATTACHMENT|test-results/comprehensive-crud-🏢-Vend-64218-or-Services-CRUD-Operations-chromium/error-context.md]]
]]>
</system-out>
</testcase>
<testcase name="🏢 Vendor Management CRUD › Vendor Analytics &amp; Reports" classname="comprehensive-crud.spec.ts" time="33.476">
<failure message="comprehensive-crud.spec.ts:182:7 Vendor Analytics &amp; Reports" type="FAILURE">
<![CDATA[  [chromium] › comprehensive-crud.spec.ts:182:7 › 🏢 Vendor Management CRUD › Vendor Analytics & Reports 

    Test timeout of 30000ms exceeded.

    Error: page.fill: Test timeout of 30000ms exceeded.
    Call log:
      - waiting for locator('input[name="email"]')


      183 |     // Login as vendor
      184 |     await page.goto('/auth/signin');
    > 185 |     await page.fill('input[name="email"]', testUsers.vendor.email);
          |                ^
      186 |     await page.fill('input[name="password"]', testUsers.vendor.password);
      187 |     await page.click('button[type="submit"]');
      188 |     await expect(page).toHaveURL(/\/dashboard/);
        at /Users/asithalakmal/Documents/web/final project/WeddingLK-next copy/tests/e2e/comprehensive-crud.spec.ts:185:16

    attachment #1: screenshot (image/png) ──────────────────────────────────────────────────────────
    ../../test-results/comprehensive-crud-🏢-Vend-1244e-UD-Vendor-Analytics-Reports-chromium/test-failed-1.png
    ────────────────────────────────────────────────────────────────────────────────────────────────

    attachment #2: video (video/webm) ──────────────────────────────────────────────────────────────
    ../../test-results/comprehensive-crud-🏢-Vend-1244e-UD-Vendor-Analytics-Reports-chromium/video.webm
    ────────────────────────────────────────────────────────────────────────────────────────────────

    Error Context: ../../test-results/comprehensive-crud-🏢-Vend-1244e-UD-Vendor-Analytics-Reports-chromium/error-context.md
]]>
</failure>
<system-out>
<![CDATA[
[[ATTACHMENT|test-results/comprehensive-crud-🏢-Vend-1244e-UD-Vendor-Analytics-Reports-chromium/test-failed-1.png]]

[[ATTACHMENT|test-results/comprehensive-crud-🏢-Vend-1244e-UD-Vendor-Analytics-Reports-chromium/video.webm]]

[[ATTACHMENT|test-results/comprehensive-crud-🏢-Vend-1244e-UD-Vendor-Analytics-Reports-chromium/error-context.md]]
]]>
</system-out>
</testcase>
<testcase name="📅 Booking System CRUD › Create Booking Flow" classname="comprehensive-crud.spec.ts" time="33.962">
<failure message="comprehensive-crud.spec.ts:201:7 Create Booking Flow" type="FAILURE">
<![CDATA[  [chromium] › comprehensive-crud.spec.ts:201:7 › 📅 Booking System CRUD › Create Booking Flow ─────

    Test timeout of 30000ms exceeded.

    Error: page.fill: Test timeout of 30000ms exceeded.
    Call log:
      - waiting for locator('input[name="email"]')


      202 |     // Login as regular user
      203 |     await page.goto('/auth/signin');
    > 204 |     await page.fill('input[name="email"]', testUsers.regularUser.email);
          |                ^
      205 |     await page.fill('input[name="password"]', testUsers.regularUser.password);
      206 |     await page.click('button[type="submit"]');
      207 |     await expect(page).toHaveURL(/\/dashboard/);
        at /Users/asithalakmal/Documents/web/final project/WeddingLK-next copy/tests/e2e/comprehensive-crud.spec.ts:204:16

    attachment #1: screenshot (image/png) ──────────────────────────────────────────────────────────
    ../../test-results/comprehensive-crud-📅-Book-32257-em-CRUD-Create-Booking-Flow-chromium/test-failed-1.png
    ────────────────────────────────────────────────────────────────────────────────────────────────

    attachment #2: video (video/webm) ──────────────────────────────────────────────────────────────
    ../../test-results/comprehensive-crud-📅-Book-32257-em-CRUD-Create-Booking-Flow-chromium/video.webm
    ────────────────────────────────────────────────────────────────────────────────────────────────

    Error Context: ../../test-results/comprehensive-crud-📅-Book-32257-em-CRUD-Create-Booking-Flow-chromium/error-context.md
]]>
</failure>
<system-out>
<![CDATA[
[[ATTACHMENT|test-results/comprehensive-crud-📅-Book-32257-em-CRUD-Create-Booking-Flow-chromium/test-failed-1.png]]

[[ATTACHMENT|test-results/comprehensive-crud-📅-Book-32257-em-CRUD-Create-Booking-Flow-chromium/video.webm]]

[[ATTACHMENT|test-results/comprehensive-crud-📅-Book-32257-em-CRUD-Create-Booking-Flow-chromium/error-context.md]]
]]>
</system-out>
</testcase>
<testcase name="📅 Booking System CRUD › Booking Management CRUD" classname="comprehensive-crud.spec.ts" time="34.155">
<failure message="comprehensive-crud.spec.ts:228:7 Booking Management CRUD" type="FAILURE">
<![CDATA[  [chromium] › comprehensive-crud.spec.ts:228:7 › 📅 Booking System CRUD › Booking Management CRUD ─

    Test timeout of 30000ms exceeded.

    Error: page.fill: Test timeout of 30000ms exceeded.
    Call log:
      - waiting for locator('input[name="email"]')


      229 |     // Login as user
      230 |     await page.goto('/auth/signin');
    > 231 |     await page.fill('input[name="email"]', testUsers.regularUser.email);
          |                ^
      232 |     await page.fill('input[name="password"]', testUsers.regularUser.password);
      233 |     await page.click('button[type="submit"]');
      234 |     await expect(page).toHaveURL(/\/dashboard/);
        at /Users/asithalakmal/Documents/web/final project/WeddingLK-next copy/tests/e2e/comprehensive-crud.spec.ts:231:16

    attachment #1: screenshot (image/png) ──────────────────────────────────────────────────────────
    ../../test-results/comprehensive-crud-📅-Book-0046c-RUD-Booking-Management-CRUD-chromium/test-failed-1.png
    ────────────────────────────────────────────────────────────────────────────────────────────────

    attachment #2: video (video/webm) ──────────────────────────────────────────────────────────────
    ../../test-results/comprehensive-crud-📅-Book-0046c-RUD-Booking-Management-CRUD-chromium/video.webm
    ────────────────────────────────────────────────────────────────────────────────────────────────

    Error Context: ../../test-results/comprehensive-crud-📅-Book-0046c-RUD-Booking-Management-CRUD-chromium/error-context.md
]]>
</failure>
<system-out>
<![CDATA[
[[ATTACHMENT|test-results/comprehensive-crud-📅-Book-0046c-RUD-Booking-Management-CRUD-chromium/test-failed-1.png]]

[[ATTACHMENT|test-results/comprehensive-crud-📅-Book-0046c-RUD-Booking-Management-CRUD-chromium/video.webm]]

[[ATTACHMENT|test-results/comprehensive-crud-📅-Book-0046c-RUD-Booking-Management-CRUD-chromium/error-context.md]]
]]>
</system-out>
</testcase>
<testcase name="📅 Booking System CRUD › Booking Status Tracking" classname="comprehensive-crud.spec.ts" time="33.679">
<failure message="comprehensive-crud.spec.ts:258:7 Booking Status Tracking" type="FAILURE">
<![CDATA[  [chromium] › comprehensive-crud.spec.ts:258:7 › 📅 Booking System CRUD › Booking Status Tracking ─

    Test timeout of 30000ms exceeded.

    Error: page.fill: Test timeout of 30000ms exceeded.
    Call log:
      - waiting for locator('input[name="email"]')


      259 |     // Login as vendor
      260 |     await page.goto('/auth/signin');
    > 261 |     await page.fill('input[name="email"]', testUsers.vendor.email);
          |                ^
      262 |     await page.fill('input[name="password"]', testUsers.vendor.password);
      263 |     await page.click('button[type="submit"]');
      264 |     await expect(page).toHaveURL(/\/dashboard/);
        at /Users/asithalakmal/Documents/web/final project/WeddingLK-next copy/tests/e2e/comprehensive-crud.spec.ts:261:16

    attachment #1: screenshot (image/png) ──────────────────────────────────────────────────────────
    ../../test-results/comprehensive-crud-📅-Book-6532e-RUD-Booking-Status-Tracking-chromium/test-failed-1.png
    ────────────────────────────────────────────────────────────────────────────────────────────────

    attachment #2: video (video/webm) ──────────────────────────────────────────────────────────────
    ../../test-results/comprehensive-crud-📅-Book-6532e-RUD-Booking-Status-Tracking-chromium/video.webm
    ────────────────────────────────────────────────────────────────────────────────────────────────

    Error Context: ../../test-results/comprehensive-crud-📅-Book-6532e-RUD-Booking-Status-Tracking-chromium/error-context.md
]]>
</failure>
<system-out>
<![CDATA[
[[ATTACHMENT|test-results/comprehensive-crud-📅-Book-6532e-RUD-Booking-Status-Tracking-chromium/test-failed-1.png]]

[[ATTACHMENT|test-results/comprehensive-crud-📅-Book-6532e-RUD-Booking-Status-Tracking-chromium/video.webm]]

[[ATTACHMENT|test-results/comprehensive-crud-📅-Book-6532e-RUD-Booking-Status-Tracking-chromium/error-context.md]]
]]>
</system-out>
</testcase>
<testcase name="👥 Wedding Planner CRUD Operations › Planner Client Management" classname="comprehensive-crud.spec.ts" time="34.029">
<failure message="comprehensive-crud.spec.ts:283:7 Planner Client Management" type="FAILURE">
<![CDATA[  [chromium] › comprehensive-crud.spec.ts:283:7 › 👥 Wedding Planner CRUD Operations › Planner Client Management 

    Test timeout of 30000ms exceeded.

    Error: page.fill: Test timeout of 30000ms exceeded.
    Call log:
      - waiting for locator('input[name="email"]')


      284 |     // Login as wedding planner
      285 |     await page.goto('/auth/signin');
    > 286 |     await page.fill('input[name="email"]', testUsers.weddingPlanner.email);
          |                ^
      287 |     await page.fill('input[name="password"]', testUsers.weddingPlanner.password);
      288 |     await page.click('button[type="submit"]');
      289 |     await expect(page).toHaveURL(/\/dashboard/);
        at /Users/asithalakmal/Documents/web/final project/WeddingLK-next copy/tests/e2e/comprehensive-crud.spec.ts:286:16

    attachment #1: screenshot (image/png) ──────────────────────────────────────────────────────────
    ../../test-results/comprehensive-crud-👥-Wedd-6d749-s-Planner-Client-Management-chromium/test-failed-1.png
    ────────────────────────────────────────────────────────────────────────────────────────────────

    attachment #2: video (video/webm) ──────────────────────────────────────────────────────────────
    ../../test-results/comprehensive-crud-👥-Wedd-6d749-s-Planner-Client-Management-chromium/video.webm
    ────────────────────────────────────────────────────────────────────────────────────────────────

    Error Context: ../../test-results/comprehensive-crud-👥-Wedd-6d749-s-Planner-Client-Management-chromium/error-context.md
]]>
</failure>
<system-out>
<![CDATA[
[[ATTACHMENT|test-results/comprehensive-crud-👥-Wedd-6d749-s-Planner-Client-Management-chromium/test-failed-1.png]]

[[ATTACHMENT|test-results/comprehensive-crud-👥-Wedd-6d749-s-Planner-Client-Management-chromium/video.webm]]

[[ATTACHMENT|test-results/comprehensive-crud-👥-Wedd-6d749-s-Planner-Client-Management-chromium/error-context.md]]
]]>
</system-out>
</testcase>
<testcase name="👥 Wedding Planner CRUD Operations › Planner Task Management" classname="comprehensive-crud.spec.ts" time="33.752">
<failure message="comprehensive-crud.spec.ts:313:7 Planner Task Management" type="FAILURE">
<![CDATA[  [chromium] › comprehensive-crud.spec.ts:313:7 › 👥 Wedding Planner CRUD Operations › Planner Task Management 

    Test timeout of 30000ms exceeded.

    Error: page.fill: Test timeout of 30000ms exceeded.
    Call log:
      - waiting for locator('input[name="email"]')


      314 |     // Login as wedding planner
      315 |     await page.goto('/auth/signin');
    > 316 |     await page.fill('input[name="email"]', testUsers.weddingPlanner.email);
          |                ^
      317 |     await page.fill('input[name="password"]', testUsers.weddingPlanner.password);
      318 |     await page.click('button[type="submit"]');
      319 |     await expect(page).toHaveURL(/\/dashboard/);
        at /Users/asithalakmal/Documents/web/final project/WeddingLK-next copy/tests/e2e/comprehensive-crud.spec.ts:316:16

    attachment #1: screenshot (image/png) ──────────────────────────────────────────────────────────
    ../../test-results/comprehensive-crud-👥-Wedd-50ee2-ons-Planner-Task-Management-chromium/test-failed-1.png
    ────────────────────────────────────────────────────────────────────────────────────────────────

    attachment #2: video (video/webm) ──────────────────────────────────────────────────────────────
    ../../test-results/comprehensive-crud-👥-Wedd-50ee2-ons-Planner-Task-Management-chromium/video.webm
    ────────────────────────────────────────────────────────────────────────────────────────────────

    Error Context: ../../test-results/comprehensive-crud-👥-Wedd-50ee2-ons-Planner-Task-Management-chromium/error-context.md
]]>
</failure>
<system-out>
<![CDATA[
[[ATTACHMENT|test-results/comprehensive-crud-👥-Wedd-50ee2-ons-Planner-Task-Management-chromium/test-failed-1.png]]

[[ATTACHMENT|test-results/comprehensive-crud-👥-Wedd-50ee2-ons-Planner-Task-Management-chromium/video.webm]]

[[ATTACHMENT|test-results/comprehensive-crud-👥-Wedd-50ee2-ons-Planner-Task-Management-chromium/error-context.md]]
]]>
</system-out>
</testcase>
<testcase name="🛡️ RBAC (Role-Based Access Control) Tests › User Role Access Control" classname="comprehensive-crud.spec.ts" time="34.209">
<failure message="comprehensive-crud.spec.ts:342:7 User Role Access Control" type="FAILURE">
<![CDATA[  [chromium] › comprehensive-crud.spec.ts:342:7 › 🛡️ RBAC (Role-Based Access Control) Tests › User Role Access Control 

    Test timeout of 30000ms exceeded.

    Error: page.fill: Test timeout of 30000ms exceeded.
    Call log:
      - waiting for locator('input[name="email"]')


      343 |     // Login as regular user
      344 |     await page.goto('/auth/signin');
    > 345 |     await page.fill('input[name="email"]', testUsers.regularUser.email);
          |                ^
      346 |     await page.fill('input[name="password"]', testUsers.regularUser.password);
      347 |     await page.click('button[type="submit"]');
      348 |     await expect(page).toHaveURL(/\/dashboard/);
        at /Users/asithalakmal/Documents/web/final project/WeddingLK-next copy/tests/e2e/comprehensive-crud.spec.ts:345:16

    attachment #1: screenshot (image/png) ──────────────────────────────────────────────────────────
    ../../test-results/comprehensive-crud-🛡️-RBA-b8846-ts-User-Role-Access-Control-chromium/test-failed-1.png
    ────────────────────────────────────────────────────────────────────────────────────────────────

    attachment #2: video (video/webm) ──────────────────────────────────────────────────────────────
    ../../test-results/comprehensive-crud-🛡️-RBA-b8846-ts-User-Role-Access-Control-chromium/video.webm
    ────────────────────────────────────────────────────────────────────────────────────────────────

    Error Context: ../../test-results/comprehensive-crud-🛡️-RBA-b8846-ts-User-Role-Access-Control-chromium/error-context.md
]]>
</failure>
<system-out>
<![CDATA[
[[ATTACHMENT|test-results/comprehensive-crud-🛡️-RBA-b8846-ts-User-Role-Access-Control-chromium/test-failed-1.png]]

[[ATTACHMENT|test-results/comprehensive-crud-🛡️-RBA-b8846-ts-User-Role-Access-Control-chromium/video.webm]]

[[ATTACHMENT|test-results/comprehensive-crud-🛡️-RBA-b8846-ts-User-Role-Access-Control-chromium/error-context.md]]
]]>
</system-out>
</testcase>
<testcase name="🛡️ RBAC (Role-Based Access Control) Tests › Vendor Role Access Control" classname="comprehensive-crud.spec.ts" time="33.923">
<failure message="comprehensive-crud.spec.ts:366:7 Vendor Role Access Control" type="FAILURE">
<![CDATA[  [chromium] › comprehensive-crud.spec.ts:366:7 › 🛡️ RBAC (Role-Based Access Control) Tests › Vendor Role Access Control 

    Test timeout of 30000ms exceeded.

    Error: page.fill: Test timeout of 30000ms exceeded.
    Call log:
      - waiting for locator('input[name="email"]')


      367 |     // Login as vendor
      368 |     await page.goto('/auth/signin');
    > 369 |     await page.fill('input[name="email"]', testUsers.vendor.email);
          |                ^
      370 |     await page.fill('input[name="password"]', testUsers.vendor.password);
      371 |     await page.click('button[type="submit"]');
      372 |     await expect(page).toHaveURL(/\/dashboard/);
        at /Users/asithalakmal/Documents/web/final project/WeddingLK-next copy/tests/e2e/comprehensive-crud.spec.ts:369:16

    attachment #1: screenshot (image/png) ──────────────────────────────────────────────────────────
    ../../test-results/comprehensive-crud-🛡️-RBA-76435--Vendor-Role-Access-Control-chromium/test-failed-1.png
    ────────────────────────────────────────────────────────────────────────────────────────────────

    attachment #2: video (video/webm) ──────────────────────────────────────────────────────────────
    ../../test-results/comprehensive-crud-🛡️-RBA-76435--Vendor-Role-Access-Control-chromium/video.webm
    ────────────────────────────────────────────────────────────────────────────────────────────────

    Error Context: ../../test-results/comprehensive-crud-🛡️-RBA-76435--Vendor-Role-Access-Control-chromium/error-context.md
]]>
</failure>
<system-out>
<![CDATA[
[[ATTACHMENT|test-results/comprehensive-crud-🛡️-RBA-76435--Vendor-Role-Access-Control-chromium/test-failed-1.png]]

[[ATTACHMENT|test-results/comprehensive-crud-🛡️-RBA-76435--Vendor-Role-Access-Control-chromium/video.webm]]

[[ATTACHMENT|test-results/comprehensive-crud-🛡️-RBA-76435--Vendor-Role-Access-Control-chromium/error-context.md]]
]]>
</system-out>
</testcase>
<testcase name="🛡️ RBAC (Role-Based Access Control) Tests › Admin Role Access Control" classname="comprehensive-crud.spec.ts" time="33.758">
<failure message="comprehensive-crud.spec.ts:390:7 Admin Role Access Control" type="FAILURE">
<![CDATA[  [chromium] › comprehensive-crud.spec.ts:390:7 › 🛡️ RBAC (Role-Based Access Control) Tests › Admin Role Access Control 

    Test timeout of 30000ms exceeded.

    Error: page.fill: Test timeout of 30000ms exceeded.
    Call log:
      - waiting for locator('input[name="email"]')


      391 |     // Login as admin
      392 |     await page.goto('/auth/signin');
    > 393 |     await page.fill('input[name="email"]', testUsers.admin.email);
          |                ^
      394 |     await page.fill('input[name="password"]', testUsers.admin.password);
      395 |     await page.click('button[type="submit"]');
      396 |     await expect(page).toHaveURL(/\/dashboard/);
        at /Users/asithalakmal/Documents/web/final project/WeddingLK-next copy/tests/e2e/comprehensive-crud.spec.ts:393:16

    attachment #1: screenshot (image/png) ──────────────────────────────────────────────────────────
    ../../test-results/comprehensive-crud-🛡️-RBA-d2e91-s-Admin-Role-Access-Control-chromium/test-failed-1.png
    ────────────────────────────────────────────────────────────────────────────────────────────────

    attachment #2: video (video/webm) ──────────────────────────────────────────────────────────────
    ../../test-results/comprehensive-crud-🛡️-RBA-d2e91-s-Admin-Role-Access-Control-chromium/video.webm
    ────────────────────────────────────────────────────────────────────────────────────────────────

    Error Context: ../../test-results/comprehensive-crud-🛡️-RBA-d2e91-s-Admin-Role-Access-Control-chromium/error-context.md
]]>
</failure>
<system-out>
<![CDATA[
[[ATTACHMENT|test-results/comprehensive-crud-🛡️-RBA-d2e91-s-Admin-Role-Access-Control-chromium/test-failed-1.png]]

[[ATTACHMENT|test-results/comprehensive-crud-🛡️-RBA-d2e91-s-Admin-Role-Access-Control-chromium/video.webm]]

[[ATTACHMENT|test-results/comprehensive-crud-🛡️-RBA-d2e91-s-Admin-Role-Access-Control-chromium/error-context.md]]
]]>
</system-out>
</testcase>
<testcase name="🛡️ RBAC (Role-Based Access Control) Tests › Middleware Route Protection" classname="comprehensive-crud.spec.ts" time="7.787">
<failure message="comprehensive-crud.spec.ts:412:7 Middleware Route Protection" type="FAILURE">
<![CDATA[  [chromium] › comprehensive-crud.spec.ts:412:7 › 🛡️ RBAC (Role-Based Access Control) Tests › Middleware Route Protection 

    Error: expect(page).toHaveURL(expected) failed

    Expected pattern: /\/auth\/signin/
    Received string:  "https://wedding-lk.vercel.app/login?callbackUrl=%2Fdashboard"
    Timeout: 5000ms

    Call log:
      - Expect "toHaveURL" with timeout 5000ms
        9 × unexpected value "https://wedding-lk.vercel.app/login?callbackUrl=%2Fdashboard"


      413 |     // Test unauthenticated access to protected routes
      414 |     await page.goto('/dashboard');
    > 415 |     await expect(page).toHaveURL(/\/auth\/signin/);
          |                        ^
      416 |     
      417 |     await page.goto('/dashboard/profile');
      418 |     await expect(page).toHaveURL(/\/auth\/signin/);
        at /Users/asithalakmal/Documents/web/final project/WeddingLK-next copy/tests/e2e/comprehensive-crud.spec.ts:415:24

    attachment #1: screenshot (image/png) ──────────────────────────────────────────────────────────
    ../../test-results/comprehensive-crud-🛡️-RBA-c8703-Middleware-Route-Protection-chromium/test-failed-1.png
    ────────────────────────────────────────────────────────────────────────────────────────────────

    attachment #2: video (video/webm) ──────────────────────────────────────────────────────────────
    ../../test-results/comprehensive-crud-🛡️-RBA-c8703-Middleware-Route-Protection-chromium/video.webm
    ────────────────────────────────────────────────────────────────────────────────────────────────

    Error Context: ../../test-results/comprehensive-crud-🛡️-RBA-c8703-Middleware-Route-Protection-chromium/error-context.md
]]>
</failure>
<system-out>
<![CDATA[
[[ATTACHMENT|test-results/comprehensive-crud-🛡️-RBA-c8703-Middleware-Route-Protection-chromium/test-failed-1.png]]

[[ATTACHMENT|test-results/comprehensive-crud-🛡️-RBA-c8703-Middleware-Route-Protection-chromium/video.webm]]

[[ATTACHMENT|test-results/comprehensive-crud-🛡️-RBA-c8703-Middleware-Route-Protection-chromium/error-context.md]]
]]>
</system-out>
</testcase>
<testcase name="💳 Payment &amp; Financial CRUD › Payment Processing Flow" classname="comprehensive-crud.spec.ts" time="33.703">
<failure message="comprehensive-crud.spec.ts:426:7 Payment Processing Flow" type="FAILURE">
<![CDATA[  [chromium] › comprehensive-crud.spec.ts:426:7 › 💳 Payment & Financial CRUD › Payment Processing Flow 

    Test timeout of 30000ms exceeded.

    Error: page.fill: Test timeout of 30000ms exceeded.
    Call log:
      - waiting for locator('input[name="email"]')


      427 |     // Login as user
      428 |     await page.goto('/auth/signin');
    > 429 |     await page.fill('input[name="email"]', testUsers.regularUser.email);
          |                ^
      430 |     await page.fill('input[name="password"]', testUsers.regularUser.password);
      431 |     await page.click('button[type="submit"]');
      432 |     await expect(page).toHaveURL(/\/dashboard/);
        at /Users/asithalakmal/Documents/web/final project/WeddingLK-next copy/tests/e2e/comprehensive-crud.spec.ts:429:16

    attachment #1: screenshot (image/png) ──────────────────────────────────────────────────────────
    ../../test-results/comprehensive-crud-💳-Paym-6f1ed-RUD-Payment-Processing-Flow-chromium/test-failed-1.png
    ────────────────────────────────────────────────────────────────────────────────────────────────

    attachment #2: video (video/webm) ──────────────────────────────────────────────────────────────
    ../../test-results/comprehensive-crud-💳-Paym-6f1ed-RUD-Payment-Processing-Flow-chromium/video.webm
    ────────────────────────────────────────────────────────────────────────────────────────────────

    Error Context: ../../test-results/comprehensive-crud-💳-Paym-6f1ed-RUD-Payment-Processing-Flow-chromium/error-context.md
]]>
</failure>
<system-out>
<![CDATA[
[[ATTACHMENT|test-results/comprehensive-crud-💳-Paym-6f1ed-RUD-Payment-Processing-Flow-chromium/test-failed-1.png]]

[[ATTACHMENT|test-results/comprehensive-crud-💳-Paym-6f1ed-RUD-Payment-Processing-Flow-chromium/video.webm]]

[[ATTACHMENT|test-results/comprehensive-crud-💳-Paym-6f1ed-RUD-Payment-Processing-Flow-chromium/error-context.md]]
]]>
</system-out>
</testcase>
<testcase name="💳 Payment &amp; Financial CRUD › Payment History &amp; Management" classname="comprehensive-crud.spec.ts" time="34.123">
<failure message="comprehensive-crud.spec.ts:450:7 Payment History &amp; Management" type="FAILURE">
<![CDATA[  [chromium] › comprehensive-crud.spec.ts:450:7 › 💳 Payment & Financial CRUD › Payment History & Management 

    Test timeout of 30000ms exceeded.

    Error: page.fill: Test timeout of 30000ms exceeded.
    Call log:
      - waiting for locator('input[name="email"]')


      451 |     // Login as user
      452 |     await page.goto('/auth/signin');
    > 453 |     await page.fill('input[name="email"]', testUsers.regularUser.email);
          |                ^
      454 |     await page.fill('input[name="password"]', testUsers.regularUser.password);
      455 |     await page.click('button[type="submit"]');
      456 |     await expect(page).toHaveURL(/\/dashboard/);
        at /Users/asithalakmal/Documents/web/final project/WeddingLK-next copy/tests/e2e/comprehensive-crud.spec.ts:453:16

    attachment #1: screenshot (image/png) ──────────────────────────────────────────────────────────
    ../../test-results/comprehensive-crud-💳-Paym-d962d--Payment-History-Management-chromium/test-failed-1.png
    ────────────────────────────────────────────────────────────────────────────────────────────────

    attachment #2: video (video/webm) ──────────────────────────────────────────────────────────────
    ../../test-results/comprehensive-crud-💳-Paym-d962d--Payment-History-Management-chromium/video.webm
    ────────────────────────────────────────────────────────────────────────────────────────────────

    Error Context: ../../test-results/comprehensive-crud-💳-Paym-d962d--Payment-History-Management-chromium/error-context.md
]]>
</failure>
<system-out>
<![CDATA[
[[ATTACHMENT|test-results/comprehensive-crud-💳-Paym-d962d--Payment-History-Management-chromium/test-failed-1.png]]

[[ATTACHMENT|test-results/comprehensive-crud-💳-Paym-d962d--Payment-History-Management-chromium/video.webm]]

[[ATTACHMENT|test-results/comprehensive-crud-💳-Paym-d962d--Payment-History-Management-chromium/error-context.md]]
]]>
</system-out>
</testcase>
<testcase name="📱 Mobile &amp; Responsive CRUD › Mobile Navigation &amp; CRUD Operations" classname="comprehensive-crud.spec.ts" time="33.074">
<failure message="comprehensive-crud.spec.ts:471:7 Mobile Navigation &amp; CRUD Operations" type="FAILURE">
<![CDATA[  [chromium] › comprehensive-crud.spec.ts:471:7 › 📱 Mobile & Responsive CRUD › Mobile Navigation & CRUD Operations 

    Test timeout of 30000ms exceeded.

    Error: page.fill: Test timeout of 30000ms exceeded.
    Call log:
      - waiting for locator('input[name="email"]')


      475 |     // Login as user
      476 |     await page.goto('/auth/signin');
    > 477 |     await page.fill('input[name="email"]', testUsers.regularUser.email);
          |                ^
      478 |     await page.fill('input[name="password"]', testUsers.regularUser.password);
      479 |     await page.click('button[type="submit"]');
      480 |     await expect(page).toHaveURL(/\/dashboard/);
        at /Users/asithalakmal/Documents/web/final project/WeddingLK-next copy/tests/e2e/comprehensive-crud.spec.ts:477:16

    attachment #1: screenshot (image/png) ──────────────────────────────────────────────────────────
    ../../test-results/comprehensive-crud-📱-Mobi-c12a8--Navigation-CRUD-Operations-chromium/test-failed-1.png
    ────────────────────────────────────────────────────────────────────────────────────────────────

    attachment #2: video (video/webm) ──────────────────────────────────────────────────────────────
    ../../test-results/comprehensive-crud-📱-Mobi-c12a8--Navigation-CRUD-Operations-chromium/video.webm
    ────────────────────────────────────────────────────────────────────────────────────────────────

    Error Context: ../../test-results/comprehensive-crud-📱-Mobi-c12a8--Navigation-CRUD-Operations-chromium/error-context.md
]]>
</failure>
<system-out>
<![CDATA[
[[ATTACHMENT|test-results/comprehensive-crud-📱-Mobi-c12a8--Navigation-CRUD-Operations-chromium/test-failed-1.png]]

[[ATTACHMENT|test-results/comprehensive-crud-📱-Mobi-c12a8--Navigation-CRUD-Operations-chromium/video.webm]]

[[ATTACHMENT|test-results/comprehensive-crud-📱-Mobi-c12a8--Navigation-CRUD-Operations-chromium/error-context.md]]
]]>
</system-out>
</testcase>
<testcase name="🔍 Search &amp; Filter CRUD › Venue Search &amp; Filter Operations" classname="comprehensive-crud.spec.ts" time="32.649">
<failure message="comprehensive-crud.spec.ts:501:7 Venue Search &amp; Filter Operations" type="FAILURE">
<![CDATA[  [chromium] › comprehensive-crud.spec.ts:501:7 › 🔍 Search & Filter CRUD › Venue Search & Filter Operations 

    Test timeout of 30000ms exceeded.

    Error: page.fill: Test timeout of 30000ms exceeded.
    Call log:
      - waiting for locator('input[placeholder*="Search venues"]')


      503 |     
      504 |     // Search for venues
    > 505 |     await page.fill('input[placeholder*="Search venues"]', 'Colombo');
          |                ^
      506 |     await page.click('button:has-text("Search")');
      507 |     
      508 |     // Apply filters
        at /Users/asithalakmal/Documents/web/final project/WeddingLK-next copy/tests/e2e/comprehensive-crud.spec.ts:505:16

    attachment #1: screenshot (image/png) ──────────────────────────────────────────────────────────
    ../../test-results/comprehensive-crud-🔍-Sear-77ac3-ue-Search-Filter-Operations-chromium/test-failed-1.png
    ────────────────────────────────────────────────────────────────────────────────────────────────

    attachment #2: video (video/webm) ──────────────────────────────────────────────────────────────
    ../../test-results/comprehensive-crud-🔍-Sear-77ac3-ue-Search-Filter-Operations-chromium/video.webm
    ────────────────────────────────────────────────────────────────────────────────────────────────

    Error Context: ../../test-results/comprehensive-crud-🔍-Sear-77ac3-ue-Search-Filter-Operations-chromium/error-context.md
]]>
</failure>
<system-out>
<![CDATA[
[[ATTACHMENT|test-results/comprehensive-crud-🔍-Sear-77ac3-ue-Search-Filter-Operations-chromium/test-failed-1.png]]

[[ATTACHMENT|test-results/comprehensive-crud-🔍-Sear-77ac3-ue-Search-Filter-Operations-chromium/video.webm]]

[[ATTACHMENT|test-results/comprehensive-crud-🔍-Sear-77ac3-ue-Search-Filter-Operations-chromium/error-context.md]]
]]>
</system-out>
</testcase>
<testcase name="🔍 Search &amp; Filter CRUD › Vendor Search &amp; Filter Operations" classname="comprehensive-crud.spec.ts" time="33.715">
<failure message="comprehensive-crud.spec.ts:518:7 Vendor Search &amp; Filter Operations" type="FAILURE">
<![CDATA[  [chromium] › comprehensive-crud.spec.ts:518:7 › 🔍 Search & Filter CRUD › Vendor Search & Filter Operations 

    Test timeout of 30000ms exceeded.

    Error: page.fill: Test timeout of 30000ms exceeded.
    Call log:
      - waiting for locator('input[placeholder*="Search vendors"]')


      520 |     
      521 |     // Search for vendors
    > 522 |     await page.fill('input[placeholder*="Search vendors"]', 'photography');
          |                ^
      523 |     await page.click('button:has-text("Search")');
      524 |     
      525 |     // Apply category filters
        at /Users/asithalakmal/Documents/web/final project/WeddingLK-next copy/tests/e2e/comprehensive-crud.spec.ts:522:16

    attachment #1: screenshot (image/png) ──────────────────────────────────────────────────────────
    ../../test-results/comprehensive-crud-🔍-Sear-8b262-or-Search-Filter-Operations-chromium/test-failed-1.png
    ────────────────────────────────────────────────────────────────────────────────────────────────

    attachment #2: video (video/webm) ──────────────────────────────────────────────────────────────
    ../../test-results/comprehensive-crud-🔍-Sear-8b262-or-Search-Filter-Operations-chromium/video.webm
    ────────────────────────────────────────────────────────────────────────────────────────────────

    Error Context: ../../test-results/comprehensive-crud-🔍-Sear-8b262-or-Search-Filter-Operations-chromium/error-context.md
]]>
</failure>
<system-out>
<![CDATA[
[[ATTACHMENT|test-results/comprehensive-crud-🔍-Sear-8b262-or-Search-Filter-Operations-chromium/test-failed-1.png]]

[[ATTACHMENT|test-results/comprehensive-crud-🔍-Sear-8b262-or-Search-Filter-Operations-chromium/video.webm]]

[[ATTACHMENT|test-results/comprehensive-crud-🔍-Sear-8b262-or-Search-Filter-Operations-chromium/error-context.md]]
]]>
</system-out>
</testcase>
<testcase name="📊 Analytics &amp; Reporting CRUD › User Analytics Dashboard" classname="comprehensive-crud.spec.ts" time="34.545">
<failure message="comprehensive-crud.spec.ts:535:7 User Analytics Dashboard" type="FAILURE">
<![CDATA[  [chromium] › comprehensive-crud.spec.ts:535:7 › 📊 Analytics & Reporting CRUD › User Analytics Dashboard 

    Test timeout of 30000ms exceeded.

    Error: page.fill: Test timeout of 30000ms exceeded.
    Call log:
      - waiting for locator('input[name="email"]')


      536 |     // Login as user
      537 |     await page.goto('/auth/signin');
    > 538 |     await page.fill('input[name="email"]', testUsers.regularUser.email);
          |                ^
      539 |     await page.fill('input[name="password"]', testUsers.regularUser.password);
      540 |     await page.click('button[type="submit"]');
      541 |     await expect(page).toHaveURL(/\/dashboard/);
        at /Users/asithalakmal/Documents/web/final project/WeddingLK-next copy/tests/e2e/comprehensive-crud.spec.ts:538:16

    attachment #1: screenshot (image/png) ──────────────────────────────────────────────────────────
    ../../test-results/comprehensive-crud-📊-Anal-bd0f7-UD-User-Analytics-Dashboard-chromium/test-failed-1.png
    ────────────────────────────────────────────────────────────────────────────────────────────────

    attachment #2: video (video/webm) ──────────────────────────────────────────────────────────────
    ../../test-results/comprehensive-crud-📊-Anal-bd0f7-UD-User-Analytics-Dashboard-chromium/video.webm
    ────────────────────────────────────────────────────────────────────────────────────────────────

    Error Context: ../../test-results/comprehensive-crud-📊-Anal-bd0f7-UD-User-Analytics-Dashboard-chromium/error-context.md
]]>
</failure>
<system-out>
<![CDATA[
[[ATTACHMENT|test-results/comprehensive-crud-📊-Anal-bd0f7-UD-User-Analytics-Dashboard-chromium/test-failed-1.png]]

[[ATTACHMENT|test-results/comprehensive-crud-📊-Anal-bd0f7-UD-User-Analytics-Dashboard-chromium/video.webm]]

[[ATTACHMENT|test-results/comprehensive-crud-📊-Anal-bd0f7-UD-User-Analytics-Dashboard-chromium/error-context.md]]
]]>
</system-out>
</testcase>
<testcase name="📊 Analytics &amp; Reporting CRUD › Admin Analytics &amp; Reports" classname="comprehensive-crud.spec.ts" time="34.132">
<failure message="comprehensive-crud.spec.ts:552:7 Admin Analytics &amp; Reports" type="FAILURE">
<![CDATA[  [chromium] › comprehensive-crud.spec.ts:552:7 › 📊 Analytics & Reporting CRUD › Admin Analytics & Reports 

    Test timeout of 30000ms exceeded.

    Error: page.fill: Test timeout of 30000ms exceeded.
    Call log:
      - waiting for locator('input[name="email"]')


      553 |     // Login as admin
      554 |     await page.goto('/auth/signin');
    > 555 |     await page.fill('input[name="email"]', testUsers.admin.email);
          |                ^
      556 |     await page.fill('input[name="password"]', testUsers.admin.password);
      557 |     await page.click('button[type="submit"]');
      558 |     await expect(page).toHaveURL(/\/dashboard/);
        at /Users/asithalakmal/Documents/web/final project/WeddingLK-next copy/tests/e2e/comprehensive-crud.spec.ts:555:16

    attachment #1: screenshot (image/png) ──────────────────────────────────────────────────────────
    ../../test-results/comprehensive-crud-📊-Anal-de256-RUD-Admin-Analytics-Reports-chromium/test-failed-1.png
    ────────────────────────────────────────────────────────────────────────────────────────────────

    attachment #2: video (video/webm) ──────────────────────────────────────────────────────────────
    ../../test-results/comprehensive-crud-📊-Anal-de256-RUD-Admin-Analytics-Reports-chromium/video.webm
    ────────────────────────────────────────────────────────────────────────────────────────────────

    Error Context: ../../test-results/comprehensive-crud-📊-Anal-de256-RUD-Admin-Analytics-Reports-chromium/error-context.md
]]>
</failure>
<system-out>
<![CDATA[
[[ATTACHMENT|test-results/comprehensive-crud-📊-Anal-de256-RUD-Admin-Analytics-Reports-chromium/test-failed-1.png]]

[[ATTACHMENT|test-results/comprehensive-crud-📊-Anal-de256-RUD-Admin-Analytics-Reports-chromium/video.webm]]

[[ATTACHMENT|test-results/comprehensive-crud-📊-Anal-de256-RUD-Admin-Analytics-Reports-chromium/error-context.md]]
]]>
</system-out>
</testcase>
<testcase name="🔔 Notification &amp; Communication CRUD › Notification Management" classname="comprehensive-crud.spec.ts" time="34.052">
<failure message="comprehensive-crud.spec.ts:581:7 Notification Management" type="FAILURE">
<![CDATA[  [chromium] › comprehensive-crud.spec.ts:581:7 › 🔔 Notification & Communication CRUD › Notification Management 

    Test timeout of 30000ms exceeded.

    Error: page.fill: Test timeout of 30000ms exceeded.
    Call log:
      - waiting for locator('input[name="email"]')


      582 |     // Login as user
      583 |     await page.goto('/auth/signin');
    > 584 |     await page.fill('input[name="email"]', testUsers.regularUser.email);
          |                ^
      585 |     await page.fill('input[name="password"]', testUsers.regularUser.password);
      586 |     await page.click('button[type="submit"]');
      587 |     await expect(page).toHaveURL(/\/dashboard/);
        at /Users/asithalakmal/Documents/web/final project/WeddingLK-next copy/tests/e2e/comprehensive-crud.spec.ts:584:16

    attachment #1: screenshot (image/png) ──────────────────────────────────────────────────────────
    ../../test-results/comprehensive-crud-🔔-Noti-e4267-RUD-Notification-Management-chromium/test-failed-1.png
    ────────────────────────────────────────────────────────────────────────────────────────────────

    attachment #2: video (video/webm) ──────────────────────────────────────────────────────────────
    ../../test-results/comprehensive-crud-🔔-Noti-e4267-RUD-Notification-Management-chromium/video.webm
    ────────────────────────────────────────────────────────────────────────────────────────────────

    Error Context: ../../test-results/comprehensive-crud-🔔-Noti-e4267-RUD-Notification-Management-chromium/error-context.md
]]>
</failure>
<system-out>
<![CDATA[
[[ATTACHMENT|test-results/comprehensive-crud-🔔-Noti-e4267-RUD-Notification-Management-chromium/test-failed-1.png]]

[[ATTACHMENT|test-results/comprehensive-crud-🔔-Noti-e4267-RUD-Notification-Management-chromium/video.webm]]

[[ATTACHMENT|test-results/comprehensive-crud-🔔-Noti-e4267-RUD-Notification-Management-chromium/error-context.md]]
]]>
</system-out>
</testcase>
<testcase name="🔔 Notification &amp; Communication CRUD › Message System CRUD" classname="comprehensive-crud.spec.ts" time="34.267">
<failure message="comprehensive-crud.spec.ts:605:7 Message System CRUD" type="FAILURE">
<![CDATA[  [chromium] › comprehensive-crud.spec.ts:605:7 › 🔔 Notification & Communication CRUD › Message System CRUD 

    Test timeout of 30000ms exceeded.

    Error: page.fill: Test timeout of 30000ms exceeded.
    Call log:
      - waiting for locator('input[name="email"]')


      606 |     // Login as user
      607 |     await page.goto('/auth/signin');
    > 608 |     await page.fill('input[name="email"]', testUsers.regularUser.email);
          |                ^
      609 |     await page.fill('input[name="password"]', testUsers.regularUser.password);
      610 |     await page.click('button[type="submit"]');
      611 |     await expect(page).toHaveURL(/\/dashboard/);
        at /Users/asithalakmal/Documents/web/final project/WeddingLK-next copy/tests/e2e/comprehensive-crud.spec.ts:608:16

    attachment #1: screenshot (image/png) ──────────────────────────────────────────────────────────
    ../../test-results/comprehensive-crud-🔔-Noti-e1c21-on-CRUD-Message-System-CRUD-chromium/test-failed-1.png
    ────────────────────────────────────────────────────────────────────────────────────────────────

    attachment #2: video (video/webm) ──────────────────────────────────────────────────────────────
    ../../test-results/comprehensive-crud-🔔-Noti-e1c21-on-CRUD-Message-System-CRUD-chromium/video.webm
    ────────────────────────────────────────────────────────────────────────────────────────────────

    Error Context: ../../test-results/comprehensive-crud-🔔-Noti-e1c21-on-CRUD-Message-System-CRUD-chromium/error-context.md
]]>
</failure>
<system-out>
<![CDATA[
[[ATTACHMENT|test-results/comprehensive-crud-🔔-Noti-e1c21-on-CRUD-Message-System-CRUD-chromium/test-failed-1.png]]

[[ATTACHMENT|test-results/comprehensive-crud-🔔-Noti-e1c21-on-CRUD-Message-System-CRUD-chromium/video.webm]]

[[ATTACHMENT|test-results/comprehensive-crud-🔔-Noti-e1c21-on-CRUD-Message-System-CRUD-chromium/error-context.md]]
]]>
</system-out>
</testcase>
<testcase name="🔄 Data Synchronization &amp; Cache CRUD › Data Cache Management" classname="comprehensive-crud.spec.ts" time="34.085">
<failure message="comprehensive-crud.spec.ts:633:7 Data Cache Management" type="FAILURE">
<![CDATA[  [chromium] › comprehensive-crud.spec.ts:633:7 › 🔄 Data Synchronization & Cache CRUD › Data Cache Management 

    Test timeout of 30000ms exceeded.

    Error: page.fill: Test timeout of 30000ms exceeded.
    Call log:
      - waiting for locator('input[name="email"]')


      634 |     // Login as admin
      635 |     await page.goto('/auth/signin');
    > 636 |     await page.fill('input[name="email"]', testUsers.admin.email);
          |                ^
      637 |     await page.fill('input[name="password"]', testUsers.admin.password);
      638 |     await page.click('button[type="submit"]');
      639 |     await expect(page).toHaveURL(/\/dashboard/);
        at /Users/asithalakmal/Documents/web/final project/WeddingLK-next copy/tests/e2e/comprehensive-crud.spec.ts:636:16

    attachment #1: screenshot (image/png) ──────────────────────────────────────────────────────────
    ../../test-results/comprehensive-crud-🔄-Data-ae5cf--CRUD-Data-Cache-Management-chromium/test-failed-1.png
    ────────────────────────────────────────────────────────────────────────────────────────────────

    attachment #2: video (video/webm) ──────────────────────────────────────────────────────────────
    ../../test-results/comprehensive-crud-🔄-Data-ae5cf--CRUD-Data-Cache-Management-chromium/video.webm
    ────────────────────────────────────────────────────────────────────────────────────────────────

    Error Context: ../../test-results/comprehensive-crud-🔄-Data-ae5cf--CRUD-Data-Cache-Management-chromium/error-context.md
]]>
</failure>
<system-out>
<![CDATA[
[[ATTACHMENT|test-results/comprehensive-crud-🔄-Data-ae5cf--CRUD-Data-Cache-Management-chromium/test-failed-1.png]]

[[ATTACHMENT|test-results/comprehensive-crud-🔄-Data-ae5cf--CRUD-Data-Cache-Management-chromium/video.webm]]

[[ATTACHMENT|test-results/comprehensive-crud-🔄-Data-ae5cf--CRUD-Data-Cache-Management-chromium/error-context.md]]
]]>
</system-out>
</testcase>
<testcase name="🛠️ System Administration CRUD › User Management Operations" classname="comprehensive-crud.spec.ts" time="33.784">
<failure message="comprehensive-crud.spec.ts:658:7 User Management Operations" type="FAILURE">
<![CDATA[  [chromium] › comprehensive-crud.spec.ts:658:7 › 🛠️ System Administration CRUD › User Management Operations 

    Test timeout of 30000ms exceeded.

    Error: page.fill: Test timeout of 30000ms exceeded.
    Call log:
      - waiting for locator('input[name="email"]')


      659 |     // Login as admin
      660 |     await page.goto('/auth/signin');
    > 661 |     await page.fill('input[name="email"]', testUsers.admin.email);
          |                ^
      662 |     await page.fill('input[name="password"]', testUsers.admin.password);
      663 |     await page.click('button[type="submit"]');
      664 |     await expect(page).toHaveURL(/\/dashboard/);
        at /Users/asithalakmal/Documents/web/final project/WeddingLK-next copy/tests/e2e/comprehensive-crud.spec.ts:661:16

    attachment #1: screenshot (image/png) ──────────────────────────────────────────────────────────
    ../../test-results/comprehensive-crud-🛠️-Sys-e1e93--User-Management-Operations-chromium/test-failed-1.png
    ────────────────────────────────────────────────────────────────────────────────────────────────

    attachment #2: video (video/webm) ──────────────────────────────────────────────────────────────
    ../../test-results/comprehensive-crud-🛠️-Sys-e1e93--User-Management-Operations-chromium/video.webm
    ────────────────────────────────────────────────────────────────────────────────────────────────

    Error Context: ../../test-results/comprehensive-crud-🛠️-Sys-e1e93--User-Management-Operations-chromium/error-context.md
]]>
</failure>
<system-out>
<![CDATA[
[[ATTACHMENT|test-results/comprehensive-crud-🛠️-Sys-e1e93--User-Management-Operations-chromium/test-failed-1.png]]

[[ATTACHMENT|test-results/comprehensive-crud-🛠️-Sys-e1e93--User-Management-Operations-chromium/video.webm]]

[[ATTACHMENT|test-results/comprehensive-crud-🛠️-Sys-e1e93--User-Management-Operations-chromium/error-context.md]]
]]>
</system-out>
</testcase>
<testcase name="🛠️ System Administration CRUD › System Settings Management" classname="comprehensive-crud.spec.ts" time="35.031">
<failure message="comprehensive-crud.spec.ts:686:7 System Settings Management" type="FAILURE">
<![CDATA[  [chromium] › comprehensive-crud.spec.ts:686:7 › 🛠️ System Administration CRUD › System Settings Management 

    Test timeout of 30000ms exceeded.

    Error: page.fill: Test timeout of 30000ms exceeded.
    Call log:
      - waiting for locator('input[name="email"]')


      687 |     // Login as admin
      688 |     await page.goto('/auth/signin');
    > 689 |     await page.fill('input[name="email"]', testUsers.admin.email);
          |                ^
      690 |     await page.fill('input[name="password"]', testUsers.admin.password);
      691 |     await page.click('button[type="submit"]');
      692 |     await expect(page).toHaveURL(/\/dashboard/);
        at /Users/asithalakmal/Documents/web/final project/WeddingLK-next copy/tests/e2e/comprehensive-crud.spec.ts:689:16

    attachment #1: screenshot (image/png) ──────────────────────────────────────────────────────────
    ../../test-results/comprehensive-crud-🛠️-Sys-350da--System-Settings-Management-chromium/test-failed-1.png
    ────────────────────────────────────────────────────────────────────────────────────────────────

    attachment #2: video (video/webm) ──────────────────────────────────────────────────────────────
    ../../test-results/comprehensive-crud-🛠️-Sys-350da--System-Settings-Management-chromium/video.webm
    ────────────────────────────────────────────────────────────────────────────────────────────────

    Error Context: ../../test-results/comprehensive-crud-🛠️-Sys-350da--System-Settings-Management-chromium/error-context.md
]]>
</failure>
<system-out>
<![CDATA[
[[ATTACHMENT|test-results/comprehensive-crud-🛠️-Sys-350da--System-Settings-Management-chromium/test-failed-1.png]]

[[ATTACHMENT|test-results/comprehensive-crud-🛠️-Sys-350da--System-Settings-Management-chromium/video.webm]]

[[ATTACHMENT|test-results/comprehensive-crud-🛠️-Sys-350da--System-Settings-Management-chromium/error-context.md]]
]]>
</system-out>
</testcase>
</testsuite>
<testsuite name="comprehensive-live-deployment.spec.ts" timestamp="2025-10-22T18:37:21.475Z" hostname="chromium" tests="14" failures="13" skipped="0" time="289.32" errors="0">
<testcase name="🚀 COMPREHENSIVE LIVE DEPLOYMENT TESTING › 🏠 HOMEPAGE - Complete Frontend Testing" classname="comprehensive-live-deployment.spec.ts" time="19.119">
<failure message="comprehensive-live-deployment.spec.ts:39:7 🏠 HOMEPAGE - Complete Frontend Testing" type="FAILURE">
<![CDATA[  [chromium] › comprehensive-live-deployment.spec.ts:39:7 › 🚀 COMPREHENSIVE LIVE DEPLOYMENT TESTING › 🏠 HOMEPAGE - Complete Frontend Testing 

    Error: expect(locator).toBeVisible() failed

    Locator: locator('text=Wedding.lk')
    Expected: visible
    Timeout: 5000ms
    Error: element(s) not found

    Call log:
      - Expect "toBeVisible" with timeout 5000ms
      - waiting for locator('text=Wedding.lk')


      41 |     
      42 |     // Test main navigation
    > 43 |     await expect(page.locator('text=Wedding.lk')).toBeVisible();
         |                                                   ^
      44 |     await expect(page.locator('nav a[href="/venues"]')).toBeVisible();
      45 |     await expect(page.locator('nav a[href="/vendors"]')).toBeVisible();
      46 |     await expect(page.locator('nav a[href="/feed"]')).toBeVisible();
        at /Users/asithalakmal/Documents/web/final project/WeddingLK-next copy/tests/e2e/comprehensive-live-deployment.spec.ts:43:51

    attachment #1: screenshot (image/png) ──────────────────────────────────────────────────────────
    ../../test-results/comprehensive-live-deploym-6fa0d---Complete-Frontend-Testing-chromium/test-failed-1.png
    ────────────────────────────────────────────────────────────────────────────────────────────────

    attachment #2: video (video/webm) ──────────────────────────────────────────────────────────────
    ../../test-results/comprehensive-live-deploym-6fa0d---Complete-Frontend-Testing-chromium/video.webm
    ────────────────────────────────────────────────────────────────────────────────────────────────

    Error Context: ../../test-results/comprehensive-live-deploym-6fa0d---Complete-Frontend-Testing-chromium/error-context.md
]]>
</failure>
<system-out>
<![CDATA[🏠 Testing Homepage Components...

[[ATTACHMENT|test-results/comprehensive-live-deploym-6fa0d---Complete-Frontend-Testing-chromium/test-failed-1.png]]

[[ATTACHMENT|test-results/comprehensive-live-deploym-6fa0d---Complete-Frontend-Testing-chromium/video.webm]]

[[ATTACHMENT|test-results/comprehensive-live-deploym-6fa0d---Complete-Frontend-Testing-chromium/error-context.md]]
]]>
</system-out>
</testcase>
<testcase name="🚀 COMPREHENSIVE LIVE DEPLOYMENT TESTING › 🔐 AUTHENTICATION - Complete Auth Flow Testing" classname="comprehensive-live-deployment.spec.ts" time="17.062">
<failure message="comprehensive-live-deployment.spec.ts:132:7 🔐 AUTHENTICATION - Complete Auth Flow Testing" type="FAILURE">
<![CDATA[  [chromium] › comprehensive-live-deployment.spec.ts:132:7 › 🚀 COMPREHENSIVE LIVE DEPLOYMENT TESTING › 🔐 AUTHENTICATION - Complete Auth Flow Testing 

    Error: expect(locator).toBeVisible() failed

    Locator: locator('h1:has-text("Sign In")')
    Expected: visible
    Timeout: 5000ms
    Error: element(s) not found

    Call log:
      - Expect "toBeVisible" with timeout 5000ms
      - waiting for locator('h1:has-text("Sign In")')


      137 |     await page.waitForLoadState('networkidle');
      138 |     
    > 139 |     await expect(page.locator('h1:has-text("Sign In")')).toBeVisible();
          |                                                          ^
      140 |     await expect(page.locator('input[name="email"]')).toBeVisible();
      141 |     await expect(page.locator('input[name="password"]')).toBeVisible();
      142 |     await expect(page.locator('button[type="submit"]')).toBeVisible();
        at /Users/asithalakmal/Documents/web/final project/WeddingLK-next copy/tests/e2e/comprehensive-live-deployment.spec.ts:139:58

    attachment #1: screenshot (image/png) ──────────────────────────────────────────────────────────
    ../../test-results/comprehensive-live-deploym-f8c4e--Complete-Auth-Flow-Testing-chromium/test-failed-1.png
    ────────────────────────────────────────────────────────────────────────────────────────────────

    attachment #2: video (video/webm) ──────────────────────────────────────────────────────────────
    ../../test-results/comprehensive-live-deploym-f8c4e--Complete-Auth-Flow-Testing-chromium/video.webm
    ────────────────────────────────────────────────────────────────────────────────────────────────

    Error Context: ../../test-results/comprehensive-live-deploym-f8c4e--Complete-Auth-Flow-Testing-chromium/error-context.md
]]>
</failure>
<system-out>
<![CDATA[🔐 Testing Authentication System...

[[ATTACHMENT|test-results/comprehensive-live-deploym-f8c4e--Complete-Auth-Flow-Testing-chromium/test-failed-1.png]]

[[ATTACHMENT|test-results/comprehensive-live-deploym-f8c4e--Complete-Auth-Flow-Testing-chromium/video.webm]]

[[ATTACHMENT|test-results/comprehensive-live-deploym-f8c4e--Complete-Auth-Flow-Testing-chromium/error-context.md]]
]]>
</system-out>
</testcase>
<testcase name="🚀 COMPREHENSIVE LIVE DEPLOYMENT TESTING › 🏢 VENUES - Complete Venue CRUD Testing" classname="comprehensive-live-deployment.spec.ts" time="16.388">
<failure message="comprehensive-live-deployment.spec.ts:161:7 🏢 VENUES - Complete Venue CRUD Testing" type="FAILURE">
<![CDATA[  [chromium] › comprehensive-live-deployment.spec.ts:161:7 › 🚀 COMPREHENSIVE LIVE DEPLOYMENT TESTING › 🏢 VENUES - Complete Venue CRUD Testing 

    Error: expect(locator).toBeVisible() failed

    Locator: locator('h1:has-text("Wedding Venues")')
    Expected: visible
    Timeout: 5000ms
    Error: element(s) not found

    Call log:
      - Expect "toBeVisible" with timeout 5000ms
      - waiting for locator('h1:has-text("Wedding Venues")')


      166 |     
      167 |     // Test venue listing page
    > 168 |     await expect(page.locator('h1:has-text("Wedding Venues")')).toBeVisible();
          |                                                                 ^
      169 |     
      170 |     // Test search functionality
      171 |     await expect(page.locator('input[placeholder*="Search venues"]')).toBeVisible();
        at /Users/asithalakmal/Documents/web/final project/WeddingLK-next copy/tests/e2e/comprehensive-live-deployment.spec.ts:168:65

    attachment #1: screenshot (image/png) ──────────────────────────────────────────────────────────
    ../../test-results/comprehensive-live-deploym-ef612-Complete-Venue-CRUD-Testing-chromium/test-failed-1.png
    ────────────────────────────────────────────────────────────────────────────────────────────────

    attachment #2: video (video/webm) ──────────────────────────────────────────────────────────────
    ../../test-results/comprehensive-live-deploym-ef612-Complete-Venue-CRUD-Testing-chromium/video.webm
    ────────────────────────────────────────────────────────────────────────────────────────────────

    Error Context: ../../test-results/comprehensive-live-deploym-ef612-Complete-Venue-CRUD-Testing-chromium/error-context.md
]]>
</failure>
<system-out>
<![CDATA[🏢 Testing Venues System...

[[ATTACHMENT|test-results/comprehensive-live-deploym-ef612-Complete-Venue-CRUD-Testing-chromium/test-failed-1.png]]

[[ATTACHMENT|test-results/comprehensive-live-deploym-ef612-Complete-Venue-CRUD-Testing-chromium/video.webm]]

[[ATTACHMENT|test-results/comprehensive-live-deploym-ef612-Complete-Venue-CRUD-Testing-chromium/error-context.md]]
]]>
</system-out>
</testcase>
<testcase name="🚀 COMPREHENSIVE LIVE DEPLOYMENT TESTING › 🏪 VENDORS - Complete Vendor CRUD Testing" classname="comprehensive-live-deployment.spec.ts" time="12.234">
<failure message="comprehensive-live-deployment.spec.ts:206:7 🏪 VENDORS - Complete Vendor CRUD Testing" type="FAILURE">
<![CDATA[  [chromium] › comprehensive-live-deployment.spec.ts:206:7 › 🚀 COMPREHENSIVE LIVE DEPLOYMENT TESTING › 🏪 VENDORS - Complete Vendor CRUD Testing 

    Error: expect(locator).toBeVisible() failed

    Locator: locator('h1:has-text("Wedding Vendors")')
    Expected: visible
    Timeout: 5000ms
    Error: element(s) not found

    Call log:
      - Expect "toBeVisible" with timeout 5000ms
      - waiting for locator('h1:has-text("Wedding Vendors")')


      211 |     
      212 |     // Test vendor listing page
    > 213 |     await expect(page.locator('h1:has-text("Wedding Vendors")')).toBeVisible();
          |                                                                  ^
      214 |     
      215 |     // Test search functionality
      216 |     await expect(page.locator('input[placeholder*="Search vendors"]')).toBeVisible();
        at /Users/asithalakmal/Documents/web/final project/WeddingLK-next copy/tests/e2e/comprehensive-live-deployment.spec.ts:213:66

    attachment #1: screenshot (image/png) ──────────────────────────────────────────────────────────
    ../../test-results/comprehensive-live-deploym-d944a-omplete-Vendor-CRUD-Testing-chromium/test-failed-1.png
    ────────────────────────────────────────────────────────────────────────────────────────────────

    attachment #2: video (video/webm) ──────────────────────────────────────────────────────────────
    ../../test-results/comprehensive-live-deploym-d944a-omplete-Vendor-CRUD-Testing-chromium/video.webm
    ────────────────────────────────────────────────────────────────────────────────────────────────

    Error Context: ../../test-results/comprehensive-live-deploym-d944a-omplete-Vendor-CRUD-Testing-chromium/error-context.md
]]>
</failure>
<system-out>
<![CDATA[🏪 Testing Vendors System...

[[ATTACHMENT|test-results/comprehensive-live-deploym-d944a-omplete-Vendor-CRUD-Testing-chromium/test-failed-1.png]]

[[ATTACHMENT|test-results/comprehensive-live-deploym-d944a-omplete-Vendor-CRUD-Testing-chromium/video.webm]]

[[ATTACHMENT|test-results/comprehensive-live-deploym-d944a-omplete-Vendor-CRUD-Testing-chromium/error-context.md]]
]]>
</system-out>
</testcase>
<testcase name="🚀 COMPREHENSIVE LIVE DEPLOYMENT TESTING › 📱 FEED - Complete Social Feed Testing" classname="comprehensive-live-deployment.spec.ts" time="15.64">
<failure message="comprehensive-live-deployment.spec.ts:251:7 📱 FEED - Complete Social Feed Testing" type="FAILURE">
<![CDATA[  [chromium] › comprehensive-live-deployment.spec.ts:251:7 › 🚀 COMPREHENSIVE LIVE DEPLOYMENT TESTING › 📱 FEED - Complete Social Feed Testing 

    Error: expect(locator).toBeVisible() failed

    Locator: locator('h1:has-text("Wedding Feed")')
    Expected: visible
    Timeout: 5000ms
    Error: element(s) not found

    Call log:
      - Expect "toBeVisible" with timeout 5000ms
      - waiting for locator('h1:has-text("Wedding Feed")')


      256 |     
      257 |     // Test feed page
    > 258 |     await expect(page.locator('h1:has-text("Wedding Feed")')).toBeVisible();
          |                                                               ^
      259 |     
      260 |     // Test feed filters
      261 |     const filters = ['All', 'Venues', 'Vendors', 'Planning', 'Inspiration'];
        at /Users/asithalakmal/Documents/web/final project/WeddingLK-next copy/tests/e2e/comprehensive-live-deployment.spec.ts:258:63

    attachment #1: screenshot (image/png) ──────────────────────────────────────────────────────────
    ../../test-results/comprehensive-live-deploym-b9f37-omplete-Social-Feed-Testing-chromium/test-failed-1.png
    ────────────────────────────────────────────────────────────────────────────────────────────────

    attachment #2: video (video/webm) ──────────────────────────────────────────────────────────────
    ../../test-results/comprehensive-live-deploym-b9f37-omplete-Social-Feed-Testing-chromium/video.webm
    ────────────────────────────────────────────────────────────────────────────────────────────────

    Error Context: ../../test-results/comprehensive-live-deploym-b9f37-omplete-Social-Feed-Testing-chromium/error-context.md
]]>
</failure>
<system-out>
<![CDATA[📱 Testing Social Feed System...

[[ATTACHMENT|test-results/comprehensive-live-deploym-b9f37-omplete-Social-Feed-Testing-chromium/test-failed-1.png]]

[[ATTACHMENT|test-results/comprehensive-live-deploym-b9f37-omplete-Social-Feed-Testing-chromium/video.webm]]

[[ATTACHMENT|test-results/comprehensive-live-deploym-b9f37-omplete-Social-Feed-Testing-chromium/error-context.md]]
]]>
</system-out>
</testcase>
<testcase name="🚀 COMPREHENSIVE LIVE DEPLOYMENT TESTING › 🖼️ GALLERY - Complete Gallery Testing" classname="comprehensive-live-deployment.spec.ts" time="7.63">
<failure message="comprehensive-live-deployment.spec.ts:295:7 🖼️ GALLERY - Complete Gallery Testing" type="FAILURE">
<![CDATA[  [chromium] › comprehensive-live-deployment.spec.ts:295:7 › 🚀 COMPREHENSIVE LIVE DEPLOYMENT TESTING › 🖼️ GALLERY - Complete Gallery Testing 

    Error: expect(locator).toBeVisible() failed

    Locator: locator('button:has-text("All")')
    Expected: visible
    Error: strict mode violation: locator('button:has-text("All")') resolved to 3 elements:
        1) <button dir="ltr" type="button" role="combobox" data-state="closed" aria-expanded="false" aria-autocomplete="none" aria-controls="radix-«r3»" class="flex h-10 items-center justify-between rounded-md border border-input bg-background px-3 py-2 text-sm ring-offset-background placeholder:text-muted-foreground focus:outline-none focus:ring-2 focus:ring-ring focus:ring-offset-2 disabled:cursor-not-allowed disabled:opacity-50 [&>span]:line-clamp-1 w-[200px]">…</button> aka getByRole('combobox').filter({ hasText: 'All Photos0' })
        2) <button dir="ltr" type="button" role="combobox" data-state="closed" aria-expanded="false" aria-autocomplete="none" aria-controls="radix-«r4»" class="flex h-10 items-center justify-between rounded-md border border-input bg-background px-3 py-2 text-sm ring-offset-background placeholder:text-muted-foreground focus:outline-none focus:ring-2 focus:ring-ring focus:ring-offset-2 disabled:cursor-not-allowed disabled:opacity-50 [&>span]:line-clamp-1 w-[200px]">…</button> aka getByRole('combobox').filter({ hasText: 'All Venues' })
        3) <button tabindex="0" class="px-4 py-2 rounded-full text-sm font-medium transition-all duration-200 bg-rose-500 text-white shadow-lg">…</button> aka getByRole('button', { name: 'All Photos' })

    Call log:
      - Expect "toBeVisible" with timeout 5000ms
      - waiting for locator('button:has-text("All")')


      305 |     const categories = ['All', 'Venues', 'Decorations', 'Photography', 'Catering'];
      306 |     for (const category of categories) {
    > 307 |       await expect(page.locator(`button:has-text("${category}")`)).toBeVisible();
          |                                                                    ^
      308 |     }
      309 |     
      310 |     // Test gallery images
        at /Users/asithalakmal/Documents/web/final project/WeddingLK-next copy/tests/e2e/comprehensive-live-deployment.spec.ts:307:68

    attachment #1: screenshot (image/png) ──────────────────────────────────────────────────────────
    ../../test-results/comprehensive-live-deploym-caa8a----Complete-Gallery-Testing-chromium/test-failed-1.png
    ────────────────────────────────────────────────────────────────────────────────────────────────

    attachment #2: video (video/webm) ──────────────────────────────────────────────────────────────
    ../../test-results/comprehensive-live-deploym-caa8a----Complete-Gallery-Testing-chromium/video.webm
    ────────────────────────────────────────────────────────────────────────────────────────────────

    Error Context: ../../test-results/comprehensive-live-deploym-caa8a----Complete-Gallery-Testing-chromium/error-context.md
]]>
</failure>
<system-out>
<![CDATA[🖼️ Testing Gallery System...

[[ATTACHMENT|test-results/comprehensive-live-deploym-caa8a----Complete-Gallery-Testing-chromium/test-failed-1.png]]

[[ATTACHMENT|test-results/comprehensive-live-deploym-caa8a----Complete-Gallery-Testing-chromium/video.webm]]

[[ATTACHMENT|test-results/comprehensive-live-deploym-caa8a----Complete-Gallery-Testing-chromium/error-context.md]]
]]>
</system-out>
</testcase>
<testcase name="🚀 COMPREHENSIVE LIVE DEPLOYMENT TESTING › 📊 DASHBOARD - Complete Dashboard Testing" classname="comprehensive-live-deployment.spec.ts" time="11.981">
<failure message="comprehensive-live-deployment.spec.ts:329:7 📊 DASHBOARD - Complete Dashboard Testing" type="FAILURE">
<![CDATA[  [chromium] › comprehensive-live-deployment.spec.ts:329:7 › 🚀 COMPREHENSIVE LIVE DEPLOYMENT TESTING › 📊 DASHBOARD - Complete Dashboard Testing 

    Error: expect(locator).toBeVisible() failed

    Locator: locator('input[name="email"]')
    Expected: visible
    Timeout: 5000ms
    Error: element(s) not found

    Call log:
      - Expect "toBeVisible" with timeout 5000ms
      - waiting for locator('input[name="email"]')


      340 |       
      341 |       // Test login form
    > 342 |       await expect(page.locator('input[name="email"]')).toBeVisible();
          |                                                         ^
      343 |       await expect(page.locator('input[name="password"]')).toBeVisible();
      344 |       
      345 |       // Fill in test credentials
        at /Users/asithalakmal/Documents/web/final project/WeddingLK-next copy/tests/e2e/comprehensive-live-deployment.spec.ts:342:57

    attachment #1: screenshot (image/png) ──────────────────────────────────────────────────────────
    ../../test-results/comprehensive-live-deploym-06825--Complete-Dashboard-Testing-chromium/test-failed-1.png
    ────────────────────────────────────────────────────────────────────────────────────────────────

    attachment #2: video (video/webm) ──────────────────────────────────────────────────────────────
    ../../test-results/comprehensive-live-deploym-06825--Complete-Dashboard-Testing-chromium/video.webm
    ────────────────────────────────────────────────────────────────────────────────────────────────

    Error Context: ../../test-results/comprehensive-live-deploym-06825--Complete-Dashboard-Testing-chromium/error-context.md
]]>
</failure>
<system-out>
<![CDATA[📊 Testing Dashboard System...
✅ Dashboard correctly redirects to login when not authenticated

[[ATTACHMENT|test-results/comprehensive-live-deploym-06825--Complete-Dashboard-Testing-chromium/test-failed-1.png]]

[[ATTACHMENT|test-results/comprehensive-live-deploym-06825--Complete-Dashboard-Testing-chromium/video.webm]]

[[ATTACHMENT|test-results/comprehensive-live-deploym-06825--Complete-Dashboard-Testing-chromium/error-context.md]]
]]>
</system-out>
</testcase>
<testcase name="🚀 COMPREHENSIVE LIVE DEPLOYMENT TESTING › 🔧 API ENDPOINTS - Complete API Testing" classname="comprehensive-live-deployment.spec.ts" time="36.829">
<failure message="comprehensive-live-deployment.spec.ts:388:7 🔧 API ENDPOINTS - Complete API Testing" type="FAILURE">
<![CDATA[  [chromium] › comprehensive-live-deployment.spec.ts:388:7 › 🚀 COMPREHENSIVE LIVE DEPLOYMENT TESTING › 🔧 API ENDPOINTS - Complete API Testing 

    Test timeout of 30000ms exceeded.

    Error: apiRequestContext.get: Target page, context or browser has been closed
    Call log:
      - → GET https://wedding-lk.vercel.app/api/health
        - user-agent: Mozilla/5.0 (Windows NT 10.0; Win64; x64) AppleWebKit/537.36 (KHTML, like Gecko) Chrome/141.0.7390.37 Safari/537.36
        - accept: */*
        - accept-encoding: gzip,deflate,br


      390 |     
      391 |     // Test health endpoint
    > 392 |     const healthResponse = await page.request.get(`${BASE_URL}/api/health`);
          |                                               ^
      393 |     expect(healthResponse.status()).toBe(200);
      394 |     
      395 |     // Test venues API
        at /Users/asithalakmal/Documents/web/final project/WeddingLK-next copy/tests/e2e/comprehensive-live-deployment.spec.ts:392:47

    attachment #1: screenshot (image/png) ──────────────────────────────────────────────────────────
    ../../test-results/comprehensive-live-deploym-3e5dc-INTS---Complete-API-Testing-chromium/test-failed-1.png
    ────────────────────────────────────────────────────────────────────────────────────────────────

    attachment #2: video (video/webm) ──────────────────────────────────────────────────────────────
    ../../test-results/comprehensive-live-deploym-3e5dc-INTS---Complete-API-Testing-chromium/video.webm
    ────────────────────────────────────────────────────────────────────────────────────────────────

    Error Context: ../../test-results/comprehensive-live-deploym-3e5dc-INTS---Complete-API-Testing-chromium/error-context.md
]]>
</failure>
<system-out>
<![CDATA[🔧 Testing API Endpoints...

[[ATTACHMENT|test-results/comprehensive-live-deploym-3e5dc-INTS---Complete-API-Testing-chromium/test-failed-1.png]]

[[ATTACHMENT|test-results/comprehensive-live-deploym-3e5dc-INTS---Complete-API-Testing-chromium/video.webm]]

[[ATTACHMENT|test-results/comprehensive-live-deploym-3e5dc-INTS---Complete-API-Testing-chromium/error-context.md]]
]]>
</system-out>
</testcase>
<testcase name="🚀 COMPREHENSIVE LIVE DEPLOYMENT TESTING › 📱 RESPONSIVE DESIGN - Complete Mobile Testing" classname="comprehensive-live-deployment.spec.ts" time="11.5">
<failure message="comprehensive-live-deployment.spec.ts:414:7 📱 RESPONSIVE DESIGN - Complete Mobile Testing" type="FAILURE">
<![CDATA[  [chromium] › comprehensive-live-deployment.spec.ts:414:7 › 🚀 COMPREHENSIVE LIVE DEPLOYMENT TESTING › 📱 RESPONSIVE DESIGN - Complete Mobile Testing 

    Error: expect(locator).toBeVisible() failed

    Locator: locator('button[aria-label="Open menu"], button:has-text("Menu")')
    Expected: visible
    Timeout: 5000ms
    Error: element(s) not found

    Call log:
      - Expect "toBeVisible" with timeout 5000ms
      - waiting for locator('button[aria-label="Open menu"], button:has-text("Menu")')


      421 |     
      422 |     // Test mobile navigation
    > 423 |     await expect(page.locator('button[aria-label="Open menu"], button:has-text("Menu")')).toBeVisible();
          |                                                                                           ^
      424 |     
      425 |     // Test mobile menu
      426 |     const menuButton = page.locator('button[aria-label="Open menu"], button:has-text("Menu")');
        at /Users/asithalakmal/Documents/web/final project/WeddingLK-next copy/tests/e2e/comprehensive-live-deployment.spec.ts:423:91

    attachment #1: screenshot (image/png) ──────────────────────────────────────────────────────────
    ../../test-results/comprehensive-live-deploym-279a2-N---Complete-Mobile-Testing-chromium/test-failed-1.png
    ────────────────────────────────────────────────────────────────────────────────────────────────

    attachment #2: video (video/webm) ──────────────────────────────────────────────────────────────
    ../../test-results/comprehensive-live-deploym-279a2-N---Complete-Mobile-Testing-chromium/video.webm
    ────────────────────────────────────────────────────────────────────────────────────────────────

    Error Context: ../../test-results/comprehensive-live-deploym-279a2-N---Complete-Mobile-Testing-chromium/error-context.md
]]>
</failure>
<system-out>
<![CDATA[📱 Testing Responsive Design...

[[ATTACHMENT|test-results/comprehensive-live-deploym-279a2-N---Complete-Mobile-Testing-chromium/test-failed-1.png]]

[[ATTACHMENT|test-results/comprehensive-live-deploym-279a2-N---Complete-Mobile-Testing-chromium/video.webm]]

[[ATTACHMENT|test-results/comprehensive-live-deploym-279a2-N---Complete-Mobile-Testing-chromium/error-context.md]]
]]>
</system-out>
</testcase>
<testcase name="🚀 COMPREHENSIVE LIVE DEPLOYMENT TESTING › 🎨 UI COMPONENTS - Complete Component Testing" classname="comprehensive-live-deployment.spec.ts" time="6.128">
<system-out>
<![CDATA[🎨 Testing UI Components...
Found 2 buttons
Found 0 input fields
Found 1 links
Found 0 images
✅ UI components testing completed successfully
]]>
</system-out>
</testcase>
<testcase name="🚀 COMPREHENSIVE LIVE DEPLOYMENT TESTING › ⚡ PERFORMANCE - Complete Performance Testing" classname="comprehensive-live-deployment.spec.ts" time="33.149">
<failure message="comprehensive-live-deployment.spec.ts:485:7 ⚡ PERFORMANCE - Complete Performance Testing" type="FAILURE">
<![CDATA[  [chromium] › comprehensive-live-deployment.spec.ts:485:7 › 🚀 COMPREHENSIVE LIVE DEPLOYMENT TESTING › ⚡ PERFORMANCE - Complete Performance Testing 

    Test timeout of 30000ms exceeded.

    Error: page.click: Test timeout of 30000ms exceeded.
    Call log:
      - waiting for locator('button:has-text("Toggle theme")')


      498 |     
      499 |     // Test page responsiveness
    > 500 |     await page.click('button:has-text("Toggle theme")');
          |                ^
      501 |     await page.waitForTimeout(500);
      502 |     
      503 |     // Test search functionality performance
        at /Users/asithalakmal/Documents/web/final project/WeddingLK-next copy/tests/e2e/comprehensive-live-deployment.spec.ts:500:16

    attachment #1: screenshot (image/png) ──────────────────────────────────────────────────────────
    ../../test-results/comprehensive-live-deploym-d0375-omplete-Performance-Testing-chromium/test-failed-1.png
    ────────────────────────────────────────────────────────────────────────────────────────────────

    attachment #2: video (video/webm) ──────────────────────────────────────────────────────────────
    ../../test-results/comprehensive-live-deploym-d0375-omplete-Performance-Testing-chromium/video.webm
    ────────────────────────────────────────────────────────────────────────────────────────────────

    Error Context: ../../test-results/comprehensive-live-deploym-d0375-omplete-Performance-Testing-chromium/error-context.md
]]>
</failure>
<system-out>
<![CDATA[⚡ Testing Performance...
Page load time: 1117ms

[[ATTACHMENT|test-results/comprehensive-live-deploym-d0375-omplete-Performance-Testing-chromium/test-failed-1.png]]

[[ATTACHMENT|test-results/comprehensive-live-deploym-d0375-omplete-Performance-Testing-chromium/video.webm]]

[[ATTACHMENT|test-results/comprehensive-live-deploym-d0375-omplete-Performance-Testing-chromium/error-context.md]]
]]>
</system-out>
</testcase>
<testcase name="🚀 COMPREHENSIVE LIVE DEPLOYMENT TESTING › 🔍 ERROR HANDLING - Complete Error Testing" classname="comprehensive-live-deployment.spec.ts" time="37.754">
<failure message="comprehensive-live-deployment.spec.ts:513:7 🔍 ERROR HANDLING - Complete Error Testing" type="FAILURE">
<![CDATA[  [chromium] › comprehensive-live-deployment.spec.ts:513:7 › 🚀 COMPREHENSIVE LIVE DEPLOYMENT TESTING › 🔍 ERROR HANDLING - Complete Error Testing 

    Test timeout of 30000ms exceeded.

    Error: page.click: Test timeout of 30000ms exceeded.
    Call log:
      - waiting for locator('button[type="submit"]')


      530 |     // Test form validation
      531 |     await page.goto(`${BASE_URL}/auth/signup`);
    > 532 |     await page.click('button[type="submit"]');
          |                ^
      533 |     
      534 |     // Check for validation errors
      535 |     const validationErrors = page.locator('text=required, text=invalid, text=error');
        at /Users/asithalakmal/Documents/web/final project/WeddingLK-next copy/tests/e2e/comprehensive-live-deployment.spec.ts:532:16

    attachment #1: screenshot (image/png) ──────────────────────────────────────────────────────────
    ../../test-results/comprehensive-live-deploym-608d6-NG---Complete-Error-Testing-chromium/test-failed-1.png
    ────────────────────────────────────────────────────────────────────────────────────────────────

    attachment #2: video (video/webm) ──────────────────────────────────────────────────────────────
    ../../test-results/comprehensive-live-deploym-608d6-NG---Complete-Error-Testing-chromium/video.webm
    ────────────────────────────────────────────────────────────────────────────────────────────────

    Error Context: ../../test-results/comprehensive-live-deploym-608d6-NG---Complete-Error-Testing-chromium/error-context.md
]]>
</failure>
<system-out>
<![CDATA[🔍 Testing Error Handling...

[[ATTACHMENT|test-results/comprehensive-live-deploym-608d6-NG---Complete-Error-Testing-chromium/test-failed-1.png]]

[[ATTACHMENT|test-results/comprehensive-live-deploym-608d6-NG---Complete-Error-Testing-chromium/video.webm]]

[[ATTACHMENT|test-results/comprehensive-live-deploym-608d6-NG---Complete-Error-Testing-chromium/error-context.md]]
]]>
</system-out>
</testcase>
<testcase name="🚀 COMPREHENSIVE LIVE DEPLOYMENT TESTING › 🎯 FINAL INTEGRATION - Complete System Integration" classname="comprehensive-live-deployment.spec.ts" time="33.189">
<failure message="comprehensive-live-deployment.spec.ts:544:7 🎯 FINAL INTEGRATION - Complete System Integration" type="FAILURE">
<![CDATA[  [chromium] › comprehensive-live-deployment.spec.ts:544:7 › 🚀 COMPREHENSIVE LIVE DEPLOYMENT TESTING › 🎯 FINAL INTEGRATION - Complete System Integration 

    Test timeout of 30000ms exceeded.

    Error: apiRequestContext.get: Target page, context or browser has been closed
    Call log:
      - → GET https://wedding-lk.vercel.app/api/health
        - user-agent: Mozilla/5.0 (Windows NT 10.0; Win64; x64) AppleWebKit/537.36 (KHTML, like Gecko) Chrome/141.0.7390.37 Safari/537.36
        - accept: */*
        - accept-encoding: gzip,deflate,br


      573 |     
      574 |     for (const endpoint of apiEndpoints) {
    > 575 |       const response = await page.request.get(`${BASE_URL}${endpoint}`);
          |                                           ^
      576 |       expect(response.status()).toBe(200);
      577 |     }
      578 |     
        at /Users/asithalakmal/Documents/web/final project/WeddingLK-next copy/tests/e2e/comprehensive-live-deployment.spec.ts:575:43

    attachment #1: screenshot (image/png) ──────────────────────────────────────────────────────────
    ../../test-results/comprehensive-live-deploym-c7c0a-Complete-System-Integration-chromium/test-failed-1.png
    ────────────────────────────────────────────────────────────────────────────────────────────────

    attachment #2: video (video/webm) ──────────────────────────────────────────────────────────────
    ../../test-results/comprehensive-live-deploym-c7c0a-Complete-System-Integration-chromium/video.webm
    ────────────────────────────────────────────────────────────────────────────────────────────────

    Error Context: ../../test-results/comprehensive-live-deploym-c7c0a-Complete-System-Integration-chromium/error-context.md
]]>
</failure>
<system-out>
<![CDATA[🎯 Testing Complete System Integration...
Testing section: /venues
Testing section: /vendors
Testing section: /feed
Testing section: /gallery
Testing section: /about

[[ATTACHMENT|test-results/comprehensive-live-deploym-c7c0a-Complete-System-Integration-chromium/test-failed-1.png]]

[[ATTACHMENT|test-results/comprehensive-live-deploym-c7c0a-Complete-System-Integration-chromium/video.webm]]

[[ATTACHMENT|test-results/comprehensive-live-deploym-c7c0a-Complete-System-Integration-chromium/error-context.md]]
]]>
</system-out>
</testcase>
<testcase name="🚀 LIVE DEPLOYMENT STRESS TESTING › ⚡ STRESS TEST - Multiple Concurrent Operations" classname="comprehensive-live-deployment.spec.ts" time="30.717">
<failure message="comprehensive-live-deployment.spec.ts:584:7 ⚡ STRESS TEST - Multiple Concurrent Operations" type="FAILURE">
<![CDATA[  [chromium] › comprehensive-live-deployment.spec.ts:584:7 › 🚀 LIVE DEPLOYMENT STRESS TESTING › ⚡ STRESS TEST - Multiple Concurrent Operations 

    Test timeout of 30000ms exceeded.

    Error: apiRequestContext.get: Target page, context or browser has been closed
    Call log:
      - → GET https://wedding-lk.vercel.app/api/health
        - user-agent: Mozilla/5.0 (Windows NT 10.0; Win64; x64) AppleWebKit/537.36 (KHTML, like Gecko) Chrome/141.0.7390.37 Safari/537.36
        - accept: */*
        - accept-encoding: gzip,deflate,br


      598 |     // Test rapid API calls
      599 |     const apiCalls = [
    > 600 |       page.request.get(`${BASE_URL}/api/health`),
          |                    ^
      601 |       page.request.get(`${BASE_URL}/api/venues`),
      602 |       page.request.get(`${BASE_URL}/api/vendors`),
      603 |       page.request.get(`${BASE_URL}/api/posts`)
        at /Users/asithalakmal/Documents/web/final project/WeddingLK-next copy/tests/e2e/comprehensive-live-deployment.spec.ts:600:20

    attachment #1: screenshot (image/png) ──────────────────────────────────────────────────────────
    ../../test-results/comprehensive-live-deploym-5eba8-tiple-Concurrent-Operations-chromium/test-failed-1.png
    ────────────────────────────────────────────────────────────────────────────────────────────────

    attachment #2: video (video/webm) ──────────────────────────────────────────────────────────────
    ../../test-results/comprehensive-live-deploym-5eba8-tiple-Concurrent-Operations-chromium/video.webm
    ────────────────────────────────────────────────────────────────────────────────────────────────

    Error Context: ../../test-results/comprehensive-live-deploym-5eba8-tiple-Concurrent-Operations-chromium/error-context.md
]]>
</failure>
<system-out>
<![CDATA[⚡ Running Stress Tests...

[[ATTACHMENT|test-results/comprehensive-live-deploym-5eba8-tiple-Concurrent-Operations-chromium/test-failed-1.png]]

[[ATTACHMENT|test-results/comprehensive-live-deploym-5eba8-tiple-Concurrent-Operations-chromium/video.webm]]

[[ATTACHMENT|test-results/comprehensive-live-deploym-5eba8-tiple-Concurrent-Operations-chromium/error-context.md]]
]]>
</system-out>
</testcase>
</testsuite>
<testsuite name="payment.spec.ts" timestamp="2025-10-22T18:37:21.475Z" hostname="chromium" tests="7" failures="7" skipped="0" time="211.545" errors="0">
<testcase name="Payment System › Stripe payment integration with mock" classname="payment.spec.ts" time="33.824">
<failure message="payment.spec.ts:5:7 Stripe payment integration with mock" type="FAILURE">
<![CDATA[  [chromium] › payment.spec.ts:5:7 › Payment System › Stripe payment integration with mock ─────────

    Test timeout of 30000ms exceeded.

    Error: page.fill: Test timeout of 30000ms exceeded.
    Call log:
      - waiting for locator('input[name="customerName"]')


      13 |     
      14 |     // Fill checkout form
    > 15 |     await page.fill('input[name="customerName"]', customer.name);
         |                ^
      16 |     await page.fill('input[name="customerEmail"]', customer.email);
      17 |     await page.fill('input[name="customerPhone"]', customer.phone);
      18 |     await page.fill('input[name="billingAddress"]', faker.location.streetAddress());
        at /Users/asithalakmal/Documents/web/final project/WeddingLK-next copy/tests/e2e/payment.spec.ts:15:16

    attachment #1: screenshot (image/png) ──────────────────────────────────────────────────────────
    ../../test-results/payment-Payment-System-Stripe-payment-integration-with-mock-chromium/test-failed-1.png
    ────────────────────────────────────────────────────────────────────────────────────────────────

    attachment #2: video (video/webm) ──────────────────────────────────────────────────────────────
    ../../test-results/payment-Payment-System-Stripe-payment-integration-with-mock-chromium/video.webm
    ────────────────────────────────────────────────────────────────────────────────────────────────

    Error Context: ../../test-results/payment-Payment-System-Stripe-payment-integration-with-mock-chromium/error-context.md
]]>
</failure>
<system-out>
<![CDATA[
[[ATTACHMENT|test-results/payment-Payment-System-Stripe-payment-integration-with-mock-chromium/test-failed-1.png]]

[[ATTACHMENT|test-results/payment-Payment-System-Stripe-payment-integration-with-mock-chromium/video.webm]]

[[ATTACHMENT|test-results/payment-Payment-System-Stripe-payment-integration-with-mock-chromium/error-context.md]]
]]>
</system-out>
</testcase>
<testcase name="Payment System › PayHere payment integration" classname="payment.spec.ts" time="34.705">
<failure message="payment.spec.ts:62:7 PayHere payment integration" type="FAILURE">
<![CDATA[  [chromium] › payment.spec.ts:62:7 › Payment System › PayHere payment integration ─────────────────

    Test timeout of 30000ms exceeded.

    Error: page.click: Test timeout of 30000ms exceeded.
    Call log:
      - waiting for locator('input[name="paymentMethod"][value="payhere"]')


      64 |     
      65 |     // Select PayHere payment method
    > 66 |     await page.click('input[name="paymentMethod"][value="payhere"]');
         |                ^
      67 |     
      68 |     // Mock PayHere payment
      69 |     await page.route('**/api/payments/payhere/create', route => {
        at /Users/asithalakmal/Documents/web/final project/WeddingLK-next copy/tests/e2e/payment.spec.ts:66:16

    attachment #1: screenshot (image/png) ──────────────────────────────────────────────────────────
    ../../test-results/payment-Payment-System-PayHere-payment-integration-chromium/test-failed-1.png
    ────────────────────────────────────────────────────────────────────────────────────────────────

    attachment #2: video (video/webm) ──────────────────────────────────────────────────────────────
    ../../test-results/payment-Payment-System-PayHere-payment-integration-chromium/video.webm
    ────────────────────────────────────────────────────────────────────────────────────────────────

    Error Context: ../../test-results/payment-Payment-System-PayHere-payment-integration-chromium/error-context.md
]]>
</failure>
<system-out>
<![CDATA[
[[ATTACHMENT|test-results/payment-Payment-System-PayHere-payment-integration-chromium/test-failed-1.png]]

[[ATTACHMENT|test-results/payment-Payment-System-PayHere-payment-integration-chromium/video.webm]]

[[ATTACHMENT|test-results/payment-Payment-System-PayHere-payment-integration-chromium/error-context.md]]
]]>
</system-out>
</testcase>
<testcase name="Payment System › Payment failure handling" classname="payment.spec.ts" time="34.012">
<failure message="payment.spec.ts:101:7 Payment failure handling" type="FAILURE">
<![CDATA[  [chromium] › payment.spec.ts:101:7 › Payment System › Payment failure handling ───────────────────

    Test timeout of 30000ms exceeded.

    Error: page.fill: Test timeout of 30000ms exceeded.
    Call log:
      - waiting for locator('input[name="cardNumber"]')


      114 |     });
      115 |
    > 116 |     await page.fill('input[name="cardNumber"]', '4000000000000002'); // Declined card
          |                ^
      117 |     await page.fill('input[name="expiryDate"]', '12/25');
      118 |     await page.fill('input[name="cvv"]', '123');
      119 |     
        at /Users/asithalakmal/Documents/web/final project/WeddingLK-next copy/tests/e2e/payment.spec.ts:116:16

    attachment #1: screenshot (image/png) ──────────────────────────────────────────────────────────
    ../../test-results/payment-Payment-System-Payment-failure-handling-chromium/test-failed-1.png
    ────────────────────────────────────────────────────────────────────────────────────────────────

    attachment #2: video (video/webm) ──────────────────────────────────────────────────────────────
    ../../test-results/payment-Payment-System-Payment-failure-handling-chromium/video.webm
    ────────────────────────────────────────────────────────────────────────────────────────────────

    Error Context: ../../test-results/payment-Payment-System-Payment-failure-handling-chromium/error-context.md
]]>
</failure>
<system-out>
<![CDATA[
[[ATTACHMENT|test-results/payment-Payment-System-Payment-failure-handling-chromium/test-failed-1.png]]

[[ATTACHMENT|test-results/payment-Payment-System-Payment-failure-handling-chromium/video.webm]]

[[ATTACHMENT|test-results/payment-Payment-System-Payment-failure-handling-chromium/error-context.md]]
]]>
</system-out>
</testcase>
<testcase name="Payment System › Payment refund processing" classname="payment.spec.ts" time="34.654">
<failure message="payment.spec.ts:126:7 Payment refund processing" type="FAILURE">
<![CDATA[  [chromium] › payment.spec.ts:126:7 › Payment System › Payment refund processing ──────────────────

    Test timeout of 30000ms exceeded.

    Error: page.fill: Test timeout of 30000ms exceeded.
    Call log:
      - waiting for locator('input[name="email"]')


      127 |     // Login as admin
      128 |     await page.goto('/auth/signin');
    > 129 |     await page.fill('input[name="email"]', process.env.TEST_ADMIN_EMAIL || 'admin@test.local');
          |                ^
      130 |     await page.fill('input[name="password"]', process.env.TEST_ADMIN_PASSWORD || 'AdminPass123!');
      131 |     await page.click('button[type="submit"]');
      132 |     await expect(page).toHaveURL(/\/dashboard/);
        at /Users/asithalakmal/Documents/web/final project/WeddingLK-next copy/tests/e2e/payment.spec.ts:129:16

    attachment #1: screenshot (image/png) ──────────────────────────────────────────────────────────
    ../../test-results/payment-Payment-System-Payment-refund-processing-chromium/test-failed-1.png
    ────────────────────────────────────────────────────────────────────────────────────────────────

    attachment #2: video (video/webm) ──────────────────────────────────────────────────────────────
    ../../test-results/payment-Payment-System-Payment-refund-processing-chromium/video.webm
    ────────────────────────────────────────────────────────────────────────────────────────────────

    Error Context: ../../test-results/payment-Payment-System-Payment-refund-processing-chromium/error-context.md
]]>
</failure>
<system-out>
<![CDATA[
[[ATTACHMENT|test-results/payment-Payment-System-Payment-refund-processing-chromium/test-failed-1.png]]

[[ATTACHMENT|test-results/payment-Payment-System-Payment-refund-processing-chromium/video.webm]]

[[ATTACHMENT|test-results/payment-Payment-System-Payment-refund-processing-chromium/error-context.md]]
]]>
</system-out>
</testcase>
<testcase name="Payment System › Payment history and analytics" classname="payment.spec.ts" time="33.945">
<failure message="payment.spec.ts:173:7 Payment history and analytics" type="FAILURE">
<![CDATA[  [chromium] › payment.spec.ts:173:7 › Payment System › Payment history and analytics ──────────────

    Test timeout of 30000ms exceeded.

    Error: page.fill: Test timeout of 30000ms exceeded.
    Call log:
      - waiting for locator('input[name="email"]')


      174 |     // Login as customer
      175 |     await page.goto('/auth/signin');
    > 176 |     await page.fill('input[name="email"]', process.env.TEST_CUSTOMER_EMAIL || 'customer@test.local');
          |                ^
      177 |     await page.fill('input[name="password"]', process.env.TEST_CUSTOMER_PASSWORD || 'CustomerPass123!');
      178 |     await page.click('button[type="submit"]');
      179 |     await expect(page).toHaveURL(/\/dashboard/);
        at /Users/asithalakmal/Documents/web/final project/WeddingLK-next copy/tests/e2e/payment.spec.ts:176:16

    attachment #1: screenshot (image/png) ──────────────────────────────────────────────────────────
    ../../test-results/payment-Payment-System-Payment-history-and-analytics-chromium/test-failed-1.png
    ────────────────────────────────────────────────────────────────────────────────────────────────

    attachment #2: video (video/webm) ──────────────────────────────────────────────────────────────
    ../../test-results/payment-Payment-System-Payment-history-and-analytics-chromium/video.webm
    ────────────────────────────────────────────────────────────────────────────────────────────────

    Error Context: ../../test-results/payment-Payment-System-Payment-history-and-analytics-chromium/error-context.md
]]>
</failure>
<system-out>
<![CDATA[
[[ATTACHMENT|test-results/payment-Payment-System-Payment-history-and-analytics-chromium/test-failed-1.png]]

[[ATTACHMENT|test-results/payment-Payment-System-Payment-history-and-analytics-chromium/video.webm]]

[[ATTACHMENT|test-results/payment-Payment-System-Payment-history-and-analytics-chromium/error-context.md]]
]]>
</system-out>
</testcase>
<testcase name="Payment System › Subscription payment management" classname="payment.spec.ts" time="37.922">
<failure message="payment.spec.ts:195:7 Subscription payment management" type="FAILURE">
<![CDATA[  [chromium] › payment.spec.ts:195:7 › Payment System › Subscription payment management ────────────

    Test timeout of 30000ms exceeded.

    Error: page.fill: Test timeout of 30000ms exceeded.
    Call log:
      - waiting for locator('input[name="email"]')


      196 |     // Login as vendor
      197 |     await page.goto('/auth/signin');
    > 198 |     await page.fill('input[name="email"]', process.env.TEST_VENDOR_EMAIL || 'vendor@test.local');
          |                ^
      199 |     await page.fill('input[name="password"]', process.env.TEST_VENDOR_PASSWORD || 'VendorPass123!');
      200 |     await page.click('button[type="submit"]');
      201 |     await expect(page).toHaveURL(/\/dashboard/);
        at /Users/asithalakmal/Documents/web/final project/WeddingLK-next copy/tests/e2e/payment.spec.ts:198:16

    attachment #1: screenshot (image/png) ──────────────────────────────────────────────────────────
    ../../test-results/payment-Payment-System-Subscription-payment-management-chromium/test-failed-1.png
    ────────────────────────────────────────────────────────────────────────────────────────────────

    attachment #2: video (video/webm) ──────────────────────────────────────────────────────────────
    ../../test-results/payment-Payment-System-Subscription-payment-management-chromium/video.webm
    ────────────────────────────────────────────────────────────────────────────────────────────────

    Error Context: ../../test-results/payment-Payment-System-Subscription-payment-management-chromium/error-context.md
]]>
</failure>
<system-out>
<![CDATA[
[[ATTACHMENT|test-results/payment-Payment-System-Subscription-payment-management-chromium/test-failed-1.png]]

[[ATTACHMENT|test-results/payment-Payment-System-Subscription-payment-management-chromium/video.webm]]

[[ATTACHMENT|test-results/payment-Payment-System-Subscription-payment-management-chromium/error-context.md]]
]]>
</system-out>
</testcase>
<testcase name="Payment System › Payment webhook handling" classname="payment.spec.ts" time="2.483">
<failure message="payment.spec.ts:231:7 Payment webhook handling" type="FAILURE">
<![CDATA[  [chromium] › payment.spec.ts:231:7 › Payment System › Payment webhook handling ───────────────────

    Error: expect(received).toBeTruthy()

    Received: false

      245 |     });
      246 |     
    > 247 |     expect(webhookResponse.ok()).toBeTruthy();
          |                                  ^
      248 |   });
      249 | });
      250 |
        at /Users/asithalakmal/Documents/web/final project/WeddingLK-next copy/tests/e2e/payment.spec.ts:247:34

    attachment #1: screenshot (image/png) ──────────────────────────────────────────────────────────
    ../../test-results/payment-Payment-System-Payment-webhook-handling-chromium/test-failed-1.png
    ────────────────────────────────────────────────────────────────────────────────────────────────

    attachment #2: video (video/webm) ──────────────────────────────────────────────────────────────
    ../../test-results/payment-Payment-System-Payment-webhook-handling-chromium/video.webm
    ────────────────────────────────────────────────────────────────────────────────────────────────
]]>
</failure>
<system-out>
<![CDATA[
[[ATTACHMENT|test-results/payment-Payment-System-Payment-webhook-handling-chromium/test-failed-1.png]]

[[ATTACHMENT|test-results/payment-Payment-System-Payment-webhook-handling-chromium/video.webm]]
]]>
</system-out>
</testcase>
</testsuite>
<testsuite name="production.spec.ts" timestamp="2025-10-22T18:37:21.475Z" hostname="chromium" tests="6" failures="3" skipped="0" time="56.75" errors="0">
<testcase name="Production Site Tests › Homepage loads correctly" classname="production.spec.ts" time="3.241">
</testcase>
<testcase name="Production Site Tests › Navigation works correctly" classname="production.spec.ts" time="33.863">
<failure message="production.spec.ts:19:7 Navigation works correctly" type="FAILURE">
<![CDATA[  [chromium] › production.spec.ts:19:7 › Production Site Tests › Navigation works correctly ────────

    Test timeout of 30000ms exceeded.

    Error: locator.click: Test timeout of 30000ms exceeded.
    Call log:
      - waiting for locator('nav a[href="/venues"]').first()
        - locator resolved to <a href="/venues" class="text-gray-700 hover:text-rose-500 dark:text-gray-300 dark:hover:text-rose-400 font-medium transition-colors">Venues</a>
      - attempting click action
        - waiting for element to be visible, enabled and stable
        - element is visible, enabled and stable
        - scrolling into view if needed
        - done scrolling
        - element is outside of the viewport
      - retrying click action
        - waiting for element to be visible, enabled and stable
        - element is not stable
      - retrying click action
        - waiting 20ms
        - waiting for element to be visible, enabled and stable
      - element was detached from the DOM, retrying


      21 |     
      22 |     // Test venues navigation - use a more robust approach
    > 23 |     await page.locator('nav a[href="/venues"]').first().click();
         |                                                         ^
      24 |     
      25 |     // Wait for navigation to complete
      26 |     await page.waitForLoadState('networkidle');
        at /Users/asithalakmal/Documents/web/final project/WeddingLK-next copy/tests/e2e/production.spec.ts:23:57

    attachment #1: screenshot (image/png) ──────────────────────────────────────────────────────────
    ../../test-results/production-Production-Site-Tests-Navigation-works-correctly-chromium/test-failed-1.png
    ────────────────────────────────────────────────────────────────────────────────────────────────

    attachment #2: video (video/webm) ──────────────────────────────────────────────────────────────
    ../../test-results/production-Production-Site-Tests-Navigation-works-correctly-chromium/video.webm
    ────────────────────────────────────────────────────────────────────────────────────────────────

    Error Context: ../../test-results/production-Production-Site-Tests-Navigation-works-correctly-chromium/error-context.md
]]>
</failure>
<system-out>
<![CDATA[
[[ATTACHMENT|test-results/production-Production-Site-Tests-Navigation-works-correctly-chromium/test-failed-1.png]]

[[ATTACHMENT|test-results/production-Production-Site-Tests-Navigation-works-correctly-chromium/video.webm]]

[[ATTACHMENT|test-results/production-Production-Site-Tests-Navigation-works-correctly-chromium/error-context.md]]
]]>
</system-out>
</testcase>
<testcase name="Production Site Tests › Search functionality is present" classname="production.spec.ts" time="7.875">
<failure message="production.spec.ts:37:7 Search functionality is present" type="FAILURE">
<![CDATA[  [chromium] › production.spec.ts:37:7 › Production Site Tests › Search functionality is present ───

    Error: expect(locator).toBeVisible() failed

    Locator: locator('input[placeholder*="dream wedding"]')
    Expected: visible
    Timeout: 5000ms
    Error: element(s) not found

    Call log:
      - Expect "toBeVisible" with timeout 5000ms
      - waiting for locator('input[placeholder*="dream wedding"]')


      39 |     
      40 |     // Check that the search input is present (try different placeholder text)
    > 41 |     await expect(page.locator('input[placeholder*="dream wedding"]')).toBeVisible();
         |                                                                       ^
      42 |     
      43 |     // Check that the search button is present
      44 |     await expect(page.locator('button:has-text("Find My Perfect Wedding")')).toBeVisible();
        at /Users/asithalakmal/Documents/web/final project/WeddingLK-next copy/tests/e2e/production.spec.ts:41:71

    attachment #1: screenshot (image/png) ──────────────────────────────────────────────────────────
    ../../test-results/production-Production-Site-101a3-ch-functionality-is-present-chromium/test-failed-1.png
    ────────────────────────────────────────────────────────────────────────────────────────────────

    attachment #2: video (video/webm) ──────────────────────────────────────────────────────────────
    ../../test-results/production-Production-Site-101a3-ch-functionality-is-present-chromium/video.webm
    ────────────────────────────────────────────────────────────────────────────────────────────────

    Error Context: ../../test-results/production-Production-Site-101a3-ch-functionality-is-present-chromium/error-context.md
]]>
</failure>
<system-out>
<![CDATA[
[[ATTACHMENT|test-results/production-Production-Site-101a3-ch-functionality-is-present-chromium/test-failed-1.png]]

[[ATTACHMENT|test-results/production-Production-Site-101a3-ch-functionality-is-present-chromium/video.webm]]

[[ATTACHMENT|test-results/production-Production-Site-101a3-ch-functionality-is-present-chromium/error-context.md]]
]]>
</system-out>
</testcase>
<testcase name="Production Site Tests › Footer links are present" classname="production.spec.ts" time="3.572">
<failure message="production.spec.ts:47:7 Footer links are present" type="FAILURE">
<![CDATA[  [chromium] › production.spec.ts:47:7 › Production Site Tests › Footer links are present ──────────

    Error: expect(locator).toBeVisible() failed

    Locator: locator('footer a[href="/about"], footer a[href="/contact"]')
    Expected: visible
    Error: strict mode violation: locator('footer a[href="/about"], footer a[href="/contact"]') resolved to 2 elements:
        1) <a href="/about" class="hover:text-white transition-colors">About</a> aka getByRole('main').getByRole('link', { name: 'About' })
        2) <a href="/contact" class="hover:text-white transition-colors">Contact</a> aka getByRole('link', { name: 'Contact', exact: true })

    Call log:
      - Expect "toBeVisible" with timeout 5000ms
      - waiting for locator('footer a[href="/about"], footer a[href="/contact"]')


      56 |     await expect(page.locator('footer a[href="/gallery"]')).toBeVisible();
      57 |     // Check for about link in footer (may be in different section)
    > 58 |     await expect(page.locator('footer a[href="/about"], footer a[href="/contact"]')).toBeVisible();
         |                                                                                      ^
      59 |   });
      60 |
      61 |   test('Responsive design works', async ({ page }) => {
        at /Users/asithalakmal/Documents/web/final project/WeddingLK-next copy/tests/e2e/production.spec.ts:58:86

    attachment #1: screenshot (image/png) ──────────────────────────────────────────────────────────
    ../../test-results/production-Production-Site-Tests-Footer-links-are-present-chromium/test-failed-1.png
    ────────────────────────────────────────────────────────────────────────────────────────────────

    attachment #2: video (video/webm) ──────────────────────────────────────────────────────────────
    ../../test-results/production-Production-Site-Tests-Footer-links-are-present-chromium/video.webm
    ────────────────────────────────────────────────────────────────────────────────────────────────

    Error Context: ../../test-results/production-Production-Site-Tests-Footer-links-are-present-chromium/error-context.md
]]>
</failure>
<system-out>
<![CDATA[
[[ATTACHMENT|test-results/production-Production-Site-Tests-Footer-links-are-present-chromium/test-failed-1.png]]

[[ATTACHMENT|test-results/production-Production-Site-Tests-Footer-links-are-present-chromium/video.webm]]

[[ATTACHMENT|test-results/production-Production-Site-Tests-Footer-links-are-present-chromium/error-context.md]]
]]>
</system-out>
</testcase>
<testcase name="Production Site Tests › Responsive design works" classname="production.spec.ts" time="4.98">
</testcase>
<testcase name="Production Site Tests › Page metadata is correct" classname="production.spec.ts" time="3.219">
</testcase>
</testsuite>
<testsuite name="rbac-comprehensive.spec.ts" timestamp="2025-10-22T18:37:21.475Z" hostname="chromium" tests="28" failures="28" skipped="0" time="882.74" errors="0">
<testcase name="🔐 User Role RBAC Tests › User Role - Allowed Access" classname="rbac-comprehensive.spec.ts" time="33.816">
<failure message="rbac-comprehensive.spec.ts:76:7 User Role - Allowed Access" type="FAILURE">
<![CDATA[  [chromium] › rbac-comprehensive.spec.ts:76:7 › 🔐 User Role RBAC Tests › User Role - Allowed Access 

    Test timeout of 30000ms exceeded.

    Error: page.fill: Test timeout of 30000ms exceeded.
    Call log:
      - waiting for locator('input[name="email"]')


      50 |   const user = testUsers[role];
      51 |   await page.goto('/auth/signin');
    > 52 |   await page.fill('input[name="email"]', user.email);
         |              ^
      53 |   await page.fill('input[name="password"]', user.password);
      54 |   await page.click('button[type="submit"]');
      55 |   await expect(page).toHaveURL(/\/dashboard/);
        at loginAsRole (/Users/asithalakmal/Documents/web/final project/WeddingLK-next copy/tests/e2e/rbac-comprehensive.spec.ts:52:14)
        at /Users/asithalakmal/Documents/web/final project/WeddingLK-next copy/tests/e2e/rbac-comprehensive.spec.ts:77:5

    attachment #1: screenshot (image/png) ──────────────────────────────────────────────────────────
    ../../test-results/rbac-comprehensive-🔐-User-6e635--User-Role---Allowed-Access-chromium/test-failed-1.png
    ────────────────────────────────────────────────────────────────────────────────────────────────

    attachment #2: video (video/webm) ──────────────────────────────────────────────────────────────
    ../../test-results/rbac-comprehensive-🔐-User-6e635--User-Role---Allowed-Access-chromium/video.webm
    ────────────────────────────────────────────────────────────────────────────────────────────────

    Error Context: ../../test-results/rbac-comprehensive-🔐-User-6e635--User-Role---Allowed-Access-chromium/error-context.md
]]>
</failure>
<system-out>
<![CDATA[
[[ATTACHMENT|test-results/rbac-comprehensive-🔐-User-6e635--User-Role---Allowed-Access-chromium/test-failed-1.png]]

[[ATTACHMENT|test-results/rbac-comprehensive-🔐-User-6e635--User-Role---Allowed-Access-chromium/video.webm]]

[[ATTACHMENT|test-results/rbac-comprehensive-🔐-User-6e635--User-Role---Allowed-Access-chromium/error-context.md]]
]]>
</system-out>
</testcase>
<testcase name="🔐 User Role RBAC Tests › User Role - Navigation Items Visibility" classname="rbac-comprehensive.spec.ts" time="36.848">
<failure message="rbac-comprehensive.spec.ts:106:7 User Role - Navigation Items Visibility" type="FAILURE">
<![CDATA[  [chromium] › rbac-comprehensive.spec.ts:106:7 › 🔐 User Role RBAC Tests › User Role - Navigation Items Visibility 

    Test timeout of 30000ms exceeded.

    Error: page.fill: Test timeout of 30000ms exceeded.
    Call log:
      - waiting for locator('input[name="email"]')


      50 |   const user = testUsers[role];
      51 |   await page.goto('/auth/signin');
    > 52 |   await page.fill('input[name="email"]', user.email);
         |              ^
      53 |   await page.fill('input[name="password"]', user.password);
      54 |   await page.click('button[type="submit"]');
      55 |   await expect(page).toHaveURL(/\/dashboard/);
        at loginAsRole (/Users/asithalakmal/Documents/web/final project/WeddingLK-next copy/tests/e2e/rbac-comprehensive.spec.ts:52:14)
        at /Users/asithalakmal/Documents/web/final project/WeddingLK-next copy/tests/e2e/rbac-comprehensive.spec.ts:107:5

    attachment #1: screenshot (image/png) ──────────────────────────────────────────────────────────
    ../../test-results/rbac-comprehensive-🔐-User-608d2-Navigation-Items-Visibility-chromium/test-failed-1.png
    ────────────────────────────────────────────────────────────────────────────────────────────────

    attachment #2: video (video/webm) ──────────────────────────────────────────────────────────────
    ../../test-results/rbac-comprehensive-🔐-User-608d2-Navigation-Items-Visibility-chromium/video.webm
    ────────────────────────────────────────────────────────────────────────────────────────────────

    Error Context: ../../test-results/rbac-comprehensive-🔐-User-608d2-Navigation-Items-Visibility-chromium/error-context.md
]]>
</failure>
<system-out>
<![CDATA[
[[ATTACHMENT|test-results/rbac-comprehensive-🔐-User-608d2-Navigation-Items-Visibility-chromium/test-failed-1.png]]

[[ATTACHMENT|test-results/rbac-comprehensive-🔐-User-608d2-Navigation-Items-Visibility-chromium/video.webm]]

[[ATTACHMENT|test-results/rbac-comprehensive-🔐-User-608d2-Navigation-Items-Visibility-chromium/error-context.md]]
]]>
</system-out>
</testcase>
<testcase name="🔐 User Role RBAC Tests › User Role - Feature Access Control" classname="rbac-comprehensive.spec.ts" time="34.087">
<failure message="rbac-comprehensive.spec.ts:126:7 User Role - Feature Access Control" type="FAILURE">
<![CDATA[  [chromium] › rbac-comprehensive.spec.ts:126:7 › 🔐 User Role RBAC Tests › User Role - Feature Access Control 

    Test timeout of 30000ms exceeded.

    Error: page.fill: Test timeout of 30000ms exceeded.
    Call log:
      - waiting for locator('input[name="email"]')


      50 |   const user = testUsers[role];
      51 |   await page.goto('/auth/signin');
    > 52 |   await page.fill('input[name="email"]', user.email);
         |              ^
      53 |   await page.fill('input[name="password"]', user.password);
      54 |   await page.click('button[type="submit"]');
      55 |   await expect(page).toHaveURL(/\/dashboard/);
        at loginAsRole (/Users/asithalakmal/Documents/web/final project/WeddingLK-next copy/tests/e2e/rbac-comprehensive.spec.ts:52:14)
        at /Users/asithalakmal/Documents/web/final project/WeddingLK-next copy/tests/e2e/rbac-comprehensive.spec.ts:127:5

    attachment #1: screenshot (image/png) ──────────────────────────────────────────────────────────
    ../../test-results/rbac-comprehensive-🔐-User-8f46f-le---Feature-Access-Control-chromium/test-failed-1.png
    ────────────────────────────────────────────────────────────────────────────────────────────────

    attachment #2: video (video/webm) ──────────────────────────────────────────────────────────────
    ../../test-results/rbac-comprehensive-🔐-User-8f46f-le---Feature-Access-Control-chromium/video.webm
    ────────────────────────────────────────────────────────────────────────────────────────────────

    Error Context: ../../test-results/rbac-comprehensive-🔐-User-8f46f-le---Feature-Access-Control-chromium/error-context.md
]]>
</failure>
<system-out>
<![CDATA[
[[ATTACHMENT|test-results/rbac-comprehensive-🔐-User-8f46f-le---Feature-Access-Control-chromium/test-failed-1.png]]

[[ATTACHMENT|test-results/rbac-comprehensive-🔐-User-8f46f-le---Feature-Access-Control-chromium/video.webm]]

[[ATTACHMENT|test-results/rbac-comprehensive-🔐-User-8f46f-le---Feature-Access-Control-chromium/error-context.md]]
]]>
</system-out>
</testcase>
<testcase name="🏢 Vendor Role RBAC Tests › Vendor Role - Allowed Access" classname="rbac-comprehensive.spec.ts" time="34.081">
<failure message="rbac-comprehensive.spec.ts:146:7 Vendor Role - Allowed Access" type="FAILURE">
<![CDATA[  [chromium] › rbac-comprehensive.spec.ts:146:7 › 🏢 Vendor Role RBAC Tests › Vendor Role - Allowed Access 

    Test timeout of 30000ms exceeded.

    Error: page.fill: Test timeout of 30000ms exceeded.
    Call log:
      - waiting for locator('input[name="email"]')


      50 |   const user = testUsers[role];
      51 |   await page.goto('/auth/signin');
    > 52 |   await page.fill('input[name="email"]', user.email);
         |              ^
      53 |   await page.fill('input[name="password"]', user.password);
      54 |   await page.click('button[type="submit"]');
      55 |   await expect(page).toHaveURL(/\/dashboard/);
        at loginAsRole (/Users/asithalakmal/Documents/web/final project/WeddingLK-next copy/tests/e2e/rbac-comprehensive.spec.ts:52:14)
        at /Users/asithalakmal/Documents/web/final project/WeddingLK-next copy/tests/e2e/rbac-comprehensive.spec.ts:147:5

    attachment #1: screenshot (image/png) ──────────────────────────────────────────────────────────
    ../../test-results/rbac-comprehensive-🏢-Vend-c71ca-endor-Role---Allowed-Access-chromium/test-failed-1.png
    ────────────────────────────────────────────────────────────────────────────────────────────────

    attachment #2: video (video/webm) ──────────────────────────────────────────────────────────────
    ../../test-results/rbac-comprehensive-🏢-Vend-c71ca-endor-Role---Allowed-Access-chromium/video.webm
    ────────────────────────────────────────────────────────────────────────────────────────────────

    Error Context: ../../test-results/rbac-comprehensive-🏢-Vend-c71ca-endor-Role---Allowed-Access-chromium/error-context.md
]]>
</failure>
<system-out>
<![CDATA[
[[ATTACHMENT|test-results/rbac-comprehensive-🏢-Vend-c71ca-endor-Role---Allowed-Access-chromium/test-failed-1.png]]

[[ATTACHMENT|test-results/rbac-comprehensive-🏢-Vend-c71ca-endor-Role---Allowed-Access-chromium/video.webm]]

[[ATTACHMENT|test-results/rbac-comprehensive-🏢-Vend-c71ca-endor-Role---Allowed-Access-chromium/error-context.md]]
]]>
</system-out>
</testcase>
<testcase name="🏢 Vendor Role RBAC Tests › Vendor Role - Navigation Items Visibility" classname="rbac-comprehensive.spec.ts" time="34.133">
<failure message="rbac-comprehensive.spec.ts:175:7 Vendor Role - Navigation Items Visibility" type="FAILURE">
<![CDATA[  [chromium] › rbac-comprehensive.spec.ts:175:7 › 🏢 Vendor Role RBAC Tests › Vendor Role - Navigation Items Visibility 

    Test timeout of 30000ms exceeded.

    Error: page.fill: Test timeout of 30000ms exceeded.
    Call log:
      - waiting for locator('input[name="email"]')


      50 |   const user = testUsers[role];
      51 |   await page.goto('/auth/signin');
    > 52 |   await page.fill('input[name="email"]', user.email);
         |              ^
      53 |   await page.fill('input[name="password"]', user.password);
      54 |   await page.click('button[type="submit"]');
      55 |   await expect(page).toHaveURL(/\/dashboard/);
        at loginAsRole (/Users/asithalakmal/Documents/web/final project/WeddingLK-next copy/tests/e2e/rbac-comprehensive.spec.ts:52:14)
        at /Users/asithalakmal/Documents/web/final project/WeddingLK-next copy/tests/e2e/rbac-comprehensive.spec.ts:176:5

    attachment #1: screenshot (image/png) ──────────────────────────────────────────────────────────
    ../../test-results/rbac-comprehensive-🏢-Vend-6301d-Navigation-Items-Visibility-chromium/test-failed-1.png
    ────────────────────────────────────────────────────────────────────────────────────────────────

    attachment #2: video (video/webm) ──────────────────────────────────────────────────────────────
    ../../test-results/rbac-comprehensive-🏢-Vend-6301d-Navigation-Items-Visibility-chromium/video.webm
    ────────────────────────────────────────────────────────────────────────────────────────────────

    Error Context: ../../test-results/rbac-comprehensive-🏢-Vend-6301d-Navigation-Items-Visibility-chromium/error-context.md
]]>
</failure>
<system-out>
<![CDATA[
[[ATTACHMENT|test-results/rbac-comprehensive-🏢-Vend-6301d-Navigation-Items-Visibility-chromium/test-failed-1.png]]

[[ATTACHMENT|test-results/rbac-comprehensive-🏢-Vend-6301d-Navigation-Items-Visibility-chromium/video.webm]]

[[ATTACHMENT|test-results/rbac-comprehensive-🏢-Vend-6301d-Navigation-Items-Visibility-chromium/error-context.md]]
]]>
</system-out>
</testcase>
<testcase name="🏢 Vendor Role RBAC Tests › Vendor Role - Feature Access Control" classname="rbac-comprehensive.spec.ts" time="34.249">
<failure message="rbac-comprehensive.spec.ts:196:7 Vendor Role - Feature Access Control" type="FAILURE">
<![CDATA[  [chromium] › rbac-comprehensive.spec.ts:196:7 › 🏢 Vendor Role RBAC Tests › Vendor Role - Feature Access Control 

    Test timeout of 30000ms exceeded.

    Error: page.fill: Test timeout of 30000ms exceeded.
    Call log:
      - waiting for locator('input[name="email"]')


      50 |   const user = testUsers[role];
      51 |   await page.goto('/auth/signin');
    > 52 |   await page.fill('input[name="email"]', user.email);
         |              ^
      53 |   await page.fill('input[name="password"]', user.password);
      54 |   await page.click('button[type="submit"]');
      55 |   await expect(page).toHaveURL(/\/dashboard/);
        at loginAsRole (/Users/asithalakmal/Documents/web/final project/WeddingLK-next copy/tests/e2e/rbac-comprehensive.spec.ts:52:14)
        at /Users/asithalakmal/Documents/web/final project/WeddingLK-next copy/tests/e2e/rbac-comprehensive.spec.ts:197:5

    attachment #1: screenshot (image/png) ──────────────────────────────────────────────────────────
    ../../test-results/rbac-comprehensive-🏢-Vend-6d7ff-le---Feature-Access-Control-chromium/test-failed-1.png
    ────────────────────────────────────────────────────────────────────────────────────────────────

    attachment #2: video (video/webm) ──────────────────────────────────────────────────────────────
    ../../test-results/rbac-comprehensive-🏢-Vend-6d7ff-le---Feature-Access-Control-chromium/video.webm
    ────────────────────────────────────────────────────────────────────────────────────────────────

    Error Context: ../../test-results/rbac-comprehensive-🏢-Vend-6d7ff-le---Feature-Access-Control-chromium/error-context.md
]]>
</failure>
<system-out>
<![CDATA[
[[ATTACHMENT|test-results/rbac-comprehensive-🏢-Vend-6d7ff-le---Feature-Access-Control-chromium/test-failed-1.png]]

[[ATTACHMENT|test-results/rbac-comprehensive-🏢-Vend-6d7ff-le---Feature-Access-Control-chromium/video.webm]]

[[ATTACHMENT|test-results/rbac-comprehensive-🏢-Vend-6d7ff-le---Feature-Access-Control-chromium/error-context.md]]
]]>
</system-out>
</testcase>
<testcase name="👥 Wedding Planner Role RBAC Tests › Wedding Planner Role - Allowed Access" classname="rbac-comprehensive.spec.ts" time="33.878">
<failure message="rbac-comprehensive.spec.ts:220:7 Wedding Planner Role - Allowed Access" type="FAILURE">
<![CDATA[  [chromium] › rbac-comprehensive.spec.ts:220:7 › 👥 Wedding Planner Role RBAC Tests › Wedding Planner Role - Allowed Access 

    Test timeout of 30000ms exceeded.

    Error: page.fill: Test timeout of 30000ms exceeded.
    Call log:
      - waiting for locator('input[name="email"]')


      50 |   const user = testUsers[role];
      51 |   await page.goto('/auth/signin');
    > 52 |   await page.fill('input[name="email"]', user.email);
         |              ^
      53 |   await page.fill('input[name="password"]', user.password);
      54 |   await page.click('button[type="submit"]');
      55 |   await expect(page).toHaveURL(/\/dashboard/);
        at loginAsRole (/Users/asithalakmal/Documents/web/final project/WeddingLK-next copy/tests/e2e/rbac-comprehensive.spec.ts:52:14)
        at /Users/asithalakmal/Documents/web/final project/WeddingLK-next copy/tests/e2e/rbac-comprehensive.spec.ts:221:5

    attachment #1: screenshot (image/png) ──────────────────────────────────────────────────────────
    ../../test-results/rbac-comprehensive-👥-Wedd-e2018-anner-Role---Allowed-Access-chromium/test-failed-1.png
    ────────────────────────────────────────────────────────────────────────────────────────────────

    attachment #2: video (video/webm) ──────────────────────────────────────────────────────────────
    ../../test-results/rbac-comprehensive-👥-Wedd-e2018-anner-Role---Allowed-Access-chromium/video.webm
    ────────────────────────────────────────────────────────────────────────────────────────────────

    Error Context: ../../test-results/rbac-comprehensive-👥-Wedd-e2018-anner-Role---Allowed-Access-chromium/error-context.md
]]>
</failure>
<system-out>
<![CDATA[
[[ATTACHMENT|test-results/rbac-comprehensive-👥-Wedd-e2018-anner-Role---Allowed-Access-chromium/test-failed-1.png]]

[[ATTACHMENT|test-results/rbac-comprehensive-👥-Wedd-e2018-anner-Role---Allowed-Access-chromium/video.webm]]

[[ATTACHMENT|test-results/rbac-comprehensive-👥-Wedd-e2018-anner-Role---Allowed-Access-chromium/error-context.md]]
]]>
</system-out>
</testcase>
<testcase name="👥 Wedding Planner Role RBAC Tests › Wedding Planner Role - Navigation Items Visibility" classname="rbac-comprehensive.spec.ts" time="34.718">
<failure message="rbac-comprehensive.spec.ts:249:7 Wedding Planner Role - Navigation Items Visibility" type="FAILURE">
<![CDATA[  [chromium] › rbac-comprehensive.spec.ts:249:7 › 👥 Wedding Planner Role RBAC Tests › Wedding Planner Role - Navigation Items Visibility 

    Test timeout of 30000ms exceeded.

    Error: page.fill: Test timeout of 30000ms exceeded.
    Call log:
      - waiting for locator('input[name="email"]')


      50 |   const user = testUsers[role];
      51 |   await page.goto('/auth/signin');
    > 52 |   await page.fill('input[name="email"]', user.email);
         |              ^
      53 |   await page.fill('input[name="password"]', user.password);
      54 |   await page.click('button[type="submit"]');
      55 |   await expect(page).toHaveURL(/\/dashboard/);
        at loginAsRole (/Users/asithalakmal/Documents/web/final project/WeddingLK-next copy/tests/e2e/rbac-comprehensive.spec.ts:52:14)
        at /Users/asithalakmal/Documents/web/final project/WeddingLK-next copy/tests/e2e/rbac-comprehensive.spec.ts:250:5

    attachment #1: screenshot (image/png) ──────────────────────────────────────────────────────────
    ../../test-results/rbac-comprehensive-👥-Wedd-a3027-Navigation-Items-Visibility-chromium/test-failed-1.png
    ────────────────────────────────────────────────────────────────────────────────────────────────

    attachment #2: video (video/webm) ──────────────────────────────────────────────────────────────
    ../../test-results/rbac-comprehensive-👥-Wedd-a3027-Navigation-Items-Visibility-chromium/video.webm
    ────────────────────────────────────────────────────────────────────────────────────────────────

    Error Context: ../../test-results/rbac-comprehensive-👥-Wedd-a3027-Navigation-Items-Visibility-chromium/error-context.md
]]>
</failure>
<system-out>
<![CDATA[
[[ATTACHMENT|test-results/rbac-comprehensive-👥-Wedd-a3027-Navigation-Items-Visibility-chromium/test-failed-1.png]]

[[ATTACHMENT|test-results/rbac-comprehensive-👥-Wedd-a3027-Navigation-Items-Visibility-chromium/video.webm]]

[[ATTACHMENT|test-results/rbac-comprehensive-👥-Wedd-a3027-Navigation-Items-Visibility-chromium/error-context.md]]
]]>
</system-out>
</testcase>
<testcase name="👥 Wedding Planner Role RBAC Tests › Wedding Planner Role - Feature Access Control" classname="rbac-comprehensive.spec.ts" time="33.565">
<failure message="rbac-comprehensive.spec.ts:270:7 Wedding Planner Role - Feature Access Control" type="FAILURE">
<![CDATA[  [chromium] › rbac-comprehensive.spec.ts:270:7 › 👥 Wedding Planner Role RBAC Tests › Wedding Planner Role - Feature Access Control 

    Test timeout of 30000ms exceeded.

    Error: page.fill: Test timeout of 30000ms exceeded.
    Call log:
      - waiting for locator('input[name="email"]')


      50 |   const user = testUsers[role];
      51 |   await page.goto('/auth/signin');
    > 52 |   await page.fill('input[name="email"]', user.email);
         |              ^
      53 |   await page.fill('input[name="password"]', user.password);
      54 |   await page.click('button[type="submit"]');
      55 |   await expect(page).toHaveURL(/\/dashboard/);
        at loginAsRole (/Users/asithalakmal/Documents/web/final project/WeddingLK-next copy/tests/e2e/rbac-comprehensive.spec.ts:52:14)
        at /Users/asithalakmal/Documents/web/final project/WeddingLK-next copy/tests/e2e/rbac-comprehensive.spec.ts:271:5

    attachment #1: screenshot (image/png) ──────────────────────────────────────────────────────────
    ../../test-results/rbac-comprehensive-👥-Wedd-afe80-le---Feature-Access-Control-chromium/test-failed-1.png
    ────────────────────────────────────────────────────────────────────────────────────────────────

    attachment #2: video (video/webm) ──────────────────────────────────────────────────────────────
    ../../test-results/rbac-comprehensive-👥-Wedd-afe80-le---Feature-Access-Control-chromium/video.webm
    ────────────────────────────────────────────────────────────────────────────────────────────────

    Error Context: ../../test-results/rbac-comprehensive-👥-Wedd-afe80-le---Feature-Access-Control-chromium/error-context.md
]]>
</failure>
<system-out>
<![CDATA[
[[ATTACHMENT|test-results/rbac-comprehensive-👥-Wedd-afe80-le---Feature-Access-Control-chromium/test-failed-1.png]]

[[ATTACHMENT|test-results/rbac-comprehensive-👥-Wedd-afe80-le---Feature-Access-Control-chromium/video.webm]]

[[ATTACHMENT|test-results/rbac-comprehensive-👥-Wedd-afe80-le---Feature-Access-Control-chromium/error-context.md]]
]]>
</system-out>
</testcase>
<testcase name="👑 Admin Role RBAC Tests › Admin Role - Allowed Access" classname="rbac-comprehensive.spec.ts" time="33.487">
<failure message="rbac-comprehensive.spec.ts:294:7 Admin Role - Allowed Access" type="FAILURE">
<![CDATA[  [chromium] › rbac-comprehensive.spec.ts:294:7 › 👑 Admin Role RBAC Tests › Admin Role - Allowed Access 

    Test timeout of 30000ms exceeded.

    Error: page.fill: Test timeout of 30000ms exceeded.
    Call log:
      - waiting for locator('input[name="email"]')


      50 |   const user = testUsers[role];
      51 |   await page.goto('/auth/signin');
    > 52 |   await page.fill('input[name="email"]', user.email);
         |              ^
      53 |   await page.fill('input[name="password"]', user.password);
      54 |   await page.click('button[type="submit"]');
      55 |   await expect(page).toHaveURL(/\/dashboard/);
        at loginAsRole (/Users/asithalakmal/Documents/web/final project/WeddingLK-next copy/tests/e2e/rbac-comprehensive.spec.ts:52:14)
        at /Users/asithalakmal/Documents/web/final project/WeddingLK-next copy/tests/e2e/rbac-comprehensive.spec.ts:295:5

    attachment #1: screenshot (image/png) ──────────────────────────────────────────────────────────
    ../../test-results/rbac-comprehensive-👑-Admi-1dca0-Admin-Role---Allowed-Access-chromium/test-failed-1.png
    ────────────────────────────────────────────────────────────────────────────────────────────────

    attachment #2: video (video/webm) ──────────────────────────────────────────────────────────────
    ../../test-results/rbac-comprehensive-👑-Admi-1dca0-Admin-Role---Allowed-Access-chromium/video.webm
    ────────────────────────────────────────────────────────────────────────────────────────────────

    Error Context: ../../test-results/rbac-comprehensive-👑-Admi-1dca0-Admin-Role---Allowed-Access-chromium/error-context.md
]]>
</failure>
<system-out>
<![CDATA[
[[ATTACHMENT|test-results/rbac-comprehensive-👑-Admi-1dca0-Admin-Role---Allowed-Access-chromium/test-failed-1.png]]

[[ATTACHMENT|test-results/rbac-comprehensive-👑-Admi-1dca0-Admin-Role---Allowed-Access-chromium/video.webm]]

[[ATTACHMENT|test-results/rbac-comprehensive-👑-Admi-1dca0-Admin-Role---Allowed-Access-chromium/error-context.md]]
]]>
</system-out>
</testcase>
<testcase name="👑 Admin Role RBAC Tests › Admin Role - Navigation Items Visibility" classname="rbac-comprehensive.spec.ts" time="33.998">
<failure message="rbac-comprehensive.spec.ts:323:7 Admin Role - Navigation Items Visibility" type="FAILURE">
<![CDATA[  [chromium] › rbac-comprehensive.spec.ts:323:7 › 👑 Admin Role RBAC Tests › Admin Role - Navigation Items Visibility 

    Test timeout of 30000ms exceeded.

    Error: page.fill: Test timeout of 30000ms exceeded.
    Call log:
      - waiting for locator('input[name="email"]')


      50 |   const user = testUsers[role];
      51 |   await page.goto('/auth/signin');
    > 52 |   await page.fill('input[name="email"]', user.email);
         |              ^
      53 |   await page.fill('input[name="password"]', user.password);
      54 |   await page.click('button[type="submit"]');
      55 |   await expect(page).toHaveURL(/\/dashboard/);
        at loginAsRole (/Users/asithalakmal/Documents/web/final project/WeddingLK-next copy/tests/e2e/rbac-comprehensive.spec.ts:52:14)
        at /Users/asithalakmal/Documents/web/final project/WeddingLK-next copy/tests/e2e/rbac-comprehensive.spec.ts:324:5

    attachment #1: screenshot (image/png) ──────────────────────────────────────────────────────────
    ../../test-results/rbac-comprehensive-👑-Admi-df4c3-Navigation-Items-Visibility-chromium/test-failed-1.png
    ────────────────────────────────────────────────────────────────────────────────────────────────

    attachment #2: video (video/webm) ──────────────────────────────────────────────────────────────
    ../../test-results/rbac-comprehensive-👑-Admi-df4c3-Navigation-Items-Visibility-chromium/video.webm
    ────────────────────────────────────────────────────────────────────────────────────────────────

    Error Context: ../../test-results/rbac-comprehensive-👑-Admi-df4c3-Navigation-Items-Visibility-chromium/error-context.md
]]>
</failure>
<system-out>
<![CDATA[
[[ATTACHMENT|test-results/rbac-comprehensive-👑-Admi-df4c3-Navigation-Items-Visibility-chromium/test-failed-1.png]]

[[ATTACHMENT|test-results/rbac-comprehensive-👑-Admi-df4c3-Navigation-Items-Visibility-chromium/video.webm]]

[[ATTACHMENT|test-results/rbac-comprehensive-👑-Admi-df4c3-Navigation-Items-Visibility-chromium/error-context.md]]
]]>
</system-out>
</testcase>
<testcase name="👑 Admin Role RBAC Tests › Admin Role - Feature Access Control" classname="rbac-comprehensive.spec.ts" time="34.229">
<failure message="rbac-comprehensive.spec.ts:346:7 Admin Role - Feature Access Control" type="FAILURE">
<![CDATA[  [chromium] › rbac-comprehensive.spec.ts:346:7 › 👑 Admin Role RBAC Tests › Admin Role - Feature Access Control 

    Test timeout of 30000ms exceeded.

    Error: page.fill: Test timeout of 30000ms exceeded.
    Call log:
      - waiting for locator('input[name="email"]')


      50 |   const user = testUsers[role];
      51 |   await page.goto('/auth/signin');
    > 52 |   await page.fill('input[name="email"]', user.email);
         |              ^
      53 |   await page.fill('input[name="password"]', user.password);
      54 |   await page.click('button[type="submit"]');
      55 |   await expect(page).toHaveURL(/\/dashboard/);
        at loginAsRole (/Users/asithalakmal/Documents/web/final project/WeddingLK-next copy/tests/e2e/rbac-comprehensive.spec.ts:52:14)
        at /Users/asithalakmal/Documents/web/final project/WeddingLK-next copy/tests/e2e/rbac-comprehensive.spec.ts:347:5

    attachment #1: screenshot (image/png) ──────────────────────────────────────────────────────────
    ../../test-results/rbac-comprehensive-👑-Admi-503af-le---Feature-Access-Control-chromium/test-failed-1.png
    ────────────────────────────────────────────────────────────────────────────────────────────────

    attachment #2: video (video/webm) ──────────────────────────────────────────────────────────────
    ../../test-results/rbac-comprehensive-👑-Admi-503af-le---Feature-Access-Control-chromium/video.webm
    ────────────────────────────────────────────────────────────────────────────────────────────────

    Error Context: ../../test-results/rbac-comprehensive-👑-Admi-503af-le---Feature-Access-Control-chromium/error-context.md
]]>
</failure>
<system-out>
<![CDATA[
[[ATTACHMENT|test-results/rbac-comprehensive-👑-Admi-503af-le---Feature-Access-Control-chromium/test-failed-1.png]]

[[ATTACHMENT|test-results/rbac-comprehensive-👑-Admi-503af-le---Feature-Access-Control-chromium/video.webm]]

[[ATTACHMENT|test-results/rbac-comprehensive-👑-Admi-503af-le---Feature-Access-Control-chromium/error-context.md]]
]]>
</system-out>
</testcase>
<testcase name="🔧 Maintainer Role RBAC Tests › Maintainer Role - Allowed Access" classname="rbac-comprehensive.spec.ts" time="34.844">
<failure message="rbac-comprehensive.spec.ts:372:7 Maintainer Role - Allowed Access" type="FAILURE">
<![CDATA[  [chromium] › rbac-comprehensive.spec.ts:372:7 › 🔧 Maintainer Role RBAC Tests › Maintainer Role - Allowed Access 

    Test timeout of 30000ms exceeded.

    Error: page.fill: Test timeout of 30000ms exceeded.
    Call log:
      - waiting for locator('input[name="email"]')


      50 |   const user = testUsers[role];
      51 |   await page.goto('/auth/signin');
    > 52 |   await page.fill('input[name="email"]', user.email);
         |              ^
      53 |   await page.fill('input[name="password"]', user.password);
      54 |   await page.click('button[type="submit"]');
      55 |   await expect(page).toHaveURL(/\/dashboard/);
        at loginAsRole (/Users/asithalakmal/Documents/web/final project/WeddingLK-next copy/tests/e2e/rbac-comprehensive.spec.ts:52:14)
        at /Users/asithalakmal/Documents/web/final project/WeddingLK-next copy/tests/e2e/rbac-comprehensive.spec.ts:373:5

    attachment #1: screenshot (image/png) ──────────────────────────────────────────────────────────
    ../../test-results/rbac-comprehensive-🔧-Main-a39b7-ainer-Role---Allowed-Access-chromium/test-failed-1.png
    ────────────────────────────────────────────────────────────────────────────────────────────────

    attachment #2: video (video/webm) ──────────────────────────────────────────────────────────────
    ../../test-results/rbac-comprehensive-🔧-Main-a39b7-ainer-Role---Allowed-Access-chromium/video.webm
    ────────────────────────────────────────────────────────────────────────────────────────────────

    Error Context: ../../test-results/rbac-comprehensive-🔧-Main-a39b7-ainer-Role---Allowed-Access-chromium/error-context.md
]]>
</failure>
<system-out>
<![CDATA[
[[ATTACHMENT|test-results/rbac-comprehensive-🔧-Main-a39b7-ainer-Role---Allowed-Access-chromium/test-failed-1.png]]

[[ATTACHMENT|test-results/rbac-comprehensive-🔧-Main-a39b7-ainer-Role---Allowed-Access-chromium/video.webm]]

[[ATTACHMENT|test-results/rbac-comprehensive-🔧-Main-a39b7-ainer-Role---Allowed-Access-chromium/error-context.md]]
]]>
</system-out>
</testcase>
<testcase name="🔧 Maintainer Role RBAC Tests › Maintainer Role - Debug Access" classname="rbac-comprehensive.spec.ts" time="34.978">
<failure message="rbac-comprehensive.spec.ts:406:7 Maintainer Role - Debug Access" type="FAILURE">
<![CDATA[  [chromium] › rbac-comprehensive.spec.ts:406:7 › 🔧 Maintainer Role RBAC Tests › Maintainer Role - Debug Access 

    Test timeout of 30000ms exceeded.

    Error: page.fill: Test timeout of 30000ms exceeded.
    Call log:
      - waiting for locator('input[name="email"]')


      50 |   const user = testUsers[role];
      51 |   await page.goto('/auth/signin');
    > 52 |   await page.fill('input[name="email"]', user.email);
         |              ^
      53 |   await page.fill('input[name="password"]', user.password);
      54 |   await page.click('button[type="submit"]');
      55 |   await expect(page).toHaveURL(/\/dashboard/);
        at loginAsRole (/Users/asithalakmal/Documents/web/final project/WeddingLK-next copy/tests/e2e/rbac-comprehensive.spec.ts:52:14)
        at /Users/asithalakmal/Documents/web/final project/WeddingLK-next copy/tests/e2e/rbac-comprehensive.spec.ts:407:5

    attachment #1: screenshot (image/png) ──────────────────────────────────────────────────────────
    ../../test-results/rbac-comprehensive-🔧-Main-5e06e-ntainer-Role---Debug-Access-chromium/test-failed-1.png
    ────────────────────────────────────────────────────────────────────────────────────────────────

    attachment #2: video (video/webm) ──────────────────────────────────────────────────────────────
    ../../test-results/rbac-comprehensive-🔧-Main-5e06e-ntainer-Role---Debug-Access-chromium/video.webm
    ────────────────────────────────────────────────────────────────────────────────────────────────

    Error Context: ../../test-results/rbac-comprehensive-🔧-Main-5e06e-ntainer-Role---Debug-Access-chromium/error-context.md
]]>
</failure>
<system-out>
<![CDATA[
[[ATTACHMENT|test-results/rbac-comprehensive-🔧-Main-5e06e-ntainer-Role---Debug-Access-chromium/test-failed-1.png]]

[[ATTACHMENT|test-results/rbac-comprehensive-🔧-Main-5e06e-ntainer-Role---Debug-Access-chromium/video.webm]]

[[ATTACHMENT|test-results/rbac-comprehensive-🔧-Main-5e06e-ntainer-Role---Debug-Access-chromium/error-context.md]]
]]>
</system-out>
</testcase>
<testcase name="🛡️ Middleware Route Protection Tests › Unauthenticated Access Protection" classname="rbac-comprehensive.spec.ts" time="8.282">
<failure message="rbac-comprehensive.spec.ts:420:7 Unauthenticated Access Protection" type="FAILURE">
<![CDATA[  [chromium] › rbac-comprehensive.spec.ts:420:7 › 🛡️ Middleware Route Protection Tests › Unauthenticated Access Protection 

    Error: expect(page).toHaveURL(expected) failed

    Expected pattern: /\/auth\/signin/
    Received string:  "https://wedding-lk.vercel.app/login?callbackUrl=%2Fdashboard"
    Timeout: 5000ms

    Call log:
      - Expect "toHaveURL" with timeout 5000ms
        9 × unexpected value "https://wedding-lk.vercel.app/login?callbackUrl=%2Fdashboard"


      431 |     for (const route of protectedRoutes) {
      432 |       await page.goto(route);
    > 433 |       await expect(page).toHaveURL(/\/auth\/signin/);
          |                          ^
      434 |     }
      435 |   });
      436 |
        at /Users/asithalakmal/Documents/web/final project/WeddingLK-next copy/tests/e2e/rbac-comprehensive.spec.ts:433:26

    attachment #1: screenshot (image/png) ──────────────────────────────────────────────────────────
    ../../test-results/rbac-comprehensive-🛡️-Mid-97211-enticated-Access-Protection-chromium/test-failed-1.png
    ────────────────────────────────────────────────────────────────────────────────────────────────

    attachment #2: video (video/webm) ──────────────────────────────────────────────────────────────
    ../../test-results/rbac-comprehensive-🛡️-Mid-97211-enticated-Access-Protection-chromium/video.webm
    ────────────────────────────────────────────────────────────────────────────────────────────────

    Error Context: ../../test-results/rbac-comprehensive-🛡️-Mid-97211-enticated-Access-Protection-chromium/error-context.md
]]>
</failure>
<system-out>
<![CDATA[
[[ATTACHMENT|test-results/rbac-comprehensive-🛡️-Mid-97211-enticated-Access-Protection-chromium/test-failed-1.png]]

[[ATTACHMENT|test-results/rbac-comprehensive-🛡️-Mid-97211-enticated-Access-Protection-chromium/video.webm]]

[[ATTACHMENT|test-results/rbac-comprehensive-🛡️-Mid-97211-enticated-Access-Protection-chromium/error-context.md]]
]]>
</system-out>
</testcase>
<testcase name="🛡️ Middleware Route Protection Tests › Role-Based Route Protection" classname="rbac-comprehensive.spec.ts" time="33.886">
<failure message="rbac-comprehensive.spec.ts:437:7 Role-Based Route Protection" type="FAILURE">
<![CDATA[  [chromium] › rbac-comprehensive.spec.ts:437:7 › 🛡️ Middleware Route Protection Tests › Role-Based Route Protection 

    Test timeout of 30000ms exceeded.

    Error: page.fill: Test timeout of 30000ms exceeded.
    Call log:
      - waiting for locator('input[name="email"]')


      50 |   const user = testUsers[role];
      51 |   await page.goto('/auth/signin');
    > 52 |   await page.fill('input[name="email"]', user.email);
         |              ^
      53 |   await page.fill('input[name="password"]', user.password);
      54 |   await page.click('button[type="submit"]');
      55 |   await expect(page).toHaveURL(/\/dashboard/);
        at loginAsRole (/Users/asithalakmal/Documents/web/final project/WeddingLK-next copy/tests/e2e/rbac-comprehensive.spec.ts:52:14)
        at /Users/asithalakmal/Documents/web/final project/WeddingLK-next copy/tests/e2e/rbac-comprehensive.spec.ts:439:5

    attachment #1: screenshot (image/png) ──────────────────────────────────────────────────────────
    ../../test-results/rbac-comprehensive-🛡️-Mid-4d0bc-Role-Based-Route-Protection-chromium/test-failed-1.png
    ────────────────────────────────────────────────────────────────────────────────────────────────

    attachment #2: video (video/webm) ──────────────────────────────────────────────────────────────
    ../../test-results/rbac-comprehensive-🛡️-Mid-4d0bc-Role-Based-Route-Protection-chromium/video.webm
    ────────────────────────────────────────────────────────────────────────────────────────────────

    Error Context: ../../test-results/rbac-comprehensive-🛡️-Mid-4d0bc-Role-Based-Route-Protection-chromium/error-context.md
]]>
</failure>
<system-out>
<![CDATA[
[[ATTACHMENT|test-results/rbac-comprehensive-🛡️-Mid-4d0bc-Role-Based-Route-Protection-chromium/test-failed-1.png]]

[[ATTACHMENT|test-results/rbac-comprehensive-🛡️-Mid-4d0bc-Role-Based-Route-Protection-chromium/video.webm]]

[[ATTACHMENT|test-results/rbac-comprehensive-🛡️-Mid-4d0bc-Role-Based-Route-Protection-chromium/error-context.md]]
]]>
</system-out>
</testcase>
<testcase name="🔌 API Endpoint Authorization Tests › API Authentication Requirements" classname="rbac-comprehensive.spec.ts" time="4.593">
<failure message="rbac-comprehensive.spec.ts:461:7 API Authentication Requirements" type="FAILURE">
<![CDATA[  [chromium] › rbac-comprehensive.spec.ts:461:7 › 🔌 API Endpoint Authorization Tests › API Authentication Requirements 

    Error: expect(received).toBe(expected) // Object.is equality

    Expected: 401
    Received: 200

      471 |     for (const endpoint of apiEndpoints) {
      472 |       const response = await page.request.get(endpoint);
    > 473 |       expect(response.status()).toBe(401);
          |                                 ^
      474 |     }
      475 |   });
      476 |
        at /Users/asithalakmal/Documents/web/final project/WeddingLK-next copy/tests/e2e/rbac-comprehensive.spec.ts:473:33

    attachment #1: screenshot (image/png) ──────────────────────────────────────────────────────────
    ../../test-results/rbac-comprehensive-🔌-API--57edd-Authentication-Requirements-chromium/test-failed-1.png
    ────────────────────────────────────────────────────────────────────────────────────────────────

    attachment #2: video (video/webm) ──────────────────────────────────────────────────────────────
    ../../test-results/rbac-comprehensive-🔌-API--57edd-Authentication-Requirements-chromium/video.webm
    ────────────────────────────────────────────────────────────────────────────────────────────────
]]>
</failure>
<system-out>
<![CDATA[
[[ATTACHMENT|test-results/rbac-comprehensive-🔌-API--57edd-Authentication-Requirements-chromium/test-failed-1.png]]

[[ATTACHMENT|test-results/rbac-comprehensive-🔌-API--57edd-Authentication-Requirements-chromium/video.webm]]
]]>
</system-out>
</testcase>
<testcase name="🔌 API Endpoint Authorization Tests › API Role-Based Authorization" classname="rbac-comprehensive.spec.ts" time="33.801">
<failure message="rbac-comprehensive.spec.ts:477:7 API Role-Based Authorization" type="FAILURE">
<![CDATA[  [chromium] › rbac-comprehensive.spec.ts:477:7 › 🔌 API Endpoint Authorization Tests › API Role-Based Authorization 

    Test timeout of 30000ms exceeded.

    Error: page.fill: Test timeout of 30000ms exceeded.
    Call log:
      - waiting for locator('input[name="email"]')


      50 |   const user = testUsers[role];
      51 |   await page.goto('/auth/signin');
    > 52 |   await page.fill('input[name="email"]', user.email);
         |              ^
      53 |   await page.fill('input[name="password"]', user.password);
      54 |   await page.click('button[type="submit"]');
      55 |   await expect(page).toHaveURL(/\/dashboard/);
        at loginAsRole (/Users/asithalakmal/Documents/web/final project/WeddingLK-next copy/tests/e2e/rbac-comprehensive.spec.ts:52:14)
        at /Users/asithalakmal/Documents/web/final project/WeddingLK-next copy/tests/e2e/rbac-comprehensive.spec.ts:479:5

    attachment #1: screenshot (image/png) ──────────────────────────────────────────────────────────
    ../../test-results/rbac-comprehensive-🔌-API--a5bf9-PI-Role-Based-Authorization-chromium/test-failed-1.png
    ────────────────────────────────────────────────────────────────────────────────────────────────

    attachment #2: video (video/webm) ──────────────────────────────────────────────────────────────
    ../../test-results/rbac-comprehensive-🔌-API--a5bf9-PI-Role-Based-Authorization-chromium/video.webm
    ────────────────────────────────────────────────────────────────────────────────────────────────

    Error Context: ../../test-results/rbac-comprehensive-🔌-API--a5bf9-PI-Role-Based-Authorization-chromium/error-context.md
]]>
</failure>
<system-out>
<![CDATA[
[[ATTACHMENT|test-results/rbac-comprehensive-🔌-API--a5bf9-PI-Role-Based-Authorization-chromium/test-failed-1.png]]

[[ATTACHMENT|test-results/rbac-comprehensive-🔌-API--a5bf9-PI-Role-Based-Authorization-chromium/video.webm]]

[[ATTACHMENT|test-results/rbac-comprehensive-🔌-API--a5bf9-PI-Role-Based-Authorization-chromium/error-context.md]]
]]>
</system-out>
</testcase>
<testcase name="🔌 API Endpoint Authorization Tests › API Permission-Based Authorization" classname="rbac-comprehensive.spec.ts" time="34.011">
<failure message="rbac-comprehensive.spec.ts:494:7 API Permission-Based Authorization" type="FAILURE">
<![CDATA[  [chromium] › rbac-comprehensive.spec.ts:494:7 › 🔌 API Endpoint Authorization Tests › API Permission-Based Authorization 

    Test timeout of 30000ms exceeded.

    Error: page.fill: Test timeout of 30000ms exceeded.
    Call log:
      - waiting for locator('input[name="email"]')


      50 |   const user = testUsers[role];
      51 |   await page.goto('/auth/signin');
    > 52 |   await page.fill('input[name="email"]', user.email);
         |              ^
      53 |   await page.fill('input[name="password"]', user.password);
      54 |   await page.click('button[type="submit"]');
      55 |   await expect(page).toHaveURL(/\/dashboard/);
        at loginAsRole (/Users/asithalakmal/Documents/web/final project/WeddingLK-next copy/tests/e2e/rbac-comprehensive.spec.ts:52:14)
        at /Users/asithalakmal/Documents/web/final project/WeddingLK-next copy/tests/e2e/rbac-comprehensive.spec.ts:496:5

    attachment #1: screenshot (image/png) ──────────────────────────────────────────────────────────
    ../../test-results/rbac-comprehensive-🔌-API--eb92c-mission-Based-Authorization-chromium/test-failed-1.png
    ────────────────────────────────────────────────────────────────────────────────────────────────

    attachment #2: video (video/webm) ──────────────────────────────────────────────────────────────
    ../../test-results/rbac-comprehensive-🔌-API--eb92c-mission-Based-Authorization-chromium/video.webm
    ────────────────────────────────────────────────────────────────────────────────────────────────

    Error Context: ../../test-results/rbac-comprehensive-🔌-API--eb92c-mission-Based-Authorization-chromium/error-context.md
]]>
</failure>
<system-out>
<![CDATA[
[[ATTACHMENT|test-results/rbac-comprehensive-🔌-API--eb92c-mission-Based-Authorization-chromium/test-failed-1.png]]

[[ATTACHMENT|test-results/rbac-comprehensive-🔌-API--eb92c-mission-Based-Authorization-chromium/video.webm]]

[[ATTACHMENT|test-results/rbac-comprehensive-🔌-API--eb92c-mission-Based-Authorization-chromium/error-context.md]]
]]>
</system-out>
</testcase>
<testcase name="🎨 UI Component Visibility Tests › Dashboard Components Based on Role" classname="rbac-comprehensive.spec.ts" time="34.472">
<failure message="rbac-comprehensive.spec.ts:511:7 Dashboard Components Based on Role" type="FAILURE">
<![CDATA[  [chromium] › rbac-comprehensive.spec.ts:511:7 › 🎨 UI Component Visibility Tests › Dashboard Components Based on Role 

    Test timeout of 30000ms exceeded.

    Error: page.fill: Test timeout of 30000ms exceeded.
    Call log:
      - waiting for locator('input[name="email"]')


      50 |   const user = testUsers[role];
      51 |   await page.goto('/auth/signin');
    > 52 |   await page.fill('input[name="email"]', user.email);
         |              ^
      53 |   await page.fill('input[name="password"]', user.password);
      54 |   await page.click('button[type="submit"]');
      55 |   await expect(page).toHaveURL(/\/dashboard/);
        at loginAsRole (/Users/asithalakmal/Documents/web/final project/WeddingLK-next copy/tests/e2e/rbac-comprehensive.spec.ts:52:14)
        at /Users/asithalakmal/Documents/web/final project/WeddingLK-next copy/tests/e2e/rbac-comprehensive.spec.ts:513:5

    attachment #1: screenshot (image/png) ──────────────────────────────────────────────────────────
    ../../test-results/rbac-comprehensive-🎨-UI-C-12201-rd-Components-Based-on-Role-chromium/test-failed-1.png
    ────────────────────────────────────────────────────────────────────────────────────────────────

    attachment #2: video (video/webm) ──────────────────────────────────────────────────────────────
    ../../test-results/rbac-comprehensive-🎨-UI-C-12201-rd-Components-Based-on-Role-chromium/video.webm
    ────────────────────────────────────────────────────────────────────────────────────────────────

    Error Context: ../../test-results/rbac-comprehensive-🎨-UI-C-12201-rd-Components-Based-on-Role-chromium/error-context.md
]]>
</failure>
<system-out>
<![CDATA[
[[ATTACHMENT|test-results/rbac-comprehensive-🎨-UI-C-12201-rd-Components-Based-on-Role-chromium/test-failed-1.png]]

[[ATTACHMENT|test-results/rbac-comprehensive-🎨-UI-C-12201-rd-Components-Based-on-Role-chromium/video.webm]]

[[ATTACHMENT|test-results/rbac-comprehensive-🎨-UI-C-12201-rd-Components-Based-on-Role-chromium/error-context.md]]
]]>
</system-out>
</testcase>
<testcase name="🎨 UI Component Visibility Tests › Navigation Menu Based on Role" classname="rbac-comprehensive.spec.ts" time="33.725">
<failure message="rbac-comprehensive.spec.ts:525:7 Navigation Menu Based on Role" type="FAILURE">
<![CDATA[  [chromium] › rbac-comprehensive.spec.ts:525:7 › 🎨 UI Component Visibility Tests › Navigation Menu Based on Role 

    Test timeout of 30000ms exceeded.

    Error: page.fill: Test timeout of 30000ms exceeded.
    Call log:
      - waiting for locator('input[name="email"]')


      50 |   const user = testUsers[role];
      51 |   await page.goto('/auth/signin');
    > 52 |   await page.fill('input[name="email"]', user.email);
         |              ^
      53 |   await page.fill('input[name="password"]', user.password);
      54 |   await page.click('button[type="submit"]');
      55 |   await expect(page).toHaveURL(/\/dashboard/);
        at loginAsRole (/Users/asithalakmal/Documents/web/final project/WeddingLK-next copy/tests/e2e/rbac-comprehensive.spec.ts:52:14)
        at /Users/asithalakmal/Documents/web/final project/WeddingLK-next copy/tests/e2e/rbac-comprehensive.spec.ts:527:5

    attachment #1: screenshot (image/png) ──────────────────────────────────────────────────────────
    ../../test-results/rbac-comprehensive-🎨-UI-C-60cb7-vigation-Menu-Based-on-Role-chromium/test-failed-1.png
    ────────────────────────────────────────────────────────────────────────────────────────────────

    attachment #2: video (video/webm) ──────────────────────────────────────────────────────────────
    ../../test-results/rbac-comprehensive-🎨-UI-C-60cb7-vigation-Menu-Based-on-Role-chromium/video.webm
    ────────────────────────────────────────────────────────────────────────────────────────────────

    Error Context: ../../test-results/rbac-comprehensive-🎨-UI-C-60cb7-vigation-Menu-Based-on-Role-chromium/error-context.md
]]>
</failure>
<system-out>
<![CDATA[
[[ATTACHMENT|test-results/rbac-comprehensive-🎨-UI-C-60cb7-vigation-Menu-Based-on-Role-chromium/test-failed-1.png]]

[[ATTACHMENT|test-results/rbac-comprehensive-🎨-UI-C-60cb7-vigation-Menu-Based-on-Role-chromium/video.webm]]

[[ATTACHMENT|test-results/rbac-comprehensive-🎨-UI-C-60cb7-vigation-Menu-Based-on-Role-chromium/error-context.md]]
]]>
</system-out>
</testcase>
<testcase name="🎨 UI Component Visibility Tests › Action Buttons Based on Permissions" classname="rbac-comprehensive.spec.ts" time="34.28">
<failure message="rbac-comprehensive.spec.ts:539:7 Action Buttons Based on Permissions" type="FAILURE">
<![CDATA[  [chromium] › rbac-comprehensive.spec.ts:539:7 › 🎨 UI Component Visibility Tests › Action Buttons Based on Permissions 

    Test timeout of 30000ms exceeded.

    Error: page.fill: Test timeout of 30000ms exceeded.
    Call log:
      - waiting for locator('input[name="email"]')


      50 |   const user = testUsers[role];
      51 |   await page.goto('/auth/signin');
    > 52 |   await page.fill('input[name="email"]', user.email);
         |              ^
      53 |   await page.fill('input[name="password"]', user.password);
      54 |   await page.click('button[type="submit"]');
      55 |   await expect(page).toHaveURL(/\/dashboard/);
        at loginAsRole (/Users/asithalakmal/Documents/web/final project/WeddingLK-next copy/tests/e2e/rbac-comprehensive.spec.ts:52:14)
        at /Users/asithalakmal/Documents/web/final project/WeddingLK-next copy/tests/e2e/rbac-comprehensive.spec.ts:541:5

    attachment #1: screenshot (image/png) ──────────────────────────────────────────────────────────
    ../../test-results/rbac-comprehensive-🎨-UI-C-06271-uttons-Based-on-Permissions-chromium/test-failed-1.png
    ────────────────────────────────────────────────────────────────────────────────────────────────

    attachment #2: video (video/webm) ──────────────────────────────────────────────────────────────
    ../../test-results/rbac-comprehensive-🎨-UI-C-06271-uttons-Based-on-Permissions-chromium/video.webm
    ────────────────────────────────────────────────────────────────────────────────────────────────

    Error Context: ../../test-results/rbac-comprehensive-🎨-UI-C-06271-uttons-Based-on-Permissions-chromium/error-context.md
]]>
</failure>
<system-out>
<![CDATA[
[[ATTACHMENT|test-results/rbac-comprehensive-🎨-UI-C-06271-uttons-Based-on-Permissions-chromium/test-failed-1.png]]

[[ATTACHMENT|test-results/rbac-comprehensive-🎨-UI-C-06271-uttons-Based-on-Permissions-chromium/video.webm]]

[[ATTACHMENT|test-results/rbac-comprehensive-🎨-UI-C-06271-uttons-Based-on-Permissions-chromium/error-context.md]]
]]>
</system-out>
</testcase>
<testcase name="🔄 Role Switching and Session Management › Role-Based Session Persistence" classname="rbac-comprehensive.spec.ts" time="34.411">
<failure message="rbac-comprehensive.spec.ts:558:7 Role-Based Session Persistence" type="FAILURE">
<![CDATA[  [chromium] › rbac-comprehensive.spec.ts:558:7 › 🔄 Role Switching and Session Management › Role-Based Session Persistence 

    Test timeout of 30000ms exceeded.

    Error: page.fill: Test timeout of 30000ms exceeded.
    Call log:
      - waiting for locator('input[name="email"]')


      50 |   const user = testUsers[role];
      51 |   await page.goto('/auth/signin');
    > 52 |   await page.fill('input[name="email"]', user.email);
         |              ^
      53 |   await page.fill('input[name="password"]', user.password);
      54 |   await page.click('button[type="submit"]');
      55 |   await expect(page).toHaveURL(/\/dashboard/);
        at loginAsRole (/Users/asithalakmal/Documents/web/final project/WeddingLK-next copy/tests/e2e/rbac-comprehensive.spec.ts:52:14)
        at /Users/asithalakmal/Documents/web/final project/WeddingLK-next copy/tests/e2e/rbac-comprehensive.spec.ts:560:5

    attachment #1: screenshot (image/png) ──────────────────────────────────────────────────────────
    ../../test-results/rbac-comprehensive-🔄-Role-ddb92-e-Based-Session-Persistence-chromium/test-failed-1.png
    ────────────────────────────────────────────────────────────────────────────────────────────────

    attachment #2: video (video/webm) ──────────────────────────────────────────────────────────────
    ../../test-results/rbac-comprehensive-🔄-Role-ddb92-e-Based-Session-Persistence-chromium/video.webm
    ────────────────────────────────────────────────────────────────────────────────────────────────

    Error Context: ../../test-results/rbac-comprehensive-🔄-Role-ddb92-e-Based-Session-Persistence-chromium/error-context.md
]]>
</failure>
<system-out>
<![CDATA[
[[ATTACHMENT|test-results/rbac-comprehensive-🔄-Role-ddb92-e-Based-Session-Persistence-chromium/test-failed-1.png]]

[[ATTACHMENT|test-results/rbac-comprehensive-🔄-Role-ddb92-e-Based-Session-Persistence-chromium/video.webm]]

[[ATTACHMENT|test-results/rbac-comprehensive-🔄-Role-ddb92-e-Based-Session-Persistence-chromium/error-context.md]]
]]>
</system-out>
</testcase>
<testcase name="🔄 Role Switching and Session Management › Role-Based Data Filtering" classname="rbac-comprehensive.spec.ts" time="34.953">
<failure message="rbac-comprehensive.spec.ts:575:7 Role-Based Data Filtering" type="FAILURE">
<![CDATA[  [chromium] › rbac-comprehensive.spec.ts:575:7 › 🔄 Role Switching and Session Management › Role-Based Data Filtering 

    Test timeout of 30000ms exceeded.

    Error: page.fill: Test timeout of 30000ms exceeded.
    Call log:
      - waiting for locator('input[name="email"]')


      50 |   const user = testUsers[role];
      51 |   await page.goto('/auth/signin');
    > 52 |   await page.fill('input[name="email"]', user.email);
         |              ^
      53 |   await page.fill('input[name="password"]', user.password);
      54 |   await page.click('button[type="submit"]');
      55 |   await expect(page).toHaveURL(/\/dashboard/);
        at loginAsRole (/Users/asithalakmal/Documents/web/final project/WeddingLK-next copy/tests/e2e/rbac-comprehensive.spec.ts:52:14)
        at /Users/asithalakmal/Documents/web/final project/WeddingLK-next copy/tests/e2e/rbac-comprehensive.spec.ts:577:5

    attachment #1: screenshot (image/png) ──────────────────────────────────────────────────────────
    ../../test-results/rbac-comprehensive-🔄-Role-b4167-t-Role-Based-Data-Filtering-chromium/test-failed-1.png
    ────────────────────────────────────────────────────────────────────────────────────────────────

    attachment #2: video (video/webm) ──────────────────────────────────────────────────────────────
    ../../test-results/rbac-comprehensive-🔄-Role-b4167-t-Role-Based-Data-Filtering-chromium/video.webm
    ────────────────────────────────────────────────────────────────────────────────────────────────

    Error Context: ../../test-results/rbac-comprehensive-🔄-Role-b4167-t-Role-Based-Data-Filtering-chromium/error-context.md
]]>
</failure>
<system-out>
<![CDATA[
[[ATTACHMENT|test-results/rbac-comprehensive-🔄-Role-b4167-t-Role-Based-Data-Filtering-chromium/test-failed-1.png]]

[[ATTACHMENT|test-results/rbac-comprehensive-🔄-Role-b4167-t-Role-Based-Data-Filtering-chromium/video.webm]]

[[ATTACHMENT|test-results/rbac-comprehensive-🔄-Role-b4167-t-Role-Based-Data-Filtering-chromium/error-context.md]]
]]>
</system-out>
</testcase>
<testcase name="🚨 Security and Error Handling › Unauthorized Access Attempts" classname="rbac-comprehensive.spec.ts" time="7.862">
<failure message="rbac-comprehensive.spec.ts:589:7 Unauthorized Access Attempts" type="FAILURE">
<![CDATA[  [chromium] › rbac-comprehensive.spec.ts:589:7 › 🚨 Security and Error Handling › Unauthorized Access Attempts 

    Error: expect(page).toHaveURL(expected) failed

    Expected pattern: /\/auth\/signin/
    Received string:  "https://wedding-lk.vercel.app/login?callbackUrl=%2Fdashboard%2Fadmin"
    Timeout: 5000ms

    Call log:
      - Expect "toHaveURL" with timeout 5000ms
        9 × unexpected value "https://wedding-lk.vercel.app/login?callbackUrl=%2Fdashboard%2Fadmin"


      590 |     // Test direct URL access without authentication
      591 |     await page.goto('/dashboard/admin/users');
    > 592 |     await expect(page).toHaveURL(/\/auth\/signin/);
          |                        ^
      593 |     
      594 |     // Test role escalation attempts
      595 |     await loginAsRole(page, 'user');
        at /Users/asithalakmal/Documents/web/final project/WeddingLK-next copy/tests/e2e/rbac-comprehensive.spec.ts:592:24

    attachment #1: screenshot (image/png) ──────────────────────────────────────────────────────────
    ../../test-results/rbac-comprehensive-🚨-Secu-f1efc-nauthorized-Access-Attempts-chromium/test-failed-1.png
    ────────────────────────────────────────────────────────────────────────────────────────────────

    attachment #2: video (video/webm) ──────────────────────────────────────────────────────────────
    ../../test-results/rbac-comprehensive-🚨-Secu-f1efc-nauthorized-Access-Attempts-chromium/video.webm
    ────────────────────────────────────────────────────────────────────────────────────────────────

    Error Context: ../../test-results/rbac-comprehensive-🚨-Secu-f1efc-nauthorized-Access-Attempts-chromium/error-context.md
]]>
</failure>
<system-out>
<![CDATA[
[[ATTACHMENT|test-results/rbac-comprehensive-🚨-Secu-f1efc-nauthorized-Access-Attempts-chromium/test-failed-1.png]]

[[ATTACHMENT|test-results/rbac-comprehensive-🚨-Secu-f1efc-nauthorized-Access-Attempts-chromium/video.webm]]

[[ATTACHMENT|test-results/rbac-comprehensive-🚨-Secu-f1efc-nauthorized-Access-Attempts-chromium/error-context.md]]
]]>
</system-out>
</testcase>
<testcase name="🚨 Security and Error Handling › Permission Denied Handling" classname="rbac-comprehensive.spec.ts" time="35.614">
<failure message="rbac-comprehensive.spec.ts:600:7 Permission Denied Handling" type="FAILURE">
<![CDATA[  [chromium] › rbac-comprehensive.spec.ts:600:7 › 🚨 Security and Error Handling › Permission Denied Handling 

    Test timeout of 30000ms exceeded.

    Error: page.fill: Test timeout of 30000ms exceeded.
    Call log:
      - waiting for locator('input[name="email"]')


      50 |   const user = testUsers[role];
      51 |   await page.goto('/auth/signin');
    > 52 |   await page.fill('input[name="email"]', user.email);
         |              ^
      53 |   await page.fill('input[name="password"]', user.password);
      54 |   await page.click('button[type="submit"]');
      55 |   await expect(page).toHaveURL(/\/dashboard/);
        at loginAsRole (/Users/asithalakmal/Documents/web/final project/WeddingLK-next copy/tests/e2e/rbac-comprehensive.spec.ts:52:14)
        at /Users/asithalakmal/Documents/web/final project/WeddingLK-next copy/tests/e2e/rbac-comprehensive.spec.ts:602:5

    attachment #1: screenshot (image/png) ──────────────────────────────────────────────────────────
    ../../test-results/rbac-comprehensive-🚨-Secu-133ab--Permission-Denied-Handling-chromium/test-failed-1.png
    ────────────────────────────────────────────────────────────────────────────────────────────────

    attachment #2: video (video/webm) ──────────────────────────────────────────────────────────────
    ../../test-results/rbac-comprehensive-🚨-Secu-133ab--Permission-Denied-Handling-chromium/video.webm
    ────────────────────────────────────────────────────────────────────────────────────────────────

    Error Context: ../../test-results/rbac-comprehensive-🚨-Secu-133ab--Permission-Denied-Handling-chromium/error-context.md
]]>
</failure>
<system-out>
<![CDATA[
[[ATTACHMENT|test-results/rbac-comprehensive-🚨-Secu-133ab--Permission-Denied-Handling-chromium/test-failed-1.png]]

[[ATTACHMENT|test-results/rbac-comprehensive-🚨-Secu-133ab--Permission-Denied-Handling-chromium/video.webm]]

[[ATTACHMENT|test-results/rbac-comprehensive-🚨-Secu-133ab--Permission-Denied-Handling-chromium/error-context.md]]
]]>
</system-out>
</testcase>
<testcase name="📊 Analytics and Reporting RBAC › Role-Based Analytics Access" classname="rbac-comprehensive.spec.ts" time="36.531">
<failure message="rbac-comprehensive.spec.ts:615:7 Role-Based Analytics Access" type="FAILURE">
<![CDATA[  [chromium] › rbac-comprehensive.spec.ts:615:7 › 📊 Analytics and Reporting RBAC › Role-Based Analytics Access 

    Test timeout of 30000ms exceeded.

    Error: page.fill: Test timeout of 30000ms exceeded.
    Call log:
      - waiting for locator('input[name="email"]')


      50 |   const user = testUsers[role];
      51 |   await page.goto('/auth/signin');
    > 52 |   await page.fill('input[name="email"]', user.email);
         |              ^
      53 |   await page.fill('input[name="password"]', user.password);
      54 |   await page.click('button[type="submit"]');
      55 |   await expect(page).toHaveURL(/\/dashboard/);
        at loginAsRole (/Users/asithalakmal/Documents/web/final project/WeddingLK-next copy/tests/e2e/rbac-comprehensive.spec.ts:52:14)
        at /Users/asithalakmal/Documents/web/final project/WeddingLK-next copy/tests/e2e/rbac-comprehensive.spec.ts:617:5

    attachment #1: screenshot (image/png) ──────────────────────────────────────────────────────────
    ../../test-results/rbac-comprehensive-📊-Anal-803d8-Role-Based-Analytics-Access-chromium/test-failed-1.png
    ────────────────────────────────────────────────────────────────────────────────────────────────

    attachment #2: video (video/webm) ──────────────────────────────────────────────────────────────
    ../../test-results/rbac-comprehensive-📊-Anal-803d8-Role-Based-Analytics-Access-chromium/video.webm
    ────────────────────────────────────────────────────────────────────────────────────────────────

    Error Context: ../../test-results/rbac-comprehensive-📊-Anal-803d8-Role-Based-Analytics-Access-chromium/error-context.md
]]>
</failure>
<system-out>
<![CDATA[
[[ATTACHMENT|test-results/rbac-comprehensive-📊-Anal-803d8-Role-Based-Analytics-Access-chromium/test-failed-1.png]]

[[ATTACHMENT|test-results/rbac-comprehensive-📊-Anal-803d8-Role-Based-Analytics-Access-chromium/video.webm]]

[[ATTACHMENT|test-results/rbac-comprehensive-📊-Anal-803d8-Role-Based-Analytics-Access-chromium/error-context.md]]
]]>
</system-out>
</testcase>
<testcase name="📊 Analytics and Reporting RBAC › Data Visibility Based on Role" classname="rbac-comprehensive.spec.ts" time="35.408">
<failure message="rbac-comprehensive.spec.ts:635:7 Data Visibility Based on Role" type="FAILURE">
<![CDATA[  [chromium] › rbac-comprehensive.spec.ts:635:7 › 📊 Analytics and Reporting RBAC › Data Visibility Based on Role 

    Test timeout of 30000ms exceeded.

    Error: page.fill: Test timeout of 30000ms exceeded.
    Call log:
      - waiting for locator('input[name="email"]')


      50 |   const user = testUsers[role];
      51 |   await page.goto('/auth/signin');
    > 52 |   await page.fill('input[name="email"]', user.email);
         |              ^
      53 |   await page.fill('input[name="password"]', user.password);
      54 |   await page.click('button[type="submit"]');
      55 |   await expect(page).toHaveURL(/\/dashboard/);
        at loginAsRole (/Users/asithalakmal/Documents/web/final project/WeddingLK-next copy/tests/e2e/rbac-comprehensive.spec.ts:52:14)
        at /Users/asithalakmal/Documents/web/final project/WeddingLK-next copy/tests/e2e/rbac-comprehensive.spec.ts:637:5

    attachment #1: screenshot (image/png) ──────────────────────────────────────────────────────────
    ../../test-results/rbac-comprehensive-📊-Anal-f385e-ta-Visibility-Based-on-Role-chromium/test-failed-1.png
    ────────────────────────────────────────────────────────────────────────────────────────────────

    attachment #2: video (video/webm) ──────────────────────────────────────────────────────────────
    ../../test-results/rbac-comprehensive-📊-Anal-f385e-ta-Visibility-Based-on-Role-chromium/video.webm
    ────────────────────────────────────────────────────────────────────────────────────────────────

    Error Context: ../../test-results/rbac-comprehensive-📊-Anal-f385e-ta-Visibility-Based-on-Role-chromium/error-context.md
]]>
</failure>
<system-out>
<![CDATA[
[[ATTACHMENT|test-results/rbac-comprehensive-📊-Anal-f385e-ta-Visibility-Based-on-Role-chromium/test-failed-1.png]]

[[ATTACHMENT|test-results/rbac-comprehensive-📊-Anal-f385e-ta-Visibility-Based-on-Role-chromium/video.webm]]

[[ATTACHMENT|test-results/rbac-comprehensive-📊-Anal-f385e-ta-Visibility-Based-on-Role-chromium/error-context.md]]
]]>
</system-out>
</testcase>
</testsuite>
<testsuite name="realistic-live-deployment.spec.ts" timestamp="2025-10-22T18:37:21.475Z" hostname="chromium" tests="14" failures="1" skipped="0" time="222.257" errors="0">
<testcase name="🚀 REALISTIC LIVE DEPLOYMENT TESTING › 🏠 HOMEPAGE - Realistic Frontend Testing" classname="realistic-live-deployment.spec.ts" time="23.466">
<failure message="realistic-live-deployment.spec.ts:22:7 🏠 HOMEPAGE - Realistic Frontend Testing" type="FAILURE">
<![CDATA[  [chromium] › realistic-live-deployment.spec.ts:22:7 › 🚀 REALISTIC LIVE DEPLOYMENT TESTING › 🏠 HOMEPAGE - Realistic Frontend Testing 

    Error: expect(locator).toBeVisible() failed

    Locator: locator('span:has-text("Wedding.lk")').first()
    Expected: visible
    Timeout: 10000ms
    Error: element(s) not found

    Call log:
      - Expect "toBeVisible" with timeout 10000ms
      - waiting for locator('span:has-text("Wedding.lk")').first()


      24 |     
      25 |     // Test main navigation - use more specific selectors
    > 26 |     await expect(page.locator('span:has-text("Wedding.lk")').first()).toBeVisible({ timeout: 10000 });
         |                                                                       ^
      27 |     await expect(page.locator('a[href="/venues"]').first()).toBeVisible({ timeout: 10000 });
      28 |     await expect(page.locator('a[href="/vendors"]').first()).toBeVisible({ timeout: 10000 });
      29 |     await expect(page.locator('a[href="/feed"]').first()).toBeVisible({ timeout: 10000 });
        at /Users/asithalakmal/Documents/web/final project/WeddingLK-next copy/tests/e2e/realistic-live-deployment.spec.ts:26:71

    attachment #1: screenshot (image/png) ──────────────────────────────────────────────────────────
    ../../test-results/realistic-live-deployment--9563f--Realistic-Frontend-Testing-chromium/test-failed-1.png
    ────────────────────────────────────────────────────────────────────────────────────────────────

    attachment #2: video (video/webm) ──────────────────────────────────────────────────────────────
    ../../test-results/realistic-live-deployment--9563f--Realistic-Frontend-Testing-chromium/video.webm
    ────────────────────────────────────────────────────────────────────────────────────────────────

    Error Context: ../../test-results/realistic-live-deployment--9563f--Realistic-Frontend-Testing-chromium/error-context.md
]]>
</failure>
<system-out>
<![CDATA[🏠 Testing Homepage Components...

[[ATTACHMENT|test-results/realistic-live-deployment--9563f--Realistic-Frontend-Testing-chromium/test-failed-1.png]]

[[ATTACHMENT|test-results/realistic-live-deployment--9563f--Realistic-Frontend-Testing-chromium/video.webm]]

[[ATTACHMENT|test-results/realistic-live-deployment--9563f--Realistic-Frontend-Testing-chromium/error-context.md]]
]]>
</system-out>
</testcase>
<testcase name="🚀 REALISTIC LIVE DEPLOYMENT TESTING › 🔐 AUTHENTICATION - Realistic Auth Flow Testing" classname="realistic-live-deployment.spec.ts" time="13.631">
<system-out>
<![CDATA[🔐 Testing Authentication System...
ℹ️ Login page structure different than expected
ℹ️ Registration page structure different than expected
✅ Authentication testing completed
]]>
</system-out>
</testcase>
<testcase name="🚀 REALISTIC LIVE DEPLOYMENT TESTING › 🏢 VENUES - Realistic Venue Testing" classname="realistic-live-deployment.spec.ts" time="9.406">
<system-out>
<![CDATA[🏢 Testing Venues System...
ℹ️ Venues page structure different than expected
✅ Venues testing completed
]]>
</system-out>
</testcase>
<testcase name="🚀 REALISTIC LIVE DEPLOYMENT TESTING › 🏪 VENDORS - Realistic Vendor Testing" classname="realistic-live-deployment.spec.ts" time="8.006">
<system-out>
<![CDATA[🏪 Testing Vendors System...
ℹ️ Vendors page structure different than expected
✅ Vendors testing completed
]]>
</system-out>
</testcase>
<testcase name="🚀 REALISTIC LIVE DEPLOYMENT TESTING › 📱 FEED - Realistic Social Feed Testing" classname="realistic-live-deployment.spec.ts" time="7.175">
<system-out>
<![CDATA[📱 Testing Social Feed System...
ℹ️ Feed page structure different than expected
✅ Feed testing completed
]]>
</system-out>
</testcase>
<testcase name="🚀 REALISTIC LIVE DEPLOYMENT TESTING › 🖼️ GALLERY - Realistic Gallery Testing" classname="realistic-live-deployment.spec.ts" time="8.284">
<system-out>
<![CDATA[🖼️ Testing Gallery System...
✅ Gallery page found
✅ Found 5 gallery filters
✅ Gallery testing completed
]]>
</system-out>
</testcase>
<testcase name="🚀 REALISTIC LIVE DEPLOYMENT TESTING › 📊 DASHBOARD - Realistic Dashboard Testing" classname="realistic-live-deployment.spec.ts" time="6.075">
<system-out>
<![CDATA[📊 Testing Dashboard System...
✅ Dashboard correctly redirects to login when not authenticated
✅ Dashboard testing completed
]]>
</system-out>
</testcase>
<testcase name="🚀 REALISTIC LIVE DEPLOYMENT TESTING › 🔧 API ENDPOINTS - Realistic API Testing" classname="realistic-live-deployment.spec.ts" time="44.024">
<system-out>
<![CDATA[🔧 Testing API Endpoints...
❌ /api/health: Error - apiRequestContext.get: Timeout 30000ms exceeded.
Call log:
[2m  - → GET https://wedding-lk.vercel.app/api/health[22m
[2m    - user-agent: Mozilla/5.0 (Windows NT 10.0; Win64; x64) AppleWebKit/537.36 (KHTML, like Gecko) Chrome/141.0.7390.37 Safari/537.36[22m
[2m    - accept: */*[22m
[2m    - accept-encoding: gzip,deflate,br[22m

✅ /api/venues: 200
   Response data keys: success, venues, pagination
✅ /api/vendors: 200
   Response data keys: success, vendors, pagination
✅ /api/posts: 200
   Response data keys: success, data, pagination
✅ /api/analytics: 200
   Response data keys: success, data, type, timeRange, timestamp
✅ API endpoints testing completed
]]>
</system-out>
</testcase>
<testcase name="🚀 REALISTIC LIVE DEPLOYMENT TESTING › 📱 RESPONSIVE DESIGN - Realistic Mobile Testing" classname="realistic-live-deployment.spec.ts" time="13.218">
<system-out>
<![CDATA[📱 Testing Responsive Design...
✅ Tablet viewport tested
✅ Desktop viewport tested
✅ Responsive design testing completed
]]>
</system-out>
</testcase>
<testcase name="🚀 REALISTIC LIVE DEPLOYMENT TESTING › 🎨 UI COMPONENTS - Realistic Component Testing" classname="realistic-live-deployment.spec.ts" time="7.553">
<system-out>
<![CDATA[🎨 Testing UI Components...
Found 2 buttons
Found 0 input fields
Found 1 links
Found 0 images
✅ UI components testing completed
]]>
</system-out>
</testcase>
<testcase name="🚀 REALISTIC LIVE DEPLOYMENT TESTING › ⚡ PERFORMANCE - Realistic Performance Testing" classname="realistic-live-deployment.spec.ts" time="7.553">
<system-out>
<![CDATA[⚡ Testing Performance...
Page load time: 2640ms
✅ Page loads within acceptable time
✅ Performance testing completed
]]>
</system-out>
</testcase>
<testcase name="🚀 REALISTIC LIVE DEPLOYMENT TESTING › 🔍 ERROR HANDLING - Realistic Error Testing" classname="realistic-live-deployment.spec.ts" time="5.099">
<system-out>
<![CDATA[🔍 Testing Error Handling...
ℹ️ 404 page behavior different than expected
Invalid API endpoint status: 404
✅ Error handling testing completed
]]>
</system-out>
</testcase>
<testcase name="🚀 REALISTIC LIVE DEPLOYMENT TESTING › 🎯 FINAL INTEGRATION - Realistic System Integration" classname="realistic-live-deployment.spec.ts" time="17.727">
<system-out>
<![CDATA[🎯 Testing Complete System Integration...
Testing section: /venues
Page title: WeddingLK - Sri Lanka's Premier Wedding Planning Platform
Testing section: /vendors
Page title: WeddingLK - Sri Lanka's Premier Wedding Planning Platform
Testing section: /feed
Page title: WeddingLK - Sri Lanka's Premier Wedding Planning Platform
Testing section: /gallery
Page title: WeddingLK - Sri Lanka's Premier Wedding Planning Platform
Testing section: /about
Page title: WeddingLK - Sri Lanka's Premier Wedding Planning Platform
✅ Complete system integration testing completed
]]>
</system-out>
</testcase>
<testcase name="🚀 REALISTIC LIVE DEPLOYMENT TESTING › 📊 LIVE DEPLOYMENT STATUS REPORT" classname="realistic-live-deployment.spec.ts" time="51.04">
<system-out>
<![CDATA[📊 Generating Live Deployment Status Report...
📊 LIVE DEPLOYMENT STATUS REPORT:
{
  "timestamp": "2025-10-22T19:06:52.815Z",
  "baseUrl": "https://wedding-lk.vercel.app",
  "tests": [
    {
      "name": "Homepage",
      "status": "PASS",
      "details": {
        "title": "",
        "url": "https://wedding-lk.vercel.app/",
        "hasNavigation": false,
        "hasHero": true,
        "hasFooter": false
      }
    },
    {
      "name": "Venues",
      "status": "PASS",
      "details": {
        "title": "WeddingLK - Sri Lanka's Premier Wedding Planning Platform",
        "url": "https://wedding-lk.vercel.app/venues",
        "hasContent": true
      }
    },
    {
      "name": "Vendors",
      "status": "PASS",
      "details": {
        "title": "WeddingLK - Sri Lanka's Premier Wedding Planning Platform",
        "url": "https://wedding-lk.vercel.app/vendors",
        "hasContent": true
      }
    },
    {
      "name": "Feed",
      "status": "PASS",
      "details": {
        "title": "WeddingLK - Sri Lanka's Premier Wedding Planning Platform",
        "url": "https://wedding-lk.vercel.app/feed",
        "hasContent": true
      }
    },
    {
      "name": "Gallery",
      "status": "PASS",
      "details": {
        "title": "WeddingLK - Sri Lanka's Premier Wedding Planning Platform",
        "url": "https://wedding-lk.vercel.app/gallery",
        "hasContent": true
      }
    },
    {
      "name": "Dashboard",
      "status": "PASS",
      "details": {
        "title": "WeddingLK - Sri Lanka's Premier Wedding Planning Platform",
        "url": "https://wedding-lk.vercel.app/login?callbackUrl=%2Fdashboard",
        "redirected": false
      }
    },
    {
      "name": "API Endpoints",
      "status": "MIXED",
      "details": {
        "/api/health": "ERROR",
        "/api/venues": 200,
        "/api/vendors": 200,
        "/api/posts": 200
      }
    }
  ]
}
✅ Live deployment status report generated
]]>
</system-out>
</testcase>
</testsuite>
<testsuite name="simple.spec.ts" timestamp="2025-10-22T18:37:21.475Z" hostname="chromium" tests="5" failures="4" skipped="0" time="24.265" errors="0">
<testcase name="Simple Production Tests › Homepage loads and has basic content" classname="simple.spec.ts" time="3.732">
<failure message="simple.spec.ts:4:7 Homepage loads and has basic content" type="FAILURE">
<![CDATA[  [chromium] › simple.spec.ts:4:7 › Simple Production Tests › Homepage loads and has basic content ─

    Error: expect(locator).toBeVisible() failed

    Locator: locator('text=Wedding.lk')
    Expected: visible
    Error: strict mode violation: locator('text=Wedding.lk') resolved to 3 elements:
        1) <span class="text-xl font-bold text-gray-900 dark:text-white">Wedding.lk</span> aka getByRole('banner').getByRole('link', { name: 'Wedding.lk' })
        2) <span class="text-xl font-bold text-white">Wedding.lk</span> aka getByRole('main').getByRole('link', { name: 'Wedding.lk' })
        3) <p>© 2024 Wedding.lk. All rights reserved.</p> aka getByText('© 2024 Wedding.lk. All rights')

    Call log:
      - Expect "toBeVisible" with timeout 5000ms
      - waiting for locator('text=Wedding.lk')


      12 |     
      13 |     // Check that the Wedding.lk logo is visible somewhere on the page
    > 14 |     await expect(page.locator('text=Wedding.lk')).toBeVisible();
         |                                                   ^
      15 |   });
      16 |
      17 |   test('Page has navigation elements', async ({ page }) => {
        at /Users/asithalakmal/Documents/web/final project/WeddingLK-next copy/tests/e2e/simple.spec.ts:14:51

    attachment #1: screenshot (image/png) ──────────────────────────────────────────────────────────
    ../../test-results/simple-Simple-Production-T-a7c1e-loads-and-has-basic-content-chromium/test-failed-1.png
    ────────────────────────────────────────────────────────────────────────────────────────────────

    attachment #2: video (video/webm) ──────────────────────────────────────────────────────────────
    ../../test-results/simple-Simple-Production-T-a7c1e-loads-and-has-basic-content-chromium/video.webm
    ────────────────────────────────────────────────────────────────────────────────────────────────

    Error Context: ../../test-results/simple-Simple-Production-T-a7c1e-loads-and-has-basic-content-chromium/error-context.md
]]>
</failure>
<system-out>
<![CDATA[
[[ATTACHMENT|test-results/simple-Simple-Production-T-a7c1e-loads-and-has-basic-content-chromium/test-failed-1.png]]

[[ATTACHMENT|test-results/simple-Simple-Production-T-a7c1e-loads-and-has-basic-content-chromium/video.webm]]

[[ATTACHMENT|test-results/simple-Simple-Production-T-a7c1e-loads-and-has-basic-content-chromium/error-context.md]]
]]>
</system-out>
</testcase>
<testcase name="Simple Production Tests › Page has navigation elements" classname="simple.spec.ts" time="3.598">
<failure message="simple.spec.ts:17:7 Page has navigation elements" type="FAILURE">
<![CDATA[  [chromium] › simple.spec.ts:17:7 › Simple Production Tests › Page has navigation elements ────────

    Error: expect(locator).toBeVisible() failed

    Locator: locator('a[href="/venues"]')
    Expected: visible
    Error: strict mode violation: locator('a[href="/venues"]') resolved to 2 elements:
        1) <a href="/venues" class="text-gray-700 hover:text-rose-500 dark:text-gray-300 dark:hover:text-rose-400 font-medium transition-colors">Venues</a> aka getByRole('navigation').getByRole('link', { name: 'Venues' })
        2) <a href="/venues" class="hover:text-white transition-colors">Venues</a> aka getByRole('main').getByRole('link', { name: 'Venues' })

    Call log:
      - Expect "toBeVisible" with timeout 5000ms
      - waiting for locator('a[href="/venues"]')


      19 |     
      20 |     // Check that navigation elements exist (may be in different locations)
    > 21 |     await expect(page.locator('a[href="/venues"]')).toBeVisible();
         |                                                     ^
      22 |     await expect(page.locator('a[href="/gallery"]')).toBeVisible();
      23 |   });
      24 |
        at /Users/asithalakmal/Documents/web/final project/WeddingLK-next copy/tests/e2e/simple.spec.ts:21:53

    attachment #1: screenshot (image/png) ──────────────────────────────────────────────────────────
    ../../test-results/simple-Simple-Production-Tests-Page-has-navigation-elements-chromium/test-failed-1.png
    ────────────────────────────────────────────────────────────────────────────────────────────────

    attachment #2: video (video/webm) ──────────────────────────────────────────────────────────────
    ../../test-results/simple-Simple-Production-Tests-Page-has-navigation-elements-chromium/video.webm
    ────────────────────────────────────────────────────────────────────────────────────────────────

    Error Context: ../../test-results/simple-Simple-Production-Tests-Page-has-navigation-elements-chromium/error-context.md
]]>
</failure>
<system-out>
<![CDATA[
[[ATTACHMENT|test-results/simple-Simple-Production-Tests-Page-has-navigation-elements-chromium/test-failed-1.png]]

[[ATTACHMENT|test-results/simple-Simple-Production-Tests-Page-has-navigation-elements-chromium/video.webm]]

[[ATTACHMENT|test-results/simple-Simple-Production-Tests-Page-has-navigation-elements-chromium/error-context.md]]
]]>
</system-out>
</testcase>
<testcase name="Simple Production Tests › Page has footer content" classname="simple.spec.ts" time="3.578">
<failure message="simple.spec.ts:25:7 Page has footer content" type="FAILURE">
<![CDATA[  [chromium] › simple.spec.ts:25:7 › Simple Production Tests › Page has footer content ─────────────

    Error: expect(locator).toBeVisible() failed

    Locator: locator('text=Wedding.lk')
    Expected: visible
    Error: strict mode violation: locator('text=Wedding.lk') resolved to 3 elements:
        1) <span class="text-xl font-bold text-gray-900 dark:text-white">Wedding.lk</span> aka getByRole('banner').getByRole('link', { name: 'Wedding.lk' })
        2) <span class="text-xl font-bold text-white">Wedding.lk</span> aka getByRole('main').getByRole('link', { name: 'Wedding.lk' })
        3) <p>© 2024 Wedding.lk. All rights reserved.</p> aka getByText('© 2024 Wedding.lk. All rights')

    Call log:
      - Expect "toBeVisible" with timeout 5000ms
      - waiting for locator('text=Wedding.lk')


      30 |     
      31 |     // Check that footer content exists
    > 32 |     await expect(page.locator('text=Wedding.lk')).toBeVisible();
         |                                                   ^
      33 |     await expect(page.locator('text=2024')).toBeVisible();
      34 |   });
      35 |
        at /Users/asithalakmal/Documents/web/final project/WeddingLK-next copy/tests/e2e/simple.spec.ts:32:51

    attachment #1: screenshot (image/png) ──────────────────────────────────────────────────────────
    ../../test-results/simple-Simple-Production-Tests-Page-has-footer-content-chromium/test-failed-1.png
    ────────────────────────────────────────────────────────────────────────────────────────────────

    attachment #2: video (video/webm) ──────────────────────────────────────────────────────────────
    ../../test-results/simple-Simple-Production-Tests-Page-has-footer-content-chromium/video.webm
    ────────────────────────────────────────────────────────────────────────────────────────────────

    Error Context: ../../test-results/simple-Simple-Production-Tests-Page-has-footer-content-chromium/error-context.md
]]>
</failure>
<system-out>
<![CDATA[
[[ATTACHMENT|test-results/simple-Simple-Production-Tests-Page-has-footer-content-chromium/test-failed-1.png]]

[[ATTACHMENT|test-results/simple-Simple-Production-Tests-Page-has-footer-content-chromium/video.webm]]

[[ATTACHMENT|test-results/simple-Simple-Production-Tests-Page-has-footer-content-chromium/error-context.md]]
]]>
</system-out>
</testcase>
<testcase name="Simple Production Tests › Page is responsive" classname="simple.spec.ts" time="5.357">
</testcase>
<testcase name="Simple Production Tests › Page has correct metadata" classname="simple.spec.ts" time="8">
<failure message="simple.spec.ts:52:7 Page has correct metadata" type="FAILURE">
<![CDATA[  [chromium] › simple.spec.ts:52:7 › Simple Production Tests › Page has correct metadata ───────────

    Error: expect(page).toHaveTitle(expected) failed

    Expected pattern: /WeddingLK/
    Received string:  ""
    Timeout: 5000ms

    Call log:
      - Expect "toHaveTitle" with timeout 5000ms
        8 × unexpected value ""


      54 |     
      55 |     // Check title
    > 56 |     await expect(page).toHaveTitle(/WeddingLK/);
         |                        ^
      57 |     
      58 |     // Check meta description exists
      59 |     const metaDescription = await page.locator('meta[name="description"]').getAttribute('content');
        at /Users/asithalakmal/Documents/web/final project/WeddingLK-next copy/tests/e2e/simple.spec.ts:56:24

    attachment #1: screenshot (image/png) ──────────────────────────────────────────────────────────
    ../../test-results/simple-Simple-Production-Tests-Page-has-correct-metadata-chromium/test-failed-1.png
    ────────────────────────────────────────────────────────────────────────────────────────────────

    attachment #2: video (video/webm) ──────────────────────────────────────────────────────────────
    ../../test-results/simple-Simple-Production-Tests-Page-has-correct-metadata-chromium/video.webm
    ────────────────────────────────────────────────────────────────────────────────────────────────

    Error Context: ../../test-results/simple-Simple-Production-Tests-Page-has-correct-metadata-chromium/error-context.md
]]>
</failure>
<system-out>
<![CDATA[
[[ATTACHMENT|test-results/simple-Simple-Production-Tests-Page-has-correct-metadata-chromium/test-failed-1.png]]

[[ATTACHMENT|test-results/simple-Simple-Production-Tests-Page-has-correct-metadata-chromium/video.webm]]

[[ATTACHMENT|test-results/simple-Simple-Production-Tests-Page-has-correct-metadata-chromium/error-context.md]]
]]>
</system-out>
</testcase>
</testsuite>
<testsuite name="user-journey.spec.ts" timestamp="2025-10-22T18:37:21.475Z" hostname="chromium" tests="6" failures="6" skipped="0" time="178.213" errors="0">
<testcase name="💑 Complete Couple Wedding Planning Journey › End-to-End Wedding Planning Journey" classname="user-journey.spec.ts" time="34.094">
<failure message="user-journey.spec.ts:43:7 End-to-End Wedding Planning Journey" type="FAILURE">
<![CDATA[  [chromium] › user-journey.spec.ts:43:7 › 💑 Complete Couple Wedding Planning Journey › End-to-End Wedding Planning Journey 

    Test timeout of 30000ms exceeded.

    Error: page.fill: Test timeout of 30000ms exceeded.
    Call log:
      - waiting for locator('input[name="name"]')


      44 |     // Step 1: Registration and Profile Setup
      45 |     await page.goto('/auth/signup');
    > 46 |     await page.fill('input[name="name"]', journeyData.couple.name);
         |                ^
      47 |     await page.fill('input[name="email"]', journeyData.couple.email);
      48 |     await page.fill('input[name="password"]', journeyData.couple.password);
      49 |     await page.fill('input[name="confirmPassword"]', journeyData.couple.password);
        at /Users/asithalakmal/Documents/web/final project/WeddingLK-next copy/tests/e2e/user-journey.spec.ts:46:16

    attachment #1: screenshot (image/png) ──────────────────────────────────────────────────────────
    ../../test-results/user-journey-💑-Complete-C-f3f75-nd-Wedding-Planning-Journey-chromium/test-failed-1.png
    ────────────────────────────────────────────────────────────────────────────────────────────────

    attachment #2: video (video/webm) ──────────────────────────────────────────────────────────────
    ../../test-results/user-journey-💑-Complete-C-f3f75-nd-Wedding-Planning-Journey-chromium/video.webm
    ────────────────────────────────────────────────────────────────────────────────────────────────

    Error Context: ../../test-results/user-journey-💑-Complete-C-f3f75-nd-Wedding-Planning-Journey-chromium/error-context.md
]]>
</failure>
<system-out>
<![CDATA[
[[ATTACHMENT|test-results/user-journey-💑-Complete-C-f3f75-nd-Wedding-Planning-Journey-chromium/test-failed-1.png]]

[[ATTACHMENT|test-results/user-journey-💑-Complete-C-f3f75-nd-Wedding-Planning-Journey-chromium/video.webm]]

[[ATTACHMENT|test-results/user-journey-💑-Complete-C-f3f75-nd-Wedding-Planning-Journey-chromium/error-context.md]]
]]>
</system-out>
</testcase>
<testcase name="📸 Vendor Business Journey › Complete Vendor Onboarding and Management Journey" classname="user-journey.spec.ts" time="34.421">
<failure message="user-journey.spec.ts:186:7 Complete Vendor Onboarding and Management Journey" type="FAILURE">
<![CDATA[  [chromium] › user-journey.spec.ts:186:7 › 📸 Vendor Business Journey › Complete Vendor Onboarding and Management Journey 

    Test timeout of 30000ms exceeded.

    Error: page.fill: Test timeout of 30000ms exceeded.
    Call log:
      - waiting for locator('input[name="businessName"]')


      187 |     // Step 1: Vendor Registration
      188 |     await page.goto('/vendor/register');
    > 189 |     await page.fill('input[name="businessName"]', journeyData.photographer.businessName);
          |                ^
      190 |     await page.fill('input[name="email"]', journeyData.photographer.email);
      191 |     await page.fill('input[name="password"]', journeyData.photographer.password);
      192 |     await page.fill('input[name="phone"]', journeyData.photographer.phone);
        at /Users/asithalakmal/Documents/web/final project/WeddingLK-next copy/tests/e2e/user-journey.spec.ts:189:16

    attachment #1: screenshot (image/png) ──────────────────────────────────────────────────────────
    ../../test-results/user-journey-📸-Vendor-Bus-f59b2-ding-and-Management-Journey-chromium/test-failed-1.png
    ────────────────────────────────────────────────────────────────────────────────────────────────

    attachment #2: video (video/webm) ──────────────────────────────────────────────────────────────
    ../../test-results/user-journey-📸-Vendor-Bus-f59b2-ding-and-Management-Journey-chromium/video.webm
    ────────────────────────────────────────────────────────────────────────────────────────────────

    Error Context: ../../test-results/user-journey-📸-Vendor-Bus-f59b2-ding-and-Management-Journey-chromium/error-context.md
]]>
</failure>
<system-out>
<![CDATA[
[[ATTACHMENT|test-results/user-journey-📸-Vendor-Bus-f59b2-ding-and-Management-Journey-chromium/test-failed-1.png]]

[[ATTACHMENT|test-results/user-journey-📸-Vendor-Bus-f59b2-ding-and-Management-Journey-chromium/video.webm]]

[[ATTACHMENT|test-results/user-journey-📸-Vendor-Bus-f59b2-ding-and-Management-Journey-chromium/error-context.md]]
]]>
</system-out>
</testcase>
<testcase name="👰 Wedding Planner Professional Journey › Complete Wedding Planner Workflow" classname="user-journey.spec.ts" time="33.92">
<failure message="user-journey.spec.ts:308:7 Complete Wedding Planner Workflow" type="FAILURE">
<![CDATA[  [chromium] › user-journey.spec.ts:308:7 › 👰 Wedding Planner Professional Journey › Complete Wedding Planner Workflow 

    Test timeout of 30000ms exceeded.

    Error: page.fill: Test timeout of 30000ms exceeded.
    Call log:
      - waiting for locator('input[name="name"]')


      309 |     // Step 1: Planner Registration and Setup
      310 |     await page.goto('/auth/signup');
    > 311 |     await page.fill('input[name="name"]', 'Emma Wedding Planner');
          |                ^
      312 |     await page.fill('input[name="email"]', 'planner@test.com');
      313 |     await page.fill('input[name="password"]', 'PlannerPass123!');
      314 |     await page.fill('input[name="confirmPassword"]', 'PlannerPass123!');
        at /Users/asithalakmal/Documents/web/final project/WeddingLK-next copy/tests/e2e/user-journey.spec.ts:311:16

    attachment #1: screenshot (image/png) ──────────────────────────────────────────────────────────
    ../../test-results/user-journey-👰-Wedding-Pl-e1fa7-te-Wedding-Planner-Workflow-chromium/test-failed-1.png
    ────────────────────────────────────────────────────────────────────────────────────────────────

    attachment #2: video (video/webm) ──────────────────────────────────────────────────────────────
    ../../test-results/user-journey-👰-Wedding-Pl-e1fa7-te-Wedding-Planner-Workflow-chromium/video.webm
    ────────────────────────────────────────────────────────────────────────────────────────────────

    Error Context: ../../test-results/user-journey-👰-Wedding-Pl-e1fa7-te-Wedding-Planner-Workflow-chromium/error-context.md
]]>
</failure>
<system-out>
<![CDATA[
[[ATTACHMENT|test-results/user-journey-👰-Wedding-Pl-e1fa7-te-Wedding-Planner-Workflow-chromium/test-failed-1.png]]

[[ATTACHMENT|test-results/user-journey-👰-Wedding-Pl-e1fa7-te-Wedding-Planner-Workflow-chromium/video.webm]]

[[ATTACHMENT|test-results/user-journey-👰-Wedding-Pl-e1fa7-te-Wedding-Planner-Workflow-chromium/error-context.md]]
]]>
</system-out>
</testcase>
<testcase name="👑 Admin Platform Management Journey › Complete Admin Platform Management" classname="user-journey.spec.ts" time="34.102">
<failure message="user-journey.spec.ts:442:7 Complete Admin Platform Management" type="FAILURE">
<![CDATA[  [chromium] › user-journey.spec.ts:442:7 › 👑 Admin Platform Management Journey › Complete Admin Platform Management 

    Test timeout of 30000ms exceeded.

    Error: page.fill: Test timeout of 30000ms exceeded.
    Call log:
      - waiting for locator('input[name="email"]')


      443 |     // Step 1: Admin Login
      444 |     await page.goto('/auth/signin');
    > 445 |     await page.fill('input[name="email"]', 'admin@test.com');
          |                ^
      446 |     await page.fill('input[name="password"]', 'AdminPass123!');
      447 |     await page.click('button[type="submit"]');
      448 |     await expect(page).toHaveURL(/\/dashboard/);
        at /Users/asithalakmal/Documents/web/final project/WeddingLK-next copy/tests/e2e/user-journey.spec.ts:445:16

    attachment #1: screenshot (image/png) ──────────────────────────────────────────────────────────
    ../../test-results/user-journey-👑-Admin-Plat-9a1c7-e-Admin-Platform-Management-chromium/test-failed-1.png
    ────────────────────────────────────────────────────────────────────────────────────────────────

    attachment #2: video (video/webm) ──────────────────────────────────────────────────────────────
    ../../test-results/user-journey-👑-Admin-Plat-9a1c7-e-Admin-Platform-Management-chromium/video.webm
    ────────────────────────────────────────────────────────────────────────────────────────────────

    Error Context: ../../test-results/user-journey-👑-Admin-Plat-9a1c7-e-Admin-Platform-Management-chromium/error-context.md
]]>
</failure>
<system-out>
<![CDATA[
[[ATTACHMENT|test-results/user-journey-👑-Admin-Plat-9a1c7-e-Admin-Platform-Management-chromium/test-failed-1.png]]

[[ATTACHMENT|test-results/user-journey-👑-Admin-Plat-9a1c7-e-Admin-Platform-Management-chromium/video.webm]]

[[ATTACHMENT|test-results/user-journey-👑-Admin-Plat-9a1c7-e-Admin-Platform-Management-chromium/error-context.md]]
]]>
</system-out>
</testcase>
<testcase name="🔄 Cross-Platform Integration Journey › Mobile and Web Integration" classname="user-journey.spec.ts" time="33.915">
<failure message="user-journey.spec.ts:555:7 Mobile and Web Integration" type="FAILURE">
<![CDATA[  [chromium] › user-journey.spec.ts:555:7 › 🔄 Cross-Platform Integration Journey › Mobile and Web Integration 

    Test timeout of 30000ms exceeded.

    Error: page.fill: Test timeout of 30000ms exceeded.
    Call log:
      - waiting for locator('input[name="email"]')


      559 |     // Mobile login
      560 |     await page.goto('/auth/signin');
    > 561 |     await page.fill('input[name="email"]', journeyData.couple.email);
          |                ^
      562 |     await page.fill('input[name="password"]', journeyData.couple.password);
      563 |     await page.click('button[type="submit"]');
      564 |     await expect(page).toHaveURL(/\/dashboard/);
        at /Users/asithalakmal/Documents/web/final project/WeddingLK-next copy/tests/e2e/user-journey.spec.ts:561:16

    attachment #1: screenshot (image/png) ──────────────────────────────────────────────────────────
    ../../test-results/user-journey-🔄-Cross-Plat-3bd25--Mobile-and-Web-Integration-chromium/test-failed-1.png
    ────────────────────────────────────────────────────────────────────────────────────────────────

    attachment #2: video (video/webm) ──────────────────────────────────────────────────────────────
    ../../test-results/user-journey-🔄-Cross-Plat-3bd25--Mobile-and-Web-Integration-chromium/video.webm
    ────────────────────────────────────────────────────────────────────────────────────────────────

    Error Context: ../../test-results/user-journey-🔄-Cross-Plat-3bd25--Mobile-and-Web-Integration-chromium/error-context.md
]]>
</failure>
<system-out>
<![CDATA[
[[ATTACHMENT|test-results/user-journey-🔄-Cross-Plat-3bd25--Mobile-and-Web-Integration-chromium/test-failed-1.png]]

[[ATTACHMENT|test-results/user-journey-🔄-Cross-Plat-3bd25--Mobile-and-Web-Integration-chromium/video.webm]]

[[ATTACHMENT|test-results/user-journey-🔄-Cross-Plat-3bd25--Mobile-and-Web-Integration-chromium/error-context.md]]
]]>
</system-out>
</testcase>
<testcase name="🚨 Error Handling and Recovery Journey › Application Error Recovery" classname="user-journey.spec.ts" time="7.761">
<failure message="user-journey.spec.ts:597:7 Application Error Recovery" type="FAILURE">
<![CDATA[  [chromium] › user-journey.spec.ts:597:7 › 🚨 Error Handling and Recovery Journey › Application Error Recovery 

    Error: expect(locator).toBeVisible() failed

    Locator: locator('text=Unable to load venues')
    Expected: visible
    Timeout: 5000ms
    Error: element(s) not found

    Call log:
      - Expect "toBeVisible" with timeout 5000ms
      - waiting for locator('text=Unable to load venues')


      600 |     
      601 |     await page.goto('/venues');
    > 602 |     await expect(page.locator('text=Unable to load venues')).toBeVisible();
          |                                                              ^
      603 |     await expect(page.locator('button:has-text("Retry")')).toBeVisible();
      604 |     
      605 |     // Test retry functionality
        at /Users/asithalakmal/Documents/web/final project/WeddingLK-next copy/tests/e2e/user-journey.spec.ts:602:62

    attachment #1: screenshot (image/png) ──────────────────────────────────────────────────────────
    ../../test-results/user-journey-🚨-Error-Hand-919af--Application-Error-Recovery-chromium/test-failed-1.png
    ────────────────────────────────────────────────────────────────────────────────────────────────

    attachment #2: video (video/webm) ──────────────────────────────────────────────────────────────
    ../../test-results/user-journey-🚨-Error-Hand-919af--Application-Error-Recovery-chromium/video.webm
    ────────────────────────────────────────────────────────────────────────────────────────────────

    Error Context: ../../test-results/user-journey-🚨-Error-Hand-919af--Application-Error-Recovery-chromium/error-context.md
]]>
</failure>
<system-out>
<![CDATA[
[[ATTACHMENT|test-results/user-journey-🚨-Error-Hand-919af--Application-Error-Recovery-chromium/test-failed-1.png]]

[[ATTACHMENT|test-results/user-journey-🚨-Error-Hand-919af--Application-Error-Recovery-chromium/video.webm]]

[[ATTACHMENT|test-results/user-journey-🚨-Error-Hand-919af--Application-Error-Recovery-chromium/error-context.md]]
]]>
</system-out>
</testcase>
</testsuite>
<testsuite name="vendor.spec.ts" timestamp="2025-10-22T18:37:21.475Z" hostname="chromium" tests="5" failures="5" skipped="0" time="169.614" errors="0">
<testcase name="Vendor Management › Vendor registration and onboarding" classname="vendor.spec.ts" time="33.82">
<failure message="vendor.spec.ts:5:7 Vendor registration and onboarding" type="FAILURE">
<![CDATA[  [chromium] › vendor.spec.ts:5:7 › Vendor Management › Vendor registration and onboarding ─────────

    Test timeout of 30000ms exceeded.

    Error: page.fill: Test timeout of 30000ms exceeded.
    Call log:
      - waiting for locator('input[name="name"]')


      14 |     // Register as vendor
      15 |     await page.goto('/vendor/register');
    > 16 |     await page.fill('input[name="name"]', vendor.name);
         |                ^
      17 |     await page.fill('input[name="email"]', vendor.email);
      18 |     await page.fill('input[name="businessName"]', vendor.businessName);
      19 |     await page.fill('input[name="phone"]', vendor.phone);
        at /Users/asithalakmal/Documents/web/final project/WeddingLK-next copy/tests/e2e/vendor.spec.ts:16:16

    attachment #1: screenshot (image/png) ──────────────────────────────────────────────────────────
    ../../test-results/vendor-Vendor-Management-Vendor-registration-and-onboarding-chromium/test-failed-1.png
    ────────────────────────────────────────────────────────────────────────────────────────────────

    attachment #2: video (video/webm) ──────────────────────────────────────────────────────────────
    ../../test-results/vendor-Vendor-Management-Vendor-registration-and-onboarding-chromium/video.webm
    ────────────────────────────────────────────────────────────────────────────────────────────────

    Error Context: ../../test-results/vendor-Vendor-Management-Vendor-registration-and-onboarding-chromium/error-context.md
]]>
</failure>
<system-out>
<![CDATA[
[[ATTACHMENT|test-results/vendor-Vendor-Management-Vendor-registration-and-onboarding-chromium/test-failed-1.png]]

[[ATTACHMENT|test-results/vendor-Vendor-Management-Vendor-registration-and-onboarding-chromium/video.webm]]

[[ATTACHMENT|test-results/vendor-Vendor-Management-Vendor-registration-and-onboarding-chromium/error-context.md]]
]]>
</system-out>
</testcase>
<testcase name="Vendor Management › Vendor service creation and portfolio upload" classname="vendor.spec.ts" time="34.286">
<failure message="vendor.spec.ts:39:7 Vendor service creation and portfolio upload" type="FAILURE">
<![CDATA[  [chromium] › vendor.spec.ts:39:7 › Vendor Management › Vendor service creation and portfolio upload 

    Test timeout of 30000ms exceeded.

    Error: page.fill: Test timeout of 30000ms exceeded.
    Call log:
      - waiting for locator('input[name="email"]')


      40 |     // Login as vendor
      41 |     await page.goto('/auth/signin');
    > 42 |     await page.fill('input[name="email"]', process.env.TEST_VENDOR_EMAIL || 'vendor@test.local');
         |                ^
      43 |     await page.fill('input[name="password"]', process.env.TEST_VENDOR_PASSWORD || 'VendorPass123!');
      44 |     await page.click('button[type="submit"]');
      45 |     await expect(page).toHaveURL(/\/dashboard/);
        at /Users/asithalakmal/Documents/web/final project/WeddingLK-next copy/tests/e2e/vendor.spec.ts:42:16

    attachment #1: screenshot (image/png) ──────────────────────────────────────────────────────────
    ../../test-results/vendor-Vendor-Management-V-1cf6a-eation-and-portfolio-upload-chromium/test-failed-1.png
    ────────────────────────────────────────────────────────────────────────────────────────────────

    attachment #2: video (video/webm) ──────────────────────────────────────────────────────────────
    ../../test-results/vendor-Vendor-Management-V-1cf6a-eation-and-portfolio-upload-chromium/video.webm
    ────────────────────────────────────────────────────────────────────────────────────────────────

    Error Context: ../../test-results/vendor-Vendor-Management-V-1cf6a-eation-and-portfolio-upload-chromium/error-context.md
]]>
</failure>
<system-out>
<![CDATA[
[[ATTACHMENT|test-results/vendor-Vendor-Management-V-1cf6a-eation-and-portfolio-upload-chromium/test-failed-1.png]]

[[ATTACHMENT|test-results/vendor-Vendor-Management-V-1cf6a-eation-and-portfolio-upload-chromium/video.webm]]

[[ATTACHMENT|test-results/vendor-Vendor-Management-V-1cf6a-eation-and-portfolio-upload-chromium/error-context.md]]
]]>
</system-out>
</testcase>
<testcase name="Vendor Management › Vendor booking management" classname="vendor.spec.ts" time="33.802">
<failure message="vendor.spec.ts:67:7 Vendor booking management" type="FAILURE">
<![CDATA[  [chromium] › vendor.spec.ts:67:7 › Vendor Management › Vendor booking management ─────────────────

    Test timeout of 30000ms exceeded.

    Error: page.fill: Test timeout of 30000ms exceeded.
    Call log:
      - waiting for locator('input[name="email"]')


      68 |     // Login as vendor
      69 |     await page.goto('/auth/signin');
    > 70 |     await page.fill('input[name="email"]', process.env.TEST_VENDOR_EMAIL || 'vendor@test.local');
         |                ^
      71 |     await page.fill('input[name="password"]', process.env.TEST_VENDOR_PASSWORD || 'VendorPass123!');
      72 |     await page.click('button[type="submit"]');
      73 |     await expect(page).toHaveURL(/\/dashboard/);
        at /Users/asithalakmal/Documents/web/final project/WeddingLK-next copy/tests/e2e/vendor.spec.ts:70:16

    attachment #1: screenshot (image/png) ──────────────────────────────────────────────────────────
    ../../test-results/vendor-Vendor-Management-Vendor-booking-management-chromium/test-failed-1.png
    ────────────────────────────────────────────────────────────────────────────────────────────────

    attachment #2: video (video/webm) ──────────────────────────────────────────────────────────────
    ../../test-results/vendor-Vendor-Management-Vendor-booking-management-chromium/video.webm
    ────────────────────────────────────────────────────────────────────────────────────────────────

    Error Context: ../../test-results/vendor-Vendor-Management-Vendor-booking-management-chromium/error-context.md
]]>
</failure>
<system-out>
<![CDATA[
[[ATTACHMENT|test-results/vendor-Vendor-Management-Vendor-booking-management-chromium/test-failed-1.png]]

[[ATTACHMENT|test-results/vendor-Vendor-Management-Vendor-booking-management-chromium/video.webm]]

[[ATTACHMENT|test-results/vendor-Vendor-Management-Vendor-booking-management-chromium/error-context.md]]
]]>
</system-out>
</testcase>
<testcase name="Vendor Management › Vendor profile and portfolio management" classname="vendor.spec.ts" time="33.78">
<failure message="vendor.spec.ts:106:7 Vendor profile and portfolio management" type="FAILURE">
<![CDATA[  [chromium] › vendor.spec.ts:106:7 › Vendor Management › Vendor profile and portfolio management ──

    Test timeout of 30000ms exceeded.

    Error: page.fill: Test timeout of 30000ms exceeded.
    Call log:
      - waiting for locator('input[name="email"]')


      107 |     // Login as vendor
      108 |     await page.goto('/auth/signin');
    > 109 |     await page.fill('input[name="email"]', process.env.TEST_VENDOR_EMAIL || 'vendor@test.local');
          |                ^
      110 |     await page.fill('input[name="password"]', process.env.TEST_VENDOR_PASSWORD || 'VendorPass123!');
      111 |     await page.click('button[type="submit"]');
      112 |     await expect(page).toHaveURL(/\/dashboard/);
        at /Users/asithalakmal/Documents/web/final project/WeddingLK-next copy/tests/e2e/vendor.spec.ts:109:16

    attachment #1: screenshot (image/png) ──────────────────────────────────────────────────────────
    ../../test-results/vendor-Vendor-Management-V-1bdb8-le-and-portfolio-management-chromium/test-failed-1.png
    ────────────────────────────────────────────────────────────────────────────────────────────────

    attachment #2: video (video/webm) ──────────────────────────────────────────────────────────────
    ../../test-results/vendor-Vendor-Management-V-1bdb8-le-and-portfolio-management-chromium/video.webm
    ────────────────────────────────────────────────────────────────────────────────────────────────

    Error Context: ../../test-results/vendor-Vendor-Management-V-1bdb8-le-and-portfolio-management-chromium/error-context.md
]]>
</failure>
<system-out>
<![CDATA[
[[ATTACHMENT|test-results/vendor-Vendor-Management-V-1bdb8-le-and-portfolio-management-chromium/test-failed-1.png]]

[[ATTACHMENT|test-results/vendor-Vendor-Management-V-1bdb8-le-and-portfolio-management-chromium/video.webm]]

[[ATTACHMENT|test-results/vendor-Vendor-Management-V-1bdb8-le-and-portfolio-management-chromium/error-context.md]]
]]>
</system-out>
</testcase>
<testcase name="Vendor Management › Vendor analytics and performance tracking" classname="vendor.spec.ts" time="33.926">
<failure message="vendor.spec.ts:127:7 Vendor analytics and performance tracking" type="FAILURE">
<![CDATA[  [chromium] › vendor.spec.ts:127:7 › Vendor Management › Vendor analytics and performance tracking 

    Test timeout of 30000ms exceeded.

    Error: page.fill: Test timeout of 30000ms exceeded.
    Call log:
      - waiting for locator('input[name="email"]')


      128 |     // Login as vendor
      129 |     await page.goto('/auth/signin');
    > 130 |     await page.fill('input[name="email"]', process.env.TEST_VENDOR_EMAIL || 'vendor@test.local');
          |                ^
      131 |     await page.fill('input[name="password"]', process.env.TEST_VENDOR_PASSWORD || 'VendorPass123!');
      132 |     await page.click('button[type="submit"]');
      133 |     await expect(page).toHaveURL(/\/dashboard/);
        at /Users/asithalakmal/Documents/web/final project/WeddingLK-next copy/tests/e2e/vendor.spec.ts:130:16

    attachment #1: screenshot (image/png) ──────────────────────────────────────────────────────────
    ../../test-results/vendor-Vendor-Management-V-453fa-cs-and-performance-tracking-chromium/test-failed-1.png
    ────────────────────────────────────────────────────────────────────────────────────────────────

    attachment #2: video (video/webm) ──────────────────────────────────────────────────────────────
    ../../test-results/vendor-Vendor-Management-V-453fa-cs-and-performance-tracking-chromium/video.webm
    ────────────────────────────────────────────────────────────────────────────────────────────────

    Error Context: ../../test-results/vendor-Vendor-Management-V-453fa-cs-and-performance-tracking-chromium/error-context.md
]]>
</failure>
<system-out>
<![CDATA[
[[ATTACHMENT|test-results/vendor-Vendor-Management-V-453fa-cs-and-performance-tracking-chromium/test-failed-1.png]]

[[ATTACHMENT|test-results/vendor-Vendor-Management-V-453fa-cs-and-performance-tracking-chromium/video.webm]]

[[ATTACHMENT|test-results/vendor-Vendor-Management-V-453fa-cs-and-performance-tracking-chromium/error-context.md]]
]]>
</system-out>
</testcase>
</testsuite>
<testsuite name="venue.spec.ts" timestamp="2025-10-22T18:37:21.475Z" hostname="chromium" tests="6" failures="6" skipped="0" time="205.761" errors="0">
<testcase name="Venue Management › Venue search and filtering" classname="venue.spec.ts" time="33.612">
<failure message="venue.spec.ts:5:7 Venue search and filtering" type="FAILURE">
<![CDATA[  [chromium] › venue.spec.ts:5:7 › Venue Management › Venue search and filtering ───────────────────

    Test timeout of 30000ms exceeded.

    Error: page.fill: Test timeout of 30000ms exceeded.
    Call log:
      - waiting for locator('input[placeholder*="Search venues"], input[name="search"]')


       7 |     
       8 |     // Search for venues
    >  9 |     await page.fill('input[placeholder*="Search venues"], input[name="search"]', 'Colombo');
         |                ^
      10 |     await page.click('button[type="submit"], button:has-text("Search")');
      11 |     
      12 |     // Apply filters
        at /Users/asithalakmal/Documents/web/final project/WeddingLK-next copy/tests/e2e/venue.spec.ts:9:16

    attachment #1: screenshot (image/png) ──────────────────────────────────────────────────────────
    ../../test-results/venue-Venue-Management-Venue-search-and-filtering-chromium/test-failed-1.png
    ────────────────────────────────────────────────────────────────────────────────────────────────

    attachment #2: video (video/webm) ──────────────────────────────────────────────────────────────
    ../../test-results/venue-Venue-Management-Venue-search-and-filtering-chromium/video.webm
    ────────────────────────────────────────────────────────────────────────────────────────────────

    Error Context: ../../test-results/venue-Venue-Management-Venue-search-and-filtering-chromium/error-context.md
]]>
</failure>
<system-out>
<![CDATA[
[[ATTACHMENT|test-results/venue-Venue-Management-Venue-search-and-filtering-chromium/test-failed-1.png]]

[[ATTACHMENT|test-results/venue-Venue-Management-Venue-search-and-filtering-chromium/video.webm]]

[[ATTACHMENT|test-results/venue-Venue-Management-Venue-search-and-filtering-chromium/error-context.md]]
]]>
</system-out>
</testcase>
<testcase name="Venue Management › Venue details and booking inquiry" classname="venue.spec.ts" time="33.914">
<failure message="venue.spec.ts:24:7 Venue details and booking inquiry" type="FAILURE">
<![CDATA[  [chromium] › venue.spec.ts:24:7 › Venue Management › Venue details and booking inquiry ───────────

    Test timeout of 30000ms exceeded.

    Error: page.click: Test timeout of 30000ms exceeded.
    Call log:
      - waiting for locator('.venue-card:first-child, [data-testid="venue-card"]:first-child')


      26 |     
      27 |     // Click on first venue
    > 28 |     await page.click('.venue-card:first-child, [data-testid="venue-card"]:first-child');
         |                ^
      29 |     await expect(page).toHaveURL(/\/venues\/\d+/);
      30 |     
      31 |     // Check venue details
        at /Users/asithalakmal/Documents/web/final project/WeddingLK-next copy/tests/e2e/venue.spec.ts:28:16

    attachment #1: screenshot (image/png) ──────────────────────────────────────────────────────────
    ../../test-results/venue-Venue-Management-Venue-details-and-booking-inquiry-chromium/test-failed-1.png
    ────────────────────────────────────────────────────────────────────────────────────────────────

    attachment #2: video (video/webm) ──────────────────────────────────────────────────────────────
    ../../test-results/venue-Venue-Management-Venue-details-and-booking-inquiry-chromium/video.webm
    ────────────────────────────────────────────────────────────────────────────────────────────────

    Error Context: ../../test-results/venue-Venue-Management-Venue-details-and-booking-inquiry-chromium/error-context.md
]]>
</failure>
<system-out>
<![CDATA[
[[ATTACHMENT|test-results/venue-Venue-Management-Venue-details-and-booking-inquiry-chromium/test-failed-1.png]]

[[ATTACHMENT|test-results/venue-Venue-Management-Venue-details-and-booking-inquiry-chromium/video.webm]]

[[ATTACHMENT|test-results/venue-Venue-Management-Venue-details-and-booking-inquiry-chromium/error-context.md]]
]]>
</system-out>
</testcase>
<testcase name="Venue Management › Venue availability calendar" classname="venue.spec.ts" time="33.78">
<failure message="venue.spec.ts:60:7 Venue availability calendar" type="FAILURE">
<![CDATA[  [chromium] › venue.spec.ts:60:7 › Venue Management › Venue availability calendar ─────────────────

    Test timeout of 30000ms exceeded.

    Error: page.click: Test timeout of 30000ms exceeded.
    Call log:
      - waiting for locator('.venue-card:first-child, [data-testid="venue-card"]:first-child')


      60 |   test('Venue availability calendar', async ({ page }) => {
      61 |     await page.goto('/venues');
    > 62 |     await page.click('.venue-card:first-child, [data-testid="venue-card"]:first-child');
         |                ^
      63 |     
      64 |     // Check availability calendar
      65 |     await page.click('text=Check Availability, [data-testid="availability-button"]');
        at /Users/asithalakmal/Documents/web/final project/WeddingLK-next copy/tests/e2e/venue.spec.ts:62:16

    attachment #1: screenshot (image/png) ──────────────────────────────────────────────────────────
    ../../test-results/venue-Venue-Management-Venue-availability-calendar-chromium/test-failed-1.png
    ────────────────────────────────────────────────────────────────────────────────────────────────

    attachment #2: video (video/webm) ──────────────────────────────────────────────────────────────
    ../../test-results/venue-Venue-Management-Venue-availability-calendar-chromium/video.webm
    ────────────────────────────────────────────────────────────────────────────────────────────────

    Error Context: ../../test-results/venue-Venue-Management-Venue-availability-calendar-chromium/error-context.md
]]>
</failure>
<system-out>
<![CDATA[
[[ATTACHMENT|test-results/venue-Venue-Management-Venue-availability-calendar-chromium/test-failed-1.png]]

[[ATTACHMENT|test-results/venue-Venue-Management-Venue-availability-calendar-chromium/video.webm]]

[[ATTACHMENT|test-results/venue-Venue-Management-Venue-availability-calendar-chromium/error-context.md]]
]]>
</system-out>
</testcase>
<testcase name="Venue Management › Venue reviews and ratings" classname="venue.spec.ts" time="33.874">
<failure message="venue.spec.ts:73:7 Venue reviews and ratings" type="FAILURE">
<![CDATA[  [chromium] › venue.spec.ts:73:7 › Venue Management › Venue reviews and ratings ───────────────────

    Test timeout of 30000ms exceeded.

    Error: page.click: Test timeout of 30000ms exceeded.
    Call log:
      - waiting for locator('.venue-card:first-child, [data-testid="venue-card"]:first-child')


      73 |   test('Venue reviews and ratings', async ({ page }) => {
      74 |     await page.goto('/venues');
    > 75 |     await page.click('.venue-card:first-child, [data-testid="venue-card"]:first-child');
         |                ^
      76 |     
      77 |     // Check reviews section
      78 |     await page.click('text=Reviews, [data-testid="reviews-tab"]');
        at /Users/asithalakmal/Documents/web/final project/WeddingLK-next copy/tests/e2e/venue.spec.ts:75:16

    attachment #1: screenshot (image/png) ──────────────────────────────────────────────────────────
    ../../test-results/venue-Venue-Management-Venue-reviews-and-ratings-chromium/test-failed-1.png
    ────────────────────────────────────────────────────────────────────────────────────────────────

    attachment #2: video (video/webm) ──────────────────────────────────────────────────────────────
    ../../test-results/venue-Venue-Management-Venue-reviews-and-ratings-chromium/video.webm
    ────────────────────────────────────────────────────────────────────────────────────────────────

    Error Context: ../../test-results/venue-Venue-Management-Venue-reviews-and-ratings-chromium/error-context.md
]]>
</failure>
<system-out>
<![CDATA[
[[ATTACHMENT|test-results/venue-Venue-Management-Venue-reviews-and-ratings-chromium/test-failed-1.png]]

[[ATTACHMENT|test-results/venue-Venue-Management-Venue-reviews-and-ratings-chromium/video.webm]]

[[ATTACHMENT|test-results/venue-Venue-Management-Venue-reviews-and-ratings-chromium/error-context.md]]
]]>
</system-out>
</testcase>
<testcase name="Venue Management › Venue owner management" classname="venue.spec.ts" time="34.442">
<failure message="venue.spec.ts:85:7 Venue owner management" type="FAILURE">
<![CDATA[  [chromium] › venue.spec.ts:85:7 › Venue Management › Venue owner management ──────────────────────

    Test timeout of 30000ms exceeded.

    Error: page.fill: Test timeout of 30000ms exceeded.
    Call log:
      - waiting for locator('input[name="email"]')


      86 |     // Login as venue owner
      87 |     await page.goto('/auth/signin');
    > 88 |     await page.fill('input[name="email"]', process.env.TEST_VENUE_OWNER_EMAIL || 'venue@test.local');
         |                ^
      89 |     await page.fill('input[name="password"]', process.env.TEST_VENUE_OWNER_PASSWORD || 'VenuePass123!');
      90 |     await page.click('button[type="submit"]');
      91 |     await expect(page).toHaveURL(/\/dashboard/);
        at /Users/asithalakmal/Documents/web/final project/WeddingLK-next copy/tests/e2e/venue.spec.ts:88:16

    attachment #1: screenshot (image/png) ──────────────────────────────────────────────────────────
    ../../test-results/venue-Venue-Management-Venue-owner-management-chromium/test-failed-1.png
    ────────────────────────────────────────────────────────────────────────────────────────────────

    attachment #2: video (video/webm) ──────────────────────────────────────────────────────────────
    ../../test-results/venue-Venue-Management-Venue-owner-management-chromium/video.webm
    ────────────────────────────────────────────────────────────────────────────────────────────────

    Error Context: ../../test-results/venue-Venue-Management-Venue-owner-management-chromium/error-context.md
]]>
</failure>
<system-out>
<![CDATA[
[[ATTACHMENT|test-results/venue-Venue-Management-Venue-owner-management-chromium/test-failed-1.png]]

[[ATTACHMENT|test-results/venue-Venue-Management-Venue-owner-management-chromium/video.webm]]

[[ATTACHMENT|test-results/venue-Venue-Management-Venue-owner-management-chromium/error-context.md]]
]]>
</system-out>
</testcase>
<testcase name="Venue Management › Venue booking management" classname="venue.spec.ts" time="36.139">
<failure message="venue.spec.ts:123:7 Venue booking management" type="FAILURE">
<![CDATA[  [chromium] › venue.spec.ts:123:7 › Venue Management › Venue booking management ───────────────────

    Test timeout of 30000ms exceeded.

    Error: page.fill: Test timeout of 30000ms exceeded.
    Call log:
      - waiting for locator('input[name="email"]')


      124 |     // Login as venue owner
      125 |     await page.goto('/auth/signin');
    > 126 |     await page.fill('input[name="email"]', process.env.TEST_VENUE_OWNER_EMAIL || 'venue@test.local');
          |                ^
      127 |     await page.fill('input[name="password"]', process.env.TEST_VENUE_OWNER_PASSWORD || 'VenuePass123!');
      128 |     await page.click('button[type="submit"]');
      129 |     await expect(page).toHaveURL(/\/dashboard/);
        at /Users/asithalakmal/Documents/web/final project/WeddingLK-next copy/tests/e2e/venue.spec.ts:126:16

    attachment #1: screenshot (image/png) ──────────────────────────────────────────────────────────
    ../../test-results/venue-Venue-Management-Venue-booking-management-chromium/test-failed-1.png
    ────────────────────────────────────────────────────────────────────────────────────────────────

    attachment #2: video (video/webm) ──────────────────────────────────────────────────────────────
    ../../test-results/venue-Venue-Management-Venue-booking-management-chromium/video.webm
    ────────────────────────────────────────────────────────────────────────────────────────────────

    Error Context: ../../test-results/venue-Venue-Management-Venue-booking-management-chromium/error-context.md
]]>
</failure>
<system-out>
<![CDATA[
[[ATTACHMENT|test-results/venue-Venue-Management-Venue-booking-management-chromium/test-failed-1.png]]

[[ATTACHMENT|test-results/venue-Venue-Management-Venue-booking-management-chromium/video.webm]]

[[ATTACHMENT|test-results/venue-Venue-Management-Venue-booking-management-chromium/error-context.md]]
]]>
</system-out>
</testcase>
</testsuite>
<testsuite name="api-integration.spec.ts" timestamp="2025-10-22T18:37:21.475Z" hostname="firefox" tests="55" failures="49" skipped="0" time="323.06" errors="0">
<testcase name="🔐 Authentication API Tests › User Registration API" classname="api-integration.spec.ts" time="7.058">
<failure message="api-integration.spec.ts:56:7 User Registration API" type="FAILURE">
<![CDATA[  [firefox] › api-integration.spec.ts:56:7 › 🔐 Authentication API Tests › User Registration API ───

    Error: expect(received).toBe(expected) // Object.is equality

    Expected: 201
    Received: 400

      64 |     });
      65 |     
    > 66 |     expect(response.status()).toBe(201);
         |                               ^
      67 |     const data = await response.json();
      68 |     expect(data.success).toBe(true);
      69 |     expect(data.message).toContain('User registered successfully');
        at /Users/asithalakmal/Documents/web/final project/WeddingLK-next copy/tests/e2e/api-integration.spec.ts:66:31

    attachment #1: screenshot (image/png) ──────────────────────────────────────────────────────────
    ../../test-results/api-integration-🔐-Authent-2e205-Tests-User-Registration-API-firefox/test-failed-1.png
    ────────────────────────────────────────────────────────────────────────────────────────────────

    attachment #2: video (video/webm) ──────────────────────────────────────────────────────────────
    ../../test-results/api-integration-🔐-Authent-2e205-Tests-User-Registration-API-firefox/video.webm
    ────────────────────────────────────────────────────────────────────────────────────────────────
]]>
</failure>
<system-out>
<![CDATA[
[[ATTACHMENT|test-results/api-integration-🔐-Authent-2e205-Tests-User-Registration-API-firefox/test-failed-1.png]]

[[ATTACHMENT|test-results/api-integration-🔐-Authent-2e205-Tests-User-Registration-API-firefox/video.webm]]
]]>
</system-out>
</testcase>
<testcase name="🔐 Authentication API Tests › User Login API" classname="api-integration.spec.ts" time="5.951">
<failure message="api-integration.spec.ts:72:7 User Login API" type="FAILURE">
<![CDATA[  [firefox] › api-integration.spec.ts:72:7 › 🔐 Authentication API Tests › User Login API ──────────

    Error: expect(received).toBe(expected) // Object.is equality

    Expected: 200
    Received: 400

      78 |     });
      79 |     
    > 80 |     expect(response.status()).toBe(200);
         |                               ^
      81 |     const data = await response.json();
      82 |     expect(data.success).toBe(true);
      83 |     expect(data.token).toBeDefined();
        at /Users/asithalakmal/Documents/web/final project/WeddingLK-next copy/tests/e2e/api-integration.spec.ts:80:31

    attachment #1: screenshot (image/png) ──────────────────────────────────────────────────────────
    ../../test-results/api-integration-🔐-Authentication-API-Tests-User-Login-API-firefox/test-failed-1.png
    ────────────────────────────────────────────────────────────────────────────────────────────────

    attachment #2: video (video/webm) ──────────────────────────────────────────────────────────────
    ../../test-results/api-integration-🔐-Authentication-API-Tests-User-Login-API-firefox/video.webm
    ────────────────────────────────────────────────────────────────────────────────────────────────
]]>
</failure>
<system-out>
<![CDATA[
[[ATTACHMENT|test-results/api-integration-🔐-Authentication-API-Tests-User-Login-API-firefox/test-failed-1.png]]

[[ATTACHMENT|test-results/api-integration-🔐-Authentication-API-Tests-User-Login-API-firefox/video.webm]]
]]>
</system-out>
</testcase>
<testcase name="🔐 Authentication API Tests › Invalid Login API" classname="api-integration.spec.ts" time="5.866">
<failure message="api-integration.spec.ts:87:7 Invalid Login API" type="FAILURE">
<![CDATA[  [firefox] › api-integration.spec.ts:87:7 › 🔐 Authentication API Tests › Invalid Login API ───────

    Error: expect(received).toBe(expected) // Object.is equality

    Expected: 401
    Received: 400

      93 |     });
      94 |     
    > 95 |     expect(response.status()).toBe(401);
         |                               ^
      96 |     const data = await response.json();
      97 |     expect(data.success).toBe(false);
      98 |     expect(data.message).toContain('Invalid credentials');
        at /Users/asithalakmal/Documents/web/final project/WeddingLK-next copy/tests/e2e/api-integration.spec.ts:95:31

    attachment #1: screenshot (image/png) ──────────────────────────────────────────────────────────
    ../../test-results/api-integration-🔐-Authent-4b7fb-API-Tests-Invalid-Login-API-firefox/test-failed-1.png
    ────────────────────────────────────────────────────────────────────────────────────────────────

    attachment #2: video (video/webm) ──────────────────────────────────────────────────────────────
    ../../test-results/api-integration-🔐-Authent-4b7fb-API-Tests-Invalid-Login-API-firefox/video.webm
    ────────────────────────────────────────────────────────────────────────────────────────────────
]]>
</failure>
<system-out>
<![CDATA[
[[ATTACHMENT|test-results/api-integration-🔐-Authent-4b7fb-API-Tests-Invalid-Login-API-firefox/test-failed-1.png]]

[[ATTACHMENT|test-results/api-integration-🔐-Authent-4b7fb-API-Tests-Invalid-Login-API-firefox/video.webm]]
]]>
</system-out>
</testcase>
<testcase name="🔐 Authentication API Tests › Password Reset API" classname="api-integration.spec.ts" time="9.006">
<failure message="api-integration.spec.ts:101:7 Password Reset API" type="FAILURE">
<![CDATA[  [firefox] › api-integration.spec.ts:101:7 › 🔐 Authentication API Tests › Password Reset API ─────

    Error: expect(received).toContain(expected) // indexOf

    Expected substring: "Password reset email sent"
    Received string:    "If an account with that email exists, a password reset link has been sent."

      107 |     const data = await response.json();
      108 |     expect(data.success).toBe(true);
    > 109 |     expect(data.message).toContain('Password reset email sent');
          |                          ^
      110 |   });
      111 |
      112 |   test('Email Verification API', async ({ page }) => {
        at /Users/asithalakmal/Documents/web/final project/WeddingLK-next copy/tests/e2e/api-integration.spec.ts:109:26

    attachment #1: screenshot (image/png) ──────────────────────────────────────────────────────────
    ../../test-results/api-integration-🔐-Authent-64b4c-PI-Tests-Password-Reset-API-firefox/test-failed-1.png
    ────────────────────────────────────────────────────────────────────────────────────────────────

    attachment #2: video (video/webm) ──────────────────────────────────────────────────────────────
    ../../test-results/api-integration-🔐-Authent-64b4c-PI-Tests-Password-Reset-API-firefox/video.webm
    ────────────────────────────────────────────────────────────────────────────────────────────────
]]>
</failure>
<system-out>
<![CDATA[
[[ATTACHMENT|test-results/api-integration-🔐-Authent-64b4c-PI-Tests-Password-Reset-API-firefox/test-failed-1.png]]

[[ATTACHMENT|test-results/api-integration-🔐-Authent-64b4c-PI-Tests-Password-Reset-API-firefox/video.webm]]
]]>
</system-out>
</testcase>
<testcase name="🔐 Authentication API Tests › Email Verification API" classname="api-integration.spec.ts" time="6.929">
<failure message="api-integration.spec.ts:112:7 Email Verification API" type="FAILURE">
<![CDATA[  [firefox] › api-integration.spec.ts:112:7 › 🔐 Authentication API Tests › Email Verification API ─

    Error: expect(received).toBe(expected) // Object.is equality

    Expected: 200
    Received: 400

      115 |     });
      116 |     
    > 117 |     expect(response.status()).toBe(200);
          |                               ^
      118 |     const data = await response.json();
      119 |     expect(data.success).toBe(true);
      120 |   });
        at /Users/asithalakmal/Documents/web/final project/WeddingLK-next copy/tests/e2e/api-integration.spec.ts:117:31

    attachment #1: screenshot (image/png) ──────────────────────────────────────────────────────────
    ../../test-results/api-integration-🔐-Authent-28344-ests-Email-Verification-API-firefox/test-failed-1.png
    ────────────────────────────────────────────────────────────────────────────────────────────────

    attachment #2: video (video/webm) ──────────────────────────────────────────────────────────────
    ../../test-results/api-integration-🔐-Authent-28344-ests-Email-Verification-API-firefox/video.webm
    ────────────────────────────────────────────────────────────────────────────────────────────────
]]>
</failure>
<system-out>
<![CDATA[
[[ATTACHMENT|test-results/api-integration-🔐-Authent-28344-ests-Email-Verification-API-firefox/test-failed-1.png]]

[[ATTACHMENT|test-results/api-integration-🔐-Authent-28344-ests-Email-Verification-API-firefox/video.webm]]
]]>
</system-out>
</testcase>
<testcase name="👤 User Management API Tests › Get User Profile API" classname="api-integration.spec.ts" time="5.255">
<failure message="api-integration.spec.ts:124:7 Get User Profile API" type="FAILURE">
<![CDATA[  [firefox] › api-integration.spec.ts:124:7 › 👤 User Management API Tests › Get User Profile API ──

    SyntaxError: Unexpected token 'E', "Error: Thi"... is not valid JSON

      43 |     data: { email, password }
      44 |   });
    > 45 |   const data = await response.json();
         |                ^
      46 |   return data.token;
      47 | }
      48 |
        at getAuthToken (/Users/asithalakmal/Documents/web/final project/WeddingLK-next copy/tests/e2e/api-integration.spec.ts:45:16)
        at /Users/asithalakmal/Documents/web/final project/WeddingLK-next copy/tests/e2e/api-integration.spec.ts:125:19

    attachment #1: screenshot (image/png) ──────────────────────────────────────────────────────────
    ../../test-results/api-integration-👤-User-Ma-c1c93--Tests-Get-User-Profile-API-firefox/test-failed-1.png
    ────────────────────────────────────────────────────────────────────────────────────────────────

    attachment #2: video (video/webm) ──────────────────────────────────────────────────────────────
    ../../test-results/api-integration-👤-User-Ma-c1c93--Tests-Get-User-Profile-API-firefox/video.webm
    ────────────────────────────────────────────────────────────────────────────────────────────────
]]>
</failure>
<system-out>
<![CDATA[
[[ATTACHMENT|test-results/api-integration-👤-User-Ma-c1c93--Tests-Get-User-Profile-API-firefox/test-failed-1.png]]

[[ATTACHMENT|test-results/api-integration-👤-User-Ma-c1c93--Tests-Get-User-Profile-API-firefox/video.webm]]
]]>
</system-out>
</testcase>
<testcase name="👤 User Management API Tests › Update User Profile API" classname="api-integration.spec.ts" time="5.715">
<failure message="api-integration.spec.ts:136:7 Update User Profile API" type="FAILURE">
<![CDATA[  [firefox] › api-integration.spec.ts:136:7 › 👤 User Management API Tests › Update User Profile API 

    SyntaxError: Unexpected token 'E', "Error: Thi"... is not valid JSON

      43 |     data: { email, password }
      44 |   });
    > 45 |   const data = await response.json();
         |                ^
      46 |   return data.token;
      47 | }
      48 |
        at getAuthToken (/Users/asithalakmal/Documents/web/final project/WeddingLK-next copy/tests/e2e/api-integration.spec.ts:45:16)
        at /Users/asithalakmal/Documents/web/final project/WeddingLK-next copy/tests/e2e/api-integration.spec.ts:137:19

    attachment #1: screenshot (image/png) ──────────────────────────────────────────────────────────
    ../../test-results/api-integration-👤-User-Ma-6e586-sts-Update-User-Profile-API-firefox/test-failed-1.png
    ────────────────────────────────────────────────────────────────────────────────────────────────

    attachment #2: video (video/webm) ──────────────────────────────────────────────────────────────
    ../../test-results/api-integration-👤-User-Ma-6e586-sts-Update-User-Profile-API-firefox/video.webm
    ────────────────────────────────────────────────────────────────────────────────────────────────
]]>
</failure>
<system-out>
<![CDATA[
[[ATTACHMENT|test-results/api-integration-👤-User-Ma-6e586-sts-Update-User-Profile-API-firefox/test-failed-1.png]]

[[ATTACHMENT|test-results/api-integration-👤-User-Ma-6e586-sts-Update-User-Profile-API-firefox/video.webm]]
]]>
</system-out>
</testcase>
<testcase name="👤 User Management API Tests › Get User Favorites API" classname="api-integration.spec.ts" time="5.55">
<failure message="api-integration.spec.ts:150:7 Get User Favorites API" type="FAILURE">
<![CDATA[  [firefox] › api-integration.spec.ts:150:7 › 👤 User Management API Tests › Get User Favorites API 

    SyntaxError: Unexpected token 'E', "Error: Thi"... is not valid JSON

      43 |     data: { email, password }
      44 |   });
    > 45 |   const data = await response.json();
         |                ^
      46 |   return data.token;
      47 | }
      48 |
        at getAuthToken (/Users/asithalakmal/Documents/web/final project/WeddingLK-next copy/tests/e2e/api-integration.spec.ts:45:16)
        at /Users/asithalakmal/Documents/web/final project/WeddingLK-next copy/tests/e2e/api-integration.spec.ts:151:19

    attachment #1: screenshot (image/png) ──────────────────────────────────────────────────────────
    ../../test-results/api-integration-👤-User-Ma-2df14-ests-Get-User-Favorites-API-firefox/test-failed-1.png
    ────────────────────────────────────────────────────────────────────────────────────────────────

    attachment #2: video (video/webm) ──────────────────────────────────────────────────────────────
    ../../test-results/api-integration-👤-User-Ma-2df14-ests-Get-User-Favorites-API-firefox/video.webm
    ────────────────────────────────────────────────────────────────────────────────────────────────
]]>
</failure>
<system-out>
<![CDATA[
[[ATTACHMENT|test-results/api-integration-👤-User-Ma-2df14-ests-Get-User-Favorites-API-firefox/test-failed-1.png]]

[[ATTACHMENT|test-results/api-integration-👤-User-Ma-2df14-ests-Get-User-Favorites-API-firefox/video.webm]]
]]>
</system-out>
</testcase>
<testcase name="👤 User Management API Tests › Add User Favorite API" classname="api-integration.spec.ts" time="6.099">
<failure message="api-integration.spec.ts:161:7 Add User Favorite API" type="FAILURE">
<![CDATA[  [firefox] › api-integration.spec.ts:161:7 › 👤 User Management API Tests › Add User Favorite API ─

    SyntaxError: Unexpected token 'E', "Error: Thi"... is not valid JSON

      43 |     data: { email, password }
      44 |   });
    > 45 |   const data = await response.json();
         |                ^
      46 |   return data.token;
      47 | }
      48 |
        at getAuthToken (/Users/asithalakmal/Documents/web/final project/WeddingLK-next copy/tests/e2e/api-integration.spec.ts:45:16)
        at /Users/asithalakmal/Documents/web/final project/WeddingLK-next copy/tests/e2e/api-integration.spec.ts:162:19

    attachment #1: screenshot (image/png) ──────────────────────────────────────────────────────────
    ../../test-results/api-integration-👤-User-Ma-0917f-Tests-Add-User-Favorite-API-firefox/test-failed-1.png
    ────────────────────────────────────────────────────────────────────────────────────────────────

    attachment #2: video (video/webm) ──────────────────────────────────────────────────────────────
    ../../test-results/api-integration-👤-User-Ma-0917f-Tests-Add-User-Favorite-API-firefox/video.webm
    ────────────────────────────────────────────────────────────────────────────────────────────────
]]>
</failure>
<system-out>
<![CDATA[
[[ATTACHMENT|test-results/api-integration-👤-User-Ma-0917f-Tests-Add-User-Favorite-API-firefox/test-failed-1.png]]

[[ATTACHMENT|test-results/api-integration-👤-User-Ma-0917f-Tests-Add-User-Favorite-API-firefox/video.webm]]
]]>
</system-out>
</testcase>
<testcase name="🏢 Vendor Management API Tests › Vendor Registration API" classname="api-integration.spec.ts" time="5.384">
<failure message="api-integration.spec.ts:177:7 Vendor Registration API" type="FAILURE">
<![CDATA[  [firefox] › api-integration.spec.ts:177:7 › 🏢 Vendor Management API Tests › Vendor Registration API 

    Error: expect(received).toBe(expected) // Object.is equality

    Expected: 201
    Received: 401

      186 |     });
      187 |     
    > 188 |     expect(response.status()).toBe(201);
          |                               ^
      189 |     const data = await response.json();
      190 |     expect(data.success).toBe(true);
      191 |     expect(data.message).toContain('Vendor registration submitted');
        at /Users/asithalakmal/Documents/web/final project/WeddingLK-next copy/tests/e2e/api-integration.spec.ts:188:31

    attachment #1: screenshot (image/png) ──────────────────────────────────────────────────────────
    ../../test-results/api-integration-🏢-Vendor--a5f85-sts-Vendor-Registration-API-firefox/test-failed-1.png
    ────────────────────────────────────────────────────────────────────────────────────────────────

    attachment #2: video (video/webm) ──────────────────────────────────────────────────────────────
    ../../test-results/api-integration-🏢-Vendor--a5f85-sts-Vendor-Registration-API-firefox/video.webm
    ────────────────────────────────────────────────────────────────────────────────────────────────
]]>
</failure>
<system-out>
<![CDATA[
[[ATTACHMENT|test-results/api-integration-🏢-Vendor--a5f85-sts-Vendor-Registration-API-firefox/test-failed-1.png]]

[[ATTACHMENT|test-results/api-integration-🏢-Vendor--a5f85-sts-Vendor-Registration-API-firefox/video.webm]]
]]>
</system-out>
</testcase>
<testcase name="🏢 Vendor Management API Tests › Get Vendor Services API" classname="api-integration.spec.ts" time="5.335">
<failure message="api-integration.spec.ts:194:7 Get Vendor Services API" type="FAILURE">
<![CDATA[  [firefox] › api-integration.spec.ts:194:7 › 🏢 Vendor Management API Tests › Get Vendor Services API 

    SyntaxError: Unexpected token 'E', "Error: Thi"... is not valid JSON

      43 |     data: { email, password }
      44 |   });
    > 45 |   const data = await response.json();
         |                ^
      46 |   return data.token;
      47 | }
      48 |
        at getAuthToken (/Users/asithalakmal/Documents/web/final project/WeddingLK-next copy/tests/e2e/api-integration.spec.ts:45:16)
        at /Users/asithalakmal/Documents/web/final project/WeddingLK-next copy/tests/e2e/api-integration.spec.ts:195:19

    attachment #1: screenshot (image/png) ──────────────────────────────────────────────────────────
    ../../test-results/api-integration-🏢-Vendor--4dc71-sts-Get-Vendor-Services-API-firefox/test-failed-1.png
    ────────────────────────────────────────────────────────────────────────────────────────────────

    attachment #2: video (video/webm) ──────────────────────────────────────────────────────────────
    ../../test-results/api-integration-🏢-Vendor--4dc71-sts-Get-Vendor-Services-API-firefox/video.webm
    ────────────────────────────────────────────────────────────────────────────────────────────────
]]>
</failure>
<system-out>
<![CDATA[
[[ATTACHMENT|test-results/api-integration-🏢-Vendor--4dc71-sts-Get-Vendor-Services-API-firefox/test-failed-1.png]]

[[ATTACHMENT|test-results/api-integration-🏢-Vendor--4dc71-sts-Get-Vendor-Services-API-firefox/video.webm]]
]]>
</system-out>
</testcase>
<testcase name="🏢 Vendor Management API Tests › Create Vendor Service API" classname="api-integration.spec.ts" time="5.086">
<failure message="api-integration.spec.ts:205:7 Create Vendor Service API" type="FAILURE">
<![CDATA[  [firefox] › api-integration.spec.ts:205:7 › 🏢 Vendor Management API Tests › Create Vendor Service API 

    SyntaxError: Unexpected token 'E', "Error: Thi"... is not valid JSON

      43 |     data: { email, password }
      44 |   });
    > 45 |   const data = await response.json();
         |                ^
      46 |   return data.token;
      47 | }
      48 |
        at getAuthToken (/Users/asithalakmal/Documents/web/final project/WeddingLK-next copy/tests/e2e/api-integration.spec.ts:45:16)
        at /Users/asithalakmal/Documents/web/final project/WeddingLK-next copy/tests/e2e/api-integration.spec.ts:206:19

    attachment #1: screenshot (image/png) ──────────────────────────────────────────────────────────
    ../../test-results/api-integration-🏢-Vendor--32b06-s-Create-Vendor-Service-API-firefox/test-failed-1.png
    ────────────────────────────────────────────────────────────────────────────────────────────────

    attachment #2: video (video/webm) ──────────────────────────────────────────────────────────────
    ../../test-results/api-integration-🏢-Vendor--32b06-s-Create-Vendor-Service-API-firefox/video.webm
    ────────────────────────────────────────────────────────────────────────────────────────────────
]]>
</failure>
<system-out>
<![CDATA[
[[ATTACHMENT|test-results/api-integration-🏢-Vendor--32b06-s-Create-Vendor-Service-API-firefox/test-failed-1.png]]

[[ATTACHMENT|test-results/api-integration-🏢-Vendor--32b06-s-Create-Vendor-Service-API-firefox/video.webm]]
]]>
</system-out>
</testcase>
<testcase name="🏢 Vendor Management API Tests › Update Vendor Service API" classname="api-integration.spec.ts" time="4.822">
<failure message="api-integration.spec.ts:221:7 Update Vendor Service API" type="FAILURE">
<![CDATA[  [firefox] › api-integration.spec.ts:221:7 › 🏢 Vendor Management API Tests › Update Vendor Service API 

    SyntaxError: Unexpected token 'E', "Error: Thi"... is not valid JSON

      43 |     data: { email, password }
      44 |   });
    > 45 |   const data = await response.json();
         |                ^
      46 |   return data.token;
      47 | }
      48 |
        at getAuthToken (/Users/asithalakmal/Documents/web/final project/WeddingLK-next copy/tests/e2e/api-integration.spec.ts:45:16)
        at /Users/asithalakmal/Documents/web/final project/WeddingLK-next copy/tests/e2e/api-integration.spec.ts:222:19

    attachment #1: screenshot (image/png) ──────────────────────────────────────────────────────────
    ../../test-results/api-integration-🏢-Vendor--8ad41-s-Update-Vendor-Service-API-firefox/test-failed-1.png
    ────────────────────────────────────────────────────────────────────────────────────────────────

    attachment #2: video (video/webm) ──────────────────────────────────────────────────────────────
    ../../test-results/api-integration-🏢-Vendor--8ad41-s-Update-Vendor-Service-API-firefox/video.webm
    ────────────────────────────────────────────────────────────────────────────────────────────────
]]>
</failure>
<system-out>
<![CDATA[
[[ATTACHMENT|test-results/api-integration-🏢-Vendor--8ad41-s-Update-Vendor-Service-API-firefox/test-failed-1.png]]

[[ATTACHMENT|test-results/api-integration-🏢-Vendor--8ad41-s-Update-Vendor-Service-API-firefox/video.webm]]
]]>
</system-out>
</testcase>
<testcase name="🏢 Vendor Management API Tests › Delete Vendor Service API" classname="api-integration.spec.ts" time="5.362">
<failure message="api-integration.spec.ts:235:7 Delete Vendor Service API" type="FAILURE">
<![CDATA[  [firefox] › api-integration.spec.ts:235:7 › 🏢 Vendor Management API Tests › Delete Vendor Service API 

    SyntaxError: Unexpected token 'E', "Error: Thi"... is not valid JSON

      43 |     data: { email, password }
      44 |   });
    > 45 |   const data = await response.json();
         |                ^
      46 |   return data.token;
      47 | }
      48 |
        at getAuthToken (/Users/asithalakmal/Documents/web/final project/WeddingLK-next copy/tests/e2e/api-integration.spec.ts:45:16)
        at /Users/asithalakmal/Documents/web/final project/WeddingLK-next copy/tests/e2e/api-integration.spec.ts:236:19

    attachment #1: screenshot (image/png) ──────────────────────────────────────────────────────────
    ../../test-results/api-integration-🏢-Vendor--3ac39-s-Delete-Vendor-Service-API-firefox/test-failed-1.png
    ────────────────────────────────────────────────────────────────────────────────────────────────

    attachment #2: video (video/webm) ──────────────────────────────────────────────────────────────
    ../../test-results/api-integration-🏢-Vendor--3ac39-s-Delete-Vendor-Service-API-firefox/video.webm
    ────────────────────────────────────────────────────────────────────────────────────────────────
]]>
</failure>
<system-out>
<![CDATA[
[[ATTACHMENT|test-results/api-integration-🏢-Vendor--3ac39-s-Delete-Vendor-Service-API-firefox/test-failed-1.png]]

[[ATTACHMENT|test-results/api-integration-🏢-Vendor--3ac39-s-Delete-Vendor-Service-API-firefox/video.webm]]
]]>
</system-out>
</testcase>
<testcase name="🏢 Vendor Management API Tests › Get Vendor Analytics API" classname="api-integration.spec.ts" time="5.785">
<failure message="api-integration.spec.ts:246:7 Get Vendor Analytics API" type="FAILURE">
<![CDATA[  [firefox] › api-integration.spec.ts:246:7 › 🏢 Vendor Management API Tests › Get Vendor Analytics API 

    SyntaxError: Unexpected token 'E', "Error: Thi"... is not valid JSON

      43 |     data: { email, password }
      44 |   });
    > 45 |   const data = await response.json();
         |                ^
      46 |   return data.token;
      47 | }
      48 |
        at getAuthToken (/Users/asithalakmal/Documents/web/final project/WeddingLK-next copy/tests/e2e/api-integration.spec.ts:45:16)
        at /Users/asithalakmal/Documents/web/final project/WeddingLK-next copy/tests/e2e/api-integration.spec.ts:247:19

    attachment #1: screenshot (image/png) ──────────────────────────────────────────────────────────
    ../../test-results/api-integration-🏢-Vendor--6b8fc-ts-Get-Vendor-Analytics-API-firefox/test-failed-1.png
    ────────────────────────────────────────────────────────────────────────────────────────────────

    attachment #2: video (video/webm) ──────────────────────────────────────────────────────────────
    ../../test-results/api-integration-🏢-Vendor--6b8fc-ts-Get-Vendor-Analytics-API-firefox/video.webm
    ────────────────────────────────────────────────────────────────────────────────────────────────
]]>
</failure>
<system-out>
<![CDATA[
[[ATTACHMENT|test-results/api-integration-🏢-Vendor--6b8fc-ts-Get-Vendor-Analytics-API-firefox/test-failed-1.png]]

[[ATTACHMENT|test-results/api-integration-🏢-Vendor--6b8fc-ts-Get-Vendor-Analytics-API-firefox/video.webm]]
]]>
</system-out>
</testcase>
<testcase name="📅 Booking Management API Tests › Create Booking API" classname="api-integration.spec.ts" time="5.055">
<failure message="api-integration.spec.ts:261:7 Create Booking API" type="FAILURE">
<![CDATA[  [firefox] › api-integration.spec.ts:261:7 › 📅 Booking Management API Tests › Create Booking API ─

    SyntaxError: Unexpected token 'E', "Error: Thi"... is not valid JSON

      43 |     data: { email, password }
      44 |   });
    > 45 |   const data = await response.json();
         |                ^
      46 |   return data.token;
      47 | }
      48 |
        at getAuthToken (/Users/asithalakmal/Documents/web/final project/WeddingLK-next copy/tests/e2e/api-integration.spec.ts:45:16)
        at /Users/asithalakmal/Documents/web/final project/WeddingLK-next copy/tests/e2e/api-integration.spec.ts:262:19

    attachment #1: screenshot (image/png) ──────────────────────────────────────────────────────────
    ../../test-results/api-integration-📅-Booking-f6016-PI-Tests-Create-Booking-API-firefox/test-failed-1.png
    ────────────────────────────────────────────────────────────────────────────────────────────────

    attachment #2: video (video/webm) ──────────────────────────────────────────────────────────────
    ../../test-results/api-integration-📅-Booking-f6016-PI-Tests-Create-Booking-API-firefox/video.webm
    ────────────────────────────────────────────────────────────────────────────────────────────────
]]>
</failure>
<system-out>
<![CDATA[
[[ATTACHMENT|test-results/api-integration-📅-Booking-f6016-PI-Tests-Create-Booking-API-firefox/test-failed-1.png]]

[[ATTACHMENT|test-results/api-integration-📅-Booking-f6016-PI-Tests-Create-Booking-API-firefox/video.webm]]
]]>
</system-out>
</testcase>
<testcase name="📅 Booking Management API Tests › Get User Bookings API" classname="api-integration.spec.ts" time="5.666">
<failure message="api-integration.spec.ts:279:7 Get User Bookings API" type="FAILURE">
<![CDATA[  [firefox] › api-integration.spec.ts:279:7 › 📅 Booking Management API Tests › Get User Bookings API 

    SyntaxError: Unexpected token 'E', "Error: Thi"... is not valid JSON

      43 |     data: { email, password }
      44 |   });
    > 45 |   const data = await response.json();
         |                ^
      46 |   return data.token;
      47 | }
      48 |
        at getAuthToken (/Users/asithalakmal/Documents/web/final project/WeddingLK-next copy/tests/e2e/api-integration.spec.ts:45:16)
        at /Users/asithalakmal/Documents/web/final project/WeddingLK-next copy/tests/e2e/api-integration.spec.ts:280:19

    attachment #1: screenshot (image/png) ──────────────────────────────────────────────────────────
    ../../test-results/api-integration-📅-Booking-0e3ce-Tests-Get-User-Bookings-API-firefox/test-failed-1.png
    ────────────────────────────────────────────────────────────────────────────────────────────────

    attachment #2: video (video/webm) ──────────────────────────────────────────────────────────────
    ../../test-results/api-integration-📅-Booking-0e3ce-Tests-Get-User-Bookings-API-firefox/video.webm
    ────────────────────────────────────────────────────────────────────────────────────────────────
]]>
</failure>
<system-out>
<![CDATA[
[[ATTACHMENT|test-results/api-integration-📅-Booking-0e3ce-Tests-Get-User-Bookings-API-firefox/test-failed-1.png]]

[[ATTACHMENT|test-results/api-integration-📅-Booking-0e3ce-Tests-Get-User-Bookings-API-firefox/video.webm]]
]]>
</system-out>
</testcase>
<testcase name="📅 Booking Management API Tests › Update Booking API" classname="api-integration.spec.ts" time="5.334">
<failure message="api-integration.spec.ts:290:7 Update Booking API" type="FAILURE">
<![CDATA[  [firefox] › api-integration.spec.ts:290:7 › 📅 Booking Management API Tests › Update Booking API ─

    SyntaxError: Unexpected token 'E', "Error: Thi"... is not valid JSON

      43 |     data: { email, password }
      44 |   });
    > 45 |   const data = await response.json();
         |                ^
      46 |   return data.token;
      47 | }
      48 |
        at getAuthToken (/Users/asithalakmal/Documents/web/final project/WeddingLK-next copy/tests/e2e/api-integration.spec.ts:45:16)
        at /Users/asithalakmal/Documents/web/final project/WeddingLK-next copy/tests/e2e/api-integration.spec.ts:291:19

    attachment #1: screenshot (image/png) ──────────────────────────────────────────────────────────
    ../../test-results/api-integration-📅-Booking-a7a44-PI-Tests-Update-Booking-API-firefox/test-failed-1.png
    ────────────────────────────────────────────────────────────────────────────────────────────────

    attachment #2: video (video/webm) ──────────────────────────────────────────────────────────────
    ../../test-results/api-integration-📅-Booking-a7a44-PI-Tests-Update-Booking-API-firefox/video.webm
    ────────────────────────────────────────────────────────────────────────────────────────────────
]]>
</failure>
<system-out>
<![CDATA[
[[ATTACHMENT|test-results/api-integration-📅-Booking-a7a44-PI-Tests-Update-Booking-API-firefox/test-failed-1.png]]

[[ATTACHMENT|test-results/api-integration-📅-Booking-a7a44-PI-Tests-Update-Booking-API-firefox/video.webm]]
]]>
</system-out>
</testcase>
<testcase name="📅 Booking Management API Tests › Cancel Booking API" classname="api-integration.spec.ts" time="5.673">
<failure message="api-integration.spec.ts:304:7 Cancel Booking API" type="FAILURE">
<![CDATA[  [firefox] › api-integration.spec.ts:304:7 › 📅 Booking Management API Tests › Cancel Booking API ─

    SyntaxError: Unexpected token 'E', "Error: Thi"... is not valid JSON

      43 |     data: { email, password }
      44 |   });
    > 45 |   const data = await response.json();
         |                ^
      46 |   return data.token;
      47 | }
      48 |
        at getAuthToken (/Users/asithalakmal/Documents/web/final project/WeddingLK-next copy/tests/e2e/api-integration.spec.ts:45:16)
        at /Users/asithalakmal/Documents/web/final project/WeddingLK-next copy/tests/e2e/api-integration.spec.ts:305:19

    attachment #1: screenshot (image/png) ──────────────────────────────────────────────────────────
    ../../test-results/api-integration-📅-Booking-7c911-PI-Tests-Cancel-Booking-API-firefox/test-failed-1.png
    ────────────────────────────────────────────────────────────────────────────────────────────────

    attachment #2: video (video/webm) ──────────────────────────────────────────────────────────────
    ../../test-results/api-integration-📅-Booking-7c911-PI-Tests-Cancel-Booking-API-firefox/video.webm
    ────────────────────────────────────────────────────────────────────────────────────────────────
]]>
</failure>
<system-out>
<![CDATA[
[[ATTACHMENT|test-results/api-integration-📅-Booking-7c911-PI-Tests-Cancel-Booking-API-firefox/test-failed-1.png]]

[[ATTACHMENT|test-results/api-integration-📅-Booking-7c911-PI-Tests-Cancel-Booking-API-firefox/video.webm]]
]]>
</system-out>
</testcase>
<testcase name="📅 Booking Management API Tests › Get Vendor Bookings API" classname="api-integration.spec.ts" time="5.169">
<failure message="api-integration.spec.ts:315:7 Get Vendor Bookings API" type="FAILURE">
<![CDATA[  [firefox] › api-integration.spec.ts:315:7 › 📅 Booking Management API Tests › Get Vendor Bookings API 

    SyntaxError: Unexpected token 'E', "Error: Thi"... is not valid JSON

      43 |     data: { email, password }
      44 |   });
    > 45 |   const data = await response.json();
         |                ^
      46 |   return data.token;
      47 | }
      48 |
        at getAuthToken (/Users/asithalakmal/Documents/web/final project/WeddingLK-next copy/tests/e2e/api-integration.spec.ts:45:16)
        at /Users/asithalakmal/Documents/web/final project/WeddingLK-next copy/tests/e2e/api-integration.spec.ts:316:19

    attachment #1: screenshot (image/png) ──────────────────────────────────────────────────────────
    ../../test-results/api-integration-📅-Booking-a710b-sts-Get-Vendor-Bookings-API-firefox/test-failed-1.png
    ────────────────────────────────────────────────────────────────────────────────────────────────

    attachment #2: video (video/webm) ──────────────────────────────────────────────────────────────
    ../../test-results/api-integration-📅-Booking-a710b-sts-Get-Vendor-Bookings-API-firefox/video.webm
    ────────────────────────────────────────────────────────────────────────────────────────────────
]]>
</failure>
<system-out>
<![CDATA[
[[ATTACHMENT|test-results/api-integration-📅-Booking-a710b-sts-Get-Vendor-Bookings-API-firefox/test-failed-1.png]]

[[ATTACHMENT|test-results/api-integration-📅-Booking-a710b-sts-Get-Vendor-Bookings-API-firefox/video.webm]]
]]>
</system-out>
</testcase>
<testcase name="📅 Booking Management API Tests › Update Booking Status API" classname="api-integration.spec.ts" time="6.02">
<failure message="api-integration.spec.ts:326:7 Update Booking Status API" type="FAILURE">
<![CDATA[  [firefox] › api-integration.spec.ts:326:7 › 📅 Booking Management API Tests › Update Booking Status API 

    SyntaxError: Unexpected token 'E', "Error: Thi"... is not valid JSON

      43 |     data: { email, password }
      44 |   });
    > 45 |   const data = await response.json();
         |                ^
      46 |   return data.token;
      47 | }
      48 |
        at getAuthToken (/Users/asithalakmal/Documents/web/final project/WeddingLK-next copy/tests/e2e/api-integration.spec.ts:45:16)
        at /Users/asithalakmal/Documents/web/final project/WeddingLK-next copy/tests/e2e/api-integration.spec.ts:327:19

    attachment #1: screenshot (image/png) ──────────────────────────────────────────────────────────
    ../../test-results/api-integration-📅-Booking-458f2-s-Update-Booking-Status-API-firefox/test-failed-1.png
    ────────────────────────────────────────────────────────────────────────────────────────────────

    attachment #2: video (video/webm) ──────────────────────────────────────────────────────────────
    ../../test-results/api-integration-📅-Booking-458f2-s-Update-Booking-Status-API-firefox/video.webm
    ────────────────────────────────────────────────────────────────────────────────────────────────
]]>
</failure>
<system-out>
<![CDATA[
[[ATTACHMENT|test-results/api-integration-📅-Booking-458f2-s-Update-Booking-Status-API-firefox/test-failed-1.png]]

[[ATTACHMENT|test-results/api-integration-📅-Booking-458f2-s-Update-Booking-Status-API-firefox/video.webm]]
]]>
</system-out>
</testcase>
<testcase name="🏛️ Venue Management API Tests › Get Venues API" classname="api-integration.spec.ts" time="6.133">
</testcase>
<testcase name="🏛️ Venue Management API Tests › Get Venue by ID API" classname="api-integration.spec.ts" time="6.608">
<failure message="api-integration.spec.ts:350:7 Get Venue by ID API" type="FAILURE">
<![CDATA[  [firefox] › api-integration.spec.ts:350:7 › 🏛️ Venue Management API Tests › Get Venue by ID API ─

    Error: expect(received).toBe(expected) // Object.is equality

    Expected: 200
    Received: 500

      350 |   test('Get Venue by ID API', async ({ page }) => {
      351 |     const response = await page.request.get('/api/venues/test-venue-id');
    > 352 |     expect(response.status()).toBe(200);
          |                               ^
      353 |     
      354 |     const data = await response.json();
      355 |     expect(data.success).toBe(true);
        at /Users/asithalakmal/Documents/web/final project/WeddingLK-next copy/tests/e2e/api-integration.spec.ts:352:31

    attachment #1: screenshot (image/png) ──────────────────────────────────────────────────────────
    ../../test-results/api-integration-🏛️-Venue--f15e9-I-Tests-Get-Venue-by-ID-API-firefox/test-failed-1.png
    ────────────────────────────────────────────────────────────────────────────────────────────────

    attachment #2: video (video/webm) ──────────────────────────────────────────────────────────────
    ../../test-results/api-integration-🏛️-Venue--f15e9-I-Tests-Get-Venue-by-ID-API-firefox/video.webm
    ────────────────────────────────────────────────────────────────────────────────────────────────
]]>
</failure>
<system-out>
<![CDATA[
[[ATTACHMENT|test-results/api-integration-🏛️-Venue--f15e9-I-Tests-Get-Venue-by-ID-API-firefox/test-failed-1.png]]

[[ATTACHMENT|test-results/api-integration-🏛️-Venue--f15e9-I-Tests-Get-Venue-by-ID-API-firefox/video.webm]]
]]>
</system-out>
</testcase>
<testcase name="🏛️ Venue Management API Tests › Search Venues API" classname="api-integration.spec.ts" time="3.086">
</testcase>
<testcase name="🏛️ Venue Management API Tests › Get Venue Availability API" classname="api-integration.spec.ts" time="2.286">
<failure message="api-integration.spec.ts:368:7 Get Venue Availability API" type="FAILURE">
<![CDATA[  [firefox] › api-integration.spec.ts:368:7 › 🏛️ Venue Management API Tests › Get Venue Availability API 

    Error: expect(received).toBe(expected) // Object.is equality

    Expected: 200
    Received: 500

      368 |   test('Get Venue Availability API', async ({ page }) => {
      369 |     const response = await page.request.get('/api/venues/availability?venueId=test-venue-id&date=2024-12-25');
    > 370 |     expect(response.status()).toBe(200);
          |                               ^
      371 |     
      372 |     const data = await response.json();
      373 |     expect(data.success).toBe(true);
        at /Users/asithalakmal/Documents/web/final project/WeddingLK-next copy/tests/e2e/api-integration.spec.ts:370:31

    attachment #1: screenshot (image/png) ──────────────────────────────────────────────────────────
    ../../test-results/api-integration-🏛️-Venue--1dc52--Get-Venue-Availability-API-firefox/test-failed-1.png
    ────────────────────────────────────────────────────────────────────────────────────────────────

    attachment #2: video (video/webm) ──────────────────────────────────────────────────────────────
    ../../test-results/api-integration-🏛️-Venue--1dc52--Get-Venue-Availability-API-firefox/video.webm
    ────────────────────────────────────────────────────────────────────────────────────────────────
]]>
</failure>
<system-out>
<![CDATA[
[[ATTACHMENT|test-results/api-integration-🏛️-Venue--1dc52--Get-Venue-Availability-API-firefox/test-failed-1.png]]

[[ATTACHMENT|test-results/api-integration-🏛️-Venue--1dc52--Get-Venue-Availability-API-firefox/video.webm]]
]]>
</system-out>
</testcase>
<testcase name="💳 Payment API Tests › Create Payment Intent API" classname="api-integration.spec.ts" time="4.999">
<failure message="api-integration.spec.ts:379:7 Create Payment Intent API" type="FAILURE">
<![CDATA[  [firefox] › api-integration.spec.ts:379:7 › 💳 Payment API Tests › Create Payment Intent API ─────

    SyntaxError: Unexpected token 'E', "Error: Thi"... is not valid JSON

      43 |     data: { email, password }
      44 |   });
    > 45 |   const data = await response.json();
         |                ^
      46 |   return data.token;
      47 | }
      48 |
        at getAuthToken (/Users/asithalakmal/Documents/web/final project/WeddingLK-next copy/tests/e2e/api-integration.spec.ts:45:16)
        at /Users/asithalakmal/Documents/web/final project/WeddingLK-next copy/tests/e2e/api-integration.spec.ts:380:19

    attachment #1: screenshot (image/png) ──────────────────────────────────────────────────────────
    ../../test-results/api-integration-💳-Payment-a4c14-s-Create-Payment-Intent-API-firefox/test-failed-1.png
    ────────────────────────────────────────────────────────────────────────────────────────────────

    attachment #2: video (video/webm) ──────────────────────────────────────────────────────────────
    ../../test-results/api-integration-💳-Payment-a4c14-s-Create-Payment-Intent-API-firefox/video.webm
    ────────────────────────────────────────────────────────────────────────────────────────────────
]]>
</failure>
<system-out>
<![CDATA[
[[ATTACHMENT|test-results/api-integration-💳-Payment-a4c14-s-Create-Payment-Intent-API-firefox/test-failed-1.png]]

[[ATTACHMENT|test-results/api-integration-💳-Payment-a4c14-s-Create-Payment-Intent-API-firefox/video.webm]]
]]>
</system-out>
</testcase>
<testcase name="💳 Payment API Tests › Get Payment History API" classname="api-integration.spec.ts" time="5.898">
<failure message="api-integration.spec.ts:394:7 Get Payment History API" type="FAILURE">
<![CDATA[  [firefox] › api-integration.spec.ts:394:7 › 💳 Payment API Tests › Get Payment History API ───────

    SyntaxError: Unexpected token 'E', "Error: Thi"... is not valid JSON

      43 |     data: { email, password }
      44 |   });
    > 45 |   const data = await response.json();
         |                ^
      46 |   return data.token;
      47 | }
      48 |
        at getAuthToken (/Users/asithalakmal/Documents/web/final project/WeddingLK-next copy/tests/e2e/api-integration.spec.ts:45:16)
        at /Users/asithalakmal/Documents/web/final project/WeddingLK-next copy/tests/e2e/api-integration.spec.ts:395:19

    attachment #1: screenshot (image/png) ──────────────────────────────────────────────────────────
    ../../test-results/api-integration-💳-Payment-API-Tests-Get-Payment-History-API-firefox/test-failed-1.png
    ────────────────────────────────────────────────────────────────────────────────────────────────

    attachment #2: video (video/webm) ──────────────────────────────────────────────────────────────
    ../../test-results/api-integration-💳-Payment-API-Tests-Get-Payment-History-API-firefox/video.webm
    ────────────────────────────────────────────────────────────────────────────────────────────────
]]>
</failure>
<system-out>
<![CDATA[
[[ATTACHMENT|test-results/api-integration-💳-Payment-API-Tests-Get-Payment-History-API-firefox/test-failed-1.png]]

[[ATTACHMENT|test-results/api-integration-💳-Payment-API-Tests-Get-Payment-History-API-firefox/video.webm]]
]]>
</system-out>
</testcase>
<testcase name="💳 Payment API Tests › Get Payment by ID API" classname="api-integration.spec.ts" time="5.745">
<failure message="api-integration.spec.ts:405:7 Get Payment by ID API" type="FAILURE">
<![CDATA[  [firefox] › api-integration.spec.ts:405:7 › 💳 Payment API Tests › Get Payment by ID API ─────────

    SyntaxError: Unexpected token 'E', "Error: Thi"... is not valid JSON

      43 |     data: { email, password }
      44 |   });
    > 45 |   const data = await response.json();
         |                ^
      46 |   return data.token;
      47 | }
      48 |
        at getAuthToken (/Users/asithalakmal/Documents/web/final project/WeddingLK-next copy/tests/e2e/api-integration.spec.ts:45:16)
        at /Users/asithalakmal/Documents/web/final project/WeddingLK-next copy/tests/e2e/api-integration.spec.ts:406:19

    attachment #1: screenshot (image/png) ──────────────────────────────────────────────────────────
    ../../test-results/api-integration-💳-Payment-API-Tests-Get-Payment-by-ID-API-firefox/test-failed-1.png
    ────────────────────────────────────────────────────────────────────────────────────────────────

    attachment #2: video (video/webm) ──────────────────────────────────────────────────────────────
    ../../test-results/api-integration-💳-Payment-API-Tests-Get-Payment-by-ID-API-firefox/video.webm
    ────────────────────────────────────────────────────────────────────────────────────────────────
]]>
</failure>
<system-out>
<![CDATA[
[[ATTACHMENT|test-results/api-integration-💳-Payment-API-Tests-Get-Payment-by-ID-API-firefox/test-failed-1.png]]

[[ATTACHMENT|test-results/api-integration-💳-Payment-API-Tests-Get-Payment-by-ID-API-firefox/video.webm]]
]]>
</system-out>
</testcase>
<testcase name="📊 Dashboard API Tests › Get Dashboard Stats API" classname="api-integration.spec.ts" time="6.181">
<failure message="api-integration.spec.ts:418:7 Get Dashboard Stats API" type="FAILURE">
<![CDATA[  [firefox] › api-integration.spec.ts:418:7 › 📊 Dashboard API Tests › Get Dashboard Stats API ─────

    SyntaxError: Unexpected token 'E', "Error: Thi"... is not valid JSON

      43 |     data: { email, password }
      44 |   });
    > 45 |   const data = await response.json();
         |                ^
      46 |   return data.token;
      47 | }
      48 |
        at getAuthToken (/Users/asithalakmal/Documents/web/final project/WeddingLK-next copy/tests/e2e/api-integration.spec.ts:45:16)
        at /Users/asithalakmal/Documents/web/final project/WeddingLK-next copy/tests/e2e/api-integration.spec.ts:419:19

    attachment #1: screenshot (image/png) ──────────────────────────────────────────────────────────
    ../../test-results/api-integration-📊-Dashboa-bf9ef-sts-Get-Dashboard-Stats-API-firefox/test-failed-1.png
    ────────────────────────────────────────────────────────────────────────────────────────────────

    attachment #2: video (video/webm) ──────────────────────────────────────────────────────────────
    ../../test-results/api-integration-📊-Dashboa-bf9ef-sts-Get-Dashboard-Stats-API-firefox/video.webm
    ────────────────────────────────────────────────────────────────────────────────────────────────
]]>
</failure>
<system-out>
<![CDATA[
[[ATTACHMENT|test-results/api-integration-📊-Dashboa-bf9ef-sts-Get-Dashboard-Stats-API-firefox/test-failed-1.png]]

[[ATTACHMENT|test-results/api-integration-📊-Dashboa-bf9ef-sts-Get-Dashboard-Stats-API-firefox/video.webm]]
]]>
</system-out>
</testcase>
<testcase name="📊 Dashboard API Tests › Get Dashboard Activity API" classname="api-integration.spec.ts" time="5.141">
<failure message="api-integration.spec.ts:431:7 Get Dashboard Activity API" type="FAILURE">
<![CDATA[  [firefox] › api-integration.spec.ts:431:7 › 📊 Dashboard API Tests › Get Dashboard Activity API ──

    SyntaxError: Unexpected token 'E', "Error: Thi"... is not valid JSON

      43 |     data: { email, password }
      44 |   });
    > 45 |   const data = await response.json();
         |                ^
      46 |   return data.token;
      47 | }
      48 |
        at getAuthToken (/Users/asithalakmal/Documents/web/final project/WeddingLK-next copy/tests/e2e/api-integration.spec.ts:45:16)
        at /Users/asithalakmal/Documents/web/final project/WeddingLK-next copy/tests/e2e/api-integration.spec.ts:432:19

    attachment #1: screenshot (image/png) ──────────────────────────────────────────────────────────
    ../../test-results/api-integration-📊-Dashboa-0cd31--Get-Dashboard-Activity-API-firefox/test-failed-1.png
    ────────────────────────────────────────────────────────────────────────────────────────────────

    attachment #2: video (video/webm) ──────────────────────────────────────────────────────────────
    ../../test-results/api-integration-📊-Dashboa-0cd31--Get-Dashboard-Activity-API-firefox/video.webm
    ────────────────────────────────────────────────────────────────────────────────────────────────
]]>
</failure>
<system-out>
<![CDATA[
[[ATTACHMENT|test-results/api-integration-📊-Dashboa-0cd31--Get-Dashboard-Activity-API-firefox/test-failed-1.png]]

[[ATTACHMENT|test-results/api-integration-📊-Dashboa-0cd31--Get-Dashboard-Activity-API-firefox/video.webm]]
]]>
</system-out>
</testcase>
<testcase name="📊 Dashboard API Tests › Get User Dashboard Stats API" classname="api-integration.spec.ts" time="4.631">
<failure message="api-integration.spec.ts:442:7 Get User Dashboard Stats API" type="FAILURE">
<![CDATA[  [firefox] › api-integration.spec.ts:442:7 › 📊 Dashboard API Tests › Get User Dashboard Stats API 

    SyntaxError: Unexpected token 'E', "Error: Thi"... is not valid JSON

      43 |     data: { email, password }
      44 |   });
    > 45 |   const data = await response.json();
         |                ^
      46 |   return data.token;
      47 | }
      48 |
        at getAuthToken (/Users/asithalakmal/Documents/web/final project/WeddingLK-next copy/tests/e2e/api-integration.spec.ts:45:16)
        at /Users/asithalakmal/Documents/web/final project/WeddingLK-next copy/tests/e2e/api-integration.spec.ts:443:19

    attachment #1: screenshot (image/png) ──────────────────────────────────────────────────────────
    ../../test-results/api-integration-📊-Dashboa-f50b7-et-User-Dashboard-Stats-API-firefox/test-failed-1.png
    ────────────────────────────────────────────────────────────────────────────────────────────────

    attachment #2: video (video/webm) ──────────────────────────────────────────────────────────────
    ../../test-results/api-integration-📊-Dashboa-f50b7-et-User-Dashboard-Stats-API-firefox/video.webm
    ────────────────────────────────────────────────────────────────────────────────────────────────
]]>
</failure>
<system-out>
<![CDATA[
[[ATTACHMENT|test-results/api-integration-📊-Dashboa-f50b7-et-User-Dashboard-Stats-API-firefox/test-failed-1.png]]

[[ATTACHMENT|test-results/api-integration-📊-Dashboa-f50b7-et-User-Dashboard-Stats-API-firefox/video.webm]]
]]>
</system-out>
</testcase>
<testcase name="📊 Dashboard API Tests › Get Vendor Dashboard Stats API" classname="api-integration.spec.ts" time="4.724">
<failure message="api-integration.spec.ts:453:7 Get Vendor Dashboard Stats API" type="FAILURE">
<![CDATA[  [firefox] › api-integration.spec.ts:453:7 › 📊 Dashboard API Tests › Get Vendor Dashboard Stats API 

    SyntaxError: Unexpected token 'E', "Error: Thi"... is not valid JSON

      43 |     data: { email, password }
      44 |   });
    > 45 |   const data = await response.json();
         |                ^
      46 |   return data.token;
      47 | }
      48 |
        at getAuthToken (/Users/asithalakmal/Documents/web/final project/WeddingLK-next copy/tests/e2e/api-integration.spec.ts:45:16)
        at /Users/asithalakmal/Documents/web/final project/WeddingLK-next copy/tests/e2e/api-integration.spec.ts:454:19

    attachment #1: screenshot (image/png) ──────────────────────────────────────────────────────────
    ../../test-results/api-integration-📊-Dashboa-87572--Vendor-Dashboard-Stats-API-firefox/test-failed-1.png
    ────────────────────────────────────────────────────────────────────────────────────────────────

    attachment #2: video (video/webm) ──────────────────────────────────────────────────────────────
    ../../test-results/api-integration-📊-Dashboa-87572--Vendor-Dashboard-Stats-API-firefox/video.webm
    ────────────────────────────────────────────────────────────────────────────────────────────────
]]>
</failure>
<system-out>
<![CDATA[
[[ATTACHMENT|test-results/api-integration-📊-Dashboa-87572--Vendor-Dashboard-Stats-API-firefox/test-failed-1.png]]

[[ATTACHMENT|test-results/api-integration-📊-Dashboa-87572--Vendor-Dashboard-Stats-API-firefox/video.webm]]
]]>
</system-out>
</testcase>
<testcase name="📊 Dashboard API Tests › Get Admin Dashboard Stats API" classname="api-integration.spec.ts" time="5.282">
<failure message="api-integration.spec.ts:464:7 Get Admin Dashboard Stats API" type="FAILURE">
<![CDATA[  [firefox] › api-integration.spec.ts:464:7 › 📊 Dashboard API Tests › Get Admin Dashboard Stats API 

    SyntaxError: Unexpected token 'E', "Error: Thi"... is not valid JSON

      43 |     data: { email, password }
      44 |   });
    > 45 |   const data = await response.json();
         |                ^
      46 |   return data.token;
      47 | }
      48 |
        at getAuthToken (/Users/asithalakmal/Documents/web/final project/WeddingLK-next copy/tests/e2e/api-integration.spec.ts:45:16)
        at /Users/asithalakmal/Documents/web/final project/WeddingLK-next copy/tests/e2e/api-integration.spec.ts:465:19

    attachment #1: screenshot (image/png) ──────────────────────────────────────────────────────────
    ../../test-results/api-integration-📊-Dashboa-9ac1f-t-Admin-Dashboard-Stats-API-firefox/test-failed-1.png
    ────────────────────────────────────────────────────────────────────────────────────────────────

    attachment #2: video (video/webm) ──────────────────────────────────────────────────────────────
    ../../test-results/api-integration-📊-Dashboa-9ac1f-t-Admin-Dashboard-Stats-API-firefox/video.webm
    ────────────────────────────────────────────────────────────────────────────────────────────────
]]>
</failure>
<system-out>
<![CDATA[
[[ATTACHMENT|test-results/api-integration-📊-Dashboa-9ac1f-t-Admin-Dashboard-Stats-API-firefox/test-failed-1.png]]

[[ATTACHMENT|test-results/api-integration-📊-Dashboa-9ac1f-t-Admin-Dashboard-Stats-API-firefox/video.webm]]
]]>
</system-out>
</testcase>
<testcase name="👥 Wedding Planner API Tests › Get Planner Clients API" classname="api-integration.spec.ts" time="5.102">
<failure message="api-integration.spec.ts:477:7 Get Planner Clients API" type="FAILURE">
<![CDATA[  [firefox] › api-integration.spec.ts:477:7 › 👥 Wedding Planner API Tests › Get Planner Clients API 

    SyntaxError: Unexpected token 'E', "Error: Thi"... is not valid JSON

      43 |     data: { email, password }
      44 |   });
    > 45 |   const data = await response.json();
         |                ^
      46 |   return data.token;
      47 | }
      48 |
        at getAuthToken (/Users/asithalakmal/Documents/web/final project/WeddingLK-next copy/tests/e2e/api-integration.spec.ts:45:16)
        at /Users/asithalakmal/Documents/web/final project/WeddingLK-next copy/tests/e2e/api-integration.spec.ts:478:19

    attachment #1: screenshot (image/png) ──────────────────────────────────────────────────────────
    ../../test-results/api-integration-👥-Wedding-2c0a3-sts-Get-Planner-Clients-API-firefox/test-failed-1.png
    ────────────────────────────────────────────────────────────────────────────────────────────────

    attachment #2: video (video/webm) ──────────────────────────────────────────────────────────────
    ../../test-results/api-integration-👥-Wedding-2c0a3-sts-Get-Planner-Clients-API-firefox/video.webm
    ────────────────────────────────────────────────────────────────────────────────────────────────
]]>
</failure>
<system-out>
<![CDATA[
[[ATTACHMENT|test-results/api-integration-👥-Wedding-2c0a3-sts-Get-Planner-Clients-API-firefox/test-failed-1.png]]

[[ATTACHMENT|test-results/api-integration-👥-Wedding-2c0a3-sts-Get-Planner-Clients-API-firefox/video.webm]]
]]>
</system-out>
</testcase>
<testcase name="👥 Wedding Planner API Tests › Create Planner Client API" classname="api-integration.spec.ts" time="5.393">
<failure message="api-integration.spec.ts:488:7 Create Planner Client API" type="FAILURE">
<![CDATA[  [firefox] › api-integration.spec.ts:488:7 › 👥 Wedding Planner API Tests › Create Planner Client API 

    SyntaxError: Unexpected token 'E', "Error: Thi"... is not valid JSON

      43 |     data: { email, password }
      44 |   });
    > 45 |   const data = await response.json();
         |                ^
      46 |   return data.token;
      47 | }
      48 |
        at getAuthToken (/Users/asithalakmal/Documents/web/final project/WeddingLK-next copy/tests/e2e/api-integration.spec.ts:45:16)
        at /Users/asithalakmal/Documents/web/final project/WeddingLK-next copy/tests/e2e/api-integration.spec.ts:489:19

    attachment #1: screenshot (image/png) ──────────────────────────────────────────────────────────
    ../../test-results/api-integration-👥-Wedding-61866-s-Create-Planner-Client-API-firefox/test-failed-1.png
    ────────────────────────────────────────────────────────────────────────────────────────────────

    attachment #2: video (video/webm) ──────────────────────────────────────────────────────────────
    ../../test-results/api-integration-👥-Wedding-61866-s-Create-Planner-Client-API-firefox/video.webm
    ────────────────────────────────────────────────────────────────────────────────────────────────
]]>
</failure>
<system-out>
<![CDATA[
[[ATTACHMENT|test-results/api-integration-👥-Wedding-61866-s-Create-Planner-Client-API-firefox/test-failed-1.png]]

[[ATTACHMENT|test-results/api-integration-👥-Wedding-61866-s-Create-Planner-Client-API-firefox/video.webm]]
]]>
</system-out>
</testcase>
<testcase name="👥 Wedding Planner API Tests › Get Planner Tasks API" classname="api-integration.spec.ts" time="6.147">
<failure message="api-integration.spec.ts:504:7 Get Planner Tasks API" type="FAILURE">
<![CDATA[  [firefox] › api-integration.spec.ts:504:7 › 👥 Wedding Planner API Tests › Get Planner Tasks API ─

    SyntaxError: Unexpected token 'E', "Error: Thi"... is not valid JSON

      43 |     data: { email, password }
      44 |   });
    > 45 |   const data = await response.json();
         |                ^
      46 |   return data.token;
      47 | }
      48 |
        at getAuthToken (/Users/asithalakmal/Documents/web/final project/WeddingLK-next copy/tests/e2e/api-integration.spec.ts:45:16)
        at /Users/asithalakmal/Documents/web/final project/WeddingLK-next copy/tests/e2e/api-integration.spec.ts:505:19

    attachment #1: screenshot (image/png) ──────────────────────────────────────────────────────────
    ../../test-results/api-integration-👥-Wedding-8c90f-Tests-Get-Planner-Tasks-API-firefox/test-failed-1.png
    ────────────────────────────────────────────────────────────────────────────────────────────────

    attachment #2: video (video/webm) ──────────────────────────────────────────────────────────────
    ../../test-results/api-integration-👥-Wedding-8c90f-Tests-Get-Planner-Tasks-API-firefox/video.webm
    ────────────────────────────────────────────────────────────────────────────────────────────────
]]>
</failure>
<system-out>
<![CDATA[
[[ATTACHMENT|test-results/api-integration-👥-Wedding-8c90f-Tests-Get-Planner-Tasks-API-firefox/test-failed-1.png]]

[[ATTACHMENT|test-results/api-integration-👥-Wedding-8c90f-Tests-Get-Planner-Tasks-API-firefox/video.webm]]
]]>
</system-out>
</testcase>
<testcase name="👥 Wedding Planner API Tests › Create Planner Task API" classname="api-integration.spec.ts" time="5.529">
<failure message="api-integration.spec.ts:515:7 Create Planner Task API" type="FAILURE">
<![CDATA[  [firefox] › api-integration.spec.ts:515:7 › 👥 Wedding Planner API Tests › Create Planner Task API 

    SyntaxError: Unexpected token 'E', "Error: Thi"... is not valid JSON

      43 |     data: { email, password }
      44 |   });
    > 45 |   const data = await response.json();
         |                ^
      46 |   return data.token;
      47 | }
      48 |
        at getAuthToken (/Users/asithalakmal/Documents/web/final project/WeddingLK-next copy/tests/e2e/api-integration.spec.ts:45:16)
        at /Users/asithalakmal/Documents/web/final project/WeddingLK-next copy/tests/e2e/api-integration.spec.ts:516:19

    attachment #1: screenshot (image/png) ──────────────────────────────────────────────────────────
    ../../test-results/api-integration-👥-Wedding-2690c-sts-Create-Planner-Task-API-firefox/test-failed-1.png
    ────────────────────────────────────────────────────────────────────────────────────────────────

    attachment #2: video (video/webm) ──────────────────────────────────────────────────────────────
    ../../test-results/api-integration-👥-Wedding-2690c-sts-Create-Planner-Task-API-firefox/video.webm
    ────────────────────────────────────────────────────────────────────────────────────────────────
]]>
</failure>
<system-out>
<![CDATA[
[[ATTACHMENT|test-results/api-integration-👥-Wedding-2690c-sts-Create-Planner-Task-API-firefox/test-failed-1.png]]

[[ATTACHMENT|test-results/api-integration-👥-Wedding-2690c-sts-Create-Planner-Task-API-firefox/video.webm]]
]]>
</system-out>
</testcase>
<testcase name="👑 Admin Management API Tests › Get All Users API" classname="api-integration.spec.ts" time="5.592">
<failure message="api-integration.spec.ts:534:7 Get All Users API" type="FAILURE">
<![CDATA[  [firefox] › api-integration.spec.ts:534:7 › 👑 Admin Management API Tests › Get All Users API ────

    SyntaxError: Unexpected token 'E', "Error: Thi"... is not valid JSON

      43 |     data: { email, password }
      44 |   });
    > 45 |   const data = await response.json();
         |                ^
      46 |   return data.token;
      47 | }
      48 |
        at getAuthToken (/Users/asithalakmal/Documents/web/final project/WeddingLK-next copy/tests/e2e/api-integration.spec.ts:45:16)
        at /Users/asithalakmal/Documents/web/final project/WeddingLK-next copy/tests/e2e/api-integration.spec.ts:535:19

    attachment #1: screenshot (image/png) ──────────────────────────────────────────────────────────
    ../../test-results/api-integration-👑-Admin-M-2be62-API-Tests-Get-All-Users-API-firefox/test-failed-1.png
    ────────────────────────────────────────────────────────────────────────────────────────────────

    attachment #2: video (video/webm) ──────────────────────────────────────────────────────────────
    ../../test-results/api-integration-👑-Admin-M-2be62-API-Tests-Get-All-Users-API-firefox/video.webm
    ────────────────────────────────────────────────────────────────────────────────────────────────
]]>
</failure>
<system-out>
<![CDATA[
[[ATTACHMENT|test-results/api-integration-👑-Admin-M-2be62-API-Tests-Get-All-Users-API-firefox/test-failed-1.png]]

[[ATTACHMENT|test-results/api-integration-👑-Admin-M-2be62-API-Tests-Get-All-Users-API-firefox/video.webm]]
]]>
</system-out>
</testcase>
<testcase name="👑 Admin Management API Tests › Get All Vendors API" classname="api-integration.spec.ts" time="6.477">
<failure message="api-integration.spec.ts:545:7 Get All Vendors API" type="FAILURE">
<![CDATA[  [firefox] › api-integration.spec.ts:545:7 › 👑 Admin Management API Tests › Get All Vendors API ──

    SyntaxError: Unexpected token 'E', "Error: Thi"... is not valid JSON

      43 |     data: { email, password }
      44 |   });
    > 45 |   const data = await response.json();
         |                ^
      46 |   return data.token;
      47 | }
      48 |
        at getAuthToken (/Users/asithalakmal/Documents/web/final project/WeddingLK-next copy/tests/e2e/api-integration.spec.ts:45:16)
        at /Users/asithalakmal/Documents/web/final project/WeddingLK-next copy/tests/e2e/api-integration.spec.ts:546:19

    attachment #1: screenshot (image/png) ──────────────────────────────────────────────────────────
    ../../test-results/api-integration-👑-Admin-M-588b2-I-Tests-Get-All-Vendors-API-firefox/test-failed-1.png
    ────────────────────────────────────────────────────────────────────────────────────────────────

    attachment #2: video (video/webm) ──────────────────────────────────────────────────────────────
    ../../test-results/api-integration-👑-Admin-M-588b2-I-Tests-Get-All-Vendors-API-firefox/video.webm
    ────────────────────────────────────────────────────────────────────────────────────────────────
]]>
</failure>
<system-out>
<![CDATA[
[[ATTACHMENT|test-results/api-integration-👑-Admin-M-588b2-I-Tests-Get-All-Vendors-API-firefox/test-failed-1.png]]

[[ATTACHMENT|test-results/api-integration-👑-Admin-M-588b2-I-Tests-Get-All-Vendors-API-firefox/video.webm]]
]]>
</system-out>
</testcase>
<testcase name="👑 Admin Management API Tests › Update User Role API" classname="api-integration.spec.ts" time="5.663">
<failure message="api-integration.spec.ts:556:7 Update User Role API" type="FAILURE">
<![CDATA[  [firefox] › api-integration.spec.ts:556:7 › 👑 Admin Management API Tests › Update User Role API ─

    SyntaxError: Unexpected token 'E', "Error: Thi"... is not valid JSON

      43 |     data: { email, password }
      44 |   });
    > 45 |   const data = await response.json();
         |                ^
      46 |   return data.token;
      47 | }
      48 |
        at getAuthToken (/Users/asithalakmal/Documents/web/final project/WeddingLK-next copy/tests/e2e/api-integration.spec.ts:45:16)
        at /Users/asithalakmal/Documents/web/final project/WeddingLK-next copy/tests/e2e/api-integration.spec.ts:557:19

    attachment #1: screenshot (image/png) ──────────────────────────────────────────────────────────
    ../../test-results/api-integration-👑-Admin-M-426c4--Tests-Update-User-Role-API-firefox/test-failed-1.png
    ────────────────────────────────────────────────────────────────────────────────────────────────

    attachment #2: video (video/webm) ──────────────────────────────────────────────────────────────
    ../../test-results/api-integration-👑-Admin-M-426c4--Tests-Update-User-Role-API-firefox/video.webm
    ────────────────────────────────────────────────────────────────────────────────────────────────
]]>
</failure>
<system-out>
<![CDATA[
[[ATTACHMENT|test-results/api-integration-👑-Admin-M-426c4--Tests-Update-User-Role-API-firefox/test-failed-1.png]]

[[ATTACHMENT|test-results/api-integration-👑-Admin-M-426c4--Tests-Update-User-Role-API-firefox/video.webm]]
]]>
</system-out>
</testcase>
<testcase name="👑 Admin Management API Tests › Get Admin Reports API" classname="api-integration.spec.ts" time="4.843">
<failure message="api-integration.spec.ts:569:7 Get Admin Reports API" type="FAILURE">
<![CDATA[  [firefox] › api-integration.spec.ts:569:7 › 👑 Admin Management API Tests › Get Admin Reports API 

    SyntaxError: Unexpected token 'E', "Error: Thi"... is not valid JSON

      43 |     data: { email, password }
      44 |   });
    > 45 |   const data = await response.json();
         |                ^
      46 |   return data.token;
      47 | }
      48 |
        at getAuthToken (/Users/asithalakmal/Documents/web/final project/WeddingLK-next copy/tests/e2e/api-integration.spec.ts:45:16)
        at /Users/asithalakmal/Documents/web/final project/WeddingLK-next copy/tests/e2e/api-integration.spec.ts:570:19

    attachment #1: screenshot (image/png) ──────────────────────────────────────────────────────────
    ../../test-results/api-integration-👑-Admin-M-bc282-Tests-Get-Admin-Reports-API-firefox/test-failed-1.png
    ────────────────────────────────────────────────────────────────────────────────────────────────

    attachment #2: video (video/webm) ──────────────────────────────────────────────────────────────
    ../../test-results/api-integration-👑-Admin-M-bc282-Tests-Get-Admin-Reports-API-firefox/video.webm
    ────────────────────────────────────────────────────────────────────────────────────────────────
]]>
</failure>
<system-out>
<![CDATA[
[[ATTACHMENT|test-results/api-integration-👑-Admin-M-bc282-Tests-Get-Admin-Reports-API-firefox/test-failed-1.png]]

[[ATTACHMENT|test-results/api-integration-👑-Admin-M-bc282-Tests-Get-Admin-Reports-API-firefox/video.webm]]
]]>
</system-out>
</testcase>
<testcase name="🔍 Search and Filter API Tests › Search Venues API" classname="api-integration.spec.ts" time="5.973">
</testcase>
<testcase name="🔍 Search and Filter API Tests › Search Vendors API" classname="api-integration.spec.ts" time="5.907">
</testcase>
<testcase name="🔍 Search and Filter API Tests › Filter Venues by Price API" classname="api-integration.spec.ts" time="2.204">
</testcase>
<testcase name="📱 Mobile API Tests › Mobile App Data API" classname="api-integration.spec.ts" time="2.012">
<failure message="api-integration.spec.ts:611:7 Mobile App Data API" type="FAILURE">
<![CDATA[  [firefox] › api-integration.spec.ts:611:7 › 📱 Mobile API Tests › Mobile App Data API ────────────

    SyntaxError: Unexpected token 'E', "Error: Thi"... is not valid JSON

      43 |     data: { email, password }
      44 |   });
    > 45 |   const data = await response.json();
         |                ^
      46 |   return data.token;
      47 | }
      48 |
        at getAuthToken (/Users/asithalakmal/Documents/web/final project/WeddingLK-next copy/tests/e2e/api-integration.spec.ts:45:16)
        at /Users/asithalakmal/Documents/web/final project/WeddingLK-next copy/tests/e2e/api-integration.spec.ts:612:19

    attachment #1: screenshot (image/png) ──────────────────────────────────────────────────────────
    ../../test-results/api-integration-📱-Mobile-API-Tests-Mobile-App-Data-API-firefox/test-failed-1.png
    ────────────────────────────────────────────────────────────────────────────────────────────────

    attachment #2: video (video/webm) ──────────────────────────────────────────────────────────────
    ../../test-results/api-integration-📱-Mobile-API-Tests-Mobile-App-Data-API-firefox/video.webm
    ────────────────────────────────────────────────────────────────────────────────────────────────
]]>
</failure>
<system-out>
<![CDATA[
[[ATTACHMENT|test-results/api-integration-📱-Mobile-API-Tests-Mobile-App-Data-API-firefox/test-failed-1.png]]

[[ATTACHMENT|test-results/api-integration-📱-Mobile-API-Tests-Mobile-App-Data-API-firefox/video.webm]]
]]>
</system-out>
</testcase>
<testcase name="📱 Mobile API Tests › Mobile Venues API" classname="api-integration.spec.ts" time="2.047">
<failure message="api-integration.spec.ts:625:7 Mobile Venues API" type="FAILURE">
<![CDATA[  [firefox] › api-integration.spec.ts:625:7 › 📱 Mobile API Tests › Mobile Venues API ──────────────

    SyntaxError: Unexpected token 'E', "Error: Thi"... is not valid JSON

      43 |     data: { email, password }
      44 |   });
    > 45 |   const data = await response.json();
         |                ^
      46 |   return data.token;
      47 | }
      48 |
        at getAuthToken (/Users/asithalakmal/Documents/web/final project/WeddingLK-next copy/tests/e2e/api-integration.spec.ts:45:16)
        at /Users/asithalakmal/Documents/web/final project/WeddingLK-next copy/tests/e2e/api-integration.spec.ts:626:19

    attachment #1: screenshot (image/png) ──────────────────────────────────────────────────────────
    ../../test-results/api-integration-📱-Mobile-API-Tests-Mobile-Venues-API-firefox/test-failed-1.png
    ────────────────────────────────────────────────────────────────────────────────────────────────

    attachment #2: video (video/webm) ──────────────────────────────────────────────────────────────
    ../../test-results/api-integration-📱-Mobile-API-Tests-Mobile-Venues-API-firefox/video.webm
    ────────────────────────────────────────────────────────────────────────────────────────────────
]]>
</failure>
<system-out>
<![CDATA[
[[ATTACHMENT|test-results/api-integration-📱-Mobile-API-Tests-Mobile-Venues-API-firefox/test-failed-1.png]]

[[ATTACHMENT|test-results/api-integration-📱-Mobile-API-Tests-Mobile-Venues-API-firefox/video.webm]]
]]>
</system-out>
</testcase>
<testcase name="🔔 Notification API Tests › Get Notifications API" classname="api-integration.spec.ts" time="5.062">
<failure message="api-integration.spec.ts:641:7 Get Notifications API" type="FAILURE">
<![CDATA[  [firefox] › api-integration.spec.ts:641:7 › 🔔 Notification API Tests › Get Notifications API ────

    SyntaxError: Unexpected token 'E', "Error: Thi"... is not valid JSON

      43 |     data: { email, password }
      44 |   });
    > 45 |   const data = await response.json();
         |                ^
      46 |   return data.token;
      47 | }
      48 |
        at getAuthToken (/Users/asithalakmal/Documents/web/final project/WeddingLK-next copy/tests/e2e/api-integration.spec.ts:45:16)
        at /Users/asithalakmal/Documents/web/final project/WeddingLK-next copy/tests/e2e/api-integration.spec.ts:642:19

    attachment #1: screenshot (image/png) ──────────────────────────────────────────────────────────
    ../../test-results/api-integration-🔔-Notific-9b174-Tests-Get-Notifications-API-firefox/test-failed-1.png
    ────────────────────────────────────────────────────────────────────────────────────────────────

    attachment #2: video (video/webm) ──────────────────────────────────────────────────────────────
    ../../test-results/api-integration-🔔-Notific-9b174-Tests-Get-Notifications-API-firefox/video.webm
    ────────────────────────────────────────────────────────────────────────────────────────────────
]]>
</failure>
<system-out>
<![CDATA[
[[ATTACHMENT|test-results/api-integration-🔔-Notific-9b174-Tests-Get-Notifications-API-firefox/test-failed-1.png]]

[[ATTACHMENT|test-results/api-integration-🔔-Notific-9b174-Tests-Get-Notifications-API-firefox/video.webm]]
]]>
</system-out>
</testcase>
<testcase name="🔔 Notification API Tests › Mark Notification as Read API" classname="api-integration.spec.ts" time="5.957">
<failure message="api-integration.spec.ts:652:7 Mark Notification as Read API" type="FAILURE">
<![CDATA[  [firefox] › api-integration.spec.ts:652:7 › 🔔 Notification API Tests › Mark Notification as Read API 

    SyntaxError: Unexpected token 'E', "Error: Thi"... is not valid JSON

      43 |     data: { email, password }
      44 |   });
    > 45 |   const data = await response.json();
         |                ^
      46 |   return data.token;
      47 | }
      48 |
        at getAuthToken (/Users/asithalakmal/Documents/web/final project/WeddingLK-next copy/tests/e2e/api-integration.spec.ts:45:16)
        at /Users/asithalakmal/Documents/web/final project/WeddingLK-next copy/tests/e2e/api-integration.spec.ts:653:19

    attachment #1: screenshot (image/png) ──────────────────────────────────────────────────────────
    ../../test-results/api-integration-🔔-Notific-6938f-rk-Notification-as-Read-API-firefox/test-failed-1.png
    ────────────────────────────────────────────────────────────────────────────────────────────────

    attachment #2: video (video/webm) ──────────────────────────────────────────────────────────────
    ../../test-results/api-integration-🔔-Notific-6938f-rk-Notification-as-Read-API-firefox/video.webm
    ────────────────────────────────────────────────────────────────────────────────────────────────
]]>
</failure>
<system-out>
<![CDATA[
[[ATTACHMENT|test-results/api-integration-🔔-Notific-6938f-rk-Notification-as-Read-API-firefox/test-failed-1.png]]

[[ATTACHMENT|test-results/api-integration-🔔-Notific-6938f-rk-Notification-as-Read-API-firefox/video.webm]]
]]>
</system-out>
</testcase>
<testcase name="🛡️ Security and Error Handling API Tests › Unauthorized API Access" classname="api-integration.spec.ts" time="5.35">
<failure message="api-integration.spec.ts:665:7 Unauthorized API Access" type="FAILURE">
<![CDATA[  [firefox] › api-integration.spec.ts:665:7 › 🛡️ Security and Error Handling API Tests › Unauthorized API Access 

    Error: expect(received).toContain(expected) // indexOf

    Expected substring: "Unauthorized"
    Received string:    "Authentication required"

      668 |     
      669 |     const data = await response.json();
    > 670 |     expect(data.error).toContain('Unauthorized');
          |                        ^
      671 |   });
      672 |
      673 |   test('Invalid Token API Access', async ({ page }) => {
        at /Users/asithalakmal/Documents/web/final project/WeddingLK-next copy/tests/e2e/api-integration.spec.ts:670:24

    attachment #1: screenshot (image/png) ──────────────────────────────────────────────────────────
    ../../test-results/api-integration-🛡️-Securi-b5273-sts-Unauthorized-API-Access-firefox/test-failed-1.png
    ────────────────────────────────────────────────────────────────────────────────────────────────

    attachment #2: video (video/webm) ──────────────────────────────────────────────────────────────
    ../../test-results/api-integration-🛡️-Securi-b5273-sts-Unauthorized-API-Access-firefox/video.webm
    ────────────────────────────────────────────────────────────────────────────────────────────────
]]>
</failure>
<system-out>
<![CDATA[
[[ATTACHMENT|test-results/api-integration-🛡️-Securi-b5273-sts-Unauthorized-API-Access-firefox/test-failed-1.png]]

[[ATTACHMENT|test-results/api-integration-🛡️-Securi-b5273-sts-Unauthorized-API-Access-firefox/video.webm]]
]]>
</system-out>
</testcase>
<testcase name="🛡️ Security and Error Handling API Tests › Invalid Token API Access" classname="api-integration.spec.ts" time="5.213">
</testcase>
<testcase name="🛡️ Security and Error Handling API Tests › Rate Limiting API" classname="api-integration.spec.ts" time="12.873">
<failure message="api-integration.spec.ts:680:7 Rate Limiting API" type="FAILURE">
<![CDATA[  [firefox] › api-integration.spec.ts:680:7 › 🛡️ Security and Error Handling API Tests › Rate Limiting API 

    Error: expect(received).toBeGreaterThan(expected)

    Expected: > 0
    Received:   0

      688 |     
      689 |     // At least one request should be rate limited
    > 690 |     expect(rateLimitedResponses.length).toBeGreaterThan(0);
          |                                         ^
      691 |   });
      692 |
      693 |   test('Input Validation API', async ({ page }) => {
        at /Users/asithalakmal/Documents/web/final project/WeddingLK-next copy/tests/e2e/api-integration.spec.ts:690:41

    attachment #1: screenshot (image/png) ──────────────────────────────────────────────────────────
    ../../test-results/api-integration-🛡️-Securi-733b3-API-Tests-Rate-Limiting-API-firefox/test-failed-1.png
    ────────────────────────────────────────────────────────────────────────────────────────────────

    attachment #2: video (video/webm) ──────────────────────────────────────────────────────────────
    ../../test-results/api-integration-🛡️-Securi-733b3-API-Tests-Rate-Limiting-API-firefox/video.webm
    ────────────────────────────────────────────────────────────────────────────────────────────────
]]>
</failure>
<system-out>
<![CDATA[
[[ATTACHMENT|test-results/api-integration-🛡️-Securi-733b3-API-Tests-Rate-Limiting-API-firefox/test-failed-1.png]]

[[ATTACHMENT|test-results/api-integration-🛡️-Securi-733b3-API-Tests-Rate-Limiting-API-firefox/video.webm]]
]]>
</system-out>
</testcase>
<testcase name="🛡️ Security and Error Handling API Tests › Input Validation API" classname="api-integration.spec.ts" time="2.032">
<failure message="api-integration.spec.ts:693:7 Input Validation API" type="FAILURE">
<![CDATA[  [firefox] › api-integration.spec.ts:693:7 › 🛡️ Security and Error Handling API Tests › Input Validation API 

    Error: expect(received).toBeDefined()

    Received: undefined

      702 |     expect(response.status()).toBe(400);
      703 |     const data = await response.json();
    > 704 |     expect(data.errors).toBeDefined();
          |                         ^
      705 |   });
      706 | });
      707 |
        at /Users/asithalakmal/Documents/web/final project/WeddingLK-next copy/tests/e2e/api-integration.spec.ts:704:25

    attachment #1: screenshot (image/png) ──────────────────────────────────────────────────────────
    ../../test-results/api-integration-🛡️-Securi-8d139--Tests-Input-Validation-API-firefox/test-failed-1.png
    ────────────────────────────────────────────────────────────────────────────────────────────────

    attachment #2: video (video/webm) ──────────────────────────────────────────────────────────────
    ../../test-results/api-integration-🛡️-Securi-8d139--Tests-Input-Validation-API-firefox/video.webm
    ────────────────────────────────────────────────────────────────────────────────────────────────
]]>
</failure>
<system-out>
<![CDATA[
[[ATTACHMENT|test-results/api-integration-🛡️-Securi-8d139--Tests-Input-Validation-API-firefox/test-failed-1.png]]

[[ATTACHMENT|test-results/api-integration-🛡️-Securi-8d139--Tests-Input-Validation-API-firefox/video.webm]]
]]>
</system-out>
</testcase>
<testcase name="📊 Analytics and Monitoring API Tests › Performance Monitoring API" classname="api-integration.spec.ts" time="5.82">
<failure message="api-integration.spec.ts:709:7 Performance Monitoring API" type="FAILURE">
<![CDATA[  [firefox] › api-integration.spec.ts:709:7 › 📊 Analytics and Monitoring API Tests › Performance Monitoring API 

    Error: expect(received).toBeDefined()

    Received: undefined

      713 |     const data = await response.json();
      714 |     expect(data.success).toBe(true);
    > 715 |     expect(data.metrics).toBeDefined();
          |                          ^
      716 |   });
      717 |
      718 |   test('Health Check API', async ({ page }) => {
        at /Users/asithalakmal/Documents/web/final project/WeddingLK-next copy/tests/e2e/api-integration.spec.ts:715:26

    attachment #1: screenshot (image/png) ──────────────────────────────────────────────────────────
    ../../test-results/api-integration-📊-Analyti-8d4fe--Performance-Monitoring-API-firefox/test-failed-1.png
    ────────────────────────────────────────────────────────────────────────────────────────────────

    attachment #2: video (video/webm) ──────────────────────────────────────────────────────────────
    ../../test-results/api-integration-📊-Analyti-8d4fe--Performance-Monitoring-API-firefox/video.webm
    ────────────────────────────────────────────────────────────────────────────────────────────────
]]>
</failure>
<system-out>
<![CDATA[
[[ATTACHMENT|test-results/api-integration-📊-Analyti-8d4fe--Performance-Monitoring-API-firefox/test-failed-1.png]]

[[ATTACHMENT|test-results/api-integration-📊-Analyti-8d4fe--Performance-Monitoring-API-firefox/video.webm]]
]]>
</system-out>
</testcase>
<testcase name="📊 Analytics and Monitoring API Tests › Health Check API" classname="api-integration.spec.ts" time="30.272">
<failure message="api-integration.spec.ts:718:7 Health Check API" type="FAILURE">
<![CDATA[  [firefox] › api-integration.spec.ts:718:7 › 📊 Analytics and Monitoring API Tests › Health Check API 

    Test timeout of 30000ms exceeded.

    Error: apiRequestContext.get: Target page, context or browser has been closed
    Call log:
      - → GET https://wedding-lk.vercel.app/api/health
        - user-agent: Mozilla/5.0 (Windows NT 10.0; Win64; x64; rv:142.0.1) Gecko/20100101 Firefox/142.0.1
        - accept: */*
        - accept-encoding: gzip,deflate,br


      717 |
      718 |   test('Health Check API', async ({ page }) => {
    > 719 |     const response = await page.request.get('/api/health');
          |                                         ^
      720 |     expect(response.status()).toBe(200);
      721 |     
      722 |     const data = await response.json();
        at /Users/asithalakmal/Documents/web/final project/WeddingLK-next copy/tests/e2e/api-integration.spec.ts:719:41

    attachment #1: screenshot (image/png) ──────────────────────────────────────────────────────────
    ../../test-results/api-integration-📊-Analyti-e1193--API-Tests-Health-Check-API-firefox/test-failed-1.png
    ────────────────────────────────────────────────────────────────────────────────────────────────

    attachment #2: video (video/webm) ──────────────────────────────────────────────────────────────
    ../../test-results/api-integration-📊-Analyti-e1193--API-Tests-Health-Check-API-firefox/video.webm
    ────────────────────────────────────────────────────────────────────────────────────────────────
]]>
</failure>
<system-out>
<![CDATA[
[[ATTACHMENT|test-results/api-integration-📊-Analyti-e1193--API-Tests-Health-Check-API-firefox/test-failed-1.png]]

[[ATTACHMENT|test-results/api-integration-📊-Analyti-e1193--API-Tests-Health-Check-API-firefox/video.webm]]
]]>
</system-out>
</testcase>
<testcase name="📊 Analytics and Monitoring API Tests › Error Tracking API" classname="api-integration.spec.ts" time="4.758">
<failure message="api-integration.spec.ts:727:7 Error Tracking API" type="FAILURE">
<![CDATA[  [firefox] › api-integration.spec.ts:727:7 › 📊 Analytics and Monitoring API Tests › Error Tracking API 

    Error: expect(received).toBe(expected) // Object.is equality

    Expected: 200
    Received: 401

      727 |   test('Error Tracking API', async ({ page }) => {
      728 |     const response = await page.request.get('/api/errors');
    > 729 |     expect(response.status()).toBe(200);
          |                               ^
      730 |     
      731 |     const data = await response.json();
      732 |     expect(data.success).toBe(true);
        at /Users/asithalakmal/Documents/web/final project/WeddingLK-next copy/tests/e2e/api-integration.spec.ts:729:31

    attachment #1: screenshot (image/png) ──────────────────────────────────────────────────────────
    ../../test-results/api-integration-📊-Analyti-cbfaa-PI-Tests-Error-Tracking-API-firefox/test-failed-1.png
    ────────────────────────────────────────────────────────────────────────────────────────────────

    attachment #2: video (video/webm) ──────────────────────────────────────────────────────────────
    ../../test-results/api-integration-📊-Analyti-cbfaa-PI-Tests-Error-Tracking-API-firefox/video.webm
    ────────────────────────────────────────────────────────────────────────────────────────────────
]]>
</failure>
<system-out>
<![CDATA[
[[ATTACHMENT|test-results/api-integration-📊-Analyti-cbfaa-PI-Tests-Error-Tracking-API-firefox/test-failed-1.png]]

[[ATTACHMENT|test-results/api-integration-📊-Analyti-cbfaa-PI-Tests-Error-Tracking-API-firefox/video.webm]]
]]>
</system-out>
</testcase>
</testsuite>
<testsuite name="auth.spec.ts" timestamp="2025-10-22T18:37:21.475Z" hostname="firefox" tests="5" failures="5" skipped="0" time="151.886" errors="0">
<testcase name="Authentication Flows › User registration -&gt; email verification -&gt; login -&gt; logout" classname="auth.spec.ts" time="30.622">
<failure message="auth.spec.ts:5:7 User registration -&gt; email verification -&gt; login -&gt; logout" type="FAILURE">
<![CDATA[  [firefox] › auth.spec.ts:5:7 › Authentication Flows › User registration -> email verification -> login -> logout 

    Test timeout of 30000ms exceeded.

    Error: page.fill: Test timeout of 30000ms exceeded.
    Call log:
      - waiting for locator('input[name="name"]')


      12 |     // Go to signup
      13 |     await page.goto('/auth/signup');
    > 14 |     await page.fill('input[name="name"]', user.name);
         |                ^
      15 |     await page.fill('input[name="email"]', user.email);
      16 |     await page.fill('input[name="password"]', user.password);
      17 |     await page.fill('input[name="confirmPassword"]', user.password);
        at /Users/asithalakmal/Documents/web/final project/WeddingLK-next copy/tests/e2e/auth.spec.ts:14:16

    attachment #1: screenshot (image/png) ──────────────────────────────────────────────────────────
    ../../test-results/auth-Authentication-Flows--b45f1-rification---login---logout-firefox/test-failed-1.png
    ────────────────────────────────────────────────────────────────────────────────────────────────

    attachment #2: video (video/webm) ──────────────────────────────────────────────────────────────
    ../../test-results/auth-Authentication-Flows--b45f1-rification---login---logout-firefox/video.webm
    ────────────────────────────────────────────────────────────────────────────────────────────────

    Error Context: ../../test-results/auth-Authentication-Flows--b45f1-rification---login---logout-firefox/error-context.md
]]>
</failure>
<system-out>
<![CDATA[
[[ATTACHMENT|test-results/auth-Authentication-Flows--b45f1-rification---login---logout-firefox/test-failed-1.png]]

[[ATTACHMENT|test-results/auth-Authentication-Flows--b45f1-rification---login---logout-firefox/video.webm]]

[[ATTACHMENT|test-results/auth-Authentication-Flows--b45f1-rification---login---logout-firefox/error-context.md]]
]]>
</system-out>
</testcase>
<testcase name="Authentication Flows › Login with invalid credentials should show error" classname="auth.spec.ts" time="30.354">
<failure message="auth.spec.ts:45:7 Login with invalid credentials should show error" type="FAILURE">
<![CDATA[  [firefox] › auth.spec.ts:45:7 › Authentication Flows › Login with invalid credentials should show error 

    Test timeout of 30000ms exceeded.

    Error: page.fill: Test timeout of 30000ms exceeded.
    Call log:
      - waiting for locator('input[name="email"]')


      45 |   test('Login with invalid credentials should show error', async ({ page }) => {
      46 |     await page.goto('/auth/signin');
    > 47 |     await page.fill('input[name="email"]', 'invalid@example.com');
         |                ^
      48 |     await page.fill('input[name="password"]', 'wrongpassword');
      49 |     await page.click('button[type="submit"]');
      50 |
        at /Users/asithalakmal/Documents/web/final project/WeddingLK-next copy/tests/e2e/auth.spec.ts:47:16

    attachment #1: screenshot (image/png) ──────────────────────────────────────────────────────────
    ../../test-results/auth-Authentication-Flows--2b2a9-edentials-should-show-error-firefox/test-failed-1.png
    ────────────────────────────────────────────────────────────────────────────────────────────────

    attachment #2: video (video/webm) ──────────────────────────────────────────────────────────────
    ../../test-results/auth-Authentication-Flows--2b2a9-edentials-should-show-error-firefox/video.webm
    ────────────────────────────────────────────────────────────────────────────────────────────────

    Error Context: ../../test-results/auth-Authentication-Flows--2b2a9-edentials-should-show-error-firefox/error-context.md
]]>
</failure>
<system-out>
<![CDATA[
[[ATTACHMENT|test-results/auth-Authentication-Flows--2b2a9-edentials-should-show-error-firefox/test-failed-1.png]]

[[ATTACHMENT|test-results/auth-Authentication-Flows--2b2a9-edentials-should-show-error-firefox/video.webm]]

[[ATTACHMENT|test-results/auth-Authentication-Flows--2b2a9-edentials-should-show-error-firefox/error-context.md]]
]]>
</system-out>
</testcase>
<testcase name="Authentication Flows › Forgot password flow" classname="auth.spec.ts" time="30.352">
<failure message="auth.spec.ts:54:7 Forgot password flow" type="FAILURE">
<![CDATA[  [firefox] › auth.spec.ts:54:7 › Authentication Flows › Forgot password flow ──────────────────────

    Test timeout of 30000ms exceeded.

    Error: page.fill: Test timeout of 30000ms exceeded.
    Call log:
      - waiting for locator('input[name="email"]')


      56 |     
      57 |     await page.goto('/auth/forgot-password');
    > 58 |     await page.fill('input[name="email"]', email);
         |                ^
      59 |     await page.click('button[type="submit"]');
      60 |
      61 |     await expect(page.locator('.success, .toast-success, [data-testid="success-message"]')).toBeVisible();
        at /Users/asithalakmal/Documents/web/final project/WeddingLK-next copy/tests/e2e/auth.spec.ts:58:16

    attachment #1: screenshot (image/png) ──────────────────────────────────────────────────────────
    ../../test-results/auth-Authentication-Flows-Forgot-password-flow-firefox/test-failed-1.png
    ────────────────────────────────────────────────────────────────────────────────────────────────

    attachment #2: video (video/webm) ──────────────────────────────────────────────────────────────
    ../../test-results/auth-Authentication-Flows-Forgot-password-flow-firefox/video.webm
    ────────────────────────────────────────────────────────────────────────────────────────────────

    Error Context: ../../test-results/auth-Authentication-Flows-Forgot-password-flow-firefox/error-context.md
]]>
</failure>
<system-out>
<![CDATA[
[[ATTACHMENT|test-results/auth-Authentication-Flows-Forgot-password-flow-firefox/test-failed-1.png]]

[[ATTACHMENT|test-results/auth-Authentication-Flows-Forgot-password-flow-firefox/video.webm]]

[[ATTACHMENT|test-results/auth-Authentication-Flows-Forgot-password-flow-firefox/error-context.md]]
]]>
</system-out>
</testcase>
<testcase name="Authentication Flows › Social login with Google" classname="auth.spec.ts" time="30.262">
<failure message="auth.spec.ts:70:7 Social login with Google" type="FAILURE">
<![CDATA[  [firefox] › auth.spec.ts:70:7 › Authentication Flows › Social login with Google ──────────────────

    Test timeout of 30000ms exceeded.

    Error: page.click: Test timeout of 30000ms exceeded.
    Call log:
      - waiting for locator('button[data-testid="google-login"], .google-login-button')


      87 |     });
      88 |
    > 89 |     await page.click('button[data-testid="google-login"], .google-login-button');
         |                ^
      90 |     await expect(page).toHaveURL(/\/dashboard/);
      91 |   });
      92 |
        at /Users/asithalakmal/Documents/web/final project/WeddingLK-next copy/tests/e2e/auth.spec.ts:89:16

    attachment #1: screenshot (image/png) ──────────────────────────────────────────────────────────
    ../../test-results/auth-Authentication-Flows-Social-login-with-Google-firefox/test-failed-1.png
    ────────────────────────────────────────────────────────────────────────────────────────────────

    attachment #2: video (video/webm) ──────────────────────────────────────────────────────────────
    ../../test-results/auth-Authentication-Flows-Social-login-with-Google-firefox/video.webm
    ────────────────────────────────────────────────────────────────────────────────────────────────

    Error Context: ../../test-results/auth-Authentication-Flows-Social-login-with-Google-firefox/error-context.md
]]>
</failure>
<system-out>
<![CDATA[
[[ATTACHMENT|test-results/auth-Authentication-Flows-Social-login-with-Google-firefox/test-failed-1.png]]

[[ATTACHMENT|test-results/auth-Authentication-Flows-Social-login-with-Google-firefox/video.webm]]

[[ATTACHMENT|test-results/auth-Authentication-Flows-Social-login-with-Google-firefox/error-context.md]]
]]>
</system-out>
</testcase>
<testcase name="Authentication Flows › Two-factor authentication setup" classname="auth.spec.ts" time="30.296">
<failure message="auth.spec.ts:93:7 Two-factor authentication setup" type="FAILURE">
<![CDATA[  [firefox] › auth.spec.ts:93:7 › Authentication Flows › Two-factor authentication setup ───────────

    Test timeout of 30000ms exceeded.

    Error: page.fill: Test timeout of 30000ms exceeded.
    Call log:
      - waiting for locator('input[name="email"]')


      94 |     // Login first
      95 |     await page.goto('/auth/signin');
    > 96 |     await page.fill('input[name="email"]', process.env.TEST_USER_EMAIL || 'test@example.com');
         |                ^
      97 |     await page.fill('input[name="password"]', process.env.TEST_USER_PASSWORD || 'TestPass123!');
      98 |     await page.click('button[type="submit"]');
      99 |     await expect(page).toHaveURL(/\/dashboard/);
        at /Users/asithalakmal/Documents/web/final project/WeddingLK-next copy/tests/e2e/auth.spec.ts:96:16

    attachment #1: screenshot (image/png) ──────────────────────────────────────────────────────────
    ../../test-results/auth-Authentication-Flows-Two-factor-authentication-setup-firefox/test-failed-1.png
    ────────────────────────────────────────────────────────────────────────────────────────────────

    attachment #2: video (video/webm) ──────────────────────────────────────────────────────────────
    ../../test-results/auth-Authentication-Flows-Two-factor-authentication-setup-firefox/video.webm
    ────────────────────────────────────────────────────────────────────────────────────────────────

    Error Context: ../../test-results/auth-Authentication-Flows-Two-factor-authentication-setup-firefox/error-context.md
]]>
</failure>
<system-out>
<![CDATA[
[[ATTACHMENT|test-results/auth-Authentication-Flows-Two-factor-authentication-setup-firefox/test-failed-1.png]]

[[ATTACHMENT|test-results/auth-Authentication-Flows-Two-factor-authentication-setup-firefox/video.webm]]

[[ATTACHMENT|test-results/auth-Authentication-Flows-Two-factor-authentication-setup-firefox/error-context.md]]
]]>
</system-out>
</testcase>
</testsuite>
<testsuite name="booking.spec.ts" timestamp="2025-10-22T18:37:21.475Z" hostname="firefox" tests="6" failures="6" skipped="0" time="181.858" errors="0">
<testcase name="Booking System › Complete booking flow with payment mock" classname="booking.spec.ts" time="30.307">
<failure message="booking.spec.ts:5:7 Complete booking flow with payment mock" type="FAILURE">
<![CDATA[  [firefox] › booking.spec.ts:5:7 › Booking System › Complete booking flow with payment mock ───────

    Test timeout of 30000ms exceeded.

    Error: page.fill: Test timeout of 30000ms exceeded.
    Call log:
      - waiting for locator('input[placeholder*="Search"], input[name="search"]')


      13 |
      14 |     // Search for vendors/venues
    > 15 |     await page.fill('input[placeholder*="Search"], input[name="search"]', 'photography');
         |                ^
      16 |     await page.click('button:has-text("Search"), button[type="submit"]');
      17 |
      18 |     // Select a vendor
        at /Users/asithalakmal/Documents/web/final project/WeddingLK-next copy/tests/e2e/booking.spec.ts:15:16

    attachment #1: screenshot (image/png) ──────────────────────────────────────────────────────────
    ../../test-results/booking-Booking-System-Com-f0892-king-flow-with-payment-mock-firefox/test-failed-1.png
    ────────────────────────────────────────────────────────────────────────────────────────────────

    attachment #2: video (video/webm) ──────────────────────────────────────────────────────────────
    ../../test-results/booking-Booking-System-Com-f0892-king-flow-with-payment-mock-firefox/video.webm
    ────────────────────────────────────────────────────────────────────────────────────────────────

    Error Context: ../../test-results/booking-Booking-System-Com-f0892-king-flow-with-payment-mock-firefox/error-context.md
]]>
</failure>
<system-out>
<![CDATA[
[[ATTACHMENT|test-results/booking-Booking-System-Com-f0892-king-flow-with-payment-mock-firefox/test-failed-1.png]]

[[ATTACHMENT|test-results/booking-Booking-System-Com-f0892-king-flow-with-payment-mock-firefox/video.webm]]

[[ATTACHMENT|test-results/booking-Booking-System-Com-f0892-king-flow-with-payment-mock-firefox/error-context.md]]
]]>
</system-out>
</testcase>
<testcase name="Booking System › Booking modification and cancellation" classname="booking.spec.ts" time="30.253">
<failure message="booking.spec.ts:64:7 Booking modification and cancellation" type="FAILURE">
<![CDATA[  [firefox] › booking.spec.ts:64:7 › Booking System › Booking modification and cancellation ────────

    Test timeout of 30000ms exceeded.

    Error: page.fill: Test timeout of 30000ms exceeded.
    Call log:
      - waiting for locator('input[name="email"]')


      65 |     // Login as customer
      66 |     await page.goto('/auth/signin');
    > 67 |     await page.fill('input[name="email"]', process.env.TEST_CUSTOMER_EMAIL || 'customer@test.local');
         |                ^
      68 |     await page.fill('input[name="password"]', process.env.TEST_CUSTOMER_PASSWORD || 'CustomerPass123!');
      69 |     await page.click('button[type="submit"]');
      70 |     await expect(page).toHaveURL(/\/dashboard/);
        at /Users/asithalakmal/Documents/web/final project/WeddingLK-next copy/tests/e2e/booking.spec.ts:67:16

    attachment #1: screenshot (image/png) ──────────────────────────────────────────────────────────
    ../../test-results/booking-Booking-System-Booking-modification-and-cancellation-firefox/test-failed-1.png
    ────────────────────────────────────────────────────────────────────────────────────────────────

    attachment #2: video (video/webm) ──────────────────────────────────────────────────────────────
    ../../test-results/booking-Booking-System-Booking-modification-and-cancellation-firefox/video.webm
    ────────────────────────────────────────────────────────────────────────────────────────────────

    Error Context: ../../test-results/booking-Booking-System-Booking-modification-and-cancellation-firefox/error-context.md
]]>
</failure>
<system-out>
<![CDATA[
[[ATTACHMENT|test-results/booking-Booking-System-Booking-modification-and-cancellation-firefox/test-failed-1.png]]

[[ATTACHMENT|test-results/booking-Booking-System-Booking-modification-and-cancellation-firefox/video.webm]]

[[ATTACHMENT|test-results/booking-Booking-System-Booking-modification-and-cancellation-firefox/error-context.md]]
]]>
</system-out>
</testcase>
<testcase name="Booking System › Booking status tracking" classname="booking.spec.ts" time="30.289">
<failure message="booking.spec.ts:110:7 Booking status tracking" type="FAILURE">
<![CDATA[  [firefox] › booking.spec.ts:110:7 › Booking System › Booking status tracking ─────────────────────

    Test timeout of 30000ms exceeded.

    Error: page.fill: Test timeout of 30000ms exceeded.
    Call log:
      - waiting for locator('input[name="email"]')


      111 |     // Login as customer
      112 |     await page.goto('/auth/signin');
    > 113 |     await page.fill('input[name="email"]', process.env.TEST_CUSTOMER_EMAIL || 'customer@test.local');
          |                ^
      114 |     await page.fill('input[name="password"]', process.env.TEST_CUSTOMER_PASSWORD || 'CustomerPass123!');
      115 |     await page.click('button[type="submit"]');
      116 |     await expect(page).toHaveURL(/\/dashboard/);
        at /Users/asithalakmal/Documents/web/final project/WeddingLK-next copy/tests/e2e/booking.spec.ts:113:16

    attachment #1: screenshot (image/png) ──────────────────────────────────────────────────────────
    ../../test-results/booking-Booking-System-Booking-status-tracking-firefox/test-failed-1.png
    ────────────────────────────────────────────────────────────────────────────────────────────────

    attachment #2: video (video/webm) ──────────────────────────────────────────────────────────────
    ../../test-results/booking-Booking-System-Booking-status-tracking-firefox/video.webm
    ────────────────────────────────────────────────────────────────────────────────────────────────

    Error Context: ../../test-results/booking-Booking-System-Booking-status-tracking-firefox/error-context.md
]]>
</failure>
<system-out>
<![CDATA[
[[ATTACHMENT|test-results/booking-Booking-System-Booking-status-tracking-firefox/test-failed-1.png]]

[[ATTACHMENT|test-results/booking-Booking-System-Booking-status-tracking-firefox/video.webm]]

[[ATTACHMENT|test-results/booking-Booking-System-Booking-status-tracking-firefox/error-context.md]]
]]>
</system-out>
</testcase>
<testcase name="Booking System › Vendor booking acceptance workflow" classname="booking.spec.ts" time="30.256">
<failure message="booking.spec.ts:131:7 Vendor booking acceptance workflow" type="FAILURE">
<![CDATA[  [firefox] › booking.spec.ts:131:7 › Booking System › Vendor booking acceptance workflow ──────────

    Test timeout of 30000ms exceeded.

    Error: page.fill: Test timeout of 30000ms exceeded.
    Call log:
      - waiting for locator('input[name="email"]')


      132 |     // Login as vendor
      133 |     await page.goto('/auth/signin');
    > 134 |     await page.fill('input[name="email"]', process.env.TEST_VENDOR_EMAIL || 'vendor@test.local');
          |                ^
      135 |     await page.fill('input[name="password"]', process.env.TEST_VENDOR_PASSWORD || 'VendorPass123!');
      136 |     await page.click('button[type="submit"]');
      137 |     await expect(page).toHaveURL(/\/dashboard/);
        at /Users/asithalakmal/Documents/web/final project/WeddingLK-next copy/tests/e2e/booking.spec.ts:134:16

    attachment #1: screenshot (image/png) ──────────────────────────────────────────────────────────
    ../../test-results/booking-Booking-System-Vendor-booking-acceptance-workflow-firefox/test-failed-1.png
    ────────────────────────────────────────────────────────────────────────────────────────────────

    attachment #2: video (video/webm) ──────────────────────────────────────────────────────────────
    ../../test-results/booking-Booking-System-Vendor-booking-acceptance-workflow-firefox/video.webm
    ────────────────────────────────────────────────────────────────────────────────────────────────

    Error Context: ../../test-results/booking-Booking-System-Vendor-booking-acceptance-workflow-firefox/error-context.md
]]>
</failure>
<system-out>
<![CDATA[
[[ATTACHMENT|test-results/booking-Booking-System-Vendor-booking-acceptance-workflow-firefox/test-failed-1.png]]

[[ATTACHMENT|test-results/booking-Booking-System-Vendor-booking-acceptance-workflow-firefox/video.webm]]

[[ATTACHMENT|test-results/booking-Booking-System-Vendor-booking-acceptance-workflow-firefox/error-context.md]]
]]>
</system-out>
</testcase>
<testcase name="Booking System › Booking communication and messaging" classname="booking.spec.ts" time="30.316">
<failure message="booking.spec.ts:170:7 Booking communication and messaging" type="FAILURE">
<![CDATA[  [firefox] › booking.spec.ts:170:7 › Booking System › Booking communication and messaging ─────────

    Test timeout of 30000ms exceeded.

    Error: page.fill: Test timeout of 30000ms exceeded.
    Call log:
      - waiting for locator('input[name="email"]')


      171 |     // Login as customer
      172 |     await page.goto('/auth/signin');
    > 173 |     await page.fill('input[name="email"]', process.env.TEST_CUSTOMER_EMAIL || 'customer@test.local');
          |                ^
      174 |     await page.fill('input[name="password"]', process.env.TEST_CUSTOMER_PASSWORD || 'CustomerPass123!');
      175 |     await page.click('button[type="submit"]');
      176 |     await expect(page).toHaveURL(/\/dashboard/);
        at /Users/asithalakmal/Documents/web/final project/WeddingLK-next copy/tests/e2e/booking.spec.ts:173:16

    attachment #1: screenshot (image/png) ──────────────────────────────────────────────────────────
    ../../test-results/booking-Booking-System-Booking-communication-and-messaging-firefox/test-failed-1.png
    ────────────────────────────────────────────────────────────────────────────────────────────────

    attachment #2: video (video/webm) ──────────────────────────────────────────────────────────────
    ../../test-results/booking-Booking-System-Booking-communication-and-messaging-firefox/video.webm
    ────────────────────────────────────────────────────────────────────────────────────────────────

    Error Context: ../../test-results/booking-Booking-System-Booking-communication-and-messaging-firefox/error-context.md
]]>
</failure>
<system-out>
<![CDATA[
[[ATTACHMENT|test-results/booking-Booking-System-Booking-communication-and-messaging-firefox/test-failed-1.png]]

[[ATTACHMENT|test-results/booking-Booking-System-Booking-communication-and-messaging-firefox/video.webm]]

[[ATTACHMENT|test-results/booking-Booking-System-Booking-communication-and-messaging-firefox/error-context.md]]
]]>
</system-out>
</testcase>
<testcase name="Booking System › Booking payment and refund processing" classname="booking.spec.ts" time="30.437">
<failure message="booking.spec.ts:191:7 Booking payment and refund processing" type="FAILURE">
<![CDATA[  [firefox] › booking.spec.ts:191:7 › Booking System › Booking payment and refund processing ───────

    Test timeout of 30000ms exceeded.

    Error: page.fill: Test timeout of 30000ms exceeded.
    Call log:
      - waiting for locator('input[name="email"]')


      192 |     // Login as customer
      193 |     await page.goto('/auth/signin');
    > 194 |     await page.fill('input[name="email"]', process.env.TEST_CUSTOMER_EMAIL || 'customer@test.local');
          |                ^
      195 |     await page.fill('input[name="password"]', process.env.TEST_CUSTOMER_PASSWORD || 'CustomerPass123!');
      196 |     await page.click('button[type="submit"]');
      197 |     await expect(page).toHaveURL(/\/dashboard/);
        at /Users/asithalakmal/Documents/web/final project/WeddingLK-next copy/tests/e2e/booking.spec.ts:194:16

    attachment #1: screenshot (image/png) ──────────────────────────────────────────────────────────
    ../../test-results/booking-Booking-System-Booking-payment-and-refund-processing-firefox/test-failed-1.png
    ────────────────────────────────────────────────────────────────────────────────────────────────

    attachment #2: video (video/webm) ──────────────────────────────────────────────────────────────
    ../../test-results/booking-Booking-System-Booking-payment-and-refund-processing-firefox/video.webm
    ────────────────────────────────────────────────────────────────────────────────────────────────

    Error Context: ../../test-results/booking-Booking-System-Booking-payment-and-refund-processing-firefox/error-context.md
]]>
</failure>
<system-out>
<![CDATA[
[[ATTACHMENT|test-results/booking-Booking-System-Booking-payment-and-refund-processing-firefox/test-failed-1.png]]

[[ATTACHMENT|test-results/booking-Booking-System-Booking-payment-and-refund-processing-firefox/video.webm]]

[[ATTACHMENT|test-results/booking-Booking-System-Booking-payment-and-refund-processing-firefox/error-context.md]]
]]>
</system-out>
</testcase>
</testsuite>
<testsuite name="comprehensive-crud.spec.ts" timestamp="2025-10-22T18:37:21.475Z" hostname="firefox" tests="28" failures="28" skipped="0" time="828.009" errors="0">
<testcase name="🔐 Authentication &amp; User Management CRUD › User Registration Flow" classname="comprehensive-crud.spec.ts" time="30.268">
<failure message="comprehensive-crud.spec.ts:52:7 User Registration Flow" type="FAILURE">
<![CDATA[  [firefox] › comprehensive-crud.spec.ts:52:7 › 🔐 Authentication & User Management CRUD › User Registration Flow 

    Test timeout of 30000ms exceeded.

    Error: page.fill: Test timeout of 30000ms exceeded.
    Call log:
      - waiting for locator('input[name="name"]')


      54 |     
      55 |     // Fill registration form
    > 56 |     await page.fill('input[name="name"]', testUsers.regularUser.name);
         |                ^
      57 |     await page.fill('input[name="email"]', testUsers.regularUser.email);
      58 |     await page.fill('input[name="password"]', testUsers.regularUser.password);
      59 |     await page.fill('input[name="confirmPassword"]', testUsers.regularUser.password);
        at /Users/asithalakmal/Documents/web/final project/WeddingLK-next copy/tests/e2e/comprehensive-crud.spec.ts:56:16

    attachment #1: screenshot (image/png) ──────────────────────────────────────────────────────────
    ../../test-results/comprehensive-crud-🔐-Auth-d5d79-CRUD-User-Registration-Flow-firefox/test-failed-1.png
    ────────────────────────────────────────────────────────────────────────────────────────────────

    attachment #2: video (video/webm) ──────────────────────────────────────────────────────────────
    ../../test-results/comprehensive-crud-🔐-Auth-d5d79-CRUD-User-Registration-Flow-firefox/video.webm
    ────────────────────────────────────────────────────────────────────────────────────────────────

    Error Context: ../../test-results/comprehensive-crud-🔐-Auth-d5d79-CRUD-User-Registration-Flow-firefox/error-context.md
]]>
</failure>
<system-out>
<![CDATA[
[[ATTACHMENT|test-results/comprehensive-crud-🔐-Auth-d5d79-CRUD-User-Registration-Flow-firefox/test-failed-1.png]]

[[ATTACHMENT|test-results/comprehensive-crud-🔐-Auth-d5d79-CRUD-User-Registration-Flow-firefox/video.webm]]

[[ATTACHMENT|test-results/comprehensive-crud-🔐-Auth-d5d79-CRUD-User-Registration-Flow-firefox/error-context.md]]
]]>
</system-out>
</testcase>
<testcase name="🔐 Authentication &amp; User Management CRUD › User Login Flow" classname="comprehensive-crud.spec.ts" time="30.277">
<failure message="comprehensive-crud.spec.ts:68:7 User Login Flow" type="FAILURE">
<![CDATA[  [firefox] › comprehensive-crud.spec.ts:68:7 › 🔐 Authentication & User Management CRUD › User Login Flow 

    Test timeout of 30000ms exceeded.

    Error: page.fill: Test timeout of 30000ms exceeded.
    Call log:
      - waiting for locator('input[name="email"]')


      70 |     
      71 |     // Fill login form
    > 72 |     await page.fill('input[name="email"]', testUsers.regularUser.email);
         |                ^
      73 |     await page.fill('input[name="password"]', testUsers.regularUser.password);
      74 |     
      75 |     // Submit login
        at /Users/asithalakmal/Documents/web/final project/WeddingLK-next copy/tests/e2e/comprehensive-crud.spec.ts:72:16

    attachment #1: screenshot (image/png) ──────────────────────────────────────────────────────────
    ../../test-results/comprehensive-crud-🔐-Auth-b3a02-gement-CRUD-User-Login-Flow-firefox/test-failed-1.png
    ────────────────────────────────────────────────────────────────────────────────────────────────

    attachment #2: video (video/webm) ──────────────────────────────────────────────────────────────
    ../../test-results/comprehensive-crud-🔐-Auth-b3a02-gement-CRUD-User-Login-Flow-firefox/video.webm
    ────────────────────────────────────────────────────────────────────────────────────────────────

    Error Context: ../../test-results/comprehensive-crud-🔐-Auth-b3a02-gement-CRUD-User-Login-Flow-firefox/error-context.md
]]>
</failure>
<system-out>
<![CDATA[
[[ATTACHMENT|test-results/comprehensive-crud-🔐-Auth-b3a02-gement-CRUD-User-Login-Flow-firefox/test-failed-1.png]]

[[ATTACHMENT|test-results/comprehensive-crud-🔐-Auth-b3a02-gement-CRUD-User-Login-Flow-firefox/video.webm]]

[[ATTACHMENT|test-results/comprehensive-crud-🔐-Auth-b3a02-gement-CRUD-User-Login-Flow-firefox/error-context.md]]
]]>
</system-out>
</testcase>
<testcase name="🔐 Authentication &amp; User Management CRUD › User Profile CRUD Operations" classname="comprehensive-crud.spec.ts" time="30.29">
<failure message="comprehensive-crud.spec.ts:82:7 User Profile CRUD Operations" type="FAILURE">
<![CDATA[  [firefox] › comprehensive-crud.spec.ts:82:7 › 🔐 Authentication & User Management CRUD › User Profile CRUD Operations 

    Test timeout of 30000ms exceeded.

    Error: page.fill: Test timeout of 30000ms exceeded.
    Call log:
      - waiting for locator('input[name="email"]')


      83 |     // Login first
      84 |     await page.goto('/auth/signin');
    > 85 |     await page.fill('input[name="email"]', testUsers.regularUser.email);
         |                ^
      86 |     await page.fill('input[name="password"]', testUsers.regularUser.password);
      87 |     await page.click('button[type="submit"]');
      88 |     await expect(page).toHaveURL(/\/dashboard/);
        at /Users/asithalakmal/Documents/web/final project/WeddingLK-next copy/tests/e2e/comprehensive-crud.spec.ts:85:16

    attachment #1: screenshot (image/png) ──────────────────────────────────────────────────────────
    ../../test-results/comprehensive-crud-🔐-Auth-7a9a3-ser-Profile-CRUD-Operations-firefox/test-failed-1.png
    ────────────────────────────────────────────────────────────────────────────────────────────────

    attachment #2: video (video/webm) ──────────────────────────────────────────────────────────────
    ../../test-results/comprehensive-crud-🔐-Auth-7a9a3-ser-Profile-CRUD-Operations-firefox/video.webm
    ────────────────────────────────────────────────────────────────────────────────────────────────

    Error Context: ../../test-results/comprehensive-crud-🔐-Auth-7a9a3-ser-Profile-CRUD-Operations-firefox/error-context.md
]]>
</failure>
<system-out>
<![CDATA[
[[ATTACHMENT|test-results/comprehensive-crud-🔐-Auth-7a9a3-ser-Profile-CRUD-Operations-firefox/test-failed-1.png]]

[[ATTACHMENT|test-results/comprehensive-crud-🔐-Auth-7a9a3-ser-Profile-CRUD-Operations-firefox/video.webm]]

[[ATTACHMENT|test-results/comprehensive-crud-🔐-Auth-7a9a3-ser-Profile-CRUD-Operations-firefox/error-context.md]]
]]>
</system-out>
</testcase>
<testcase name="🔐 Authentication &amp; User Management CRUD › User Settings CRUD Operations" classname="comprehensive-crud.spec.ts" time="30.308">
<failure message="comprehensive-crud.spec.ts:106:7 User Settings CRUD Operations" type="FAILURE">
<![CDATA[  [firefox] › comprehensive-crud.spec.ts:106:7 › 🔐 Authentication & User Management CRUD › User Settings CRUD Operations 

    Test timeout of 30000ms exceeded.

    Error: page.fill: Test timeout of 30000ms exceeded.
    Call log:
      - waiting for locator('input[name="email"]')


      107 |     // Login first
      108 |     await page.goto('/auth/signin');
    > 109 |     await page.fill('input[name="email"]', testUsers.regularUser.email);
          |                ^
      110 |     await page.fill('input[name="password"]', testUsers.regularUser.password);
      111 |     await page.click('button[type="submit"]');
      112 |     await expect(page).toHaveURL(/\/dashboard/);
        at /Users/asithalakmal/Documents/web/final project/WeddingLK-next copy/tests/e2e/comprehensive-crud.spec.ts:109:16

    attachment #1: screenshot (image/png) ──────────────────────────────────────────────────────────
    ../../test-results/comprehensive-crud-🔐-Auth-e8e4d-er-Settings-CRUD-Operations-firefox/test-failed-1.png
    ────────────────────────────────────────────────────────────────────────────────────────────────

    attachment #2: video (video/webm) ──────────────────────────────────────────────────────────────
    ../../test-results/comprehensive-crud-🔐-Auth-e8e4d-er-Settings-CRUD-Operations-firefox/video.webm
    ────────────────────────────────────────────────────────────────────────────────────────────────

    Error Context: ../../test-results/comprehensive-crud-🔐-Auth-e8e4d-er-Settings-CRUD-Operations-firefox/error-context.md
]]>
</failure>
<system-out>
<![CDATA[
[[ATTACHMENT|test-results/comprehensive-crud-🔐-Auth-e8e4d-er-Settings-CRUD-Operations-firefox/test-failed-1.png]]

[[ATTACHMENT|test-results/comprehensive-crud-🔐-Auth-e8e4d-er-Settings-CRUD-Operations-firefox/video.webm]]

[[ATTACHMENT|test-results/comprehensive-crud-🔐-Auth-e8e4d-er-Settings-CRUD-Operations-firefox/error-context.md]]
]]>
</system-out>
</testcase>
<testcase name="🏢 Vendor Management CRUD › Vendor Registration Flow" classname="comprehensive-crud.spec.ts" time="30.301">
<failure message="comprehensive-crud.spec.ts:131:7 Vendor Registration Flow" type="FAILURE">
<![CDATA[  [firefox] › comprehensive-crud.spec.ts:131:7 › 🏢 Vendor Management CRUD › Vendor Registration Flow 

    Test timeout of 30000ms exceeded.

    Error: page.fill: Test timeout of 30000ms exceeded.
    Call log:
      - waiting for locator('input[name="businessName"]')


      133 |     
      134 |     // Fill vendor registration form
    > 135 |     await page.fill('input[name="businessName"]', testUsers.vendor.name);
          |                ^
      136 |     await page.fill('input[name="email"]', testUsers.vendor.email);
      137 |     await page.fill('input[name="password"]', testUsers.vendor.password);
      138 |     await page.fill('input[name="phone"]', '+94771234567');
        at /Users/asithalakmal/Documents/web/final project/WeddingLK-next copy/tests/e2e/comprehensive-crud.spec.ts:135:16

    attachment #1: screenshot (image/png) ──────────────────────────────────────────────────────────
    ../../test-results/comprehensive-crud-🏢-Vend-4884e-UD-Vendor-Registration-Flow-firefox/test-failed-1.png
    ────────────────────────────────────────────────────────────────────────────────────────────────

    attachment #2: video (video/webm) ──────────────────────────────────────────────────────────────
    ../../test-results/comprehensive-crud-🏢-Vend-4884e-UD-Vendor-Registration-Flow-firefox/video.webm
    ────────────────────────────────────────────────────────────────────────────────────────────────

    Error Context: ../../test-results/comprehensive-crud-🏢-Vend-4884e-UD-Vendor-Registration-Flow-firefox/error-context.md
]]>
</failure>
<system-out>
<![CDATA[
[[ATTACHMENT|test-results/comprehensive-crud-🏢-Vend-4884e-UD-Vendor-Registration-Flow-firefox/test-failed-1.png]]

[[ATTACHMENT|test-results/comprehensive-crud-🏢-Vend-4884e-UD-Vendor-Registration-Flow-firefox/video.webm]]

[[ATTACHMENT|test-results/comprehensive-crud-🏢-Vend-4884e-UD-Vendor-Registration-Flow-firefox/error-context.md]]
]]>
</system-out>
</testcase>
<testcase name="🏢 Vendor Management CRUD › Vendor Services CRUD Operations" classname="comprehensive-crud.spec.ts" time="30.289">
<failure message="comprehensive-crud.spec.ts:148:7 Vendor Services CRUD Operations" type="FAILURE">
<![CDATA[  [firefox] › comprehensive-crud.spec.ts:148:7 › 🏢 Vendor Management CRUD › Vendor Services CRUD Operations 

    Test timeout of 30000ms exceeded.

    Error: page.fill: Test timeout of 30000ms exceeded.
    Call log:
      - waiting for locator('input[name="email"]')


      149 |     // Login as vendor
      150 |     await page.goto('/auth/signin');
    > 151 |     await page.fill('input[name="email"]', testUsers.vendor.email);
          |                ^
      152 |     await page.fill('input[name="password"]', testUsers.vendor.password);
      153 |     await page.click('button[type="submit"]');
      154 |     await expect(page).toHaveURL(/\/dashboard/);
        at /Users/asithalakmal/Documents/web/final project/WeddingLK-next copy/tests/e2e/comprehensive-crud.spec.ts:151:16

    attachment #1: screenshot (image/png) ──────────────────────────────────────────────────────────
    ../../test-results/comprehensive-crud-🏢-Vend-64218-or-Services-CRUD-Operations-firefox/test-failed-1.png
    ────────────────────────────────────────────────────────────────────────────────────────────────

    attachment #2: video (video/webm) ──────────────────────────────────────────────────────────────
    ../../test-results/comprehensive-crud-🏢-Vend-64218-or-Services-CRUD-Operations-firefox/video.webm
    ────────────────────────────────────────────────────────────────────────────────────────────────

    Error Context: ../../test-results/comprehensive-crud-🏢-Vend-64218-or-Services-CRUD-Operations-firefox/error-context.md
]]>
</failure>
<system-out>
<![CDATA[
[[ATTACHMENT|test-results/comprehensive-crud-🏢-Vend-64218-or-Services-CRUD-Operations-firefox/test-failed-1.png]]

[[ATTACHMENT|test-results/comprehensive-crud-🏢-Vend-64218-or-Services-CRUD-Operations-firefox/video.webm]]

[[ATTACHMENT|test-results/comprehensive-crud-🏢-Vend-64218-or-Services-CRUD-Operations-firefox/error-context.md]]
]]>
</system-out>
</testcase>
<testcase name="🏢 Vendor Management CRUD › Vendor Analytics &amp; Reports" classname="comprehensive-crud.spec.ts" time="30.254">
<failure message="comprehensive-crud.spec.ts:182:7 Vendor Analytics &amp; Reports" type="FAILURE">
<![CDATA[  [firefox] › comprehensive-crud.spec.ts:182:7 › 🏢 Vendor Management CRUD › Vendor Analytics & Reports 

    Test timeout of 30000ms exceeded.

    Error: page.fill: Test timeout of 30000ms exceeded.
    Call log:
      - waiting for locator('input[name="email"]')


      183 |     // Login as vendor
      184 |     await page.goto('/auth/signin');
    > 185 |     await page.fill('input[name="email"]', testUsers.vendor.email);
          |                ^
      186 |     await page.fill('input[name="password"]', testUsers.vendor.password);
      187 |     await page.click('button[type="submit"]');
      188 |     await expect(page).toHaveURL(/\/dashboard/);
        at /Users/asithalakmal/Documents/web/final project/WeddingLK-next copy/tests/e2e/comprehensive-crud.spec.ts:185:16

    attachment #1: screenshot (image/png) ──────────────────────────────────────────────────────────
    ../../test-results/comprehensive-crud-🏢-Vend-1244e-UD-Vendor-Analytics-Reports-firefox/test-failed-1.png
    ────────────────────────────────────────────────────────────────────────────────────────────────

    attachment #2: video (video/webm) ──────────────────────────────────────────────────────────────
    ../../test-results/comprehensive-crud-🏢-Vend-1244e-UD-Vendor-Analytics-Reports-firefox/video.webm
    ────────────────────────────────────────────────────────────────────────────────────────────────

    Error Context: ../../test-results/comprehensive-crud-🏢-Vend-1244e-UD-Vendor-Analytics-Reports-firefox/error-context.md
]]>
</failure>
<system-out>
<![CDATA[
[[ATTACHMENT|test-results/comprehensive-crud-🏢-Vend-1244e-UD-Vendor-Analytics-Reports-firefox/test-failed-1.png]]

[[ATTACHMENT|test-results/comprehensive-crud-🏢-Vend-1244e-UD-Vendor-Analytics-Reports-firefox/video.webm]]

[[ATTACHMENT|test-results/comprehensive-crud-🏢-Vend-1244e-UD-Vendor-Analytics-Reports-firefox/error-context.md]]
]]>
</system-out>
</testcase>
<testcase name="📅 Booking System CRUD › Create Booking Flow" classname="comprehensive-crud.spec.ts" time="30.282">
<failure message="comprehensive-crud.spec.ts:201:7 Create Booking Flow" type="FAILURE">
<![CDATA[  [firefox] › comprehensive-crud.spec.ts:201:7 › 📅 Booking System CRUD › Create Booking Flow ──────

    Test timeout of 30000ms exceeded.

    Error: page.fill: Test timeout of 30000ms exceeded.
    Call log:
      - waiting for locator('input[name="email"]')


      202 |     // Login as regular user
      203 |     await page.goto('/auth/signin');
    > 204 |     await page.fill('input[name="email"]', testUsers.regularUser.email);
          |                ^
      205 |     await page.fill('input[name="password"]', testUsers.regularUser.password);
      206 |     await page.click('button[type="submit"]');
      207 |     await expect(page).toHaveURL(/\/dashboard/);
        at /Users/asithalakmal/Documents/web/final project/WeddingLK-next copy/tests/e2e/comprehensive-crud.spec.ts:204:16

    attachment #1: screenshot (image/png) ──────────────────────────────────────────────────────────
    ../../test-results/comprehensive-crud-📅-Book-32257-em-CRUD-Create-Booking-Flow-firefox/test-failed-1.png
    ────────────────────────────────────────────────────────────────────────────────────────────────

    attachment #2: video (video/webm) ──────────────────────────────────────────────────────────────
    ../../test-results/comprehensive-crud-📅-Book-32257-em-CRUD-Create-Booking-Flow-firefox/video.webm
    ────────────────────────────────────────────────────────────────────────────────────────────────

    Error Context: ../../test-results/comprehensive-crud-📅-Book-32257-em-CRUD-Create-Booking-Flow-firefox/error-context.md
]]>
</failure>
<system-out>
<![CDATA[
[[ATTACHMENT|test-results/comprehensive-crud-📅-Book-32257-em-CRUD-Create-Booking-Flow-firefox/test-failed-1.png]]

[[ATTACHMENT|test-results/comprehensive-crud-📅-Book-32257-em-CRUD-Create-Booking-Flow-firefox/video.webm]]

[[ATTACHMENT|test-results/comprehensive-crud-📅-Book-32257-em-CRUD-Create-Booking-Flow-firefox/error-context.md]]
]]>
</system-out>
</testcase>
<testcase name="📅 Booking System CRUD › Booking Management CRUD" classname="comprehensive-crud.spec.ts" time="30.257">
<failure message="comprehensive-crud.spec.ts:228:7 Booking Management CRUD" type="FAILURE">
<![CDATA[  [firefox] › comprehensive-crud.spec.ts:228:7 › 📅 Booking System CRUD › Booking Management CRUD ──

    Test timeout of 30000ms exceeded.

    Error: page.fill: Test timeout of 30000ms exceeded.
    Call log:
      - waiting for locator('input[name="email"]')


      229 |     // Login as user
      230 |     await page.goto('/auth/signin');
    > 231 |     await page.fill('input[name="email"]', testUsers.regularUser.email);
          |                ^
      232 |     await page.fill('input[name="password"]', testUsers.regularUser.password);
      233 |     await page.click('button[type="submit"]');
      234 |     await expect(page).toHaveURL(/\/dashboard/);
        at /Users/asithalakmal/Documents/web/final project/WeddingLK-next copy/tests/e2e/comprehensive-crud.spec.ts:231:16

    attachment #1: screenshot (image/png) ──────────────────────────────────────────────────────────
    ../../test-results/comprehensive-crud-📅-Book-0046c-RUD-Booking-Management-CRUD-firefox/test-failed-1.png
    ────────────────────────────────────────────────────────────────────────────────────────────────

    attachment #2: video (video/webm) ──────────────────────────────────────────────────────────────
    ../../test-results/comprehensive-crud-📅-Book-0046c-RUD-Booking-Management-CRUD-firefox/video.webm
    ────────────────────────────────────────────────────────────────────────────────────────────────

    Error Context: ../../test-results/comprehensive-crud-📅-Book-0046c-RUD-Booking-Management-CRUD-firefox/error-context.md
]]>
</failure>
<system-out>
<![CDATA[
[[ATTACHMENT|test-results/comprehensive-crud-📅-Book-0046c-RUD-Booking-Management-CRUD-firefox/test-failed-1.png]]

[[ATTACHMENT|test-results/comprehensive-crud-📅-Book-0046c-RUD-Booking-Management-CRUD-firefox/video.webm]]

[[ATTACHMENT|test-results/comprehensive-crud-📅-Book-0046c-RUD-Booking-Management-CRUD-firefox/error-context.md]]
]]>
</system-out>
</testcase>
<testcase name="📅 Booking System CRUD › Booking Status Tracking" classname="comprehensive-crud.spec.ts" time="30.307">
<failure message="comprehensive-crud.spec.ts:258:7 Booking Status Tracking" type="FAILURE">
<![CDATA[  [firefox] › comprehensive-crud.spec.ts:258:7 › 📅 Booking System CRUD › Booking Status Tracking ──

    Test timeout of 30000ms exceeded.

    Error: page.fill: Test timeout of 30000ms exceeded.
    Call log:
      - waiting for locator('input[name="email"]')


      259 |     // Login as vendor
      260 |     await page.goto('/auth/signin');
    > 261 |     await page.fill('input[name="email"]', testUsers.vendor.email);
          |                ^
      262 |     await page.fill('input[name="password"]', testUsers.vendor.password);
      263 |     await page.click('button[type="submit"]');
      264 |     await expect(page).toHaveURL(/\/dashboard/);
        at /Users/asithalakmal/Documents/web/final project/WeddingLK-next copy/tests/e2e/comprehensive-crud.spec.ts:261:16

    attachment #1: screenshot (image/png) ──────────────────────────────────────────────────────────
    ../../test-results/comprehensive-crud-📅-Book-6532e-RUD-Booking-Status-Tracking-firefox/test-failed-1.png
    ────────────────────────────────────────────────────────────────────────────────────────────────

    attachment #2: video (video/webm) ──────────────────────────────────────────────────────────────
    ../../test-results/comprehensive-crud-📅-Book-6532e-RUD-Booking-Status-Tracking-firefox/video.webm
    ────────────────────────────────────────────────────────────────────────────────────────────────

    Error Context: ../../test-results/comprehensive-crud-📅-Book-6532e-RUD-Booking-Status-Tracking-firefox/error-context.md
]]>
</failure>
<system-out>
<![CDATA[
[[ATTACHMENT|test-results/comprehensive-crud-📅-Book-6532e-RUD-Booking-Status-Tracking-firefox/test-failed-1.png]]

[[ATTACHMENT|test-results/comprehensive-crud-📅-Book-6532e-RUD-Booking-Status-Tracking-firefox/video.webm]]

[[ATTACHMENT|test-results/comprehensive-crud-📅-Book-6532e-RUD-Booking-Status-Tracking-firefox/error-context.md]]
]]>
</system-out>
</testcase>
<testcase name="👥 Wedding Planner CRUD Operations › Planner Client Management" classname="comprehensive-crud.spec.ts" time="30.344">
<failure message="comprehensive-crud.spec.ts:283:7 Planner Client Management" type="FAILURE">
<![CDATA[  [firefox] › comprehensive-crud.spec.ts:283:7 › 👥 Wedding Planner CRUD Operations › Planner Client Management 

    Test timeout of 30000ms exceeded.

    Error: page.fill: Test timeout of 30000ms exceeded.
    Call log:
      - waiting for locator('input[name="email"]')


      284 |     // Login as wedding planner
      285 |     await page.goto('/auth/signin');
    > 286 |     await page.fill('input[name="email"]', testUsers.weddingPlanner.email);
          |                ^
      287 |     await page.fill('input[name="password"]', testUsers.weddingPlanner.password);
      288 |     await page.click('button[type="submit"]');
      289 |     await expect(page).toHaveURL(/\/dashboard/);
        at /Users/asithalakmal/Documents/web/final project/WeddingLK-next copy/tests/e2e/comprehensive-crud.spec.ts:286:16

    attachment #1: screenshot (image/png) ──────────────────────────────────────────────────────────
    ../../test-results/comprehensive-crud-👥-Wedd-6d749-s-Planner-Client-Management-firefox/test-failed-1.png
    ────────────────────────────────────────────────────────────────────────────────────────────────

    attachment #2: video (video/webm) ──────────────────────────────────────────────────────────────
    ../../test-results/comprehensive-crud-👥-Wedd-6d749-s-Planner-Client-Management-firefox/video.webm
    ────────────────────────────────────────────────────────────────────────────────────────────────

    Error Context: ../../test-results/comprehensive-crud-👥-Wedd-6d749-s-Planner-Client-Management-firefox/error-context.md
]]>
</failure>
<system-out>
<![CDATA[
[[ATTACHMENT|test-results/comprehensive-crud-👥-Wedd-6d749-s-Planner-Client-Management-firefox/test-failed-1.png]]

[[ATTACHMENT|test-results/comprehensive-crud-👥-Wedd-6d749-s-Planner-Client-Management-firefox/video.webm]]

[[ATTACHMENT|test-results/comprehensive-crud-👥-Wedd-6d749-s-Planner-Client-Management-firefox/error-context.md]]
]]>
</system-out>
</testcase>
<testcase name="👥 Wedding Planner CRUD Operations › Planner Task Management" classname="comprehensive-crud.spec.ts" time="30.26">
<failure message="comprehensive-crud.spec.ts:313:7 Planner Task Management" type="FAILURE">
<![CDATA[  [firefox] › comprehensive-crud.spec.ts:313:7 › 👥 Wedding Planner CRUD Operations › Planner Task Management 

    Test timeout of 30000ms exceeded.

    Error: page.fill: Test timeout of 30000ms exceeded.
    Call log:
      - waiting for locator('input[name="email"]')


      314 |     // Login as wedding planner
      315 |     await page.goto('/auth/signin');
    > 316 |     await page.fill('input[name="email"]', testUsers.weddingPlanner.email);
          |                ^
      317 |     await page.fill('input[name="password"]', testUsers.weddingPlanner.password);
      318 |     await page.click('button[type="submit"]');
      319 |     await expect(page).toHaveURL(/\/dashboard/);
        at /Users/asithalakmal/Documents/web/final project/WeddingLK-next copy/tests/e2e/comprehensive-crud.spec.ts:316:16

    attachment #1: screenshot (image/png) ──────────────────────────────────────────────────────────
    ../../test-results/comprehensive-crud-👥-Wedd-50ee2-ons-Planner-Task-Management-firefox/test-failed-1.png
    ────────────────────────────────────────────────────────────────────────────────────────────────

    attachment #2: video (video/webm) ──────────────────────────────────────────────────────────────
    ../../test-results/comprehensive-crud-👥-Wedd-50ee2-ons-Planner-Task-Management-firefox/video.webm
    ────────────────────────────────────────────────────────────────────────────────────────────────

    Error Context: ../../test-results/comprehensive-crud-👥-Wedd-50ee2-ons-Planner-Task-Management-firefox/error-context.md
]]>
</failure>
<system-out>
<![CDATA[
[[ATTACHMENT|test-results/comprehensive-crud-👥-Wedd-50ee2-ons-Planner-Task-Management-firefox/test-failed-1.png]]

[[ATTACHMENT|test-results/comprehensive-crud-👥-Wedd-50ee2-ons-Planner-Task-Management-firefox/video.webm]]

[[ATTACHMENT|test-results/comprehensive-crud-👥-Wedd-50ee2-ons-Planner-Task-Management-firefox/error-context.md]]
]]>
</system-out>
</testcase>
<testcase name="🛡️ RBAC (Role-Based Access Control) Tests › User Role Access Control" classname="comprehensive-crud.spec.ts" time="30.248">
<failure message="comprehensive-crud.spec.ts:342:7 User Role Access Control" type="FAILURE">
<![CDATA[  [firefox] › comprehensive-crud.spec.ts:342:7 › 🛡️ RBAC (Role-Based Access Control) Tests › User Role Access Control 

    Test timeout of 30000ms exceeded.

    Error: page.fill: Test timeout of 30000ms exceeded.
    Call log:
      - waiting for locator('input[name="email"]')


      343 |     // Login as regular user
      344 |     await page.goto('/auth/signin');
    > 345 |     await page.fill('input[name="email"]', testUsers.regularUser.email);
          |                ^
      346 |     await page.fill('input[name="password"]', testUsers.regularUser.password);
      347 |     await page.click('button[type="submit"]');
      348 |     await expect(page).toHaveURL(/\/dashboard/);
        at /Users/asithalakmal/Documents/web/final project/WeddingLK-next copy/tests/e2e/comprehensive-crud.spec.ts:345:16

    attachment #1: screenshot (image/png) ──────────────────────────────────────────────────────────
    ../../test-results/comprehensive-crud-🛡️-RBA-b8846-ts-User-Role-Access-Control-firefox/test-failed-1.png
    ────────────────────────────────────────────────────────────────────────────────────────────────

    attachment #2: video (video/webm) ──────────────────────────────────────────────────────────────
    ../../test-results/comprehensive-crud-🛡️-RBA-b8846-ts-User-Role-Access-Control-firefox/video.webm
    ────────────────────────────────────────────────────────────────────────────────────────────────

    Error Context: ../../test-results/comprehensive-crud-🛡️-RBA-b8846-ts-User-Role-Access-Control-firefox/error-context.md
]]>
</failure>
<system-out>
<![CDATA[
[[ATTACHMENT|test-results/comprehensive-crud-🛡️-RBA-b8846-ts-User-Role-Access-Control-firefox/test-failed-1.png]]

[[ATTACHMENT|test-results/comprehensive-crud-🛡️-RBA-b8846-ts-User-Role-Access-Control-firefox/video.webm]]

[[ATTACHMENT|test-results/comprehensive-crud-🛡️-RBA-b8846-ts-User-Role-Access-Control-firefox/error-context.md]]
]]>
</system-out>
</testcase>
<testcase name="🛡️ RBAC (Role-Based Access Control) Tests › Vendor Role Access Control" classname="comprehensive-crud.spec.ts" time="30.288">
<failure message="comprehensive-crud.spec.ts:366:7 Vendor Role Access Control" type="FAILURE">
<![CDATA[  [firefox] › comprehensive-crud.spec.ts:366:7 › 🛡️ RBAC (Role-Based Access Control) Tests › Vendor Role Access Control 

    Test timeout of 30000ms exceeded.

    Error: page.fill: Test timeout of 30000ms exceeded.
    Call log:
      - waiting for locator('input[name="email"]')


      367 |     // Login as vendor
      368 |     await page.goto('/auth/signin');
    > 369 |     await page.fill('input[name="email"]', testUsers.vendor.email);
          |                ^
      370 |     await page.fill('input[name="password"]', testUsers.vendor.password);
      371 |     await page.click('button[type="submit"]');
      372 |     await expect(page).toHaveURL(/\/dashboard/);
        at /Users/asithalakmal/Documents/web/final project/WeddingLK-next copy/tests/e2e/comprehensive-crud.spec.ts:369:16

    attachment #1: screenshot (image/png) ──────────────────────────────────────────────────────────
    ../../test-results/comprehensive-crud-🛡️-RBA-76435--Vendor-Role-Access-Control-firefox/test-failed-1.png
    ────────────────────────────────────────────────────────────────────────────────────────────────

    attachment #2: video (video/webm) ──────────────────────────────────────────────────────────────
    ../../test-results/comprehensive-crud-🛡️-RBA-76435--Vendor-Role-Access-Control-firefox/video.webm
    ────────────────────────────────────────────────────────────────────────────────────────────────

    Error Context: ../../test-results/comprehensive-crud-🛡️-RBA-76435--Vendor-Role-Access-Control-firefox/error-context.md
]]>
</failure>
<system-out>
<![CDATA[
[[ATTACHMENT|test-results/comprehensive-crud-🛡️-RBA-76435--Vendor-Role-Access-Control-firefox/test-failed-1.png]]

[[ATTACHMENT|test-results/comprehensive-crud-🛡️-RBA-76435--Vendor-Role-Access-Control-firefox/video.webm]]

[[ATTACHMENT|test-results/comprehensive-crud-🛡️-RBA-76435--Vendor-Role-Access-Control-firefox/error-context.md]]
]]>
</system-out>
</testcase>
<testcase name="🛡️ RBAC (Role-Based Access Control) Tests › Admin Role Access Control" classname="comprehensive-crud.spec.ts" time="30.326">
<failure message="comprehensive-crud.spec.ts:390:7 Admin Role Access Control" type="FAILURE">
<![CDATA[  [firefox] › comprehensive-crud.spec.ts:390:7 › 🛡️ RBAC (Role-Based Access Control) Tests › Admin Role Access Control 

    Test timeout of 30000ms exceeded.

    Error: page.fill: Test timeout of 30000ms exceeded.
    Call log:
      - waiting for locator('input[name="email"]')


      391 |     // Login as admin
      392 |     await page.goto('/auth/signin');
    > 393 |     await page.fill('input[name="email"]', testUsers.admin.email);
          |                ^
      394 |     await page.fill('input[name="password"]', testUsers.admin.password);
      395 |     await page.click('button[type="submit"]');
      396 |     await expect(page).toHaveURL(/\/dashboard/);
        at /Users/asithalakmal/Documents/web/final project/WeddingLK-next copy/tests/e2e/comprehensive-crud.spec.ts:393:16

    attachment #1: screenshot (image/png) ──────────────────────────────────────────────────────────
    ../../test-results/comprehensive-crud-🛡️-RBA-d2e91-s-Admin-Role-Access-Control-firefox/test-failed-1.png
    ────────────────────────────────────────────────────────────────────────────────────────────────

    attachment #2: video (video/webm) ──────────────────────────────────────────────────────────────
    ../../test-results/comprehensive-crud-🛡️-RBA-d2e91-s-Admin-Role-Access-Control-firefox/video.webm
    ────────────────────────────────────────────────────────────────────────────────────────────────

    Error Context: ../../test-results/comprehensive-crud-🛡️-RBA-d2e91-s-Admin-Role-Access-Control-firefox/error-context.md
]]>
</failure>
<system-out>
<![CDATA[
[[ATTACHMENT|test-results/comprehensive-crud-🛡️-RBA-d2e91-s-Admin-Role-Access-Control-firefox/test-failed-1.png]]

[[ATTACHMENT|test-results/comprehensive-crud-🛡️-RBA-d2e91-s-Admin-Role-Access-Control-firefox/video.webm]]

[[ATTACHMENT|test-results/comprehensive-crud-🛡️-RBA-d2e91-s-Admin-Role-Access-Control-firefox/error-context.md]]
]]>
</system-out>
</testcase>
<testcase name="🛡️ RBAC (Role-Based Access Control) Tests › Middleware Route Protection" classname="comprehensive-crud.spec.ts" time="10.16">
<failure message="comprehensive-crud.spec.ts:412:7 Middleware Route Protection" type="FAILURE">
<![CDATA[  [firefox] › comprehensive-crud.spec.ts:412:7 › 🛡️ RBAC (Role-Based Access Control) Tests › Middleware Route Protection 

    Error: expect(page).toHaveURL(expected) failed

    Expected pattern: /\/auth\/signin/
    Received string:  "https://wedding-lk.vercel.app/login?callbackUrl=%2Fdashboard"
    Timeout: 5000ms

    Call log:
      - Expect "toHaveURL" with timeout 5000ms
        8 × unexpected value "https://wedding-lk.vercel.app/login?callbackUrl=%2Fdashboard"


      413 |     // Test unauthenticated access to protected routes
      414 |     await page.goto('/dashboard');
    > 415 |     await expect(page).toHaveURL(/\/auth\/signin/);
          |                        ^
      416 |     
      417 |     await page.goto('/dashboard/profile');
      418 |     await expect(page).toHaveURL(/\/auth\/signin/);
        at /Users/asithalakmal/Documents/web/final project/WeddingLK-next copy/tests/e2e/comprehensive-crud.spec.ts:415:24

    attachment #1: screenshot (image/png) ──────────────────────────────────────────────────────────
    ../../test-results/comprehensive-crud-🛡️-RBA-c8703-Middleware-Route-Protection-firefox/test-failed-1.png
    ────────────────────────────────────────────────────────────────────────────────────────────────

    attachment #2: video (video/webm) ──────────────────────────────────────────────────────────────
    ../../test-results/comprehensive-crud-🛡️-RBA-c8703-Middleware-Route-Protection-firefox/video.webm
    ────────────────────────────────────────────────────────────────────────────────────────────────

    Error Context: ../../test-results/comprehensive-crud-🛡️-RBA-c8703-Middleware-Route-Protection-firefox/error-context.md
]]>
</failure>
<system-out>
<![CDATA[
[[ATTACHMENT|test-results/comprehensive-crud-🛡️-RBA-c8703-Middleware-Route-Protection-firefox/test-failed-1.png]]

[[ATTACHMENT|test-results/comprehensive-crud-🛡️-RBA-c8703-Middleware-Route-Protection-firefox/video.webm]]

[[ATTACHMENT|test-results/comprehensive-crud-🛡️-RBA-c8703-Middleware-Route-Protection-firefox/error-context.md]]
]]>
</system-out>
</testcase>
<testcase name="💳 Payment &amp; Financial CRUD › Payment Processing Flow" classname="comprehensive-crud.spec.ts" time="30.253">
<failure message="comprehensive-crud.spec.ts:426:7 Payment Processing Flow" type="FAILURE">
<![CDATA[  [firefox] › comprehensive-crud.spec.ts:426:7 › 💳 Payment & Financial CRUD › Payment Processing Flow 

    Test timeout of 30000ms exceeded.

    Error: page.fill: Test timeout of 30000ms exceeded.
    Call log:
      - waiting for locator('input[name="email"]')


      427 |     // Login as user
      428 |     await page.goto('/auth/signin');
    > 429 |     await page.fill('input[name="email"]', testUsers.regularUser.email);
          |                ^
      430 |     await page.fill('input[name="password"]', testUsers.regularUser.password);
      431 |     await page.click('button[type="submit"]');
      432 |     await expect(page).toHaveURL(/\/dashboard/);
        at /Users/asithalakmal/Documents/web/final project/WeddingLK-next copy/tests/e2e/comprehensive-crud.spec.ts:429:16

    attachment #1: screenshot (image/png) ──────────────────────────────────────────────────────────
    ../../test-results/comprehensive-crud-💳-Paym-6f1ed-RUD-Payment-Processing-Flow-firefox/test-failed-1.png
    ────────────────────────────────────────────────────────────────────────────────────────────────

    attachment #2: video (video/webm) ──────────────────────────────────────────────────────────────
    ../../test-results/comprehensive-crud-💳-Paym-6f1ed-RUD-Payment-Processing-Flow-firefox/video.webm
    ────────────────────────────────────────────────────────────────────────────────────────────────

    Error Context: ../../test-results/comprehensive-crud-💳-Paym-6f1ed-RUD-Payment-Processing-Flow-firefox/error-context.md
]]>
</failure>
<system-out>
<![CDATA[
[[ATTACHMENT|test-results/comprehensive-crud-💳-Paym-6f1ed-RUD-Payment-Processing-Flow-firefox/test-failed-1.png]]

[[ATTACHMENT|test-results/comprehensive-crud-💳-Paym-6f1ed-RUD-Payment-Processing-Flow-firefox/video.webm]]

[[ATTACHMENT|test-results/comprehensive-crud-💳-Paym-6f1ed-RUD-Payment-Processing-Flow-firefox/error-context.md]]
]]>
</system-out>
</testcase>
<testcase name="💳 Payment &amp; Financial CRUD › Payment History &amp; Management" classname="comprehensive-crud.spec.ts" time="30.337">
<failure message="comprehensive-crud.spec.ts:450:7 Payment History &amp; Management" type="FAILURE">
<![CDATA[  [firefox] › comprehensive-crud.spec.ts:450:7 › 💳 Payment & Financial CRUD › Payment History & Management 

    Test timeout of 30000ms exceeded.

    Error: page.fill: Test timeout of 30000ms exceeded.
    Call log:
      - waiting for locator('input[name="email"]')


      451 |     // Login as user
      452 |     await page.goto('/auth/signin');
    > 453 |     await page.fill('input[name="email"]', testUsers.regularUser.email);
          |                ^
      454 |     await page.fill('input[name="password"]', testUsers.regularUser.password);
      455 |     await page.click('button[type="submit"]');
      456 |     await expect(page).toHaveURL(/\/dashboard/);
        at /Users/asithalakmal/Documents/web/final project/WeddingLK-next copy/tests/e2e/comprehensive-crud.spec.ts:453:16

    attachment #1: screenshot (image/png) ──────────────────────────────────────────────────────────
    ../../test-results/comprehensive-crud-💳-Paym-d962d--Payment-History-Management-firefox/test-failed-1.png
    ────────────────────────────────────────────────────────────────────────────────────────────────

    attachment #2: video (video/webm) ──────────────────────────────────────────────────────────────
    ../../test-results/comprehensive-crud-💳-Paym-d962d--Payment-History-Management-firefox/video.webm
    ────────────────────────────────────────────────────────────────────────────────────────────────

    Error Context: ../../test-results/comprehensive-crud-💳-Paym-d962d--Payment-History-Management-firefox/error-context.md
]]>
</failure>
<system-out>
<![CDATA[
[[ATTACHMENT|test-results/comprehensive-crud-💳-Paym-d962d--Payment-History-Management-firefox/test-failed-1.png]]

[[ATTACHMENT|test-results/comprehensive-crud-💳-Paym-d962d--Payment-History-Management-firefox/video.webm]]

[[ATTACHMENT|test-results/comprehensive-crud-💳-Paym-d962d--Payment-History-Management-firefox/error-context.md]]
]]>
</system-out>
</testcase>
<testcase name="📱 Mobile &amp; Responsive CRUD › Mobile Navigation &amp; CRUD Operations" classname="comprehensive-crud.spec.ts" time="30.219">
<failure message="comprehensive-crud.spec.ts:471:7 Mobile Navigation &amp; CRUD Operations" type="FAILURE">
<![CDATA[  [firefox] › comprehensive-crud.spec.ts:471:7 › 📱 Mobile & Responsive CRUD › Mobile Navigation & CRUD Operations 

    Test timeout of 30000ms exceeded.

    Error: page.fill: Test timeout of 30000ms exceeded.
    Call log:
      - waiting for locator('input[name="email"]')


      475 |     // Login as user
      476 |     await page.goto('/auth/signin');
    > 477 |     await page.fill('input[name="email"]', testUsers.regularUser.email);
          |                ^
      478 |     await page.fill('input[name="password"]', testUsers.regularUser.password);
      479 |     await page.click('button[type="submit"]');
      480 |     await expect(page).toHaveURL(/\/dashboard/);
        at /Users/asithalakmal/Documents/web/final project/WeddingLK-next copy/tests/e2e/comprehensive-crud.spec.ts:477:16

    attachment #1: screenshot (image/png) ──────────────────────────────────────────────────────────
    ../../test-results/comprehensive-crud-📱-Mobi-c12a8--Navigation-CRUD-Operations-firefox/test-failed-1.png
    ────────────────────────────────────────────────────────────────────────────────────────────────

    attachment #2: video (video/webm) ──────────────────────────────────────────────────────────────
    ../../test-results/comprehensive-crud-📱-Mobi-c12a8--Navigation-CRUD-Operations-firefox/video.webm
    ────────────────────────────────────────────────────────────────────────────────────────────────

    Error Context: ../../test-results/comprehensive-crud-📱-Mobi-c12a8--Navigation-CRUD-Operations-firefox/error-context.md
]]>
</failure>
<system-out>
<![CDATA[
[[ATTACHMENT|test-results/comprehensive-crud-📱-Mobi-c12a8--Navigation-CRUD-Operations-firefox/test-failed-1.png]]

[[ATTACHMENT|test-results/comprehensive-crud-📱-Mobi-c12a8--Navigation-CRUD-Operations-firefox/video.webm]]

[[ATTACHMENT|test-results/comprehensive-crud-📱-Mobi-c12a8--Navigation-CRUD-Operations-firefox/error-context.md]]
]]>
</system-out>
</testcase>
<testcase name="🔍 Search &amp; Filter CRUD › Venue Search &amp; Filter Operations" classname="comprehensive-crud.spec.ts" time="30.269">
<failure message="comprehensive-crud.spec.ts:501:7 Venue Search &amp; Filter Operations" type="FAILURE">
<![CDATA[  [firefox] › comprehensive-crud.spec.ts:501:7 › 🔍 Search & Filter CRUD › Venue Search & Filter Operations 

    Test timeout of 30000ms exceeded.

    Error: page.fill: Test timeout of 30000ms exceeded.
    Call log:
      - waiting for locator('input[placeholder*="Search venues"]')


      503 |     
      504 |     // Search for venues
    > 505 |     await page.fill('input[placeholder*="Search venues"]', 'Colombo');
          |                ^
      506 |     await page.click('button:has-text("Search")');
      507 |     
      508 |     // Apply filters
        at /Users/asithalakmal/Documents/web/final project/WeddingLK-next copy/tests/e2e/comprehensive-crud.spec.ts:505:16

    attachment #1: screenshot (image/png) ──────────────────────────────────────────────────────────
    ../../test-results/comprehensive-crud-🔍-Sear-77ac3-ue-Search-Filter-Operations-firefox/test-failed-1.png
    ────────────────────────────────────────────────────────────────────────────────────────────────

    attachment #2: video (video/webm) ──────────────────────────────────────────────────────────────
    ../../test-results/comprehensive-crud-🔍-Sear-77ac3-ue-Search-Filter-Operations-firefox/video.webm
    ────────────────────────────────────────────────────────────────────────────────────────────────

    Error Context: ../../test-results/comprehensive-crud-🔍-Sear-77ac3-ue-Search-Filter-Operations-firefox/error-context.md
]]>
</failure>
<system-out>
<![CDATA[
[[ATTACHMENT|test-results/comprehensive-crud-🔍-Sear-77ac3-ue-Search-Filter-Operations-firefox/test-failed-1.png]]

[[ATTACHMENT|test-results/comprehensive-crud-🔍-Sear-77ac3-ue-Search-Filter-Operations-firefox/video.webm]]

[[ATTACHMENT|test-results/comprehensive-crud-🔍-Sear-77ac3-ue-Search-Filter-Operations-firefox/error-context.md]]
]]>
</system-out>
</testcase>
<testcase name="🔍 Search &amp; Filter CRUD › Vendor Search &amp; Filter Operations" classname="comprehensive-crud.spec.ts" time="30.221">
<failure message="comprehensive-crud.spec.ts:518:7 Vendor Search &amp; Filter Operations" type="FAILURE">
<![CDATA[  [firefox] › comprehensive-crud.spec.ts:518:7 › 🔍 Search & Filter CRUD › Vendor Search & Filter Operations 

    Test timeout of 30000ms exceeded.

    Error: page.fill: Test timeout of 30000ms exceeded.
    Call log:
      - waiting for locator('input[placeholder*="Search vendors"]')


      520 |     
      521 |     // Search for vendors
    > 522 |     await page.fill('input[placeholder*="Search vendors"]', 'photography');
          |                ^
      523 |     await page.click('button:has-text("Search")');
      524 |     
      525 |     // Apply category filters
        at /Users/asithalakmal/Documents/web/final project/WeddingLK-next copy/tests/e2e/comprehensive-crud.spec.ts:522:16

    attachment #1: screenshot (image/png) ──────────────────────────────────────────────────────────
    ../../test-results/comprehensive-crud-🔍-Sear-8b262-or-Search-Filter-Operations-firefox/test-failed-1.png
    ────────────────────────────────────────────────────────────────────────────────────────────────

    attachment #2: video (video/webm) ──────────────────────────────────────────────────────────────
    ../../test-results/comprehensive-crud-🔍-Sear-8b262-or-Search-Filter-Operations-firefox/video.webm
    ────────────────────────────────────────────────────────────────────────────────────────────────

    Error Context: ../../test-results/comprehensive-crud-🔍-Sear-8b262-or-Search-Filter-Operations-firefox/error-context.md
]]>
</failure>
<system-out>
<![CDATA[
[[ATTACHMENT|test-results/comprehensive-crud-🔍-Sear-8b262-or-Search-Filter-Operations-firefox/test-failed-1.png]]

[[ATTACHMENT|test-results/comprehensive-crud-🔍-Sear-8b262-or-Search-Filter-Operations-firefox/video.webm]]

[[ATTACHMENT|test-results/comprehensive-crud-🔍-Sear-8b262-or-Search-Filter-Operations-firefox/error-context.md]]
]]>
</system-out>
</testcase>
<testcase name="📊 Analytics &amp; Reporting CRUD › User Analytics Dashboard" classname="comprehensive-crud.spec.ts" time="30.62">
<failure message="comprehensive-crud.spec.ts:535:7 User Analytics Dashboard" type="FAILURE">
<![CDATA[  [firefox] › comprehensive-crud.spec.ts:535:7 › 📊 Analytics & Reporting CRUD › User Analytics Dashboard 

    Test timeout of 30000ms exceeded.

    Error: page.fill: Test timeout of 30000ms exceeded.
    Call log:
      - waiting for locator('input[name="email"]')


      536 |     // Login as user
      537 |     await page.goto('/auth/signin');
    > 538 |     await page.fill('input[name="email"]', testUsers.regularUser.email);
          |                ^
      539 |     await page.fill('input[name="password"]', testUsers.regularUser.password);
      540 |     await page.click('button[type="submit"]');
      541 |     await expect(page).toHaveURL(/\/dashboard/);
        at /Users/asithalakmal/Documents/web/final project/WeddingLK-next copy/tests/e2e/comprehensive-crud.spec.ts:538:16

    attachment #1: screenshot (image/png) ──────────────────────────────────────────────────────────
    ../../test-results/comprehensive-crud-📊-Anal-bd0f7-UD-User-Analytics-Dashboard-firefox/test-failed-1.png
    ────────────────────────────────────────────────────────────────────────────────────────────────

    attachment #2: video (video/webm) ──────────────────────────────────────────────────────────────
    ../../test-results/comprehensive-crud-📊-Anal-bd0f7-UD-User-Analytics-Dashboard-firefox/video.webm
    ────────────────────────────────────────────────────────────────────────────────────────────────

    Error Context: ../../test-results/comprehensive-crud-📊-Anal-bd0f7-UD-User-Analytics-Dashboard-firefox/error-context.md
]]>
</failure>
<system-out>
<![CDATA[
[[ATTACHMENT|test-results/comprehensive-crud-📊-Anal-bd0f7-UD-User-Analytics-Dashboard-firefox/test-failed-1.png]]

[[ATTACHMENT|test-results/comprehensive-crud-📊-Anal-bd0f7-UD-User-Analytics-Dashboard-firefox/video.webm]]

[[ATTACHMENT|test-results/comprehensive-crud-📊-Anal-bd0f7-UD-User-Analytics-Dashboard-firefox/error-context.md]]
]]>
</system-out>
</testcase>
<testcase name="📊 Analytics &amp; Reporting CRUD › Admin Analytics &amp; Reports" classname="comprehensive-crud.spec.ts" time="30.247">
<failure message="comprehensive-crud.spec.ts:552:7 Admin Analytics &amp; Reports" type="FAILURE">
<![CDATA[  [firefox] › comprehensive-crud.spec.ts:552:7 › 📊 Analytics & Reporting CRUD › Admin Analytics & Reports 

    Test timeout of 30000ms exceeded.

    Error: page.fill: Test timeout of 30000ms exceeded.
    Call log:
      - waiting for locator('input[name="email"]')


      553 |     // Login as admin
      554 |     await page.goto('/auth/signin');
    > 555 |     await page.fill('input[name="email"]', testUsers.admin.email);
          |                ^
      556 |     await page.fill('input[name="password"]', testUsers.admin.password);
      557 |     await page.click('button[type="submit"]');
      558 |     await expect(page).toHaveURL(/\/dashboard/);
        at /Users/asithalakmal/Documents/web/final project/WeddingLK-next copy/tests/e2e/comprehensive-crud.spec.ts:555:16

    attachment #1: screenshot (image/png) ──────────────────────────────────────────────────────────
    ../../test-results/comprehensive-crud-📊-Anal-de256-RUD-Admin-Analytics-Reports-firefox/test-failed-1.png
    ────────────────────────────────────────────────────────────────────────────────────────────────

    attachment #2: video (video/webm) ──────────────────────────────────────────────────────────────
    ../../test-results/comprehensive-crud-📊-Anal-de256-RUD-Admin-Analytics-Reports-firefox/video.webm
    ────────────────────────────────────────────────────────────────────────────────────────────────

    Error Context: ../../test-results/comprehensive-crud-📊-Anal-de256-RUD-Admin-Analytics-Reports-firefox/error-context.md
]]>
</failure>
<system-out>
<![CDATA[
[[ATTACHMENT|test-results/comprehensive-crud-📊-Anal-de256-RUD-Admin-Analytics-Reports-firefox/test-failed-1.png]]

[[ATTACHMENT|test-results/comprehensive-crud-📊-Anal-de256-RUD-Admin-Analytics-Reports-firefox/video.webm]]

[[ATTACHMENT|test-results/comprehensive-crud-📊-Anal-de256-RUD-Admin-Analytics-Reports-firefox/error-context.md]]
]]>
</system-out>
</testcase>
<testcase name="🔔 Notification &amp; Communication CRUD › Notification Management" classname="comprehensive-crud.spec.ts" time="30.282">
<failure message="comprehensive-crud.spec.ts:581:7 Notification Management" type="FAILURE">
<![CDATA[  [firefox] › comprehensive-crud.spec.ts:581:7 › 🔔 Notification & Communication CRUD › Notification Management 

    Test timeout of 30000ms exceeded.

    Error: page.fill: Test timeout of 30000ms exceeded.
    Call log:
      - waiting for locator('input[name="email"]')


      582 |     // Login as user
      583 |     await page.goto('/auth/signin');
    > 584 |     await page.fill('input[name="email"]', testUsers.regularUser.email);
          |                ^
      585 |     await page.fill('input[name="password"]', testUsers.regularUser.password);
      586 |     await page.click('button[type="submit"]');
      587 |     await expect(page).toHaveURL(/\/dashboard/);
        at /Users/asithalakmal/Documents/web/final project/WeddingLK-next copy/tests/e2e/comprehensive-crud.spec.ts:584:16

    attachment #1: screenshot (image/png) ──────────────────────────────────────────────────────────
    ../../test-results/comprehensive-crud-🔔-Noti-e4267-RUD-Notification-Management-firefox/test-failed-1.png
    ────────────────────────────────────────────────────────────────────────────────────────────────

    attachment #2: video (video/webm) ──────────────────────────────────────────────────────────────
    ../../test-results/comprehensive-crud-🔔-Noti-e4267-RUD-Notification-Management-firefox/video.webm
    ────────────────────────────────────────────────────────────────────────────────────────────────

    Error Context: ../../test-results/comprehensive-crud-🔔-Noti-e4267-RUD-Notification-Management-firefox/error-context.md
]]>
</failure>
<system-out>
<![CDATA[
[[ATTACHMENT|test-results/comprehensive-crud-🔔-Noti-e4267-RUD-Notification-Management-firefox/test-failed-1.png]]

[[ATTACHMENT|test-results/comprehensive-crud-🔔-Noti-e4267-RUD-Notification-Management-firefox/video.webm]]

[[ATTACHMENT|test-results/comprehensive-crud-🔔-Noti-e4267-RUD-Notification-Management-firefox/error-context.md]]
]]>
</system-out>
</testcase>
<testcase name="🔔 Notification &amp; Communication CRUD › Message System CRUD" classname="comprehensive-crud.spec.ts" time="30.257">
<failure message="comprehensive-crud.spec.ts:605:7 Message System CRUD" type="FAILURE">
<![CDATA[  [firefox] › comprehensive-crud.spec.ts:605:7 › 🔔 Notification & Communication CRUD › Message System CRUD 

    Test timeout of 30000ms exceeded.

    Error: page.fill: Test timeout of 30000ms exceeded.
    Call log:
      - waiting for locator('input[name="email"]')


      606 |     // Login as user
      607 |     await page.goto('/auth/signin');
    > 608 |     await page.fill('input[name="email"]', testUsers.regularUser.email);
          |                ^
      609 |     await page.fill('input[name="password"]', testUsers.regularUser.password);
      610 |     await page.click('button[type="submit"]');
      611 |     await expect(page).toHaveURL(/\/dashboard/);
        at /Users/asithalakmal/Documents/web/final project/WeddingLK-next copy/tests/e2e/comprehensive-crud.spec.ts:608:16

    attachment #1: screenshot (image/png) ──────────────────────────────────────────────────────────
    ../../test-results/comprehensive-crud-🔔-Noti-e1c21-on-CRUD-Message-System-CRUD-firefox/test-failed-1.png
    ────────────────────────────────────────────────────────────────────────────────────────────────

    attachment #2: video (video/webm) ──────────────────────────────────────────────────────────────
    ../../test-results/comprehensive-crud-🔔-Noti-e1c21-on-CRUD-Message-System-CRUD-firefox/video.webm
    ────────────────────────────────────────────────────────────────────────────────────────────────

    Error Context: ../../test-results/comprehensive-crud-🔔-Noti-e1c21-on-CRUD-Message-System-CRUD-firefox/error-context.md
]]>
</failure>
<system-out>
<![CDATA[
[[ATTACHMENT|test-results/comprehensive-crud-🔔-Noti-e1c21-on-CRUD-Message-System-CRUD-firefox/test-failed-1.png]]

[[ATTACHMENT|test-results/comprehensive-crud-🔔-Noti-e1c21-on-CRUD-Message-System-CRUD-firefox/video.webm]]

[[ATTACHMENT|test-results/comprehensive-crud-🔔-Noti-e1c21-on-CRUD-Message-System-CRUD-firefox/error-context.md]]
]]>
</system-out>
</testcase>
<testcase name="🔄 Data Synchronization &amp; Cache CRUD › Data Cache Management" classname="comprehensive-crud.spec.ts" time="30.252">
<failure message="comprehensive-crud.spec.ts:633:7 Data Cache Management" type="FAILURE">
<![CDATA[  [firefox] › comprehensive-crud.spec.ts:633:7 › 🔄 Data Synchronization & Cache CRUD › Data Cache Management 

    Test timeout of 30000ms exceeded.

    Error: page.fill: Test timeout of 30000ms exceeded.
    Call log:
      - waiting for locator('input[name="email"]')


      634 |     // Login as admin
      635 |     await page.goto('/auth/signin');
    > 636 |     await page.fill('input[name="email"]', testUsers.admin.email);
          |                ^
      637 |     await page.fill('input[name="password"]', testUsers.admin.password);
      638 |     await page.click('button[type="submit"]');
      639 |     await expect(page).toHaveURL(/\/dashboard/);
        at /Users/asithalakmal/Documents/web/final project/WeddingLK-next copy/tests/e2e/comprehensive-crud.spec.ts:636:16

    attachment #1: screenshot (image/png) ──────────────────────────────────────────────────────────
    ../../test-results/comprehensive-crud-🔄-Data-ae5cf--CRUD-Data-Cache-Management-firefox/test-failed-1.png
    ────────────────────────────────────────────────────────────────────────────────────────────────

    attachment #2: video (video/webm) ──────────────────────────────────────────────────────────────
    ../../test-results/comprehensive-crud-🔄-Data-ae5cf--CRUD-Data-Cache-Management-firefox/video.webm
    ────────────────────────────────────────────────────────────────────────────────────────────────

    Error Context: ../../test-results/comprehensive-crud-🔄-Data-ae5cf--CRUD-Data-Cache-Management-firefox/error-context.md
]]>
</failure>
<system-out>
<![CDATA[
[[ATTACHMENT|test-results/comprehensive-crud-🔄-Data-ae5cf--CRUD-Data-Cache-Management-firefox/test-failed-1.png]]

[[ATTACHMENT|test-results/comprehensive-crud-🔄-Data-ae5cf--CRUD-Data-Cache-Management-firefox/video.webm]]

[[ATTACHMENT|test-results/comprehensive-crud-🔄-Data-ae5cf--CRUD-Data-Cache-Management-firefox/error-context.md]]
]]>
</system-out>
</testcase>
<testcase name="🛠️ System Administration CRUD › User Management Operations" classname="comprehensive-crud.spec.ts" time="30.227">
<failure message="comprehensive-crud.spec.ts:658:7 User Management Operations" type="FAILURE">
<![CDATA[  [firefox] › comprehensive-crud.spec.ts:658:7 › 🛠️ System Administration CRUD › User Management Operations 

    Test timeout of 30000ms exceeded.

    Error: page.fill: Test timeout of 30000ms exceeded.
    Call log:
      - waiting for locator('input[name="email"]')


      659 |     // Login as admin
      660 |     await page.goto('/auth/signin');
    > 661 |     await page.fill('input[name="email"]', testUsers.admin.email);
          |                ^
      662 |     await page.fill('input[name="password"]', testUsers.admin.password);
      663 |     await page.click('button[type="submit"]');
      664 |     await expect(page).toHaveURL(/\/dashboard/);
        at /Users/asithalakmal/Documents/web/final project/WeddingLK-next copy/tests/e2e/comprehensive-crud.spec.ts:661:16

    attachment #1: screenshot (image/png) ──────────────────────────────────────────────────────────
    ../../test-results/comprehensive-crud-🛠️-Sys-e1e93--User-Management-Operations-firefox/test-failed-1.png
    ────────────────────────────────────────────────────────────────────────────────────────────────

    attachment #2: video (video/webm) ──────────────────────────────────────────────────────────────
    ../../test-results/comprehensive-crud-🛠️-Sys-e1e93--User-Management-Operations-firefox/video.webm
    ────────────────────────────────────────────────────────────────────────────────────────────────

    Error Context: ../../test-results/comprehensive-crud-🛠️-Sys-e1e93--User-Management-Operations-firefox/error-context.md
]]>
</failure>
<system-out>
<![CDATA[
[[ATTACHMENT|test-results/comprehensive-crud-🛠️-Sys-e1e93--User-Management-Operations-firefox/test-failed-1.png]]

[[ATTACHMENT|test-results/comprehensive-crud-🛠️-Sys-e1e93--User-Management-Operations-firefox/video.webm]]

[[ATTACHMENT|test-results/comprehensive-crud-🛠️-Sys-e1e93--User-Management-Operations-firefox/error-context.md]]
]]>
</system-out>
</testcase>
<testcase name="🛠️ System Administration CRUD › System Settings Management" classname="comprehensive-crud.spec.ts" time="30.366">
<failure message="comprehensive-crud.spec.ts:686:7 System Settings Management" type="FAILURE">
<![CDATA[  [firefox] › comprehensive-crud.spec.ts:686:7 › 🛠️ System Administration CRUD › System Settings Management 

    Test timeout of 30000ms exceeded.

    Error: page.fill: Test timeout of 30000ms exceeded.
    Call log:
      - waiting for locator('input[name="email"]')


      687 |     // Login as admin
      688 |     await page.goto('/auth/signin');
    > 689 |     await page.fill('input[name="email"]', testUsers.admin.email);
          |                ^
      690 |     await page.fill('input[name="password"]', testUsers.admin.password);
      691 |     await page.click('button[type="submit"]');
      692 |     await expect(page).toHaveURL(/\/dashboard/);
        at /Users/asithalakmal/Documents/web/final project/WeddingLK-next copy/tests/e2e/comprehensive-crud.spec.ts:689:16

    attachment #1: screenshot (image/png) ──────────────────────────────────────────────────────────
    ../../test-results/comprehensive-crud-🛠️-Sys-350da--System-Settings-Management-firefox/test-failed-1.png
    ────────────────────────────────────────────────────────────────────────────────────────────────

    attachment #2: video (video/webm) ──────────────────────────────────────────────────────────────
    ../../test-results/comprehensive-crud-🛠️-Sys-350da--System-Settings-Management-firefox/video.webm
    ────────────────────────────────────────────────────────────────────────────────────────────────

    Error Context: ../../test-results/comprehensive-crud-🛠️-Sys-350da--System-Settings-Management-firefox/error-context.md
]]>
</failure>
<system-out>
<![CDATA[
[[ATTACHMENT|test-results/comprehensive-crud-🛠️-Sys-350da--System-Settings-Management-firefox/test-failed-1.png]]

[[ATTACHMENT|test-results/comprehensive-crud-🛠️-Sys-350da--System-Settings-Management-firefox/video.webm]]

[[ATTACHMENT|test-results/comprehensive-crud-🛠️-Sys-350da--System-Settings-Management-firefox/error-context.md]]
]]>
</system-out>
</testcase>
</testsuite>
<testsuite name="comprehensive-live-deployment.spec.ts" timestamp="2025-10-22T18:37:21.475Z" hostname="firefox" tests="14" failures="13" skipped="0" time="302.891" errors="0">
<testcase name="🚀 COMPREHENSIVE LIVE DEPLOYMENT TESTING › 🏠 HOMEPAGE - Complete Frontend Testing" classname="comprehensive-live-deployment.spec.ts" time="20.073">
<failure message="comprehensive-live-deployment.spec.ts:39:7 🏠 HOMEPAGE - Complete Frontend Testing" type="FAILURE">
<![CDATA[  [firefox] › comprehensive-live-deployment.spec.ts:39:7 › 🚀 COMPREHENSIVE LIVE DEPLOYMENT TESTING › 🏠 HOMEPAGE - Complete Frontend Testing 

    Error: expect(locator).toBeVisible() failed

    Locator: locator('text=Wedding.lk')
    Expected: visible
    Timeout: 5000ms
    Error: element(s) not found

    Call log:
      - Expect "toBeVisible" with timeout 5000ms
      - waiting for locator('text=Wedding.lk')


      41 |     
      42 |     // Test main navigation
    > 43 |     await expect(page.locator('text=Wedding.lk')).toBeVisible();
         |                                                   ^
      44 |     await expect(page.locator('nav a[href="/venues"]')).toBeVisible();
      45 |     await expect(page.locator('nav a[href="/vendors"]')).toBeVisible();
      46 |     await expect(page.locator('nav a[href="/feed"]')).toBeVisible();
        at /Users/asithalakmal/Documents/web/final project/WeddingLK-next copy/tests/e2e/comprehensive-live-deployment.spec.ts:43:51

    attachment #1: screenshot (image/png) ──────────────────────────────────────────────────────────
    ../../test-results/comprehensive-live-deploym-6fa0d---Complete-Frontend-Testing-firefox/test-failed-1.png
    ────────────────────────────────────────────────────────────────────────────────────────────────

    attachment #2: video (video/webm) ──────────────────────────────────────────────────────────────
    ../../test-results/comprehensive-live-deploym-6fa0d---Complete-Frontend-Testing-firefox/video.webm
    ────────────────────────────────────────────────────────────────────────────────────────────────

    Error Context: ../../test-results/comprehensive-live-deploym-6fa0d---Complete-Frontend-Testing-firefox/error-context.md
]]>
</failure>
<system-out>
<![CDATA[🏠 Testing Homepage Components...

[[ATTACHMENT|test-results/comprehensive-live-deploym-6fa0d---Complete-Frontend-Testing-firefox/test-failed-1.png]]

[[ATTACHMENT|test-results/comprehensive-live-deploym-6fa0d---Complete-Frontend-Testing-firefox/video.webm]]

[[ATTACHMENT|test-results/comprehensive-live-deploym-6fa0d---Complete-Frontend-Testing-firefox/error-context.md]]
]]>
</system-out>
</testcase>
<testcase name="🚀 COMPREHENSIVE LIVE DEPLOYMENT TESTING › 🔐 AUTHENTICATION - Complete Auth Flow Testing" classname="comprehensive-live-deployment.spec.ts" time="20.304">
<failure message="comprehensive-live-deployment.spec.ts:132:7 🔐 AUTHENTICATION - Complete Auth Flow Testing" type="FAILURE">
<![CDATA[  [firefox] › comprehensive-live-deployment.spec.ts:132:7 › 🚀 COMPREHENSIVE LIVE DEPLOYMENT TESTING › 🔐 AUTHENTICATION - Complete Auth Flow Testing 

    Error: expect(locator).toBeVisible() failed

    Locator: locator('h1:has-text("Sign In")')
    Expected: visible
    Timeout: 5000ms
    Error: element(s) not found

    Call log:
      - Expect "toBeVisible" with timeout 5000ms
      - waiting for locator('h1:has-text("Sign In")')


      137 |     await page.waitForLoadState('networkidle');
      138 |     
    > 139 |     await expect(page.locator('h1:has-text("Sign In")')).toBeVisible();
          |                                                          ^
      140 |     await expect(page.locator('input[name="email"]')).toBeVisible();
      141 |     await expect(page.locator('input[name="password"]')).toBeVisible();
      142 |     await expect(page.locator('button[type="submit"]')).toBeVisible();
        at /Users/asithalakmal/Documents/web/final project/WeddingLK-next copy/tests/e2e/comprehensive-live-deployment.spec.ts:139:58

    attachment #1: screenshot (image/png) ──────────────────────────────────────────────────────────
    ../../test-results/comprehensive-live-deploym-f8c4e--Complete-Auth-Flow-Testing-firefox/test-failed-1.png
    ────────────────────────────────────────────────────────────────────────────────────────────────

    attachment #2: video (video/webm) ──────────────────────────────────────────────────────────────
    ../../test-results/comprehensive-live-deploym-f8c4e--Complete-Auth-Flow-Testing-firefox/video.webm
    ────────────────────────────────────────────────────────────────────────────────────────────────

    Error Context: ../../test-results/comprehensive-live-deploym-f8c4e--Complete-Auth-Flow-Testing-firefox/error-context.md
]]>
</failure>
<system-out>
<![CDATA[🔐 Testing Authentication System...

[[ATTACHMENT|test-results/comprehensive-live-deploym-f8c4e--Complete-Auth-Flow-Testing-firefox/test-failed-1.png]]

[[ATTACHMENT|test-results/comprehensive-live-deploym-f8c4e--Complete-Auth-Flow-Testing-firefox/video.webm]]

[[ATTACHMENT|test-results/comprehensive-live-deploym-f8c4e--Complete-Auth-Flow-Testing-firefox/error-context.md]]
]]>
</system-out>
</testcase>
<testcase name="🚀 COMPREHENSIVE LIVE DEPLOYMENT TESTING › 🏢 VENUES - Complete Venue CRUD Testing" classname="comprehensive-live-deployment.spec.ts" time="18.603">
<failure message="comprehensive-live-deployment.spec.ts:161:7 🏢 VENUES - Complete Venue CRUD Testing" type="FAILURE">
<![CDATA[  [firefox] › comprehensive-live-deployment.spec.ts:161:7 › 🚀 COMPREHENSIVE LIVE DEPLOYMENT TESTING › 🏢 VENUES - Complete Venue CRUD Testing 

    Error: expect(locator).toBeVisible() failed

    Locator: locator('h1:has-text("Wedding Venues")')
    Expected: visible
    Timeout: 5000ms
    Error: element(s) not found

    Call log:
      - Expect "toBeVisible" with timeout 5000ms
      - waiting for locator('h1:has-text("Wedding Venues")')


      166 |     
      167 |     // Test venue listing page
    > 168 |     await expect(page.locator('h1:has-text("Wedding Venues")')).toBeVisible();
          |                                                                 ^
      169 |     
      170 |     // Test search functionality
      171 |     await expect(page.locator('input[placeholder*="Search venues"]')).toBeVisible();
        at /Users/asithalakmal/Documents/web/final project/WeddingLK-next copy/tests/e2e/comprehensive-live-deployment.spec.ts:168:65

    attachment #1: screenshot (image/png) ──────────────────────────────────────────────────────────
    ../../test-results/comprehensive-live-deploym-ef612-Complete-Venue-CRUD-Testing-firefox/test-failed-1.png
    ────────────────────────────────────────────────────────────────────────────────────────────────

    attachment #2: video (video/webm) ──────────────────────────────────────────────────────────────
    ../../test-results/comprehensive-live-deploym-ef612-Complete-Venue-CRUD-Testing-firefox/video.webm
    ────────────────────────────────────────────────────────────────────────────────────────────────

    Error Context: ../../test-results/comprehensive-live-deploym-ef612-Complete-Venue-CRUD-Testing-firefox/error-context.md
]]>
</failure>
<system-out>
<![CDATA[🏢 Testing Venues System...

[[ATTACHMENT|test-results/comprehensive-live-deploym-ef612-Complete-Venue-CRUD-Testing-firefox/test-failed-1.png]]

[[ATTACHMENT|test-results/comprehensive-live-deploym-ef612-Complete-Venue-CRUD-Testing-firefox/video.webm]]

[[ATTACHMENT|test-results/comprehensive-live-deploym-ef612-Complete-Venue-CRUD-Testing-firefox/error-context.md]]
]]>
</system-out>
</testcase>
<testcase name="🚀 COMPREHENSIVE LIVE DEPLOYMENT TESTING › 🏪 VENDORS - Complete Vendor CRUD Testing" classname="comprehensive-live-deployment.spec.ts" time="17.878">
<failure message="comprehensive-live-deployment.spec.ts:206:7 🏪 VENDORS - Complete Vendor CRUD Testing" type="FAILURE">
<![CDATA[  [firefox] › comprehensive-live-deployment.spec.ts:206:7 › 🚀 COMPREHENSIVE LIVE DEPLOYMENT TESTING › 🏪 VENDORS - Complete Vendor CRUD Testing 

    Error: expect(locator).toBeVisible() failed

    Locator: locator('h1:has-text("Wedding Vendors")')
    Expected: visible
    Timeout: 5000ms
    Error: element(s) not found

    Call log:
      - Expect "toBeVisible" with timeout 5000ms
      - waiting for locator('h1:has-text("Wedding Vendors")')


      211 |     
      212 |     // Test vendor listing page
    > 213 |     await expect(page.locator('h1:has-text("Wedding Vendors")')).toBeVisible();
          |                                                                  ^
      214 |     
      215 |     // Test search functionality
      216 |     await expect(page.locator('input[placeholder*="Search vendors"]')).toBeVisible();
        at /Users/asithalakmal/Documents/web/final project/WeddingLK-next copy/tests/e2e/comprehensive-live-deployment.spec.ts:213:66

    attachment #1: screenshot (image/png) ──────────────────────────────────────────────────────────
    ../../test-results/comprehensive-live-deploym-d944a-omplete-Vendor-CRUD-Testing-firefox/test-failed-1.png
    ────────────────────────────────────────────────────────────────────────────────────────────────

    attachment #2: video (video/webm) ──────────────────────────────────────────────────────────────
    ../../test-results/comprehensive-live-deploym-d944a-omplete-Vendor-CRUD-Testing-firefox/video.webm
    ────────────────────────────────────────────────────────────────────────────────────────────────

    Error Context: ../../test-results/comprehensive-live-deploym-d944a-omplete-Vendor-CRUD-Testing-firefox/error-context.md
]]>
</failure>
<system-out>
<![CDATA[🏪 Testing Vendors System...

[[ATTACHMENT|test-results/comprehensive-live-deploym-d944a-omplete-Vendor-CRUD-Testing-firefox/test-failed-1.png]]

[[ATTACHMENT|test-results/comprehensive-live-deploym-d944a-omplete-Vendor-CRUD-Testing-firefox/video.webm]]

[[ATTACHMENT|test-results/comprehensive-live-deploym-d944a-omplete-Vendor-CRUD-Testing-firefox/error-context.md]]
]]>
</system-out>
</testcase>
<testcase name="🚀 COMPREHENSIVE LIVE DEPLOYMENT TESTING › 📱 FEED - Complete Social Feed Testing" classname="comprehensive-live-deployment.spec.ts" time="18.327">
<failure message="comprehensive-live-deployment.spec.ts:251:7 📱 FEED - Complete Social Feed Testing" type="FAILURE">
<![CDATA[  [firefox] › comprehensive-live-deployment.spec.ts:251:7 › 🚀 COMPREHENSIVE LIVE DEPLOYMENT TESTING › 📱 FEED - Complete Social Feed Testing 

    Error: expect(locator).toBeVisible() failed

    Locator: locator('h1:has-text("Wedding Feed")')
    Expected: visible
    Timeout: 5000ms
    Error: element(s) not found

    Call log:
      - Expect "toBeVisible" with timeout 5000ms
      - waiting for locator('h1:has-text("Wedding Feed")')


      256 |     
      257 |     // Test feed page
    > 258 |     await expect(page.locator('h1:has-text("Wedding Feed")')).toBeVisible();
          |                                                               ^
      259 |     
      260 |     // Test feed filters
      261 |     const filters = ['All', 'Venues', 'Vendors', 'Planning', 'Inspiration'];
        at /Users/asithalakmal/Documents/web/final project/WeddingLK-next copy/tests/e2e/comprehensive-live-deployment.spec.ts:258:63

    attachment #1: screenshot (image/png) ──────────────────────────────────────────────────────────
    ../../test-results/comprehensive-live-deploym-b9f37-omplete-Social-Feed-Testing-firefox/test-failed-1.png
    ────────────────────────────────────────────────────────────────────────────────────────────────

    attachment #2: video (video/webm) ──────────────────────────────────────────────────────────────
    ../../test-results/comprehensive-live-deploym-b9f37-omplete-Social-Feed-Testing-firefox/video.webm
    ────────────────────────────────────────────────────────────────────────────────────────────────

    Error Context: ../../test-results/comprehensive-live-deploym-b9f37-omplete-Social-Feed-Testing-firefox/error-context.md
]]>
</failure>
<system-out>
<![CDATA[📱 Testing Social Feed System...

[[ATTACHMENT|test-results/comprehensive-live-deploym-b9f37-omplete-Social-Feed-Testing-firefox/test-failed-1.png]]

[[ATTACHMENT|test-results/comprehensive-live-deploym-b9f37-omplete-Social-Feed-Testing-firefox/video.webm]]

[[ATTACHMENT|test-results/comprehensive-live-deploym-b9f37-omplete-Social-Feed-Testing-firefox/error-context.md]]
]]>
</system-out>
</testcase>
<testcase name="🚀 COMPREHENSIVE LIVE DEPLOYMENT TESTING › 🖼️ GALLERY - Complete Gallery Testing" classname="comprehensive-live-deployment.spec.ts" time="14.728">
<failure message="comprehensive-live-deployment.spec.ts:295:7 🖼️ GALLERY - Complete Gallery Testing" type="FAILURE">
<![CDATA[  [firefox] › comprehensive-live-deployment.spec.ts:295:7 › 🚀 COMPREHENSIVE LIVE DEPLOYMENT TESTING › 🖼️ GALLERY - Complete Gallery Testing 

    Error: expect(locator).toBeVisible() failed

    Locator: locator('button:has-text("All")')
    Expected: visible
    Error: strict mode violation: locator('button:has-text("All")') resolved to 3 elements:
        1) <button dir="ltr" type="button" role="combobox" data-state="closed" aria-expanded="false" aria-autocomplete="none" aria-controls="radix-«r0»" class="flex h-10 items-center justify-between rounded-md border border-input bg-background px-3 py-2 text-sm ring-offset-background placeholder:text-muted-foreground focus:outline-none focus:ring-2 focus:ring-ring focus:ring-offset-2 disabled:cursor-not-allowed disabled:opacity-50 [&>span]:line-clamp-1 w-[200px]">…</button> aka getByRole('combobox').filter({ hasText: 'All Photos0' })
        2) <button dir="ltr" type="button" role="combobox" data-state="closed" aria-expanded="false" aria-autocomplete="none" aria-controls="radix-«r1»" class="flex h-10 items-center justify-between rounded-md border border-input bg-background px-3 py-2 text-sm ring-offset-background placeholder:text-muted-foreground focus:outline-none focus:ring-2 focus:ring-ring focus:ring-offset-2 disabled:cursor-not-allowed disabled:opacity-50 [&>span]:line-clamp-1 w-[200px]">…</button> aka getByRole('combobox').filter({ hasText: 'All Venues' })
        ...

    Call log:
      - Expect "toBeVisible" with timeout 5000ms
      - waiting for locator('button:has-text("All")')


      305 |     const categories = ['All', 'Venues', 'Decorations', 'Photography', 'Catering'];
      306 |     for (const category of categories) {
    > 307 |       await expect(page.locator(`button:has-text("${category}")`)).toBeVisible();
          |                                                                    ^
      308 |     }
      309 |     
      310 |     // Test gallery images
        at /Users/asithalakmal/Documents/web/final project/WeddingLK-next copy/tests/e2e/comprehensive-live-deployment.spec.ts:307:68

    attachment #1: screenshot (image/png) ──────────────────────────────────────────────────────────
    ../../test-results/comprehensive-live-deploym-caa8a----Complete-Gallery-Testing-firefox/test-failed-1.png
    ────────────────────────────────────────────────────────────────────────────────────────────────

    attachment #2: video (video/webm) ──────────────────────────────────────────────────────────────
    ../../test-results/comprehensive-live-deploym-caa8a----Complete-Gallery-Testing-firefox/video.webm
    ────────────────────────────────────────────────────────────────────────────────────────────────

    Error Context: ../../test-results/comprehensive-live-deploym-caa8a----Complete-Gallery-Testing-firefox/error-context.md
]]>
</failure>
<system-out>
<![CDATA[🖼️ Testing Gallery System...

[[ATTACHMENT|test-results/comprehensive-live-deploym-caa8a----Complete-Gallery-Testing-firefox/test-failed-1.png]]

[[ATTACHMENT|test-results/comprehensive-live-deploym-caa8a----Complete-Gallery-Testing-firefox/video.webm]]

[[ATTACHMENT|test-results/comprehensive-live-deploym-caa8a----Complete-Gallery-Testing-firefox/error-context.md]]
]]>
</system-out>
</testcase>
<testcase name="🚀 COMPREHENSIVE LIVE DEPLOYMENT TESTING › 📊 DASHBOARD - Complete Dashboard Testing" classname="comprehensive-live-deployment.spec.ts" time="14.307">
<failure message="comprehensive-live-deployment.spec.ts:329:7 📊 DASHBOARD - Complete Dashboard Testing" type="FAILURE">
<![CDATA[  [firefox] › comprehensive-live-deployment.spec.ts:329:7 › 🚀 COMPREHENSIVE LIVE DEPLOYMENT TESTING › 📊 DASHBOARD - Complete Dashboard Testing 

    Error: expect(locator).toBeVisible() failed

    Locator: locator('input[name="email"]')
    Expected: visible
    Timeout: 5000ms
    Error: element(s) not found

    Call log:
      - Expect "toBeVisible" with timeout 5000ms
      - waiting for locator('input[name="email"]')


      340 |       
      341 |       // Test login form
    > 342 |       await expect(page.locator('input[name="email"]')).toBeVisible();
          |                                                         ^
      343 |       await expect(page.locator('input[name="password"]')).toBeVisible();
      344 |       
      345 |       // Fill in test credentials
        at /Users/asithalakmal/Documents/web/final project/WeddingLK-next copy/tests/e2e/comprehensive-live-deployment.spec.ts:342:57

    attachment #1: screenshot (image/png) ──────────────────────────────────────────────────────────
    ../../test-results/comprehensive-live-deploym-06825--Complete-Dashboard-Testing-firefox/test-failed-1.png
    ────────────────────────────────────────────────────────────────────────────────────────────────

    attachment #2: video (video/webm) ──────────────────────────────────────────────────────────────
    ../../test-results/comprehensive-live-deploym-06825--Complete-Dashboard-Testing-firefox/video.webm
    ────────────────────────────────────────────────────────────────────────────────────────────────

    Error Context: ../../test-results/comprehensive-live-deploym-06825--Complete-Dashboard-Testing-firefox/error-context.md
]]>
</failure>
<system-out>
<![CDATA[📊 Testing Dashboard System...
✅ Dashboard correctly redirects to login when not authenticated

[[ATTACHMENT|test-results/comprehensive-live-deploym-06825--Complete-Dashboard-Testing-firefox/test-failed-1.png]]

[[ATTACHMENT|test-results/comprehensive-live-deploym-06825--Complete-Dashboard-Testing-firefox/video.webm]]

[[ATTACHMENT|test-results/comprehensive-live-deploym-06825--Complete-Dashboard-Testing-firefox/error-context.md]]
]]>
</system-out>
</testcase>
<testcase name="🚀 COMPREHENSIVE LIVE DEPLOYMENT TESTING › 🔧 API ENDPOINTS - Complete API Testing" classname="comprehensive-live-deployment.spec.ts" time="30.326">
<failure message="comprehensive-live-deployment.spec.ts:388:7 🔧 API ENDPOINTS - Complete API Testing" type="FAILURE">
<![CDATA[  [firefox] › comprehensive-live-deployment.spec.ts:388:7 › 🚀 COMPREHENSIVE LIVE DEPLOYMENT TESTING › 🔧 API ENDPOINTS - Complete API Testing 

    Test timeout of 30000ms exceeded.

    Error: apiRequestContext.get: Target page, context or browser has been closed
    Call log:
      - → GET https://wedding-lk.vercel.app/api/health
        - user-agent: Mozilla/5.0 (Windows NT 10.0; Win64; x64; rv:142.0.1) Gecko/20100101 Firefox/142.0.1
        - accept: */*
        - accept-encoding: gzip,deflate,br


      390 |     
      391 |     // Test health endpoint
    > 392 |     const healthResponse = await page.request.get(`${BASE_URL}/api/health`);
          |                                               ^
      393 |     expect(healthResponse.status()).toBe(200);
      394 |     
      395 |     // Test venues API
        at /Users/asithalakmal/Documents/web/final project/WeddingLK-next copy/tests/e2e/comprehensive-live-deployment.spec.ts:392:47

    attachment #1: screenshot (image/png) ──────────────────────────────────────────────────────────
    ../../test-results/comprehensive-live-deploym-3e5dc-INTS---Complete-API-Testing-firefox/test-failed-1.png
    ────────────────────────────────────────────────────────────────────────────────────────────────

    attachment #2: video (video/webm) ──────────────────────────────────────────────────────────────
    ../../test-results/comprehensive-live-deploym-3e5dc-INTS---Complete-API-Testing-firefox/video.webm
    ────────────────────────────────────────────────────────────────────────────────────────────────

    Error Context: ../../test-results/comprehensive-live-deploym-3e5dc-INTS---Complete-API-Testing-firefox/error-context.md
]]>
</failure>
<system-out>
<![CDATA[🔧 Testing API Endpoints...

[[ATTACHMENT|test-results/comprehensive-live-deploym-3e5dc-INTS---Complete-API-Testing-firefox/test-failed-1.png]]

[[ATTACHMENT|test-results/comprehensive-live-deploym-3e5dc-INTS---Complete-API-Testing-firefox/video.webm]]

[[ATTACHMENT|test-results/comprehensive-live-deploym-3e5dc-INTS---Complete-API-Testing-firefox/error-context.md]]
]]>
</system-out>
</testcase>
<testcase name="🚀 COMPREHENSIVE LIVE DEPLOYMENT TESTING › 📱 RESPONSIVE DESIGN - Complete Mobile Testing" classname="comprehensive-live-deployment.spec.ts" time="13.642">
<failure message="comprehensive-live-deployment.spec.ts:414:7 📱 RESPONSIVE DESIGN - Complete Mobile Testing" type="FAILURE">
<![CDATA[  [firefox] › comprehensive-live-deployment.spec.ts:414:7 › 🚀 COMPREHENSIVE LIVE DEPLOYMENT TESTING › 📱 RESPONSIVE DESIGN - Complete Mobile Testing 

    Error: expect(locator).toBeVisible() failed

    Locator: locator('button[aria-label="Open menu"], button:has-text("Menu")')
    Expected: visible
    Timeout: 5000ms
    Error: element(s) not found

    Call log:
      - Expect "toBeVisible" with timeout 5000ms
      - waiting for locator('button[aria-label="Open menu"], button:has-text("Menu")')


      421 |     
      422 |     // Test mobile navigation
    > 423 |     await expect(page.locator('button[aria-label="Open menu"], button:has-text("Menu")')).toBeVisible();
          |                                                                                           ^
      424 |     
      425 |     // Test mobile menu
      426 |     const menuButton = page.locator('button[aria-label="Open menu"], button:has-text("Menu")');
        at /Users/asithalakmal/Documents/web/final project/WeddingLK-next copy/tests/e2e/comprehensive-live-deployment.spec.ts:423:91

    attachment #1: screenshot (image/png) ──────────────────────────────────────────────────────────
    ../../test-results/comprehensive-live-deploym-279a2-N---Complete-Mobile-Testing-firefox/test-failed-1.png
    ────────────────────────────────────────────────────────────────────────────────────────────────

    attachment #2: video (video/webm) ──────────────────────────────────────────────────────────────
    ../../test-results/comprehensive-live-deploym-279a2-N---Complete-Mobile-Testing-firefox/video.webm
    ────────────────────────────────────────────────────────────────────────────────────────────────

    Error Context: ../../test-results/comprehensive-live-deploym-279a2-N---Complete-Mobile-Testing-firefox/error-context.md
]]>
</failure>
<system-out>
<![CDATA[📱 Testing Responsive Design...

[[ATTACHMENT|test-results/comprehensive-live-deploym-279a2-N---Complete-Mobile-Testing-firefox/test-failed-1.png]]

[[ATTACHMENT|test-results/comprehensive-live-deploym-279a2-N---Complete-Mobile-Testing-firefox/video.webm]]

[[ATTACHMENT|test-results/comprehensive-live-deploym-279a2-N---Complete-Mobile-Testing-firefox/error-context.md]]
]]>
</system-out>
</testcase>
<testcase name="🚀 COMPREHENSIVE LIVE DEPLOYMENT TESTING › 🎨 UI COMPONENTS - Complete Component Testing" classname="comprehensive-live-deployment.spec.ts" time="11.898">
<system-out>
<![CDATA[🎨 Testing UI Components...
Found 2 buttons
Found 0 input fields
Found 1 links
Found 0 images
✅ UI components testing completed successfully
]]>
</system-out>
</testcase>
<testcase name="🚀 COMPREHENSIVE LIVE DEPLOYMENT TESTING › ⚡ PERFORMANCE - Complete Performance Testing" classname="comprehensive-live-deployment.spec.ts" time="30.215">
<failure message="comprehensive-live-deployment.spec.ts:485:7 ⚡ PERFORMANCE - Complete Performance Testing" type="FAILURE">
<![CDATA[  [firefox] › comprehensive-live-deployment.spec.ts:485:7 › 🚀 COMPREHENSIVE LIVE DEPLOYMENT TESTING › ⚡ PERFORMANCE - Complete Performance Testing 

    Test timeout of 30000ms exceeded.

    Error: page.click: Test timeout of 30000ms exceeded.
    Call log:
      - waiting for locator('button:has-text("Toggle theme")')


      498 |     
      499 |     // Test page responsiveness
    > 500 |     await page.click('button:has-text("Toggle theme")');
          |                ^
      501 |     await page.waitForTimeout(500);
      502 |     
      503 |     // Test search functionality performance
        at /Users/asithalakmal/Documents/web/final project/WeddingLK-next copy/tests/e2e/comprehensive-live-deployment.spec.ts:500:16

    attachment #1: screenshot (image/png) ──────────────────────────────────────────────────────────
    ../../test-results/comprehensive-live-deploym-d0375-omplete-Performance-Testing-firefox/test-failed-1.png
    ────────────────────────────────────────────────────────────────────────────────────────────────

    attachment #2: video (video/webm) ──────────────────────────────────────────────────────────────
    ../../test-results/comprehensive-live-deploym-d0375-omplete-Performance-Testing-firefox/video.webm
    ────────────────────────────────────────────────────────────────────────────────────────────────

    Error Context: ../../test-results/comprehensive-live-deploym-d0375-omplete-Performance-Testing-firefox/error-context.md
]]>
</failure>
<system-out>
<![CDATA[⚡ Testing Performance...
Page load time: 1669ms

[[ATTACHMENT|test-results/comprehensive-live-deploym-d0375-omplete-Performance-Testing-firefox/test-failed-1.png]]

[[ATTACHMENT|test-results/comprehensive-live-deploym-d0375-omplete-Performance-Testing-firefox/video.webm]]

[[ATTACHMENT|test-results/comprehensive-live-deploym-d0375-omplete-Performance-Testing-firefox/error-context.md]]
]]>
</system-out>
</testcase>
<testcase name="🚀 COMPREHENSIVE LIVE DEPLOYMENT TESTING › 🔍 ERROR HANDLING - Complete Error Testing" classname="comprehensive-live-deployment.spec.ts" time="30.428">
<failure message="comprehensive-live-deployment.spec.ts:513:7 🔍 ERROR HANDLING - Complete Error Testing" type="FAILURE">
<![CDATA[  [firefox] › comprehensive-live-deployment.spec.ts:513:7 › 🚀 COMPREHENSIVE LIVE DEPLOYMENT TESTING › 🔍 ERROR HANDLING - Complete Error Testing 

    Test timeout of 30000ms exceeded.

    Error: page.click: Test timeout of 30000ms exceeded.
    Call log:
      - waiting for locator('button[type="submit"]')


      530 |     // Test form validation
      531 |     await page.goto(`${BASE_URL}/auth/signup`);
    > 532 |     await page.click('button[type="submit"]');
          |                ^
      533 |     
      534 |     // Check for validation errors
      535 |     const validationErrors = page.locator('text=required, text=invalid, text=error');
        at /Users/asithalakmal/Documents/web/final project/WeddingLK-next copy/tests/e2e/comprehensive-live-deployment.spec.ts:532:16

    attachment #1: screenshot (image/png) ──────────────────────────────────────────────────────────
    ../../test-results/comprehensive-live-deploym-608d6-NG---Complete-Error-Testing-firefox/test-failed-1.png
    ────────────────────────────────────────────────────────────────────────────────────────────────

    attachment #2: video (video/webm) ──────────────────────────────────────────────────────────────
    ../../test-results/comprehensive-live-deploym-608d6-NG---Complete-Error-Testing-firefox/video.webm
    ────────────────────────────────────────────────────────────────────────────────────────────────

    Error Context: ../../test-results/comprehensive-live-deploym-608d6-NG---Complete-Error-Testing-firefox/error-context.md
]]>
</failure>
<system-out>
<![CDATA[🔍 Testing Error Handling...

[[ATTACHMENT|test-results/comprehensive-live-deploym-608d6-NG---Complete-Error-Testing-firefox/test-failed-1.png]]

[[ATTACHMENT|test-results/comprehensive-live-deploym-608d6-NG---Complete-Error-Testing-firefox/video.webm]]

[[ATTACHMENT|test-results/comprehensive-live-deploym-608d6-NG---Complete-Error-Testing-firefox/error-context.md]]
]]>
</system-out>
</testcase>
<testcase name="🚀 COMPREHENSIVE LIVE DEPLOYMENT TESTING › 🎯 FINAL INTEGRATION - Complete System Integration" classname="comprehensive-live-deployment.spec.ts" time="30.469">
<failure message="comprehensive-live-deployment.spec.ts:544:7 🎯 FINAL INTEGRATION - Complete System Integration" type="FAILURE">
<![CDATA[  [firefox] › comprehensive-live-deployment.spec.ts:544:7 › 🚀 COMPREHENSIVE LIVE DEPLOYMENT TESTING › 🎯 FINAL INTEGRATION - Complete System Integration 

    Test timeout of 30000ms exceeded.

    Error: page.screenshot: Test timeout of 30000ms exceeded.
    Call log:
      - taking page screenshot


      562 |       
      563 |       // Take screenshot of each section
    > 564 |       await page.screenshot({ path: `test-results/live-deployment-${section.replace('/', '')}.png` });
          |                  ^
      565 |     }
      566 |     
      567 |     // Test dashboard integration
        at /Users/asithalakmal/Documents/web/final project/WeddingLK-next copy/tests/e2e/comprehensive-live-deployment.spec.ts:564:18

    attachment #1: screenshot (image/png) ──────────────────────────────────────────────────────────
    ../../test-results/comprehensive-live-deploym-c7c0a-Complete-System-Integration-firefox/test-failed-1.png
    ────────────────────────────────────────────────────────────────────────────────────────────────

    attachment #2: video (video/webm) ──────────────────────────────────────────────────────────────
    ../../test-results/comprehensive-live-deploym-c7c0a-Complete-System-Integration-firefox/video.webm
    ────────────────────────────────────────────────────────────────────────────────────────────────

    Error Context: ../../test-results/comprehensive-live-deploym-c7c0a-Complete-System-Integration-firefox/error-context.md
]]>
</failure>
<system-out>
<![CDATA[🎯 Testing Complete System Integration...
Testing section: /venues
Testing section: /vendors
Testing section: /feed
Testing section: /gallery

[[ATTACHMENT|test-results/comprehensive-live-deploym-c7c0a-Complete-System-Integration-firefox/test-failed-1.png]]

[[ATTACHMENT|test-results/comprehensive-live-deploym-c7c0a-Complete-System-Integration-firefox/video.webm]]

[[ATTACHMENT|test-results/comprehensive-live-deploym-c7c0a-Complete-System-Integration-firefox/error-context.md]]
]]>
</system-out>
</testcase>
<testcase name="🚀 LIVE DEPLOYMENT STRESS TESTING › ⚡ STRESS TEST - Multiple Concurrent Operations" classname="comprehensive-live-deployment.spec.ts" time="31.693">
<failure message="comprehensive-live-deployment.spec.ts:584:7 ⚡ STRESS TEST - Multiple Concurrent Operations" type="FAILURE">
<![CDATA[  [firefox] › comprehensive-live-deployment.spec.ts:584:7 › 🚀 LIVE DEPLOYMENT STRESS TESTING › ⚡ STRESS TEST - Multiple Concurrent Operations 

    Test timeout of 30000ms exceeded.

    Error: page.waitForLoadState: Test timeout of 30000ms exceeded.

      591 |       for (const pagePath of pages) {
      592 |         await page.goto(`${BASE_URL}${pagePath}`);
    > 593 |         await page.waitForLoadState('networkidle');
          |                    ^
      594 |         await page.waitForTimeout(500);
      595 |       }
      596 |     }
        at /Users/asithalakmal/Documents/web/final project/WeddingLK-next copy/tests/e2e/comprehensive-live-deployment.spec.ts:593:20

    attachment #1: screenshot (image/png) ──────────────────────────────────────────────────────────
    ../../test-results/comprehensive-live-deploym-5eba8-tiple-Concurrent-Operations-firefox/test-failed-1.png
    ────────────────────────────────────────────────────────────────────────────────────────────────

    attachment #2: video (video/webm) ──────────────────────────────────────────────────────────────
    ../../test-results/comprehensive-live-deploym-5eba8-tiple-Concurrent-Operations-firefox/video.webm
    ────────────────────────────────────────────────────────────────────────────────────────────────

    Error Context: ../../test-results/comprehensive-live-deploym-5eba8-tiple-Concurrent-Operations-firefox/error-context.md
]]>
</failure>
<system-out>
<![CDATA[⚡ Running Stress Tests...

[[ATTACHMENT|test-results/comprehensive-live-deploym-5eba8-tiple-Concurrent-Operations-firefox/test-failed-1.png]]

[[ATTACHMENT|test-results/comprehensive-live-deploym-5eba8-tiple-Concurrent-Operations-firefox/video.webm]]

[[ATTACHMENT|test-results/comprehensive-live-deploym-5eba8-tiple-Concurrent-Operations-firefox/error-context.md]]
]]>
</system-out>
</testcase>
</testsuite>
<testsuite name="payment.spec.ts" timestamp="2025-10-22T18:37:21.475Z" hostname="firefox" tests="7" failures="7" skipped="0" time="186.21" errors="0">
<testcase name="Payment System › Stripe payment integration with mock" classname="payment.spec.ts" time="30.274">
<failure message="payment.spec.ts:5:7 Stripe payment integration with mock" type="FAILURE">
<![CDATA[  [firefox] › payment.spec.ts:5:7 › Payment System › Stripe payment integration with mock ──────────

    Test timeout of 30000ms exceeded.

    Error: page.fill: Test timeout of 30000ms exceeded.
    Call log:
      - waiting for locator('input[name="customerName"]')


      13 |     
      14 |     // Fill checkout form
    > 15 |     await page.fill('input[name="customerName"]', customer.name);
         |                ^
      16 |     await page.fill('input[name="customerEmail"]', customer.email);
      17 |     await page.fill('input[name="customerPhone"]', customer.phone);
      18 |     await page.fill('input[name="billingAddress"]', faker.location.streetAddress());
        at /Users/asithalakmal/Documents/web/final project/WeddingLK-next copy/tests/e2e/payment.spec.ts:15:16

    attachment #1: screenshot (image/png) ──────────────────────────────────────────────────────────
    ../../test-results/payment-Payment-System-Stripe-payment-integration-with-mock-firefox/test-failed-1.png
    ────────────────────────────────────────────────────────────────────────────────────────────────

    attachment #2: video (video/webm) ──────────────────────────────────────────────────────────────
    ../../test-results/payment-Payment-System-Stripe-payment-integration-with-mock-firefox/video.webm
    ────────────────────────────────────────────────────────────────────────────────────────────────

    Error Context: ../../test-results/payment-Payment-System-Stripe-payment-integration-with-mock-firefox/error-context.md
]]>
</failure>
<system-out>
<![CDATA[
[[ATTACHMENT|test-results/payment-Payment-System-Stripe-payment-integration-with-mock-firefox/test-failed-1.png]]

[[ATTACHMENT|test-results/payment-Payment-System-Stripe-payment-integration-with-mock-firefox/video.webm]]

[[ATTACHMENT|test-results/payment-Payment-System-Stripe-payment-integration-with-mock-firefox/error-context.md]]
]]>
</system-out>
</testcase>
<testcase name="Payment System › PayHere payment integration" classname="payment.spec.ts" time="30.378">
<failure message="payment.spec.ts:62:7 PayHere payment integration" type="FAILURE">
<![CDATA[  [firefox] › payment.spec.ts:62:7 › Payment System › PayHere payment integration ──────────────────

    Test timeout of 30000ms exceeded.

    Error: page.click: Test timeout of 30000ms exceeded.
    Call log:
      - waiting for locator('input[name="paymentMethod"][value="payhere"]')


      64 |     
      65 |     // Select PayHere payment method
    > 66 |     await page.click('input[name="paymentMethod"][value="payhere"]');
         |                ^
      67 |     
      68 |     // Mock PayHere payment
      69 |     await page.route('**/api/payments/payhere/create', route => {
        at /Users/asithalakmal/Documents/web/final project/WeddingLK-next copy/tests/e2e/payment.spec.ts:66:16

    attachment #1: screenshot (image/png) ──────────────────────────────────────────────────────────
    ../../test-results/payment-Payment-System-PayHere-payment-integration-firefox/test-failed-1.png
    ────────────────────────────────────────────────────────────────────────────────────────────────

    attachment #2: video (video/webm) ──────────────────────────────────────────────────────────────
    ../../test-results/payment-Payment-System-PayHere-payment-integration-firefox/video.webm
    ────────────────────────────────────────────────────────────────────────────────────────────────

    Error Context: ../../test-results/payment-Payment-System-PayHere-payment-integration-firefox/error-context.md
]]>
</failure>
<system-out>
<![CDATA[
[[ATTACHMENT|test-results/payment-Payment-System-PayHere-payment-integration-firefox/test-failed-1.png]]

[[ATTACHMENT|test-results/payment-Payment-System-PayHere-payment-integration-firefox/video.webm]]

[[ATTACHMENT|test-results/payment-Payment-System-PayHere-payment-integration-firefox/error-context.md]]
]]>
</system-out>
</testcase>
<testcase name="Payment System › Payment failure handling" classname="payment.spec.ts" time="30.229">
<failure message="payment.spec.ts:101:7 Payment failure handling" type="FAILURE">
<![CDATA[  [firefox] › payment.spec.ts:101:7 › Payment System › Payment failure handling ────────────────────

    Test timeout of 30000ms exceeded.

    Error: page.fill: Test timeout of 30000ms exceeded.
    Call log:
      - waiting for locator('input[name="cardNumber"]')


      114 |     });
      115 |
    > 116 |     await page.fill('input[name="cardNumber"]', '4000000000000002'); // Declined card
          |                ^
      117 |     await page.fill('input[name="expiryDate"]', '12/25');
      118 |     await page.fill('input[name="cvv"]', '123');
      119 |     
        at /Users/asithalakmal/Documents/web/final project/WeddingLK-next copy/tests/e2e/payment.spec.ts:116:16

    attachment #1: screenshot (image/png) ──────────────────────────────────────────────────────────
    ../../test-results/payment-Payment-System-Payment-failure-handling-firefox/test-failed-1.png
    ────────────────────────────────────────────────────────────────────────────────────────────────

    attachment #2: video (video/webm) ──────────────────────────────────────────────────────────────
    ../../test-results/payment-Payment-System-Payment-failure-handling-firefox/video.webm
    ────────────────────────────────────────────────────────────────────────────────────────────────

    Error Context: ../../test-results/payment-Payment-System-Payment-failure-handling-firefox/error-context.md
]]>
</failure>
<system-out>
<![CDATA[
[[ATTACHMENT|test-results/payment-Payment-System-Payment-failure-handling-firefox/test-failed-1.png]]

[[ATTACHMENT|test-results/payment-Payment-System-Payment-failure-handling-firefox/video.webm]]

[[ATTACHMENT|test-results/payment-Payment-System-Payment-failure-handling-firefox/error-context.md]]
]]>
</system-out>
</testcase>
<testcase name="Payment System › Payment refund processing" classname="payment.spec.ts" time="30.535">
<failure message="payment.spec.ts:126:7 Payment refund processing" type="FAILURE">
<![CDATA[  [firefox] › payment.spec.ts:126:7 › Payment System › Payment refund processing ───────────────────

    Test timeout of 30000ms exceeded.

    Error: page.fill: Test timeout of 30000ms exceeded.
    Call log:
      - waiting for locator('input[name="email"]')


      127 |     // Login as admin
      128 |     await page.goto('/auth/signin');
    > 129 |     await page.fill('input[name="email"]', process.env.TEST_ADMIN_EMAIL || 'admin@test.local');
          |                ^
      130 |     await page.fill('input[name="password"]', process.env.TEST_ADMIN_PASSWORD || 'AdminPass123!');
      131 |     await page.click('button[type="submit"]');
      132 |     await expect(page).toHaveURL(/\/dashboard/);
        at /Users/asithalakmal/Documents/web/final project/WeddingLK-next copy/tests/e2e/payment.spec.ts:129:16

    attachment #1: screenshot (image/png) ──────────────────────────────────────────────────────────
    ../../test-results/payment-Payment-System-Payment-refund-processing-firefox/test-failed-1.png
    ────────────────────────────────────────────────────────────────────────────────────────────────

    attachment #2: video (video/webm) ──────────────────────────────────────────────────────────────
    ../../test-results/payment-Payment-System-Payment-refund-processing-firefox/video.webm
    ────────────────────────────────────────────────────────────────────────────────────────────────

    Error Context: ../../test-results/payment-Payment-System-Payment-refund-processing-firefox/error-context.md
]]>
</failure>
<system-out>
<![CDATA[
[[ATTACHMENT|test-results/payment-Payment-System-Payment-refund-processing-firefox/test-failed-1.png]]

[[ATTACHMENT|test-results/payment-Payment-System-Payment-refund-processing-firefox/video.webm]]

[[ATTACHMENT|test-results/payment-Payment-System-Payment-refund-processing-firefox/error-context.md]]
]]>
</system-out>
</testcase>
<testcase name="Payment System › Payment history and analytics" classname="payment.spec.ts" time="30.31">
<failure message="payment.spec.ts:173:7 Payment history and analytics" type="FAILURE">
<![CDATA[  [firefox] › payment.spec.ts:173:7 › Payment System › Payment history and analytics ───────────────

    Test timeout of 30000ms exceeded.

    Error: page.fill: Test timeout of 30000ms exceeded.
    Call log:
      - waiting for locator('input[name="email"]')


      174 |     // Login as customer
      175 |     await page.goto('/auth/signin');
    > 176 |     await page.fill('input[name="email"]', process.env.TEST_CUSTOMER_EMAIL || 'customer@test.local');
          |                ^
      177 |     await page.fill('input[name="password"]', process.env.TEST_CUSTOMER_PASSWORD || 'CustomerPass123!');
      178 |     await page.click('button[type="submit"]');
      179 |     await expect(page).toHaveURL(/\/dashboard/);
        at /Users/asithalakmal/Documents/web/final project/WeddingLK-next copy/tests/e2e/payment.spec.ts:176:16

    attachment #1: screenshot (image/png) ──────────────────────────────────────────────────────────
    ../../test-results/payment-Payment-System-Payment-history-and-analytics-firefox/test-failed-1.png
    ────────────────────────────────────────────────────────────────────────────────────────────────

    attachment #2: video (video/webm) ──────────────────────────────────────────────────────────────
    ../../test-results/payment-Payment-System-Payment-history-and-analytics-firefox/video.webm
    ────────────────────────────────────────────────────────────────────────────────────────────────

    Error Context: ../../test-results/payment-Payment-System-Payment-history-and-analytics-firefox/error-context.md
]]>
</failure>
<system-out>
<![CDATA[
[[ATTACHMENT|test-results/payment-Payment-System-Payment-history-and-analytics-firefox/test-failed-1.png]]

[[ATTACHMENT|test-results/payment-Payment-System-Payment-history-and-analytics-firefox/video.webm]]

[[ATTACHMENT|test-results/payment-Payment-System-Payment-history-and-analytics-firefox/error-context.md]]
]]>
</system-out>
</testcase>
<testcase name="Payment System › Subscription payment management" classname="payment.spec.ts" time="30.434">
<failure message="payment.spec.ts:195:7 Subscription payment management" type="FAILURE">
<![CDATA[  [firefox] › payment.spec.ts:195:7 › Payment System › Subscription payment management ─────────────

    Test timeout of 30000ms exceeded.

    Error: page.fill: Test timeout of 30000ms exceeded.
    Call log:
      - waiting for locator('input[name="email"]')


      196 |     // Login as vendor
      197 |     await page.goto('/auth/signin');
    > 198 |     await page.fill('input[name="email"]', process.env.TEST_VENDOR_EMAIL || 'vendor@test.local');
          |                ^
      199 |     await page.fill('input[name="password"]', process.env.TEST_VENDOR_PASSWORD || 'VendorPass123!');
      200 |     await page.click('button[type="submit"]');
      201 |     await expect(page).toHaveURL(/\/dashboard/);
        at /Users/asithalakmal/Documents/web/final project/WeddingLK-next copy/tests/e2e/payment.spec.ts:198:16

    attachment #1: screenshot (image/png) ──────────────────────────────────────────────────────────
    ../../test-results/payment-Payment-System-Subscription-payment-management-firefox/test-failed-1.png
    ────────────────────────────────────────────────────────────────────────────────────────────────

    attachment #2: video (video/webm) ──────────────────────────────────────────────────────────────
    ../../test-results/payment-Payment-System-Subscription-payment-management-firefox/video.webm
    ────────────────────────────────────────────────────────────────────────────────────────────────

    Error Context: ../../test-results/payment-Payment-System-Subscription-payment-management-firefox/error-context.md
]]>
</failure>
<system-out>
<![CDATA[
[[ATTACHMENT|test-results/payment-Payment-System-Subscription-payment-management-firefox/test-failed-1.png]]

[[ATTACHMENT|test-results/payment-Payment-System-Subscription-payment-management-firefox/video.webm]]

[[ATTACHMENT|test-results/payment-Payment-System-Subscription-payment-management-firefox/error-context.md]]
]]>
</system-out>
</testcase>
<testcase name="Payment System › Payment webhook handling" classname="payment.spec.ts" time="4.05">
<failure message="payment.spec.ts:231:7 Payment webhook handling" type="FAILURE">
<![CDATA[  [firefox] › payment.spec.ts:231:7 › Payment System › Payment webhook handling ────────────────────

    Error: expect(received).toBeTruthy()

    Received: false

      245 |     });
      246 |     
    > 247 |     expect(webhookResponse.ok()).toBeTruthy();
          |                                  ^
      248 |   });
      249 | });
      250 |
        at /Users/asithalakmal/Documents/web/final project/WeddingLK-next copy/tests/e2e/payment.spec.ts:247:34

    attachment #1: screenshot (image/png) ──────────────────────────────────────────────────────────
    ../../test-results/payment-Payment-System-Payment-webhook-handling-firefox/test-failed-1.png
    ────────────────────────────────────────────────────────────────────────────────────────────────

    attachment #2: video (video/webm) ──────────────────────────────────────────────────────────────
    ../../test-results/payment-Payment-System-Payment-webhook-handling-firefox/video.webm
    ────────────────────────────────────────────────────────────────────────────────────────────────
]]>
</failure>
<system-out>
<![CDATA[
[[ATTACHMENT|test-results/payment-Payment-System-Payment-webhook-handling-firefox/test-failed-1.png]]

[[ATTACHMENT|test-results/payment-Payment-System-Payment-webhook-handling-firefox/video.webm]]
]]>
</system-out>
</testcase>
</testsuite>
<testsuite name="production.spec.ts" timestamp="2025-10-22T18:37:21.475Z" hostname="firefox" tests="6" failures="3" skipped="0" time="80.277" errors="0">
<testcase name="Production Site Tests › Homepage loads correctly" classname="production.spec.ts" time="8.033">
</testcase>
<testcase name="Production Site Tests › Navigation works correctly" classname="production.spec.ts" time="30.249">
<failure message="production.spec.ts:19:7 Navigation works correctly" type="FAILURE">
<![CDATA[  [firefox] › production.spec.ts:19:7 › Production Site Tests › Navigation works correctly ─────────

    Test timeout of 30000ms exceeded.

    Error: locator.click: Test timeout of 30000ms exceeded.
    Call log:
      - waiting for locator('nav a[href="/venues"]').first()
        - locator resolved to <a href="/venues" class="text-gray-700 hover:text-rose-500 dark:text-gray-300 dark:hover:text-rose-400 font-medium transition-colors">Venues</a>
      - attempting click action
        - waiting for element to be visible, enabled and stable
      - element was detached from the DOM, retrying


      21 |     
      22 |     // Test venues navigation - use a more robust approach
    > 23 |     await page.locator('nav a[href="/venues"]').first().click();
         |                                                         ^
      24 |     
      25 |     // Wait for navigation to complete
      26 |     await page.waitForLoadState('networkidle');
        at /Users/asithalakmal/Documents/web/final project/WeddingLK-next copy/tests/e2e/production.spec.ts:23:57

    attachment #1: screenshot (image/png) ──────────────────────────────────────────────────────────
    ../../test-results/production-Production-Site-Tests-Navigation-works-correctly-firefox/test-failed-1.png
    ────────────────────────────────────────────────────────────────────────────────────────────────

    attachment #2: video (video/webm) ──────────────────────────────────────────────────────────────
    ../../test-results/production-Production-Site-Tests-Navigation-works-correctly-firefox/video.webm
    ────────────────────────────────────────────────────────────────────────────────────────────────

    Error Context: ../../test-results/production-Production-Site-Tests-Navigation-works-correctly-firefox/error-context.md
]]>
</failure>
<system-out>
<![CDATA[
[[ATTACHMENT|test-results/production-Production-Site-Tests-Navigation-works-correctly-firefox/test-failed-1.png]]

[[ATTACHMENT|test-results/production-Production-Site-Tests-Navigation-works-correctly-firefox/video.webm]]

[[ATTACHMENT|test-results/production-Production-Site-Tests-Navigation-works-correctly-firefox/error-context.md]]
]]>
</system-out>
</testcase>
<testcase name="Production Site Tests › Search functionality is present" classname="production.spec.ts" time="9.73">
<failure message="production.spec.ts:37:7 Search functionality is present" type="FAILURE">
<![CDATA[  [firefox] › production.spec.ts:37:7 › Production Site Tests › Search functionality is present ────

    Error: expect(locator).toBeVisible() failed

    Locator: locator('input[placeholder*="dream wedding"]')
    Expected: visible
    Timeout: 5000ms
    Error: element(s) not found

    Call log:
      - Expect "toBeVisible" with timeout 5000ms
      - waiting for locator('input[placeholder*="dream wedding"]')


      39 |     
      40 |     // Check that the search input is present (try different placeholder text)
    > 41 |     await expect(page.locator('input[placeholder*="dream wedding"]')).toBeVisible();
         |                                                                       ^
      42 |     
      43 |     // Check that the search button is present
      44 |     await expect(page.locator('button:has-text("Find My Perfect Wedding")')).toBeVisible();
        at /Users/asithalakmal/Documents/web/final project/WeddingLK-next copy/tests/e2e/production.spec.ts:41:71

    attachment #1: screenshot (image/png) ──────────────────────────────────────────────────────────
    ../../test-results/production-Production-Site-101a3-ch-functionality-is-present-firefox/test-failed-1.png
    ────────────────────────────────────────────────────────────────────────────────────────────────

    attachment #2: video (video/webm) ──────────────────────────────────────────────────────────────
    ../../test-results/production-Production-Site-101a3-ch-functionality-is-present-firefox/video.webm
    ────────────────────────────────────────────────────────────────────────────────────────────────

    Error Context: ../../test-results/production-Production-Site-101a3-ch-functionality-is-present-firefox/error-context.md
]]>
</failure>
<system-out>
<![CDATA[
[[ATTACHMENT|test-results/production-Production-Site-101a3-ch-functionality-is-present-firefox/test-failed-1.png]]

[[ATTACHMENT|test-results/production-Production-Site-101a3-ch-functionality-is-present-firefox/video.webm]]

[[ATTACHMENT|test-results/production-Production-Site-101a3-ch-functionality-is-present-firefox/error-context.md]]
]]>
</system-out>
</testcase>
<testcase name="Production Site Tests › Footer links are present" classname="production.spec.ts" time="10.477">
<failure message="production.spec.ts:47:7 Footer links are present" type="FAILURE">
<![CDATA[  [firefox] › production.spec.ts:47:7 › Production Site Tests › Footer links are present ───────────

    Error: expect(locator).toBeVisible() failed

    Locator: locator('footer a[href="/vendors"]')
    Expected: visible
    Timeout: 5000ms
    Error: element(s) not found

    Call log:
      - Expect "toBeVisible" with timeout 5000ms
      - waiting for locator('footer a[href="/vendors"]')


      53 |     // Check footer links (be more specific to avoid multiple matches)
      54 |     await expect(page.locator('footer a[href="/venues"]')).toBeVisible();
    > 55 |     await expect(page.locator('footer a[href="/vendors"]')).toBeVisible();
         |                                                             ^
      56 |     await expect(page.locator('footer a[href="/gallery"]')).toBeVisible();
      57 |     // Check for about link in footer (may be in different section)
      58 |     await expect(page.locator('footer a[href="/about"], footer a[href="/contact"]')).toBeVisible();
        at /Users/asithalakmal/Documents/web/final project/WeddingLK-next copy/tests/e2e/production.spec.ts:55:61

    attachment #1: screenshot (image/png) ──────────────────────────────────────────────────────────
    ../../test-results/production-Production-Site-Tests-Footer-links-are-present-firefox/test-failed-1.png
    ────────────────────────────────────────────────────────────────────────────────────────────────

    attachment #2: video (video/webm) ──────────────────────────────────────────────────────────────
    ../../test-results/production-Production-Site-Tests-Footer-links-are-present-firefox/video.webm
    ────────────────────────────────────────────────────────────────────────────────────────────────

    Error Context: ../../test-results/production-Production-Site-Tests-Footer-links-are-present-firefox/error-context.md
]]>
</failure>
<system-out>
<![CDATA[
[[ATTACHMENT|test-results/production-Production-Site-Tests-Footer-links-are-present-firefox/test-failed-1.png]]

[[ATTACHMENT|test-results/production-Production-Site-Tests-Footer-links-are-present-firefox/video.webm]]

[[ATTACHMENT|test-results/production-Production-Site-Tests-Footer-links-are-present-firefox/error-context.md]]
]]>
</system-out>
</testcase>
<testcase name="Production Site Tests › Responsive design works" classname="production.spec.ts" time="10.67">
</testcase>
<testcase name="Production Site Tests › Page metadata is correct" classname="production.spec.ts" time="11.118">
</testcase>
</testsuite>
<testsuite name="rbac-comprehensive.spec.ts" timestamp="2025-10-22T18:37:21.475Z" hostname="firefox" tests="28" failures="28" skipped="0" time="789.003" errors="0">
<testcase name="🔐 User Role RBAC Tests › User Role - Allowed Access" classname="rbac-comprehensive.spec.ts" time="30.186">
<failure message="rbac-comprehensive.spec.ts:76:7 User Role - Allowed Access" type="FAILURE">
<![CDATA[  [firefox] › rbac-comprehensive.spec.ts:76:7 › 🔐 User Role RBAC Tests › User Role - Allowed Access 

    Test timeout of 30000ms exceeded.

    Error: page.fill: Test timeout of 30000ms exceeded.
    Call log:
      - waiting for locator('input[name="email"]')


      50 |   const user = testUsers[role];
      51 |   await page.goto('/auth/signin');
    > 52 |   await page.fill('input[name="email"]', user.email);
         |              ^
      53 |   await page.fill('input[name="password"]', user.password);
      54 |   await page.click('button[type="submit"]');
      55 |   await expect(page).toHaveURL(/\/dashboard/);
        at loginAsRole (/Users/asithalakmal/Documents/web/final project/WeddingLK-next copy/tests/e2e/rbac-comprehensive.spec.ts:52:14)
        at /Users/asithalakmal/Documents/web/final project/WeddingLK-next copy/tests/e2e/rbac-comprehensive.spec.ts:77:5

    attachment #1: screenshot (image/png) ──────────────────────────────────────────────────────────
    ../../test-results/rbac-comprehensive-🔐-User-6e635--User-Role---Allowed-Access-firefox/test-failed-1.png
    ────────────────────────────────────────────────────────────────────────────────────────────────

    attachment #2: video (video/webm) ──────────────────────────────────────────────────────────────
    ../../test-results/rbac-comprehensive-🔐-User-6e635--User-Role---Allowed-Access-firefox/video.webm
    ────────────────────────────────────────────────────────────────────────────────────────────────

    Error Context: ../../test-results/rbac-comprehensive-🔐-User-6e635--User-Role---Allowed-Access-firefox/error-context.md
]]>
</failure>
<system-out>
<![CDATA[
[[ATTACHMENT|test-results/rbac-comprehensive-🔐-User-6e635--User-Role---Allowed-Access-firefox/test-failed-1.png]]

[[ATTACHMENT|test-results/rbac-comprehensive-🔐-User-6e635--User-Role---Allowed-Access-firefox/video.webm]]

[[ATTACHMENT|test-results/rbac-comprehensive-🔐-User-6e635--User-Role---Allowed-Access-firefox/error-context.md]]
]]>
</system-out>
</testcase>
<testcase name="🔐 User Role RBAC Tests › User Role - Navigation Items Visibility" classname="rbac-comprehensive.spec.ts" time="30.276">
<failure message="rbac-comprehensive.spec.ts:106:7 User Role - Navigation Items Visibility" type="FAILURE">
<![CDATA[  [firefox] › rbac-comprehensive.spec.ts:106:7 › 🔐 User Role RBAC Tests › User Role - Navigation Items Visibility 

    Test timeout of 30000ms exceeded.

    Error: page.fill: Test timeout of 30000ms exceeded.
    Call log:
      - waiting for locator('input[name="email"]')


      50 |   const user = testUsers[role];
      51 |   await page.goto('/auth/signin');
    > 52 |   await page.fill('input[name="email"]', user.email);
         |              ^
      53 |   await page.fill('input[name="password"]', user.password);
      54 |   await page.click('button[type="submit"]');
      55 |   await expect(page).toHaveURL(/\/dashboard/);
        at loginAsRole (/Users/asithalakmal/Documents/web/final project/WeddingLK-next copy/tests/e2e/rbac-comprehensive.spec.ts:52:14)
        at /Users/asithalakmal/Documents/web/final project/WeddingLK-next copy/tests/e2e/rbac-comprehensive.spec.ts:107:5

    attachment #1: screenshot (image/png) ──────────────────────────────────────────────────────────
    ../../test-results/rbac-comprehensive-🔐-User-608d2-Navigation-Items-Visibility-firefox/test-failed-1.png
    ────────────────────────────────────────────────────────────────────────────────────────────────

    attachment #2: video (video/webm) ──────────────────────────────────────────────────────────────
    ../../test-results/rbac-comprehensive-🔐-User-608d2-Navigation-Items-Visibility-firefox/video.webm
    ────────────────────────────────────────────────────────────────────────────────────────────────

    Error Context: ../../test-results/rbac-comprehensive-🔐-User-608d2-Navigation-Items-Visibility-firefox/error-context.md
]]>
</failure>
<system-out>
<![CDATA[
[[ATTACHMENT|test-results/rbac-comprehensive-🔐-User-608d2-Navigation-Items-Visibility-firefox/test-failed-1.png]]

[[ATTACHMENT|test-results/rbac-comprehensive-🔐-User-608d2-Navigation-Items-Visibility-firefox/video.webm]]

[[ATTACHMENT|test-results/rbac-comprehensive-🔐-User-608d2-Navigation-Items-Visibility-firefox/error-context.md]]
]]>
</system-out>
</testcase>
<testcase name="🔐 User Role RBAC Tests › User Role - Feature Access Control" classname="rbac-comprehensive.spec.ts" time="30.245">
<failure message="rbac-comprehensive.spec.ts:126:7 User Role - Feature Access Control" type="FAILURE">
<![CDATA[  [firefox] › rbac-comprehensive.spec.ts:126:7 › 🔐 User Role RBAC Tests › User Role - Feature Access Control 

    Test timeout of 30000ms exceeded.

    Error: page.fill: Test timeout of 30000ms exceeded.
    Call log:
      - waiting for locator('input[name="email"]')


      50 |   const user = testUsers[role];
      51 |   await page.goto('/auth/signin');
    > 52 |   await page.fill('input[name="email"]', user.email);
         |              ^
      53 |   await page.fill('input[name="password"]', user.password);
      54 |   await page.click('button[type="submit"]');
      55 |   await expect(page).toHaveURL(/\/dashboard/);
        at loginAsRole (/Users/asithalakmal/Documents/web/final project/WeddingLK-next copy/tests/e2e/rbac-comprehensive.spec.ts:52:14)
        at /Users/asithalakmal/Documents/web/final project/WeddingLK-next copy/tests/e2e/rbac-comprehensive.spec.ts:127:5

    attachment #1: screenshot (image/png) ──────────────────────────────────────────────────────────
    ../../test-results/rbac-comprehensive-🔐-User-8f46f-le---Feature-Access-Control-firefox/test-failed-1.png
    ────────────────────────────────────────────────────────────────────────────────────────────────

    attachment #2: video (video/webm) ──────────────────────────────────────────────────────────────
    ../../test-results/rbac-comprehensive-🔐-User-8f46f-le---Feature-Access-Control-firefox/video.webm
    ────────────────────────────────────────────────────────────────────────────────────────────────

    Error Context: ../../test-results/rbac-comprehensive-🔐-User-8f46f-le---Feature-Access-Control-firefox/error-context.md
]]>
</failure>
<system-out>
<![CDATA[
[[ATTACHMENT|test-results/rbac-comprehensive-🔐-User-8f46f-le---Feature-Access-Control-firefox/test-failed-1.png]]

[[ATTACHMENT|test-results/rbac-comprehensive-🔐-User-8f46f-le---Feature-Access-Control-firefox/video.webm]]

[[ATTACHMENT|test-results/rbac-comprehensive-🔐-User-8f46f-le---Feature-Access-Control-firefox/error-context.md]]
]]>
</system-out>
</testcase>
<testcase name="🏢 Vendor Role RBAC Tests › Vendor Role - Allowed Access" classname="rbac-comprehensive.spec.ts" time="30.284">
<failure message="rbac-comprehensive.spec.ts:146:7 Vendor Role - Allowed Access" type="FAILURE">
<![CDATA[  [firefox] › rbac-comprehensive.spec.ts:146:7 › 🏢 Vendor Role RBAC Tests › Vendor Role - Allowed Access 

    Test timeout of 30000ms exceeded.

    Error: page.fill: Test timeout of 30000ms exceeded.
    Call log:
      - waiting for locator('input[name="email"]')


      50 |   const user = testUsers[role];
      51 |   await page.goto('/auth/signin');
    > 52 |   await page.fill('input[name="email"]', user.email);
         |              ^
      53 |   await page.fill('input[name="password"]', user.password);
      54 |   await page.click('button[type="submit"]');
      55 |   await expect(page).toHaveURL(/\/dashboard/);
        at loginAsRole (/Users/asithalakmal/Documents/web/final project/WeddingLK-next copy/tests/e2e/rbac-comprehensive.spec.ts:52:14)
        at /Users/asithalakmal/Documents/web/final project/WeddingLK-next copy/tests/e2e/rbac-comprehensive.spec.ts:147:5

    attachment #1: screenshot (image/png) ──────────────────────────────────────────────────────────
    ../../test-results/rbac-comprehensive-🏢-Vend-c71ca-endor-Role---Allowed-Access-firefox/test-failed-1.png
    ────────────────────────────────────────────────────────────────────────────────────────────────

    attachment #2: video (video/webm) ──────────────────────────────────────────────────────────────
    ../../test-results/rbac-comprehensive-🏢-Vend-c71ca-endor-Role---Allowed-Access-firefox/video.webm
    ────────────────────────────────────────────────────────────────────────────────────────────────

    Error Context: ../../test-results/rbac-comprehensive-🏢-Vend-c71ca-endor-Role---Allowed-Access-firefox/error-context.md
]]>
</failure>
<system-out>
<![CDATA[
[[ATTACHMENT|test-results/rbac-comprehensive-🏢-Vend-c71ca-endor-Role---Allowed-Access-firefox/test-failed-1.png]]

[[ATTACHMENT|test-results/rbac-comprehensive-🏢-Vend-c71ca-endor-Role---Allowed-Access-firefox/video.webm]]

[[ATTACHMENT|test-results/rbac-comprehensive-🏢-Vend-c71ca-endor-Role---Allowed-Access-firefox/error-context.md]]
]]>
</system-out>
</testcase>
<testcase name="🏢 Vendor Role RBAC Tests › Vendor Role - Navigation Items Visibility" classname="rbac-comprehensive.spec.ts" time="30.237">
<failure message="rbac-comprehensive.spec.ts:175:7 Vendor Role - Navigation Items Visibility" type="FAILURE">
<![CDATA[  [firefox] › rbac-comprehensive.spec.ts:175:7 › 🏢 Vendor Role RBAC Tests › Vendor Role - Navigation Items Visibility 

    Test timeout of 30000ms exceeded.

    Error: page.fill: Test timeout of 30000ms exceeded.
    Call log:
      - waiting for locator('input[name="email"]')


      50 |   const user = testUsers[role];
      51 |   await page.goto('/auth/signin');
    > 52 |   await page.fill('input[name="email"]', user.email);
         |              ^
      53 |   await page.fill('input[name="password"]', user.password);
      54 |   await page.click('button[type="submit"]');
      55 |   await expect(page).toHaveURL(/\/dashboard/);
        at loginAsRole (/Users/asithalakmal/Documents/web/final project/WeddingLK-next copy/tests/e2e/rbac-comprehensive.spec.ts:52:14)
        at /Users/asithalakmal/Documents/web/final project/WeddingLK-next copy/tests/e2e/rbac-comprehensive.spec.ts:176:5

    attachment #1: screenshot (image/png) ──────────────────────────────────────────────────────────
    ../../test-results/rbac-comprehensive-🏢-Vend-6301d-Navigation-Items-Visibility-firefox/test-failed-1.png
    ────────────────────────────────────────────────────────────────────────────────────────────────

    attachment #2: video (video/webm) ──────────────────────────────────────────────────────────────
    ../../test-results/rbac-comprehensive-🏢-Vend-6301d-Navigation-Items-Visibility-firefox/video.webm
    ────────────────────────────────────────────────────────────────────────────────────────────────

    Error Context: ../../test-results/rbac-comprehensive-🏢-Vend-6301d-Navigation-Items-Visibility-firefox/error-context.md
]]>
</failure>
<system-out>
<![CDATA[
[[ATTACHMENT|test-results/rbac-comprehensive-🏢-Vend-6301d-Navigation-Items-Visibility-firefox/test-failed-1.png]]

[[ATTACHMENT|test-results/rbac-comprehensive-🏢-Vend-6301d-Navigation-Items-Visibility-firefox/video.webm]]

[[ATTACHMENT|test-results/rbac-comprehensive-🏢-Vend-6301d-Navigation-Items-Visibility-firefox/error-context.md]]
]]>
</system-out>
</testcase>
<testcase name="🏢 Vendor Role RBAC Tests › Vendor Role - Feature Access Control" classname="rbac-comprehensive.spec.ts" time="30.457">
<failure message="rbac-comprehensive.spec.ts:196:7 Vendor Role - Feature Access Control" type="FAILURE">
<![CDATA[  [firefox] › rbac-comprehensive.spec.ts:196:7 › 🏢 Vendor Role RBAC Tests › Vendor Role - Feature Access Control 

    Test timeout of 30000ms exceeded.

    Error: page.fill: Test timeout of 30000ms exceeded.
    Call log:
      - waiting for locator('input[name="email"]')


      50 |   const user = testUsers[role];
      51 |   await page.goto('/auth/signin');
    > 52 |   await page.fill('input[name="email"]', user.email);
         |              ^
      53 |   await page.fill('input[name="password"]', user.password);
      54 |   await page.click('button[type="submit"]');
      55 |   await expect(page).toHaveURL(/\/dashboard/);
        at loginAsRole (/Users/asithalakmal/Documents/web/final project/WeddingLK-next copy/tests/e2e/rbac-comprehensive.spec.ts:52:14)
        at /Users/asithalakmal/Documents/web/final project/WeddingLK-next copy/tests/e2e/rbac-comprehensive.spec.ts:197:5

    attachment #1: screenshot (image/png) ──────────────────────────────────────────────────────────
    ../../test-results/rbac-comprehensive-🏢-Vend-6d7ff-le---Feature-Access-Control-firefox/test-failed-1.png
    ────────────────────────────────────────────────────────────────────────────────────────────────

    attachment #2: video (video/webm) ──────────────────────────────────────────────────────────────
    ../../test-results/rbac-comprehensive-🏢-Vend-6d7ff-le---Feature-Access-Control-firefox/video.webm
    ────────────────────────────────────────────────────────────────────────────────────────────────

    Error Context: ../../test-results/rbac-comprehensive-🏢-Vend-6d7ff-le---Feature-Access-Control-firefox/error-context.md
]]>
</failure>
<system-out>
<![CDATA[
[[ATTACHMENT|test-results/rbac-comprehensive-🏢-Vend-6d7ff-le---Feature-Access-Control-firefox/test-failed-1.png]]

[[ATTACHMENT|test-results/rbac-comprehensive-🏢-Vend-6d7ff-le---Feature-Access-Control-firefox/video.webm]]

[[ATTACHMENT|test-results/rbac-comprehensive-🏢-Vend-6d7ff-le---Feature-Access-Control-firefox/error-context.md]]
]]>
</system-out>
</testcase>
<testcase name="👥 Wedding Planner Role RBAC Tests › Wedding Planner Role - Allowed Access" classname="rbac-comprehensive.spec.ts" time="30.251">
<failure message="rbac-comprehensive.spec.ts:220:7 Wedding Planner Role - Allowed Access" type="FAILURE">
<![CDATA[  [firefox] › rbac-comprehensive.spec.ts:220:7 › 👥 Wedding Planner Role RBAC Tests › Wedding Planner Role - Allowed Access 

    Test timeout of 30000ms exceeded.

    Error: page.fill: Test timeout of 30000ms exceeded.
    Call log:
      - waiting for locator('input[name="email"]')


      50 |   const user = testUsers[role];
      51 |   await page.goto('/auth/signin');
    > 52 |   await page.fill('input[name="email"]', user.email);
         |              ^
      53 |   await page.fill('input[name="password"]', user.password);
      54 |   await page.click('button[type="submit"]');
      55 |   await expect(page).toHaveURL(/\/dashboard/);
        at loginAsRole (/Users/asithalakmal/Documents/web/final project/WeddingLK-next copy/tests/e2e/rbac-comprehensive.spec.ts:52:14)
        at /Users/asithalakmal/Documents/web/final project/WeddingLK-next copy/tests/e2e/rbac-comprehensive.spec.ts:221:5

    attachment #1: screenshot (image/png) ──────────────────────────────────────────────────────────
    ../../test-results/rbac-comprehensive-👥-Wedd-e2018-anner-Role---Allowed-Access-firefox/test-failed-1.png
    ────────────────────────────────────────────────────────────────────────────────────────────────

    attachment #2: video (video/webm) ──────────────────────────────────────────────────────────────
    ../../test-results/rbac-comprehensive-👥-Wedd-e2018-anner-Role---Allowed-Access-firefox/video.webm
    ────────────────────────────────────────────────────────────────────────────────────────────────

    Error Context: ../../test-results/rbac-comprehensive-👥-Wedd-e2018-anner-Role---Allowed-Access-firefox/error-context.md
]]>
</failure>
<system-out>
<![CDATA[
[[ATTACHMENT|test-results/rbac-comprehensive-👥-Wedd-e2018-anner-Role---Allowed-Access-firefox/test-failed-1.png]]

[[ATTACHMENT|test-results/rbac-comprehensive-👥-Wedd-e2018-anner-Role---Allowed-Access-firefox/video.webm]]

[[ATTACHMENT|test-results/rbac-comprehensive-👥-Wedd-e2018-anner-Role---Allowed-Access-firefox/error-context.md]]
]]>
</system-out>
</testcase>
<testcase name="👥 Wedding Planner Role RBAC Tests › Wedding Planner Role - Navigation Items Visibility" classname="rbac-comprehensive.spec.ts" time="30.423">
<failure message="rbac-comprehensive.spec.ts:249:7 Wedding Planner Role - Navigation Items Visibility" type="FAILURE">
<![CDATA[  [firefox] › rbac-comprehensive.spec.ts:249:7 › 👥 Wedding Planner Role RBAC Tests › Wedding Planner Role - Navigation Items Visibility 

    Test timeout of 30000ms exceeded.

    Error: page.fill: Test timeout of 30000ms exceeded.
    Call log:
      - waiting for locator('input[name="email"]')


      50 |   const user = testUsers[role];
      51 |   await page.goto('/auth/signin');
    > 52 |   await page.fill('input[name="email"]', user.email);
         |              ^
      53 |   await page.fill('input[name="password"]', user.password);
      54 |   await page.click('button[type="submit"]');
      55 |   await expect(page).toHaveURL(/\/dashboard/);
        at loginAsRole (/Users/asithalakmal/Documents/web/final project/WeddingLK-next copy/tests/e2e/rbac-comprehensive.spec.ts:52:14)
        at /Users/asithalakmal/Documents/web/final project/WeddingLK-next copy/tests/e2e/rbac-comprehensive.spec.ts:250:5

    attachment #1: screenshot (image/png) ──────────────────────────────────────────────────────────
    ../../test-results/rbac-comprehensive-👥-Wedd-a3027-Navigation-Items-Visibility-firefox/test-failed-1.png
    ────────────────────────────────────────────────────────────────────────────────────────────────

    attachment #2: video (video/webm) ──────────────────────────────────────────────────────────────
    ../../test-results/rbac-comprehensive-👥-Wedd-a3027-Navigation-Items-Visibility-firefox/video.webm
    ────────────────────────────────────────────────────────────────────────────────────────────────

    Error Context: ../../test-results/rbac-comprehensive-👥-Wedd-a3027-Navigation-Items-Visibility-firefox/error-context.md
]]>
</failure>
<system-out>
<![CDATA[
[[ATTACHMENT|test-results/rbac-comprehensive-👥-Wedd-a3027-Navigation-Items-Visibility-firefox/test-failed-1.png]]

[[ATTACHMENT|test-results/rbac-comprehensive-👥-Wedd-a3027-Navigation-Items-Visibility-firefox/video.webm]]

[[ATTACHMENT|test-results/rbac-comprehensive-👥-Wedd-a3027-Navigation-Items-Visibility-firefox/error-context.md]]
]]>
</system-out>
</testcase>
<testcase name="👥 Wedding Planner Role RBAC Tests › Wedding Planner Role - Feature Access Control" classname="rbac-comprehensive.spec.ts" time="30.235">
<failure message="rbac-comprehensive.spec.ts:270:7 Wedding Planner Role - Feature Access Control" type="FAILURE">
<![CDATA[  [firefox] › rbac-comprehensive.spec.ts:270:7 › 👥 Wedding Planner Role RBAC Tests › Wedding Planner Role - Feature Access Control 

    Test timeout of 30000ms exceeded.

    Error: page.fill: Test timeout of 30000ms exceeded.
    Call log:
      - waiting for locator('input[name="email"]')


      50 |   const user = testUsers[role];
      51 |   await page.goto('/auth/signin');
    > 52 |   await page.fill('input[name="email"]', user.email);
         |              ^
      53 |   await page.fill('input[name="password"]', user.password);
      54 |   await page.click('button[type="submit"]');
      55 |   await expect(page).toHaveURL(/\/dashboard/);
        at loginAsRole (/Users/asithalakmal/Documents/web/final project/WeddingLK-next copy/tests/e2e/rbac-comprehensive.spec.ts:52:14)
        at /Users/asithalakmal/Documents/web/final project/WeddingLK-next copy/tests/e2e/rbac-comprehensive.spec.ts:271:5

    attachment #1: screenshot (image/png) ──────────────────────────────────────────────────────────
    ../../test-results/rbac-comprehensive-👥-Wedd-afe80-le---Feature-Access-Control-firefox/test-failed-1.png
    ────────────────────────────────────────────────────────────────────────────────────────────────

    attachment #2: video (video/webm) ──────────────────────────────────────────────────────────────
    ../../test-results/rbac-comprehensive-👥-Wedd-afe80-le---Feature-Access-Control-firefox/video.webm
    ────────────────────────────────────────────────────────────────────────────────────────────────

    Error Context: ../../test-results/rbac-comprehensive-👥-Wedd-afe80-le---Feature-Access-Control-firefox/error-context.md
]]>
</failure>
<system-out>
<![CDATA[
[[ATTACHMENT|test-results/rbac-comprehensive-👥-Wedd-afe80-le---Feature-Access-Control-firefox/test-failed-1.png]]

[[ATTACHMENT|test-results/rbac-comprehensive-👥-Wedd-afe80-le---Feature-Access-Control-firefox/video.webm]]

[[ATTACHMENT|test-results/rbac-comprehensive-👥-Wedd-afe80-le---Feature-Access-Control-firefox/error-context.md]]
]]>
</system-out>
</testcase>
<testcase name="👑 Admin Role RBAC Tests › Admin Role - Allowed Access" classname="rbac-comprehensive.spec.ts" time="30.359">
<failure message="rbac-comprehensive.spec.ts:294:7 Admin Role - Allowed Access" type="FAILURE">
<![CDATA[  [firefox] › rbac-comprehensive.spec.ts:294:7 › 👑 Admin Role RBAC Tests › Admin Role - Allowed Access 

    Test timeout of 30000ms exceeded.

    Error: page.fill: Test timeout of 30000ms exceeded.
    Call log:
      - waiting for locator('input[name="email"]')


      50 |   const user = testUsers[role];
      51 |   await page.goto('/auth/signin');
    > 52 |   await page.fill('input[name="email"]', user.email);
         |              ^
      53 |   await page.fill('input[name="password"]', user.password);
      54 |   await page.click('button[type="submit"]');
      55 |   await expect(page).toHaveURL(/\/dashboard/);
        at loginAsRole (/Users/asithalakmal/Documents/web/final project/WeddingLK-next copy/tests/e2e/rbac-comprehensive.spec.ts:52:14)
        at /Users/asithalakmal/Documents/web/final project/WeddingLK-next copy/tests/e2e/rbac-comprehensive.spec.ts:295:5

    attachment #1: screenshot (image/png) ──────────────────────────────────────────────────────────
    ../../test-results/rbac-comprehensive-👑-Admi-1dca0-Admin-Role---Allowed-Access-firefox/test-failed-1.png
    ────────────────────────────────────────────────────────────────────────────────────────────────

    attachment #2: video (video/webm) ──────────────────────────────────────────────────────────────
    ../../test-results/rbac-comprehensive-👑-Admi-1dca0-Admin-Role---Allowed-Access-firefox/video.webm
    ────────────────────────────────────────────────────────────────────────────────────────────────

    Error Context: ../../test-results/rbac-comprehensive-👑-Admi-1dca0-Admin-Role---Allowed-Access-firefox/error-context.md
]]>
</failure>
<system-out>
<![CDATA[
[[ATTACHMENT|test-results/rbac-comprehensive-👑-Admi-1dca0-Admin-Role---Allowed-Access-firefox/test-failed-1.png]]

[[ATTACHMENT|test-results/rbac-comprehensive-👑-Admi-1dca0-Admin-Role---Allowed-Access-firefox/video.webm]]

[[ATTACHMENT|test-results/rbac-comprehensive-👑-Admi-1dca0-Admin-Role---Allowed-Access-firefox/error-context.md]]
]]>
</system-out>
</testcase>
<testcase name="👑 Admin Role RBAC Tests › Admin Role - Navigation Items Visibility" classname="rbac-comprehensive.spec.ts" time="30.265">
<failure message="rbac-comprehensive.spec.ts:323:7 Admin Role - Navigation Items Visibility" type="FAILURE">
<![CDATA[  [firefox] › rbac-comprehensive.spec.ts:323:7 › 👑 Admin Role RBAC Tests › Admin Role - Navigation Items Visibility 

    Test timeout of 30000ms exceeded.

    Error: page.fill: Test timeout of 30000ms exceeded.
    Call log:
      - waiting for locator('input[name="email"]')


      50 |   const user = testUsers[role];
      51 |   await page.goto('/auth/signin');
    > 52 |   await page.fill('input[name="email"]', user.email);
         |              ^
      53 |   await page.fill('input[name="password"]', user.password);
      54 |   await page.click('button[type="submit"]');
      55 |   await expect(page).toHaveURL(/\/dashboard/);
        at loginAsRole (/Users/asithalakmal/Documents/web/final project/WeddingLK-next copy/tests/e2e/rbac-comprehensive.spec.ts:52:14)
        at /Users/asithalakmal/Documents/web/final project/WeddingLK-next copy/tests/e2e/rbac-comprehensive.spec.ts:324:5

    attachment #1: screenshot (image/png) ──────────────────────────────────────────────────────────
    ../../test-results/rbac-comprehensive-👑-Admi-df4c3-Navigation-Items-Visibility-firefox/test-failed-1.png
    ────────────────────────────────────────────────────────────────────────────────────────────────

    attachment #2: video (video/webm) ──────────────────────────────────────────────────────────────
    ../../test-results/rbac-comprehensive-👑-Admi-df4c3-Navigation-Items-Visibility-firefox/video.webm
    ────────────────────────────────────────────────────────────────────────────────────────────────

    Error Context: ../../test-results/rbac-comprehensive-👑-Admi-df4c3-Navigation-Items-Visibility-firefox/error-context.md
]]>
</failure>
<system-out>
<![CDATA[
[[ATTACHMENT|test-results/rbac-comprehensive-👑-Admi-df4c3-Navigation-Items-Visibility-firefox/test-failed-1.png]]

[[ATTACHMENT|test-results/rbac-comprehensive-👑-Admi-df4c3-Navigation-Items-Visibility-firefox/video.webm]]

[[ATTACHMENT|test-results/rbac-comprehensive-👑-Admi-df4c3-Navigation-Items-Visibility-firefox/error-context.md]]
]]>
</system-out>
</testcase>
<testcase name="👑 Admin Role RBAC Tests › Admin Role - Feature Access Control" classname="rbac-comprehensive.spec.ts" time="30.272">
<failure message="rbac-comprehensive.spec.ts:346:7 Admin Role - Feature Access Control" type="FAILURE">
<![CDATA[  [firefox] › rbac-comprehensive.spec.ts:346:7 › 👑 Admin Role RBAC Tests › Admin Role - Feature Access Control 

    Test timeout of 30000ms exceeded.

    Error: page.fill: Test timeout of 30000ms exceeded.
    Call log:
      - waiting for locator('input[name="email"]')


      50 |   const user = testUsers[role];
      51 |   await page.goto('/auth/signin');
    > 52 |   await page.fill('input[name="email"]', user.email);
         |              ^
      53 |   await page.fill('input[name="password"]', user.password);
      54 |   await page.click('button[type="submit"]');
      55 |   await expect(page).toHaveURL(/\/dashboard/);
        at loginAsRole (/Users/asithalakmal/Documents/web/final project/WeddingLK-next copy/tests/e2e/rbac-comprehensive.spec.ts:52:14)
        at /Users/asithalakmal/Documents/web/final project/WeddingLK-next copy/tests/e2e/rbac-comprehensive.spec.ts:347:5

    attachment #1: screenshot (image/png) ──────────────────────────────────────────────────────────
    ../../test-results/rbac-comprehensive-👑-Admi-503af-le---Feature-Access-Control-firefox/test-failed-1.png
    ────────────────────────────────────────────────────────────────────────────────────────────────

    attachment #2: video (video/webm) ──────────────────────────────────────────────────────────────
    ../../test-results/rbac-comprehensive-👑-Admi-503af-le---Feature-Access-Control-firefox/video.webm
    ────────────────────────────────────────────────────────────────────────────────────────────────

    Error Context: ../../test-results/rbac-comprehensive-👑-Admi-503af-le---Feature-Access-Control-firefox/error-context.md
]]>
</failure>
<system-out>
<![CDATA[
[[ATTACHMENT|test-results/rbac-comprehensive-👑-Admi-503af-le---Feature-Access-Control-firefox/test-failed-1.png]]

[[ATTACHMENT|test-results/rbac-comprehensive-👑-Admi-503af-le---Feature-Access-Control-firefox/video.webm]]

[[ATTACHMENT|test-results/rbac-comprehensive-👑-Admi-503af-le---Feature-Access-Control-firefox/error-context.md]]
]]>
</system-out>
</testcase>
<testcase name="🔧 Maintainer Role RBAC Tests › Maintainer Role - Allowed Access" classname="rbac-comprehensive.spec.ts" time="30.22">
<failure message="rbac-comprehensive.spec.ts:372:7 Maintainer Role - Allowed Access" type="FAILURE">
<![CDATA[  [firefox] › rbac-comprehensive.spec.ts:372:7 › 🔧 Maintainer Role RBAC Tests › Maintainer Role - Allowed Access 

    Test timeout of 30000ms exceeded.

    Error: page.fill: Test timeout of 30000ms exceeded.
    Call log:
      - waiting for locator('input[name="email"]')


      50 |   const user = testUsers[role];
      51 |   await page.goto('/auth/signin');
    > 52 |   await page.fill('input[name="email"]', user.email);
         |              ^
      53 |   await page.fill('input[name="password"]', user.password);
      54 |   await page.click('button[type="submit"]');
      55 |   await expect(page).toHaveURL(/\/dashboard/);
        at loginAsRole (/Users/asithalakmal/Documents/web/final project/WeddingLK-next copy/tests/e2e/rbac-comprehensive.spec.ts:52:14)
        at /Users/asithalakmal/Documents/web/final project/WeddingLK-next copy/tests/e2e/rbac-comprehensive.spec.ts:373:5

    attachment #1: screenshot (image/png) ──────────────────────────────────────────────────────────
    ../../test-results/rbac-comprehensive-🔧-Main-a39b7-ainer-Role---Allowed-Access-firefox/test-failed-1.png
    ────────────────────────────────────────────────────────────────────────────────────────────────

    attachment #2: video (video/webm) ──────────────────────────────────────────────────────────────
    ../../test-results/rbac-comprehensive-🔧-Main-a39b7-ainer-Role---Allowed-Access-firefox/video.webm
    ────────────────────────────────────────────────────────────────────────────────────────────────

    Error Context: ../../test-results/rbac-comprehensive-🔧-Main-a39b7-ainer-Role---Allowed-Access-firefox/error-context.md
]]>
</failure>
<system-out>
<![CDATA[
[[ATTACHMENT|test-results/rbac-comprehensive-🔧-Main-a39b7-ainer-Role---Allowed-Access-firefox/test-failed-1.png]]

[[ATTACHMENT|test-results/rbac-comprehensive-🔧-Main-a39b7-ainer-Role---Allowed-Access-firefox/video.webm]]

[[ATTACHMENT|test-results/rbac-comprehensive-🔧-Main-a39b7-ainer-Role---Allowed-Access-firefox/error-context.md]]
]]>
</system-out>
</testcase>
<testcase name="🔧 Maintainer Role RBAC Tests › Maintainer Role - Debug Access" classname="rbac-comprehensive.spec.ts" time="30.239">
<failure message="rbac-comprehensive.spec.ts:406:7 Maintainer Role - Debug Access" type="FAILURE">
<![CDATA[  [firefox] › rbac-comprehensive.spec.ts:406:7 › 🔧 Maintainer Role RBAC Tests › Maintainer Role - Debug Access 

    Test timeout of 30000ms exceeded.

    Error: page.fill: Test timeout of 30000ms exceeded.
    Call log:
      - waiting for locator('input[name="email"]')


      50 |   const user = testUsers[role];
      51 |   await page.goto('/auth/signin');
    > 52 |   await page.fill('input[name="email"]', user.email);
         |              ^
      53 |   await page.fill('input[name="password"]', user.password);
      54 |   await page.click('button[type="submit"]');
      55 |   await expect(page).toHaveURL(/\/dashboard/);
        at loginAsRole (/Users/asithalakmal/Documents/web/final project/WeddingLK-next copy/tests/e2e/rbac-comprehensive.spec.ts:52:14)
        at /Users/asithalakmal/Documents/web/final project/WeddingLK-next copy/tests/e2e/rbac-comprehensive.spec.ts:407:5

    attachment #1: screenshot (image/png) ──────────────────────────────────────────────────────────
    ../../test-results/rbac-comprehensive-🔧-Main-5e06e-ntainer-Role---Debug-Access-firefox/test-failed-1.png
    ────────────────────────────────────────────────────────────────────────────────────────────────

    attachment #2: video (video/webm) ──────────────────────────────────────────────────────────────
    ../../test-results/rbac-comprehensive-🔧-Main-5e06e-ntainer-Role---Debug-Access-firefox/video.webm
    ────────────────────────────────────────────────────────────────────────────────────────────────

    Error Context: ../../test-results/rbac-comprehensive-🔧-Main-5e06e-ntainer-Role---Debug-Access-firefox/error-context.md
]]>
</failure>
<system-out>
<![CDATA[
[[ATTACHMENT|test-results/rbac-comprehensive-🔧-Main-5e06e-ntainer-Role---Debug-Access-firefox/test-failed-1.png]]

[[ATTACHMENT|test-results/rbac-comprehensive-🔧-Main-5e06e-ntainer-Role---Debug-Access-firefox/video.webm]]

[[ATTACHMENT|test-results/rbac-comprehensive-🔧-Main-5e06e-ntainer-Role---Debug-Access-firefox/error-context.md]]
]]>
</system-out>
</testcase>
<testcase name="🛡️ Middleware Route Protection Tests › Unauthenticated Access Protection" classname="rbac-comprehensive.spec.ts" time="9.887">
<failure message="rbac-comprehensive.spec.ts:420:7 Unauthenticated Access Protection" type="FAILURE">
<![CDATA[  [firefox] › rbac-comprehensive.spec.ts:420:7 › 🛡️ Middleware Route Protection Tests › Unauthenticated Access Protection 

    Error: expect(page).toHaveURL(expected) failed

    Expected pattern: /\/auth\/signin/
    Received string:  "https://wedding-lk.vercel.app/login?callbackUrl=%2Fdashboard"
    Timeout: 5000ms

    Call log:
      - Expect "toHaveURL" with timeout 5000ms
        8 × unexpected value "https://wedding-lk.vercel.app/login?callbackUrl=%2Fdashboard"


      431 |     for (const route of protectedRoutes) {
      432 |       await page.goto(route);
    > 433 |       await expect(page).toHaveURL(/\/auth\/signin/);
          |                          ^
      434 |     }
      435 |   });
      436 |
        at /Users/asithalakmal/Documents/web/final project/WeddingLK-next copy/tests/e2e/rbac-comprehensive.spec.ts:433:26

    attachment #1: screenshot (image/png) ──────────────────────────────────────────────────────────
    ../../test-results/rbac-comprehensive-🛡️-Mid-97211-enticated-Access-Protection-firefox/test-failed-1.png
    ────────────────────────────────────────────────────────────────────────────────────────────────

    attachment #2: video (video/webm) ──────────────────────────────────────────────────────────────
    ../../test-results/rbac-comprehensive-🛡️-Mid-97211-enticated-Access-Protection-firefox/video.webm
    ────────────────────────────────────────────────────────────────────────────────────────────────

    Error Context: ../../test-results/rbac-comprehensive-🛡️-Mid-97211-enticated-Access-Protection-firefox/error-context.md
]]>
</failure>
<system-out>
<![CDATA[
[[ATTACHMENT|test-results/rbac-comprehensive-🛡️-Mid-97211-enticated-Access-Protection-firefox/test-failed-1.png]]

[[ATTACHMENT|test-results/rbac-comprehensive-🛡️-Mid-97211-enticated-Access-Protection-firefox/video.webm]]

[[ATTACHMENT|test-results/rbac-comprehensive-🛡️-Mid-97211-enticated-Access-Protection-firefox/error-context.md]]
]]>
</system-out>
</testcase>
<testcase name="🛡️ Middleware Route Protection Tests › Role-Based Route Protection" classname="rbac-comprehensive.spec.ts" time="30.319">
<failure message="rbac-comprehensive.spec.ts:437:7 Role-Based Route Protection" type="FAILURE">
<![CDATA[  [firefox] › rbac-comprehensive.spec.ts:437:7 › 🛡️ Middleware Route Protection Tests › Role-Based Route Protection 

    Test timeout of 30000ms exceeded.

    Error: page.fill: Test timeout of 30000ms exceeded.
    Call log:
      - waiting for locator('input[name="email"]')


      50 |   const user = testUsers[role];
      51 |   await page.goto('/auth/signin');
    > 52 |   await page.fill('input[name="email"]', user.email);
         |              ^
      53 |   await page.fill('input[name="password"]', user.password);
      54 |   await page.click('button[type="submit"]');
      55 |   await expect(page).toHaveURL(/\/dashboard/);
        at loginAsRole (/Users/asithalakmal/Documents/web/final project/WeddingLK-next copy/tests/e2e/rbac-comprehensive.spec.ts:52:14)
        at /Users/asithalakmal/Documents/web/final project/WeddingLK-next copy/tests/e2e/rbac-comprehensive.spec.ts:439:5

    attachment #1: screenshot (image/png) ──────────────────────────────────────────────────────────
    ../../test-results/rbac-comprehensive-🛡️-Mid-4d0bc-Role-Based-Route-Protection-firefox/test-failed-1.png
    ────────────────────────────────────────────────────────────────────────────────────────────────

    attachment #2: video (video/webm) ──────────────────────────────────────────────────────────────
    ../../test-results/rbac-comprehensive-🛡️-Mid-4d0bc-Role-Based-Route-Protection-firefox/video.webm
    ────────────────────────────────────────────────────────────────────────────────────────────────

    Error Context: ../../test-results/rbac-comprehensive-🛡️-Mid-4d0bc-Role-Based-Route-Protection-firefox/error-context.md
]]>
</failure>
<system-out>
<![CDATA[
[[ATTACHMENT|test-results/rbac-comprehensive-🛡️-Mid-4d0bc-Role-Based-Route-Protection-firefox/test-failed-1.png]]

[[ATTACHMENT|test-results/rbac-comprehensive-🛡️-Mid-4d0bc-Role-Based-Route-Protection-firefox/video.webm]]

[[ATTACHMENT|test-results/rbac-comprehensive-🛡️-Mid-4d0bc-Role-Based-Route-Protection-firefox/error-context.md]]
]]>
</system-out>
</testcase>
<testcase name="🔌 API Endpoint Authorization Tests › API Authentication Requirements" classname="rbac-comprehensive.spec.ts" time="12.343">
<failure message="rbac-comprehensive.spec.ts:461:7 API Authentication Requirements" type="FAILURE">
<![CDATA[  [firefox] › rbac-comprehensive.spec.ts:461:7 › 🔌 API Endpoint Authorization Tests › API Authentication Requirements 

    Error: expect(received).toBe(expected) // Object.is equality

    Expected: 401
    Received: 200

      471 |     for (const endpoint of apiEndpoints) {
      472 |       const response = await page.request.get(endpoint);
    > 473 |       expect(response.status()).toBe(401);
          |                                 ^
      474 |     }
      475 |   });
      476 |
        at /Users/asithalakmal/Documents/web/final project/WeddingLK-next copy/tests/e2e/rbac-comprehensive.spec.ts:473:33

    attachment #1: screenshot (image/png) ──────────────────────────────────────────────────────────
    ../../test-results/rbac-comprehensive-🔌-API--57edd-Authentication-Requirements-firefox/test-failed-1.png
    ────────────────────────────────────────────────────────────────────────────────────────────────

    attachment #2: video (video/webm) ──────────────────────────────────────────────────────────────
    ../../test-results/rbac-comprehensive-🔌-API--57edd-Authentication-Requirements-firefox/video.webm
    ────────────────────────────────────────────────────────────────────────────────────────────────
]]>
</failure>
<system-out>
<![CDATA[
[[ATTACHMENT|test-results/rbac-comprehensive-🔌-API--57edd-Authentication-Requirements-firefox/test-failed-1.png]]

[[ATTACHMENT|test-results/rbac-comprehensive-🔌-API--57edd-Authentication-Requirements-firefox/video.webm]]
]]>
</system-out>
</testcase>
<testcase name="🔌 API Endpoint Authorization Tests › API Role-Based Authorization" classname="rbac-comprehensive.spec.ts" time="30.236">
<failure message="rbac-comprehensive.spec.ts:477:7 API Role-Based Authorization" type="FAILURE">
<![CDATA[  [firefox] › rbac-comprehensive.spec.ts:477:7 › 🔌 API Endpoint Authorization Tests › API Role-Based Authorization 

    Test timeout of 30000ms exceeded.

    Error: page.fill: Test timeout of 30000ms exceeded.
    Call log:
      - waiting for locator('input[name="email"]')


      50 |   const user = testUsers[role];
      51 |   await page.goto('/auth/signin');
    > 52 |   await page.fill('input[name="email"]', user.email);
         |              ^
      53 |   await page.fill('input[name="password"]', user.password);
      54 |   await page.click('button[type="submit"]');
      55 |   await expect(page).toHaveURL(/\/dashboard/);
        at loginAsRole (/Users/asithalakmal/Documents/web/final project/WeddingLK-next copy/tests/e2e/rbac-comprehensive.spec.ts:52:14)
        at /Users/asithalakmal/Documents/web/final project/WeddingLK-next copy/tests/e2e/rbac-comprehensive.spec.ts:479:5

    attachment #1: screenshot (image/png) ──────────────────────────────────────────────────────────
    ../../test-results/rbac-comprehensive-🔌-API--a5bf9-PI-Role-Based-Authorization-firefox/test-failed-1.png
    ────────────────────────────────────────────────────────────────────────────────────────────────

    attachment #2: video (video/webm) ──────────────────────────────────────────────────────────────
    ../../test-results/rbac-comprehensive-🔌-API--a5bf9-PI-Role-Based-Authorization-firefox/video.webm
    ────────────────────────────────────────────────────────────────────────────────────────────────

    Error Context: ../../test-results/rbac-comprehensive-🔌-API--a5bf9-PI-Role-Based-Authorization-firefox/error-context.md
]]>
</failure>
<system-out>
<![CDATA[
[[ATTACHMENT|test-results/rbac-comprehensive-🔌-API--a5bf9-PI-Role-Based-Authorization-firefox/test-failed-1.png]]

[[ATTACHMENT|test-results/rbac-comprehensive-🔌-API--a5bf9-PI-Role-Based-Authorization-firefox/video.webm]]

[[ATTACHMENT|test-results/rbac-comprehensive-🔌-API--a5bf9-PI-Role-Based-Authorization-firefox/error-context.md]]
]]>
</system-out>
</testcase>
<testcase name="🔌 API Endpoint Authorization Tests › API Permission-Based Authorization" classname="rbac-comprehensive.spec.ts" time="30.288">
<failure message="rbac-comprehensive.spec.ts:494:7 API Permission-Based Authorization" type="FAILURE">
<![CDATA[  [firefox] › rbac-comprehensive.spec.ts:494:7 › 🔌 API Endpoint Authorization Tests › API Permission-Based Authorization 

    Test timeout of 30000ms exceeded.

    Error: page.fill: Test timeout of 30000ms exceeded.
    Call log:
      - waiting for locator('input[name="email"]')


      50 |   const user = testUsers[role];
      51 |   await page.goto('/auth/signin');
    > 52 |   await page.fill('input[name="email"]', user.email);
         |              ^
      53 |   await page.fill('input[name="password"]', user.password);
      54 |   await page.click('button[type="submit"]');
      55 |   await expect(page).toHaveURL(/\/dashboard/);
        at loginAsRole (/Users/asithalakmal/Documents/web/final project/WeddingLK-next copy/tests/e2e/rbac-comprehensive.spec.ts:52:14)
        at /Users/asithalakmal/Documents/web/final project/WeddingLK-next copy/tests/e2e/rbac-comprehensive.spec.ts:496:5

    attachment #1: screenshot (image/png) ──────────────────────────────────────────────────────────
    ../../test-results/rbac-comprehensive-🔌-API--eb92c-mission-Based-Authorization-firefox/test-failed-1.png
    ────────────────────────────────────────────────────────────────────────────────────────────────

    attachment #2: video (video/webm) ──────────────────────────────────────────────────────────────
    ../../test-results/rbac-comprehensive-🔌-API--eb92c-mission-Based-Authorization-firefox/video.webm
    ────────────────────────────────────────────────────────────────────────────────────────────────

    Error Context: ../../test-results/rbac-comprehensive-🔌-API--eb92c-mission-Based-Authorization-firefox/error-context.md
]]>
</failure>
<system-out>
<![CDATA[
[[ATTACHMENT|test-results/rbac-comprehensive-🔌-API--eb92c-mission-Based-Authorization-firefox/test-failed-1.png]]

[[ATTACHMENT|test-results/rbac-comprehensive-🔌-API--eb92c-mission-Based-Authorization-firefox/video.webm]]

[[ATTACHMENT|test-results/rbac-comprehensive-🔌-API--eb92c-mission-Based-Authorization-firefox/error-context.md]]
]]>
</system-out>
</testcase>
<testcase name="🎨 UI Component Visibility Tests › Dashboard Components Based on Role" classname="rbac-comprehensive.spec.ts" time="30.307">
<failure message="rbac-comprehensive.spec.ts:511:7 Dashboard Components Based on Role" type="FAILURE">
<![CDATA[  [firefox] › rbac-comprehensive.spec.ts:511:7 › 🎨 UI Component Visibility Tests › Dashboard Components Based on Role 

    Test timeout of 30000ms exceeded.

    Error: page.fill: Test timeout of 30000ms exceeded.
    Call log:
      - waiting for locator('input[name="email"]')


      50 |   const user = testUsers[role];
      51 |   await page.goto('/auth/signin');
    > 52 |   await page.fill('input[name="email"]', user.email);
         |              ^
      53 |   await page.fill('input[name="password"]', user.password);
      54 |   await page.click('button[type="submit"]');
      55 |   await expect(page).toHaveURL(/\/dashboard/);
        at loginAsRole (/Users/asithalakmal/Documents/web/final project/WeddingLK-next copy/tests/e2e/rbac-comprehensive.spec.ts:52:14)
        at /Users/asithalakmal/Documents/web/final project/WeddingLK-next copy/tests/e2e/rbac-comprehensive.spec.ts:513:5

    attachment #1: screenshot (image/png) ──────────────────────────────────────────────────────────
    ../../test-results/rbac-comprehensive-🎨-UI-C-12201-rd-Components-Based-on-Role-firefox/test-failed-1.png
    ────────────────────────────────────────────────────────────────────────────────────────────────

    attachment #2: video (video/webm) ──────────────────────────────────────────────────────────────
    ../../test-results/rbac-comprehensive-🎨-UI-C-12201-rd-Components-Based-on-Role-firefox/video.webm
    ────────────────────────────────────────────────────────────────────────────────────────────────

    Error Context: ../../test-results/rbac-comprehensive-🎨-UI-C-12201-rd-Components-Based-on-Role-firefox/error-context.md
]]>
</failure>
<system-out>
<![CDATA[
[[ATTACHMENT|test-results/rbac-comprehensive-🎨-UI-C-12201-rd-Components-Based-on-Role-firefox/test-failed-1.png]]

[[ATTACHMENT|test-results/rbac-comprehensive-🎨-UI-C-12201-rd-Components-Based-on-Role-firefox/video.webm]]

[[ATTACHMENT|test-results/rbac-comprehensive-🎨-UI-C-12201-rd-Components-Based-on-Role-firefox/error-context.md]]
]]>
</system-out>
</testcase>
<testcase name="🎨 UI Component Visibility Tests › Navigation Menu Based on Role" classname="rbac-comprehensive.spec.ts" time="30.444">
<failure message="rbac-comprehensive.spec.ts:525:7 Navigation Menu Based on Role" type="FAILURE">
<![CDATA[  [firefox] › rbac-comprehensive.spec.ts:525:7 › 🎨 UI Component Visibility Tests › Navigation Menu Based on Role 

    Test timeout of 30000ms exceeded.

    Error: page.fill: Test timeout of 30000ms exceeded.
    Call log:
      - waiting for locator('input[name="email"]')


      50 |   const user = testUsers[role];
      51 |   await page.goto('/auth/signin');
    > 52 |   await page.fill('input[name="email"]', user.email);
         |              ^
      53 |   await page.fill('input[name="password"]', user.password);
      54 |   await page.click('button[type="submit"]');
      55 |   await expect(page).toHaveURL(/\/dashboard/);
        at loginAsRole (/Users/asithalakmal/Documents/web/final project/WeddingLK-next copy/tests/e2e/rbac-comprehensive.spec.ts:52:14)
        at /Users/asithalakmal/Documents/web/final project/WeddingLK-next copy/tests/e2e/rbac-comprehensive.spec.ts:527:5

    attachment #1: screenshot (image/png) ──────────────────────────────────────────────────────────
    ../../test-results/rbac-comprehensive-🎨-UI-C-60cb7-vigation-Menu-Based-on-Role-firefox/test-failed-1.png
    ────────────────────────────────────────────────────────────────────────────────────────────────

    attachment #2: video (video/webm) ──────────────────────────────────────────────────────────────
    ../../test-results/rbac-comprehensive-🎨-UI-C-60cb7-vigation-Menu-Based-on-Role-firefox/video.webm
    ────────────────────────────────────────────────────────────────────────────────────────────────

    Error Context: ../../test-results/rbac-comprehensive-🎨-UI-C-60cb7-vigation-Menu-Based-on-Role-firefox/error-context.md
]]>
</failure>
<system-out>
<![CDATA[
[[ATTACHMENT|test-results/rbac-comprehensive-🎨-UI-C-60cb7-vigation-Menu-Based-on-Role-firefox/test-failed-1.png]]

[[ATTACHMENT|test-results/rbac-comprehensive-🎨-UI-C-60cb7-vigation-Menu-Based-on-Role-firefox/video.webm]]

[[ATTACHMENT|test-results/rbac-comprehensive-🎨-UI-C-60cb7-vigation-Menu-Based-on-Role-firefox/error-context.md]]
]]>
</system-out>
</testcase>
<testcase name="🎨 UI Component Visibility Tests › Action Buttons Based on Permissions" classname="rbac-comprehensive.spec.ts" time="30.281">
<failure message="rbac-comprehensive.spec.ts:539:7 Action Buttons Based on Permissions" type="FAILURE">
<![CDATA[  [firefox] › rbac-comprehensive.spec.ts:539:7 › 🎨 UI Component Visibility Tests › Action Buttons Based on Permissions 

    Test timeout of 30000ms exceeded.

    Error: page.fill: Test timeout of 30000ms exceeded.
    Call log:
      - waiting for locator('input[name="email"]')


      50 |   const user = testUsers[role];
      51 |   await page.goto('/auth/signin');
    > 52 |   await page.fill('input[name="email"]', user.email);
         |              ^
      53 |   await page.fill('input[name="password"]', user.password);
      54 |   await page.click('button[type="submit"]');
      55 |   await expect(page).toHaveURL(/\/dashboard/);
        at loginAsRole (/Users/asithalakmal/Documents/web/final project/WeddingLK-next copy/tests/e2e/rbac-comprehensive.spec.ts:52:14)
        at /Users/asithalakmal/Documents/web/final project/WeddingLK-next copy/tests/e2e/rbac-comprehensive.spec.ts:541:5

    attachment #1: screenshot (image/png) ──────────────────────────────────────────────────────────
    ../../test-results/rbac-comprehensive-🎨-UI-C-06271-uttons-Based-on-Permissions-firefox/test-failed-1.png
    ────────────────────────────────────────────────────────────────────────────────────────────────

    attachment #2: video (video/webm) ──────────────────────────────────────────────────────────────
    ../../test-results/rbac-comprehensive-🎨-UI-C-06271-uttons-Based-on-Permissions-firefox/video.webm
    ────────────────────────────────────────────────────────────────────────────────────────────────

    Error Context: ../../test-results/rbac-comprehensive-🎨-UI-C-06271-uttons-Based-on-Permissions-firefox/error-context.md
]]>
</failure>
<system-out>
<![CDATA[
[[ATTACHMENT|test-results/rbac-comprehensive-🎨-UI-C-06271-uttons-Based-on-Permissions-firefox/test-failed-1.png]]

[[ATTACHMENT|test-results/rbac-comprehensive-🎨-UI-C-06271-uttons-Based-on-Permissions-firefox/video.webm]]

[[ATTACHMENT|test-results/rbac-comprehensive-🎨-UI-C-06271-uttons-Based-on-Permissions-firefox/error-context.md]]
]]>
</system-out>
</testcase>
<testcase name="🔄 Role Switching and Session Management › Role-Based Session Persistence" classname="rbac-comprehensive.spec.ts" time="30.416">
<failure message="rbac-comprehensive.spec.ts:558:7 Role-Based Session Persistence" type="FAILURE">
<![CDATA[  [firefox] › rbac-comprehensive.spec.ts:558:7 › 🔄 Role Switching and Session Management › Role-Based Session Persistence 

    Test timeout of 30000ms exceeded.

    Error: page.fill: Test timeout of 30000ms exceeded.
    Call log:
      - waiting for locator('input[name="email"]')


      50 |   const user = testUsers[role];
      51 |   await page.goto('/auth/signin');
    > 52 |   await page.fill('input[name="email"]', user.email);
         |              ^
      53 |   await page.fill('input[name="password"]', user.password);
      54 |   await page.click('button[type="submit"]');
      55 |   await expect(page).toHaveURL(/\/dashboard/);
        at loginAsRole (/Users/asithalakmal/Documents/web/final project/WeddingLK-next copy/tests/e2e/rbac-comprehensive.spec.ts:52:14)
        at /Users/asithalakmal/Documents/web/final project/WeddingLK-next copy/tests/e2e/rbac-comprehensive.spec.ts:560:5

    attachment #1: screenshot (image/png) ──────────────────────────────────────────────────────────
    ../../test-results/rbac-comprehensive-🔄-Role-ddb92-e-Based-Session-Persistence-firefox/test-failed-1.png
    ────────────────────────────────────────────────────────────────────────────────────────────────

    attachment #2: video (video/webm) ──────────────────────────────────────────────────────────────
    ../../test-results/rbac-comprehensive-🔄-Role-ddb92-e-Based-Session-Persistence-firefox/video.webm
    ────────────────────────────────────────────────────────────────────────────────────────────────

    Error Context: ../../test-results/rbac-comprehensive-🔄-Role-ddb92-e-Based-Session-Persistence-firefox/error-context.md
]]>
</failure>
<system-out>
<![CDATA[
[[ATTACHMENT|test-results/rbac-comprehensive-🔄-Role-ddb92-e-Based-Session-Persistence-firefox/test-failed-1.png]]

[[ATTACHMENT|test-results/rbac-comprehensive-🔄-Role-ddb92-e-Based-Session-Persistence-firefox/video.webm]]

[[ATTACHMENT|test-results/rbac-comprehensive-🔄-Role-ddb92-e-Based-Session-Persistence-firefox/error-context.md]]
]]>
</system-out>
</testcase>
<testcase name="🔄 Role Switching and Session Management › Role-Based Data Filtering" classname="rbac-comprehensive.spec.ts" time="30.41">
<failure message="rbac-comprehensive.spec.ts:575:7 Role-Based Data Filtering" type="FAILURE">
<![CDATA[  [firefox] › rbac-comprehensive.spec.ts:575:7 › 🔄 Role Switching and Session Management › Role-Based Data Filtering 

    Test timeout of 30000ms exceeded.

    Error: page.fill: Test timeout of 30000ms exceeded.
    Call log:
      - waiting for locator('input[name="email"]')


      50 |   const user = testUsers[role];
      51 |   await page.goto('/auth/signin');
    > 52 |   await page.fill('input[name="email"]', user.email);
         |              ^
      53 |   await page.fill('input[name="password"]', user.password);
      54 |   await page.click('button[type="submit"]');
      55 |   await expect(page).toHaveURL(/\/dashboard/);
        at loginAsRole (/Users/asithalakmal/Documents/web/final project/WeddingLK-next copy/tests/e2e/rbac-comprehensive.spec.ts:52:14)
        at /Users/asithalakmal/Documents/web/final project/WeddingLK-next copy/tests/e2e/rbac-comprehensive.spec.ts:577:5

    attachment #1: screenshot (image/png) ──────────────────────────────────────────────────────────
    ../../test-results/rbac-comprehensive-🔄-Role-b4167-t-Role-Based-Data-Filtering-firefox/test-failed-1.png
    ────────────────────────────────────────────────────────────────────────────────────────────────

    attachment #2: video (video/webm) ──────────────────────────────────────────────────────────────
    ../../test-results/rbac-comprehensive-🔄-Role-b4167-t-Role-Based-Data-Filtering-firefox/video.webm
    ────────────────────────────────────────────────────────────────────────────────────────────────

    Error Context: ../../test-results/rbac-comprehensive-🔄-Role-b4167-t-Role-Based-Data-Filtering-firefox/error-context.md
]]>
</failure>
<system-out>
<![CDATA[
[[ATTACHMENT|test-results/rbac-comprehensive-🔄-Role-b4167-t-Role-Based-Data-Filtering-firefox/test-failed-1.png]]

[[ATTACHMENT|test-results/rbac-comprehensive-🔄-Role-b4167-t-Role-Based-Data-Filtering-firefox/video.webm]]

[[ATTACHMENT|test-results/rbac-comprehensive-🔄-Role-b4167-t-Role-Based-Data-Filtering-firefox/error-context.md]]
]]>
</system-out>
</testcase>
<testcase name="🚨 Security and Error Handling › Unauthorized Access Attempts" classname="rbac-comprehensive.spec.ts" time="9.261">
<failure message="rbac-comprehensive.spec.ts:589:7 Unauthorized Access Attempts" type="FAILURE">
<![CDATA[  [firefox] › rbac-comprehensive.spec.ts:589:7 › 🚨 Security and Error Handling › Unauthorized Access Attempts 

    Error: expect(page).toHaveURL(expected) failed

    Expected pattern: /\/auth\/signin/
    Received string:  "https://wedding-lk.vercel.app/login?callbackUrl=%2Fdashboard%2Fadmin"
    Timeout: 5000ms

    Call log:
      - Expect "toHaveURL" with timeout 5000ms
        8 × unexpected value "https://wedding-lk.vercel.app/login?callbackUrl=%2Fdashboard%2Fadmin"


      590 |     // Test direct URL access without authentication
      591 |     await page.goto('/dashboard/admin/users');
    > 592 |     await expect(page).toHaveURL(/\/auth\/signin/);
          |                        ^
      593 |     
      594 |     // Test role escalation attempts
      595 |     await loginAsRole(page, 'user');
        at /Users/asithalakmal/Documents/web/final project/WeddingLK-next copy/tests/e2e/rbac-comprehensive.spec.ts:592:24

    attachment #1: screenshot (image/png) ──────────────────────────────────────────────────────────
    ../../test-results/rbac-comprehensive-🚨-Secu-f1efc-nauthorized-Access-Attempts-firefox/test-failed-1.png
    ────────────────────────────────────────────────────────────────────────────────────────────────

    attachment #2: video (video/webm) ──────────────────────────────────────────────────────────────
    ../../test-results/rbac-comprehensive-🚨-Secu-f1efc-nauthorized-Access-Attempts-firefox/video.webm
    ────────────────────────────────────────────────────────────────────────────────────────────────

    Error Context: ../../test-results/rbac-comprehensive-🚨-Secu-f1efc-nauthorized-Access-Attempts-firefox/error-context.md
]]>
</failure>
<system-out>
<![CDATA[
[[ATTACHMENT|test-results/rbac-comprehensive-🚨-Secu-f1efc-nauthorized-Access-Attempts-firefox/test-failed-1.png]]

[[ATTACHMENT|test-results/rbac-comprehensive-🚨-Secu-f1efc-nauthorized-Access-Attempts-firefox/video.webm]]

[[ATTACHMENT|test-results/rbac-comprehensive-🚨-Secu-f1efc-nauthorized-Access-Attempts-firefox/error-context.md]]
]]>
</system-out>
</testcase>
<testcase name="🚨 Security and Error Handling › Permission Denied Handling" classname="rbac-comprehensive.spec.ts" time="30.273">
<failure message="rbac-comprehensive.spec.ts:600:7 Permission Denied Handling" type="FAILURE">
<![CDATA[  [firefox] › rbac-comprehensive.spec.ts:600:7 › 🚨 Security and Error Handling › Permission Denied Handling 

    Test timeout of 30000ms exceeded.

    Error: page.fill: Test timeout of 30000ms exceeded.
    Call log:
      - waiting for locator('input[name="email"]')


      50 |   const user = testUsers[role];
      51 |   await page.goto('/auth/signin');
    > 52 |   await page.fill('input[name="email"]', user.email);
         |              ^
      53 |   await page.fill('input[name="password"]', user.password);
      54 |   await page.click('button[type="submit"]');
      55 |   await expect(page).toHaveURL(/\/dashboard/);
        at loginAsRole (/Users/asithalakmal/Documents/web/final project/WeddingLK-next copy/tests/e2e/rbac-comprehensive.spec.ts:52:14)
        at /Users/asithalakmal/Documents/web/final project/WeddingLK-next copy/tests/e2e/rbac-comprehensive.spec.ts:602:5

    attachment #1: screenshot (image/png) ──────────────────────────────────────────────────────────
    ../../test-results/rbac-comprehensive-🚨-Secu-133ab--Permission-Denied-Handling-firefox/test-failed-1.png
    ────────────────────────────────────────────────────────────────────────────────────────────────

    attachment #2: video (video/webm) ──────────────────────────────────────────────────────────────
    ../../test-results/rbac-comprehensive-🚨-Secu-133ab--Permission-Denied-Handling-firefox/video.webm
    ────────────────────────────────────────────────────────────────────────────────────────────────

    Error Context: ../../test-results/rbac-comprehensive-🚨-Secu-133ab--Permission-Denied-Handling-firefox/error-context.md
]]>
</failure>
<system-out>
<![CDATA[
[[ATTACHMENT|test-results/rbac-comprehensive-🚨-Secu-133ab--Permission-Denied-Handling-firefox/test-failed-1.png]]

[[ATTACHMENT|test-results/rbac-comprehensive-🚨-Secu-133ab--Permission-Denied-Handling-firefox/video.webm]]

[[ATTACHMENT|test-results/rbac-comprehensive-🚨-Secu-133ab--Permission-Denied-Handling-firefox/error-context.md]]
]]>
</system-out>
</testcase>
<testcase name="📊 Analytics and Reporting RBAC › Role-Based Analytics Access" classname="rbac-comprehensive.spec.ts" time="30.278">
<failure message="rbac-comprehensive.spec.ts:615:7 Role-Based Analytics Access" type="FAILURE">
<![CDATA[  [firefox] › rbac-comprehensive.spec.ts:615:7 › 📊 Analytics and Reporting RBAC › Role-Based Analytics Access 

    Test timeout of 30000ms exceeded.

    Error: page.fill: Test timeout of 30000ms exceeded.
    Call log:
      - waiting for locator('input[name="email"]')


      50 |   const user = testUsers[role];
      51 |   await page.goto('/auth/signin');
    > 52 |   await page.fill('input[name="email"]', user.email);
         |              ^
      53 |   await page.fill('input[name="password"]', user.password);
      54 |   await page.click('button[type="submit"]');
      55 |   await expect(page).toHaveURL(/\/dashboard/);
        at loginAsRole (/Users/asithalakmal/Documents/web/final project/WeddingLK-next copy/tests/e2e/rbac-comprehensive.spec.ts:52:14)
        at /Users/asithalakmal/Documents/web/final project/WeddingLK-next copy/tests/e2e/rbac-comprehensive.spec.ts:617:5

    attachment #1: screenshot (image/png) ──────────────────────────────────────────────────────────
    ../../test-results/rbac-comprehensive-📊-Anal-803d8-Role-Based-Analytics-Access-firefox/test-failed-1.png
    ────────────────────────────────────────────────────────────────────────────────────────────────

    attachment #2: video (video/webm) ──────────────────────────────────────────────────────────────
    ../../test-results/rbac-comprehensive-📊-Anal-803d8-Role-Based-Analytics-Access-firefox/video.webm
    ────────────────────────────────────────────────────────────────────────────────────────────────

    Error Context: ../../test-results/rbac-comprehensive-📊-Anal-803d8-Role-Based-Analytics-Access-firefox/error-context.md
]]>
</failure>
<system-out>
<![CDATA[
[[ATTACHMENT|test-results/rbac-comprehensive-📊-Anal-803d8-Role-Based-Analytics-Access-firefox/test-failed-1.png]]

[[ATTACHMENT|test-results/rbac-comprehensive-📊-Anal-803d8-Role-Based-Analytics-Access-firefox/video.webm]]

[[ATTACHMENT|test-results/rbac-comprehensive-📊-Anal-803d8-Role-Based-Analytics-Access-firefox/error-context.md]]
]]>
</system-out>
</testcase>
<testcase name="📊 Analytics and Reporting RBAC › Data Visibility Based on Role" classname="rbac-comprehensive.spec.ts" time="30.311">
<failure message="rbac-comprehensive.spec.ts:635:7 Data Visibility Based on Role" type="FAILURE">
<![CDATA[  [firefox] › rbac-comprehensive.spec.ts:635:7 › 📊 Analytics and Reporting RBAC › Data Visibility Based on Role 

    Test timeout of 30000ms exceeded.

    Error: page.fill: Test timeout of 30000ms exceeded.
    Call log:
      - waiting for locator('input[name="email"]')


      50 |   const user = testUsers[role];
      51 |   await page.goto('/auth/signin');
    > 52 |   await page.fill('input[name="email"]', user.email);
         |              ^
      53 |   await page.fill('input[name="password"]', user.password);
      54 |   await page.click('button[type="submit"]');
      55 |   await expect(page).toHaveURL(/\/dashboard/);
        at loginAsRole (/Users/asithalakmal/Documents/web/final project/WeddingLK-next copy/tests/e2e/rbac-comprehensive.spec.ts:52:14)
        at /Users/asithalakmal/Documents/web/final project/WeddingLK-next copy/tests/e2e/rbac-comprehensive.spec.ts:637:5

    attachment #1: screenshot (image/png) ──────────────────────────────────────────────────────────
    ../../test-results/rbac-comprehensive-📊-Anal-f385e-ta-Visibility-Based-on-Role-firefox/test-failed-1.png
    ────────────────────────────────────────────────────────────────────────────────────────────────

    attachment #2: video (video/webm) ──────────────────────────────────────────────────────────────
    ../../test-results/rbac-comprehensive-📊-Anal-f385e-ta-Visibility-Based-on-Role-firefox/video.webm
    ────────────────────────────────────────────────────────────────────────────────────────────────

    Error Context: ../../test-results/rbac-comprehensive-📊-Anal-f385e-ta-Visibility-Based-on-Role-firefox/error-context.md
]]>
</failure>
<system-out>
<![CDATA[
[[ATTACHMENT|test-results/rbac-comprehensive-📊-Anal-f385e-ta-Visibility-Based-on-Role-firefox/test-failed-1.png]]

[[ATTACHMENT|test-results/rbac-comprehensive-📊-Anal-f385e-ta-Visibility-Based-on-Role-firefox/video.webm]]

[[ATTACHMENT|test-results/rbac-comprehensive-📊-Anal-f385e-ta-Visibility-Based-on-Role-firefox/error-context.md]]
]]>
</system-out>
</testcase>
</testsuite>
<testsuite name="realistic-live-deployment.spec.ts" timestamp="2025-10-22T18:37:21.475Z" hostname="firefox" tests="14" failures="3" skipped="0" time="266.894" errors="0">
<testcase name="🚀 REALISTIC LIVE DEPLOYMENT TESTING › 🏠 HOMEPAGE - Realistic Frontend Testing" classname="realistic-live-deployment.spec.ts" time="23.831">
<failure message="realistic-live-deployment.spec.ts:22:7 🏠 HOMEPAGE - Realistic Frontend Testing" type="FAILURE">
<![CDATA[  [firefox] › realistic-live-deployment.spec.ts:22:7 › 🚀 REALISTIC LIVE DEPLOYMENT TESTING › 🏠 HOMEPAGE - Realistic Frontend Testing 

    Error: expect(locator).toBeVisible() failed

    Locator: locator('span:has-text("Wedding.lk")').first()
    Expected: visible
    Timeout: 10000ms
    Error: element(s) not found

    Call log:
      - Expect "toBeVisible" with timeout 10000ms
      - waiting for locator('span:has-text("Wedding.lk")').first()


      24 |     
      25 |     // Test main navigation - use more specific selectors
    > 26 |     await expect(page.locator('span:has-text("Wedding.lk")').first()).toBeVisible({ timeout: 10000 });
         |                                                                       ^
      27 |     await expect(page.locator('a[href="/venues"]').first()).toBeVisible({ timeout: 10000 });
      28 |     await expect(page.locator('a[href="/vendors"]').first()).toBeVisible({ timeout: 10000 });
      29 |     await expect(page.locator('a[href="/feed"]').first()).toBeVisible({ timeout: 10000 });
        at /Users/asithalakmal/Documents/web/final project/WeddingLK-next copy/tests/e2e/realistic-live-deployment.spec.ts:26:71

    attachment #1: screenshot (image/png) ──────────────────────────────────────────────────────────
    ../../test-results/realistic-live-deployment--9563f--Realistic-Frontend-Testing-firefox/test-failed-1.png
    ────────────────────────────────────────────────────────────────────────────────────────────────

    attachment #2: video (video/webm) ──────────────────────────────────────────────────────────────
    ../../test-results/realistic-live-deployment--9563f--Realistic-Frontend-Testing-firefox/video.webm
    ────────────────────────────────────────────────────────────────────────────────────────────────

    Error Context: ../../test-results/realistic-live-deployment--9563f--Realistic-Frontend-Testing-firefox/error-context.md
]]>
</failure>
<system-out>
<![CDATA[🏠 Testing Homepage Components...

[[ATTACHMENT|test-results/realistic-live-deployment--9563f--Realistic-Frontend-Testing-firefox/test-failed-1.png]]

[[ATTACHMENT|test-results/realistic-live-deployment--9563f--Realistic-Frontend-Testing-firefox/video.webm]]

[[ATTACHMENT|test-results/realistic-live-deployment--9563f--Realistic-Frontend-Testing-firefox/error-context.md]]
]]>
</system-out>
</testcase>
<testcase name="🚀 REALISTIC LIVE DEPLOYMENT TESTING › 🔐 AUTHENTICATION - Realistic Auth Flow Testing" classname="realistic-live-deployment.spec.ts" time="15.594">
<system-out>
<![CDATA[🔐 Testing Authentication System...
ℹ️ Login page structure different than expected
ℹ️ Registration page structure different than expected
✅ Authentication testing completed
]]>
</system-out>
</testcase>
<testcase name="🚀 REALISTIC LIVE DEPLOYMENT TESTING › 🏢 VENUES - Realistic Venue Testing" classname="realistic-live-deployment.spec.ts" time="20.335">
<system-out>
<![CDATA[🏢 Testing Venues System...
ℹ️ Venues page structure different than expected
✅ Venues testing completed
]]>
</system-out>
</testcase>
<testcase name="🚀 REALISTIC LIVE DEPLOYMENT TESTING › 🏪 VENDORS - Realistic Vendor Testing" classname="realistic-live-deployment.spec.ts" time="11.937">
<system-out>
<![CDATA[🏪 Testing Vendors System...
ℹ️ Vendors page structure different than expected
✅ Vendors testing completed
]]>
</system-out>
</testcase>
<testcase name="🚀 REALISTIC LIVE DEPLOYMENT TESTING › 📱 FEED - Realistic Social Feed Testing" classname="realistic-live-deployment.spec.ts" time="10.901">
<system-out>
<![CDATA[📱 Testing Social Feed System...
ℹ️ Feed page structure different than expected
✅ Feed testing completed
]]>
</system-out>
</testcase>
<testcase name="🚀 REALISTIC LIVE DEPLOYMENT TESTING › 🖼️ GALLERY - Realistic Gallery Testing" classname="realistic-live-deployment.spec.ts" time="10.251">
<system-out>
<![CDATA[🖼️ Testing Gallery System...
✅ Gallery page found
✅ Found 5 gallery filters
✅ Gallery testing completed
]]>
</system-out>
</testcase>
<testcase name="🚀 REALISTIC LIVE DEPLOYMENT TESTING › 📊 DASHBOARD - Realistic Dashboard Testing" classname="realistic-live-deployment.spec.ts" time="6.967">
<system-out>
<![CDATA[📊 Testing Dashboard System...
✅ Dashboard correctly redirects to login when not authenticated
✅ Dashboard testing completed
]]>
</system-out>
</testcase>
<testcase name="🚀 REALISTIC LIVE DEPLOYMENT TESTING › 🔧 API ENDPOINTS - Realistic API Testing" classname="realistic-live-deployment.spec.ts" time="37.235">
<system-out>
<![CDATA[🔧 Testing API Endpoints...
❌ /api/health: Error - apiRequestContext.get: Timeout 30000ms exceeded.
Call log:
[2m  - → GET https://wedding-lk.vercel.app/api/health[22m
[2m    - user-agent: Mozilla/5.0 (Windows NT 10.0; Win64; x64; rv:142.0.1) Gecko/20100101 Firefox/142.0.1[22m
[2m    - accept: */*[22m
[2m    - accept-encoding: gzip,deflate,br[22m

✅ /api/venues: 200
   Response data keys: success, venues, pagination
✅ /api/vendors: 200
   Response data keys: success, vendors, pagination
✅ /api/posts: 200
   Response data keys: success, data, pagination
✅ /api/analytics: 200
   Response data keys: success, data, type, timeRange, timestamp
✅ API endpoints testing completed
]]>
</system-out>
</testcase>
<testcase name="🚀 REALISTIC LIVE DEPLOYMENT TESTING › 📱 RESPONSIVE DESIGN - Realistic Mobile Testing" classname="realistic-live-deployment.spec.ts" time="13.026">
<system-out>
<![CDATA[📱 Testing Responsive Design...
✅ Tablet viewport tested
✅ Desktop viewport tested
✅ Responsive design testing completed
]]>
</system-out>
</testcase>
<testcase name="🚀 REALISTIC LIVE DEPLOYMENT TESTING › 🎨 UI COMPONENTS - Realistic Component Testing" classname="realistic-live-deployment.spec.ts" time="35.816">
<failure message="realistic-live-deployment.spec.ts:333:7 🎨 UI COMPONENTS - Realistic Component Testing" type="FAILURE">
<![CDATA[  [firefox] › realistic-live-deployment.spec.ts:333:7 › 🚀 REALISTIC LIVE DEPLOYMENT TESTING › 🎨 UI COMPONENTS - Realistic Component Testing 

    TimeoutError: page.waitForLoadState: Timeout 30000ms exceeded.

      335 |     
      336 |     await page.goto(BASE_URL);
    > 337 |     await page.waitForLoadState('networkidle');
          |                ^
      338 |     
      339 |     // Test buttons
      340 |     const buttons = page.locator('button');
        at /Users/asithalakmal/Documents/web/final project/WeddingLK-next copy/tests/e2e/realistic-live-deployment.spec.ts:337:16

    attachment #1: screenshot (image/png) ──────────────────────────────────────────────────────────
    ../../test-results/realistic-live-deployment--fc65f-Realistic-Component-Testing-firefox/test-failed-1.png
    ────────────────────────────────────────────────────────────────────────────────────────────────

    attachment #2: video (video/webm) ──────────────────────────────────────────────────────────────
    ../../test-results/realistic-live-deployment--fc65f-Realistic-Component-Testing-firefox/video.webm
    ────────────────────────────────────────────────────────────────────────────────────────────────

    Error Context: ../../test-results/realistic-live-deployment--fc65f-Realistic-Component-Testing-firefox/error-context.md
]]>
</failure>
<system-out>
<![CDATA[🎨 Testing UI Components...

[[ATTACHMENT|test-results/realistic-live-deployment--fc65f-Realistic-Component-Testing-firefox/test-failed-1.png]]

[[ATTACHMENT|test-results/realistic-live-deployment--fc65f-Realistic-Component-Testing-firefox/video.webm]]

[[ATTACHMENT|test-results/realistic-live-deployment--fc65f-Realistic-Component-Testing-firefox/error-context.md]]
]]>
</system-out>
</testcase>
<testcase name="🚀 REALISTIC LIVE DEPLOYMENT TESTING › ⚡ PERFORMANCE - Realistic Performance Testing" classname="realistic-live-deployment.spec.ts" time="6.157">
<system-out>
<![CDATA[⚡ Testing Performance...
Page load time: 2016ms
✅ Page loads within acceptable time
✅ Performance testing completed
]]>
</system-out>
</testcase>
<testcase name="🚀 REALISTIC LIVE DEPLOYMENT TESTING › 🔍 ERROR HANDLING - Realistic Error Testing" classname="realistic-live-deployment.spec.ts" time="5.185">
<system-out>
<![CDATA[🔍 Testing Error Handling...
ℹ️ 404 page behavior different than expected
Invalid API endpoint status: 404
✅ Error handling testing completed
]]>
</system-out>
</testcase>
<testcase name="🚀 REALISTIC LIVE DEPLOYMENT TESTING › 🎯 FINAL INTEGRATION - Realistic System Integration" classname="realistic-live-deployment.spec.ts" time="21.376">
<system-out>
<![CDATA[🎯 Testing Complete System Integration...
Testing section: /venues
Page title: WeddingLK - Sri Lanka's Premier Wedding Planning Platform
Testing section: /vendors
Page title: WeddingLK - Sri Lanka's Premier Wedding Planning Platform
Testing section: /feed
Page title: WeddingLK - Sri Lanka's Premier Wedding Planning Platform
Testing section: /gallery
Page title: WeddingLK - Sri Lanka's Premier Wedding Planning Platform
Testing section: /about
Page title: WeddingLK - Sri Lanka's Premier Wedding Planning Platform
✅ Complete system integration testing completed
]]>
</system-out>
</testcase>
<testcase name="🚀 REALISTIC LIVE DEPLOYMENT TESTING › 📊 LIVE DEPLOYMENT STATUS REPORT" classname="realistic-live-deployment.spec.ts" time="48.283">
<failure message="realistic-live-deployment.spec.ts:463:7 📊 LIVE DEPLOYMENT STATUS REPORT" type="FAILURE">
<![CDATA[  [firefox] › realistic-live-deployment.spec.ts:463:7 › 🚀 REALISTIC LIVE DEPLOYMENT TESTING › 📊 LIVE DEPLOYMENT STATUS REPORT 

    TimeoutError: page.waitForLoadState: Timeout 30000ms exceeded.

      504 |     // Test vendors
      505 |     await page.goto(`${BASE_URL}/vendors`);
    > 506 |     await page.waitForLoadState('networkidle');
          |                ^
      507 |     
      508 |     const vendorsStatus = {
      509 |       name: 'Vendors',
        at /Users/asithalakmal/Documents/web/final project/WeddingLK-next copy/tests/e2e/realistic-live-deployment.spec.ts:506:16

    attachment #1: screenshot (image/png) ──────────────────────────────────────────────────────────
    ../../test-results/realistic-live-deployment--2c52c-VE-DEPLOYMENT-STATUS-REPORT-firefox/test-failed-1.png
    ────────────────────────────────────────────────────────────────────────────────────────────────

    attachment #2: video (video/webm) ──────────────────────────────────────────────────────────────
    ../../test-results/realistic-live-deployment--2c52c-VE-DEPLOYMENT-STATUS-REPORT-firefox/video.webm
    ────────────────────────────────────────────────────────────────────────────────────────────────

    Error Context: ../../test-results/realistic-live-deployment--2c52c-VE-DEPLOYMENT-STATUS-REPORT-firefox/error-context.md
]]>
</failure>
<system-out>
<![CDATA[📊 Generating Live Deployment Status Report...

[[ATTACHMENT|test-results/realistic-live-deployment--2c52c-VE-DEPLOYMENT-STATUS-REPORT-firefox/test-failed-1.png]]

[[ATTACHMENT|test-results/realistic-live-deployment--2c52c-VE-DEPLOYMENT-STATUS-REPORT-firefox/video.webm]]

[[ATTACHMENT|test-results/realistic-live-deployment--2c52c-VE-DEPLOYMENT-STATUS-REPORT-firefox/error-context.md]]
]]>
</system-out>
</testcase>
</testsuite>
<testsuite name="simple.spec.ts" timestamp="2025-10-22T18:37:21.475Z" hostname="firefox" tests="5" failures="3" skipped="0" time="38.899" errors="0">
<testcase name="Simple Production Tests › Homepage loads and has basic content" classname="simple.spec.ts" time="9.932">
<failure message="simple.spec.ts:4:7 Homepage loads and has basic content" type="FAILURE">
<![CDATA[  [firefox] › simple.spec.ts:4:7 › Simple Production Tests › Homepage loads and has basic content ──

    Error: expect(page).toHaveTitle(expected) failed

    Expected pattern: /WeddingLK/
    Received string:  ""
    Timeout: 5000ms

    Call log:
      - Expect "toHaveTitle" with timeout 5000ms
        7 × unexpected value ""


       6 |     
       7 |     // Check that the page loads
    >  8 |     await expect(page).toHaveTitle(/WeddingLK/);
         |                        ^
       9 |     
      10 |     // Check that the main heading is visible
      11 |     await expect(page.locator('h1')).toContainText('Find Your Perfect');
        at /Users/asithalakmal/Documents/web/final project/WeddingLK-next copy/tests/e2e/simple.spec.ts:8:24

    attachment #1: screenshot (image/png) ──────────────────────────────────────────────────────────
    ../../test-results/simple-Simple-Production-T-a7c1e-loads-and-has-basic-content-firefox/test-failed-1.png
    ────────────────────────────────────────────────────────────────────────────────────────────────

    attachment #2: video (video/webm) ──────────────────────────────────────────────────────────────
    ../../test-results/simple-Simple-Production-T-a7c1e-loads-and-has-basic-content-firefox/video.webm
    ────────────────────────────────────────────────────────────────────────────────────────────────

    Error Context: ../../test-results/simple-Simple-Production-T-a7c1e-loads-and-has-basic-content-firefox/error-context.md
]]>
</failure>
<system-out>
<![CDATA[
[[ATTACHMENT|test-results/simple-Simple-Production-T-a7c1e-loads-and-has-basic-content-firefox/test-failed-1.png]]

[[ATTACHMENT|test-results/simple-Simple-Production-T-a7c1e-loads-and-has-basic-content-firefox/video.webm]]

[[ATTACHMENT|test-results/simple-Simple-Production-T-a7c1e-loads-and-has-basic-content-firefox/error-context.md]]
]]>
</system-out>
</testcase>
<testcase name="Simple Production Tests › Page has navigation elements" classname="simple.spec.ts" time="6.722">
<failure message="simple.spec.ts:17:7 Page has navigation elements" type="FAILURE">
<![CDATA[  [firefox] › simple.spec.ts:17:7 › Simple Production Tests › Page has navigation elements ─────────

    Error: expect(locator).toBeVisible() failed

    Locator: locator('a[href="/venues"]')
    Expected: visible
    Error: strict mode violation: locator('a[href="/venues"]') resolved to 2 elements:
        1) <a href="/venues" class="text-gray-700 hover:text-rose-500 dark:text-gray-300 dark:hover:text-rose-400 font-medium transition-colors">Venues</a> aka getByRole('navigation').getByRole('link', { name: 'Venues' })
        2) <a href="/venues" class="hover:text-white transition-colors">Venues</a> aka getByRole('main').getByRole('link', { name: 'Venues' })

    Call log:
      - Expect "toBeVisible" with timeout 5000ms
      - waiting for locator('a[href="/venues"]')


      19 |     
      20 |     // Check that navigation elements exist (may be in different locations)
    > 21 |     await expect(page.locator('a[href="/venues"]')).toBeVisible();
         |                                                     ^
      22 |     await expect(page.locator('a[href="/gallery"]')).toBeVisible();
      23 |   });
      24 |
        at /Users/asithalakmal/Documents/web/final project/WeddingLK-next copy/tests/e2e/simple.spec.ts:21:53

    attachment #1: screenshot (image/png) ──────────────────────────────────────────────────────────
    ../../test-results/simple-Simple-Production-Tests-Page-has-navigation-elements-firefox/test-failed-1.png
    ────────────────────────────────────────────────────────────────────────────────────────────────

    attachment #2: video (video/webm) ──────────────────────────────────────────────────────────────
    ../../test-results/simple-Simple-Production-Tests-Page-has-navigation-elements-firefox/video.webm
    ────────────────────────────────────────────────────────────────────────────────────────────────

    Error Context: ../../test-results/simple-Simple-Production-Tests-Page-has-navigation-elements-firefox/error-context.md
]]>
</failure>
<system-out>
<![CDATA[
[[ATTACHMENT|test-results/simple-Simple-Production-Tests-Page-has-navigation-elements-firefox/test-failed-1.png]]

[[ATTACHMENT|test-results/simple-Simple-Production-Tests-Page-has-navigation-elements-firefox/video.webm]]

[[ATTACHMENT|test-results/simple-Simple-Production-Tests-Page-has-navigation-elements-firefox/error-context.md]]
]]>
</system-out>
</testcase>
<testcase name="Simple Production Tests › Page has footer content" classname="simple.spec.ts" time="6.557">
<failure message="simple.spec.ts:25:7 Page has footer content" type="FAILURE">
<![CDATA[  [firefox] › simple.spec.ts:25:7 › Simple Production Tests › Page has footer content ──────────────

    Error: expect(locator).toBeVisible() failed

    Locator: locator('text=Wedding.lk')
    Expected: visible
    Error: strict mode violation: locator('text=Wedding.lk') resolved to 3 elements:
        1) <span class="text-xl font-bold text-gray-900 dark:text-white">Wedding.lk</span> aka getByRole('banner').getByRole('link', { name: 'Wedding.lk' })
        2) <span class="text-xl font-bold text-white">Wedding.lk</span> aka getByRole('main').getByRole('link', { name: 'Wedding.lk' })
        ...

    Call log:
      - Expect "toBeVisible" with timeout 5000ms
      - waiting for locator('text=Wedding.lk')


      30 |     
      31 |     // Check that footer content exists
    > 32 |     await expect(page.locator('text=Wedding.lk')).toBeVisible();
         |                                                   ^
      33 |     await expect(page.locator('text=2024')).toBeVisible();
      34 |   });
      35 |
        at /Users/asithalakmal/Documents/web/final project/WeddingLK-next copy/tests/e2e/simple.spec.ts:32:51

    attachment #1: screenshot (image/png) ──────────────────────────────────────────────────────────
    ../../test-results/simple-Simple-Production-Tests-Page-has-footer-content-firefox/test-failed-1.png
    ────────────────────────────────────────────────────────────────────────────────────────────────

    attachment #2: video (video/webm) ──────────────────────────────────────────────────────────────
    ../../test-results/simple-Simple-Production-Tests-Page-has-footer-content-firefox/video.webm
    ────────────────────────────────────────────────────────────────────────────────────────────────

    Error Context: ../../test-results/simple-Simple-Production-Tests-Page-has-footer-content-firefox/error-context.md
]]>
</failure>
<system-out>
<![CDATA[
[[ATTACHMENT|test-results/simple-Simple-Production-Tests-Page-has-footer-content-firefox/test-failed-1.png]]

[[ATTACHMENT|test-results/simple-Simple-Production-Tests-Page-has-footer-content-firefox/video.webm]]

[[ATTACHMENT|test-results/simple-Simple-Production-Tests-Page-has-footer-content-firefox/error-context.md]]
]]>
</system-out>
</testcase>
<testcase name="Simple Production Tests › Page is responsive" classname="simple.spec.ts" time="8.504">
</testcase>
<testcase name="Simple Production Tests › Page has correct metadata" classname="simple.spec.ts" time="7.184">
</testcase>
</testsuite>
<testsuite name="user-journey.spec.ts" timestamp="2025-10-22T18:37:21.475Z" hostname="firefox" tests="6" failures="6" skipped="0" time="161.356" errors="0">
<testcase name="💑 Complete Couple Wedding Planning Journey › End-to-End Wedding Planning Journey" classname="user-journey.spec.ts" time="30.199">
<failure message="user-journey.spec.ts:43:7 End-to-End Wedding Planning Journey" type="FAILURE">
<![CDATA[  [firefox] › user-journey.spec.ts:43:7 › 💑 Complete Couple Wedding Planning Journey › End-to-End Wedding Planning Journey 

    Test timeout of 30000ms exceeded.

    Error: page.fill: Test timeout of 30000ms exceeded.
    Call log:
      - waiting for locator('input[name="name"]')


      44 |     // Step 1: Registration and Profile Setup
      45 |     await page.goto('/auth/signup');
    > 46 |     await page.fill('input[name="name"]', journeyData.couple.name);
         |                ^
      47 |     await page.fill('input[name="email"]', journeyData.couple.email);
      48 |     await page.fill('input[name="password"]', journeyData.couple.password);
      49 |     await page.fill('input[name="confirmPassword"]', journeyData.couple.password);
        at /Users/asithalakmal/Documents/web/final project/WeddingLK-next copy/tests/e2e/user-journey.spec.ts:46:16

    attachment #1: screenshot (image/png) ──────────────────────────────────────────────────────────
    ../../test-results/user-journey-💑-Complete-C-f3f75-nd-Wedding-Planning-Journey-firefox/test-failed-1.png
    ────────────────────────────────────────────────────────────────────────────────────────────────

    attachment #2: video (video/webm) ──────────────────────────────────────────────────────────────
    ../../test-results/user-journey-💑-Complete-C-f3f75-nd-Wedding-Planning-Journey-firefox/video.webm
    ────────────────────────────────────────────────────────────────────────────────────────────────

    Error Context: ../../test-results/user-journey-💑-Complete-C-f3f75-nd-Wedding-Planning-Journey-firefox/error-context.md
]]>
</failure>
<system-out>
<![CDATA[
[[ATTACHMENT|test-results/user-journey-💑-Complete-C-f3f75-nd-Wedding-Planning-Journey-firefox/test-failed-1.png]]

[[ATTACHMENT|test-results/user-journey-💑-Complete-C-f3f75-nd-Wedding-Planning-Journey-firefox/video.webm]]

[[ATTACHMENT|test-results/user-journey-💑-Complete-C-f3f75-nd-Wedding-Planning-Journey-firefox/error-context.md]]
]]>
</system-out>
</testcase>
<testcase name="📸 Vendor Business Journey › Complete Vendor Onboarding and Management Journey" classname="user-journey.spec.ts" time="30.601">
<failure message="user-journey.spec.ts:186:7 Complete Vendor Onboarding and Management Journey" type="FAILURE">
<![CDATA[  [firefox] › user-journey.spec.ts:186:7 › 📸 Vendor Business Journey › Complete Vendor Onboarding and Management Journey 

    Test timeout of 30000ms exceeded.

    Error: page.fill: Test timeout of 30000ms exceeded.
    Call log:
      - waiting for locator('input[name="businessName"]')


      187 |     // Step 1: Vendor Registration
      188 |     await page.goto('/vendor/register');
    > 189 |     await page.fill('input[name="businessName"]', journeyData.photographer.businessName);
          |                ^
      190 |     await page.fill('input[name="email"]', journeyData.photographer.email);
      191 |     await page.fill('input[name="password"]', journeyData.photographer.password);
      192 |     await page.fill('input[name="phone"]', journeyData.photographer.phone);
        at /Users/asithalakmal/Documents/web/final project/WeddingLK-next copy/tests/e2e/user-journey.spec.ts:189:16

    attachment #1: screenshot (image/png) ──────────────────────────────────────────────────────────
    ../../test-results/user-journey-📸-Vendor-Bus-f59b2-ding-and-Management-Journey-firefox/test-failed-1.png
    ────────────────────────────────────────────────────────────────────────────────────────────────

    attachment #2: video (video/webm) ──────────────────────────────────────────────────────────────
    ../../test-results/user-journey-📸-Vendor-Bus-f59b2-ding-and-Management-Journey-firefox/video.webm
    ────────────────────────────────────────────────────────────────────────────────────────────────

    Error Context: ../../test-results/user-journey-📸-Vendor-Bus-f59b2-ding-and-Management-Journey-firefox/error-context.md
]]>
</failure>
<system-out>
<![CDATA[
[[ATTACHMENT|test-results/user-journey-📸-Vendor-Bus-f59b2-ding-and-Management-Journey-firefox/test-failed-1.png]]

[[ATTACHMENT|test-results/user-journey-📸-Vendor-Bus-f59b2-ding-and-Management-Journey-firefox/video.webm]]

[[ATTACHMENT|test-results/user-journey-📸-Vendor-Bus-f59b2-ding-and-Management-Journey-firefox/error-context.md]]
]]>
</system-out>
</testcase>
<testcase name="👰 Wedding Planner Professional Journey › Complete Wedding Planner Workflow" classname="user-journey.spec.ts" time="30.278">
<failure message="user-journey.spec.ts:308:7 Complete Wedding Planner Workflow" type="FAILURE">
<![CDATA[  [firefox] › user-journey.spec.ts:308:7 › 👰 Wedding Planner Professional Journey › Complete Wedding Planner Workflow 

    Test timeout of 30000ms exceeded.

    Error: page.fill: Test timeout of 30000ms exceeded.
    Call log:
      - waiting for locator('input[name="name"]')


      309 |     // Step 1: Planner Registration and Setup
      310 |     await page.goto('/auth/signup');
    > 311 |     await page.fill('input[name="name"]', 'Emma Wedding Planner');
          |                ^
      312 |     await page.fill('input[name="email"]', 'planner@test.com');
      313 |     await page.fill('input[name="password"]', 'PlannerPass123!');
      314 |     await page.fill('input[name="confirmPassword"]', 'PlannerPass123!');
        at /Users/asithalakmal/Documents/web/final project/WeddingLK-next copy/tests/e2e/user-journey.spec.ts:311:16

    attachment #1: screenshot (image/png) ──────────────────────────────────────────────────────────
    ../../test-results/user-journey-👰-Wedding-Pl-e1fa7-te-Wedding-Planner-Workflow-firefox/test-failed-1.png
    ────────────────────────────────────────────────────────────────────────────────────────────────

    attachment #2: video (video/webm) ──────────────────────────────────────────────────────────────
    ../../test-results/user-journey-👰-Wedding-Pl-e1fa7-te-Wedding-Planner-Workflow-firefox/video.webm
    ────────────────────────────────────────────────────────────────────────────────────────────────

    Error Context: ../../test-results/user-journey-👰-Wedding-Pl-e1fa7-te-Wedding-Planner-Workflow-firefox/error-context.md
]]>
</failure>
<system-out>
<![CDATA[
[[ATTACHMENT|test-results/user-journey-👰-Wedding-Pl-e1fa7-te-Wedding-Planner-Workflow-firefox/test-failed-1.png]]

[[ATTACHMENT|test-results/user-journey-👰-Wedding-Pl-e1fa7-te-Wedding-Planner-Workflow-firefox/video.webm]]

[[ATTACHMENT|test-results/user-journey-👰-Wedding-Pl-e1fa7-te-Wedding-Planner-Workflow-firefox/error-context.md]]
]]>
</system-out>
</testcase>
<testcase name="👑 Admin Platform Management Journey › Complete Admin Platform Management" classname="user-journey.spec.ts" time="30.492">
<failure message="user-journey.spec.ts:442:7 Complete Admin Platform Management" type="FAILURE">
<![CDATA[  [firefox] › user-journey.spec.ts:442:7 › 👑 Admin Platform Management Journey › Complete Admin Platform Management 

    Test timeout of 30000ms exceeded.

    Error: page.fill: Test timeout of 30000ms exceeded.
    Call log:
      - waiting for locator('input[name="email"]')


      443 |     // Step 1: Admin Login
      444 |     await page.goto('/auth/signin');
    > 445 |     await page.fill('input[name="email"]', 'admin@test.com');
          |                ^
      446 |     await page.fill('input[name="password"]', 'AdminPass123!');
      447 |     await page.click('button[type="submit"]');
      448 |     await expect(page).toHaveURL(/\/dashboard/);
        at /Users/asithalakmal/Documents/web/final project/WeddingLK-next copy/tests/e2e/user-journey.spec.ts:445:16

    attachment #1: screenshot (image/png) ──────────────────────────────────────────────────────────
    ../../test-results/user-journey-👑-Admin-Plat-9a1c7-e-Admin-Platform-Management-firefox/test-failed-1.png
    ────────────────────────────────────────────────────────────────────────────────────────────────

    attachment #2: video (video/webm) ──────────────────────────────────────────────────────────────
    ../../test-results/user-journey-👑-Admin-Plat-9a1c7-e-Admin-Platform-Management-firefox/video.webm
    ────────────────────────────────────────────────────────────────────────────────────────────────

    Error Context: ../../test-results/user-journey-👑-Admin-Plat-9a1c7-e-Admin-Platform-Management-firefox/error-context.md
]]>
</failure>
<system-out>
<![CDATA[
[[ATTACHMENT|test-results/user-journey-👑-Admin-Plat-9a1c7-e-Admin-Platform-Management-firefox/test-failed-1.png]]

[[ATTACHMENT|test-results/user-journey-👑-Admin-Plat-9a1c7-e-Admin-Platform-Management-firefox/video.webm]]

[[ATTACHMENT|test-results/user-journey-👑-Admin-Plat-9a1c7-e-Admin-Platform-Management-firefox/error-context.md]]
]]>
</system-out>
</testcase>
<testcase name="🔄 Cross-Platform Integration Journey › Mobile and Web Integration" classname="user-journey.spec.ts" time="30.379">
<failure message="user-journey.spec.ts:555:7 Mobile and Web Integration" type="FAILURE">
<![CDATA[  [firefox] › user-journey.spec.ts:555:7 › 🔄 Cross-Platform Integration Journey › Mobile and Web Integration 

    Test timeout of 30000ms exceeded.

    Error: page.fill: Test timeout of 30000ms exceeded.
    Call log:
      - waiting for locator('input[name="email"]')


      559 |     // Mobile login
      560 |     await page.goto('/auth/signin');
    > 561 |     await page.fill('input[name="email"]', journeyData.couple.email);
          |                ^
      562 |     await page.fill('input[name="password"]', journeyData.couple.password);
      563 |     await page.click('button[type="submit"]');
      564 |     await expect(page).toHaveURL(/\/dashboard/);
        at /Users/asithalakmal/Documents/web/final project/WeddingLK-next copy/tests/e2e/user-journey.spec.ts:561:16

    attachment #1: screenshot (image/png) ──────────────────────────────────────────────────────────
    ../../test-results/user-journey-🔄-Cross-Plat-3bd25--Mobile-and-Web-Integration-firefox/test-failed-1.png
    ────────────────────────────────────────────────────────────────────────────────────────────────

    attachment #2: video (video/webm) ──────────────────────────────────────────────────────────────
    ../../test-results/user-journey-🔄-Cross-Plat-3bd25--Mobile-and-Web-Integration-firefox/video.webm
    ────────────────────────────────────────────────────────────────────────────────────────────────

    Error Context: ../../test-results/user-journey-🔄-Cross-Plat-3bd25--Mobile-and-Web-Integration-firefox/error-context.md
]]>
</failure>
<system-out>
<![CDATA[
[[ATTACHMENT|test-results/user-journey-🔄-Cross-Plat-3bd25--Mobile-and-Web-Integration-firefox/test-failed-1.png]]

[[ATTACHMENT|test-results/user-journey-🔄-Cross-Plat-3bd25--Mobile-and-Web-Integration-firefox/video.webm]]

[[ATTACHMENT|test-results/user-journey-🔄-Cross-Plat-3bd25--Mobile-and-Web-Integration-firefox/error-context.md]]
]]>
</system-out>
</testcase>
<testcase name="🚨 Error Handling and Recovery Journey › Application Error Recovery" classname="user-journey.spec.ts" time="9.407">
<failure message="user-journey.spec.ts:597:7 Application Error Recovery" type="FAILURE">
<![CDATA[  [firefox] › user-journey.spec.ts:597:7 › 🚨 Error Handling and Recovery Journey › Application Error Recovery 

    Error: expect(locator).toBeVisible() failed

    Locator: locator('text=Unable to load venues')
    Expected: visible
    Timeout: 5000ms
    Error: element(s) not found

    Call log:
      - Expect "toBeVisible" with timeout 5000ms
      - waiting for locator('text=Unable to load venues')


      600 |     
      601 |     await page.goto('/venues');
    > 602 |     await expect(page.locator('text=Unable to load venues')).toBeVisible();
          |                                                              ^
      603 |     await expect(page.locator('button:has-text("Retry")')).toBeVisible();
      604 |     
      605 |     // Test retry functionality
        at /Users/asithalakmal/Documents/web/final project/WeddingLK-next copy/tests/e2e/user-journey.spec.ts:602:62

    attachment #1: screenshot (image/png) ──────────────────────────────────────────────────────────
    ../../test-results/user-journey-🚨-Error-Hand-919af--Application-Error-Recovery-firefox/test-failed-1.png
    ────────────────────────────────────────────────────────────────────────────────────────────────

    attachment #2: video (video/webm) ──────────────────────────────────────────────────────────────
    ../../test-results/user-journey-🚨-Error-Hand-919af--Application-Error-Recovery-firefox/video.webm
    ────────────────────────────────────────────────────────────────────────────────────────────────

    Error Context: ../../test-results/user-journey-🚨-Error-Hand-919af--Application-Error-Recovery-firefox/error-context.md
]]>
</failure>
<system-out>
<![CDATA[
[[ATTACHMENT|test-results/user-journey-🚨-Error-Hand-919af--Application-Error-Recovery-firefox/test-failed-1.png]]

[[ATTACHMENT|test-results/user-journey-🚨-Error-Hand-919af--Application-Error-Recovery-firefox/video.webm]]

[[ATTACHMENT|test-results/user-journey-🚨-Error-Hand-919af--Application-Error-Recovery-firefox/error-context.md]]
]]>
</system-out>
</testcase>
</testsuite>
<testsuite name="vendor.spec.ts" timestamp="2025-10-22T18:37:21.475Z" hostname="firefox" tests="5" failures="5" skipped="0" time="151.37" errors="0">
<testcase name="Vendor Management › Vendor registration and onboarding" classname="vendor.spec.ts" time="30.235">
<failure message="vendor.spec.ts:5:7 Vendor registration and onboarding" type="FAILURE">
<![CDATA[  [firefox] › vendor.spec.ts:5:7 › Vendor Management › Vendor registration and onboarding ──────────

    Test timeout of 30000ms exceeded.

    Error: page.fill: Test timeout of 30000ms exceeded.
    Call log:
      - waiting for locator('input[name="name"]')


      14 |     // Register as vendor
      15 |     await page.goto('/vendor/register');
    > 16 |     await page.fill('input[name="name"]', vendor.name);
         |                ^
      17 |     await page.fill('input[name="email"]', vendor.email);
      18 |     await page.fill('input[name="businessName"]', vendor.businessName);
      19 |     await page.fill('input[name="phone"]', vendor.phone);
        at /Users/asithalakmal/Documents/web/final project/WeddingLK-next copy/tests/e2e/vendor.spec.ts:16:16

    attachment #1: screenshot (image/png) ──────────────────────────────────────────────────────────
    ../../test-results/vendor-Vendor-Management-Vendor-registration-and-onboarding-firefox/test-failed-1.png
    ────────────────────────────────────────────────────────────────────────────────────────────────

    attachment #2: video (video/webm) ──────────────────────────────────────────────────────────────
    ../../test-results/vendor-Vendor-Management-Vendor-registration-and-onboarding-firefox/video.webm
    ────────────────────────────────────────────────────────────────────────────────────────────────

    Error Context: ../../test-results/vendor-Vendor-Management-Vendor-registration-and-onboarding-firefox/error-context.md
]]>
</failure>
<system-out>
<![CDATA[
[[ATTACHMENT|test-results/vendor-Vendor-Management-Vendor-registration-and-onboarding-firefox/test-failed-1.png]]

[[ATTACHMENT|test-results/vendor-Vendor-Management-Vendor-registration-and-onboarding-firefox/video.webm]]

[[ATTACHMENT|test-results/vendor-Vendor-Management-Vendor-registration-and-onboarding-firefox/error-context.md]]
]]>
</system-out>
</testcase>
<testcase name="Vendor Management › Vendor service creation and portfolio upload" classname="vendor.spec.ts" time="30.344">
<failure message="vendor.spec.ts:39:7 Vendor service creation and portfolio upload" type="FAILURE">
<![CDATA[  [firefox] › vendor.spec.ts:39:7 › Vendor Management › Vendor service creation and portfolio upload 

    Test timeout of 30000ms exceeded.

    Error: page.fill: Test timeout of 30000ms exceeded.
    Call log:
      - waiting for locator('input[name="email"]')


      40 |     // Login as vendor
      41 |     await page.goto('/auth/signin');
    > 42 |     await page.fill('input[name="email"]', process.env.TEST_VENDOR_EMAIL || 'vendor@test.local');
         |                ^
      43 |     await page.fill('input[name="password"]', process.env.TEST_VENDOR_PASSWORD || 'VendorPass123!');
      44 |     await page.click('button[type="submit"]');
      45 |     await expect(page).toHaveURL(/\/dashboard/);
        at /Users/asithalakmal/Documents/web/final project/WeddingLK-next copy/tests/e2e/vendor.spec.ts:42:16

    attachment #1: screenshot (image/png) ──────────────────────────────────────────────────────────
    ../../test-results/vendor-Vendor-Management-V-1cf6a-eation-and-portfolio-upload-firefox/test-failed-1.png
    ────────────────────────────────────────────────────────────────────────────────────────────────

    attachment #2: video (video/webm) ──────────────────────────────────────────────────────────────
    ../../test-results/vendor-Vendor-Management-V-1cf6a-eation-and-portfolio-upload-firefox/video.webm
    ────────────────────────────────────────────────────────────────────────────────────────────────

    Error Context: ../../test-results/vendor-Vendor-Management-V-1cf6a-eation-and-portfolio-upload-firefox/error-context.md
]]>
</failure>
<system-out>
<![CDATA[
[[ATTACHMENT|test-results/vendor-Vendor-Management-V-1cf6a-eation-and-portfolio-upload-firefox/test-failed-1.png]]

[[ATTACHMENT|test-results/vendor-Vendor-Management-V-1cf6a-eation-and-portfolio-upload-firefox/video.webm]]

[[ATTACHMENT|test-results/vendor-Vendor-Management-V-1cf6a-eation-and-portfolio-upload-firefox/error-context.md]]
]]>
</system-out>
</testcase>
<testcase name="Vendor Management › Vendor booking management" classname="vendor.spec.ts" time="30.243">
<failure message="vendor.spec.ts:67:7 Vendor booking management" type="FAILURE">
<![CDATA[  [firefox] › vendor.spec.ts:67:7 › Vendor Management › Vendor booking management ──────────────────

    Test timeout of 30000ms exceeded.

    Error: page.fill: Test timeout of 30000ms exceeded.
    Call log:
      - waiting for locator('input[name="email"]')


      68 |     // Login as vendor
      69 |     await page.goto('/auth/signin');
    > 70 |     await page.fill('input[name="email"]', process.env.TEST_VENDOR_EMAIL || 'vendor@test.local');
         |                ^
      71 |     await page.fill('input[name="password"]', process.env.TEST_VENDOR_PASSWORD || 'VendorPass123!');
      72 |     await page.click('button[type="submit"]');
      73 |     await expect(page).toHaveURL(/\/dashboard/);
        at /Users/asithalakmal/Documents/web/final project/WeddingLK-next copy/tests/e2e/vendor.spec.ts:70:16

    attachment #1: screenshot (image/png) ──────────────────────────────────────────────────────────
    ../../test-results/vendor-Vendor-Management-Vendor-booking-management-firefox/test-failed-1.png
    ────────────────────────────────────────────────────────────────────────────────────────────────

    attachment #2: video (video/webm) ──────────────────────────────────────────────────────────────
    ../../test-results/vendor-Vendor-Management-Vendor-booking-management-firefox/video.webm
    ────────────────────────────────────────────────────────────────────────────────────────────────

    Error Context: ../../test-results/vendor-Vendor-Management-Vendor-booking-management-firefox/error-context.md
]]>
</failure>
<system-out>
<![CDATA[
[[ATTACHMENT|test-results/vendor-Vendor-Management-Vendor-booking-management-firefox/test-failed-1.png]]

[[ATTACHMENT|test-results/vendor-Vendor-Management-Vendor-booking-management-firefox/video.webm]]

[[ATTACHMENT|test-results/vendor-Vendor-Management-Vendor-booking-management-firefox/error-context.md]]
]]>
</system-out>
</testcase>
<testcase name="Vendor Management › Vendor profile and portfolio management" classname="vendor.spec.ts" time="30.238">
<failure message="vendor.spec.ts:106:7 Vendor profile and portfolio management" type="FAILURE">
<![CDATA[  [firefox] › vendor.spec.ts:106:7 › Vendor Management › Vendor profile and portfolio management ───

    Test timeout of 30000ms exceeded.

    Error: page.fill: Test timeout of 30000ms exceeded.
    Call log:
      - waiting for locator('input[name="email"]')


      107 |     // Login as vendor
      108 |     await page.goto('/auth/signin');
    > 109 |     await page.fill('input[name="email"]', process.env.TEST_VENDOR_EMAIL || 'vendor@test.local');
          |                ^
      110 |     await page.fill('input[name="password"]', process.env.TEST_VENDOR_PASSWORD || 'VendorPass123!');
      111 |     await page.click('button[type="submit"]');
      112 |     await expect(page).toHaveURL(/\/dashboard/);
        at /Users/asithalakmal/Documents/web/final project/WeddingLK-next copy/tests/e2e/vendor.spec.ts:109:16

    attachment #1: screenshot (image/png) ──────────────────────────────────────────────────────────
    ../../test-results/vendor-Vendor-Management-V-1bdb8-le-and-portfolio-management-firefox/test-failed-1.png
    ────────────────────────────────────────────────────────────────────────────────────────────────

    attachment #2: video (video/webm) ──────────────────────────────────────────────────────────────
    ../../test-results/vendor-Vendor-Management-V-1bdb8-le-and-portfolio-management-firefox/video.webm
    ────────────────────────────────────────────────────────────────────────────────────────────────

    Error Context: ../../test-results/vendor-Vendor-Management-V-1bdb8-le-and-portfolio-management-firefox/error-context.md
]]>
</failure>
<system-out>
<![CDATA[
[[ATTACHMENT|test-results/vendor-Vendor-Management-V-1bdb8-le-and-portfolio-management-firefox/test-failed-1.png]]

[[ATTACHMENT|test-results/vendor-Vendor-Management-V-1bdb8-le-and-portfolio-management-firefox/video.webm]]

[[ATTACHMENT|test-results/vendor-Vendor-Management-V-1bdb8-le-and-portfolio-management-firefox/error-context.md]]
]]>
</system-out>
</testcase>
<testcase name="Vendor Management › Vendor analytics and performance tracking" classname="vendor.spec.ts" time="30.31">
<failure message="vendor.spec.ts:127:7 Vendor analytics and performance tracking" type="FAILURE">
<![CDATA[  [firefox] › vendor.spec.ts:127:7 › Vendor Management › Vendor analytics and performance tracking ─

    Test timeout of 30000ms exceeded.

    Error: page.fill: Test timeout of 30000ms exceeded.
    Call log:
      - waiting for locator('input[name="email"]')


      128 |     // Login as vendor
      129 |     await page.goto('/auth/signin');
    > 130 |     await page.fill('input[name="email"]', process.env.TEST_VENDOR_EMAIL || 'vendor@test.local');
          |                ^
      131 |     await page.fill('input[name="password"]', process.env.TEST_VENDOR_PASSWORD || 'VendorPass123!');
      132 |     await page.click('button[type="submit"]');
      133 |     await expect(page).toHaveURL(/\/dashboard/);
        at /Users/asithalakmal/Documents/web/final project/WeddingLK-next copy/tests/e2e/vendor.spec.ts:130:16

    attachment #1: screenshot (image/png) ──────────────────────────────────────────────────────────
    ../../test-results/vendor-Vendor-Management-V-453fa-cs-and-performance-tracking-firefox/test-failed-1.png
    ────────────────────────────────────────────────────────────────────────────────────────────────

    attachment #2: video (video/webm) ──────────────────────────────────────────────────────────────
    ../../test-results/vendor-Vendor-Management-V-453fa-cs-and-performance-tracking-firefox/video.webm
    ────────────────────────────────────────────────────────────────────────────────────────────────

    Error Context: ../../test-results/vendor-Vendor-Management-V-453fa-cs-and-performance-tracking-firefox/error-context.md
]]>
</failure>
<system-out>
<![CDATA[
[[ATTACHMENT|test-results/vendor-Vendor-Management-V-453fa-cs-and-performance-tracking-firefox/test-failed-1.png]]

[[ATTACHMENT|test-results/vendor-Vendor-Management-V-453fa-cs-and-performance-tracking-firefox/video.webm]]

[[ATTACHMENT|test-results/vendor-Vendor-Management-V-453fa-cs-and-performance-tracking-firefox/error-context.md]]
]]>
</system-out>
</testcase>
</testsuite>
<testsuite name="venue.spec.ts" timestamp="2025-10-22T18:37:21.475Z" hostname="firefox" tests="6" failures="6" skipped="0" time="182.252" errors="0">
<testcase name="Venue Management › Venue search and filtering" classname="venue.spec.ts" time="30.265">
<failure message="venue.spec.ts:5:7 Venue search and filtering" type="FAILURE">
<![CDATA[  [firefox] › venue.spec.ts:5:7 › Venue Management › Venue search and filtering ────────────────────

    Test timeout of 30000ms exceeded.

    Error: page.fill: Test timeout of 30000ms exceeded.
    Call log:
      - waiting for locator('input[placeholder*="Search venues"], input[name="search"]')


       7 |     
       8 |     // Search for venues
    >  9 |     await page.fill('input[placeholder*="Search venues"], input[name="search"]', 'Colombo');
         |                ^
      10 |     await page.click('button[type="submit"], button:has-text("Search")');
      11 |     
      12 |     // Apply filters
        at /Users/asithalakmal/Documents/web/final project/WeddingLK-next copy/tests/e2e/venue.spec.ts:9:16

    attachment #1: screenshot (image/png) ──────────────────────────────────────────────────────────
    ../../test-results/venue-Venue-Management-Venue-search-and-filtering-firefox/test-failed-1.png
    ────────────────────────────────────────────────────────────────────────────────────────────────

    attachment #2: video (video/webm) ──────────────────────────────────────────────────────────────
    ../../test-results/venue-Venue-Management-Venue-search-and-filtering-firefox/video.webm
    ────────────────────────────────────────────────────────────────────────────────────────────────

    Error Context: ../../test-results/venue-Venue-Management-Venue-search-and-filtering-firefox/error-context.md
]]>
</failure>
<system-out>
<![CDATA[
[[ATTACHMENT|test-results/venue-Venue-Management-Venue-search-and-filtering-firefox/test-failed-1.png]]

[[ATTACHMENT|test-results/venue-Venue-Management-Venue-search-and-filtering-firefox/video.webm]]

[[ATTACHMENT|test-results/venue-Venue-Management-Venue-search-and-filtering-firefox/error-context.md]]
]]>
</system-out>
</testcase>
<testcase name="Venue Management › Venue details and booking inquiry" classname="venue.spec.ts" time="30.269">
<failure message="venue.spec.ts:24:7 Venue details and booking inquiry" type="FAILURE">
<![CDATA[  [firefox] › venue.spec.ts:24:7 › Venue Management › Venue details and booking inquiry ────────────

    Test timeout of 30000ms exceeded.

    Error: page.click: Test timeout of 30000ms exceeded.
    Call log:
      - waiting for locator('.venue-card:first-child, [data-testid="venue-card"]:first-child')


      26 |     
      27 |     // Click on first venue
    > 28 |     await page.click('.venue-card:first-child, [data-testid="venue-card"]:first-child');
         |                ^
      29 |     await expect(page).toHaveURL(/\/venues\/\d+/);
      30 |     
      31 |     // Check venue details
        at /Users/asithalakmal/Documents/web/final project/WeddingLK-next copy/tests/e2e/venue.spec.ts:28:16

    attachment #1: screenshot (image/png) ──────────────────────────────────────────────────────────
    ../../test-results/venue-Venue-Management-Venue-details-and-booking-inquiry-firefox/test-failed-1.png
    ────────────────────────────────────────────────────────────────────────────────────────────────

    attachment #2: video (video/webm) ──────────────────────────────────────────────────────────────
    ../../test-results/venue-Venue-Management-Venue-details-and-booking-inquiry-firefox/video.webm
    ────────────────────────────────────────────────────────────────────────────────────────────────

    Error Context: ../../test-results/venue-Venue-Management-Venue-details-and-booking-inquiry-firefox/error-context.md
]]>
</failure>
<system-out>
<![CDATA[
[[ATTACHMENT|test-results/venue-Venue-Management-Venue-details-and-booking-inquiry-firefox/test-failed-1.png]]

[[ATTACHMENT|test-results/venue-Venue-Management-Venue-details-and-booking-inquiry-firefox/video.webm]]

[[ATTACHMENT|test-results/venue-Venue-Management-Venue-details-and-booking-inquiry-firefox/error-context.md]]
]]>
</system-out>
</testcase>
<testcase name="Venue Management › Venue availability calendar" classname="venue.spec.ts" time="30.26">
<failure message="venue.spec.ts:60:7 Venue availability calendar" type="FAILURE">
<![CDATA[  [firefox] › venue.spec.ts:60:7 › Venue Management › Venue availability calendar ──────────────────

    Test timeout of 30000ms exceeded.

    Error: page.click: Test timeout of 30000ms exceeded.
    Call log:
      - waiting for locator('.venue-card:first-child, [data-testid="venue-card"]:first-child')


      60 |   test('Venue availability calendar', async ({ page }) => {
      61 |     await page.goto('/venues');
    > 62 |     await page.click('.venue-card:first-child, [data-testid="venue-card"]:first-child');
         |                ^
      63 |     
      64 |     // Check availability calendar
      65 |     await page.click('text=Check Availability, [data-testid="availability-button"]');
        at /Users/asithalakmal/Documents/web/final project/WeddingLK-next copy/tests/e2e/venue.spec.ts:62:16

    attachment #1: screenshot (image/png) ──────────────────────────────────────────────────────────
    ../../test-results/venue-Venue-Management-Venue-availability-calendar-firefox/test-failed-1.png
    ────────────────────────────────────────────────────────────────────────────────────────────────

    attachment #2: video (video/webm) ──────────────────────────────────────────────────────────────
    ../../test-results/venue-Venue-Management-Venue-availability-calendar-firefox/video.webm
    ────────────────────────────────────────────────────────────────────────────────────────────────

    Error Context: ../../test-results/venue-Venue-Management-Venue-availability-calendar-firefox/error-context.md
]]>
</failure>
<system-out>
<![CDATA[
[[ATTACHMENT|test-results/venue-Venue-Management-Venue-availability-calendar-firefox/test-failed-1.png]]

[[ATTACHMENT|test-results/venue-Venue-Management-Venue-availability-calendar-firefox/video.webm]]

[[ATTACHMENT|test-results/venue-Venue-Management-Venue-availability-calendar-firefox/error-context.md]]
]]>
</system-out>
</testcase>
<testcase name="Venue Management › Venue reviews and ratings" classname="venue.spec.ts" time="30.206">
<failure message="venue.spec.ts:73:7 Venue reviews and ratings" type="FAILURE">
<![CDATA[  [firefox] › venue.spec.ts:73:7 › Venue Management › Venue reviews and ratings ────────────────────

    Test timeout of 30000ms exceeded.

    Error: page.click: Test timeout of 30000ms exceeded.
    Call log:
      - waiting for locator('.venue-card:first-child, [data-testid="venue-card"]:first-child')


      73 |   test('Venue reviews and ratings', async ({ page }) => {
      74 |     await page.goto('/venues');
    > 75 |     await page.click('.venue-card:first-child, [data-testid="venue-card"]:first-child');
         |                ^
      76 |     
      77 |     // Check reviews section
      78 |     await page.click('text=Reviews, [data-testid="reviews-tab"]');
        at /Users/asithalakmal/Documents/web/final project/WeddingLK-next copy/tests/e2e/venue.spec.ts:75:16

    attachment #1: screenshot (image/png) ──────────────────────────────────────────────────────────
    ../../test-results/venue-Venue-Management-Venue-reviews-and-ratings-firefox/test-failed-1.png
    ────────────────────────────────────────────────────────────────────────────────────────────────

    attachment #2: video (video/webm) ──────────────────────────────────────────────────────────────
    ../../test-results/venue-Venue-Management-Venue-reviews-and-ratings-firefox/video.webm
    ────────────────────────────────────────────────────────────────────────────────────────────────

    Error Context: ../../test-results/venue-Venue-Management-Venue-reviews-and-ratings-firefox/error-context.md
]]>
</failure>
<system-out>
<![CDATA[
[[ATTACHMENT|test-results/venue-Venue-Management-Venue-reviews-and-ratings-firefox/test-failed-1.png]]

[[ATTACHMENT|test-results/venue-Venue-Management-Venue-reviews-and-ratings-firefox/video.webm]]

[[ATTACHMENT|test-results/venue-Venue-Management-Venue-reviews-and-ratings-firefox/error-context.md]]
]]>
</system-out>
</testcase>
<testcase name="Venue Management › Venue owner management" classname="venue.spec.ts" time="30.291">
<failure message="venue.spec.ts:85:7 Venue owner management" type="FAILURE">
<![CDATA[  [firefox] › venue.spec.ts:85:7 › Venue Management › Venue owner management ───────────────────────

    Test timeout of 30000ms exceeded.

    Error: page.fill: Test timeout of 30000ms exceeded.
    Call log:
      - waiting for locator('input[name="email"]')


      86 |     // Login as venue owner
      87 |     await page.goto('/auth/signin');
    > 88 |     await page.fill('input[name="email"]', process.env.TEST_VENUE_OWNER_EMAIL || 'venue@test.local');
         |                ^
      89 |     await page.fill('input[name="password"]', process.env.TEST_VENUE_OWNER_PASSWORD || 'VenuePass123!');
      90 |     await page.click('button[type="submit"]');
      91 |     await expect(page).toHaveURL(/\/dashboard/);
        at /Users/asithalakmal/Documents/web/final project/WeddingLK-next copy/tests/e2e/venue.spec.ts:88:16

    attachment #1: screenshot (image/png) ──────────────────────────────────────────────────────────
    ../../test-results/venue-Venue-Management-Venue-owner-management-firefox/test-failed-1.png
    ────────────────────────────────────────────────────────────────────────────────────────────────

    attachment #2: video (video/webm) ──────────────────────────────────────────────────────────────
    ../../test-results/venue-Venue-Management-Venue-owner-management-firefox/video.webm
    ────────────────────────────────────────────────────────────────────────────────────────────────

    Error Context: ../../test-results/venue-Venue-Management-Venue-owner-management-firefox/error-context.md
]]>
</failure>
<system-out>
<![CDATA[
[[ATTACHMENT|test-results/venue-Venue-Management-Venue-owner-management-firefox/test-failed-1.png]]

[[ATTACHMENT|test-results/venue-Venue-Management-Venue-owner-management-firefox/video.webm]]

[[ATTACHMENT|test-results/venue-Venue-Management-Venue-owner-management-firefox/error-context.md]]
]]>
</system-out>
</testcase>
<testcase name="Venue Management › Venue booking management" classname="venue.spec.ts" time="30.961">
<failure message="venue.spec.ts:123:7 Venue booking management" type="FAILURE">
<![CDATA[  [firefox] › venue.spec.ts:123:7 › Venue Management › Venue booking management ────────────────────

    Test timeout of 30000ms exceeded.

    Error: page.fill: Test timeout of 30000ms exceeded.
    Call log:
      - waiting for locator('input[name="email"]')


      124 |     // Login as venue owner
      125 |     await page.goto('/auth/signin');
    > 126 |     await page.fill('input[name="email"]', process.env.TEST_VENUE_OWNER_EMAIL || 'venue@test.local');
          |                ^
      127 |     await page.fill('input[name="password"]', process.env.TEST_VENUE_OWNER_PASSWORD || 'VenuePass123!');
      128 |     await page.click('button[type="submit"]');
      129 |     await expect(page).toHaveURL(/\/dashboard/);
        at /Users/asithalakmal/Documents/web/final project/WeddingLK-next copy/tests/e2e/venue.spec.ts:126:16

    attachment #1: screenshot (image/png) ──────────────────────────────────────────────────────────
    ../../test-results/venue-Venue-Management-Venue-booking-management-firefox/test-failed-1.png
    ────────────────────────────────────────────────────────────────────────────────────────────────

    attachment #2: video (video/webm) ──────────────────────────────────────────────────────────────
    ../../test-results/venue-Venue-Management-Venue-booking-management-firefox/video.webm
    ────────────────────────────────────────────────────────────────────────────────────────────────

    Error Context: ../../test-results/venue-Venue-Management-Venue-booking-management-firefox/error-context.md
]]>
</failure>
<system-out>
<![CDATA[
[[ATTACHMENT|test-results/venue-Venue-Management-Venue-booking-management-firefox/test-failed-1.png]]

[[ATTACHMENT|test-results/venue-Venue-Management-Venue-booking-management-firefox/video.webm]]

[[ATTACHMENT|test-results/venue-Venue-Management-Venue-booking-management-firefox/error-context.md]]
]]>
</system-out>
</testcase>
</testsuite>
<testsuite name="api-integration.spec.ts" timestamp="2025-10-22T18:37:21.475Z" hostname="webkit" tests="55" failures="55" skipped="0" time="77.332" errors="0">
<testcase name="🔐 Authentication API Tests › User Registration API" classname="api-integration.spec.ts" time="1.164">
<failure message="api-integration.spec.ts:56:7 User Registration API" type="FAILURE">
<![CDATA[  [webkit] › api-integration.spec.ts:56:7 › 🔐 Authentication API Tests › User Registration API ────

    Error: browserContext.newPage: Protocol error (Page.overrideSetting): Unknown setting: FixedBackgroundsPaintRelativeToDocument
]]>
</failure>
</testcase>
<testcase name="🔐 Authentication API Tests › User Login API" classname="api-integration.spec.ts" time="1.061">
<failure message="api-integration.spec.ts:72:7 User Login API" type="FAILURE">
<![CDATA[  [webkit] › api-integration.spec.ts:72:7 › 🔐 Authentication API Tests › User Login API ───────────

    Error: browserContext.newPage: Protocol error (Page.overrideSetting): Unknown setting: FixedBackgroundsPaintRelativeToDocument
]]>
</failure>
</testcase>
<testcase name="🔐 Authentication API Tests › Invalid Login API" classname="api-integration.spec.ts" time="2.23">
<failure message="api-integration.spec.ts:87:7 Invalid Login API" type="FAILURE">
<![CDATA[  [webkit] › api-integration.spec.ts:87:7 › 🔐 Authentication API Tests › Invalid Login API ────────

    Error: browserContext.newPage: Protocol error (Page.overrideSetting): Unknown setting: FixedBackgroundsPaintRelativeToDocument
]]>
</failure>
</testcase>
<testcase name="🔐 Authentication API Tests › Password Reset API" classname="api-integration.spec.ts" time="1.895">
<failure message="api-integration.spec.ts:101:7 Password Reset API" type="FAILURE">
<![CDATA[  [webkit] › api-integration.spec.ts:101:7 › 🔐 Authentication API Tests › Password Reset API ──────

    Error: browserContext.newPage: Protocol error (Page.overrideSetting): Unknown setting: FixedBackgroundsPaintRelativeToDocument
]]>
</failure>
</testcase>
<testcase name="🔐 Authentication API Tests › Email Verification API" classname="api-integration.spec.ts" time="1.936">
<failure message="api-integration.spec.ts:112:7 Email Verification API" type="FAILURE">
<![CDATA[  [webkit] › api-integration.spec.ts:112:7 › 🔐 Authentication API Tests › Email Verification API ──

    Error: browserContext.newPage: Protocol error (Page.overrideSetting): Unknown setting: FixedBackgroundsPaintRelativeToDocument
]]>
</failure>
</testcase>
<testcase name="👤 User Management API Tests › Get User Profile API" classname="api-integration.spec.ts" time="1.461">
<failure message="api-integration.spec.ts:124:7 Get User Profile API" type="FAILURE">
<![CDATA[  [webkit] › api-integration.spec.ts:124:7 › 👤 User Management API Tests › Get User Profile API ───

    Error: browserContext.newPage: Protocol error (Page.overrideSetting): Unknown setting: FixedBackgroundsPaintRelativeToDocument
]]>
</failure>
</testcase>
<testcase name="👤 User Management API Tests › Update User Profile API" classname="api-integration.spec.ts" time="1.312">
<failure message="api-integration.spec.ts:136:7 Update User Profile API" type="FAILURE">
<![CDATA[  [webkit] › api-integration.spec.ts:136:7 › 👤 User Management API Tests › Update User Profile API 

    Error: browserContext.newPage: Protocol error (Page.overrideSetting): Unknown setting: FixedBackgroundsPaintRelativeToDocument
]]>
</failure>
</testcase>
<testcase name="👤 User Management API Tests › Get User Favorites API" classname="api-integration.spec.ts" time="1.792">
<failure message="api-integration.spec.ts:150:7 Get User Favorites API" type="FAILURE">
<![CDATA[  [webkit] › api-integration.spec.ts:150:7 › 👤 User Management API Tests › Get User Favorites API ─

    Error: browserContext.newPage: Protocol error (Page.overrideSetting): Unknown setting: FixedBackgroundsPaintRelativeToDocument
]]>
</failure>
</testcase>
<testcase name="👤 User Management API Tests › Add User Favorite API" classname="api-integration.spec.ts" time="1.084">
<failure message="api-integration.spec.ts:161:7 Add User Favorite API" type="FAILURE">
<![CDATA[  [webkit] › api-integration.spec.ts:161:7 › 👤 User Management API Tests › Add User Favorite API ──

    Error: browserContext.newPage: Protocol error (Page.overrideSetting): Unknown setting: FixedBackgroundsPaintRelativeToDocument
]]>
</failure>
</testcase>
<testcase name="🏢 Vendor Management API Tests › Vendor Registration API" classname="api-integration.spec.ts" time="1.769">
<failure message="api-integration.spec.ts:177:7 Vendor Registration API" type="FAILURE">
<![CDATA[  [webkit] › api-integration.spec.ts:177:7 › 🏢 Vendor Management API Tests › Vendor Registration API 

    Error: browserContext.newPage: Protocol error (Page.overrideSetting): Unknown setting: FixedBackgroundsPaintRelativeToDocument
]]>
</failure>
</testcase>
<testcase name="🏢 Vendor Management API Tests › Get Vendor Services API" classname="api-integration.spec.ts" time="1.118">
<failure message="api-integration.spec.ts:194:7 Get Vendor Services API" type="FAILURE">
<![CDATA[  [webkit] › api-integration.spec.ts:194:7 › 🏢 Vendor Management API Tests › Get Vendor Services API 

    Error: browserContext.newPage: Protocol error (Page.overrideSetting): Unknown setting: FixedBackgroundsPaintRelativeToDocument
]]>
</failure>
</testcase>
<testcase name="🏢 Vendor Management API Tests › Create Vendor Service API" classname="api-integration.spec.ts" time="2.169">
<failure message="api-integration.spec.ts:205:7 Create Vendor Service API" type="FAILURE">
<![CDATA[  [webkit] › api-integration.spec.ts:205:7 › 🏢 Vendor Management API Tests › Create Vendor Service API 

    Error: browserContext.newPage: Protocol error (Page.overrideSetting): Unknown setting: FixedBackgroundsPaintRelativeToDocument
]]>
</failure>
</testcase>
<testcase name="🏢 Vendor Management API Tests › Update Vendor Service API" classname="api-integration.spec.ts" time="1.245">
<failure message="api-integration.spec.ts:221:7 Update Vendor Service API" type="FAILURE">
<![CDATA[  [webkit] › api-integration.spec.ts:221:7 › 🏢 Vendor Management API Tests › Update Vendor Service API 

    Error: browserContext.newPage: Protocol error (Page.overrideSetting): Unknown setting: FixedBackgroundsPaintRelativeToDocument
]]>
</failure>
</testcase>
<testcase name="🏢 Vendor Management API Tests › Delete Vendor Service API" classname="api-integration.spec.ts" time="1.266">
<failure message="api-integration.spec.ts:235:7 Delete Vendor Service API" type="FAILURE">
<![CDATA[  [webkit] › api-integration.spec.ts:235:7 › 🏢 Vendor Management API Tests › Delete Vendor Service API 

    Error: browserContext.newPage: Protocol error (Page.overrideSetting): Unknown setting: FixedBackgroundsPaintRelativeToDocument
]]>
</failure>
</testcase>
<testcase name="🏢 Vendor Management API Tests › Get Vendor Analytics API" classname="api-integration.spec.ts" time="1.471">
<failure message="api-integration.spec.ts:246:7 Get Vendor Analytics API" type="FAILURE">
<![CDATA[  [webkit] › api-integration.spec.ts:246:7 › 🏢 Vendor Management API Tests › Get Vendor Analytics API 

    Error: browserContext.newPage: Protocol error (Page.overrideSetting): Unknown setting: FixedBackgroundsPaintRelativeToDocument
]]>
</failure>
</testcase>
<testcase name="📅 Booking Management API Tests › Create Booking API" classname="api-integration.spec.ts" time="1.283">
<failure message="api-integration.spec.ts:261:7 Create Booking API" type="FAILURE">
<![CDATA[  [webkit] › api-integration.spec.ts:261:7 › 📅 Booking Management API Tests › Create Booking API ──

    Error: browserContext.newPage: Protocol error (Page.overrideSetting): Unknown setting: FixedBackgroundsPaintRelativeToDocument
]]>
</failure>
</testcase>
<testcase name="📅 Booking Management API Tests › Get User Bookings API" classname="api-integration.spec.ts" time="1.478">
<failure message="api-integration.spec.ts:279:7 Get User Bookings API" type="FAILURE">
<![CDATA[  [webkit] › api-integration.spec.ts:279:7 › 📅 Booking Management API Tests › Get User Bookings API 

    Error: browserContext.newPage: Protocol error (Page.overrideSetting): Unknown setting: FixedBackgroundsPaintRelativeToDocument
]]>
</failure>
</testcase>
<testcase name="📅 Booking Management API Tests › Update Booking API" classname="api-integration.spec.ts" time="1.27">
<failure message="api-integration.spec.ts:290:7 Update Booking API" type="FAILURE">
<![CDATA[  [webkit] › api-integration.spec.ts:290:7 › 📅 Booking Management API Tests › Update Booking API ──

    Error: browserContext.newPage: Protocol error (Page.overrideSetting): Unknown setting: FixedBackgroundsPaintRelativeToDocument
]]>
</failure>
</testcase>
<testcase name="📅 Booking Management API Tests › Cancel Booking API" classname="api-integration.spec.ts" time="1.503">
<failure message="api-integration.spec.ts:304:7 Cancel Booking API" type="FAILURE">
<![CDATA[  [webkit] › api-integration.spec.ts:304:7 › 📅 Booking Management API Tests › Cancel Booking API ──

    Error: browserContext.newPage: Protocol error (Page.overrideSetting): Unknown setting: FixedBackgroundsPaintRelativeToDocument
]]>
</failure>
</testcase>
<testcase name="📅 Booking Management API Tests › Get Vendor Bookings API" classname="api-integration.spec.ts" time="1.102">
<failure message="api-integration.spec.ts:315:7 Get Vendor Bookings API" type="FAILURE">
<![CDATA[  [webkit] › api-integration.spec.ts:315:7 › 📅 Booking Management API Tests › Get Vendor Bookings API 

    Error: browserContext.newPage: Protocol error (Page.overrideSetting): Unknown setting: FixedBackgroundsPaintRelativeToDocument
]]>
</failure>
</testcase>
<testcase name="📅 Booking Management API Tests › Update Booking Status API" classname="api-integration.spec.ts" time="1.107">
<failure message="api-integration.spec.ts:326:7 Update Booking Status API" type="FAILURE">
<![CDATA[  [webkit] › api-integration.spec.ts:326:7 › 📅 Booking Management API Tests › Update Booking Status API 

    Error: browserContext.newPage: Protocol error (Page.overrideSetting): Unknown setting: FixedBackgroundsPaintRelativeToDocument
]]>
</failure>
</testcase>
<testcase name="🏛️ Venue Management API Tests › Get Venues API" classname="api-integration.spec.ts" time="1.308">
<failure message="api-integration.spec.ts:341:7 Get Venues API" type="FAILURE">
<![CDATA[  [webkit] › api-integration.spec.ts:341:7 › 🏛️ Venue Management API Tests › Get Venues API ───────

    Error: browserContext.newPage: Protocol error (Page.overrideSetting): Unknown setting: FixedBackgroundsPaintRelativeToDocument
]]>
</failure>
</testcase>
<testcase name="🏛️ Venue Management API Tests › Get Venue by ID API" classname="api-integration.spec.ts" time="1.469">
<failure message="api-integration.spec.ts:350:7 Get Venue by ID API" type="FAILURE">
<![CDATA[  [webkit] › api-integration.spec.ts:350:7 › 🏛️ Venue Management API Tests › Get Venue by ID API ──

    Error: browserContext.newPage: Protocol error (Page.overrideSetting): Unknown setting: FixedBackgroundsPaintRelativeToDocument
]]>
</failure>
</testcase>
<testcase name="🏛️ Venue Management API Tests › Search Venues API" classname="api-integration.spec.ts" time="1.586">
<failure message="api-integration.spec.ts:359:7 Search Venues API" type="FAILURE">
<![CDATA[  [webkit] › api-integration.spec.ts:359:7 › 🏛️ Venue Management API Tests › Search Venues API ────

    Error: browserContext.newPage: Protocol error (Page.overrideSetting): Unknown setting: FixedBackgroundsPaintRelativeToDocument
]]>
</failure>
</testcase>
<testcase name="🏛️ Venue Management API Tests › Get Venue Availability API" classname="api-integration.spec.ts" time="1.814">
<failure message="api-integration.spec.ts:368:7 Get Venue Availability API" type="FAILURE">
<![CDATA[  [webkit] › api-integration.spec.ts:368:7 › 🏛️ Venue Management API Tests › Get Venue Availability API 

    Error: browserContext.newPage: Protocol error (Page.overrideSetting): Unknown setting: FixedBackgroundsPaintRelativeToDocument
]]>
</failure>
</testcase>
<testcase name="💳 Payment API Tests › Create Payment Intent API" classname="api-integration.spec.ts" time="1.801">
<failure message="api-integration.spec.ts:379:7 Create Payment Intent API" type="FAILURE">
<![CDATA[  [webkit] › api-integration.spec.ts:379:7 › 💳 Payment API Tests › Create Payment Intent API ──────

    Error: browserContext.newPage: Protocol error (Page.overrideSetting): Unknown setting: FixedBackgroundsPaintRelativeToDocument
]]>
</failure>
</testcase>
<testcase name="💳 Payment API Tests › Get Payment History API" classname="api-integration.spec.ts" time="1.101">
<failure message="api-integration.spec.ts:394:7 Get Payment History API" type="FAILURE">
<![CDATA[  [webkit] › api-integration.spec.ts:394:7 › 💳 Payment API Tests › Get Payment History API ────────

    Error: browserContext.newPage: Protocol error (Page.overrideSetting): Unknown setting: FixedBackgroundsPaintRelativeToDocument
]]>
</failure>
</testcase>
<testcase name="💳 Payment API Tests › Get Payment by ID API" classname="api-integration.spec.ts" time="1.333">
<failure message="api-integration.spec.ts:405:7 Get Payment by ID API" type="FAILURE">
<![CDATA[  [webkit] › api-integration.spec.ts:405:7 › 💳 Payment API Tests › Get Payment by ID API ──────────

    Error: browserContext.newPage: Protocol error (Page.overrideSetting): Unknown setting: FixedBackgroundsPaintRelativeToDocument
]]>
</failure>
</testcase>
<testcase name="📊 Dashboard API Tests › Get Dashboard Stats API" classname="api-integration.spec.ts" time="1.038">
<failure message="api-integration.spec.ts:418:7 Get Dashboard Stats API" type="FAILURE">
<![CDATA[  [webkit] › api-integration.spec.ts:418:7 › 📊 Dashboard API Tests › Get Dashboard Stats API ──────

    Error: browserContext.newPage: Protocol error (Page.overrideSetting): Unknown setting: FixedBackgroundsPaintRelativeToDocument
]]>
</failure>
</testcase>
<testcase name="📊 Dashboard API Tests › Get Dashboard Activity API" classname="api-integration.spec.ts" time="1.868">
<failure message="api-integration.spec.ts:431:7 Get Dashboard Activity API" type="FAILURE">
<![CDATA[  [webkit] › api-integration.spec.ts:431:7 › 📊 Dashboard API Tests › Get Dashboard Activity API ───

    Error: browserContext.newPage: Protocol error (Page.overrideSetting): Unknown setting: FixedBackgroundsPaintRelativeToDocument
]]>
</failure>
</testcase>
<testcase name="📊 Dashboard API Tests › Get User Dashboard Stats API" classname="api-integration.spec.ts" time="1.225">
<failure message="api-integration.spec.ts:442:7 Get User Dashboard Stats API" type="FAILURE">
<![CDATA[  [webkit] › api-integration.spec.ts:442:7 › 📊 Dashboard API Tests › Get User Dashboard Stats API ─

    Error: browserContext.newPage: Protocol error (Page.overrideSetting): Unknown setting: FixedBackgroundsPaintRelativeToDocument
]]>
</failure>
</testcase>
<testcase name="📊 Dashboard API Tests › Get Vendor Dashboard Stats API" classname="api-integration.spec.ts" time="1.329">
<failure message="api-integration.spec.ts:453:7 Get Vendor Dashboard Stats API" type="FAILURE">
<![CDATA[  [webkit] › api-integration.spec.ts:453:7 › 📊 Dashboard API Tests › Get Vendor Dashboard Stats API 

    Error: browserContext.newPage: Protocol error (Page.overrideSetting): Unknown setting: FixedBackgroundsPaintRelativeToDocument
]]>
</failure>
</testcase>
<testcase name="📊 Dashboard API Tests › Get Admin Dashboard Stats API" classname="api-integration.spec.ts" time="1.103">
<failure message="api-integration.spec.ts:464:7 Get Admin Dashboard Stats API" type="FAILURE">
<![CDATA[  [webkit] › api-integration.spec.ts:464:7 › 📊 Dashboard API Tests › Get Admin Dashboard Stats API 

    Error: browserContext.newPage: Protocol error (Page.overrideSetting): Unknown setting: FixedBackgroundsPaintRelativeToDocument
]]>
</failure>
</testcase>
<testcase name="👥 Wedding Planner API Tests › Get Planner Clients API" classname="api-integration.spec.ts" time="1.712">
<failure message="api-integration.spec.ts:477:7 Get Planner Clients API" type="FAILURE">
<![CDATA[  [webkit] › api-integration.spec.ts:477:7 › 👥 Wedding Planner API Tests › Get Planner Clients API 

    Error: browserContext.newPage: Protocol error (Page.overrideSetting): Unknown setting: FixedBackgroundsPaintRelativeToDocument
]]>
</failure>
</testcase>
<testcase name="👥 Wedding Planner API Tests › Create Planner Client API" classname="api-integration.spec.ts" time="1.049">
<failure message="api-integration.spec.ts:488:7 Create Planner Client API" type="FAILURE">
<![CDATA[  [webkit] › api-integration.spec.ts:488:7 › 👥 Wedding Planner API Tests › Create Planner Client API 

    Error: browserContext.newPage: Protocol error (Page.overrideSetting): Unknown setting: FixedBackgroundsPaintRelativeToDocument
]]>
</failure>
</testcase>
<testcase name="👥 Wedding Planner API Tests › Get Planner Tasks API" classname="api-integration.spec.ts" time="1.213">
<failure message="api-integration.spec.ts:504:7 Get Planner Tasks API" type="FAILURE">
<![CDATA[  [webkit] › api-integration.spec.ts:504:7 › 👥 Wedding Planner API Tests › Get Planner Tasks API ──

    Error: browserContext.newPage: Protocol error (Page.overrideSetting): Unknown setting: FixedBackgroundsPaintRelativeToDocument
]]>
</failure>
</testcase>
<testcase name="👥 Wedding Planner API Tests › Create Planner Task API" classname="api-integration.spec.ts" time="1.379">
<failure message="api-integration.spec.ts:515:7 Create Planner Task API" type="FAILURE">
<![CDATA[  [webkit] › api-integration.spec.ts:515:7 › 👥 Wedding Planner API Tests › Create Planner Task API 

    Error: browserContext.newPage: Protocol error (Page.overrideSetting): Unknown setting: FixedBackgroundsPaintRelativeToDocument
]]>
</failure>
</testcase>
<testcase name="👑 Admin Management API Tests › Get All Users API" classname="api-integration.spec.ts" time="1.126">
<failure message="api-integration.spec.ts:534:7 Get All Users API" type="FAILURE">
<![CDATA[  [webkit] › api-integration.spec.ts:534:7 › 👑 Admin Management API Tests › Get All Users API ─────

    Error: browserContext.newPage: Protocol error (Page.overrideSetting): Unknown setting: FixedBackgroundsPaintRelativeToDocument
]]>
</failure>
</testcase>
<testcase name="👑 Admin Management API Tests › Get All Vendors API" classname="api-integration.spec.ts" time="1.404">
<failure message="api-integration.spec.ts:545:7 Get All Vendors API" type="FAILURE">
<![CDATA[  [webkit] › api-integration.spec.ts:545:7 › 👑 Admin Management API Tests › Get All Vendors API ───

    Error: browserContext.newPage: Protocol error (Page.overrideSetting): Unknown setting: FixedBackgroundsPaintRelativeToDocument
]]>
</failure>
</testcase>
<testcase name="👑 Admin Management API Tests › Update User Role API" classname="api-integration.spec.ts" time="1.324">
<failure message="api-integration.spec.ts:556:7 Update User Role API" type="FAILURE">
<![CDATA[  [webkit] › api-integration.spec.ts:556:7 › 👑 Admin Management API Tests › Update User Role API ──

    Error: browserContext.newPage: Protocol error (Page.overrideSetting): Unknown setting: FixedBackgroundsPaintRelativeToDocument
]]>
</failure>
</testcase>
<testcase name="👑 Admin Management API Tests › Get Admin Reports API" classname="api-integration.spec.ts" time="1.839">
<failure message="api-integration.spec.ts:569:7 Get Admin Reports API" type="FAILURE">
<![CDATA[  [webkit] › api-integration.spec.ts:569:7 › 👑 Admin Management API Tests › Get Admin Reports API ─

    Error: browserContext.newPage: Protocol error (Page.overrideSetting): Unknown setting: FixedBackgroundsPaintRelativeToDocument
]]>
</failure>
</testcase>
<testcase name="🔍 Search and Filter API Tests › Search Venues API" classname="api-integration.spec.ts" time="1.161">
<failure message="api-integration.spec.ts:582:7 Search Venues API" type="FAILURE">
<![CDATA[  [webkit] › api-integration.spec.ts:582:7 › 🔍 Search and Filter API Tests › Search Venues API ────

    Error: browserContext.newPage: Protocol error (Page.overrideSetting): Unknown setting: FixedBackgroundsPaintRelativeToDocument
]]>
</failure>
</testcase>
<testcase name="🔍 Search and Filter API Tests › Search Vendors API" classname="api-integration.spec.ts" time="1.382">
<failure message="api-integration.spec.ts:591:7 Search Vendors API" type="FAILURE">
<![CDATA[  [webkit] › api-integration.spec.ts:591:7 › 🔍 Search and Filter API Tests › Search Vendors API ───

    Error: browserContext.newPage: Protocol error (Page.overrideSetting): Unknown setting: FixedBackgroundsPaintRelativeToDocument
]]>
</failure>
</testcase>
<testcase name="🔍 Search and Filter API Tests › Filter Venues by Price API" classname="api-integration.spec.ts" time="1.607">
<failure message="api-integration.spec.ts:600:7 Filter Venues by Price API" type="FAILURE">
<![CDATA[  [webkit] › api-integration.spec.ts:600:7 › 🔍 Search and Filter API Tests › Filter Venues by Price API 

    Error: browserContext.newPage: Protocol error (Page.overrideSetting): Unknown setting: FixedBackgroundsPaintRelativeToDocument
]]>
</failure>
</testcase>
<testcase name="📱 Mobile API Tests › Mobile App Data API" classname="api-integration.spec.ts" time="1.475">
<failure message="api-integration.spec.ts:611:7 Mobile App Data API" type="FAILURE">
<![CDATA[  [webkit] › api-integration.spec.ts:611:7 › 📱 Mobile API Tests › Mobile App Data API ─────────────

    Error: browserContext.newPage: Protocol error (Page.overrideSetting): Unknown setting: FixedBackgroundsPaintRelativeToDocument
]]>
</failure>
</testcase>
<testcase name="📱 Mobile API Tests › Mobile Venues API" classname="api-integration.spec.ts" time="1.206">
<failure message="api-integration.spec.ts:625:7 Mobile Venues API" type="FAILURE">
<![CDATA[  [webkit] › api-integration.spec.ts:625:7 › 📱 Mobile API Tests › Mobile Venues API ───────────────

    Error: browserContext.newPage: Protocol error (Page.overrideSetting): Unknown setting: FixedBackgroundsPaintRelativeToDocument
]]>
</failure>
</testcase>
<testcase name="🔔 Notification API Tests › Get Notifications API" classname="api-integration.spec.ts" time="1.148">
<failure message="api-integration.spec.ts:641:7 Get Notifications API" type="FAILURE">
<![CDATA[  [webkit] › api-integration.spec.ts:641:7 › 🔔 Notification API Tests › Get Notifications API ─────

    Error: browserContext.newPage: Protocol error (Page.overrideSetting): Unknown setting: FixedBackgroundsPaintRelativeToDocument
]]>
</failure>
</testcase>
<testcase name="🔔 Notification API Tests › Mark Notification as Read API" classname="api-integration.spec.ts" time="1.274">
<failure message="api-integration.spec.ts:652:7 Mark Notification as Read API" type="FAILURE">
<![CDATA[  [webkit] › api-integration.spec.ts:652:7 › 🔔 Notification API Tests › Mark Notification as Read API 

    Error: browserContext.newPage: Protocol error (Page.overrideSetting): Unknown setting: FixedBackgroundsPaintRelativeToDocument
]]>
</failure>
</testcase>
<testcase name="🛡️ Security and Error Handling API Tests › Unauthorized API Access" classname="api-integration.spec.ts" time="1.025">
<failure message="api-integration.spec.ts:665:7 Unauthorized API Access" type="FAILURE">
<![CDATA[  [webkit] › api-integration.spec.ts:665:7 › 🛡️ Security and Error Handling API Tests › Unauthorized API Access 

    Error: browserContext.newPage: Protocol error (Page.overrideSetting): Unknown setting: FixedBackgroundsPaintRelativeToDocument
]]>
</failure>
</testcase>
<testcase name="🛡️ Security and Error Handling API Tests › Invalid Token API Access" classname="api-integration.spec.ts" time="1.217">
<failure message="api-integration.spec.ts:673:7 Invalid Token API Access" type="FAILURE">
<![CDATA[  [webkit] › api-integration.spec.ts:673:7 › 🛡️ Security and Error Handling API Tests › Invalid Token API Access 

    Error: browserContext.newPage: Protocol error (Page.overrideSetting): Unknown setting: FixedBackgroundsPaintRelativeToDocument
]]>
</failure>
</testcase>
<testcase name="🛡️ Security and Error Handling API Tests › Rate Limiting API" classname="api-integration.spec.ts" time="1.254">
<failure message="api-integration.spec.ts:680:7 Rate Limiting API" type="FAILURE">
<![CDATA[  [webkit] › api-integration.spec.ts:680:7 › 🛡️ Security and Error Handling API Tests › Rate Limiting API 

    Error: browserContext.newPage: Protocol error (Page.overrideSetting): Unknown setting: FixedBackgroundsPaintRelativeToDocument
]]>
</failure>
</testcase>
<testcase name="🛡️ Security and Error Handling API Tests › Input Validation API" classname="api-integration.spec.ts" time="1.702">
<failure message="api-integration.spec.ts:693:7 Input Validation API" type="FAILURE">
<![CDATA[  [webkit] › api-integration.spec.ts:693:7 › 🛡️ Security and Error Handling API Tests › Input Validation API 

    Error: browserContext.newPage: Protocol error (Page.overrideSetting): Unknown setting: FixedBackgroundsPaintRelativeToDocument
]]>
</failure>
</testcase>
<testcase name="📊 Analytics and Monitoring API Tests › Performance Monitoring API" classname="api-integration.spec.ts" time="1.769">
<failure message="api-integration.spec.ts:709:7 Performance Monitoring API" type="FAILURE">
<![CDATA[  [webkit] › api-integration.spec.ts:709:7 › 📊 Analytics and Monitoring API Tests › Performance Monitoring API 

    Error: browserContext.newPage: Protocol error (Page.overrideSetting): Unknown setting: FixedBackgroundsPaintRelativeToDocument
]]>
</failure>
</testcase>
<testcase name="📊 Analytics and Monitoring API Tests › Health Check API" classname="api-integration.spec.ts" time="1.242">
<failure message="api-integration.spec.ts:718:7 Health Check API" type="FAILURE">
<![CDATA[  [webkit] › api-integration.spec.ts:718:7 › 📊 Analytics and Monitoring API Tests › Health Check API 

    Error: browserContext.newPage: Protocol error (Page.overrideSetting): Unknown setting: FixedBackgroundsPaintRelativeToDocument
]]>
</failure>
</testcase>
<testcase name="📊 Analytics and Monitoring API Tests › Error Tracking API" classname="api-integration.spec.ts" time="1.133">
<failure message="api-integration.spec.ts:727:7 Error Tracking API" type="FAILURE">
<![CDATA[  [webkit] › api-integration.spec.ts:727:7 › 📊 Analytics and Monitoring API Tests › Error Tracking API 

    Error: browserContext.newPage: Protocol error (Page.overrideSetting): Unknown setting: FixedBackgroundsPaintRelativeToDocument
]]>
</failure>
</testcase>
</testsuite>
<testsuite name="auth.spec.ts" timestamp="2025-10-22T18:37:21.475Z" hostname="webkit" tests="5" failures="5" skipped="0" time="7.874" errors="0">
<testcase name="Authentication Flows › User registration -&gt; email verification -&gt; login -&gt; logout" classname="auth.spec.ts" time="2.627">
<failure message="auth.spec.ts:5:7 User registration -&gt; email verification -&gt; login -&gt; logout" type="FAILURE">
<![CDATA[  [webkit] › auth.spec.ts:5:7 › Authentication Flows › User registration -> email verification -> login -> logout 

    Error: browserContext.newPage: Protocol error (Page.overrideSetting): Unknown setting: FixedBackgroundsPaintRelativeToDocument
]]>
</failure>
</testcase>
<testcase name="Authentication Flows › Login with invalid credentials should show error" classname="auth.spec.ts" time="1.386">
<failure message="auth.spec.ts:45:7 Login with invalid credentials should show error" type="FAILURE">
<![CDATA[  [webkit] › auth.spec.ts:45:7 › Authentication Flows › Login with invalid credentials should show error 

    Error: browserContext.newPage: Protocol error (Page.overrideSetting): Unknown setting: FixedBackgroundsPaintRelativeToDocument
]]>
</failure>
</testcase>
<testcase name="Authentication Flows › Forgot password flow" classname="auth.spec.ts" time="1.083">
<failure message="auth.spec.ts:54:7 Forgot password flow" type="FAILURE">
<![CDATA[  [webkit] › auth.spec.ts:54:7 › Authentication Flows › Forgot password flow ───────────────────────

    Error: browserContext.newPage: Protocol error (Page.overrideSetting): Unknown setting: FixedBackgroundsPaintRelativeToDocument
]]>
</failure>
</testcase>
<testcase name="Authentication Flows › Social login with Google" classname="auth.spec.ts" time="1.609">
<failure message="auth.spec.ts:70:7 Social login with Google" type="FAILURE">
<![CDATA[  [webkit] › auth.spec.ts:70:7 › Authentication Flows › Social login with Google ───────────────────

    Error: browserContext.newPage: Protocol error (Page.overrideSetting): Unknown setting: FixedBackgroundsPaintRelativeToDocument
]]>
</failure>
</testcase>
<testcase name="Authentication Flows › Two-factor authentication setup" classname="auth.spec.ts" time="1.169">
<failure message="auth.spec.ts:93:7 Two-factor authentication setup" type="FAILURE">
<![CDATA[  [webkit] › auth.spec.ts:93:7 › Authentication Flows › Two-factor authentication setup ────────────

    Error: browserContext.newPage: Protocol error (Page.overrideSetting): Unknown setting: FixedBackgroundsPaintRelativeToDocument
]]>
</failure>
</testcase>
</testsuite>
<testsuite name="booking.spec.ts" timestamp="2025-10-22T18:37:21.475Z" hostname="webkit" tests="6" failures="6" skipped="0" time="11.211" errors="0">
<testcase name="Booking System › Complete booking flow with payment mock" classname="booking.spec.ts" time="1.068">
<failure message="booking.spec.ts:5:7 Complete booking flow with payment mock" type="FAILURE">
<![CDATA[  [webkit] › booking.spec.ts:5:7 › Booking System › Complete booking flow with payment mock ────────

    Error: browserContext.newPage: Protocol error (Page.overrideSetting): Unknown setting: FixedBackgroundsPaintRelativeToDocument
]]>
</failure>
</testcase>
<testcase name="Booking System › Booking modification and cancellation" classname="booking.spec.ts" time="2.136">
<failure message="booking.spec.ts:64:7 Booking modification and cancellation" type="FAILURE">
<![CDATA[  [webkit] › booking.spec.ts:64:7 › Booking System › Booking modification and cancellation ─────────

    Error: browserContext.newPage: Protocol error (Page.overrideSetting): Unknown setting: FixedBackgroundsPaintRelativeToDocument
]]>
</failure>
</testcase>
<testcase name="Booking System › Booking status tracking" classname="booking.spec.ts" time="1.532">
<failure message="booking.spec.ts:110:7 Booking status tracking" type="FAILURE">
<![CDATA[  [webkit] › booking.spec.ts:110:7 › Booking System › Booking status tracking ──────────────────────

    Error: browserContext.newPage: Protocol error (Page.overrideSetting): Unknown setting: FixedBackgroundsPaintRelativeToDocument
]]>
</failure>
</testcase>
<testcase name="Booking System › Vendor booking acceptance workflow" classname="booking.spec.ts" time="2.559">
<failure message="booking.spec.ts:131:7 Vendor booking acceptance workflow" type="FAILURE">
<![CDATA[  [webkit] › booking.spec.ts:131:7 › Booking System › Vendor booking acceptance workflow ───────────

    Error: browserContext.newPage: Protocol error (Page.overrideSetting): Unknown setting: FixedBackgroundsPaintRelativeToDocument
]]>
</failure>
</testcase>
<testcase name="Booking System › Booking communication and messaging" classname="booking.spec.ts" time="2.593">
<failure message="booking.spec.ts:170:7 Booking communication and messaging" type="FAILURE">
<![CDATA[  [webkit] › booking.spec.ts:170:7 › Booking System › Booking communication and messaging ──────────

    Error: browserContext.newPage: Protocol error (Page.overrideSetting): Unknown setting: FixedBackgroundsPaintRelativeToDocument
]]>
</failure>
</testcase>
<testcase name="Booking System › Booking payment and refund processing" classname="booking.spec.ts" time="1.323">
<failure message="booking.spec.ts:191:7 Booking payment and refund processing" type="FAILURE">
<![CDATA[  [webkit] › booking.spec.ts:191:7 › Booking System › Booking payment and refund processing ────────

    Error: browserContext.newPage: Protocol error (Page.overrideSetting): Unknown setting: FixedBackgroundsPaintRelativeToDocument
]]>
</failure>
</testcase>
</testsuite>
<testsuite name="comprehensive-crud.spec.ts" timestamp="2025-10-22T18:37:21.475Z" hostname="webkit" tests="28" failures="28" skipped="0" time="58.911" errors="0">
<testcase name="🔐 Authentication &amp; User Management CRUD › User Registration Flow" classname="comprehensive-crud.spec.ts" time="2.593">
<failure message="comprehensive-crud.spec.ts:52:7 User Registration Flow" type="FAILURE">
<![CDATA[  [webkit] › comprehensive-crud.spec.ts:52:7 › 🔐 Authentication & User Management CRUD › User Registration Flow 

    Error: browserContext.newPage: Protocol error (Page.overrideSetting): Unknown setting: FixedBackgroundsPaintRelativeToDocument
]]>
</failure>
</testcase>
<testcase name="🔐 Authentication &amp; User Management CRUD › User Login Flow" classname="comprehensive-crud.spec.ts" time="2.012">
<failure message="comprehensive-crud.spec.ts:68:7 User Login Flow" type="FAILURE">
<![CDATA[  [webkit] › comprehensive-crud.spec.ts:68:7 › 🔐 Authentication & User Management CRUD › User Login Flow 

    Error: browserContext.newPage: Protocol error (Page.overrideSetting): Unknown setting: FixedBackgroundsPaintRelativeToDocument
]]>
</failure>
</testcase>
<testcase name="🔐 Authentication &amp; User Management CRUD › User Profile CRUD Operations" classname="comprehensive-crud.spec.ts" time="1.133">
<failure message="comprehensive-crud.spec.ts:82:7 User Profile CRUD Operations" type="FAILURE">
<![CDATA[  [webkit] › comprehensive-crud.spec.ts:82:7 › 🔐 Authentication & User Management CRUD › User Profile CRUD Operations 

    Error: browserContext.newPage: Protocol error (Page.overrideSetting): Unknown setting: FixedBackgroundsPaintRelativeToDocument
]]>
</failure>
</testcase>
<testcase name="🔐 Authentication &amp; User Management CRUD › User Settings CRUD Operations" classname="comprehensive-crud.spec.ts" time="2.247">
<failure message="comprehensive-crud.spec.ts:106:7 User Settings CRUD Operations" type="FAILURE">
<![CDATA[  [webkit] › comprehensive-crud.spec.ts:106:7 › 🔐 Authentication & User Management CRUD › User Settings CRUD Operations 

    Error: browserContext.newPage: Protocol error (Page.overrideSetting): Unknown setting: FixedBackgroundsPaintRelativeToDocument
]]>
</failure>
</testcase>
<testcase name="🏢 Vendor Management CRUD › Vendor Registration Flow" classname="comprehensive-crud.spec.ts" time="1.537">
<failure message="comprehensive-crud.spec.ts:131:7 Vendor Registration Flow" type="FAILURE">
<![CDATA[  [webkit] › comprehensive-crud.spec.ts:131:7 › 🏢 Vendor Management CRUD › Vendor Registration Flow 

    Error: browserContext.newPage: Protocol error (Page.overrideSetting): Unknown setting: FixedBackgroundsPaintRelativeToDocument
]]>
</failure>
</testcase>
<testcase name="🏢 Vendor Management CRUD › Vendor Services CRUD Operations" classname="comprehensive-crud.spec.ts" time="2.007">
<failure message="comprehensive-crud.spec.ts:148:7 Vendor Services CRUD Operations" type="FAILURE">
<![CDATA[  [webkit] › comprehensive-crud.spec.ts:148:7 › 🏢 Vendor Management CRUD › Vendor Services CRUD Operations 

    Error: browserContext.newPage: Protocol error (Page.overrideSetting): Unknown setting: FixedBackgroundsPaintRelativeToDocument
]]>
</failure>
</testcase>
<testcase name="🏢 Vendor Management CRUD › Vendor Analytics &amp; Reports" classname="comprehensive-crud.spec.ts" time="1.527">
<failure message="comprehensive-crud.spec.ts:182:7 Vendor Analytics &amp; Reports" type="FAILURE">
<![CDATA[  [webkit] › comprehensive-crud.spec.ts:182:7 › 🏢 Vendor Management CRUD › Vendor Analytics & Reports 

    Error: browserContext.newPage: Protocol error (Page.overrideSetting): Unknown setting: FixedBackgroundsPaintRelativeToDocument
]]>
</failure>
</testcase>
<testcase name="📅 Booking System CRUD › Create Booking Flow" classname="comprehensive-crud.spec.ts" time="2.293">
<failure message="comprehensive-crud.spec.ts:201:7 Create Booking Flow" type="FAILURE">
<![CDATA[  [webkit] › comprehensive-crud.spec.ts:201:7 › 📅 Booking System CRUD › Create Booking Flow ───────

    Error: browserContext.newPage: Protocol error (Page.overrideSetting): Unknown setting: FixedBackgroundsPaintRelativeToDocument
]]>
</failure>
</testcase>
<testcase name="📅 Booking System CRUD › Booking Management CRUD" classname="comprehensive-crud.spec.ts" time="2.16">
<failure message="comprehensive-crud.spec.ts:228:7 Booking Management CRUD" type="FAILURE">
<![CDATA[  [webkit] › comprehensive-crud.spec.ts:228:7 › 📅 Booking System CRUD › Booking Management CRUD ───

    Error: browserContext.newPage: Protocol error (Page.overrideSetting): Unknown setting: FixedBackgroundsPaintRelativeToDocument
]]>
</failure>
</testcase>
<testcase name="📅 Booking System CRUD › Booking Status Tracking" classname="comprehensive-crud.spec.ts" time="1.732">
<failure message="comprehensive-crud.spec.ts:258:7 Booking Status Tracking" type="FAILURE">
<![CDATA[  [webkit] › comprehensive-crud.spec.ts:258:7 › 📅 Booking System CRUD › Booking Status Tracking ───

    Error: browserContext.newPage: Protocol error (Page.overrideSetting): Unknown setting: FixedBackgroundsPaintRelativeToDocument
]]>
</failure>
</testcase>
<testcase name="👥 Wedding Planner CRUD Operations › Planner Client Management" classname="comprehensive-crud.spec.ts" time="1.9">
<failure message="comprehensive-crud.spec.ts:283:7 Planner Client Management" type="FAILURE">
<![CDATA[  [webkit] › comprehensive-crud.spec.ts:283:7 › 👥 Wedding Planner CRUD Operations › Planner Client Management 

    Error: browserContext.newPage: Protocol error (Page.overrideSetting): Unknown setting: FixedBackgroundsPaintRelativeToDocument
]]>
</failure>
</testcase>
<testcase name="👥 Wedding Planner CRUD Operations › Planner Task Management" classname="comprehensive-crud.spec.ts" time="2.149">
<failure message="comprehensive-crud.spec.ts:313:7 Planner Task Management" type="FAILURE">
<![CDATA[  [webkit] › comprehensive-crud.spec.ts:313:7 › 👥 Wedding Planner CRUD Operations › Planner Task Management 

    Error: browserContext.newPage: Protocol error (Page.overrideSetting): Unknown setting: FixedBackgroundsPaintRelativeToDocument
]]>
</failure>
</testcase>
<testcase name="🛡️ RBAC (Role-Based Access Control) Tests › User Role Access Control" classname="comprehensive-crud.spec.ts" time="2.394">
<failure message="comprehensive-crud.spec.ts:342:7 User Role Access Control" type="FAILURE">
<![CDATA[  [webkit] › comprehensive-crud.spec.ts:342:7 › 🛡️ RBAC (Role-Based Access Control) Tests › User Role Access Control 

    Error: browserContext.newPage: Protocol error (Page.overrideSetting): Unknown setting: FixedBackgroundsPaintRelativeToDocument
]]>
</failure>
</testcase>
<testcase name="🛡️ RBAC (Role-Based Access Control) Tests › Vendor Role Access Control" classname="comprehensive-crud.spec.ts" time="2.529">
<failure message="comprehensive-crud.spec.ts:366:7 Vendor Role Access Control" type="FAILURE">
<![CDATA[  [webkit] › comprehensive-crud.spec.ts:366:7 › 🛡️ RBAC (Role-Based Access Control) Tests › Vendor Role Access Control 

    Error: browserContext.newPage: Protocol error (Page.overrideSetting): Unknown setting: FixedBackgroundsPaintRelativeToDocument
]]>
</failure>
</testcase>
<testcase name="🛡️ RBAC (Role-Based Access Control) Tests › Admin Role Access Control" classname="comprehensive-crud.spec.ts" time="2.542">
<failure message="comprehensive-crud.spec.ts:390:7 Admin Role Access Control" type="FAILURE">
<![CDATA[  [webkit] › comprehensive-crud.spec.ts:390:7 › 🛡️ RBAC (Role-Based Access Control) Tests › Admin Role Access Control 

    Error: browserContext.newPage: Protocol error (Page.overrideSetting): Unknown setting: FixedBackgroundsPaintRelativeToDocument
]]>
</failure>
</testcase>
<testcase name="🛡️ RBAC (Role-Based Access Control) Tests › Middleware Route Protection" classname="comprehensive-crud.spec.ts" time="2.742">
<failure message="comprehensive-crud.spec.ts:412:7 Middleware Route Protection" type="FAILURE">
<![CDATA[  [webkit] › comprehensive-crud.spec.ts:412:7 › 🛡️ RBAC (Role-Based Access Control) Tests › Middleware Route Protection 

    Error: browserContext.newPage: Protocol error (Page.overrideSetting): Unknown setting: FixedBackgroundsPaintRelativeToDocument
]]>
</failure>
</testcase>
<testcase name="💳 Payment &amp; Financial CRUD › Payment Processing Flow" classname="comprehensive-crud.spec.ts" time="2.711">
<failure message="comprehensive-crud.spec.ts:426:7 Payment Processing Flow" type="FAILURE">
<![CDATA[  [webkit] › comprehensive-crud.spec.ts:426:7 › 💳 Payment & Financial CRUD › Payment Processing Flow 

    Error: browserContext.newPage: Protocol error (Page.overrideSetting): Unknown setting: FixedBackgroundsPaintRelativeToDocument
]]>
</failure>
</testcase>
<testcase name="💳 Payment &amp; Financial CRUD › Payment History &amp; Management" classname="comprehensive-crud.spec.ts" time="2.365">
<failure message="comprehensive-crud.spec.ts:450:7 Payment History &amp; Management" type="FAILURE">
<![CDATA[  [webkit] › comprehensive-crud.spec.ts:450:7 › 💳 Payment & Financial CRUD › Payment History & Management 

    Error: browserContext.newPage: Protocol error (Page.overrideSetting): Unknown setting: FixedBackgroundsPaintRelativeToDocument
]]>
</failure>
</testcase>
<testcase name="📱 Mobile &amp; Responsive CRUD › Mobile Navigation &amp; CRUD Operations" classname="comprehensive-crud.spec.ts" time="2.34">
<failure message="comprehensive-crud.spec.ts:471:7 Mobile Navigation &amp; CRUD Operations" type="FAILURE">
<![CDATA[  [webkit] › comprehensive-crud.spec.ts:471:7 › 📱 Mobile & Responsive CRUD › Mobile Navigation & CRUD Operations 

    Error: browserContext.newPage: Protocol error (Page.overrideSetting): Unknown setting: FixedBackgroundsPaintRelativeToDocument
]]>
</failure>
</testcase>
<testcase name="🔍 Search &amp; Filter CRUD › Venue Search &amp; Filter Operations" classname="comprehensive-crud.spec.ts" time="2.132">
<failure message="comprehensive-crud.spec.ts:501:7 Venue Search &amp; Filter Operations" type="FAILURE">
<![CDATA[  [webkit] › comprehensive-crud.spec.ts:501:7 › 🔍 Search & Filter CRUD › Venue Search & Filter Operations 

    Error: browserContext.newPage: Protocol error (Page.overrideSetting): Unknown setting: FixedBackgroundsPaintRelativeToDocument
]]>
</failure>
</testcase>
<testcase name="🔍 Search &amp; Filter CRUD › Vendor Search &amp; Filter Operations" classname="comprehensive-crud.spec.ts" time="2.07">
<failure message="comprehensive-crud.spec.ts:518:7 Vendor Search &amp; Filter Operations" type="FAILURE">
<![CDATA[  [webkit] › comprehensive-crud.spec.ts:518:7 › 🔍 Search & Filter CRUD › Vendor Search & Filter Operations 

    Error: browserContext.newPage: Protocol error (Page.overrideSetting): Unknown setting: FixedBackgroundsPaintRelativeToDocument
]]>
</failure>
</testcase>
<testcase name="📊 Analytics &amp; Reporting CRUD › User Analytics Dashboard" classname="comprehensive-crud.spec.ts" time="1.966">
<failure message="comprehensive-crud.spec.ts:535:7 User Analytics Dashboard" type="FAILURE">
<![CDATA[  [webkit] › comprehensive-crud.spec.ts:535:7 › 📊 Analytics & Reporting CRUD › User Analytics Dashboard 

    Error: browserContext.newPage: Protocol error (Page.overrideSetting): Unknown setting: FixedBackgroundsPaintRelativeToDocument
]]>
</failure>
</testcase>
<testcase name="📊 Analytics &amp; Reporting CRUD › Admin Analytics &amp; Reports" classname="comprehensive-crud.spec.ts" time="1.776">
<failure message="comprehensive-crud.spec.ts:552:7 Admin Analytics &amp; Reports" type="FAILURE">
<![CDATA[  [webkit] › comprehensive-crud.spec.ts:552:7 › 📊 Analytics & Reporting CRUD › Admin Analytics & Reports 

    Error: browserContext.newPage: Protocol error (Page.overrideSetting): Unknown setting: FixedBackgroundsPaintRelativeToDocument
]]>
</failure>
</testcase>
<testcase name="🔔 Notification &amp; Communication CRUD › Notification Management" classname="comprehensive-crud.spec.ts" time="1.964">
<failure message="comprehensive-crud.spec.ts:581:7 Notification Management" type="FAILURE">
<![CDATA[  [webkit] › comprehensive-crud.spec.ts:581:7 › 🔔 Notification & Communication CRUD › Notification Management 

    Error: browserContext.newPage: Protocol error (Page.overrideSetting): Unknown setting: FixedBackgroundsPaintRelativeToDocument
]]>
</failure>
</testcase>
<testcase name="🔔 Notification &amp; Communication CRUD › Message System CRUD" classname="comprehensive-crud.spec.ts" time="1.787">
<failure message="comprehensive-crud.spec.ts:605:7 Message System CRUD" type="FAILURE">
<![CDATA[  [webkit] › comprehensive-crud.spec.ts:605:7 › 🔔 Notification & Communication CRUD › Message System CRUD 

    Error: browserContext.newPage: Protocol error (Page.overrideSetting): Unknown setting: FixedBackgroundsPaintRelativeToDocument
]]>
</failure>
</testcase>
<testcase name="🔄 Data Synchronization &amp; Cache CRUD › Data Cache Management" classname="comprehensive-crud.spec.ts" time="2.14">
<failure message="comprehensive-crud.spec.ts:633:7 Data Cache Management" type="FAILURE">
<![CDATA[  [webkit] › comprehensive-crud.spec.ts:633:7 › 🔄 Data Synchronization & Cache CRUD › Data Cache Management 

    Error: browserContext.newPage: Protocol error (Page.overrideSetting): Unknown setting: FixedBackgroundsPaintRelativeToDocument
]]>
</failure>
</testcase>
<testcase name="🛠️ System Administration CRUD › User Management Operations" classname="comprehensive-crud.spec.ts" time="1.859">
<failure message="comprehensive-crud.spec.ts:658:7 User Management Operations" type="FAILURE">
<![CDATA[  [webkit] › comprehensive-crud.spec.ts:658:7 › 🛠️ System Administration CRUD › User Management Operations 

    Error: browserContext.newPage: Protocol error (Page.overrideSetting): Unknown setting: FixedBackgroundsPaintRelativeToDocument
]]>
</failure>
</testcase>
<testcase name="🛠️ System Administration CRUD › System Settings Management" classname="comprehensive-crud.spec.ts" time="2.304">
<failure message="comprehensive-crud.spec.ts:686:7 System Settings Management" type="FAILURE">
<![CDATA[  [webkit] › comprehensive-crud.spec.ts:686:7 › 🛠️ System Administration CRUD › System Settings Management 

    Error: browserContext.newPage: Protocol error (Page.overrideSetting): Unknown setting: FixedBackgroundsPaintRelativeToDocument
]]>
</failure>
</testcase>
</testsuite>
<testsuite name="comprehensive-live-deployment.spec.ts" timestamp="2025-10-22T18:37:21.475Z" hostname="webkit" tests="14" failures="14" skipped="0" time="30.833" errors="0">
<testcase name="🚀 COMPREHENSIVE LIVE DEPLOYMENT TESTING › 🏠 HOMEPAGE - Complete Frontend Testing" classname="comprehensive-live-deployment.spec.ts" time="2.661">
<failure message="comprehensive-live-deployment.spec.ts:39:7 🏠 HOMEPAGE - Complete Frontend Testing" type="FAILURE">
<![CDATA[  [webkit] › comprehensive-live-deployment.spec.ts:39:7 › 🚀 COMPREHENSIVE LIVE DEPLOYMENT TESTING › 🏠 HOMEPAGE - Complete Frontend Testing 

    Error: browserContext.newPage: Protocol error (Page.overrideSetting): Unknown setting: FixedBackgroundsPaintRelativeToDocument
]]>
</failure>
</testcase>
<testcase name="🚀 COMPREHENSIVE LIVE DEPLOYMENT TESTING › 🔐 AUTHENTICATION - Complete Auth Flow Testing" classname="comprehensive-live-deployment.spec.ts" time="1.951">
<failure message="comprehensive-live-deployment.spec.ts:132:7 🔐 AUTHENTICATION - Complete Auth Flow Testing" type="FAILURE">
<![CDATA[  [webkit] › comprehensive-live-deployment.spec.ts:132:7 › 🚀 COMPREHENSIVE LIVE DEPLOYMENT TESTING › 🔐 AUTHENTICATION - Complete Auth Flow Testing 

    Error: browserContext.newPage: Protocol error (Page.overrideSetting): Unknown setting: FixedBackgroundsPaintRelativeToDocument
]]>
</failure>
</testcase>
<testcase name="🚀 COMPREHENSIVE LIVE DEPLOYMENT TESTING › 🏢 VENUES - Complete Venue CRUD Testing" classname="comprehensive-live-deployment.spec.ts" time="1.634">
<failure message="comprehensive-live-deployment.spec.ts:161:7 🏢 VENUES - Complete Venue CRUD Testing" type="FAILURE">
<![CDATA[  [webkit] › comprehensive-live-deployment.spec.ts:161:7 › 🚀 COMPREHENSIVE LIVE DEPLOYMENT TESTING › 🏢 VENUES - Complete Venue CRUD Testing 

    Error: browserContext.newPage: Protocol error (Page.overrideSetting): Unknown setting: FixedBackgroundsPaintRelativeToDocument
]]>
</failure>
</testcase>
<testcase name="🚀 COMPREHENSIVE LIVE DEPLOYMENT TESTING › 🏪 VENDORS - Complete Vendor CRUD Testing" classname="comprehensive-live-deployment.spec.ts" time="1.735">
<failure message="comprehensive-live-deployment.spec.ts:206:7 🏪 VENDORS - Complete Vendor CRUD Testing" type="FAILURE">
<![CDATA[  [webkit] › comprehensive-live-deployment.spec.ts:206:7 › 🚀 COMPREHENSIVE LIVE DEPLOYMENT TESTING › 🏪 VENDORS - Complete Vendor CRUD Testing 

    Error: browserContext.newPage: Protocol error (Page.overrideSetting): Unknown setting: FixedBackgroundsPaintRelativeToDocument
]]>
</failure>
</testcase>
<testcase name="🚀 COMPREHENSIVE LIVE DEPLOYMENT TESTING › 📱 FEED - Complete Social Feed Testing" classname="comprehensive-live-deployment.spec.ts" time="1.553">
<failure message="comprehensive-live-deployment.spec.ts:251:7 📱 FEED - Complete Social Feed Testing" type="FAILURE">
<![CDATA[  [webkit] › comprehensive-live-deployment.spec.ts:251:7 › 🚀 COMPREHENSIVE LIVE DEPLOYMENT TESTING › 📱 FEED - Complete Social Feed Testing 

    Error: browserContext.newPage: Protocol error (Page.overrideSetting): Unknown setting: FixedBackgroundsPaintRelativeToDocument
]]>
</failure>
</testcase>
<testcase name="🚀 COMPREHENSIVE LIVE DEPLOYMENT TESTING › 🖼️ GALLERY - Complete Gallery Testing" classname="comprehensive-live-deployment.spec.ts" time="1.788">
<failure message="comprehensive-live-deployment.spec.ts:295:7 🖼️ GALLERY - Complete Gallery Testing" type="FAILURE">
<![CDATA[  [webkit] › comprehensive-live-deployment.spec.ts:295:7 › 🚀 COMPREHENSIVE LIVE DEPLOYMENT TESTING › 🖼️ GALLERY - Complete Gallery Testing 

    Error: browserContext.newPage: Protocol error (Page.overrideSetting): Unknown setting: FixedBackgroundsPaintRelativeToDocument
]]>
</failure>
</testcase>
<testcase name="🚀 COMPREHENSIVE LIVE DEPLOYMENT TESTING › 📊 DASHBOARD - Complete Dashboard Testing" classname="comprehensive-live-deployment.spec.ts" time="1.847">
<failure message="comprehensive-live-deployment.spec.ts:329:7 📊 DASHBOARD - Complete Dashboard Testing" type="FAILURE">
<![CDATA[  [webkit] › comprehensive-live-deployment.spec.ts:329:7 › 🚀 COMPREHENSIVE LIVE DEPLOYMENT TESTING › 📊 DASHBOARD - Complete Dashboard Testing 

    Error: browserContext.newPage: Protocol error (Page.overrideSetting): Unknown setting: FixedBackgroundsPaintRelativeToDocument
]]>
</failure>
</testcase>
<testcase name="🚀 COMPREHENSIVE LIVE DEPLOYMENT TESTING › 🔧 API ENDPOINTS - Complete API Testing" classname="comprehensive-live-deployment.spec.ts" time="3.207">
<failure message="comprehensive-live-deployment.spec.ts:388:7 🔧 API ENDPOINTS - Complete API Testing" type="FAILURE">
<![CDATA[  [webkit] › comprehensive-live-deployment.spec.ts:388:7 › 🚀 COMPREHENSIVE LIVE DEPLOYMENT TESTING › 🔧 API ENDPOINTS - Complete API Testing 

    Error: browserContext.newPage: Protocol error (Page.overrideSetting): Unknown setting: FixedBackgroundsPaintRelativeToDocument
]]>
</failure>
</testcase>
<testcase name="🚀 COMPREHENSIVE LIVE DEPLOYMENT TESTING › 📱 RESPONSIVE DESIGN - Complete Mobile Testing" classname="comprehensive-live-deployment.spec.ts" time="3.529">
<failure message="comprehensive-live-deployment.spec.ts:414:7 📱 RESPONSIVE DESIGN - Complete Mobile Testing" type="FAILURE">
<![CDATA[  [webkit] › comprehensive-live-deployment.spec.ts:414:7 › 🚀 COMPREHENSIVE LIVE DEPLOYMENT TESTING › 📱 RESPONSIVE DESIGN - Complete Mobile Testing 

    Error: browserContext.newPage: Protocol error (Page.overrideSetting): Unknown setting: FixedBackgroundsPaintRelativeToDocument
]]>
</failure>
</testcase>
<testcase name="🚀 COMPREHENSIVE LIVE DEPLOYMENT TESTING › 🎨 UI COMPONENTS - Complete Component Testing" classname="comprehensive-live-deployment.spec.ts" time="1.778">
<failure message="comprehensive-live-deployment.spec.ts:450:7 🎨 UI COMPONENTS - Complete Component Testing" type="FAILURE">
<![CDATA[  [webkit] › comprehensive-live-deployment.spec.ts:450:7 › 🚀 COMPREHENSIVE LIVE DEPLOYMENT TESTING › 🎨 UI COMPONENTS - Complete Component Testing 

    Error: browserContext.newPage: Protocol error (Page.overrideSetting): Unknown setting: FixedBackgroundsPaintRelativeToDocument
]]>
</failure>
</testcase>
<testcase name="🚀 COMPREHENSIVE LIVE DEPLOYMENT TESTING › ⚡ PERFORMANCE - Complete Performance Testing" classname="comprehensive-live-deployment.spec.ts" time="1.683">
<failure message="comprehensive-live-deployment.spec.ts:485:7 ⚡ PERFORMANCE - Complete Performance Testing" type="FAILURE">
<![CDATA[  [webkit] › comprehensive-live-deployment.spec.ts:485:7 › 🚀 COMPREHENSIVE LIVE DEPLOYMENT TESTING › ⚡ PERFORMANCE - Complete Performance Testing 

    Error: browserContext.newPage: Protocol error (Page.overrideSetting): Unknown setting: FixedBackgroundsPaintRelativeToDocument
]]>
</failure>
</testcase>
<testcase name="🚀 COMPREHENSIVE LIVE DEPLOYMENT TESTING › 🔍 ERROR HANDLING - Complete Error Testing" classname="comprehensive-live-deployment.spec.ts" time="2.564">
<failure message="comprehensive-live-deployment.spec.ts:513:7 🔍 ERROR HANDLING - Complete Error Testing" type="FAILURE">
<![CDATA[  [webkit] › comprehensive-live-deployment.spec.ts:513:7 › 🚀 COMPREHENSIVE LIVE DEPLOYMENT TESTING › 🔍 ERROR HANDLING - Complete Error Testing 

    Error: browserContext.newPage: Protocol error (Page.overrideSetting): Unknown setting: FixedBackgroundsPaintRelativeToDocument
]]>
</failure>
</testcase>
<testcase name="🚀 COMPREHENSIVE LIVE DEPLOYMENT TESTING › 🎯 FINAL INTEGRATION - Complete System Integration" classname="comprehensive-live-deployment.spec.ts" time="2.458">
<failure message="comprehensive-live-deployment.spec.ts:544:7 🎯 FINAL INTEGRATION - Complete System Integration" type="FAILURE">
<![CDATA[  [webkit] › comprehensive-live-deployment.spec.ts:544:7 › 🚀 COMPREHENSIVE LIVE DEPLOYMENT TESTING › 🎯 FINAL INTEGRATION - Complete System Integration 

    Error: browserContext.newPage: Protocol error (Page.overrideSetting): Unknown setting: FixedBackgroundsPaintRelativeToDocument
]]>
</failure>
</testcase>
<testcase name="🚀 LIVE DEPLOYMENT STRESS TESTING › ⚡ STRESS TEST - Multiple Concurrent Operations" classname="comprehensive-live-deployment.spec.ts" time="2.445">
<failure message="comprehensive-live-deployment.spec.ts:584:7 ⚡ STRESS TEST - Multiple Concurrent Operations" type="FAILURE">
<![CDATA[  [webkit] › comprehensive-live-deployment.spec.ts:584:7 › 🚀 LIVE DEPLOYMENT STRESS TESTING › ⚡ STRESS TEST - Multiple Concurrent Operations 

    Error: browserContext.newPage: Protocol error (Page.overrideSetting): Unknown setting: FixedBackgroundsPaintRelativeToDocument
]]>
</failure>
</testcase>
</testsuite>
<testsuite name="payment.spec.ts" timestamp="2025-10-22T18:37:21.475Z" hostname="webkit" tests="7" failures="7" skipped="0" time="13.789" errors="0">
<testcase name="Payment System › Stripe payment integration with mock" classname="payment.spec.ts" time="2.415">
<failure message="payment.spec.ts:5:7 Stripe payment integration with mock" type="FAILURE">
<![CDATA[  [webkit] › payment.spec.ts:5:7 › Payment System › Stripe payment integration with mock ───────────

    Error: browserContext.newPage: Protocol error (Page.overrideSetting): Unknown setting: FixedBackgroundsPaintRelativeToDocument
]]>
</failure>
</testcase>
<testcase name="Payment System › PayHere payment integration" classname="payment.spec.ts" time="2.409">
<failure message="payment.spec.ts:62:7 PayHere payment integration" type="FAILURE">
<![CDATA[  [webkit] › payment.spec.ts:62:7 › Payment System › PayHere payment integration ───────────────────

    Error: browserContext.newPage: Protocol error (Page.overrideSetting): Unknown setting: FixedBackgroundsPaintRelativeToDocument
]]>
</failure>
</testcase>
<testcase name="Payment System › Payment failure handling" classname="payment.spec.ts" time="1.553">
<failure message="payment.spec.ts:101:7 Payment failure handling" type="FAILURE">
<![CDATA[  [webkit] › payment.spec.ts:101:7 › Payment System › Payment failure handling ─────────────────────

    Error: browserContext.newPage: Protocol error (Page.overrideSetting): Unknown setting: FixedBackgroundsPaintRelativeToDocument
]]>
</failure>
</testcase>
<testcase name="Payment System › Payment refund processing" classname="payment.spec.ts" time="1.74">
<failure message="payment.spec.ts:126:7 Payment refund processing" type="FAILURE">
<![CDATA[  [webkit] › payment.spec.ts:126:7 › Payment System › Payment refund processing ────────────────────

    Error: browserContext.newPage: Protocol error (Page.overrideSetting): Unknown setting: FixedBackgroundsPaintRelativeToDocument
]]>
</failure>
</testcase>
<testcase name="Payment System › Payment history and analytics" classname="payment.spec.ts" time="1.576">
<failure message="payment.spec.ts:173:7 Payment history and analytics" type="FAILURE">
<![CDATA[  [webkit] › payment.spec.ts:173:7 › Payment System › Payment history and analytics ────────────────

    Error: browserContext.newPage: Protocol error (Page.overrideSetting): Unknown setting: FixedBackgroundsPaintRelativeToDocument
]]>
</failure>
</testcase>
<testcase name="Payment System › Subscription payment management" classname="payment.spec.ts" time="2.041">
<failure message="payment.spec.ts:195:7 Subscription payment management" type="FAILURE">
<![CDATA[  [webkit] › payment.spec.ts:195:7 › Payment System › Subscription payment management ──────────────

    Error: browserContext.newPage: Protocol error (Page.overrideSetting): Unknown setting: FixedBackgroundsPaintRelativeToDocument
]]>
</failure>
</testcase>
<testcase name="Payment System › Payment webhook handling" classname="payment.spec.ts" time="2.055">
<failure message="payment.spec.ts:231:7 Payment webhook handling" type="FAILURE">
<![CDATA[  [webkit] › payment.spec.ts:231:7 › Payment System › Payment webhook handling ─────────────────────

    Error: browserContext.newPage: Protocol error (Page.overrideSetting): Unknown setting: FixedBackgroundsPaintRelativeToDocument
]]>
</failure>
</testcase>
</testsuite>
<testsuite name="production.spec.ts" timestamp="2025-10-22T18:37:21.475Z" hostname="webkit" tests="6" failures="6" skipped="0" time="17.138" errors="0">
<testcase name="Production Site Tests › Homepage loads correctly" classname="production.spec.ts" time="3.113">
<failure message="production.spec.ts:4:7 Homepage loads correctly" type="FAILURE">
<![CDATA[  [webkit] › production.spec.ts:4:7 › Production Site Tests › Homepage loads correctly ─────────────

    Error: browserContext.newPage: Protocol error (Page.overrideSetting): Unknown setting: FixedBackgroundsPaintRelativeToDocument
]]>
</failure>
</testcase>
<testcase name="Production Site Tests › Navigation works correctly" classname="production.spec.ts" time="2.596">
<failure message="production.spec.ts:19:7 Navigation works correctly" type="FAILURE">
<![CDATA[  [webkit] › production.spec.ts:19:7 › Production Site Tests › Navigation works correctly ──────────

    Error: browserContext.newPage: Protocol error (Page.overrideSetting): Unknown setting: FixedBackgroundsPaintRelativeToDocument
]]>
</failure>
</testcase>
<testcase name="Production Site Tests › Search functionality is present" classname="production.spec.ts" time="3.07">
<failure message="production.spec.ts:37:7 Search functionality is present" type="FAILURE">
<![CDATA[  [webkit] › production.spec.ts:37:7 › Production Site Tests › Search functionality is present ─────

    Error: browserContext.newPage: Protocol error (Page.overrideSetting): Unknown setting: FixedBackgroundsPaintRelativeToDocument
]]>
</failure>
</testcase>
<testcase name="Production Site Tests › Footer links are present" classname="production.spec.ts" time="2.137">
<failure message="production.spec.ts:47:7 Footer links are present" type="FAILURE">
<![CDATA[  [webkit] › production.spec.ts:47:7 › Production Site Tests › Footer links are present ────────────

    Error: browserContext.newPage: Protocol error (Page.overrideSetting): Unknown setting: FixedBackgroundsPaintRelativeToDocument
]]>
</failure>
</testcase>
<testcase name="Production Site Tests › Responsive design works" classname="production.spec.ts" time="3.246">
<failure message="production.spec.ts:61:7 Responsive design works" type="FAILURE">
<![CDATA[  [webkit] › production.spec.ts:61:7 › Production Site Tests › Responsive design works ─────────────

    Error: browserContext.newPage: Protocol error (Page.overrideSetting): Unknown setting: FixedBackgroundsPaintRelativeToDocument
]]>
</failure>
</testcase>
<testcase name="Production Site Tests › Page metadata is correct" classname="production.spec.ts" time="2.976">
<failure message="production.spec.ts:77:7 Page metadata is correct" type="FAILURE">
<![CDATA[  [webkit] › production.spec.ts:77:7 › Production Site Tests › Page metadata is correct ────────────

    Error: browserContext.newPage: Protocol error (Page.overrideSetting): Unknown setting: FixedBackgroundsPaintRelativeToDocument
]]>
</failure>
</testcase>
</testsuite>
<testsuite name="rbac-comprehensive.spec.ts" timestamp="2025-10-22T18:37:21.475Z" hostname="webkit" tests="28" failures="28" skipped="0" time="63.389" errors="0">
<testcase name="🔐 User Role RBAC Tests › User Role - Allowed Access" classname="rbac-comprehensive.spec.ts" time="2.061">
<failure message="rbac-comprehensive.spec.ts:76:7 User Role - Allowed Access" type="FAILURE">
<![CDATA[  [webkit] › rbac-comprehensive.spec.ts:76:7 › 🔐 User Role RBAC Tests › User Role - Allowed Access 

    Error: browserContext.newPage: Protocol error (Page.overrideSetting): Unknown setting: FixedBackgroundsPaintRelativeToDocument
]]>
</failure>
</testcase>
<testcase name="🔐 User Role RBAC Tests › User Role - Navigation Items Visibility" classname="rbac-comprehensive.spec.ts" time="2.327">
<failure message="rbac-comprehensive.spec.ts:106:7 User Role - Navigation Items Visibility" type="FAILURE">
<![CDATA[  [webkit] › rbac-comprehensive.spec.ts:106:7 › 🔐 User Role RBAC Tests › User Role - Navigation Items Visibility 

    Error: browserContext.newPage: Protocol error (Page.overrideSetting): Unknown setting: FixedBackgroundsPaintRelativeToDocument
]]>
</failure>
</testcase>
<testcase name="🔐 User Role RBAC Tests › User Role - Feature Access Control" classname="rbac-comprehensive.spec.ts" time="2.407">
<failure message="rbac-comprehensive.spec.ts:126:7 User Role - Feature Access Control" type="FAILURE">
<![CDATA[  [webkit] › rbac-comprehensive.spec.ts:126:7 › 🔐 User Role RBAC Tests › User Role - Feature Access Control 

    Error: browserContext.newPage: Protocol error (Page.overrideSetting): Unknown setting: FixedBackgroundsPaintRelativeToDocument
]]>
</failure>
</testcase>
<testcase name="🏢 Vendor Role RBAC Tests › Vendor Role - Allowed Access" classname="rbac-comprehensive.spec.ts" time="2.271">
<failure message="rbac-comprehensive.spec.ts:146:7 Vendor Role - Allowed Access" type="FAILURE">
<![CDATA[  [webkit] › rbac-comprehensive.spec.ts:146:7 › 🏢 Vendor Role RBAC Tests › Vendor Role - Allowed Access 

    Error: browserContext.newPage: Protocol error (Page.overrideSetting): Unknown setting: FixedBackgroundsPaintRelativeToDocument
]]>
</failure>
</testcase>
<testcase name="🏢 Vendor Role RBAC Tests › Vendor Role - Navigation Items Visibility" classname="rbac-comprehensive.spec.ts" time="2.348">
<failure message="rbac-comprehensive.spec.ts:175:7 Vendor Role - Navigation Items Visibility" type="FAILURE">
<![CDATA[  [webkit] › rbac-comprehensive.spec.ts:175:7 › 🏢 Vendor Role RBAC Tests › Vendor Role - Navigation Items Visibility 

    Error: browserContext.newPage: Protocol error (Page.overrideSetting): Unknown setting: FixedBackgroundsPaintRelativeToDocument
]]>
</failure>
</testcase>
<testcase name="🏢 Vendor Role RBAC Tests › Vendor Role - Feature Access Control" classname="rbac-comprehensive.spec.ts" time="2.624">
<failure message="rbac-comprehensive.spec.ts:196:7 Vendor Role - Feature Access Control" type="FAILURE">
<![CDATA[  [webkit] › rbac-comprehensive.spec.ts:196:7 › 🏢 Vendor Role RBAC Tests › Vendor Role - Feature Access Control 

    Error: browserContext.newPage: Protocol error (Page.overrideSetting): Unknown setting: FixedBackgroundsPaintRelativeToDocument
]]>
</failure>
</testcase>
<testcase name="👥 Wedding Planner Role RBAC Tests › Wedding Planner Role - Allowed Access" classname="rbac-comprehensive.spec.ts" time="2.978">
<failure message="rbac-comprehensive.spec.ts:220:7 Wedding Planner Role - Allowed Access" type="FAILURE">
<![CDATA[  [webkit] › rbac-comprehensive.spec.ts:220:7 › 👥 Wedding Planner Role RBAC Tests › Wedding Planner Role - Allowed Access 

    Error: browserContext.newPage: Protocol error (Page.overrideSetting): Unknown setting: FixedBackgroundsPaintRelativeToDocument
]]>
</failure>
</testcase>
<testcase name="👥 Wedding Planner Role RBAC Tests › Wedding Planner Role - Navigation Items Visibility" classname="rbac-comprehensive.spec.ts" time="2.6">
<failure message="rbac-comprehensive.spec.ts:249:7 Wedding Planner Role - Navigation Items Visibility" type="FAILURE">
<![CDATA[  [webkit] › rbac-comprehensive.spec.ts:249:7 › 👥 Wedding Planner Role RBAC Tests › Wedding Planner Role - Navigation Items Visibility 

    Error: browserContext.newPage: Protocol error (Page.overrideSetting): Unknown setting: FixedBackgroundsPaintRelativeToDocument
]]>
</failure>
</testcase>
<testcase name="👥 Wedding Planner Role RBAC Tests › Wedding Planner Role - Feature Access Control" classname="rbac-comprehensive.spec.ts" time="2.437">
<failure message="rbac-comprehensive.spec.ts:270:7 Wedding Planner Role - Feature Access Control" type="FAILURE">
<![CDATA[  [webkit] › rbac-comprehensive.spec.ts:270:7 › 👥 Wedding Planner Role RBAC Tests › Wedding Planner Role - Feature Access Control 

    Error: browserContext.newPage: Protocol error (Page.overrideSetting): Unknown setting: FixedBackgroundsPaintRelativeToDocument
]]>
</failure>
</testcase>
<testcase name="👑 Admin Role RBAC Tests › Admin Role - Allowed Access" classname="rbac-comprehensive.spec.ts" time="2.159">
<failure message="rbac-comprehensive.spec.ts:294:7 Admin Role - Allowed Access" type="FAILURE">
<![CDATA[  [webkit] › rbac-comprehensive.spec.ts:294:7 › 👑 Admin Role RBAC Tests › Admin Role - Allowed Access 

    Error: browserContext.newPage: Protocol error (Page.overrideSetting): Unknown setting: FixedBackgroundsPaintRelativeToDocument
]]>
</failure>
</testcase>
<testcase name="👑 Admin Role RBAC Tests › Admin Role - Navigation Items Visibility" classname="rbac-comprehensive.spec.ts" time="2.181">
<failure message="rbac-comprehensive.spec.ts:323:7 Admin Role - Navigation Items Visibility" type="FAILURE">
<![CDATA[  [webkit] › rbac-comprehensive.spec.ts:323:7 › 👑 Admin Role RBAC Tests › Admin Role - Navigation Items Visibility 

    Error: browserContext.newPage: Protocol error (Page.overrideSetting): Unknown setting: FixedBackgroundsPaintRelativeToDocument
]]>
</failure>
</testcase>
<testcase name="👑 Admin Role RBAC Tests › Admin Role - Feature Access Control" classname="rbac-comprehensive.spec.ts" time="1.839">
<failure message="rbac-comprehensive.spec.ts:346:7 Admin Role - Feature Access Control" type="FAILURE">
<![CDATA[  [webkit] › rbac-comprehensive.spec.ts:346:7 › 👑 Admin Role RBAC Tests › Admin Role - Feature Access Control 

    Error: browserContext.newPage: Protocol error (Page.overrideSetting): Unknown setting: FixedBackgroundsPaintRelativeToDocument
]]>
</failure>
</testcase>
<testcase name="🔧 Maintainer Role RBAC Tests › Maintainer Role - Allowed Access" classname="rbac-comprehensive.spec.ts" time="1.944">
<failure message="rbac-comprehensive.spec.ts:372:7 Maintainer Role - Allowed Access" type="FAILURE">
<![CDATA[  [webkit] › rbac-comprehensive.spec.ts:372:7 › 🔧 Maintainer Role RBAC Tests › Maintainer Role - Allowed Access 

    Error: browserContext.newPage: Protocol error (Page.overrideSetting): Unknown setting: FixedBackgroundsPaintRelativeToDocument
]]>
</failure>
</testcase>
<testcase name="🔧 Maintainer Role RBAC Tests › Maintainer Role - Debug Access" classname="rbac-comprehensive.spec.ts" time="1.652">
<failure message="rbac-comprehensive.spec.ts:406:7 Maintainer Role - Debug Access" type="FAILURE">
<![CDATA[  [webkit] › rbac-comprehensive.spec.ts:406:7 › 🔧 Maintainer Role RBAC Tests › Maintainer Role - Debug Access 

    Error: browserContext.newPage: Protocol error (Page.overrideSetting): Unknown setting: FixedBackgroundsPaintRelativeToDocument
]]>
</failure>
</testcase>
<testcase name="🛡️ Middleware Route Protection Tests › Unauthenticated Access Protection" classname="rbac-comprehensive.spec.ts" time="2.588">
<failure message="rbac-comprehensive.spec.ts:420:7 Unauthenticated Access Protection" type="FAILURE">
<![CDATA[  [webkit] › rbac-comprehensive.spec.ts:420:7 › 🛡️ Middleware Route Protection Tests › Unauthenticated Access Protection 

    Error: browserContext.newPage: Protocol error (Page.overrideSetting): Unknown setting: FixedBackgroundsPaintRelativeToDocument
]]>
</failure>
</testcase>
<testcase name="🛡️ Middleware Route Protection Tests › Role-Based Route Protection" classname="rbac-comprehensive.spec.ts" time="2.476">
<failure message="rbac-comprehensive.spec.ts:437:7 Role-Based Route Protection" type="FAILURE">
<![CDATA[  [webkit] › rbac-comprehensive.spec.ts:437:7 › 🛡️ Middleware Route Protection Tests › Role-Based Route Protection 

    Error: browserContext.newPage: Protocol error (Page.overrideSetting): Unknown setting: FixedBackgroundsPaintRelativeToDocument
]]>
</failure>
</testcase>
<testcase name="🔌 API Endpoint Authorization Tests › API Authentication Requirements" classname="rbac-comprehensive.spec.ts" time="2.809">
<failure message="rbac-comprehensive.spec.ts:461:7 API Authentication Requirements" type="FAILURE">
<![CDATA[  [webkit] › rbac-comprehensive.spec.ts:461:7 › 🔌 API Endpoint Authorization Tests › API Authentication Requirements 

    Error: browserContext.newPage: Protocol error (Page.overrideSetting): Unknown setting: FixedBackgroundsPaintRelativeToDocument
]]>
</failure>
</testcase>
<testcase name="🔌 API Endpoint Authorization Tests › API Role-Based Authorization" classname="rbac-comprehensive.spec.ts" time="2.913">
<failure message="rbac-comprehensive.spec.ts:477:7 API Role-Based Authorization" type="FAILURE">
<![CDATA[  [webkit] › rbac-comprehensive.spec.ts:477:7 › 🔌 API Endpoint Authorization Tests › API Role-Based Authorization 

    Error: browserContext.newPage: Protocol error (Page.overrideSetting): Unknown setting: FixedBackgroundsPaintRelativeToDocument
]]>
</failure>
</testcase>
<testcase name="🔌 API Endpoint Authorization Tests › API Permission-Based Authorization" classname="rbac-comprehensive.spec.ts" time="2.812">
<failure message="rbac-comprehensive.spec.ts:494:7 API Permission-Based Authorization" type="FAILURE">
<![CDATA[  [webkit] › rbac-comprehensive.spec.ts:494:7 › 🔌 API Endpoint Authorization Tests › API Permission-Based Authorization 

    Error: browserContext.newPage: Protocol error (Page.overrideSetting): Unknown setting: FixedBackgroundsPaintRelativeToDocument
]]>
</failure>
</testcase>
<testcase name="🎨 UI Component Visibility Tests › Dashboard Components Based on Role" classname="rbac-comprehensive.spec.ts" time="2.371">
<failure message="rbac-comprehensive.spec.ts:511:7 Dashboard Components Based on Role" type="FAILURE">
<![CDATA[  [webkit] › rbac-comprehensive.spec.ts:511:7 › 🎨 UI Component Visibility Tests › Dashboard Components Based on Role 

    Error: browserContext.newPage: Protocol error (Page.overrideSetting): Unknown setting: FixedBackgroundsPaintRelativeToDocument
]]>
</failure>
</testcase>
<testcase name="🎨 UI Component Visibility Tests › Navigation Menu Based on Role" classname="rbac-comprehensive.spec.ts" time="2.165">
<failure message="rbac-comprehensive.spec.ts:525:7 Navigation Menu Based on Role" type="FAILURE">
<![CDATA[  [webkit] › rbac-comprehensive.spec.ts:525:7 › 🎨 UI Component Visibility Tests › Navigation Menu Based on Role 

    Error: browserContext.newPage: Protocol error (Page.overrideSetting): Unknown setting: FixedBackgroundsPaintRelativeToDocument
]]>
</failure>
</testcase>
<testcase name="🎨 UI Component Visibility Tests › Action Buttons Based on Permissions" classname="rbac-comprehensive.spec.ts" time="1.728">
<failure message="rbac-comprehensive.spec.ts:539:7 Action Buttons Based on Permissions" type="FAILURE">
<![CDATA[  [webkit] › rbac-comprehensive.spec.ts:539:7 › 🎨 UI Component Visibility Tests › Action Buttons Based on Permissions 

    Error: browserContext.newPage: Protocol error (Page.overrideSetting): Unknown setting: FixedBackgroundsPaintRelativeToDocument
]]>
</failure>
</testcase>
<testcase name="🔄 Role Switching and Session Management › Role-Based Session Persistence" classname="rbac-comprehensive.spec.ts" time="2.105">
<failure message="rbac-comprehensive.spec.ts:558:7 Role-Based Session Persistence" type="FAILURE">
<![CDATA[  [webkit] › rbac-comprehensive.spec.ts:558:7 › 🔄 Role Switching and Session Management › Role-Based Session Persistence 

    Error: browserContext.newPage: Protocol error (Page.overrideSetting): Unknown setting: FixedBackgroundsPaintRelativeToDocument
]]>
</failure>
</testcase>
<testcase name="🔄 Role Switching and Session Management › Role-Based Data Filtering" classname="rbac-comprehensive.spec.ts" time="1.524">
<failure message="rbac-comprehensive.spec.ts:575:7 Role-Based Data Filtering" type="FAILURE">
<![CDATA[  [webkit] › rbac-comprehensive.spec.ts:575:7 › 🔄 Role Switching and Session Management › Role-Based Data Filtering 

    Error: browserContext.newPage: Protocol error (Page.overrideSetting): Unknown setting: FixedBackgroundsPaintRelativeToDocument
]]>
</failure>
</testcase>
<testcase name="🚨 Security and Error Handling › Unauthorized Access Attempts" classname="rbac-comprehensive.spec.ts" time="2.096">
<failure message="rbac-comprehensive.spec.ts:589:7 Unauthorized Access Attempts" type="FAILURE">
<![CDATA[  [webkit] › rbac-comprehensive.spec.ts:589:7 › 🚨 Security and Error Handling › Unauthorized Access Attempts 

    Error: browserContext.newPage: Protocol error (Page.overrideSetting): Unknown setting: FixedBackgroundsPaintRelativeToDocument
]]>
</failure>
</testcase>
<testcase name="🚨 Security and Error Handling › Permission Denied Handling" classname="rbac-comprehensive.spec.ts" time="2.244">
<failure message="rbac-comprehensive.spec.ts:600:7 Permission Denied Handling" type="FAILURE">
<![CDATA[  [webkit] › rbac-comprehensive.spec.ts:600:7 › 🚨 Security and Error Handling › Permission Denied Handling 

    Error: browserContext.newPage: Protocol error (Page.overrideSetting): Unknown setting: FixedBackgroundsPaintRelativeToDocument
]]>
</failure>
</testcase>
<testcase name="📊 Analytics and Reporting RBAC › Role-Based Analytics Access" classname="rbac-comprehensive.spec.ts" time="2.102">
<failure message="rbac-comprehensive.spec.ts:615:7 Role-Based Analytics Access" type="FAILURE">
<![CDATA[  [webkit] › rbac-comprehensive.spec.ts:615:7 › 📊 Analytics and Reporting RBAC › Role-Based Analytics Access 

    Error: browserContext.newPage: Protocol error (Page.overrideSetting): Unknown setting: FixedBackgroundsPaintRelativeToDocument
]]>
</failure>
</testcase>
<testcase name="📊 Analytics and Reporting RBAC › Data Visibility Based on Role" classname="rbac-comprehensive.spec.ts" time="1.628">
<failure message="rbac-comprehensive.spec.ts:635:7 Data Visibility Based on Role" type="FAILURE">
<![CDATA[  [webkit] › rbac-comprehensive.spec.ts:635:7 › 📊 Analytics and Reporting RBAC › Data Visibility Based on Role 

    Error: browserContext.newPage: Protocol error (Page.overrideSetting): Unknown setting: FixedBackgroundsPaintRelativeToDocument
]]>
</failure>
</testcase>
</testsuite>
<testsuite name="realistic-live-deployment.spec.ts" timestamp="2025-10-22T18:37:21.475Z" hostname="webkit" tests="14" failures="14" skipped="0" time="30.998" errors="0">
<testcase name="🚀 REALISTIC LIVE DEPLOYMENT TESTING › 🏠 HOMEPAGE - Realistic Frontend Testing" classname="realistic-live-deployment.spec.ts" time="2.834">
<failure message="realistic-live-deployment.spec.ts:22:7 🏠 HOMEPAGE - Realistic Frontend Testing" type="FAILURE">
<![CDATA[  [webkit] › realistic-live-deployment.spec.ts:22:7 › 🚀 REALISTIC LIVE DEPLOYMENT TESTING › 🏠 HOMEPAGE - Realistic Frontend Testing 

    Error: browserContext.newPage: Protocol error (Page.overrideSetting): Unknown setting: FixedBackgroundsPaintRelativeToDocument
]]>
</failure>
</testcase>
<testcase name="🚀 REALISTIC LIVE DEPLOYMENT TESTING › 🔐 AUTHENTICATION - Realistic Auth Flow Testing" classname="realistic-live-deployment.spec.ts" time="2.159">
<failure message="realistic-live-deployment.spec.ts:83:7 🔐 AUTHENTICATION - Realistic Auth Flow Testing" type="FAILURE">
<![CDATA[  [webkit] › realistic-live-deployment.spec.ts:83:7 › 🚀 REALISTIC LIVE DEPLOYMENT TESTING › 🔐 AUTHENTICATION - Realistic Auth Flow Testing 

    Error: browserContext.newPage: Protocol error (Page.overrideSetting): Unknown setting: FixedBackgroundsPaintRelativeToDocument
]]>
</failure>
</testcase>
<testcase name="🚀 REALISTIC LIVE DEPLOYMENT TESTING › 🏢 VENUES - Realistic Venue Testing" classname="realistic-live-deployment.spec.ts" time="2.964">
<failure message="realistic-live-deployment.spec.ts:122:7 🏢 VENUES - Realistic Venue Testing" type="FAILURE">
<![CDATA[  [webkit] › realistic-live-deployment.spec.ts:122:7 › 🚀 REALISTIC LIVE DEPLOYMENT TESTING › 🏢 VENUES - Realistic Venue Testing 

    Error: browserContext.newPage: Protocol error (Page.overrideSetting): Unknown setting: FixedBackgroundsPaintRelativeToDocument
]]>
</failure>
</testcase>
<testcase name="🚀 REALISTIC LIVE DEPLOYMENT TESTING › 🏪 VENDORS - Realistic Vendor Testing" classname="realistic-live-deployment.spec.ts" time="3.078">
<failure message="realistic-live-deployment.spec.ts:154:7 🏪 VENDORS - Realistic Vendor Testing" type="FAILURE">
<![CDATA[  [webkit] › realistic-live-deployment.spec.ts:154:7 › 🚀 REALISTIC LIVE DEPLOYMENT TESTING › 🏪 VENDORS - Realistic Vendor Testing 

    Error: browserContext.newPage: Protocol error (Page.overrideSetting): Unknown setting: FixedBackgroundsPaintRelativeToDocument
]]>
</failure>
</testcase>
<testcase name="🚀 REALISTIC LIVE DEPLOYMENT TESTING › 📱 FEED - Realistic Social Feed Testing" classname="realistic-live-deployment.spec.ts" time="1.144">
<failure message="realistic-live-deployment.spec.ts:178:7 📱 FEED - Realistic Social Feed Testing" type="FAILURE">
<![CDATA[  [webkit] › realistic-live-deployment.spec.ts:178:7 › 🚀 REALISTIC LIVE DEPLOYMENT TESTING › 📱 FEED - Realistic Social Feed Testing 

    Error: browserContext.newPage: Protocol error (Page.overrideSetting): Unknown setting: FixedBackgroundsPaintRelativeToDocument
]]>
</failure>
</testcase>
<testcase name="🚀 REALISTIC LIVE DEPLOYMENT TESTING › 🖼️ GALLERY - Realistic Gallery Testing" classname="realistic-live-deployment.spec.ts" time="1.41">
<failure message="realistic-live-deployment.spec.ts:204:7 🖼️ GALLERY - Realistic Gallery Testing" type="FAILURE">
<![CDATA[  [webkit] › realistic-live-deployment.spec.ts:204:7 › 🚀 REALISTIC LIVE DEPLOYMENT TESTING › 🖼️ GALLERY - Realistic Gallery Testing 

    Error: browserContext.newPage: Protocol error (Page.overrideSetting): Unknown setting: FixedBackgroundsPaintRelativeToDocument
]]>
</failure>
</testcase>
<testcase name="🚀 REALISTIC LIVE DEPLOYMENT TESTING › 📊 DASHBOARD - Realistic Dashboard Testing" classname="realistic-live-deployment.spec.ts" time="1.185">
<failure message="realistic-live-deployment.spec.ts:237:7 📊 DASHBOARD - Realistic Dashboard Testing" type="FAILURE">
<![CDATA[  [webkit] › realistic-live-deployment.spec.ts:237:7 › 🚀 REALISTIC LIVE DEPLOYMENT TESTING › 📊 DASHBOARD - Realistic Dashboard Testing 

    Error: browserContext.newPage: Protocol error (Page.overrideSetting): Unknown setting: FixedBackgroundsPaintRelativeToDocument
]]>
</failure>
</testcase>
<testcase name="🚀 REALISTIC LIVE DEPLOYMENT TESTING › 🔧 API ENDPOINTS - Realistic API Testing" classname="realistic-live-deployment.spec.ts" time="2.62">
<failure message="realistic-live-deployment.spec.ts:273:7 🔧 API ENDPOINTS - Realistic API Testing" type="FAILURE">
<![CDATA[  [webkit] › realistic-live-deployment.spec.ts:273:7 › 🚀 REALISTIC LIVE DEPLOYMENT TESTING › 🔧 API ENDPOINTS - Realistic API Testing 

    Error: browserContext.newPage: Protocol error (Page.overrideSetting): Unknown setting: FixedBackgroundsPaintRelativeToDocument
]]>
</failure>
</testcase>
<testcase name="🚀 REALISTIC LIVE DEPLOYMENT TESTING › 📱 RESPONSIVE DESIGN - Realistic Mobile Testing" classname="realistic-live-deployment.spec.ts" time="1.828">
<failure message="realistic-live-deployment.spec.ts:302:7 📱 RESPONSIVE DESIGN - Realistic Mobile Testing" type="FAILURE">
<![CDATA[  [webkit] › realistic-live-deployment.spec.ts:302:7 › 🚀 REALISTIC LIVE DEPLOYMENT TESTING › 📱 RESPONSIVE DESIGN - Realistic Mobile Testing 

    Error: browserContext.newPage: Protocol error (Page.overrideSetting): Unknown setting: FixedBackgroundsPaintRelativeToDocument
]]>
</failure>
</testcase>
<testcase name="🚀 REALISTIC LIVE DEPLOYMENT TESTING › 🎨 UI COMPONENTS - Realistic Component Testing" classname="realistic-live-deployment.spec.ts" time="1.627">
<failure message="realistic-live-deployment.spec.ts:333:7 🎨 UI COMPONENTS - Realistic Component Testing" type="FAILURE">
<![CDATA[  [webkit] › realistic-live-deployment.spec.ts:333:7 › 🚀 REALISTIC LIVE DEPLOYMENT TESTING › 🎨 UI COMPONENTS - Realistic Component Testing 

    Error: browserContext.newPage: Protocol error (Page.overrideSetting): Unknown setting: FixedBackgroundsPaintRelativeToDocument
]]>
</failure>
</testcase>
<testcase name="🚀 REALISTIC LIVE DEPLOYMENT TESTING › ⚡ PERFORMANCE - Realistic Performance Testing" classname="realistic-live-deployment.spec.ts" time="2.538">
<failure message="realistic-live-deployment.spec.ts:371:7 ⚡ PERFORMANCE - Realistic Performance Testing" type="FAILURE">
<![CDATA[  [webkit] › realistic-live-deployment.spec.ts:371:7 › 🚀 REALISTIC LIVE DEPLOYMENT TESTING › ⚡ PERFORMANCE - Realistic Performance Testing 

    Error: browserContext.newPage: Protocol error (Page.overrideSetting): Unknown setting: FixedBackgroundsPaintRelativeToDocument
]]>
</failure>
</testcase>
<testcase name="🚀 REALISTIC LIVE DEPLOYMENT TESTING › 🔍 ERROR HANDLING - Realistic Error Testing" classname="realistic-live-deployment.spec.ts" time="2.534">
<failure message="realistic-live-deployment.spec.ts:407:7 🔍 ERROR HANDLING - Realistic Error Testing" type="FAILURE">
<![CDATA[  [webkit] › realistic-live-deployment.spec.ts:407:7 › 🚀 REALISTIC LIVE DEPLOYMENT TESTING › 🔍 ERROR HANDLING - Realistic Error Testing 

    Error: browserContext.newPage: Protocol error (Page.overrideSetting): Unknown setting: FixedBackgroundsPaintRelativeToDocument
]]>
</failure>
</testcase>
<testcase name="🚀 REALISTIC LIVE DEPLOYMENT TESTING › 🎯 FINAL INTEGRATION - Realistic System Integration" classname="realistic-live-deployment.spec.ts" time="2.487">
<failure message="realistic-live-deployment.spec.ts:433:7 🎯 FINAL INTEGRATION - Realistic System Integration" type="FAILURE">
<![CDATA[  [webkit] › realistic-live-deployment.spec.ts:433:7 › 🚀 REALISTIC LIVE DEPLOYMENT TESTING › 🎯 FINAL INTEGRATION - Realistic System Integration 

    Error: browserContext.newPage: Protocol error (Page.overrideSetting): Unknown setting: FixedBackgroundsPaintRelativeToDocument
]]>
</failure>
</testcase>
<testcase name="🚀 REALISTIC LIVE DEPLOYMENT TESTING › 📊 LIVE DEPLOYMENT STATUS REPORT" classname="realistic-live-deployment.spec.ts" time="2.59">
<failure message="realistic-live-deployment.spec.ts:463:7 📊 LIVE DEPLOYMENT STATUS REPORT" type="FAILURE">
<![CDATA[  [webkit] › realistic-live-deployment.spec.ts:463:7 › 🚀 REALISTIC LIVE DEPLOYMENT TESTING › 📊 LIVE DEPLOYMENT STATUS REPORT 

    Error: browserContext.newPage: Protocol error (Page.overrideSetting): Unknown setting: FixedBackgroundsPaintRelativeToDocument
]]>
</failure>
</testcase>
</testsuite>
<testsuite name="simple.spec.ts" timestamp="2025-10-22T18:37:21.475Z" hostname="webkit" tests="5" failures="5" skipped="0" time="10.323" errors="0">
<testcase name="Simple Production Tests › Homepage loads and has basic content" classname="simple.spec.ts" time="2.062">
<failure message="simple.spec.ts:4:7 Homepage loads and has basic content" type="FAILURE">
<![CDATA[  [webkit] › simple.spec.ts:4:7 › Simple Production Tests › Homepage loads and has basic content ───

    Error: browserContext.newPage: Protocol error (Page.overrideSetting): Unknown setting: FixedBackgroundsPaintRelativeToDocument
]]>
</failure>
</testcase>
<testcase name="Simple Production Tests › Page has navigation elements" classname="simple.spec.ts" time="1.764">
<failure message="simple.spec.ts:17:7 Page has navigation elements" type="FAILURE">
<![CDATA[  [webkit] › simple.spec.ts:17:7 › Simple Production Tests › Page has navigation elements ──────────

    Error: browserContext.newPage: Protocol error (Page.overrideSetting): Unknown setting: FixedBackgroundsPaintRelativeToDocument
]]>
</failure>
</testcase>
<testcase name="Simple Production Tests › Page has footer content" classname="simple.spec.ts" time="2.146">
<failure message="simple.spec.ts:25:7 Page has footer content" type="FAILURE">
<![CDATA[  [webkit] › simple.spec.ts:25:7 › Simple Production Tests › Page has footer content ───────────────

    Error: browserContext.newPage: Protocol error (Page.overrideSetting): Unknown setting: FixedBackgroundsPaintRelativeToDocument
]]>
</failure>
</testcase>
<testcase name="Simple Production Tests › Page is responsive" classname="simple.spec.ts" time="2.439">
<failure message="simple.spec.ts:36:7 Page is responsive" type="FAILURE">
<![CDATA[  [webkit] › simple.spec.ts:36:7 › Simple Production Tests › Page is responsive ────────────────────

    Error: browserContext.newPage: Protocol error (Page.overrideSetting): Unknown setting: FixedBackgroundsPaintRelativeToDocument
]]>
</failure>
</testcase>
<testcase name="Simple Production Tests › Page has correct metadata" classname="simple.spec.ts" time="1.912">
<failure message="simple.spec.ts:52:7 Page has correct metadata" type="FAILURE">
<![CDATA[  [webkit] › simple.spec.ts:52:7 › Simple Production Tests › Page has correct metadata ─────────────

    Error: browserContext.newPage: Protocol error (Page.overrideSetting): Unknown setting: FixedBackgroundsPaintRelativeToDocument
]]>
</failure>
</testcase>
</testsuite>
<testsuite name="user-journey.spec.ts" timestamp="2025-10-22T18:37:21.475Z" hostname="webkit" tests="6" failures="6" skipped="0" time="10.889" errors="0">
<testcase name="💑 Complete Couple Wedding Planning Journey › End-to-End Wedding Planning Journey" classname="user-journey.spec.ts" time="1.305">
<failure message="user-journey.spec.ts:43:7 End-to-End Wedding Planning Journey" type="FAILURE">
<![CDATA[  [webkit] › user-journey.spec.ts:43:7 › 💑 Complete Couple Wedding Planning Journey › End-to-End Wedding Planning Journey 

    Error: browserContext.newPage: Protocol error (Page.overrideSetting): Unknown setting: FixedBackgroundsPaintRelativeToDocument
]]>
</failure>
</testcase>
<testcase name="📸 Vendor Business Journey › Complete Vendor Onboarding and Management Journey" classname="user-journey.spec.ts" time="2.606">
<failure message="user-journey.spec.ts:186:7 Complete Vendor Onboarding and Management Journey" type="FAILURE">
<![CDATA[  [webkit] › user-journey.spec.ts:186:7 › 📸 Vendor Business Journey › Complete Vendor Onboarding and Management Journey 

    Error: browserContext.newPage: Protocol error (Page.overrideSetting): Unknown setting: FixedBackgroundsPaintRelativeToDocument
]]>
</failure>
</testcase>
<testcase name="👰 Wedding Planner Professional Journey › Complete Wedding Planner Workflow" classname="user-journey.spec.ts" time="1.625">
<failure message="user-journey.spec.ts:308:7 Complete Wedding Planner Workflow" type="FAILURE">
<![CDATA[  [webkit] › user-journey.spec.ts:308:7 › 👰 Wedding Planner Professional Journey › Complete Wedding Planner Workflow 

    Error: browserContext.newPage: Protocol error (Page.overrideSetting): Unknown setting: FixedBackgroundsPaintRelativeToDocument
]]>
</failure>
</testcase>
<testcase name="👑 Admin Platform Management Journey › Complete Admin Platform Management" classname="user-journey.spec.ts" time="2.24">
<failure message="user-journey.spec.ts:442:7 Complete Admin Platform Management" type="FAILURE">
<![CDATA[  [webkit] › user-journey.spec.ts:442:7 › 👑 Admin Platform Management Journey › Complete Admin Platform Management 

    Error: browserContext.newPage: Protocol error (Page.overrideSetting): Unknown setting: FixedBackgroundsPaintRelativeToDocument
]]>
</failure>
</testcase>
<testcase name="🔄 Cross-Platform Integration Journey › Mobile and Web Integration" classname="user-journey.spec.ts" time="1.96">
<failure message="user-journey.spec.ts:555:7 Mobile and Web Integration" type="FAILURE">
<![CDATA[  [webkit] › user-journey.spec.ts:555:7 › 🔄 Cross-Platform Integration Journey › Mobile and Web Integration 

    Error: browserContext.newPage: Protocol error (Page.overrideSetting): Unknown setting: FixedBackgroundsPaintRelativeToDocument
]]>
</failure>
</testcase>
<testcase name="🚨 Error Handling and Recovery Journey › Application Error Recovery" classname="user-journey.spec.ts" time="1.153">
<failure message="user-journey.spec.ts:597:7 Application Error Recovery" type="FAILURE">
<![CDATA[  [webkit] › user-journey.spec.ts:597:7 › 🚨 Error Handling and Recovery Journey › Application Error Recovery 

    Error: browserContext.newPage: Protocol error (Page.overrideSetting): Unknown setting: FixedBackgroundsPaintRelativeToDocument
]]>
</failure>
</testcase>
</testsuite>
<testsuite name="vendor.spec.ts" timestamp="2025-10-22T18:37:21.475Z" hostname="webkit" tests="5" failures="5" skipped="0" time="8.264" errors="0">
<testcase name="Vendor Management › Vendor registration and onboarding" classname="vendor.spec.ts" time="1.388">
<failure message="vendor.spec.ts:5:7 Vendor registration and onboarding" type="FAILURE">
<![CDATA[  [webkit] › vendor.spec.ts:5:7 › Vendor Management › Vendor registration and onboarding ───────────

    Error: browserContext.newPage: Protocol error (Page.overrideSetting): Unknown setting: FixedBackgroundsPaintRelativeToDocument
]]>
</failure>
</testcase>
<testcase name="Vendor Management › Vendor service creation and portfolio upload" classname="vendor.spec.ts" time="1.231">
<failure message="vendor.spec.ts:39:7 Vendor service creation and portfolio upload" type="FAILURE">
<![CDATA[  [webkit] › vendor.spec.ts:39:7 › Vendor Management › Vendor service creation and portfolio upload 

    Error: browserContext.newPage: Protocol error (Page.overrideSetting): Unknown setting: FixedBackgroundsPaintRelativeToDocument
]]>
</failure>
</testcase>
<testcase name="Vendor Management › Vendor booking management" classname="vendor.spec.ts" time="2.148">
<failure message="vendor.spec.ts:67:7 Vendor booking management" type="FAILURE">
<![CDATA[  [webkit] › vendor.spec.ts:67:7 › Vendor Management › Vendor booking management ───────────────────

    Error: browserContext.newPage: Protocol error (Page.overrideSetting): Unknown setting: FixedBackgroundsPaintRelativeToDocument
]]>
</failure>
</testcase>
<testcase name="Vendor Management › Vendor profile and portfolio management" classname="vendor.spec.ts" time="2.027">
<failure message="vendor.spec.ts:106:7 Vendor profile and portfolio management" type="FAILURE">
<![CDATA[  [webkit] › vendor.spec.ts:106:7 › Vendor Management › Vendor profile and portfolio management ────

    Error: browserContext.newPage: Protocol error (Page.overrideSetting): Unknown setting: FixedBackgroundsPaintRelativeToDocument
]]>
</failure>
</testcase>
<testcase name="Vendor Management › Vendor analytics and performance tracking" classname="vendor.spec.ts" time="1.47">
<failure message="vendor.spec.ts:127:7 Vendor analytics and performance tracking" type="FAILURE">
<![CDATA[  [webkit] › vendor.spec.ts:127:7 › Vendor Management › Vendor analytics and performance tracking ──

    Error: browserContext.newPage: Protocol error (Page.overrideSetting): Unknown setting: FixedBackgroundsPaintRelativeToDocument
]]>
</failure>
</testcase>
</testsuite>
<testsuite name="venue.spec.ts" timestamp="2025-10-22T18:37:21.475Z" hostname="webkit" tests="6" failures="6" skipped="0" time="13.366" errors="0">
<testcase name="Venue Management › Venue search and filtering" classname="venue.spec.ts" time="2.758">
<failure message="venue.spec.ts:5:7 Venue search and filtering" type="FAILURE">
<![CDATA[  [webkit] › venue.spec.ts:5:7 › Venue Management › Venue search and filtering ─────────────────────

    Error: browserContext.newPage: Protocol error (Page.overrideSetting): Unknown setting: FixedBackgroundsPaintRelativeToDocument
]]>
</failure>
</testcase>
<testcase name="Venue Management › Venue details and booking inquiry" classname="venue.spec.ts" time="2.578">
<failure message="venue.spec.ts:24:7 Venue details and booking inquiry" type="FAILURE">
<![CDATA[  [webkit] › venue.spec.ts:24:7 › Venue Management › Venue details and booking inquiry ─────────────

    Error: browserContext.newPage: Protocol error (Page.overrideSetting): Unknown setting: FixedBackgroundsPaintRelativeToDocument
]]>
</failure>
</testcase>
<testcase name="Venue Management › Venue availability calendar" classname="venue.spec.ts" time="2.466">
<failure message="venue.spec.ts:60:7 Venue availability calendar" type="FAILURE">
<![CDATA[  [webkit] › venue.spec.ts:60:7 › Venue Management › Venue availability calendar ───────────────────

    Error: browserContext.newPage: Protocol error (Page.overrideSetting): Unknown setting: FixedBackgroundsPaintRelativeToDocument
]]>
</failure>
</testcase>
<testcase name="Venue Management › Venue reviews and ratings" classname="venue.spec.ts" time="2.149">
<failure message="venue.spec.ts:73:7 Venue reviews and ratings" type="FAILURE">
<![CDATA[  [webkit] › venue.spec.ts:73:7 › Venue Management › Venue reviews and ratings ─────────────────────

    Error: browserContext.newPage: Protocol error (Page.overrideSetting): Unknown setting: FixedBackgroundsPaintRelativeToDocument
]]>
</failure>
</testcase>
<testcase name="Venue Management › Venue owner management" classname="venue.spec.ts" time="1.663">
<failure message="venue.spec.ts:85:7 Venue owner management" type="FAILURE">
<![CDATA[  [webkit] › venue.spec.ts:85:7 › Venue Management › Venue owner management ────────────────────────

    Error: browserContext.newPage: Protocol error (Page.overrideSetting): Unknown setting: FixedBackgroundsPaintRelativeToDocument
]]>
</failure>
</testcase>
<testcase name="Venue Management › Venue booking management" classname="venue.spec.ts" time="1.752">
<failure message="venue.spec.ts:123:7 Venue booking management" type="FAILURE">
<![CDATA[  [webkit] › venue.spec.ts:123:7 › Venue Management › Venue booking management ─────────────────────

    Error: browserContext.newPage: Protocol error (Page.overrideSetting): Unknown setting: FixedBackgroundsPaintRelativeToDocument
]]>
</failure>
</testcase>
</testsuite>
<testsuite name="api-integration.spec.ts" timestamp="2025-10-22T18:37:21.475Z" hostname="Mobile Chrome" tests="55" failures="49" skipped="0" time="180.564" errors="0">
<testcase name="🔐 Authentication API Tests › User Registration API" classname="api-integration.spec.ts" time="6.861">
<failure message="api-integration.spec.ts:56:7 User Registration API" type="FAILURE">
<![CDATA[  [Mobile Chrome] › api-integration.spec.ts:56:7 › 🔐 Authentication API Tests › User Registration API 

    Error: expect(received).toBe(expected) // Object.is equality

    Expected: 201
    Received: 400

      64 |     });
      65 |     
    > 66 |     expect(response.status()).toBe(201);
         |                               ^
      67 |     const data = await response.json();
      68 |     expect(data.success).toBe(true);
      69 |     expect(data.message).toContain('User registered successfully');
        at /Users/asithalakmal/Documents/web/final project/WeddingLK-next copy/tests/e2e/api-integration.spec.ts:66:31

    attachment #1: screenshot (image/png) ──────────────────────────────────────────────────────────
    ../../test-results/api-integration-🔐-Authent-2e205-Tests-User-Registration-API-Mobile-Chrome/test-failed-1.png
    ────────────────────────────────────────────────────────────────────────────────────────────────

    attachment #2: video (video/webm) ──────────────────────────────────────────────────────────────
    ../../test-results/api-integration-🔐-Authent-2e205-Tests-User-Registration-API-Mobile-Chrome/video.webm
    ────────────────────────────────────────────────────────────────────────────────────────────────
]]>
</failure>
<system-out>
<![CDATA[
[[ATTACHMENT|test-results/api-integration-🔐-Authent-2e205-Tests-User-Registration-API-Mobile-Chrome/test-failed-1.png]]

[[ATTACHMENT|test-results/api-integration-🔐-Authent-2e205-Tests-User-Registration-API-Mobile-Chrome/video.webm]]
]]>
</system-out>
</testcase>
<testcase name="🔐 Authentication API Tests › User Login API" classname="api-integration.spec.ts" time="6.375">
<failure message="api-integration.spec.ts:72:7 User Login API" type="FAILURE">
<![CDATA[  [Mobile Chrome] › api-integration.spec.ts:72:7 › 🔐 Authentication API Tests › User Login API ────

    Error: expect(received).toBe(expected) // Object.is equality

    Expected: 200
    Received: 400

      78 |     });
      79 |     
    > 80 |     expect(response.status()).toBe(200);
         |                               ^
      81 |     const data = await response.json();
      82 |     expect(data.success).toBe(true);
      83 |     expect(data.token).toBeDefined();
        at /Users/asithalakmal/Documents/web/final project/WeddingLK-next copy/tests/e2e/api-integration.spec.ts:80:31

    attachment #1: screenshot (image/png) ──────────────────────────────────────────────────────────
    ../../test-results/api-integration-🔐-Authentication-API-Tests-User-Login-API-Mobile-Chrome/test-failed-1.png
    ────────────────────────────────────────────────────────────────────────────────────────────────

    attachment #2: video (video/webm) ──────────────────────────────────────────────────────────────
    ../../test-results/api-integration-🔐-Authentication-API-Tests-User-Login-API-Mobile-Chrome/video.webm
    ────────────────────────────────────────────────────────────────────────────────────────────────
]]>
</failure>
<system-out>
<![CDATA[
[[ATTACHMENT|test-results/api-integration-🔐-Authentication-API-Tests-User-Login-API-Mobile-Chrome/test-failed-1.png]]

[[ATTACHMENT|test-results/api-integration-🔐-Authentication-API-Tests-User-Login-API-Mobile-Chrome/video.webm]]
]]>
</system-out>
</testcase>
<testcase name="🔐 Authentication API Tests › Invalid Login API" classname="api-integration.spec.ts" time="2.148">
<failure message="api-integration.spec.ts:87:7 Invalid Login API" type="FAILURE">
<![CDATA[  [Mobile Chrome] › api-integration.spec.ts:87:7 › 🔐 Authentication API Tests › Invalid Login API ─

    Error: expect(received).toBe(expected) // Object.is equality

    Expected: 401
    Received: 400

      93 |     });
      94 |     
    > 95 |     expect(response.status()).toBe(401);
         |                               ^
      96 |     const data = await response.json();
      97 |     expect(data.success).toBe(false);
      98 |     expect(data.message).toContain('Invalid credentials');
        at /Users/asithalakmal/Documents/web/final project/WeddingLK-next copy/tests/e2e/api-integration.spec.ts:95:31

    attachment #1: screenshot (image/png) ──────────────────────────────────────────────────────────
    ../../test-results/api-integration-🔐-Authent-4b7fb-API-Tests-Invalid-Login-API-Mobile-Chrome/test-failed-1.png
    ────────────────────────────────────────────────────────────────────────────────────────────────

    attachment #2: video (video/webm) ──────────────────────────────────────────────────────────────
    ../../test-results/api-integration-🔐-Authent-4b7fb-API-Tests-Invalid-Login-API-Mobile-Chrome/video.webm
    ────────────────────────────────────────────────────────────────────────────────────────────────
]]>
</failure>
<system-out>
<![CDATA[
[[ATTACHMENT|test-results/api-integration-🔐-Authent-4b7fb-API-Tests-Invalid-Login-API-Mobile-Chrome/test-failed-1.png]]

[[ATTACHMENT|test-results/api-integration-🔐-Authent-4b7fb-API-Tests-Invalid-Login-API-Mobile-Chrome/video.webm]]
]]>
</system-out>
</testcase>
<testcase name="🔐 Authentication API Tests › Password Reset API" classname="api-integration.spec.ts" time="2.622">
<failure message="api-integration.spec.ts:101:7 Password Reset API" type="FAILURE">
<![CDATA[  [Mobile Chrome] › api-integration.spec.ts:101:7 › 🔐 Authentication API Tests › Password Reset API 

    Error: expect(received).toContain(expected) // indexOf

    Expected substring: "Password reset email sent"
    Received string:    "If an account with that email exists, a password reset link has been sent."

      107 |     const data = await response.json();
      108 |     expect(data.success).toBe(true);
    > 109 |     expect(data.message).toContain('Password reset email sent');
          |                          ^
      110 |   });
      111 |
      112 |   test('Email Verification API', async ({ page }) => {
        at /Users/asithalakmal/Documents/web/final project/WeddingLK-next copy/tests/e2e/api-integration.spec.ts:109:26

    attachment #1: screenshot (image/png) ──────────────────────────────────────────────────────────
    ../../test-results/api-integration-🔐-Authent-64b4c-PI-Tests-Password-Reset-API-Mobile-Chrome/test-failed-1.png
    ────────────────────────────────────────────────────────────────────────────────────────────────

    attachment #2: video (video/webm) ──────────────────────────────────────────────────────────────
    ../../test-results/api-integration-🔐-Authent-64b4c-PI-Tests-Password-Reset-API-Mobile-Chrome/video.webm
    ────────────────────────────────────────────────────────────────────────────────────────────────
]]>
</failure>
<system-out>
<![CDATA[
[[ATTACHMENT|test-results/api-integration-🔐-Authent-64b4c-PI-Tests-Password-Reset-API-Mobile-Chrome/test-failed-1.png]]

[[ATTACHMENT|test-results/api-integration-🔐-Authent-64b4c-PI-Tests-Password-Reset-API-Mobile-Chrome/video.webm]]
]]>
</system-out>
</testcase>
<testcase name="🔐 Authentication API Tests › Email Verification API" classname="api-integration.spec.ts" time="12.582">
<failure message="api-integration.spec.ts:112:7 Email Verification API" type="FAILURE">
<![CDATA[  [Mobile Chrome] › api-integration.spec.ts:112:7 › 🔐 Authentication API Tests › Email Verification API 

    Error: expect(received).toBe(expected) // Object.is equality

    Expected: 200
    Received: 400

      115 |     });
      116 |     
    > 117 |     expect(response.status()).toBe(200);
          |                               ^
      118 |     const data = await response.json();
      119 |     expect(data.success).toBe(true);
      120 |   });
        at /Users/asithalakmal/Documents/web/final project/WeddingLK-next copy/tests/e2e/api-integration.spec.ts:117:31

    attachment #1: screenshot (image/png) ──────────────────────────────────────────────────────────
    ../../test-results/api-integration-🔐-Authent-28344-ests-Email-Verification-API-Mobile-Chrome/test-failed-1.png
    ────────────────────────────────────────────────────────────────────────────────────────────────

    attachment #2: video (video/webm) ──────────────────────────────────────────────────────────────
    ../../test-results/api-integration-🔐-Authent-28344-ests-Email-Verification-API-Mobile-Chrome/video.webm
    ────────────────────────────────────────────────────────────────────────────────────────────────
]]>
</failure>
<system-out>
<![CDATA[
[[ATTACHMENT|test-results/api-integration-🔐-Authent-28344-ests-Email-Verification-API-Mobile-Chrome/test-failed-1.png]]

[[ATTACHMENT|test-results/api-integration-🔐-Authent-28344-ests-Email-Verification-API-Mobile-Chrome/video.webm]]
]]>
</system-out>
</testcase>
<testcase name="👤 User Management API Tests › Get User Profile API" classname="api-integration.spec.ts" time="2.131">
<failure message="api-integration.spec.ts:124:7 Get User Profile API" type="FAILURE">
<![CDATA[  [Mobile Chrome] › api-integration.spec.ts:124:7 › 👤 User Management API Tests › Get User Profile API 

    SyntaxError: Unexpected token 'E', "Error: Thi"... is not valid JSON

      43 |     data: { email, password }
      44 |   });
    > 45 |   const data = await response.json();
         |                ^
      46 |   return data.token;
      47 | }
      48 |
        at getAuthToken (/Users/asithalakmal/Documents/web/final project/WeddingLK-next copy/tests/e2e/api-integration.spec.ts:45:16)
        at /Users/asithalakmal/Documents/web/final project/WeddingLK-next copy/tests/e2e/api-integration.spec.ts:125:19

    attachment #1: screenshot (image/png) ──────────────────────────────────────────────────────────
    ../../test-results/api-integration-👤-User-Ma-c1c93--Tests-Get-User-Profile-API-Mobile-Chrome/test-failed-1.png
    ────────────────────────────────────────────────────────────────────────────────────────────────

    attachment #2: video (video/webm) ──────────────────────────────────────────────────────────────
    ../../test-results/api-integration-👤-User-Ma-c1c93--Tests-Get-User-Profile-API-Mobile-Chrome/video.webm
    ────────────────────────────────────────────────────────────────────────────────────────────────
]]>
</failure>
<system-out>
<![CDATA[
[[ATTACHMENT|test-results/api-integration-👤-User-Ma-c1c93--Tests-Get-User-Profile-API-Mobile-Chrome/test-failed-1.png]]

[[ATTACHMENT|test-results/api-integration-👤-User-Ma-c1c93--Tests-Get-User-Profile-API-Mobile-Chrome/video.webm]]
]]>
</system-out>
</testcase>
<testcase name="👤 User Management API Tests › Update User Profile API" classname="api-integration.spec.ts" time="2.208">
<failure message="api-integration.spec.ts:136:7 Update User Profile API" type="FAILURE">
<![CDATA[  [Mobile Chrome] › api-integration.spec.ts:136:7 › 👤 User Management API Tests › Update User Profile API 

    SyntaxError: Unexpected token 'E', "Error: Thi"... is not valid JSON

      43 |     data: { email, password }
      44 |   });
    > 45 |   const data = await response.json();
         |                ^
      46 |   return data.token;
      47 | }
      48 |
        at getAuthToken (/Users/asithalakmal/Documents/web/final project/WeddingLK-next copy/tests/e2e/api-integration.spec.ts:45:16)
        at /Users/asithalakmal/Documents/web/final project/WeddingLK-next copy/tests/e2e/api-integration.spec.ts:137:19

    attachment #1: screenshot (image/png) ──────────────────────────────────────────────────────────
    ../../test-results/api-integration-👤-User-Ma-6e586-sts-Update-User-Profile-API-Mobile-Chrome/test-failed-1.png
    ────────────────────────────────────────────────────────────────────────────────────────────────

    attachment #2: video (video/webm) ──────────────────────────────────────────────────────────────
    ../../test-results/api-integration-👤-User-Ma-6e586-sts-Update-User-Profile-API-Mobile-Chrome/video.webm
    ────────────────────────────────────────────────────────────────────────────────────────────────
]]>
</failure>
<system-out>
<![CDATA[
[[ATTACHMENT|test-results/api-integration-👤-User-Ma-6e586-sts-Update-User-Profile-API-Mobile-Chrome/test-failed-1.png]]

[[ATTACHMENT|test-results/api-integration-👤-User-Ma-6e586-sts-Update-User-Profile-API-Mobile-Chrome/video.webm]]
]]>
</system-out>
</testcase>
<testcase name="👤 User Management API Tests › Get User Favorites API" classname="api-integration.spec.ts" time="2.214">
<failure message="api-integration.spec.ts:150:7 Get User Favorites API" type="FAILURE">
<![CDATA[  [Mobile Chrome] › api-integration.spec.ts:150:7 › 👤 User Management API Tests › Get User Favorites API 

    SyntaxError: Unexpected token 'E', "Error: Thi"... is not valid JSON

      43 |     data: { email, password }
      44 |   });
    > 45 |   const data = await response.json();
         |                ^
      46 |   return data.token;
      47 | }
      48 |
        at getAuthToken (/Users/asithalakmal/Documents/web/final project/WeddingLK-next copy/tests/e2e/api-integration.spec.ts:45:16)
        at /Users/asithalakmal/Documents/web/final project/WeddingLK-next copy/tests/e2e/api-integration.spec.ts:151:19

    attachment #1: screenshot (image/png) ──────────────────────────────────────────────────────────
    ../../test-results/api-integration-👤-User-Ma-2df14-ests-Get-User-Favorites-API-Mobile-Chrome/test-failed-1.png
    ────────────────────────────────────────────────────────────────────────────────────────────────

    attachment #2: video (video/webm) ──────────────────────────────────────────────────────────────
    ../../test-results/api-integration-👤-User-Ma-2df14-ests-Get-User-Favorites-API-Mobile-Chrome/video.webm
    ────────────────────────────────────────────────────────────────────────────────────────────────
]]>
</failure>
<system-out>
<![CDATA[
[[ATTACHMENT|test-results/api-integration-👤-User-Ma-2df14-ests-Get-User-Favorites-API-Mobile-Chrome/test-failed-1.png]]

[[ATTACHMENT|test-results/api-integration-👤-User-Ma-2df14-ests-Get-User-Favorites-API-Mobile-Chrome/video.webm]]
]]>
</system-out>
</testcase>
<testcase name="👤 User Management API Tests › Add User Favorite API" classname="api-integration.spec.ts" time="2.059">
<failure message="api-integration.spec.ts:161:7 Add User Favorite API" type="FAILURE">
<![CDATA[  [Mobile Chrome] › api-integration.spec.ts:161:7 › 👤 User Management API Tests › Add User Favorite API 

    SyntaxError: Unexpected token 'E', "Error: Thi"... is not valid JSON

      43 |     data: { email, password }
      44 |   });
    > 45 |   const data = await response.json();
         |                ^
      46 |   return data.token;
      47 | }
      48 |
        at getAuthToken (/Users/asithalakmal/Documents/web/final project/WeddingLK-next copy/tests/e2e/api-integration.spec.ts:45:16)
        at /Users/asithalakmal/Documents/web/final project/WeddingLK-next copy/tests/e2e/api-integration.spec.ts:162:19

    attachment #1: screenshot (image/png) ──────────────────────────────────────────────────────────
    ../../test-results/api-integration-👤-User-Ma-0917f-Tests-Add-User-Favorite-API-Mobile-Chrome/test-failed-1.png
    ────────────────────────────────────────────────────────────────────────────────────────────────

    attachment #2: video (video/webm) ──────────────────────────────────────────────────────────────
    ../../test-results/api-integration-👤-User-Ma-0917f-Tests-Add-User-Favorite-API-Mobile-Chrome/video.webm
    ────────────────────────────────────────────────────────────────────────────────────────────────
]]>
</failure>
<system-out>
<![CDATA[
[[ATTACHMENT|test-results/api-integration-👤-User-Ma-0917f-Tests-Add-User-Favorite-API-Mobile-Chrome/test-failed-1.png]]

[[ATTACHMENT|test-results/api-integration-👤-User-Ma-0917f-Tests-Add-User-Favorite-API-Mobile-Chrome/video.webm]]
]]>
</system-out>
</testcase>
<testcase name="🏢 Vendor Management API Tests › Vendor Registration API" classname="api-integration.spec.ts" time="3.348">
<failure message="api-integration.spec.ts:177:7 Vendor Registration API" type="FAILURE">
<![CDATA[  [Mobile Chrome] › api-integration.spec.ts:177:7 › 🏢 Vendor Management API Tests › Vendor Registration API 

    Error: expect(received).toBe(expected) // Object.is equality

    Expected: 201
    Received: 401

      186 |     });
      187 |     
    > 188 |     expect(response.status()).toBe(201);
          |                               ^
      189 |     const data = await response.json();
      190 |     expect(data.success).toBe(true);
      191 |     expect(data.message).toContain('Vendor registration submitted');
        at /Users/asithalakmal/Documents/web/final project/WeddingLK-next copy/tests/e2e/api-integration.spec.ts:188:31

    attachment #1: screenshot (image/png) ──────────────────────────────────────────────────────────
    ../../test-results/api-integration-🏢-Vendor--a5f85-sts-Vendor-Registration-API-Mobile-Chrome/test-failed-1.png
    ────────────────────────────────────────────────────────────────────────────────────────────────

    attachment #2: video (video/webm) ──────────────────────────────────────────────────────────────
    ../../test-results/api-integration-🏢-Vendor--a5f85-sts-Vendor-Registration-API-Mobile-Chrome/video.webm
    ────────────────────────────────────────────────────────────────────────────────────────────────
]]>
</failure>
<system-out>
<![CDATA[
[[ATTACHMENT|test-results/api-integration-🏢-Vendor--a5f85-sts-Vendor-Registration-API-Mobile-Chrome/test-failed-1.png]]

[[ATTACHMENT|test-results/api-integration-🏢-Vendor--a5f85-sts-Vendor-Registration-API-Mobile-Chrome/video.webm]]
]]>
</system-out>
</testcase>
<testcase name="🏢 Vendor Management API Tests › Get Vendor Services API" classname="api-integration.spec.ts" time="3.069">
<failure message="api-integration.spec.ts:194:7 Get Vendor Services API" type="FAILURE">
<![CDATA[  [Mobile Chrome] › api-integration.spec.ts:194:7 › 🏢 Vendor Management API Tests › Get Vendor Services API 

    SyntaxError: Unexpected token 'E', "Error: Thi"... is not valid JSON

      43 |     data: { email, password }
      44 |   });
    > 45 |   const data = await response.json();
         |                ^
      46 |   return data.token;
      47 | }
      48 |
        at getAuthToken (/Users/asithalakmal/Documents/web/final project/WeddingLK-next copy/tests/e2e/api-integration.spec.ts:45:16)
        at /Users/asithalakmal/Documents/web/final project/WeddingLK-next copy/tests/e2e/api-integration.spec.ts:195:19

    attachment #1: screenshot (image/png) ──────────────────────────────────────────────────────────
    ../../test-results/api-integration-🏢-Vendor--4dc71-sts-Get-Vendor-Services-API-Mobile-Chrome/test-failed-1.png
    ────────────────────────────────────────────────────────────────────────────────────────────────

    attachment #2: video (video/webm) ──────────────────────────────────────────────────────────────
    ../../test-results/api-integration-🏢-Vendor--4dc71-sts-Get-Vendor-Services-API-Mobile-Chrome/video.webm
    ────────────────────────────────────────────────────────────────────────────────────────────────
]]>
</failure>
<system-out>
<![CDATA[
[[ATTACHMENT|test-results/api-integration-🏢-Vendor--4dc71-sts-Get-Vendor-Services-API-Mobile-Chrome/test-failed-1.png]]

[[ATTACHMENT|test-results/api-integration-🏢-Vendor--4dc71-sts-Get-Vendor-Services-API-Mobile-Chrome/video.webm]]
]]>
</system-out>
</testcase>
<testcase name="🏢 Vendor Management API Tests › Create Vendor Service API" classname="api-integration.spec.ts" time="2.844">
<failure message="api-integration.spec.ts:205:7 Create Vendor Service API" type="FAILURE">
<![CDATA[  [Mobile Chrome] › api-integration.spec.ts:205:7 › 🏢 Vendor Management API Tests › Create Vendor Service API 

    SyntaxError: Unexpected token 'E', "Error: Thi"... is not valid JSON

      43 |     data: { email, password }
      44 |   });
    > 45 |   const data = await response.json();
         |                ^
      46 |   return data.token;
      47 | }
      48 |
        at getAuthToken (/Users/asithalakmal/Documents/web/final project/WeddingLK-next copy/tests/e2e/api-integration.spec.ts:45:16)
        at /Users/asithalakmal/Documents/web/final project/WeddingLK-next copy/tests/e2e/api-integration.spec.ts:206:19

    attachment #1: screenshot (image/png) ──────────────────────────────────────────────────────────
    ../../test-results/api-integration-🏢-Vendor--32b06-s-Create-Vendor-Service-API-Mobile-Chrome/test-failed-1.png
    ────────────────────────────────────────────────────────────────────────────────────────────────

    attachment #2: video (video/webm) ──────────────────────────────────────────────────────────────
    ../../test-results/api-integration-🏢-Vendor--32b06-s-Create-Vendor-Service-API-Mobile-Chrome/video.webm
    ────────────────────────────────────────────────────────────────────────────────────────────────
]]>
</failure>
<system-out>
<![CDATA[
[[ATTACHMENT|test-results/api-integration-🏢-Vendor--32b06-s-Create-Vendor-Service-API-Mobile-Chrome/test-failed-1.png]]

[[ATTACHMENT|test-results/api-integration-🏢-Vendor--32b06-s-Create-Vendor-Service-API-Mobile-Chrome/video.webm]]
]]>
</system-out>
</testcase>
<testcase name="🏢 Vendor Management API Tests › Update Vendor Service API" classname="api-integration.spec.ts" time="2.456">
<failure message="api-integration.spec.ts:221:7 Update Vendor Service API" type="FAILURE">
<![CDATA[  [Mobile Chrome] › api-integration.spec.ts:221:7 › 🏢 Vendor Management API Tests › Update Vendor Service API 

    SyntaxError: Unexpected token 'E', "Error: Thi"... is not valid JSON

      43 |     data: { email, password }
      44 |   });
    > 45 |   const data = await response.json();
         |                ^
      46 |   return data.token;
      47 | }
      48 |
        at getAuthToken (/Users/asithalakmal/Documents/web/final project/WeddingLK-next copy/tests/e2e/api-integration.spec.ts:45:16)
        at /Users/asithalakmal/Documents/web/final project/WeddingLK-next copy/tests/e2e/api-integration.spec.ts:222:19

    attachment #1: screenshot (image/png) ──────────────────────────────────────────────────────────
    ../../test-results/api-integration-🏢-Vendor--8ad41-s-Update-Vendor-Service-API-Mobile-Chrome/test-failed-1.png
    ────────────────────────────────────────────────────────────────────────────────────────────────

    attachment #2: video (video/webm) ──────────────────────────────────────────────────────────────
    ../../test-results/api-integration-🏢-Vendor--8ad41-s-Update-Vendor-Service-API-Mobile-Chrome/video.webm
    ────────────────────────────────────────────────────────────────────────────────────────────────
]]>
</failure>
<system-out>
<![CDATA[
[[ATTACHMENT|test-results/api-integration-🏢-Vendor--8ad41-s-Update-Vendor-Service-API-Mobile-Chrome/test-failed-1.png]]

[[ATTACHMENT|test-results/api-integration-🏢-Vendor--8ad41-s-Update-Vendor-Service-API-Mobile-Chrome/video.webm]]
]]>
</system-out>
</testcase>
<testcase name="🏢 Vendor Management API Tests › Delete Vendor Service API" classname="api-integration.spec.ts" time="2.853">
<failure message="api-integration.spec.ts:235:7 Delete Vendor Service API" type="FAILURE">
<![CDATA[  [Mobile Chrome] › api-integration.spec.ts:235:7 › 🏢 Vendor Management API Tests › Delete Vendor Service API 

    SyntaxError: Unexpected token 'E', "Error: Thi"... is not valid JSON

      43 |     data: { email, password }
      44 |   });
    > 45 |   const data = await response.json();
         |                ^
      46 |   return data.token;
      47 | }
      48 |
        at getAuthToken (/Users/asithalakmal/Documents/web/final project/WeddingLK-next copy/tests/e2e/api-integration.spec.ts:45:16)
        at /Users/asithalakmal/Documents/web/final project/WeddingLK-next copy/tests/e2e/api-integration.spec.ts:236:19

    attachment #1: screenshot (image/png) ──────────────────────────────────────────────────────────
    ../../test-results/api-integration-🏢-Vendor--3ac39-s-Delete-Vendor-Service-API-Mobile-Chrome/test-failed-1.png
    ────────────────────────────────────────────────────────────────────────────────────────────────

    attachment #2: video (video/webm) ──────────────────────────────────────────────────────────────
    ../../test-results/api-integration-🏢-Vendor--3ac39-s-Delete-Vendor-Service-API-Mobile-Chrome/video.webm
    ────────────────────────────────────────────────────────────────────────────────────────────────
]]>
</failure>
<system-out>
<![CDATA[
[[ATTACHMENT|test-results/api-integration-🏢-Vendor--3ac39-s-Delete-Vendor-Service-API-Mobile-Chrome/test-failed-1.png]]

[[ATTACHMENT|test-results/api-integration-🏢-Vendor--3ac39-s-Delete-Vendor-Service-API-Mobile-Chrome/video.webm]]
]]>
</system-out>
</testcase>
<testcase name="🏢 Vendor Management API Tests › Get Vendor Analytics API" classname="api-integration.spec.ts" time="1.499">
<failure message="api-integration.spec.ts:246:7 Get Vendor Analytics API" type="FAILURE">
<![CDATA[  [Mobile Chrome] › api-integration.spec.ts:246:7 › 🏢 Vendor Management API Tests › Get Vendor Analytics API 

    SyntaxError: Unexpected token 'E', "Error: Thi"... is not valid JSON

      43 |     data: { email, password }
      44 |   });
    > 45 |   const data = await response.json();
         |                ^
      46 |   return data.token;
      47 | }
      48 |
        at getAuthToken (/Users/asithalakmal/Documents/web/final project/WeddingLK-next copy/tests/e2e/api-integration.spec.ts:45:16)
        at /Users/asithalakmal/Documents/web/final project/WeddingLK-next copy/tests/e2e/api-integration.spec.ts:247:19

    attachment #1: screenshot (image/png) ──────────────────────────────────────────────────────────
    ../../test-results/api-integration-🏢-Vendor--6b8fc-ts-Get-Vendor-Analytics-API-Mobile-Chrome/test-failed-1.png
    ────────────────────────────────────────────────────────────────────────────────────────────────

    attachment #2: video (video/webm) ──────────────────────────────────────────────────────────────
    ../../test-results/api-integration-🏢-Vendor--6b8fc-ts-Get-Vendor-Analytics-API-Mobile-Chrome/video.webm
    ────────────────────────────────────────────────────────────────────────────────────────────────
]]>
</failure>
<system-out>
<![CDATA[
[[ATTACHMENT|test-results/api-integration-🏢-Vendor--6b8fc-ts-Get-Vendor-Analytics-API-Mobile-Chrome/test-failed-1.png]]

[[ATTACHMENT|test-results/api-integration-🏢-Vendor--6b8fc-ts-Get-Vendor-Analytics-API-Mobile-Chrome/video.webm]]
]]>
</system-out>
</testcase>
<testcase name="📅 Booking Management API Tests › Create Booking API" classname="api-integration.spec.ts" time="2.417">
<failure message="api-integration.spec.ts:261:7 Create Booking API" type="FAILURE">
<![CDATA[  [Mobile Chrome] › api-integration.spec.ts:261:7 › 📅 Booking Management API Tests › Create Booking API 

    SyntaxError: Unexpected token 'E', "Error: Thi"... is not valid JSON

      43 |     data: { email, password }
      44 |   });
    > 45 |   const data = await response.json();
         |                ^
      46 |   return data.token;
      47 | }
      48 |
        at getAuthToken (/Users/asithalakmal/Documents/web/final project/WeddingLK-next copy/tests/e2e/api-integration.spec.ts:45:16)
        at /Users/asithalakmal/Documents/web/final project/WeddingLK-next copy/tests/e2e/api-integration.spec.ts:262:19

    attachment #1: screenshot (image/png) ──────────────────────────────────────────────────────────
    ../../test-results/api-integration-📅-Booking-f6016-PI-Tests-Create-Booking-API-Mobile-Chrome/test-failed-1.png
    ────────────────────────────────────────────────────────────────────────────────────────────────

    attachment #2: video (video/webm) ──────────────────────────────────────────────────────────────
    ../../test-results/api-integration-📅-Booking-f6016-PI-Tests-Create-Booking-API-Mobile-Chrome/video.webm
    ────────────────────────────────────────────────────────────────────────────────────────────────
]]>
</failure>
<system-out>
<![CDATA[
[[ATTACHMENT|test-results/api-integration-📅-Booking-f6016-PI-Tests-Create-Booking-API-Mobile-Chrome/test-failed-1.png]]

[[ATTACHMENT|test-results/api-integration-📅-Booking-f6016-PI-Tests-Create-Booking-API-Mobile-Chrome/video.webm]]
]]>
</system-out>
</testcase>
<testcase name="📅 Booking Management API Tests › Get User Bookings API" classname="api-integration.spec.ts" time="2.797">
<failure message="api-integration.spec.ts:279:7 Get User Bookings API" type="FAILURE">
<![CDATA[  [Mobile Chrome] › api-integration.spec.ts:279:7 › 📅 Booking Management API Tests › Get User Bookings API 

    SyntaxError: Unexpected token 'E', "Error: Thi"... is not valid JSON

      43 |     data: { email, password }
      44 |   });
    > 45 |   const data = await response.json();
         |                ^
      46 |   return data.token;
      47 | }
      48 |
        at getAuthToken (/Users/asithalakmal/Documents/web/final project/WeddingLK-next copy/tests/e2e/api-integration.spec.ts:45:16)
        at /Users/asithalakmal/Documents/web/final project/WeddingLK-next copy/tests/e2e/api-integration.spec.ts:280:19

    attachment #1: screenshot (image/png) ──────────────────────────────────────────────────────────
    ../../test-results/api-integration-📅-Booking-0e3ce-Tests-Get-User-Bookings-API-Mobile-Chrome/test-failed-1.png
    ────────────────────────────────────────────────────────────────────────────────────────────────

    attachment #2: video (video/webm) ──────────────────────────────────────────────────────────────
    ../../test-results/api-integration-📅-Booking-0e3ce-Tests-Get-User-Bookings-API-Mobile-Chrome/video.webm
    ────────────────────────────────────────────────────────────────────────────────────────────────
]]>
</failure>
<system-out>
<![CDATA[
[[ATTACHMENT|test-results/api-integration-📅-Booking-0e3ce-Tests-Get-User-Bookings-API-Mobile-Chrome/test-failed-1.png]]

[[ATTACHMENT|test-results/api-integration-📅-Booking-0e3ce-Tests-Get-User-Bookings-API-Mobile-Chrome/video.webm]]
]]>
</system-out>
</testcase>
<testcase name="📅 Booking Management API Tests › Update Booking API" classname="api-integration.spec.ts" time="1.76">
<failure message="api-integration.spec.ts:290:7 Update Booking API" type="FAILURE">
<![CDATA[  [Mobile Chrome] › api-integration.spec.ts:290:7 › 📅 Booking Management API Tests › Update Booking API 

    SyntaxError: Unexpected token 'E', "Error: Thi"... is not valid JSON

      43 |     data: { email, password }
      44 |   });
    > 45 |   const data = await response.json();
         |                ^
      46 |   return data.token;
      47 | }
      48 |
        at getAuthToken (/Users/asithalakmal/Documents/web/final project/WeddingLK-next copy/tests/e2e/api-integration.spec.ts:45:16)
        at /Users/asithalakmal/Documents/web/final project/WeddingLK-next copy/tests/e2e/api-integration.spec.ts:291:19

    attachment #1: screenshot (image/png) ──────────────────────────────────────────────────────────
    ../../test-results/api-integration-📅-Booking-a7a44-PI-Tests-Update-Booking-API-Mobile-Chrome/test-failed-1.png
    ────────────────────────────────────────────────────────────────────────────────────────────────

    attachment #2: video (video/webm) ──────────────────────────────────────────────────────────────
    ../../test-results/api-integration-📅-Booking-a7a44-PI-Tests-Update-Booking-API-Mobile-Chrome/video.webm
    ────────────────────────────────────────────────────────────────────────────────────────────────
]]>
</failure>
<system-out>
<![CDATA[
[[ATTACHMENT|test-results/api-integration-📅-Booking-a7a44-PI-Tests-Update-Booking-API-Mobile-Chrome/test-failed-1.png]]

[[ATTACHMENT|test-results/api-integration-📅-Booking-a7a44-PI-Tests-Update-Booking-API-Mobile-Chrome/video.webm]]
]]>
</system-out>
</testcase>
<testcase name="📅 Booking Management API Tests › Cancel Booking API" classname="api-integration.spec.ts" time="1.659">
<failure message="api-integration.spec.ts:304:7 Cancel Booking API" type="FAILURE">
<![CDATA[  [Mobile Chrome] › api-integration.spec.ts:304:7 › 📅 Booking Management API Tests › Cancel Booking API 

    SyntaxError: Unexpected token 'E', "Error: Thi"... is not valid JSON

      43 |     data: { email, password }
      44 |   });
    > 45 |   const data = await response.json();
         |                ^
      46 |   return data.token;
      47 | }
      48 |
        at getAuthToken (/Users/asithalakmal/Documents/web/final project/WeddingLK-next copy/tests/e2e/api-integration.spec.ts:45:16)
        at /Users/asithalakmal/Documents/web/final project/WeddingLK-next copy/tests/e2e/api-integration.spec.ts:305:19

    attachment #1: screenshot (image/png) ──────────────────────────────────────────────────────────
    ../../test-results/api-integration-📅-Booking-7c911-PI-Tests-Cancel-Booking-API-Mobile-Chrome/test-failed-1.png
    ────────────────────────────────────────────────────────────────────────────────────────────────

    attachment #2: video (video/webm) ──────────────────────────────────────────────────────────────
    ../../test-results/api-integration-📅-Booking-7c911-PI-Tests-Cancel-Booking-API-Mobile-Chrome/video.webm
    ────────────────────────────────────────────────────────────────────────────────────────────────
]]>
</failure>
<system-out>
<![CDATA[
[[ATTACHMENT|test-results/api-integration-📅-Booking-7c911-PI-Tests-Cancel-Booking-API-Mobile-Chrome/test-failed-1.png]]

[[ATTACHMENT|test-results/api-integration-📅-Booking-7c911-PI-Tests-Cancel-Booking-API-Mobile-Chrome/video.webm]]
]]>
</system-out>
</testcase>
<testcase name="📅 Booking Management API Tests › Get Vendor Bookings API" classname="api-integration.spec.ts" time="2.763">
<failure message="api-integration.spec.ts:315:7 Get Vendor Bookings API" type="FAILURE">
<![CDATA[  [Mobile Chrome] › api-integration.spec.ts:315:7 › 📅 Booking Management API Tests › Get Vendor Bookings API 

    SyntaxError: Unexpected token 'E', "Error: Thi"... is not valid JSON

      43 |     data: { email, password }
      44 |   });
    > 45 |   const data = await response.json();
         |                ^
      46 |   return data.token;
      47 | }
      48 |
        at getAuthToken (/Users/asithalakmal/Documents/web/final project/WeddingLK-next copy/tests/e2e/api-integration.spec.ts:45:16)
        at /Users/asithalakmal/Documents/web/final project/WeddingLK-next copy/tests/e2e/api-integration.spec.ts:316:19

    attachment #1: screenshot (image/png) ──────────────────────────────────────────────────────────
    ../../test-results/api-integration-📅-Booking-a710b-sts-Get-Vendor-Bookings-API-Mobile-Chrome/test-failed-1.png
    ────────────────────────────────────────────────────────────────────────────────────────────────

    attachment #2: video (video/webm) ──────────────────────────────────────────────────────────────
    ../../test-results/api-integration-📅-Booking-a710b-sts-Get-Vendor-Bookings-API-Mobile-Chrome/video.webm
    ────────────────────────────────────────────────────────────────────────────────────────────────
]]>
</failure>
<system-out>
<![CDATA[
[[ATTACHMENT|test-results/api-integration-📅-Booking-a710b-sts-Get-Vendor-Bookings-API-Mobile-Chrome/test-failed-1.png]]

[[ATTACHMENT|test-results/api-integration-📅-Booking-a710b-sts-Get-Vendor-Bookings-API-Mobile-Chrome/video.webm]]
]]>
</system-out>
</testcase>
<testcase name="📅 Booking Management API Tests › Update Booking Status API" classname="api-integration.spec.ts" time="1.796">
<failure message="api-integration.spec.ts:326:7 Update Booking Status API" type="FAILURE">
<![CDATA[  [Mobile Chrome] › api-integration.spec.ts:326:7 › 📅 Booking Management API Tests › Update Booking Status API 

    SyntaxError: Unexpected token 'E', "Error: Thi"... is not valid JSON

      43 |     data: { email, password }
      44 |   });
    > 45 |   const data = await response.json();
         |                ^
      46 |   return data.token;
      47 | }
      48 |
        at getAuthToken (/Users/asithalakmal/Documents/web/final project/WeddingLK-next copy/tests/e2e/api-integration.spec.ts:45:16)
        at /Users/asithalakmal/Documents/web/final project/WeddingLK-next copy/tests/e2e/api-integration.spec.ts:327:19

    attachment #1: screenshot (image/png) ──────────────────────────────────────────────────────────
    ../../test-results/api-integration-📅-Booking-458f2-s-Update-Booking-Status-API-Mobile-Chrome/test-failed-1.png
    ────────────────────────────────────────────────────────────────────────────────────────────────

    attachment #2: video (video/webm) ──────────────────────────────────────────────────────────────
    ../../test-results/api-integration-📅-Booking-458f2-s-Update-Booking-Status-API-Mobile-Chrome/video.webm
    ────────────────────────────────────────────────────────────────────────────────────────────────
]]>
</failure>
<system-out>
<![CDATA[
[[ATTACHMENT|test-results/api-integration-📅-Booking-458f2-s-Update-Booking-Status-API-Mobile-Chrome/test-failed-1.png]]

[[ATTACHMENT|test-results/api-integration-📅-Booking-458f2-s-Update-Booking-Status-API-Mobile-Chrome/video.webm]]
]]>
</system-out>
</testcase>
<testcase name="🏛️ Venue Management API Tests › Get Venues API" classname="api-integration.spec.ts" time="3.3">
</testcase>
<testcase name="🏛️ Venue Management API Tests › Get Venue by ID API" classname="api-integration.spec.ts" time="1.371">
<failure message="api-integration.spec.ts:350:7 Get Venue by ID API" type="FAILURE">
<![CDATA[  [Mobile Chrome] › api-integration.spec.ts:350:7 › 🏛️ Venue Management API Tests › Get Venue by ID API 

    Error: expect(received).toBe(expected) // Object.is equality

    Expected: 200
    Received: 500

      350 |   test('Get Venue by ID API', async ({ page }) => {
      351 |     const response = await page.request.get('/api/venues/test-venue-id');
    > 352 |     expect(response.status()).toBe(200);
          |                               ^
      353 |     
      354 |     const data = await response.json();
      355 |     expect(data.success).toBe(true);
        at /Users/asithalakmal/Documents/web/final project/WeddingLK-next copy/tests/e2e/api-integration.spec.ts:352:31

    attachment #1: screenshot (image/png) ──────────────────────────────────────────────────────────
    ../../test-results/api-integration-🏛️-Venue--f15e9-I-Tests-Get-Venue-by-ID-API-Mobile-Chrome/test-failed-1.png
    ────────────────────────────────────────────────────────────────────────────────────────────────

    attachment #2: video (video/webm) ──────────────────────────────────────────────────────────────
    ../../test-results/api-integration-🏛️-Venue--f15e9-I-Tests-Get-Venue-by-ID-API-Mobile-Chrome/video.webm
    ────────────────────────────────────────────────────────────────────────────────────────────────
]]>
</failure>
<system-out>
<![CDATA[
[[ATTACHMENT|test-results/api-integration-🏛️-Venue--f15e9-I-Tests-Get-Venue-by-ID-API-Mobile-Chrome/test-failed-1.png]]

[[ATTACHMENT|test-results/api-integration-🏛️-Venue--f15e9-I-Tests-Get-Venue-by-ID-API-Mobile-Chrome/video.webm]]
]]>
</system-out>
</testcase>
<testcase name="🏛️ Venue Management API Tests › Search Venues API" classname="api-integration.spec.ts" time="2.746">
</testcase>
<testcase name="🏛️ Venue Management API Tests › Get Venue Availability API" classname="api-integration.spec.ts" time="1.738">
<failure message="api-integration.spec.ts:368:7 Get Venue Availability API" type="FAILURE">
<![CDATA[  [Mobile Chrome] › api-integration.spec.ts:368:7 › 🏛️ Venue Management API Tests › Get Venue Availability API 

    Error: expect(received).toBe(expected) // Object.is equality

    Expected: 200
    Received: 500

      368 |   test('Get Venue Availability API', async ({ page }) => {
      369 |     const response = await page.request.get('/api/venues/availability?venueId=test-venue-id&date=2024-12-25');
    > 370 |     expect(response.status()).toBe(200);
          |                               ^
      371 |     
      372 |     const data = await response.json();
      373 |     expect(data.success).toBe(true);
        at /Users/asithalakmal/Documents/web/final project/WeddingLK-next copy/tests/e2e/api-integration.spec.ts:370:31

    attachment #1: screenshot (image/png) ──────────────────────────────────────────────────────────
    ../../test-results/api-integration-🏛️-Venue--1dc52--Get-Venue-Availability-API-Mobile-Chrome/test-failed-1.png
    ────────────────────────────────────────────────────────────────────────────────────────────────

    attachment #2: video (video/webm) ──────────────────────────────────────────────────────────────
    ../../test-results/api-integration-🏛️-Venue--1dc52--Get-Venue-Availability-API-Mobile-Chrome/video.webm
    ────────────────────────────────────────────────────────────────────────────────────────────────
]]>
</failure>
<system-out>
<![CDATA[
[[ATTACHMENT|test-results/api-integration-🏛️-Venue--1dc52--Get-Venue-Availability-API-Mobile-Chrome/test-failed-1.png]]

[[ATTACHMENT|test-results/api-integration-🏛️-Venue--1dc52--Get-Venue-Availability-API-Mobile-Chrome/video.webm]]
]]>
</system-out>
</testcase>
<testcase name="💳 Payment API Tests › Create Payment Intent API" classname="api-integration.spec.ts" time="1.278">
<failure message="api-integration.spec.ts:379:7 Create Payment Intent API" type="FAILURE">
<![CDATA[  [Mobile Chrome] › api-integration.spec.ts:379:7 › 💳 Payment API Tests › Create Payment Intent API 

    SyntaxError: Unexpected token 'E', "Error: Thi"... is not valid JSON

      43 |     data: { email, password }
      44 |   });
    > 45 |   const data = await response.json();
         |                ^
      46 |   return data.token;
      47 | }
      48 |
        at getAuthToken (/Users/asithalakmal/Documents/web/final project/WeddingLK-next copy/tests/e2e/api-integration.spec.ts:45:16)
        at /Users/asithalakmal/Documents/web/final project/WeddingLK-next copy/tests/e2e/api-integration.spec.ts:380:19

    attachment #1: screenshot (image/png) ──────────────────────────────────────────────────────────
    ../../test-results/api-integration-💳-Payment-a4c14-s-Create-Payment-Intent-API-Mobile-Chrome/test-failed-1.png
    ────────────────────────────────────────────────────────────────────────────────────────────────

    attachment #2: video (video/webm) ──────────────────────────────────────────────────────────────
    ../../test-results/api-integration-💳-Payment-a4c14-s-Create-Payment-Intent-API-Mobile-Chrome/video.webm
    ────────────────────────────────────────────────────────────────────────────────────────────────
]]>
</failure>
<system-out>
<![CDATA[
[[ATTACHMENT|test-results/api-integration-💳-Payment-a4c14-s-Create-Payment-Intent-API-Mobile-Chrome/test-failed-1.png]]

[[ATTACHMENT|test-results/api-integration-💳-Payment-a4c14-s-Create-Payment-Intent-API-Mobile-Chrome/video.webm]]
]]>
</system-out>
</testcase>
<testcase name="💳 Payment API Tests › Get Payment History API" classname="api-integration.spec.ts" time="2.601">
<failure message="api-integration.spec.ts:394:7 Get Payment History API" type="FAILURE">
<![CDATA[  [Mobile Chrome] › api-integration.spec.ts:394:7 › 💳 Payment API Tests › Get Payment History API ─

    SyntaxError: Unexpected token 'E', "Error: Thi"... is not valid JSON

      43 |     data: { email, password }
      44 |   });
    > 45 |   const data = await response.json();
         |                ^
      46 |   return data.token;
      47 | }
      48 |
        at getAuthToken (/Users/asithalakmal/Documents/web/final project/WeddingLK-next copy/tests/e2e/api-integration.spec.ts:45:16)
        at /Users/asithalakmal/Documents/web/final project/WeddingLK-next copy/tests/e2e/api-integration.spec.ts:395:19

    attachment #1: screenshot (image/png) ──────────────────────────────────────────────────────────
    ../../test-results/api-integration-💳-Payment-API-Tests-Get-Payment-History-API-Mobile-Chrome/test-failed-1.png
    ────────────────────────────────────────────────────────────────────────────────────────────────

    attachment #2: video (video/webm) ──────────────────────────────────────────────────────────────
    ../../test-results/api-integration-💳-Payment-API-Tests-Get-Payment-History-API-Mobile-Chrome/video.webm
    ────────────────────────────────────────────────────────────────────────────────────────────────
]]>
</failure>
<system-out>
<![CDATA[
[[ATTACHMENT|test-results/api-integration-💳-Payment-API-Tests-Get-Payment-History-API-Mobile-Chrome/test-failed-1.png]]

[[ATTACHMENT|test-results/api-integration-💳-Payment-API-Tests-Get-Payment-History-API-Mobile-Chrome/video.webm]]
]]>
</system-out>
</testcase>
<testcase name="💳 Payment API Tests › Get Payment by ID API" classname="api-integration.spec.ts" time="2.265">
<failure message="api-integration.spec.ts:405:7 Get Payment by ID API" type="FAILURE">
<![CDATA[  [Mobile Chrome] › api-integration.spec.ts:405:7 › 💳 Payment API Tests › Get Payment by ID API ───

    SyntaxError: Unexpected token 'E', "Error: Thi"... is not valid JSON

      43 |     data: { email, password }
      44 |   });
    > 45 |   const data = await response.json();
         |                ^
      46 |   return data.token;
      47 | }
      48 |
        at getAuthToken (/Users/asithalakmal/Documents/web/final project/WeddingLK-next copy/tests/e2e/api-integration.spec.ts:45:16)
        at /Users/asithalakmal/Documents/web/final project/WeddingLK-next copy/tests/e2e/api-integration.spec.ts:406:19

    attachment #1: screenshot (image/png) ──────────────────────────────────────────────────────────
    ../../test-results/api-integration-💳-Payment-API-Tests-Get-Payment-by-ID-API-Mobile-Chrome/test-failed-1.png
    ────────────────────────────────────────────────────────────────────────────────────────────────

    attachment #2: video (video/webm) ──────────────────────────────────────────────────────────────
    ../../test-results/api-integration-💳-Payment-API-Tests-Get-Payment-by-ID-API-Mobile-Chrome/video.webm
    ────────────────────────────────────────────────────────────────────────────────────────────────
]]>
</failure>
<system-out>
<![CDATA[
[[ATTACHMENT|test-results/api-integration-💳-Payment-API-Tests-Get-Payment-by-ID-API-Mobile-Chrome/test-failed-1.png]]

[[ATTACHMENT|test-results/api-integration-💳-Payment-API-Tests-Get-Payment-by-ID-API-Mobile-Chrome/video.webm]]
]]>
</system-out>
</testcase>
<testcase name="📊 Dashboard API Tests › Get Dashboard Stats API" classname="api-integration.spec.ts" time="1.614">
<failure message="api-integration.spec.ts:418:7 Get Dashboard Stats API" type="FAILURE">
<![CDATA[  [Mobile Chrome] › api-integration.spec.ts:418:7 › 📊 Dashboard API Tests › Get Dashboard Stats API 

    SyntaxError: Unexpected token 'E', "Error: Thi"... is not valid JSON

      43 |     data: { email, password }
      44 |   });
    > 45 |   const data = await response.json();
         |                ^
      46 |   return data.token;
      47 | }
      48 |
        at getAuthToken (/Users/asithalakmal/Documents/web/final project/WeddingLK-next copy/tests/e2e/api-integration.spec.ts:45:16)
        at /Users/asithalakmal/Documents/web/final project/WeddingLK-next copy/tests/e2e/api-integration.spec.ts:419:19

    attachment #1: screenshot (image/png) ──────────────────────────────────────────────────────────
    ../../test-results/api-integration-📊-Dashboa-bf9ef-sts-Get-Dashboard-Stats-API-Mobile-Chrome/test-failed-1.png
    ────────────────────────────────────────────────────────────────────────────────────────────────

    attachment #2: video (video/webm) ──────────────────────────────────────────────────────────────
    ../../test-results/api-integration-📊-Dashboa-bf9ef-sts-Get-Dashboard-Stats-API-Mobile-Chrome/video.webm
    ────────────────────────────────────────────────────────────────────────────────────────────────
]]>
</failure>
<system-out>
<![CDATA[
[[ATTACHMENT|test-results/api-integration-📊-Dashboa-bf9ef-sts-Get-Dashboard-Stats-API-Mobile-Chrome/test-failed-1.png]]

[[ATTACHMENT|test-results/api-integration-📊-Dashboa-bf9ef-sts-Get-Dashboard-Stats-API-Mobile-Chrome/video.webm]]
]]>
</system-out>
</testcase>
<testcase name="📊 Dashboard API Tests › Get Dashboard Activity API" classname="api-integration.spec.ts" time="1.858">
<failure message="api-integration.spec.ts:431:7 Get Dashboard Activity API" type="FAILURE">
<![CDATA[  [Mobile Chrome] › api-integration.spec.ts:431:7 › 📊 Dashboard API Tests › Get Dashboard Activity API 

    SyntaxError: Unexpected token 'E', "Error: Thi"... is not valid JSON

      43 |     data: { email, password }
      44 |   });
    > 45 |   const data = await response.json();
         |                ^
      46 |   return data.token;
      47 | }
      48 |
        at getAuthToken (/Users/asithalakmal/Documents/web/final project/WeddingLK-next copy/tests/e2e/api-integration.spec.ts:45:16)
        at /Users/asithalakmal/Documents/web/final project/WeddingLK-next copy/tests/e2e/api-integration.spec.ts:432:19

    attachment #1: screenshot (image/png) ──────────────────────────────────────────────────────────
    ../../test-results/api-integration-📊-Dashboa-0cd31--Get-Dashboard-Activity-API-Mobile-Chrome/test-failed-1.png
    ────────────────────────────────────────────────────────────────────────────────────────────────

    attachment #2: video (video/webm) ──────────────────────────────────────────────────────────────
    ../../test-results/api-integration-📊-Dashboa-0cd31--Get-Dashboard-Activity-API-Mobile-Chrome/video.webm
    ────────────────────────────────────────────────────────────────────────────────────────────────
]]>
</failure>
<system-out>
<![CDATA[
[[ATTACHMENT|test-results/api-integration-📊-Dashboa-0cd31--Get-Dashboard-Activity-API-Mobile-Chrome/test-failed-1.png]]

[[ATTACHMENT|test-results/api-integration-📊-Dashboa-0cd31--Get-Dashboard-Activity-API-Mobile-Chrome/video.webm]]
]]>
</system-out>
</testcase>
<testcase name="📊 Dashboard API Tests › Get User Dashboard Stats API" classname="api-integration.spec.ts" time="2.113">
<failure message="api-integration.spec.ts:442:7 Get User Dashboard Stats API" type="FAILURE">
<![CDATA[  [Mobile Chrome] › api-integration.spec.ts:442:7 › 📊 Dashboard API Tests › Get User Dashboard Stats API 

    SyntaxError: Unexpected token 'E', "Error: Thi"... is not valid JSON

      43 |     data: { email, password }
      44 |   });
    > 45 |   const data = await response.json();
         |                ^
      46 |   return data.token;
      47 | }
      48 |
        at getAuthToken (/Users/asithalakmal/Documents/web/final project/WeddingLK-next copy/tests/e2e/api-integration.spec.ts:45:16)
        at /Users/asithalakmal/Documents/web/final project/WeddingLK-next copy/tests/e2e/api-integration.spec.ts:443:19

    attachment #1: screenshot (image/png) ──────────────────────────────────────────────────────────
    ../../test-results/api-integration-📊-Dashboa-f50b7-et-User-Dashboard-Stats-API-Mobile-Chrome/test-failed-1.png
    ────────────────────────────────────────────────────────────────────────────────────────────────

    attachment #2: video (video/webm) ──────────────────────────────────────────────────────────────
    ../../test-results/api-integration-📊-Dashboa-f50b7-et-User-Dashboard-Stats-API-Mobile-Chrome/video.webm
    ────────────────────────────────────────────────────────────────────────────────────────────────
]]>
</failure>
<system-out>
<![CDATA[
[[ATTACHMENT|test-results/api-integration-📊-Dashboa-f50b7-et-User-Dashboard-Stats-API-Mobile-Chrome/test-failed-1.png]]

[[ATTACHMENT|test-results/api-integration-📊-Dashboa-f50b7-et-User-Dashboard-Stats-API-Mobile-Chrome/video.webm]]
]]>
</system-out>
</testcase>
<testcase name="📊 Dashboard API Tests › Get Vendor Dashboard Stats API" classname="api-integration.spec.ts" time="2.667">
<failure message="api-integration.spec.ts:453:7 Get Vendor Dashboard Stats API" type="FAILURE">
<![CDATA[  [Mobile Chrome] › api-integration.spec.ts:453:7 › 📊 Dashboard API Tests › Get Vendor Dashboard Stats API 

    SyntaxError: Unexpected token 'E', "Error: Thi"... is not valid JSON

      43 |     data: { email, password }
      44 |   });
    > 45 |   const data = await response.json();
         |                ^
      46 |   return data.token;
      47 | }
      48 |
        at getAuthToken (/Users/asithalakmal/Documents/web/final project/WeddingLK-next copy/tests/e2e/api-integration.spec.ts:45:16)
        at /Users/asithalakmal/Documents/web/final project/WeddingLK-next copy/tests/e2e/api-integration.spec.ts:454:19

    attachment #1: screenshot (image/png) ──────────────────────────────────────────────────────────
    ../../test-results/api-integration-📊-Dashboa-87572--Vendor-Dashboard-Stats-API-Mobile-Chrome/test-failed-1.png
    ────────────────────────────────────────────────────────────────────────────────────────────────

    attachment #2: video (video/webm) ──────────────────────────────────────────────────────────────
    ../../test-results/api-integration-📊-Dashboa-87572--Vendor-Dashboard-Stats-API-Mobile-Chrome/video.webm
    ────────────────────────────────────────────────────────────────────────────────────────────────
]]>
</failure>
<system-out>
<![CDATA[
[[ATTACHMENT|test-results/api-integration-📊-Dashboa-87572--Vendor-Dashboard-Stats-API-Mobile-Chrome/test-failed-1.png]]

[[ATTACHMENT|test-results/api-integration-📊-Dashboa-87572--Vendor-Dashboard-Stats-API-Mobile-Chrome/video.webm]]
]]>
</system-out>
</testcase>
<testcase name="📊 Dashboard API Tests › Get Admin Dashboard Stats API" classname="api-integration.spec.ts" time="2.162">
<failure message="api-integration.spec.ts:464:7 Get Admin Dashboard Stats API" type="FAILURE">
<![CDATA[  [Mobile Chrome] › api-integration.spec.ts:464:7 › 📊 Dashboard API Tests › Get Admin Dashboard Stats API 

    SyntaxError: Unexpected token 'E', "Error: Thi"... is not valid JSON

      43 |     data: { email, password }
      44 |   });
    > 45 |   const data = await response.json();
         |                ^
      46 |   return data.token;
      47 | }
      48 |
        at getAuthToken (/Users/asithalakmal/Documents/web/final project/WeddingLK-next copy/tests/e2e/api-integration.spec.ts:45:16)
        at /Users/asithalakmal/Documents/web/final project/WeddingLK-next copy/tests/e2e/api-integration.spec.ts:465:19

    attachment #1: screenshot (image/png) ──────────────────────────────────────────────────────────
    ../../test-results/api-integration-📊-Dashboa-9ac1f-t-Admin-Dashboard-Stats-API-Mobile-Chrome/test-failed-1.png
    ────────────────────────────────────────────────────────────────────────────────────────────────

    attachment #2: video (video/webm) ──────────────────────────────────────────────────────────────
    ../../test-results/api-integration-📊-Dashboa-9ac1f-t-Admin-Dashboard-Stats-API-Mobile-Chrome/video.webm
    ────────────────────────────────────────────────────────────────────────────────────────────────
]]>
</failure>
<system-out>
<![CDATA[
[[ATTACHMENT|test-results/api-integration-📊-Dashboa-9ac1f-t-Admin-Dashboard-Stats-API-Mobile-Chrome/test-failed-1.png]]

[[ATTACHMENT|test-results/api-integration-📊-Dashboa-9ac1f-t-Admin-Dashboard-Stats-API-Mobile-Chrome/video.webm]]
]]>
</system-out>
</testcase>
<testcase name="👥 Wedding Planner API Tests › Get Planner Clients API" classname="api-integration.spec.ts" time="2.549">
<failure message="api-integration.spec.ts:477:7 Get Planner Clients API" type="FAILURE">
<![CDATA[  [Mobile Chrome] › api-integration.spec.ts:477:7 › 👥 Wedding Planner API Tests › Get Planner Clients API 

    SyntaxError: Unexpected token 'E', "Error: Thi"... is not valid JSON

      43 |     data: { email, password }
      44 |   });
    > 45 |   const data = await response.json();
         |                ^
      46 |   return data.token;
      47 | }
      48 |
        at getAuthToken (/Users/asithalakmal/Documents/web/final project/WeddingLK-next copy/tests/e2e/api-integration.spec.ts:45:16)
        at /Users/asithalakmal/Documents/web/final project/WeddingLK-next copy/tests/e2e/api-integration.spec.ts:478:19

    attachment #1: screenshot (image/png) ──────────────────────────────────────────────────────────
    ../../test-results/api-integration-👥-Wedding-2c0a3-sts-Get-Planner-Clients-API-Mobile-Chrome/test-failed-1.png
    ────────────────────────────────────────────────────────────────────────────────────────────────

    attachment #2: video (video/webm) ──────────────────────────────────────────────────────────────
    ../../test-results/api-integration-👥-Wedding-2c0a3-sts-Get-Planner-Clients-API-Mobile-Chrome/video.webm
    ────────────────────────────────────────────────────────────────────────────────────────────────
]]>
</failure>
<system-out>
<![CDATA[
[[ATTACHMENT|test-results/api-integration-👥-Wedding-2c0a3-sts-Get-Planner-Clients-API-Mobile-Chrome/test-failed-1.png]]

[[ATTACHMENT|test-results/api-integration-👥-Wedding-2c0a3-sts-Get-Planner-Clients-API-Mobile-Chrome/video.webm]]
]]>
</system-out>
</testcase>
<testcase name="👥 Wedding Planner API Tests › Create Planner Client API" classname="api-integration.spec.ts" time="1.79">
<failure message="api-integration.spec.ts:488:7 Create Planner Client API" type="FAILURE">
<![CDATA[  [Mobile Chrome] › api-integration.spec.ts:488:7 › 👥 Wedding Planner API Tests › Create Planner Client API 

    SyntaxError: Unexpected token 'E', "Error: Thi"... is not valid JSON

      43 |     data: { email, password }
      44 |   });
    > 45 |   const data = await response.json();
         |                ^
      46 |   return data.token;
      47 | }
      48 |
        at getAuthToken (/Users/asithalakmal/Documents/web/final project/WeddingLK-next copy/tests/e2e/api-integration.spec.ts:45:16)
        at /Users/asithalakmal/Documents/web/final project/WeddingLK-next copy/tests/e2e/api-integration.spec.ts:489:19

    attachment #1: screenshot (image/png) ──────────────────────────────────────────────────────────
    ../../test-results/api-integration-👥-Wedding-61866-s-Create-Planner-Client-API-Mobile-Chrome/test-failed-1.png
    ────────────────────────────────────────────────────────────────────────────────────────────────

    attachment #2: video (video/webm) ──────────────────────────────────────────────────────────────
    ../../test-results/api-integration-👥-Wedding-61866-s-Create-Planner-Client-API-Mobile-Chrome/video.webm
    ────────────────────────────────────────────────────────────────────────────────────────────────
]]>
</failure>
<system-out>
<![CDATA[
[[ATTACHMENT|test-results/api-integration-👥-Wedding-61866-s-Create-Planner-Client-API-Mobile-Chrome/test-failed-1.png]]

[[ATTACHMENT|test-results/api-integration-👥-Wedding-61866-s-Create-Planner-Client-API-Mobile-Chrome/video.webm]]
]]>
</system-out>
</testcase>
<testcase name="👥 Wedding Planner API Tests › Get Planner Tasks API" classname="api-integration.spec.ts" time="1.856">
<failure message="api-integration.spec.ts:504:7 Get Planner Tasks API" type="FAILURE">
<![CDATA[  [Mobile Chrome] › api-integration.spec.ts:504:7 › 👥 Wedding Planner API Tests › Get Planner Tasks API 

    SyntaxError: Unexpected token 'E', "Error: Thi"... is not valid JSON

      43 |     data: { email, password }
      44 |   });
    > 45 |   const data = await response.json();
         |                ^
      46 |   return data.token;
      47 | }
      48 |
        at getAuthToken (/Users/asithalakmal/Documents/web/final project/WeddingLK-next copy/tests/e2e/api-integration.spec.ts:45:16)
        at /Users/asithalakmal/Documents/web/final project/WeddingLK-next copy/tests/e2e/api-integration.spec.ts:505:19

    attachment #1: screenshot (image/png) ──────────────────────────────────────────────────────────
    ../../test-results/api-integration-👥-Wedding-8c90f-Tests-Get-Planner-Tasks-API-Mobile-Chrome/test-failed-1.png
    ────────────────────────────────────────────────────────────────────────────────────────────────

    attachment #2: video (video/webm) ──────────────────────────────────────────────────────────────
    ../../test-results/api-integration-👥-Wedding-8c90f-Tests-Get-Planner-Tasks-API-Mobile-Chrome/video.webm
    ────────────────────────────────────────────────────────────────────────────────────────────────
]]>
</failure>
<system-out>
<![CDATA[
[[ATTACHMENT|test-results/api-integration-👥-Wedding-8c90f-Tests-Get-Planner-Tasks-API-Mobile-Chrome/test-failed-1.png]]

[[ATTACHMENT|test-results/api-integration-👥-Wedding-8c90f-Tests-Get-Planner-Tasks-API-Mobile-Chrome/video.webm]]
]]>
</system-out>
</testcase>
<testcase name="👥 Wedding Planner API Tests › Create Planner Task API" classname="api-integration.spec.ts" time="1.976">
<failure message="api-integration.spec.ts:515:7 Create Planner Task API" type="FAILURE">
<![CDATA[  [Mobile Chrome] › api-integration.spec.ts:515:7 › 👥 Wedding Planner API Tests › Create Planner Task API 

    SyntaxError: Unexpected token 'E', "Error: Thi"... is not valid JSON

      43 |     data: { email, password }
      44 |   });
    > 45 |   const data = await response.json();
         |                ^
      46 |   return data.token;
      47 | }
      48 |
        at getAuthToken (/Users/asithalakmal/Documents/web/final project/WeddingLK-next copy/tests/e2e/api-integration.spec.ts:45:16)
        at /Users/asithalakmal/Documents/web/final project/WeddingLK-next copy/tests/e2e/api-integration.spec.ts:516:19

    attachment #1: screenshot (image/png) ──────────────────────────────────────────────────────────
    ../../test-results/api-integration-👥-Wedding-2690c-sts-Create-Planner-Task-API-Mobile-Chrome/test-failed-1.png
    ────────────────────────────────────────────────────────────────────────────────────────────────

    attachment #2: video (video/webm) ──────────────────────────────────────────────────────────────
    ../../test-results/api-integration-👥-Wedding-2690c-sts-Create-Planner-Task-API-Mobile-Chrome/video.webm
    ────────────────────────────────────────────────────────────────────────────────────────────────
]]>
</failure>
<system-out>
<![CDATA[
[[ATTACHMENT|test-results/api-integration-👥-Wedding-2690c-sts-Create-Planner-Task-API-Mobile-Chrome/test-failed-1.png]]

[[ATTACHMENT|test-results/api-integration-👥-Wedding-2690c-sts-Create-Planner-Task-API-Mobile-Chrome/video.webm]]
]]>
</system-out>
</testcase>
<testcase name="👑 Admin Management API Tests › Get All Users API" classname="api-integration.spec.ts" time="2.081">
<failure message="api-integration.spec.ts:534:7 Get All Users API" type="FAILURE">
<![CDATA[  [Mobile Chrome] › api-integration.spec.ts:534:7 › 👑 Admin Management API Tests › Get All Users API 

    SyntaxError: Unexpected token 'E', "Error: Thi"... is not valid JSON

      43 |     data: { email, password }
      44 |   });
    > 45 |   const data = await response.json();
         |                ^
      46 |   return data.token;
      47 | }
      48 |
        at getAuthToken (/Users/asithalakmal/Documents/web/final project/WeddingLK-next copy/tests/e2e/api-integration.spec.ts:45:16)
        at /Users/asithalakmal/Documents/web/final project/WeddingLK-next copy/tests/e2e/api-integration.spec.ts:535:19

    attachment #1: screenshot (image/png) ──────────────────────────────────────────────────────────
    ../../test-results/api-integration-👑-Admin-M-2be62-API-Tests-Get-All-Users-API-Mobile-Chrome/test-failed-1.png
    ────────────────────────────────────────────────────────────────────────────────────────────────

    attachment #2: video (video/webm) ──────────────────────────────────────────────────────────────
    ../../test-results/api-integration-👑-Admin-M-2be62-API-Tests-Get-All-Users-API-Mobile-Chrome/video.webm
    ────────────────────────────────────────────────────────────────────────────────────────────────
]]>
</failure>
<system-out>
<![CDATA[
[[ATTACHMENT|test-results/api-integration-👑-Admin-M-2be62-API-Tests-Get-All-Users-API-Mobile-Chrome/test-failed-1.png]]

[[ATTACHMENT|test-results/api-integration-👑-Admin-M-2be62-API-Tests-Get-All-Users-API-Mobile-Chrome/video.webm]]
]]>
</system-out>
</testcase>
<testcase name="👑 Admin Management API Tests › Get All Vendors API" classname="api-integration.spec.ts" time="1.967">
<failure message="api-integration.spec.ts:545:7 Get All Vendors API" type="FAILURE">
<![CDATA[  [Mobile Chrome] › api-integration.spec.ts:545:7 › 👑 Admin Management API Tests › Get All Vendors API 

    SyntaxError: Unexpected token 'E', "Error: Thi"... is not valid JSON

      43 |     data: { email, password }
      44 |   });
    > 45 |   const data = await response.json();
         |                ^
      46 |   return data.token;
      47 | }
      48 |
        at getAuthToken (/Users/asithalakmal/Documents/web/final project/WeddingLK-next copy/tests/e2e/api-integration.spec.ts:45:16)
        at /Users/asithalakmal/Documents/web/final project/WeddingLK-next copy/tests/e2e/api-integration.spec.ts:546:19

    attachment #1: screenshot (image/png) ──────────────────────────────────────────────────────────
    ../../test-results/api-integration-👑-Admin-M-588b2-I-Tests-Get-All-Vendors-API-Mobile-Chrome/test-failed-1.png
    ────────────────────────────────────────────────────────────────────────────────────────────────

    attachment #2: video (video/webm) ──────────────────────────────────────────────────────────────
    ../../test-results/api-integration-👑-Admin-M-588b2-I-Tests-Get-All-Vendors-API-Mobile-Chrome/video.webm
    ────────────────────────────────────────────────────────────────────────────────────────────────
]]>
</failure>
<system-out>
<![CDATA[
[[ATTACHMENT|test-results/api-integration-👑-Admin-M-588b2-I-Tests-Get-All-Vendors-API-Mobile-Chrome/test-failed-1.png]]

[[ATTACHMENT|test-results/api-integration-👑-Admin-M-588b2-I-Tests-Get-All-Vendors-API-Mobile-Chrome/video.webm]]
]]>
</system-out>
</testcase>
<testcase name="👑 Admin Management API Tests › Update User Role API" classname="api-integration.spec.ts" time="2.065">
<failure message="api-integration.spec.ts:556:7 Update User Role API" type="FAILURE">
<![CDATA[  [Mobile Chrome] › api-integration.spec.ts:556:7 › 👑 Admin Management API Tests › Update User Role API 

    SyntaxError: Unexpected token 'E', "Error: Thi"... is not valid JSON

      43 |     data: { email, password }
      44 |   });
    > 45 |   const data = await response.json();
         |                ^
      46 |   return data.token;
      47 | }
      48 |
        at getAuthToken (/Users/asithalakmal/Documents/web/final project/WeddingLK-next copy/tests/e2e/api-integration.spec.ts:45:16)
        at /Users/asithalakmal/Documents/web/final project/WeddingLK-next copy/tests/e2e/api-integration.spec.ts:557:19

    attachment #1: screenshot (image/png) ──────────────────────────────────────────────────────────
    ../../test-results/api-integration-👑-Admin-M-426c4--Tests-Update-User-Role-API-Mobile-Chrome/test-failed-1.png
    ────────────────────────────────────────────────────────────────────────────────────────────────

    attachment #2: video (video/webm) ──────────────────────────────────────────────────────────────
    ../../test-results/api-integration-👑-Admin-M-426c4--Tests-Update-User-Role-API-Mobile-Chrome/video.webm
    ────────────────────────────────────────────────────────────────────────────────────────────────
]]>
</failure>
<system-out>
<![CDATA[
[[ATTACHMENT|test-results/api-integration-👑-Admin-M-426c4--Tests-Update-User-Role-API-Mobile-Chrome/test-failed-1.png]]

[[ATTACHMENT|test-results/api-integration-👑-Admin-M-426c4--Tests-Update-User-Role-API-Mobile-Chrome/video.webm]]
]]>
</system-out>
</testcase>
<testcase name="👑 Admin Management API Tests › Get Admin Reports API" classname="api-integration.spec.ts" time="1.832">
<failure message="api-integration.spec.ts:569:7 Get Admin Reports API" type="FAILURE">
<![CDATA[  [Mobile Chrome] › api-integration.spec.ts:569:7 › 👑 Admin Management API Tests › Get Admin Reports API 

    SyntaxError: Unexpected token 'E', "Error: Thi"... is not valid JSON

      43 |     data: { email, password }
      44 |   });
    > 45 |   const data = await response.json();
         |                ^
      46 |   return data.token;
      47 | }
      48 |
        at getAuthToken (/Users/asithalakmal/Documents/web/final project/WeddingLK-next copy/tests/e2e/api-integration.spec.ts:45:16)
        at /Users/asithalakmal/Documents/web/final project/WeddingLK-next copy/tests/e2e/api-integration.spec.ts:570:19

    attachment #1: screenshot (image/png) ──────────────────────────────────────────────────────────
    ../../test-results/api-integration-👑-Admin-M-bc282-Tests-Get-Admin-Reports-API-Mobile-Chrome/test-failed-1.png
    ────────────────────────────────────────────────────────────────────────────────────────────────

    attachment #2: video (video/webm) ──────────────────────────────────────────────────────────────
    ../../test-results/api-integration-👑-Admin-M-bc282-Tests-Get-Admin-Reports-API-Mobile-Chrome/video.webm
    ────────────────────────────────────────────────────────────────────────────────────────────────
]]>
</failure>
<system-out>
<![CDATA[
[[ATTACHMENT|test-results/api-integration-👑-Admin-M-bc282-Tests-Get-Admin-Reports-API-Mobile-Chrome/test-failed-1.png]]

[[ATTACHMENT|test-results/api-integration-👑-Admin-M-bc282-Tests-Get-Admin-Reports-API-Mobile-Chrome/video.webm]]
]]>
</system-out>
</testcase>
<testcase name="🔍 Search and Filter API Tests › Search Venues API" classname="api-integration.spec.ts" time="2.026">
</testcase>
<testcase name="🔍 Search and Filter API Tests › Search Vendors API" classname="api-integration.spec.ts" time="3.421">
</testcase>
<testcase name="🔍 Search and Filter API Tests › Filter Venues by Price API" classname="api-integration.spec.ts" time="1.429">
</testcase>
<testcase name="📱 Mobile API Tests › Mobile App Data API" classname="api-integration.spec.ts" time="1.962">
<failure message="api-integration.spec.ts:611:7 Mobile App Data API" type="FAILURE">
<![CDATA[  [Mobile Chrome] › api-integration.spec.ts:611:7 › 📱 Mobile API Tests › Mobile App Data API ──────

    SyntaxError: Unexpected token 'E', "Error: Thi"... is not valid JSON

      43 |     data: { email, password }
      44 |   });
    > 45 |   const data = await response.json();
         |                ^
      46 |   return data.token;
      47 | }
      48 |
        at getAuthToken (/Users/asithalakmal/Documents/web/final project/WeddingLK-next copy/tests/e2e/api-integration.spec.ts:45:16)
        at /Users/asithalakmal/Documents/web/final project/WeddingLK-next copy/tests/e2e/api-integration.spec.ts:612:19

    attachment #1: screenshot (image/png) ──────────────────────────────────────────────────────────
    ../../test-results/api-integration-📱-Mobile-API-Tests-Mobile-App-Data-API-Mobile-Chrome/test-failed-1.png
    ────────────────────────────────────────────────────────────────────────────────────────────────

    attachment #2: video (video/webm) ──────────────────────────────────────────────────────────────
    ../../test-results/api-integration-📱-Mobile-API-Tests-Mobile-App-Data-API-Mobile-Chrome/video.webm
    ────────────────────────────────────────────────────────────────────────────────────────────────
]]>
</failure>
<system-out>
<![CDATA[
[[ATTACHMENT|test-results/api-integration-📱-Mobile-API-Tests-Mobile-App-Data-API-Mobile-Chrome/test-failed-1.png]]

[[ATTACHMENT|test-results/api-integration-📱-Mobile-API-Tests-Mobile-App-Data-API-Mobile-Chrome/video.webm]]
]]>
</system-out>
</testcase>
<testcase name="📱 Mobile API Tests › Mobile Venues API" classname="api-integration.spec.ts" time="1.755">
<failure message="api-integration.spec.ts:625:7 Mobile Venues API" type="FAILURE">
<![CDATA[  [Mobile Chrome] › api-integration.spec.ts:625:7 › 📱 Mobile API Tests › Mobile Venues API ────────

    SyntaxError: Unexpected token 'E', "Error: Thi"... is not valid JSON

      43 |     data: { email, password }
      44 |   });
    > 45 |   const data = await response.json();
         |                ^
      46 |   return data.token;
      47 | }
      48 |
        at getAuthToken (/Users/asithalakmal/Documents/web/final project/WeddingLK-next copy/tests/e2e/api-integration.spec.ts:45:16)
        at /Users/asithalakmal/Documents/web/final project/WeddingLK-next copy/tests/e2e/api-integration.spec.ts:626:19

    attachment #1: screenshot (image/png) ──────────────────────────────────────────────────────────
    ../../test-results/api-integration-📱-Mobile-API-Tests-Mobile-Venues-API-Mobile-Chrome/test-failed-1.png
    ────────────────────────────────────────────────────────────────────────────────────────────────

    attachment #2: video (video/webm) ──────────────────────────────────────────────────────────────
    ../../test-results/api-integration-📱-Mobile-API-Tests-Mobile-Venues-API-Mobile-Chrome/video.webm
    ────────────────────────────────────────────────────────────────────────────────────────────────
]]>
</failure>
<system-out>
<![CDATA[
[[ATTACHMENT|test-results/api-integration-📱-Mobile-API-Tests-Mobile-Venues-API-Mobile-Chrome/test-failed-1.png]]

[[ATTACHMENT|test-results/api-integration-📱-Mobile-API-Tests-Mobile-Venues-API-Mobile-Chrome/video.webm]]
]]>
</system-out>
</testcase>
<testcase name="🔔 Notification API Tests › Get Notifications API" classname="api-integration.spec.ts" time="0.909">
<failure message="api-integration.spec.ts:641:7 Get Notifications API" type="FAILURE">
<![CDATA[  [Mobile Chrome] › api-integration.spec.ts:641:7 › 🔔 Notification API Tests › Get Notifications API 

    SyntaxError: Unexpected token 'E', "Error: Thi"... is not valid JSON

      43 |     data: { email, password }
      44 |   });
    > 45 |   const data = await response.json();
         |                ^
      46 |   return data.token;
      47 | }
      48 |
        at getAuthToken (/Users/asithalakmal/Documents/web/final project/WeddingLK-next copy/tests/e2e/api-integration.spec.ts:45:16)
        at /Users/asithalakmal/Documents/web/final project/WeddingLK-next copy/tests/e2e/api-integration.spec.ts:642:19

    attachment #1: screenshot (image/png) ──────────────────────────────────────────────────────────
    ../../test-results/api-integration-🔔-Notific-9b174-Tests-Get-Notifications-API-Mobile-Chrome/test-failed-1.png
    ────────────────────────────────────────────────────────────────────────────────────────────────

    attachment #2: video (video/webm) ──────────────────────────────────────────────────────────────
    ../../test-results/api-integration-🔔-Notific-9b174-Tests-Get-Notifications-API-Mobile-Chrome/video.webm
    ────────────────────────────────────────────────────────────────────────────────────────────────
]]>
</failure>
<system-out>
<![CDATA[
[[ATTACHMENT|test-results/api-integration-🔔-Notific-9b174-Tests-Get-Notifications-API-Mobile-Chrome/test-failed-1.png]]

[[ATTACHMENT|test-results/api-integration-🔔-Notific-9b174-Tests-Get-Notifications-API-Mobile-Chrome/video.webm]]
]]>
</system-out>
</testcase>
<testcase name="🔔 Notification API Tests › Mark Notification as Read API" classname="api-integration.spec.ts" time="2.36">
<failure message="api-integration.spec.ts:652:7 Mark Notification as Read API" type="FAILURE">
<![CDATA[  [Mobile Chrome] › api-integration.spec.ts:652:7 › 🔔 Notification API Tests › Mark Notification as Read API 

    SyntaxError: Unexpected token 'E', "Error: Thi"... is not valid JSON

      43 |     data: { email, password }
      44 |   });
    > 45 |   const data = await response.json();
         |                ^
      46 |   return data.token;
      47 | }
      48 |
        at getAuthToken (/Users/asithalakmal/Documents/web/final project/WeddingLK-next copy/tests/e2e/api-integration.spec.ts:45:16)
        at /Users/asithalakmal/Documents/web/final project/WeddingLK-next copy/tests/e2e/api-integration.spec.ts:653:19

    attachment #1: screenshot (image/png) ──────────────────────────────────────────────────────────
    ../../test-results/api-integration-🔔-Notific-6938f-rk-Notification-as-Read-API-Mobile-Chrome/test-failed-1.png
    ────────────────────────────────────────────────────────────────────────────────────────────────

    attachment #2: video (video/webm) ──────────────────────────────────────────────────────────────
    ../../test-results/api-integration-🔔-Notific-6938f-rk-Notification-as-Read-API-Mobile-Chrome/video.webm
    ────────────────────────────────────────────────────────────────────────────────────────────────
]]>
</failure>
<system-out>
<![CDATA[
[[ATTACHMENT|test-results/api-integration-🔔-Notific-6938f-rk-Notification-as-Read-API-Mobile-Chrome/test-failed-1.png]]

[[ATTACHMENT|test-results/api-integration-🔔-Notific-6938f-rk-Notification-as-Read-API-Mobile-Chrome/video.webm]]
]]>
</system-out>
</testcase>
<testcase name="🛡️ Security and Error Handling API Tests › Unauthorized API Access" classname="api-integration.spec.ts" time="2.575">
<failure message="api-integration.spec.ts:665:7 Unauthorized API Access" type="FAILURE">
<![CDATA[  [Mobile Chrome] › api-integration.spec.ts:665:7 › 🛡️ Security and Error Handling API Tests › Unauthorized API Access 

    Error: expect(received).toContain(expected) // indexOf

    Expected substring: "Unauthorized"
    Received string:    "Authentication required"

      668 |     
      669 |     const data = await response.json();
    > 670 |     expect(data.error).toContain('Unauthorized');
          |                        ^
      671 |   });
      672 |
      673 |   test('Invalid Token API Access', async ({ page }) => {
        at /Users/asithalakmal/Documents/web/final project/WeddingLK-next copy/tests/e2e/api-integration.spec.ts:670:24

    attachment #1: screenshot (image/png) ──────────────────────────────────────────────────────────
    ../../test-results/api-integration-🛡️-Securi-b5273-sts-Unauthorized-API-Access-Mobile-Chrome/test-failed-1.png
    ────────────────────────────────────────────────────────────────────────────────────────────────

    attachment #2: video (video/webm) ──────────────────────────────────────────────────────────────
    ../../test-results/api-integration-🛡️-Securi-b5273-sts-Unauthorized-API-Access-Mobile-Chrome/video.webm
    ────────────────────────────────────────────────────────────────────────────────────────────────
]]>
</failure>
<system-out>
<![CDATA[
[[ATTACHMENT|test-results/api-integration-🛡️-Securi-b5273-sts-Unauthorized-API-Access-Mobile-Chrome/test-failed-1.png]]

[[ATTACHMENT|test-results/api-integration-🛡️-Securi-b5273-sts-Unauthorized-API-Access-Mobile-Chrome/video.webm]]
]]>
</system-out>
</testcase>
<testcase name="🛡️ Security and Error Handling API Tests › Invalid Token API Access" classname="api-integration.spec.ts" time="1.673">
</testcase>
<testcase name="🛡️ Security and Error Handling API Tests › Rate Limiting API" classname="api-integration.spec.ts" time="13.088">
<failure message="api-integration.spec.ts:680:7 Rate Limiting API" type="FAILURE">
<![CDATA[  [Mobile Chrome] › api-integration.spec.ts:680:7 › 🛡️ Security and Error Handling API Tests › Rate Limiting API 

    Error: expect(received).toBeGreaterThan(expected)

    Expected: > 0
    Received:   0

      688 |     
      689 |     // At least one request should be rate limited
    > 690 |     expect(rateLimitedResponses.length).toBeGreaterThan(0);
          |                                         ^
      691 |   });
      692 |
      693 |   test('Input Validation API', async ({ page }) => {
        at /Users/asithalakmal/Documents/web/final project/WeddingLK-next copy/tests/e2e/api-integration.spec.ts:690:41

    attachment #1: screenshot (image/png) ──────────────────────────────────────────────────────────
    ../../test-results/api-integration-🛡️-Securi-733b3-API-Tests-Rate-Limiting-API-Mobile-Chrome/test-failed-1.png
    ────────────────────────────────────────────────────────────────────────────────────────────────

    attachment #2: video (video/webm) ──────────────────────────────────────────────────────────────
    ../../test-results/api-integration-🛡️-Securi-733b3-API-Tests-Rate-Limiting-API-Mobile-Chrome/video.webm
    ────────────────────────────────────────────────────────────────────────────────────────────────
]]>
</failure>
<system-out>
<![CDATA[
[[ATTACHMENT|test-results/api-integration-🛡️-Securi-733b3-API-Tests-Rate-Limiting-API-Mobile-Chrome/test-failed-1.png]]

[[ATTACHMENT|test-results/api-integration-🛡️-Securi-733b3-API-Tests-Rate-Limiting-API-Mobile-Chrome/video.webm]]
]]>
</system-out>
</testcase>
<testcase name="🛡️ Security and Error Handling API Tests › Input Validation API" classname="api-integration.spec.ts" time="1.063">
<failure message="api-integration.spec.ts:693:7 Input Validation API" type="FAILURE">
<![CDATA[  [Mobile Chrome] › api-integration.spec.ts:693:7 › 🛡️ Security and Error Handling API Tests › Input Validation API 

    Error: expect(received).toBeDefined()

    Received: undefined

      702 |     expect(response.status()).toBe(400);
      703 |     const data = await response.json();
    > 704 |     expect(data.errors).toBeDefined();
          |                         ^
      705 |   });
      706 | });
      707 |
        at /Users/asithalakmal/Documents/web/final project/WeddingLK-next copy/tests/e2e/api-integration.spec.ts:704:25

    attachment #1: screenshot (image/png) ──────────────────────────────────────────────────────────
    ../../test-results/api-integration-🛡️-Securi-8d139--Tests-Input-Validation-API-Mobile-Chrome/test-failed-1.png
    ────────────────────────────────────────────────────────────────────────────────────────────────

    attachment #2: video (video/webm) ──────────────────────────────────────────────────────────────
    ../../test-results/api-integration-🛡️-Securi-8d139--Tests-Input-Validation-API-Mobile-Chrome/video.webm
    ────────────────────────────────────────────────────────────────────────────────────────────────
]]>
</failure>
<system-out>
<![CDATA[
[[ATTACHMENT|test-results/api-integration-🛡️-Securi-8d139--Tests-Input-Validation-API-Mobile-Chrome/test-failed-1.png]]

[[ATTACHMENT|test-results/api-integration-🛡️-Securi-8d139--Tests-Input-Validation-API-Mobile-Chrome/video.webm]]
]]>
</system-out>
</testcase>
<testcase name="📊 Analytics and Monitoring API Tests › Performance Monitoring API" classname="api-integration.spec.ts" time="1.689">
<failure message="api-integration.spec.ts:709:7 Performance Monitoring API" type="FAILURE">
<![CDATA[  [Mobile Chrome] › api-integration.spec.ts:709:7 › 📊 Analytics and Monitoring API Tests › Performance Monitoring API 

    Error: expect(received).toBeDefined()

    Received: undefined

      713 |     const data = await response.json();
      714 |     expect(data.success).toBe(true);
    > 715 |     expect(data.metrics).toBeDefined();
          |                          ^
      716 |   });
      717 |
      718 |   test('Health Check API', async ({ page }) => {
        at /Users/asithalakmal/Documents/web/final project/WeddingLK-next copy/tests/e2e/api-integration.spec.ts:715:26

    attachment #1: screenshot (image/png) ──────────────────────────────────────────────────────────
    ../../test-results/api-integration-📊-Analyti-8d4fe--Performance-Monitoring-API-Mobile-Chrome/test-failed-1.png
    ────────────────────────────────────────────────────────────────────────────────────────────────

    attachment #2: video (video/webm) ──────────────────────────────────────────────────────────────
    ../../test-results/api-integration-📊-Analyti-8d4fe--Performance-Monitoring-API-Mobile-Chrome/video.webm
    ────────────────────────────────────────────────────────────────────────────────────────────────
]]>
</failure>
<system-out>
<![CDATA[
[[ATTACHMENT|test-results/api-integration-📊-Analyti-8d4fe--Performance-Monitoring-API-Mobile-Chrome/test-failed-1.png]]

[[ATTACHMENT|test-results/api-integration-📊-Analyti-8d4fe--Performance-Monitoring-API-Mobile-Chrome/video.webm]]
]]>
</system-out>
</testcase>
<testcase name="📊 Analytics and Monitoring API Tests › Health Check API" classname="api-integration.spec.ts" time="34.617">
<failure message="api-integration.spec.ts:718:7 Health Check API" type="FAILURE">
<![CDATA[  [Mobile Chrome] › api-integration.spec.ts:718:7 › 📊 Analytics and Monitoring API Tests › Health Check API 

    Test timeout of 30000ms exceeded.

    Error: apiRequestContext.get: Target page, context or browser has been closed
    Call log:
      - → GET https://wedding-lk.vercel.app/api/health
        - user-agent: Mozilla/5.0 (Linux; Android 11; Pixel 5) AppleWebKit/537.36 (KHTML, like Gecko) Chrome/141.0.7390.37 Mobile Safari/537.36
        - accept: */*
        - accept-encoding: gzip,deflate,br


      717 |
      718 |   test('Health Check API', async ({ page }) => {
    > 719 |     const response = await page.request.get('/api/health');
          |                                         ^
      720 |     expect(response.status()).toBe(200);
      721 |     
      722 |     const data = await response.json();
        at /Users/asithalakmal/Documents/web/final project/WeddingLK-next copy/tests/e2e/api-integration.spec.ts:719:41

    attachment #1: screenshot (image/png) ──────────────────────────────────────────────────────────
    ../../test-results/api-integration-📊-Analyti-e1193--API-Tests-Health-Check-API-Mobile-Chrome/test-failed-1.png
    ────────────────────────────────────────────────────────────────────────────────────────────────

    attachment #2: video (video/webm) ──────────────────────────────────────────────────────────────
    ../../test-results/api-integration-📊-Analyti-e1193--API-Tests-Health-Check-API-Mobile-Chrome/video.webm
    ────────────────────────────────────────────────────────────────────────────────────────────────
]]>
</failure>
<system-out>
<![CDATA[
[[ATTACHMENT|test-results/api-integration-📊-Analyti-e1193--API-Tests-Health-Check-API-Mobile-Chrome/test-failed-1.png]]

[[ATTACHMENT|test-results/api-integration-📊-Analyti-e1193--API-Tests-Health-Check-API-Mobile-Chrome/video.webm]]
]]>
</system-out>
</testcase>
<testcase name="📊 Analytics and Monitoring API Tests › Error Tracking API" classname="api-integration.spec.ts" time="1.707">
<failure message="api-integration.spec.ts:727:7 Error Tracking API" type="FAILURE">
<![CDATA[  [Mobile Chrome] › api-integration.spec.ts:727:7 › 📊 Analytics and Monitoring API Tests › Error Tracking API 

    Error: expect(received).toBe(expected) // Object.is equality

    Expected: 200
    Received: 401

      727 |   test('Error Tracking API', async ({ page }) => {
      728 |     const response = await page.request.get('/api/errors');
    > 729 |     expect(response.status()).toBe(200);
          |                               ^
      730 |     
      731 |     const data = await response.json();
      732 |     expect(data.success).toBe(true);
        at /Users/asithalakmal/Documents/web/final project/WeddingLK-next copy/tests/e2e/api-integration.spec.ts:729:31

    attachment #1: screenshot (image/png) ──────────────────────────────────────────────────────────
    ../../test-results/api-integration-📊-Analyti-cbfaa-PI-Tests-Error-Tracking-API-Mobile-Chrome/test-failed-1.png
    ────────────────────────────────────────────────────────────────────────────────────────────────

    attachment #2: video (video/webm) ──────────────────────────────────────────────────────────────
    ../../test-results/api-integration-📊-Analyti-cbfaa-PI-Tests-Error-Tracking-API-Mobile-Chrome/video.webm
    ────────────────────────────────────────────────────────────────────────────────────────────────
]]>
</failure>
<system-out>
<![CDATA[
[[ATTACHMENT|test-results/api-integration-📊-Analyti-cbfaa-PI-Tests-Error-Tracking-API-Mobile-Chrome/test-failed-1.png]]

[[ATTACHMENT|test-results/api-integration-📊-Analyti-cbfaa-PI-Tests-Error-Tracking-API-Mobile-Chrome/video.webm]]
]]>
</system-out>
</testcase>
</testsuite>
<testsuite name="auth.spec.ts" timestamp="2025-10-22T18:37:21.475Z" hostname="Mobile Chrome" tests="5" failures="5" skipped="0" time="168.403" errors="0">
<testcase name="Authentication Flows › User registration -&gt; email verification -&gt; login -&gt; logout" classname="auth.spec.ts" time="33.185">
<failure message="auth.spec.ts:5:7 User registration -&gt; email verification -&gt; login -&gt; logout" type="FAILURE">
<![CDATA[  [Mobile Chrome] › auth.spec.ts:5:7 › Authentication Flows › User registration -> email verification -> login -> logout 

    Test timeout of 30000ms exceeded.

    Error: page.fill: Test timeout of 30000ms exceeded.
    Call log:
      - waiting for locator('input[name="name"]')


      12 |     // Go to signup
      13 |     await page.goto('/auth/signup');
    > 14 |     await page.fill('input[name="name"]', user.name);
         |                ^
      15 |     await page.fill('input[name="email"]', user.email);
      16 |     await page.fill('input[name="password"]', user.password);
      17 |     await page.fill('input[name="confirmPassword"]', user.password);
        at /Users/asithalakmal/Documents/web/final project/WeddingLK-next copy/tests/e2e/auth.spec.ts:14:16

    attachment #1: screenshot (image/png) ──────────────────────────────────────────────────────────
    ../../test-results/auth-Authentication-Flows--b45f1-rification---login---logout-Mobile-Chrome/test-failed-1.png
    ────────────────────────────────────────────────────────────────────────────────────────────────

    attachment #2: video (video/webm) ──────────────────────────────────────────────────────────────
    ../../test-results/auth-Authentication-Flows--b45f1-rification---login---logout-Mobile-Chrome/video.webm
    ────────────────────────────────────────────────────────────────────────────────────────────────

    Error Context: ../../test-results/auth-Authentication-Flows--b45f1-rification---login---logout-Mobile-Chrome/error-context.md
]]>
</failure>
<system-out>
<![CDATA[
[[ATTACHMENT|test-results/auth-Authentication-Flows--b45f1-rification---login---logout-Mobile-Chrome/test-failed-1.png]]

[[ATTACHMENT|test-results/auth-Authentication-Flows--b45f1-rification---login---logout-Mobile-Chrome/video.webm]]

[[ATTACHMENT|test-results/auth-Authentication-Flows--b45f1-rification---login---logout-Mobile-Chrome/error-context.md]]
]]>
</system-out>
</testcase>
<testcase name="Authentication Flows › Login with invalid credentials should show error" classname="auth.spec.ts" time="33.505">
<failure message="auth.spec.ts:45:7 Login with invalid credentials should show error" type="FAILURE">
<![CDATA[  [Mobile Chrome] › auth.spec.ts:45:7 › Authentication Flows › Login with invalid credentials should show error 

    Test timeout of 30000ms exceeded.

    Error: page.fill: Test timeout of 30000ms exceeded.
    Call log:
      - waiting for locator('input[name="email"]')


      45 |   test('Login with invalid credentials should show error', async ({ page }) => {
      46 |     await page.goto('/auth/signin');
    > 47 |     await page.fill('input[name="email"]', 'invalid@example.com');
         |                ^
      48 |     await page.fill('input[name="password"]', 'wrongpassword');
      49 |     await page.click('button[type="submit"]');
      50 |
        at /Users/asithalakmal/Documents/web/final project/WeddingLK-next copy/tests/e2e/auth.spec.ts:47:16

    attachment #1: screenshot (image/png) ──────────────────────────────────────────────────────────
    ../../test-results/auth-Authentication-Flows--2b2a9-edentials-should-show-error-Mobile-Chrome/test-failed-1.png
    ────────────────────────────────────────────────────────────────────────────────────────────────

    attachment #2: video (video/webm) ──────────────────────────────────────────────────────────────
    ../../test-results/auth-Authentication-Flows--2b2a9-edentials-should-show-error-Mobile-Chrome/video.webm
    ────────────────────────────────────────────────────────────────────────────────────────────────

    Error Context: ../../test-results/auth-Authentication-Flows--2b2a9-edentials-should-show-error-Mobile-Chrome/error-context.md
]]>
</failure>
<system-out>
<![CDATA[
[[ATTACHMENT|test-results/auth-Authentication-Flows--2b2a9-edentials-should-show-error-Mobile-Chrome/test-failed-1.png]]

[[ATTACHMENT|test-results/auth-Authentication-Flows--2b2a9-edentials-should-show-error-Mobile-Chrome/video.webm]]

[[ATTACHMENT|test-results/auth-Authentication-Flows--2b2a9-edentials-should-show-error-Mobile-Chrome/error-context.md]]
]]>
</system-out>
</testcase>
<testcase name="Authentication Flows › Forgot password flow" classname="auth.spec.ts" time="33.297">
<failure message="auth.spec.ts:54:7 Forgot password flow" type="FAILURE">
<![CDATA[  [Mobile Chrome] › auth.spec.ts:54:7 › Authentication Flows › Forgot password flow ────────────────

    Test timeout of 30000ms exceeded.

    Error: page.fill: Test timeout of 30000ms exceeded.
    Call log:
      - waiting for locator('input[name="email"]')


      56 |     
      57 |     await page.goto('/auth/forgot-password');
    > 58 |     await page.fill('input[name="email"]', email);
         |                ^
      59 |     await page.click('button[type="submit"]');
      60 |
      61 |     await expect(page.locator('.success, .toast-success, [data-testid="success-message"]')).toBeVisible();
        at /Users/asithalakmal/Documents/web/final project/WeddingLK-next copy/tests/e2e/auth.spec.ts:58:16

    attachment #1: screenshot (image/png) ──────────────────────────────────────────────────────────
    ../../test-results/auth-Authentication-Flows-Forgot-password-flow-Mobile-Chrome/test-failed-1.png
    ────────────────────────────────────────────────────────────────────────────────────────────────

    attachment #2: video (video/webm) ──────────────────────────────────────────────────────────────
    ../../test-results/auth-Authentication-Flows-Forgot-password-flow-Mobile-Chrome/video.webm
    ────────────────────────────────────────────────────────────────────────────────────────────────

    Error Context: ../../test-results/auth-Authentication-Flows-Forgot-password-flow-Mobile-Chrome/error-context.md
]]>
</failure>
<system-out>
<![CDATA[
[[ATTACHMENT|test-results/auth-Authentication-Flows-Forgot-password-flow-Mobile-Chrome/test-failed-1.png]]

[[ATTACHMENT|test-results/auth-Authentication-Flows-Forgot-password-flow-Mobile-Chrome/video.webm]]

[[ATTACHMENT|test-results/auth-Authentication-Flows-Forgot-password-flow-Mobile-Chrome/error-context.md]]
]]>
</system-out>
</testcase>
<testcase name="Authentication Flows › Social login with Google" classname="auth.spec.ts" time="33.936">
<failure message="auth.spec.ts:70:7 Social login with Google" type="FAILURE">
<![CDATA[  [Mobile Chrome] › auth.spec.ts:70:7 › Authentication Flows › Social login with Google ────────────

    Test timeout of 30000ms exceeded.

    Error: page.click: Test timeout of 30000ms exceeded.
    Call log:
      - waiting for locator('button[data-testid="google-login"], .google-login-button')


      87 |     });
      88 |
    > 89 |     await page.click('button[data-testid="google-login"], .google-login-button');
         |                ^
      90 |     await expect(page).toHaveURL(/\/dashboard/);
      91 |   });
      92 |
        at /Users/asithalakmal/Documents/web/final project/WeddingLK-next copy/tests/e2e/auth.spec.ts:89:16

    attachment #1: screenshot (image/png) ──────────────────────────────────────────────────────────
    ../../test-results/auth-Authentication-Flows-Social-login-with-Google-Mobile-Chrome/test-failed-1.png
    ────────────────────────────────────────────────────────────────────────────────────────────────

    attachment #2: video (video/webm) ──────────────────────────────────────────────────────────────
    ../../test-results/auth-Authentication-Flows-Social-login-with-Google-Mobile-Chrome/video.webm
    ────────────────────────────────────────────────────────────────────────────────────────────────

    Error Context: ../../test-results/auth-Authentication-Flows-Social-login-with-Google-Mobile-Chrome/error-context.md
]]>
</failure>
<system-out>
<![CDATA[
[[ATTACHMENT|test-results/auth-Authentication-Flows-Social-login-with-Google-Mobile-Chrome/test-failed-1.png]]

[[ATTACHMENT|test-results/auth-Authentication-Flows-Social-login-with-Google-Mobile-Chrome/video.webm]]

[[ATTACHMENT|test-results/auth-Authentication-Flows-Social-login-with-Google-Mobile-Chrome/error-context.md]]
]]>
</system-out>
</testcase>
<testcase name="Authentication Flows › Two-factor authentication setup" classname="auth.spec.ts" time="34.48">
<failure message="auth.spec.ts:93:7 Two-factor authentication setup" type="FAILURE">
<![CDATA[  [Mobile Chrome] › auth.spec.ts:93:7 › Authentication Flows › Two-factor authentication setup ─────

    Test timeout of 30000ms exceeded.

    Error: page.fill: Test timeout of 30000ms exceeded.
    Call log:
      - waiting for locator('input[name="email"]')


      94 |     // Login first
      95 |     await page.goto('/auth/signin');
    > 96 |     await page.fill('input[name="email"]', process.env.TEST_USER_EMAIL || 'test@example.com');
         |                ^
      97 |     await page.fill('input[name="password"]', process.env.TEST_USER_PASSWORD || 'TestPass123!');
      98 |     await page.click('button[type="submit"]');
      99 |     await expect(page).toHaveURL(/\/dashboard/);
        at /Users/asithalakmal/Documents/web/final project/WeddingLK-next copy/tests/e2e/auth.spec.ts:96:16

    attachment #1: screenshot (image/png) ──────────────────────────────────────────────────────────
    ../../test-results/auth-Authentication-Flows-Two-factor-authentication-setup-Mobile-Chrome/test-failed-1.png
    ────────────────────────────────────────────────────────────────────────────────────────────────

    attachment #2: video (video/webm) ──────────────────────────────────────────────────────────────
    ../../test-results/auth-Authentication-Flows-Two-factor-authentication-setup-Mobile-Chrome/video.webm
    ────────────────────────────────────────────────────────────────────────────────────────────────

    Error Context: ../../test-results/auth-Authentication-Flows-Two-factor-authentication-setup-Mobile-Chrome/error-context.md
]]>
</failure>
<system-out>
<![CDATA[
[[ATTACHMENT|test-results/auth-Authentication-Flows-Two-factor-authentication-setup-Mobile-Chrome/test-failed-1.png]]

[[ATTACHMENT|test-results/auth-Authentication-Flows-Two-factor-authentication-setup-Mobile-Chrome/video.webm]]

[[ATTACHMENT|test-results/auth-Authentication-Flows-Two-factor-authentication-setup-Mobile-Chrome/error-context.md]]
]]>
</system-out>
</testcase>
</testsuite>
<testsuite name="booking.spec.ts" timestamp="2025-10-22T18:37:21.475Z" hostname="Mobile Chrome" tests="6" failures="6" skipped="0" time="200.933" errors="0">
<testcase name="Booking System › Complete booking flow with payment mock" classname="booking.spec.ts" time="33.491">
<failure message="booking.spec.ts:5:7 Complete booking flow with payment mock" type="FAILURE">
<![CDATA[  [Mobile Chrome] › booking.spec.ts:5:7 › Booking System › Complete booking flow with payment mock ─

    Test timeout of 30000ms exceeded.

    Error: page.fill: Test timeout of 30000ms exceeded.
    Call log:
      - waiting for locator('input[placeholder*="Search"], input[name="search"]')


      13 |
      14 |     // Search for vendors/venues
    > 15 |     await page.fill('input[placeholder*="Search"], input[name="search"]', 'photography');
         |                ^
      16 |     await page.click('button:has-text("Search"), button[type="submit"]');
      17 |
      18 |     // Select a vendor
        at /Users/asithalakmal/Documents/web/final project/WeddingLK-next copy/tests/e2e/booking.spec.ts:15:16

    attachment #1: screenshot (image/png) ──────────────────────────────────────────────────────────
    ../../test-results/booking-Booking-System-Com-f0892-king-flow-with-payment-mock-Mobile-Chrome/test-failed-1.png
    ────────────────────────────────────────────────────────────────────────────────────────────────

    attachment #2: video (video/webm) ──────────────────────────────────────────────────────────────
    ../../test-results/booking-Booking-System-Com-f0892-king-flow-with-payment-mock-Mobile-Chrome/video.webm
    ────────────────────────────────────────────────────────────────────────────────────────────────

    Error Context: ../../test-results/booking-Booking-System-Com-f0892-king-flow-with-payment-mock-Mobile-Chrome/error-context.md
]]>
</failure>
<system-out>
<![CDATA[
[[ATTACHMENT|test-results/booking-Booking-System-Com-f0892-king-flow-with-payment-mock-Mobile-Chrome/test-failed-1.png]]

[[ATTACHMENT|test-results/booking-Booking-System-Com-f0892-king-flow-with-payment-mock-Mobile-Chrome/video.webm]]

[[ATTACHMENT|test-results/booking-Booking-System-Com-f0892-king-flow-with-payment-mock-Mobile-Chrome/error-context.md]]
]]>
</system-out>
</testcase>
<testcase name="Booking System › Booking modification and cancellation" classname="booking.spec.ts" time="33.315">
<failure message="booking.spec.ts:64:7 Booking modification and cancellation" type="FAILURE">
<![CDATA[  [Mobile Chrome] › booking.spec.ts:64:7 › Booking System › Booking modification and cancellation ──

    Test timeout of 30000ms exceeded.

    Error: page.fill: Test timeout of 30000ms exceeded.
    Call log:
      - waiting for locator('input[name="email"]')


      65 |     // Login as customer
      66 |     await page.goto('/auth/signin');
    > 67 |     await page.fill('input[name="email"]', process.env.TEST_CUSTOMER_EMAIL || 'customer@test.local');
         |                ^
      68 |     await page.fill('input[name="password"]', process.env.TEST_CUSTOMER_PASSWORD || 'CustomerPass123!');
      69 |     await page.click('button[type="submit"]');
      70 |     await expect(page).toHaveURL(/\/dashboard/);
        at /Users/asithalakmal/Documents/web/final project/WeddingLK-next copy/tests/e2e/booking.spec.ts:67:16

    attachment #1: screenshot (image/png) ──────────────────────────────────────────────────────────
    ../../test-results/booking-Booking-System-Booking-modification-and-cancellation-Mobile-Chrome/test-failed-1.png
    ────────────────────────────────────────────────────────────────────────────────────────────────

    attachment #2: video (video/webm) ──────────────────────────────────────────────────────────────
    ../../test-results/booking-Booking-System-Booking-modification-and-cancellation-Mobile-Chrome/video.webm
    ────────────────────────────────────────────────────────────────────────────────────────────────

    Error Context: ../../test-results/booking-Booking-System-Booking-modification-and-cancellation-Mobile-Chrome/error-context.md
]]>
</failure>
<system-out>
<![CDATA[
[[ATTACHMENT|test-results/booking-Booking-System-Booking-modification-and-cancellation-Mobile-Chrome/test-failed-1.png]]

[[ATTACHMENT|test-results/booking-Booking-System-Booking-modification-and-cancellation-Mobile-Chrome/video.webm]]

[[ATTACHMENT|test-results/booking-Booking-System-Booking-modification-and-cancellation-Mobile-Chrome/error-context.md]]
]]>
</system-out>
</testcase>
<testcase name="Booking System › Booking status tracking" classname="booking.spec.ts" time="33.472">
<failure message="booking.spec.ts:110:7 Booking status tracking" type="FAILURE">
<![CDATA[  [Mobile Chrome] › booking.spec.ts:110:7 › Booking System › Booking status tracking ───────────────

    Test timeout of 30000ms exceeded.

    Error: page.fill: Test timeout of 30000ms exceeded.
    Call log:
      - waiting for locator('input[name="email"]')


      111 |     // Login as customer
      112 |     await page.goto('/auth/signin');
    > 113 |     await page.fill('input[name="email"]', process.env.TEST_CUSTOMER_EMAIL || 'customer@test.local');
          |                ^
      114 |     await page.fill('input[name="password"]', process.env.TEST_CUSTOMER_PASSWORD || 'CustomerPass123!');
      115 |     await page.click('button[type="submit"]');
      116 |     await expect(page).toHaveURL(/\/dashboard/);
        at /Users/asithalakmal/Documents/web/final project/WeddingLK-next copy/tests/e2e/booking.spec.ts:113:16

    attachment #1: screenshot (image/png) ──────────────────────────────────────────────────────────
    ../../test-results/booking-Booking-System-Booking-status-tracking-Mobile-Chrome/test-failed-1.png
    ────────────────────────────────────────────────────────────────────────────────────────────────

    attachment #2: video (video/webm) ──────────────────────────────────────────────────────────────
    ../../test-results/booking-Booking-System-Booking-status-tracking-Mobile-Chrome/video.webm
    ────────────────────────────────────────────────────────────────────────────────────────────────

    Error Context: ../../test-results/booking-Booking-System-Booking-status-tracking-Mobile-Chrome/error-context.md
]]>
</failure>
<system-out>
<![CDATA[
[[ATTACHMENT|test-results/booking-Booking-System-Booking-status-tracking-Mobile-Chrome/test-failed-1.png]]

[[ATTACHMENT|test-results/booking-Booking-System-Booking-status-tracking-Mobile-Chrome/video.webm]]

[[ATTACHMENT|test-results/booking-Booking-System-Booking-status-tracking-Mobile-Chrome/error-context.md]]
]]>
</system-out>
</testcase>
<testcase name="Booking System › Vendor booking acceptance workflow" classname="booking.spec.ts" time="33.732">
<failure message="booking.spec.ts:131:7 Vendor booking acceptance workflow" type="FAILURE">
<![CDATA[  [Mobile Chrome] › booking.spec.ts:131:7 › Booking System › Vendor booking acceptance workflow ────

    Test timeout of 30000ms exceeded.

    Error: page.fill: Test timeout of 30000ms exceeded.
    Call log:
      - waiting for locator('input[name="email"]')


      132 |     // Login as vendor
      133 |     await page.goto('/auth/signin');
    > 134 |     await page.fill('input[name="email"]', process.env.TEST_VENDOR_EMAIL || 'vendor@test.local');
          |                ^
      135 |     await page.fill('input[name="password"]', process.env.TEST_VENDOR_PASSWORD || 'VendorPass123!');
      136 |     await page.click('button[type="submit"]');
      137 |     await expect(page).toHaveURL(/\/dashboard/);
        at /Users/asithalakmal/Documents/web/final project/WeddingLK-next copy/tests/e2e/booking.spec.ts:134:16

    attachment #1: screenshot (image/png) ──────────────────────────────────────────────────────────
    ../../test-results/booking-Booking-System-Vendor-booking-acceptance-workflow-Mobile-Chrome/test-failed-1.png
    ────────────────────────────────────────────────────────────────────────────────────────────────

    attachment #2: video (video/webm) ──────────────────────────────────────────────────────────────
    ../../test-results/booking-Booking-System-Vendor-booking-acceptance-workflow-Mobile-Chrome/video.webm
    ────────────────────────────────────────────────────────────────────────────────────────────────

    Error Context: ../../test-results/booking-Booking-System-Vendor-booking-acceptance-workflow-Mobile-Chrome/error-context.md
]]>
</failure>
<system-out>
<![CDATA[
[[ATTACHMENT|test-results/booking-Booking-System-Vendor-booking-acceptance-workflow-Mobile-Chrome/test-failed-1.png]]

[[ATTACHMENT|test-results/booking-Booking-System-Vendor-booking-acceptance-workflow-Mobile-Chrome/video.webm]]

[[ATTACHMENT|test-results/booking-Booking-System-Vendor-booking-acceptance-workflow-Mobile-Chrome/error-context.md]]
]]>
</system-out>
</testcase>
<testcase name="Booking System › Booking communication and messaging" classname="booking.spec.ts" time="33.705">
<failure message="booking.spec.ts:170:7 Booking communication and messaging" type="FAILURE">
<![CDATA[  [Mobile Chrome] › booking.spec.ts:170:7 › Booking System › Booking communication and messaging ───

    Test timeout of 30000ms exceeded.

    Error: page.fill: Test timeout of 30000ms exceeded.
    Call log:
      - waiting for locator('input[name="email"]')


      171 |     // Login as customer
      172 |     await page.goto('/auth/signin');
    > 173 |     await page.fill('input[name="email"]', process.env.TEST_CUSTOMER_EMAIL || 'customer@test.local');
          |                ^
      174 |     await page.fill('input[name="password"]', process.env.TEST_CUSTOMER_PASSWORD || 'CustomerPass123!');
      175 |     await page.click('button[type="submit"]');
      176 |     await expect(page).toHaveURL(/\/dashboard/);
        at /Users/asithalakmal/Documents/web/final project/WeddingLK-next copy/tests/e2e/booking.spec.ts:173:16

    attachment #1: screenshot (image/png) ──────────────────────────────────────────────────────────
    ../../test-results/booking-Booking-System-Booking-communication-and-messaging-Mobile-Chrome/test-failed-1.png
    ────────────────────────────────────────────────────────────────────────────────────────────────

    attachment #2: video (video/webm) ──────────────────────────────────────────────────────────────
    ../../test-results/booking-Booking-System-Booking-communication-and-messaging-Mobile-Chrome/video.webm
    ────────────────────────────────────────────────────────────────────────────────────────────────

    Error Context: ../../test-results/booking-Booking-System-Booking-communication-and-messaging-Mobile-Chrome/error-context.md
]]>
</failure>
<system-out>
<![CDATA[
[[ATTACHMENT|test-results/booking-Booking-System-Booking-communication-and-messaging-Mobile-Chrome/test-failed-1.png]]

[[ATTACHMENT|test-results/booking-Booking-System-Booking-communication-and-messaging-Mobile-Chrome/video.webm]]

[[ATTACHMENT|test-results/booking-Booking-System-Booking-communication-and-messaging-Mobile-Chrome/error-context.md]]
]]>
</system-out>
</testcase>
<testcase name="Booking System › Booking payment and refund processing" classname="booking.spec.ts" time="33.218">
<failure message="booking.spec.ts:191:7 Booking payment and refund processing" type="FAILURE">
<![CDATA[  [Mobile Chrome] › booking.spec.ts:191:7 › Booking System › Booking payment and refund processing ─

    Test timeout of 30000ms exceeded.

    Error: page.fill: Test timeout of 30000ms exceeded.
    Call log:
      - waiting for locator('input[name="email"]')


      192 |     // Login as customer
      193 |     await page.goto('/auth/signin');
    > 194 |     await page.fill('input[name="email"]', process.env.TEST_CUSTOMER_EMAIL || 'customer@test.local');
          |                ^
      195 |     await page.fill('input[name="password"]', process.env.TEST_CUSTOMER_PASSWORD || 'CustomerPass123!');
      196 |     await page.click('button[type="submit"]');
      197 |     await expect(page).toHaveURL(/\/dashboard/);
        at /Users/asithalakmal/Documents/web/final project/WeddingLK-next copy/tests/e2e/booking.spec.ts:194:16

    attachment #1: screenshot (image/png) ──────────────────────────────────────────────────────────
    ../../test-results/booking-Booking-System-Booking-payment-and-refund-processing-Mobile-Chrome/test-failed-1.png
    ────────────────────────────────────────────────────────────────────────────────────────────────

    attachment #2: video (video/webm) ──────────────────────────────────────────────────────────────
    ../../test-results/booking-Booking-System-Booking-payment-and-refund-processing-Mobile-Chrome/video.webm
    ────────────────────────────────────────────────────────────────────────────────────────────────

    Error Context: ../../test-results/booking-Booking-System-Booking-payment-and-refund-processing-Mobile-Chrome/error-context.md
]]>
</failure>
<system-out>
<![CDATA[
[[ATTACHMENT|test-results/booking-Booking-System-Booking-payment-and-refund-processing-Mobile-Chrome/test-failed-1.png]]

[[ATTACHMENT|test-results/booking-Booking-System-Booking-payment-and-refund-processing-Mobile-Chrome/video.webm]]

[[ATTACHMENT|test-results/booking-Booking-System-Booking-payment-and-refund-processing-Mobile-Chrome/error-context.md]]
]]>
</system-out>
</testcase>
</testsuite>
<testsuite name="comprehensive-crud.spec.ts" timestamp="2025-10-22T18:37:21.475Z" hostname="Mobile Chrome" tests="28" failures="28" skipped="0" time="1177.763" errors="0">
<testcase name="🔐 Authentication &amp; User Management CRUD › User Registration Flow" classname="comprehensive-crud.spec.ts" time="33.451">
<failure message="comprehensive-crud.spec.ts:52:7 User Registration Flow" type="FAILURE">
<![CDATA[  [Mobile Chrome] › comprehensive-crud.spec.ts:52:7 › 🔐 Authentication & User Management CRUD › User Registration Flow 

    Test timeout of 30000ms exceeded.

    Error: page.fill: Test timeout of 30000ms exceeded.
    Call log:
      - waiting for locator('input[name="name"]')


      54 |     
      55 |     // Fill registration form
    > 56 |     await page.fill('input[name="name"]', testUsers.regularUser.name);
         |                ^
      57 |     await page.fill('input[name="email"]', testUsers.regularUser.email);
      58 |     await page.fill('input[name="password"]', testUsers.regularUser.password);
      59 |     await page.fill('input[name="confirmPassword"]', testUsers.regularUser.password);
        at /Users/asithalakmal/Documents/web/final project/WeddingLK-next copy/tests/e2e/comprehensive-crud.spec.ts:56:16

    attachment #1: screenshot (image/png) ──────────────────────────────────────────────────────────
    ../../test-results/comprehensive-crud-🔐-Auth-d5d79-CRUD-User-Registration-Flow-Mobile-Chrome/test-failed-1.png
    ────────────────────────────────────────────────────────────────────────────────────────────────

    attachment #2: video (video/webm) ──────────────────────────────────────────────────────────────
    ../../test-results/comprehensive-crud-🔐-Auth-d5d79-CRUD-User-Registration-Flow-Mobile-Chrome/video.webm
    ────────────────────────────────────────────────────────────────────────────────────────────────

    Error Context: ../../test-results/comprehensive-crud-🔐-Auth-d5d79-CRUD-User-Registration-Flow-Mobile-Chrome/error-context.md
]]>
</failure>
<system-out>
<![CDATA[
[[ATTACHMENT|test-results/comprehensive-crud-🔐-Auth-d5d79-CRUD-User-Registration-Flow-Mobile-Chrome/test-failed-1.png]]

[[ATTACHMENT|test-results/comprehensive-crud-🔐-Auth-d5d79-CRUD-User-Registration-Flow-Mobile-Chrome/video.webm]]

[[ATTACHMENT|test-results/comprehensive-crud-🔐-Auth-d5d79-CRUD-User-Registration-Flow-Mobile-Chrome/error-context.md]]
]]>
</system-out>
</testcase>
<testcase name="🔐 Authentication &amp; User Management CRUD › User Login Flow" classname="comprehensive-crud.spec.ts" time="33.411">
<failure message="comprehensive-crud.spec.ts:68:7 User Login Flow" type="FAILURE">
<![CDATA[  [Mobile Chrome] › comprehensive-crud.spec.ts:68:7 › 🔐 Authentication & User Management CRUD › User Login Flow 

    Test timeout of 30000ms exceeded.

    Error: page.fill: Test timeout of 30000ms exceeded.
    Call log:
      - waiting for locator('input[name="email"]')


      70 |     
      71 |     // Fill login form
    > 72 |     await page.fill('input[name="email"]', testUsers.regularUser.email);
         |                ^
      73 |     await page.fill('input[name="password"]', testUsers.regularUser.password);
      74 |     
      75 |     // Submit login
        at /Users/asithalakmal/Documents/web/final project/WeddingLK-next copy/tests/e2e/comprehensive-crud.spec.ts:72:16

    attachment #1: screenshot (image/png) ──────────────────────────────────────────────────────────
    ../../test-results/comprehensive-crud-🔐-Auth-b3a02-gement-CRUD-User-Login-Flow-Mobile-Chrome/test-failed-1.png
    ────────────────────────────────────────────────────────────────────────────────────────────────

    attachment #2: video (video/webm) ──────────────────────────────────────────────────────────────
    ../../test-results/comprehensive-crud-🔐-Auth-b3a02-gement-CRUD-User-Login-Flow-Mobile-Chrome/video.webm
    ────────────────────────────────────────────────────────────────────────────────────────────────

    Error Context: ../../test-results/comprehensive-crud-🔐-Auth-b3a02-gement-CRUD-User-Login-Flow-Mobile-Chrome/error-context.md
]]>
</failure>
<system-out>
<![CDATA[
[[ATTACHMENT|test-results/comprehensive-crud-🔐-Auth-b3a02-gement-CRUD-User-Login-Flow-Mobile-Chrome/test-failed-1.png]]

[[ATTACHMENT|test-results/comprehensive-crud-🔐-Auth-b3a02-gement-CRUD-User-Login-Flow-Mobile-Chrome/video.webm]]

[[ATTACHMENT|test-results/comprehensive-crud-🔐-Auth-b3a02-gement-CRUD-User-Login-Flow-Mobile-Chrome/error-context.md]]
]]>
</system-out>
</testcase>
<testcase name="🔐 Authentication &amp; User Management CRUD › User Profile CRUD Operations" classname="comprehensive-crud.spec.ts" time="34.049">
<failure message="comprehensive-crud.spec.ts:82:7 User Profile CRUD Operations" type="FAILURE">
<![CDATA[  [Mobile Chrome] › comprehensive-crud.spec.ts:82:7 › 🔐 Authentication & User Management CRUD › User Profile CRUD Operations 

    Test timeout of 30000ms exceeded.

    Error: page.fill: Test timeout of 30000ms exceeded.
    Call log:
      - waiting for locator('input[name="email"]')


      83 |     // Login first
      84 |     await page.goto('/auth/signin');
    > 85 |     await page.fill('input[name="email"]', testUsers.regularUser.email);
         |                ^
      86 |     await page.fill('input[name="password"]', testUsers.regularUser.password);
      87 |     await page.click('button[type="submit"]');
      88 |     await expect(page).toHaveURL(/\/dashboard/);
        at /Users/asithalakmal/Documents/web/final project/WeddingLK-next copy/tests/e2e/comprehensive-crud.spec.ts:85:16

    attachment #1: screenshot (image/png) ──────────────────────────────────────────────────────────
    ../../test-results/comprehensive-crud-🔐-Auth-7a9a3-ser-Profile-CRUD-Operations-Mobile-Chrome/test-failed-1.png
    ────────────────────────────────────────────────────────────────────────────────────────────────

    attachment #2: video (video/webm) ──────────────────────────────────────────────────────────────
    ../../test-results/comprehensive-crud-🔐-Auth-7a9a3-ser-Profile-CRUD-Operations-Mobile-Chrome/video.webm
    ────────────────────────────────────────────────────────────────────────────────────────────────

    Error Context: ../../test-results/comprehensive-crud-🔐-Auth-7a9a3-ser-Profile-CRUD-Operations-Mobile-Chrome/error-context.md
]]>
</failure>
<system-out>
<![CDATA[
[[ATTACHMENT|test-results/comprehensive-crud-🔐-Auth-7a9a3-ser-Profile-CRUD-Operations-Mobile-Chrome/test-failed-1.png]]

[[ATTACHMENT|test-results/comprehensive-crud-🔐-Auth-7a9a3-ser-Profile-CRUD-Operations-Mobile-Chrome/video.webm]]

[[ATTACHMENT|test-results/comprehensive-crud-🔐-Auth-7a9a3-ser-Profile-CRUD-Operations-Mobile-Chrome/error-context.md]]
]]>
</system-out>
</testcase>
<testcase name="🔐 Authentication &amp; User Management CRUD › User Settings CRUD Operations" classname="comprehensive-crud.spec.ts" time="33.937">
<failure message="comprehensive-crud.spec.ts:106:7 User Settings CRUD Operations" type="FAILURE">
<![CDATA[  [Mobile Chrome] › comprehensive-crud.spec.ts:106:7 › 🔐 Authentication & User Management CRUD › User Settings CRUD Operations 

    Test timeout of 30000ms exceeded.

    Error: page.fill: Test timeout of 30000ms exceeded.
    Call log:
      - waiting for locator('input[name="email"]')


      107 |     // Login first
      108 |     await page.goto('/auth/signin');
    > 109 |     await page.fill('input[name="email"]', testUsers.regularUser.email);
          |                ^
      110 |     await page.fill('input[name="password"]', testUsers.regularUser.password);
      111 |     await page.click('button[type="submit"]');
      112 |     await expect(page).toHaveURL(/\/dashboard/);
        at /Users/asithalakmal/Documents/web/final project/WeddingLK-next copy/tests/e2e/comprehensive-crud.spec.ts:109:16

    attachment #1: screenshot (image/png) ──────────────────────────────────────────────────────────
    ../../test-results/comprehensive-crud-🔐-Auth-e8e4d-er-Settings-CRUD-Operations-Mobile-Chrome/test-failed-1.png
    ────────────────────────────────────────────────────────────────────────────────────────────────

    attachment #2: video (video/webm) ──────────────────────────────────────────────────────────────
    ../../test-results/comprehensive-crud-🔐-Auth-e8e4d-er-Settings-CRUD-Operations-Mobile-Chrome/video.webm
    ────────────────────────────────────────────────────────────────────────────────────────────────

    Error Context: ../../test-results/comprehensive-crud-🔐-Auth-e8e4d-er-Settings-CRUD-Operations-Mobile-Chrome/error-context.md
]]>
</failure>
<system-out>
<![CDATA[
[[ATTACHMENT|test-results/comprehensive-crud-🔐-Auth-e8e4d-er-Settings-CRUD-Operations-Mobile-Chrome/test-failed-1.png]]

[[ATTACHMENT|test-results/comprehensive-crud-🔐-Auth-e8e4d-er-Settings-CRUD-Operations-Mobile-Chrome/video.webm]]

[[ATTACHMENT|test-results/comprehensive-crud-🔐-Auth-e8e4d-er-Settings-CRUD-Operations-Mobile-Chrome/error-context.md]]
]]>
</system-out>
</testcase>
<testcase name="🏢 Vendor Management CRUD › Vendor Registration Flow" classname="comprehensive-crud.spec.ts" time="33.689">
<failure message="comprehensive-crud.spec.ts:131:7 Vendor Registration Flow" type="FAILURE">
<![CDATA[  [Mobile Chrome] › comprehensive-crud.spec.ts:131:7 › 🏢 Vendor Management CRUD › Vendor Registration Flow 

    Test timeout of 30000ms exceeded.

    Error: page.fill: Test timeout of 30000ms exceeded.
    Call log:
      - waiting for locator('input[name="businessName"]')


      133 |     
      134 |     // Fill vendor registration form
    > 135 |     await page.fill('input[name="businessName"]', testUsers.vendor.name);
          |                ^
      136 |     await page.fill('input[name="email"]', testUsers.vendor.email);
      137 |     await page.fill('input[name="password"]', testUsers.vendor.password);
      138 |     await page.fill('input[name="phone"]', '+94771234567');
        at /Users/asithalakmal/Documents/web/final project/WeddingLK-next copy/tests/e2e/comprehensive-crud.spec.ts:135:16

    attachment #1: screenshot (image/png) ──────────────────────────────────────────────────────────
    ../../test-results/comprehensive-crud-🏢-Vend-4884e-UD-Vendor-Registration-Flow-Mobile-Chrome/test-failed-1.png
    ────────────────────────────────────────────────────────────────────────────────────────────────

    attachment #2: video (video/webm) ──────────────────────────────────────────────────────────────
    ../../test-results/comprehensive-crud-🏢-Vend-4884e-UD-Vendor-Registration-Flow-Mobile-Chrome/video.webm
    ────────────────────────────────────────────────────────────────────────────────────────────────

    Error Context: ../../test-results/comprehensive-crud-🏢-Vend-4884e-UD-Vendor-Registration-Flow-Mobile-Chrome/error-context.md
]]>
</failure>
<system-out>
<![CDATA[
[[ATTACHMENT|test-results/comprehensive-crud-🏢-Vend-4884e-UD-Vendor-Registration-Flow-Mobile-Chrome/test-failed-1.png]]

[[ATTACHMENT|test-results/comprehensive-crud-🏢-Vend-4884e-UD-Vendor-Registration-Flow-Mobile-Chrome/video.webm]]

[[ATTACHMENT|test-results/comprehensive-crud-🏢-Vend-4884e-UD-Vendor-Registration-Flow-Mobile-Chrome/error-context.md]]
]]>
</system-out>
</testcase>
<testcase name="🏢 Vendor Management CRUD › Vendor Services CRUD Operations" classname="comprehensive-crud.spec.ts" time="33.591">
<failure message="comprehensive-crud.spec.ts:148:7 Vendor Services CRUD Operations" type="FAILURE">
<![CDATA[  [Mobile Chrome] › comprehensive-crud.spec.ts:148:7 › 🏢 Vendor Management CRUD › Vendor Services CRUD Operations 

    Test timeout of 30000ms exceeded.

    Error: page.fill: Test timeout of 30000ms exceeded.
    Call log:
      - waiting for locator('input[name="email"]')


      149 |     // Login as vendor
      150 |     await page.goto('/auth/signin');
    > 151 |     await page.fill('input[name="email"]', testUsers.vendor.email);
          |                ^
      152 |     await page.fill('input[name="password"]', testUsers.vendor.password);
      153 |     await page.click('button[type="submit"]');
      154 |     await expect(page).toHaveURL(/\/dashboard/);
        at /Users/asithalakmal/Documents/web/final project/WeddingLK-next copy/tests/e2e/comprehensive-crud.spec.ts:151:16

    attachment #1: screenshot (image/png) ──────────────────────────────────────────────────────────
    ../../test-results/comprehensive-crud-🏢-Vend-64218-or-Services-CRUD-Operations-Mobile-Chrome/test-failed-1.png
    ────────────────────────────────────────────────────────────────────────────────────────────────

    attachment #2: video (video/webm) ──────────────────────────────────────────────────────────────
    ../../test-results/comprehensive-crud-🏢-Vend-64218-or-Services-CRUD-Operations-Mobile-Chrome/video.webm
    ────────────────────────────────────────────────────────────────────────────────────────────────

    Error Context: ../../test-results/comprehensive-crud-🏢-Vend-64218-or-Services-CRUD-Operations-Mobile-Chrome/error-context.md
]]>
</failure>
<system-out>
<![CDATA[
[[ATTACHMENT|test-results/comprehensive-crud-🏢-Vend-64218-or-Services-CRUD-Operations-Mobile-Chrome/test-failed-1.png]]

[[ATTACHMENT|test-results/comprehensive-crud-🏢-Vend-64218-or-Services-CRUD-Operations-Mobile-Chrome/video.webm]]

[[ATTACHMENT|test-results/comprehensive-crud-🏢-Vend-64218-or-Services-CRUD-Operations-Mobile-Chrome/error-context.md]]
]]>
</system-out>
</testcase>
<testcase name="🏢 Vendor Management CRUD › Vendor Analytics &amp; Reports" classname="comprehensive-crud.spec.ts" time="33.759">
<failure message="comprehensive-crud.spec.ts:182:7 Vendor Analytics &amp; Reports" type="FAILURE">
<![CDATA[  [Mobile Chrome] › comprehensive-crud.spec.ts:182:7 › 🏢 Vendor Management CRUD › Vendor Analytics & Reports 

    Test timeout of 30000ms exceeded.

    Error: page.fill: Test timeout of 30000ms exceeded.
    Call log:
      - waiting for locator('input[name="email"]')


      183 |     // Login as vendor
      184 |     await page.goto('/auth/signin');
    > 185 |     await page.fill('input[name="email"]', testUsers.vendor.email);
          |                ^
      186 |     await page.fill('input[name="password"]', testUsers.vendor.password);
      187 |     await page.click('button[type="submit"]');
      188 |     await expect(page).toHaveURL(/\/dashboard/);
        at /Users/asithalakmal/Documents/web/final project/WeddingLK-next copy/tests/e2e/comprehensive-crud.spec.ts:185:16

    attachment #1: screenshot (image/png) ──────────────────────────────────────────────────────────
    ../../test-results/comprehensive-crud-🏢-Vend-1244e-UD-Vendor-Analytics-Reports-Mobile-Chrome/test-failed-1.png
    ────────────────────────────────────────────────────────────────────────────────────────────────

    attachment #2: video (video/webm) ──────────────────────────────────────────────────────────────
    ../../test-results/comprehensive-crud-🏢-Vend-1244e-UD-Vendor-Analytics-Reports-Mobile-Chrome/video.webm
    ────────────────────────────────────────────────────────────────────────────────────────────────

    Error Context: ../../test-results/comprehensive-crud-🏢-Vend-1244e-UD-Vendor-Analytics-Reports-Mobile-Chrome/error-context.md
]]>
</failure>
<system-out>
<![CDATA[
[[ATTACHMENT|test-results/comprehensive-crud-🏢-Vend-1244e-UD-Vendor-Analytics-Reports-Mobile-Chrome/test-failed-1.png]]

[[ATTACHMENT|test-results/comprehensive-crud-🏢-Vend-1244e-UD-Vendor-Analytics-Reports-Mobile-Chrome/video.webm]]

[[ATTACHMENT|test-results/comprehensive-crud-🏢-Vend-1244e-UD-Vendor-Analytics-Reports-Mobile-Chrome/error-context.md]]
]]>
</system-out>
</testcase>
<testcase name="📅 Booking System CRUD › Create Booking Flow" classname="comprehensive-crud.spec.ts" time="44.152">
<failure message="comprehensive-crud.spec.ts:201:7 Create Booking Flow" type="FAILURE">
<![CDATA[  [Mobile Chrome] › comprehensive-crud.spec.ts:201:7 › 📅 Booking System CRUD › Create Booking Flow 

    Test timeout of 30000ms exceeded.

    TimeoutError: page.goto: Timeout 30000ms exceeded.
    Call log:
      - navigating to "https://wedding-lk.vercel.app/auth/signin", waiting until "load"


      201 |   test('Create Booking Flow', async ({ page }) => {
      202 |     // Login as regular user
    > 203 |     await page.goto('/auth/signin');
          |                ^
      204 |     await page.fill('input[name="email"]', testUsers.regularUser.email);
      205 |     await page.fill('input[name="password"]', testUsers.regularUser.password);
      206 |     await page.click('button[type="submit"]');
        at /Users/asithalakmal/Documents/web/final project/WeddingLK-next copy/tests/e2e/comprehensive-crud.spec.ts:203:16

    attachment #1: video (video/webm) ──────────────────────────────────────────────────────────────
    ../../test-results/comprehensive-crud-📅-Book-32257-em-CRUD-Create-Booking-Flow-Mobile-Chrome/video.webm
    ────────────────────────────────────────────────────────────────────────────────────────────────
]]>
</failure>
<system-out>
<![CDATA[
[[ATTACHMENT|test-results/comprehensive-crud-📅-Book-32257-em-CRUD-Create-Booking-Flow-Mobile-Chrome/video.webm]]
]]>
</system-out>
</testcase>
<testcase name="📅 Booking System CRUD › Booking Management CRUD" classname="comprehensive-crud.spec.ts" time="44.382">
<failure message="comprehensive-crud.spec.ts:228:7 Booking Management CRUD" type="FAILURE">
<![CDATA[  [Mobile Chrome] › comprehensive-crud.spec.ts:228:7 › 📅 Booking System CRUD › Booking Management CRUD 

    Test timeout of 30000ms exceeded.

    TimeoutError: page.goto: Timeout 30000ms exceeded.
    Call log:
      - navigating to "https://wedding-lk.vercel.app/auth/signin", waiting until "load"


      228 |   test('Booking Management CRUD', async ({ page }) => {
      229 |     // Login as user
    > 230 |     await page.goto('/auth/signin');
          |                ^
      231 |     await page.fill('input[name="email"]', testUsers.regularUser.email);
      232 |     await page.fill('input[name="password"]', testUsers.regularUser.password);
      233 |     await page.click('button[type="submit"]');
        at /Users/asithalakmal/Documents/web/final project/WeddingLK-next copy/tests/e2e/comprehensive-crud.spec.ts:230:16

    attachment #1: video (video/webm) ──────────────────────────────────────────────────────────────
    ../../test-results/comprehensive-crud-📅-Book-0046c-RUD-Booking-Management-CRUD-Mobile-Chrome/video.webm
    ────────────────────────────────────────────────────────────────────────────────────────────────
]]>
</failure>
<system-out>
<![CDATA[
[[ATTACHMENT|test-results/comprehensive-crud-📅-Book-0046c-RUD-Booking-Management-CRUD-Mobile-Chrome/video.webm]]
]]>
</system-out>
</testcase>
<testcase name="📅 Booking System CRUD › Booking Status Tracking" classname="comprehensive-crud.spec.ts" time="44.799">
<failure message="comprehensive-crud.spec.ts:258:7 Booking Status Tracking" type="FAILURE">
<![CDATA[  [Mobile Chrome] › comprehensive-crud.spec.ts:258:7 › 📅 Booking System CRUD › Booking Status Tracking 

    Test timeout of 30000ms exceeded.

    TimeoutError: page.goto: Timeout 30000ms exceeded.
    Call log:
      - navigating to "https://wedding-lk.vercel.app/auth/signin", waiting until "load"


      258 |   test('Booking Status Tracking', async ({ page }) => {
      259 |     // Login as vendor
    > 260 |     await page.goto('/auth/signin');
          |                ^
      261 |     await page.fill('input[name="email"]', testUsers.vendor.email);
      262 |     await page.fill('input[name="password"]', testUsers.vendor.password);
      263 |     await page.click('button[type="submit"]');
        at /Users/asithalakmal/Documents/web/final project/WeddingLK-next copy/tests/e2e/comprehensive-crud.spec.ts:260:16

    attachment #1: video (video/webm) ──────────────────────────────────────────────────────────────
    ../../test-results/comprehensive-crud-📅-Book-6532e-RUD-Booking-Status-Tracking-Mobile-Chrome/video.webm
    ────────────────────────────────────────────────────────────────────────────────────────────────
]]>
</failure>
<system-out>
<![CDATA[
[[ATTACHMENT|test-results/comprehensive-crud-📅-Book-6532e-RUD-Booking-Status-Tracking-Mobile-Chrome/video.webm]]
]]>
</system-out>
</testcase>
<testcase name="👥 Wedding Planner CRUD Operations › Planner Client Management" classname="comprehensive-crud.spec.ts" time="44.698">
<failure message="comprehensive-crud.spec.ts:283:7 Planner Client Management" type="FAILURE">
<![CDATA[  [Mobile Chrome] › comprehensive-crud.spec.ts:283:7 › 👥 Wedding Planner CRUD Operations › Planner Client Management 

    Test timeout of 30000ms exceeded.

    TimeoutError: page.goto: Timeout 30000ms exceeded.
    Call log:
      - navigating to "https://wedding-lk.vercel.app/auth/signin", waiting until "load"


      283 |   test('Planner Client Management', async ({ page }) => {
      284 |     // Login as wedding planner
    > 285 |     await page.goto('/auth/signin');
          |                ^
      286 |     await page.fill('input[name="email"]', testUsers.weddingPlanner.email);
      287 |     await page.fill('input[name="password"]', testUsers.weddingPlanner.password);
      288 |     await page.click('button[type="submit"]');
        at /Users/asithalakmal/Documents/web/final project/WeddingLK-next copy/tests/e2e/comprehensive-crud.spec.ts:285:16

    attachment #1: video (video/webm) ──────────────────────────────────────────────────────────────
    ../../test-results/comprehensive-crud-👥-Wedd-6d749-s-Planner-Client-Management-Mobile-Chrome/video.webm
    ────────────────────────────────────────────────────────────────────────────────────────────────
]]>
</failure>
<system-out>
<![CDATA[
[[ATTACHMENT|test-results/comprehensive-crud-👥-Wedd-6d749-s-Planner-Client-Management-Mobile-Chrome/video.webm]]
]]>
</system-out>
</testcase>
<testcase name="👥 Wedding Planner CRUD Operations › Planner Task Management" classname="comprehensive-crud.spec.ts" time="44.624">
<failure message="comprehensive-crud.spec.ts:313:7 Planner Task Management" type="FAILURE">
<![CDATA[  [Mobile Chrome] › comprehensive-crud.spec.ts:313:7 › 👥 Wedding Planner CRUD Operations › Planner Task Management 

    Test timeout of 30000ms exceeded.

    TimeoutError: page.goto: Timeout 30000ms exceeded.
    Call log:
      - navigating to "https://wedding-lk.vercel.app/auth/signin", waiting until "load"


      313 |   test('Planner Task Management', async ({ page }) => {
      314 |     // Login as wedding planner
    > 315 |     await page.goto('/auth/signin');
          |                ^
      316 |     await page.fill('input[name="email"]', testUsers.weddingPlanner.email);
      317 |     await page.fill('input[name="password"]', testUsers.weddingPlanner.password);
      318 |     await page.click('button[type="submit"]');
        at /Users/asithalakmal/Documents/web/final project/WeddingLK-next copy/tests/e2e/comprehensive-crud.spec.ts:315:16

    attachment #1: video (video/webm) ──────────────────────────────────────────────────────────────
    ../../test-results/comprehensive-crud-👥-Wedd-50ee2-ons-Planner-Task-Management-Mobile-Chrome/video.webm
    ────────────────────────────────────────────────────────────────────────────────────────────────
]]>
</failure>
<system-out>
<![CDATA[
[[ATTACHMENT|test-results/comprehensive-crud-👥-Wedd-50ee2-ons-Planner-Task-Management-Mobile-Chrome/video.webm]]
]]>
</system-out>
</testcase>
<testcase name="🛡️ RBAC (Role-Based Access Control) Tests › User Role Access Control" classname="comprehensive-crud.spec.ts" time="44.986">
<failure message="comprehensive-crud.spec.ts:342:7 User Role Access Control" type="FAILURE">
<![CDATA[  [Mobile Chrome] › comprehensive-crud.spec.ts:342:7 › 🛡️ RBAC (Role-Based Access Control) Tests › User Role Access Control 

    Test timeout of 30000ms exceeded.

    TimeoutError: page.goto: Timeout 30000ms exceeded.
    Call log:
      - navigating to "https://wedding-lk.vercel.app/auth/signin", waiting until "load"


      342 |   test('User Role Access Control', async ({ page }) => {
      343 |     // Login as regular user
    > 344 |     await page.goto('/auth/signin');
          |                ^
      345 |     await page.fill('input[name="email"]', testUsers.regularUser.email);
      346 |     await page.fill('input[name="password"]', testUsers.regularUser.password);
      347 |     await page.click('button[type="submit"]');
        at /Users/asithalakmal/Documents/web/final project/WeddingLK-next copy/tests/e2e/comprehensive-crud.spec.ts:344:16

    attachment #1: video (video/webm) ──────────────────────────────────────────────────────────────
    ../../test-results/comprehensive-crud-🛡️-RBA-b8846-ts-User-Role-Access-Control-Mobile-Chrome/video.webm
    ────────────────────────────────────────────────────────────────────────────────────────────────
]]>
</failure>
<system-out>
<![CDATA[
[[ATTACHMENT|test-results/comprehensive-crud-🛡️-RBA-b8846-ts-User-Role-Access-Control-Mobile-Chrome/video.webm]]
]]>
</system-out>
</testcase>
<testcase name="🛡️ RBAC (Role-Based Access Control) Tests › Vendor Role Access Control" classname="comprehensive-crud.spec.ts" time="44.7">
<failure message="comprehensive-crud.spec.ts:366:7 Vendor Role Access Control" type="FAILURE">
<![CDATA[  [Mobile Chrome] › comprehensive-crud.spec.ts:366:7 › 🛡️ RBAC (Role-Based Access Control) Tests › Vendor Role Access Control 

    Test timeout of 30000ms exceeded.

    TimeoutError: page.goto: Timeout 30000ms exceeded.
    Call log:
      - navigating to "https://wedding-lk.vercel.app/auth/signin", waiting until "load"


      366 |   test('Vendor Role Access Control', async ({ page }) => {
      367 |     // Login as vendor
    > 368 |     await page.goto('/auth/signin');
          |                ^
      369 |     await page.fill('input[name="email"]', testUsers.vendor.email);
      370 |     await page.fill('input[name="password"]', testUsers.vendor.password);
      371 |     await page.click('button[type="submit"]');
        at /Users/asithalakmal/Documents/web/final project/WeddingLK-next copy/tests/e2e/comprehensive-crud.spec.ts:368:16

    attachment #1: video (video/webm) ──────────────────────────────────────────────────────────────
    ../../test-results/comprehensive-crud-🛡️-RBA-76435--Vendor-Role-Access-Control-Mobile-Chrome/video.webm
    ────────────────────────────────────────────────────────────────────────────────────────────────
]]>
</failure>
<system-out>
<![CDATA[
[[ATTACHMENT|test-results/comprehensive-crud-🛡️-RBA-76435--Vendor-Role-Access-Control-Mobile-Chrome/video.webm]]
]]>
</system-out>
</testcase>
<testcase name="🛡️ RBAC (Role-Based Access Control) Tests › Admin Role Access Control" classname="comprehensive-crud.spec.ts" time="45.709">
<failure message="comprehensive-crud.spec.ts:390:7 Admin Role Access Control" type="FAILURE">
<![CDATA[  [Mobile Chrome] › comprehensive-crud.spec.ts:390:7 › 🛡️ RBAC (Role-Based Access Control) Tests › Admin Role Access Control 

    Test timeout of 30000ms exceeded.

    TimeoutError: page.goto: Timeout 30000ms exceeded.
    Call log:
      - navigating to "https://wedding-lk.vercel.app/auth/signin", waiting until "load"


      390 |   test('Admin Role Access Control', async ({ page }) => {
      391 |     // Login as admin
    > 392 |     await page.goto('/auth/signin');
          |                ^
      393 |     await page.fill('input[name="email"]', testUsers.admin.email);
      394 |     await page.fill('input[name="password"]', testUsers.admin.password);
      395 |     await page.click('button[type="submit"]');
        at /Users/asithalakmal/Documents/web/final project/WeddingLK-next copy/tests/e2e/comprehensive-crud.spec.ts:392:16

    attachment #1: video (video/webm) ──────────────────────────────────────────────────────────────
    ../../test-results/comprehensive-crud-🛡️-RBA-d2e91-s-Admin-Role-Access-Control-Mobile-Chrome/video.webm
    ────────────────────────────────────────────────────────────────────────────────────────────────
]]>
</failure>
<system-out>
<![CDATA[
[[ATTACHMENT|test-results/comprehensive-crud-🛡️-RBA-d2e91-s-Admin-Role-Access-Control-Mobile-Chrome/video.webm]]
]]>
</system-out>
</testcase>
<testcase name="🛡️ RBAC (Role-Based Access Control) Tests › Middleware Route Protection" classname="comprehensive-crud.spec.ts" time="44.6">
<failure message="comprehensive-crud.spec.ts:412:7 Middleware Route Protection" type="FAILURE">
<![CDATA[  [Mobile Chrome] › comprehensive-crud.spec.ts:412:7 › 🛡️ RBAC (Role-Based Access Control) Tests › Middleware Route Protection 

    Test timeout of 30000ms exceeded.

    TimeoutError: page.goto: Timeout 30000ms exceeded.
    Call log:
      - navigating to "https://wedding-lk.vercel.app/dashboard", waiting until "load"


      412 |   test('Middleware Route Protection', async ({ page }) => {
      413 |     // Test unauthenticated access to protected routes
    > 414 |     await page.goto('/dashboard');
          |                ^
      415 |     await expect(page).toHaveURL(/\/auth\/signin/);
      416 |     
      417 |     await page.goto('/dashboard/profile');
        at /Users/asithalakmal/Documents/web/final project/WeddingLK-next copy/tests/e2e/comprehensive-crud.spec.ts:414:16

    attachment #1: video (video/webm) ──────────────────────────────────────────────────────────────
    ../../test-results/comprehensive-crud-🛡️-RBA-c8703-Middleware-Route-Protection-Mobile-Chrome/video.webm
    ────────────────────────────────────────────────────────────────────────────────────────────────
]]>
</failure>
<system-out>
<![CDATA[
[[ATTACHMENT|test-results/comprehensive-crud-🛡️-RBA-c8703-Middleware-Route-Protection-Mobile-Chrome/video.webm]]
]]>
</system-out>
</testcase>
<testcase name="💳 Payment &amp; Financial CRUD › Payment Processing Flow" classname="comprehensive-crud.spec.ts" time="44.292">
<failure message="comprehensive-crud.spec.ts:426:7 Payment Processing Flow" type="FAILURE">
<![CDATA[  [Mobile Chrome] › comprehensive-crud.spec.ts:426:7 › 💳 Payment & Financial CRUD › Payment Processing Flow 

    Test timeout of 30000ms exceeded.

    TimeoutError: page.goto: Timeout 30000ms exceeded.
    Call log:
      - navigating to "https://wedding-lk.vercel.app/auth/signin", waiting until "load"


      426 |   test('Payment Processing Flow', async ({ page }) => {
      427 |     // Login as user
    > 428 |     await page.goto('/auth/signin');
          |                ^
      429 |     await page.fill('input[name="email"]', testUsers.regularUser.email);
      430 |     await page.fill('input[name="password"]', testUsers.regularUser.password);
      431 |     await page.click('button[type="submit"]');
        at /Users/asithalakmal/Documents/web/final project/WeddingLK-next copy/tests/e2e/comprehensive-crud.spec.ts:428:16

    attachment #1: video (video/webm) ──────────────────────────────────────────────────────────────
    ../../test-results/comprehensive-crud-💳-Paym-6f1ed-RUD-Payment-Processing-Flow-Mobile-Chrome/video.webm
    ────────────────────────────────────────────────────────────────────────────────────────────────
]]>
</failure>
<system-out>
<![CDATA[
[[ATTACHMENT|test-results/comprehensive-crud-💳-Paym-6f1ed-RUD-Payment-Processing-Flow-Mobile-Chrome/video.webm]]
]]>
</system-out>
</testcase>
<testcase name="💳 Payment &amp; Financial CRUD › Payment History &amp; Management" classname="comprehensive-crud.spec.ts" time="44.836">
<failure message="comprehensive-crud.spec.ts:450:7 Payment History &amp; Management" type="FAILURE">
<![CDATA[  [Mobile Chrome] › comprehensive-crud.spec.ts:450:7 › 💳 Payment & Financial CRUD › Payment History & Management 

    Test timeout of 30000ms exceeded.

    TimeoutError: page.goto: Timeout 30000ms exceeded.
    Call log:
      - navigating to "https://wedding-lk.vercel.app/auth/signin", waiting until "load"


      450 |   test('Payment History & Management', async ({ page }) => {
      451 |     // Login as user
    > 452 |     await page.goto('/auth/signin');
          |                ^
      453 |     await page.fill('input[name="email"]', testUsers.regularUser.email);
      454 |     await page.fill('input[name="password"]', testUsers.regularUser.password);
      455 |     await page.click('button[type="submit"]');
        at /Users/asithalakmal/Documents/web/final project/WeddingLK-next copy/tests/e2e/comprehensive-crud.spec.ts:452:16

    attachment #1: video (video/webm) ──────────────────────────────────────────────────────────────
    ../../test-results/comprehensive-crud-💳-Paym-d962d--Payment-History-Management-Mobile-Chrome/video.webm
    ────────────────────────────────────────────────────────────────────────────────────────────────
]]>
</failure>
<system-out>
<![CDATA[
[[ATTACHMENT|test-results/comprehensive-crud-💳-Paym-d962d--Payment-History-Management-Mobile-Chrome/video.webm]]
]]>
</system-out>
</testcase>
<testcase name="📱 Mobile &amp; Responsive CRUD › Mobile Navigation &amp; CRUD Operations" classname="comprehensive-crud.spec.ts" time="44.959">
<failure message="comprehensive-crud.spec.ts:471:7 Mobile Navigation &amp; CRUD Operations" type="FAILURE">
<![CDATA[  [Mobile Chrome] › comprehensive-crud.spec.ts:471:7 › 📱 Mobile & Responsive CRUD › Mobile Navigation & CRUD Operations 

    Test timeout of 30000ms exceeded.

    TimeoutError: page.goto: Timeout 30000ms exceeded.
    Call log:
      - navigating to "https://wedding-lk.vercel.app/auth/signin", waiting until "load"


      474 |     
      475 |     // Login as user
    > 476 |     await page.goto('/auth/signin');
          |                ^
      477 |     await page.fill('input[name="email"]', testUsers.regularUser.email);
      478 |     await page.fill('input[name="password"]', testUsers.regularUser.password);
      479 |     await page.click('button[type="submit"]');
        at /Users/asithalakmal/Documents/web/final project/WeddingLK-next copy/tests/e2e/comprehensive-crud.spec.ts:476:16

    attachment #1: video (video/webm) ──────────────────────────────────────────────────────────────
    ../../test-results/comprehensive-crud-📱-Mobi-c12a8--Navigation-CRUD-Operations-Mobile-Chrome/video.webm
    ────────────────────────────────────────────────────────────────────────────────────────────────
]]>
</failure>
<system-out>
<![CDATA[
[[ATTACHMENT|test-results/comprehensive-crud-📱-Mobi-c12a8--Navigation-CRUD-Operations-Mobile-Chrome/video.webm]]
]]>
</system-out>
</testcase>
<testcase name="🔍 Search &amp; Filter CRUD › Venue Search &amp; Filter Operations" classname="comprehensive-crud.spec.ts" time="44.71">
<failure message="comprehensive-crud.spec.ts:501:7 Venue Search &amp; Filter Operations" type="FAILURE">
<![CDATA[  [Mobile Chrome] › comprehensive-crud.spec.ts:501:7 › 🔍 Search & Filter CRUD › Venue Search & Filter Operations 

    Test timeout of 30000ms exceeded.

    TimeoutError: page.goto: Timeout 30000ms exceeded.
    Call log:
      - navigating to "https://wedding-lk.vercel.app/venues", waiting until "load"


      500 | test.describe('🔍 Search & Filter CRUD', () => {
      501 |   test('Venue Search & Filter Operations', async ({ page }) => {
    > 502 |     await page.goto('/venues');
          |                ^
      503 |     
      504 |     // Search for venues
      505 |     await page.fill('input[placeholder*="Search venues"]', 'Colombo');
        at /Users/asithalakmal/Documents/web/final project/WeddingLK-next copy/tests/e2e/comprehensive-crud.spec.ts:502:16

    attachment #1: video (video/webm) ──────────────────────────────────────────────────────────────
    ../../test-results/comprehensive-crud-🔍-Sear-77ac3-ue-Search-Filter-Operations-Mobile-Chrome/video.webm
    ────────────────────────────────────────────────────────────────────────────────────────────────
]]>
</failure>
<system-out>
<![CDATA[
[[ATTACHMENT|test-results/comprehensive-crud-🔍-Sear-77ac3-ue-Search-Filter-Operations-Mobile-Chrome/video.webm]]
]]>
</system-out>
</testcase>
<testcase name="🔍 Search &amp; Filter CRUD › Vendor Search &amp; Filter Operations" classname="comprehensive-crud.spec.ts" time="44.758">
<failure message="comprehensive-crud.spec.ts:518:7 Vendor Search &amp; Filter Operations" type="FAILURE">
<![CDATA[  [Mobile Chrome] › comprehensive-crud.spec.ts:518:7 › 🔍 Search & Filter CRUD › Vendor Search & Filter Operations 

    Test timeout of 30000ms exceeded.

    TimeoutError: page.goto: Timeout 30000ms exceeded.
    Call log:
      - navigating to "https://wedding-lk.vercel.app/vendors", waiting until "load"


      517 |
      518 |   test('Vendor Search & Filter Operations', async ({ page }) => {
    > 519 |     await page.goto('/vendors');
          |                ^
      520 |     
      521 |     // Search for vendors
      522 |     await page.fill('input[placeholder*="Search vendors"]', 'photography');
        at /Users/asithalakmal/Documents/web/final project/WeddingLK-next copy/tests/e2e/comprehensive-crud.spec.ts:519:16

    attachment #1: video (video/webm) ──────────────────────────────────────────────────────────────
    ../../test-results/comprehensive-crud-🔍-Sear-8b262-or-Search-Filter-Operations-Mobile-Chrome/video.webm
    ────────────────────────────────────────────────────────────────────────────────────────────────
]]>
</failure>
<system-out>
<![CDATA[
[[ATTACHMENT|test-results/comprehensive-crud-🔍-Sear-8b262-or-Search-Filter-Operations-Mobile-Chrome/video.webm]]
]]>
</system-out>
</testcase>
<testcase name="📊 Analytics &amp; Reporting CRUD › User Analytics Dashboard" classname="comprehensive-crud.spec.ts" time="45.303">
<failure message="comprehensive-crud.spec.ts:535:7 User Analytics Dashboard" type="FAILURE">
<![CDATA[  [Mobile Chrome] › comprehensive-crud.spec.ts:535:7 › 📊 Analytics & Reporting CRUD › User Analytics Dashboard 

    Test timeout of 30000ms exceeded.

    TimeoutError: page.goto: Timeout 30000ms exceeded.
    Call log:
      - navigating to "https://wedding-lk.vercel.app/auth/signin", waiting until "load"


      535 |   test('User Analytics Dashboard', async ({ page }) => {
      536 |     // Login as user
    > 537 |     await page.goto('/auth/signin');
          |                ^
      538 |     await page.fill('input[name="email"]', testUsers.regularUser.email);
      539 |     await page.fill('input[name="password"]', testUsers.regularUser.password);
      540 |     await page.click('button[type="submit"]');
        at /Users/asithalakmal/Documents/web/final project/WeddingLK-next copy/tests/e2e/comprehensive-crud.spec.ts:537:16

    attachment #1: video (video/webm) ──────────────────────────────────────────────────────────────
    ../../test-results/comprehensive-crud-📊-Anal-bd0f7-UD-User-Analytics-Dashboard-Mobile-Chrome/video.webm
    ────────────────────────────────────────────────────────────────────────────────────────────────
]]>
</failure>
<system-out>
<![CDATA[
[[ATTACHMENT|test-results/comprehensive-crud-📊-Anal-bd0f7-UD-User-Analytics-Dashboard-Mobile-Chrome/video.webm]]
]]>
</system-out>
</testcase>
<testcase name="📊 Analytics &amp; Reporting CRUD › Admin Analytics &amp; Reports" classname="comprehensive-crud.spec.ts" time="46.079">
<failure message="comprehensive-crud.spec.ts:552:7 Admin Analytics &amp; Reports" type="FAILURE">
<![CDATA[  [Mobile Chrome] › comprehensive-crud.spec.ts:552:7 › 📊 Analytics & Reporting CRUD › Admin Analytics & Reports 

    Test timeout of 30000ms exceeded.

    TimeoutError: page.goto: Timeout 30000ms exceeded.
    Call log:
      - navigating to "https://wedding-lk.vercel.app/auth/signin", waiting until "load"


      552 |   test('Admin Analytics & Reports', async ({ page }) => {
      553 |     // Login as admin
    > 554 |     await page.goto('/auth/signin');
          |                ^
      555 |     await page.fill('input[name="email"]', testUsers.admin.email);
      556 |     await page.fill('input[name="password"]', testUsers.admin.password);
      557 |     await page.click('button[type="submit"]');
        at /Users/asithalakmal/Documents/web/final project/WeddingLK-next copy/tests/e2e/comprehensive-crud.spec.ts:554:16

    attachment #1: video (video/webm) ──────────────────────────────────────────────────────────────
    ../../test-results/comprehensive-crud-📊-Anal-de256-RUD-Admin-Analytics-Reports-Mobile-Chrome/video.webm
    ────────────────────────────────────────────────────────────────────────────────────────────────
]]>
</failure>
<system-out>
<![CDATA[
[[ATTACHMENT|test-results/comprehensive-crud-📊-Anal-de256-RUD-Admin-Analytics-Reports-Mobile-Chrome/video.webm]]
]]>
</system-out>
</testcase>
<testcase name="🔔 Notification &amp; Communication CRUD › Notification Management" classname="comprehensive-crud.spec.ts" time="44.802">
<failure message="comprehensive-crud.spec.ts:581:7 Notification Management" type="FAILURE">
<![CDATA[  [Mobile Chrome] › comprehensive-crud.spec.ts:581:7 › 🔔 Notification & Communication CRUD › Notification Management 

    Test timeout of 30000ms exceeded.

    TimeoutError: page.goto: Timeout 30000ms exceeded.
    Call log:
      - navigating to "https://wedding-lk.vercel.app/auth/signin", waiting until "load"


      581 |   test('Notification Management', async ({ page }) => {
      582 |     // Login as user
    > 583 |     await page.goto('/auth/signin');
          |                ^
      584 |     await page.fill('input[name="email"]', testUsers.regularUser.email);
      585 |     await page.fill('input[name="password"]', testUsers.regularUser.password);
      586 |     await page.click('button[type="submit"]');
        at /Users/asithalakmal/Documents/web/final project/WeddingLK-next copy/tests/e2e/comprehensive-crud.spec.ts:583:16

    attachment #1: video (video/webm) ──────────────────────────────────────────────────────────────
    ../../test-results/comprehensive-crud-🔔-Noti-e4267-RUD-Notification-Management-Mobile-Chrome/video.webm
    ────────────────────────────────────────────────────────────────────────────────────────────────
]]>
</failure>
<system-out>
<![CDATA[
[[ATTACHMENT|test-results/comprehensive-crud-🔔-Noti-e4267-RUD-Notification-Management-Mobile-Chrome/video.webm]]
]]>
</system-out>
</testcase>
<testcase name="🔔 Notification &amp; Communication CRUD › Message System CRUD" classname="comprehensive-crud.spec.ts" time="44.728">
<failure message="comprehensive-crud.spec.ts:605:7 Message System CRUD" type="FAILURE">
<![CDATA[  [Mobile Chrome] › comprehensive-crud.spec.ts:605:7 › 🔔 Notification & Communication CRUD › Message System CRUD 

    Test timeout of 30000ms exceeded.

    TimeoutError: page.goto: Timeout 30000ms exceeded.
    Call log:
      - navigating to "https://wedding-lk.vercel.app/auth/signin", waiting until "load"


      605 |   test('Message System CRUD', async ({ page }) => {
      606 |     // Login as user
    > 607 |     await page.goto('/auth/signin');
          |                ^
      608 |     await page.fill('input[name="email"]', testUsers.regularUser.email);
      609 |     await page.fill('input[name="password"]', testUsers.regularUser.password);
      610 |     await page.click('button[type="submit"]');
        at /Users/asithalakmal/Documents/web/final project/WeddingLK-next copy/tests/e2e/comprehensive-crud.spec.ts:607:16

    attachment #1: video (video/webm) ──────────────────────────────────────────────────────────────
    ../../test-results/comprehensive-crud-🔔-Noti-e1c21-on-CRUD-Message-System-CRUD-Mobile-Chrome/video.webm
    ────────────────────────────────────────────────────────────────────────────────────────────────
]]>
</failure>
<system-out>
<![CDATA[
[[ATTACHMENT|test-results/comprehensive-crud-🔔-Noti-e1c21-on-CRUD-Message-System-CRUD-Mobile-Chrome/video.webm]]
]]>
</system-out>
</testcase>
<testcase name="🔄 Data Synchronization &amp; Cache CRUD › Data Cache Management" classname="comprehensive-crud.spec.ts" time="44.795">
<failure message="comprehensive-crud.spec.ts:633:7 Data Cache Management" type="FAILURE">
<![CDATA[  [Mobile Chrome] › comprehensive-crud.spec.ts:633:7 › 🔄 Data Synchronization & Cache CRUD › Data Cache Management 

    Test timeout of 30000ms exceeded.

    TimeoutError: page.goto: Timeout 30000ms exceeded.
    Call log:
      - navigating to "https://wedding-lk.vercel.app/auth/signin", waiting until "load"


      633 |   test('Data Cache Management', async ({ page }) => {
      634 |     // Login as admin
    > 635 |     await page.goto('/auth/signin');
          |                ^
      636 |     await page.fill('input[name="email"]', testUsers.admin.email);
      637 |     await page.fill('input[name="password"]', testUsers.admin.password);
      638 |     await page.click('button[type="submit"]');
        at /Users/asithalakmal/Documents/web/final project/WeddingLK-next copy/tests/e2e/comprehensive-crud.spec.ts:635:16

    attachment #1: video (video/webm) ──────────────────────────────────────────────────────────────
    ../../test-results/comprehensive-crud-🔄-Data-ae5cf--CRUD-Data-Cache-Management-Mobile-Chrome/video.webm
    ────────────────────────────────────────────────────────────────────────────────────────────────
]]>
</failure>
<system-out>
<![CDATA[
[[ATTACHMENT|test-results/comprehensive-crud-🔄-Data-ae5cf--CRUD-Data-Cache-Management-Mobile-Chrome/video.webm]]
]]>
</system-out>
</testcase>
<testcase name="🛠️ System Administration CRUD › User Management Operations" classname="comprehensive-crud.spec.ts" time="45.21">
<failure message="comprehensive-crud.spec.ts:658:7 User Management Operations" type="FAILURE">
<![CDATA[  [Mobile Chrome] › comprehensive-crud.spec.ts:658:7 › 🛠️ System Administration CRUD › User Management Operations 

    Test timeout of 30000ms exceeded.

    TimeoutError: page.goto: Timeout 30000ms exceeded.
    Call log:
      - navigating to "https://wedding-lk.vercel.app/auth/signin", waiting until "load"


      658 |   test('User Management Operations', async ({ page }) => {
      659 |     // Login as admin
    > 660 |     await page.goto('/auth/signin');
          |                ^
      661 |     await page.fill('input[name="email"]', testUsers.admin.email);
      662 |     await page.fill('input[name="password"]', testUsers.admin.password);
      663 |     await page.click('button[type="submit"]');
        at /Users/asithalakmal/Documents/web/final project/WeddingLK-next copy/tests/e2e/comprehensive-crud.spec.ts:660:16

    attachment #1: video (video/webm) ──────────────────────────────────────────────────────────────
    ../../test-results/comprehensive-crud-🛠️-Sys-e1e93--User-Management-Operations-Mobile-Chrome/video.webm
    ────────────────────────────────────────────────────────────────────────────────────────────────
]]>
</failure>
<system-out>
<![CDATA[
[[ATTACHMENT|test-results/comprehensive-crud-🛠️-Sys-e1e93--User-Management-Operations-Mobile-Chrome/video.webm]]
]]>
</system-out>
</testcase>
<testcase name="🛠️ System Administration CRUD › System Settings Management" classname="comprehensive-crud.spec.ts" time="44.754">
<failure message="comprehensive-crud.spec.ts:686:7 System Settings Management" type="FAILURE">
<![CDATA[  [Mobile Chrome] › comprehensive-crud.spec.ts:686:7 › 🛠️ System Administration CRUD › System Settings Management 

    Test timeout of 30000ms exceeded.

    TimeoutError: page.goto: Timeout 30000ms exceeded.
    Call log:
      - navigating to "https://wedding-lk.vercel.app/auth/signin", waiting until "load"


      686 |   test('System Settings Management', async ({ page }) => {
      687 |     // Login as admin
    > 688 |     await page.goto('/auth/signin');
          |                ^
      689 |     await page.fill('input[name="email"]', testUsers.admin.email);
      690 |     await page.fill('input[name="password"]', testUsers.admin.password);
      691 |     await page.click('button[type="submit"]');
        at /Users/asithalakmal/Documents/web/final project/WeddingLK-next copy/tests/e2e/comprehensive-crud.spec.ts:688:16

    attachment #1: video (video/webm) ──────────────────────────────────────────────────────────────
    ../../test-results/comprehensive-crud-🛠️-Sys-350da--System-Settings-Management-Mobile-Chrome/video.webm
    ────────────────────────────────────────────────────────────────────────────────────────────────
]]>
</failure>
<system-out>
<![CDATA[
[[ATTACHMENT|test-results/comprehensive-crud-🛠️-Sys-350da--System-Settings-Management-Mobile-Chrome/video.webm]]
]]>
</system-out>
</testcase>
</testsuite>
<testsuite name="comprehensive-live-deployment.spec.ts" timestamp="2025-10-22T18:37:21.475Z" hostname="Mobile Chrome" tests="14" failures="14" skipped="0" time="626.936" errors="0">
<testcase name="🚀 COMPREHENSIVE LIVE DEPLOYMENT TESTING › 🏠 HOMEPAGE - Complete Frontend Testing" classname="comprehensive-live-deployment.spec.ts" time="44.527">
<failure message="comprehensive-live-deployment.spec.ts:39:7 🏠 HOMEPAGE - Complete Frontend Testing" type="FAILURE">
<![CDATA[  [Mobile Chrome] › comprehensive-live-deployment.spec.ts:39:7 › 🚀 COMPREHENSIVE LIVE DEPLOYMENT TESTING › 🏠 HOMEPAGE - Complete Frontend Testing 

    Test timeout of 30000ms exceeded while running "beforeEach" hook.

      23 |
      24 | test.describe('🚀 COMPREHENSIVE LIVE DEPLOYMENT TESTING', () => {
    > 25 |   test.beforeEach(async ({ page }) => {
         |        ^
      26 |     // Set longer timeout for live testing
      27 |     test.setTimeout(TEST_TIMEOUT);
      28 |     
        at /Users/asithalakmal/Documents/web/final project/WeddingLK-next copy/tests/e2e/comprehensive-live-deployment.spec.ts:25:8

    TimeoutError: page.goto: Timeout 30000ms exceeded.
    Call log:
      - navigating to "https://wedding-lk.vercel.app/", waiting until "load"


      28 |     
      29 |     // Navigate to live deployment
    > 30 |     await page.goto(BASE_URL);
         |                ^
      31 |     
      32 |     // Wait for page to load completely
      33 |     await page.waitForLoadState('networkidle');
        at /Users/asithalakmal/Documents/web/final project/WeddingLK-next copy/tests/e2e/comprehensive-live-deployment.spec.ts:30:16

    attachment #1: video (video/webm) ──────────────────────────────────────────────────────────────
    ../../test-results/comprehensive-live-deploym-6fa0d---Complete-Frontend-Testing-Mobile-Chrome/video.webm
    ────────────────────────────────────────────────────────────────────────────────────────────────
]]>
</failure>
<system-out>
<![CDATA[
[[ATTACHMENT|test-results/comprehensive-live-deploym-6fa0d---Complete-Frontend-Testing-Mobile-Chrome/video.webm]]
]]>
</system-out>
</testcase>
<testcase name="🚀 COMPREHENSIVE LIVE DEPLOYMENT TESTING › 🔐 AUTHENTICATION - Complete Auth Flow Testing" classname="comprehensive-live-deployment.spec.ts" time="44.813">
<failure message="comprehensive-live-deployment.spec.ts:132:7 🔐 AUTHENTICATION - Complete Auth Flow Testing" type="FAILURE">
<![CDATA[  [Mobile Chrome] › comprehensive-live-deployment.spec.ts:132:7 › 🚀 COMPREHENSIVE LIVE DEPLOYMENT TESTING › 🔐 AUTHENTICATION - Complete Auth Flow Testing 

    Test timeout of 30000ms exceeded while running "beforeEach" hook.

      23 |
      24 | test.describe('🚀 COMPREHENSIVE LIVE DEPLOYMENT TESTING', () => {
    > 25 |   test.beforeEach(async ({ page }) => {
         |        ^
      26 |     // Set longer timeout for live testing
      27 |     test.setTimeout(TEST_TIMEOUT);
      28 |     
        at /Users/asithalakmal/Documents/web/final project/WeddingLK-next copy/tests/e2e/comprehensive-live-deployment.spec.ts:25:8

    TimeoutError: page.goto: Timeout 30000ms exceeded.
    Call log:
      - navigating to "https://wedding-lk.vercel.app/", waiting until "load"


      28 |     
      29 |     // Navigate to live deployment
    > 30 |     await page.goto(BASE_URL);
         |                ^
      31 |     
      32 |     // Wait for page to load completely
      33 |     await page.waitForLoadState('networkidle');
        at /Users/asithalakmal/Documents/web/final project/WeddingLK-next copy/tests/e2e/comprehensive-live-deployment.spec.ts:30:16

    attachment #1: video (video/webm) ──────────────────────────────────────────────────────────────
    ../../test-results/comprehensive-live-deploym-f8c4e--Complete-Auth-Flow-Testing-Mobile-Chrome/video.webm
    ────────────────────────────────────────────────────────────────────────────────────────────────
]]>
</failure>
<system-out>
<![CDATA[
[[ATTACHMENT|test-results/comprehensive-live-deploym-f8c4e--Complete-Auth-Flow-Testing-Mobile-Chrome/video.webm]]
]]>
</system-out>
</testcase>
<testcase name="🚀 COMPREHENSIVE LIVE DEPLOYMENT TESTING › 🏢 VENUES - Complete Venue CRUD Testing" classname="comprehensive-live-deployment.spec.ts" time="44.914">
<failure message="comprehensive-live-deployment.spec.ts:161:7 🏢 VENUES - Complete Venue CRUD Testing" type="FAILURE">
<![CDATA[  [Mobile Chrome] › comprehensive-live-deployment.spec.ts:161:7 › 🚀 COMPREHENSIVE LIVE DEPLOYMENT TESTING › 🏢 VENUES - Complete Venue CRUD Testing 

    Test timeout of 30000ms exceeded while running "beforeEach" hook.

      23 |
      24 | test.describe('🚀 COMPREHENSIVE LIVE DEPLOYMENT TESTING', () => {
    > 25 |   test.beforeEach(async ({ page }) => {
         |        ^
      26 |     // Set longer timeout for live testing
      27 |     test.setTimeout(TEST_TIMEOUT);
      28 |     
        at /Users/asithalakmal/Documents/web/final project/WeddingLK-next copy/tests/e2e/comprehensive-live-deployment.spec.ts:25:8

    TimeoutError: page.goto: Timeout 30000ms exceeded.
    Call log:
      - navigating to "https://wedding-lk.vercel.app/", waiting until "load"


      28 |     
      29 |     // Navigate to live deployment
    > 30 |     await page.goto(BASE_URL);
         |                ^
      31 |     
      32 |     // Wait for page to load completely
      33 |     await page.waitForLoadState('networkidle');
        at /Users/asithalakmal/Documents/web/final project/WeddingLK-next copy/tests/e2e/comprehensive-live-deployment.spec.ts:30:16

    attachment #1: video (video/webm) ──────────────────────────────────────────────────────────────
    ../../test-results/comprehensive-live-deploym-ef612-Complete-Venue-CRUD-Testing-Mobile-Chrome/video.webm
    ────────────────────────────────────────────────────────────────────────────────────────────────
]]>
</failure>
<system-out>
<![CDATA[
[[ATTACHMENT|test-results/comprehensive-live-deploym-ef612-Complete-Venue-CRUD-Testing-Mobile-Chrome/video.webm]]
]]>
</system-out>
</testcase>
<testcase name="🚀 COMPREHENSIVE LIVE DEPLOYMENT TESTING › 🏪 VENDORS - Complete Vendor CRUD Testing" classname="comprehensive-live-deployment.spec.ts" time="45.087">
<failure message="comprehensive-live-deployment.spec.ts:206:7 🏪 VENDORS - Complete Vendor CRUD Testing" type="FAILURE">
<![CDATA[  [Mobile Chrome] › comprehensive-live-deployment.spec.ts:206:7 › 🚀 COMPREHENSIVE LIVE DEPLOYMENT TESTING › 🏪 VENDORS - Complete Vendor CRUD Testing 

    Test timeout of 30000ms exceeded while running "beforeEach" hook.

      23 |
      24 | test.describe('🚀 COMPREHENSIVE LIVE DEPLOYMENT TESTING', () => {
    > 25 |   test.beforeEach(async ({ page }) => {
         |        ^
      26 |     // Set longer timeout for live testing
      27 |     test.setTimeout(TEST_TIMEOUT);
      28 |     
        at /Users/asithalakmal/Documents/web/final project/WeddingLK-next copy/tests/e2e/comprehensive-live-deployment.spec.ts:25:8

    TimeoutError: page.goto: Timeout 30000ms exceeded.
    Call log:
      - navigating to "https://wedding-lk.vercel.app/", waiting until "load"


      28 |     
      29 |     // Navigate to live deployment
    > 30 |     await page.goto(BASE_URL);
         |                ^
      31 |     
      32 |     // Wait for page to load completely
      33 |     await page.waitForLoadState('networkidle');
        at /Users/asithalakmal/Documents/web/final project/WeddingLK-next copy/tests/e2e/comprehensive-live-deployment.spec.ts:30:16

    attachment #1: video (video/webm) ──────────────────────────────────────────────────────────────
    ../../test-results/comprehensive-live-deploym-d944a-omplete-Vendor-CRUD-Testing-Mobile-Chrome/video.webm
    ────────────────────────────────────────────────────────────────────────────────────────────────
]]>
</failure>
<system-out>
<![CDATA[
[[ATTACHMENT|test-results/comprehensive-live-deploym-d944a-omplete-Vendor-CRUD-Testing-Mobile-Chrome/video.webm]]
]]>
</system-out>
</testcase>
<testcase name="🚀 COMPREHENSIVE LIVE DEPLOYMENT TESTING › 📱 FEED - Complete Social Feed Testing" classname="comprehensive-live-deployment.spec.ts" time="44.71">
<failure message="comprehensive-live-deployment.spec.ts:251:7 📱 FEED - Complete Social Feed Testing" type="FAILURE">
<![CDATA[  [Mobile Chrome] › comprehensive-live-deployment.spec.ts:251:7 › 🚀 COMPREHENSIVE LIVE DEPLOYMENT TESTING › 📱 FEED - Complete Social Feed Testing 

    Test timeout of 30000ms exceeded while running "beforeEach" hook.

      23 |
      24 | test.describe('🚀 COMPREHENSIVE LIVE DEPLOYMENT TESTING', () => {
    > 25 |   test.beforeEach(async ({ page }) => {
         |        ^
      26 |     // Set longer timeout for live testing
      27 |     test.setTimeout(TEST_TIMEOUT);
      28 |     
        at /Users/asithalakmal/Documents/web/final project/WeddingLK-next copy/tests/e2e/comprehensive-live-deployment.spec.ts:25:8

    TimeoutError: page.goto: Timeout 30000ms exceeded.
    Call log:
      - navigating to "https://wedding-lk.vercel.app/", waiting until "load"


      28 |     
      29 |     // Navigate to live deployment
    > 30 |     await page.goto(BASE_URL);
         |                ^
      31 |     
      32 |     // Wait for page to load completely
      33 |     await page.waitForLoadState('networkidle');
        at /Users/asithalakmal/Documents/web/final project/WeddingLK-next copy/tests/e2e/comprehensive-live-deployment.spec.ts:30:16

    attachment #1: video (video/webm) ──────────────────────────────────────────────────────────────
    ../../test-results/comprehensive-live-deploym-b9f37-omplete-Social-Feed-Testing-Mobile-Chrome/video.webm
    ────────────────────────────────────────────────────────────────────────────────────────────────
]]>
</failure>
<system-out>
<![CDATA[
[[ATTACHMENT|test-results/comprehensive-live-deploym-b9f37-omplete-Social-Feed-Testing-Mobile-Chrome/video.webm]]
]]>
</system-out>
</testcase>
<testcase name="🚀 COMPREHENSIVE LIVE DEPLOYMENT TESTING › 🖼️ GALLERY - Complete Gallery Testing" classname="comprehensive-live-deployment.spec.ts" time="44.669">
<failure message="comprehensive-live-deployment.spec.ts:295:7 🖼️ GALLERY - Complete Gallery Testing" type="FAILURE">
<![CDATA[  [Mobile Chrome] › comprehensive-live-deployment.spec.ts:295:7 › 🚀 COMPREHENSIVE LIVE DEPLOYMENT TESTING › 🖼️ GALLERY - Complete Gallery Testing 

    Test timeout of 30000ms exceeded while running "beforeEach" hook.

      23 |
      24 | test.describe('🚀 COMPREHENSIVE LIVE DEPLOYMENT TESTING', () => {
    > 25 |   test.beforeEach(async ({ page }) => {
         |        ^
      26 |     // Set longer timeout for live testing
      27 |     test.setTimeout(TEST_TIMEOUT);
      28 |     
        at /Users/asithalakmal/Documents/web/final project/WeddingLK-next copy/tests/e2e/comprehensive-live-deployment.spec.ts:25:8

    TimeoutError: page.goto: Timeout 30000ms exceeded.
    Call log:
      - navigating to "https://wedding-lk.vercel.app/", waiting until "load"


      28 |     
      29 |     // Navigate to live deployment
    > 30 |     await page.goto(BASE_URL);
         |                ^
      31 |     
      32 |     // Wait for page to load completely
      33 |     await page.waitForLoadState('networkidle');
        at /Users/asithalakmal/Documents/web/final project/WeddingLK-next copy/tests/e2e/comprehensive-live-deployment.spec.ts:30:16

    attachment #1: video (video/webm) ──────────────────────────────────────────────────────────────
    ../../test-results/comprehensive-live-deploym-caa8a----Complete-Gallery-Testing-Mobile-Chrome/video.webm
    ────────────────────────────────────────────────────────────────────────────────────────────────
]]>
</failure>
<system-out>
<![CDATA[
[[ATTACHMENT|test-results/comprehensive-live-deploym-caa8a----Complete-Gallery-Testing-Mobile-Chrome/video.webm]]
]]>
</system-out>
</testcase>
<testcase name="🚀 COMPREHENSIVE LIVE DEPLOYMENT TESTING › 📊 DASHBOARD - Complete Dashboard Testing" classname="comprehensive-live-deployment.spec.ts" time="44.695">
<failure message="comprehensive-live-deployment.spec.ts:329:7 📊 DASHBOARD - Complete Dashboard Testing" type="FAILURE">
<![CDATA[  [Mobile Chrome] › comprehensive-live-deployment.spec.ts:329:7 › 🚀 COMPREHENSIVE LIVE DEPLOYMENT TESTING › 📊 DASHBOARD - Complete Dashboard Testing 

    Test timeout of 30000ms exceeded while running "beforeEach" hook.

      23 |
      24 | test.describe('🚀 COMPREHENSIVE LIVE DEPLOYMENT TESTING', () => {
    > 25 |   test.beforeEach(async ({ page }) => {
         |        ^
      26 |     // Set longer timeout for live testing
      27 |     test.setTimeout(TEST_TIMEOUT);
      28 |     
        at /Users/asithalakmal/Documents/web/final project/WeddingLK-next copy/tests/e2e/comprehensive-live-deployment.spec.ts:25:8

    TimeoutError: page.goto: Timeout 30000ms exceeded.
    Call log:
      - navigating to "https://wedding-lk.vercel.app/", waiting until "load"


      28 |     
      29 |     // Navigate to live deployment
    > 30 |     await page.goto(BASE_URL);
         |                ^
      31 |     
      32 |     // Wait for page to load completely
      33 |     await page.waitForLoadState('networkidle');
        at /Users/asithalakmal/Documents/web/final project/WeddingLK-next copy/tests/e2e/comprehensive-live-deployment.spec.ts:30:16

    attachment #1: video (video/webm) ──────────────────────────────────────────────────────────────
    ../../test-results/comprehensive-live-deploym-06825--Complete-Dashboard-Testing-Mobile-Chrome/video.webm
    ────────────────────────────────────────────────────────────────────────────────────────────────
]]>
</failure>
<system-out>
<![CDATA[
[[ATTACHMENT|test-results/comprehensive-live-deploym-06825--Complete-Dashboard-Testing-Mobile-Chrome/video.webm]]
]]>
</system-out>
</testcase>
<testcase name="🚀 COMPREHENSIVE LIVE DEPLOYMENT TESTING › 🔧 API ENDPOINTS - Complete API Testing" classname="comprehensive-live-deployment.spec.ts" time="45.707">
<failure message="comprehensive-live-deployment.spec.ts:388:7 🔧 API ENDPOINTS - Complete API Testing" type="FAILURE">
<![CDATA[  [Mobile Chrome] › comprehensive-live-deployment.spec.ts:388:7 › 🚀 COMPREHENSIVE LIVE DEPLOYMENT TESTING › 🔧 API ENDPOINTS - Complete API Testing 

    Test timeout of 30000ms exceeded while running "beforeEach" hook.

      23 |
      24 | test.describe('🚀 COMPREHENSIVE LIVE DEPLOYMENT TESTING', () => {
    > 25 |   test.beforeEach(async ({ page }) => {
         |        ^
      26 |     // Set longer timeout for live testing
      27 |     test.setTimeout(TEST_TIMEOUT);
      28 |     
        at /Users/asithalakmal/Documents/web/final project/WeddingLK-next copy/tests/e2e/comprehensive-live-deployment.spec.ts:25:8

    TimeoutError: page.goto: Timeout 30000ms exceeded.
    Call log:
      - navigating to "https://wedding-lk.vercel.app/", waiting until "load"


      28 |     
      29 |     // Navigate to live deployment
    > 30 |     await page.goto(BASE_URL);
         |                ^
      31 |     
      32 |     // Wait for page to load completely
      33 |     await page.waitForLoadState('networkidle');
        at /Users/asithalakmal/Documents/web/final project/WeddingLK-next copy/tests/e2e/comprehensive-live-deployment.spec.ts:30:16

    attachment #1: video (video/webm) ──────────────────────────────────────────────────────────────
    ../../test-results/comprehensive-live-deploym-3e5dc-INTS---Complete-API-Testing-Mobile-Chrome/video.webm
    ────────────────────────────────────────────────────────────────────────────────────────────────
]]>
</failure>
<system-out>
<![CDATA[
[[ATTACHMENT|test-results/comprehensive-live-deploym-3e5dc-INTS---Complete-API-Testing-Mobile-Chrome/video.webm]]
]]>
</system-out>
</testcase>
<testcase name="🚀 COMPREHENSIVE LIVE DEPLOYMENT TESTING › 📱 RESPONSIVE DESIGN - Complete Mobile Testing" classname="comprehensive-live-deployment.spec.ts" time="44.523">
<failure message="comprehensive-live-deployment.spec.ts:414:7 📱 RESPONSIVE DESIGN - Complete Mobile Testing" type="FAILURE">
<![CDATA[  [Mobile Chrome] › comprehensive-live-deployment.spec.ts:414:7 › 🚀 COMPREHENSIVE LIVE DEPLOYMENT TESTING › 📱 RESPONSIVE DESIGN - Complete Mobile Testing 

    Test timeout of 30000ms exceeded while running "beforeEach" hook.

      23 |
      24 | test.describe('🚀 COMPREHENSIVE LIVE DEPLOYMENT TESTING', () => {
    > 25 |   test.beforeEach(async ({ page }) => {
         |        ^
      26 |     // Set longer timeout for live testing
      27 |     test.setTimeout(TEST_TIMEOUT);
      28 |     
        at /Users/asithalakmal/Documents/web/final project/WeddingLK-next copy/tests/e2e/comprehensive-live-deployment.spec.ts:25:8

    TimeoutError: page.goto: Timeout 30000ms exceeded.
    Call log:
      - navigating to "https://wedding-lk.vercel.app/", waiting until "load"


      28 |     
      29 |     // Navigate to live deployment
    > 30 |     await page.goto(BASE_URL);
         |                ^
      31 |     
      32 |     // Wait for page to load completely
      33 |     await page.waitForLoadState('networkidle');
        at /Users/asithalakmal/Documents/web/final project/WeddingLK-next copy/tests/e2e/comprehensive-live-deployment.spec.ts:30:16

    attachment #1: video (video/webm) ──────────────────────────────────────────────────────────────
    ../../test-results/comprehensive-live-deploym-279a2-N---Complete-Mobile-Testing-Mobile-Chrome/video.webm
    ────────────────────────────────────────────────────────────────────────────────────────────────
]]>
</failure>
<system-out>
<![CDATA[
[[ATTACHMENT|test-results/comprehensive-live-deploym-279a2-N---Complete-Mobile-Testing-Mobile-Chrome/video.webm]]
]]>
</system-out>
</testcase>
<testcase name="🚀 COMPREHENSIVE LIVE DEPLOYMENT TESTING › 🎨 UI COMPONENTS - Complete Component Testing" classname="comprehensive-live-deployment.spec.ts" time="44.548">
<failure message="comprehensive-live-deployment.spec.ts:450:7 🎨 UI COMPONENTS - Complete Component Testing" type="FAILURE">
<![CDATA[  [Mobile Chrome] › comprehensive-live-deployment.spec.ts:450:7 › 🚀 COMPREHENSIVE LIVE DEPLOYMENT TESTING › 🎨 UI COMPONENTS - Complete Component Testing 

    Test timeout of 30000ms exceeded while running "beforeEach" hook.

      23 |
      24 | test.describe('🚀 COMPREHENSIVE LIVE DEPLOYMENT TESTING', () => {
    > 25 |   test.beforeEach(async ({ page }) => {
         |        ^
      26 |     // Set longer timeout for live testing
      27 |     test.setTimeout(TEST_TIMEOUT);
      28 |     
        at /Users/asithalakmal/Documents/web/final project/WeddingLK-next copy/tests/e2e/comprehensive-live-deployment.spec.ts:25:8

    TimeoutError: page.goto: Timeout 30000ms exceeded.
    Call log:
      - navigating to "https://wedding-lk.vercel.app/", waiting until "load"


      28 |     
      29 |     // Navigate to live deployment
    > 30 |     await page.goto(BASE_URL);
         |                ^
      31 |     
      32 |     // Wait for page to load completely
      33 |     await page.waitForLoadState('networkidle');
        at /Users/asithalakmal/Documents/web/final project/WeddingLK-next copy/tests/e2e/comprehensive-live-deployment.spec.ts:30:16

    attachment #1: video (video/webm) ──────────────────────────────────────────────────────────────
    ../../test-results/comprehensive-live-deploym-87362--Complete-Component-Testing-Mobile-Chrome/video.webm
    ────────────────────────────────────────────────────────────────────────────────────────────────
]]>
</failure>
<system-out>
<![CDATA[
[[ATTACHMENT|test-results/comprehensive-live-deploym-87362--Complete-Component-Testing-Mobile-Chrome/video.webm]]
]]>
</system-out>
</testcase>
<testcase name="🚀 COMPREHENSIVE LIVE DEPLOYMENT TESTING › ⚡ PERFORMANCE - Complete Performance Testing" classname="comprehensive-live-deployment.spec.ts" time="44.634">
<failure message="comprehensive-live-deployment.spec.ts:485:7 ⚡ PERFORMANCE - Complete Performance Testing" type="FAILURE">
<![CDATA[  [Mobile Chrome] › comprehensive-live-deployment.spec.ts:485:7 › 🚀 COMPREHENSIVE LIVE DEPLOYMENT TESTING › ⚡ PERFORMANCE - Complete Performance Testing 

    Test timeout of 30000ms exceeded while running "beforeEach" hook.

      23 |
      24 | test.describe('🚀 COMPREHENSIVE LIVE DEPLOYMENT TESTING', () => {
    > 25 |   test.beforeEach(async ({ page }) => {
         |        ^
      26 |     // Set longer timeout for live testing
      27 |     test.setTimeout(TEST_TIMEOUT);
      28 |     
        at /Users/asithalakmal/Documents/web/final project/WeddingLK-next copy/tests/e2e/comprehensive-live-deployment.spec.ts:25:8

    TimeoutError: page.goto: Timeout 30000ms exceeded.
    Call log:
      - navigating to "https://wedding-lk.vercel.app/", waiting until "load"


      28 |     
      29 |     // Navigate to live deployment
    > 30 |     await page.goto(BASE_URL);
         |                ^
      31 |     
      32 |     // Wait for page to load completely
      33 |     await page.waitForLoadState('networkidle');
        at /Users/asithalakmal/Documents/web/final project/WeddingLK-next copy/tests/e2e/comprehensive-live-deployment.spec.ts:30:16

    attachment #1: video (video/webm) ──────────────────────────────────────────────────────────────
    ../../test-results/comprehensive-live-deploym-d0375-omplete-Performance-Testing-Mobile-Chrome/video.webm
    ────────────────────────────────────────────────────────────────────────────────────────────────
]]>
</failure>
<system-out>
<![CDATA[
[[ATTACHMENT|test-results/comprehensive-live-deploym-d0375-omplete-Performance-Testing-Mobile-Chrome/video.webm]]
]]>
</system-out>
</testcase>
<testcase name="🚀 COMPREHENSIVE LIVE DEPLOYMENT TESTING › 🔍 ERROR HANDLING - Complete Error Testing" classname="comprehensive-live-deployment.spec.ts" time="44.65">
<failure message="comprehensive-live-deployment.spec.ts:513:7 🔍 ERROR HANDLING - Complete Error Testing" type="FAILURE">
<![CDATA[  [Mobile Chrome] › comprehensive-live-deployment.spec.ts:513:7 › 🚀 COMPREHENSIVE LIVE DEPLOYMENT TESTING › 🔍 ERROR HANDLING - Complete Error Testing 

    Test timeout of 30000ms exceeded while running "beforeEach" hook.

      23 |
      24 | test.describe('🚀 COMPREHENSIVE LIVE DEPLOYMENT TESTING', () => {
    > 25 |   test.beforeEach(async ({ page }) => {
         |        ^
      26 |     // Set longer timeout for live testing
      27 |     test.setTimeout(TEST_TIMEOUT);
      28 |     
        at /Users/asithalakmal/Documents/web/final project/WeddingLK-next copy/tests/e2e/comprehensive-live-deployment.spec.ts:25:8

    TimeoutError: page.goto: Timeout 30000ms exceeded.
    Call log:
      - navigating to "https://wedding-lk.vercel.app/", waiting until "load"


      28 |     
      29 |     // Navigate to live deployment
    > 30 |     await page.goto(BASE_URL);
         |                ^
      31 |     
      32 |     // Wait for page to load completely
      33 |     await page.waitForLoadState('networkidle');
        at /Users/asithalakmal/Documents/web/final project/WeddingLK-next copy/tests/e2e/comprehensive-live-deployment.spec.ts:30:16

    attachment #1: video (video/webm) ──────────────────────────────────────────────────────────────
    ../../test-results/comprehensive-live-deploym-608d6-NG---Complete-Error-Testing-Mobile-Chrome/video.webm
    ────────────────────────────────────────────────────────────────────────────────────────────────
]]>
</failure>
<system-out>
<![CDATA[
[[ATTACHMENT|test-results/comprehensive-live-deploym-608d6-NG---Complete-Error-Testing-Mobile-Chrome/video.webm]]
]]>
</system-out>
</testcase>
<testcase name="🚀 COMPREHENSIVE LIVE DEPLOYMENT TESTING › 🎯 FINAL INTEGRATION - Complete System Integration" classname="comprehensive-live-deployment.spec.ts" time="44.787">
<failure message="comprehensive-live-deployment.spec.ts:544:7 🎯 FINAL INTEGRATION - Complete System Integration" type="FAILURE">
<![CDATA[  [Mobile Chrome] › comprehensive-live-deployment.spec.ts:544:7 › 🚀 COMPREHENSIVE LIVE DEPLOYMENT TESTING › 🎯 FINAL INTEGRATION - Complete System Integration 

    Test timeout of 30000ms exceeded while running "beforeEach" hook.

      23 |
      24 | test.describe('🚀 COMPREHENSIVE LIVE DEPLOYMENT TESTING', () => {
    > 25 |   test.beforeEach(async ({ page }) => {
         |        ^
      26 |     // Set longer timeout for live testing
      27 |     test.setTimeout(TEST_TIMEOUT);
      28 |     
        at /Users/asithalakmal/Documents/web/final project/WeddingLK-next copy/tests/e2e/comprehensive-live-deployment.spec.ts:25:8

    TimeoutError: page.goto: Timeout 30000ms exceeded.
    Call log:
      - navigating to "https://wedding-lk.vercel.app/", waiting until "load"


      28 |     
      29 |     // Navigate to live deployment
    > 30 |     await page.goto(BASE_URL);
         |                ^
      31 |     
      32 |     // Wait for page to load completely
      33 |     await page.waitForLoadState('networkidle');
        at /Users/asithalakmal/Documents/web/final project/WeddingLK-next copy/tests/e2e/comprehensive-live-deployment.spec.ts:30:16

    attachment #1: video (video/webm) ──────────────────────────────────────────────────────────────
    ../../test-results/comprehensive-live-deploym-c7c0a-Complete-System-Integration-Mobile-Chrome/video.webm
    ────────────────────────────────────────────────────────────────────────────────────────────────
]]>
</failure>
<system-out>
<![CDATA[
[[ATTACHMENT|test-results/comprehensive-live-deploym-c7c0a-Complete-System-Integration-Mobile-Chrome/video.webm]]
]]>
</system-out>
</testcase>
<testcase name="🚀 LIVE DEPLOYMENT STRESS TESTING › ⚡ STRESS TEST - Multiple Concurrent Operations" classname="comprehensive-live-deployment.spec.ts" time="44.672">
<failure message="comprehensive-live-deployment.spec.ts:584:7 ⚡ STRESS TEST - Multiple Concurrent Operations" type="FAILURE">
<![CDATA[  [Mobile Chrome] › comprehensive-live-deployment.spec.ts:584:7 › 🚀 LIVE DEPLOYMENT STRESS TESTING › ⚡ STRESS TEST - Multiple Concurrent Operations 

    Test timeout of 30000ms exceeded.

    TimeoutError: page.goto: Timeout 30000ms exceeded.
    Call log:
      - navigating to "https://wedding-lk.vercel.app/venues", waiting until "load"


      590 |     for (let i = 0; i < 3; i++) {
      591 |       for (const pagePath of pages) {
    > 592 |         await page.goto(`${BASE_URL}${pagePath}`);
          |                    ^
      593 |         await page.waitForLoadState('networkidle');
      594 |         await page.waitForTimeout(500);
      595 |       }
        at /Users/asithalakmal/Documents/web/final project/WeddingLK-next copy/tests/e2e/comprehensive-live-deployment.spec.ts:592:20

    attachment #1: video (video/webm) ──────────────────────────────────────────────────────────────
    ../../test-results/comprehensive-live-deploym-5eba8-tiple-Concurrent-Operations-Mobile-Chrome/video.webm
    ────────────────────────────────────────────────────────────────────────────────────────────────
]]>
</failure>
<system-out>
<![CDATA[⚡ Running Stress Tests...

[[ATTACHMENT|test-results/comprehensive-live-deploym-5eba8-tiple-Concurrent-Operations-Mobile-Chrome/video.webm]]
]]>
</system-out>
</testcase>
</testsuite>
<testsuite name="payment.spec.ts" timestamp="2025-10-22T18:37:21.475Z" hostname="Mobile Chrome" tests="7" failures="7" skipped="0" time="303.05" errors="0">
<testcase name="Payment System › Stripe payment integration with mock" classname="payment.spec.ts" time="44.721">
<failure message="payment.spec.ts:5:7 Stripe payment integration with mock" type="FAILURE">
<![CDATA[  [Mobile Chrome] › payment.spec.ts:5:7 › Payment System › Stripe payment integration with mock ────

    Test timeout of 30000ms exceeded.

    TimeoutError: page.goto: Timeout 30000ms exceeded.
    Call log:
      - navigating to "https://wedding-lk.vercel.app/checkout", waiting until "load"


      10 |     };
      11 |
    > 12 |     await page.goto('/checkout');
         |                ^
      13 |     
      14 |     // Fill checkout form
      15 |     await page.fill('input[name="customerName"]', customer.name);
        at /Users/asithalakmal/Documents/web/final project/WeddingLK-next copy/tests/e2e/payment.spec.ts:12:16

    attachment #1: video (video/webm) ──────────────────────────────────────────────────────────────
    ../../test-results/payment-Payment-System-Stripe-payment-integration-with-mock-Mobile-Chrome/video.webm
    ────────────────────────────────────────────────────────────────────────────────────────────────
]]>
</failure>
<system-out>
<![CDATA[
[[ATTACHMENT|test-results/payment-Payment-System-Stripe-payment-integration-with-mock-Mobile-Chrome/video.webm]]
]]>
</system-out>
</testcase>
<testcase name="Payment System › PayHere payment integration" classname="payment.spec.ts" time="44.897">
<failure message="payment.spec.ts:62:7 PayHere payment integration" type="FAILURE">
<![CDATA[  [Mobile Chrome] › payment.spec.ts:62:7 › Payment System › PayHere payment integration ────────────

    Test timeout of 30000ms exceeded.

    TimeoutError: page.goto: Timeout 30000ms exceeded.
    Call log:
      - navigating to "https://wedding-lk.vercel.app/checkout", waiting until "load"


      61 |
      62 |   test('PayHere payment integration', async ({ page }) => {
    > 63 |     await page.goto('/checkout');
         |                ^
      64 |     
      65 |     // Select PayHere payment method
      66 |     await page.click('input[name="paymentMethod"][value="payhere"]');
        at /Users/asithalakmal/Documents/web/final project/WeddingLK-next copy/tests/e2e/payment.spec.ts:63:16

    attachment #1: video (video/webm) ──────────────────────────────────────────────────────────────
    ../../test-results/payment-Payment-System-PayHere-payment-integration-Mobile-Chrome/video.webm
    ────────────────────────────────────────────────────────────────────────────────────────────────
]]>
</failure>
<system-out>
<![CDATA[
[[ATTACHMENT|test-results/payment-Payment-System-PayHere-payment-integration-Mobile-Chrome/video.webm]]
]]>
</system-out>
</testcase>
<testcase name="Payment System › Payment failure handling" classname="payment.spec.ts" time="44.547">
<failure message="payment.spec.ts:101:7 Payment failure handling" type="FAILURE">
<![CDATA[  [Mobile Chrome] › payment.spec.ts:101:7 › Payment System › Payment failure handling ──────────────

    Test timeout of 30000ms exceeded.

    TimeoutError: page.goto: Timeout 30000ms exceeded.
    Call log:
      - navigating to "https://wedding-lk.vercel.app/checkout", waiting until "load"


      100 |
      101 |   test('Payment failure handling', async ({ page }) => {
    > 102 |     await page.goto('/checkout');
          |                ^
      103 |     
      104 |     // Mock payment failure
      105 |     await page.route('**/api/payments/create-intent', route => {
        at /Users/asithalakmal/Documents/web/final project/WeddingLK-next copy/tests/e2e/payment.spec.ts:102:16

    attachment #1: video (video/webm) ──────────────────────────────────────────────────────────────
    ../../test-results/payment-Payment-System-Payment-failure-handling-Mobile-Chrome/video.webm
    ────────────────────────────────────────────────────────────────────────────────────────────────
]]>
</failure>
<system-out>
<![CDATA[
[[ATTACHMENT|test-results/payment-Payment-System-Payment-failure-handling-Mobile-Chrome/video.webm]]
]]>
</system-out>
</testcase>
<testcase name="Payment System › Payment refund processing" classname="payment.spec.ts" time="44.979">
<failure message="payment.spec.ts:126:7 Payment refund processing" type="FAILURE">
<![CDATA[  [Mobile Chrome] › payment.spec.ts:126:7 › Payment System › Payment refund processing ─────────────

    Test timeout of 30000ms exceeded.

    TimeoutError: page.goto: Timeout 30000ms exceeded.
    Call log:
      - navigating to "https://wedding-lk.vercel.app/auth/signin", waiting until "load"


      126 |   test('Payment refund processing', async ({ page }) => {
      127 |     // Login as admin
    > 128 |     await page.goto('/auth/signin');
          |                ^
      129 |     await page.fill('input[name="email"]', process.env.TEST_ADMIN_EMAIL || 'admin@test.local');
      130 |     await page.fill('input[name="password"]', process.env.TEST_ADMIN_PASSWORD || 'AdminPass123!');
      131 |     await page.click('button[type="submit"]');
        at /Users/asithalakmal/Documents/web/final project/WeddingLK-next copy/tests/e2e/payment.spec.ts:128:16

    attachment #1: video (video/webm) ──────────────────────────────────────────────────────────────
    ../../test-results/payment-Payment-System-Payment-refund-processing-Mobile-Chrome/video.webm
    ────────────────────────────────────────────────────────────────────────────────────────────────
]]>
</failure>
<system-out>
<![CDATA[
[[ATTACHMENT|test-results/payment-Payment-System-Payment-refund-processing-Mobile-Chrome/video.webm]]
]]>
</system-out>
</testcase>
<testcase name="Payment System › Payment history and analytics" classname="payment.spec.ts" time="44.734">
<failure message="payment.spec.ts:173:7 Payment history and analytics" type="FAILURE">
<![CDATA[  [Mobile Chrome] › payment.spec.ts:173:7 › Payment System › Payment history and analytics ─────────

    Test timeout of 30000ms exceeded.

    TimeoutError: page.goto: Timeout 30000ms exceeded.
    Call log:
      - navigating to "https://wedding-lk.vercel.app/auth/signin", waiting until "load"


      173 |   test('Payment history and analytics', async ({ page }) => {
      174 |     // Login as customer
    > 175 |     await page.goto('/auth/signin');
          |                ^
      176 |     await page.fill('input[name="email"]', process.env.TEST_CUSTOMER_EMAIL || 'customer@test.local');
      177 |     await page.fill('input[name="password"]', process.env.TEST_CUSTOMER_PASSWORD || 'CustomerPass123!');
      178 |     await page.click('button[type="submit"]');
        at /Users/asithalakmal/Documents/web/final project/WeddingLK-next copy/tests/e2e/payment.spec.ts:175:16

    attachment #1: video (video/webm) ──────────────────────────────────────────────────────────────
    ../../test-results/payment-Payment-System-Payment-history-and-analytics-Mobile-Chrome/video.webm
    ────────────────────────────────────────────────────────────────────────────────────────────────
]]>
</failure>
<system-out>
<![CDATA[
[[ATTACHMENT|test-results/payment-Payment-System-Payment-history-and-analytics-Mobile-Chrome/video.webm]]
]]>
</system-out>
</testcase>
<testcase name="Payment System › Subscription payment management" classname="payment.spec.ts" time="44.831">
<failure message="payment.spec.ts:195:7 Subscription payment management" type="FAILURE">
<![CDATA[  [Mobile Chrome] › payment.spec.ts:195:7 › Payment System › Subscription payment management ───────

    Test timeout of 30000ms exceeded.

    TimeoutError: page.goto: Timeout 30000ms exceeded.
    Call log:
      - navigating to "https://wedding-lk.vercel.app/auth/signin", waiting until "load"


      195 |   test('Subscription payment management', async ({ page }) => {
      196 |     // Login as vendor
    > 197 |     await page.goto('/auth/signin');
          |                ^
      198 |     await page.fill('input[name="email"]', process.env.TEST_VENDOR_EMAIL || 'vendor@test.local');
      199 |     await page.fill('input[name="password"]', process.env.TEST_VENDOR_PASSWORD || 'VendorPass123!');
      200 |     await page.click('button[type="submit"]');
        at /Users/asithalakmal/Documents/web/final project/WeddingLK-next copy/tests/e2e/payment.spec.ts:197:16

    attachment #1: video (video/webm) ──────────────────────────────────────────────────────────────
    ../../test-results/payment-Payment-System-Subscription-payment-management-Mobile-Chrome/video.webm
    ────────────────────────────────────────────────────────────────────────────────────────────────
]]>
</failure>
<system-out>
<![CDATA[
[[ATTACHMENT|test-results/payment-Payment-System-Subscription-payment-management-Mobile-Chrome/video.webm]]
]]>
</system-out>
</testcase>
<testcase name="Payment System › Payment webhook handling" classname="payment.spec.ts" time="34.341">
<failure message="payment.spec.ts:231:7 Payment webhook handling" type="FAILURE">
<![CDATA[  [Mobile Chrome] › payment.spec.ts:231:7 › Payment System › Payment webhook handling ──────────────

    Test timeout of 30000ms exceeded.

    Error: apiRequestContext.post: Target page, context or browser has been closed
    Call log:
      - → POST https://wedding-lk.vercel.app/api/webhooks/stripe
        - user-agent: Mozilla/5.0 (Linux; Android 11; Pixel 5) AppleWebKit/537.36 (KHTML, like Gecko) Chrome/141.0.7390.37 Mobile Safari/537.36
        - accept: */*
        - accept-encoding: gzip,deflate,br
        - content-type: application/json
        - content-length: 128


      231 |   test('Payment webhook handling', async ({ page }) => {
      232 |     // Test webhook endpoint
    > 233 |     const webhookResponse = await page.request.post('/api/webhooks/stripe', {
          |                                                ^
      234 |       data: {
      235 |         type: 'payment_intent.succeeded',
      236 |         data: {
        at /Users/asithalakmal/Documents/web/final project/WeddingLK-next copy/tests/e2e/payment.spec.ts:233:48

    attachment #1: screenshot (image/png) ──────────────────────────────────────────────────────────
    ../../test-results/payment-Payment-System-Payment-webhook-handling-Mobile-Chrome/test-failed-1.png
    ────────────────────────────────────────────────────────────────────────────────────────────────

    attachment #2: video (video/webm) ──────────────────────────────────────────────────────────────
    ../../test-results/payment-Payment-System-Payment-webhook-handling-Mobile-Chrome/video.webm
    ────────────────────────────────────────────────────────────────────────────────────────────────
]]>
</failure>
<system-out>
<![CDATA[
[[ATTACHMENT|test-results/payment-Payment-System-Payment-webhook-handling-Mobile-Chrome/test-failed-1.png]]

[[ATTACHMENT|test-results/payment-Payment-System-Payment-webhook-handling-Mobile-Chrome/video.webm]]
]]>
</system-out>
</testcase>
</testsuite>
<testsuite name="production.spec.ts" timestamp="2025-10-22T18:37:21.475Z" hostname="Mobile Chrome" tests="6" failures="6" skipped="0" time="269.741" errors="0">
<testcase name="Production Site Tests › Homepage loads correctly" classname="production.spec.ts" time="44.858">
<failure message="production.spec.ts:4:7 Homepage loads correctly" type="FAILURE">
<![CDATA[  [Mobile Chrome] › production.spec.ts:4:7 › Production Site Tests › Homepage loads correctly ──────

    Test timeout of 30000ms exceeded.

    TimeoutError: page.goto: Timeout 30000ms exceeded.
    Call log:
      - navigating to "https://wedding-lk.vercel.app/", waiting until "load"


      3 | test.describe('Production Site Tests', () => {
      4 |   test('Homepage loads correctly', async ({ page }) => {
    > 5 |     await page.goto('/');
        |                ^
      6 |     
      7 |     // Check that the main heading is visible
      8 |     await expect(page.locator('h1')).toContainText('Find Your Perfect');
        at /Users/asithalakmal/Documents/web/final project/WeddingLK-next copy/tests/e2e/production.spec.ts:5:16

    attachment #1: video (video/webm) ──────────────────────────────────────────────────────────────
    ../../test-results/production-Production-Site-Tests-Homepage-loads-correctly-Mobile-Chrome/video.webm
    ────────────────────────────────────────────────────────────────────────────────────────────────
]]>
</failure>
<system-out>
<![CDATA[
[[ATTACHMENT|test-results/production-Production-Site-Tests-Homepage-loads-correctly-Mobile-Chrome/video.webm]]
]]>
</system-out>
</testcase>
<testcase name="Production Site Tests › Navigation works correctly" classname="production.spec.ts" time="44.583">
<failure message="production.spec.ts:19:7 Navigation works correctly" type="FAILURE">
<![CDATA[  [Mobile Chrome] › production.spec.ts:19:7 › Production Site Tests › Navigation works correctly ───

    Test timeout of 30000ms exceeded.

    TimeoutError: page.goto: Timeout 30000ms exceeded.
    Call log:
      - navigating to "https://wedding-lk.vercel.app/", waiting until "load"


      18 |
      19 |   test('Navigation works correctly', async ({ page }) => {
    > 20 |     await page.goto('/');
         |                ^
      21 |     
      22 |     // Test venues navigation - use a more robust approach
      23 |     await page.locator('nav a[href="/venues"]').first().click();
        at /Users/asithalakmal/Documents/web/final project/WeddingLK-next copy/tests/e2e/production.spec.ts:20:16

    attachment #1: video (video/webm) ──────────────────────────────────────────────────────────────
    ../../test-results/production-Production-Site-Tests-Navigation-works-correctly-Mobile-Chrome/video.webm
    ────────────────────────────────────────────────────────────────────────────────────────────────
]]>
</failure>
<system-out>
<![CDATA[
[[ATTACHMENT|test-results/production-Production-Site-Tests-Navigation-works-correctly-Mobile-Chrome/video.webm]]
]]>
</system-out>
</testcase>
<testcase name="Production Site Tests › Search functionality is present" classname="production.spec.ts" time="44.868">
<failure message="production.spec.ts:37:7 Search functionality is present" type="FAILURE">
<![CDATA[  [Mobile Chrome] › production.spec.ts:37:7 › Production Site Tests › Search functionality is present 

    Test timeout of 30000ms exceeded.

    TimeoutError: page.goto: Timeout 30000ms exceeded.
    Call log:
      - navigating to "https://wedding-lk.vercel.app/", waiting until "load"


      36 |
      37 |   test('Search functionality is present', async ({ page }) => {
    > 38 |     await page.goto('/');
         |                ^
      39 |     
      40 |     // Check that the search input is present (try different placeholder text)
      41 |     await expect(page.locator('input[placeholder*="dream wedding"]')).toBeVisible();
        at /Users/asithalakmal/Documents/web/final project/WeddingLK-next copy/tests/e2e/production.spec.ts:38:16

    attachment #1: video (video/webm) ──────────────────────────────────────────────────────────────
    ../../test-results/production-Production-Site-101a3-ch-functionality-is-present-Mobile-Chrome/video.webm
    ────────────────────────────────────────────────────────────────────────────────────────────────
]]>
</failure>
<system-out>
<![CDATA[
[[ATTACHMENT|test-results/production-Production-Site-101a3-ch-functionality-is-present-Mobile-Chrome/video.webm]]
]]>
</system-out>
</testcase>
<testcase name="Production Site Tests › Footer links are present" classname="production.spec.ts" time="45.128">
<failure message="production.spec.ts:47:7 Footer links are present" type="FAILURE">
<![CDATA[  [Mobile Chrome] › production.spec.ts:47:7 › Production Site Tests › Footer links are present ─────

    Test timeout of 30000ms exceeded.

    TimeoutError: page.goto: Timeout 30000ms exceeded.
    Call log:
      - navigating to "https://wedding-lk.vercel.app/", waiting until "load"


      46 |
      47 |   test('Footer links are present', async ({ page }) => {
    > 48 |     await page.goto('/');
         |                ^
      49 |     
      50 |     // Scroll to footer
      51 |     await page.evaluate(() => window.scrollTo(0, document.body.scrollHeight));
        at /Users/asithalakmal/Documents/web/final project/WeddingLK-next copy/tests/e2e/production.spec.ts:48:16

    attachment #1: video (video/webm) ──────────────────────────────────────────────────────────────
    ../../test-results/production-Production-Site-Tests-Footer-links-are-present-Mobile-Chrome/video.webm
    ────────────────────────────────────────────────────────────────────────────────────────────────
]]>
</failure>
<system-out>
<![CDATA[
[[ATTACHMENT|test-results/production-Production-Site-Tests-Footer-links-are-present-Mobile-Chrome/video.webm]]
]]>
</system-out>
</testcase>
<testcase name="Production Site Tests › Responsive design works" classname="production.spec.ts" time="45.443">
<failure message="production.spec.ts:61:7 Responsive design works" type="FAILURE">
<![CDATA[  [Mobile Chrome] › production.spec.ts:61:7 › Production Site Tests › Responsive design works ──────

    Test timeout of 30000ms exceeded.

    TimeoutError: page.goto: Timeout 30000ms exceeded.
    Call log:
      - navigating to "https://wedding-lk.vercel.app/", waiting until "load"


      62 |     // Test mobile viewport
      63 |     await page.setViewportSize({ width: 375, height: 667 });
    > 64 |     await page.goto('/');
         |                ^
      65 |     
      66 |     // Check that mobile menu button is visible
      67 |     await expect(page.locator('button:has(svg.lucide-menu)')).toBeVisible();
        at /Users/asithalakmal/Documents/web/final project/WeddingLK-next copy/tests/e2e/production.spec.ts:64:16

    attachment #1: video (video/webm) ──────────────────────────────────────────────────────────────
    ../../test-results/production-Production-Site-Tests-Responsive-design-works-Mobile-Chrome/video.webm
    ────────────────────────────────────────────────────────────────────────────────────────────────
]]>
</failure>
<system-out>
<![CDATA[
[[ATTACHMENT|test-results/production-Production-Site-Tests-Responsive-design-works-Mobile-Chrome/video.webm]]
]]>
</system-out>
</testcase>
<testcase name="Production Site Tests › Page metadata is correct" classname="production.spec.ts" time="44.861">
<failure message="production.spec.ts:77:7 Page metadata is correct" type="FAILURE">
<![CDATA[  [Mobile Chrome] › production.spec.ts:77:7 › Production Site Tests › Page metadata is correct ─────

    Test timeout of 30000ms exceeded.

    TimeoutError: page.goto: Timeout 30000ms exceeded.
    Call log:
      - navigating to "https://wedding-lk.vercel.app/", waiting until "load"


      76 |
      77 |   test('Page metadata is correct', async ({ page }) => {
    > 78 |     await page.goto('/');
         |                ^
      79 |     
      80 |     // Check title
      81 |     await expect(page).toHaveTitle(/WeddingLK/);
        at /Users/asithalakmal/Documents/web/final project/WeddingLK-next copy/tests/e2e/production.spec.ts:78:16

    attachment #1: video (video/webm) ──────────────────────────────────────────────────────────────
    ../../test-results/production-Production-Site-Tests-Page-metadata-is-correct-Mobile-Chrome/video.webm
    ────────────────────────────────────────────────────────────────────────────────────────────────
]]>
</failure>
<system-out>
<![CDATA[
[[ATTACHMENT|test-results/production-Production-Site-Tests-Page-metadata-is-correct-Mobile-Chrome/video.webm]]
]]>
</system-out>
</testcase>
</testsuite>
<testsuite name="rbac-comprehensive.spec.ts" timestamp="2025-10-22T18:37:21.475Z" hostname="Mobile Chrome" tests="28" failures="28" skipped="0" time="1244.756" errors="0">
<testcase name="🔐 User Role RBAC Tests › User Role - Allowed Access" classname="rbac-comprehensive.spec.ts" time="45.028">
<failure message="rbac-comprehensive.spec.ts:76:7 User Role - Allowed Access" type="FAILURE">
<![CDATA[  [Mobile Chrome] › rbac-comprehensive.spec.ts:76:7 › 🔐 User Role RBAC Tests › User Role - Allowed Access 

    Test timeout of 30000ms exceeded.

    TimeoutError: page.goto: Timeout 30000ms exceeded.
    Call log:
      - navigating to "https://wedding-lk.vercel.app/auth/signin", waiting until "load"


      49 | async function loginAsRole(page: any, role: keyof typeof testUsers) {
      50 |   const user = testUsers[role];
    > 51 |   await page.goto('/auth/signin');
         |              ^
      52 |   await page.fill('input[name="email"]', user.email);
      53 |   await page.fill('input[name="password"]', user.password);
      54 |   await page.click('button[type="submit"]');
        at loginAsRole (/Users/asithalakmal/Documents/web/final project/WeddingLK-next copy/tests/e2e/rbac-comprehensive.spec.ts:51:14)
        at /Users/asithalakmal/Documents/web/final project/WeddingLK-next copy/tests/e2e/rbac-comprehensive.spec.ts:77:11

    attachment #1: video (video/webm) ──────────────────────────────────────────────────────────────
    ../../test-results/rbac-comprehensive-🔐-User-6e635--User-Role---Allowed-Access-Mobile-Chrome/video.webm
    ────────────────────────────────────────────────────────────────────────────────────────────────
]]>
</failure>
<system-out>
<![CDATA[
[[ATTACHMENT|test-results/rbac-comprehensive-🔐-User-6e635--User-Role---Allowed-Access-Mobile-Chrome/video.webm]]
]]>
</system-out>
</testcase>
<testcase name="🔐 User Role RBAC Tests › User Role - Navigation Items Visibility" classname="rbac-comprehensive.spec.ts" time="44.56">
<failure message="rbac-comprehensive.spec.ts:106:7 User Role - Navigation Items Visibility" type="FAILURE">
<![CDATA[  [Mobile Chrome] › rbac-comprehensive.spec.ts:106:7 › 🔐 User Role RBAC Tests › User Role - Navigation Items Visibility 

    Test timeout of 30000ms exceeded.

    TimeoutError: page.goto: Timeout 30000ms exceeded.
    Call log:
      - navigating to "https://wedding-lk.vercel.app/auth/signin", waiting until "load"


      49 | async function loginAsRole(page: any, role: keyof typeof testUsers) {
      50 |   const user = testUsers[role];
    > 51 |   await page.goto('/auth/signin');
         |              ^
      52 |   await page.fill('input[name="email"]', user.email);
      53 |   await page.fill('input[name="password"]', user.password);
      54 |   await page.click('button[type="submit"]');
        at loginAsRole (/Users/asithalakmal/Documents/web/final project/WeddingLK-next copy/tests/e2e/rbac-comprehensive.spec.ts:51:14)
        at /Users/asithalakmal/Documents/web/final project/WeddingLK-next copy/tests/e2e/rbac-comprehensive.spec.ts:107:11

    attachment #1: video (video/webm) ──────────────────────────────────────────────────────────────
    ../../test-results/rbac-comprehensive-🔐-User-608d2-Navigation-Items-Visibility-Mobile-Chrome/video.webm
    ────────────────────────────────────────────────────────────────────────────────────────────────
]]>
</failure>
<system-out>
<![CDATA[
[[ATTACHMENT|test-results/rbac-comprehensive-🔐-User-608d2-Navigation-Items-Visibility-Mobile-Chrome/video.webm]]
]]>
</system-out>
</testcase>
<testcase name="🔐 User Role RBAC Tests › User Role - Feature Access Control" classname="rbac-comprehensive.spec.ts" time="44.834">
<failure message="rbac-comprehensive.spec.ts:126:7 User Role - Feature Access Control" type="FAILURE">
<![CDATA[  [Mobile Chrome] › rbac-comprehensive.spec.ts:126:7 › 🔐 User Role RBAC Tests › User Role - Feature Access Control 

    Test timeout of 30000ms exceeded.

    TimeoutError: page.goto: Timeout 30000ms exceeded.
    Call log:
      - navigating to "https://wedding-lk.vercel.app/auth/signin", waiting until "load"


      49 | async function loginAsRole(page: any, role: keyof typeof testUsers) {
      50 |   const user = testUsers[role];
    > 51 |   await page.goto('/auth/signin');
         |              ^
      52 |   await page.fill('input[name="email"]', user.email);
      53 |   await page.fill('input[name="password"]', user.password);
      54 |   await page.click('button[type="submit"]');
        at loginAsRole (/Users/asithalakmal/Documents/web/final project/WeddingLK-next copy/tests/e2e/rbac-comprehensive.spec.ts:51:14)
        at /Users/asithalakmal/Documents/web/final project/WeddingLK-next copy/tests/e2e/rbac-comprehensive.spec.ts:127:11

    attachment #1: video (video/webm) ──────────────────────────────────────────────────────────────
    ../../test-results/rbac-comprehensive-🔐-User-8f46f-le---Feature-Access-Control-Mobile-Chrome/video.webm
    ────────────────────────────────────────────────────────────────────────────────────────────────
]]>
</failure>
<system-out>
<![CDATA[
[[ATTACHMENT|test-results/rbac-comprehensive-🔐-User-8f46f-le---Feature-Access-Control-Mobile-Chrome/video.webm]]
]]>
</system-out>
</testcase>
<testcase name="🏢 Vendor Role RBAC Tests › Vendor Role - Allowed Access" classname="rbac-comprehensive.spec.ts" time="44.524">
<failure message="rbac-comprehensive.spec.ts:146:7 Vendor Role - Allowed Access" type="FAILURE">
<![CDATA[  [Mobile Chrome] › rbac-comprehensive.spec.ts:146:7 › 🏢 Vendor Role RBAC Tests › Vendor Role - Allowed Access 

    Test timeout of 30000ms exceeded.

    TimeoutError: page.goto: Timeout 30000ms exceeded.
    Call log:
      - navigating to "https://wedding-lk.vercel.app/auth/signin", waiting until "load"


      49 | async function loginAsRole(page: any, role: keyof typeof testUsers) {
      50 |   const user = testUsers[role];
    > 51 |   await page.goto('/auth/signin');
         |              ^
      52 |   await page.fill('input[name="email"]', user.email);
      53 |   await page.fill('input[name="password"]', user.password);
      54 |   await page.click('button[type="submit"]');
        at loginAsRole (/Users/asithalakmal/Documents/web/final project/WeddingLK-next copy/tests/e2e/rbac-comprehensive.spec.ts:51:14)
        at /Users/asithalakmal/Documents/web/final project/WeddingLK-next copy/tests/e2e/rbac-comprehensive.spec.ts:147:11

    attachment #1: video (video/webm) ──────────────────────────────────────────────────────────────
    ../../test-results/rbac-comprehensive-🏢-Vend-c71ca-endor-Role---Allowed-Access-Mobile-Chrome/video.webm
    ────────────────────────────────────────────────────────────────────────────────────────────────
]]>
</failure>
<system-out>
<![CDATA[
[[ATTACHMENT|test-results/rbac-comprehensive-🏢-Vend-c71ca-endor-Role---Allowed-Access-Mobile-Chrome/video.webm]]
]]>
</system-out>
</testcase>
<testcase name="🏢 Vendor Role RBAC Tests › Vendor Role - Navigation Items Visibility" classname="rbac-comprehensive.spec.ts" time="45.134">
<failure message="rbac-comprehensive.spec.ts:175:7 Vendor Role - Navigation Items Visibility" type="FAILURE">
<![CDATA[  [Mobile Chrome] › rbac-comprehensive.spec.ts:175:7 › 🏢 Vendor Role RBAC Tests › Vendor Role - Navigation Items Visibility 

    Test timeout of 30000ms exceeded.

    TimeoutError: page.goto: Timeout 30000ms exceeded.
    Call log:
      - navigating to "https://wedding-lk.vercel.app/auth/signin", waiting until "load"


      49 | async function loginAsRole(page: any, role: keyof typeof testUsers) {
      50 |   const user = testUsers[role];
    > 51 |   await page.goto('/auth/signin');
         |              ^
      52 |   await page.fill('input[name="email"]', user.email);
      53 |   await page.fill('input[name="password"]', user.password);
      54 |   await page.click('button[type="submit"]');
        at loginAsRole (/Users/asithalakmal/Documents/web/final project/WeddingLK-next copy/tests/e2e/rbac-comprehensive.spec.ts:51:14)
        at /Users/asithalakmal/Documents/web/final project/WeddingLK-next copy/tests/e2e/rbac-comprehensive.spec.ts:176:11

    attachment #1: video (video/webm) ──────────────────────────────────────────────────────────────
    ../../test-results/rbac-comprehensive-🏢-Vend-6301d-Navigation-Items-Visibility-Mobile-Chrome/video.webm
    ────────────────────────────────────────────────────────────────────────────────────────────────
]]>
</failure>
<system-out>
<![CDATA[
[[ATTACHMENT|test-results/rbac-comprehensive-🏢-Vend-6301d-Navigation-Items-Visibility-Mobile-Chrome/video.webm]]
]]>
</system-out>
</testcase>
<testcase name="🏢 Vendor Role RBAC Tests › Vendor Role - Feature Access Control" classname="rbac-comprehensive.spec.ts" time="44.874">
<failure message="rbac-comprehensive.spec.ts:196:7 Vendor Role - Feature Access Control" type="FAILURE">
<![CDATA[  [Mobile Chrome] › rbac-comprehensive.spec.ts:196:7 › 🏢 Vendor Role RBAC Tests › Vendor Role - Feature Access Control 

    Test timeout of 30000ms exceeded.

    TimeoutError: page.goto: Timeout 30000ms exceeded.
    Call log:
      - navigating to "https://wedding-lk.vercel.app/auth/signin", waiting until "load"


      49 | async function loginAsRole(page: any, role: keyof typeof testUsers) {
      50 |   const user = testUsers[role];
    > 51 |   await page.goto('/auth/signin');
         |              ^
      52 |   await page.fill('input[name="email"]', user.email);
      53 |   await page.fill('input[name="password"]', user.password);
      54 |   await page.click('button[type="submit"]');
        at loginAsRole (/Users/asithalakmal/Documents/web/final project/WeddingLK-next copy/tests/e2e/rbac-comprehensive.spec.ts:51:14)
        at /Users/asithalakmal/Documents/web/final project/WeddingLK-next copy/tests/e2e/rbac-comprehensive.spec.ts:197:11

    attachment #1: video (video/webm) ──────────────────────────────────────────────────────────────
    ../../test-results/rbac-comprehensive-🏢-Vend-6d7ff-le---Feature-Access-Control-Mobile-Chrome/video.webm
    ────────────────────────────────────────────────────────────────────────────────────────────────
]]>
</failure>
<system-out>
<![CDATA[
[[ATTACHMENT|test-results/rbac-comprehensive-🏢-Vend-6d7ff-le---Feature-Access-Control-Mobile-Chrome/video.webm]]
]]>
</system-out>
</testcase>
<testcase name="👥 Wedding Planner Role RBAC Tests › Wedding Planner Role - Allowed Access" classname="rbac-comprehensive.spec.ts" time="44.974">
<failure message="rbac-comprehensive.spec.ts:220:7 Wedding Planner Role - Allowed Access" type="FAILURE">
<![CDATA[  [Mobile Chrome] › rbac-comprehensive.spec.ts:220:7 › 👥 Wedding Planner Role RBAC Tests › Wedding Planner Role - Allowed Access 

    Test timeout of 30000ms exceeded.

    TimeoutError: page.goto: Timeout 30000ms exceeded.
    Call log:
      - navigating to "https://wedding-lk.vercel.app/auth/signin", waiting until "load"


      49 | async function loginAsRole(page: any, role: keyof typeof testUsers) {
      50 |   const user = testUsers[role];
    > 51 |   await page.goto('/auth/signin');
         |              ^
      52 |   await page.fill('input[name="email"]', user.email);
      53 |   await page.fill('input[name="password"]', user.password);
      54 |   await page.click('button[type="submit"]');
        at loginAsRole (/Users/asithalakmal/Documents/web/final project/WeddingLK-next copy/tests/e2e/rbac-comprehensive.spec.ts:51:14)
        at /Users/asithalakmal/Documents/web/final project/WeddingLK-next copy/tests/e2e/rbac-comprehensive.spec.ts:221:11

    attachment #1: video (video/webm) ──────────────────────────────────────────────────────────────
    ../../test-results/rbac-comprehensive-👥-Wedd-e2018-anner-Role---Allowed-Access-Mobile-Chrome/video.webm
    ────────────────────────────────────────────────────────────────────────────────────────────────
]]>
</failure>
<system-out>
<![CDATA[
[[ATTACHMENT|test-results/rbac-comprehensive-👥-Wedd-e2018-anner-Role---Allowed-Access-Mobile-Chrome/video.webm]]
]]>
</system-out>
</testcase>
<testcase name="👥 Wedding Planner Role RBAC Tests › Wedding Planner Role - Navigation Items Visibility" classname="rbac-comprehensive.spec.ts" time="44.768">
<failure message="rbac-comprehensive.spec.ts:249:7 Wedding Planner Role - Navigation Items Visibility" type="FAILURE">
<![CDATA[  [Mobile Chrome] › rbac-comprehensive.spec.ts:249:7 › 👥 Wedding Planner Role RBAC Tests › Wedding Planner Role - Navigation Items Visibility 

    Test timeout of 30000ms exceeded.

    TimeoutError: page.goto: Timeout 30000ms exceeded.
    Call log:
      - navigating to "https://wedding-lk.vercel.app/auth/signin", waiting until "load"


      49 | async function loginAsRole(page: any, role: keyof typeof testUsers) {
      50 |   const user = testUsers[role];
    > 51 |   await page.goto('/auth/signin');
         |              ^
      52 |   await page.fill('input[name="email"]', user.email);
      53 |   await page.fill('input[name="password"]', user.password);
      54 |   await page.click('button[type="submit"]');
        at loginAsRole (/Users/asithalakmal/Documents/web/final project/WeddingLK-next copy/tests/e2e/rbac-comprehensive.spec.ts:51:14)
        at /Users/asithalakmal/Documents/web/final project/WeddingLK-next copy/tests/e2e/rbac-comprehensive.spec.ts:250:11

    attachment #1: video (video/webm) ──────────────────────────────────────────────────────────────
    ../../test-results/rbac-comprehensive-👥-Wedd-a3027-Navigation-Items-Visibility-Mobile-Chrome/video.webm
    ────────────────────────────────────────────────────────────────────────────────────────────────
]]>
</failure>
<system-out>
<![CDATA[
[[ATTACHMENT|test-results/rbac-comprehensive-👥-Wedd-a3027-Navigation-Items-Visibility-Mobile-Chrome/video.webm]]
]]>
</system-out>
</testcase>
<testcase name="👥 Wedding Planner Role RBAC Tests › Wedding Planner Role - Feature Access Control" classname="rbac-comprehensive.spec.ts" time="45.082">
<failure message="rbac-comprehensive.spec.ts:270:7 Wedding Planner Role - Feature Access Control" type="FAILURE">
<![CDATA[  [Mobile Chrome] › rbac-comprehensive.spec.ts:270:7 › 👥 Wedding Planner Role RBAC Tests › Wedding Planner Role - Feature Access Control 

    Test timeout of 30000ms exceeded.

    TimeoutError: page.goto: Timeout 30000ms exceeded.
    Call log:
      - navigating to "https://wedding-lk.vercel.app/auth/signin", waiting until "load"


      49 | async function loginAsRole(page: any, role: keyof typeof testUsers) {
      50 |   const user = testUsers[role];
    > 51 |   await page.goto('/auth/signin');
         |              ^
      52 |   await page.fill('input[name="email"]', user.email);
      53 |   await page.fill('input[name="password"]', user.password);
      54 |   await page.click('button[type="submit"]');
        at loginAsRole (/Users/asithalakmal/Documents/web/final project/WeddingLK-next copy/tests/e2e/rbac-comprehensive.spec.ts:51:14)
        at /Users/asithalakmal/Documents/web/final project/WeddingLK-next copy/tests/e2e/rbac-comprehensive.spec.ts:271:11

    attachment #1: video (video/webm) ──────────────────────────────────────────────────────────────
    ../../test-results/rbac-comprehensive-👥-Wedd-afe80-le---Feature-Access-Control-Mobile-Chrome/video.webm
    ────────────────────────────────────────────────────────────────────────────────────────────────
]]>
</failure>
<system-out>
<![CDATA[
[[ATTACHMENT|test-results/rbac-comprehensive-👥-Wedd-afe80-le---Feature-Access-Control-Mobile-Chrome/video.webm]]
]]>
</system-out>
</testcase>
<testcase name="👑 Admin Role RBAC Tests › Admin Role - Allowed Access" classname="rbac-comprehensive.spec.ts" time="44.538">
<failure message="rbac-comprehensive.spec.ts:294:7 Admin Role - Allowed Access" type="FAILURE">
<![CDATA[  [Mobile Chrome] › rbac-comprehensive.spec.ts:294:7 › 👑 Admin Role RBAC Tests › Admin Role - Allowed Access 

    Test timeout of 30000ms exceeded.

    TimeoutError: page.goto: Timeout 30000ms exceeded.
    Call log:
      - navigating to "https://wedding-lk.vercel.app/auth/signin", waiting until "load"


      49 | async function loginAsRole(page: any, role: keyof typeof testUsers) {
      50 |   const user = testUsers[role];
    > 51 |   await page.goto('/auth/signin');
         |              ^
      52 |   await page.fill('input[name="email"]', user.email);
      53 |   await page.fill('input[name="password"]', user.password);
      54 |   await page.click('button[type="submit"]');
        at loginAsRole (/Users/asithalakmal/Documents/web/final project/WeddingLK-next copy/tests/e2e/rbac-comprehensive.spec.ts:51:14)
        at /Users/asithalakmal/Documents/web/final project/WeddingLK-next copy/tests/e2e/rbac-comprehensive.spec.ts:295:11

    attachment #1: video (video/webm) ──────────────────────────────────────────────────────────────
    ../../test-results/rbac-comprehensive-👑-Admi-1dca0-Admin-Role---Allowed-Access-Mobile-Chrome/video.webm
    ────────────────────────────────────────────────────────────────────────────────────────────────
]]>
</failure>
<system-out>
<![CDATA[
[[ATTACHMENT|test-results/rbac-comprehensive-👑-Admi-1dca0-Admin-Role---Allowed-Access-Mobile-Chrome/video.webm]]
]]>
</system-out>
</testcase>
<testcase name="👑 Admin Role RBAC Tests › Admin Role - Navigation Items Visibility" classname="rbac-comprehensive.spec.ts" time="44.68">
<failure message="rbac-comprehensive.spec.ts:323:7 Admin Role - Navigation Items Visibility" type="FAILURE">
<![CDATA[  [Mobile Chrome] › rbac-comprehensive.spec.ts:323:7 › 👑 Admin Role RBAC Tests › Admin Role - Navigation Items Visibility 

    Test timeout of 30000ms exceeded.

    TimeoutError: page.goto: Timeout 30000ms exceeded.
    Call log:
      - navigating to "https://wedding-lk.vercel.app/auth/signin", waiting until "load"


      49 | async function loginAsRole(page: any, role: keyof typeof testUsers) {
      50 |   const user = testUsers[role];
    > 51 |   await page.goto('/auth/signin');
         |              ^
      52 |   await page.fill('input[name="email"]', user.email);
      53 |   await page.fill('input[name="password"]', user.password);
      54 |   await page.click('button[type="submit"]');
        at loginAsRole (/Users/asithalakmal/Documents/web/final project/WeddingLK-next copy/tests/e2e/rbac-comprehensive.spec.ts:51:14)
        at /Users/asithalakmal/Documents/web/final project/WeddingLK-next copy/tests/e2e/rbac-comprehensive.spec.ts:324:11

    attachment #1: video (video/webm) ──────────────────────────────────────────────────────────────
    ../../test-results/rbac-comprehensive-👑-Admi-df4c3-Navigation-Items-Visibility-Mobile-Chrome/video.webm
    ────────────────────────────────────────────────────────────────────────────────────────────────
]]>
</failure>
<system-out>
<![CDATA[
[[ATTACHMENT|test-results/rbac-comprehensive-👑-Admi-df4c3-Navigation-Items-Visibility-Mobile-Chrome/video.webm]]
]]>
</system-out>
</testcase>
<testcase name="👑 Admin Role RBAC Tests › Admin Role - Feature Access Control" classname="rbac-comprehensive.spec.ts" time="44.796">
<failure message="rbac-comprehensive.spec.ts:346:7 Admin Role - Feature Access Control" type="FAILURE">
<![CDATA[  [Mobile Chrome] › rbac-comprehensive.spec.ts:346:7 › 👑 Admin Role RBAC Tests › Admin Role - Feature Access Control 

    Test timeout of 30000ms exceeded.

    TimeoutError: page.goto: Timeout 30000ms exceeded.
    Call log:
      - navigating to "https://wedding-lk.vercel.app/auth/signin", waiting until "load"


      49 | async function loginAsRole(page: any, role: keyof typeof testUsers) {
      50 |   const user = testUsers[role];
    > 51 |   await page.goto('/auth/signin');
         |              ^
      52 |   await page.fill('input[name="email"]', user.email);
      53 |   await page.fill('input[name="password"]', user.password);
      54 |   await page.click('button[type="submit"]');
        at loginAsRole (/Users/asithalakmal/Documents/web/final project/WeddingLK-next copy/tests/e2e/rbac-comprehensive.spec.ts:51:14)
        at /Users/asithalakmal/Documents/web/final project/WeddingLK-next copy/tests/e2e/rbac-comprehensive.spec.ts:347:11

    attachment #1: video (video/webm) ──────────────────────────────────────────────────────────────
    ../../test-results/rbac-comprehensive-👑-Admi-503af-le---Feature-Access-Control-Mobile-Chrome/video.webm
    ────────────────────────────────────────────────────────────────────────────────────────────────
]]>
</failure>
<system-out>
<![CDATA[
[[ATTACHMENT|test-results/rbac-comprehensive-👑-Admi-503af-le---Feature-Access-Control-Mobile-Chrome/video.webm]]
]]>
</system-out>
</testcase>
<testcase name="🔧 Maintainer Role RBAC Tests › Maintainer Role - Allowed Access" classname="rbac-comprehensive.spec.ts" time="45.063">
<failure message="rbac-comprehensive.spec.ts:372:7 Maintainer Role - Allowed Access" type="FAILURE">
<![CDATA[  [Mobile Chrome] › rbac-comprehensive.spec.ts:372:7 › 🔧 Maintainer Role RBAC Tests › Maintainer Role - Allowed Access 

    Test timeout of 30000ms exceeded.

    TimeoutError: page.goto: Timeout 30000ms exceeded.
    Call log:
      - navigating to "https://wedding-lk.vercel.app/auth/signin", waiting until "load"


      49 | async function loginAsRole(page: any, role: keyof typeof testUsers) {
      50 |   const user = testUsers[role];
    > 51 |   await page.goto('/auth/signin');
         |              ^
      52 |   await page.fill('input[name="email"]', user.email);
      53 |   await page.fill('input[name="password"]', user.password);
      54 |   await page.click('button[type="submit"]');
        at loginAsRole (/Users/asithalakmal/Documents/web/final project/WeddingLK-next copy/tests/e2e/rbac-comprehensive.spec.ts:51:14)
        at /Users/asithalakmal/Documents/web/final project/WeddingLK-next copy/tests/e2e/rbac-comprehensive.spec.ts:373:11

    attachment #1: video (video/webm) ──────────────────────────────────────────────────────────────
    ../../test-results/rbac-comprehensive-🔧-Main-a39b7-ainer-Role---Allowed-Access-Mobile-Chrome/video.webm
    ────────────────────────────────────────────────────────────────────────────────────────────────
]]>
</failure>
<system-out>
<![CDATA[
[[ATTACHMENT|test-results/rbac-comprehensive-🔧-Main-a39b7-ainer-Role---Allowed-Access-Mobile-Chrome/video.webm]]
]]>
</system-out>
</testcase>
<testcase name="🔧 Maintainer Role RBAC Tests › Maintainer Role - Debug Access" classname="rbac-comprehensive.spec.ts" time="44.97">
<failure message="rbac-comprehensive.spec.ts:406:7 Maintainer Role - Debug Access" type="FAILURE">
<![CDATA[  [Mobile Chrome] › rbac-comprehensive.spec.ts:406:7 › 🔧 Maintainer Role RBAC Tests › Maintainer Role - Debug Access 

    Test timeout of 30000ms exceeded.

    TimeoutError: page.goto: Timeout 30000ms exceeded.
    Call log:
      - navigating to "https://wedding-lk.vercel.app/auth/signin", waiting until "load"


      49 | async function loginAsRole(page: any, role: keyof typeof testUsers) {
      50 |   const user = testUsers[role];
    > 51 |   await page.goto('/auth/signin');
         |              ^
      52 |   await page.fill('input[name="email"]', user.email);
      53 |   await page.fill('input[name="password"]', user.password);
      54 |   await page.click('button[type="submit"]');
        at loginAsRole (/Users/asithalakmal/Documents/web/final project/WeddingLK-next copy/tests/e2e/rbac-comprehensive.spec.ts:51:14)
        at /Users/asithalakmal/Documents/web/final project/WeddingLK-next copy/tests/e2e/rbac-comprehensive.spec.ts:407:11

    attachment #1: video (video/webm) ──────────────────────────────────────────────────────────────
    ../../test-results/rbac-comprehensive-🔧-Main-5e06e-ntainer-Role---Debug-Access-Mobile-Chrome/video.webm
    ────────────────────────────────────────────────────────────────────────────────────────────────
]]>
</failure>
<system-out>
<![CDATA[
[[ATTACHMENT|test-results/rbac-comprehensive-🔧-Main-5e06e-ntainer-Role---Debug-Access-Mobile-Chrome/video.webm]]
]]>
</system-out>
</testcase>
<testcase name="🛡️ Middleware Route Protection Tests › Unauthenticated Access Protection" classname="rbac-comprehensive.spec.ts" time="44.982">
<failure message="rbac-comprehensive.spec.ts:420:7 Unauthenticated Access Protection" type="FAILURE">
<![CDATA[  [Mobile Chrome] › rbac-comprehensive.spec.ts:420:7 › 🛡️ Middleware Route Protection Tests › Unauthenticated Access Protection 

    Test timeout of 30000ms exceeded.

    TimeoutError: page.goto: Timeout 30000ms exceeded.
    Call log:
      - navigating to "https://wedding-lk.vercel.app/dashboard", waiting until "load"


      430 |     
      431 |     for (const route of protectedRoutes) {
    > 432 |       await page.goto(route);
          |                  ^
      433 |       await expect(page).toHaveURL(/\/auth\/signin/);
      434 |     }
      435 |   });
        at /Users/asithalakmal/Documents/web/final project/WeddingLK-next copy/tests/e2e/rbac-comprehensive.spec.ts:432:18

    attachment #1: video (video/webm) ──────────────────────────────────────────────────────────────
    ../../test-results/rbac-comprehensive-🛡️-Mid-97211-enticated-Access-Protection-Mobile-Chrome/video.webm
    ────────────────────────────────────────────────────────────────────────────────────────────────
]]>
</failure>
<system-out>
<![CDATA[
[[ATTACHMENT|test-results/rbac-comprehensive-🛡️-Mid-97211-enticated-Access-Protection-Mobile-Chrome/video.webm]]
]]>
</system-out>
</testcase>
<testcase name="🛡️ Middleware Route Protection Tests › Role-Based Route Protection" classname="rbac-comprehensive.spec.ts" time="44.414">
<failure message="rbac-comprehensive.spec.ts:437:7 Role-Based Route Protection" type="FAILURE">
<![CDATA[  [Mobile Chrome] › rbac-comprehensive.spec.ts:437:7 › 🛡️ Middleware Route Protection Tests › Role-Based Route Protection 

    Test timeout of 30000ms exceeded.

    TimeoutError: page.goto: Timeout 30000ms exceeded.
    Call log:
      - navigating to "https://wedding-lk.vercel.app/auth/signin", waiting until "load"


      49 | async function loginAsRole(page: any, role: keyof typeof testUsers) {
      50 |   const user = testUsers[role];
    > 51 |   await page.goto('/auth/signin');
         |              ^
      52 |   await page.fill('input[name="email"]', user.email);
      53 |   await page.fill('input[name="password"]', user.password);
      54 |   await page.click('button[type="submit"]');
        at loginAsRole (/Users/asithalakmal/Documents/web/final project/WeddingLK-next copy/tests/e2e/rbac-comprehensive.spec.ts:51:14)
        at /Users/asithalakmal/Documents/web/final project/WeddingLK-next copy/tests/e2e/rbac-comprehensive.spec.ts:439:11

    attachment #1: video (video/webm) ──────────────────────────────────────────────────────────────
    ../../test-results/rbac-comprehensive-🛡️-Mid-4d0bc-Role-Based-Route-Protection-Mobile-Chrome/video.webm
    ────────────────────────────────────────────────────────────────────────────────────────────────
]]>
</failure>
<system-out>
<![CDATA[
[[ATTACHMENT|test-results/rbac-comprehensive-🛡️-Mid-4d0bc-Role-Based-Route-Protection-Mobile-Chrome/video.webm]]
]]>
</system-out>
</testcase>
<testcase name="🔌 API Endpoint Authorization Tests › API Authentication Requirements" classname="rbac-comprehensive.spec.ts" time="33.968">
<failure message="rbac-comprehensive.spec.ts:461:7 API Authentication Requirements" type="FAILURE">
<![CDATA[  [Mobile Chrome] › rbac-comprehensive.spec.ts:461:7 › 🔌 API Endpoint Authorization Tests › API Authentication Requirements 

    Test timeout of 30000ms exceeded.

    Error: apiRequestContext.get: Target page, context or browser has been closed
    Call log:
      - → GET https://wedding-lk.vercel.app/api/dashboard/stats
        - user-agent: Mozilla/5.0 (Linux; Android 11; Pixel 5) AppleWebKit/537.36 (KHTML, like Gecko) Chrome/141.0.7390.37 Mobile Safari/537.36
        - accept: */*
        - accept-encoding: gzip,deflate,br


      470 |     
      471 |     for (const endpoint of apiEndpoints) {
    > 472 |       const response = await page.request.get(endpoint);
          |                                           ^
      473 |       expect(response.status()).toBe(401);
      474 |     }
      475 |   });
        at /Users/asithalakmal/Documents/web/final project/WeddingLK-next copy/tests/e2e/rbac-comprehensive.spec.ts:472:43

    attachment #1: screenshot (image/png) ──────────────────────────────────────────────────────────
    ../../test-results/rbac-comprehensive-🔌-API--57edd-Authentication-Requirements-Mobile-Chrome/test-failed-1.png
    ────────────────────────────────────────────────────────────────────────────────────────────────

    attachment #2: video (video/webm) ──────────────────────────────────────────────────────────────
    ../../test-results/rbac-comprehensive-🔌-API--57edd-Authentication-Requirements-Mobile-Chrome/video.webm
    ────────────────────────────────────────────────────────────────────────────────────────────────
]]>
</failure>
<system-out>
<![CDATA[
[[ATTACHMENT|test-results/rbac-comprehensive-🔌-API--57edd-Authentication-Requirements-Mobile-Chrome/test-failed-1.png]]

[[ATTACHMENT|test-results/rbac-comprehensive-🔌-API--57edd-Authentication-Requirements-Mobile-Chrome/video.webm]]
]]>
</system-out>
</testcase>
<testcase name="🔌 API Endpoint Authorization Tests › API Role-Based Authorization" classname="rbac-comprehensive.spec.ts" time="45.408">
<failure message="rbac-comprehensive.spec.ts:477:7 API Role-Based Authorization" type="FAILURE">
<![CDATA[  [Mobile Chrome] › rbac-comprehensive.spec.ts:477:7 › 🔌 API Endpoint Authorization Tests › API Role-Based Authorization 

    Test timeout of 30000ms exceeded.

    TimeoutError: page.goto: Timeout 30000ms exceeded.
    Call log:
      - navigating to "https://wedding-lk.vercel.app/auth/signin", waiting until "load"


      49 | async function loginAsRole(page: any, role: keyof typeof testUsers) {
      50 |   const user = testUsers[role];
    > 51 |   await page.goto('/auth/signin');
         |              ^
      52 |   await page.fill('input[name="email"]', user.email);
      53 |   await page.fill('input[name="password"]', user.password);
      54 |   await page.click('button[type="submit"]');
        at loginAsRole (/Users/asithalakmal/Documents/web/final project/WeddingLK-next copy/tests/e2e/rbac-comprehensive.spec.ts:51:14)
        at /Users/asithalakmal/Documents/web/final project/WeddingLK-next copy/tests/e2e/rbac-comprehensive.spec.ts:479:11

    attachment #1: video (video/webm) ──────────────────────────────────────────────────────────────
    ../../test-results/rbac-comprehensive-🔌-API--a5bf9-PI-Role-Based-Authorization-Mobile-Chrome/video.webm
    ────────────────────────────────────────────────────────────────────────────────────────────────
]]>
</failure>
<system-out>
<![CDATA[
[[ATTACHMENT|test-results/rbac-comprehensive-🔌-API--a5bf9-PI-Role-Based-Authorization-Mobile-Chrome/video.webm]]
]]>
</system-out>
</testcase>
<testcase name="🔌 API Endpoint Authorization Tests › API Permission-Based Authorization" classname="rbac-comprehensive.spec.ts" time="44.655">
<failure message="rbac-comprehensive.spec.ts:494:7 API Permission-Based Authorization" type="FAILURE">
<![CDATA[  [Mobile Chrome] › rbac-comprehensive.spec.ts:494:7 › 🔌 API Endpoint Authorization Tests › API Permission-Based Authorization 

    Test timeout of 30000ms exceeded.

    TimeoutError: page.goto: Timeout 30000ms exceeded.
    Call log:
      - navigating to "https://wedding-lk.vercel.app/auth/signin", waiting until "load"


      49 | async function loginAsRole(page: any, role: keyof typeof testUsers) {
      50 |   const user = testUsers[role];
    > 51 |   await page.goto('/auth/signin');
         |              ^
      52 |   await page.fill('input[name="email"]', user.email);
      53 |   await page.fill('input[name="password"]', user.password);
      54 |   await page.click('button[type="submit"]');
        at loginAsRole (/Users/asithalakmal/Documents/web/final project/WeddingLK-next copy/tests/e2e/rbac-comprehensive.spec.ts:51:14)
        at /Users/asithalakmal/Documents/web/final project/WeddingLK-next copy/tests/e2e/rbac-comprehensive.spec.ts:496:11

    attachment #1: video (video/webm) ──────────────────────────────────────────────────────────────
    ../../test-results/rbac-comprehensive-🔌-API--eb92c-mission-Based-Authorization-Mobile-Chrome/video.webm
    ────────────────────────────────────────────────────────────────────────────────────────────────
]]>
</failure>
<system-out>
<![CDATA[
[[ATTACHMENT|test-results/rbac-comprehensive-🔌-API--eb92c-mission-Based-Authorization-Mobile-Chrome/video.webm]]
]]>
</system-out>
</testcase>
<testcase name="🎨 UI Component Visibility Tests › Dashboard Components Based on Role" classname="rbac-comprehensive.spec.ts" time="44.712">
<failure message="rbac-comprehensive.spec.ts:511:7 Dashboard Components Based on Role" type="FAILURE">
<![CDATA[  [Mobile Chrome] › rbac-comprehensive.spec.ts:511:7 › 🎨 UI Component Visibility Tests › Dashboard Components Based on Role 

    Test timeout of 30000ms exceeded.

    TimeoutError: page.goto: Timeout 30000ms exceeded.
    Call log:
      - navigating to "https://wedding-lk.vercel.app/auth/signin", waiting until "load"


      49 | async function loginAsRole(page: any, role: keyof typeof testUsers) {
      50 |   const user = testUsers[role];
    > 51 |   await page.goto('/auth/signin');
         |              ^
      52 |   await page.fill('input[name="email"]', user.email);
      53 |   await page.fill('input[name="password"]', user.password);
      54 |   await page.click('button[type="submit"]');
        at loginAsRole (/Users/asithalakmal/Documents/web/final project/WeddingLK-next copy/tests/e2e/rbac-comprehensive.spec.ts:51:14)
        at /Users/asithalakmal/Documents/web/final project/WeddingLK-next copy/tests/e2e/rbac-comprehensive.spec.ts:513:11

    attachment #1: video (video/webm) ──────────────────────────────────────────────────────────────
    ../../test-results/rbac-comprehensive-🎨-UI-C-12201-rd-Components-Based-on-Role-Mobile-Chrome/video.webm
    ────────────────────────────────────────────────────────────────────────────────────────────────
]]>
</failure>
<system-out>
<![CDATA[
[[ATTACHMENT|test-results/rbac-comprehensive-🎨-UI-C-12201-rd-Components-Based-on-Role-Mobile-Chrome/video.webm]]
]]>
</system-out>
</testcase>
<testcase name="🎨 UI Component Visibility Tests › Navigation Menu Based on Role" classname="rbac-comprehensive.spec.ts" time="44.822">
<failure message="rbac-comprehensive.spec.ts:525:7 Navigation Menu Based on Role" type="FAILURE">
<![CDATA[  [Mobile Chrome] › rbac-comprehensive.spec.ts:525:7 › 🎨 UI Component Visibility Tests › Navigation Menu Based on Role 

    Test timeout of 30000ms exceeded.

    TimeoutError: page.goto: Timeout 30000ms exceeded.
    Call log:
      - navigating to "https://wedding-lk.vercel.app/auth/signin", waiting until "load"


      49 | async function loginAsRole(page: any, role: keyof typeof testUsers) {
      50 |   const user = testUsers[role];
    > 51 |   await page.goto('/auth/signin');
         |              ^
      52 |   await page.fill('input[name="email"]', user.email);
      53 |   await page.fill('input[name="password"]', user.password);
      54 |   await page.click('button[type="submit"]');
        at loginAsRole (/Users/asithalakmal/Documents/web/final project/WeddingLK-next copy/tests/e2e/rbac-comprehensive.spec.ts:51:14)
        at /Users/asithalakmal/Documents/web/final project/WeddingLK-next copy/tests/e2e/rbac-comprehensive.spec.ts:527:11

    attachment #1: video (video/webm) ──────────────────────────────────────────────────────────────
    ../../test-results/rbac-comprehensive-🎨-UI-C-60cb7-vigation-Menu-Based-on-Role-Mobile-Chrome/video.webm
    ────────────────────────────────────────────────────────────────────────────────────────────────
]]>
</failure>
<system-out>
<![CDATA[
[[ATTACHMENT|test-results/rbac-comprehensive-🎨-UI-C-60cb7-vigation-Menu-Based-on-Role-Mobile-Chrome/video.webm]]
]]>
</system-out>
</testcase>
<testcase name="🎨 UI Component Visibility Tests › Action Buttons Based on Permissions" classname="rbac-comprehensive.spec.ts" time="44.653">
<failure message="rbac-comprehensive.spec.ts:539:7 Action Buttons Based on Permissions" type="FAILURE">
<![CDATA[  [Mobile Chrome] › rbac-comprehensive.spec.ts:539:7 › 🎨 UI Component Visibility Tests › Action Buttons Based on Permissions 

    Test timeout of 30000ms exceeded.

    TimeoutError: page.goto: Timeout 30000ms exceeded.
    Call log:
      - navigating to "https://wedding-lk.vercel.app/auth/signin", waiting until "load"


      49 | async function loginAsRole(page: any, role: keyof typeof testUsers) {
      50 |   const user = testUsers[role];
    > 51 |   await page.goto('/auth/signin');
         |              ^
      52 |   await page.fill('input[name="email"]', user.email);
      53 |   await page.fill('input[name="password"]', user.password);
      54 |   await page.click('button[type="submit"]');
        at loginAsRole (/Users/asithalakmal/Documents/web/final project/WeddingLK-next copy/tests/e2e/rbac-comprehensive.spec.ts:51:14)
        at /Users/asithalakmal/Documents/web/final project/WeddingLK-next copy/tests/e2e/rbac-comprehensive.spec.ts:541:11

    attachment #1: video (video/webm) ──────────────────────────────────────────────────────────────
    ../../test-results/rbac-comprehensive-🎨-UI-C-06271-uttons-Based-on-Permissions-Mobile-Chrome/video.webm
    ────────────────────────────────────────────────────────────────────────────────────────────────
]]>
</failure>
<system-out>
<![CDATA[
[[ATTACHMENT|test-results/rbac-comprehensive-🎨-UI-C-06271-uttons-Based-on-Permissions-Mobile-Chrome/video.webm]]
]]>
</system-out>
</testcase>
<testcase name="🔄 Role Switching and Session Management › Role-Based Session Persistence" classname="rbac-comprehensive.spec.ts" time="45.327">
<failure message="rbac-comprehensive.spec.ts:558:7 Role-Based Session Persistence" type="FAILURE">
<![CDATA[  [Mobile Chrome] › rbac-comprehensive.spec.ts:558:7 › 🔄 Role Switching and Session Management › Role-Based Session Persistence 

    Test timeout of 30000ms exceeded.

    TimeoutError: page.goto: Timeout 30000ms exceeded.
    Call log:
      - navigating to "https://wedding-lk.vercel.app/auth/signin", waiting until "load"


      49 | async function loginAsRole(page: any, role: keyof typeof testUsers) {
      50 |   const user = testUsers[role];
    > 51 |   await page.goto('/auth/signin');
         |              ^
      52 |   await page.fill('input[name="email"]', user.email);
      53 |   await page.fill('input[name="password"]', user.password);
      54 |   await page.click('button[type="submit"]');
        at loginAsRole (/Users/asithalakmal/Documents/web/final project/WeddingLK-next copy/tests/e2e/rbac-comprehensive.spec.ts:51:14)
        at /Users/asithalakmal/Documents/web/final project/WeddingLK-next copy/tests/e2e/rbac-comprehensive.spec.ts:560:11

    attachment #1: video (video/webm) ──────────────────────────────────────────────────────────────
    ../../test-results/rbac-comprehensive-🔄-Role-ddb92-e-Based-Session-Persistence-Mobile-Chrome/video.webm
    ────────────────────────────────────────────────────────────────────────────────────────────────
]]>
</failure>
<system-out>
<![CDATA[
[[ATTACHMENT|test-results/rbac-comprehensive-🔄-Role-ddb92-e-Based-Session-Persistence-Mobile-Chrome/video.webm]]
]]>
</system-out>
</testcase>
<testcase name="🔄 Role Switching and Session Management › Role-Based Data Filtering" classname="rbac-comprehensive.spec.ts" time="44.852">
<failure message="rbac-comprehensive.spec.ts:575:7 Role-Based Data Filtering" type="FAILURE">
<![CDATA[  [Mobile Chrome] › rbac-comprehensive.spec.ts:575:7 › 🔄 Role Switching and Session Management › Role-Based Data Filtering 

    Test timeout of 30000ms exceeded.

    TimeoutError: page.goto: Timeout 30000ms exceeded.
    Call log:
      - navigating to "https://wedding-lk.vercel.app/auth/signin", waiting until "load"


      49 | async function loginAsRole(page: any, role: keyof typeof testUsers) {
      50 |   const user = testUsers[role];
    > 51 |   await page.goto('/auth/signin');
         |              ^
      52 |   await page.fill('input[name="email"]', user.email);
      53 |   await page.fill('input[name="password"]', user.password);
      54 |   await page.click('button[type="submit"]');
        at loginAsRole (/Users/asithalakmal/Documents/web/final project/WeddingLK-next copy/tests/e2e/rbac-comprehensive.spec.ts:51:14)
        at /Users/asithalakmal/Documents/web/final project/WeddingLK-next copy/tests/e2e/rbac-comprehensive.spec.ts:577:11

    attachment #1: video (video/webm) ──────────────────────────────────────────────────────────────
    ../../test-results/rbac-comprehensive-🔄-Role-b4167-t-Role-Based-Data-Filtering-Mobile-Chrome/video.webm
    ────────────────────────────────────────────────────────────────────────────────────────────────
]]>
</failure>
<system-out>
<![CDATA[
[[ATTACHMENT|test-results/rbac-comprehensive-🔄-Role-b4167-t-Role-Based-Data-Filtering-Mobile-Chrome/video.webm]]
]]>
</system-out>
</testcase>
<testcase name="🚨 Security and Error Handling › Unauthorized Access Attempts" classname="rbac-comprehensive.spec.ts" time="44.579">
<failure message="rbac-comprehensive.spec.ts:589:7 Unauthorized Access Attempts" type="FAILURE">
<![CDATA[  [Mobile Chrome] › rbac-comprehensive.spec.ts:589:7 › 🚨 Security and Error Handling › Unauthorized Access Attempts 

    Test timeout of 30000ms exceeded.

    TimeoutError: page.goto: Timeout 30000ms exceeded.
    Call log:
      - navigating to "https://wedding-lk.vercel.app/dashboard/admin/users", waiting until "load"


      589 |   test('Unauthorized Access Attempts', async ({ page }) => {
      590 |     // Test direct URL access without authentication
    > 591 |     await page.goto('/dashboard/admin/users');
          |                ^
      592 |     await expect(page).toHaveURL(/\/auth\/signin/);
      593 |     
      594 |     // Test role escalation attempts
        at /Users/asithalakmal/Documents/web/final project/WeddingLK-next copy/tests/e2e/rbac-comprehensive.spec.ts:591:16

    attachment #1: video (video/webm) ──────────────────────────────────────────────────────────────
    ../../test-results/rbac-comprehensive-🚨-Secu-f1efc-nauthorized-Access-Attempts-Mobile-Chrome/video.webm
    ────────────────────────────────────────────────────────────────────────────────────────────────
]]>
</failure>
<system-out>
<![CDATA[
[[ATTACHMENT|test-results/rbac-comprehensive-🚨-Secu-f1efc-nauthorized-Access-Attempts-Mobile-Chrome/video.webm]]
]]>
</system-out>
</testcase>
<testcase name="🚨 Security and Error Handling › Permission Denied Handling" classname="rbac-comprehensive.spec.ts" time="44.934">
<failure message="rbac-comprehensive.spec.ts:600:7 Permission Denied Handling" type="FAILURE">
<![CDATA[  [Mobile Chrome] › rbac-comprehensive.spec.ts:600:7 › 🚨 Security and Error Handling › Permission Denied Handling 

    Test timeout of 30000ms exceeded.

    TimeoutError: page.goto: Timeout 30000ms exceeded.
    Call log:
      - navigating to "https://wedding-lk.vercel.app/auth/signin", waiting until "load"


      49 | async function loginAsRole(page: any, role: keyof typeof testUsers) {
      50 |   const user = testUsers[role];
    > 51 |   await page.goto('/auth/signin');
         |              ^
      52 |   await page.fill('input[name="email"]', user.email);
      53 |   await page.fill('input[name="password"]', user.password);
      54 |   await page.click('button[type="submit"]');
        at loginAsRole (/Users/asithalakmal/Documents/web/final project/WeddingLK-next copy/tests/e2e/rbac-comprehensive.spec.ts:51:14)
        at /Users/asithalakmal/Documents/web/final project/WeddingLK-next copy/tests/e2e/rbac-comprehensive.spec.ts:602:11

    attachment #1: video (video/webm) ──────────────────────────────────────────────────────────────
    ../../test-results/rbac-comprehensive-🚨-Secu-133ab--Permission-Denied-Handling-Mobile-Chrome/video.webm
    ────────────────────────────────────────────────────────────────────────────────────────────────
]]>
</failure>
<system-out>
<![CDATA[
[[ATTACHMENT|test-results/rbac-comprehensive-🚨-Secu-133ab--Permission-Denied-Handling-Mobile-Chrome/video.webm]]
]]>
</system-out>
</testcase>
<testcase name="📊 Analytics and Reporting RBAC › Role-Based Analytics Access" classname="rbac-comprehensive.spec.ts" time="44.859">
<failure message="rbac-comprehensive.spec.ts:615:7 Role-Based Analytics Access" type="FAILURE">
<![CDATA[  [Mobile Chrome] › rbac-comprehensive.spec.ts:615:7 › 📊 Analytics and Reporting RBAC › Role-Based Analytics Access 

    Test timeout of 30000ms exceeded.

    TimeoutError: page.goto: Timeout 30000ms exceeded.
    Call log:
      - navigating to "https://wedding-lk.vercel.app/auth/signin", waiting until "load"


      49 | async function loginAsRole(page: any, role: keyof typeof testUsers) {
      50 |   const user = testUsers[role];
    > 51 |   await page.goto('/auth/signin');
         |              ^
      52 |   await page.fill('input[name="email"]', user.email);
      53 |   await page.fill('input[name="password"]', user.password);
      54 |   await page.click('button[type="submit"]');
        at loginAsRole (/Users/asithalakmal/Documents/web/final project/WeddingLK-next copy/tests/e2e/rbac-comprehensive.spec.ts:51:14)
        at /Users/asithalakmal/Documents/web/final project/WeddingLK-next copy/tests/e2e/rbac-comprehensive.spec.ts:617:11

    attachment #1: video (video/webm) ──────────────────────────────────────────────────────────────
    ../../test-results/rbac-comprehensive-📊-Anal-803d8-Role-Based-Analytics-Access-Mobile-Chrome/video.webm
    ────────────────────────────────────────────────────────────────────────────────────────────────
]]>
</failure>
<system-out>
<![CDATA[
[[ATTACHMENT|test-results/rbac-comprehensive-📊-Anal-803d8-Role-Based-Analytics-Access-Mobile-Chrome/video.webm]]
]]>
</system-out>
</testcase>
<testcase name="📊 Analytics and Reporting RBAC › Data Visibility Based on Role" classname="rbac-comprehensive.spec.ts" time="44.766">
<failure message="rbac-comprehensive.spec.ts:635:7 Data Visibility Based on Role" type="FAILURE">
<![CDATA[  [Mobile Chrome] › rbac-comprehensive.spec.ts:635:7 › 📊 Analytics and Reporting RBAC › Data Visibility Based on Role 

    Test timeout of 30000ms exceeded.

    TimeoutError: page.goto: Timeout 30000ms exceeded.
    Call log:
      - navigating to "https://wedding-lk.vercel.app/auth/signin", waiting until "load"


      49 | async function loginAsRole(page: any, role: keyof typeof testUsers) {
      50 |   const user = testUsers[role];
    > 51 |   await page.goto('/auth/signin');
         |              ^
      52 |   await page.fill('input[name="email"]', user.email);
      53 |   await page.fill('input[name="password"]', user.password);
      54 |   await page.click('button[type="submit"]');
        at loginAsRole (/Users/asithalakmal/Documents/web/final project/WeddingLK-next copy/tests/e2e/rbac-comprehensive.spec.ts:51:14)
        at /Users/asithalakmal/Documents/web/final project/WeddingLK-next copy/tests/e2e/rbac-comprehensive.spec.ts:637:11

    attachment #1: video (video/webm) ──────────────────────────────────────────────────────────────
    ../../test-results/rbac-comprehensive-📊-Anal-f385e-ta-Visibility-Based-on-Role-Mobile-Chrome/video.webm
    ────────────────────────────────────────────────────────────────────────────────────────────────
]]>
</failure>
<system-out>
<![CDATA[
[[ATTACHMENT|test-results/rbac-comprehensive-📊-Anal-f385e-ta-Visibility-Based-on-Role-Mobile-Chrome/video.webm]]
]]>
</system-out>
</testcase>
</testsuite>
<testsuite name="realistic-live-deployment.spec.ts" timestamp="2025-10-22T18:37:21.475Z" hostname="Mobile Chrome" tests="14" failures="14" skipped="0" time="634.61" errors="0">
<testcase name="🚀 REALISTIC LIVE DEPLOYMENT TESTING › 🏠 HOMEPAGE - Realistic Frontend Testing" classname="realistic-live-deployment.spec.ts" time="45.053">
<failure message="realistic-live-deployment.spec.ts:22:7 🏠 HOMEPAGE - Realistic Frontend Testing" type="FAILURE">
<![CDATA[  [Mobile Chrome] › realistic-live-deployment.spec.ts:22:7 › 🚀 REALISTIC LIVE DEPLOYMENT TESTING › 🏠 HOMEPAGE - Realistic Frontend Testing 

    TimeoutError: page.goto: Timeout 30000ms exceeded.
    Call log:
      - navigating to "https://wedding-lk.vercel.app/", waiting until "load"


      11 |     
      12 |     // Navigate to live deployment
    > 13 |     await page.goto(BASE_URL);
         |                ^
      14 |     
      15 |     // Wait for page to load completely
      16 |     await page.waitForLoadState('networkidle');
        at /Users/asithalakmal/Documents/web/final project/WeddingLK-next copy/tests/e2e/realistic-live-deployment.spec.ts:13:16

    attachment #1: video (video/webm) ──────────────────────────────────────────────────────────────
    ../../test-results/realistic-live-deployment--9563f--Realistic-Frontend-Testing-Mobile-Chrome/video.webm
    ────────────────────────────────────────────────────────────────────────────────────────────────
]]>
</failure>
<system-out>
<![CDATA[
[[ATTACHMENT|test-results/realistic-live-deployment--9563f--Realistic-Frontend-Testing-Mobile-Chrome/video.webm]]
]]>
</system-out>
</testcase>
<testcase name="🚀 REALISTIC LIVE DEPLOYMENT TESTING › 🔐 AUTHENTICATION - Realistic Auth Flow Testing" classname="realistic-live-deployment.spec.ts" time="45.457">
<failure message="realistic-live-deployment.spec.ts:83:7 🔐 AUTHENTICATION - Realistic Auth Flow Testing" type="FAILURE">
<![CDATA[  [Mobile Chrome] › realistic-live-deployment.spec.ts:83:7 › 🚀 REALISTIC LIVE DEPLOYMENT TESTING › 🔐 AUTHENTICATION - Realistic Auth Flow Testing 

    TimeoutError: page.goto: Timeout 30000ms exceeded.
    Call log:
      - navigating to "https://wedding-lk.vercel.app/", waiting until "load"


      11 |     
      12 |     // Navigate to live deployment
    > 13 |     await page.goto(BASE_URL);
         |                ^
      14 |     
      15 |     // Wait for page to load completely
      16 |     await page.waitForLoadState('networkidle');
        at /Users/asithalakmal/Documents/web/final project/WeddingLK-next copy/tests/e2e/realistic-live-deployment.spec.ts:13:16

    attachment #1: video (video/webm) ──────────────────────────────────────────────────────────────
    ../../test-results/realistic-live-deployment--721f5-Realistic-Auth-Flow-Testing-Mobile-Chrome/video.webm
    ────────────────────────────────────────────────────────────────────────────────────────────────
]]>
</failure>
<system-out>
<![CDATA[
[[ATTACHMENT|test-results/realistic-live-deployment--721f5-Realistic-Auth-Flow-Testing-Mobile-Chrome/video.webm]]
]]>
</system-out>
</testcase>
<testcase name="🚀 REALISTIC LIVE DEPLOYMENT TESTING › 🏢 VENUES - Realistic Venue Testing" classname="realistic-live-deployment.spec.ts" time="45.3">
<failure message="realistic-live-deployment.spec.ts:122:7 🏢 VENUES - Realistic Venue Testing" type="FAILURE">
<![CDATA[  [Mobile Chrome] › realistic-live-deployment.spec.ts:122:7 › 🚀 REALISTIC LIVE DEPLOYMENT TESTING › 🏢 VENUES - Realistic Venue Testing 

    TimeoutError: page.goto: Timeout 30000ms exceeded.
    Call log:
      - navigating to "https://wedding-lk.vercel.app/", waiting until "load"


      11 |     
      12 |     // Navigate to live deployment
    > 13 |     await page.goto(BASE_URL);
         |                ^
      14 |     
      15 |     // Wait for page to load completely
      16 |     await page.waitForLoadState('networkidle');
        at /Users/asithalakmal/Documents/web/final project/WeddingLK-next copy/tests/e2e/realistic-live-deployment.spec.ts:13:16

    attachment #1: video (video/webm) ──────────────────────────────────────────────────────────────
    ../../test-results/realistic-live-deployment--beeef-S---Realistic-Venue-Testing-Mobile-Chrome/video.webm
    ────────────────────────────────────────────────────────────────────────────────────────────────
]]>
</failure>
<system-out>
<![CDATA[
[[ATTACHMENT|test-results/realistic-live-deployment--beeef-S---Realistic-Venue-Testing-Mobile-Chrome/video.webm]]
]]>
</system-out>
</testcase>
<testcase name="🚀 REALISTIC LIVE DEPLOYMENT TESTING › 🏪 VENDORS - Realistic Vendor Testing" classname="realistic-live-deployment.spec.ts" time="45.375">
<failure message="realistic-live-deployment.spec.ts:154:7 🏪 VENDORS - Realistic Vendor Testing" type="FAILURE">
<![CDATA[  [Mobile Chrome] › realistic-live-deployment.spec.ts:154:7 › 🚀 REALISTIC LIVE DEPLOYMENT TESTING › 🏪 VENDORS - Realistic Vendor Testing 

    TimeoutError: page.goto: Timeout 30000ms exceeded.
    Call log:
      - navigating to "https://wedding-lk.vercel.app/", waiting until "load"


      11 |     
      12 |     // Navigate to live deployment
    > 13 |     await page.goto(BASE_URL);
         |                ^
      14 |     
      15 |     // Wait for page to load completely
      16 |     await page.waitForLoadState('networkidle');
        at /Users/asithalakmal/Documents/web/final project/WeddingLK-next copy/tests/e2e/realistic-live-deployment.spec.ts:13:16

    attachment #1: video (video/webm) ──────────────────────────────────────────────────────────────
    ../../test-results/realistic-live-deployment--4a189----Realistic-Vendor-Testing-Mobile-Chrome/video.webm
    ────────────────────────────────────────────────────────────────────────────────────────────────
]]>
</failure>
<system-out>
<![CDATA[
[[ATTACHMENT|test-results/realistic-live-deployment--4a189----Realistic-Vendor-Testing-Mobile-Chrome/video.webm]]
]]>
</system-out>
</testcase>
<testcase name="🚀 REALISTIC LIVE DEPLOYMENT TESTING › 📱 FEED - Realistic Social Feed Testing" classname="realistic-live-deployment.spec.ts" time="44.996">
<failure message="realistic-live-deployment.spec.ts:178:7 📱 FEED - Realistic Social Feed Testing" type="FAILURE">
<![CDATA[  [Mobile Chrome] › realistic-live-deployment.spec.ts:178:7 › 🚀 REALISTIC LIVE DEPLOYMENT TESTING › 📱 FEED - Realistic Social Feed Testing 

    TimeoutError: page.goto: Timeout 30000ms exceeded.
    Call log:
      - navigating to "https://wedding-lk.vercel.app/", waiting until "load"


      11 |     
      12 |     // Navigate to live deployment
    > 13 |     await page.goto(BASE_URL);
         |                ^
      14 |     
      15 |     // Wait for page to load completely
      16 |     await page.waitForLoadState('networkidle');
        at /Users/asithalakmal/Documents/web/final project/WeddingLK-next copy/tests/e2e/realistic-live-deployment.spec.ts:13:16

    attachment #1: video (video/webm) ──────────────────────────────────────────────────────────────
    ../../test-results/realistic-live-deployment--cc334-alistic-Social-Feed-Testing-Mobile-Chrome/video.webm
    ────────────────────────────────────────────────────────────────────────────────────────────────
]]>
</failure>
<system-out>
<![CDATA[
[[ATTACHMENT|test-results/realistic-live-deployment--cc334-alistic-Social-Feed-Testing-Mobile-Chrome/video.webm]]
]]>
</system-out>
</testcase>
<testcase name="🚀 REALISTIC LIVE DEPLOYMENT TESTING › 🖼️ GALLERY - Realistic Gallery Testing" classname="realistic-live-deployment.spec.ts" time="45.324">
<failure message="realistic-live-deployment.spec.ts:204:7 🖼️ GALLERY - Realistic Gallery Testing" type="FAILURE">
<![CDATA[  [Mobile Chrome] › realistic-live-deployment.spec.ts:204:7 › 🚀 REALISTIC LIVE DEPLOYMENT TESTING › 🖼️ GALLERY - Realistic Gallery Testing 

    TimeoutError: page.goto: Timeout 30000ms exceeded.
    Call log:
      - navigating to "https://wedding-lk.vercel.app/", waiting until "load"


      11 |     
      12 |     // Navigate to live deployment
    > 13 |     await page.goto(BASE_URL);
         |                ^
      14 |     
      15 |     // Wait for page to load completely
      16 |     await page.waitForLoadState('networkidle');
        at /Users/asithalakmal/Documents/web/final project/WeddingLK-next copy/tests/e2e/realistic-live-deployment.spec.ts:13:16

    attachment #1: video (video/webm) ──────────────────────────────────────────────────────────────
    ../../test-results/realistic-live-deployment--c1803---Realistic-Gallery-Testing-Mobile-Chrome/video.webm
    ────────────────────────────────────────────────────────────────────────────────────────────────
]]>
</failure>
<system-out>
<![CDATA[
[[ATTACHMENT|test-results/realistic-live-deployment--c1803---Realistic-Gallery-Testing-Mobile-Chrome/video.webm]]
]]>
</system-out>
</testcase>
<testcase name="🚀 REALISTIC LIVE DEPLOYMENT TESTING › 📊 DASHBOARD - Realistic Dashboard Testing" classname="realistic-live-deployment.spec.ts" time="46.007">
<failure message="realistic-live-deployment.spec.ts:237:7 📊 DASHBOARD - Realistic Dashboard Testing" type="FAILURE">
<![CDATA[  [Mobile Chrome] › realistic-live-deployment.spec.ts:237:7 › 🚀 REALISTIC LIVE DEPLOYMENT TESTING › 📊 DASHBOARD - Realistic Dashboard Testing 

    TimeoutError: page.goto: Timeout 30000ms exceeded.
    Call log:
      - navigating to "https://wedding-lk.vercel.app/", waiting until "load"


      11 |     
      12 |     // Navigate to live deployment
    > 13 |     await page.goto(BASE_URL);
         |                ^
      14 |     
      15 |     // Wait for page to load completely
      16 |     await page.waitForLoadState('networkidle');
        at /Users/asithalakmal/Documents/web/final project/WeddingLK-next copy/tests/e2e/realistic-live-deployment.spec.ts:13:16

    attachment #1: video (video/webm) ──────────────────────────────────────────────────────────────
    ../../test-results/realistic-live-deployment--e2343-Realistic-Dashboard-Testing-Mobile-Chrome/video.webm
    ────────────────────────────────────────────────────────────────────────────────────────────────
]]>
</failure>
<system-out>
<![CDATA[
[[ATTACHMENT|test-results/realistic-live-deployment--e2343-Realistic-Dashboard-Testing-Mobile-Chrome/video.webm]]
]]>
</system-out>
</testcase>
<testcase name="🚀 REALISTIC LIVE DEPLOYMENT TESTING › 🔧 API ENDPOINTS - Realistic API Testing" classname="realistic-live-deployment.spec.ts" time="45.591">
<failure message="realistic-live-deployment.spec.ts:273:7 🔧 API ENDPOINTS - Realistic API Testing" type="FAILURE">
<![CDATA[  [Mobile Chrome] › realistic-live-deployment.spec.ts:273:7 › 🚀 REALISTIC LIVE DEPLOYMENT TESTING › 🔧 API ENDPOINTS - Realistic API Testing 

    TimeoutError: page.goto: Timeout 30000ms exceeded.
    Call log:
      - navigating to "https://wedding-lk.vercel.app/", waiting until "load"


      11 |     
      12 |     // Navigate to live deployment
    > 13 |     await page.goto(BASE_URL);
         |                ^
      14 |     
      15 |     // Wait for page to load completely
      16 |     await page.waitForLoadState('networkidle');
        at /Users/asithalakmal/Documents/web/final project/WeddingLK-next copy/tests/e2e/realistic-live-deployment.spec.ts:13:16

    attachment #1: video (video/webm) ──────────────────────────────────────────────────────────────
    ../../test-results/realistic-live-deployment--c664b-NTS---Realistic-API-Testing-Mobile-Chrome/video.webm
    ────────────────────────────────────────────────────────────────────────────────────────────────
]]>
</failure>
<system-out>
<![CDATA[
[[ATTACHMENT|test-results/realistic-live-deployment--c664b-NTS---Realistic-API-Testing-Mobile-Chrome/video.webm]]
]]>
</system-out>
</testcase>
<testcase name="🚀 REALISTIC LIVE DEPLOYMENT TESTING › 📱 RESPONSIVE DESIGN - Realistic Mobile Testing" classname="realistic-live-deployment.spec.ts" time="45.032">
<failure message="realistic-live-deployment.spec.ts:302:7 📱 RESPONSIVE DESIGN - Realistic Mobile Testing" type="FAILURE">
<![CDATA[  [Mobile Chrome] › realistic-live-deployment.spec.ts:302:7 › 🚀 REALISTIC LIVE DEPLOYMENT TESTING › 📱 RESPONSIVE DESIGN - Realistic Mobile Testing 

    TimeoutError: page.goto: Timeout 30000ms exceeded.
    Call log:
      - navigating to "https://wedding-lk.vercel.app/", waiting until "load"


      11 |     
      12 |     // Navigate to live deployment
    > 13 |     await page.goto(BASE_URL);
         |                ^
      14 |     
      15 |     // Wait for page to load completely
      16 |     await page.waitForLoadState('networkidle');
        at /Users/asithalakmal/Documents/web/final project/WeddingLK-next copy/tests/e2e/realistic-live-deployment.spec.ts:13:16

    attachment #1: video (video/webm) ──────────────────────────────────────────────────────────────
    ../../test-results/realistic-live-deployment--e1510----Realistic-Mobile-Testing-Mobile-Chrome/video.webm
    ────────────────────────────────────────────────────────────────────────────────────────────────
]]>
</failure>
<system-out>
<![CDATA[
[[ATTACHMENT|test-results/realistic-live-deployment--e1510----Realistic-Mobile-Testing-Mobile-Chrome/video.webm]]
]]>
</system-out>
</testcase>
<testcase name="🚀 REALISTIC LIVE DEPLOYMENT TESTING › 🎨 UI COMPONENTS - Realistic Component Testing" classname="realistic-live-deployment.spec.ts" time="45.314">
<failure message="realistic-live-deployment.spec.ts:333:7 🎨 UI COMPONENTS - Realistic Component Testing" type="FAILURE">
<![CDATA[  [Mobile Chrome] › realistic-live-deployment.spec.ts:333:7 › 🚀 REALISTIC LIVE DEPLOYMENT TESTING › 🎨 UI COMPONENTS - Realistic Component Testing 

    TimeoutError: page.goto: Timeout 30000ms exceeded.
    Call log:
      - navigating to "https://wedding-lk.vercel.app/", waiting until "load"


      11 |     
      12 |     // Navigate to live deployment
    > 13 |     await page.goto(BASE_URL);
         |                ^
      14 |     
      15 |     // Wait for page to load completely
      16 |     await page.waitForLoadState('networkidle');
        at /Users/asithalakmal/Documents/web/final project/WeddingLK-next copy/tests/e2e/realistic-live-deployment.spec.ts:13:16

    attachment #1: video (video/webm) ──────────────────────────────────────────────────────────────
    ../../test-results/realistic-live-deployment--fc65f-Realistic-Component-Testing-Mobile-Chrome/video.webm
    ────────────────────────────────────────────────────────────────────────────────────────────────
]]>
</failure>
<system-out>
<![CDATA[
[[ATTACHMENT|test-results/realistic-live-deployment--fc65f-Realistic-Component-Testing-Mobile-Chrome/video.webm]]
]]>
</system-out>
</testcase>
<testcase name="🚀 REALISTIC LIVE DEPLOYMENT TESTING › ⚡ PERFORMANCE - Realistic Performance Testing" classname="realistic-live-deployment.spec.ts" time="45.269">
<failure message="realistic-live-deployment.spec.ts:371:7 ⚡ PERFORMANCE - Realistic Performance Testing" type="FAILURE">
<![CDATA[  [Mobile Chrome] › realistic-live-deployment.spec.ts:371:7 › 🚀 REALISTIC LIVE DEPLOYMENT TESTING › ⚡ PERFORMANCE - Realistic Performance Testing 

    TimeoutError: page.goto: Timeout 30000ms exceeded.
    Call log:
      - navigating to "https://wedding-lk.vercel.app/", waiting until "load"


      11 |     
      12 |     // Navigate to live deployment
    > 13 |     await page.goto(BASE_URL);
         |                ^
      14 |     
      15 |     // Wait for page to load completely
      16 |     await page.waitForLoadState('networkidle');
        at /Users/asithalakmal/Documents/web/final project/WeddingLK-next copy/tests/e2e/realistic-live-deployment.spec.ts:13:16

    attachment #1: video (video/webm) ──────────────────────────────────────────────────────────────
    ../../test-results/realistic-live-deployment--5f492-alistic-Performance-Testing-Mobile-Chrome/video.webm
    ────────────────────────────────────────────────────────────────────────────────────────────────
]]>
</failure>
<system-out>
<![CDATA[
[[ATTACHMENT|test-results/realistic-live-deployment--5f492-alistic-Performance-Testing-Mobile-Chrome/video.webm]]
]]>
</system-out>
</testcase>
<testcase name="🚀 REALISTIC LIVE DEPLOYMENT TESTING › 🔍 ERROR HANDLING - Realistic Error Testing" classname="realistic-live-deployment.spec.ts" time="44.965">
<failure message="realistic-live-deployment.spec.ts:407:7 🔍 ERROR HANDLING - Realistic Error Testing" type="FAILURE">
<![CDATA[  [Mobile Chrome] › realistic-live-deployment.spec.ts:407:7 › 🚀 REALISTIC LIVE DEPLOYMENT TESTING › 🔍 ERROR HANDLING - Realistic Error Testing 

    TimeoutError: page.goto: Timeout 30000ms exceeded.
    Call log:
      - navigating to "https://wedding-lk.vercel.app/", waiting until "load"


      11 |     
      12 |     // Navigate to live deployment
    > 13 |     await page.goto(BASE_URL);
         |                ^
      14 |     
      15 |     // Wait for page to load completely
      16 |     await page.waitForLoadState('networkidle');
        at /Users/asithalakmal/Documents/web/final project/WeddingLK-next copy/tests/e2e/realistic-live-deployment.spec.ts:13:16

    attachment #1: video (video/webm) ──────────────────────────────────────────────────────────────
    ../../test-results/realistic-live-deployment--45aee-G---Realistic-Error-Testing-Mobile-Chrome/video.webm
    ────────────────────────────────────────────────────────────────────────────────────────────────
]]>
</failure>
<system-out>
<![CDATA[
[[ATTACHMENT|test-results/realistic-live-deployment--45aee-G---Realistic-Error-Testing-Mobile-Chrome/video.webm]]
]]>
</system-out>
</testcase>
<testcase name="🚀 REALISTIC LIVE DEPLOYMENT TESTING › 🎯 FINAL INTEGRATION - Realistic System Integration" classname="realistic-live-deployment.spec.ts" time="45.431">
<failure message="realistic-live-deployment.spec.ts:433:7 🎯 FINAL INTEGRATION - Realistic System Integration" type="FAILURE">
<![CDATA[  [Mobile Chrome] › realistic-live-deployment.spec.ts:433:7 › 🚀 REALISTIC LIVE DEPLOYMENT TESTING › 🎯 FINAL INTEGRATION - Realistic System Integration 

    TimeoutError: page.goto: Timeout 30000ms exceeded.
    Call log:
      - navigating to "https://wedding-lk.vercel.app/", waiting until "load"


      11 |     
      12 |     // Navigate to live deployment
    > 13 |     await page.goto(BASE_URL);
         |                ^
      14 |     
      15 |     // Wait for page to load completely
      16 |     await page.waitForLoadState('networkidle');
        at /Users/asithalakmal/Documents/web/final project/WeddingLK-next copy/tests/e2e/realistic-live-deployment.spec.ts:13:16

    attachment #1: video (video/webm) ──────────────────────────────────────────────────────────────
    ../../test-results/realistic-live-deployment--acc1c-ealistic-System-Integration-Mobile-Chrome/video.webm
    ────────────────────────────────────────────────────────────────────────────────────────────────
]]>
</failure>
<system-out>
<![CDATA[
[[ATTACHMENT|test-results/realistic-live-deployment--acc1c-ealistic-System-Integration-Mobile-Chrome/video.webm]]
]]>
</system-out>
</testcase>
<testcase name="🚀 REALISTIC LIVE DEPLOYMENT TESTING › 📊 LIVE DEPLOYMENT STATUS REPORT" classname="realistic-live-deployment.spec.ts" time="45.496">
<failure message="realistic-live-deployment.spec.ts:463:7 📊 LIVE DEPLOYMENT STATUS REPORT" type="FAILURE">
<![CDATA[  [Mobile Chrome] › realistic-live-deployment.spec.ts:463:7 › 🚀 REALISTIC LIVE DEPLOYMENT TESTING › 📊 LIVE DEPLOYMENT STATUS REPORT 

    TimeoutError: page.goto: Timeout 30000ms exceeded.
    Call log:
      - navigating to "https://wedding-lk.vercel.app/", waiting until "load"


      11 |     
      12 |     // Navigate to live deployment
    > 13 |     await page.goto(BASE_URL);
         |                ^
      14 |     
      15 |     // Wait for page to load completely
      16 |     await page.waitForLoadState('networkidle');
        at /Users/asithalakmal/Documents/web/final project/WeddingLK-next copy/tests/e2e/realistic-live-deployment.spec.ts:13:16

    attachment #1: video (video/webm) ──────────────────────────────────────────────────────────────
    ../../test-results/realistic-live-deployment--2c52c-VE-DEPLOYMENT-STATUS-REPORT-Mobile-Chrome/video.webm
    ────────────────────────────────────────────────────────────────────────────────────────────────
]]>
</failure>
<system-out>
<![CDATA[
[[ATTACHMENT|test-results/realistic-live-deployment--2c52c-VE-DEPLOYMENT-STATUS-REPORT-Mobile-Chrome/video.webm]]
]]>
</system-out>
</testcase>
</testsuite>
<testsuite name="simple.spec.ts" timestamp="2025-10-22T18:37:21.475Z" hostname="Mobile Chrome" tests="5" failures="5" skipped="0" time="224.718" errors="0">
<testcase name="Simple Production Tests › Homepage loads and has basic content" classname="simple.spec.ts" time="44.782">
<failure message="simple.spec.ts:4:7 Homepage loads and has basic content" type="FAILURE">
<![CDATA[  [Mobile Chrome] › simple.spec.ts:4:7 › Simple Production Tests › Homepage loads and has basic content 

    Test timeout of 30000ms exceeded.

    TimeoutError: page.goto: Timeout 30000ms exceeded.
    Call log:
      - navigating to "https://wedding-lk.vercel.app/", waiting until "load"


      3 | test.describe('Simple Production Tests', () => {
      4 |   test('Homepage loads and has basic content', async ({ page }) => {
    > 5 |     await page.goto('/');
        |                ^
      6 |     
      7 |     // Check that the page loads
      8 |     await expect(page).toHaveTitle(/WeddingLK/);
        at /Users/asithalakmal/Documents/web/final project/WeddingLK-next copy/tests/e2e/simple.spec.ts:5:16

    attachment #1: video (video/webm) ──────────────────────────────────────────────────────────────
    ../../test-results/simple-Simple-Production-T-a7c1e-loads-and-has-basic-content-Mobile-Chrome/video.webm
    ────────────────────────────────────────────────────────────────────────────────────────────────
]]>
</failure>
<system-out>
<![CDATA[
[[ATTACHMENT|test-results/simple-Simple-Production-T-a7c1e-loads-and-has-basic-content-Mobile-Chrome/video.webm]]
]]>
</system-out>
</testcase>
<testcase name="Simple Production Tests › Page has navigation elements" classname="simple.spec.ts" time="44.719">
<failure message="simple.spec.ts:17:7 Page has navigation elements" type="FAILURE">
<![CDATA[  [Mobile Chrome] › simple.spec.ts:17:7 › Simple Production Tests › Page has navigation elements ───

    Test timeout of 30000ms exceeded.

    TimeoutError: page.goto: Timeout 30000ms exceeded.
    Call log:
      - navigating to "https://wedding-lk.vercel.app/", waiting until "load"


      16 |
      17 |   test('Page has navigation elements', async ({ page }) => {
    > 18 |     await page.goto('/');
         |                ^
      19 |     
      20 |     // Check that navigation elements exist (may be in different locations)
      21 |     await expect(page.locator('a[href="/venues"]')).toBeVisible();
        at /Users/asithalakmal/Documents/web/final project/WeddingLK-next copy/tests/e2e/simple.spec.ts:18:16

    attachment #1: video (video/webm) ──────────────────────────────────────────────────────────────
    ../../test-results/simple-Simple-Production-Tests-Page-has-navigation-elements-Mobile-Chrome/video.webm
    ────────────────────────────────────────────────────────────────────────────────────────────────
]]>
</failure>
<system-out>
<![CDATA[
[[ATTACHMENT|test-results/simple-Simple-Production-Tests-Page-has-navigation-elements-Mobile-Chrome/video.webm]]
]]>
</system-out>
</testcase>
<testcase name="Simple Production Tests › Page has footer content" classname="simple.spec.ts" time="44.788">
<failure message="simple.spec.ts:25:7 Page has footer content" type="FAILURE">
<![CDATA[  [Mobile Chrome] › simple.spec.ts:25:7 › Simple Production Tests › Page has footer content ────────

    Test timeout of 30000ms exceeded.

    TimeoutError: page.goto: Timeout 30000ms exceeded.
    Call log:
      - navigating to "https://wedding-lk.vercel.app/", waiting until "load"


      24 |
      25 |   test('Page has footer content', async ({ page }) => {
    > 26 |     await page.goto('/');
         |                ^
      27 |     
      28 |     // Scroll to footer
      29 |     await page.evaluate(() => window.scrollTo(0, document.body.scrollHeight));
        at /Users/asithalakmal/Documents/web/final project/WeddingLK-next copy/tests/e2e/simple.spec.ts:26:16

    attachment #1: video (video/webm) ──────────────────────────────────────────────────────────────
    ../../test-results/simple-Simple-Production-Tests-Page-has-footer-content-Mobile-Chrome/video.webm
    ────────────────────────────────────────────────────────────────────────────────────────────────
]]>
</failure>
<system-out>
<![CDATA[
[[ATTACHMENT|test-results/simple-Simple-Production-Tests-Page-has-footer-content-Mobile-Chrome/video.webm]]
]]>
</system-out>
</testcase>
<testcase name="Simple Production Tests › Page is responsive" classname="simple.spec.ts" time="45.621">
<failure message="simple.spec.ts:36:7 Page is responsive" type="FAILURE">
<![CDATA[  [Mobile Chrome] › simple.spec.ts:36:7 › Simple Production Tests › Page is responsive ─────────────

    Test timeout of 30000ms exceeded.

    TimeoutError: page.goto: Timeout 30000ms exceeded.
    Call log:
      - navigating to "https://wedding-lk.vercel.app/", waiting until "load"


      37 |     // Test mobile viewport
      38 |     await page.setViewportSize({ width: 375, height: 667 });
    > 39 |     await page.goto('/');
         |                ^
      40 |     
      41 |     // Check that page loads on mobile
      42 |     await expect(page.locator('h1')).toContainText('Find Your Perfect');
        at /Users/asithalakmal/Documents/web/final project/WeddingLK-next copy/tests/e2e/simple.spec.ts:39:16

    attachment #1: video (video/webm) ──────────────────────────────────────────────────────────────
    ../../test-results/simple-Simple-Production-Tests-Page-is-responsive-Mobile-Chrome/video.webm
    ────────────────────────────────────────────────────────────────────────────────────────────────
]]>
</failure>
<system-out>
<![CDATA[
[[ATTACHMENT|test-results/simple-Simple-Production-Tests-Page-is-responsive-Mobile-Chrome/video.webm]]
]]>
</system-out>
</testcase>
<testcase name="Simple Production Tests › Page has correct metadata" classname="simple.spec.ts" time="44.808">
<failure message="simple.spec.ts:52:7 Page has correct metadata" type="FAILURE">
<![CDATA[  [Mobile Chrome] › simple.spec.ts:52:7 › Simple Production Tests › Page has correct metadata ──────

    Test timeout of 30000ms exceeded.

    TimeoutError: page.goto: Timeout 30000ms exceeded.
    Call log:
      - navigating to "https://wedding-lk.vercel.app/", waiting until "load"


      51 |
      52 |   test('Page has correct metadata', async ({ page }) => {
    > 53 |     await page.goto('/');
         |                ^
      54 |     
      55 |     // Check title
      56 |     await expect(page).toHaveTitle(/WeddingLK/);
        at /Users/asithalakmal/Documents/web/final project/WeddingLK-next copy/tests/e2e/simple.spec.ts:53:16

    attachment #1: video (video/webm) ──────────────────────────────────────────────────────────────
    ../../test-results/simple-Simple-Production-Tests-Page-has-correct-metadata-Mobile-Chrome/video.webm
    ────────────────────────────────────────────────────────────────────────────────────────────────
]]>
</failure>
<system-out>
<![CDATA[
[[ATTACHMENT|test-results/simple-Simple-Production-Tests-Page-has-correct-metadata-Mobile-Chrome/video.webm]]
]]>
</system-out>
</testcase>
</testsuite>
<testsuite name="user-journey.spec.ts" timestamp="2025-10-22T18:37:21.475Z" hostname="Mobile Chrome" tests="6" failures="6" skipped="0" time="268.128" errors="0">
<testcase name="💑 Complete Couple Wedding Planning Journey › End-to-End Wedding Planning Journey" classname="user-journey.spec.ts" time="44.598">
<failure message="user-journey.spec.ts:43:7 End-to-End Wedding Planning Journey" type="FAILURE">
<![CDATA[  [Mobile Chrome] › user-journey.spec.ts:43:7 › 💑 Complete Couple Wedding Planning Journey › End-to-End Wedding Planning Journey 

    Test timeout of 30000ms exceeded.

    TimeoutError: page.goto: Timeout 30000ms exceeded.
    Call log:
      - navigating to "https://wedding-lk.vercel.app/auth/signup", waiting until "load"


      43 |   test('End-to-End Wedding Planning Journey', async ({ page }) => {
      44 |     // Step 1: Registration and Profile Setup
    > 45 |     await page.goto('/auth/signup');
         |                ^
      46 |     await page.fill('input[name="name"]', journeyData.couple.name);
      47 |     await page.fill('input[name="email"]', journeyData.couple.email);
      48 |     await page.fill('input[name="password"]', journeyData.couple.password);
        at /Users/asithalakmal/Documents/web/final project/WeddingLK-next copy/tests/e2e/user-journey.spec.ts:45:16

    attachment #1: video (video/webm) ──────────────────────────────────────────────────────────────
    ../../test-results/user-journey-💑-Complete-C-f3f75-nd-Wedding-Planning-Journey-Mobile-Chrome/video.webm
    ────────────────────────────────────────────────────────────────────────────────────────────────
]]>
</failure>
<system-out>
<![CDATA[
[[ATTACHMENT|test-results/user-journey-💑-Complete-C-f3f75-nd-Wedding-Planning-Journey-Mobile-Chrome/video.webm]]
]]>
</system-out>
</testcase>
<testcase name="📸 Vendor Business Journey › Complete Vendor Onboarding and Management Journey" classname="user-journey.spec.ts" time="44.781">
<failure message="user-journey.spec.ts:186:7 Complete Vendor Onboarding and Management Journey" type="FAILURE">
<![CDATA[  [Mobile Chrome] › user-journey.spec.ts:186:7 › 📸 Vendor Business Journey › Complete Vendor Onboarding and Management Journey 

    Test timeout of 30000ms exceeded.

    TimeoutError: page.goto: Timeout 30000ms exceeded.
    Call log:
      - navigating to "https://wedding-lk.vercel.app/vendor/register", waiting until "load"


      186 |   test('Complete Vendor Onboarding and Management Journey', async ({ page }) => {
      187 |     // Step 1: Vendor Registration
    > 188 |     await page.goto('/vendor/register');
          |                ^
      189 |     await page.fill('input[name="businessName"]', journeyData.photographer.businessName);
      190 |     await page.fill('input[name="email"]', journeyData.photographer.email);
      191 |     await page.fill('input[name="password"]', journeyData.photographer.password);
        at /Users/asithalakmal/Documents/web/final project/WeddingLK-next copy/tests/e2e/user-journey.spec.ts:188:16

    attachment #1: video (video/webm) ──────────────────────────────────────────────────────────────
    ../../test-results/user-journey-📸-Vendor-Bus-f59b2-ding-and-Management-Journey-Mobile-Chrome/video.webm
    ────────────────────────────────────────────────────────────────────────────────────────────────
]]>
</failure>
<system-out>
<![CDATA[
[[ATTACHMENT|test-results/user-journey-📸-Vendor-Bus-f59b2-ding-and-Management-Journey-Mobile-Chrome/video.webm]]
]]>
</system-out>
</testcase>
<testcase name="👰 Wedding Planner Professional Journey › Complete Wedding Planner Workflow" classname="user-journey.spec.ts" time="44.874">
<failure message="user-journey.spec.ts:308:7 Complete Wedding Planner Workflow" type="FAILURE">
<![CDATA[  [Mobile Chrome] › user-journey.spec.ts:308:7 › 👰 Wedding Planner Professional Journey › Complete Wedding Planner Workflow 

    Test timeout of 30000ms exceeded.

    TimeoutError: page.goto: Timeout 30000ms exceeded.
    Call log:
      - navigating to "https://wedding-lk.vercel.app/auth/signup", waiting until "load"


      308 |   test('Complete Wedding Planner Workflow', async ({ page }) => {
      309 |     // Step 1: Planner Registration and Setup
    > 310 |     await page.goto('/auth/signup');
          |                ^
      311 |     await page.fill('input[name="name"]', 'Emma Wedding Planner');
      312 |     await page.fill('input[name="email"]', 'planner@test.com');
      313 |     await page.fill('input[name="password"]', 'PlannerPass123!');
        at /Users/asithalakmal/Documents/web/final project/WeddingLK-next copy/tests/e2e/user-journey.spec.ts:310:16

    attachment #1: video (video/webm) ──────────────────────────────────────────────────────────────
    ../../test-results/user-journey-👰-Wedding-Pl-e1fa7-te-Wedding-Planner-Workflow-Mobile-Chrome/video.webm
    ────────────────────────────────────────────────────────────────────────────────────────────────
]]>
</failure>
<system-out>
<![CDATA[
[[ATTACHMENT|test-results/user-journey-👰-Wedding-Pl-e1fa7-te-Wedding-Planner-Workflow-Mobile-Chrome/video.webm]]
]]>
</system-out>
</testcase>
<testcase name="👑 Admin Platform Management Journey › Complete Admin Platform Management" classname="user-journey.spec.ts" time="44.855">
<failure message="user-journey.spec.ts:442:7 Complete Admin Platform Management" type="FAILURE">
<![CDATA[  [Mobile Chrome] › user-journey.spec.ts:442:7 › 👑 Admin Platform Management Journey › Complete Admin Platform Management 

    Test timeout of 30000ms exceeded.

    TimeoutError: page.goto: Timeout 30000ms exceeded.
    Call log:
      - navigating to "https://wedding-lk.vercel.app/auth/signin", waiting until "load"


      442 |   test('Complete Admin Platform Management', async ({ page }) => {
      443 |     // Step 1: Admin Login
    > 444 |     await page.goto('/auth/signin');
          |                ^
      445 |     await page.fill('input[name="email"]', 'admin@test.com');
      446 |     await page.fill('input[name="password"]', 'AdminPass123!');
      447 |     await page.click('button[type="submit"]');
        at /Users/asithalakmal/Documents/web/final project/WeddingLK-next copy/tests/e2e/user-journey.spec.ts:444:16

    attachment #1: video (video/webm) ──────────────────────────────────────────────────────────────
    ../../test-results/user-journey-👑-Admin-Plat-9a1c7-e-Admin-Platform-Management-Mobile-Chrome/video.webm
    ────────────────────────────────────────────────────────────────────────────────────────────────
]]>
</failure>
<system-out>
<![CDATA[
[[ATTACHMENT|test-results/user-journey-👑-Admin-Plat-9a1c7-e-Admin-Platform-Management-Mobile-Chrome/video.webm]]
]]>
</system-out>
</testcase>
<testcase name="🔄 Cross-Platform Integration Journey › Mobile and Web Integration" classname="user-journey.spec.ts" time="44.185">
<failure message="user-journey.spec.ts:555:7 Mobile and Web Integration" type="FAILURE">
<![CDATA[  [Mobile Chrome] › user-journey.spec.ts:555:7 › 🔄 Cross-Platform Integration Journey › Mobile and Web Integration 

    Test timeout of 30000ms exceeded.

    TimeoutError: page.goto: Timeout 30000ms exceeded.
    Call log:
      - navigating to "https://wedding-lk.vercel.app/auth/signin", waiting until "load"


      558 |     
      559 |     // Mobile login
    > 560 |     await page.goto('/auth/signin');
          |                ^
      561 |     await page.fill('input[name="email"]', journeyData.couple.email);
      562 |     await page.fill('input[name="password"]', journeyData.couple.password);
      563 |     await page.click('button[type="submit"]');
        at /Users/asithalakmal/Documents/web/final project/WeddingLK-next copy/tests/e2e/user-journey.spec.ts:560:16

    attachment #1: video (video/webm) ──────────────────────────────────────────────────────────────
    ../../test-results/user-journey-🔄-Cross-Plat-3bd25--Mobile-and-Web-Integration-Mobile-Chrome/video.webm
    ────────────────────────────────────────────────────────────────────────────────────────────────
]]>
</failure>
<system-out>
<![CDATA[
[[ATTACHMENT|test-results/user-journey-🔄-Cross-Plat-3bd25--Mobile-and-Web-Integration-Mobile-Chrome/video.webm]]
]]>
</system-out>
</testcase>
<testcase name="🚨 Error Handling and Recovery Journey › Application Error Recovery" classname="user-journey.spec.ts" time="44.835">
<failure message="user-journey.spec.ts:597:7 Application Error Recovery" type="FAILURE">
<![CDATA[  [Mobile Chrome] › user-journey.spec.ts:597:7 › 🚨 Error Handling and Recovery Journey › Application Error Recovery 

    Test timeout of 30000ms exceeded.

    TimeoutError: page.goto: Timeout 30000ms exceeded.
    Call log:
      - navigating to "https://wedding-lk.vercel.app/venues", waiting until "load"


      599 |     await page.route('**/api/venues', route => route.abort());
      600 |     
    > 601 |     await page.goto('/venues');
          |                ^
      602 |     await expect(page.locator('text=Unable to load venues')).toBeVisible();
      603 |     await expect(page.locator('button:has-text("Retry")')).toBeVisible();
      604 |     
        at /Users/asithalakmal/Documents/web/final project/WeddingLK-next copy/tests/e2e/user-journey.spec.ts:601:16

    attachment #1: video (video/webm) ──────────────────────────────────────────────────────────────
    ../../test-results/user-journey-🚨-Error-Hand-919af--Application-Error-Recovery-Mobile-Chrome/video.webm
    ────────────────────────────────────────────────────────────────────────────────────────────────
]]>
</failure>
<system-out>
<![CDATA[
[[ATTACHMENT|test-results/user-journey-🚨-Error-Hand-919af--Application-Error-Recovery-Mobile-Chrome/video.webm]]
]]>
</system-out>
</testcase>
</testsuite>
<testsuite name="vendor.spec.ts" timestamp="2025-10-22T18:37:21.475Z" hostname="Mobile Chrome" tests="5" failures="5" skipped="0" time="223.688" errors="0">
<testcase name="Vendor Management › Vendor registration and onboarding" classname="vendor.spec.ts" time="44.808">
<failure message="vendor.spec.ts:5:7 Vendor registration and onboarding" type="FAILURE">
<![CDATA[  [Mobile Chrome] › vendor.spec.ts:5:7 › Vendor Management › Vendor registration and onboarding ────

    Test timeout of 30000ms exceeded.

    TimeoutError: page.goto: Timeout 30000ms exceeded.
    Call log:
      - navigating to "https://wedding-lk.vercel.app/vendor/register", waiting until "load"


      13 |
      14 |     // Register as vendor
    > 15 |     await page.goto('/vendor/register');
         |                ^
      16 |     await page.fill('input[name="name"]', vendor.name);
      17 |     await page.fill('input[name="email"]', vendor.email);
      18 |     await page.fill('input[name="businessName"]', vendor.businessName);
        at /Users/asithalakmal/Documents/web/final project/WeddingLK-next copy/tests/e2e/vendor.spec.ts:15:16

    attachment #1: video (video/webm) ──────────────────────────────────────────────────────────────
    ../../test-results/vendor-Vendor-Management-Vendor-registration-and-onboarding-Mobile-Chrome/video.webm
    ────────────────────────────────────────────────────────────────────────────────────────────────
]]>
</failure>
<system-out>
<![CDATA[
[[ATTACHMENT|test-results/vendor-Vendor-Management-Vendor-registration-and-onboarding-Mobile-Chrome/video.webm]]
]]>
</system-out>
</testcase>
<testcase name="Vendor Management › Vendor service creation and portfolio upload" classname="vendor.spec.ts" time="44.676">
<failure message="vendor.spec.ts:39:7 Vendor service creation and portfolio upload" type="FAILURE">
<![CDATA[  [Mobile Chrome] › vendor.spec.ts:39:7 › Vendor Management › Vendor service creation and portfolio upload 

    Test timeout of 30000ms exceeded.

    TimeoutError: page.goto: Timeout 30000ms exceeded.
    Call log:
      - navigating to "https://wedding-lk.vercel.app/auth/signin", waiting until "load"


      39 |   test('Vendor service creation and portfolio upload', async ({ page }) => {
      40 |     // Login as vendor
    > 41 |     await page.goto('/auth/signin');
         |                ^
      42 |     await page.fill('input[name="email"]', process.env.TEST_VENDOR_EMAIL || 'vendor@test.local');
      43 |     await page.fill('input[name="password"]', process.env.TEST_VENDOR_PASSWORD || 'VendorPass123!');
      44 |     await page.click('button[type="submit"]');
        at /Users/asithalakmal/Documents/web/final project/WeddingLK-next copy/tests/e2e/vendor.spec.ts:41:16

    attachment #1: video (video/webm) ──────────────────────────────────────────────────────────────
    ../../test-results/vendor-Vendor-Management-V-1cf6a-eation-and-portfolio-upload-Mobile-Chrome/video.webm
    ────────────────────────────────────────────────────────────────────────────────────────────────
]]>
</failure>
<system-out>
<![CDATA[
[[ATTACHMENT|test-results/vendor-Vendor-Management-V-1cf6a-eation-and-portfolio-upload-Mobile-Chrome/video.webm]]
]]>
</system-out>
</testcase>
<testcase name="Vendor Management › Vendor booking management" classname="vendor.spec.ts" time="44.709">
<failure message="vendor.spec.ts:67:7 Vendor booking management" type="FAILURE">
<![CDATA[  [Mobile Chrome] › vendor.spec.ts:67:7 › Vendor Management › Vendor booking management ────────────

    Test timeout of 30000ms exceeded.

    TimeoutError: page.goto: Timeout 30000ms exceeded.
    Call log:
      - navigating to "https://wedding-lk.vercel.app/auth/signin", waiting until "load"


      67 |   test('Vendor booking management', async ({ page }) => {
      68 |     // Login as vendor
    > 69 |     await page.goto('/auth/signin');
         |                ^
      70 |     await page.fill('input[name="email"]', process.env.TEST_VENDOR_EMAIL || 'vendor@test.local');
      71 |     await page.fill('input[name="password"]', process.env.TEST_VENDOR_PASSWORD || 'VendorPass123!');
      72 |     await page.click('button[type="submit"]');
        at /Users/asithalakmal/Documents/web/final project/WeddingLK-next copy/tests/e2e/vendor.spec.ts:69:16

    attachment #1: video (video/webm) ──────────────────────────────────────────────────────────────
    ../../test-results/vendor-Vendor-Management-Vendor-booking-management-Mobile-Chrome/video.webm
    ────────────────────────────────────────────────────────────────────────────────────────────────
]]>
</failure>
<system-out>
<![CDATA[
[[ATTACHMENT|test-results/vendor-Vendor-Management-Vendor-booking-management-Mobile-Chrome/video.webm]]
]]>
</system-out>
</testcase>
<testcase name="Vendor Management › Vendor profile and portfolio management" classname="vendor.spec.ts" time="44.708">
<failure message="vendor.spec.ts:106:7 Vendor profile and portfolio management" type="FAILURE">
<![CDATA[  [Mobile Chrome] › vendor.spec.ts:106:7 › Vendor Management › Vendor profile and portfolio management 

    Test timeout of 30000ms exceeded.

    TimeoutError: page.goto: Timeout 30000ms exceeded.
    Call log:
      - navigating to "https://wedding-lk.vercel.app/auth/signin", waiting until "load"


      106 |   test('Vendor profile and portfolio management', async ({ page }) => {
      107 |     // Login as vendor
    > 108 |     await page.goto('/auth/signin');
          |                ^
      109 |     await page.fill('input[name="email"]', process.env.TEST_VENDOR_EMAIL || 'vendor@test.local');
      110 |     await page.fill('input[name="password"]', process.env.TEST_VENDOR_PASSWORD || 'VendorPass123!');
      111 |     await page.click('button[type="submit"]');
        at /Users/asithalakmal/Documents/web/final project/WeddingLK-next copy/tests/e2e/vendor.spec.ts:108:16

    attachment #1: video (video/webm) ──────────────────────────────────────────────────────────────
    ../../test-results/vendor-Vendor-Management-V-1bdb8-le-and-portfolio-management-Mobile-Chrome/video.webm
    ────────────────────────────────────────────────────────────────────────────────────────────────
]]>
</failure>
<system-out>
<![CDATA[
[[ATTACHMENT|test-results/vendor-Vendor-Management-V-1bdb8-le-and-portfolio-management-Mobile-Chrome/video.webm]]
]]>
</system-out>
</testcase>
<testcase name="Vendor Management › Vendor analytics and performance tracking" classname="vendor.spec.ts" time="44.787">
<failure message="vendor.spec.ts:127:7 Vendor analytics and performance tracking" type="FAILURE">
<![CDATA[  [Mobile Chrome] › vendor.spec.ts:127:7 › Vendor Management › Vendor analytics and performance tracking 

    Test timeout of 30000ms exceeded.

    TimeoutError: page.goto: Timeout 30000ms exceeded.
    Call log:
      - navigating to "https://wedding-lk.vercel.app/auth/signin", waiting until "load"


      127 |   test('Vendor analytics and performance tracking', async ({ page }) => {
      128 |     // Login as vendor
    > 129 |     await page.goto('/auth/signin');
          |                ^
      130 |     await page.fill('input[name="email"]', process.env.TEST_VENDOR_EMAIL || 'vendor@test.local');
      131 |     await page.fill('input[name="password"]', process.env.TEST_VENDOR_PASSWORD || 'VendorPass123!');
      132 |     await page.click('button[type="submit"]');
        at /Users/asithalakmal/Documents/web/final project/WeddingLK-next copy/tests/e2e/vendor.spec.ts:129:16

    attachment #1: video (video/webm) ──────────────────────────────────────────────────────────────
    ../../test-results/vendor-Vendor-Management-V-453fa-cs-and-performance-tracking-Mobile-Chrome/video.webm
    ────────────────────────────────────────────────────────────────────────────────────────────────
]]>
</failure>
<system-out>
<![CDATA[
[[ATTACHMENT|test-results/vendor-Vendor-Management-V-453fa-cs-and-performance-tracking-Mobile-Chrome/video.webm]]
]]>
</system-out>
</testcase>
</testsuite>
<testsuite name="venue.spec.ts" timestamp="2025-10-22T18:37:21.475Z" hostname="Mobile Chrome" tests="6" failures="6" skipped="0" time="270.053" errors="0">
<testcase name="Venue Management › Venue search and filtering" classname="venue.spec.ts" time="45.76">
<failure message="venue.spec.ts:5:7 Venue search and filtering" type="FAILURE">
<![CDATA[  [Mobile Chrome] › venue.spec.ts:5:7 › Venue Management › Venue search and filtering ──────────────

    Test timeout of 30000ms exceeded.

    TimeoutError: page.goto: Timeout 30000ms exceeded.
    Call log:
      - navigating to "https://wedding-lk.vercel.app/venues", waiting until "load"


      4 | test.describe('Venue Management', () => {
      5 |   test('Venue search and filtering', async ({ page }) => {
    > 6 |     await page.goto('/venues');
        |                ^
      7 |     
      8 |     // Search for venues
      9 |     await page.fill('input[placeholder*="Search venues"], input[name="search"]', 'Colombo');
        at /Users/asithalakmal/Documents/web/final project/WeddingLK-next copy/tests/e2e/venue.spec.ts:6:16

    attachment #1: video (video/webm) ──────────────────────────────────────────────────────────────
    ../../test-results/venue-Venue-Management-Venue-search-and-filtering-Mobile-Chrome/video.webm
    ────────────────────────────────────────────────────────────────────────────────────────────────
]]>
</failure>
<system-out>
<![CDATA[
[[ATTACHMENT|test-results/venue-Venue-Management-Venue-search-and-filtering-Mobile-Chrome/video.webm]]
]]>
</system-out>
</testcase>
<testcase name="Venue Management › Venue details and booking inquiry" classname="venue.spec.ts" time="44.878">
<failure message="venue.spec.ts:24:7 Venue details and booking inquiry" type="FAILURE">
<![CDATA[  [Mobile Chrome] › venue.spec.ts:24:7 › Venue Management › Venue details and booking inquiry ──────

    Test timeout of 30000ms exceeded.

    TimeoutError: page.goto: Timeout 30000ms exceeded.
    Call log:
      - navigating to "https://wedding-lk.vercel.app/venues", waiting until "load"


      23 |
      24 |   test('Venue details and booking inquiry', async ({ page }) => {
    > 25 |     await page.goto('/venues');
         |                ^
      26 |     
      27 |     // Click on first venue
      28 |     await page.click('.venue-card:first-child, [data-testid="venue-card"]:first-child');
        at /Users/asithalakmal/Documents/web/final project/WeddingLK-next copy/tests/e2e/venue.spec.ts:25:16

    attachment #1: video (video/webm) ──────────────────────────────────────────────────────────────
    ../../test-results/venue-Venue-Management-Venue-details-and-booking-inquiry-Mobile-Chrome/video.webm
    ────────────────────────────────────────────────────────────────────────────────────────────────
]]>
</failure>
<system-out>
<![CDATA[
[[ATTACHMENT|test-results/venue-Venue-Management-Venue-details-and-booking-inquiry-Mobile-Chrome/video.webm]]
]]>
</system-out>
</testcase>
<testcase name="Venue Management › Venue availability calendar" classname="venue.spec.ts" time="45.177">
<failure message="venue.spec.ts:60:7 Venue availability calendar" type="FAILURE">
<![CDATA[  [Mobile Chrome] › venue.spec.ts:60:7 › Venue Management › Venue availability calendar ────────────

    Test timeout of 30000ms exceeded.

    TimeoutError: page.goto: Timeout 30000ms exceeded.
    Call log:
      - navigating to "https://wedding-lk.vercel.app/venues", waiting until "load"


      59 |
      60 |   test('Venue availability calendar', async ({ page }) => {
    > 61 |     await page.goto('/venues');
         |                ^
      62 |     await page.click('.venue-card:first-child, [data-testid="venue-card"]:first-child');
      63 |     
      64 |     // Check availability calendar
        at /Users/asithalakmal/Documents/web/final project/WeddingLK-next copy/tests/e2e/venue.spec.ts:61:16

    attachment #1: video (video/webm) ──────────────────────────────────────────────────────────────
    ../../test-results/venue-Venue-Management-Venue-availability-calendar-Mobile-Chrome/video.webm
    ────────────────────────────────────────────────────────────────────────────────────────────────
]]>
</failure>
<system-out>
<![CDATA[
[[ATTACHMENT|test-results/venue-Venue-Management-Venue-availability-calendar-Mobile-Chrome/video.webm]]
]]>
</system-out>
</testcase>
<testcase name="Venue Management › Venue reviews and ratings" classname="venue.spec.ts" time="44.79">
<failure message="venue.spec.ts:73:7 Venue reviews and ratings" type="FAILURE">
<![CDATA[  [Mobile Chrome] › venue.spec.ts:73:7 › Venue Management › Venue reviews and ratings ──────────────

    Test timeout of 30000ms exceeded.

    TimeoutError: page.goto: Timeout 30000ms exceeded.
    Call log:
      - navigating to "https://wedding-lk.vercel.app/venues", waiting until "load"


      72 |
      73 |   test('Venue reviews and ratings', async ({ page }) => {
    > 74 |     await page.goto('/venues');
         |                ^
      75 |     await page.click('.venue-card:first-child, [data-testid="venue-card"]:first-child');
      76 |     
      77 |     // Check reviews section
        at /Users/asithalakmal/Documents/web/final project/WeddingLK-next copy/tests/e2e/venue.spec.ts:74:16

    attachment #1: video (video/webm) ──────────────────────────────────────────────────────────────
    ../../test-results/venue-Venue-Management-Venue-reviews-and-ratings-Mobile-Chrome/video.webm
    ────────────────────────────────────────────────────────────────────────────────────────────────
]]>
</failure>
<system-out>
<![CDATA[
[[ATTACHMENT|test-results/venue-Venue-Management-Venue-reviews-and-ratings-Mobile-Chrome/video.webm]]
]]>
</system-out>
</testcase>
<testcase name="Venue Management › Venue owner management" classname="venue.spec.ts" time="44.826">
<failure message="venue.spec.ts:85:7 Venue owner management" type="FAILURE">
<![CDATA[  [Mobile Chrome] › venue.spec.ts:85:7 › Venue Management › Venue owner management ─────────────────

    Test timeout of 30000ms exceeded.

    TimeoutError: page.goto: Timeout 30000ms exceeded.
    Call log:
      - navigating to "https://wedding-lk.vercel.app/auth/signin", waiting until "load"


      85 |   test('Venue owner management', async ({ page }) => {
      86 |     // Login as venue owner
    > 87 |     await page.goto('/auth/signin');
         |                ^
      88 |     await page.fill('input[name="email"]', process.env.TEST_VENUE_OWNER_EMAIL || 'venue@test.local');
      89 |     await page.fill('input[name="password"]', process.env.TEST_VENUE_OWNER_PASSWORD || 'VenuePass123!');
      90 |     await page.click('button[type="submit"]');
        at /Users/asithalakmal/Documents/web/final project/WeddingLK-next copy/tests/e2e/venue.spec.ts:87:16

    attachment #1: video (video/webm) ──────────────────────────────────────────────────────────────
    ../../test-results/venue-Venue-Management-Venue-owner-management-Mobile-Chrome/video.webm
    ────────────────────────────────────────────────────────────────────────────────────────────────
]]>
</failure>
<system-out>
<![CDATA[
[[ATTACHMENT|test-results/venue-Venue-Management-Venue-owner-management-Mobile-Chrome/video.webm]]
]]>
</system-out>
</testcase>
<testcase name="Venue Management › Venue booking management" classname="venue.spec.ts" time="44.622">
<failure message="venue.spec.ts:123:7 Venue booking management" type="FAILURE">
<![CDATA[  [Mobile Chrome] › venue.spec.ts:123:7 › Venue Management › Venue booking management ──────────────

    Test timeout of 30000ms exceeded.

    TimeoutError: page.goto: Timeout 30000ms exceeded.
    Call log:
      - navigating to "https://wedding-lk.vercel.app/auth/signin", waiting until "load"


      123 |   test('Venue booking management', async ({ page }) => {
      124 |     // Login as venue owner
    > 125 |     await page.goto('/auth/signin');
          |                ^
      126 |     await page.fill('input[name="email"]', process.env.TEST_VENUE_OWNER_EMAIL || 'venue@test.local');
      127 |     await page.fill('input[name="password"]', process.env.TEST_VENUE_OWNER_PASSWORD || 'VenuePass123!');
      128 |     await page.click('button[type="submit"]');
        at /Users/asithalakmal/Documents/web/final project/WeddingLK-next copy/tests/e2e/venue.spec.ts:125:16

    attachment #1: video (video/webm) ──────────────────────────────────────────────────────────────
    ../../test-results/venue-Venue-Management-Venue-booking-management-Mobile-Chrome/video.webm
    ────────────────────────────────────────────────────────────────────────────────────────────────
]]>
</failure>
<system-out>
<![CDATA[
[[ATTACHMENT|test-results/venue-Venue-Management-Venue-booking-management-Mobile-Chrome/video.webm]]
]]>
</system-out>
</testcase>
</testsuite>
</testsuites>