<testsuites id="" name="" tests="1155" failures="374" skipped="411" errors="0" time="6421.281397">
<testsuite name="api-integration.spec.ts" timestamp="2025-10-24T16:55:39.999Z" hostname="chromium" tests="55" failures="45" skipped="4" time="414.225" errors="0">
<testcase name="🔐 Authentication API Tests › DISABLED: User Registration API" classname="api-integration.spec.ts" time="0">
<properties>
<property name="skip" value="">
</property>
</properties>
<skipped>
</skipped>
</testcase>
<testcase name="🔐 Authentication API Tests › DISABLED: User Login API" classname="api-integration.spec.ts" time="0">
<properties>
<property name="skip" value="">
</property>
</properties>
<skipped>
</skipped>
</testcase>
<testcase name="🔐 Authentication API Tests › Invalid Login API" classname="api-integration.spec.ts" time="17.347">
<failure message="api-integration.spec.ts:87:7 Invalid Login API" type="FAILURE">
<![CDATA[  [chromium] › api-integration.spec.ts:87:7 › 🔐 Authentication API Tests › Invalid Login API ──────

    Error: expect(received).toBe(expected) // Object.is equality

    Expected: 401
    Received: 405

      93 |     });
      94 |     
    > 95 |     expect(response.status()).toBe(401);
         |                               ^
      96 |     const data = await response.json();
      97 |     expect(data.success).toBe(false);
      98 |     expect(data.message).toContain('Invalid credentials');
        at /Users/asithalakmal/Documents/web/final project/WeddingLK-next copy/tests/e2e/api-integration.spec.ts:95:31

    attachment #1: screenshot (image/png) ──────────────────────────────────────────────────────────
    ../../test-results/api-integration-🔐-Authent-4b7fb-API-Tests-Invalid-Login-API-chromium/test-failed-1.png
    ────────────────────────────────────────────────────────────────────────────────────────────────

    attachment #2: video (video/webm) ──────────────────────────────────────────────────────────────
    ../../test-results/api-integration-🔐-Authent-4b7fb-API-Tests-Invalid-Login-API-chromium/video.webm
    ────────────────────────────────────────────────────────────────────────────────────────────────
]]>
</failure>
<system-out>
<![CDATA[
[[ATTACHMENT|test-results/api-integration-🔐-Authent-4b7fb-API-Tests-Invalid-Login-API-chromium/test-failed-1.png]]

[[ATTACHMENT|test-results/api-integration-🔐-Authent-4b7fb-API-Tests-Invalid-Login-API-chromium/video.webm]]
]]>
</system-out>
</testcase>
<testcase name="🔐 Authentication API Tests › DISABLED: Password Reset API" classname="api-integration.spec.ts" time="0">
<properties>
<property name="skip" value="">
</property>
</properties>
<skipped>
</skipped>
</testcase>
<testcase name="🔐 Authentication API Tests › Email Verification API" classname="api-integration.spec.ts" time="16.547">
<failure message="api-integration.spec.ts:112:7 Email Verification API" type="FAILURE">
<![CDATA[  [chromium] › api-integration.spec.ts:112:7 › 🔐 Authentication API Tests › Email Verification API 

    Error: expect(received).toBe(expected) // Object.is equality

    Expected: 200
    Received: 405

      115 |     });
      116 |     
    > 117 |     expect(response.status()).toBe(200);
          |                               ^
      118 |     const data = await response.json();
      119 |     expect(data.success).toBe(true);
      120 |   });
        at /Users/asithalakmal/Documents/web/final project/WeddingLK-next copy/tests/e2e/api-integration.spec.ts:117:31

    attachment #1: screenshot (image/png) ──────────────────────────────────────────────────────────
    ../../test-results/api-integration-🔐-Authent-28344-ests-Email-Verification-API-chromium/test-failed-1.png
    ────────────────────────────────────────────────────────────────────────────────────────────────

    attachment #2: video (video/webm) ──────────────────────────────────────────────────────────────
    ../../test-results/api-integration-🔐-Authent-28344-ests-Email-Verification-API-chromium/video.webm
    ────────────────────────────────────────────────────────────────────────────────────────────────
]]>
</failure>
<system-out>
<![CDATA[
[[ATTACHMENT|test-results/api-integration-🔐-Authent-28344-ests-Email-Verification-API-chromium/test-failed-1.png]]

[[ATTACHMENT|test-results/api-integration-🔐-Authent-28344-ests-Email-Verification-API-chromium/video.webm]]
]]>
</system-out>
</testcase>
<testcase name="👤 User Management API Tests › Get User Profile API" classname="api-integration.spec.ts" time="14.335">
<failure message="api-integration.spec.ts:124:7 Get User Profile API" type="FAILURE">
<![CDATA[  [chromium] › api-integration.spec.ts:124:7 › 👤 User Management API Tests › Get User Profile API ─

    SyntaxError: Unexpected end of JSON input

      43 |     data: { email, password }
      44 |   });
    > 45 |   const data = await response.json();
         |                ^
      46 |   return data.token;
      47 | }
      48 |
        at getAuthToken (/Users/asithalakmal/Documents/web/final project/WeddingLK-next copy/tests/e2e/api-integration.spec.ts:45:16)
        at /Users/asithalakmal/Documents/web/final project/WeddingLK-next copy/tests/e2e/api-integration.spec.ts:125:19

    attachment #1: screenshot (image/png) ──────────────────────────────────────────────────────────
    ../../test-results/api-integration-👤-User-Ma-c1c93--Tests-Get-User-Profile-API-chromium/test-failed-1.png
    ────────────────────────────────────────────────────────────────────────────────────────────────

    attachment #2: video (video/webm) ──────────────────────────────────────────────────────────────
    ../../test-results/api-integration-👤-User-Ma-c1c93--Tests-Get-User-Profile-API-chromium/video.webm
    ────────────────────────────────────────────────────────────────────────────────────────────────
]]>
</failure>
<system-out>
<![CDATA[
[[ATTACHMENT|test-results/api-integration-👤-User-Ma-c1c93--Tests-Get-User-Profile-API-chromium/test-failed-1.png]]

[[ATTACHMENT|test-results/api-integration-👤-User-Ma-c1c93--Tests-Get-User-Profile-API-chromium/video.webm]]
]]>
</system-out>
</testcase>
<testcase name="👤 User Management API Tests › Update User Profile API" classname="api-integration.spec.ts" time="12.333">
<failure message="api-integration.spec.ts:136:7 Update User Profile API" type="FAILURE">
<![CDATA[  [chromium] › api-integration.spec.ts:136:7 › 👤 User Management API Tests › Update User Profile API 

    SyntaxError: Unexpected end of JSON input

      43 |     data: { email, password }
      44 |   });
    > 45 |   const data = await response.json();
         |                ^
      46 |   return data.token;
      47 | }
      48 |
        at getAuthToken (/Users/asithalakmal/Documents/web/final project/WeddingLK-next copy/tests/e2e/api-integration.spec.ts:45:16)
        at /Users/asithalakmal/Documents/web/final project/WeddingLK-next copy/tests/e2e/api-integration.spec.ts:137:19

    attachment #1: screenshot (image/png) ──────────────────────────────────────────────────────────
    ../../test-results/api-integration-👤-User-Ma-6e586-sts-Update-User-Profile-API-chromium/test-failed-1.png
    ────────────────────────────────────────────────────────────────────────────────────────────────

    attachment #2: video (video/webm) ──────────────────────────────────────────────────────────────
    ../../test-results/api-integration-👤-User-Ma-6e586-sts-Update-User-Profile-API-chromium/video.webm
    ────────────────────────────────────────────────────────────────────────────────────────────────
]]>
</failure>
<system-out>
<![CDATA[
[[ATTACHMENT|test-results/api-integration-👤-User-Ma-6e586-sts-Update-User-Profile-API-chromium/test-failed-1.png]]

[[ATTACHMENT|test-results/api-integration-👤-User-Ma-6e586-sts-Update-User-Profile-API-chromium/video.webm]]
]]>
</system-out>
</testcase>
<testcase name="👤 User Management API Tests › Get User Favorites API" classname="api-integration.spec.ts" time="2.803">
<failure message="api-integration.spec.ts:150:7 Get User Favorites API" type="FAILURE">
<![CDATA[  [chromium] › api-integration.spec.ts:150:7 › 👤 User Management API Tests › Get User Favorites API 

    SyntaxError: Unexpected end of JSON input

      43 |     data: { email, password }
      44 |   });
    > 45 |   const data = await response.json();
         |                ^
      46 |   return data.token;
      47 | }
      48 |
        at getAuthToken (/Users/asithalakmal/Documents/web/final project/WeddingLK-next copy/tests/e2e/api-integration.spec.ts:45:16)
        at /Users/asithalakmal/Documents/web/final project/WeddingLK-next copy/tests/e2e/api-integration.spec.ts:151:19

    attachment #1: screenshot (image/png) ──────────────────────────────────────────────────────────
    ../../test-results/api-integration-👤-User-Ma-2df14-ests-Get-User-Favorites-API-chromium/test-failed-1.png
    ────────────────────────────────────────────────────────────────────────────────────────────────

    attachment #2: video (video/webm) ──────────────────────────────────────────────────────────────
    ../../test-results/api-integration-👤-User-Ma-2df14-ests-Get-User-Favorites-API-chromium/video.webm
    ────────────────────────────────────────────────────────────────────────────────────────────────
]]>
</failure>
<system-out>
<![CDATA[
[[ATTACHMENT|test-results/api-integration-👤-User-Ma-2df14-ests-Get-User-Favorites-API-chromium/test-failed-1.png]]

[[ATTACHMENT|test-results/api-integration-👤-User-Ma-2df14-ests-Get-User-Favorites-API-chromium/video.webm]]
]]>
</system-out>
</testcase>
<testcase name="👤 User Management API Tests › Add User Favorite API" classname="api-integration.spec.ts" time="5.414">
<failure message="api-integration.spec.ts:161:7 Add User Favorite API" type="FAILURE">
<![CDATA[  [chromium] › api-integration.spec.ts:161:7 › 👤 User Management API Tests › Add User Favorite API 

    SyntaxError: Unexpected end of JSON input

      43 |     data: { email, password }
      44 |   });
    > 45 |   const data = await response.json();
         |                ^
      46 |   return data.token;
      47 | }
      48 |
        at getAuthToken (/Users/asithalakmal/Documents/web/final project/WeddingLK-next copy/tests/e2e/api-integration.spec.ts:45:16)
        at /Users/asithalakmal/Documents/web/final project/WeddingLK-next copy/tests/e2e/api-integration.spec.ts:162:19

    attachment #1: screenshot (image/png) ──────────────────────────────────────────────────────────
    ../../test-results/api-integration-👤-User-Ma-0917f-Tests-Add-User-Favorite-API-chromium/test-failed-1.png
    ────────────────────────────────────────────────────────────────────────────────────────────────

    attachment #2: video (video/webm) ──────────────────────────────────────────────────────────────
    ../../test-results/api-integration-👤-User-Ma-0917f-Tests-Add-User-Favorite-API-chromium/video.webm
    ────────────────────────────────────────────────────────────────────────────────────────────────
]]>
</failure>
<system-out>
<![CDATA[
[[ATTACHMENT|test-results/api-integration-👤-User-Ma-0917f-Tests-Add-User-Favorite-API-chromium/test-failed-1.png]]

[[ATTACHMENT|test-results/api-integration-👤-User-Ma-0917f-Tests-Add-User-Favorite-API-chromium/video.webm]]
]]>
</system-out>
</testcase>
<testcase name="🏢 Vendor Management API Tests › DISABLED: Vendor Registration API" classname="api-integration.spec.ts" time="0">
<properties>
<property name="skip" value="">
</property>
</properties>
<skipped>
</skipped>
</testcase>
<testcase name="🏢 Vendor Management API Tests › Get Vendor Services API" classname="api-integration.spec.ts" time="5.004">
<failure message="api-integration.spec.ts:194:7 Get Vendor Services API" type="FAILURE">
<![CDATA[  [chromium] › api-integration.spec.ts:194:7 › 🏢 Vendor Management API Tests › Get Vendor Services API 

    SyntaxError: Unexpected end of JSON input

      43 |     data: { email, password }
      44 |   });
    > 45 |   const data = await response.json();
         |                ^
      46 |   return data.token;
      47 | }
      48 |
        at getAuthToken (/Users/asithalakmal/Documents/web/final project/WeddingLK-next copy/tests/e2e/api-integration.spec.ts:45:16)
        at /Users/asithalakmal/Documents/web/final project/WeddingLK-next copy/tests/e2e/api-integration.spec.ts:195:19

    attachment #1: screenshot (image/png) ──────────────────────────────────────────────────────────
    ../../test-results/api-integration-🏢-Vendor--4dc71-sts-Get-Vendor-Services-API-chromium/test-failed-1.png
    ────────────────────────────────────────────────────────────────────────────────────────────────

    attachment #2: video (video/webm) ──────────────────────────────────────────────────────────────
    ../../test-results/api-integration-🏢-Vendor--4dc71-sts-Get-Vendor-Services-API-chromium/video.webm
    ────────────────────────────────────────────────────────────────────────────────────────────────
]]>
</failure>
<system-out>
<![CDATA[
[[ATTACHMENT|test-results/api-integration-🏢-Vendor--4dc71-sts-Get-Vendor-Services-API-chromium/test-failed-1.png]]

[[ATTACHMENT|test-results/api-integration-🏢-Vendor--4dc71-sts-Get-Vendor-Services-API-chromium/video.webm]]
]]>
</system-out>
</testcase>
<testcase name="🏢 Vendor Management API Tests › Create Vendor Service API" classname="api-integration.spec.ts" time="3.814">
<failure message="api-integration.spec.ts:205:7 Create Vendor Service API" type="FAILURE">
<![CDATA[  [chromium] › api-integration.spec.ts:205:7 › 🏢 Vendor Management API Tests › Create Vendor Service API 

    SyntaxError: Unexpected end of JSON input

      43 |     data: { email, password }
      44 |   });
    > 45 |   const data = await response.json();
         |                ^
      46 |   return data.token;
      47 | }
      48 |
        at getAuthToken (/Users/asithalakmal/Documents/web/final project/WeddingLK-next copy/tests/e2e/api-integration.spec.ts:45:16)
        at /Users/asithalakmal/Documents/web/final project/WeddingLK-next copy/tests/e2e/api-integration.spec.ts:206:19

    attachment #1: screenshot (image/png) ──────────────────────────────────────────────────────────
    ../../test-results/api-integration-🏢-Vendor--32b06-s-Create-Vendor-Service-API-chromium/test-failed-1.png
    ────────────────────────────────────────────────────────────────────────────────────────────────

    attachment #2: video (video/webm) ──────────────────────────────────────────────────────────────
    ../../test-results/api-integration-🏢-Vendor--32b06-s-Create-Vendor-Service-API-chromium/video.webm
    ────────────────────────────────────────────────────────────────────────────────────────────────
]]>
</failure>
<system-out>
<![CDATA[
[[ATTACHMENT|test-results/api-integration-🏢-Vendor--32b06-s-Create-Vendor-Service-API-chromium/test-failed-1.png]]

[[ATTACHMENT|test-results/api-integration-🏢-Vendor--32b06-s-Create-Vendor-Service-API-chromium/video.webm]]
]]>
</system-out>
</testcase>
<testcase name="🏢 Vendor Management API Tests › Update Vendor Service API" classname="api-integration.spec.ts" time="3.15">
<failure message="api-integration.spec.ts:221:7 Update Vendor Service API" type="FAILURE">
<![CDATA[  [chromium] › api-integration.spec.ts:221:7 › 🏢 Vendor Management API Tests › Update Vendor Service API 

    SyntaxError: Unexpected end of JSON input

      43 |     data: { email, password }
      44 |   });
    > 45 |   const data = await response.json();
         |                ^
      46 |   return data.token;
      47 | }
      48 |
        at getAuthToken (/Users/asithalakmal/Documents/web/final project/WeddingLK-next copy/tests/e2e/api-integration.spec.ts:45:16)
        at /Users/asithalakmal/Documents/web/final project/WeddingLK-next copy/tests/e2e/api-integration.spec.ts:222:19

    attachment #1: screenshot (image/png) ──────────────────────────────────────────────────────────
    ../../test-results/api-integration-🏢-Vendor--8ad41-s-Update-Vendor-Service-API-chromium/test-failed-1.png
    ────────────────────────────────────────────────────────────────────────────────────────────────

    attachment #2: video (video/webm) ──────────────────────────────────────────────────────────────
    ../../test-results/api-integration-🏢-Vendor--8ad41-s-Update-Vendor-Service-API-chromium/video.webm
    ────────────────────────────────────────────────────────────────────────────────────────────────
]]>
</failure>
<system-out>
<![CDATA[
[[ATTACHMENT|test-results/api-integration-🏢-Vendor--8ad41-s-Update-Vendor-Service-API-chromium/test-failed-1.png]]

[[ATTACHMENT|test-results/api-integration-🏢-Vendor--8ad41-s-Update-Vendor-Service-API-chromium/video.webm]]
]]>
</system-out>
</testcase>
<testcase name="🏢 Vendor Management API Tests › Delete Vendor Service API" classname="api-integration.spec.ts" time="2.997">
<failure message="api-integration.spec.ts:235:7 Delete Vendor Service API" type="FAILURE">
<![CDATA[  [chromium] › api-integration.spec.ts:235:7 › 🏢 Vendor Management API Tests › Delete Vendor Service API 

    SyntaxError: Unexpected end of JSON input

      43 |     data: { email, password }
      44 |   });
    > 45 |   const data = await response.json();
         |                ^
      46 |   return data.token;
      47 | }
      48 |
        at getAuthToken (/Users/asithalakmal/Documents/web/final project/WeddingLK-next copy/tests/e2e/api-integration.spec.ts:45:16)
        at /Users/asithalakmal/Documents/web/final project/WeddingLK-next copy/tests/e2e/api-integration.spec.ts:236:19

    attachment #1: screenshot (image/png) ──────────────────────────────────────────────────────────
    ../../test-results/api-integration-🏢-Vendor--3ac39-s-Delete-Vendor-Service-API-chromium/test-failed-1.png
    ────────────────────────────────────────────────────────────────────────────────────────────────

    attachment #2: video (video/webm) ──────────────────────────────────────────────────────────────
    ../../test-results/api-integration-🏢-Vendor--3ac39-s-Delete-Vendor-Service-API-chromium/video.webm
    ────────────────────────────────────────────────────────────────────────────────────────────────
]]>
</failure>
<system-out>
<![CDATA[
[[ATTACHMENT|test-results/api-integration-🏢-Vendor--3ac39-s-Delete-Vendor-Service-API-chromium/test-failed-1.png]]

[[ATTACHMENT|test-results/api-integration-🏢-Vendor--3ac39-s-Delete-Vendor-Service-API-chromium/video.webm]]
]]>
</system-out>
</testcase>
<testcase name="🏢 Vendor Management API Tests › Get Vendor Analytics API" classname="api-integration.spec.ts" time="3.489">
<failure message="api-integration.spec.ts:246:7 Get Vendor Analytics API" type="FAILURE">
<![CDATA[  [chromium] › api-integration.spec.ts:246:7 › 🏢 Vendor Management API Tests › Get Vendor Analytics API 

    SyntaxError: Unexpected end of JSON input

      43 |     data: { email, password }
      44 |   });
    > 45 |   const data = await response.json();
         |                ^
      46 |   return data.token;
      47 | }
      48 |
        at getAuthToken (/Users/asithalakmal/Documents/web/final project/WeddingLK-next copy/tests/e2e/api-integration.spec.ts:45:16)
        at /Users/asithalakmal/Documents/web/final project/WeddingLK-next copy/tests/e2e/api-integration.spec.ts:247:19

    attachment #1: screenshot (image/png) ──────────────────────────────────────────────────────────
    ../../test-results/api-integration-🏢-Vendor--6b8fc-ts-Get-Vendor-Analytics-API-chromium/test-failed-1.png
    ────────────────────────────────────────────────────────────────────────────────────────────────

    attachment #2: video (video/webm) ──────────────────────────────────────────────────────────────
    ../../test-results/api-integration-🏢-Vendor--6b8fc-ts-Get-Vendor-Analytics-API-chromium/video.webm
    ────────────────────────────────────────────────────────────────────────────────────────────────
]]>
</failure>
<system-out>
<![CDATA[
[[ATTACHMENT|test-results/api-integration-🏢-Vendor--6b8fc-ts-Get-Vendor-Analytics-API-chromium/test-failed-1.png]]

[[ATTACHMENT|test-results/api-integration-🏢-Vendor--6b8fc-ts-Get-Vendor-Analytics-API-chromium/video.webm]]
]]>
</system-out>
</testcase>
<testcase name="📅 Booking Management API Tests › Create Booking API" classname="api-integration.spec.ts" time="2.864">
<failure message="api-integration.spec.ts:261:7 Create Booking API" type="FAILURE">
<![CDATA[  [chromium] › api-integration.spec.ts:261:7 › 📅 Booking Management API Tests › Create Booking API 

    SyntaxError: Unexpected end of JSON input

      43 |     data: { email, password }
      44 |   });
    > 45 |   const data = await response.json();
         |                ^
      46 |   return data.token;
      47 | }
      48 |
        at getAuthToken (/Users/asithalakmal/Documents/web/final project/WeddingLK-next copy/tests/e2e/api-integration.spec.ts:45:16)
        at /Users/asithalakmal/Documents/web/final project/WeddingLK-next copy/tests/e2e/api-integration.spec.ts:262:19

    attachment #1: screenshot (image/png) ──────────────────────────────────────────────────────────
    ../../test-results/api-integration-📅-Booking-f6016-PI-Tests-Create-Booking-API-chromium/test-failed-1.png
    ────────────────────────────────────────────────────────────────────────────────────────────────

    attachment #2: video (video/webm) ──────────────────────────────────────────────────────────────
    ../../test-results/api-integration-📅-Booking-f6016-PI-Tests-Create-Booking-API-chromium/video.webm
    ────────────────────────────────────────────────────────────────────────────────────────────────
]]>
</failure>
<system-out>
<![CDATA[
[[ATTACHMENT|test-results/api-integration-📅-Booking-f6016-PI-Tests-Create-Booking-API-chromium/test-failed-1.png]]

[[ATTACHMENT|test-results/api-integration-📅-Booking-f6016-PI-Tests-Create-Booking-API-chromium/video.webm]]
]]>
</system-out>
</testcase>
<testcase name="📅 Booking Management API Tests › Get User Bookings API" classname="api-integration.spec.ts" time="2.034">
<failure message="api-integration.spec.ts:279:7 Get User Bookings API" type="FAILURE">
<![CDATA[  [chromium] › api-integration.spec.ts:279:7 › 📅 Booking Management API Tests › Get User Bookings API 

    SyntaxError: Unexpected end of JSON input

      43 |     data: { email, password }
      44 |   });
    > 45 |   const data = await response.json();
         |                ^
      46 |   return data.token;
      47 | }
      48 |
        at getAuthToken (/Users/asithalakmal/Documents/web/final project/WeddingLK-next copy/tests/e2e/api-integration.spec.ts:45:16)
        at /Users/asithalakmal/Documents/web/final project/WeddingLK-next copy/tests/e2e/api-integration.spec.ts:280:19

    attachment #1: screenshot (image/png) ──────────────────────────────────────────────────────────
    ../../test-results/api-integration-📅-Booking-0e3ce-Tests-Get-User-Bookings-API-chromium/test-failed-1.png
    ────────────────────────────────────────────────────────────────────────────────────────────────

    attachment #2: video (video/webm) ──────────────────────────────────────────────────────────────
    ../../test-results/api-integration-📅-Booking-0e3ce-Tests-Get-User-Bookings-API-chromium/video.webm
    ────────────────────────────────────────────────────────────────────────────────────────────────
]]>
</failure>
<system-out>
<![CDATA[
[[ATTACHMENT|test-results/api-integration-📅-Booking-0e3ce-Tests-Get-User-Bookings-API-chromium/test-failed-1.png]]

[[ATTACHMENT|test-results/api-integration-📅-Booking-0e3ce-Tests-Get-User-Bookings-API-chromium/video.webm]]
]]>
</system-out>
</testcase>
<testcase name="📅 Booking Management API Tests › Update Booking API" classname="api-integration.spec.ts" time="2.164">
<failure message="api-integration.spec.ts:290:7 Update Booking API" type="FAILURE">
<![CDATA[  [chromium] › api-integration.spec.ts:290:7 › 📅 Booking Management API Tests › Update Booking API 

    SyntaxError: Unexpected end of JSON input

      43 |     data: { email, password }
      44 |   });
    > 45 |   const data = await response.json();
         |                ^
      46 |   return data.token;
      47 | }
      48 |
        at getAuthToken (/Users/asithalakmal/Documents/web/final project/WeddingLK-next copy/tests/e2e/api-integration.spec.ts:45:16)
        at /Users/asithalakmal/Documents/web/final project/WeddingLK-next copy/tests/e2e/api-integration.spec.ts:291:19

    attachment #1: screenshot (image/png) ──────────────────────────────────────────────────────────
    ../../test-results/api-integration-📅-Booking-a7a44-PI-Tests-Update-Booking-API-chromium/test-failed-1.png
    ────────────────────────────────────────────────────────────────────────────────────────────────

    attachment #2: video (video/webm) ──────────────────────────────────────────────────────────────
    ../../test-results/api-integration-📅-Booking-a7a44-PI-Tests-Update-Booking-API-chromium/video.webm
    ────────────────────────────────────────────────────────────────────────────────────────────────
]]>
</failure>
<system-out>
<![CDATA[
[[ATTACHMENT|test-results/api-integration-📅-Booking-a7a44-PI-Tests-Update-Booking-API-chromium/test-failed-1.png]]

[[ATTACHMENT|test-results/api-integration-📅-Booking-a7a44-PI-Tests-Update-Booking-API-chromium/video.webm]]
]]>
</system-out>
</testcase>
<testcase name="📅 Booking Management API Tests › Cancel Booking API" classname="api-integration.spec.ts" time="4.383">
<failure message="api-integration.spec.ts:304:7 Cancel Booking API" type="FAILURE">
<![CDATA[  [chromium] › api-integration.spec.ts:304:7 › 📅 Booking Management API Tests › Cancel Booking API 

    SyntaxError: Unexpected end of JSON input

      43 |     data: { email, password }
      44 |   });
    > 45 |   const data = await response.json();
         |                ^
      46 |   return data.token;
      47 | }
      48 |
        at getAuthToken (/Users/asithalakmal/Documents/web/final project/WeddingLK-next copy/tests/e2e/api-integration.spec.ts:45:16)
        at /Users/asithalakmal/Documents/web/final project/WeddingLK-next copy/tests/e2e/api-integration.spec.ts:305:19

    attachment #1: screenshot (image/png) ──────────────────────────────────────────────────────────
    ../../test-results/api-integration-📅-Booking-7c911-PI-Tests-Cancel-Booking-API-chromium/test-failed-1.png
    ────────────────────────────────────────────────────────────────────────────────────────────────

    attachment #2: video (video/webm) ──────────────────────────────────────────────────────────────
    ../../test-results/api-integration-📅-Booking-7c911-PI-Tests-Cancel-Booking-API-chromium/video.webm
    ────────────────────────────────────────────────────────────────────────────────────────────────
]]>
</failure>
<system-out>
<![CDATA[
[[ATTACHMENT|test-results/api-integration-📅-Booking-7c911-PI-Tests-Cancel-Booking-API-chromium/test-failed-1.png]]

[[ATTACHMENT|test-results/api-integration-📅-Booking-7c911-PI-Tests-Cancel-Booking-API-chromium/video.webm]]
]]>
</system-out>
</testcase>
<testcase name="📅 Booking Management API Tests › Get Vendor Bookings API" classname="api-integration.spec.ts" time="3.578">
<failure message="api-integration.spec.ts:315:7 Get Vendor Bookings API" type="FAILURE">
<![CDATA[  [chromium] › api-integration.spec.ts:315:7 › 📅 Booking Management API Tests › Get Vendor Bookings API 

    SyntaxError: Unexpected end of JSON input

      43 |     data: { email, password }
      44 |   });
    > 45 |   const data = await response.json();
         |                ^
      46 |   return data.token;
      47 | }
      48 |
        at getAuthToken (/Users/asithalakmal/Documents/web/final project/WeddingLK-next copy/tests/e2e/api-integration.spec.ts:45:16)
        at /Users/asithalakmal/Documents/web/final project/WeddingLK-next copy/tests/e2e/api-integration.spec.ts:316:19

    attachment #1: screenshot (image/png) ──────────────────────────────────────────────────────────
    ../../test-results/api-integration-📅-Booking-a710b-sts-Get-Vendor-Bookings-API-chromium/test-failed-1.png
    ────────────────────────────────────────────────────────────────────────────────────────────────

    attachment #2: video (video/webm) ──────────────────────────────────────────────────────────────
    ../../test-results/api-integration-📅-Booking-a710b-sts-Get-Vendor-Bookings-API-chromium/video.webm
    ────────────────────────────────────────────────────────────────────────────────────────────────
]]>
</failure>
<system-out>
<![CDATA[
[[ATTACHMENT|test-results/api-integration-📅-Booking-a710b-sts-Get-Vendor-Bookings-API-chromium/test-failed-1.png]]

[[ATTACHMENT|test-results/api-integration-📅-Booking-a710b-sts-Get-Vendor-Bookings-API-chromium/video.webm]]
]]>
</system-out>
</testcase>
<testcase name="📅 Booking Management API Tests › Update Booking Status API" classname="api-integration.spec.ts" time="3.338">
<failure message="api-integration.spec.ts:326:7 Update Booking Status API" type="FAILURE">
<![CDATA[  [chromium] › api-integration.spec.ts:326:7 › 📅 Booking Management API Tests › Update Booking Status API 

    SyntaxError: Unexpected end of JSON input

      43 |     data: { email, password }
      44 |   });
    > 45 |   const data = await response.json();
         |                ^
      46 |   return data.token;
      47 | }
      48 |
        at getAuthToken (/Users/asithalakmal/Documents/web/final project/WeddingLK-next copy/tests/e2e/api-integration.spec.ts:45:16)
        at /Users/asithalakmal/Documents/web/final project/WeddingLK-next copy/tests/e2e/api-integration.spec.ts:327:19

    attachment #1: screenshot (image/png) ──────────────────────────────────────────────────────────
    ../../test-results/api-integration-📅-Booking-458f2-s-Update-Booking-Status-API-chromium/test-failed-1.png
    ────────────────────────────────────────────────────────────────────────────────────────────────

    attachment #2: video (video/webm) ──────────────────────────────────────────────────────────────
    ../../test-results/api-integration-📅-Booking-458f2-s-Update-Booking-Status-API-chromium/video.webm
    ────────────────────────────────────────────────────────────────────────────────────────────────
]]>
</failure>
<system-out>
<![CDATA[
[[ATTACHMENT|test-results/api-integration-📅-Booking-458f2-s-Update-Booking-Status-API-chromium/test-failed-1.png]]

[[ATTACHMENT|test-results/api-integration-📅-Booking-458f2-s-Update-Booking-Status-API-chromium/video.webm]]
]]>
</system-out>
</testcase>
<testcase name="🏛️ Venue Management API Tests › Get Venues API" classname="api-integration.spec.ts" time="12.066">
</testcase>
<testcase name="🏛️ Venue Management API Tests › Get Venue by ID API" classname="api-integration.spec.ts" time="7.983">
<failure message="api-integration.spec.ts:350:7 Get Venue by ID API" type="FAILURE">
<![CDATA[  [chromium] › api-integration.spec.ts:350:7 › 🏛️ Venue Management API Tests › Get Venue by ID API 

    Error: expect(received).toBe(expected) // Object.is equality

    Expected: 200
    Received: 500

      350 |   test('Get Venue by ID API', async ({ page }) => {
      351 |     const response = await page.request.get('/api/venues/test-venue-id');
    > 352 |     expect(response.status()).toBe(200);
          |                               ^
      353 |     
      354 |     const data = await response.json();
      355 |     expect(data.success).toBe(true);
        at /Users/asithalakmal/Documents/web/final project/WeddingLK-next copy/tests/e2e/api-integration.spec.ts:352:31

    attachment #1: screenshot (image/png) ──────────────────────────────────────────────────────────
    ../../test-results/api-integration-🏛️-Venue--f15e9-I-Tests-Get-Venue-by-ID-API-chromium/test-failed-1.png
    ────────────────────────────────────────────────────────────────────────────────────────────────

    attachment #2: video (video/webm) ──────────────────────────────────────────────────────────────
    ../../test-results/api-integration-🏛️-Venue--f15e9-I-Tests-Get-Venue-by-ID-API-chromium/video.webm
    ────────────────────────────────────────────────────────────────────────────────────────────────
]]>
</failure>
<system-out>
<![CDATA[
[[ATTACHMENT|test-results/api-integration-🏛️-Venue--f15e9-I-Tests-Get-Venue-by-ID-API-chromium/test-failed-1.png]]

[[ATTACHMENT|test-results/api-integration-🏛️-Venue--f15e9-I-Tests-Get-Venue-by-ID-API-chromium/video.webm]]
]]>
</system-out>
</testcase>
<testcase name="🏛️ Venue Management API Tests › Search Venues API" classname="api-integration.spec.ts" time="9.768">
</testcase>
<testcase name="🏛️ Venue Management API Tests › Get Venue Availability API" classname="api-integration.spec.ts" time="6.342">
<failure message="api-integration.spec.ts:368:7 Get Venue Availability API" type="FAILURE">
<![CDATA[  [chromium] › api-integration.spec.ts:368:7 › 🏛️ Venue Management API Tests › Get Venue Availability API 

    Error: expect(received).toBe(expected) // Object.is equality

    Expected: 200
    Received: 500

      368 |   test('Get Venue Availability API', async ({ page }) => {
      369 |     const response = await page.request.get('/api/venues/availability?venueId=test-venue-id&date=2024-12-25');
    > 370 |     expect(response.status()).toBe(200);
          |                               ^
      371 |     
      372 |     const data = await response.json();
      373 |     expect(data.success).toBe(true);
        at /Users/asithalakmal/Documents/web/final project/WeddingLK-next copy/tests/e2e/api-integration.spec.ts:370:31

    attachment #1: screenshot (image/png) ──────────────────────────────────────────────────────────
    ../../test-results/api-integration-🏛️-Venue--1dc52--Get-Venue-Availability-API-chromium/test-failed-1.png
    ────────────────────────────────────────────────────────────────────────────────────────────────

    attachment #2: video (video/webm) ──────────────────────────────────────────────────────────────
    ../../test-results/api-integration-🏛️-Venue--1dc52--Get-Venue-Availability-API-chromium/video.webm
    ────────────────────────────────────────────────────────────────────────────────────────────────
]]>
</failure>
<system-out>
<![CDATA[
[[ATTACHMENT|test-results/api-integration-🏛️-Venue--1dc52--Get-Venue-Availability-API-chromium/test-failed-1.png]]

[[ATTACHMENT|test-results/api-integration-🏛️-Venue--1dc52--Get-Venue-Availability-API-chromium/video.webm]]
]]>
</system-out>
</testcase>
<testcase name="💳 Payment API Tests › Create Payment Intent API" classname="api-integration.spec.ts" time="9.56">
<failure message="api-integration.spec.ts:379:7 Create Payment Intent API" type="FAILURE">
<![CDATA[  [chromium] › api-integration.spec.ts:379:7 › 💳 Payment API Tests › Create Payment Intent API ────

    SyntaxError: Unexpected end of JSON input

      43 |     data: { email, password }
      44 |   });
    > 45 |   const data = await response.json();
         |                ^
      46 |   return data.token;
      47 | }
      48 |
        at getAuthToken (/Users/asithalakmal/Documents/web/final project/WeddingLK-next copy/tests/e2e/api-integration.spec.ts:45:16)
        at /Users/asithalakmal/Documents/web/final project/WeddingLK-next copy/tests/e2e/api-integration.spec.ts:380:19

    attachment #1: screenshot (image/png) ──────────────────────────────────────────────────────────
    ../../test-results/api-integration-💳-Payment-a4c14-s-Create-Payment-Intent-API-chromium/test-failed-1.png
    ────────────────────────────────────────────────────────────────────────────────────────────────

    attachment #2: video (video/webm) ──────────────────────────────────────────────────────────────
    ../../test-results/api-integration-💳-Payment-a4c14-s-Create-Payment-Intent-API-chromium/video.webm
    ────────────────────────────────────────────────────────────────────────────────────────────────
]]>
</failure>
<system-out>
<![CDATA[
[[ATTACHMENT|test-results/api-integration-💳-Payment-a4c14-s-Create-Payment-Intent-API-chromium/test-failed-1.png]]

[[ATTACHMENT|test-results/api-integration-💳-Payment-a4c14-s-Create-Payment-Intent-API-chromium/video.webm]]
]]>
</system-out>
</testcase>
<testcase name="💳 Payment API Tests › Get Payment History API" classname="api-integration.spec.ts" time="4.027">
<failure message="api-integration.spec.ts:394:7 Get Payment History API" type="FAILURE">
<![CDATA[  [chromium] › api-integration.spec.ts:394:7 › 💳 Payment API Tests › Get Payment History API ──────

    SyntaxError: Unexpected end of JSON input

      43 |     data: { email, password }
      44 |   });
    > 45 |   const data = await response.json();
         |                ^
      46 |   return data.token;
      47 | }
      48 |
        at getAuthToken (/Users/asithalakmal/Documents/web/final project/WeddingLK-next copy/tests/e2e/api-integration.spec.ts:45:16)
        at /Users/asithalakmal/Documents/web/final project/WeddingLK-next copy/tests/e2e/api-integration.spec.ts:395:19

    attachment #1: screenshot (image/png) ──────────────────────────────────────────────────────────
    ../../test-results/api-integration-💳-Payment-API-Tests-Get-Payment-History-API-chromium/test-failed-1.png
    ────────────────────────────────────────────────────────────────────────────────────────────────

    attachment #2: video (video/webm) ──────────────────────────────────────────────────────────────
    ../../test-results/api-integration-💳-Payment-API-Tests-Get-Payment-History-API-chromium/video.webm
    ────────────────────────────────────────────────────────────────────────────────────────────────
]]>
</failure>
<system-out>
<![CDATA[
[[ATTACHMENT|test-results/api-integration-💳-Payment-API-Tests-Get-Payment-History-API-chromium/test-failed-1.png]]

[[ATTACHMENT|test-results/api-integration-💳-Payment-API-Tests-Get-Payment-History-API-chromium/video.webm]]
]]>
</system-out>
</testcase>
<testcase name="💳 Payment API Tests › Get Payment by ID API" classname="api-integration.spec.ts" time="9.894">
<failure message="api-integration.spec.ts:405:7 Get Payment by ID API" type="FAILURE">
<![CDATA[  [chromium] › api-integration.spec.ts:405:7 › 💳 Payment API Tests › Get Payment by ID API ────────

    SyntaxError: Unexpected end of JSON input

      43 |     data: { email, password }
      44 |   });
    > 45 |   const data = await response.json();
         |                ^
      46 |   return data.token;
      47 | }
      48 |
        at getAuthToken (/Users/asithalakmal/Documents/web/final project/WeddingLK-next copy/tests/e2e/api-integration.spec.ts:45:16)
        at /Users/asithalakmal/Documents/web/final project/WeddingLK-next copy/tests/e2e/api-integration.spec.ts:406:19

    attachment #1: screenshot (image/png) ──────────────────────────────────────────────────────────
    ../../test-results/api-integration-💳-Payment-API-Tests-Get-Payment-by-ID-API-chromium/test-failed-1.png
    ────────────────────────────────────────────────────────────────────────────────────────────────

    attachment #2: video (video/webm) ──────────────────────────────────────────────────────────────
    ../../test-results/api-integration-💳-Payment-API-Tests-Get-Payment-by-ID-API-chromium/video.webm
    ────────────────────────────────────────────────────────────────────────────────────────────────
]]>
</failure>
<system-out>
<![CDATA[
[[ATTACHMENT|test-results/api-integration-💳-Payment-API-Tests-Get-Payment-by-ID-API-chromium/test-failed-1.png]]

[[ATTACHMENT|test-results/api-integration-💳-Payment-API-Tests-Get-Payment-by-ID-API-chromium/video.webm]]
]]>
</system-out>
</testcase>
<testcase name="📊 Dashboard API Tests › Get Dashboard Stats API" classname="api-integration.spec.ts" time="6.911">
<failure message="api-integration.spec.ts:418:7 Get Dashboard Stats API" type="FAILURE">
<![CDATA[  [chromium] › api-integration.spec.ts:418:7 › 📊 Dashboard API Tests › Get Dashboard Stats API ────

    SyntaxError: Unexpected end of JSON input

      43 |     data: { email, password }
      44 |   });
    > 45 |   const data = await response.json();
         |                ^
      46 |   return data.token;
      47 | }
      48 |
        at getAuthToken (/Users/asithalakmal/Documents/web/final project/WeddingLK-next copy/tests/e2e/api-integration.spec.ts:45:16)
        at /Users/asithalakmal/Documents/web/final project/WeddingLK-next copy/tests/e2e/api-integration.spec.ts:419:19

    attachment #1: screenshot (image/png) ──────────────────────────────────────────────────────────
    ../../test-results/api-integration-📊-Dashboa-bf9ef-sts-Get-Dashboard-Stats-API-chromium/test-failed-1.png
    ────────────────────────────────────────────────────────────────────────────────────────────────

    attachment #2: video (video/webm) ──────────────────────────────────────────────────────────────
    ../../test-results/api-integration-📊-Dashboa-bf9ef-sts-Get-Dashboard-Stats-API-chromium/video.webm
    ────────────────────────────────────────────────────────────────────────────────────────────────
]]>
</failure>
<system-out>
<![CDATA[
[[ATTACHMENT|test-results/api-integration-📊-Dashboa-bf9ef-sts-Get-Dashboard-Stats-API-chromium/test-failed-1.png]]

[[ATTACHMENT|test-results/api-integration-📊-Dashboa-bf9ef-sts-Get-Dashboard-Stats-API-chromium/video.webm]]
]]>
</system-out>
</testcase>
<testcase name="📊 Dashboard API Tests › Get Dashboard Activity API" classname="api-integration.spec.ts" time="7.102">
<failure message="api-integration.spec.ts:431:7 Get Dashboard Activity API" type="FAILURE">
<![CDATA[  [chromium] › api-integration.spec.ts:431:7 › 📊 Dashboard API Tests › Get Dashboard Activity API ─

    SyntaxError: Unexpected end of JSON input

      43 |     data: { email, password }
      44 |   });
    > 45 |   const data = await response.json();
         |                ^
      46 |   return data.token;
      47 | }
      48 |
        at getAuthToken (/Users/asithalakmal/Documents/web/final project/WeddingLK-next copy/tests/e2e/api-integration.spec.ts:45:16)
        at /Users/asithalakmal/Documents/web/final project/WeddingLK-next copy/tests/e2e/api-integration.spec.ts:432:19

    attachment #1: screenshot (image/png) ──────────────────────────────────────────────────────────
    ../../test-results/api-integration-📊-Dashboa-0cd31--Get-Dashboard-Activity-API-chromium/test-failed-1.png
    ────────────────────────────────────────────────────────────────────────────────────────────────

    attachment #2: video (video/webm) ──────────────────────────────────────────────────────────────
    ../../test-results/api-integration-📊-Dashboa-0cd31--Get-Dashboard-Activity-API-chromium/video.webm
    ────────────────────────────────────────────────────────────────────────────────────────────────
]]>
</failure>
<system-out>
<![CDATA[
[[ATTACHMENT|test-results/api-integration-📊-Dashboa-0cd31--Get-Dashboard-Activity-API-chromium/test-failed-1.png]]

[[ATTACHMENT|test-results/api-integration-📊-Dashboa-0cd31--Get-Dashboard-Activity-API-chromium/video.webm]]
]]>
</system-out>
</testcase>
<testcase name="📊 Dashboard API Tests › Get User Dashboard Stats API" classname="api-integration.spec.ts" time="2.416">
<failure message="api-integration.spec.ts:442:7 Get User Dashboard Stats API" type="FAILURE">
<![CDATA[  [chromium] › api-integration.spec.ts:442:7 › 📊 Dashboard API Tests › Get User Dashboard Stats API 

    SyntaxError: Unexpected end of JSON input

      43 |     data: { email, password }
      44 |   });
    > 45 |   const data = await response.json();
         |                ^
      46 |   return data.token;
      47 | }
      48 |
        at getAuthToken (/Users/asithalakmal/Documents/web/final project/WeddingLK-next copy/tests/e2e/api-integration.spec.ts:45:16)
        at /Users/asithalakmal/Documents/web/final project/WeddingLK-next copy/tests/e2e/api-integration.spec.ts:443:19

    attachment #1: screenshot (image/png) ──────────────────────────────────────────────────────────
    ../../test-results/api-integration-📊-Dashboa-f50b7-et-User-Dashboard-Stats-API-chromium/test-failed-1.png
    ────────────────────────────────────────────────────────────────────────────────────────────────

    attachment #2: video (video/webm) ──────────────────────────────────────────────────────────────
    ../../test-results/api-integration-📊-Dashboa-f50b7-et-User-Dashboard-Stats-API-chromium/video.webm
    ────────────────────────────────────────────────────────────────────────────────────────────────
]]>
</failure>
<system-out>
<![CDATA[
[[ATTACHMENT|test-results/api-integration-📊-Dashboa-f50b7-et-User-Dashboard-Stats-API-chromium/test-failed-1.png]]

[[ATTACHMENT|test-results/api-integration-📊-Dashboa-f50b7-et-User-Dashboard-Stats-API-chromium/video.webm]]
]]>
</system-out>
</testcase>
<testcase name="📊 Dashboard API Tests › Get Vendor Dashboard Stats API" classname="api-integration.spec.ts" time="2.112">
<failure message="api-integration.spec.ts:453:7 Get Vendor Dashboard Stats API" type="FAILURE">
<![CDATA[  [chromium] › api-integration.spec.ts:453:7 › 📊 Dashboard API Tests › Get Vendor Dashboard Stats API 

    SyntaxError: Unexpected end of JSON input

      43 |     data: { email, password }
      44 |   });
    > 45 |   const data = await response.json();
         |                ^
      46 |   return data.token;
      47 | }
      48 |
        at getAuthToken (/Users/asithalakmal/Documents/web/final project/WeddingLK-next copy/tests/e2e/api-integration.spec.ts:45:16)
        at /Users/asithalakmal/Documents/web/final project/WeddingLK-next copy/tests/e2e/api-integration.spec.ts:454:19

    attachment #1: screenshot (image/png) ──────────────────────────────────────────────────────────
    ../../test-results/api-integration-📊-Dashboa-87572--Vendor-Dashboard-Stats-API-chromium/test-failed-1.png
    ────────────────────────────────────────────────────────────────────────────────────────────────

    attachment #2: video (video/webm) ──────────────────────────────────────────────────────────────
    ../../test-results/api-integration-📊-Dashboa-87572--Vendor-Dashboard-Stats-API-chromium/video.webm
    ────────────────────────────────────────────────────────────────────────────────────────────────
]]>
</failure>
<system-out>
<![CDATA[
[[ATTACHMENT|test-results/api-integration-📊-Dashboa-87572--Vendor-Dashboard-Stats-API-chromium/test-failed-1.png]]

[[ATTACHMENT|test-results/api-integration-📊-Dashboa-87572--Vendor-Dashboard-Stats-API-chromium/video.webm]]
]]>
</system-out>
</testcase>
<testcase name="📊 Dashboard API Tests › Get Admin Dashboard Stats API" classname="api-integration.spec.ts" time="2.836">
<failure message="api-integration.spec.ts:464:7 Get Admin Dashboard Stats API" type="FAILURE">
<![CDATA[  [chromium] › api-integration.spec.ts:464:7 › 📊 Dashboard API Tests › Get Admin Dashboard Stats API 

    SyntaxError: Unexpected end of JSON input

      43 |     data: { email, password }
      44 |   });
    > 45 |   const data = await response.json();
         |                ^
      46 |   return data.token;
      47 | }
      48 |
        at getAuthToken (/Users/asithalakmal/Documents/web/final project/WeddingLK-next copy/tests/e2e/api-integration.spec.ts:45:16)
        at /Users/asithalakmal/Documents/web/final project/WeddingLK-next copy/tests/e2e/api-integration.spec.ts:465:19

    attachment #1: screenshot (image/png) ──────────────────────────────────────────────────────────
    ../../test-results/api-integration-📊-Dashboa-9ac1f-t-Admin-Dashboard-Stats-API-chromium/test-failed-1.png
    ────────────────────────────────────────────────────────────────────────────────────────────────

    attachment #2: video (video/webm) ──────────────────────────────────────────────────────────────
    ../../test-results/api-integration-📊-Dashboa-9ac1f-t-Admin-Dashboard-Stats-API-chromium/video.webm
    ────────────────────────────────────────────────────────────────────────────────────────────────
]]>
</failure>
<system-out>
<![CDATA[
[[ATTACHMENT|test-results/api-integration-📊-Dashboa-9ac1f-t-Admin-Dashboard-Stats-API-chromium/test-failed-1.png]]

[[ATTACHMENT|test-results/api-integration-📊-Dashboa-9ac1f-t-Admin-Dashboard-Stats-API-chromium/video.webm]]
]]>
</system-out>
</testcase>
<testcase name="👥 Wedding Planner API Tests › Get Planner Clients API" classname="api-integration.spec.ts" time="3.347">
<failure message="api-integration.spec.ts:477:7 Get Planner Clients API" type="FAILURE">
<![CDATA[  [chromium] › api-integration.spec.ts:477:7 › 👥 Wedding Planner API Tests › Get Planner Clients API 

    SyntaxError: Unexpected end of JSON input

      43 |     data: { email, password }
      44 |   });
    > 45 |   const data = await response.json();
         |                ^
      46 |   return data.token;
      47 | }
      48 |
        at getAuthToken (/Users/asithalakmal/Documents/web/final project/WeddingLK-next copy/tests/e2e/api-integration.spec.ts:45:16)
        at /Users/asithalakmal/Documents/web/final project/WeddingLK-next copy/tests/e2e/api-integration.spec.ts:478:19

    attachment #1: screenshot (image/png) ──────────────────────────────────────────────────────────
    ../../test-results/api-integration-👥-Wedding-2c0a3-sts-Get-Planner-Clients-API-chromium/test-failed-1.png
    ────────────────────────────────────────────────────────────────────────────────────────────────

    attachment #2: video (video/webm) ──────────────────────────────────────────────────────────────
    ../../test-results/api-integration-👥-Wedding-2c0a3-sts-Get-Planner-Clients-API-chromium/video.webm
    ────────────────────────────────────────────────────────────────────────────────────────────────
]]>
</failure>
<system-out>
<![CDATA[
[[ATTACHMENT|test-results/api-integration-👥-Wedding-2c0a3-sts-Get-Planner-Clients-API-chromium/test-failed-1.png]]

[[ATTACHMENT|test-results/api-integration-👥-Wedding-2c0a3-sts-Get-Planner-Clients-API-chromium/video.webm]]
]]>
</system-out>
</testcase>
<testcase name="👥 Wedding Planner API Tests › Create Planner Client API" classname="api-integration.spec.ts" time="3.436">
<failure message="api-integration.spec.ts:488:7 Create Planner Client API" type="FAILURE">
<![CDATA[  [chromium] › api-integration.spec.ts:488:7 › 👥 Wedding Planner API Tests › Create Planner Client API 

    SyntaxError: Unexpected end of JSON input

      43 |     data: { email, password }
      44 |   });
    > 45 |   const data = await response.json();
         |                ^
      46 |   return data.token;
      47 | }
      48 |
        at getAuthToken (/Users/asithalakmal/Documents/web/final project/WeddingLK-next copy/tests/e2e/api-integration.spec.ts:45:16)
        at /Users/asithalakmal/Documents/web/final project/WeddingLK-next copy/tests/e2e/api-integration.spec.ts:489:19

    attachment #1: screenshot (image/png) ──────────────────────────────────────────────────────────
    ../../test-results/api-integration-👥-Wedding-61866-s-Create-Planner-Client-API-chromium/test-failed-1.png
    ────────────────────────────────────────────────────────────────────────────────────────────────

    attachment #2: video (video/webm) ──────────────────────────────────────────────────────────────
    ../../test-results/api-integration-👥-Wedding-61866-s-Create-Planner-Client-API-chromium/video.webm
    ────────────────────────────────────────────────────────────────────────────────────────────────
]]>
</failure>
<system-out>
<![CDATA[
[[ATTACHMENT|test-results/api-integration-👥-Wedding-61866-s-Create-Planner-Client-API-chromium/test-failed-1.png]]

[[ATTACHMENT|test-results/api-integration-👥-Wedding-61866-s-Create-Planner-Client-API-chromium/video.webm]]
]]>
</system-out>
</testcase>
<testcase name="👥 Wedding Planner API Tests › Get Planner Tasks API" classname="api-integration.spec.ts" time="3.576">
<failure message="api-integration.spec.ts:504:7 Get Planner Tasks API" type="FAILURE">
<![CDATA[  [chromium] › api-integration.spec.ts:504:7 › 👥 Wedding Planner API Tests › Get Planner Tasks API 

    SyntaxError: Unexpected end of JSON input

      43 |     data: { email, password }
      44 |   });
    > 45 |   const data = await response.json();
         |                ^
      46 |   return data.token;
      47 | }
      48 |
        at getAuthToken (/Users/asithalakmal/Documents/web/final project/WeddingLK-next copy/tests/e2e/api-integration.spec.ts:45:16)
        at /Users/asithalakmal/Documents/web/final project/WeddingLK-next copy/tests/e2e/api-integration.spec.ts:505:19

    attachment #1: screenshot (image/png) ──────────────────────────────────────────────────────────
    ../../test-results/api-integration-👥-Wedding-8c90f-Tests-Get-Planner-Tasks-API-chromium/test-failed-1.png
    ────────────────────────────────────────────────────────────────────────────────────────────────

    attachment #2: video (video/webm) ──────────────────────────────────────────────────────────────
    ../../test-results/api-integration-👥-Wedding-8c90f-Tests-Get-Planner-Tasks-API-chromium/video.webm
    ────────────────────────────────────────────────────────────────────────────────────────────────
]]>
</failure>
<system-out>
<![CDATA[
[[ATTACHMENT|test-results/api-integration-👥-Wedding-8c90f-Tests-Get-Planner-Tasks-API-chromium/test-failed-1.png]]

[[ATTACHMENT|test-results/api-integration-👥-Wedding-8c90f-Tests-Get-Planner-Tasks-API-chromium/video.webm]]
]]>
</system-out>
</testcase>
<testcase name="👥 Wedding Planner API Tests › Create Planner Task API" classname="api-integration.spec.ts" time="1.913">
<failure message="api-integration.spec.ts:515:7 Create Planner Task API" type="FAILURE">
<![CDATA[  [chromium] › api-integration.spec.ts:515:7 › 👥 Wedding Planner API Tests › Create Planner Task API 

    SyntaxError: Unexpected end of JSON input

      43 |     data: { email, password }
      44 |   });
    > 45 |   const data = await response.json();
         |                ^
      46 |   return data.token;
      47 | }
      48 |
        at getAuthToken (/Users/asithalakmal/Documents/web/final project/WeddingLK-next copy/tests/e2e/api-integration.spec.ts:45:16)
        at /Users/asithalakmal/Documents/web/final project/WeddingLK-next copy/tests/e2e/api-integration.spec.ts:516:19

    attachment #1: screenshot (image/png) ──────────────────────────────────────────────────────────
    ../../test-results/api-integration-👥-Wedding-2690c-sts-Create-Planner-Task-API-chromium/test-failed-1.png
    ────────────────────────────────────────────────────────────────────────────────────────────────

    attachment #2: video (video/webm) ──────────────────────────────────────────────────────────────
    ../../test-results/api-integration-👥-Wedding-2690c-sts-Create-Planner-Task-API-chromium/video.webm
    ────────────────────────────────────────────────────────────────────────────────────────────────
]]>
</failure>
<system-out>
<![CDATA[
[[ATTACHMENT|test-results/api-integration-👥-Wedding-2690c-sts-Create-Planner-Task-API-chromium/test-failed-1.png]]

[[ATTACHMENT|test-results/api-integration-👥-Wedding-2690c-sts-Create-Planner-Task-API-chromium/video.webm]]
]]>
</system-out>
</testcase>
<testcase name="👑 Admin Management API Tests › Get All Users API" classname="api-integration.spec.ts" time="2.615">
<failure message="api-integration.spec.ts:534:7 Get All Users API" type="FAILURE">
<![CDATA[  [chromium] › api-integration.spec.ts:534:7 › 👑 Admin Management API Tests › Get All Users API ───

    SyntaxError: Unexpected end of JSON input

      43 |     data: { email, password }
      44 |   });
    > 45 |   const data = await response.json();
         |                ^
      46 |   return data.token;
      47 | }
      48 |
        at getAuthToken (/Users/asithalakmal/Documents/web/final project/WeddingLK-next copy/tests/e2e/api-integration.spec.ts:45:16)
        at /Users/asithalakmal/Documents/web/final project/WeddingLK-next copy/tests/e2e/api-integration.spec.ts:535:19

    attachment #1: screenshot (image/png) ──────────────────────────────────────────────────────────
    ../../test-results/api-integration-👑-Admin-M-2be62-API-Tests-Get-All-Users-API-chromium/test-failed-1.png
    ────────────────────────────────────────────────────────────────────────────────────────────────

    attachment #2: video (video/webm) ──────────────────────────────────────────────────────────────
    ../../test-results/api-integration-👑-Admin-M-2be62-API-Tests-Get-All-Users-API-chromium/video.webm
    ────────────────────────────────────────────────────────────────────────────────────────────────
]]>
</failure>
<system-out>
<![CDATA[
[[ATTACHMENT|test-results/api-integration-👑-Admin-M-2be62-API-Tests-Get-All-Users-API-chromium/test-failed-1.png]]

[[ATTACHMENT|test-results/api-integration-👑-Admin-M-2be62-API-Tests-Get-All-Users-API-chromium/video.webm]]
]]>
</system-out>
</testcase>
<testcase name="👑 Admin Management API Tests › Get All Vendors API" classname="api-integration.spec.ts" time="3.614">
<failure message="api-integration.spec.ts:545:7 Get All Vendors API" type="FAILURE">
<![CDATA[  [chromium] › api-integration.spec.ts:545:7 › 👑 Admin Management API Tests › Get All Vendors API ─

    SyntaxError: Unexpected end of JSON input

      43 |     data: { email, password }
      44 |   });
    > 45 |   const data = await response.json();
         |                ^
      46 |   return data.token;
      47 | }
      48 |
        at getAuthToken (/Users/asithalakmal/Documents/web/final project/WeddingLK-next copy/tests/e2e/api-integration.spec.ts:45:16)
        at /Users/asithalakmal/Documents/web/final project/WeddingLK-next copy/tests/e2e/api-integration.spec.ts:546:19

    attachment #1: screenshot (image/png) ──────────────────────────────────────────────────────────
    ../../test-results/api-integration-👑-Admin-M-588b2-I-Tests-Get-All-Vendors-API-chromium/test-failed-1.png
    ────────────────────────────────────────────────────────────────────────────────────────────────

    attachment #2: video (video/webm) ──────────────────────────────────────────────────────────────
    ../../test-results/api-integration-👑-Admin-M-588b2-I-Tests-Get-All-Vendors-API-chromium/video.webm
    ────────────────────────────────────────────────────────────────────────────────────────────────
]]>
</failure>
<system-out>
<![CDATA[
[[ATTACHMENT|test-results/api-integration-👑-Admin-M-588b2-I-Tests-Get-All-Vendors-API-chromium/test-failed-1.png]]

[[ATTACHMENT|test-results/api-integration-👑-Admin-M-588b2-I-Tests-Get-All-Vendors-API-chromium/video.webm]]
]]>
</system-out>
</testcase>
<testcase name="👑 Admin Management API Tests › Update User Role API" classname="api-integration.spec.ts" time="2.622">
<failure message="api-integration.spec.ts:556:7 Update User Role API" type="FAILURE">
<![CDATA[  [chromium] › api-integration.spec.ts:556:7 › 👑 Admin Management API Tests › Update User Role API 

    SyntaxError: Unexpected end of JSON input

      43 |     data: { email, password }
      44 |   });
    > 45 |   const data = await response.json();
         |                ^
      46 |   return data.token;
      47 | }
      48 |
        at getAuthToken (/Users/asithalakmal/Documents/web/final project/WeddingLK-next copy/tests/e2e/api-integration.spec.ts:45:16)
        at /Users/asithalakmal/Documents/web/final project/WeddingLK-next copy/tests/e2e/api-integration.spec.ts:557:19

    attachment #1: screenshot (image/png) ──────────────────────────────────────────────────────────
    ../../test-results/api-integration-👑-Admin-M-426c4--Tests-Update-User-Role-API-chromium/test-failed-1.png
    ────────────────────────────────────────────────────────────────────────────────────────────────

    attachment #2: video (video/webm) ──────────────────────────────────────────────────────────────
    ../../test-results/api-integration-👑-Admin-M-426c4--Tests-Update-User-Role-API-chromium/video.webm
    ────────────────────────────────────────────────────────────────────────────────────────────────
]]>
</failure>
<system-out>
<![CDATA[
[[ATTACHMENT|test-results/api-integration-👑-Admin-M-426c4--Tests-Update-User-Role-API-chromium/test-failed-1.png]]

[[ATTACHMENT|test-results/api-integration-👑-Admin-M-426c4--Tests-Update-User-Role-API-chromium/video.webm]]
]]>
</system-out>
</testcase>
<testcase name="👑 Admin Management API Tests › Get Admin Reports API" classname="api-integration.spec.ts" time="3.181">
<failure message="api-integration.spec.ts:569:7 Get Admin Reports API" type="FAILURE">
<![CDATA[  [chromium] › api-integration.spec.ts:569:7 › 👑 Admin Management API Tests › Get Admin Reports API 

    SyntaxError: Unexpected end of JSON input

      43 |     data: { email, password }
      44 |   });
    > 45 |   const data = await response.json();
         |                ^
      46 |   return data.token;
      47 | }
      48 |
        at getAuthToken (/Users/asithalakmal/Documents/web/final project/WeddingLK-next copy/tests/e2e/api-integration.spec.ts:45:16)
        at /Users/asithalakmal/Documents/web/final project/WeddingLK-next copy/tests/e2e/api-integration.spec.ts:570:19

    attachment #1: screenshot (image/png) ──────────────────────────────────────────────────────────
    ../../test-results/api-integration-👑-Admin-M-bc282-Tests-Get-Admin-Reports-API-chromium/test-failed-1.png
    ────────────────────────────────────────────────────────────────────────────────────────────────

    attachment #2: video (video/webm) ──────────────────────────────────────────────────────────────
    ../../test-results/api-integration-👑-Admin-M-bc282-Tests-Get-Admin-Reports-API-chromium/video.webm
    ────────────────────────────────────────────────────────────────────────────────────────────────
]]>
</failure>
<system-out>
<![CDATA[
[[ATTACHMENT|test-results/api-integration-👑-Admin-M-bc282-Tests-Get-Admin-Reports-API-chromium/test-failed-1.png]]

[[ATTACHMENT|test-results/api-integration-👑-Admin-M-bc282-Tests-Get-Admin-Reports-API-chromium/video.webm]]
]]>
</system-out>
</testcase>
<testcase name="🔍 Search and Filter API Tests › Search Venues API" classname="api-integration.spec.ts" time="14.655">
</testcase>
<testcase name="🔍 Search and Filter API Tests › Search Vendors API" classname="api-integration.spec.ts" time="12.756">
</testcase>
<testcase name="🔍 Search and Filter API Tests › Filter Venues by Price API" classname="api-integration.spec.ts" time="5.057">
</testcase>
<testcase name="📱 Mobile API Tests › Mobile App Data API" classname="api-integration.spec.ts" time="3.593">
<failure message="api-integration.spec.ts:611:7 Mobile App Data API" type="FAILURE">
<![CDATA[  [chromium] › api-integration.spec.ts:611:7 › 📱 Mobile API Tests › Mobile App Data API ───────────

    SyntaxError: Unexpected end of JSON input

      43 |     data: { email, password }
      44 |   });
    > 45 |   const data = await response.json();
         |                ^
      46 |   return data.token;
      47 | }
      48 |
        at getAuthToken (/Users/asithalakmal/Documents/web/final project/WeddingLK-next copy/tests/e2e/api-integration.spec.ts:45:16)
        at /Users/asithalakmal/Documents/web/final project/WeddingLK-next copy/tests/e2e/api-integration.spec.ts:612:19

    attachment #1: screenshot (image/png) ──────────────────────────────────────────────────────────
    ../../test-results/api-integration-📱-Mobile-API-Tests-Mobile-App-Data-API-chromium/test-failed-1.png
    ────────────────────────────────────────────────────────────────────────────────────────────────

    attachment #2: video (video/webm) ──────────────────────────────────────────────────────────────
    ../../test-results/api-integration-📱-Mobile-API-Tests-Mobile-App-Data-API-chromium/video.webm
    ────────────────────────────────────────────────────────────────────────────────────────────────
]]>
</failure>
<system-out>
<![CDATA[
[[ATTACHMENT|test-results/api-integration-📱-Mobile-API-Tests-Mobile-App-Data-API-chromium/test-failed-1.png]]

[[ATTACHMENT|test-results/api-integration-📱-Mobile-API-Tests-Mobile-App-Data-API-chromium/video.webm]]
]]>
</system-out>
</testcase>
<testcase name="📱 Mobile API Tests › Mobile Venues API" classname="api-integration.spec.ts" time="1.798">
<failure message="api-integration.spec.ts:625:7 Mobile Venues API" type="FAILURE">
<![CDATA[  [chromium] › api-integration.spec.ts:625:7 › 📱 Mobile API Tests › Mobile Venues API ─────────────

    SyntaxError: Unexpected end of JSON input

      43 |     data: { email, password }
      44 |   });
    > 45 |   const data = await response.json();
         |                ^
      46 |   return data.token;
      47 | }
      48 |
        at getAuthToken (/Users/asithalakmal/Documents/web/final project/WeddingLK-next copy/tests/e2e/api-integration.spec.ts:45:16)
        at /Users/asithalakmal/Documents/web/final project/WeddingLK-next copy/tests/e2e/api-integration.spec.ts:626:19

    attachment #1: screenshot (image/png) ──────────────────────────────────────────────────────────
    ../../test-results/api-integration-📱-Mobile-API-Tests-Mobile-Venues-API-chromium/test-failed-1.png
    ────────────────────────────────────────────────────────────────────────────────────────────────

    attachment #2: video (video/webm) ──────────────────────────────────────────────────────────────
    ../../test-results/api-integration-📱-Mobile-API-Tests-Mobile-Venues-API-chromium/video.webm
    ────────────────────────────────────────────────────────────────────────────────────────────────
]]>
</failure>
<system-out>
<![CDATA[
[[ATTACHMENT|test-results/api-integration-📱-Mobile-API-Tests-Mobile-Venues-API-chromium/test-failed-1.png]]

[[ATTACHMENT|test-results/api-integration-📱-Mobile-API-Tests-Mobile-Venues-API-chromium/video.webm]]
]]>
</system-out>
</testcase>
<testcase name="🔔 Notification API Tests › Get Notifications API" classname="api-integration.spec.ts" time="3.043">
<failure message="api-integration.spec.ts:641:7 Get Notifications API" type="FAILURE">
<![CDATA[  [chromium] › api-integration.spec.ts:641:7 › 🔔 Notification API Tests › Get Notifications API ───

    SyntaxError: Unexpected end of JSON input

      43 |     data: { email, password }
      44 |   });
    > 45 |   const data = await response.json();
         |                ^
      46 |   return data.token;
      47 | }
      48 |
        at getAuthToken (/Users/asithalakmal/Documents/web/final project/WeddingLK-next copy/tests/e2e/api-integration.spec.ts:45:16)
        at /Users/asithalakmal/Documents/web/final project/WeddingLK-next copy/tests/e2e/api-integration.spec.ts:642:19

    attachment #1: screenshot (image/png) ──────────────────────────────────────────────────────────
    ../../test-results/api-integration-🔔-Notific-9b174-Tests-Get-Notifications-API-chromium/test-failed-1.png
    ────────────────────────────────────────────────────────────────────────────────────────────────

    attachment #2: video (video/webm) ──────────────────────────────────────────────────────────────
    ../../test-results/api-integration-🔔-Notific-9b174-Tests-Get-Notifications-API-chromium/video.webm
    ────────────────────────────────────────────────────────────────────────────────────────────────
]]>
</failure>
<system-out>
<![CDATA[
[[ATTACHMENT|test-results/api-integration-🔔-Notific-9b174-Tests-Get-Notifications-API-chromium/test-failed-1.png]]

[[ATTACHMENT|test-results/api-integration-🔔-Notific-9b174-Tests-Get-Notifications-API-chromium/video.webm]]
]]>
</system-out>
</testcase>
<testcase name="🔔 Notification API Tests › Mark Notification as Read API" classname="api-integration.spec.ts" time="5.136">
<failure message="api-integration.spec.ts:652:7 Mark Notification as Read API" type="FAILURE">
<![CDATA[  [chromium] › api-integration.spec.ts:652:7 › 🔔 Notification API Tests › Mark Notification as Read API 

    SyntaxError: Unexpected end of JSON input

      43 |     data: { email, password }
      44 |   });
    > 45 |   const data = await response.json();
         |                ^
      46 |   return data.token;
      47 | }
      48 |
        at getAuthToken (/Users/asithalakmal/Documents/web/final project/WeddingLK-next copy/tests/e2e/api-integration.spec.ts:45:16)
        at /Users/asithalakmal/Documents/web/final project/WeddingLK-next copy/tests/e2e/api-integration.spec.ts:653:19

    attachment #1: screenshot (image/png) ──────────────────────────────────────────────────────────
    ../../test-results/api-integration-🔔-Notific-6938f-rk-Notification-as-Read-API-chromium/test-failed-1.png
    ────────────────────────────────────────────────────────────────────────────────────────────────

    attachment #2: video (video/webm) ──────────────────────────────────────────────────────────────
    ../../test-results/api-integration-🔔-Notific-6938f-rk-Notification-as-Read-API-chromium/video.webm
    ────────────────────────────────────────────────────────────────────────────────────────────────
]]>
</failure>
<system-out>
<![CDATA[
[[ATTACHMENT|test-results/api-integration-🔔-Notific-6938f-rk-Notification-as-Read-API-chromium/test-failed-1.png]]

[[ATTACHMENT|test-results/api-integration-🔔-Notific-6938f-rk-Notification-as-Read-API-chromium/video.webm]]
]]>
</system-out>
</testcase>
<testcase name="🛡️ Security and Error Handling API Tests › Unauthorized API Access" classname="api-integration.spec.ts" time="6.542">
<failure message="api-integration.spec.ts:665:7 Unauthorized API Access" type="FAILURE">
<![CDATA[  [chromium] › api-integration.spec.ts:665:7 › 🛡️ Security and Error Handling API Tests › Unauthorized API Access 

    Error: expect(received).toContain(expected) // indexOf

    Expected substring: "Unauthorized"
    Received string:    "Authentication required"

      668 |     
      669 |     const data = await response.json();
    > 670 |     expect(data.error).toContain('Unauthorized');
          |                        ^
      671 |   });
      672 |
      673 |   test('Invalid Token API Access', async ({ page }) => {
        at /Users/asithalakmal/Documents/web/final project/WeddingLK-next copy/tests/e2e/api-integration.spec.ts:670:24

    attachment #1: screenshot (image/png) ──────────────────────────────────────────────────────────
    ../../test-results/api-integration-🛡️-Securi-b5273-sts-Unauthorized-API-Access-chromium/test-failed-1.png
    ────────────────────────────────────────────────────────────────────────────────────────────────

    attachment #2: video (video/webm) ──────────────────────────────────────────────────────────────
    ../../test-results/api-integration-🛡️-Securi-b5273-sts-Unauthorized-API-Access-chromium/video.webm
    ────────────────────────────────────────────────────────────────────────────────────────────────
]]>
</failure>
<system-out>
<![CDATA[
[[ATTACHMENT|test-results/api-integration-🛡️-Securi-b5273-sts-Unauthorized-API-Access-chromium/test-failed-1.png]]

[[ATTACHMENT|test-results/api-integration-🛡️-Securi-b5273-sts-Unauthorized-API-Access-chromium/video.webm]]
]]>
</system-out>
</testcase>
<testcase name="🛡️ Security and Error Handling API Tests › Invalid Token API Access" classname="api-integration.spec.ts" time="11.788">
</testcase>
<testcase name="🛡️ Security and Error Handling API Tests › Rate Limiting API" classname="api-integration.spec.ts" time="20.88">
<failure message="api-integration.spec.ts:680:7 Rate Limiting API" type="FAILURE">
<![CDATA[  [chromium] › api-integration.spec.ts:680:7 › 🛡️ Security and Error Handling API Tests › Rate Limiting API 

    Error: expect(received).toBeGreaterThan(expected)

    Expected: > 0
    Received:   0

      688 |     
      689 |     // At least one request should be rate limited
    > 690 |     expect(rateLimitedResponses.length).toBeGreaterThan(0);
          |                                         ^
      691 |   });
      692 |
      693 |   test('Input Validation API', async ({ page }) => {
        at /Users/asithalakmal/Documents/web/final project/WeddingLK-next copy/tests/e2e/api-integration.spec.ts:690:41

    attachment #1: screenshot (image/png) ──────────────────────────────────────────────────────────
    ../../test-results/api-integration-🛡️-Securi-733b3-API-Tests-Rate-Limiting-API-chromium/test-failed-1.png
    ────────────────────────────────────────────────────────────────────────────────────────────────

    attachment #2: video (video/webm) ──────────────────────────────────────────────────────────────
    ../../test-results/api-integration-🛡️-Securi-733b3-API-Tests-Rate-Limiting-API-chromium/video.webm
    ────────────────────────────────────────────────────────────────────────────────────────────────
]]>
</failure>
<system-out>
<![CDATA[
[[ATTACHMENT|test-results/api-integration-🛡️-Securi-733b3-API-Tests-Rate-Limiting-API-chromium/test-failed-1.png]]

[[ATTACHMENT|test-results/api-integration-🛡️-Securi-733b3-API-Tests-Rate-Limiting-API-chromium/video.webm]]
]]>
</system-out>
</testcase>
<testcase name="🛡️ Security and Error Handling API Tests › Input Validation API" classname="api-integration.spec.ts" time="4.088">
<failure message="api-integration.spec.ts:693:7 Input Validation API" type="FAILURE">
<![CDATA[  [chromium] › api-integration.spec.ts:693:7 › 🛡️ Security and Error Handling API Tests › Input Validation API 

    Error: expect(received).toBeDefined()

    Received: undefined

      702 |     expect(response.status()).toBe(400);
      703 |     const data = await response.json();
    > 704 |     expect(data.errors).toBeDefined();
          |                         ^
      705 |   });
      706 | });
      707 |
        at /Users/asithalakmal/Documents/web/final project/WeddingLK-next copy/tests/e2e/api-integration.spec.ts:704:25

    attachment #1: screenshot (image/png) ──────────────────────────────────────────────────────────
    ../../test-results/api-integration-🛡️-Securi-8d139--Tests-Input-Validation-API-chromium/test-failed-1.png
    ────────────────────────────────────────────────────────────────────────────────────────────────

    attachment #2: video (video/webm) ──────────────────────────────────────────────────────────────
    ../../test-results/api-integration-🛡️-Securi-8d139--Tests-Input-Validation-API-chromium/video.webm
    ────────────────────────────────────────────────────────────────────────────────────────────────
]]>
</failure>
<system-out>
<![CDATA[
[[ATTACHMENT|test-results/api-integration-🛡️-Securi-8d139--Tests-Input-Validation-API-chromium/test-failed-1.png]]

[[ATTACHMENT|test-results/api-integration-🛡️-Securi-8d139--Tests-Input-Validation-API-chromium/video.webm]]
]]>
</system-out>
</testcase>
<testcase name="📊 Analytics and Monitoring API Tests › Performance Monitoring API" classname="api-integration.spec.ts" time="14.295">
<failure message="api-integration.spec.ts:709:7 Performance Monitoring API" type="FAILURE">
<![CDATA[  [chromium] › api-integration.spec.ts:709:7 › 📊 Analytics and Monitoring API Tests › Performance Monitoring API 

    Error: expect(received).toBeDefined()

    Received: undefined

      713 |     const data = await response.json();
      714 |     expect(data.success).toBe(true);
    > 715 |     expect(data.metrics).toBeDefined();
          |                          ^
      716 |   });
      717 |
      718 |   test('Health Check API', async ({ page }) => {
        at /Users/asithalakmal/Documents/web/final project/WeddingLK-next copy/tests/e2e/api-integration.spec.ts:715:26

    attachment #1: screenshot (image/png) ──────────────────────────────────────────────────────────
    ../../test-results/api-integration-📊-Analyti-8d4fe--Performance-Monitoring-API-chromium/test-failed-1.png
    ────────────────────────────────────────────────────────────────────────────────────────────────

    attachment #2: video (video/webm) ──────────────────────────────────────────────────────────────
    ../../test-results/api-integration-📊-Analyti-8d4fe--Performance-Monitoring-API-chromium/video.webm
    ────────────────────────────────────────────────────────────────────────────────────────────────
]]>
</failure>
<system-out>
<![CDATA[
[[ATTACHMENT|test-results/api-integration-📊-Analyti-8d4fe--Performance-Monitoring-API-chromium/test-failed-1.png]]

[[ATTACHMENT|test-results/api-integration-📊-Analyti-8d4fe--Performance-Monitoring-API-chromium/video.webm]]
]]>
</system-out>
</testcase>
<testcase name="📊 Analytics and Monitoring API Tests › Health Check API" classname="api-integration.spec.ts" time="92.721">
<failure message="api-integration.spec.ts:718:7 Health Check API" type="FAILURE">
<![CDATA[  [chromium] › api-integration.spec.ts:718:7 › 📊 Analytics and Monitoring API Tests › Health Check API 

    TimeoutError: apiRequestContext.get: Timeout 60000ms exceeded.
    Call log:
      - → GET https://wedding-lk.vercel.app/api/health
        - user-agent: Mozilla/5.0 (Windows NT 10.0; Win64; x64) AppleWebKit/537.36 (KHTML, like Gecko) Chrome/141.0.7390.37 Safari/537.36
        - accept: */*
        - accept-encoding: gzip,deflate,br


      717 |
      718 |   test('Health Check API', async ({ page }) => {
    > 719 |     const response = await page.request.get('/api/health');
          |                                         ^
      720 |     expect(response.status()).toBe(200);
      721 |     
      722 |     const data = await response.json();
        at /Users/asithalakmal/Documents/web/final project/WeddingLK-next copy/tests/e2e/api-integration.spec.ts:719:41

    attachment #1: screenshot (image/png) ──────────────────────────────────────────────────────────
    ../../test-results/api-integration-📊-Analyti-e1193--API-Tests-Health-Check-API-chromium/test-failed-1.png
    ────────────────────────────────────────────────────────────────────────────────────────────────

    attachment #2: video (video/webm) ──────────────────────────────────────────────────────────────
    ../../test-results/api-integration-📊-Analyti-e1193--API-Tests-Health-Check-API-chromium/video.webm
    ────────────────────────────────────────────────────────────────────────────────────────────────
]]>
</failure>
<system-out>
<![CDATA[
[[ATTACHMENT|test-results/api-integration-📊-Analyti-e1193--API-Tests-Health-Check-API-chromium/test-failed-1.png]]

[[ATTACHMENT|test-results/api-integration-📊-Analyti-e1193--API-Tests-Health-Check-API-chromium/video.webm]]
]]>
</system-out>
</testcase>
<testcase name="📊 Analytics and Monitoring API Tests › Error Tracking API" classname="api-integration.spec.ts" time="6.958">
<failure message="api-integration.spec.ts:727:7 Error Tracking API" type="FAILURE">
<![CDATA[  [chromium] › api-integration.spec.ts:727:7 › 📊 Analytics and Monitoring API Tests › Error Tracking API 

    Error: expect(received).toBe(expected) // Object.is equality

    Expected: 200
    Received: 401

      727 |   test('Error Tracking API', async ({ page }) => {
      728 |     const response = await page.request.get('/api/errors');
    > 729 |     expect(response.status()).toBe(200);
          |                               ^
      730 |     
      731 |     const data = await response.json();
      732 |     expect(data.success).toBe(true);
        at /Users/asithalakmal/Documents/web/final project/WeddingLK-next copy/tests/e2e/api-integration.spec.ts:729:31

    attachment #1: screenshot (image/png) ──────────────────────────────────────────────────────────
    ../../test-results/api-integration-📊-Analyti-cbfaa-PI-Tests-Error-Tracking-API-chromium/test-failed-1.png
    ────────────────────────────────────────────────────────────────────────────────────────────────

    attachment #2: video (video/webm) ──────────────────────────────────────────────────────────────
    ../../test-results/api-integration-📊-Analyti-cbfaa-PI-Tests-Error-Tracking-API-chromium/video.webm
    ────────────────────────────────────────────────────────────────────────────────────────────────
]]>
</failure>
<system-out>
<![CDATA[
[[ATTACHMENT|test-results/api-integration-📊-Analyti-cbfaa-PI-Tests-Error-Tracking-API-chromium/test-failed-1.png]]

[[ATTACHMENT|test-results/api-integration-📊-Analyti-cbfaa-PI-Tests-Error-Tracking-API-chromium/video.webm]]
]]>
</system-out>
</testcase>
</testsuite>
<testsuite name="api-tests.spec.ts" timestamp="2025-10-24T16:55:39.999Z" hostname="chromium" tests="44" failures="15" skipped="0" time="245.498" errors="0">
<testcase name="🔌 API Integration Tests - Phase 2 › 🔐 Authentication APIs › ✅ POST /api/auth/signin - Valid credentials return 200" classname="api-tests.spec.ts" time="4.7">
<failure message="api-tests.spec.ts:22:9 ✅ POST /api/auth/signin - Valid credentials return 200" type="FAILURE">
<![CDATA[  [chromium] › api-tests.spec.ts:22:9 › 🔌 API Integration Tests - Phase 2 › 🔐 Authentication APIs › ✅ POST /api/auth/signin - Valid credentials return 200 

    Error: expect(received).toBe(expected) // Object.is equality

    Expected: 200
    Received: 401

      25 |       })
      26 |       
    > 27 |       expect(response.status()).toBe(200)
         |                                 ^
      28 |       const json = await response.json()
      29 |       expect(json).toHaveProperty('user')
      30 |       expect(json.user).toHaveProperty('email')
        at /Users/asithalakmal/Documents/web/final project/WeddingLK-next copy/tests/e2e/api-tests.spec.ts:27:33

    attachment #1: screenshot (image/png) ──────────────────────────────────────────────────────────
    ../../test-results/api-tests-🔌-API-Integrati-fefd0-alid-credentials-return-200-chromium/test-failed-1.png
    ────────────────────────────────────────────────────────────────────────────────────────────────

    attachment #2: video (video/webm) ──────────────────────────────────────────────────────────────
    ../../test-results/api-tests-🔌-API-Integrati-fefd0-alid-credentials-return-200-chromium/video.webm
    ────────────────────────────────────────────────────────────────────────────────────────────────
]]>
</failure>
<system-out>
<![CDATA[
[[ATTACHMENT|test-results/api-tests-🔌-API-Integrati-fefd0-alid-credentials-return-200-chromium/test-failed-1.png]]

[[ATTACHMENT|test-results/api-tests-🔌-API-Integrati-fefd0-alid-credentials-return-200-chromium/video.webm]]
]]>
</system-out>
</testcase>
<testcase name="🔌 API Integration Tests - Phase 2 › 🔐 Authentication APIs › ✅ POST /api/auth/signin - Invalid credentials return 401" classname="api-tests.spec.ts" time="3.394">
</testcase>
<testcase name="🔌 API Integration Tests - Phase 2 › 🔐 Authentication APIs › ✅ POST /api/auth/signup - New user registration" classname="api-tests.spec.ts" time="2.914">
</testcase>
<testcase name="🔌 API Integration Tests - Phase 2 › 🔐 Authentication APIs › ✅ GET /api/auth/me - Get current user info" classname="api-tests.spec.ts" time="3.882">
</testcase>
<testcase name="🔌 API Integration Tests - Phase 2 › 🔐 Authentication APIs › ✅ POST /api/auth/signout - Logout user" classname="api-tests.spec.ts" time="4.46">
</testcase>
<testcase name="🔌 API Integration Tests - Phase 2 › 📊 Dashboard APIs › ✅ GET /api/dashboard/user - User dashboard stats" classname="api-tests.spec.ts" time="3.412">
</testcase>
<testcase name="🔌 API Integration Tests - Phase 2 › 📊 Dashboard APIs › ✅ GET /api/dashboard/vendor - Vendor dashboard stats" classname="api-tests.spec.ts" time="2.905">
</testcase>
<testcase name="🔌 API Integration Tests - Phase 2 › 📊 Dashboard APIs › ✅ GET /api/dashboard/admin - Admin dashboard stats" classname="api-tests.spec.ts" time="2.714">
</testcase>
<testcase name="🔌 API Integration Tests - Phase 2 › 📊 Dashboard APIs › ✅ GET /api/dashboard - General dashboard stats" classname="api-tests.spec.ts" time="1.517">
<failure message="api-tests.spec.ts:128:9 ✅ GET /api/dashboard - General dashboard stats" type="FAILURE">
<![CDATA[  [chromium] › api-tests.spec.ts:128:9 › 🔌 API Integration Tests - Phase 2 › 📊 Dashboard APIs › ✅ GET /api/dashboard - General dashboard stats 

    Error: expect(received).toContain(expected) // indexOf

    Expected value: 404
    Received array: [200, 401, 302]

      130 |       
      131 |       // Should either work or redirect to login
    > 132 |       expect([200, 401, 302]).toContain(response.status())
          |                               ^
      133 |     })
      134 |   })
      135 |
        at /Users/asithalakmal/Documents/web/final project/WeddingLK-next copy/tests/e2e/api-tests.spec.ts:132:31

    attachment #1: screenshot (image/png) ──────────────────────────────────────────────────────────
    ../../test-results/api-tests-🔌-API-Integrati-31ecb-d---General-dashboard-stats-chromium/test-failed-1.png
    ────────────────────────────────────────────────────────────────────────────────────────────────

    attachment #2: video (video/webm) ──────────────────────────────────────────────────────────────
    ../../test-results/api-tests-🔌-API-Integrati-31ecb-d---General-dashboard-stats-chromium/video.webm
    ────────────────────────────────────────────────────────────────────────────────────────────────
]]>
</failure>
<system-out>
<![CDATA[
[[ATTACHMENT|test-results/api-tests-🔌-API-Integrati-31ecb-d---General-dashboard-stats-chromium/test-failed-1.png]]

[[ATTACHMENT|test-results/api-tests-🔌-API-Integrati-31ecb-d---General-dashboard-stats-chromium/video.webm]]
]]>
</system-out>
</testcase>
<testcase name="🔌 API Integration Tests - Phase 2 › 🏛️ Venue APIs › ✅ GET /api/venues - List all venues" classname="api-tests.spec.ts" time="4.743">
</testcase>
<testcase name="🔌 API Integration Tests - Phase 2 › 🏛️ Venue APIs › ✅ GET /api/venues/search - Search venues" classname="api-tests.spec.ts" time="1.917">
</testcase>
<testcase name="🔌 API Integration Tests - Phase 2 › 🏛️ Venue APIs › ✅ GET /api/venues/:id - Get specific venue" classname="api-tests.spec.ts" time="2.149">
<failure message="api-tests.spec.ts:158:9 ✅ GET /api/venues/:id - Get specific venue" type="FAILURE">
<![CDATA[  [chromium] › api-tests.spec.ts:158:9 › 🔌 API Integration Tests - Phase 2 › 🏛️ Venue APIs › ✅ GET /api/venues/:id - Get specific venue 

    Error: expect(received).toContain(expected) // indexOf

    Expected value: 500
    Received array: [200, 404, 400]

      159 |       const response = await page.request.get('/api/venues/test-venue-id')
      160 |       
    > 161 |       expect([200, 404, 400]).toContain(response.status())
          |                               ^
      162 |     })
      163 |
      164 |     test('✅ GET /api/venues/search with filters', async ({ page }) => {
        at /Users/asithalakmal/Documents/web/final project/WeddingLK-next copy/tests/e2e/api-tests.spec.ts:161:31

    attachment #1: screenshot (image/png) ──────────────────────────────────────────────────────────
    ../../test-results/api-tests-🔌-API-Integrati-924d0-ues-id---Get-specific-venue-chromium/test-failed-1.png
    ────────────────────────────────────────────────────────────────────────────────────────────────

    attachment #2: video (video/webm) ──────────────────────────────────────────────────────────────
    ../../test-results/api-tests-🔌-API-Integrati-924d0-ues-id---Get-specific-venue-chromium/video.webm
    ────────────────────────────────────────────────────────────────────────────────────────────────
]]>
</failure>
<system-out>
<![CDATA[
[[ATTACHMENT|test-results/api-tests-🔌-API-Integrati-924d0-ues-id---Get-specific-venue-chromium/test-failed-1.png]]

[[ATTACHMENT|test-results/api-tests-🔌-API-Integrati-924d0-ues-id---Get-specific-venue-chromium/video.webm]]
]]>
</system-out>
</testcase>
<testcase name="🔌 API Integration Tests - Phase 2 › 🏛️ Venue APIs › ✅ GET /api/venues/search with filters" classname="api-tests.spec.ts" time="4.397">
</testcase>
<testcase name="🔌 API Integration Tests - Phase 2 › 🏛️ Venue APIs › ✅ GET /api/venues with pagination" classname="api-tests.spec.ts" time="6.49">
</testcase>
<testcase name="🔌 API Integration Tests - Phase 2 › 🏢 Vendor APIs › ✅ GET /api/vendors - List all vendors" classname="api-tests.spec.ts" time="4.065">
</testcase>
<testcase name="🔌 API Integration Tests - Phase 2 › 🏢 Vendor APIs › ✅ GET /api/vendors/search - Search vendors" classname="api-tests.spec.ts" time="2.431">
</testcase>
<testcase name="🔌 API Integration Tests - Phase 2 › 🏢 Vendor APIs › ✅ GET /api/vendors/:id - Get specific vendor" classname="api-tests.spec.ts" time="2.62">
<failure message="api-tests.spec.ts:196:9 ✅ GET /api/vendors/:id - Get specific vendor" type="FAILURE">
<![CDATA[  [chromium] › api-tests.spec.ts:196:9 › 🔌 API Integration Tests - Phase 2 › 🏢 Vendor APIs › ✅ GET /api/vendors/:id - Get specific vendor 

    Error: expect(received).toContain(expected) // indexOf

    Expected value: 500
    Received array: [200, 404, 400]

      197 |       const response = await page.request.get('/api/vendors/test-vendor-id')
      198 |       
    > 199 |       expect([200, 404, 400]).toContain(response.status())
          |                               ^
      200 |     })
      201 |
      202 |     test('✅ GET /api/vendors/category/:category - Get vendors by category', async ({ page }) => {
        at /Users/asithalakmal/Documents/web/final project/WeddingLK-next copy/tests/e2e/api-tests.spec.ts:199:31

    attachment #1: screenshot (image/png) ──────────────────────────────────────────────────────────
    ../../test-results/api-tests-🔌-API-Integrati-17e5a-rs-id---Get-specific-vendor-chromium/test-failed-1.png
    ────────────────────────────────────────────────────────────────────────────────────────────────

    attachment #2: video (video/webm) ──────────────────────────────────────────────────────────────
    ../../test-results/api-tests-🔌-API-Integrati-17e5a-rs-id---Get-specific-vendor-chromium/video.webm
    ────────────────────────────────────────────────────────────────────────────────────────────────
]]>
</failure>
<system-out>
<![CDATA[
[[ATTACHMENT|test-results/api-tests-🔌-API-Integrati-17e5a-rs-id---Get-specific-vendor-chromium/test-failed-1.png]]

[[ATTACHMENT|test-results/api-tests-🔌-API-Integrati-17e5a-rs-id---Get-specific-vendor-chromium/video.webm]]
]]>
</system-out>
</testcase>
<testcase name="🔌 API Integration Tests - Phase 2 › 🏢 Vendor APIs › ✅ GET /api/vendors/category/:category - Get vendors by category" classname="api-tests.spec.ts" time="2.298">
</testcase>
<testcase name="🔌 API Integration Tests - Phase 2 › 🏢 Vendor APIs › ✅ GET /api/vendors/search with filters" classname="api-tests.spec.ts" time="2.347">
</testcase>
<testcase name="🔌 API Integration Tests - Phase 2 › 📅 Booking APIs › ✅ GET /api/bookings - List user bookings" classname="api-tests.spec.ts" time="2.872">
</testcase>
<testcase name="🔌 API Integration Tests - Phase 2 › 📅 Booking APIs › ✅ POST /api/bookings - Create booking" classname="api-tests.spec.ts" time="6.36">
</testcase>
<testcase name="🔌 API Integration Tests - Phase 2 › 📅 Booking APIs › ✅ GET /api/bookings/:id - Get specific booking" classname="api-tests.spec.ts" time="4.414">
<failure message="api-tests.spec.ts:245:9 ✅ GET /api/bookings/:id - Get specific booking" type="FAILURE">
<![CDATA[  [chromium] › api-tests.spec.ts:245:9 › 🔌 API Integration Tests - Phase 2 › 📅 Booking APIs › ✅ GET /api/bookings/:id - Get specific booking 

    Error: expect(received).toContain(expected) // indexOf

    Expected value: 500
    Received array: [200, 404, 401]

      248 |       const response = await page.request.get('/api/bookings/test-booking-id')
      249 |       
    > 250 |       expect([200, 404, 401]).toContain(response.status())
          |                               ^
      251 |     })
      252 |
      253 |     test('✅ PATCH /api/bookings/:id - Update booking', async ({ page }) => {
        at /Users/asithalakmal/Documents/web/final project/WeddingLK-next copy/tests/e2e/api-tests.spec.ts:250:31

    attachment #1: screenshot (image/png) ──────────────────────────────────────────────────────────
    ../../test-results/api-tests-🔌-API-Integrati-c1980-s-id---Get-specific-booking-chromium/test-failed-1.png
    ────────────────────────────────────────────────────────────────────────────────────────────────

    attachment #2: video (video/webm) ──────────────────────────────────────────────────────────────
    ../../test-results/api-tests-🔌-API-Integrati-c1980-s-id---Get-specific-booking-chromium/video.webm
    ────────────────────────────────────────────────────────────────────────────────────────────────
]]>
</failure>
<system-out>
<![CDATA[
[[ATTACHMENT|test-results/api-tests-🔌-API-Integrati-c1980-s-id---Get-specific-booking-chromium/test-failed-1.png]]

[[ATTACHMENT|test-results/api-tests-🔌-API-Integrati-c1980-s-id---Get-specific-booking-chromium/video.webm]]
]]>
</system-out>
</testcase>
<testcase name="🔌 API Integration Tests - Phase 2 › 📅 Booking APIs › ✅ PATCH /api/bookings/:id - Update booking" classname="api-tests.spec.ts" time="7.109">
<failure message="api-tests.spec.ts:253:9 ✅ PATCH /api/bookings/:id - Update booking" type="FAILURE">
<![CDATA[  [chromium] › api-tests.spec.ts:253:9 › 🔌 API Integration Tests - Phase 2 › 📅 Booking APIs › ✅ PATCH /api/bookings/:id - Update booking 

    Error: expect(received).toContain(expected) // indexOf

    Expected value: 405
    Received array: [200, 400, 404, 401]

      258 |       })
      259 |       
    > 260 |       expect([200, 400, 404, 401]).toContain(response.status())
          |                                    ^
      261 |     })
      262 |
      263 |     test('✅ DELETE /api/bookings/:id - Cancel booking', async ({ page }) => {
        at /Users/asithalakmal/Documents/web/final project/WeddingLK-next copy/tests/e2e/api-tests.spec.ts:260:36

    attachment #1: screenshot (image/png) ──────────────────────────────────────────────────────────
    ../../test-results/api-tests-🔌-API-Integrati-a1bcb-ookings-id---Update-booking-chromium/test-failed-1.png
    ────────────────────────────────────────────────────────────────────────────────────────────────

    attachment #2: video (video/webm) ──────────────────────────────────────────────────────────────
    ../../test-results/api-tests-🔌-API-Integrati-a1bcb-ookings-id---Update-booking-chromium/video.webm
    ────────────────────────────────────────────────────────────────────────────────────────────────
]]>
</failure>
<system-out>
<![CDATA[
[[ATTACHMENT|test-results/api-tests-🔌-API-Integrati-a1bcb-ookings-id---Update-booking-chromium/test-failed-1.png]]

[[ATTACHMENT|test-results/api-tests-🔌-API-Integrati-a1bcb-ookings-id---Update-booking-chromium/video.webm]]
]]>
</system-out>
</testcase>
<testcase name="🔌 API Integration Tests - Phase 2 › 📅 Booking APIs › ✅ DELETE /api/bookings/:id - Cancel booking" classname="api-tests.spec.ts" time="5.245">
<failure message="api-tests.spec.ts:263:9 ✅ DELETE /api/bookings/:id - Cancel booking" type="FAILURE">
<![CDATA[  [chromium] › api-tests.spec.ts:263:9 › 🔌 API Integration Tests - Phase 2 › 📅 Booking APIs › ✅ DELETE /api/bookings/:id - Cancel booking 

    Error: expect(received).toContain(expected) // indexOf

    Expected value: 500
    Received array: [200, 204, 404, 401]

      266 |       const response = await page.request.delete('/api/bookings/test-booking-id')
      267 |       
    > 268 |       expect([200, 204, 404, 401]).toContain(response.status())
          |                                    ^
      269 |     })
      270 |   })
      271 |
        at /Users/asithalakmal/Documents/web/final project/WeddingLK-next copy/tests/e2e/api-tests.spec.ts:268:36

    attachment #1: screenshot (image/png) ──────────────────────────────────────────────────────────
    ../../test-results/api-tests-🔌-API-Integrati-455c9-ookings-id---Cancel-booking-chromium/test-failed-1.png
    ────────────────────────────────────────────────────────────────────────────────────────────────

    attachment #2: video (video/webm) ──────────────────────────────────────────────────────────────
    ../../test-results/api-tests-🔌-API-Integrati-455c9-ookings-id---Cancel-booking-chromium/video.webm
    ────────────────────────────────────────────────────────────────────────────────────────────────
]]>
</failure>
<system-out>
<![CDATA[
[[ATTACHMENT|test-results/api-tests-🔌-API-Integrati-455c9-ookings-id---Cancel-booking-chromium/test-failed-1.png]]

[[ATTACHMENT|test-results/api-tests-🔌-API-Integrati-455c9-ookings-id---Cancel-booking-chromium/video.webm]]
]]>
</system-out>
</testcase>
<testcase name="🔌 API Integration Tests - Phase 2 › 👤 User Profile APIs › ✅ GET /api/users/profile - Get user profile" classname="api-tests.spec.ts" time="4.31">
</testcase>
<testcase name="🔌 API Integration Tests - Phase 2 › 👤 User Profile APIs › ✅ PATCH /api/users/profile - Update user profile" classname="api-tests.spec.ts" time="5.098">
<failure message="api-tests.spec.ts:285:9 ✅ PATCH /api/users/profile - Update user profile" type="FAILURE">
<![CDATA[  [chromium] › api-tests.spec.ts:285:9 › 🔌 API Integration Tests - Phase 2 › 👤 User Profile APIs › ✅ PATCH /api/users/profile - Update user profile 

    Error: expect(received).toContain(expected) // indexOf

    Expected value: 405
    Received array: [200, 400, 401, 404]

      290 |       })
      291 |       
    > 292 |       expect([200, 400, 401, 404]).toContain(response.status())
          |                                    ^
      293 |     })
      294 |
      295 |     test('✅ POST /api/users/profile/avatar - Upload avatar', async ({ page }) => {
        at /Users/asithalakmal/Documents/web/final project/WeddingLK-next copy/tests/e2e/api-tests.spec.ts:292:36

    attachment #1: screenshot (image/png) ──────────────────────────────────────────────────────────
    ../../test-results/api-tests-🔌-API-Integrati-8e634-ofile---Update-user-profile-chromium/test-failed-1.png
    ────────────────────────────────────────────────────────────────────────────────────────────────

    attachment #2: video (video/webm) ──────────────────────────────────────────────────────────────
    ../../test-results/api-tests-🔌-API-Integrati-8e634-ofile---Update-user-profile-chromium/video.webm
    ────────────────────────────────────────────────────────────────────────────────────────────────
]]>
</failure>
<system-out>
<![CDATA[
[[ATTACHMENT|test-results/api-tests-🔌-API-Integrati-8e634-ofile---Update-user-profile-chromium/test-failed-1.png]]

[[ATTACHMENT|test-results/api-tests-🔌-API-Integrati-8e634-ofile---Update-user-profile-chromium/video.webm]]
]]>
</system-out>
</testcase>
<testcase name="🔌 API Integration Tests - Phase 2 › 👤 User Profile APIs › ✅ POST /api/users/profile/avatar - Upload avatar" classname="api-tests.spec.ts" time="3.068">
<failure message="api-tests.spec.ts:295:9 ✅ POST /api/users/profile/avatar - Upload avatar" type="FAILURE">
<![CDATA[  [chromium] › api-tests.spec.ts:295:9 › 🔌 API Integration Tests - Phase 2 › 👤 User Profile APIs › ✅ POST /api/users/profile/avatar - Upload avatar 

    Error: expect(received).toContain(expected) // indexOf

    Expected value: 405
    Received array: [200, 400, 401, 404]

      300 |       })
      301 |       
    > 302 |       expect([200, 400, 401, 404]).toContain(response.status())
          |                                    ^
      303 |     })
      304 |
      305 |     test('✅ GET /api/users/preferences - Get user preferences', async ({ page }) => {
        at /Users/asithalakmal/Documents/web/final project/WeddingLK-next copy/tests/e2e/api-tests.spec.ts:302:36

    attachment #1: screenshot (image/png) ──────────────────────────────────────────────────────────
    ../../test-results/api-tests-🔌-API-Integrati-5c1b8-file-avatar---Upload-avatar-chromium/test-failed-1.png
    ────────────────────────────────────────────────────────────────────────────────────────────────

    attachment #2: video (video/webm) ──────────────────────────────────────────────────────────────
    ../../test-results/api-tests-🔌-API-Integrati-5c1b8-file-avatar---Upload-avatar-chromium/video.webm
    ────────────────────────────────────────────────────────────────────────────────────────────────
]]>
</failure>
<system-out>
<![CDATA[
[[ATTACHMENT|test-results/api-tests-🔌-API-Integrati-5c1b8-file-avatar---Upload-avatar-chromium/test-failed-1.png]]

[[ATTACHMENT|test-results/api-tests-🔌-API-Integrati-5c1b8-file-avatar---Upload-avatar-chromium/video.webm]]
]]>
</system-out>
</testcase>
<testcase name="🔌 API Integration Tests - Phase 2 › 👤 User Profile APIs › ✅ GET /api/users/preferences - Get user preferences" classname="api-tests.spec.ts" time="6.212">
</testcase>
<testcase name="🔌 API Integration Tests - Phase 2 › 👤 User Profile APIs › ✅ PATCH /api/users/preferences - Update preferences" classname="api-tests.spec.ts" time="5.581">
<failure message="api-tests.spec.ts:313:9 ✅ PATCH /api/users/preferences - Update preferences" type="FAILURE">
<![CDATA[  [chromium] › api-tests.spec.ts:313:9 › 🔌 API Integration Tests - Phase 2 › 👤 User Profile APIs › ✅ PATCH /api/users/preferences - Update preferences 

    Error: expect(received).toContain(expected) // indexOf

    Expected value: 405
    Received array: [200, 400, 401, 404]

      318 |       })
      319 |       
    > 320 |       expect([200, 400, 401, 404]).toContain(response.status())
          |                                    ^
      321 |     })
      322 |   })
      323 |
        at /Users/asithalakmal/Documents/web/final project/WeddingLK-next copy/tests/e2e/api-tests.spec.ts:320:36

    attachment #1: screenshot (image/png) ──────────────────────────────────────────────────────────
    ../../test-results/api-tests-🔌-API-Integrati-b4828-rences---Update-preferences-chromium/test-failed-1.png
    ────────────────────────────────────────────────────────────────────────────────────────────────

    attachment #2: video (video/webm) ──────────────────────────────────────────────────────────────
    ../../test-results/api-tests-🔌-API-Integrati-b4828-rences---Update-preferences-chromium/video.webm
    ────────────────────────────────────────────────────────────────────────────────────────────────
]]>
</failure>
<system-out>
<![CDATA[
[[ATTACHMENT|test-results/api-tests-🔌-API-Integrati-b4828-rences---Update-preferences-chromium/test-failed-1.png]]

[[ATTACHMENT|test-results/api-tests-🔌-API-Integrati-b4828-rences---Update-preferences-chromium/video.webm]]
]]>
</system-out>
</testcase>
<testcase name="🔌 API Integration Tests - Phase 2 › 🔍 Search &amp; Discovery APIs › ✅ GET /api/search - Global search" classname="api-tests.spec.ts" time="3.743">
</testcase>
<testcase name="🔌 API Integration Tests - Phase 2 › 🔍 Search &amp; Discovery APIs › ✅ GET /api/search/suggestions - Search suggestions" classname="api-tests.spec.ts" time="2.263">
</testcase>
<testcase name="🔌 API Integration Tests - Phase 2 › 🔍 Search &amp; Discovery APIs › ✅ GET /api/categories - Get all categories" classname="api-tests.spec.ts" time="0.808">
</testcase>
<testcase name="🔌 API Integration Tests - Phase 2 › 🔍 Search &amp; Discovery APIs › ✅ GET /api/trending - Get trending items" classname="api-tests.spec.ts" time="1.708">
</testcase>
<testcase name="🔌 API Integration Tests - Phase 2 › 🔍 Search &amp; Discovery APIs › ✅ GET /api/featured - Get featured vendors/venues" classname="api-tests.spec.ts" time="1.204">
</testcase>
<testcase name="🔌 API Integration Tests - Phase 2 › ❤️ Favorites APIs › ✅ GET /api/favorites - Get user favorites" classname="api-tests.spec.ts" time="4.88">
</testcase>
<testcase name="🔌 API Integration Tests - Phase 2 › ❤️ Favorites APIs › ✅ POST /api/favorites - Add to favorites" classname="api-tests.spec.ts" time="5.673">
</testcase>
<testcase name="🔌 API Integration Tests - Phase 2 › ❤️ Favorites APIs › ✅ DELETE /api/favorites/:id - Remove from favorites" classname="api-tests.spec.ts" time="4.177">
<failure message="api-tests.spec.ts:383:9 ✅ DELETE /api/favorites/:id - Remove from favorites" type="FAILURE">
<![CDATA[  [chromium] › api-tests.spec.ts:383:9 › 🔌 API Integration Tests - Phase 2 › ❤️ Favorites APIs › ✅ DELETE /api/favorites/:id - Remove from favorites 

    Error: expect(received).toContain(expected) // indexOf

    Expected value: 405
    Received array: [200, 204, 404, 401]

      386 |       const response = await page.request.delete('/api/favorites/test-favorite-id')
      387 |       
    > 388 |       expect([200, 204, 404, 401]).toContain(response.status())
          |                                    ^
      389 |     })
      390 |
      391 |     test('✅ GET /api/favorites/check - Check if item is favorited', async ({ page }) => {
        at /Users/asithalakmal/Documents/web/final project/WeddingLK-next copy/tests/e2e/api-tests.spec.ts:388:36

    attachment #1: screenshot (image/png) ──────────────────────────────────────────────────────────
    ../../test-results/api-tests-🔌-API-Integrati-88d4e--id---Remove-from-favorites-chromium/test-failed-1.png
    ────────────────────────────────────────────────────────────────────────────────────────────────

    attachment #2: video (video/webm) ──────────────────────────────────────────────────────────────
    ../../test-results/api-tests-🔌-API-Integrati-88d4e--id---Remove-from-favorites-chromium/video.webm
    ────────────────────────────────────────────────────────────────────────────────────────────────
]]>
</failure>
<system-out>
<![CDATA[
[[ATTACHMENT|test-results/api-tests-🔌-API-Integrati-88d4e--id---Remove-from-favorites-chromium/test-failed-1.png]]

[[ATTACHMENT|test-results/api-tests-🔌-API-Integrati-88d4e--id---Remove-from-favorites-chromium/video.webm]]
]]>
</system-out>
</testcase>
<testcase name="🔌 API Integration Tests - Phase 2 › ❤️ Favorites APIs › ✅ GET /api/favorites/check - Check if item is favorited" classname="api-tests.spec.ts" time="2.374">
</testcase>
<testcase name="🔌 API Integration Tests - Phase 2 › ⭐ Reviews &amp; Ratings APIs › ✅ GET /api/reviews - Get reviews" classname="api-tests.spec.ts" time="2.801">
</testcase>
<testcase name="🔌 API Integration Tests - Phase 2 › ⭐ Reviews &amp; Ratings APIs › ✅ POST /api/reviews - Create review" classname="api-tests.spec.ts" time="2.234">
<failure message="api-tests.spec.ts:411:9 ✅ POST /api/reviews - Create review" type="FAILURE">
<![CDATA[  [chromium] › api-tests.spec.ts:411:9 › 🔌 API Integration Tests - Phase 2 › ⭐ Reviews & Ratings APIs › ✅ POST /api/reviews - Create review 

    Error: expect(received).toContain(expected) // indexOf

    Expected value: 500
    Received array: [200, 201, 400, 401, 404]

      421 |       })
      422 |       
    > 423 |       expect([200, 201, 400, 401, 404]).toContain(response.status())
          |                                         ^
      424 |     })
      425 |
      426 |     test('✅ PATCH /api/reviews/:id - Update review', async ({ page }) => {
        at /Users/asithalakmal/Documents/web/final project/WeddingLK-next copy/tests/e2e/api-tests.spec.ts:423:41

    attachment #1: screenshot (image/png) ──────────────────────────────────────────────────────────
    ../../test-results/api-tests-🔌-API-Integrati-8d027-api-reviews---Create-review-chromium/test-failed-1.png
    ────────────────────────────────────────────────────────────────────────────────────────────────

    attachment #2: video (video/webm) ──────────────────────────────────────────────────────────────
    ../../test-results/api-tests-🔌-API-Integrati-8d027-api-reviews---Create-review-chromium/video.webm
    ────────────────────────────────────────────────────────────────────────────────────────────────
]]>
</failure>
<system-out>
<![CDATA[
[[ATTACHMENT|test-results/api-tests-🔌-API-Integrati-8d027-api-reviews---Create-review-chromium/test-failed-1.png]]

[[ATTACHMENT|test-results/api-tests-🔌-API-Integrati-8d027-api-reviews---Create-review-chromium/video.webm]]
]]>
</system-out>
</testcase>
<testcase name="🔌 API Integration Tests - Phase 2 › ⭐ Reviews &amp; Ratings APIs › ✅ PATCH /api/reviews/:id - Update review" classname="api-tests.spec.ts" time="4.823">
<failure message="api-tests.spec.ts:426:9 ✅ PATCH /api/reviews/:id - Update review" type="FAILURE">
<![CDATA[  [chromium] › api-tests.spec.ts:426:9 › 🔌 API Integration Tests - Phase 2 › ⭐ Reviews & Ratings APIs › ✅ PATCH /api/reviews/:id - Update review 

    Error: expect(received).toContain(expected) // indexOf

    Expected value: 405
    Received array: [200, 400, 404, 401]

      431 |       })
      432 |       
    > 433 |       expect([200, 400, 404, 401]).toContain(response.status())
          |                                    ^
      434 |     })
      435 |
      436 |     test('✅ DELETE /api/reviews/:id - Delete review', async ({ page }) => {
        at /Users/asithalakmal/Documents/web/final project/WeddingLK-next copy/tests/e2e/api-tests.spec.ts:433:36

    attachment #1: screenshot (image/png) ──────────────────────────────────────────────────────────
    ../../test-results/api-tests-🔌-API-Integrati-518ac--reviews-id---Update-review-chromium/test-failed-1.png
    ────────────────────────────────────────────────────────────────────────────────────────────────

    attachment #2: video (video/webm) ──────────────────────────────────────────────────────────────
    ../../test-results/api-tests-🔌-API-Integrati-518ac--reviews-id---Update-review-chromium/video.webm
    ────────────────────────────────────────────────────────────────────────────────────────────────
]]>
</failure>
<system-out>
<![CDATA[
[[ATTACHMENT|test-results/api-tests-🔌-API-Integrati-518ac--reviews-id---Update-review-chromium/test-failed-1.png]]

[[ATTACHMENT|test-results/api-tests-🔌-API-Integrati-518ac--reviews-id---Update-review-chromium/video.webm]]
]]>
</system-out>
</testcase>
<testcase name="🔌 API Integration Tests - Phase 2 › ⭐ Reviews &amp; Ratings APIs › ✅ DELETE /api/reviews/:id - Delete review" classname="api-tests.spec.ts" time="11.873">
<failure message="api-tests.spec.ts:436:9 ✅ DELETE /api/reviews/:id - Delete review" type="FAILURE">
<![CDATA[  [chromium] › api-tests.spec.ts:436:9 › 🔌 API Integration Tests - Phase 2 › ⭐ Reviews & Ratings APIs › ✅ DELETE /api/reviews/:id - Delete review 

    Error: expect(received).toContain(expected) // indexOf

    Expected value: 500
    Received array: [200, 204, 404, 401]

      439 |       const response = await page.request.delete('/api/reviews/test-review-id')
      440 |       
    > 441 |       expect([200, 204, 404, 401]).toContain(response.status())
          |                                    ^
      442 |     })
      443 |   })
      444 |
        at /Users/asithalakmal/Documents/web/final project/WeddingLK-next copy/tests/e2e/api-tests.spec.ts:441:36

    attachment #1: screenshot (image/png) ──────────────────────────────────────────────────────────
    ../../test-results/api-tests-🔌-API-Integrati-1c5d4--reviews-id---Delete-review-chromium/test-failed-1.png
    ────────────────────────────────────────────────────────────────────────────────────────────────

    attachment #2: video (video/webm) ──────────────────────────────────────────────────────────────
    ../../test-results/api-tests-🔌-API-Integrati-1c5d4--reviews-id---Delete-review-chromium/video.webm
    ────────────────────────────────────────────────────────────────────────────────────────────────
]]>
</failure>
<system-out>
<![CDATA[
[[ATTACHMENT|test-results/api-tests-🔌-API-Integrati-1c5d4--reviews-id---Delete-review-chromium/test-failed-1.png]]

[[ATTACHMENT|test-results/api-tests-🔌-API-Integrati-1c5d4--reviews-id---Delete-review-chromium/video.webm]]
]]>
</system-out>
</testcase>
<testcase name="🔌 API Integration Tests - Phase 2 › 🏥 Health &amp; Status APIs › ✅ GET /api/health - API health check" classname="api-tests.spec.ts" time="81.45">
<failure message="api-tests.spec.ts:450:9 ✅ GET /api/health - API health check" type="FAILURE">
<![CDATA[  [chromium] › api-tests.spec.ts:450:9 › 🔌 API Integration Tests - Phase 2 › 🏥 Health & Status APIs › ✅ GET /api/health - API health check 

    TimeoutError: apiRequestContext.get: Timeout 60000ms exceeded.
    Call log:
      - → GET https://wedding-lk.vercel.app/api/health
        - user-agent: Mozilla/5.0 (Windows NT 10.0; Win64; x64) AppleWebKit/537.36 (KHTML, like Gecko) Chrome/141.0.7390.37 Safari/537.36
        - accept: */*
        - accept-encoding: gzip,deflate,br


      449 |   test.describe('🏥 Health & Status APIs', () => {
      450 |     test('✅ GET /api/health - API health check', async ({ page }) => {
    > 451 |       const response = await page.request.get('/api/health')
          |                                           ^
      452 |       
      453 |       expect([200, 404]).toContain(response.status())
      454 |     })
        at /Users/asithalakmal/Documents/web/final project/WeddingLK-next copy/tests/e2e/api-tests.spec.ts:451:43

    attachment #1: screenshot (image/png) ──────────────────────────────────────────────────────────
    ../../test-results/api-tests-🔌-API-Integrati-6e718-i-health---API-health-check-chromium/test-failed-1.png
    ────────────────────────────────────────────────────────────────────────────────────────────────

    attachment #2: video (video/webm) ──────────────────────────────────────────────────────────────
    ../../test-results/api-tests-🔌-API-Integrati-6e718-i-health---API-health-check-chromium/video.webm
    ────────────────────────────────────────────────────────────────────────────────────────────────
]]>
</failure>
<system-out>
<![CDATA[
[[ATTACHMENT|test-results/api-tests-🔌-API-Integrati-6e718-i-health---API-health-check-chromium/test-failed-1.png]]

[[ATTACHMENT|test-results/api-tests-🔌-API-Integrati-6e718-i-health---API-health-check-chromium/video.webm]]
]]>
</system-out>
</testcase>
<testcase name="🔌 API Integration Tests - Phase 2 › 🏥 Health &amp; Status APIs › ✅ GET /api/status - System status" classname="api-tests.spec.ts" time="1.863">
</testcase>
</testsuite>
<testsuite name="auth.spec.ts" timestamp="2025-10-24T16:55:39.999Z" hostname="chromium" tests="8" failures="0" skipped="7" time="7.423" errors="0">
<testcase name="Authentication Flows › User registration -&gt; email verification -&gt; login -&gt; logout - DISABLED (Registration flow needs fixing)" classname="auth.spec.ts" time="0">
<properties>
<property name="skip" value="">
</property>
</properties>
<skipped>
</skipped>
</testcase>
<testcase name="Authentication Flows › Login with invalid credentials should show error" classname="auth.spec.ts" time="7.423">
<system-out>
<![CDATA[Test users might already exist
]]>
</system-out>
</testcase>
<testcase name="Authentication Flows › Forgot password flow - DISABLED (Feature removed)" classname="auth.spec.ts" time="0">
<properties>
<property name="skip" value="">
</property>
</properties>
<skipped>
</skipped>
</testcase>
<testcase name="Authentication Flows › Social login with Google - DISABLED (Social login removed)" classname="auth.spec.ts" time="0">
<properties>
<property name="skip" value="">
</property>
</properties>
<skipped>
</skipped>
</testcase>
<testcase name="Authentication Flows › Two-factor authentication setup - DISABLED (Feature removed)" classname="auth.spec.ts" time="0">
<properties>
<property name="skip" value="">
</property>
</properties>
<skipped>
</skipped>
</testcase>
<testcase name="Authentication Flows › Login with test user credentials - DISABLED (Database connection issue)" classname="auth.spec.ts" time="0">
<properties>
<property name="skip" value="">
</property>
</properties>
<skipped>
</skipped>
</testcase>
<testcase name="Authentication Flows › Login with test vendor credentials - DISABLED (Database connection issue)" classname="auth.spec.ts" time="0">
<properties>
<property name="skip" value="">
</property>
</properties>
<skipped>
</skipped>
</testcase>
<testcase name="Authentication Flows › Login with test admin credentials - DISABLED (Database connection issue)" classname="auth.spec.ts" time="0">
<properties>
<property name="skip" value="">
</property>
</properties>
<skipped>
</skipped>
</testcase>
</testsuite>
<testsuite name="booking.spec.ts" timestamp="2025-10-24T16:55:39.999Z" hostname="chromium" tests="6" failures="0" skipped="6" time="0" errors="0">
<testcase name="Booking System › DISABLED: booking flow with payment mock" classname="booking.spec.ts" time="0">
<properties>
<property name="skip" value="">
</property>
</properties>
<skipped>
</skipped>
</testcase>
<testcase name="Booking System › DISABLED: Booking modification and cancellation" classname="booking.spec.ts" time="0">
<properties>
<property name="skip" value="">
</property>
</properties>
<skipped>
</skipped>
</testcase>
<testcase name="Booking System › DISABLED: Booking status tracking" classname="booking.spec.ts" time="0">
<properties>
<property name="skip" value="">
</property>
</properties>
<skipped>
</skipped>
</testcase>
<testcase name="Booking System › DISABLED: Vendor booking acceptance workflow" classname="booking.spec.ts" time="0">
<properties>
<property name="skip" value="">
</property>
</properties>
<skipped>
</skipped>
</testcase>
<testcase name="Booking System › DISABLED: Booking communication and messaging" classname="booking.spec.ts" time="0">
<properties>
<property name="skip" value="">
</property>
</properties>
<skipped>
</skipped>
</testcase>
<testcase name="Booking System › DISABLED: Booking payment and refund processing" classname="booking.spec.ts" time="0">
<properties>
<property name="skip" value="">
</property>
</properties>
<skipped>
</skipped>
</testcase>
</testsuite>
<testsuite name="comprehensive-crud.spec.ts" timestamp="2025-10-24T16:55:39.999Z" hostname="chromium" tests="28" failures="0" skipped="28" time="0" errors="0">
<testcase name="🔐 Authentication &amp; User Management CRUD › DISABLED: User Registration Flow" classname="comprehensive-crud.spec.ts" time="0">
<properties>
<property name="skip" value="">
</property>
</properties>
<skipped>
</skipped>
</testcase>
<testcase name="🔐 Authentication &amp; User Management CRUD › DISABLED: User Login Flow" classname="comprehensive-crud.spec.ts" time="0">
<properties>
<property name="skip" value="">
</property>
</properties>
<skipped>
</skipped>
</testcase>
<testcase name="🔐 Authentication &amp; User Management CRUD › DISABLED: User Profile CRUD Operations" classname="comprehensive-crud.spec.ts" time="0">
<properties>
<property name="skip" value="">
</property>
</properties>
<skipped>
</skipped>
</testcase>
<testcase name="🔐 Authentication &amp; User Management CRUD › DISABLED: User Settings CRUD Operations" classname="comprehensive-crud.spec.ts" time="0">
<properties>
<property name="skip" value="">
</property>
</properties>
<skipped>
</skipped>
</testcase>
<testcase name="🏢 Vendor Management CRUD › DISABLED: Vendor Registration Flow" classname="comprehensive-crud.spec.ts" time="0">
<properties>
<property name="skip" value="">
</property>
</properties>
<skipped>
</skipped>
</testcase>
<testcase name="🏢 Vendor Management CRUD › DISABLED: Vendor Services CRUD Operations" classname="comprehensive-crud.spec.ts" time="0">
<properties>
<property name="skip" value="">
</property>
</properties>
<skipped>
</skipped>
</testcase>
<testcase name="🏢 Vendor Management CRUD › DISABLED: Vendor Analytics &amp; Reports" classname="comprehensive-crud.spec.ts" time="0">
<properties>
<property name="skip" value="">
</property>
</properties>
<skipped>
</skipped>
</testcase>
<testcase name="📅 Booking System CRUD › DISABLED: Create Booking Flow" classname="comprehensive-crud.spec.ts" time="0">
<properties>
<property name="skip" value="">
</property>
</properties>
<skipped>
</skipped>
</testcase>
<testcase name="📅 Booking System CRUD › DISABLED: Booking Management CRUD" classname="comprehensive-crud.spec.ts" time="0">
<properties>
<property name="skip" value="">
</property>
</properties>
<skipped>
</skipped>
</testcase>
<testcase name="📅 Booking System CRUD › DISABLED: Booking Status Tracking" classname="comprehensive-crud.spec.ts" time="0">
<properties>
<property name="skip" value="">
</property>
</properties>
<skipped>
</skipped>
</testcase>
<testcase name="👥 Wedding Planner CRUD Operations › DISABLED: Planner Client Management" classname="comprehensive-crud.spec.ts" time="0">
<properties>
<property name="skip" value="">
</property>
</properties>
<skipped>
</skipped>
</testcase>
<testcase name="👥 Wedding Planner CRUD Operations › DISABLED: Planner Task Management" classname="comprehensive-crud.spec.ts" time="0">
<properties>
<property name="skip" value="">
</property>
</properties>
<skipped>
</skipped>
</testcase>
<testcase name="🛡️ RBAC (Role-Based Access Control) Tests › DISABLED: User Role Access Control" classname="comprehensive-crud.spec.ts" time="0">
<properties>
<property name="skip" value="">
</property>
</properties>
<skipped>
</skipped>
</testcase>
<testcase name="🛡️ RBAC (Role-Based Access Control) Tests › DISABLED: Vendor Role Access Control" classname="comprehensive-crud.spec.ts" time="0">
<properties>
<property name="skip" value="">
</property>
</properties>
<skipped>
</skipped>
</testcase>
<testcase name="🛡️ RBAC (Role-Based Access Control) Tests › DISABLED: Admin Role Access Control" classname="comprehensive-crud.spec.ts" time="0">
<properties>
<property name="skip" value="">
</property>
</properties>
<skipped>
</skipped>
</testcase>
<testcase name="🛡️ RBAC (Role-Based Access Control) Tests › DISABLED: Middleware Route Protection" classname="comprehensive-crud.spec.ts" time="0">
<properties>
<property name="skip" value="">
</property>
</properties>
<skipped>
</skipped>
</testcase>
<testcase name="💳 Payment &amp; Financial CRUD › DISABLED: Payment Processing Flow" classname="comprehensive-crud.spec.ts" time="0">
<properties>
<property name="skip" value="">
</property>
</properties>
<skipped>
</skipped>
</testcase>
<testcase name="💳 Payment &amp; Financial CRUD › DISABLED: Payment History &amp; Management" classname="comprehensive-crud.spec.ts" time="0">
<properties>
<property name="skip" value="">
</property>
</properties>
<skipped>
</skipped>
</testcase>
<testcase name="📱 Mobile &amp; Responsive CRUD › DISABLED: Mobile Navigation &amp; CRUD Operations" classname="comprehensive-crud.spec.ts" time="0">
<properties>
<property name="skip" value="">
</property>
</properties>
<skipped>
</skipped>
</testcase>
<testcase name="🔍 Search &amp; Filter CRUD › DISABLED: Venue Search &amp; Filter Operations" classname="comprehensive-crud.spec.ts" time="0">
<properties>
<property name="skip" value="">
</property>
</properties>
<skipped>
</skipped>
</testcase>
<testcase name="🔍 Search &amp; Filter CRUD › DISABLED: Vendor Search &amp; Filter Operations" classname="comprehensive-crud.spec.ts" time="0">
<properties>
<property name="skip" value="">
</property>
</properties>
<skipped>
</skipped>
</testcase>
<testcase name="📊 Analytics &amp; Reporting CRUD › DISABLED: User Analytics Dashboard" classname="comprehensive-crud.spec.ts" time="0">
<properties>
<property name="skip" value="">
</property>
</properties>
<skipped>
</skipped>
</testcase>
<testcase name="📊 Analytics &amp; Reporting CRUD › DISABLED: Admin Analytics &amp; Reports" classname="comprehensive-crud.spec.ts" time="0">
<properties>
<property name="skip" value="">
</property>
</properties>
<skipped>
</skipped>
</testcase>
<testcase name="🔔 Notification &amp; Communication CRUD › DISABLED: Notification Management" classname="comprehensive-crud.spec.ts" time="0">
<properties>
<property name="skip" value="">
</property>
</properties>
<skipped>
</skipped>
</testcase>
<testcase name="🔔 Notification &amp; Communication CRUD › DISABLED: Message System CRUD" classname="comprehensive-crud.spec.ts" time="0">
<properties>
<property name="skip" value="">
</property>
</properties>
<skipped>
</skipped>
</testcase>
<testcase name="🔄 Data Synchronization &amp; Cache CRUD › DISABLED: Data Cache Management" classname="comprehensive-crud.spec.ts" time="0">
<properties>
<property name="skip" value="">
</property>
</properties>
<skipped>
</skipped>
</testcase>
<testcase name="🛠️ System Administration CRUD › DISABLED: User Management Operations" classname="comprehensive-crud.spec.ts" time="0">
<properties>
<property name="skip" value="">
</property>
</properties>
<skipped>
</skipped>
</testcase>
<testcase name="🛠️ System Administration CRUD › DISABLED: System Settings Management" classname="comprehensive-crud.spec.ts" time="0">
<properties>
<property name="skip" value="">
</property>
</properties>
<skipped>
</skipped>
</testcase>
</testsuite>
<testsuite name="comprehensive-live-deployment.spec.ts" timestamp="2025-10-24T16:55:39.999Z" hostname="chromium" tests="14" failures="0" skipped="14" time="0" errors="0">
<testcase name="🚀 COMPREHENSIVE LIVE DEPLOYMENT TESTING › DISABLED: 🏠 HOMEPAGE - Complete Frontend Testing" classname="comprehensive-live-deployment.spec.ts" time="0">
<properties>
<property name="skip" value="">
</property>
</properties>
<skipped>
</skipped>
</testcase>
<testcase name="🚀 COMPREHENSIVE LIVE DEPLOYMENT TESTING › DISABLED: 🔐 AUTHENTICATION - Complete Auth Flow Testing" classname="comprehensive-live-deployment.spec.ts" time="0">
<properties>
<property name="skip" value="">
</property>
</properties>
<skipped>
</skipped>
</testcase>
<testcase name="🚀 COMPREHENSIVE LIVE DEPLOYMENT TESTING › DISABLED: 🏢 VENUES - Complete Venue CRUD Testing" classname="comprehensive-live-deployment.spec.ts" time="0">
<properties>
<property name="skip" value="">
</property>
</properties>
<skipped>
</skipped>
</testcase>
<testcase name="🚀 COMPREHENSIVE LIVE DEPLOYMENT TESTING › DISABLED: 🏪 VENDORS - Complete Vendor CRUD Testing" classname="comprehensive-live-deployment.spec.ts" time="0">
<properties>
<property name="skip" value="">
</property>
</properties>
<skipped>
</skipped>
</testcase>
<testcase name="🚀 COMPREHENSIVE LIVE DEPLOYMENT TESTING › DISABLED: 📱 FEED - Complete Social Feed Testing" classname="comprehensive-live-deployment.spec.ts" time="0">
<properties>
<property name="skip" value="">
</property>
</properties>
<skipped>
</skipped>
</testcase>
<testcase name="🚀 COMPREHENSIVE LIVE DEPLOYMENT TESTING › DISABLED: 🖼️ GALLERY - Complete Gallery Testing" classname="comprehensive-live-deployment.spec.ts" time="0">
<properties>
<property name="skip" value="">
</property>
</properties>
<skipped>
</skipped>
</testcase>
<testcase name="🚀 COMPREHENSIVE LIVE DEPLOYMENT TESTING › DISABLED: 📊 DASHBOARD - Complete Dashboard Testing" classname="comprehensive-live-deployment.spec.ts" time="0">
<properties>
<property name="skip" value="">
</property>
</properties>
<skipped>
</skipped>
</testcase>
<testcase name="🚀 COMPREHENSIVE LIVE DEPLOYMENT TESTING › DISABLED: 🔧 API ENDPOINTS - Complete API Testing" classname="comprehensive-live-deployment.spec.ts" time="0">
<properties>
<property name="skip" value="">
</property>
</properties>
<skipped>
</skipped>
</testcase>
<testcase name="🚀 COMPREHENSIVE LIVE DEPLOYMENT TESTING › DISABLED: 📱 RESPONSIVE DESIGN - Complete Mobile Testing" classname="comprehensive-live-deployment.spec.ts" time="0">
<properties>
<property name="skip" value="">
</property>
</properties>
<skipped>
</skipped>
</testcase>
<testcase name="🚀 COMPREHENSIVE LIVE DEPLOYMENT TESTING › DISABLED: 🎨 UI COMPONENTS - Complete Component Testing" classname="comprehensive-live-deployment.spec.ts" time="0">
<properties>
<property name="skip" value="">
</property>
</properties>
<skipped>
</skipped>
</testcase>
<testcase name="🚀 COMPREHENSIVE LIVE DEPLOYMENT TESTING › DISABLED: ⚡ PERFORMANCE - Complete Performance Testing" classname="comprehensive-live-deployment.spec.ts" time="0">
<properties>
<property name="skip" value="">
</property>
</properties>
<skipped>
</skipped>
</testcase>
<testcase name="🚀 COMPREHENSIVE LIVE DEPLOYMENT TESTING › DISABLED: 🔍 ERROR HANDLING - Complete Error Testing" classname="comprehensive-live-deployment.spec.ts" time="0">
<properties>
<property name="skip" value="">
</property>
</properties>
<skipped>
</skipped>
</testcase>
<testcase name="🚀 COMPREHENSIVE LIVE DEPLOYMENT TESTING › DISABLED: 🎯 FINAL INTEGRATION - Complete System Integration" classname="comprehensive-live-deployment.spec.ts" time="0">
<properties>
<property name="skip" value="">
</property>
</properties>
<skipped>
</skipped>
</testcase>
<testcase name="🚀 LIVE DEPLOYMENT STRESS TESTING › DISABLED: ⚡ STRESS TEST - Multiple Concurrent Operations" classname="comprehensive-live-deployment.spec.ts" time="0">
<properties>
<property name="skip" value="">
</property>
</properties>
<skipped>
</skipped>
</testcase>
</testsuite>
<testsuite name="critical-features.spec.ts" timestamp="2025-10-24T16:55:39.999Z" hostname="chromium" tests="17" failures="13" skipped="0" time="677.382" errors="0">
<testcase name="🔐 Critical Features - Phase 1 Tests › ✅ Homepage loads without authentication" classname="critical-features.spec.ts" time="33.227">
</testcase>
<testcase name="🔐 Critical Features - Phase 1 Tests › ✅ Login page renders with email/password fields" classname="critical-features.spec.ts" time="14.092">
</testcase>
<testcase name="🔐 Critical Features - Phase 1 Tests › ✅ Registration page accessible" classname="critical-features.spec.ts" time="40.698">
<failure message="critical-features.spec.ts:68:7 ✅ Registration page accessible" type="FAILURE">
<![CDATA[  [chromium] › critical-features.spec.ts:68:7 › 🔐 Critical Features - Phase 1 Tests › ✅ Registration page accessible 

    Error: expect(locator).toBeVisible() failed

    Locator: locator('text=/Register|Sign Up/')
    Expected: visible
    Timeout: 30000ms
    Error: element(s) not found

    Call log:
      - Expect "toBeVisible" with timeout 30000ms
      - waiting for locator('text=/Register|Sign Up/')


      70 |     
      71 |     // Check page is loaded
    > 72 |     await expect(page.locator('text=/Register|Sign Up/')).toBeVisible()
         |                                                           ^
      73 |     
      74 |     // Check form fields exist
      75 |     await expect(page.locator('input[type="email"]')).toBeVisible()
        at /Users/asithalakmal/Documents/web/final project/WeddingLK-next copy/tests/e2e/critical-features.spec.ts:72:59

    attachment #1: screenshot (image/png) ──────────────────────────────────────────────────────────
    ../../test-results/critical-features-🔐-Criti-cc998-egistration-page-accessible-chromium/test-failed-1.png
    ────────────────────────────────────────────────────────────────────────────────────────────────

    attachment #2: video (video/webm) ──────────────────────────────────────────────────────────────
    ../../test-results/critical-features-🔐-Criti-cc998-egistration-page-accessible-chromium/video.webm
    ────────────────────────────────────────────────────────────────────────────────────────────────

    Error Context: ../../test-results/critical-features-🔐-Criti-cc998-egistration-page-accessible-chromium/error-context.md
]]>
</failure>
<system-out>
<![CDATA[
[[ATTACHMENT|test-results/critical-features-🔐-Criti-cc998-egistration-page-accessible-chromium/test-failed-1.png]]

[[ATTACHMENT|test-results/critical-features-🔐-Criti-cc998-egistration-page-accessible-chromium/video.webm]]

[[ATTACHMENT|test-results/critical-features-🔐-Criti-cc998-egistration-page-accessible-chromium/error-context.md]]
]]>
</system-out>
</testcase>
<testcase name="🔐 Critical Features - Phase 1 Tests › ✅ User can login with valid credentials" classname="critical-features.spec.ts" time="20.576">
<failure message="critical-features.spec.ts:79:7 ✅ User can login with valid credentials" type="FAILURE">
<![CDATA[  [chromium] › critical-features.spec.ts:79:7 › 🔐 Critical Features - Phase 1 Tests › ✅ User can login with valid credentials 

    TimeoutError: page.waitForURL: Timeout 10000ms exceeded.
    =========================== logs ===========================
    waiting for navigation until "load"
    ============================================================

      88 |     
      89 |     // Wait for navigation
    > 90 |     await page.waitForURL(/\/dashboard/, { timeout: 10000 })
         |                ^
      91 |     
      92 |     // Verify we're on dashboard
      93 |     await expect(page.url()).toContain('/dashboard')
        at /Users/asithalakmal/Documents/web/final project/WeddingLK-next copy/tests/e2e/critical-features.spec.ts:90:16

    attachment #1: screenshot (image/png) ──────────────────────────────────────────────────────────
    ../../test-results/critical-features-🔐-Criti-d3f59-ogin-with-valid-credentials-chromium/test-failed-1.png
    ────────────────────────────────────────────────────────────────────────────────────────────────

    attachment #2: video (video/webm) ──────────────────────────────────────────────────────────────
    ../../test-results/critical-features-🔐-Criti-d3f59-ogin-with-valid-credentials-chromium/video.webm
    ────────────────────────────────────────────────────────────────────────────────────────────────

    Error Context: ../../test-results/critical-features-🔐-Criti-d3f59-ogin-with-valid-credentials-chromium/error-context.md
]]>
</failure>
<system-out>
<![CDATA[
[[ATTACHMENT|test-results/critical-features-🔐-Criti-d3f59-ogin-with-valid-credentials-chromium/test-failed-1.png]]

[[ATTACHMENT|test-results/critical-features-🔐-Criti-d3f59-ogin-with-valid-credentials-chromium/video.webm]]

[[ATTACHMENT|test-results/critical-features-🔐-Criti-d3f59-ogin-with-valid-credentials-chromium/error-context.md]]
]]>
</system-out>
</testcase>
<testcase name="🔐 Critical Features - Phase 1 Tests › ✅ Invalid login shows error message" classname="critical-features.spec.ts" time="18.342">
</testcase>
<testcase name="🔐 Critical Features - Phase 1 Tests › ✅ Authenticated user can access dashboard" classname="critical-features.spec.ts" time="25.327">
<failure message="critical-features.spec.ts:111:7 ✅ Authenticated user can access dashboard" type="FAILURE">
<![CDATA[  [chromium] › critical-features.spec.ts:111:7 › 🔐 Critical Features - Phase 1 Tests › ✅ Authenticated user can access dashboard 

    TimeoutError: page.waitForURL: Timeout 10000ms exceeded.
    =========================== logs ===========================
    waiting for navigation until "load"
    ============================================================

      117 |     
      118 |     // Wait for dashboard
    > 119 |     await page.waitForURL(/\/dashboard/, { timeout: 10000 })
          |                ^
      120 |     
      121 |     // Check dashboard elements
      122 |     await expect(page.locator('text=Dashboard')).toBeVisible({ timeout: 5000 })
        at /Users/asithalakmal/Documents/web/final project/WeddingLK-next copy/tests/e2e/critical-features.spec.ts:119:16

    attachment #1: screenshot (image/png) ──────────────────────────────────────────────────────────
    ../../test-results/critical-features-🔐-Criti-2fa29-d-user-can-access-dashboard-chromium/test-failed-1.png
    ────────────────────────────────────────────────────────────────────────────────────────────────

    attachment #2: video (video/webm) ──────────────────────────────────────────────────────────────
    ../../test-results/critical-features-🔐-Criti-2fa29-d-user-can-access-dashboard-chromium/video.webm
    ────────────────────────────────────────────────────────────────────────────────────────────────

    Error Context: ../../test-results/critical-features-🔐-Criti-2fa29-d-user-can-access-dashboard-chromium/error-context.md
]]>
</failure>
<system-out>
<![CDATA[
[[ATTACHMENT|test-results/critical-features-🔐-Criti-2fa29-d-user-can-access-dashboard-chromium/test-failed-1.png]]

[[ATTACHMENT|test-results/critical-features-🔐-Criti-2fa29-d-user-can-access-dashboard-chromium/video.webm]]

[[ATTACHMENT|test-results/critical-features-🔐-Criti-2fa29-d-user-can-access-dashboard-chromium/error-context.md]]
]]>
</system-out>
</testcase>
<testcase name="🔐 Critical Features - Phase 1 Tests › ✅ Unauthenticated users redirected to login" classname="critical-features.spec.ts" time="8.013">
<failure message="critical-features.spec.ts:125:7 ✅ Unauthenticated users redirected to login" type="FAILURE">
<![CDATA[  [chromium] › critical-features.spec.ts:125:7 › 🔐 Critical Features - Phase 1 Tests › ✅ Unauthenticated users redirected to login 

    Error: expect(received).toContain(expected) // indexOf

    Expected substring: "/login"
    Received string:    "https://wedding-lk.vercel.app/dashboard"

      131 |     
      132 |     // Should redirect to login
    > 133 |     await expect(page.url()).toContain('/login')
          |                              ^
      134 |   })
      135 |
      136 |   test('✅ User can logout and return to login', async ({ page }) => {
        at /Users/asithalakmal/Documents/web/final project/WeddingLK-next copy/tests/e2e/critical-features.spec.ts:133:30

    attachment #1: screenshot (image/png) ──────────────────────────────────────────────────────────
    ../../test-results/critical-features-🔐-Criti-78e76-d-users-redirected-to-login-chromium/test-failed-1.png
    ────────────────────────────────────────────────────────────────────────────────────────────────

    attachment #2: video (video/webm) ──────────────────────────────────────────────────────────────
    ../../test-results/critical-features-🔐-Criti-78e76-d-users-redirected-to-login-chromium/video.webm
    ────────────────────────────────────────────────────────────────────────────────────────────────

    Error Context: ../../test-results/critical-features-🔐-Criti-78e76-d-users-redirected-to-login-chromium/error-context.md
]]>
</failure>
<system-out>
<![CDATA[
[[ATTACHMENT|test-results/critical-features-🔐-Criti-78e76-d-users-redirected-to-login-chromium/test-failed-1.png]]

[[ATTACHMENT|test-results/critical-features-🔐-Criti-78e76-d-users-redirected-to-login-chromium/video.webm]]

[[ATTACHMENT|test-results/critical-features-🔐-Criti-78e76-d-users-redirected-to-login-chromium/error-context.md]]
]]>
</system-out>
</testcase>
<testcase name="🔐 Critical Features - Phase 1 Tests › ✅ User can logout and return to login" classname="critical-features.spec.ts" time="59.633">
<failure message="critical-features.spec.ts:136:7 ✅ User can logout and return to login" type="FAILURE">
<![CDATA[  [chromium] › critical-features.spec.ts:136:7 › 🔐 Critical Features - Phase 1 Tests › ✅ User can logout and return to login 

    TimeoutError: page.waitForURL: Timeout 10000ms exceeded.
    =========================== logs ===========================
    waiting for navigation until "load"
    ============================================================

      142 |     
      143 |     // Wait for dashboard
    > 144 |     await page.waitForURL(/\/dashboard/, { timeout: 10000 })
          |                ^
      145 |     
      146 |     // Find logout button (various selectors for different implementations)
      147 |     const logoutButton = page.locator(
        at /Users/asithalakmal/Documents/web/final project/WeddingLK-next copy/tests/e2e/critical-features.spec.ts:144:16

    attachment #1: screenshot (image/png) ──────────────────────────────────────────────────────────
    ../../test-results/critical-features-🔐-Criti-490c4--logout-and-return-to-login-chromium/test-failed-1.png
    ────────────────────────────────────────────────────────────────────────────────────────────────

    attachment #2: video (video/webm) ──────────────────────────────────────────────────────────────
    ../../test-results/critical-features-🔐-Criti-490c4--logout-and-return-to-login-chromium/video.webm
    ────────────────────────────────────────────────────────────────────────────────────────────────

    Error Context: ../../test-results/critical-features-🔐-Criti-490c4--logout-and-return-to-login-chromium/error-context.md
]]>
</failure>
<system-out>
<![CDATA[
[[ATTACHMENT|test-results/critical-features-🔐-Criti-490c4--logout-and-return-to-login-chromium/test-failed-1.png]]

[[ATTACHMENT|test-results/critical-features-🔐-Criti-490c4--logout-and-return-to-login-chromium/video.webm]]

[[ATTACHMENT|test-results/critical-features-🔐-Criti-490c4--logout-and-return-to-login-chromium/error-context.md]]
]]>
</system-out>
</testcase>
<testcase name="🔐 Critical Features - Phase 1 Tests › ✅ User role gets correct dashboard" classname="critical-features.spec.ts" time="58.023">
<failure message="critical-features.spec.ts:162:7 ✅ User role gets correct dashboard" type="FAILURE">
<![CDATA[  [chromium] › critical-features.spec.ts:162:7 › 🔐 Critical Features - Phase 1 Tests › ✅ User role gets correct dashboard 

    TimeoutError: page.waitForURL: Timeout 10000ms exceeded.
    =========================== logs ===========================
    waiting for navigation until "load"
    ============================================================

      168 |     
      169 |     // Wait for dashboard
    > 170 |     await page.waitForURL(/\/dashboard/, { timeout: 10000 })
          |                ^
      171 |     
      172 |     // Check URL contains user dashboard path
      173 |     const url = page.url()
        at /Users/asithalakmal/Documents/web/final project/WeddingLK-next copy/tests/e2e/critical-features.spec.ts:170:16

    attachment #1: screenshot (image/png) ──────────────────────────────────────────────────────────
    ../../test-results/critical-features-🔐-Criti-1fa0a-role-gets-correct-dashboard-chromium/test-failed-1.png
    ────────────────────────────────────────────────────────────────────────────────────────────────

    attachment #2: video (video/webm) ──────────────────────────────────────────────────────────────
    ../../test-results/critical-features-🔐-Criti-1fa0a-role-gets-correct-dashboard-chromium/video.webm
    ────────────────────────────────────────────────────────────────────────────────────────────────

    Error Context: ../../test-results/critical-features-🔐-Criti-1fa0a-role-gets-correct-dashboard-chromium/error-context.md
]]>
</failure>
<system-out>
<![CDATA[
[[ATTACHMENT|test-results/critical-features-🔐-Criti-1fa0a-role-gets-correct-dashboard-chromium/test-failed-1.png]]

[[ATTACHMENT|test-results/critical-features-🔐-Criti-1fa0a-role-gets-correct-dashboard-chromium/video.webm]]

[[ATTACHMENT|test-results/critical-features-🔐-Criti-1fa0a-role-gets-correct-dashboard-chromium/error-context.md]]
]]>
</system-out>
</testcase>
<testcase name="🔐 Critical Features - Phase 1 Tests › ✅ Vendor role gets vendor dashboard" classname="critical-features.spec.ts" time="46.227">
<failure message="critical-features.spec.ts:177:7 ✅ Vendor role gets vendor dashboard" type="FAILURE">
<![CDATA[  [chromium] › critical-features.spec.ts:177:7 › 🔐 Critical Features - Phase 1 Tests › ✅ Vendor role gets vendor dashboard 

    TimeoutError: page.waitForURL: Timeout 10000ms exceeded.
    =========================== logs ===========================
    waiting for navigation until "load"
    ============================================================

      183 |     
      184 |     // Wait for dashboard
    > 185 |     await page.waitForURL(/\/dashboard/, { timeout: 10000 })
          |                ^
      186 |     
      187 |     // Verify vendor dashboard or role indicator
      188 |     const url = page.url()
        at /Users/asithalakmal/Documents/web/final project/WeddingLK-next copy/tests/e2e/critical-features.spec.ts:185:16

    attachment #1: screenshot (image/png) ──────────────────────────────────────────────────────────
    ../../test-results/critical-features-🔐-Criti-1c3fb--role-gets-vendor-dashboard-chromium/test-failed-1.png
    ────────────────────────────────────────────────────────────────────────────────────────────────

    attachment #2: video (video/webm) ──────────────────────────────────────────────────────────────
    ../../test-results/critical-features-🔐-Criti-1c3fb--role-gets-vendor-dashboard-chromium/video.webm
    ────────────────────────────────────────────────────────────────────────────────────────────────

    Error Context: ../../test-results/critical-features-🔐-Criti-1c3fb--role-gets-vendor-dashboard-chromium/error-context.md
]]>
</failure>
<system-out>
<![CDATA[
[[ATTACHMENT|test-results/critical-features-🔐-Criti-1c3fb--role-gets-vendor-dashboard-chromium/test-failed-1.png]]

[[ATTACHMENT|test-results/critical-features-🔐-Criti-1c3fb--role-gets-vendor-dashboard-chromium/video.webm]]

[[ATTACHMENT|test-results/critical-features-🔐-Criti-1c3fb--role-gets-vendor-dashboard-chromium/error-context.md]]
]]>
</system-out>
</testcase>
<testcase name="🔐 Critical Features - Phase 1 Tests › ✅ Admin role gets admin dashboard" classname="critical-features.spec.ts" time="52.085">
<failure message="critical-features.spec.ts:192:7 ✅ Admin role gets admin dashboard" type="FAILURE">
<![CDATA[  [chromium] › critical-features.spec.ts:192:7 › 🔐 Critical Features - Phase 1 Tests › ✅ Admin role gets admin dashboard 

    TimeoutError: page.waitForURL: Timeout 10000ms exceeded.
    =========================== logs ===========================
    waiting for navigation until "load"
    ============================================================

      198 |     
      199 |     // Wait for dashboard
    > 200 |     await page.waitForURL(/\/dashboard/, { timeout: 10000 })
          |                ^
      201 |     
      202 |     // Verify admin dashboard or role indicator
      203 |     const url = page.url()
        at /Users/asithalakmal/Documents/web/final project/WeddingLK-next copy/tests/e2e/critical-features.spec.ts:200:16

    attachment #1: screenshot (image/png) ──────────────────────────────────────────────────────────
    ../../test-results/critical-features-🔐-Criti-97c64-n-role-gets-admin-dashboard-chromium/test-failed-1.png
    ────────────────────────────────────────────────────────────────────────────────────────────────

    attachment #2: video (video/webm) ──────────────────────────────────────────────────────────────
    ../../test-results/critical-features-🔐-Criti-97c64-n-role-gets-admin-dashboard-chromium/video.webm
    ────────────────────────────────────────────────────────────────────────────────────────────────

    Error Context: ../../test-results/critical-features-🔐-Criti-97c64-n-role-gets-admin-dashboard-chromium/error-context.md
]]>
</failure>
<system-out>
<![CDATA[
[[ATTACHMENT|test-results/critical-features-🔐-Criti-97c64-n-role-gets-admin-dashboard-chromium/test-failed-1.png]]

[[ATTACHMENT|test-results/critical-features-🔐-Criti-97c64-n-role-gets-admin-dashboard-chromium/video.webm]]

[[ATTACHMENT|test-results/critical-features-🔐-Criti-97c64-n-role-gets-admin-dashboard-chromium/error-context.md]]
]]>
</system-out>
</testcase>
<testcase name="🔐 Critical Features - Phase 1 Tests › ✅ User cannot access admin routes without permission" classname="critical-features.spec.ts" time="41.004">
<failure message="critical-features.spec.ts:207:7 ✅ User cannot access admin routes without permission" type="FAILURE">
<![CDATA[  [chromium] › critical-features.spec.ts:207:7 › 🔐 Critical Features - Phase 1 Tests › ✅ User cannot access admin routes without permission 

    TimeoutError: page.waitForURL: Timeout 10000ms exceeded.
    =========================== logs ===========================
    waiting for navigation until "load"
    ============================================================

      213 |     
      214 |     // Wait for dashboard
    > 215 |     await page.waitForURL(/\/dashboard/, { timeout: 10000 })
          |                ^
      216 |     
      217 |     // Try to access admin dashboard directly
      218 |     await page.goto('/dashboard/admin')
        at /Users/asithalakmal/Documents/web/final project/WeddingLK-next copy/tests/e2e/critical-features.spec.ts:215:16

    attachment #1: screenshot (image/png) ──────────────────────────────────────────────────────────
    ../../test-results/critical-features-🔐-Criti-0b904-n-routes-without-permission-chromium/test-failed-1.png
    ────────────────────────────────────────────────────────────────────────────────────────────────

    attachment #2: video (video/webm) ──────────────────────────────────────────────────────────────
    ../../test-results/critical-features-🔐-Criti-0b904-n-routes-without-permission-chromium/video.webm
    ────────────────────────────────────────────────────────────────────────────────────────────────

    Error Context: ../../test-results/critical-features-🔐-Criti-0b904-n-routes-without-permission-chromium/error-context.md
]]>
</failure>
<system-out>
<![CDATA[
[[ATTACHMENT|test-results/critical-features-🔐-Criti-0b904-n-routes-without-permission-chromium/test-failed-1.png]]

[[ATTACHMENT|test-results/critical-features-🔐-Criti-0b904-n-routes-without-permission-chromium/video.webm]]

[[ATTACHMENT|test-results/critical-features-🔐-Criti-0b904-n-routes-without-permission-chromium/error-context.md]]
]]>
</system-out>
</testcase>
<testcase name="🔐 Critical Features - Phase 1 Tests › ✅ AI search section visible on homepage" classname="critical-features.spec.ts" time="31.028">
<failure message="critical-features.spec.ts:232:7 ✅ AI search section visible on homepage" type="FAILURE">
<![CDATA[  [chromium] › critical-features.spec.ts:232:7 › 🔐 Critical Features - Phase 1 Tests › ✅ AI search section visible on homepage 

    Error: expect(locator).toBeVisible() failed

    Locator: locator('text=/AI|Artificial Intelligence|Search|Find/')
    Expected: visible
    Error: strict mode violation: locator('text=/AI|Artificial Intelligence|Search|Find/') resolved to 5 elements:
        1) <span class="text-sm font-medium text-gray-700 dark:text-gray-300">AI-Powered Wedding Search</span> aka getByText('AI-Powered Wedding Search')
        2) <h1 class="text-4xl md:text-6xl font-bold text-gray-900 dark:text-white mb-6">…</h1> aka getByRole('heading', { name: 'Find Your Perfect Wedding' })
        3) <p class="text-xl text-gray-600 dark:text-gray-300 max-w-3xl mx-auto">Describe your dream wedding in natural language a…</p> aka getByText('Describe your dream wedding in natural language and let our AI find the perfect')
        4) <button class="inline-flex items-center justify-center gap-2 whitespace-nowrap rounded-md font-medium ring-offset-background transition-colors focus-visible:outline-none focus-visible:ring-2 focus-visible:ring-ring focus-visible:ring-offset-2 disabled:pointer-events-none disabled:opacity-50 [&_svg]:pointer-events-none [&_svg]:size-4 [&_svg]:shrink-0 bg-primary text-primary-foreground hover:bg-primary/90 px-4 py-2 w-full h-14 text-lg bg-gradient-to-r from-pink-500 via-purple-500 to-rose-500 hover:from-…>…</button> aka getByRole('button', { name: 'Find My Perfect Wedding' })
        5) <p class="text-gray-600 dark:text-gray-300">Find and book the perfect venue from our curated …</p> aka getByText('Find and book the perfect')

    Call log:
      - Expect "toBeVisible" with timeout 5000ms
      - waiting for locator('text=/AI|Artificial Intelligence|Search|Find/')


      240 |     )
      241 |     
    > 242 |     await expect(aiSearchSection).toBeVisible({ timeout: 5000 })
          |                                   ^
      243 |   })
      244 |
      245 |   test('✅ Venue search accessible from homepage', async ({ page }) => {
        at /Users/asithalakmal/Documents/web/final project/WeddingLK-next copy/tests/e2e/critical-features.spec.ts:242:35

    attachment #1: screenshot (image/png) ──────────────────────────────────────────────────────────
    ../../test-results/critical-features-🔐-Criti-017c1-section-visible-on-homepage-chromium/test-failed-1.png
    ────────────────────────────────────────────────────────────────────────────────────────────────

    attachment #2: video (video/webm) ──────────────────────────────────────────────────────────────
    ../../test-results/critical-features-🔐-Criti-017c1-section-visible-on-homepage-chromium/video.webm
    ────────────────────────────────────────────────────────────────────────────────────────────────

    Error Context: ../../test-results/critical-features-🔐-Criti-017c1-section-visible-on-homepage-chromium/error-context.md
]]>
</failure>
<system-out>
<![CDATA[
[[ATTACHMENT|test-results/critical-features-🔐-Criti-017c1-section-visible-on-homepage-chromium/test-failed-1.png]]

[[ATTACHMENT|test-results/critical-features-🔐-Criti-017c1-section-visible-on-homepage-chromium/video.webm]]

[[ATTACHMENT|test-results/critical-features-🔐-Criti-017c1-section-visible-on-homepage-chromium/error-context.md]]
]]>
</system-out>
</testcase>
<testcase name="🔐 Critical Features - Phase 1 Tests › ✅ Venue search accessible from homepage" classname="critical-features.spec.ts" time="84.877">
<failure message="critical-features.spec.ts:245:7 ✅ Venue search accessible from homepage" type="FAILURE">
<![CDATA[  [chromium] › critical-features.spec.ts:245:7 › 🔐 Critical Features - Phase 1 Tests › ✅ Venue search accessible from homepage 

    Error: expect(locator).toBeVisible() failed

    Locator: locator('text=/Venues|Explore Venues/i')
    Expected: visible
    Error: strict mode violation: locator('text=/Venues|Explore Venues/i') resolved to 17 elements:
        1) <a href="/venues" class="text-gray-700 hover:text-rose-500 dark:text-gray-300 dark:hover:text-rose-400 font-medium transition-colors">Venues</a> aka getByRole('navigation').getByRole('link', { name: 'Venues' })
        2) <p class="text-xl text-gray-600 dark:text-gray-300 max-w-3xl mx-auto">Describe your dream wedding in natural language a…</p> aka getByText('Describe your dream wedding in natural language and let our AI find the perfect')
        3) <div class="inline-flex items-center rounded-full border px-2.5 py-0.5 text-xs font-semibold transition-colors focus:outline-none focus:ring-2 focus:ring-ring focus:ring-offset-2 border-transparent bg-secondary text-secondary-foreground cursor-pointer hover:bg-purple-100 dark:hover:bg-purple-900/50">Beach wedding venues in Galle</div> aka getByText('Beach wedding venues in Galle')
        4) <div class="inline-flex items-center rounded-full border px-2.5 py-0.5 text-xs font-semibold transition-colors focus:outline-none focus:ring-2 focus:ring-ring focus:ring-offset-2 border-transparent bg-secondary text-secondary-foreground cursor-pointer hover:bg-purple-100 dark:hover:bg-purple-900/50">Mountain view venues for 150 guests</div> aka getByText('Mountain view venues for 150')
        5) <div class="inline-flex items-center rounded-full border px-2.5 py-0.5 text-xs font-semibold transition-colors focus:outline-none focus:ring-2 focus:ring-ring focus:ring-offset-2 border-transparent bg-secondary text-secondary-foreground cursor-pointer hover:bg-purple-100 dark:hover:bg-purple-900/50">Traditional wedding venues Kandy</div> aka getByText('Traditional wedding venues')
        6) <p class="text-xl text-gray-600 dark:text-gray-300 max-w-3xl mx-auto">Discover perfectly curated wedding packages tailo…</p> aka getByText('Discover perfectly curated')
        7) <p class="text-sm text-gray-600 dark:text-gray-300">Premium venues in the heart of Colombo</p> aka getByText('Premium venues in the heart')
        8) <h4 class="font-semibold text-gray-900 dark:text-white mb-3">Featured Venues:</h4> aka getByRole('heading', { name: 'Featured Venues:' }).first()
        9) <p class="text-sm text-gray-600 dark:text-gray-300">Traditional venues in the hill capital</p> aka getByText('Traditional venues in the')
        10) <h4 class="font-semibold text-gray-900 dark:text-white mb-3">Featured Venues:</h4> aka getByRole('heading', { name: 'Featured Venues:' }).nth(1)
        ...

    Call log:
      - Expect "toBeVisible" with timeout 5000ms
      - waiting for locator('text=/Venues|Explore Venues/i')


      252 |     )
      253 |     
    > 254 |     await expect(venuesLink).toBeVisible({ timeout: 5000 })
          |                              ^
      255 |     
      256 |     // Click and verify navigation
      257 |     await venuesLink.first().click()
        at /Users/asithalakmal/Documents/web/final project/WeddingLK-next copy/tests/e2e/critical-features.spec.ts:254:30

    attachment #1: screenshot (image/png) ──────────────────────────────────────────────────────────
    ../../test-results/critical-features-🔐-Criti-5bfe1-ch-accessible-from-homepage-chromium/test-failed-1.png
    ────────────────────────────────────────────────────────────────────────────────────────────────

    attachment #2: video (video/webm) ──────────────────────────────────────────────────────────────
    ../../test-results/critical-features-🔐-Criti-5bfe1-ch-accessible-from-homepage-chromium/video.webm
    ────────────────────────────────────────────────────────────────────────────────────────────────

    Error Context: ../../test-results/critical-features-🔐-Criti-5bfe1-ch-accessible-from-homepage-chromium/error-context.md
]]>
</failure>
<system-out>
<![CDATA[
[[ATTACHMENT|test-results/critical-features-🔐-Criti-5bfe1-ch-accessible-from-homepage-chromium/test-failed-1.png]]

[[ATTACHMENT|test-results/critical-features-🔐-Criti-5bfe1-ch-accessible-from-homepage-chromium/video.webm]]

[[ATTACHMENT|test-results/critical-features-🔐-Criti-5bfe1-ch-accessible-from-homepage-chromium/error-context.md]]
]]>
</system-out>
</testcase>
<testcase name="🔐 Critical Features - Phase 1 Tests › ✅ Vendor search accessible from homepage" classname="critical-features.spec.ts" time="75.411">
<failure message="critical-features.spec.ts:262:7 ✅ Vendor search accessible from homepage" type="FAILURE">
<![CDATA[  [chromium] › critical-features.spec.ts:262:7 › 🔐 Critical Features - Phase 1 Tests › ✅ Vendor search accessible from homepage 

    Error: expect(locator).toBeVisible() failed

    Locator: locator('text=/Vendors|Explore Vendors|Vendors Marketplace/i')
    Expected: visible
    Error: strict mode violation: locator('text=/Vendors|Explore Vendors|Vendors Marketplace/i') resolved to 8 elements:
        1) <a href="/vendors" class="text-gray-700 hover:text-rose-500 dark:text-gray-300 dark:hover:text-rose-400 font-medium transition-colors">Vendors</a> aka getByRole('navigation').getByRole('link', { name: 'Vendors' })
        2) <p class="text-xl text-gray-600 dark:text-gray-300 max-w-3xl mx-auto">Describe your dream wedding in natural language a…</p> aka getByText('Describe your dream wedding in natural language and let our AI find the perfect')
        3) <p class="text-xl text-gray-600 dark:text-gray-300 max-w-3xl mx-auto">Discover specialized vendors for every aspect of …</p> aka getByText('Discover specialized vendors')
        4) <button class="inline-flex items-center justify-center gap-2 whitespace-nowrap text-sm font-medium ring-offset-background transition-colors focus-visible:outline-none focus-visible:ring-2 focus-visible:ring-ring focus-visible:ring-offset-2 disabled:pointer-events-none disabled:opacity-50 [&_svg]:pointer-events-none [&_svg]:size-4 [&_svg]:shrink-0 border border-input bg-background hover:bg-accent hover:text-accent-foreground h-11 rounded-md px-8 py-3">View All Vendors</button> aka getByRole('button', { name: 'View All Vendors' })
        5) <div class="text-lg font-semibold text-gray-900 dark:text-white mb-2">Vendors</div> aka getByRole('main').locator('div').filter({ hasText: /^Vendors$/ })
        6) <div class="text-sm text-gray-600 dark:text-gray-300 leading-relaxed">Trusted vendors from photographers to traditional…</div> aka getByText('Trusted vendors from')
        7) <p>No featured vendors available at the moment</p> aka getByText('No featured vendors available')
        8) <a href="/vendors" class="hover:text-white transition-colors">Vendors</a> aka getByRole('main').getByRole('link', { name: 'Vendors' })

    Call log:
      - Expect "toBeVisible" with timeout 5000ms
      - waiting for locator('text=/Vendors|Explore Vendors|Vendors Marketplace/i')


      269 |     )
      270 |     
    > 271 |     await expect(vendorsLink).toBeVisible({ timeout: 5000 })
          |                               ^
      272 |     
      273 |     // Click and verify navigation
      274 |     await vendorsLink.first().click()
        at /Users/asithalakmal/Documents/web/final project/WeddingLK-next copy/tests/e2e/critical-features.spec.ts:271:31

    attachment #1: screenshot (image/png) ──────────────────────────────────────────────────────────
    ../../test-results/critical-features-🔐-Criti-026de-ch-accessible-from-homepage-chromium/test-failed-1.png
    ────────────────────────────────────────────────────────────────────────────────────────────────

    attachment #2: video (video/webm) ──────────────────────────────────────────────────────────────
    ../../test-results/critical-features-🔐-Criti-026de-ch-accessible-from-homepage-chromium/video.webm
    ────────────────────────────────────────────────────────────────────────────────────────────────

    Error Context: ../../test-results/critical-features-🔐-Criti-026de-ch-accessible-from-homepage-chromium/error-context.md
]]>
</failure>
<system-out>
<![CDATA[
[[ATTACHMENT|test-results/critical-features-🔐-Criti-026de-ch-accessible-from-homepage-chromium/test-failed-1.png]]

[[ATTACHMENT|test-results/critical-features-🔐-Criti-026de-ch-accessible-from-homepage-chromium/video.webm]]

[[ATTACHMENT|test-results/critical-features-🔐-Criti-026de-ch-accessible-from-homepage-chromium/error-context.md]]
]]>
</system-out>
</testcase>
<testcase name="🔐 Critical Features - Phase 1 Tests › ✅ Navigation menu accessible" classname="critical-features.spec.ts" time="19.133">
</testcase>
<testcase name="🔐 Critical Features - Phase 1 Tests › ✅ Footer present on all pages" classname="critical-features.spec.ts" time="49.686">
<failure message="critical-features.spec.ts:292:7 ✅ Footer present on all pages" type="FAILURE">
<![CDATA[  [chromium] › critical-features.spec.ts:292:7 › 🔐 Critical Features - Phase 1 Tests › ✅ Footer present on all pages 

    Error: expect(locator).toBeVisible() failed

    Locator: locator('footer')
    Expected: visible
    Timeout: 30000ms
    Error: element(s) not found

    Call log:
      - Expect "toBeVisible" with timeout 30000ms
      - waiting for locator('footer')


      299 |     await page.goto('/login')
      300 |     footer = page.locator('footer')
    > 301 |     await expect(footer).toBeVisible()
          |                          ^
      302 |     
      303 |     // Test on venues page
      304 |     await page.goto('/venues')
        at /Users/asithalakmal/Documents/web/final project/WeddingLK-next copy/tests/e2e/critical-features.spec.ts:301:26

    attachment #1: screenshot (image/png) ──────────────────────────────────────────────────────────
    ../../test-results/critical-features-🔐-Criti-3f12a-Footer-present-on-all-pages-chromium/test-failed-1.png
    ────────────────────────────────────────────────────────────────────────────────────────────────

    attachment #2: video (video/webm) ──────────────────────────────────────────────────────────────
    ../../test-results/critical-features-🔐-Criti-3f12a-Footer-present-on-all-pages-chromium/video.webm
    ────────────────────────────────────────────────────────────────────────────────────────────────

    Error Context: ../../test-results/critical-features-🔐-Criti-3f12a-Footer-present-on-all-pages-chromium/error-context.md
]]>
</failure>
<system-out>
<![CDATA[
[[ATTACHMENT|test-results/critical-features-🔐-Criti-3f12a-Footer-present-on-all-pages-chromium/test-failed-1.png]]

[[ATTACHMENT|test-results/critical-features-🔐-Criti-3f12a-Footer-present-on-all-pages-chromium/video.webm]]

[[ATTACHMENT|test-results/critical-features-🔐-Criti-3f12a-Footer-present-on-all-pages-chromium/error-context.md]]
]]>
</system-out>
</testcase>
</testsuite>
<testsuite name="error-handling-tests.spec.ts" timestamp="2025-10-24T16:55:39.999Z" hostname="chromium" tests="34" failures="2" skipped="0" time="348.005" errors="0">
<testcase name="⚠️ Error Handling Tests - Phase 6 › 🔐 Authentication Error Handling › ✅ Empty email shows validation error" classname="error-handling-tests.spec.ts" time="9.079">
</testcase>
<testcase name="⚠️ Error Handling Tests - Phase 6 › 🔐 Authentication Error Handling › ✅ Empty password shows validation error" classname="error-handling-tests.spec.ts" time="8.971">
</testcase>
<testcase name="⚠️ Error Handling Tests - Phase 6 › 🔐 Authentication Error Handling › ✅ Invalid email format shows error" classname="error-handling-tests.spec.ts" time="5.867">
</testcase>
<testcase name="⚠️ Error Handling Tests - Phase 6 › 🔐 Authentication Error Handling › ✅ Non-existent user shows error" classname="error-handling-tests.spec.ts" time="5.855">
</testcase>
<testcase name="⚠️ Error Handling Tests - Phase 6 › 🔐 Authentication Error Handling › ✅ Wrong password shows error" classname="error-handling-tests.spec.ts" time="5.933">
</testcase>
<testcase name="⚠️ Error Handling Tests - Phase 6 › 🔐 Authentication Error Handling › ✅ Duplicate email on registration shows error" classname="error-handling-tests.spec.ts" time="9.211">
</testcase>
<testcase name="⚠️ Error Handling Tests - Phase 6 › 🔐 Authentication Error Handling › ✅ Weak password shows validation error" classname="error-handling-tests.spec.ts" time="13.304">
</testcase>
<testcase name="⚠️ Error Handling Tests - Phase 6 › 🗺️ Navigation Error Handling › ✅ 404 page is displayed for non-existent routes" classname="error-handling-tests.spec.ts" time="12.057">
</testcase>
<testcase name="⚠️ Error Handling Tests - Phase 6 › 🗺️ Navigation Error Handling › ✅ Can navigate away from 404 page" classname="error-handling-tests.spec.ts" time="17.868">
</testcase>
<testcase name="⚠️ Error Handling Tests - Phase 6 › 🗺️ Navigation Error Handling › ✅ Broken link handling" classname="error-handling-tests.spec.ts" time="17.245">
</testcase>
<testcase name="⚠️ Error Handling Tests - Phase 6 › 🗺️ Navigation Error Handling › ✅ Protected route redirects unauthenticated user" classname="error-handling-tests.spec.ts" time="19.378">
<failure message="error-handling-tests.spec.ts:154:9 ✅ Protected route redirects unauthenticated user" type="FAILURE">
<![CDATA[  [chromium] › error-handling-tests.spec.ts:154:9 › ⚠️ Error Handling Tests - Phase 6 › 🗺️ Navigation Error Handling › ✅ Protected route redirects unauthenticated user 

    TimeoutError: page.waitForURL: Timeout 5000ms exceeded.
    =========================== logs ===========================
    waiting for navigation until "load"
    ============================================================

      160 |       
      161 |       // Should redirect to login
    > 162 |       await page.waitForURL(/\/login/, { timeout: 5000 })
          |                  ^
      163 |     })
      164 |
      165 |     test('✅ Invalid query parameters handled gracefully', async ({ page }) => {
        at /Users/asithalakmal/Documents/web/final project/WeddingLK-next copy/tests/e2e/error-handling-tests.spec.ts:162:18

    attachment #1: screenshot (image/png) ──────────────────────────────────────────────────────────
    ../../test-results/error-handling-tests-⚠️-Er-87ab1-irects-unauthenticated-user-chromium/test-failed-1.png
    ────────────────────────────────────────────────────────────────────────────────────────────────

    attachment #2: video (video/webm) ──────────────────────────────────────────────────────────────
    ../../test-results/error-handling-tests-⚠️-Er-87ab1-irects-unauthenticated-user-chromium/video.webm
    ────────────────────────────────────────────────────────────────────────────────────────────────

    Error Context: ../../test-results/error-handling-tests-⚠️-Er-87ab1-irects-unauthenticated-user-chromium/error-context.md
]]>
</failure>
<system-out>
<![CDATA[
[[ATTACHMENT|test-results/error-handling-tests-⚠️-Er-87ab1-irects-unauthenticated-user-chromium/test-failed-1.png]]

[[ATTACHMENT|test-results/error-handling-tests-⚠️-Er-87ab1-irects-unauthenticated-user-chromium/video.webm]]

[[ATTACHMENT|test-results/error-handling-tests-⚠️-Er-87ab1-irects-unauthenticated-user-chromium/error-context.md]]
]]>
</system-out>
</testcase>
<testcase name="⚠️ Error Handling Tests - Phase 6 › 🗺️ Navigation Error Handling › ✅ Invalid query parameters handled gracefully" classname="error-handling-tests.spec.ts" time="12.413">
</testcase>
<testcase name="⚠️ Error Handling Tests - Phase 6 › 🌐 Network Error Handling › ✅ Page loads with network issues" classname="error-handling-tests.spec.ts" time="6.401">
</testcase>
<testcase name="⚠️ Error Handling Tests - Phase 6 › 🌐 Network Error Handling › ✅ Failed API call shows error message" classname="error-handling-tests.spec.ts" time="8.043">
</testcase>
<testcase name="⚠️ Error Handling Tests - Phase 6 › 🌐 Network Error Handling › ✅ Offline mode handling" classname="error-handling-tests.spec.ts" time="8.957">
<failure message="error-handling-tests.spec.ts:203:9 ✅ Offline mode handling" type="FAILURE">
<![CDATA[  [chromium] › error-handling-tests.spec.ts:203:9 › ⚠️ Error Handling Tests - Phase 6 › 🌐 Network Error Handling › ✅ Offline mode handling 

    Error: locator.isVisible: Error: strict mode violation: locator('a[href="/venues"]') resolved to 2 elements:
        1) <a href="/venues" class="text-gray-700 hover:text-rose-500 dark:text-gray-300 dark:hover:text-rose-400 font-medium transition-colors">Venues</a> aka getByRole('navigation').getByRole('link', { name: 'Venues' })
        2) <a href="/venues" class="hover:text-white transition-colors">Venues</a> aka getByRole('main').getByRole('link', { name: 'Venues' })

    Call log:
        - checking visibility of locator('a[href="/venues"]')


      209 |       // Try to interact
      210 |       const links = page.locator('a[href="/venues"]')
    > 211 |       if (await links.isVisible()) {
          |                       ^
      212 |         await links.first().click().catch(() => {})
      213 |       }
      214 |       
        at /Users/asithalakmal/Documents/web/final project/WeddingLK-next copy/tests/e2e/error-handling-tests.spec.ts:211:23

    attachment #1: screenshot (image/png) ──────────────────────────────────────────────────────────
    ../../test-results/error-handling-tests-⚠️-Er-a9dd0-ing-✅-Offline-mode-handling-chromium/test-failed-1.png
    ────────────────────────────────────────────────────────────────────────────────────────────────

    attachment #2: video (video/webm) ──────────────────────────────────────────────────────────────
    ../../test-results/error-handling-tests-⚠️-Er-a9dd0-ing-✅-Offline-mode-handling-chromium/video.webm
    ────────────────────────────────────────────────────────────────────────────────────────────────

    Error Context: ../../test-results/error-handling-tests-⚠️-Er-a9dd0-ing-✅-Offline-mode-handling-chromium/error-context.md
]]>
</failure>
<system-out>
<![CDATA[
[[ATTACHMENT|test-results/error-handling-tests-⚠️-Er-a9dd0-ing-✅-Offline-mode-handling-chromium/test-failed-1.png]]

[[ATTACHMENT|test-results/error-handling-tests-⚠️-Er-a9dd0-ing-✅-Offline-mode-handling-chromium/video.webm]]

[[ATTACHMENT|test-results/error-handling-tests-⚠️-Er-a9dd0-ing-✅-Offline-mode-handling-chromium/error-context.md]]
]]>
</system-out>
</testcase>
<testcase name="⚠️ Error Handling Tests - Phase 6 › 🌐 Network Error Handling › ✅ Timeout on slow endpoint" classname="error-handling-tests.spec.ts" time="2.366">
</testcase>
<testcase name="⚠️ Error Handling Tests - Phase 6 › 🌐 Network Error Handling › ✅ CORS error handling" classname="error-handling-tests.spec.ts" time="6.465">
</testcase>
<testcase name="⚠️ Error Handling Tests - Phase 6 › 📝 Form Error Handling › ✅ Required field validation" classname="error-handling-tests.spec.ts" time="8.558">
</testcase>
<testcase name="⚠️ Error Handling Tests - Phase 6 › 📝 Form Error Handling › ✅ File upload error handling" classname="error-handling-tests.spec.ts" time="8.105">
</testcase>
<testcase name="⚠️ Error Handling Tests - Phase 6 › 📝 Form Error Handling › ✅ Form submission error recovery" classname="error-handling-tests.spec.ts" time="6.827">
</testcase>
<testcase name="⚠️ Error Handling Tests - Phase 6 › 📝 Form Error Handling › ✅ Max length validation on text fields" classname="error-handling-tests.spec.ts" time="5.656">
</testcase>
<testcase name="⚠️ Error Handling Tests - Phase 6 › 🎨 UI Component Error Handling › ✅ Missing image fallback" classname="error-handling-tests.spec.ts" time="4.594">
</testcase>
<testcase name="⚠️ Error Handling Tests - Phase 6 › 🎨 UI Component Error Handling › ✅ Modal close on error" classname="error-handling-tests.spec.ts" time="8.213">
</testcase>
<testcase name="⚠️ Error Handling Tests - Phase 6 › 🎨 UI Component Error Handling › ✅ Tooltip error messages display" classname="error-handling-tests.spec.ts" time="5.36">
</testcase>
<testcase name="⚠️ Error Handling Tests - Phase 6 › 🎨 UI Component Error Handling › ✅ Loading state timeout fallback" classname="error-handling-tests.spec.ts" time="10.781">
</testcase>
<testcase name="⚠️ Error Handling Tests - Phase 6 › 💾 Data Error Handling › ✅ Invalid JSON response handling" classname="error-handling-tests.spec.ts" time="10.641">
</testcase>
<testcase name="⚠️ Error Handling Tests - Phase 6 › 💾 Data Error Handling › ✅ Null/undefined data handling" classname="error-handling-tests.spec.ts" time="13.463">
</testcase>
<testcase name="⚠️ Error Handling Tests - Phase 6 › 💾 Data Error Handling › ✅ Empty array response handling" classname="error-handling-tests.spec.ts" time="6.273">
</testcase>
<testcase name="⚠️ Error Handling Tests - Phase 6 › 💾 Data Error Handling › ✅ Large response handling" classname="error-handling-tests.spec.ts" time="12.017">
</testcase>
<testcase name="⚠️ Error Handling Tests - Phase 6 › 🖥️ Browser/System Error Handling › ✅ JavaScript error handling" classname="error-handling-tests.spec.ts" time="10.122">
</testcase>
<testcase name="⚠️ Error Handling Tests - Phase 6 › 🖥️ Browser/System Error Handling › ✅ Memory leak handling on navigation" classname="error-handling-tests.spec.ts" time="23.417">
</testcase>
<testcase name="⚠️ Error Handling Tests - Phase 6 › 🖥️ Browser/System Error Handling › ✅ Rapid navigation handling" classname="error-handling-tests.spec.ts" time="16.061">
</testcase>
<testcase name="⚠️ Error Handling Tests - Phase 6 › 🖥️ Browser/System Error Handling › ✅ Window resize error handling" classname="error-handling-tests.spec.ts" time="15.663">
</testcase>
<testcase name="⚠️ Error Handling Tests - Phase 6 › 🖥️ Browser/System Error Handling › ✅ Storage quota error handling" classname="error-handling-tests.spec.ts" time="12.841">
</testcase>
</testsuite>
<testsuite name="navigation-tests.spec.ts" timestamp="2025-10-24T16:55:39.999Z" hostname="chromium" tests="35" failures="19" skipped="0" time="492.298" errors="0">
<testcase name="🗺️ Page Navigation Tests - Phase 3 › 🌐 Public Pages Navigation › ✅ Navigate from homepage to venues" classname="navigation-tests.spec.ts" time="20.557">
<failure message="navigation-tests.spec.ts:24:9 ✅ Navigate from homepage to venues" type="FAILURE">
<![CDATA[  [chromium] › navigation-tests.spec.ts:24:9 › 🗺️ Page Navigation Tests - Phase 3 › 🌐 Public Pages Navigation › ✅ Navigate from homepage to venues 

    Error: expect(locator).toBeVisible() failed

    Locator: locator('a[href="/venues"], a:has-text("Venues")')
    Expected: visible
    Error: strict mode violation: locator('a[href="/venues"], a:has-text("Venues")') resolved to 2 elements:
        1) <a href="/venues" class="text-gray-700 hover:text-rose-500 dark:text-gray-300 dark:hover:text-rose-400 font-medium transition-colors">Venues</a> aka getByRole('navigation').getByRole('link', { name: 'Venues' })
        2) <a href="/venues" class="hover:text-white transition-colors">Venues</a> aka getByRole('main').getByRole('link', { name: 'Venues' })

    Call log:
      - Expect "toBeVisible" with timeout 30000ms
      - waiting for locator('a[href="/venues"], a:has-text("Venues")')


      27 |       // Find and click venues link
      28 |       const venuesLink = page.locator('a[href="/venues"], a:has-text("Venues")')
    > 29 |       await expect(venuesLink).toBeVisible()
         |                                ^
      30 |       await venuesLink.first().click()
      31 |       
      32 |       await expect(page).toHaveURL(/\/venues/)
        at /Users/asithalakmal/Documents/web/final project/WeddingLK-next copy/tests/e2e/navigation-tests.spec.ts:29:32

    attachment #1: screenshot (image/png) ──────────────────────────────────────────────────────────
    ../../test-results/navigation-tests-🗺️-Page--f062f-ate-from-homepage-to-venues-chromium/test-failed-1.png
    ────────────────────────────────────────────────────────────────────────────────────────────────

    attachment #2: video (video/webm) ──────────────────────────────────────────────────────────────
    ../../test-results/navigation-tests-🗺️-Page--f062f-ate-from-homepage-to-venues-chromium/video.webm
    ────────────────────────────────────────────────────────────────────────────────────────────────

    Error Context: ../../test-results/navigation-tests-🗺️-Page--f062f-ate-from-homepage-to-venues-chromium/error-context.md
]]>
</failure>
<system-out>
<![CDATA[
[[ATTACHMENT|test-results/navigation-tests-🗺️-Page--f062f-ate-from-homepage-to-venues-chromium/test-failed-1.png]]

[[ATTACHMENT|test-results/navigation-tests-🗺️-Page--f062f-ate-from-homepage-to-venues-chromium/video.webm]]

[[ATTACHMENT|test-results/navigation-tests-🗺️-Page--f062f-ate-from-homepage-to-venues-chromium/error-context.md]]
]]>
</system-out>
</testcase>
<testcase name="🗺️ Page Navigation Tests - Phase 3 › 🌐 Public Pages Navigation › ✅ Navigate from homepage to vendors" classname="navigation-tests.spec.ts" time="19.332">
<failure message="navigation-tests.spec.ts:35:9 ✅ Navigate from homepage to vendors" type="FAILURE">
<![CDATA[  [chromium] › navigation-tests.spec.ts:35:9 › 🗺️ Page Navigation Tests - Phase 3 › 🌐 Public Pages Navigation › ✅ Navigate from homepage to vendors 

    Error: expect(locator).toBeVisible() failed

    Locator: locator('a[href="/vendors"], a:has-text("Vendors")')
    Expected: visible
    Error: strict mode violation: locator('a[href="/vendors"], a:has-text("Vendors")') resolved to 2 elements:
        1) <a href="/vendors" class="text-gray-700 hover:text-rose-500 dark:text-gray-300 dark:hover:text-rose-400 font-medium transition-colors">Vendors</a> aka getByRole('navigation').getByRole('link', { name: 'Vendors' })
        2) <a href="/vendors" class="hover:text-white transition-colors">Vendors</a> aka getByRole('main').getByRole('link', { name: 'Vendors' })

    Call log:
      - Expect "toBeVisible" with timeout 30000ms
      - waiting for locator('a[href="/vendors"], a:has-text("Vendors")')


      37 |       
      38 |       const vendorsLink = page.locator('a[href="/vendors"], a:has-text("Vendors")')
    > 39 |       await expect(vendorsLink).toBeVisible()
         |                                 ^
      40 |       await vendorsLink.first().click()
      41 |       
      42 |       await expect(page).toHaveURL(/\/vendors/)
        at /Users/asithalakmal/Documents/web/final project/WeddingLK-next copy/tests/e2e/navigation-tests.spec.ts:39:33

    attachment #1: screenshot (image/png) ──────────────────────────────────────────────────────────
    ../../test-results/navigation-tests-🗺️-Page--dc54b-te-from-homepage-to-vendors-chromium/test-failed-1.png
    ────────────────────────────────────────────────────────────────────────────────────────────────

    attachment #2: video (video/webm) ──────────────────────────────────────────────────────────────
    ../../test-results/navigation-tests-🗺️-Page--dc54b-te-from-homepage-to-vendors-chromium/video.webm
    ────────────────────────────────────────────────────────────────────────────────────────────────

    Error Context: ../../test-results/navigation-tests-🗺️-Page--dc54b-te-from-homepage-to-vendors-chromium/error-context.md
]]>
</failure>
<system-out>
<![CDATA[
[[ATTACHMENT|test-results/navigation-tests-🗺️-Page--dc54b-te-from-homepage-to-vendors-chromium/test-failed-1.png]]

[[ATTACHMENT|test-results/navigation-tests-🗺️-Page--dc54b-te-from-homepage-to-vendors-chromium/video.webm]]

[[ATTACHMENT|test-results/navigation-tests-🗺️-Page--dc54b-te-from-homepage-to-vendors-chromium/error-context.md]]
]]>
</system-out>
</testcase>
<testcase name="🗺️ Page Navigation Tests - Phase 3 › 🌐 Public Pages Navigation › ✅ Navigate from homepage to about" classname="navigation-tests.spec.ts" time="12.968">
<failure message="navigation-tests.spec.ts:45:9 ✅ Navigate from homepage to about" type="FAILURE">
<![CDATA[  [chromium] › navigation-tests.spec.ts:45:9 › 🗺️ Page Navigation Tests - Phase 3 › 🌐 Public Pages Navigation › ✅ Navigate from homepage to about 

    Error: expect(locator).toBeVisible() failed

    Locator: locator('a[href="/about"], a:has-text("About")')
    Expected: visible
    Error: strict mode violation: locator('a[href="/about"], a:has-text("About")') resolved to 2 elements:
        1) <a href="/about" class="text-gray-700 hover:text-rose-500 dark:text-gray-300 dark:hover:text-rose-400 font-medium transition-colors">About</a> aka getByRole('navigation').getByRole('link', { name: 'About' })
        2) <a href="/about" class="hover:text-white transition-colors">About</a> aka getByRole('main').getByRole('link', { name: 'About' })

    Call log:
      - Expect "toBeVisible" with timeout 30000ms
      - waiting for locator('a[href="/about"], a:has-text("About")')


      47 |       
      48 |       const aboutLink = page.locator('a[href="/about"], a:has-text("About")')
    > 49 |       await expect(aboutLink).toBeVisible()
         |                               ^
      50 |       await aboutLink.first().click()
      51 |       
      52 |       await expect(page).toHaveURL(/\/about/)
        at /Users/asithalakmal/Documents/web/final project/WeddingLK-next copy/tests/e2e/navigation-tests.spec.ts:49:31

    attachment #1: screenshot (image/png) ──────────────────────────────────────────────────────────
    ../../test-results/navigation-tests-🗺️-Page--cb748-gate-from-homepage-to-about-chromium/test-failed-1.png
    ────────────────────────────────────────────────────────────────────────────────────────────────

    attachment #2: video (video/webm) ──────────────────────────────────────────────────────────────
    ../../test-results/navigation-tests-🗺️-Page--cb748-gate-from-homepage-to-about-chromium/video.webm
    ────────────────────────────────────────────────────────────────────────────────────────────────

    Error Context: ../../test-results/navigation-tests-🗺️-Page--cb748-gate-from-homepage-to-about-chromium/error-context.md
]]>
</failure>
<system-out>
<![CDATA[
[[ATTACHMENT|test-results/navigation-tests-🗺️-Page--cb748-gate-from-homepage-to-about-chromium/test-failed-1.png]]

[[ATTACHMENT|test-results/navigation-tests-🗺️-Page--cb748-gate-from-homepage-to-about-chromium/video.webm]]

[[ATTACHMENT|test-results/navigation-tests-🗺️-Page--cb748-gate-from-homepage-to-about-chromium/error-context.md]]
]]>
</system-out>
</testcase>
<testcase name="🗺️ Page Navigation Tests - Phase 3 › 🌐 Public Pages Navigation › ✅ Navigate from homepage to contact" classname="navigation-tests.spec.ts" time="6.936">
<failure message="navigation-tests.spec.ts:55:9 ✅ Navigate from homepage to contact" type="FAILURE">
<![CDATA[  [chromium] › navigation-tests.spec.ts:55:9 › 🗺️ Page Navigation Tests - Phase 3 › 🌐 Public Pages Navigation › ✅ Navigate from homepage to contact 

    Error: locator.isVisible: Error: strict mode violation: locator('a[href="/contact"], a:has-text("Contact")') resolved to 2 elements:
        1) <a href="/contact" class="inline-flex items-center justify-center gap-2 whitespace-nowrap text-sm font-medium ring-offset-background transition-colors focus-visible:outline-none focus-visible:ring-2 focus-visible:ring-ring focus-visible:ring-offset-2 disabled:pointer-events-none disabled:opacity-50 [&_svg]:pointer-events-none [&_svg]:size-4 [&_svg]:shrink-0 border h-11 rounded-md px-8 border-white/30 text-gray-600 hover:bg-white/10 hover:text-gray-600 backdrop-blur-sm bg-white/90">Contact Us</a> aka getByRole('link', { name: 'Contact Us' })
        2) <a href="/contact" class="hover:text-white transition-colors">Contact</a> aka getByRole('link', { name: 'Contact', exact: true })

    Call log:
        - checking visibility of locator('a[href="/contact"], a:has-text("Contact")')


      57 |       
      58 |       const contactLink = page.locator('a[href="/contact"], a:has-text("Contact")')
    > 59 |       if (await contactLink.isVisible()) {
         |                             ^
      60 |         await contactLink.first().click()
      61 |         await expect(page).toHaveURL(/\/contact/)
      62 |       }
        at /Users/asithalakmal/Documents/web/final project/WeddingLK-next copy/tests/e2e/navigation-tests.spec.ts:59:29

    attachment #1: screenshot (image/png) ──────────────────────────────────────────────────────────
    ../../test-results/navigation-tests-🗺️-Page--b9f03-te-from-homepage-to-contact-chromium/test-failed-1.png
    ────────────────────────────────────────────────────────────────────────────────────────────────

    attachment #2: video (video/webm) ──────────────────────────────────────────────────────────────
    ../../test-results/navigation-tests-🗺️-Page--b9f03-te-from-homepage-to-contact-chromium/video.webm
    ────────────────────────────────────────────────────────────────────────────────────────────────

    Error Context: ../../test-results/navigation-tests-🗺️-Page--b9f03-te-from-homepage-to-contact-chromium/error-context.md
]]>
</failure>
<system-out>
<![CDATA[
[[ATTACHMENT|test-results/navigation-tests-🗺️-Page--b9f03-te-from-homepage-to-contact-chromium/test-failed-1.png]]

[[ATTACHMENT|test-results/navigation-tests-🗺️-Page--b9f03-te-from-homepage-to-contact-chromium/video.webm]]

[[ATTACHMENT|test-results/navigation-tests-🗺️-Page--b9f03-te-from-homepage-to-contact-chromium/error-context.md]]
]]>
</system-out>
</testcase>
<testcase name="🗺️ Page Navigation Tests - Phase 3 › 🌐 Public Pages Navigation › ✅ Navigate from homepage to login" classname="navigation-tests.spec.ts" time="5.499">
</testcase>
<testcase name="🗺️ Page Navigation Tests - Phase 3 › 🌐 Public Pages Navigation › ✅ Navigate from homepage to register" classname="navigation-tests.spec.ts" time="18.189">
</testcase>
<testcase name="🗺️ Page Navigation Tests - Phase 3 › 🌐 Public Pages Navigation › ✅ Navigate from login to register" classname="navigation-tests.spec.ts" time="11.314">
</testcase>
<testcase name="🗺️ Page Navigation Tests - Phase 3 › 🌐 Public Pages Navigation › ✅ Navigate from register to login" classname="navigation-tests.spec.ts" time="10.444">
</testcase>
<testcase name="🗺️ Page Navigation Tests - Phase 3 › 🌐 Public Pages Navigation › ✅ Navigate to venues list" classname="navigation-tests.spec.ts" time="7.748">
</testcase>
<testcase name="🗺️ Page Navigation Tests - Phase 3 › 🌐 Public Pages Navigation › ✅ Navigate to vendors list" classname="navigation-tests.spec.ts" time="3.705">
</testcase>
<testcase name="🗺️ Page Navigation Tests - Phase 3 › 📊 Dashboard Navigation (Authenticated) › ✅ User dashboard loads with sidebar" classname="navigation-tests.spec.ts" time="19.248">
<failure message="navigation-tests.spec.ts:125:9 ✅ User dashboard loads with sidebar" type="FAILURE">
<![CDATA[  [chromium] › navigation-tests.spec.ts:125:9 › 🗺️ Page Navigation Tests - Phase 3 › 📊 Dashboard Navigation (Authenticated) › ✅ User dashboard loads with sidebar 

    TimeoutError: page.waitForURL: Timeout 10000ms exceeded.
    =========================== logs ===========================
    waiting for navigation until "load"
    ============================================================

      12 |   await page.fill('input[name="password"]', password)
      13 |   await page.click('button[type="submit"]')
    > 14 |   await page.waitForURL(/\/dashboard/, { timeout: 10000 })
         |              ^
      15 | }
      16 |
      17 | test.describe('🗺️ Page Navigation Tests - Phase 3', () => {
        at login (/Users/asithalakmal/Documents/web/final project/WeddingLK-next copy/tests/e2e/navigation-tests.spec.ts:14:14)
        at /Users/asithalakmal/Documents/web/final project/WeddingLK-next copy/tests/e2e/navigation-tests.spec.ts:122:7

    attachment #1: screenshot (image/png) ──────────────────────────────────────────────────────────
    ../../test-results/navigation-tests-🗺️-Page--d46c5-ashboard-loads-with-sidebar-chromium/test-failed-1.png
    ────────────────────────────────────────────────────────────────────────────────────────────────

    attachment #2: video (video/webm) ──────────────────────────────────────────────────────────────
    ../../test-results/navigation-tests-🗺️-Page--d46c5-ashboard-loads-with-sidebar-chromium/video.webm
    ────────────────────────────────────────────────────────────────────────────────────────────────

    Error Context: ../../test-results/navigation-tests-🗺️-Page--d46c5-ashboard-loads-with-sidebar-chromium/error-context.md
]]>
</failure>
<system-out>
<![CDATA[
[[ATTACHMENT|test-results/navigation-tests-🗺️-Page--d46c5-ashboard-loads-with-sidebar-chromium/test-failed-1.png]]

[[ATTACHMENT|test-results/navigation-tests-🗺️-Page--d46c5-ashboard-loads-with-sidebar-chromium/video.webm]]

[[ATTACHMENT|test-results/navigation-tests-🗺️-Page--d46c5-ashboard-loads-with-sidebar-chromium/error-context.md]]
]]>
</system-out>
</testcase>
<testcase name="🗺️ Page Navigation Tests - Phase 3 › 📊 Dashboard Navigation (Authenticated) › ✅ Navigate to dashboard &gt; profile" classname="navigation-tests.spec.ts" time="17.131">
<failure message="navigation-tests.spec.ts:133:9 ✅ Navigate to dashboard &gt; profile" type="FAILURE">
<![CDATA[  [chromium] › navigation-tests.spec.ts:133:9 › 🗺️ Page Navigation Tests - Phase 3 › 📊 Dashboard Navigation (Authenticated) › ✅ Navigate to dashboard > profile 

    TimeoutError: page.waitForURL: Timeout 10000ms exceeded.
    =========================== logs ===========================
    waiting for navigation until "load"
    ============================================================

      12 |   await page.fill('input[name="password"]', password)
      13 |   await page.click('button[type="submit"]')
    > 14 |   await page.waitForURL(/\/dashboard/, { timeout: 10000 })
         |              ^
      15 | }
      16 |
      17 | test.describe('🗺️ Page Navigation Tests - Phase 3', () => {
        at login (/Users/asithalakmal/Documents/web/final project/WeddingLK-next copy/tests/e2e/navigation-tests.spec.ts:14:14)
        at /Users/asithalakmal/Documents/web/final project/WeddingLK-next copy/tests/e2e/navigation-tests.spec.ts:122:7

    attachment #1: screenshot (image/png) ──────────────────────────────────────────────────────────
    ../../test-results/navigation-tests-🗺️-Page--7ef70-vigate-to-dashboard-profile-chromium/test-failed-1.png
    ────────────────────────────────────────────────────────────────────────────────────────────────

    attachment #2: video (video/webm) ──────────────────────────────────────────────────────────────
    ../../test-results/navigation-tests-🗺️-Page--7ef70-vigate-to-dashboard-profile-chromium/video.webm
    ────────────────────────────────────────────────────────────────────────────────────────────────

    Error Context: ../../test-results/navigation-tests-🗺️-Page--7ef70-vigate-to-dashboard-profile-chromium/error-context.md
]]>
</failure>
<system-out>
<![CDATA[
[[ATTACHMENT|test-results/navigation-tests-🗺️-Page--7ef70-vigate-to-dashboard-profile-chromium/test-failed-1.png]]

[[ATTACHMENT|test-results/navigation-tests-🗺️-Page--7ef70-vigate-to-dashboard-profile-chromium/video.webm]]

[[ATTACHMENT|test-results/navigation-tests-🗺️-Page--7ef70-vigate-to-dashboard-profile-chromium/error-context.md]]
]]>
</system-out>
</testcase>
<testcase name="🗺️ Page Navigation Tests - Phase 3 › 📊 Dashboard Navigation (Authenticated) › ✅ Navigate to dashboard &gt; bookings" classname="navigation-tests.spec.ts" time="17.788">
<failure message="navigation-tests.spec.ts:142:9 ✅ Navigate to dashboard &gt; bookings" type="FAILURE">
<![CDATA[  [chromium] › navigation-tests.spec.ts:142:9 › 🗺️ Page Navigation Tests - Phase 3 › 📊 Dashboard Navigation (Authenticated) › ✅ Navigate to dashboard > bookings 

    TimeoutError: page.waitForURL: Timeout 10000ms exceeded.
    =========================== logs ===========================
    waiting for navigation until "load"
    ============================================================

      12 |   await page.fill('input[name="password"]', password)
      13 |   await page.click('button[type="submit"]')
    > 14 |   await page.waitForURL(/\/dashboard/, { timeout: 10000 })
         |              ^
      15 | }
      16 |
      17 | test.describe('🗺️ Page Navigation Tests - Phase 3', () => {
        at login (/Users/asithalakmal/Documents/web/final project/WeddingLK-next copy/tests/e2e/navigation-tests.spec.ts:14:14)
        at /Users/asithalakmal/Documents/web/final project/WeddingLK-next copy/tests/e2e/navigation-tests.spec.ts:122:7

    attachment #1: screenshot (image/png) ──────────────────────────────────────────────────────────
    ../../test-results/navigation-tests-🗺️-Page--a92bb-igate-to-dashboard-bookings-chromium/test-failed-1.png
    ────────────────────────────────────────────────────────────────────────────────────────────────

    attachment #2: video (video/webm) ──────────────────────────────────────────────────────────────
    ../../test-results/navigation-tests-🗺️-Page--a92bb-igate-to-dashboard-bookings-chromium/video.webm
    ────────────────────────────────────────────────────────────────────────────────────────────────

    Error Context: ../../test-results/navigation-tests-🗺️-Page--a92bb-igate-to-dashboard-bookings-chromium/error-context.md
]]>
</failure>
<system-out>
<![CDATA[
[[ATTACHMENT|test-results/navigation-tests-🗺️-Page--a92bb-igate-to-dashboard-bookings-chromium/test-failed-1.png]]

[[ATTACHMENT|test-results/navigation-tests-🗺️-Page--a92bb-igate-to-dashboard-bookings-chromium/video.webm]]

[[ATTACHMENT|test-results/navigation-tests-🗺️-Page--a92bb-igate-to-dashboard-bookings-chromium/error-context.md]]
]]>
</system-out>
</testcase>
<testcase name="🗺️ Page Navigation Tests - Phase 3 › 📊 Dashboard Navigation (Authenticated) › ✅ Navigate to dashboard &gt; favorites" classname="navigation-tests.spec.ts" time="20.288">
<failure message="navigation-tests.spec.ts:151:9 ✅ Navigate to dashboard &gt; favorites" type="FAILURE">
<![CDATA[  [chromium] › navigation-tests.spec.ts:151:9 › 🗺️ Page Navigation Tests - Phase 3 › 📊 Dashboard Navigation (Authenticated) › ✅ Navigate to dashboard > favorites 

    TimeoutError: page.waitForURL: Timeout 10000ms exceeded.
    =========================== logs ===========================
    waiting for navigation until "load"
    ============================================================

      12 |   await page.fill('input[name="password"]', password)
      13 |   await page.click('button[type="submit"]')
    > 14 |   await page.waitForURL(/\/dashboard/, { timeout: 10000 })
         |              ^
      15 | }
      16 |
      17 | test.describe('🗺️ Page Navigation Tests - Phase 3', () => {
        at login (/Users/asithalakmal/Documents/web/final project/WeddingLK-next copy/tests/e2e/navigation-tests.spec.ts:14:14)
        at /Users/asithalakmal/Documents/web/final project/WeddingLK-next copy/tests/e2e/navigation-tests.spec.ts:122:7

    attachment #1: screenshot (image/png) ──────────────────────────────────────────────────────────
    ../../test-results/navigation-tests-🗺️-Page--143bd-gate-to-dashboard-favorites-chromium/test-failed-1.png
    ────────────────────────────────────────────────────────────────────────────────────────────────

    attachment #2: video (video/webm) ──────────────────────────────────────────────────────────────
    ../../test-results/navigation-tests-🗺️-Page--143bd-gate-to-dashboard-favorites-chromium/video.webm
    ────────────────────────────────────────────────────────────────────────────────────────────────

    Error Context: ../../test-results/navigation-tests-🗺️-Page--143bd-gate-to-dashboard-favorites-chromium/error-context.md
]]>
</failure>
<system-out>
<![CDATA[
[[ATTACHMENT|test-results/navigation-tests-🗺️-Page--143bd-gate-to-dashboard-favorites-chromium/test-failed-1.png]]

[[ATTACHMENT|test-results/navigation-tests-🗺️-Page--143bd-gate-to-dashboard-favorites-chromium/video.webm]]

[[ATTACHMENT|test-results/navigation-tests-🗺️-Page--143bd-gate-to-dashboard-favorites-chromium/error-context.md]]
]]>
</system-out>
</testcase>
<testcase name="🗺️ Page Navigation Tests - Phase 3 › 📊 Dashboard Navigation (Authenticated) › ✅ Navigate to dashboard &gt; settings" classname="navigation-tests.spec.ts" time="17.248">
<failure message="navigation-tests.spec.ts:160:9 ✅ Navigate to dashboard &gt; settings" type="FAILURE">
<![CDATA[  [chromium] › navigation-tests.spec.ts:160:9 › 🗺️ Page Navigation Tests - Phase 3 › 📊 Dashboard Navigation (Authenticated) › ✅ Navigate to dashboard > settings 

    TimeoutError: page.waitForURL: Timeout 10000ms exceeded.
    =========================== logs ===========================
    waiting for navigation until "load"
    ============================================================

      12 |   await page.fill('input[name="password"]', password)
      13 |   await page.click('button[type="submit"]')
    > 14 |   await page.waitForURL(/\/dashboard/, { timeout: 10000 })
         |              ^
      15 | }
      16 |
      17 | test.describe('🗺️ Page Navigation Tests - Phase 3', () => {
        at login (/Users/asithalakmal/Documents/web/final project/WeddingLK-next copy/tests/e2e/navigation-tests.spec.ts:14:14)
        at /Users/asithalakmal/Documents/web/final project/WeddingLK-next copy/tests/e2e/navigation-tests.spec.ts:122:7

    attachment #1: screenshot (image/png) ──────────────────────────────────────────────────────────
    ../../test-results/navigation-tests-🗺️-Page--cbfd7-igate-to-dashboard-settings-chromium/test-failed-1.png
    ────────────────────────────────────────────────────────────────────────────────────────────────

    attachment #2: video (video/webm) ──────────────────────────────────────────────────────────────
    ../../test-results/navigation-tests-🗺️-Page--cbfd7-igate-to-dashboard-settings-chromium/video.webm
    ────────────────────────────────────────────────────────────────────────────────────────────────

    Error Context: ../../test-results/navigation-tests-🗺️-Page--cbfd7-igate-to-dashboard-settings-chromium/error-context.md
]]>
</failure>
<system-out>
<![CDATA[
[[ATTACHMENT|test-results/navigation-tests-🗺️-Page--cbfd7-igate-to-dashboard-settings-chromium/test-failed-1.png]]

[[ATTACHMENT|test-results/navigation-tests-🗺️-Page--cbfd7-igate-to-dashboard-settings-chromium/video.webm]]

[[ATTACHMENT|test-results/navigation-tests-🗺️-Page--cbfd7-igate-to-dashboard-settings-chromium/error-context.md]]
]]>
</system-out>
</testcase>
<testcase name="🗺️ Page Navigation Tests - Phase 3 › 📊 Dashboard Navigation (Authenticated) › ✅ Navigate back to homepage from dashboard" classname="navigation-tests.spec.ts" time="20.597">
<failure message="navigation-tests.spec.ts:169:9 ✅ Navigate back to homepage from dashboard" type="FAILURE">
<![CDATA[  [chromium] › navigation-tests.spec.ts:169:9 › 🗺️ Page Navigation Tests - Phase 3 › 📊 Dashboard Navigation (Authenticated) › ✅ Navigate back to homepage from dashboard 

    TimeoutError: page.waitForURL: Timeout 10000ms exceeded.
    =========================== logs ===========================
    waiting for navigation until "load"
    ============================================================

      12 |   await page.fill('input[name="password"]', password)
      13 |   await page.click('button[type="submit"]')
    > 14 |   await page.waitForURL(/\/dashboard/, { timeout: 10000 })
         |              ^
      15 | }
      16 |
      17 | test.describe('🗺️ Page Navigation Tests - Phase 3', () => {
        at login (/Users/asithalakmal/Documents/web/final project/WeddingLK-next copy/tests/e2e/navigation-tests.spec.ts:14:14)
        at /Users/asithalakmal/Documents/web/final project/WeddingLK-next copy/tests/e2e/navigation-tests.spec.ts:122:7

    attachment #1: screenshot (image/png) ──────────────────────────────────────────────────────────
    ../../test-results/navigation-tests-🗺️-Page--564ff--to-homepage-from-dashboard-chromium/test-failed-1.png
    ────────────────────────────────────────────────────────────────────────────────────────────────

    attachment #2: video (video/webm) ──────────────────────────────────────────────────────────────
    ../../test-results/navigation-tests-🗺️-Page--564ff--to-homepage-from-dashboard-chromium/video.webm
    ────────────────────────────────────────────────────────────────────────────────────────────────

    Error Context: ../../test-results/navigation-tests-🗺️-Page--564ff--to-homepage-from-dashboard-chromium/error-context.md
]]>
</failure>
<system-out>
<![CDATA[
[[ATTACHMENT|test-results/navigation-tests-🗺️-Page--564ff--to-homepage-from-dashboard-chromium/test-failed-1.png]]

[[ATTACHMENT|test-results/navigation-tests-🗺️-Page--564ff--to-homepage-from-dashboard-chromium/video.webm]]

[[ATTACHMENT|test-results/navigation-tests-🗺️-Page--564ff--to-homepage-from-dashboard-chromium/error-context.md]]
]]>
</system-out>
</testcase>
<testcase name="🗺️ Page Navigation Tests - Phase 3 › 🏢 Vendor Dashboard Navigation › ✅ Vendor dashboard loads" classname="navigation-tests.spec.ts" time="19.001">
<failure message="navigation-tests.spec.ts:188:9 ✅ Vendor dashboard loads" type="FAILURE">
<![CDATA[  [chromium] › navigation-tests.spec.ts:188:9 › 🗺️ Page Navigation Tests - Phase 3 › 🏢 Vendor Dashboard Navigation › ✅ Vendor dashboard loads 

    TimeoutError: page.waitForURL: Timeout 10000ms exceeded.
    =========================== logs ===========================
    waiting for navigation until "load"
    ============================================================

      12 |   await page.fill('input[name="password"]', password)
      13 |   await page.click('button[type="submit"]')
    > 14 |   await page.waitForURL(/\/dashboard/, { timeout: 10000 })
         |              ^
      15 | }
      16 |
      17 | test.describe('🗺️ Page Navigation Tests - Phase 3', () => {
        at login (/Users/asithalakmal/Documents/web/final project/WeddingLK-next copy/tests/e2e/navigation-tests.spec.ts:14:14)
        at /Users/asithalakmal/Documents/web/final project/WeddingLK-next copy/tests/e2e/navigation-tests.spec.ts:185:7

    attachment #1: screenshot (image/png) ──────────────────────────────────────────────────────────
    ../../test-results/navigation-tests-🗺️-Page--024da-on-✅-Vendor-dashboard-loads-chromium/test-failed-1.png
    ────────────────────────────────────────────────────────────────────────────────────────────────

    attachment #2: video (video/webm) ──────────────────────────────────────────────────────────────
    ../../test-results/navigation-tests-🗺️-Page--024da-on-✅-Vendor-dashboard-loads-chromium/video.webm
    ────────────────────────────────────────────────────────────────────────────────────────────────

    Error Context: ../../test-results/navigation-tests-🗺️-Page--024da-on-✅-Vendor-dashboard-loads-chromium/error-context.md
]]>
</failure>
<system-out>
<![CDATA[
[[ATTACHMENT|test-results/navigation-tests-🗺️-Page--024da-on-✅-Vendor-dashboard-loads-chromium/test-failed-1.png]]

[[ATTACHMENT|test-results/navigation-tests-🗺️-Page--024da-on-✅-Vendor-dashboard-loads-chromium/video.webm]]

[[ATTACHMENT|test-results/navigation-tests-🗺️-Page--024da-on-✅-Vendor-dashboard-loads-chromium/error-context.md]]
]]>
</system-out>
</testcase>
<testcase name="🗺️ Page Navigation Tests - Phase 3 › 🏢 Vendor Dashboard Navigation › ✅ Navigate vendor dashboard &gt; services" classname="navigation-tests.spec.ts" time="21.555">
<failure message="navigation-tests.spec.ts:198:9 ✅ Navigate vendor dashboard &gt; services" type="FAILURE">
<![CDATA[  [chromium] › navigation-tests.spec.ts:198:9 › 🗺️ Page Navigation Tests - Phase 3 › 🏢 Vendor Dashboard Navigation › ✅ Navigate vendor dashboard > services 

    TimeoutError: page.waitForURL: Timeout 10000ms exceeded.
    =========================== logs ===========================
    waiting for navigation until "load"
    ============================================================

      12 |   await page.fill('input[name="password"]', password)
      13 |   await page.click('button[type="submit"]')
    > 14 |   await page.waitForURL(/\/dashboard/, { timeout: 10000 })
         |              ^
      15 | }
      16 |
      17 | test.describe('🗺️ Page Navigation Tests - Phase 3', () => {
        at login (/Users/asithalakmal/Documents/web/final project/WeddingLK-next copy/tests/e2e/navigation-tests.spec.ts:14:14)
        at /Users/asithalakmal/Documents/web/final project/WeddingLK-next copy/tests/e2e/navigation-tests.spec.ts:185:7

    attachment #1: screenshot (image/png) ──────────────────────────────────────────────────────────
    ../../test-results/navigation-tests-🗺️-Page--95377-e-vendor-dashboard-services-chromium/test-failed-1.png
    ────────────────────────────────────────────────────────────────────────────────────────────────

    attachment #2: video (video/webm) ──────────────────────────────────────────────────────────────
    ../../test-results/navigation-tests-🗺️-Page--95377-e-vendor-dashboard-services-chromium/video.webm
    ────────────────────────────────────────────────────────────────────────────────────────────────

    Error Context: ../../test-results/navigation-tests-🗺️-Page--95377-e-vendor-dashboard-services-chromium/error-context.md
]]>
</failure>
<system-out>
<![CDATA[
[[ATTACHMENT|test-results/navigation-tests-🗺️-Page--95377-e-vendor-dashboard-services-chromium/test-failed-1.png]]

[[ATTACHMENT|test-results/navigation-tests-🗺️-Page--95377-e-vendor-dashboard-services-chromium/video.webm]]

[[ATTACHMENT|test-results/navigation-tests-🗺️-Page--95377-e-vendor-dashboard-services-chromium/error-context.md]]
]]>
</system-out>
</testcase>
<testcase name="🗺️ Page Navigation Tests - Phase 3 › 🏢 Vendor Dashboard Navigation › ✅ Navigate vendor dashboard &gt; bookings" classname="navigation-tests.spec.ts" time="18.496">
<failure message="navigation-tests.spec.ts:207:9 ✅ Navigate vendor dashboard &gt; bookings" type="FAILURE">
<![CDATA[  [chromium] › navigation-tests.spec.ts:207:9 › 🗺️ Page Navigation Tests - Phase 3 › 🏢 Vendor Dashboard Navigation › ✅ Navigate vendor dashboard > bookings 

    TimeoutError: page.waitForURL: Timeout 10000ms exceeded.
    =========================== logs ===========================
    waiting for navigation until "load"
    ============================================================

      12 |   await page.fill('input[name="password"]', password)
      13 |   await page.click('button[type="submit"]')
    > 14 |   await page.waitForURL(/\/dashboard/, { timeout: 10000 })
         |              ^
      15 | }
      16 |
      17 | test.describe('🗺️ Page Navigation Tests - Phase 3', () => {
        at login (/Users/asithalakmal/Documents/web/final project/WeddingLK-next copy/tests/e2e/navigation-tests.spec.ts:14:14)
        at /Users/asithalakmal/Documents/web/final project/WeddingLK-next copy/tests/e2e/navigation-tests.spec.ts:185:7

    attachment #1: screenshot (image/png) ──────────────────────────────────────────────────────────
    ../../test-results/navigation-tests-🗺️-Page--114fc-e-vendor-dashboard-bookings-chromium/test-failed-1.png
    ────────────────────────────────────────────────────────────────────────────────────────────────

    attachment #2: video (video/webm) ──────────────────────────────────────────────────────────────
    ../../test-results/navigation-tests-🗺️-Page--114fc-e-vendor-dashboard-bookings-chromium/video.webm
    ────────────────────────────────────────────────────────────────────────────────────────────────

    Error Context: ../../test-results/navigation-tests-🗺️-Page--114fc-e-vendor-dashboard-bookings-chromium/error-context.md
]]>
</failure>
<system-out>
<![CDATA[
[[ATTACHMENT|test-results/navigation-tests-🗺️-Page--114fc-e-vendor-dashboard-bookings-chromium/test-failed-1.png]]

[[ATTACHMENT|test-results/navigation-tests-🗺️-Page--114fc-e-vendor-dashboard-bookings-chromium/video.webm]]

[[ATTACHMENT|test-results/navigation-tests-🗺️-Page--114fc-e-vendor-dashboard-bookings-chromium/error-context.md]]
]]>
</system-out>
</testcase>
<testcase name="🗺️ Page Navigation Tests - Phase 3 › 🏢 Vendor Dashboard Navigation › ✅ Navigate vendor dashboard &gt; profile" classname="navigation-tests.spec.ts" time="17.152">
<failure message="navigation-tests.spec.ts:216:9 ✅ Navigate vendor dashboard &gt; profile" type="FAILURE">
<![CDATA[  [chromium] › navigation-tests.spec.ts:216:9 › 🗺️ Page Navigation Tests - Phase 3 › 🏢 Vendor Dashboard Navigation › ✅ Navigate vendor dashboard > profile 

    TimeoutError: page.waitForURL: Timeout 10000ms exceeded.
    =========================== logs ===========================
    waiting for navigation until "load"
    ============================================================

      12 |   await page.fill('input[name="password"]', password)
      13 |   await page.click('button[type="submit"]')
    > 14 |   await page.waitForURL(/\/dashboard/, { timeout: 10000 })
         |              ^
      15 | }
      16 |
      17 | test.describe('🗺️ Page Navigation Tests - Phase 3', () => {
        at login (/Users/asithalakmal/Documents/web/final project/WeddingLK-next copy/tests/e2e/navigation-tests.spec.ts:14:14)
        at /Users/asithalakmal/Documents/web/final project/WeddingLK-next copy/tests/e2e/navigation-tests.spec.ts:185:7

    attachment #1: screenshot (image/png) ──────────────────────────────────────────────────────────
    ../../test-results/navigation-tests-🗺️-Page--5bbad-te-vendor-dashboard-profile-chromium/test-failed-1.png
    ────────────────────────────────────────────────────────────────────────────────────────────────

    attachment #2: video (video/webm) ──────────────────────────────────────────────────────────────
    ../../test-results/navigation-tests-🗺️-Page--5bbad-te-vendor-dashboard-profile-chromium/video.webm
    ────────────────────────────────────────────────────────────────────────────────────────────────

    Error Context: ../../test-results/navigation-tests-🗺️-Page--5bbad-te-vendor-dashboard-profile-chromium/error-context.md
]]>
</failure>
<system-out>
<![CDATA[
[[ATTACHMENT|test-results/navigation-tests-🗺️-Page--5bbad-te-vendor-dashboard-profile-chromium/test-failed-1.png]]

[[ATTACHMENT|test-results/navigation-tests-🗺️-Page--5bbad-te-vendor-dashboard-profile-chromium/video.webm]]

[[ATTACHMENT|test-results/navigation-tests-🗺️-Page--5bbad-te-vendor-dashboard-profile-chromium/error-context.md]]
]]>
</system-out>
</testcase>
<testcase name="🗺️ Page Navigation Tests - Phase 3 › 👑 Admin Dashboard Navigation › ✅ Admin dashboard loads" classname="navigation-tests.spec.ts" time="18.782">
<failure message="navigation-tests.spec.ts:235:9 ✅ Admin dashboard loads" type="FAILURE">
<![CDATA[  [chromium] › navigation-tests.spec.ts:235:9 › 🗺️ Page Navigation Tests - Phase 3 › 👑 Admin Dashboard Navigation › ✅ Admin dashboard loads 

    TimeoutError: page.waitForURL: Timeout 10000ms exceeded.
    =========================== logs ===========================
    waiting for navigation until "load"
    ============================================================

      12 |   await page.fill('input[name="password"]', password)
      13 |   await page.click('button[type="submit"]')
    > 14 |   await page.waitForURL(/\/dashboard/, { timeout: 10000 })
         |              ^
      15 | }
      16 |
      17 | test.describe('🗺️ Page Navigation Tests - Phase 3', () => {
        at login (/Users/asithalakmal/Documents/web/final project/WeddingLK-next copy/tests/e2e/navigation-tests.spec.ts:14:14)
        at /Users/asithalakmal/Documents/web/final project/WeddingLK-next copy/tests/e2e/navigation-tests.spec.ts:232:7

    attachment #1: screenshot (image/png) ──────────────────────────────────────────────────────────
    ../../test-results/navigation-tests-🗺️-Page--ea8eb-ion-✅-Admin-dashboard-loads-chromium/test-failed-1.png
    ────────────────────────────────────────────────────────────────────────────────────────────────

    attachment #2: video (video/webm) ──────────────────────────────────────────────────────────────
    ../../test-results/navigation-tests-🗺️-Page--ea8eb-ion-✅-Admin-dashboard-loads-chromium/video.webm
    ────────────────────────────────────────────────────────────────────────────────────────────────

    Error Context: ../../test-results/navigation-tests-🗺️-Page--ea8eb-ion-✅-Admin-dashboard-loads-chromium/error-context.md
]]>
</failure>
<system-out>
<![CDATA[
[[ATTACHMENT|test-results/navigation-tests-🗺️-Page--ea8eb-ion-✅-Admin-dashboard-loads-chromium/test-failed-1.png]]

[[ATTACHMENT|test-results/navigation-tests-🗺️-Page--ea8eb-ion-✅-Admin-dashboard-loads-chromium/video.webm]]

[[ATTACHMENT|test-results/navigation-tests-🗺️-Page--ea8eb-ion-✅-Admin-dashboard-loads-chromium/error-context.md]]
]]>
</system-out>
</testcase>
<testcase name="🗺️ Page Navigation Tests - Phase 3 › 👑 Admin Dashboard Navigation › ✅ Navigate admin dashboard &gt; users" classname="navigation-tests.spec.ts" time="21.092">
<failure message="navigation-tests.spec.ts:245:9 ✅ Navigate admin dashboard &gt; users" type="FAILURE">
<![CDATA[  [chromium] › navigation-tests.spec.ts:245:9 › 🗺️ Page Navigation Tests - Phase 3 › 👑 Admin Dashboard Navigation › ✅ Navigate admin dashboard > users 

    TimeoutError: page.waitForURL: Timeout 10000ms exceeded.
    =========================== logs ===========================
    waiting for navigation until "load"
    ============================================================

      12 |   await page.fill('input[name="password"]', password)
      13 |   await page.click('button[type="submit"]')
    > 14 |   await page.waitForURL(/\/dashboard/, { timeout: 10000 })
         |              ^
      15 | }
      16 |
      17 | test.describe('🗺️ Page Navigation Tests - Phase 3', () => {
        at login (/Users/asithalakmal/Documents/web/final project/WeddingLK-next copy/tests/e2e/navigation-tests.spec.ts:14:14)
        at /Users/asithalakmal/Documents/web/final project/WeddingLK-next copy/tests/e2e/navigation-tests.spec.ts:232:7

    attachment #1: screenshot (image/png) ──────────────────────────────────────────────────────────
    ../../test-results/navigation-tests-🗺️-Page--7ade7-igate-admin-dashboard-users-chromium/test-failed-1.png
    ────────────────────────────────────────────────────────────────────────────────────────────────

    attachment #2: video (video/webm) ──────────────────────────────────────────────────────────────
    ../../test-results/navigation-tests-🗺️-Page--7ade7-igate-admin-dashboard-users-chromium/video.webm
    ────────────────────────────────────────────────────────────────────────────────────────────────

    Error Context: ../../test-results/navigation-tests-🗺️-Page--7ade7-igate-admin-dashboard-users-chromium/error-context.md
]]>
</failure>
<system-out>
<![CDATA[
[[ATTACHMENT|test-results/navigation-tests-🗺️-Page--7ade7-igate-admin-dashboard-users-chromium/test-failed-1.png]]

[[ATTACHMENT|test-results/navigation-tests-🗺️-Page--7ade7-igate-admin-dashboard-users-chromium/video.webm]]

[[ATTACHMENT|test-results/navigation-tests-🗺️-Page--7ade7-igate-admin-dashboard-users-chromium/error-context.md]]
]]>
</system-out>
</testcase>
<testcase name="🗺️ Page Navigation Tests - Phase 3 › 👑 Admin Dashboard Navigation › ✅ Navigate admin dashboard &gt; analytics" classname="navigation-tests.spec.ts" time="19.9">
<failure message="navigation-tests.spec.ts:254:9 ✅ Navigate admin dashboard &gt; analytics" type="FAILURE">
<![CDATA[  [chromium] › navigation-tests.spec.ts:254:9 › 🗺️ Page Navigation Tests - Phase 3 › 👑 Admin Dashboard Navigation › ✅ Navigate admin dashboard > analytics 

    TimeoutError: page.waitForURL: Timeout 10000ms exceeded.
    =========================== logs ===========================
    waiting for navigation until "load"
    ============================================================

      12 |   await page.fill('input[name="password"]', password)
      13 |   await page.click('button[type="submit"]')
    > 14 |   await page.waitForURL(/\/dashboard/, { timeout: 10000 })
         |              ^
      15 | }
      16 |
      17 | test.describe('🗺️ Page Navigation Tests - Phase 3', () => {
        at login (/Users/asithalakmal/Documents/web/final project/WeddingLK-next copy/tests/e2e/navigation-tests.spec.ts:14:14)
        at /Users/asithalakmal/Documents/web/final project/WeddingLK-next copy/tests/e2e/navigation-tests.spec.ts:232:7

    attachment #1: screenshot (image/png) ──────────────────────────────────────────────────────────
    ../../test-results/navigation-tests-🗺️-Page--81a8a-e-admin-dashboard-analytics-chromium/test-failed-1.png
    ────────────────────────────────────────────────────────────────────────────────────────────────

    attachment #2: video (video/webm) ──────────────────────────────────────────────────────────────
    ../../test-results/navigation-tests-🗺️-Page--81a8a-e-admin-dashboard-analytics-chromium/video.webm
    ────────────────────────────────────────────────────────────────────────────────────────────────

    Error Context: ../../test-results/navigation-tests-🗺️-Page--81a8a-e-admin-dashboard-analytics-chromium/error-context.md
]]>
</failure>
<system-out>
<![CDATA[
[[ATTACHMENT|test-results/navigation-tests-🗺️-Page--81a8a-e-admin-dashboard-analytics-chromium/test-failed-1.png]]

[[ATTACHMENT|test-results/navigation-tests-🗺️-Page--81a8a-e-admin-dashboard-analytics-chromium/video.webm]]

[[ATTACHMENT|test-results/navigation-tests-🗺️-Page--81a8a-e-admin-dashboard-analytics-chromium/error-context.md]]
]]>
</system-out>
</testcase>
<testcase name="🗺️ Page Navigation Tests - Phase 3 › 👑 Admin Dashboard Navigation › ✅ Navigate admin dashboard &gt; settings" classname="navigation-tests.spec.ts" time="19.998">
<failure message="navigation-tests.spec.ts:263:9 ✅ Navigate admin dashboard &gt; settings" type="FAILURE">
<![CDATA[  [chromium] › navigation-tests.spec.ts:263:9 › 🗺️ Page Navigation Tests - Phase 3 › 👑 Admin Dashboard Navigation › ✅ Navigate admin dashboard > settings 

    TimeoutError: page.waitForURL: Timeout 10000ms exceeded.
    =========================== logs ===========================
    waiting for navigation until "load"
    ============================================================

      12 |   await page.fill('input[name="password"]', password)
      13 |   await page.click('button[type="submit"]')
    > 14 |   await page.waitForURL(/\/dashboard/, { timeout: 10000 })
         |              ^
      15 | }
      16 |
      17 | test.describe('🗺️ Page Navigation Tests - Phase 3', () => {
        at login (/Users/asithalakmal/Documents/web/final project/WeddingLK-next copy/tests/e2e/navigation-tests.spec.ts:14:14)
        at /Users/asithalakmal/Documents/web/final project/WeddingLK-next copy/tests/e2e/navigation-tests.spec.ts:232:7

    attachment #1: screenshot (image/png) ──────────────────────────────────────────────────────────
    ../../test-results/navigation-tests-🗺️-Page--54041-te-admin-dashboard-settings-chromium/test-failed-1.png
    ────────────────────────────────────────────────────────────────────────────────────────────────

    attachment #2: video (video/webm) ──────────────────────────────────────────────────────────────
    ../../test-results/navigation-tests-🗺️-Page--54041-te-admin-dashboard-settings-chromium/video.webm
    ────────────────────────────────────────────────────────────────────────────────────────────────

    Error Context: ../../test-results/navigation-tests-🗺️-Page--54041-te-admin-dashboard-settings-chromium/error-context.md
]]>
</failure>
<system-out>
<![CDATA[
[[ATTACHMENT|test-results/navigation-tests-🗺️-Page--54041-te-admin-dashboard-settings-chromium/test-failed-1.png]]

[[ATTACHMENT|test-results/navigation-tests-🗺️-Page--54041-te-admin-dashboard-settings-chromium/video.webm]]

[[ATTACHMENT|test-results/navigation-tests-🗺️-Page--54041-te-admin-dashboard-settings-chromium/error-context.md]]
]]>
</system-out>
</testcase>
<testcase name="🗺️ Page Navigation Tests - Phase 3 › 🔗 Breadcrumb Navigation › ✅ Breadcrumbs visible on nested pages" classname="navigation-tests.spec.ts" time="6.612">
</testcase>
<testcase name="🗺️ Page Navigation Tests - Phase 3 › 🔗 Breadcrumb Navigation › ✅ Breadcrumb navigation works" classname="navigation-tests.spec.ts" time="17.194">
</testcase>
<testcase name="🗺️ Page Navigation Tests - Phase 3 › 🦶 Footer Navigation › ✅ Footer visible on homepage" classname="navigation-tests.spec.ts" time="12.163">
</testcase>
<testcase name="🗺️ Page Navigation Tests - Phase 3 › 🦶 Footer Navigation › ✅ Footer has required links" classname="navigation-tests.spec.ts" time="9.21">
</testcase>
<testcase name="🗺️ Page Navigation Tests - Phase 3 › 🦶 Footer Navigation › ✅ Social media links in footer" classname="navigation-tests.spec.ts" time="11.954">
</testcase>
<testcase name="🗺️ Page Navigation Tests - Phase 3 › 🦶 Footer Navigation › ✅ Contact info in footer" classname="navigation-tests.spec.ts" time="17.151">
</testcase>
<testcase name="🗺️ Page Navigation Tests - Phase 3 › 🔍 Search Navigation › ✅ Search functionality on homepage" classname="navigation-tests.spec.ts" time="9.067">
</testcase>
<testcase name="🗺️ Page Navigation Tests - Phase 3 › 🔍 Search Navigation › ✅ Search from venues page" classname="navigation-tests.spec.ts" time="3.426">
</testcase>
<testcase name="🗺️ Page Navigation Tests - Phase 3 › 🔍 Search Navigation › ✅ Filter navigation on vendor page" classname="navigation-tests.spec.ts" time="4.561">
</testcase>
<testcase name="🗺️ Page Navigation Tests - Phase 3 › ↩️ Back/Forward Navigation › ✅ Browser back button works" classname="navigation-tests.spec.ts" time="8.481">
<failure message="navigation-tests.spec.ts:399:9 ✅ Browser back button works" type="FAILURE">
<![CDATA[  [chromium] › navigation-tests.spec.ts:399:9 › 🗺️ Page Navigation Tests - Phase 3 › ↩️ Back/Forward Navigation › ✅ Browser back button works 

    Error: locator.isVisible: Error: strict mode violation: locator('a[href="/venues"], a:has-text("Venues")') resolved to 2 elements:
        1) <a href="/venues" class="text-gray-700 hover:text-rose-500 dark:text-gray-300 dark:hover:text-rose-400 font-medium transition-colors">Venues</a> aka getByRole('navigation').getByRole('link', { name: 'Venues' })
        2) <a href="/venues" class="hover:text-white transition-colors">Venues</a> aka getByRole('main').getByRole('link', { name: 'Venues' })

    Call log:
        - checking visibility of locator('a[href="/venues"], a:has-text("Venues")')


      402 |       // Navigate to venues
      403 |       const venuesLink = page.locator('a[href="/venues"], a:has-text("Venues")')
    > 404 |       if (await venuesLink.isVisible()) {
          |                            ^
      405 |         await venuesLink.first().click()
      406 |         await expect(page).toHaveURL(/\/venues/)
      407 |         
        at /Users/asithalakmal/Documents/web/final project/WeddingLK-next copy/tests/e2e/navigation-tests.spec.ts:404:28

    attachment #1: screenshot (image/png) ──────────────────────────────────────────────────────────
    ../../test-results/navigation-tests-🗺️-Page--feaa1-✅-Browser-back-button-works-chromium/test-failed-1.png
    ────────────────────────────────────────────────────────────────────────────────────────────────

    attachment #2: video (video/webm) ──────────────────────────────────────────────────────────────
    ../../test-results/navigation-tests-🗺️-Page--feaa1-✅-Browser-back-button-works-chromium/video.webm
    ────────────────────────────────────────────────────────────────────────────────────────────────

    Error Context: ../../test-results/navigation-tests-🗺️-Page--feaa1-✅-Browser-back-button-works-chromium/error-context.md
]]>
</failure>
<system-out>
<![CDATA[
[[ATTACHMENT|test-results/navigation-tests-🗺️-Page--feaa1-✅-Browser-back-button-works-chromium/test-failed-1.png]]

[[ATTACHMENT|test-results/navigation-tests-🗺️-Page--feaa1-✅-Browser-back-button-works-chromium/video.webm]]

[[ATTACHMENT|test-results/navigation-tests-🗺️-Page--feaa1-✅-Browser-back-button-works-chromium/error-context.md]]
]]>
</system-out>
</testcase>
<testcase name="🗺️ Page Navigation Tests - Phase 3 › ↩️ Back/Forward Navigation › ✅ Browser forward button works" classname="navigation-tests.spec.ts" time="7.511">
</testcase>
</testsuite>
<testsuite name="payment.spec.ts" timestamp="2025-10-24T16:55:39.999Z" hostname="chromium" tests="7" failures="0" skipped="7" time="0" errors="0">
<testcase name="Payment System › DISABLED: Stripe payment integration with mock" classname="payment.spec.ts" time="0">
<properties>
<property name="skip" value="">
</property>
</properties>
<skipped>
</skipped>
</testcase>
<testcase name="Payment System › DISABLED: PayHere payment integration" classname="payment.spec.ts" time="0">
<properties>
<property name="skip" value="">
</property>
</properties>
<skipped>
</skipped>
</testcase>
<testcase name="Payment System › DISABLED: Payment failure handling" classname="payment.spec.ts" time="0">
<properties>
<property name="skip" value="">
</property>
</properties>
<skipped>
</skipped>
</testcase>
<testcase name="Payment System › DISABLED: Payment refund processing" classname="payment.spec.ts" time="0">
<properties>
<property name="skip" value="">
</property>
</properties>
<skipped>
</skipped>
</testcase>
<testcase name="Payment System › DISABLED: Payment history and analytics" classname="payment.spec.ts" time="0">
<properties>
<property name="skip" value="">
</property>
</properties>
<skipped>
</skipped>
</testcase>
<testcase name="Payment System › DISABLED: Subscription payment management" classname="payment.spec.ts" time="0">
<properties>
<property name="skip" value="">
</property>
</properties>
<skipped>
</skipped>
</testcase>
<testcase name="Payment System › DISABLED: Payment webhook handling" classname="payment.spec.ts" time="0">
<properties>
<property name="skip" value="">
</property>
</properties>
<skipped>
</skipped>
</testcase>
</testsuite>
<testsuite name="production.spec.ts" timestamp="2025-10-24T16:55:39.999Z" hostname="chromium" tests="6" failures="0" skipped="6" time="0" errors="0">
<testcase name="Production Site Tests › DISABLED: Homepage loads correctly" classname="production.spec.ts" time="0">
<properties>
<property name="skip" value="">
</property>
</properties>
<skipped>
</skipped>
</testcase>
<testcase name="Production Site Tests › DISABLED: Navigation works correctly" classname="production.spec.ts" time="0">
<properties>
<property name="skip" value="">
</property>
</properties>
<skipped>
</skipped>
</testcase>
<testcase name="Production Site Tests › DISABLED: Search functionality is present" classname="production.spec.ts" time="0">
<properties>
<property name="skip" value="">
</property>
</properties>
<skipped>
</skipped>
</testcase>
<testcase name="Production Site Tests › DISABLED: Footer links are present" classname="production.spec.ts" time="0">
<properties>
<property name="skip" value="">
</property>
</properties>
<skipped>
</skipped>
</testcase>
<testcase name="Production Site Tests › DISABLED: Responsive design works" classname="production.spec.ts" time="0">
<properties>
<property name="skip" value="">
</property>
</properties>
<skipped>
</skipped>
</testcase>
<testcase name="Production Site Tests › DISABLED: Page metadata is correct" classname="production.spec.ts" time="0">
<properties>
<property name="skip" value="">
</property>
</properties>
<skipped>
</skipped>
</testcase>
</testsuite>
<testsuite name="quick-verification.spec.ts" timestamp="2025-10-24T16:55:39.999Z" hostname="chromium" tests="6" failures="1" skipped="1" time="58.207" errors="0">
<testcase name="🚀 Quick Production Verification › Homepage loads and basic functionality works" classname="quick-verification.spec.ts" time="19.064">
</testcase>
<testcase name="🚀 Quick Production Verification › API endpoints are responding" classname="quick-verification.spec.ts" time="7.812">
</testcase>
<testcase name="🚀 Quick Production Verification › Database connection is working - DISABLED (Slow endpoint)" classname="quick-verification.spec.ts" time="0">
<properties>
<property name="skip" value="">
</property>
</properties>
<skipped>
</skipped>
</testcase>
<testcase name="🚀 Quick Production Verification › Navigation works correctly" classname="quick-verification.spec.ts" time="10.845">
</testcase>
<testcase name="🚀 Quick Production Verification › Page is responsive" classname="quick-verification.spec.ts" time="8.64">
</testcase>
<testcase name="🚀 Quick Production Verification › No critical JavaScript errors" classname="quick-verification.spec.ts" time="11.846">
<failure message="quick-verification.spec.ts:72:7 No critical JavaScript errors" type="FAILURE">
<![CDATA[  [chromium] › quick-verification.spec.ts:72:7 › 🚀 Quick Production Verification › No critical JavaScript errors 

    Error: expect(received).toHaveLength(expected)

    Expected length: 0
    Received length: 1
    Received array:  ["Failed to load resource: the server responded with a status of 500 ()"]

       99 |         );
      100 |     
    > 101 |     expect(criticalErrors).toHaveLength(0);
          |                            ^
      102 |   });
      103 | });
      104 |
        at /Users/asithalakmal/Documents/web/final project/WeddingLK-next copy/tests/e2e/quick-verification.spec.ts:101:28

    attachment #1: screenshot (image/png) ──────────────────────────────────────────────────────────
    ../../test-results/quick-verification-🚀-Quic-e0dbb--critical-JavaScript-errors-chromium/test-failed-1.png
    ────────────────────────────────────────────────────────────────────────────────────────────────

    attachment #2: video (video/webm) ──────────────────────────────────────────────────────────────
    ../../test-results/quick-verification-🚀-Quic-e0dbb--critical-JavaScript-errors-chromium/video.webm
    ────────────────────────────────────────────────────────────────────────────────────────────────

    Error Context: ../../test-results/quick-verification-🚀-Quic-e0dbb--critical-JavaScript-errors-chromium/error-context.md
]]>
</failure>
<system-out>
<![CDATA[
[[ATTACHMENT|test-results/quick-verification-🚀-Quic-e0dbb--critical-JavaScript-errors-chromium/test-failed-1.png]]

[[ATTACHMENT|test-results/quick-verification-🚀-Quic-e0dbb--critical-JavaScript-errors-chromium/video.webm]]

[[ATTACHMENT|test-results/quick-verification-🚀-Quic-e0dbb--critical-JavaScript-errors-chromium/error-context.md]]
]]>
</system-out>
</testcase>
</testsuite>
<testsuite name="rbac-comprehensive.spec.ts" timestamp="2025-10-24T16:55:39.999Z" hostname="chromium" tests="28" failures="0" skipped="28" time="0" errors="0">
<testcase name="🔐 User Role RBAC Tests › DISABLED: User Role - Allowed Access" classname="rbac-comprehensive.spec.ts" time="0">
<properties>
<property name="skip" value="">
</property>
</properties>
<skipped>
</skipped>
</testcase>
<testcase name="🔐 User Role RBAC Tests › DISABLED: User Role - Navigation Items Visibility" classname="rbac-comprehensive.spec.ts" time="0">
<properties>
<property name="skip" value="">
</property>
</properties>
<skipped>
</skipped>
</testcase>
<testcase name="🔐 User Role RBAC Tests › DISABLED: User Role - Feature Access Control" classname="rbac-comprehensive.spec.ts" time="0">
<properties>
<property name="skip" value="">
</property>
</properties>
<skipped>
</skipped>
</testcase>
<testcase name="🏢 Vendor Role RBAC Tests › DISABLED: Vendor Role - Allowed Access" classname="rbac-comprehensive.spec.ts" time="0">
<properties>
<property name="skip" value="">
</property>
</properties>
<skipped>
</skipped>
</testcase>
<testcase name="🏢 Vendor Role RBAC Tests › DISABLED: Vendor Role - Navigation Items Visibility" classname="rbac-comprehensive.spec.ts" time="0">
<properties>
<property name="skip" value="">
</property>
</properties>
<skipped>
</skipped>
</testcase>
<testcase name="🏢 Vendor Role RBAC Tests › DISABLED: Vendor Role - Feature Access Control" classname="rbac-comprehensive.spec.ts" time="0">
<properties>
<property name="skip" value="">
</property>
</properties>
<skipped>
</skipped>
</testcase>
<testcase name="👥 Wedding Planner Role RBAC Tests › DISABLED: Wedding Planner Role - Allowed Access" classname="rbac-comprehensive.spec.ts" time="0">
<properties>
<property name="skip" value="">
</property>
</properties>
<skipped>
</skipped>
</testcase>
<testcase name="👥 Wedding Planner Role RBAC Tests › DISABLED: Wedding Planner Role - Navigation Items Visibility" classname="rbac-comprehensive.spec.ts" time="0">
<properties>
<property name="skip" value="">
</property>
</properties>
<skipped>
</skipped>
</testcase>
<testcase name="👥 Wedding Planner Role RBAC Tests › DISABLED: Wedding Planner Role - Feature Access Control" classname="rbac-comprehensive.spec.ts" time="0">
<properties>
<property name="skip" value="">
</property>
</properties>
<skipped>
</skipped>
</testcase>
<testcase name="👑 Admin Role RBAC Tests › DISABLED: Admin Role - Allowed Access" classname="rbac-comprehensive.spec.ts" time="0">
<properties>
<property name="skip" value="">
</property>
</properties>
<skipped>
</skipped>
</testcase>
<testcase name="👑 Admin Role RBAC Tests › DISABLED: Admin Role - Navigation Items Visibility" classname="rbac-comprehensive.spec.ts" time="0">
<properties>
<property name="skip" value="">
</property>
</properties>
<skipped>
</skipped>
</testcase>
<testcase name="👑 Admin Role RBAC Tests › DISABLED: Admin Role - Feature Access Control" classname="rbac-comprehensive.spec.ts" time="0">
<properties>
<property name="skip" value="">
</property>
</properties>
<skipped>
</skipped>
</testcase>
<testcase name="🔧 Maintainer Role RBAC Tests › DISABLED: Maintainer Role - Allowed Access" classname="rbac-comprehensive.spec.ts" time="0">
<properties>
<property name="skip" value="">
</property>
</properties>
<skipped>
</skipped>
</testcase>
<testcase name="🔧 Maintainer Role RBAC Tests › DISABLED: Maintainer Role - Debug Access" classname="rbac-comprehensive.spec.ts" time="0">
<properties>
<property name="skip" value="">
</property>
</properties>
<skipped>
</skipped>
</testcase>
<testcase name="🛡️ Middleware Route Protection Tests › DISABLED: Unauthenticated Access Protection" classname="rbac-comprehensive.spec.ts" time="0">
<properties>
<property name="skip" value="">
</property>
</properties>
<skipped>
</skipped>
</testcase>
<testcase name="🛡️ Middleware Route Protection Tests › DISABLED: Role-Based Route Protection" classname="rbac-comprehensive.spec.ts" time="0">
<properties>
<property name="skip" value="">
</property>
</properties>
<skipped>
</skipped>
</testcase>
<testcase name="🔌 API Endpoint Authorization Tests › DISABLED: API Authentication Requirements" classname="rbac-comprehensive.spec.ts" time="0">
<properties>
<property name="skip" value="">
</property>
</properties>
<skipped>
</skipped>
</testcase>
<testcase name="🔌 API Endpoint Authorization Tests › DISABLED: API Role-Based Authorization" classname="rbac-comprehensive.spec.ts" time="0">
<properties>
<property name="skip" value="">
</property>
</properties>
<skipped>
</skipped>
</testcase>
<testcase name="🔌 API Endpoint Authorization Tests › DISABLED: API Permission-Based Authorization" classname="rbac-comprehensive.spec.ts" time="0">
<properties>
<property name="skip" value="">
</property>
</properties>
<skipped>
</skipped>
</testcase>
<testcase name="🎨 UI Component Visibility Tests › DISABLED: Dashboard Components Based on Role" classname="rbac-comprehensive.spec.ts" time="0">
<properties>
<property name="skip" value="">
</property>
</properties>
<skipped>
</skipped>
</testcase>
<testcase name="🎨 UI Component Visibility Tests › DISABLED: Navigation Menu Based on Role" classname="rbac-comprehensive.spec.ts" time="0">
<properties>
<property name="skip" value="">
</property>
</properties>
<skipped>
</skipped>
</testcase>
<testcase name="🎨 UI Component Visibility Tests › DISABLED: Action Buttons Based on Permissions" classname="rbac-comprehensive.spec.ts" time="0">
<properties>
<property name="skip" value="">
</property>
</properties>
<skipped>
</skipped>
</testcase>
<testcase name="🔄 Role Switching and Session Management › DISABLED: Role-Based Session Persistence" classname="rbac-comprehensive.spec.ts" time="0">
<properties>
<property name="skip" value="">
</property>
</properties>
<skipped>
</skipped>
</testcase>
<testcase name="🔄 Role Switching and Session Management › DISABLED: Role-Based Data Filtering" classname="rbac-comprehensive.spec.ts" time="0">
<properties>
<property name="skip" value="">
</property>
</properties>
<skipped>
</skipped>
</testcase>
<testcase name="🚨 Security and Error Handling › DISABLED: Unauthorized Access Attempts" classname="rbac-comprehensive.spec.ts" time="0">
<properties>
<property name="skip" value="">
</property>
</properties>
<skipped>
</skipped>
</testcase>
<testcase name="🚨 Security and Error Handling › DISABLED: Permission Denied Handling" classname="rbac-comprehensive.spec.ts" time="0">
<properties>
<property name="skip" value="">
</property>
</properties>
<skipped>
</skipped>
</testcase>
<testcase name="📊 Analytics and Reporting RBAC › DISABLED: Role-Based Analytics Access" classname="rbac-comprehensive.spec.ts" time="0">
<properties>
<property name="skip" value="">
</property>
</properties>
<skipped>
</skipped>
</testcase>
<testcase name="📊 Analytics and Reporting RBAC › DISABLED: Data Visibility Based on Role" classname="rbac-comprehensive.spec.ts" time="0">
<properties>
<property name="skip" value="">
</property>
</properties>
<skipped>
</skipped>
</testcase>
</testsuite>
<testsuite name="realistic-live-deployment.spec.ts" timestamp="2025-10-24T16:55:39.999Z" hostname="chromium" tests="14" failures="0" skipped="14" time="0" errors="0">
<testcase name="🚀 REALISTIC LIVE DEPLOYMENT TESTING › DISABLED: 🏠 HOMEPAGE - Realistic Frontend Testing" classname="realistic-live-deployment.spec.ts" time="0">
<properties>
<property name="skip" value="">
</property>
</properties>
<skipped>
</skipped>
</testcase>
<testcase name="🚀 REALISTIC LIVE DEPLOYMENT TESTING › DISABLED: 🔐 AUTHENTICATION - Realistic Auth Flow Testing" classname="realistic-live-deployment.spec.ts" time="0">
<properties>
<property name="skip" value="">
</property>
</properties>
<skipped>
</skipped>
</testcase>
<testcase name="🚀 REALISTIC LIVE DEPLOYMENT TESTING › DISABLED: 🏢 VENUES - Realistic Venue Testing" classname="realistic-live-deployment.spec.ts" time="0">
<properties>
<property name="skip" value="">
</property>
</properties>
<skipped>
</skipped>
</testcase>
<testcase name="🚀 REALISTIC LIVE DEPLOYMENT TESTING › DISABLED: 🏪 VENDORS - Realistic Vendor Testing" classname="realistic-live-deployment.spec.ts" time="0">
<properties>
<property name="skip" value="">
</property>
</properties>
<skipped>
</skipped>
</testcase>
<testcase name="🚀 REALISTIC LIVE DEPLOYMENT TESTING › DISABLED: 📱 FEED - Realistic Social Feed Testing" classname="realistic-live-deployment.spec.ts" time="0">
<properties>
<property name="skip" value="">
</property>
</properties>
<skipped>
</skipped>
</testcase>
<testcase name="🚀 REALISTIC LIVE DEPLOYMENT TESTING › DISABLED: 🖼️ GALLERY - Realistic Gallery Testing" classname="realistic-live-deployment.spec.ts" time="0">
<properties>
<property name="skip" value="">
</property>
</properties>
<skipped>
</skipped>
</testcase>
<testcase name="🚀 REALISTIC LIVE DEPLOYMENT TESTING › DISABLED: 📊 DASHBOARD - Realistic Dashboard Testing" classname="realistic-live-deployment.spec.ts" time="0">
<properties>
<property name="skip" value="">
</property>
</properties>
<skipped>
</skipped>
</testcase>
<testcase name="🚀 REALISTIC LIVE DEPLOYMENT TESTING › DISABLED: 🔧 API ENDPOINTS - Realistic API Testing" classname="realistic-live-deployment.spec.ts" time="0">
<properties>
<property name="skip" value="">
</property>
</properties>
<skipped>
</skipped>
</testcase>
<testcase name="🚀 REALISTIC LIVE DEPLOYMENT TESTING › DISABLED: 📱 RESPONSIVE DESIGN - Realistic Mobile Testing" classname="realistic-live-deployment.spec.ts" time="0">
<properties>
<property name="skip" value="">
</property>
</properties>
<skipped>
</skipped>
</testcase>
<testcase name="🚀 REALISTIC LIVE DEPLOYMENT TESTING › DISABLED: 🎨 UI COMPONENTS - Realistic Component Testing" classname="realistic-live-deployment.spec.ts" time="0">
<properties>
<property name="skip" value="">
</property>
</properties>
<skipped>
</skipped>
</testcase>
<testcase name="🚀 REALISTIC LIVE DEPLOYMENT TESTING › DISABLED: ⚡ PERFORMANCE - Realistic Performance Testing" classname="realistic-live-deployment.spec.ts" time="0">
<properties>
<property name="skip" value="">
</property>
</properties>
<skipped>
</skipped>
</testcase>
<testcase name="🚀 REALISTIC LIVE DEPLOYMENT TESTING › DISABLED: 🔍 ERROR HANDLING - Realistic Error Testing" classname="realistic-live-deployment.spec.ts" time="0">
<properties>
<property name="skip" value="">
</property>
</properties>
<skipped>
</skipped>
</testcase>
<testcase name="🚀 REALISTIC LIVE DEPLOYMENT TESTING › DISABLED: 🎯 FINAL INTEGRATION - Realistic System Integration" classname="realistic-live-deployment.spec.ts" time="0">
<properties>
<property name="skip" value="">
</property>
</properties>
<skipped>
</skipped>
</testcase>
<testcase name="🚀 REALISTIC LIVE DEPLOYMENT TESTING › DISABLED: 📊 LIVE DEPLOYMENT STATUS REPORT" classname="realistic-live-deployment.spec.ts" time="0">
<properties>
<property name="skip" value="">
</property>
</properties>
<skipped>
</skipped>
</testcase>
</testsuite>
<testsuite name="responsive-tests.spec.ts" timestamp="2025-10-24T16:55:39.999Z" hostname="chromium" tests="32" failures="2" skipped="0" time="177.254" errors="0">
<testcase name="📱 Responsive Design Tests - Phase 5 › 📱 Mobile Responsive (375px) › ✅ Homepage is mobile responsive" classname="responsive-tests.spec.ts" time="8.924">
</testcase>
<testcase name="📱 Responsive Design Tests - Phase 5 › 📱 Mobile Responsive (375px) › ✅ Navigation menu works on mobile" classname="responsive-tests.spec.ts" time="5.985">
</testcase>
<testcase name="📱 Responsive Design Tests - Phase 5 › 📱 Mobile Responsive (375px) › ✅ Venues page is mobile responsive" classname="responsive-tests.spec.ts" time="2.401">
</testcase>
<testcase name="📱 Responsive Design Tests - Phase 5 › 📱 Mobile Responsive (375px) › ✅ Vendors page is mobile responsive" classname="responsive-tests.spec.ts" time="8.14">
</testcase>
<testcase name="📱 Responsive Design Tests - Phase 5 › 📱 Mobile Responsive (375px) › ✅ Login form is mobile responsive" classname="responsive-tests.spec.ts" time="4.815">
</testcase>
<testcase name="📱 Responsive Design Tests - Phase 5 › 📱 Mobile Responsive (375px) › ✅ Register form is mobile responsive" classname="responsive-tests.spec.ts" time="6.593">
</testcase>
<testcase name="📱 Responsive Design Tests - Phase 5 › 📱 Mobile Responsive (375px) › ✅ Footer is mobile responsive" classname="responsive-tests.spec.ts" time="8.891">
</testcase>
<testcase name="📱 Responsive Design Tests - Phase 5 › 📱 Mobile Responsive (375px) › ✅ Images are responsive" classname="responsive-tests.spec.ts" time="5.372">
</testcase>
<testcase name="📱 Responsive Design Tests - Phase 5 › 📱 Mobile Responsive (375px) › ✅ Buttons are mobile touch-friendly" classname="responsive-tests.spec.ts" time="3.782">
<failure message="responsive-tests.spec.ts:101:9 ✅ Buttons are mobile touch-friendly" type="FAILURE">
<![CDATA[  [chromium] › responsive-tests.spec.ts:101:9 › 📱 Responsive Design Tests - Phase 5 › 📱 Mobile Responsive (375px) › ✅ Buttons are mobile touch-friendly 

    Error: expect(received).toBeGreaterThanOrEqual(expected)

    Expected: >= 40
    Received:    36

      109 |         // Buttons should be at least 44x44px (touch-friendly size)
      110 |         if (box) {
    > 111 |           expect(box.height).toBeGreaterThanOrEqual(40)
          |                              ^
      112 |         }
      113 |       }
      114 |     })
        at /Users/asithalakmal/Documents/web/final project/WeddingLK-next copy/tests/e2e/responsive-tests.spec.ts:111:30

    attachment #1: screenshot (image/png) ──────────────────────────────────────────────────────────
    ../../test-results/responsive-tests-📱-Respon-69dff-s-are-mobile-touch-friendly-chromium/test-failed-1.png
    ────────────────────────────────────────────────────────────────────────────────────────────────

    attachment #2: video (video/webm) ──────────────────────────────────────────────────────────────
    ../../test-results/responsive-tests-📱-Respon-69dff-s-are-mobile-touch-friendly-chromium/video.webm
    ────────────────────────────────────────────────────────────────────────────────────────────────

    Error Context: ../../test-results/responsive-tests-📱-Respon-69dff-s-are-mobile-touch-friendly-chromium/error-context.md
]]>
</failure>
<system-out>
<![CDATA[
[[ATTACHMENT|test-results/responsive-tests-📱-Respon-69dff-s-are-mobile-touch-friendly-chromium/test-failed-1.png]]

[[ATTACHMENT|test-results/responsive-tests-📱-Respon-69dff-s-are-mobile-touch-friendly-chromium/video.webm]]

[[ATTACHMENT|test-results/responsive-tests-📱-Respon-69dff-s-are-mobile-touch-friendly-chromium/error-context.md]]
]]>
</system-out>
</testcase>
<testcase name="📱 Responsive Design Tests - Phase 5 › 📱 Mobile Responsive (375px) › ✅ Text is readable on mobile" classname="responsive-tests.spec.ts" time="3.385">
<failure message="responsive-tests.spec.ts:116:9 ✅ Text is readable on mobile" type="FAILURE">
<![CDATA[  [chromium] › responsive-tests.spec.ts:116:9 › 📱 Responsive Design Tests - Phase 5 › 📱 Mobile Responsive (375px) › ✅ Text is readable on mobile 

    Error: locator.isVisible: Error: strict mode violation: locator('h1, h2') resolved to 4 elements:
        1) <h1 class="text-4xl md:text-6xl font-bold text-gray-900 dark:text-white mb-6">…</h1> aka getByRole('heading', { name: 'Find Your Perfect Wedding' })
        2) <h2 class="text-3xl font-bold tracking-tight text-gray-900 dark:text-white sm:text-4xl">Everything You Need for Your Perfect Day</h2> aka getByRole('heading', { name: 'Everything You Need for Your' })
        3) <h2 class="text-4xl md:text-5xl font-bold mb-6 bg-gradient-to-r from-pink-600 to-purple-600 bg-clip-text text-transparent">Numbers That Tell Our Story</h2> aka getByRole('heading', { name: 'Numbers That Tell Our Story' })
        4) <h2 class="text-3xl font-bold text-white sm:text-4xl">Ready to Start Planning?</h2> aka getByRole('heading', { name: 'Ready to Start Planning?' })

    Call log:
        - checking visibility of locator('h1, h2')


      118 |       
      119 |       const heading = page.locator('h1, h2')
    > 120 |       if (await heading.isVisible()) {
          |                         ^
      121 |         const fontSize = await heading.evaluate(el => 
      122 |           window.getComputedStyle(el).fontSize
      123 |         )
        at /Users/asithalakmal/Documents/web/final project/WeddingLK-next copy/tests/e2e/responsive-tests.spec.ts:120:25

    attachment #1: screenshot (image/png) ──────────────────────────────────────────────────────────
    ../../test-results/responsive-tests-📱-Respon-6aa3a--Text-is-readable-on-mobile-chromium/test-failed-1.png
    ────────────────────────────────────────────────────────────────────────────────────────────────

    attachment #2: video (video/webm) ──────────────────────────────────────────────────────────────
    ../../test-results/responsive-tests-📱-Respon-6aa3a--Text-is-readable-on-mobile-chromium/video.webm
    ────────────────────────────────────────────────────────────────────────────────────────────────

    Error Context: ../../test-results/responsive-tests-📱-Respon-6aa3a--Text-is-readable-on-mobile-chromium/error-context.md
]]>
</failure>
<system-out>
<![CDATA[
[[ATTACHMENT|test-results/responsive-tests-📱-Respon-6aa3a--Text-is-readable-on-mobile-chromium/test-failed-1.png]]

[[ATTACHMENT|test-results/responsive-tests-📱-Respon-6aa3a--Text-is-readable-on-mobile-chromium/video.webm]]

[[ATTACHMENT|test-results/responsive-tests-📱-Respon-6aa3a--Text-is-readable-on-mobile-chromium/error-context.md]]
]]>
</system-out>
</testcase>
<testcase name="📱 Responsive Design Tests - Phase 5 › 📱 Mobile Responsive (375px) › ✅ No horizontal scroll on mobile" classname="responsive-tests.spec.ts" time="2.843">
</testcase>
<testcase name="📱 Responsive Design Tests - Phase 5 › 📊 Tablet Responsive (768px) › ✅ Homepage is tablet responsive" classname="responsive-tests.spec.ts" time="11.45">
</testcase>
<testcase name="📱 Responsive Design Tests - Phase 5 › 📊 Tablet Responsive (768px) › ✅ Two-column layout on tablet" classname="responsive-tests.spec.ts" time="4.743">
</testcase>
<testcase name="📱 Responsive Design Tests - Phase 5 › 📊 Tablet Responsive (768px) › ✅ Sidebar shows on tablet" classname="responsive-tests.spec.ts" time="8.217">
</testcase>
<testcase name="📱 Responsive Design Tests - Phase 5 › 📊 Tablet Responsive (768px) › ✅ Navigation is usable on tablet" classname="responsive-tests.spec.ts" time="5.832">
</testcase>
<testcase name="📱 Responsive Design Tests - Phase 5 › 📊 Tablet Responsive (768px) › ✅ Forms have proper spacing on tablet" classname="responsive-tests.spec.ts" time="3.257">
</testcase>
<testcase name="📱 Responsive Design Tests - Phase 5 › 🖥️ Desktop Responsive (1920px) › ✅ Homepage uses full desktop width" classname="responsive-tests.spec.ts" time="5.904">
</testcase>
<testcase name="📱 Responsive Design Tests - Phase 5 › 🖥️ Desktop Responsive (1920px) › ✅ Multi-column grid on desktop" classname="responsive-tests.spec.ts" time="3.553">
</testcase>
<testcase name="📱 Responsive Design Tests - Phase 5 › 🖥️ Desktop Responsive (1920px) › ✅ Sidebar visible on desktop" classname="responsive-tests.spec.ts" time="9.4">
</testcase>
<testcase name="📱 Responsive Design Tests - Phase 5 › 🖥️ Desktop Responsive (1920px) › ✅ Footer content is distributed on desktop" classname="responsive-tests.spec.ts" time="6.446">
</testcase>
<testcase name="📱 Responsive Design Tests - Phase 5 › 🖥️ Desktop Responsive (1920px) › ✅ Large images display properly" classname="responsive-tests.spec.ts" time="3.502">
</testcase>
<testcase name="📱 Responsive Design Tests - Phase 5 › 🔄 Orientation Changes › ✅ Page reflows when changing from portrait to landscape" classname="responsive-tests.spec.ts" time="5.351">
</testcase>
<testcase name="📱 Responsive Design Tests - Phase 5 › 🔄 Orientation Changes › ✅ Content reflows from landscape to portrait" classname="responsive-tests.spec.ts" time="4.94">
</testcase>
<testcase name="📱 Responsive Design Tests - Phase 5 › 🎯 CSS Breakpoints › ✅ Small breakpoint (320px)" classname="responsive-tests.spec.ts" time="2.713">
</testcase>
<testcase name="📱 Responsive Design Tests - Phase 5 › 🎯 CSS Breakpoints › ✅ Medium breakpoint (768px)" classname="responsive-tests.spec.ts" time="5.426">
</testcase>
<testcase name="📱 Responsive Design Tests - Phase 5 › 🎯 CSS Breakpoints › ✅ Large breakpoint (1024px)" classname="responsive-tests.spec.ts" time="5.982">
</testcase>
<testcase name="📱 Responsive Design Tests - Phase 5 › 🎯 CSS Breakpoints › ✅ Extra large breakpoint (1440px)" classname="responsive-tests.spec.ts" time="8.417">
</testcase>
<testcase name="📱 Responsive Design Tests - Phase 5 › 📲 Device-Specific Responsive › ✅ iPhone SE responsive" classname="responsive-tests.spec.ts" time="4.653">
</testcase>
<testcase name="📱 Responsive Design Tests - Phase 5 › 📲 Device-Specific Responsive › ✅ iPhone 12/13 responsive" classname="responsive-tests.spec.ts" time="4.874">
</testcase>
<testcase name="📱 Responsive Design Tests - Phase 5 › 📲 Device-Specific Responsive › ✅ iPad responsive" classname="responsive-tests.spec.ts" time="4.386">
</testcase>
<testcase name="📱 Responsive Design Tests - Phase 5 › 📲 Device-Specific Responsive › ✅ Samsung Galaxy responsive" classname="responsive-tests.spec.ts" time="3.403">
</testcase>
<testcase name="📱 Responsive Design Tests - Phase 5 › 📲 Device-Specific Responsive › ✅ Standard Android tablet" classname="responsive-tests.spec.ts" time="3.674">
</testcase>
</testsuite>
<testsuite name="simple.spec.ts" timestamp="2025-10-24T16:55:39.999Z" hostname="chromium" tests="5" failures="0" skipped="5" time="0" errors="0">
<testcase name="Simple Production Tests › DISABLED: Homepage loads and has basic content" classname="simple.spec.ts" time="0">
<properties>
<property name="skip" value="">
</property>
</properties>
<skipped>
</skipped>
</testcase>
<testcase name="Simple Production Tests › DISABLED: Page has navigation elements" classname="simple.spec.ts" time="0">
<properties>
<property name="skip" value="">
</property>
</properties>
<skipped>
</skipped>
</testcase>
<testcase name="Simple Production Tests › DISABLED: Page has footer content" classname="simple.spec.ts" time="0">
<properties>
<property name="skip" value="">
</property>
</properties>
<skipped>
</skipped>
</testcase>
<testcase name="Simple Production Tests › DISABLED: Page is responsive" classname="simple.spec.ts" time="0">
<properties>
<property name="skip" value="">
</property>
</properties>
<skipped>
</skipped>
</testcase>
<testcase name="Simple Production Tests › DISABLED: Page has correct metadata" classname="simple.spec.ts" time="0">
<properties>
<property name="skip" value="">
</property>
</properties>
<skipped>
</skipped>
</testcase>
</testsuite>
<testsuite name="user-journey-tests.spec.ts" timestamp="2025-10-24T16:55:39.999Z" hostname="chromium" tests="29" failures="23" skipped="0" time="440.719" errors="0">
<testcase name="🚀 User Journey Tests - Phase 4 › 👰 Bride/Groom Wedding Planning Journey › ✅ Complete bride journey: Explore &gt; Favorite &gt; Book vendor" classname="user-journey-tests.spec.ts" time="5.112">
<failure message="user-journey-tests.spec.ts:24:9 ✅ Complete bride journey: Explore &gt; Favorite &gt; Book vendor" type="FAILURE">
<![CDATA[  [chromium] › user-journey-tests.spec.ts:24:9 › 🚀 User Journey Tests - Phase 4 › 👰 Bride/Groom Wedding Planning Journey › ✅ Complete bride journey: Explore > Favorite > Book vendor 

    Error: expect(locator).toContainText(expected) failed

    Locator: locator('h1, h2')
    Expected pattern: /Wedding|Venue|Vendor/
    Error: strict mode violation: locator('h1, h2') resolved to 4 elements:
        1) <h1 class="text-4xl md:text-6xl font-bold text-gray-900 dark:text-white mb-6">…</h1> aka getByRole('heading', { name: 'Find Your Perfect Wedding' })
        2) <h2 class="text-3xl font-bold tracking-tight text-gray-900 dark:text-white sm:text-4xl">Everything You Need for Your Perfect Day</h2> aka getByRole('heading', { name: 'Everything You Need for Your' })
        3) <h2 class="text-4xl md:text-5xl font-bold mb-6 bg-gradient-to-r from-pink-600 to-purple-600 bg-clip-text text-transparent">Numbers That Tell Our Story</h2> aka getByRole('heading', { name: 'Numbers That Tell Our Story' })
        4) <h2 class="text-3xl font-bold text-white sm:text-4xl">Ready to Start Planning?</h2> aka getByRole('heading', { name: 'Ready to Start Planning?' })

    Call log:
      - Expect "toContainText" with timeout 30000ms
      - waiting for locator('h1, h2')


      25 |       // Step 1: Browse homepage
      26 |       await page.goto('/')
    > 27 |       await expect(page.locator('h1, h2')).toContainText(/Wedding|Venue|Vendor/)
         |                                            ^
      28 |
      29 |       // Step 2: View venues
      30 |       const venuesLink = page.locator('a[href="/venues"], a:has-text("Venues")')
        at /Users/asithalakmal/Documents/web/final project/WeddingLK-next copy/tests/e2e/user-journey-tests.spec.ts:27:44

    attachment #1: screenshot (image/png) ──────────────────────────────────────────────────────────
    ../../test-results/user-journey-tests-🚀-User-46e41-xplore-Favorite-Book-vendor-chromium/test-failed-1.png
    ────────────────────────────────────────────────────────────────────────────────────────────────

    attachment #2: video (video/webm) ──────────────────────────────────────────────────────────────
    ../../test-results/user-journey-tests-🚀-User-46e41-xplore-Favorite-Book-vendor-chromium/video.webm
    ────────────────────────────────────────────────────────────────────────────────────────────────

    Error Context: ../../test-results/user-journey-tests-🚀-User-46e41-xplore-Favorite-Book-vendor-chromium/error-context.md
]]>
</failure>
<system-out>
<![CDATA[
[[ATTACHMENT|test-results/user-journey-tests-🚀-User-46e41-xplore-Favorite-Book-vendor-chromium/test-failed-1.png]]

[[ATTACHMENT|test-results/user-journey-tests-🚀-User-46e41-xplore-Favorite-Book-vendor-chromium/video.webm]]

[[ATTACHMENT|test-results/user-journey-tests-🚀-User-46e41-xplore-Favorite-Book-vendor-chromium/error-context.md]]
]]>
</system-out>
</testcase>
<testcase name="🚀 User Journey Tests - Phase 4 › 👰 Bride/Groom Wedding Planning Journey › ✅ User discovery journey: Search &gt; Filter &gt; View details" classname="user-journey-tests.spec.ts" time="15.867">
<failure message="user-journey-tests.spec.ts:50:9 ✅ User discovery journey: Search &gt; Filter &gt; View details" type="FAILURE">
<![CDATA[  [chromium] › user-journey-tests.spec.ts:50:9 › 🚀 User Journey Tests - Phase 4 › 👰 Bride/Groom Wedding Planning Journey › ✅ User discovery journey: Search > Filter > View details 

    TimeoutError: page.waitForURL: Timeout 10000ms exceeded.
    =========================== logs ===========================
    waiting for navigation until "load"
    ============================================================

      12 |   await page.fill('input[name="password"]', password)
      13 |   await page.click('button[type="submit"]')
    > 14 |   await page.waitForURL(/\/dashboard/, { timeout: 10000 })
         |              ^
      15 | }
      16 |
      17 | test.describe('🚀 User Journey Tests - Phase 4', () => {
        at login (/Users/asithalakmal/Documents/web/final project/WeddingLK-next copy/tests/e2e/user-journey-tests.spec.ts:14:14)
        at /Users/asithalakmal/Documents/web/final project/WeddingLK-next copy/tests/e2e/user-journey-tests.spec.ts:51:7

    attachment #1: screenshot (image/png) ──────────────────────────────────────────────────────────
    ../../test-results/user-journey-tests-🚀-User-07f13--Search-Filter-View-details-chromium/test-failed-1.png
    ────────────────────────────────────────────────────────────────────────────────────────────────

    attachment #2: video (video/webm) ──────────────────────────────────────────────────────────────
    ../../test-results/user-journey-tests-🚀-User-07f13--Search-Filter-View-details-chromium/video.webm
    ────────────────────────────────────────────────────────────────────────────────────────────────

    Error Context: ../../test-results/user-journey-tests-🚀-User-07f13--Search-Filter-View-details-chromium/error-context.md
]]>
</failure>
<system-out>
<![CDATA[
[[ATTACHMENT|test-results/user-journey-tests-🚀-User-07f13--Search-Filter-View-details-chromium/test-failed-1.png]]

[[ATTACHMENT|test-results/user-journey-tests-🚀-User-07f13--Search-Filter-View-details-chromium/video.webm]]

[[ATTACHMENT|test-results/user-journey-tests-🚀-User-07f13--Search-Filter-View-details-chromium/error-context.md]]
]]>
</system-out>
</testcase>
<testcase name="🚀 User Journey Tests - Phase 4 › 👰 Bride/Groom Wedding Planning Journey › ✅ User favorites journey: Add &gt; View &gt; Remove" classname="user-journey-tests.spec.ts" time="16.944">
<failure message="user-journey-tests.spec.ts:61:9 ✅ User favorites journey: Add &gt; View &gt; Remove" type="FAILURE">
<![CDATA[  [chromium] › user-journey-tests.spec.ts:61:9 › 🚀 User Journey Tests - Phase 4 › 👰 Bride/Groom Wedding Planning Journey › ✅ User favorites journey: Add > View > Remove 

    TimeoutError: page.waitForURL: Timeout 10000ms exceeded.
    =========================== logs ===========================
    waiting for navigation until "load"
    ============================================================

      12 |   await page.fill('input[name="password"]', password)
      13 |   await page.click('button[type="submit"]')
    > 14 |   await page.waitForURL(/\/dashboard/, { timeout: 10000 })
         |              ^
      15 | }
      16 |
      17 | test.describe('🚀 User Journey Tests - Phase 4', () => {
        at login (/Users/asithalakmal/Documents/web/final project/WeddingLK-next copy/tests/e2e/user-journey-tests.spec.ts:14:14)
        at /Users/asithalakmal/Documents/web/final project/WeddingLK-next copy/tests/e2e/user-journey-tests.spec.ts:62:7

    attachment #1: screenshot (image/png) ──────────────────────────────────────────────────────────
    ../../test-results/user-journey-tests-🚀-User-a9d06-tes-journey-Add-View-Remove-chromium/test-failed-1.png
    ────────────────────────────────────────────────────────────────────────────────────────────────

    attachment #2: video (video/webm) ──────────────────────────────────────────────────────────────
    ../../test-results/user-journey-tests-🚀-User-a9d06-tes-journey-Add-View-Remove-chromium/video.webm
    ────────────────────────────────────────────────────────────────────────────────────────────────

    Error Context: ../../test-results/user-journey-tests-🚀-User-a9d06-tes-journey-Add-View-Remove-chromium/error-context.md
]]>
</failure>
<system-out>
<![CDATA[
[[ATTACHMENT|test-results/user-journey-tests-🚀-User-a9d06-tes-journey-Add-View-Remove-chromium/test-failed-1.png]]

[[ATTACHMENT|test-results/user-journey-tests-🚀-User-a9d06-tes-journey-Add-View-Remove-chromium/video.webm]]

[[ATTACHMENT|test-results/user-journey-tests-🚀-User-a9d06-tes-journey-Add-View-Remove-chromium/error-context.md]]
]]>
</system-out>
</testcase>
<testcase name="🚀 User Journey Tests - Phase 4 › 👰 Bride/Groom Wedding Planning Journey › ✅ User booking inquiry journey" classname="user-journey-tests.spec.ts" time="20.265">
<failure message="user-journey-tests.spec.ts:72:9 ✅ User booking inquiry journey" type="FAILURE">
<![CDATA[  [chromium] › user-journey-tests.spec.ts:72:9 › 🚀 User Journey Tests - Phase 4 › 👰 Bride/Groom Wedding Planning Journey › ✅ User booking inquiry journey 

    TimeoutError: page.waitForURL: Timeout 10000ms exceeded.
    =========================== logs ===========================
    waiting for navigation until "load"
    ============================================================

      12 |   await page.fill('input[name="password"]', password)
      13 |   await page.click('button[type="submit"]')
    > 14 |   await page.waitForURL(/\/dashboard/, { timeout: 10000 })
         |              ^
      15 | }
      16 |
      17 | test.describe('🚀 User Journey Tests - Phase 4', () => {
        at login (/Users/asithalakmal/Documents/web/final project/WeddingLK-next copy/tests/e2e/user-journey-tests.spec.ts:14:14)
        at /Users/asithalakmal/Documents/web/final project/WeddingLK-next copy/tests/e2e/user-journey-tests.spec.ts:73:7

    attachment #1: screenshot (image/png) ──────────────────────────────────────────────────────────
    ../../test-results/user-journey-tests-🚀-User-1b852-ser-booking-inquiry-journey-chromium/test-failed-1.png
    ────────────────────────────────────────────────────────────────────────────────────────────────

    attachment #2: video (video/webm) ──────────────────────────────────────────────────────────────
    ../../test-results/user-journey-tests-🚀-User-1b852-ser-booking-inquiry-journey-chromium/video.webm
    ────────────────────────────────────────────────────────────────────────────────────────────────

    Error Context: ../../test-results/user-journey-tests-🚀-User-1b852-ser-booking-inquiry-journey-chromium/error-context.md
]]>
</failure>
<system-out>
<![CDATA[
[[ATTACHMENT|test-results/user-journey-tests-🚀-User-1b852-ser-booking-inquiry-journey-chromium/test-failed-1.png]]

[[ATTACHMENT|test-results/user-journey-tests-🚀-User-1b852-ser-booking-inquiry-journey-chromium/video.webm]]

[[ATTACHMENT|test-results/user-journey-tests-🚀-User-1b852-ser-booking-inquiry-journey-chromium/error-context.md]]
]]>
</system-out>
</testcase>
<testcase name="🚀 User Journey Tests - Phase 4 › 👰 Bride/Groom Wedding Planning Journey › ✅ User profile completion journey" classname="user-journey-tests.spec.ts" time="20.165">
<failure message="user-journey-tests.spec.ts:83:9 ✅ User profile completion journey" type="FAILURE">
<![CDATA[  [chromium] › user-journey-tests.spec.ts:83:9 › 🚀 User Journey Tests - Phase 4 › 👰 Bride/Groom Wedding Planning Journey › ✅ User profile completion journey 

    TimeoutError: page.waitForURL: Timeout 10000ms exceeded.
    =========================== logs ===========================
    waiting for navigation until "load"
    ============================================================

      12 |   await page.fill('input[name="password"]', password)
      13 |   await page.click('button[type="submit"]')
    > 14 |   await page.waitForURL(/\/dashboard/, { timeout: 10000 })
         |              ^
      15 | }
      16 |
      17 | test.describe('🚀 User Journey Tests - Phase 4', () => {
        at login (/Users/asithalakmal/Documents/web/final project/WeddingLK-next copy/tests/e2e/user-journey-tests.spec.ts:14:14)
        at /Users/asithalakmal/Documents/web/final project/WeddingLK-next copy/tests/e2e/user-journey-tests.spec.ts:84:7

    attachment #1: screenshot (image/png) ──────────────────────────────────────────────────────────
    ../../test-results/user-journey-tests-🚀-User-2cdfe--profile-completion-journey-chromium/test-failed-1.png
    ────────────────────────────────────────────────────────────────────────────────────────────────

    attachment #2: video (video/webm) ──────────────────────────────────────────────────────────────
    ../../test-results/user-journey-tests-🚀-User-2cdfe--profile-completion-journey-chromium/video.webm
    ────────────────────────────────────────────────────────────────────────────────────────────────

    Error Context: ../../test-results/user-journey-tests-🚀-User-2cdfe--profile-completion-journey-chromium/error-context.md
]]>
</failure>
<system-out>
<![CDATA[
[[ATTACHMENT|test-results/user-journey-tests-🚀-User-2cdfe--profile-completion-journey-chromium/test-failed-1.png]]

[[ATTACHMENT|test-results/user-journey-tests-🚀-User-2cdfe--profile-completion-journey-chromium/video.webm]]

[[ATTACHMENT|test-results/user-journey-tests-🚀-User-2cdfe--profile-completion-journey-chromium/error-context.md]]
]]>
</system-out>
</testcase>
<testcase name="🚀 User Journey Tests - Phase 4 › 👰 Bride/Groom Wedding Planning Journey › ✅ User settings &amp; preferences journey" classname="user-journey-tests.spec.ts" time="17.548">
<failure message="user-journey-tests.spec.ts:100:9 ✅ User settings &amp; preferences journey" type="FAILURE">
<![CDATA[  [chromium] › user-journey-tests.spec.ts:100:9 › 🚀 User Journey Tests - Phase 4 › 👰 Bride/Groom Wedding Planning Journey › ✅ User settings & preferences journey 

    TimeoutError: page.waitForURL: Timeout 10000ms exceeded.
    =========================== logs ===========================
    waiting for navigation until "load"
    ============================================================

      12 |   await page.fill('input[name="password"]', password)
      13 |   await page.click('button[type="submit"]')
    > 14 |   await page.waitForURL(/\/dashboard/, { timeout: 10000 })
         |              ^
      15 | }
      16 |
      17 | test.describe('🚀 User Journey Tests - Phase 4', () => {
        at login (/Users/asithalakmal/Documents/web/final project/WeddingLK-next copy/tests/e2e/user-journey-tests.spec.ts:14:14)
        at /Users/asithalakmal/Documents/web/final project/WeddingLK-next copy/tests/e2e/user-journey-tests.spec.ts:101:7

    attachment #1: screenshot (image/png) ──────────────────────────────────────────────────────────
    ../../test-results/user-journey-tests-🚀-User-a533d-ettings-preferences-journey-chromium/test-failed-1.png
    ────────────────────────────────────────────────────────────────────────────────────────────────

    attachment #2: video (video/webm) ──────────────────────────────────────────────────────────────
    ../../test-results/user-journey-tests-🚀-User-a533d-ettings-preferences-journey-chromium/video.webm
    ────────────────────────────────────────────────────────────────────────────────────────────────

    Error Context: ../../test-results/user-journey-tests-🚀-User-a533d-ettings-preferences-journey-chromium/error-context.md
]]>
</failure>
<system-out>
<![CDATA[
[[ATTACHMENT|test-results/user-journey-tests-🚀-User-a533d-ettings-preferences-journey-chromium/test-failed-1.png]]

[[ATTACHMENT|test-results/user-journey-tests-🚀-User-a533d-ettings-preferences-journey-chromium/video.webm]]

[[ATTACHMENT|test-results/user-journey-tests-🚀-User-a533d-ettings-preferences-journey-chromium/error-context.md]]
]]>
</system-out>
</testcase>
<testcase name="🚀 User Journey Tests - Phase 4 › 📸 Vendor Business Journey › ✅ Complete vendor onboarding &amp; service setup" classname="user-journey-tests.spec.ts" time="18.73">
<failure message="user-journey-tests.spec.ts:124:9 ✅ Complete vendor onboarding &amp; service setup" type="FAILURE">
<![CDATA[  [chromium] › user-journey-tests.spec.ts:124:9 › 🚀 User Journey Tests - Phase 4 › 📸 Vendor Business Journey › ✅ Complete vendor onboarding & service setup 

    TimeoutError: page.waitForURL: Timeout 10000ms exceeded.
    =========================== logs ===========================
    waiting for navigation until "load"
    ============================================================

      12 |   await page.fill('input[name="password"]', password)
      13 |   await page.click('button[type="submit"]')
    > 14 |   await page.waitForURL(/\/dashboard/, { timeout: 10000 })
         |              ^
      15 | }
      16 |
      17 | test.describe('🚀 User Journey Tests - Phase 4', () => {
        at login (/Users/asithalakmal/Documents/web/final project/WeddingLK-next copy/tests/e2e/user-journey-tests.spec.ts:14:14)
        at /Users/asithalakmal/Documents/web/final project/WeddingLK-next copy/tests/e2e/user-journey-tests.spec.ts:125:7

    attachment #1: screenshot (image/png) ──────────────────────────────────────────────────────────
    ../../test-results/user-journey-tests-🚀-User-a8ee2-or-onboarding-service-setup-chromium/test-failed-1.png
    ────────────────────────────────────────────────────────────────────────────────────────────────

    attachment #2: video (video/webm) ──────────────────────────────────────────────────────────────
    ../../test-results/user-journey-tests-🚀-User-a8ee2-or-onboarding-service-setup-chromium/video.webm
    ────────────────────────────────────────────────────────────────────────────────────────────────

    Error Context: ../../test-results/user-journey-tests-🚀-User-a8ee2-or-onboarding-service-setup-chromium/error-context.md
]]>
</failure>
<system-out>
<![CDATA[
[[ATTACHMENT|test-results/user-journey-tests-🚀-User-a8ee2-or-onboarding-service-setup-chromium/test-failed-1.png]]

[[ATTACHMENT|test-results/user-journey-tests-🚀-User-a8ee2-or-onboarding-service-setup-chromium/video.webm]]

[[ATTACHMENT|test-results/user-journey-tests-🚀-User-a8ee2-or-onboarding-service-setup-chromium/error-context.md]]
]]>
</system-out>
</testcase>
<testcase name="🚀 User Journey Tests - Phase 4 › 📸 Vendor Business Journey › ✅ Vendor booking management journey" classname="user-journey-tests.spec.ts" time="38.363">
<failure message="user-journey-tests.spec.ts:138:9 ✅ Vendor booking management journey" type="FAILURE">
<![CDATA[  [chromium] › user-journey-tests.spec.ts:138:9 › 🚀 User Journey Tests - Phase 4 › 📸 Vendor Business Journey › ✅ Vendor booking management journey 

    TimeoutError: page.waitForURL: Timeout 10000ms exceeded.
    =========================== logs ===========================
    waiting for navigation until "load"
    ============================================================

      12 |   await page.fill('input[name="password"]', password)
      13 |   await page.click('button[type="submit"]')
    > 14 |   await page.waitForURL(/\/dashboard/, { timeout: 10000 })
         |              ^
      15 | }
      16 |
      17 | test.describe('🚀 User Journey Tests - Phase 4', () => {
        at login (/Users/asithalakmal/Documents/web/final project/WeddingLK-next copy/tests/e2e/user-journey-tests.spec.ts:14:14)
        at /Users/asithalakmal/Documents/web/final project/WeddingLK-next copy/tests/e2e/user-journey-tests.spec.ts:139:7

    attachment #1: screenshot (image/png) ──────────────────────────────────────────────────────────
    ../../test-results/user-journey-tests-🚀-User-c14c3--booking-management-journey-chromium/test-failed-1.png
    ────────────────────────────────────────────────────────────────────────────────────────────────

    attachment #2: video (video/webm) ──────────────────────────────────────────────────────────────
    ../../test-results/user-journey-tests-🚀-User-c14c3--booking-management-journey-chromium/video.webm
    ────────────────────────────────────────────────────────────────────────────────────────────────

    Error Context: ../../test-results/user-journey-tests-🚀-User-c14c3--booking-management-journey-chromium/error-context.md
]]>
</failure>
<system-out>
<![CDATA[
[[ATTACHMENT|test-results/user-journey-tests-🚀-User-c14c3--booking-management-journey-chromium/test-failed-1.png]]

[[ATTACHMENT|test-results/user-journey-tests-🚀-User-c14c3--booking-management-journey-chromium/video.webm]]

[[ATTACHMENT|test-results/user-journey-tests-🚀-User-c14c3--booking-management-journey-chromium/error-context.md]]
]]>
</system-out>
</testcase>
<testcase name="🚀 User Journey Tests - Phase 4 › 📸 Vendor Business Journey › ✅ Vendor profile &amp; portfolio journey" classname="user-journey-tests.spec.ts" time="20.778">
<failure message="user-journey-tests.spec.ts:149:9 ✅ Vendor profile &amp; portfolio journey" type="FAILURE">
<![CDATA[  [chromium] › user-journey-tests.spec.ts:149:9 › 🚀 User Journey Tests - Phase 4 › 📸 Vendor Business Journey › ✅ Vendor profile & portfolio journey 

    TimeoutError: page.waitForURL: Timeout 10000ms exceeded.
    =========================== logs ===========================
    waiting for navigation until "load"
    ============================================================

      12 |   await page.fill('input[name="password"]', password)
      13 |   await page.click('button[type="submit"]')
    > 14 |   await page.waitForURL(/\/dashboard/, { timeout: 10000 })
         |              ^
      15 | }
      16 |
      17 | test.describe('🚀 User Journey Tests - Phase 4', () => {
        at login (/Users/asithalakmal/Documents/web/final project/WeddingLK-next copy/tests/e2e/user-journey-tests.spec.ts:14:14)
        at /Users/asithalakmal/Documents/web/final project/WeddingLK-next copy/tests/e2e/user-journey-tests.spec.ts:150:7

    attachment #1: screenshot (image/png) ──────────────────────────────────────────────────────────
    ../../test-results/user-journey-tests-🚀-User-56b28-r-profile-portfolio-journey-chromium/test-failed-1.png
    ────────────────────────────────────────────────────────────────────────────────────────────────

    attachment #2: video (video/webm) ──────────────────────────────────────────────────────────────
    ../../test-results/user-journey-tests-🚀-User-56b28-r-profile-portfolio-journey-chromium/video.webm
    ────────────────────────────────────────────────────────────────────────────────────────────────

    Error Context: ../../test-results/user-journey-tests-🚀-User-56b28-r-profile-portfolio-journey-chromium/error-context.md
]]>
</failure>
<system-out>
<![CDATA[
[[ATTACHMENT|test-results/user-journey-tests-🚀-User-56b28-r-profile-portfolio-journey-chromium/test-failed-1.png]]

[[ATTACHMENT|test-results/user-journey-tests-🚀-User-56b28-r-profile-portfolio-journey-chromium/video.webm]]

[[ATTACHMENT|test-results/user-journey-tests-🚀-User-56b28-r-profile-portfolio-journey-chromium/error-context.md]]
]]>
</system-out>
</testcase>
<testcase name="🚀 User Journey Tests - Phase 4 › 📸 Vendor Business Journey › ✅ Vendor performance tracking journey" classname="user-journey-tests.spec.ts" time="23.889">
<failure message="user-journey-tests.spec.ts:160:9 ✅ Vendor performance tracking journey" type="FAILURE">
<![CDATA[  [chromium] › user-journey-tests.spec.ts:160:9 › 🚀 User Journey Tests - Phase 4 › 📸 Vendor Business Journey › ✅ Vendor performance tracking journey 

    TimeoutError: page.waitForURL: Timeout 10000ms exceeded.
    =========================== logs ===========================
    waiting for navigation until "load"
    ============================================================

      12 |   await page.fill('input[name="password"]', password)
      13 |   await page.click('button[type="submit"]')
    > 14 |   await page.waitForURL(/\/dashboard/, { timeout: 10000 })
         |              ^
      15 | }
      16 |
      17 | test.describe('🚀 User Journey Tests - Phase 4', () => {
        at login (/Users/asithalakmal/Documents/web/final project/WeddingLK-next copy/tests/e2e/user-journey-tests.spec.ts:14:14)
        at /Users/asithalakmal/Documents/web/final project/WeddingLK-next copy/tests/e2e/user-journey-tests.spec.ts:161:7

    attachment #1: screenshot (image/png) ──────────────────────────────────────────────────────────
    ../../test-results/user-journey-tests-🚀-User-f4aad-erformance-tracking-journey-chromium/test-failed-1.png
    ────────────────────────────────────────────────────────────────────────────────────────────────

    attachment #2: video (video/webm) ──────────────────────────────────────────────────────────────
    ../../test-results/user-journey-tests-🚀-User-f4aad-erformance-tracking-journey-chromium/video.webm
    ────────────────────────────────────────────────────────────────────────────────────────────────

    Error Context: ../../test-results/user-journey-tests-🚀-User-f4aad-erformance-tracking-journey-chromium/error-context.md
]]>
</failure>
<system-out>
<![CDATA[
[[ATTACHMENT|test-results/user-journey-tests-🚀-User-f4aad-erformance-tracking-journey-chromium/test-failed-1.png]]

[[ATTACHMENT|test-results/user-journey-tests-🚀-User-f4aad-erformance-tracking-journey-chromium/video.webm]]

[[ATTACHMENT|test-results/user-journey-tests-🚀-User-f4aad-erformance-tracking-journey-chromium/error-context.md]]
]]>
</system-out>
</testcase>
<testcase name="🚀 User Journey Tests - Phase 4 › 📸 Vendor Business Journey › ✅ Vendor service pricing journey" classname="user-journey-tests.spec.ts" time="21.647">
<failure message="user-journey-tests.spec.ts:170:9 ✅ Vendor service pricing journey" type="FAILURE">
<![CDATA[  [chromium] › user-journey-tests.spec.ts:170:9 › 🚀 User Journey Tests - Phase 4 › 📸 Vendor Business Journey › ✅ Vendor service pricing journey 

    TimeoutError: page.waitForURL: Timeout 10000ms exceeded.
    =========================== logs ===========================
    waiting for navigation until "load"
    ============================================================

      12 |   await page.fill('input[name="password"]', password)
      13 |   await page.click('button[type="submit"]')
    > 14 |   await page.waitForURL(/\/dashboard/, { timeout: 10000 })
         |              ^
      15 | }
      16 |
      17 | test.describe('🚀 User Journey Tests - Phase 4', () => {
        at login (/Users/asithalakmal/Documents/web/final project/WeddingLK-next copy/tests/e2e/user-journey-tests.spec.ts:14:14)
        at /Users/asithalakmal/Documents/web/final project/WeddingLK-next copy/tests/e2e/user-journey-tests.spec.ts:171:7

    attachment #1: screenshot (image/png) ──────────────────────────────────────────────────────────
    ../../test-results/user-journey-tests-🚀-User-9dea5-dor-service-pricing-journey-chromium/test-failed-1.png
    ────────────────────────────────────────────────────────────────────────────────────────────────

    attachment #2: video (video/webm) ──────────────────────────────────────────────────────────────
    ../../test-results/user-journey-tests-🚀-User-9dea5-dor-service-pricing-journey-chromium/video.webm
    ────────────────────────────────────────────────────────────────────────────────────────────────

    Error Context: ../../test-results/user-journey-tests-🚀-User-9dea5-dor-service-pricing-journey-chromium/error-context.md
]]>
</failure>
<system-out>
<![CDATA[
[[ATTACHMENT|test-results/user-journey-tests-🚀-User-9dea5-dor-service-pricing-journey-chromium/test-failed-1.png]]

[[ATTACHMENT|test-results/user-journey-tests-🚀-User-9dea5-dor-service-pricing-journey-chromium/video.webm]]

[[ATTACHMENT|test-results/user-journey-tests-🚀-User-9dea5-dor-service-pricing-journey-chromium/error-context.md]]
]]>
</system-out>
</testcase>
<testcase name="🚀 User Journey Tests - Phase 4 › 👑 Admin Platform Management Journey › ✅ Admin user management journey" classname="user-journey-tests.spec.ts" time="22.817">
<failure message="user-journey-tests.spec.ts:192:9 ✅ Admin user management journey" type="FAILURE">
<![CDATA[  [chromium] › user-journey-tests.spec.ts:192:9 › 🚀 User Journey Tests - Phase 4 › 👑 Admin Platform Management Journey › ✅ Admin user management journey 

    TimeoutError: page.waitForURL: Timeout 10000ms exceeded.
    =========================== logs ===========================
    waiting for navigation until "load"
    ============================================================

      12 |   await page.fill('input[name="password"]', password)
      13 |   await page.click('button[type="submit"]')
    > 14 |   await page.waitForURL(/\/dashboard/, { timeout: 10000 })
         |              ^
      15 | }
      16 |
      17 | test.describe('🚀 User Journey Tests - Phase 4', () => {
        at login (/Users/asithalakmal/Documents/web/final project/WeddingLK-next copy/tests/e2e/user-journey-tests.spec.ts:14:14)
        at /Users/asithalakmal/Documents/web/final project/WeddingLK-next copy/tests/e2e/user-journey-tests.spec.ts:193:7

    attachment #1: screenshot (image/png) ──────────────────────────────────────────────────────────
    ../../test-results/user-journey-tests-🚀-User-ab267-min-user-management-journey-chromium/test-failed-1.png
    ────────────────────────────────────────────────────────────────────────────────────────────────

    attachment #2: video (video/webm) ──────────────────────────────────────────────────────────────
    ../../test-results/user-journey-tests-🚀-User-ab267-min-user-management-journey-chromium/video.webm
    ────────────────────────────────────────────────────────────────────────────────────────────────

    Error Context: ../../test-results/user-journey-tests-🚀-User-ab267-min-user-management-journey-chromium/error-context.md
]]>
</failure>
<system-out>
<![CDATA[
[[ATTACHMENT|test-results/user-journey-tests-🚀-User-ab267-min-user-management-journey-chromium/test-failed-1.png]]

[[ATTACHMENT|test-results/user-journey-tests-🚀-User-ab267-min-user-management-journey-chromium/video.webm]]

[[ATTACHMENT|test-results/user-journey-tests-🚀-User-ab267-min-user-management-journey-chromium/error-context.md]]
]]>
</system-out>
</testcase>
<testcase name="🚀 User Journey Tests - Phase 4 › 👑 Admin Platform Management Journey › ✅ Admin analytics &amp; reporting journey" classname="user-journey-tests.spec.ts" time="23.321">
<failure message="user-journey-tests.spec.ts:203:9 ✅ Admin analytics &amp; reporting journey" type="FAILURE">
<![CDATA[  [chromium] › user-journey-tests.spec.ts:203:9 › 🚀 User Journey Tests - Phase 4 › 👑 Admin Platform Management Journey › ✅ Admin analytics & reporting journey 

    TimeoutError: page.waitForURL: Timeout 10000ms exceeded.
    =========================== logs ===========================
    waiting for navigation until "load"
    ============================================================

      12 |   await page.fill('input[name="password"]', password)
      13 |   await page.click('button[type="submit"]')
    > 14 |   await page.waitForURL(/\/dashboard/, { timeout: 10000 })
         |              ^
      15 | }
      16 |
      17 | test.describe('🚀 User Journey Tests - Phase 4', () => {
        at login (/Users/asithalakmal/Documents/web/final project/WeddingLK-next copy/tests/e2e/user-journey-tests.spec.ts:14:14)
        at /Users/asithalakmal/Documents/web/final project/WeddingLK-next copy/tests/e2e/user-journey-tests.spec.ts:204:7

    attachment #1: screenshot (image/png) ──────────────────────────────────────────────────────────
    ../../test-results/user-journey-tests-🚀-User-8009b-analytics-reporting-journey-chromium/test-failed-1.png
    ────────────────────────────────────────────────────────────────────────────────────────────────

    attachment #2: video (video/webm) ──────────────────────────────────────────────────────────────
    ../../test-results/user-journey-tests-🚀-User-8009b-analytics-reporting-journey-chromium/video.webm
    ────────────────────────────────────────────────────────────────────────────────────────────────

    Error Context: ../../test-results/user-journey-tests-🚀-User-8009b-analytics-reporting-journey-chromium/error-context.md
]]>
</failure>
<system-out>
<![CDATA[
[[ATTACHMENT|test-results/user-journey-tests-🚀-User-8009b-analytics-reporting-journey-chromium/test-failed-1.png]]

[[ATTACHMENT|test-results/user-journey-tests-🚀-User-8009b-analytics-reporting-journey-chromium/video.webm]]

[[ATTACHMENT|test-results/user-journey-tests-🚀-User-8009b-analytics-reporting-journey-chromium/error-context.md]]
]]>
</system-out>
</testcase>
<testcase name="🚀 User Journey Tests - Phase 4 › 👑 Admin Platform Management Journey › ✅ Admin platform settings journey" classname="user-journey-tests.spec.ts" time="16.163">
<failure message="user-journey-tests.spec.ts:214:9 ✅ Admin platform settings journey" type="FAILURE">
<![CDATA[  [chromium] › user-journey-tests.spec.ts:214:9 › 🚀 User Journey Tests - Phase 4 › 👑 Admin Platform Management Journey › ✅ Admin platform settings journey 

    TimeoutError: page.waitForURL: Timeout 10000ms exceeded.
    =========================== logs ===========================
    waiting for navigation until "load"
    ============================================================

      12 |   await page.fill('input[name="password"]', password)
      13 |   await page.click('button[type="submit"]')
    > 14 |   await page.waitForURL(/\/dashboard/, { timeout: 10000 })
         |              ^
      15 | }
      16 |
      17 | test.describe('🚀 User Journey Tests - Phase 4', () => {
        at login (/Users/asithalakmal/Documents/web/final project/WeddingLK-next copy/tests/e2e/user-journey-tests.spec.ts:14:14)
        at /Users/asithalakmal/Documents/web/final project/WeddingLK-next copy/tests/e2e/user-journey-tests.spec.ts:215:7

    attachment #1: screenshot (image/png) ──────────────────────────────────────────────────────────
    ../../test-results/user-journey-tests-🚀-User-eb937-n-platform-settings-journey-chromium/test-failed-1.png
    ────────────────────────────────────────────────────────────────────────────────────────────────

    attachment #2: video (video/webm) ──────────────────────────────────────────────────────────────
    ../../test-results/user-journey-tests-🚀-User-eb937-n-platform-settings-journey-chromium/video.webm
    ────────────────────────────────────────────────────────────────────────────────────────────────

    Error Context: ../../test-results/user-journey-tests-🚀-User-eb937-n-platform-settings-journey-chromium/error-context.md
]]>
</failure>
<system-out>
<![CDATA[
[[ATTACHMENT|test-results/user-journey-tests-🚀-User-eb937-n-platform-settings-journey-chromium/test-failed-1.png]]

[[ATTACHMENT|test-results/user-journey-tests-🚀-User-eb937-n-platform-settings-journey-chromium/video.webm]]

[[ATTACHMENT|test-results/user-journey-tests-🚀-User-eb937-n-platform-settings-journey-chromium/error-context.md]]
]]>
</system-out>
</testcase>
<testcase name="🚀 User Journey Tests - Phase 4 › 👑 Admin Platform Management Journey › ✅ Admin content moderation journey" classname="user-journey-tests.spec.ts" time="17.712">
<failure message="user-journey-tests.spec.ts:225:9 ✅ Admin content moderation journey" type="FAILURE">
<![CDATA[  [chromium] › user-journey-tests.spec.ts:225:9 › 🚀 User Journey Tests - Phase 4 › 👑 Admin Platform Management Journey › ✅ Admin content moderation journey 

    TimeoutError: page.waitForURL: Timeout 10000ms exceeded.
    =========================== logs ===========================
    waiting for navigation until "load"
    ============================================================

      12 |   await page.fill('input[name="password"]', password)
      13 |   await page.click('button[type="submit"]')
    > 14 |   await page.waitForURL(/\/dashboard/, { timeout: 10000 })
         |              ^
      15 | }
      16 |
      17 | test.describe('🚀 User Journey Tests - Phase 4', () => {
        at login (/Users/asithalakmal/Documents/web/final project/WeddingLK-next copy/tests/e2e/user-journey-tests.spec.ts:14:14)
        at /Users/asithalakmal/Documents/web/final project/WeddingLK-next copy/tests/e2e/user-journey-tests.spec.ts:226:7

    attachment #1: screenshot (image/png) ──────────────────────────────────────────────────────────
    ../../test-results/user-journey-tests-🚀-User-98b1c--content-moderation-journey-chromium/test-failed-1.png
    ────────────────────────────────────────────────────────────────────────────────────────────────

    attachment #2: video (video/webm) ──────────────────────────────────────────────────────────────
    ../../test-results/user-journey-tests-🚀-User-98b1c--content-moderation-journey-chromium/video.webm
    ────────────────────────────────────────────────────────────────────────────────────────────────

    Error Context: ../../test-results/user-journey-tests-🚀-User-98b1c--content-moderation-journey-chromium/error-context.md
]]>
</failure>
<system-out>
<![CDATA[
[[ATTACHMENT|test-results/user-journey-tests-🚀-User-98b1c--content-moderation-journey-chromium/test-failed-1.png]]

[[ATTACHMENT|test-results/user-journey-tests-🚀-User-98b1c--content-moderation-journey-chromium/video.webm]]

[[ATTACHMENT|test-results/user-journey-tests-🚀-User-98b1c--content-moderation-journey-chromium/error-context.md]]
]]>
</system-out>
</testcase>
<testcase name="🚀 User Journey Tests - Phase 4 › 🔄 Cross-Platform User Journeys › ✅ Desktop to mobile navigation journey" classname="user-journey-tests.spec.ts" time="5.276">
</testcase>
<testcase name="🚀 User Journey Tests - Phase 4 › 🔄 Cross-Platform User Journeys › ✅ Public to authenticated user journey" classname="user-journey-tests.spec.ts" time="5.199">
<failure message="user-journey-tests.spec.ts:255:9 ✅ Public to authenticated user journey" type="FAILURE">
<![CDATA[  [chromium] › user-journey-tests.spec.ts:255:9 › 🚀 User Journey Tests - Phase 4 › 🔄 Cross-Platform User Journeys › ✅ Public to authenticated user journey 

    Error: locator.isVisible: Error: strict mode violation: locator('a[href="/venues"], a:has-text("Venues")') resolved to 2 elements:
        1) <a href="/venues" class="text-gray-700 hover:text-rose-500 dark:text-gray-300 dark:hover:text-rose-400 font-medium transition-colors">Venues</a> aka getByRole('navigation').getByRole('link', { name: 'Venues' })
        2) <a href="/venues" class="hover:text-white transition-colors">Venues</a> aka getByRole('main').getByRole('link', { name: 'Venues' })

    Call log:
        - checking visibility of locator('a[href="/venues"], a:has-text("Venues")')


      257 |       await page.goto('/')
      258 |       const venuesLink = page.locator('a[href="/venues"], a:has-text("Venues")')
    > 259 |       if (await venuesLink.isVisible()) {
          |                            ^
      260 |         await venuesLink.first().click()
      261 |       }
      262 |
        at /Users/asithalakmal/Documents/web/final project/WeddingLK-next copy/tests/e2e/user-journey-tests.spec.ts:259:28

    attachment #1: screenshot (image/png) ──────────────────────────────────────────────────────────
    ../../test-results/user-journey-tests-🚀-User-ac4ca--authenticated-user-journey-chromium/test-failed-1.png
    ────────────────────────────────────────────────────────────────────────────────────────────────

    attachment #2: video (video/webm) ──────────────────────────────────────────────────────────────
    ../../test-results/user-journey-tests-🚀-User-ac4ca--authenticated-user-journey-chromium/video.webm
    ────────────────────────────────────────────────────────────────────────────────────────────────

    Error Context: ../../test-results/user-journey-tests-🚀-User-ac4ca--authenticated-user-journey-chromium/error-context.md
]]>
</failure>
<system-out>
<![CDATA[
[[ATTACHMENT|test-results/user-journey-tests-🚀-User-ac4ca--authenticated-user-journey-chromium/test-failed-1.png]]

[[ATTACHMENT|test-results/user-journey-tests-🚀-User-ac4ca--authenticated-user-journey-chromium/video.webm]]

[[ATTACHMENT|test-results/user-journey-tests-🚀-User-ac4ca--authenticated-user-journey-chromium/error-context.md]]
]]>
</system-out>
</testcase>
<testcase name="🚀 User Journey Tests - Phase 4 › 🔄 Cross-Platform User Journeys › ✅ Multi-tab session persistence journey" classname="user-journey-tests.spec.ts" time="15.09">
<failure message="user-journey-tests.spec.ts:270:9 ✅ Multi-tab session persistence journey" type="FAILURE">
<![CDATA[  [chromium] › user-journey-tests.spec.ts:270:9 › 🚀 User Journey Tests - Phase 4 › 🔄 Cross-Platform User Journeys › ✅ Multi-tab session persistence journey 

    TimeoutError: page.waitForURL: Timeout 10000ms exceeded.
    =========================== logs ===========================
    waiting for navigation until "load"
    ============================================================

      274 |       await page.fill('input[name="password"]', TEST_USER.password)
      275 |       await page.click('button[type="submit"]')
    > 276 |       await page.waitForURL(/\/dashboard/, { timeout: 10000 })
          |                  ^
      277 |
      278 |       // Open second tab
      279 |       const page2 = await context.newPage()
        at /Users/asithalakmal/Documents/web/final project/WeddingLK-next copy/tests/e2e/user-journey-tests.spec.ts:276:18

    attachment #1: screenshot (image/png) ──────────────────────────────────────────────────────────
    ../../test-results/user-journey-tests-🚀-User-89e61-session-persistence-journey-chromium/test-failed-1.png
    ────────────────────────────────────────────────────────────────────────────────────────────────

    attachment #2: video (video/webm) ──────────────────────────────────────────────────────────────
    ../../test-results/user-journey-tests-🚀-User-89e61-session-persistence-journey-chromium/video.webm
    ────────────────────────────────────────────────────────────────────────────────────────────────

    Error Context: ../../test-results/user-journey-tests-🚀-User-89e61-session-persistence-journey-chromium/error-context.md
]]>
</failure>
<system-out>
<![CDATA[
[[ATTACHMENT|test-results/user-journey-tests-🚀-User-89e61-session-persistence-journey-chromium/test-failed-1.png]]

[[ATTACHMENT|test-results/user-journey-tests-🚀-User-89e61-session-persistence-journey-chromium/video.webm]]

[[ATTACHMENT|test-results/user-journey-tests-🚀-User-89e61-session-persistence-journey-chromium/error-context.md]]
]]>
</system-out>
</testcase>
<testcase name="🚀 User Journey Tests - Phase 4 › 🔄 Cross-Platform User Journeys › ✅ Search to details to booking journey" classname="user-journey-tests.spec.ts" time="17.328">
<failure message="user-journey-tests.spec.ts:288:9 ✅ Search to details to booking journey" type="FAILURE">
<![CDATA[  [chromium] › user-journey-tests.spec.ts:288:9 › 🚀 User Journey Tests - Phase 4 › 🔄 Cross-Platform User Journeys › ✅ Search to details to booking journey 

    TimeoutError: page.waitForURL: Timeout 10000ms exceeded.
    =========================== logs ===========================
    waiting for navigation until "load"
    ============================================================

      12 |   await page.fill('input[name="password"]', password)
      13 |   await page.click('button[type="submit"]')
    > 14 |   await page.waitForURL(/\/dashboard/, { timeout: 10000 })
         |              ^
      15 | }
      16 |
      17 | test.describe('🚀 User Journey Tests - Phase 4', () => {
        at login (/Users/asithalakmal/Documents/web/final project/WeddingLK-next copy/tests/e2e/user-journey-tests.spec.ts:14:14)
        at /Users/asithalakmal/Documents/web/final project/WeddingLK-next copy/tests/e2e/user-journey-tests.spec.ts:289:7

    attachment #1: screenshot (image/png) ──────────────────────────────────────────────────────────
    ../../test-results/user-journey-tests-🚀-User-11aff--details-to-booking-journey-chromium/test-failed-1.png
    ────────────────────────────────────────────────────────────────────────────────────────────────

    attachment #2: video (video/webm) ──────────────────────────────────────────────────────────────
    ../../test-results/user-journey-tests-🚀-User-11aff--details-to-booking-journey-chromium/video.webm
    ────────────────────────────────────────────────────────────────────────────────────────────────

    Error Context: ../../test-results/user-journey-tests-🚀-User-11aff--details-to-booking-journey-chromium/error-context.md
]]>
</failure>
<system-out>
<![CDATA[
[[ATTACHMENT|test-results/user-journey-tests-🚀-User-11aff--details-to-booking-journey-chromium/test-failed-1.png]]

[[ATTACHMENT|test-results/user-journey-tests-🚀-User-11aff--details-to-booking-journey-chromium/video.webm]]

[[ATTACHMENT|test-results/user-journey-tests-🚀-User-11aff--details-to-booking-journey-chromium/error-context.md]]
]]>
</system-out>
</testcase>
<testcase name="🚀 User Journey Tests - Phase 4 › 🔄 Error Recovery Journeys › ✅ Login failure recovery journey" classname="user-journey-tests.spec.ts" time="19.567">
<failure message="user-journey-tests.spec.ts:313:9 ✅ Login failure recovery journey" type="FAILURE">
<![CDATA[  [chromium] › user-journey-tests.spec.ts:313:9 › 🚀 User Journey Tests - Phase 4 › 🔄 Error Recovery Journeys › ✅ Login failure recovery journey 

    TimeoutError: page.waitForURL: Timeout 10000ms exceeded.
    =========================== logs ===========================
    waiting for navigation until "load"
    ============================================================

      330 |
      331 |       // Step 4: Successful redirect
    > 332 |       await page.waitForURL(/\/dashboard/, { timeout: 10000 })
          |                  ^
      333 |     })
      334 |
      335 |     test('✅ Network error recovery journey', async ({ page }) => {
        at /Users/asithalakmal/Documents/web/final project/WeddingLK-next copy/tests/e2e/user-journey-tests.spec.ts:332:18

    attachment #1: screenshot (image/png) ──────────────────────────────────────────────────────────
    ../../test-results/user-journey-tests-🚀-User-f38f6-in-failure-recovery-journey-chromium/test-failed-1.png
    ────────────────────────────────────────────────────────────────────────────────────────────────

    attachment #2: video (video/webm) ──────────────────────────────────────────────────────────────
    ../../test-results/user-journey-tests-🚀-User-f38f6-in-failure-recovery-journey-chromium/video.webm
    ────────────────────────────────────────────────────────────────────────────────────────────────

    Error Context: ../../test-results/user-journey-tests-🚀-User-f38f6-in-failure-recovery-journey-chromium/error-context.md
]]>
</failure>
<system-out>
<![CDATA[
[[ATTACHMENT|test-results/user-journey-tests-🚀-User-f38f6-in-failure-recovery-journey-chromium/test-failed-1.png]]

[[ATTACHMENT|test-results/user-journey-tests-🚀-User-f38f6-in-failure-recovery-journey-chromium/video.webm]]

[[ATTACHMENT|test-results/user-journey-tests-🚀-User-f38f6-in-failure-recovery-journey-chromium/error-context.md]]
]]>
</system-out>
</testcase>
<testcase name="🚀 User Journey Tests - Phase 4 › 🔄 Error Recovery Journeys › ✅ Network error recovery journey" classname="user-journey-tests.spec.ts" time="3.057">
<failure message="user-journey-tests.spec.ts:335:9 ✅ Network error recovery journey" type="FAILURE">
<![CDATA[  [chromium] › user-journey-tests.spec.ts:335:9 › 🚀 User Journey Tests - Phase 4 › 🔄 Error Recovery Journeys › ✅ Network error recovery journey 

    Error: locator.isVisible: Error: strict mode violation: locator('a[href="/venues"]') resolved to 2 elements:
        1) <a href="/venues" class="text-gray-700 hover:text-rose-500 dark:text-gray-300 dark:hover:text-rose-400 font-medium transition-colors">Venues</a> aka getByRole('navigation').getByRole('link', { name: 'Venues' })
        2) <a href="/venues" class="hover:text-white transition-colors">Venues</a> aka getByRole('contentinfo').getByRole('link', { name: 'Venues' })

    Call log:
        - checking visibility of locator('a[href="/venues"]')


      342 |       // Try to navigate
      343 |       const venuesLink = page.locator('a[href="/venues"]')
    > 344 |       if (await venuesLink.isVisible()) {
          |                            ^
      345 |         await venuesLink.first().click()
      346 |       }
      347 |
        at /Users/asithalakmal/Documents/web/final project/WeddingLK-next copy/tests/e2e/user-journey-tests.spec.ts:344:28

    attachment #1: screenshot (image/png) ──────────────────────────────────────────────────────────
    ../../test-results/user-journey-tests-🚀-User-be996-work-error-recovery-journey-chromium/test-failed-1.png
    ────────────────────────────────────────────────────────────────────────────────────────────────

    attachment #2: video (video/webm) ──────────────────────────────────────────────────────────────
    ../../test-results/user-journey-tests-🚀-User-be996-work-error-recovery-journey-chromium/video.webm
    ────────────────────────────────────────────────────────────────────────────────────────────────

    Error Context: ../../test-results/user-journey-tests-🚀-User-be996-work-error-recovery-journey-chromium/error-context.md
]]>
</failure>
<system-out>
<![CDATA[
[[ATTACHMENT|test-results/user-journey-tests-🚀-User-be996-work-error-recovery-journey-chromium/test-failed-1.png]]

[[ATTACHMENT|test-results/user-journey-tests-🚀-User-be996-work-error-recovery-journey-chromium/video.webm]]

[[ATTACHMENT|test-results/user-journey-tests-🚀-User-be996-work-error-recovery-journey-chromium/error-context.md]]
]]>
</system-out>
</testcase>
<testcase name="🚀 User Journey Tests - Phase 4 › 🔄 Error Recovery Journeys › ✅ Page timeout recovery journey" classname="user-journey-tests.spec.ts" time="7.442">
</testcase>
<testcase name="🚀 User Journey Tests - Phase 4 › 🔄 Error Recovery Journeys › ✅ 404 error recovery journey" classname="user-journey-tests.spec.ts" time="2.395">
</testcase>
<testcase name="🚀 User Journey Tests - Phase 4 › 🔄 Error Recovery Journeys › ✅ Session expiry recovery journey" classname="user-journey-tests.spec.ts" time="16.675">
<failure message="user-journey-tests.spec.ts:385:9 ✅ Session expiry recovery journey" type="FAILURE">
<![CDATA[  [chromium] › user-journey-tests.spec.ts:385:9 › 🚀 User Journey Tests - Phase 4 › 🔄 Error Recovery Journeys › ✅ Session expiry recovery journey 

    TimeoutError: page.waitForURL: Timeout 10000ms exceeded.
    =========================== logs ===========================
    waiting for navigation until "load"
    ============================================================

      12 |   await page.fill('input[name="password"]', password)
      13 |   await page.click('button[type="submit"]')
    > 14 |   await page.waitForURL(/\/dashboard/, { timeout: 10000 })
         |              ^
      15 | }
      16 |
      17 | test.describe('🚀 User Journey Tests - Phase 4', () => {
        at login (/Users/asithalakmal/Documents/web/final project/WeddingLK-next copy/tests/e2e/user-journey-tests.spec.ts:14:14)
        at /Users/asithalakmal/Documents/web/final project/WeddingLK-next copy/tests/e2e/user-journey-tests.spec.ts:387:7

    attachment #1: screenshot (image/png) ──────────────────────────────────────────────────────────
    ../../test-results/user-journey-tests-🚀-User-cee3f-ion-expiry-recovery-journey-chromium/test-failed-1.png
    ────────────────────────────────────────────────────────────────────────────────────────────────

    attachment #2: video (video/webm) ──────────────────────────────────────────────────────────────
    ../../test-results/user-journey-tests-🚀-User-cee3f-ion-expiry-recovery-journey-chromium/video.webm
    ────────────────────────────────────────────────────────────────────────────────────────────────

    Error Context: ../../test-results/user-journey-tests-🚀-User-cee3f-ion-expiry-recovery-journey-chromium/error-context.md
]]>
</failure>
<system-out>
<![CDATA[
[[ATTACHMENT|test-results/user-journey-tests-🚀-User-cee3f-ion-expiry-recovery-journey-chromium/test-failed-1.png]]

[[ATTACHMENT|test-results/user-journey-tests-🚀-User-cee3f-ion-expiry-recovery-journey-chromium/video.webm]]

[[ATTACHMENT|test-results/user-journey-tests-🚀-User-cee3f-ion-expiry-recovery-journey-chromium/error-context.md]]
]]>
</system-out>
</testcase>
<testcase name="🚀 User Journey Tests - Phase 4 › 🎯 Feature-Specific Journeys › ✅ Complete venue search journey" classname="user-journey-tests.spec.ts" time="3.107">
</testcase>
<testcase name="🚀 User Journey Tests - Phase 4 › 🎯 Feature-Specific Journeys › ✅ Complete vendor discovery journey" classname="user-journey-tests.spec.ts" time="3.725">
</testcase>
<testcase name="🚀 User Journey Tests - Phase 4 › 🎯 Feature-Specific Journeys › ✅ Complete AI search journey" classname="user-journey-tests.spec.ts" time="8.139">
</testcase>
<testcase name="🚀 User Journey Tests - Phase 4 › 🎯 Feature-Specific Journeys › ✅ Complete review &amp; rating journey" classname="user-journey-tests.spec.ts" time="16.549">
<failure message="user-journey-tests.spec.ts:456:9 ✅ Complete review &amp; rating journey" type="FAILURE">
<![CDATA[  [chromium] › user-journey-tests.spec.ts:456:9 › 🚀 User Journey Tests - Phase 4 › 🎯 Feature-Specific Journeys › ✅ Complete review & rating journey 

    TimeoutError: page.waitForURL: Timeout 10000ms exceeded.
    =========================== logs ===========================
    waiting for navigation until "load"
    ============================================================

      12 |   await page.fill('input[name="password"]', password)
      13 |   await page.click('button[type="submit"]')
    > 14 |   await page.waitForURL(/\/dashboard/, { timeout: 10000 })
         |              ^
      15 | }
      16 |
      17 | test.describe('🚀 User Journey Tests - Phase 4', () => {
        at login (/Users/asithalakmal/Documents/web/final project/WeddingLK-next copy/tests/e2e/user-journey-tests.spec.ts:14:14)
        at /Users/asithalakmal/Documents/web/final project/WeddingLK-next copy/tests/e2e/user-journey-tests.spec.ts:457:7

    attachment #1: screenshot (image/png) ──────────────────────────────────────────────────────────
    ../../test-results/user-journey-tests-🚀-User-ad287-plete-review-rating-journey-chromium/test-failed-1.png
    ────────────────────────────────────────────────────────────────────────────────────────────────

    attachment #2: video (video/webm) ──────────────────────────────────────────────────────────────
    ../../test-results/user-journey-tests-🚀-User-ad287-plete-review-rating-journey-chromium/video.webm
    ────────────────────────────────────────────────────────────────────────────────────────────────

    Error Context: ../../test-results/user-journey-tests-🚀-User-ad287-plete-review-rating-journey-chromium/error-context.md
]]>
</failure>
<system-out>
<![CDATA[
[[ATTACHMENT|test-results/user-journey-tests-🚀-User-ad287-plete-review-rating-journey-chromium/test-failed-1.png]]

[[ATTACHMENT|test-results/user-journey-tests-🚀-User-ad287-plete-review-rating-journey-chromium/video.webm]]

[[ATTACHMENT|test-results/user-journey-tests-🚀-User-ad287-plete-review-rating-journey-chromium/error-context.md]]
]]>
</system-out>
</testcase>
<testcase name="🚀 User Journey Tests - Phase 4 › 🎯 Feature-Specific Journeys › ✅ Complete checkout journey" classname="user-journey-tests.spec.ts" time="17.849">
<failure message="user-journey-tests.spec.ts:466:9 ✅ Complete checkout journey" type="FAILURE">
<![CDATA[  [chromium] › user-journey-tests.spec.ts:466:9 › 🚀 User Journey Tests - Phase 4 › 🎯 Feature-Specific Journeys › ✅ Complete checkout journey 

    TimeoutError: page.waitForURL: Timeout 10000ms exceeded.
    =========================== logs ===========================
    waiting for navigation until "load"
    ============================================================

      12 |   await page.fill('input[name="password"]', password)
      13 |   await page.click('button[type="submit"]')
    > 14 |   await page.waitForURL(/\/dashboard/, { timeout: 10000 })
         |              ^
      15 | }
      16 |
      17 | test.describe('🚀 User Journey Tests - Phase 4', () => {
        at login (/Users/asithalakmal/Documents/web/final project/WeddingLK-next copy/tests/e2e/user-journey-tests.spec.ts:14:14)
        at /Users/asithalakmal/Documents/web/final project/WeddingLK-next copy/tests/e2e/user-journey-tests.spec.ts:467:7

    attachment #1: screenshot (image/png) ──────────────────────────────────────────────────────────
    ../../test-results/user-journey-tests-🚀-User-18f5b-✅-Complete-checkout-journey-chromium/test-failed-1.png
    ────────────────────────────────────────────────────────────────────────────────────────────────

    attachment #2: video (video/webm) ──────────────────────────────────────────────────────────────
    ../../test-results/user-journey-tests-🚀-User-18f5b-✅-Complete-checkout-journey-chromium/video.webm
    ────────────────────────────────────────────────────────────────────────────────────────────────

    Error Context: ../../test-results/user-journey-tests-🚀-User-18f5b-✅-Complete-checkout-journey-chromium/error-context.md
]]>
</failure>
<system-out>
<![CDATA[
[[ATTACHMENT|test-results/user-journey-tests-🚀-User-18f5b-✅-Complete-checkout-journey-chromium/test-failed-1.png]]

[[ATTACHMENT|test-results/user-journey-tests-🚀-User-18f5b-✅-Complete-checkout-journey-chromium/video.webm]]

[[ATTACHMENT|test-results/user-journey-tests-🚀-User-18f5b-✅-Complete-checkout-journey-chromium/error-context.md]]
]]>
</system-out>
</testcase>
</testsuite>
<testsuite name="user-journey.spec.ts" timestamp="2025-10-24T16:55:39.999Z" hostname="chromium" tests="6" failures="0" skipped="6" time="0" errors="0">
<testcase name="DISABLED  › DISABLED: End-to-End Wedding Planning Journey" classname="user-journey.spec.ts" time="0">
<properties>
<property name="skip" value="">
</property>
<property name="skip" value="">
</property>
</properties>
<skipped>
</skipped>
</testcase>
<testcase name="DISABLED: 📸 Vendor Business Journey › DISABLED: Complete Vendor Onboarding and Management Journey" classname="user-journey.spec.ts" time="0">
<properties>
<property name="skip" value="">
</property>
<property name="skip" value="">
</property>
</properties>
<skipped>
</skipped>
</testcase>
<testcase name="DISABLED: 👰 Wedding Planner Professional Journey › DISABLED: Complete Wedding Planner Workflow" classname="user-journey.spec.ts" time="0">
<properties>
<property name="skip" value="">
</property>
<property name="skip" value="">
</property>
</properties>
<skipped>
</skipped>
</testcase>
<testcase name="DISABLED: 👑 Admin Platform Management Journey › DISABLED: Complete Admin Platform Management" classname="user-journey.spec.ts" time="0">
<properties>
<property name="skip" value="">
</property>
<property name="skip" value="">
</property>
</properties>
<skipped>
</skipped>
</testcase>
<testcase name="DISABLED: 🔄 Cross-Platform Integration Journey › DISABLED: Mobile and Web Integration" classname="user-journey.spec.ts" time="0">
<properties>
<property name="skip" value="">
</property>
<property name="skip" value="">
</property>
</properties>
<skipped>
</skipped>
</testcase>
<testcase name="DISABLED: 🚨 Error Handling and Recovery Journey › DISABLED: Application Error Recovery" classname="user-journey.spec.ts" time="0">
<properties>
<property name="skip" value="">
</property>
<property name="skip" value="">
</property>
</properties>
<skipped>
</skipped>
</testcase>
</testsuite>
<testsuite name="vendor.spec.ts" timestamp="2025-10-24T16:55:39.999Z" hostname="chromium" tests="5" failures="0" skipped="5" time="0" errors="0">
<testcase name="Vendor Management › DISABLED: Vendor registration and onboarding" classname="vendor.spec.ts" time="0">
<properties>
<property name="skip" value="">
</property>
</properties>
<skipped>
</skipped>
</testcase>
<testcase name="Vendor Management › DISABLED: Vendor service creation and portfolio upload" classname="vendor.spec.ts" time="0">
<properties>
<property name="skip" value="">
</property>
</properties>
<skipped>
</skipped>
</testcase>
<testcase name="Vendor Management › DISABLED: Vendor booking management" classname="vendor.spec.ts" time="0">
<properties>
<property name="skip" value="">
</property>
</properties>
<skipped>
</skipped>
</testcase>
<testcase name="Vendor Management › DISABLED: Vendor profile and portfolio management" classname="vendor.spec.ts" time="0">
<properties>
<property name="skip" value="">
</property>
</properties>
<skipped>
</skipped>
</testcase>
<testcase name="Vendor Management › DISABLED: Vendor analytics and performance tracking" classname="vendor.spec.ts" time="0">
<properties>
<property name="skip" value="">
</property>
</properties>
<skipped>
</skipped>
</testcase>
</testsuite>
<testsuite name="venue.spec.ts" timestamp="2025-10-24T16:55:39.999Z" hostname="chromium" tests="6" failures="0" skipped="6" time="0" errors="0">
<testcase name="Venue Management › DISABLED: Venue search and filtering" classname="venue.spec.ts" time="0">
<properties>
<property name="skip" value="">
</property>
</properties>
<skipped>
</skipped>
</testcase>
<testcase name="Venue Management › DISABLED: Venue details and booking inquiry" classname="venue.spec.ts" time="0">
<properties>
<property name="skip" value="">
</property>
</properties>
<skipped>
</skipped>
</testcase>
<testcase name="Venue Management › DISABLED: Venue availability calendar" classname="venue.spec.ts" time="0">
<properties>
<property name="skip" value="">
</property>
</properties>
<skipped>
</skipped>
</testcase>
<testcase name="Venue Management › DISABLED: Venue reviews and ratings" classname="venue.spec.ts" time="0">
<properties>
<property name="skip" value="">
</property>
</properties>
<skipped>
</skipped>
</testcase>
<testcase name="Venue Management › DISABLED: Venue owner management" classname="venue.spec.ts" time="0">
<properties>
<property name="skip" value="">
</property>
</properties>
<skipped>
</skipped>
</testcase>
<testcase name="Venue Management › DISABLED: Venue booking management" classname="venue.spec.ts" time="0">
<properties>
<property name="skip" value="">
</property>
</properties>
<skipped>
</skipped>
</testcase>
</testsuite>
<testsuite name="api-integration.spec.ts" timestamp="2025-10-24T16:55:39.999Z" hostname="firefox" tests="55" failures="45" skipped="4" time="505.755" errors="0">
<testcase name="🔐 Authentication API Tests › DISABLED: User Registration API" classname="api-integration.spec.ts" time="0">
<properties>
<property name="skip" value="">
</property>
</properties>
<skipped>
</skipped>
</testcase>
<testcase name="🔐 Authentication API Tests › DISABLED: User Login API" classname="api-integration.spec.ts" time="0">
<properties>
<property name="skip" value="">
</property>
</properties>
<skipped>
</skipped>
</testcase>
<testcase name="🔐 Authentication API Tests › Invalid Login API" classname="api-integration.spec.ts" time="6.975">
<failure message="api-integration.spec.ts:87:7 Invalid Login API" type="FAILURE">
<![CDATA[  [firefox] › api-integration.spec.ts:87:7 › 🔐 Authentication API Tests › Invalid Login API ───────

    Error: expect(received).toBe(expected) // Object.is equality

    Expected: 401
    Received: 405

      93 |     });
      94 |     
    > 95 |     expect(response.status()).toBe(401);
         |                               ^
      96 |     const data = await response.json();
      97 |     expect(data.success).toBe(false);
      98 |     expect(data.message).toContain('Invalid credentials');
        at /Users/asithalakmal/Documents/web/final project/WeddingLK-next copy/tests/e2e/api-integration.spec.ts:95:31

    attachment #1: screenshot (image/png) ──────────────────────────────────────────────────────────
    ../../test-results/api-integration-🔐-Authent-4b7fb-API-Tests-Invalid-Login-API-firefox/test-failed-1.png
    ────────────────────────────────────────────────────────────────────────────────────────────────

    attachment #2: video (video/webm) ──────────────────────────────────────────────────────────────
    ../../test-results/api-integration-🔐-Authent-4b7fb-API-Tests-Invalid-Login-API-firefox/video.webm
    ────────────────────────────────────────────────────────────────────────────────────────────────
]]>
</failure>
<system-out>
<![CDATA[
[[ATTACHMENT|test-results/api-integration-🔐-Authent-4b7fb-API-Tests-Invalid-Login-API-firefox/test-failed-1.png]]

[[ATTACHMENT|test-results/api-integration-🔐-Authent-4b7fb-API-Tests-Invalid-Login-API-firefox/video.webm]]
]]>
</system-out>
</testcase>
<testcase name="🔐 Authentication API Tests › DISABLED: Password Reset API" classname="api-integration.spec.ts" time="0">
<properties>
<property name="skip" value="">
</property>
</properties>
<skipped>
</skipped>
</testcase>
<testcase name="🔐 Authentication API Tests › Email Verification API" classname="api-integration.spec.ts" time="8.554">
<failure message="api-integration.spec.ts:112:7 Email Verification API" type="FAILURE">
<![CDATA[  [firefox] › api-integration.spec.ts:112:7 › 🔐 Authentication API Tests › Email Verification API ─

    Error: expect(received).toBe(expected) // Object.is equality

    Expected: 200
    Received: 405

      115 |     });
      116 |     
    > 117 |     expect(response.status()).toBe(200);
          |                               ^
      118 |     const data = await response.json();
      119 |     expect(data.success).toBe(true);
      120 |   });
        at /Users/asithalakmal/Documents/web/final project/WeddingLK-next copy/tests/e2e/api-integration.spec.ts:117:31

    attachment #1: screenshot (image/png) ──────────────────────────────────────────────────────────
    ../../test-results/api-integration-🔐-Authent-28344-ests-Email-Verification-API-firefox/test-failed-1.png
    ────────────────────────────────────────────────────────────────────────────────────────────────

    attachment #2: video (video/webm) ──────────────────────────────────────────────────────────────
    ../../test-results/api-integration-🔐-Authent-28344-ests-Email-Verification-API-firefox/video.webm
    ────────────────────────────────────────────────────────────────────────────────────────────────
]]>
</failure>
<system-out>
<![CDATA[
[[ATTACHMENT|test-results/api-integration-🔐-Authent-28344-ests-Email-Verification-API-firefox/test-failed-1.png]]

[[ATTACHMENT|test-results/api-integration-🔐-Authent-28344-ests-Email-Verification-API-firefox/video.webm]]
]]>
</system-out>
</testcase>
<testcase name="👤 User Management API Tests › Get User Profile API" classname="api-integration.spec.ts" time="8.464">
<failure message="api-integration.spec.ts:124:7 Get User Profile API" type="FAILURE">
<![CDATA[  [firefox] › api-integration.spec.ts:124:7 › 👤 User Management API Tests › Get User Profile API ──

    SyntaxError: Unexpected end of JSON input

      43 |     data: { email, password }
      44 |   });
    > 45 |   const data = await response.json();
         |                ^
      46 |   return data.token;
      47 | }
      48 |
        at getAuthToken (/Users/asithalakmal/Documents/web/final project/WeddingLK-next copy/tests/e2e/api-integration.spec.ts:45:16)
        at /Users/asithalakmal/Documents/web/final project/WeddingLK-next copy/tests/e2e/api-integration.spec.ts:125:19

    attachment #1: screenshot (image/png) ──────────────────────────────────────────────────────────
    ../../test-results/api-integration-👤-User-Ma-c1c93--Tests-Get-User-Profile-API-firefox/test-failed-1.png
    ────────────────────────────────────────────────────────────────────────────────────────────────

    attachment #2: video (video/webm) ──────────────────────────────────────────────────────────────
    ../../test-results/api-integration-👤-User-Ma-c1c93--Tests-Get-User-Profile-API-firefox/video.webm
    ────────────────────────────────────────────────────────────────────────────────────────────────
]]>
</failure>
<system-out>
<![CDATA[
[[ATTACHMENT|test-results/api-integration-👤-User-Ma-c1c93--Tests-Get-User-Profile-API-firefox/test-failed-1.png]]

[[ATTACHMENT|test-results/api-integration-👤-User-Ma-c1c93--Tests-Get-User-Profile-API-firefox/video.webm]]
]]>
</system-out>
</testcase>
<testcase name="👤 User Management API Tests › Update User Profile API" classname="api-integration.spec.ts" time="9.138">
<failure message="api-integration.spec.ts:136:7 Update User Profile API" type="FAILURE">
<![CDATA[  [firefox] › api-integration.spec.ts:136:7 › 👤 User Management API Tests › Update User Profile API 

    SyntaxError: Unexpected end of JSON input

      43 |     data: { email, password }
      44 |   });
    > 45 |   const data = await response.json();
         |                ^
      46 |   return data.token;
      47 | }
      48 |
        at getAuthToken (/Users/asithalakmal/Documents/web/final project/WeddingLK-next copy/tests/e2e/api-integration.spec.ts:45:16)
        at /Users/asithalakmal/Documents/web/final project/WeddingLK-next copy/tests/e2e/api-integration.spec.ts:137:19

    attachment #1: screenshot (image/png) ──────────────────────────────────────────────────────────
    ../../test-results/api-integration-👤-User-Ma-6e586-sts-Update-User-Profile-API-firefox/test-failed-1.png
    ────────────────────────────────────────────────────────────────────────────────────────────────

    attachment #2: video (video/webm) ──────────────────────────────────────────────────────────────
    ../../test-results/api-integration-👤-User-Ma-6e586-sts-Update-User-Profile-API-firefox/video.webm
    ────────────────────────────────────────────────────────────────────────────────────────────────
]]>
</failure>
<system-out>
<![CDATA[
[[ATTACHMENT|test-results/api-integration-👤-User-Ma-6e586-sts-Update-User-Profile-API-firefox/test-failed-1.png]]

[[ATTACHMENT|test-results/api-integration-👤-User-Ma-6e586-sts-Update-User-Profile-API-firefox/video.webm]]
]]>
</system-out>
</testcase>
<testcase name="👤 User Management API Tests › Get User Favorites API" classname="api-integration.spec.ts" time="11.562">
<failure message="api-integration.spec.ts:150:7 Get User Favorites API" type="FAILURE">
<![CDATA[  [firefox] › api-integration.spec.ts:150:7 › 👤 User Management API Tests › Get User Favorites API 

    SyntaxError: Unexpected end of JSON input

      43 |     data: { email, password }
      44 |   });
    > 45 |   const data = await response.json();
         |                ^
      46 |   return data.token;
      47 | }
      48 |
        at getAuthToken (/Users/asithalakmal/Documents/web/final project/WeddingLK-next copy/tests/e2e/api-integration.spec.ts:45:16)
        at /Users/asithalakmal/Documents/web/final project/WeddingLK-next copy/tests/e2e/api-integration.spec.ts:151:19

    attachment #1: screenshot (image/png) ──────────────────────────────────────────────────────────
    ../../test-results/api-integration-👤-User-Ma-2df14-ests-Get-User-Favorites-API-firefox/test-failed-1.png
    ────────────────────────────────────────────────────────────────────────────────────────────────

    attachment #2: video (video/webm) ──────────────────────────────────────────────────────────────
    ../../test-results/api-integration-👤-User-Ma-2df14-ests-Get-User-Favorites-API-firefox/video.webm
    ────────────────────────────────────────────────────────────────────────────────────────────────
]]>
</failure>
<system-out>
<![CDATA[
[[ATTACHMENT|test-results/api-integration-👤-User-Ma-2df14-ests-Get-User-Favorites-API-firefox/test-failed-1.png]]

[[ATTACHMENT|test-results/api-integration-👤-User-Ma-2df14-ests-Get-User-Favorites-API-firefox/video.webm]]
]]>
</system-out>
</testcase>
<testcase name="👤 User Management API Tests › Add User Favorite API" classname="api-integration.spec.ts" time="9.712">
<failure message="api-integration.spec.ts:161:7 Add User Favorite API" type="FAILURE">
<![CDATA[  [firefox] › api-integration.spec.ts:161:7 › 👤 User Management API Tests › Add User Favorite API ─

    SyntaxError: Unexpected end of JSON input

      43 |     data: { email, password }
      44 |   });
    > 45 |   const data = await response.json();
         |                ^
      46 |   return data.token;
      47 | }
      48 |
        at getAuthToken (/Users/asithalakmal/Documents/web/final project/WeddingLK-next copy/tests/e2e/api-integration.spec.ts:45:16)
        at /Users/asithalakmal/Documents/web/final project/WeddingLK-next copy/tests/e2e/api-integration.spec.ts:162:19

    attachment #1: screenshot (image/png) ──────────────────────────────────────────────────────────
    ../../test-results/api-integration-👤-User-Ma-0917f-Tests-Add-User-Favorite-API-firefox/test-failed-1.png
    ────────────────────────────────────────────────────────────────────────────────────────────────

    attachment #2: video (video/webm) ──────────────────────────────────────────────────────────────
    ../../test-results/api-integration-👤-User-Ma-0917f-Tests-Add-User-Favorite-API-firefox/video.webm
    ────────────────────────────────────────────────────────────────────────────────────────────────
]]>
</failure>
<system-out>
<![CDATA[
[[ATTACHMENT|test-results/api-integration-👤-User-Ma-0917f-Tests-Add-User-Favorite-API-firefox/test-failed-1.png]]

[[ATTACHMENT|test-results/api-integration-👤-User-Ma-0917f-Tests-Add-User-Favorite-API-firefox/video.webm]]
]]>
</system-out>
</testcase>
<testcase name="🏢 Vendor Management API Tests › DISABLED: Vendor Registration API" classname="api-integration.spec.ts" time="0">
<properties>
<property name="skip" value="">
</property>
</properties>
<skipped>
</skipped>
</testcase>
<testcase name="🏢 Vendor Management API Tests › Get Vendor Services API" classname="api-integration.spec.ts" time="9.626">
<failure message="api-integration.spec.ts:194:7 Get Vendor Services API" type="FAILURE">
<![CDATA[  [firefox] › api-integration.spec.ts:194:7 › 🏢 Vendor Management API Tests › Get Vendor Services API 

    SyntaxError: Unexpected end of JSON input

      43 |     data: { email, password }
      44 |   });
    > 45 |   const data = await response.json();
         |                ^
      46 |   return data.token;
      47 | }
      48 |
        at getAuthToken (/Users/asithalakmal/Documents/web/final project/WeddingLK-next copy/tests/e2e/api-integration.spec.ts:45:16)
        at /Users/asithalakmal/Documents/web/final project/WeddingLK-next copy/tests/e2e/api-integration.spec.ts:195:19

    attachment #1: screenshot (image/png) ──────────────────────────────────────────────────────────
    ../../test-results/api-integration-🏢-Vendor--4dc71-sts-Get-Vendor-Services-API-firefox/test-failed-1.png
    ────────────────────────────────────────────────────────────────────────────────────────────────

    attachment #2: video (video/webm) ──────────────────────────────────────────────────────────────
    ../../test-results/api-integration-🏢-Vendor--4dc71-sts-Get-Vendor-Services-API-firefox/video.webm
    ────────────────────────────────────────────────────────────────────────────────────────────────
]]>
</failure>
<system-out>
<![CDATA[
[[ATTACHMENT|test-results/api-integration-🏢-Vendor--4dc71-sts-Get-Vendor-Services-API-firefox/test-failed-1.png]]

[[ATTACHMENT|test-results/api-integration-🏢-Vendor--4dc71-sts-Get-Vendor-Services-API-firefox/video.webm]]
]]>
</system-out>
</testcase>
<testcase name="🏢 Vendor Management API Tests › Create Vendor Service API" classname="api-integration.spec.ts" time="6.271">
<failure message="api-integration.spec.ts:205:7 Create Vendor Service API" type="FAILURE">
<![CDATA[  [firefox] › api-integration.spec.ts:205:7 › 🏢 Vendor Management API Tests › Create Vendor Service API 

    SyntaxError: Unexpected end of JSON input

      43 |     data: { email, password }
      44 |   });
    > 45 |   const data = await response.json();
         |                ^
      46 |   return data.token;
      47 | }
      48 |
        at getAuthToken (/Users/asithalakmal/Documents/web/final project/WeddingLK-next copy/tests/e2e/api-integration.spec.ts:45:16)
        at /Users/asithalakmal/Documents/web/final project/WeddingLK-next copy/tests/e2e/api-integration.spec.ts:206:19

    attachment #1: screenshot (image/png) ──────────────────────────────────────────────────────────
    ../../test-results/api-integration-🏢-Vendor--32b06-s-Create-Vendor-Service-API-firefox/test-failed-1.png
    ────────────────────────────────────────────────────────────────────────────────────────────────

    attachment #2: video (video/webm) ──────────────────────────────────────────────────────────────
    ../../test-results/api-integration-🏢-Vendor--32b06-s-Create-Vendor-Service-API-firefox/video.webm
    ────────────────────────────────────────────────────────────────────────────────────────────────
]]>
</failure>
<system-out>
<![CDATA[
[[ATTACHMENT|test-results/api-integration-🏢-Vendor--32b06-s-Create-Vendor-Service-API-firefox/test-failed-1.png]]

[[ATTACHMENT|test-results/api-integration-🏢-Vendor--32b06-s-Create-Vendor-Service-API-firefox/video.webm]]
]]>
</system-out>
</testcase>
<testcase name="🏢 Vendor Management API Tests › Update Vendor Service API" classname="api-integration.spec.ts" time="6.055">
<failure message="api-integration.spec.ts:221:7 Update Vendor Service API" type="FAILURE">
<![CDATA[  [firefox] › api-integration.spec.ts:221:7 › 🏢 Vendor Management API Tests › Update Vendor Service API 

    SyntaxError: Unexpected end of JSON input

      43 |     data: { email, password }
      44 |   });
    > 45 |   const data = await response.json();
         |                ^
      46 |   return data.token;
      47 | }
      48 |
        at getAuthToken (/Users/asithalakmal/Documents/web/final project/WeddingLK-next copy/tests/e2e/api-integration.spec.ts:45:16)
        at /Users/asithalakmal/Documents/web/final project/WeddingLK-next copy/tests/e2e/api-integration.spec.ts:222:19

    attachment #1: screenshot (image/png) ──────────────────────────────────────────────────────────
    ../../test-results/api-integration-🏢-Vendor--8ad41-s-Update-Vendor-Service-API-firefox/test-failed-1.png
    ────────────────────────────────────────────────────────────────────────────────────────────────

    attachment #2: video (video/webm) ──────────────────────────────────────────────────────────────
    ../../test-results/api-integration-🏢-Vendor--8ad41-s-Update-Vendor-Service-API-firefox/video.webm
    ────────────────────────────────────────────────────────────────────────────────────────────────
]]>
</failure>
<system-out>
<![CDATA[
[[ATTACHMENT|test-results/api-integration-🏢-Vendor--8ad41-s-Update-Vendor-Service-API-firefox/test-failed-1.png]]

[[ATTACHMENT|test-results/api-integration-🏢-Vendor--8ad41-s-Update-Vendor-Service-API-firefox/video.webm]]
]]>
</system-out>
</testcase>
<testcase name="🏢 Vendor Management API Tests › Delete Vendor Service API" classname="api-integration.spec.ts" time="7.021">
<failure message="api-integration.spec.ts:235:7 Delete Vendor Service API" type="FAILURE">
<![CDATA[  [firefox] › api-integration.spec.ts:235:7 › 🏢 Vendor Management API Tests › Delete Vendor Service API 

    SyntaxError: Unexpected end of JSON input

      43 |     data: { email, password }
      44 |   });
    > 45 |   const data = await response.json();
         |                ^
      46 |   return data.token;
      47 | }
      48 |
        at getAuthToken (/Users/asithalakmal/Documents/web/final project/WeddingLK-next copy/tests/e2e/api-integration.spec.ts:45:16)
        at /Users/asithalakmal/Documents/web/final project/WeddingLK-next copy/tests/e2e/api-integration.spec.ts:236:19

    attachment #1: screenshot (image/png) ──────────────────────────────────────────────────────────
    ../../test-results/api-integration-🏢-Vendor--3ac39-s-Delete-Vendor-Service-API-firefox/test-failed-1.png
    ────────────────────────────────────────────────────────────────────────────────────────────────

    attachment #2: video (video/webm) ──────────────────────────────────────────────────────────────
    ../../test-results/api-integration-🏢-Vendor--3ac39-s-Delete-Vendor-Service-API-firefox/video.webm
    ────────────────────────────────────────────────────────────────────────────────────────────────
]]>
</failure>
<system-out>
<![CDATA[
[[ATTACHMENT|test-results/api-integration-🏢-Vendor--3ac39-s-Delete-Vendor-Service-API-firefox/test-failed-1.png]]

[[ATTACHMENT|test-results/api-integration-🏢-Vendor--3ac39-s-Delete-Vendor-Service-API-firefox/video.webm]]
]]>
</system-out>
</testcase>
<testcase name="🏢 Vendor Management API Tests › Get Vendor Analytics API" classname="api-integration.spec.ts" time="7.099">
<failure message="api-integration.spec.ts:246:7 Get Vendor Analytics API" type="FAILURE">
<![CDATA[  [firefox] › api-integration.spec.ts:246:7 › 🏢 Vendor Management API Tests › Get Vendor Analytics API 

    SyntaxError: Unexpected end of JSON input

      43 |     data: { email, password }
      44 |   });
    > 45 |   const data = await response.json();
         |                ^
      46 |   return data.token;
      47 | }
      48 |
        at getAuthToken (/Users/asithalakmal/Documents/web/final project/WeddingLK-next copy/tests/e2e/api-integration.spec.ts:45:16)
        at /Users/asithalakmal/Documents/web/final project/WeddingLK-next copy/tests/e2e/api-integration.spec.ts:247:19

    attachment #1: screenshot (image/png) ──────────────────────────────────────────────────────────
    ../../test-results/api-integration-🏢-Vendor--6b8fc-ts-Get-Vendor-Analytics-API-firefox/test-failed-1.png
    ────────────────────────────────────────────────────────────────────────────────────────────────

    attachment #2: video (video/webm) ──────────────────────────────────────────────────────────────
    ../../test-results/api-integration-🏢-Vendor--6b8fc-ts-Get-Vendor-Analytics-API-firefox/video.webm
    ────────────────────────────────────────────────────────────────────────────────────────────────
]]>
</failure>
<system-out>
<![CDATA[
[[ATTACHMENT|test-results/api-integration-🏢-Vendor--6b8fc-ts-Get-Vendor-Analytics-API-firefox/test-failed-1.png]]

[[ATTACHMENT|test-results/api-integration-🏢-Vendor--6b8fc-ts-Get-Vendor-Analytics-API-firefox/video.webm]]
]]>
</system-out>
</testcase>
<testcase name="📅 Booking Management API Tests › Create Booking API" classname="api-integration.spec.ts" time="8.927">
<failure message="api-integration.spec.ts:261:7 Create Booking API" type="FAILURE">
<![CDATA[  [firefox] › api-integration.spec.ts:261:7 › 📅 Booking Management API Tests › Create Booking API ─

    SyntaxError: Unexpected end of JSON input

      43 |     data: { email, password }
      44 |   });
    > 45 |   const data = await response.json();
         |                ^
      46 |   return data.token;
      47 | }
      48 |
        at getAuthToken (/Users/asithalakmal/Documents/web/final project/WeddingLK-next copy/tests/e2e/api-integration.spec.ts:45:16)
        at /Users/asithalakmal/Documents/web/final project/WeddingLK-next copy/tests/e2e/api-integration.spec.ts:262:19

    attachment #1: screenshot (image/png) ──────────────────────────────────────────────────────────
    ../../test-results/api-integration-📅-Booking-f6016-PI-Tests-Create-Booking-API-firefox/test-failed-1.png
    ────────────────────────────────────────────────────────────────────────────────────────────────

    attachment #2: video (video/webm) ──────────────────────────────────────────────────────────────
    ../../test-results/api-integration-📅-Booking-f6016-PI-Tests-Create-Booking-API-firefox/video.webm
    ────────────────────────────────────────────────────────────────────────────────────────────────
]]>
</failure>
<system-out>
<![CDATA[
[[ATTACHMENT|test-results/api-integration-📅-Booking-f6016-PI-Tests-Create-Booking-API-firefox/test-failed-1.png]]

[[ATTACHMENT|test-results/api-integration-📅-Booking-f6016-PI-Tests-Create-Booking-API-firefox/video.webm]]
]]>
</system-out>
</testcase>
<testcase name="📅 Booking Management API Tests › Get User Bookings API" classname="api-integration.spec.ts" time="9.784">
<failure message="api-integration.spec.ts:279:7 Get User Bookings API" type="FAILURE">
<![CDATA[  [firefox] › api-integration.spec.ts:279:7 › 📅 Booking Management API Tests › Get User Bookings API 

    SyntaxError: Unexpected end of JSON input

      43 |     data: { email, password }
      44 |   });
    > 45 |   const data = await response.json();
         |                ^
      46 |   return data.token;
      47 | }
      48 |
        at getAuthToken (/Users/asithalakmal/Documents/web/final project/WeddingLK-next copy/tests/e2e/api-integration.spec.ts:45:16)
        at /Users/asithalakmal/Documents/web/final project/WeddingLK-next copy/tests/e2e/api-integration.spec.ts:280:19

    attachment #1: screenshot (image/png) ──────────────────────────────────────────────────────────
    ../../test-results/api-integration-📅-Booking-0e3ce-Tests-Get-User-Bookings-API-firefox/test-failed-1.png
    ────────────────────────────────────────────────────────────────────────────────────────────────

    attachment #2: video (video/webm) ──────────────────────────────────────────────────────────────
    ../../test-results/api-integration-📅-Booking-0e3ce-Tests-Get-User-Bookings-API-firefox/video.webm
    ────────────────────────────────────────────────────────────────────────────────────────────────
]]>
</failure>
<system-out>
<![CDATA[
[[ATTACHMENT|test-results/api-integration-📅-Booking-0e3ce-Tests-Get-User-Bookings-API-firefox/test-failed-1.png]]

[[ATTACHMENT|test-results/api-integration-📅-Booking-0e3ce-Tests-Get-User-Bookings-API-firefox/video.webm]]
]]>
</system-out>
</testcase>
<testcase name="📅 Booking Management API Tests › Update Booking API" classname="api-integration.spec.ts" time="8.044">
<failure message="api-integration.spec.ts:290:7 Update Booking API" type="FAILURE">
<![CDATA[  [firefox] › api-integration.spec.ts:290:7 › 📅 Booking Management API Tests › Update Booking API ─

    SyntaxError: Unexpected end of JSON input

      43 |     data: { email, password }
      44 |   });
    > 45 |   const data = await response.json();
         |                ^
      46 |   return data.token;
      47 | }
      48 |
        at getAuthToken (/Users/asithalakmal/Documents/web/final project/WeddingLK-next copy/tests/e2e/api-integration.spec.ts:45:16)
        at /Users/asithalakmal/Documents/web/final project/WeddingLK-next copy/tests/e2e/api-integration.spec.ts:291:19

    attachment #1: screenshot (image/png) ──────────────────────────────────────────────────────────
    ../../test-results/api-integration-📅-Booking-a7a44-PI-Tests-Update-Booking-API-firefox/test-failed-1.png
    ────────────────────────────────────────────────────────────────────────────────────────────────

    attachment #2: video (video/webm) ──────────────────────────────────────────────────────────────
    ../../test-results/api-integration-📅-Booking-a7a44-PI-Tests-Update-Booking-API-firefox/video.webm
    ────────────────────────────────────────────────────────────────────────────────────────────────
]]>
</failure>
<system-out>
<![CDATA[
[[ATTACHMENT|test-results/api-integration-📅-Booking-a7a44-PI-Tests-Update-Booking-API-firefox/test-failed-1.png]]

[[ATTACHMENT|test-results/api-integration-📅-Booking-a7a44-PI-Tests-Update-Booking-API-firefox/video.webm]]
]]>
</system-out>
</testcase>
<testcase name="📅 Booking Management API Tests › Cancel Booking API" classname="api-integration.spec.ts" time="7.629">
<failure message="api-integration.spec.ts:304:7 Cancel Booking API" type="FAILURE">
<![CDATA[  [firefox] › api-integration.spec.ts:304:7 › 📅 Booking Management API Tests › Cancel Booking API ─

    SyntaxError: Unexpected end of JSON input

      43 |     data: { email, password }
      44 |   });
    > 45 |   const data = await response.json();
         |                ^
      46 |   return data.token;
      47 | }
      48 |
        at getAuthToken (/Users/asithalakmal/Documents/web/final project/WeddingLK-next copy/tests/e2e/api-integration.spec.ts:45:16)
        at /Users/asithalakmal/Documents/web/final project/WeddingLK-next copy/tests/e2e/api-integration.spec.ts:305:19

    attachment #1: screenshot (image/png) ──────────────────────────────────────────────────────────
    ../../test-results/api-integration-📅-Booking-7c911-PI-Tests-Cancel-Booking-API-firefox/test-failed-1.png
    ────────────────────────────────────────────────────────────────────────────────────────────────

    attachment #2: video (video/webm) ──────────────────────────────────────────────────────────────
    ../../test-results/api-integration-📅-Booking-7c911-PI-Tests-Cancel-Booking-API-firefox/video.webm
    ────────────────────────────────────────────────────────────────────────────────────────────────
]]>
</failure>
<system-out>
<![CDATA[
[[ATTACHMENT|test-results/api-integration-📅-Booking-7c911-PI-Tests-Cancel-Booking-API-firefox/test-failed-1.png]]

[[ATTACHMENT|test-results/api-integration-📅-Booking-7c911-PI-Tests-Cancel-Booking-API-firefox/video.webm]]
]]>
</system-out>
</testcase>
<testcase name="📅 Booking Management API Tests › Get Vendor Bookings API" classname="api-integration.spec.ts" time="9.913">
<failure message="api-integration.spec.ts:315:7 Get Vendor Bookings API" type="FAILURE">
<![CDATA[  [firefox] › api-integration.spec.ts:315:7 › 📅 Booking Management API Tests › Get Vendor Bookings API 

    SyntaxError: Unexpected end of JSON input

      43 |     data: { email, password }
      44 |   });
    > 45 |   const data = await response.json();
         |                ^
      46 |   return data.token;
      47 | }
      48 |
        at getAuthToken (/Users/asithalakmal/Documents/web/final project/WeddingLK-next copy/tests/e2e/api-integration.spec.ts:45:16)
        at /Users/asithalakmal/Documents/web/final project/WeddingLK-next copy/tests/e2e/api-integration.spec.ts:316:19

    attachment #1: screenshot (image/png) ──────────────────────────────────────────────────────────
    ../../test-results/api-integration-📅-Booking-a710b-sts-Get-Vendor-Bookings-API-firefox/test-failed-1.png
    ────────────────────────────────────────────────────────────────────────────────────────────────

    attachment #2: video (video/webm) ──────────────────────────────────────────────────────────────
    ../../test-results/api-integration-📅-Booking-a710b-sts-Get-Vendor-Bookings-API-firefox/video.webm
    ────────────────────────────────────────────────────────────────────────────────────────────────
]]>
</failure>
<system-out>
<![CDATA[
[[ATTACHMENT|test-results/api-integration-📅-Booking-a710b-sts-Get-Vendor-Bookings-API-firefox/test-failed-1.png]]

[[ATTACHMENT|test-results/api-integration-📅-Booking-a710b-sts-Get-Vendor-Bookings-API-firefox/video.webm]]
]]>
</system-out>
</testcase>
<testcase name="📅 Booking Management API Tests › Update Booking Status API" classname="api-integration.spec.ts" time="14.301">
<failure message="api-integration.spec.ts:326:7 Update Booking Status API" type="FAILURE">
<![CDATA[  [firefox] › api-integration.spec.ts:326:7 › 📅 Booking Management API Tests › Update Booking Status API 

    SyntaxError: Unexpected end of JSON input

      43 |     data: { email, password }
      44 |   });
    > 45 |   const data = await response.json();
         |                ^
      46 |   return data.token;
      47 | }
      48 |
        at getAuthToken (/Users/asithalakmal/Documents/web/final project/WeddingLK-next copy/tests/e2e/api-integration.spec.ts:45:16)
        at /Users/asithalakmal/Documents/web/final project/WeddingLK-next copy/tests/e2e/api-integration.spec.ts:327:19

    attachment #1: screenshot (image/png) ──────────────────────────────────────────────────────────
    ../../test-results/api-integration-📅-Booking-458f2-s-Update-Booking-Status-API-firefox/test-failed-1.png
    ────────────────────────────────────────────────────────────────────────────────────────────────

    attachment #2: video (video/webm) ──────────────────────────────────────────────────────────────
    ../../test-results/api-integration-📅-Booking-458f2-s-Update-Booking-Status-API-firefox/video.webm
    ────────────────────────────────────────────────────────────────────────────────────────────────
]]>
</failure>
<system-out>
<![CDATA[
[[ATTACHMENT|test-results/api-integration-📅-Booking-458f2-s-Update-Booking-Status-API-firefox/test-failed-1.png]]

[[ATTACHMENT|test-results/api-integration-📅-Booking-458f2-s-Update-Booking-Status-API-firefox/video.webm]]
]]>
</system-out>
</testcase>
<testcase name="🏛️ Venue Management API Tests › Get Venues API" classname="api-integration.spec.ts" time="9.285">
</testcase>
<testcase name="🏛️ Venue Management API Tests › Get Venue by ID API" classname="api-integration.spec.ts" time="13.012">
<failure message="api-integration.spec.ts:350:7 Get Venue by ID API" type="FAILURE">
<![CDATA[  [firefox] › api-integration.spec.ts:350:7 › 🏛️ Venue Management API Tests › Get Venue by ID API ─

    Error: expect(received).toBe(expected) // Object.is equality

    Expected: 200
    Received: 500

      350 |   test('Get Venue by ID API', async ({ page }) => {
      351 |     const response = await page.request.get('/api/venues/test-venue-id');
    > 352 |     expect(response.status()).toBe(200);
          |                               ^
      353 |     
      354 |     const data = await response.json();
      355 |     expect(data.success).toBe(true);
        at /Users/asithalakmal/Documents/web/final project/WeddingLK-next copy/tests/e2e/api-integration.spec.ts:352:31

    attachment #1: screenshot (image/png) ──────────────────────────────────────────────────────────
    ../../test-results/api-integration-🏛️-Venue--f15e9-I-Tests-Get-Venue-by-ID-API-firefox/test-failed-1.png
    ────────────────────────────────────────────────────────────────────────────────────────────────

    attachment #2: video (video/webm) ──────────────────────────────────────────────────────────────
    ../../test-results/api-integration-🏛️-Venue--f15e9-I-Tests-Get-Venue-by-ID-API-firefox/video.webm
    ────────────────────────────────────────────────────────────────────────────────────────────────
]]>
</failure>
<system-out>
<![CDATA[
[[ATTACHMENT|test-results/api-integration-🏛️-Venue--f15e9-I-Tests-Get-Venue-by-ID-API-firefox/test-failed-1.png]]

[[ATTACHMENT|test-results/api-integration-🏛️-Venue--f15e9-I-Tests-Get-Venue-by-ID-API-firefox/video.webm]]
]]>
</system-out>
</testcase>
<testcase name="🏛️ Venue Management API Tests › Search Venues API" classname="api-integration.spec.ts" time="6.453">
</testcase>
<testcase name="🏛️ Venue Management API Tests › Get Venue Availability API" classname="api-integration.spec.ts" time="3.909">
<failure message="api-integration.spec.ts:368:7 Get Venue Availability API" type="FAILURE">
<![CDATA[  [firefox] › api-integration.spec.ts:368:7 › 🏛️ Venue Management API Tests › Get Venue Availability API 

    Error: expect(received).toBe(expected) // Object.is equality

    Expected: 200
    Received: 500

      368 |   test('Get Venue Availability API', async ({ page }) => {
      369 |     const response = await page.request.get('/api/venues/availability?venueId=test-venue-id&date=2024-12-25');
    > 370 |     expect(response.status()).toBe(200);
          |                               ^
      371 |     
      372 |     const data = await response.json();
      373 |     expect(data.success).toBe(true);
        at /Users/asithalakmal/Documents/web/final project/WeddingLK-next copy/tests/e2e/api-integration.spec.ts:370:31

    attachment #1: screenshot (image/png) ──────────────────────────────────────────────────────────
    ../../test-results/api-integration-🏛️-Venue--1dc52--Get-Venue-Availability-API-firefox/test-failed-1.png
    ────────────────────────────────────────────────────────────────────────────────────────────────

    attachment #2: video (video/webm) ──────────────────────────────────────────────────────────────
    ../../test-results/api-integration-🏛️-Venue--1dc52--Get-Venue-Availability-API-firefox/video.webm
    ────────────────────────────────────────────────────────────────────────────────────────────────
]]>
</failure>
<system-out>
<![CDATA[
[[ATTACHMENT|test-results/api-integration-🏛️-Venue--1dc52--Get-Venue-Availability-API-firefox/test-failed-1.png]]

[[ATTACHMENT|test-results/api-integration-🏛️-Venue--1dc52--Get-Venue-Availability-API-firefox/video.webm]]
]]>
</system-out>
</testcase>
<testcase name="💳 Payment API Tests › Create Payment Intent API" classname="api-integration.spec.ts" time="11.335">
<failure message="api-integration.spec.ts:379:7 Create Payment Intent API" type="FAILURE">
<![CDATA[  [firefox] › api-integration.spec.ts:379:7 › 💳 Payment API Tests › Create Payment Intent API ─────

    SyntaxError: Unexpected end of JSON input

      43 |     data: { email, password }
      44 |   });
    > 45 |   const data = await response.json();
         |                ^
      46 |   return data.token;
      47 | }
      48 |
        at getAuthToken (/Users/asithalakmal/Documents/web/final project/WeddingLK-next copy/tests/e2e/api-integration.spec.ts:45:16)
        at /Users/asithalakmal/Documents/web/final project/WeddingLK-next copy/tests/e2e/api-integration.spec.ts:380:19

    attachment #1: screenshot (image/png) ──────────────────────────────────────────────────────────
    ../../test-results/api-integration-💳-Payment-a4c14-s-Create-Payment-Intent-API-firefox/test-failed-1.png
    ────────────────────────────────────────────────────────────────────────────────────────────────

    attachment #2: video (video/webm) ──────────────────────────────────────────────────────────────
    ../../test-results/api-integration-💳-Payment-a4c14-s-Create-Payment-Intent-API-firefox/video.webm
    ────────────────────────────────────────────────────────────────────────────────────────────────
]]>
</failure>
<system-out>
<![CDATA[
[[ATTACHMENT|test-results/api-integration-💳-Payment-a4c14-s-Create-Payment-Intent-API-firefox/test-failed-1.png]]

[[ATTACHMENT|test-results/api-integration-💳-Payment-a4c14-s-Create-Payment-Intent-API-firefox/video.webm]]
]]>
</system-out>
</testcase>
<testcase name="💳 Payment API Tests › Get Payment History API" classname="api-integration.spec.ts" time="11.332">
<failure message="api-integration.spec.ts:394:7 Get Payment History API" type="FAILURE">
<![CDATA[  [firefox] › api-integration.spec.ts:394:7 › 💳 Payment API Tests › Get Payment History API ───────

    SyntaxError: Unexpected end of JSON input

      43 |     data: { email, password }
      44 |   });
    > 45 |   const data = await response.json();
         |                ^
      46 |   return data.token;
      47 | }
      48 |
        at getAuthToken (/Users/asithalakmal/Documents/web/final project/WeddingLK-next copy/tests/e2e/api-integration.spec.ts:45:16)
        at /Users/asithalakmal/Documents/web/final project/WeddingLK-next copy/tests/e2e/api-integration.spec.ts:395:19

    attachment #1: screenshot (image/png) ──────────────────────────────────────────────────────────
    ../../test-results/api-integration-💳-Payment-API-Tests-Get-Payment-History-API-firefox/test-failed-1.png
    ────────────────────────────────────────────────────────────────────────────────────────────────

    attachment #2: video (video/webm) ──────────────────────────────────────────────────────────────
    ../../test-results/api-integration-💳-Payment-API-Tests-Get-Payment-History-API-firefox/video.webm
    ────────────────────────────────────────────────────────────────────────────────────────────────
]]>
</failure>
<system-out>
<![CDATA[
[[ATTACHMENT|test-results/api-integration-💳-Payment-API-Tests-Get-Payment-History-API-firefox/test-failed-1.png]]

[[ATTACHMENT|test-results/api-integration-💳-Payment-API-Tests-Get-Payment-History-API-firefox/video.webm]]
]]>
</system-out>
</testcase>
<testcase name="💳 Payment API Tests › Get Payment by ID API" classname="api-integration.spec.ts" time="6.287">
<failure message="api-integration.spec.ts:405:7 Get Payment by ID API" type="FAILURE">
<![CDATA[  [firefox] › api-integration.spec.ts:405:7 › 💳 Payment API Tests › Get Payment by ID API ─────────

    SyntaxError: Unexpected end of JSON input

      43 |     data: { email, password }
      44 |   });
    > 45 |   const data = await response.json();
         |                ^
      46 |   return data.token;
      47 | }
      48 |
        at getAuthToken (/Users/asithalakmal/Documents/web/final project/WeddingLK-next copy/tests/e2e/api-integration.spec.ts:45:16)
        at /Users/asithalakmal/Documents/web/final project/WeddingLK-next copy/tests/e2e/api-integration.spec.ts:406:19

    attachment #1: screenshot (image/png) ──────────────────────────────────────────────────────────
    ../../test-results/api-integration-💳-Payment-API-Tests-Get-Payment-by-ID-API-firefox/test-failed-1.png
    ────────────────────────────────────────────────────────────────────────────────────────────────

    attachment #2: video (video/webm) ──────────────────────────────────────────────────────────────
    ../../test-results/api-integration-💳-Payment-API-Tests-Get-Payment-by-ID-API-firefox/video.webm
    ────────────────────────────────────────────────────────────────────────────────────────────────
]]>
</failure>
<system-out>
<![CDATA[
[[ATTACHMENT|test-results/api-integration-💳-Payment-API-Tests-Get-Payment-by-ID-API-firefox/test-failed-1.png]]

[[ATTACHMENT|test-results/api-integration-💳-Payment-API-Tests-Get-Payment-by-ID-API-firefox/video.webm]]
]]>
</system-out>
</testcase>
<testcase name="📊 Dashboard API Tests › Get Dashboard Stats API" classname="api-integration.spec.ts" time="6.039">
<failure message="api-integration.spec.ts:418:7 Get Dashboard Stats API" type="FAILURE">
<![CDATA[  [firefox] › api-integration.spec.ts:418:7 › 📊 Dashboard API Tests › Get Dashboard Stats API ─────

    SyntaxError: Unexpected end of JSON input

      43 |     data: { email, password }
      44 |   });
    > 45 |   const data = await response.json();
         |                ^
      46 |   return data.token;
      47 | }
      48 |
        at getAuthToken (/Users/asithalakmal/Documents/web/final project/WeddingLK-next copy/tests/e2e/api-integration.spec.ts:45:16)
        at /Users/asithalakmal/Documents/web/final project/WeddingLK-next copy/tests/e2e/api-integration.spec.ts:419:19

    attachment #1: screenshot (image/png) ──────────────────────────────────────────────────────────
    ../../test-results/api-integration-📊-Dashboa-bf9ef-sts-Get-Dashboard-Stats-API-firefox/test-failed-1.png
    ────────────────────────────────────────────────────────────────────────────────────────────────

    attachment #2: video (video/webm) ──────────────────────────────────────────────────────────────
    ../../test-results/api-integration-📊-Dashboa-bf9ef-sts-Get-Dashboard-Stats-API-firefox/video.webm
    ────────────────────────────────────────────────────────────────────────────────────────────────
]]>
</failure>
<system-out>
<![CDATA[
[[ATTACHMENT|test-results/api-integration-📊-Dashboa-bf9ef-sts-Get-Dashboard-Stats-API-firefox/test-failed-1.png]]

[[ATTACHMENT|test-results/api-integration-📊-Dashboa-bf9ef-sts-Get-Dashboard-Stats-API-firefox/video.webm]]
]]>
</system-out>
</testcase>
<testcase name="📊 Dashboard API Tests › Get Dashboard Activity API" classname="api-integration.spec.ts" time="6.421">
<failure message="api-integration.spec.ts:431:7 Get Dashboard Activity API" type="FAILURE">
<![CDATA[  [firefox] › api-integration.spec.ts:431:7 › 📊 Dashboard API Tests › Get Dashboard Activity API ──

    SyntaxError: Unexpected end of JSON input

      43 |     data: { email, password }
      44 |   });
    > 45 |   const data = await response.json();
         |                ^
      46 |   return data.token;
      47 | }
      48 |
        at getAuthToken (/Users/asithalakmal/Documents/web/final project/WeddingLK-next copy/tests/e2e/api-integration.spec.ts:45:16)
        at /Users/asithalakmal/Documents/web/final project/WeddingLK-next copy/tests/e2e/api-integration.spec.ts:432:19

    attachment #1: screenshot (image/png) ──────────────────────────────────────────────────────────
    ../../test-results/api-integration-📊-Dashboa-0cd31--Get-Dashboard-Activity-API-firefox/test-failed-1.png
    ────────────────────────────────────────────────────────────────────────────────────────────────

    attachment #2: video (video/webm) ──────────────────────────────────────────────────────────────
    ../../test-results/api-integration-📊-Dashboa-0cd31--Get-Dashboard-Activity-API-firefox/video.webm
    ────────────────────────────────────────────────────────────────────────────────────────────────
]]>
</failure>
<system-out>
<![CDATA[
[[ATTACHMENT|test-results/api-integration-📊-Dashboa-0cd31--Get-Dashboard-Activity-API-firefox/test-failed-1.png]]

[[ATTACHMENT|test-results/api-integration-📊-Dashboa-0cd31--Get-Dashboard-Activity-API-firefox/video.webm]]
]]>
</system-out>
</testcase>
<testcase name="📊 Dashboard API Tests › Get User Dashboard Stats API" classname="api-integration.spec.ts" time="6.316">
<failure message="api-integration.spec.ts:442:7 Get User Dashboard Stats API" type="FAILURE">
<![CDATA[  [firefox] › api-integration.spec.ts:442:7 › 📊 Dashboard API Tests › Get User Dashboard Stats API 

    SyntaxError: Unexpected end of JSON input

      43 |     data: { email, password }
      44 |   });
    > 45 |   const data = await response.json();
         |                ^
      46 |   return data.token;
      47 | }
      48 |
        at getAuthToken (/Users/asithalakmal/Documents/web/final project/WeddingLK-next copy/tests/e2e/api-integration.spec.ts:45:16)
        at /Users/asithalakmal/Documents/web/final project/WeddingLK-next copy/tests/e2e/api-integration.spec.ts:443:19

    attachment #1: screenshot (image/png) ──────────────────────────────────────────────────────────
    ../../test-results/api-integration-📊-Dashboa-f50b7-et-User-Dashboard-Stats-API-firefox/test-failed-1.png
    ────────────────────────────────────────────────────────────────────────────────────────────────

    attachment #2: video (video/webm) ──────────────────────────────────────────────────────────────
    ../../test-results/api-integration-📊-Dashboa-f50b7-et-User-Dashboard-Stats-API-firefox/video.webm
    ────────────────────────────────────────────────────────────────────────────────────────────────
]]>
</failure>
<system-out>
<![CDATA[
[[ATTACHMENT|test-results/api-integration-📊-Dashboa-f50b7-et-User-Dashboard-Stats-API-firefox/test-failed-1.png]]

[[ATTACHMENT|test-results/api-integration-📊-Dashboa-f50b7-et-User-Dashboard-Stats-API-firefox/video.webm]]
]]>
</system-out>
</testcase>
<testcase name="📊 Dashboard API Tests › Get Vendor Dashboard Stats API" classname="api-integration.spec.ts" time="8.83">
<failure message="api-integration.spec.ts:453:7 Get Vendor Dashboard Stats API" type="FAILURE">
<![CDATA[  [firefox] › api-integration.spec.ts:453:7 › 📊 Dashboard API Tests › Get Vendor Dashboard Stats API 

    SyntaxError: Unexpected end of JSON input

      43 |     data: { email, password }
      44 |   });
    > 45 |   const data = await response.json();
         |                ^
      46 |   return data.token;
      47 | }
      48 |
        at getAuthToken (/Users/asithalakmal/Documents/web/final project/WeddingLK-next copy/tests/e2e/api-integration.spec.ts:45:16)
        at /Users/asithalakmal/Documents/web/final project/WeddingLK-next copy/tests/e2e/api-integration.spec.ts:454:19

    attachment #1: screenshot (image/png) ──────────────────────────────────────────────────────────
    ../../test-results/api-integration-📊-Dashboa-87572--Vendor-Dashboard-Stats-API-firefox/test-failed-1.png
    ────────────────────────────────────────────────────────────────────────────────────────────────

    attachment #2: video (video/webm) ──────────────────────────────────────────────────────────────
    ../../test-results/api-integration-📊-Dashboa-87572--Vendor-Dashboard-Stats-API-firefox/video.webm
    ────────────────────────────────────────────────────────────────────────────────────────────────
]]>
</failure>
<system-out>
<![CDATA[
[[ATTACHMENT|test-results/api-integration-📊-Dashboa-87572--Vendor-Dashboard-Stats-API-firefox/test-failed-1.png]]

[[ATTACHMENT|test-results/api-integration-📊-Dashboa-87572--Vendor-Dashboard-Stats-API-firefox/video.webm]]
]]>
</system-out>
</testcase>
<testcase name="📊 Dashboard API Tests › Get Admin Dashboard Stats API" classname="api-integration.spec.ts" time="9.267">
<failure message="api-integration.spec.ts:464:7 Get Admin Dashboard Stats API" type="FAILURE">
<![CDATA[  [firefox] › api-integration.spec.ts:464:7 › 📊 Dashboard API Tests › Get Admin Dashboard Stats API 

    SyntaxError: Unexpected end of JSON input

      43 |     data: { email, password }
      44 |   });
    > 45 |   const data = await response.json();
         |                ^
      46 |   return data.token;
      47 | }
      48 |
        at getAuthToken (/Users/asithalakmal/Documents/web/final project/WeddingLK-next copy/tests/e2e/api-integration.spec.ts:45:16)
        at /Users/asithalakmal/Documents/web/final project/WeddingLK-next copy/tests/e2e/api-integration.spec.ts:465:19

    attachment #1: screenshot (image/png) ──────────────────────────────────────────────────────────
    ../../test-results/api-integration-📊-Dashboa-9ac1f-t-Admin-Dashboard-Stats-API-firefox/test-failed-1.png
    ────────────────────────────────────────────────────────────────────────────────────────────────

    attachment #2: video (video/webm) ──────────────────────────────────────────────────────────────
    ../../test-results/api-integration-📊-Dashboa-9ac1f-t-Admin-Dashboard-Stats-API-firefox/video.webm
    ────────────────────────────────────────────────────────────────────────────────────────────────
]]>
</failure>
<system-out>
<![CDATA[
[[ATTACHMENT|test-results/api-integration-📊-Dashboa-9ac1f-t-Admin-Dashboard-Stats-API-firefox/test-failed-1.png]]

[[ATTACHMENT|test-results/api-integration-📊-Dashboa-9ac1f-t-Admin-Dashboard-Stats-API-firefox/video.webm]]
]]>
</system-out>
</testcase>
<testcase name="👥 Wedding Planner API Tests › Get Planner Clients API" classname="api-integration.spec.ts" time="9.623">
<failure message="api-integration.spec.ts:477:7 Get Planner Clients API" type="FAILURE">
<![CDATA[  [firefox] › api-integration.spec.ts:477:7 › 👥 Wedding Planner API Tests › Get Planner Clients API 

    SyntaxError: Unexpected end of JSON input

      43 |     data: { email, password }
      44 |   });
    > 45 |   const data = await response.json();
         |                ^
      46 |   return data.token;
      47 | }
      48 |
        at getAuthToken (/Users/asithalakmal/Documents/web/final project/WeddingLK-next copy/tests/e2e/api-integration.spec.ts:45:16)
        at /Users/asithalakmal/Documents/web/final project/WeddingLK-next copy/tests/e2e/api-integration.spec.ts:478:19

    attachment #1: screenshot (image/png) ──────────────────────────────────────────────────────────
    ../../test-results/api-integration-👥-Wedding-2c0a3-sts-Get-Planner-Clients-API-firefox/test-failed-1.png
    ────────────────────────────────────────────────────────────────────────────────────────────────

    attachment #2: video (video/webm) ──────────────────────────────────────────────────────────────
    ../../test-results/api-integration-👥-Wedding-2c0a3-sts-Get-Planner-Clients-API-firefox/video.webm
    ────────────────────────────────────────────────────────────────────────────────────────────────
]]>
</failure>
<system-out>
<![CDATA[
[[ATTACHMENT|test-results/api-integration-👥-Wedding-2c0a3-sts-Get-Planner-Clients-API-firefox/test-failed-1.png]]

[[ATTACHMENT|test-results/api-integration-👥-Wedding-2c0a3-sts-Get-Planner-Clients-API-firefox/video.webm]]
]]>
</system-out>
</testcase>
<testcase name="👥 Wedding Planner API Tests › Create Planner Client API" classname="api-integration.spec.ts" time="10.054">
<failure message="api-integration.spec.ts:488:7 Create Planner Client API" type="FAILURE">
<![CDATA[  [firefox] › api-integration.spec.ts:488:7 › 👥 Wedding Planner API Tests › Create Planner Client API 

    SyntaxError: Unexpected end of JSON input

      43 |     data: { email, password }
      44 |   });
    > 45 |   const data = await response.json();
         |                ^
      46 |   return data.token;
      47 | }
      48 |
        at getAuthToken (/Users/asithalakmal/Documents/web/final project/WeddingLK-next copy/tests/e2e/api-integration.spec.ts:45:16)
        at /Users/asithalakmal/Documents/web/final project/WeddingLK-next copy/tests/e2e/api-integration.spec.ts:489:19

    attachment #1: screenshot (image/png) ──────────────────────────────────────────────────────────
    ../../test-results/api-integration-👥-Wedding-61866-s-Create-Planner-Client-API-firefox/test-failed-1.png
    ────────────────────────────────────────────────────────────────────────────────────────────────

    attachment #2: video (video/webm) ──────────────────────────────────────────────────────────────
    ../../test-results/api-integration-👥-Wedding-61866-s-Create-Planner-Client-API-firefox/video.webm
    ────────────────────────────────────────────────────────────────────────────────────────────────
]]>
</failure>
<system-out>
<![CDATA[
[[ATTACHMENT|test-results/api-integration-👥-Wedding-61866-s-Create-Planner-Client-API-firefox/test-failed-1.png]]

[[ATTACHMENT|test-results/api-integration-👥-Wedding-61866-s-Create-Planner-Client-API-firefox/video.webm]]
]]>
</system-out>
</testcase>
<testcase name="👥 Wedding Planner API Tests › Get Planner Tasks API" classname="api-integration.spec.ts" time="15.303">
<failure message="api-integration.spec.ts:504:7 Get Planner Tasks API" type="FAILURE">
<![CDATA[  [firefox] › api-integration.spec.ts:504:7 › 👥 Wedding Planner API Tests › Get Planner Tasks API ─

    SyntaxError: Unexpected end of JSON input

      43 |     data: { email, password }
      44 |   });
    > 45 |   const data = await response.json();
         |                ^
      46 |   return data.token;
      47 | }
      48 |
        at getAuthToken (/Users/asithalakmal/Documents/web/final project/WeddingLK-next copy/tests/e2e/api-integration.spec.ts:45:16)
        at /Users/asithalakmal/Documents/web/final project/WeddingLK-next copy/tests/e2e/api-integration.spec.ts:505:19

    attachment #1: screenshot (image/png) ──────────────────────────────────────────────────────────
    ../../test-results/api-integration-👥-Wedding-8c90f-Tests-Get-Planner-Tasks-API-firefox/test-failed-1.png
    ────────────────────────────────────────────────────────────────────────────────────────────────

    attachment #2: video (video/webm) ──────────────────────────────────────────────────────────────
    ../../test-results/api-integration-👥-Wedding-8c90f-Tests-Get-Planner-Tasks-API-firefox/video.webm
    ────────────────────────────────────────────────────────────────────────────────────────────────
]]>
</failure>
<system-out>
<![CDATA[
[[ATTACHMENT|test-results/api-integration-👥-Wedding-8c90f-Tests-Get-Planner-Tasks-API-firefox/test-failed-1.png]]

[[ATTACHMENT|test-results/api-integration-👥-Wedding-8c90f-Tests-Get-Planner-Tasks-API-firefox/video.webm]]
]]>
</system-out>
</testcase>
<testcase name="👥 Wedding Planner API Tests › Create Planner Task API" classname="api-integration.spec.ts" time="15.055">
<failure message="api-integration.spec.ts:515:7 Create Planner Task API" type="FAILURE">
<![CDATA[  [firefox] › api-integration.spec.ts:515:7 › 👥 Wedding Planner API Tests › Create Planner Task API 

    SyntaxError: Unexpected end of JSON input

      43 |     data: { email, password }
      44 |   });
    > 45 |   const data = await response.json();
         |                ^
      46 |   return data.token;
      47 | }
      48 |
        at getAuthToken (/Users/asithalakmal/Documents/web/final project/WeddingLK-next copy/tests/e2e/api-integration.spec.ts:45:16)
        at /Users/asithalakmal/Documents/web/final project/WeddingLK-next copy/tests/e2e/api-integration.spec.ts:516:19

    attachment #1: screenshot (image/png) ──────────────────────────────────────────────────────────
    ../../test-results/api-integration-👥-Wedding-2690c-sts-Create-Planner-Task-API-firefox/test-failed-1.png
    ────────────────────────────────────────────────────────────────────────────────────────────────

    attachment #2: video (video/webm) ──────────────────────────────────────────────────────────────
    ../../test-results/api-integration-👥-Wedding-2690c-sts-Create-Planner-Task-API-firefox/video.webm
    ────────────────────────────────────────────────────────────────────────────────────────────────
]]>
</failure>
<system-out>
<![CDATA[
[[ATTACHMENT|test-results/api-integration-👥-Wedding-2690c-sts-Create-Planner-Task-API-firefox/test-failed-1.png]]

[[ATTACHMENT|test-results/api-integration-👥-Wedding-2690c-sts-Create-Planner-Task-API-firefox/video.webm]]
]]>
</system-out>
</testcase>
<testcase name="👑 Admin Management API Tests › Get All Users API" classname="api-integration.spec.ts" time="14.884">
<failure message="api-integration.spec.ts:534:7 Get All Users API" type="FAILURE">
<![CDATA[  [firefox] › api-integration.spec.ts:534:7 › 👑 Admin Management API Tests › Get All Users API ────

    SyntaxError: Unexpected end of JSON input

      43 |     data: { email, password }
      44 |   });
    > 45 |   const data = await response.json();
         |                ^
      46 |   return data.token;
      47 | }
      48 |
        at getAuthToken (/Users/asithalakmal/Documents/web/final project/WeddingLK-next copy/tests/e2e/api-integration.spec.ts:45:16)
        at /Users/asithalakmal/Documents/web/final project/WeddingLK-next copy/tests/e2e/api-integration.spec.ts:535:19

    attachment #1: screenshot (image/png) ──────────────────────────────────────────────────────────
    ../../test-results/api-integration-👑-Admin-M-2be62-API-Tests-Get-All-Users-API-firefox/test-failed-1.png
    ────────────────────────────────────────────────────────────────────────────────────────────────

    attachment #2: video (video/webm) ──────────────────────────────────────────────────────────────
    ../../test-results/api-integration-👑-Admin-M-2be62-API-Tests-Get-All-Users-API-firefox/video.webm
    ────────────────────────────────────────────────────────────────────────────────────────────────
]]>
</failure>
<system-out>
<![CDATA[
[[ATTACHMENT|test-results/api-integration-👑-Admin-M-2be62-API-Tests-Get-All-Users-API-firefox/test-failed-1.png]]

[[ATTACHMENT|test-results/api-integration-👑-Admin-M-2be62-API-Tests-Get-All-Users-API-firefox/video.webm]]
]]>
</system-out>
</testcase>
<testcase name="👑 Admin Management API Tests › Get All Vendors API" classname="api-integration.spec.ts" time="13.392">
<failure message="api-integration.spec.ts:545:7 Get All Vendors API" type="FAILURE">
<![CDATA[  [firefox] › api-integration.spec.ts:545:7 › 👑 Admin Management API Tests › Get All Vendors API ──

    SyntaxError: Unexpected end of JSON input

      43 |     data: { email, password }
      44 |   });
    > 45 |   const data = await response.json();
         |                ^
      46 |   return data.token;
      47 | }
      48 |
        at getAuthToken (/Users/asithalakmal/Documents/web/final project/WeddingLK-next copy/tests/e2e/api-integration.spec.ts:45:16)
        at /Users/asithalakmal/Documents/web/final project/WeddingLK-next copy/tests/e2e/api-integration.spec.ts:546:19

    attachment #1: screenshot (image/png) ──────────────────────────────────────────────────────────
    ../../test-results/api-integration-👑-Admin-M-588b2-I-Tests-Get-All-Vendors-API-firefox/test-failed-1.png
    ────────────────────────────────────────────────────────────────────────────────────────────────

    attachment #2: video (video/webm) ──────────────────────────────────────────────────────────────
    ../../test-results/api-integration-👑-Admin-M-588b2-I-Tests-Get-All-Vendors-API-firefox/video.webm
    ────────────────────────────────────────────────────────────────────────────────────────────────
]]>
</failure>
<system-out>
<![CDATA[
[[ATTACHMENT|test-results/api-integration-👑-Admin-M-588b2-I-Tests-Get-All-Vendors-API-firefox/test-failed-1.png]]

[[ATTACHMENT|test-results/api-integration-👑-Admin-M-588b2-I-Tests-Get-All-Vendors-API-firefox/video.webm]]
]]>
</system-out>
</testcase>
<testcase name="👑 Admin Management API Tests › Update User Role API" classname="api-integration.spec.ts" time="7.677">
<failure message="api-integration.spec.ts:556:7 Update User Role API" type="FAILURE">
<![CDATA[  [firefox] › api-integration.spec.ts:556:7 › 👑 Admin Management API Tests › Update User Role API ─

    SyntaxError: Unexpected end of JSON input

      43 |     data: { email, password }
      44 |   });
    > 45 |   const data = await response.json();
         |                ^
      46 |   return data.token;
      47 | }
      48 |
        at getAuthToken (/Users/asithalakmal/Documents/web/final project/WeddingLK-next copy/tests/e2e/api-integration.spec.ts:45:16)
        at /Users/asithalakmal/Documents/web/final project/WeddingLK-next copy/tests/e2e/api-integration.spec.ts:557:19

    attachment #1: screenshot (image/png) ──────────────────────────────────────────────────────────
    ../../test-results/api-integration-👑-Admin-M-426c4--Tests-Update-User-Role-API-firefox/test-failed-1.png
    ────────────────────────────────────────────────────────────────────────────────────────────────

    attachment #2: video (video/webm) ──────────────────────────────────────────────────────────────
    ../../test-results/api-integration-👑-Admin-M-426c4--Tests-Update-User-Role-API-firefox/video.webm
    ────────────────────────────────────────────────────────────────────────────────────────────────
]]>
</failure>
<system-out>
<![CDATA[
[[ATTACHMENT|test-results/api-integration-👑-Admin-M-426c4--Tests-Update-User-Role-API-firefox/test-failed-1.png]]

[[ATTACHMENT|test-results/api-integration-👑-Admin-M-426c4--Tests-Update-User-Role-API-firefox/video.webm]]
]]>
</system-out>
</testcase>
<testcase name="👑 Admin Management API Tests › Get Admin Reports API" classname="api-integration.spec.ts" time="7.448">
<failure message="api-integration.spec.ts:569:7 Get Admin Reports API" type="FAILURE">
<![CDATA[  [firefox] › api-integration.spec.ts:569:7 › 👑 Admin Management API Tests › Get Admin Reports API 

    SyntaxError: Unexpected end of JSON input

      43 |     data: { email, password }
      44 |   });
    > 45 |   const data = await response.json();
         |                ^
      46 |   return data.token;
      47 | }
      48 |
        at getAuthToken (/Users/asithalakmal/Documents/web/final project/WeddingLK-next copy/tests/e2e/api-integration.spec.ts:45:16)
        at /Users/asithalakmal/Documents/web/final project/WeddingLK-next copy/tests/e2e/api-integration.spec.ts:570:19

    attachment #1: screenshot (image/png) ──────────────────────────────────────────────────────────
    ../../test-results/api-integration-👑-Admin-M-bc282-Tests-Get-Admin-Reports-API-firefox/test-failed-1.png
    ────────────────────────────────────────────────────────────────────────────────────────────────

    attachment #2: video (video/webm) ──────────────────────────────────────────────────────────────
    ../../test-results/api-integration-👑-Admin-M-bc282-Tests-Get-Admin-Reports-API-firefox/video.webm
    ────────────────────────────────────────────────────────────────────────────────────────────────
]]>
</failure>
<system-out>
<![CDATA[
[[ATTACHMENT|test-results/api-integration-👑-Admin-M-bc282-Tests-Get-Admin-Reports-API-firefox/test-failed-1.png]]

[[ATTACHMENT|test-results/api-integration-👑-Admin-M-bc282-Tests-Get-Admin-Reports-API-firefox/video.webm]]
]]>
</system-out>
</testcase>
<testcase name="🔍 Search and Filter API Tests › Search Venues API" classname="api-integration.spec.ts" time="8.283">
</testcase>
<testcase name="🔍 Search and Filter API Tests › Search Vendors API" classname="api-integration.spec.ts" time="10.563">
</testcase>
<testcase name="🔍 Search and Filter API Tests › Filter Venues by Price API" classname="api-integration.spec.ts" time="9.034">
</testcase>
<testcase name="📱 Mobile API Tests › Mobile App Data API" classname="api-integration.spec.ts" time="7.349">
<failure message="api-integration.spec.ts:611:7 Mobile App Data API" type="FAILURE">
<![CDATA[  [firefox] › api-integration.spec.ts:611:7 › 📱 Mobile API Tests › Mobile App Data API ────────────

    SyntaxError: Unexpected end of JSON input

      43 |     data: { email, password }
      44 |   });
    > 45 |   const data = await response.json();
         |                ^
      46 |   return data.token;
      47 | }
      48 |
        at getAuthToken (/Users/asithalakmal/Documents/web/final project/WeddingLK-next copy/tests/e2e/api-integration.spec.ts:45:16)
        at /Users/asithalakmal/Documents/web/final project/WeddingLK-next copy/tests/e2e/api-integration.spec.ts:612:19

    attachment #1: screenshot (image/png) ──────────────────────────────────────────────────────────
    ../../test-results/api-integration-📱-Mobile-API-Tests-Mobile-App-Data-API-firefox/test-failed-1.png
    ────────────────────────────────────────────────────────────────────────────────────────────────

    attachment #2: video (video/webm) ──────────────────────────────────────────────────────────────
    ../../test-results/api-integration-📱-Mobile-API-Tests-Mobile-App-Data-API-firefox/video.webm
    ────────────────────────────────────────────────────────────────────────────────────────────────
]]>
</failure>
<system-out>
<![CDATA[
[[ATTACHMENT|test-results/api-integration-📱-Mobile-API-Tests-Mobile-App-Data-API-firefox/test-failed-1.png]]

[[ATTACHMENT|test-results/api-integration-📱-Mobile-API-Tests-Mobile-App-Data-API-firefox/video.webm]]
]]>
</system-out>
</testcase>
<testcase name="📱 Mobile API Tests › Mobile Venues API" classname="api-integration.spec.ts" time="4.63">
<failure message="api-integration.spec.ts:625:7 Mobile Venues API" type="FAILURE">
<![CDATA[  [firefox] › api-integration.spec.ts:625:7 › 📱 Mobile API Tests › Mobile Venues API ──────────────

    SyntaxError: Unexpected end of JSON input

      43 |     data: { email, password }
      44 |   });
    > 45 |   const data = await response.json();
         |                ^
      46 |   return data.token;
      47 | }
      48 |
        at getAuthToken (/Users/asithalakmal/Documents/web/final project/WeddingLK-next copy/tests/e2e/api-integration.spec.ts:45:16)
        at /Users/asithalakmal/Documents/web/final project/WeddingLK-next copy/tests/e2e/api-integration.spec.ts:626:19

    attachment #1: screenshot (image/png) ──────────────────────────────────────────────────────────
    ../../test-results/api-integration-📱-Mobile-API-Tests-Mobile-Venues-API-firefox/test-failed-1.png
    ────────────────────────────────────────────────────────────────────────────────────────────────

    attachment #2: video (video/webm) ──────────────────────────────────────────────────────────────
    ../../test-results/api-integration-📱-Mobile-API-Tests-Mobile-Venues-API-firefox/video.webm
    ────────────────────────────────────────────────────────────────────────────────────────────────
]]>
</failure>
<system-out>
<![CDATA[
[[ATTACHMENT|test-results/api-integration-📱-Mobile-API-Tests-Mobile-Venues-API-firefox/test-failed-1.png]]

[[ATTACHMENT|test-results/api-integration-📱-Mobile-API-Tests-Mobile-Venues-API-firefox/video.webm]]
]]>
</system-out>
</testcase>
<testcase name="🔔 Notification API Tests › Get Notifications API" classname="api-integration.spec.ts" time="7.973">
<failure message="api-integration.spec.ts:641:7 Get Notifications API" type="FAILURE">
<![CDATA[  [firefox] › api-integration.spec.ts:641:7 › 🔔 Notification API Tests › Get Notifications API ────

    SyntaxError: Unexpected end of JSON input

      43 |     data: { email, password }
      44 |   });
    > 45 |   const data = await response.json();
         |                ^
      46 |   return data.token;
      47 | }
      48 |
        at getAuthToken (/Users/asithalakmal/Documents/web/final project/WeddingLK-next copy/tests/e2e/api-integration.spec.ts:45:16)
        at /Users/asithalakmal/Documents/web/final project/WeddingLK-next copy/tests/e2e/api-integration.spec.ts:642:19

    attachment #1: screenshot (image/png) ──────────────────────────────────────────────────────────
    ../../test-results/api-integration-🔔-Notific-9b174-Tests-Get-Notifications-API-firefox/test-failed-1.png
    ────────────────────────────────────────────────────────────────────────────────────────────────

    attachment #2: video (video/webm) ──────────────────────────────────────────────────────────────
    ../../test-results/api-integration-🔔-Notific-9b174-Tests-Get-Notifications-API-firefox/video.webm
    ────────────────────────────────────────────────────────────────────────────────────────────────
]]>
</failure>
<system-out>
<![CDATA[
[[ATTACHMENT|test-results/api-integration-🔔-Notific-9b174-Tests-Get-Notifications-API-firefox/test-failed-1.png]]

[[ATTACHMENT|test-results/api-integration-🔔-Notific-9b174-Tests-Get-Notifications-API-firefox/video.webm]]
]]>
</system-out>
</testcase>
<testcase name="🔔 Notification API Tests › Mark Notification as Read API" classname="api-integration.spec.ts" time="7.148">
<failure message="api-integration.spec.ts:652:7 Mark Notification as Read API" type="FAILURE">
<![CDATA[  [firefox] › api-integration.spec.ts:652:7 › 🔔 Notification API Tests › Mark Notification as Read API 

    SyntaxError: Unexpected end of JSON input

      43 |     data: { email, password }
      44 |   });
    > 45 |   const data = await response.json();
         |                ^
      46 |   return data.token;
      47 | }
      48 |
        at getAuthToken (/Users/asithalakmal/Documents/web/final project/WeddingLK-next copy/tests/e2e/api-integration.spec.ts:45:16)
        at /Users/asithalakmal/Documents/web/final project/WeddingLK-next copy/tests/e2e/api-integration.spec.ts:653:19

    attachment #1: screenshot (image/png) ──────────────────────────────────────────────────────────
    ../../test-results/api-integration-🔔-Notific-6938f-rk-Notification-as-Read-API-firefox/test-failed-1.png
    ────────────────────────────────────────────────────────────────────────────────────────────────

    attachment #2: video (video/webm) ──────────────────────────────────────────────────────────────
    ../../test-results/api-integration-🔔-Notific-6938f-rk-Notification-as-Read-API-firefox/video.webm
    ────────────────────────────────────────────────────────────────────────────────────────────────
]]>
</failure>
<system-out>
<![CDATA[
[[ATTACHMENT|test-results/api-integration-🔔-Notific-6938f-rk-Notification-as-Read-API-firefox/test-failed-1.png]]

[[ATTACHMENT|test-results/api-integration-🔔-Notific-6938f-rk-Notification-as-Read-API-firefox/video.webm]]
]]>
</system-out>
</testcase>
<testcase name="🛡️ Security and Error Handling API Tests › Unauthorized API Access" classname="api-integration.spec.ts" time="7.144">
<failure message="api-integration.spec.ts:665:7 Unauthorized API Access" type="FAILURE">
<![CDATA[  [firefox] › api-integration.spec.ts:665:7 › 🛡️ Security and Error Handling API Tests › Unauthorized API Access 

    Error: expect(received).toContain(expected) // indexOf

    Expected substring: "Unauthorized"
    Received string:    "Authentication required"

      668 |     
      669 |     const data = await response.json();
    > 670 |     expect(data.error).toContain('Unauthorized');
          |                        ^
      671 |   });
      672 |
      673 |   test('Invalid Token API Access', async ({ page }) => {
        at /Users/asithalakmal/Documents/web/final project/WeddingLK-next copy/tests/e2e/api-integration.spec.ts:670:24

    attachment #1: screenshot (image/png) ──────────────────────────────────────────────────────────
    ../../test-results/api-integration-🛡️-Securi-b5273-sts-Unauthorized-API-Access-firefox/test-failed-1.png
    ────────────────────────────────────────────────────────────────────────────────────────────────

    attachment #2: video (video/webm) ──────────────────────────────────────────────────────────────
    ../../test-results/api-integration-🛡️-Securi-b5273-sts-Unauthorized-API-Access-firefox/video.webm
    ────────────────────────────────────────────────────────────────────────────────────────────────
]]>
</failure>
<system-out>
<![CDATA[
[[ATTACHMENT|test-results/api-integration-🛡️-Securi-b5273-sts-Unauthorized-API-Access-firefox/test-failed-1.png]]

[[ATTACHMENT|test-results/api-integration-🛡️-Securi-b5273-sts-Unauthorized-API-Access-firefox/video.webm]]
]]>
</system-out>
</testcase>
<testcase name="🛡️ Security and Error Handling API Tests › Invalid Token API Access" classname="api-integration.spec.ts" time="6.791">
</testcase>
<testcase name="🛡️ Security and Error Handling API Tests › Rate Limiting API" classname="api-integration.spec.ts" time="4.332">
<failure message="api-integration.spec.ts:680:7 Rate Limiting API" type="FAILURE">
<![CDATA[  [firefox] › api-integration.spec.ts:680:7 › 🛡️ Security and Error Handling API Tests › Rate Limiting API 

    Error: expect(received).toBeGreaterThan(expected)

    Expected: > 0
    Received:   0

      688 |     
      689 |     // At least one request should be rate limited
    > 690 |     expect(rateLimitedResponses.length).toBeGreaterThan(0);
          |                                         ^
      691 |   });
      692 |
      693 |   test('Input Validation API', async ({ page }) => {
        at /Users/asithalakmal/Documents/web/final project/WeddingLK-next copy/tests/e2e/api-integration.spec.ts:690:41

    attachment #1: screenshot (image/png) ──────────────────────────────────────────────────────────
    ../../test-results/api-integration-🛡️-Securi-733b3-API-Tests-Rate-Limiting-API-firefox/test-failed-1.png
    ────────────────────────────────────────────────────────────────────────────────────────────────

    attachment #2: video (video/webm) ──────────────────────────────────────────────────────────────
    ../../test-results/api-integration-🛡️-Securi-733b3-API-Tests-Rate-Limiting-API-firefox/video.webm
    ────────────────────────────────────────────────────────────────────────────────────────────────
]]>
</failure>
<system-out>
<![CDATA[
[[ATTACHMENT|test-results/api-integration-🛡️-Securi-733b3-API-Tests-Rate-Limiting-API-firefox/test-failed-1.png]]

[[ATTACHMENT|test-results/api-integration-🛡️-Securi-733b3-API-Tests-Rate-Limiting-API-firefox/video.webm]]
]]>
</system-out>
</testcase>
<testcase name="🛡️ Security and Error Handling API Tests › Input Validation API" classname="api-integration.spec.ts" time="8.397">
<failure message="api-integration.spec.ts:693:7 Input Validation API" type="FAILURE">
<![CDATA[  [firefox] › api-integration.spec.ts:693:7 › 🛡️ Security and Error Handling API Tests › Input Validation API 

    Error: expect(received).toBeDefined()

    Received: undefined

      702 |     expect(response.status()).toBe(400);
      703 |     const data = await response.json();
    > 704 |     expect(data.errors).toBeDefined();
          |                         ^
      705 |   });
      706 | });
      707 |
        at /Users/asithalakmal/Documents/web/final project/WeddingLK-next copy/tests/e2e/api-integration.spec.ts:704:25

    attachment #1: screenshot (image/png) ──────────────────────────────────────────────────────────
    ../../test-results/api-integration-🛡️-Securi-8d139--Tests-Input-Validation-API-firefox/test-failed-1.png
    ────────────────────────────────────────────────────────────────────────────────────────────────

    attachment #2: video (video/webm) ──────────────────────────────────────────────────────────────
    ../../test-results/api-integration-🛡️-Securi-8d139--Tests-Input-Validation-API-firefox/video.webm
    ────────────────────────────────────────────────────────────────────────────────────────────────
]]>
</failure>
<system-out>
<![CDATA[
[[ATTACHMENT|test-results/api-integration-🛡️-Securi-8d139--Tests-Input-Validation-API-firefox/test-failed-1.png]]

[[ATTACHMENT|test-results/api-integration-🛡️-Securi-8d139--Tests-Input-Validation-API-firefox/video.webm]]
]]>
</system-out>
</testcase>
<testcase name="📊 Analytics and Monitoring API Tests › Performance Monitoring API" classname="api-integration.spec.ts" time="8.782">
<failure message="api-integration.spec.ts:709:7 Performance Monitoring API" type="FAILURE">
<![CDATA[  [firefox] › api-integration.spec.ts:709:7 › 📊 Analytics and Monitoring API Tests › Performance Monitoring API 

    Error: expect(received).toBeDefined()

    Received: undefined

      713 |     const data = await response.json();
      714 |     expect(data.success).toBe(true);
    > 715 |     expect(data.metrics).toBeDefined();
          |                          ^
      716 |   });
      717 |
      718 |   test('Health Check API', async ({ page }) => {
        at /Users/asithalakmal/Documents/web/final project/WeddingLK-next copy/tests/e2e/api-integration.spec.ts:715:26

    attachment #1: screenshot (image/png) ──────────────────────────────────────────────────────────
    ../../test-results/api-integration-📊-Analyti-8d4fe--Performance-Monitoring-API-firefox/test-failed-1.png
    ────────────────────────────────────────────────────────────────────────────────────────────────

    attachment #2: video (video/webm) ──────────────────────────────────────────────────────────────
    ../../test-results/api-integration-📊-Analyti-8d4fe--Performance-Monitoring-API-firefox/video.webm
    ────────────────────────────────────────────────────────────────────────────────────────────────
]]>
</failure>
<system-out>
<![CDATA[
[[ATTACHMENT|test-results/api-integration-📊-Analyti-8d4fe--Performance-Monitoring-API-firefox/test-failed-1.png]]

[[ATTACHMENT|test-results/api-integration-📊-Analyti-8d4fe--Performance-Monitoring-API-firefox/video.webm]]
]]>
</system-out>
</testcase>
<testcase name="📊 Analytics and Monitoring API Tests › Health Check API" classname="api-integration.spec.ts" time="65.75">
<failure message="api-integration.spec.ts:718:7 Health Check API" type="FAILURE">
<![CDATA[  [firefox] › api-integration.spec.ts:718:7 › 📊 Analytics and Monitoring API Tests › Health Check API 

    TimeoutError: apiRequestContext.get: Timeout 60000ms exceeded.
    Call log:
      - → GET https://wedding-lk.vercel.app/api/health
        - user-agent: Mozilla/5.0 (Windows NT 10.0; Win64; x64; rv:142.0.1) Gecko/20100101 Firefox/142.0.1
        - accept: */*
        - accept-encoding: gzip,deflate,br


      717 |
      718 |   test('Health Check API', async ({ page }) => {
    > 719 |     const response = await page.request.get('/api/health');
          |                                         ^
      720 |     expect(response.status()).toBe(200);
      721 |     
      722 |     const data = await response.json();
        at /Users/asithalakmal/Documents/web/final project/WeddingLK-next copy/tests/e2e/api-integration.spec.ts:719:41

    attachment #1: screenshot (image/png) ──────────────────────────────────────────────────────────
    ../../test-results/api-integration-📊-Analyti-e1193--API-Tests-Health-Check-API-firefox/test-failed-1.png
    ────────────────────────────────────────────────────────────────────────────────────────────────

    attachment #2: video (video/webm) ──────────────────────────────────────────────────────────────
    ../../test-results/api-integration-📊-Analyti-e1193--API-Tests-Health-Check-API-firefox/video.webm
    ────────────────────────────────────────────────────────────────────────────────────────────────
]]>
</failure>
<system-out>
<![CDATA[
[[ATTACHMENT|test-results/api-integration-📊-Analyti-e1193--API-Tests-Health-Check-API-firefox/test-failed-1.png]]

[[ATTACHMENT|test-results/api-integration-📊-Analyti-e1193--API-Tests-Health-Check-API-firefox/video.webm]]
]]>
</system-out>
</testcase>
<testcase name="📊 Analytics and Monitoring API Tests › Error Tracking API" classname="api-integration.spec.ts" time="8.582">
<failure message="api-integration.spec.ts:727:7 Error Tracking API" type="FAILURE">
<![CDATA[  [firefox] › api-integration.spec.ts:727:7 › 📊 Analytics and Monitoring API Tests › Error Tracking API 

    Error: expect(received).toBe(expected) // Object.is equality

    Expected: 200
    Received: 401

      727 |   test('Error Tracking API', async ({ page }) => {
      728 |     const response = await page.request.get('/api/errors');
    > 729 |     expect(response.status()).toBe(200);
          |                               ^
      730 |     
      731 |     const data = await response.json();
      732 |     expect(data.success).toBe(true);
        at /Users/asithalakmal/Documents/web/final project/WeddingLK-next copy/tests/e2e/api-integration.spec.ts:729:31

    attachment #1: screenshot (image/png) ──────────────────────────────────────────────────────────
    ../../test-results/api-integration-📊-Analyti-cbfaa-PI-Tests-Error-Tracking-API-firefox/test-failed-1.png
    ────────────────────────────────────────────────────────────────────────────────────────────────

    attachment #2: video (video/webm) ──────────────────────────────────────────────────────────────
    ../../test-results/api-integration-📊-Analyti-cbfaa-PI-Tests-Error-Tracking-API-firefox/video.webm
    ────────────────────────────────────────────────────────────────────────────────────────────────
]]>
</failure>
<system-out>
<![CDATA[
[[ATTACHMENT|test-results/api-integration-📊-Analyti-cbfaa-PI-Tests-Error-Tracking-API-firefox/test-failed-1.png]]

[[ATTACHMENT|test-results/api-integration-📊-Analyti-cbfaa-PI-Tests-Error-Tracking-API-firefox/video.webm]]
]]>
</system-out>
</testcase>
</testsuite>
<testsuite name="api-tests.spec.ts" timestamp="2025-10-24T16:55:39.999Z" hostname="firefox" tests="44" failures="15" skipped="0" time="278.641" errors="0">
<testcase name="🔌 API Integration Tests - Phase 2 › 🔐 Authentication APIs › ✅ POST /api/auth/signin - Valid credentials return 200" classname="api-tests.spec.ts" time="5.434">
<failure message="api-tests.spec.ts:22:9 ✅ POST /api/auth/signin - Valid credentials return 200" type="FAILURE">
<![CDATA[  [firefox] › api-tests.spec.ts:22:9 › 🔌 API Integration Tests - Phase 2 › 🔐 Authentication APIs › ✅ POST /api/auth/signin - Valid credentials return 200 

    Error: expect(received).toBe(expected) // Object.is equality

    Expected: 200
    Received: 401

      25 |       })
      26 |       
    > 27 |       expect(response.status()).toBe(200)
         |                                 ^
      28 |       const json = await response.json()
      29 |       expect(json).toHaveProperty('user')
      30 |       expect(json.user).toHaveProperty('email')
        at /Users/asithalakmal/Documents/web/final project/WeddingLK-next copy/tests/e2e/api-tests.spec.ts:27:33

    attachment #1: screenshot (image/png) ──────────────────────────────────────────────────────────
    ../../test-results/api-tests-🔌-API-Integrati-fefd0-alid-credentials-return-200-firefox/test-failed-1.png
    ────────────────────────────────────────────────────────────────────────────────────────────────

    attachment #2: video (video/webm) ──────────────────────────────────────────────────────────────
    ../../test-results/api-tests-🔌-API-Integrati-fefd0-alid-credentials-return-200-firefox/video.webm
    ────────────────────────────────────────────────────────────────────────────────────────────────
]]>
</failure>
<system-out>
<![CDATA[
[[ATTACHMENT|test-results/api-tests-🔌-API-Integrati-fefd0-alid-credentials-return-200-firefox/test-failed-1.png]]

[[ATTACHMENT|test-results/api-tests-🔌-API-Integrati-fefd0-alid-credentials-return-200-firefox/video.webm]]
]]>
</system-out>
</testcase>
<testcase name="🔌 API Integration Tests - Phase 2 › 🔐 Authentication APIs › ✅ POST /api/auth/signin - Invalid credentials return 401" classname="api-tests.spec.ts" time="5.116">
</testcase>
<testcase name="🔌 API Integration Tests - Phase 2 › 🔐 Authentication APIs › ✅ POST /api/auth/signup - New user registration" classname="api-tests.spec.ts" time="3.178">
</testcase>
<testcase name="🔌 API Integration Tests - Phase 2 › 🔐 Authentication APIs › ✅ GET /api/auth/me - Get current user info" classname="api-tests.spec.ts" time="3.981">
</testcase>
<testcase name="🔌 API Integration Tests - Phase 2 › 🔐 Authentication APIs › ✅ POST /api/auth/signout - Logout user" classname="api-tests.spec.ts" time="4.159">
</testcase>
<testcase name="🔌 API Integration Tests - Phase 2 › 📊 Dashboard APIs › ✅ GET /api/dashboard/user - User dashboard stats" classname="api-tests.spec.ts" time="3.39">
</testcase>
<testcase name="🔌 API Integration Tests - Phase 2 › 📊 Dashboard APIs › ✅ GET /api/dashboard/vendor - Vendor dashboard stats" classname="api-tests.spec.ts" time="3.947">
</testcase>
<testcase name="🔌 API Integration Tests - Phase 2 › 📊 Dashboard APIs › ✅ GET /api/dashboard/admin - Admin dashboard stats" classname="api-tests.spec.ts" time="2.525">
</testcase>
<testcase name="🔌 API Integration Tests - Phase 2 › 📊 Dashboard APIs › ✅ GET /api/dashboard - General dashboard stats" classname="api-tests.spec.ts" time="1.957">
<failure message="api-tests.spec.ts:128:9 ✅ GET /api/dashboard - General dashboard stats" type="FAILURE">
<![CDATA[  [firefox] › api-tests.spec.ts:128:9 › 🔌 API Integration Tests - Phase 2 › 📊 Dashboard APIs › ✅ GET /api/dashboard - General dashboard stats 

    Error: expect(received).toContain(expected) // indexOf

    Expected value: 404
    Received array: [200, 401, 302]

      130 |       
      131 |       // Should either work or redirect to login
    > 132 |       expect([200, 401, 302]).toContain(response.status())
          |                               ^
      133 |     })
      134 |   })
      135 |
        at /Users/asithalakmal/Documents/web/final project/WeddingLK-next copy/tests/e2e/api-tests.spec.ts:132:31

    attachment #1: screenshot (image/png) ──────────────────────────────────────────────────────────
    ../../test-results/api-tests-🔌-API-Integrati-31ecb-d---General-dashboard-stats-firefox/test-failed-1.png
    ────────────────────────────────────────────────────────────────────────────────────────────────

    attachment #2: video (video/webm) ──────────────────────────────────────────────────────────────
    ../../test-results/api-tests-🔌-API-Integrati-31ecb-d---General-dashboard-stats-firefox/video.webm
    ────────────────────────────────────────────────────────────────────────────────────────────────
]]>
</failure>
<system-out>
<![CDATA[
[[ATTACHMENT|test-results/api-tests-🔌-API-Integrati-31ecb-d---General-dashboard-stats-firefox/test-failed-1.png]]

[[ATTACHMENT|test-results/api-tests-🔌-API-Integrati-31ecb-d---General-dashboard-stats-firefox/video.webm]]
]]>
</system-out>
</testcase>
<testcase name="🔌 API Integration Tests - Phase 2 › 🏛️ Venue APIs › ✅ GET /api/venues - List all venues" classname="api-tests.spec.ts" time="6.613">
</testcase>
<testcase name="🔌 API Integration Tests - Phase 2 › 🏛️ Venue APIs › ✅ GET /api/venues/search - Search venues" classname="api-tests.spec.ts" time="8.475">
</testcase>
<testcase name="🔌 API Integration Tests - Phase 2 › 🏛️ Venue APIs › ✅ GET /api/venues/:id - Get specific venue" classname="api-tests.spec.ts" time="3.963">
<failure message="api-tests.spec.ts:158:9 ✅ GET /api/venues/:id - Get specific venue" type="FAILURE">
<![CDATA[  [firefox] › api-tests.spec.ts:158:9 › 🔌 API Integration Tests - Phase 2 › 🏛️ Venue APIs › ✅ GET /api/venues/:id - Get specific venue 

    Error: expect(received).toContain(expected) // indexOf

    Expected value: 500
    Received array: [200, 404, 400]

      159 |       const response = await page.request.get('/api/venues/test-venue-id')
      160 |       
    > 161 |       expect([200, 404, 400]).toContain(response.status())
          |                               ^
      162 |     })
      163 |
      164 |     test('✅ GET /api/venues/search with filters', async ({ page }) => {
        at /Users/asithalakmal/Documents/web/final project/WeddingLK-next copy/tests/e2e/api-tests.spec.ts:161:31

    attachment #1: screenshot (image/png) ──────────────────────────────────────────────────────────
    ../../test-results/api-tests-🔌-API-Integrati-924d0-ues-id---Get-specific-venue-firefox/test-failed-1.png
    ────────────────────────────────────────────────────────────────────────────────────────────────

    attachment #2: video (video/webm) ──────────────────────────────────────────────────────────────
    ../../test-results/api-tests-🔌-API-Integrati-924d0-ues-id---Get-specific-venue-firefox/video.webm
    ────────────────────────────────────────────────────────────────────────────────────────────────
]]>
</failure>
<system-out>
<![CDATA[
[[ATTACHMENT|test-results/api-tests-🔌-API-Integrati-924d0-ues-id---Get-specific-venue-firefox/test-failed-1.png]]

[[ATTACHMENT|test-results/api-tests-🔌-API-Integrati-924d0-ues-id---Get-specific-venue-firefox/video.webm]]
]]>
</system-out>
</testcase>
<testcase name="🔌 API Integration Tests - Phase 2 › 🏛️ Venue APIs › ✅ GET /api/venues/search with filters" classname="api-tests.spec.ts" time="7.987">
</testcase>
<testcase name="🔌 API Integration Tests - Phase 2 › 🏛️ Venue APIs › ✅ GET /api/venues with pagination" classname="api-tests.spec.ts" time="3.065">
</testcase>
<testcase name="🔌 API Integration Tests - Phase 2 › 🏢 Vendor APIs › ✅ GET /api/vendors - List all vendors" classname="api-tests.spec.ts" time="2.3">
</testcase>
<testcase name="🔌 API Integration Tests - Phase 2 › 🏢 Vendor APIs › ✅ GET /api/vendors/search - Search vendors" classname="api-tests.spec.ts" time="3.856">
</testcase>
<testcase name="🔌 API Integration Tests - Phase 2 › 🏢 Vendor APIs › ✅ GET /api/vendors/:id - Get specific vendor" classname="api-tests.spec.ts" time="2.127">
<failure message="api-tests.spec.ts:196:9 ✅ GET /api/vendors/:id - Get specific vendor" type="FAILURE">
<![CDATA[  [firefox] › api-tests.spec.ts:196:9 › 🔌 API Integration Tests - Phase 2 › 🏢 Vendor APIs › ✅ GET /api/vendors/:id - Get specific vendor 

    Error: expect(received).toContain(expected) // indexOf

    Expected value: 500
    Received array: [200, 404, 400]

      197 |       const response = await page.request.get('/api/vendors/test-vendor-id')
      198 |       
    > 199 |       expect([200, 404, 400]).toContain(response.status())
          |                               ^
      200 |     })
      201 |
      202 |     test('✅ GET /api/vendors/category/:category - Get vendors by category', async ({ page }) => {
        at /Users/asithalakmal/Documents/web/final project/WeddingLK-next copy/tests/e2e/api-tests.spec.ts:199:31

    attachment #1: screenshot (image/png) ──────────────────────────────────────────────────────────
    ../../test-results/api-tests-🔌-API-Integrati-17e5a-rs-id---Get-specific-vendor-firefox/test-failed-1.png
    ────────────────────────────────────────────────────────────────────────────────────────────────

    attachment #2: video (video/webm) ──────────────────────────────────────────────────────────────
    ../../test-results/api-tests-🔌-API-Integrati-17e5a-rs-id---Get-specific-vendor-firefox/video.webm
    ────────────────────────────────────────────────────────────────────────────────────────────────
]]>
</failure>
<system-out>
<![CDATA[
[[ATTACHMENT|test-results/api-tests-🔌-API-Integrati-17e5a-rs-id---Get-specific-vendor-firefox/test-failed-1.png]]

[[ATTACHMENT|test-results/api-tests-🔌-API-Integrati-17e5a-rs-id---Get-specific-vendor-firefox/video.webm]]
]]>
</system-out>
</testcase>
<testcase name="🔌 API Integration Tests - Phase 2 › 🏢 Vendor APIs › ✅ GET /api/vendors/category/:category - Get vendors by category" classname="api-tests.spec.ts" time="2.962">
</testcase>
<testcase name="🔌 API Integration Tests - Phase 2 › 🏢 Vendor APIs › ✅ GET /api/vendors/search with filters" classname="api-tests.spec.ts" time="8.693">
</testcase>
<testcase name="🔌 API Integration Tests - Phase 2 › 📅 Booking APIs › ✅ GET /api/bookings - List user bookings" classname="api-tests.spec.ts" time="4.093">
</testcase>
<testcase name="🔌 API Integration Tests - Phase 2 › 📅 Booking APIs › ✅ POST /api/bookings - Create booking" classname="api-tests.spec.ts" time="3.541">
</testcase>
<testcase name="🔌 API Integration Tests - Phase 2 › 📅 Booking APIs › ✅ GET /api/bookings/:id - Get specific booking" classname="api-tests.spec.ts" time="4.301">
<failure message="api-tests.spec.ts:245:9 ✅ GET /api/bookings/:id - Get specific booking" type="FAILURE">
<![CDATA[  [firefox] › api-tests.spec.ts:245:9 › 🔌 API Integration Tests - Phase 2 › 📅 Booking APIs › ✅ GET /api/bookings/:id - Get specific booking 

    Error: expect(received).toContain(expected) // indexOf

    Expected value: 500
    Received array: [200, 404, 401]

      248 |       const response = await page.request.get('/api/bookings/test-booking-id')
      249 |       
    > 250 |       expect([200, 404, 401]).toContain(response.status())
          |                               ^
      251 |     })
      252 |
      253 |     test('✅ PATCH /api/bookings/:id - Update booking', async ({ page }) => {
        at /Users/asithalakmal/Documents/web/final project/WeddingLK-next copy/tests/e2e/api-tests.spec.ts:250:31

    attachment #1: screenshot (image/png) ──────────────────────────────────────────────────────────
    ../../test-results/api-tests-🔌-API-Integrati-c1980-s-id---Get-specific-booking-firefox/test-failed-1.png
    ────────────────────────────────────────────────────────────────────────────────────────────────

    attachment #2: video (video/webm) ──────────────────────────────────────────────────────────────
    ../../test-results/api-tests-🔌-API-Integrati-c1980-s-id---Get-specific-booking-firefox/video.webm
    ────────────────────────────────────────────────────────────────────────────────────────────────
]]>
</failure>
<system-out>
<![CDATA[
[[ATTACHMENT|test-results/api-tests-🔌-API-Integrati-c1980-s-id---Get-specific-booking-firefox/test-failed-1.png]]

[[ATTACHMENT|test-results/api-tests-🔌-API-Integrati-c1980-s-id---Get-specific-booking-firefox/video.webm]]
]]>
</system-out>
</testcase>
<testcase name="🔌 API Integration Tests - Phase 2 › 📅 Booking APIs › ✅ PATCH /api/bookings/:id - Update booking" classname="api-tests.spec.ts" time="7.289">
<failure message="api-tests.spec.ts:253:9 ✅ PATCH /api/bookings/:id - Update booking" type="FAILURE">
<![CDATA[  [firefox] › api-tests.spec.ts:253:9 › 🔌 API Integration Tests - Phase 2 › 📅 Booking APIs › ✅ PATCH /api/bookings/:id - Update booking 

    Error: expect(received).toContain(expected) // indexOf

    Expected value: 405
    Received array: [200, 400, 404, 401]

      258 |       })
      259 |       
    > 260 |       expect([200, 400, 404, 401]).toContain(response.status())
          |                                    ^
      261 |     })
      262 |
      263 |     test('✅ DELETE /api/bookings/:id - Cancel booking', async ({ page }) => {
        at /Users/asithalakmal/Documents/web/final project/WeddingLK-next copy/tests/e2e/api-tests.spec.ts:260:36

    attachment #1: screenshot (image/png) ──────────────────────────────────────────────────────────
    ../../test-results/api-tests-🔌-API-Integrati-a1bcb-ookings-id---Update-booking-firefox/test-failed-1.png
    ────────────────────────────────────────────────────────────────────────────────────────────────

    attachment #2: video (video/webm) ──────────────────────────────────────────────────────────────
    ../../test-results/api-tests-🔌-API-Integrati-a1bcb-ookings-id---Update-booking-firefox/video.webm
    ────────────────────────────────────────────────────────────────────────────────────────────────
]]>
</failure>
<system-out>
<![CDATA[
[[ATTACHMENT|test-results/api-tests-🔌-API-Integrati-a1bcb-ookings-id---Update-booking-firefox/test-failed-1.png]]

[[ATTACHMENT|test-results/api-tests-🔌-API-Integrati-a1bcb-ookings-id---Update-booking-firefox/video.webm]]
]]>
</system-out>
</testcase>
<testcase name="🔌 API Integration Tests - Phase 2 › 📅 Booking APIs › ✅ DELETE /api/bookings/:id - Cancel booking" classname="api-tests.spec.ts" time="5.795">
<failure message="api-tests.spec.ts:263:9 ✅ DELETE /api/bookings/:id - Cancel booking" type="FAILURE">
<![CDATA[  [firefox] › api-tests.spec.ts:263:9 › 🔌 API Integration Tests - Phase 2 › 📅 Booking APIs › ✅ DELETE /api/bookings/:id - Cancel booking 

    Error: expect(received).toContain(expected) // indexOf

    Expected value: 500
    Received array: [200, 204, 404, 401]

      266 |       const response = await page.request.delete('/api/bookings/test-booking-id')
      267 |       
    > 268 |       expect([200, 204, 404, 401]).toContain(response.status())
          |                                    ^
      269 |     })
      270 |   })
      271 |
        at /Users/asithalakmal/Documents/web/final project/WeddingLK-next copy/tests/e2e/api-tests.spec.ts:268:36

    attachment #1: screenshot (image/png) ──────────────────────────────────────────────────────────
    ../../test-results/api-tests-🔌-API-Integrati-455c9-ookings-id---Cancel-booking-firefox/test-failed-1.png
    ────────────────────────────────────────────────────────────────────────────────────────────────

    attachment #2: video (video/webm) ──────────────────────────────────────────────────────────────
    ../../test-results/api-tests-🔌-API-Integrati-455c9-ookings-id---Cancel-booking-firefox/video.webm
    ────────────────────────────────────────────────────────────────────────────────────────────────
]]>
</failure>
<system-out>
<![CDATA[
[[ATTACHMENT|test-results/api-tests-🔌-API-Integrati-455c9-ookings-id---Cancel-booking-firefox/test-failed-1.png]]

[[ATTACHMENT|test-results/api-tests-🔌-API-Integrati-455c9-ookings-id---Cancel-booking-firefox/video.webm]]
]]>
</system-out>
</testcase>
<testcase name="🔌 API Integration Tests - Phase 2 › 👤 User Profile APIs › ✅ GET /api/users/profile - Get user profile" classname="api-tests.spec.ts" time="7.596">
</testcase>
<testcase name="🔌 API Integration Tests - Phase 2 › 👤 User Profile APIs › ✅ PATCH /api/users/profile - Update user profile" classname="api-tests.spec.ts" time="7.84">
<failure message="api-tests.spec.ts:285:9 ✅ PATCH /api/users/profile - Update user profile" type="FAILURE">
<![CDATA[  [firefox] › api-tests.spec.ts:285:9 › 🔌 API Integration Tests - Phase 2 › 👤 User Profile APIs › ✅ PATCH /api/users/profile - Update user profile 

    Error: expect(received).toContain(expected) // indexOf

    Expected value: 405
    Received array: [200, 400, 401, 404]

      290 |       })
      291 |       
    > 292 |       expect([200, 400, 401, 404]).toContain(response.status())
          |                                    ^
      293 |     })
      294 |
      295 |     test('✅ POST /api/users/profile/avatar - Upload avatar', async ({ page }) => {
        at /Users/asithalakmal/Documents/web/final project/WeddingLK-next copy/tests/e2e/api-tests.spec.ts:292:36

    attachment #1: screenshot (image/png) ──────────────────────────────────────────────────────────
    ../../test-results/api-tests-🔌-API-Integrati-8e634-ofile---Update-user-profile-firefox/test-failed-1.png
    ────────────────────────────────────────────────────────────────────────────────────────────────

    attachment #2: video (video/webm) ──────────────────────────────────────────────────────────────
    ../../test-results/api-tests-🔌-API-Integrati-8e634-ofile---Update-user-profile-firefox/video.webm
    ────────────────────────────────────────────────────────────────────────────────────────────────
]]>
</failure>
<system-out>
<![CDATA[
[[ATTACHMENT|test-results/api-tests-🔌-API-Integrati-8e634-ofile---Update-user-profile-firefox/test-failed-1.png]]

[[ATTACHMENT|test-results/api-tests-🔌-API-Integrati-8e634-ofile---Update-user-profile-firefox/video.webm]]
]]>
</system-out>
</testcase>
<testcase name="🔌 API Integration Tests - Phase 2 › 👤 User Profile APIs › ✅ POST /api/users/profile/avatar - Upload avatar" classname="api-tests.spec.ts" time="3.141">
<failure message="api-tests.spec.ts:295:9 ✅ POST /api/users/profile/avatar - Upload avatar" type="FAILURE">
<![CDATA[  [firefox] › api-tests.spec.ts:295:9 › 🔌 API Integration Tests - Phase 2 › 👤 User Profile APIs › ✅ POST /api/users/profile/avatar - Upload avatar 

    Error: expect(received).toContain(expected) // indexOf

    Expected value: 405
    Received array: [200, 400, 401, 404]

      300 |       })
      301 |       
    > 302 |       expect([200, 400, 401, 404]).toContain(response.status())
          |                                    ^
      303 |     })
      304 |
      305 |     test('✅ GET /api/users/preferences - Get user preferences', async ({ page }) => {
        at /Users/asithalakmal/Documents/web/final project/WeddingLK-next copy/tests/e2e/api-tests.spec.ts:302:36

    attachment #1: screenshot (image/png) ──────────────────────────────────────────────────────────
    ../../test-results/api-tests-🔌-API-Integrati-5c1b8-file-avatar---Upload-avatar-firefox/test-failed-1.png
    ────────────────────────────────────────────────────────────────────────────────────────────────

    attachment #2: video (video/webm) ──────────────────────────────────────────────────────────────
    ../../test-results/api-tests-🔌-API-Integrati-5c1b8-file-avatar---Upload-avatar-firefox/video.webm
    ────────────────────────────────────────────────────────────────────────────────────────────────
]]>
</failure>
<system-out>
<![CDATA[
[[ATTACHMENT|test-results/api-tests-🔌-API-Integrati-5c1b8-file-avatar---Upload-avatar-firefox/test-failed-1.png]]

[[ATTACHMENT|test-results/api-tests-🔌-API-Integrati-5c1b8-file-avatar---Upload-avatar-firefox/video.webm]]
]]>
</system-out>
</testcase>
<testcase name="🔌 API Integration Tests - Phase 2 › 👤 User Profile APIs › ✅ GET /api/users/preferences - Get user preferences" classname="api-tests.spec.ts" time="7.121">
</testcase>
<testcase name="🔌 API Integration Tests - Phase 2 › 👤 User Profile APIs › ✅ PATCH /api/users/preferences - Update preferences" classname="api-tests.spec.ts" time="10.206">
<failure message="api-tests.spec.ts:313:9 ✅ PATCH /api/users/preferences - Update preferences" type="FAILURE">
<![CDATA[  [firefox] › api-tests.spec.ts:313:9 › 🔌 API Integration Tests - Phase 2 › 👤 User Profile APIs › ✅ PATCH /api/users/preferences - Update preferences 

    Error: expect(received).toContain(expected) // indexOf

    Expected value: 405
    Received array: [200, 400, 401, 404]

      318 |       })
      319 |       
    > 320 |       expect([200, 400, 401, 404]).toContain(response.status())
          |                                    ^
      321 |     })
      322 |   })
      323 |
        at /Users/asithalakmal/Documents/web/final project/WeddingLK-next copy/tests/e2e/api-tests.spec.ts:320:36

    attachment #1: screenshot (image/png) ──────────────────────────────────────────────────────────
    ../../test-results/api-tests-🔌-API-Integrati-b4828-rences---Update-preferences-firefox/test-failed-1.png
    ────────────────────────────────────────────────────────────────────────────────────────────────

    attachment #2: video (video/webm) ──────────────────────────────────────────────────────────────
    ../../test-results/api-tests-🔌-API-Integrati-b4828-rences---Update-preferences-firefox/video.webm
    ────────────────────────────────────────────────────────────────────────────────────────────────
]]>
</failure>
<system-out>
<![CDATA[
[[ATTACHMENT|test-results/api-tests-🔌-API-Integrati-b4828-rences---Update-preferences-firefox/test-failed-1.png]]

[[ATTACHMENT|test-results/api-tests-🔌-API-Integrati-b4828-rences---Update-preferences-firefox/video.webm]]
]]>
</system-out>
</testcase>
<testcase name="🔌 API Integration Tests - Phase 2 › 🔍 Search &amp; Discovery APIs › ✅ GET /api/search - Global search" classname="api-tests.spec.ts" time="4.294">
</testcase>
<testcase name="🔌 API Integration Tests - Phase 2 › 🔍 Search &amp; Discovery APIs › ✅ GET /api/search/suggestions - Search suggestions" classname="api-tests.spec.ts" time="3.594">
</testcase>
<testcase name="🔌 API Integration Tests - Phase 2 › 🔍 Search &amp; Discovery APIs › ✅ GET /api/categories - Get all categories" classname="api-tests.spec.ts" time="3.608">
</testcase>
<testcase name="🔌 API Integration Tests - Phase 2 › 🔍 Search &amp; Discovery APIs › ✅ GET /api/trending - Get trending items" classname="api-tests.spec.ts" time="3.749">
</testcase>
<testcase name="🔌 API Integration Tests - Phase 2 › 🔍 Search &amp; Discovery APIs › ✅ GET /api/featured - Get featured vendors/venues" classname="api-tests.spec.ts" time="2.64">
</testcase>
<testcase name="🔌 API Integration Tests - Phase 2 › ❤️ Favorites APIs › ✅ GET /api/favorites - Get user favorites" classname="api-tests.spec.ts" time="3.061">
</testcase>
<testcase name="🔌 API Integration Tests - Phase 2 › ❤️ Favorites APIs › ✅ POST /api/favorites - Add to favorites" classname="api-tests.spec.ts" time="7.369">
</testcase>
<testcase name="🔌 API Integration Tests - Phase 2 › ❤️ Favorites APIs › ✅ DELETE /api/favorites/:id - Remove from favorites" classname="api-tests.spec.ts" time="3.931">
<failure message="api-tests.spec.ts:383:9 ✅ DELETE /api/favorites/:id - Remove from favorites" type="FAILURE">
<![CDATA[  [firefox] › api-tests.spec.ts:383:9 › 🔌 API Integration Tests - Phase 2 › ❤️ Favorites APIs › ✅ DELETE /api/favorites/:id - Remove from favorites 

    Error: expect(received).toContain(expected) // indexOf

    Expected value: 405
    Received array: [200, 204, 404, 401]

      386 |       const response = await page.request.delete('/api/favorites/test-favorite-id')
      387 |       
    > 388 |       expect([200, 204, 404, 401]).toContain(response.status())
          |                                    ^
      389 |     })
      390 |
      391 |     test('✅ GET /api/favorites/check - Check if item is favorited', async ({ page }) => {
        at /Users/asithalakmal/Documents/web/final project/WeddingLK-next copy/tests/e2e/api-tests.spec.ts:388:36

    attachment #1: screenshot (image/png) ──────────────────────────────────────────────────────────
    ../../test-results/api-tests-🔌-API-Integrati-88d4e--id---Remove-from-favorites-firefox/test-failed-1.png
    ────────────────────────────────────────────────────────────────────────────────────────────────

    attachment #2: video (video/webm) ──────────────────────────────────────────────────────────────
    ../../test-results/api-tests-🔌-API-Integrati-88d4e--id---Remove-from-favorites-firefox/video.webm
    ────────────────────────────────────────────────────────────────────────────────────────────────
]]>
</failure>
<system-out>
<![CDATA[
[[ATTACHMENT|test-results/api-tests-🔌-API-Integrati-88d4e--id---Remove-from-favorites-firefox/test-failed-1.png]]

[[ATTACHMENT|test-results/api-tests-🔌-API-Integrati-88d4e--id---Remove-from-favorites-firefox/video.webm]]
]]>
</system-out>
</testcase>
<testcase name="🔌 API Integration Tests - Phase 2 › ❤️ Favorites APIs › ✅ GET /api/favorites/check - Check if item is favorited" classname="api-tests.spec.ts" time="7.98">
</testcase>
<testcase name="🔌 API Integration Tests - Phase 2 › ⭐ Reviews &amp; Ratings APIs › ✅ GET /api/reviews - Get reviews" classname="api-tests.spec.ts" time="4.071">
</testcase>
<testcase name="🔌 API Integration Tests - Phase 2 › ⭐ Reviews &amp; Ratings APIs › ✅ POST /api/reviews - Create review" classname="api-tests.spec.ts" time="4.299">
<failure message="api-tests.spec.ts:411:9 ✅ POST /api/reviews - Create review" type="FAILURE">
<![CDATA[  [firefox] › api-tests.spec.ts:411:9 › 🔌 API Integration Tests - Phase 2 › ⭐ Reviews & Ratings APIs › ✅ POST /api/reviews - Create review 

    Error: expect(received).toContain(expected) // indexOf

    Expected value: 500
    Received array: [200, 201, 400, 401, 404]

      421 |       })
      422 |       
    > 423 |       expect([200, 201, 400, 401, 404]).toContain(response.status())
          |                                         ^
      424 |     })
      425 |
      426 |     test('✅ PATCH /api/reviews/:id - Update review', async ({ page }) => {
        at /Users/asithalakmal/Documents/web/final project/WeddingLK-next copy/tests/e2e/api-tests.spec.ts:423:41

    attachment #1: screenshot (image/png) ──────────────────────────────────────────────────────────
    ../../test-results/api-tests-🔌-API-Integrati-8d027-api-reviews---Create-review-firefox/test-failed-1.png
    ────────────────────────────────────────────────────────────────────────────────────────────────

    attachment #2: video (video/webm) ──────────────────────────────────────────────────────────────
    ../../test-results/api-tests-🔌-API-Integrati-8d027-api-reviews---Create-review-firefox/video.webm
    ────────────────────────────────────────────────────────────────────────────────────────────────
]]>
</failure>
<system-out>
<![CDATA[
[[ATTACHMENT|test-results/api-tests-🔌-API-Integrati-8d027-api-reviews---Create-review-firefox/test-failed-1.png]]

[[ATTACHMENT|test-results/api-tests-🔌-API-Integrati-8d027-api-reviews---Create-review-firefox/video.webm]]
]]>
</system-out>
</testcase>
<testcase name="🔌 API Integration Tests - Phase 2 › ⭐ Reviews &amp; Ratings APIs › ✅ PATCH /api/reviews/:id - Update review" classname="api-tests.spec.ts" time="7.285">
<failure message="api-tests.spec.ts:426:9 ✅ PATCH /api/reviews/:id - Update review" type="FAILURE">
<![CDATA[  [firefox] › api-tests.spec.ts:426:9 › 🔌 API Integration Tests - Phase 2 › ⭐ Reviews & Ratings APIs › ✅ PATCH /api/reviews/:id - Update review 

    Error: expect(received).toContain(expected) // indexOf

    Expected value: 405
    Received array: [200, 400, 404, 401]

      431 |       })
      432 |       
    > 433 |       expect([200, 400, 404, 401]).toContain(response.status())
          |                                    ^
      434 |     })
      435 |
      436 |     test('✅ DELETE /api/reviews/:id - Delete review', async ({ page }) => {
        at /Users/asithalakmal/Documents/web/final project/WeddingLK-next copy/tests/e2e/api-tests.spec.ts:433:36

    attachment #1: screenshot (image/png) ──────────────────────────────────────────────────────────
    ../../test-results/api-tests-🔌-API-Integrati-518ac--reviews-id---Update-review-firefox/test-failed-1.png
    ────────────────────────────────────────────────────────────────────────────────────────────────

    attachment #2: video (video/webm) ──────────────────────────────────────────────────────────────
    ../../test-results/api-tests-🔌-API-Integrati-518ac--reviews-id---Update-review-firefox/video.webm
    ────────────────────────────────────────────────────────────────────────────────────────────────
]]>
</failure>
<system-out>
<![CDATA[
[[ATTACHMENT|test-results/api-tests-🔌-API-Integrati-518ac--reviews-id---Update-review-firefox/test-failed-1.png]]

[[ATTACHMENT|test-results/api-tests-🔌-API-Integrati-518ac--reviews-id---Update-review-firefox/video.webm]]
]]>
</system-out>
</testcase>
<testcase name="🔌 API Integration Tests - Phase 2 › ⭐ Reviews &amp; Ratings APIs › ✅ DELETE /api/reviews/:id - Delete review" classname="api-tests.spec.ts" time="4.65">
<failure message="api-tests.spec.ts:436:9 ✅ DELETE /api/reviews/:id - Delete review" type="FAILURE">
<![CDATA[  [firefox] › api-tests.spec.ts:436:9 › 🔌 API Integration Tests - Phase 2 › ⭐ Reviews & Ratings APIs › ✅ DELETE /api/reviews/:id - Delete review 

    Error: expect(received).toContain(expected) // indexOf

    Expected value: 500
    Received array: [200, 204, 404, 401]

      439 |       const response = await page.request.delete('/api/reviews/test-review-id')
      440 |       
    > 441 |       expect([200, 204, 404, 401]).toContain(response.status())
          |                                    ^
      442 |     })
      443 |   })
      444 |
        at /Users/asithalakmal/Documents/web/final project/WeddingLK-next copy/tests/e2e/api-tests.spec.ts:441:36

    attachment #1: screenshot (image/png) ──────────────────────────────────────────────────────────
    ../../test-results/api-tests-🔌-API-Integrati-1c5d4--reviews-id---Delete-review-firefox/test-failed-1.png
    ────────────────────────────────────────────────────────────────────────────────────────────────

    attachment #2: video (video/webm) ──────────────────────────────────────────────────────────────
    ../../test-results/api-tests-🔌-API-Integrati-1c5d4--reviews-id---Delete-review-firefox/video.webm
    ────────────────────────────────────────────────────────────────────────────────────────────────
]]>
</failure>
<system-out>
<![CDATA[
[[ATTACHMENT|test-results/api-tests-🔌-API-Integrati-1c5d4--reviews-id---Delete-review-firefox/test-failed-1.png]]

[[ATTACHMENT|test-results/api-tests-🔌-API-Integrati-1c5d4--reviews-id---Delete-review-firefox/video.webm]]
]]>
</system-out>
</testcase>
<testcase name="🔌 API Integration Tests - Phase 2 › 🏥 Health &amp; Status APIs › ✅ GET /api/health - API health check" classname="api-tests.spec.ts" time="66.235">
<failure message="api-tests.spec.ts:450:9 ✅ GET /api/health - API health check" type="FAILURE">
<![CDATA[  [firefox] › api-tests.spec.ts:450:9 › 🔌 API Integration Tests - Phase 2 › 🏥 Health & Status APIs › ✅ GET /api/health - API health check 

    TimeoutError: apiRequestContext.get: Timeout 60000ms exceeded.
    Call log:
      - → GET https://wedding-lk.vercel.app/api/health
        - user-agent: Mozilla/5.0 (Windows NT 10.0; Win64; x64; rv:142.0.1) Gecko/20100101 Firefox/142.0.1
        - accept: */*
        - accept-encoding: gzip,deflate,br


      449 |   test.describe('🏥 Health & Status APIs', () => {
      450 |     test('✅ GET /api/health - API health check', async ({ page }) => {
    > 451 |       const response = await page.request.get('/api/health')
          |                                           ^
      452 |       
      453 |       expect([200, 404]).toContain(response.status())
      454 |     })
        at /Users/asithalakmal/Documents/web/final project/WeddingLK-next copy/tests/e2e/api-tests.spec.ts:451:43

    attachment #1: screenshot (image/png) ──────────────────────────────────────────────────────────
    ../../test-results/api-tests-🔌-API-Integrati-6e718-i-health---API-health-check-firefox/test-failed-1.png
    ────────────────────────────────────────────────────────────────────────────────────────────────

    attachment #2: video (video/webm) ──────────────────────────────────────────────────────────────
    ../../test-results/api-tests-🔌-API-Integrati-6e718-i-health---API-health-check-firefox/video.webm
    ────────────────────────────────────────────────────────────────────────────────────────────────
]]>
</failure>
<system-out>
<![CDATA[
[[ATTACHMENT|test-results/api-tests-🔌-API-Integrati-6e718-i-health---API-health-check-firefox/test-failed-1.png]]

[[ATTACHMENT|test-results/api-tests-🔌-API-Integrati-6e718-i-health---API-health-check-firefox/video.webm]]
]]>
</system-out>
</testcase>
<testcase name="🔌 API Integration Tests - Phase 2 › 🏥 Health &amp; Status APIs › ✅ GET /api/status - System status" classname="api-tests.spec.ts" time="7.224">
</testcase>
</testsuite>
<testsuite name="auth.spec.ts" timestamp="2025-10-24T16:55:39.999Z" hostname="firefox" tests="8" failures="0" skipped="7" time="11.668" errors="0">
<testcase name="Authentication Flows › User registration -&gt; email verification -&gt; login -&gt; logout - DISABLED (Registration flow needs fixing)" classname="auth.spec.ts" time="0">
<properties>
<property name="skip" value="">
</property>
</properties>
<skipped>
</skipped>
</testcase>
<testcase name="Authentication Flows › Login with invalid credentials should show error" classname="auth.spec.ts" time="11.668">
<system-out>
<![CDATA[Test users might already exist
]]>
</system-out>
</testcase>
<testcase name="Authentication Flows › Forgot password flow - DISABLED (Feature removed)" classname="auth.spec.ts" time="0">
<properties>
<property name="skip" value="">
</property>
</properties>
<skipped>
</skipped>
</testcase>
<testcase name="Authentication Flows › Social login with Google - DISABLED (Social login removed)" classname="auth.spec.ts" time="0">
<properties>
<property name="skip" value="">
</property>
</properties>
<skipped>
</skipped>
</testcase>
<testcase name="Authentication Flows › Two-factor authentication setup - DISABLED (Feature removed)" classname="auth.spec.ts" time="0">
<properties>
<property name="skip" value="">
</property>
</properties>
<skipped>
</skipped>
</testcase>
<testcase name="Authentication Flows › Login with test user credentials - DISABLED (Database connection issue)" classname="auth.spec.ts" time="0">
<properties>
<property name="skip" value="">
</property>
</properties>
<skipped>
</skipped>
</testcase>
<testcase name="Authentication Flows › Login with test vendor credentials - DISABLED (Database connection issue)" classname="auth.spec.ts" time="0">
<properties>
<property name="skip" value="">
</property>
</properties>
<skipped>
</skipped>
</testcase>
<testcase name="Authentication Flows › Login with test admin credentials - DISABLED (Database connection issue)" classname="auth.spec.ts" time="0">
<properties>
<property name="skip" value="">
</property>
</properties>
<skipped>
</skipped>
</testcase>
</testsuite>
<testsuite name="booking.spec.ts" timestamp="2025-10-24T16:55:39.999Z" hostname="firefox" tests="6" failures="0" skipped="6" time="0" errors="0">
<testcase name="Booking System › DISABLED: booking flow with payment mock" classname="booking.spec.ts" time="0">
<properties>
<property name="skip" value="">
</property>
</properties>
<skipped>
</skipped>
</testcase>
<testcase name="Booking System › DISABLED: Booking modification and cancellation" classname="booking.spec.ts" time="0">
<properties>
<property name="skip" value="">
</property>
</properties>
<skipped>
</skipped>
</testcase>
<testcase name="Booking System › DISABLED: Booking status tracking" classname="booking.spec.ts" time="0">
<properties>
<property name="skip" value="">
</property>
</properties>
<skipped>
</skipped>
</testcase>
<testcase name="Booking System › DISABLED: Vendor booking acceptance workflow" classname="booking.spec.ts" time="0">
<properties>
<property name="skip" value="">
</property>
</properties>
<skipped>
</skipped>
</testcase>
<testcase name="Booking System › DISABLED: Booking communication and messaging" classname="booking.spec.ts" time="0">
<properties>
<property name="skip" value="">
</property>
</properties>
<skipped>
</skipped>
</testcase>
<testcase name="Booking System › DISABLED: Booking payment and refund processing" classname="booking.spec.ts" time="0">
<properties>
<property name="skip" value="">
</property>
</properties>
<skipped>
</skipped>
</testcase>
</testsuite>
<testsuite name="comprehensive-crud.spec.ts" timestamp="2025-10-24T16:55:39.999Z" hostname="firefox" tests="28" failures="0" skipped="28" time="0" errors="0">
<testcase name="🔐 Authentication &amp; User Management CRUD › DISABLED: User Registration Flow" classname="comprehensive-crud.spec.ts" time="0">
<properties>
<property name="skip" value="">
</property>
</properties>
<skipped>
</skipped>
</testcase>
<testcase name="🔐 Authentication &amp; User Management CRUD › DISABLED: User Login Flow" classname="comprehensive-crud.spec.ts" time="0">
<properties>
<property name="skip" value="">
</property>
</properties>
<skipped>
</skipped>
</testcase>
<testcase name="🔐 Authentication &amp; User Management CRUD › DISABLED: User Profile CRUD Operations" classname="comprehensive-crud.spec.ts" time="0">
<properties>
<property name="skip" value="">
</property>
</properties>
<skipped>
</skipped>
</testcase>
<testcase name="🔐 Authentication &amp; User Management CRUD › DISABLED: User Settings CRUD Operations" classname="comprehensive-crud.spec.ts" time="0">
<properties>
<property name="skip" value="">
</property>
</properties>
<skipped>
</skipped>
</testcase>
<testcase name="🏢 Vendor Management CRUD › DISABLED: Vendor Registration Flow" classname="comprehensive-crud.spec.ts" time="0">
<properties>
<property name="skip" value="">
</property>
</properties>
<skipped>
</skipped>
</testcase>
<testcase name="🏢 Vendor Management CRUD › DISABLED: Vendor Services CRUD Operations" classname="comprehensive-crud.spec.ts" time="0">
<properties>
<property name="skip" value="">
</property>
</properties>
<skipped>
</skipped>
</testcase>
<testcase name="🏢 Vendor Management CRUD › DISABLED: Vendor Analytics &amp; Reports" classname="comprehensive-crud.spec.ts" time="0">
<properties>
<property name="skip" value="">
</property>
</properties>
<skipped>
</skipped>
</testcase>
<testcase name="📅 Booking System CRUD › DISABLED: Create Booking Flow" classname="comprehensive-crud.spec.ts" time="0">
<properties>
<property name="skip" value="">
</property>
</properties>
<skipped>
</skipped>
</testcase>
<testcase name="📅 Booking System CRUD › DISABLED: Booking Management CRUD" classname="comprehensive-crud.spec.ts" time="0">
<properties>
<property name="skip" value="">
</property>
</properties>
<skipped>
</skipped>
</testcase>
<testcase name="📅 Booking System CRUD › DISABLED: Booking Status Tracking" classname="comprehensive-crud.spec.ts" time="0">
<properties>
<property name="skip" value="">
</property>
</properties>
<skipped>
</skipped>
</testcase>
<testcase name="👥 Wedding Planner CRUD Operations › DISABLED: Planner Client Management" classname="comprehensive-crud.spec.ts" time="0">
<properties>
<property name="skip" value="">
</property>
</properties>
<skipped>
</skipped>
</testcase>
<testcase name="👥 Wedding Planner CRUD Operations › DISABLED: Planner Task Management" classname="comprehensive-crud.spec.ts" time="0">
<properties>
<property name="skip" value="">
</property>
</properties>
<skipped>
</skipped>
</testcase>
<testcase name="🛡️ RBAC (Role-Based Access Control) Tests › DISABLED: User Role Access Control" classname="comprehensive-crud.spec.ts" time="0">
<properties>
<property name="skip" value="">
</property>
</properties>
<skipped>
</skipped>
</testcase>
<testcase name="🛡️ RBAC (Role-Based Access Control) Tests › DISABLED: Vendor Role Access Control" classname="comprehensive-crud.spec.ts" time="0">
<properties>
<property name="skip" value="">
</property>
</properties>
<skipped>
</skipped>
</testcase>
<testcase name="🛡️ RBAC (Role-Based Access Control) Tests › DISABLED: Admin Role Access Control" classname="comprehensive-crud.spec.ts" time="0">
<properties>
<property name="skip" value="">
</property>
</properties>
<skipped>
</skipped>
</testcase>
<testcase name="🛡️ RBAC (Role-Based Access Control) Tests › DISABLED: Middleware Route Protection" classname="comprehensive-crud.spec.ts" time="0">
<properties>
<property name="skip" value="">
</property>
</properties>
<skipped>
</skipped>
</testcase>
<testcase name="💳 Payment &amp; Financial CRUD › DISABLED: Payment Processing Flow" classname="comprehensive-crud.spec.ts" time="0">
<properties>
<property name="skip" value="">
</property>
</properties>
<skipped>
</skipped>
</testcase>
<testcase name="💳 Payment &amp; Financial CRUD › DISABLED: Payment History &amp; Management" classname="comprehensive-crud.spec.ts" time="0">
<properties>
<property name="skip" value="">
</property>
</properties>
<skipped>
</skipped>
</testcase>
<testcase name="📱 Mobile &amp; Responsive CRUD › DISABLED: Mobile Navigation &amp; CRUD Operations" classname="comprehensive-crud.spec.ts" time="0">
<properties>
<property name="skip" value="">
</property>
</properties>
<skipped>
</skipped>
</testcase>
<testcase name="🔍 Search &amp; Filter CRUD › DISABLED: Venue Search &amp; Filter Operations" classname="comprehensive-crud.spec.ts" time="0">
<properties>
<property name="skip" value="">
</property>
</properties>
<skipped>
</skipped>
</testcase>
<testcase name="🔍 Search &amp; Filter CRUD › DISABLED: Vendor Search &amp; Filter Operations" classname="comprehensive-crud.spec.ts" time="0">
<properties>
<property name="skip" value="">
</property>
</properties>
<skipped>
</skipped>
</testcase>
<testcase name="📊 Analytics &amp; Reporting CRUD › DISABLED: User Analytics Dashboard" classname="comprehensive-crud.spec.ts" time="0">
<properties>
<property name="skip" value="">
</property>
</properties>
<skipped>
</skipped>
</testcase>
<testcase name="📊 Analytics &amp; Reporting CRUD › DISABLED: Admin Analytics &amp; Reports" classname="comprehensive-crud.spec.ts" time="0">
<properties>
<property name="skip" value="">
</property>
</properties>
<skipped>
</skipped>
</testcase>
<testcase name="🔔 Notification &amp; Communication CRUD › DISABLED: Notification Management" classname="comprehensive-crud.spec.ts" time="0">
<properties>
<property name="skip" value="">
</property>
</properties>
<skipped>
</skipped>
</testcase>
<testcase name="🔔 Notification &amp; Communication CRUD › DISABLED: Message System CRUD" classname="comprehensive-crud.spec.ts" time="0">
<properties>
<property name="skip" value="">
</property>
</properties>
<skipped>
</skipped>
</testcase>
<testcase name="🔄 Data Synchronization &amp; Cache CRUD › DISABLED: Data Cache Management" classname="comprehensive-crud.spec.ts" time="0">
<properties>
<property name="skip" value="">
</property>
</properties>
<skipped>
</skipped>
</testcase>
<testcase name="🛠️ System Administration CRUD › DISABLED: User Management Operations" classname="comprehensive-crud.spec.ts" time="0">
<properties>
<property name="skip" value="">
</property>
</properties>
<skipped>
</skipped>
</testcase>
<testcase name="🛠️ System Administration CRUD › DISABLED: System Settings Management" classname="comprehensive-crud.spec.ts" time="0">
<properties>
<property name="skip" value="">
</property>
</properties>
<skipped>
</skipped>
</testcase>
</testsuite>
<testsuite name="comprehensive-live-deployment.spec.ts" timestamp="2025-10-24T16:55:39.999Z" hostname="firefox" tests="14" failures="0" skipped="14" time="0" errors="0">
<testcase name="🚀 COMPREHENSIVE LIVE DEPLOYMENT TESTING › DISABLED: 🏠 HOMEPAGE - Complete Frontend Testing" classname="comprehensive-live-deployment.spec.ts" time="0">
<properties>
<property name="skip" value="">
</property>
</properties>
<skipped>
</skipped>
</testcase>
<testcase name="🚀 COMPREHENSIVE LIVE DEPLOYMENT TESTING › DISABLED: 🔐 AUTHENTICATION - Complete Auth Flow Testing" classname="comprehensive-live-deployment.spec.ts" time="0">
<properties>
<property name="skip" value="">
</property>
</properties>
<skipped>
</skipped>
</testcase>
<testcase name="🚀 COMPREHENSIVE LIVE DEPLOYMENT TESTING › DISABLED: 🏢 VENUES - Complete Venue CRUD Testing" classname="comprehensive-live-deployment.spec.ts" time="0">
<properties>
<property name="skip" value="">
</property>
</properties>
<skipped>
</skipped>
</testcase>
<testcase name="🚀 COMPREHENSIVE LIVE DEPLOYMENT TESTING › DISABLED: 🏪 VENDORS - Complete Vendor CRUD Testing" classname="comprehensive-live-deployment.spec.ts" time="0">
<properties>
<property name="skip" value="">
</property>
</properties>
<skipped>
</skipped>
</testcase>
<testcase name="🚀 COMPREHENSIVE LIVE DEPLOYMENT TESTING › DISABLED: 📱 FEED - Complete Social Feed Testing" classname="comprehensive-live-deployment.spec.ts" time="0">
<properties>
<property name="skip" value="">
</property>
</properties>
<skipped>
</skipped>
</testcase>
<testcase name="🚀 COMPREHENSIVE LIVE DEPLOYMENT TESTING › DISABLED: 🖼️ GALLERY - Complete Gallery Testing" classname="comprehensive-live-deployment.spec.ts" time="0">
<properties>
<property name="skip" value="">
</property>
</properties>
<skipped>
</skipped>
</testcase>
<testcase name="🚀 COMPREHENSIVE LIVE DEPLOYMENT TESTING › DISABLED: 📊 DASHBOARD - Complete Dashboard Testing" classname="comprehensive-live-deployment.spec.ts" time="0">
<properties>
<property name="skip" value="">
</property>
</properties>
<skipped>
</skipped>
</testcase>
<testcase name="🚀 COMPREHENSIVE LIVE DEPLOYMENT TESTING › DISABLED: 🔧 API ENDPOINTS - Complete API Testing" classname="comprehensive-live-deployment.spec.ts" time="0">
<properties>
<property name="skip" value="">
</property>
</properties>
<skipped>
</skipped>
</testcase>
<testcase name="🚀 COMPREHENSIVE LIVE DEPLOYMENT TESTING › DISABLED: 📱 RESPONSIVE DESIGN - Complete Mobile Testing" classname="comprehensive-live-deployment.spec.ts" time="0">
<properties>
<property name="skip" value="">
</property>
</properties>
<skipped>
</skipped>
</testcase>
<testcase name="🚀 COMPREHENSIVE LIVE DEPLOYMENT TESTING › DISABLED: 🎨 UI COMPONENTS - Complete Component Testing" classname="comprehensive-live-deployment.spec.ts" time="0">
<properties>
<property name="skip" value="">
</property>
</properties>
<skipped>
</skipped>
</testcase>
<testcase name="🚀 COMPREHENSIVE LIVE DEPLOYMENT TESTING › DISABLED: ⚡ PERFORMANCE - Complete Performance Testing" classname="comprehensive-live-deployment.spec.ts" time="0">
<properties>
<property name="skip" value="">
</property>
</properties>
<skipped>
</skipped>
</testcase>
<testcase name="🚀 COMPREHENSIVE LIVE DEPLOYMENT TESTING › DISABLED: 🔍 ERROR HANDLING - Complete Error Testing" classname="comprehensive-live-deployment.spec.ts" time="0">
<properties>
<property name="skip" value="">
</property>
</properties>
<skipped>
</skipped>
</testcase>
<testcase name="🚀 COMPREHENSIVE LIVE DEPLOYMENT TESTING › DISABLED: 🎯 FINAL INTEGRATION - Complete System Integration" classname="comprehensive-live-deployment.spec.ts" time="0">
<properties>
<property name="skip" value="">
</property>
</properties>
<skipped>
</skipped>
</testcase>
<testcase name="🚀 LIVE DEPLOYMENT STRESS TESTING › DISABLED: ⚡ STRESS TEST - Multiple Concurrent Operations" classname="comprehensive-live-deployment.spec.ts" time="0">
<properties>
<property name="skip" value="">
</property>
</properties>
<skipped>
</skipped>
</testcase>
</testsuite>
<testsuite name="critical-features.spec.ts" timestamp="2025-10-24T16:55:39.999Z" hostname="firefox" tests="17" failures="13" skipped="0" time="380.705" errors="0">
<testcase name="🔐 Critical Features - Phase 1 Tests › ✅ Homepage loads without authentication" classname="critical-features.spec.ts" time="6.544">
</testcase>
<testcase name="🔐 Critical Features - Phase 1 Tests › ✅ Login page renders with email/password fields" classname="critical-features.spec.ts" time="5.811">
</testcase>
<testcase name="🔐 Critical Features - Phase 1 Tests › ✅ Registration page accessible" classname="critical-features.spec.ts" time="37.64">
<failure message="critical-features.spec.ts:68:7 ✅ Registration page accessible" type="FAILURE">
<![CDATA[  [firefox] › critical-features.spec.ts:68:7 › 🔐 Critical Features - Phase 1 Tests › ✅ Registration page accessible 

    Error: expect(locator).toBeVisible() failed

    Locator: locator('text=/Register|Sign Up/')
    Expected: visible
    Timeout: 30000ms
    Error: element(s) not found

    Call log:
      - Expect "toBeVisible" with timeout 30000ms
      - waiting for locator('text=/Register|Sign Up/')


      70 |     
      71 |     // Check page is loaded
    > 72 |     await expect(page.locator('text=/Register|Sign Up/')).toBeVisible()
         |                                                           ^
      73 |     
      74 |     // Check form fields exist
      75 |     await expect(page.locator('input[type="email"]')).toBeVisible()
        at /Users/asithalakmal/Documents/web/final project/WeddingLK-next copy/tests/e2e/critical-features.spec.ts:72:59

    attachment #1: screenshot (image/png) ──────────────────────────────────────────────────────────
    ../../test-results/critical-features-🔐-Criti-cc998-egistration-page-accessible-firefox/test-failed-1.png
    ────────────────────────────────────────────────────────────────────────────────────────────────

    attachment #2: video (video/webm) ──────────────────────────────────────────────────────────────
    ../../test-results/critical-features-🔐-Criti-cc998-egistration-page-accessible-firefox/video.webm
    ────────────────────────────────────────────────────────────────────────────────────────────────

    Error Context: ../../test-results/critical-features-🔐-Criti-cc998-egistration-page-accessible-firefox/error-context.md
]]>
</failure>
<system-out>
<![CDATA[
[[ATTACHMENT|test-results/critical-features-🔐-Criti-cc998-egistration-page-accessible-firefox/test-failed-1.png]]

[[ATTACHMENT|test-results/critical-features-🔐-Criti-cc998-egistration-page-accessible-firefox/video.webm]]

[[ATTACHMENT|test-results/critical-features-🔐-Criti-cc998-egistration-page-accessible-firefox/error-context.md]]
]]>
</system-out>
</testcase>
<testcase name="🔐 Critical Features - Phase 1 Tests › ✅ User can login with valid credentials" classname="critical-features.spec.ts" time="23.883">
<failure message="critical-features.spec.ts:79:7 ✅ User can login with valid credentials" type="FAILURE">
<![CDATA[  [firefox] › critical-features.spec.ts:79:7 › 🔐 Critical Features - Phase 1 Tests › ✅ User can login with valid credentials 

    TimeoutError: page.waitForURL: Timeout 10000ms exceeded.
    =========================== logs ===========================
    waiting for navigation until "load"
    ============================================================

      88 |     
      89 |     // Wait for navigation
    > 90 |     await page.waitForURL(/\/dashboard/, { timeout: 10000 })
         |                ^
      91 |     
      92 |     // Verify we're on dashboard
      93 |     await expect(page.url()).toContain('/dashboard')
        at /Users/asithalakmal/Documents/web/final project/WeddingLK-next copy/tests/e2e/critical-features.spec.ts:90:16

    attachment #1: screenshot (image/png) ──────────────────────────────────────────────────────────
    ../../test-results/critical-features-🔐-Criti-d3f59-ogin-with-valid-credentials-firefox/test-failed-1.png
    ────────────────────────────────────────────────────────────────────────────────────────────────

    attachment #2: video (video/webm) ──────────────────────────────────────────────────────────────
    ../../test-results/critical-features-🔐-Criti-d3f59-ogin-with-valid-credentials-firefox/video.webm
    ────────────────────────────────────────────────────────────────────────────────────────────────

    Error Context: ../../test-results/critical-features-🔐-Criti-d3f59-ogin-with-valid-credentials-firefox/error-context.md
]]>
</failure>
<system-out>
<![CDATA[
[[ATTACHMENT|test-results/critical-features-🔐-Criti-d3f59-ogin-with-valid-credentials-firefox/test-failed-1.png]]

[[ATTACHMENT|test-results/critical-features-🔐-Criti-d3f59-ogin-with-valid-credentials-firefox/video.webm]]

[[ATTACHMENT|test-results/critical-features-🔐-Criti-d3f59-ogin-with-valid-credentials-firefox/error-context.md]]
]]>
</system-out>
</testcase>
<testcase name="🔐 Critical Features - Phase 1 Tests › ✅ Invalid login shows error message" classname="critical-features.spec.ts" time="14.886">
</testcase>
<testcase name="🔐 Critical Features - Phase 1 Tests › ✅ Authenticated user can access dashboard" classname="critical-features.spec.ts" time="23.528">
<failure message="critical-features.spec.ts:111:7 ✅ Authenticated user can access dashboard" type="FAILURE">
<![CDATA[  [firefox] › critical-features.spec.ts:111:7 › 🔐 Critical Features - Phase 1 Tests › ✅ Authenticated user can access dashboard 

    TimeoutError: page.waitForURL: Timeout 10000ms exceeded.
    =========================== logs ===========================
    waiting for navigation until "load"
    ============================================================

      117 |     
      118 |     // Wait for dashboard
    > 119 |     await page.waitForURL(/\/dashboard/, { timeout: 10000 })
          |                ^
      120 |     
      121 |     // Check dashboard elements
      122 |     await expect(page.locator('text=Dashboard')).toBeVisible({ timeout: 5000 })
        at /Users/asithalakmal/Documents/web/final project/WeddingLK-next copy/tests/e2e/critical-features.spec.ts:119:16

    attachment #1: screenshot (image/png) ──────────────────────────────────────────────────────────
    ../../test-results/critical-features-🔐-Criti-2fa29-d-user-can-access-dashboard-firefox/test-failed-1.png
    ────────────────────────────────────────────────────────────────────────────────────────────────

    attachment #2: video (video/webm) ──────────────────────────────────────────────────────────────
    ../../test-results/critical-features-🔐-Criti-2fa29-d-user-can-access-dashboard-firefox/video.webm
    ────────────────────────────────────────────────────────────────────────────────────────────────

    Error Context: ../../test-results/critical-features-🔐-Criti-2fa29-d-user-can-access-dashboard-firefox/error-context.md
]]>
</failure>
<system-out>
<![CDATA[
[[ATTACHMENT|test-results/critical-features-🔐-Criti-2fa29-d-user-can-access-dashboard-firefox/test-failed-1.png]]

[[ATTACHMENT|test-results/critical-features-🔐-Criti-2fa29-d-user-can-access-dashboard-firefox/video.webm]]

[[ATTACHMENT|test-results/critical-features-🔐-Criti-2fa29-d-user-can-access-dashboard-firefox/error-context.md]]
]]>
</system-out>
</testcase>
<testcase name="🔐 Critical Features - Phase 1 Tests › ✅ Unauthenticated users redirected to login" classname="critical-features.spec.ts" time="8.832">
<failure message="critical-features.spec.ts:125:7 ✅ Unauthenticated users redirected to login" type="FAILURE">
<![CDATA[  [firefox] › critical-features.spec.ts:125:7 › 🔐 Critical Features - Phase 1 Tests › ✅ Unauthenticated users redirected to login 

    Error: expect(received).toContain(expected) // indexOf

    Expected substring: "/login"
    Received string:    "https://wedding-lk.vercel.app/dashboard"

      131 |     
      132 |     // Should redirect to login
    > 133 |     await expect(page.url()).toContain('/login')
          |                              ^
      134 |   })
      135 |
      136 |   test('✅ User can logout and return to login', async ({ page }) => {
        at /Users/asithalakmal/Documents/web/final project/WeddingLK-next copy/tests/e2e/critical-features.spec.ts:133:30

    attachment #1: screenshot (image/png) ──────────────────────────────────────────────────────────
    ../../test-results/critical-features-🔐-Criti-78e76-d-users-redirected-to-login-firefox/test-failed-1.png
    ────────────────────────────────────────────────────────────────────────────────────────────────

    attachment #2: video (video/webm) ──────────────────────────────────────────────────────────────
    ../../test-results/critical-features-🔐-Criti-78e76-d-users-redirected-to-login-firefox/video.webm
    ────────────────────────────────────────────────────────────────────────────────────────────────

    Error Context: ../../test-results/critical-features-🔐-Criti-78e76-d-users-redirected-to-login-firefox/error-context.md
]]>
</failure>
<system-out>
<![CDATA[
[[ATTACHMENT|test-results/critical-features-🔐-Criti-78e76-d-users-redirected-to-login-firefox/test-failed-1.png]]

[[ATTACHMENT|test-results/critical-features-🔐-Criti-78e76-d-users-redirected-to-login-firefox/video.webm]]

[[ATTACHMENT|test-results/critical-features-🔐-Criti-78e76-d-users-redirected-to-login-firefox/error-context.md]]
]]>
</system-out>
</testcase>
<testcase name="🔐 Critical Features - Phase 1 Tests › ✅ User can logout and return to login" classname="critical-features.spec.ts" time="23.29">
<failure message="critical-features.spec.ts:136:7 ✅ User can logout and return to login" type="FAILURE">
<![CDATA[  [firefox] › critical-features.spec.ts:136:7 › 🔐 Critical Features - Phase 1 Tests › ✅ User can logout and return to login 

    TimeoutError: page.waitForURL: Timeout 10000ms exceeded.
    =========================== logs ===========================
    waiting for navigation until "load"
    ============================================================

      142 |     
      143 |     // Wait for dashboard
    > 144 |     await page.waitForURL(/\/dashboard/, { timeout: 10000 })
          |                ^
      145 |     
      146 |     // Find logout button (various selectors for different implementations)
      147 |     const logoutButton = page.locator(
        at /Users/asithalakmal/Documents/web/final project/WeddingLK-next copy/tests/e2e/critical-features.spec.ts:144:16

    attachment #1: screenshot (image/png) ──────────────────────────────────────────────────────────
    ../../test-results/critical-features-🔐-Criti-490c4--logout-and-return-to-login-firefox/test-failed-1.png
    ────────────────────────────────────────────────────────────────────────────────────────────────

    attachment #2: video (video/webm) ──────────────────────────────────────────────────────────────
    ../../test-results/critical-features-🔐-Criti-490c4--logout-and-return-to-login-firefox/video.webm
    ────────────────────────────────────────────────────────────────────────────────────────────────

    Error Context: ../../test-results/critical-features-🔐-Criti-490c4--logout-and-return-to-login-firefox/error-context.md
]]>
</failure>
<system-out>
<![CDATA[
[[ATTACHMENT|test-results/critical-features-🔐-Criti-490c4--logout-and-return-to-login-firefox/test-failed-1.png]]

[[ATTACHMENT|test-results/critical-features-🔐-Criti-490c4--logout-and-return-to-login-firefox/video.webm]]

[[ATTACHMENT|test-results/critical-features-🔐-Criti-490c4--logout-and-return-to-login-firefox/error-context.md]]
]]>
</system-out>
</testcase>
<testcase name="🔐 Critical Features - Phase 1 Tests › ✅ User role gets correct dashboard" classname="critical-features.spec.ts" time="21.489">
<failure message="critical-features.spec.ts:162:7 ✅ User role gets correct dashboard" type="FAILURE">
<![CDATA[  [firefox] › critical-features.spec.ts:162:7 › 🔐 Critical Features - Phase 1 Tests › ✅ User role gets correct dashboard 

    TimeoutError: page.waitForURL: Timeout 10000ms exceeded.
    =========================== logs ===========================
    waiting for navigation until "load"
    ============================================================

      168 |     
      169 |     // Wait for dashboard
    > 170 |     await page.waitForURL(/\/dashboard/, { timeout: 10000 })
          |                ^
      171 |     
      172 |     // Check URL contains user dashboard path
      173 |     const url = page.url()
        at /Users/asithalakmal/Documents/web/final project/WeddingLK-next copy/tests/e2e/critical-features.spec.ts:170:16

    attachment #1: screenshot (image/png) ──────────────────────────────────────────────────────────
    ../../test-results/critical-features-🔐-Criti-1fa0a-role-gets-correct-dashboard-firefox/test-failed-1.png
    ────────────────────────────────────────────────────────────────────────────────────────────────

    attachment #2: video (video/webm) ──────────────────────────────────────────────────────────────
    ../../test-results/critical-features-🔐-Criti-1fa0a-role-gets-correct-dashboard-firefox/video.webm
    ────────────────────────────────────────────────────────────────────────────────────────────────

    Error Context: ../../test-results/critical-features-🔐-Criti-1fa0a-role-gets-correct-dashboard-firefox/error-context.md
]]>
</failure>
<system-out>
<![CDATA[
[[ATTACHMENT|test-results/critical-features-🔐-Criti-1fa0a-role-gets-correct-dashboard-firefox/test-failed-1.png]]

[[ATTACHMENT|test-results/critical-features-🔐-Criti-1fa0a-role-gets-correct-dashboard-firefox/video.webm]]

[[ATTACHMENT|test-results/critical-features-🔐-Criti-1fa0a-role-gets-correct-dashboard-firefox/error-context.md]]
]]>
</system-out>
</testcase>
<testcase name="🔐 Critical Features - Phase 1 Tests › ✅ Vendor role gets vendor dashboard" classname="critical-features.spec.ts" time="18.902">
<failure message="critical-features.spec.ts:177:7 ✅ Vendor role gets vendor dashboard" type="FAILURE">
<![CDATA[  [firefox] › critical-features.spec.ts:177:7 › 🔐 Critical Features - Phase 1 Tests › ✅ Vendor role gets vendor dashboard 

    TimeoutError: page.waitForURL: Timeout 10000ms exceeded.
    =========================== logs ===========================
    waiting for navigation until "load"
    ============================================================

      183 |     
      184 |     // Wait for dashboard
    > 185 |     await page.waitForURL(/\/dashboard/, { timeout: 10000 })
          |                ^
      186 |     
      187 |     // Verify vendor dashboard or role indicator
      188 |     const url = page.url()
        at /Users/asithalakmal/Documents/web/final project/WeddingLK-next copy/tests/e2e/critical-features.spec.ts:185:16

    attachment #1: screenshot (image/png) ──────────────────────────────────────────────────────────
    ../../test-results/critical-features-🔐-Criti-1c3fb--role-gets-vendor-dashboard-firefox/test-failed-1.png
    ────────────────────────────────────────────────────────────────────────────────────────────────

    attachment #2: video (video/webm) ──────────────────────────────────────────────────────────────
    ../../test-results/critical-features-🔐-Criti-1c3fb--role-gets-vendor-dashboard-firefox/video.webm
    ────────────────────────────────────────────────────────────────────────────────────────────────

    Error Context: ../../test-results/critical-features-🔐-Criti-1c3fb--role-gets-vendor-dashboard-firefox/error-context.md
]]>
</failure>
<system-out>
<![CDATA[
[[ATTACHMENT|test-results/critical-features-🔐-Criti-1c3fb--role-gets-vendor-dashboard-firefox/test-failed-1.png]]

[[ATTACHMENT|test-results/critical-features-🔐-Criti-1c3fb--role-gets-vendor-dashboard-firefox/video.webm]]

[[ATTACHMENT|test-results/critical-features-🔐-Criti-1c3fb--role-gets-vendor-dashboard-firefox/error-context.md]]
]]>
</system-out>
</testcase>
<testcase name="🔐 Critical Features - Phase 1 Tests › ✅ Admin role gets admin dashboard" classname="critical-features.spec.ts" time="24.977">
<failure message="critical-features.spec.ts:192:7 ✅ Admin role gets admin dashboard" type="FAILURE">
<![CDATA[  [firefox] › critical-features.spec.ts:192:7 › 🔐 Critical Features - Phase 1 Tests › ✅ Admin role gets admin dashboard 

    TimeoutError: page.waitForURL: Timeout 10000ms exceeded.
    =========================== logs ===========================
    waiting for navigation until "load"
    ============================================================

      198 |     
      199 |     // Wait for dashboard
    > 200 |     await page.waitForURL(/\/dashboard/, { timeout: 10000 })
          |                ^
      201 |     
      202 |     // Verify admin dashboard or role indicator
      203 |     const url = page.url()
        at /Users/asithalakmal/Documents/web/final project/WeddingLK-next copy/tests/e2e/critical-features.spec.ts:200:16

    attachment #1: screenshot (image/png) ──────────────────────────────────────────────────────────
    ../../test-results/critical-features-🔐-Criti-97c64-n-role-gets-admin-dashboard-firefox/test-failed-1.png
    ────────────────────────────────────────────────────────────────────────────────────────────────

    attachment #2: video (video/webm) ──────────────────────────────────────────────────────────────
    ../../test-results/critical-features-🔐-Criti-97c64-n-role-gets-admin-dashboard-firefox/video.webm
    ────────────────────────────────────────────────────────────────────────────────────────────────

    Error Context: ../../test-results/critical-features-🔐-Criti-97c64-n-role-gets-admin-dashboard-firefox/error-context.md
]]>
</failure>
<system-out>
<![CDATA[
[[ATTACHMENT|test-results/critical-features-🔐-Criti-97c64-n-role-gets-admin-dashboard-firefox/test-failed-1.png]]

[[ATTACHMENT|test-results/critical-features-🔐-Criti-97c64-n-role-gets-admin-dashboard-firefox/video.webm]]

[[ATTACHMENT|test-results/critical-features-🔐-Criti-97c64-n-role-gets-admin-dashboard-firefox/error-context.md]]
]]>
</system-out>
</testcase>
<testcase name="🔐 Critical Features - Phase 1 Tests › ✅ User cannot access admin routes without permission" classname="critical-features.spec.ts" time="23.088">
<failure message="critical-features.spec.ts:207:7 ✅ User cannot access admin routes without permission" type="FAILURE">
<![CDATA[  [firefox] › critical-features.spec.ts:207:7 › 🔐 Critical Features - Phase 1 Tests › ✅ User cannot access admin routes without permission 

    TimeoutError: page.waitForURL: Timeout 10000ms exceeded.
    =========================== logs ===========================
    waiting for navigation until "load"
    ============================================================

      213 |     
      214 |     // Wait for dashboard
    > 215 |     await page.waitForURL(/\/dashboard/, { timeout: 10000 })
          |                ^
      216 |     
      217 |     // Try to access admin dashboard directly
      218 |     await page.goto('/dashboard/admin')
        at /Users/asithalakmal/Documents/web/final project/WeddingLK-next copy/tests/e2e/critical-features.spec.ts:215:16

    attachment #1: screenshot (image/png) ──────────────────────────────────────────────────────────
    ../../test-results/critical-features-🔐-Criti-0b904-n-routes-without-permission-firefox/test-failed-1.png
    ────────────────────────────────────────────────────────────────────────────────────────────────

    attachment #2: video (video/webm) ──────────────────────────────────────────────────────────────
    ../../test-results/critical-features-🔐-Criti-0b904-n-routes-without-permission-firefox/video.webm
    ────────────────────────────────────────────────────────────────────────────────────────────────

    Error Context: ../../test-results/critical-features-🔐-Criti-0b904-n-routes-without-permission-firefox/error-context.md
]]>
</failure>
<system-out>
<![CDATA[
[[ATTACHMENT|test-results/critical-features-🔐-Criti-0b904-n-routes-without-permission-firefox/test-failed-1.png]]

[[ATTACHMENT|test-results/critical-features-🔐-Criti-0b904-n-routes-without-permission-firefox/video.webm]]

[[ATTACHMENT|test-results/critical-features-🔐-Criti-0b904-n-routes-without-permission-firefox/error-context.md]]
]]>
</system-out>
</testcase>
<testcase name="🔐 Critical Features - Phase 1 Tests › ✅ AI search section visible on homepage" classname="critical-features.spec.ts" time="19.738">
<failure message="critical-features.spec.ts:232:7 ✅ AI search section visible on homepage" type="FAILURE">
<![CDATA[  [firefox] › critical-features.spec.ts:232:7 › 🔐 Critical Features - Phase 1 Tests › ✅ AI search section visible on homepage 

    Error: expect(locator).toBeVisible() failed

    Locator: locator('text=/AI|Artificial Intelligence|Search|Find/')
    Expected: visible
    Error: strict mode violation: locator('text=/AI|Artificial Intelligence|Search|Find/') resolved to 5 elements:
        1) <span class="text-sm font-medium text-gray-700 dark:text-gray-300">AI-Powered Wedding Search</span> aka getByText('AI-Powered Wedding Search')
        2) <h1 class="text-4xl md:text-6xl font-bold text-gray-900 dark:text-white mb-6">…</h1> aka getByRole('heading', { name: 'Find Your Perfect Wedding' })
        ...

    Call log:
      - Expect "toBeVisible" with timeout 5000ms
      - waiting for locator('text=/AI|Artificial Intelligence|Search|Find/')


      240 |     )
      241 |     
    > 242 |     await expect(aiSearchSection).toBeVisible({ timeout: 5000 })
          |                                   ^
      243 |   })
      244 |
      245 |   test('✅ Venue search accessible from homepage', async ({ page }) => {
        at /Users/asithalakmal/Documents/web/final project/WeddingLK-next copy/tests/e2e/critical-features.spec.ts:242:35

    attachment #1: screenshot (image/png) ──────────────────────────────────────────────────────────
    ../../test-results/critical-features-🔐-Criti-017c1-section-visible-on-homepage-firefox/test-failed-1.png
    ────────────────────────────────────────────────────────────────────────────────────────────────

    attachment #2: video (video/webm) ──────────────────────────────────────────────────────────────
    ../../test-results/critical-features-🔐-Criti-017c1-section-visible-on-homepage-firefox/video.webm
    ────────────────────────────────────────────────────────────────────────────────────────────────

    Error Context: ../../test-results/critical-features-🔐-Criti-017c1-section-visible-on-homepage-firefox/error-context.md
]]>
</failure>
<system-out>
<![CDATA[
[[ATTACHMENT|test-results/critical-features-🔐-Criti-017c1-section-visible-on-homepage-firefox/test-failed-1.png]]

[[ATTACHMENT|test-results/critical-features-🔐-Criti-017c1-section-visible-on-homepage-firefox/video.webm]]

[[ATTACHMENT|test-results/critical-features-🔐-Criti-017c1-section-visible-on-homepage-firefox/error-context.md]]
]]>
</system-out>
</testcase>
<testcase name="🔐 Critical Features - Phase 1 Tests › ✅ Venue search accessible from homepage" classname="critical-features.spec.ts" time="21.8">
<failure message="critical-features.spec.ts:245:7 ✅ Venue search accessible from homepage" type="FAILURE">
<![CDATA[  [firefox] › critical-features.spec.ts:245:7 › 🔐 Critical Features - Phase 1 Tests › ✅ Venue search accessible from homepage 

    Error: expect(locator).toBeVisible() failed

    Locator: locator('text=/Venues|Explore Venues/i')
    Expected: visible
    Error: strict mode violation: locator('text=/Venues|Explore Venues/i') resolved to 10 elements:
        1) <a href="/venues" class="text-gray-700 hover:text-rose-500 dark:text-gray-300 dark:hover:text-rose-400 font-medium transition-colors">Venues</a> aka getByRole('navigation').getByRole('link', { name: 'Venues' })
        2) <p class="text-xl text-gray-600 dark:text-gray-300 max-w-3xl mx-auto">Describe your dream wedding in natural language a…</p> aka getByText('Describe your dream wedding in natural language and let our AI find the perfect')
        ...

    Call log:
      - Expect "toBeVisible" with timeout 5000ms
      - waiting for locator('text=/Venues|Explore Venues/i')


      252 |     )
      253 |     
    > 254 |     await expect(venuesLink).toBeVisible({ timeout: 5000 })
          |                              ^
      255 |     
      256 |     // Click and verify navigation
      257 |     await venuesLink.first().click()
        at /Users/asithalakmal/Documents/web/final project/WeddingLK-next copy/tests/e2e/critical-features.spec.ts:254:30

    attachment #1: screenshot (image/png) ──────────────────────────────────────────────────────────
    ../../test-results/critical-features-🔐-Criti-5bfe1-ch-accessible-from-homepage-firefox/test-failed-1.png
    ────────────────────────────────────────────────────────────────────────────────────────────────

    attachment #2: video (video/webm) ──────────────────────────────────────────────────────────────
    ../../test-results/critical-features-🔐-Criti-5bfe1-ch-accessible-from-homepage-firefox/video.webm
    ────────────────────────────────────────────────────────────────────────────────────────────────

    Error Context: ../../test-results/critical-features-🔐-Criti-5bfe1-ch-accessible-from-homepage-firefox/error-context.md
]]>
</failure>
<system-out>
<![CDATA[
[[ATTACHMENT|test-results/critical-features-🔐-Criti-5bfe1-ch-accessible-from-homepage-firefox/test-failed-1.png]]

[[ATTACHMENT|test-results/critical-features-🔐-Criti-5bfe1-ch-accessible-from-homepage-firefox/video.webm]]

[[ATTACHMENT|test-results/critical-features-🔐-Criti-5bfe1-ch-accessible-from-homepage-firefox/error-context.md]]
]]>
</system-out>
</testcase>
<testcase name="🔐 Critical Features - Phase 1 Tests › ✅ Vendor search accessible from homepage" classname="critical-features.spec.ts" time="20.568">
<failure message="critical-features.spec.ts:262:7 ✅ Vendor search accessible from homepage" type="FAILURE">
<![CDATA[  [firefox] › critical-features.spec.ts:262:7 › 🔐 Critical Features - Phase 1 Tests › ✅ Vendor search accessible from homepage 

    Error: expect(locator).toBeVisible() failed

    Locator: locator('text=/Vendors|Explore Vendors|Vendors Marketplace/i')
    Expected: visible
    Error: strict mode violation: locator('text=/Vendors|Explore Vendors|Vendors Marketplace/i') resolved to 6 elements:
        1) <a href="/vendors" class="text-gray-700 hover:text-rose-500 dark:text-gray-300 dark:hover:text-rose-400 font-medium transition-colors">Vendors</a> aka getByRole('navigation').getByRole('link', { name: 'Vendors' })
        2) <p class="text-xl text-gray-600 dark:text-gray-300 max-w-3xl mx-auto">Describe your dream wedding in natural language a…</p> aka getByText('Describe your dream wedding in natural language and let our AI find the perfect')
        ...

    Call log:
      - Expect "toBeVisible" with timeout 5000ms
      - waiting for locator('text=/Vendors|Explore Vendors|Vendors Marketplace/i')


      269 |     )
      270 |     
    > 271 |     await expect(vendorsLink).toBeVisible({ timeout: 5000 })
          |                               ^
      272 |     
      273 |     // Click and verify navigation
      274 |     await vendorsLink.first().click()
        at /Users/asithalakmal/Documents/web/final project/WeddingLK-next copy/tests/e2e/critical-features.spec.ts:271:31

    attachment #1: screenshot (image/png) ──────────────────────────────────────────────────────────
    ../../test-results/critical-features-🔐-Criti-026de-ch-accessible-from-homepage-firefox/test-failed-1.png
    ────────────────────────────────────────────────────────────────────────────────────────────────

    attachment #2: video (video/webm) ──────────────────────────────────────────────────────────────
    ../../test-results/critical-features-🔐-Criti-026de-ch-accessible-from-homepage-firefox/video.webm
    ────────────────────────────────────────────────────────────────────────────────────────────────

    Error Context: ../../test-results/critical-features-🔐-Criti-026de-ch-accessible-from-homepage-firefox/error-context.md
]]>
</failure>
<system-out>
<![CDATA[
[[ATTACHMENT|test-results/critical-features-🔐-Criti-026de-ch-accessible-from-homepage-firefox/test-failed-1.png]]

[[ATTACHMENT|test-results/critical-features-🔐-Criti-026de-ch-accessible-from-homepage-firefox/video.webm]]

[[ATTACHMENT|test-results/critical-features-🔐-Criti-026de-ch-accessible-from-homepage-firefox/error-context.md]]
]]>
</system-out>
</testcase>
<testcase name="🔐 Critical Features - Phase 1 Tests › ✅ Navigation menu accessible" classname="critical-features.spec.ts" time="15.014">
</testcase>
<testcase name="🔐 Critical Features - Phase 1 Tests › ✅ Footer present on all pages" classname="critical-features.spec.ts" time="70.715">
<failure message="critical-features.spec.ts:292:7 ✅ Footer present on all pages" type="FAILURE">
<![CDATA[  [firefox] › critical-features.spec.ts:292:7 › 🔐 Critical Features - Phase 1 Tests › ✅ Footer present on all pages 

    Error: expect(locator).toBeVisible() failed

    Locator: locator('footer')
    Expected: visible
    Timeout: 30000ms
    Error: element(s) not found

    Call log:
      - Expect "toBeVisible" with timeout 30000ms
      - waiting for locator('footer')


      299 |     await page.goto('/login')
      300 |     footer = page.locator('footer')
    > 301 |     await expect(footer).toBeVisible()
          |                          ^
      302 |     
      303 |     // Test on venues page
      304 |     await page.goto('/venues')
        at /Users/asithalakmal/Documents/web/final project/WeddingLK-next copy/tests/e2e/critical-features.spec.ts:301:26

    attachment #1: screenshot (image/png) ──────────────────────────────────────────────────────────
    ../../test-results/critical-features-🔐-Criti-3f12a-Footer-present-on-all-pages-firefox/test-failed-1.png
    ────────────────────────────────────────────────────────────────────────────────────────────────

    attachment #2: video (video/webm) ──────────────────────────────────────────────────────────────
    ../../test-results/critical-features-🔐-Criti-3f12a-Footer-present-on-all-pages-firefox/video.webm
    ────────────────────────────────────────────────────────────────────────────────────────────────

    Error Context: ../../test-results/critical-features-🔐-Criti-3f12a-Footer-present-on-all-pages-firefox/error-context.md
]]>
</failure>
<system-out>
<![CDATA[
[[ATTACHMENT|test-results/critical-features-🔐-Criti-3f12a-Footer-present-on-all-pages-firefox/test-failed-1.png]]

[[ATTACHMENT|test-results/critical-features-🔐-Criti-3f12a-Footer-present-on-all-pages-firefox/video.webm]]

[[ATTACHMENT|test-results/critical-features-🔐-Criti-3f12a-Footer-present-on-all-pages-firefox/error-context.md]]
]]>
</system-out>
</testcase>
</testsuite>
<testsuite name="error-handling-tests.spec.ts" timestamp="2025-10-24T16:55:39.999Z" hostname="firefox" tests="34" failures="4" skipped="0" time="653.912" errors="0">
<testcase name="⚠️ Error Handling Tests - Phase 6 › 🔐 Authentication Error Handling › ✅ Empty email shows validation error" classname="error-handling-tests.spec.ts" time="9.707">
</testcase>
<testcase name="⚠️ Error Handling Tests - Phase 6 › 🔐 Authentication Error Handling › ✅ Empty password shows validation error" classname="error-handling-tests.spec.ts" time="15.944">
</testcase>
<testcase name="⚠️ Error Handling Tests - Phase 6 › 🔐 Authentication Error Handling › ✅ Invalid email format shows error" classname="error-handling-tests.spec.ts" time="17.043">
</testcase>
<testcase name="⚠️ Error Handling Tests - Phase 6 › 🔐 Authentication Error Handling › ✅ Non-existent user shows error" classname="error-handling-tests.spec.ts" time="9.599">
</testcase>
<testcase name="⚠️ Error Handling Tests - Phase 6 › 🔐 Authentication Error Handling › ✅ Wrong password shows error" classname="error-handling-tests.spec.ts" time="7.794">
</testcase>
<testcase name="⚠️ Error Handling Tests - Phase 6 › 🔐 Authentication Error Handling › ✅ Duplicate email on registration shows error" classname="error-handling-tests.spec.ts" time="14.802">
</testcase>
<testcase name="⚠️ Error Handling Tests - Phase 6 › 🔐 Authentication Error Handling › ✅ Weak password shows validation error" classname="error-handling-tests.spec.ts" time="16.744">
</testcase>
<testcase name="⚠️ Error Handling Tests - Phase 6 › 🗺️ Navigation Error Handling › ✅ 404 page is displayed for non-existent routes" classname="error-handling-tests.spec.ts" time="21.742">
</testcase>
<testcase name="⚠️ Error Handling Tests - Phase 6 › 🗺️ Navigation Error Handling › ✅ Can navigate away from 404 page" classname="error-handling-tests.spec.ts" time="14.231">
</testcase>
<testcase name="⚠️ Error Handling Tests - Phase 6 › 🗺️ Navigation Error Handling › ✅ Broken link handling" classname="error-handling-tests.spec.ts" time="12.278">
</testcase>
<testcase name="⚠️ Error Handling Tests - Phase 6 › 🗺️ Navigation Error Handling › ✅ Protected route redirects unauthenticated user" classname="error-handling-tests.spec.ts" time="20.117">
<failure message="error-handling-tests.spec.ts:154:9 ✅ Protected route redirects unauthenticated user" type="FAILURE">
<![CDATA[  [firefox] › error-handling-tests.spec.ts:154:9 › ⚠️ Error Handling Tests - Phase 6 › 🗺️ Navigation Error Handling › ✅ Protected route redirects unauthenticated user 

    TimeoutError: page.waitForURL: Timeout 5000ms exceeded.
    =========================== logs ===========================
    waiting for navigation until "load"
    ============================================================

      160 |       
      161 |       // Should redirect to login
    > 162 |       await page.waitForURL(/\/login/, { timeout: 5000 })
          |                  ^
      163 |     })
      164 |
      165 |     test('✅ Invalid query parameters handled gracefully', async ({ page }) => {
        at /Users/asithalakmal/Documents/web/final project/WeddingLK-next copy/tests/e2e/error-handling-tests.spec.ts:162:18

    attachment #1: screenshot (image/png) ──────────────────────────────────────────────────────────
    ../../test-results/error-handling-tests-⚠️-Er-87ab1-irects-unauthenticated-user-firefox/test-failed-1.png
    ────────────────────────────────────────────────────────────────────────────────────────────────

    attachment #2: video (video/webm) ──────────────────────────────────────────────────────────────
    ../../test-results/error-handling-tests-⚠️-Er-87ab1-irects-unauthenticated-user-firefox/video.webm
    ────────────────────────────────────────────────────────────────────────────────────────────────

    Error Context: ../../test-results/error-handling-tests-⚠️-Er-87ab1-irects-unauthenticated-user-firefox/error-context.md
]]>
</failure>
<system-out>
<![CDATA[
[[ATTACHMENT|test-results/error-handling-tests-⚠️-Er-87ab1-irects-unauthenticated-user-firefox/test-failed-1.png]]

[[ATTACHMENT|test-results/error-handling-tests-⚠️-Er-87ab1-irects-unauthenticated-user-firefox/video.webm]]

[[ATTACHMENT|test-results/error-handling-tests-⚠️-Er-87ab1-irects-unauthenticated-user-firefox/error-context.md]]
]]>
</system-out>
</testcase>
<testcase name="⚠️ Error Handling Tests - Phase 6 › 🗺️ Navigation Error Handling › ✅ Invalid query parameters handled gracefully" classname="error-handling-tests.spec.ts" time="9.238">
</testcase>
<testcase name="⚠️ Error Handling Tests - Phase 6 › 🌐 Network Error Handling › ✅ Page loads with network issues" classname="error-handling-tests.spec.ts" time="10.664">
</testcase>
<testcase name="⚠️ Error Handling Tests - Phase 6 › 🌐 Network Error Handling › ✅ Failed API call shows error message" classname="error-handling-tests.spec.ts" time="14.57">
</testcase>
<testcase name="⚠️ Error Handling Tests - Phase 6 › 🌐 Network Error Handling › ✅ Offline mode handling" classname="error-handling-tests.spec.ts" time="12.831">
<failure message="error-handling-tests.spec.ts:203:9 ✅ Offline mode handling" type="FAILURE">
<![CDATA[  [firefox] › error-handling-tests.spec.ts:203:9 › ⚠️ Error Handling Tests - Phase 6 › 🌐 Network Error Handling › ✅ Offline mode handling 

    Error: locator.isVisible: Error: strict mode violation: locator('a[href="/venues"]') resolved to 2 elements:
        1) <a href="/venues" class="text-gray-700 hover:text-rose-500 dark:text-gray-300 dark:hover:text-rose-400 font-medium transition-colors">Venues</a> aka getByRole('navigation').getByRole('link', { name: 'Venues' })
        2) <a href="/venues" class="hover:text-white transition-colors">Venues</a> aka getByRole('main').getByRole('link', { name: 'Venues' })

    Call log:
        - checking visibility of locator('a[href="/venues"]')


      209 |       // Try to interact
      210 |       const links = page.locator('a[href="/venues"]')
    > 211 |       if (await links.isVisible()) {
          |                       ^
      212 |         await links.first().click().catch(() => {})
      213 |       }
      214 |       
        at /Users/asithalakmal/Documents/web/final project/WeddingLK-next copy/tests/e2e/error-handling-tests.spec.ts:211:23

    attachment #1: screenshot (image/png) ──────────────────────────────────────────────────────────
    ../../test-results/error-handling-tests-⚠️-Er-a9dd0-ing-✅-Offline-mode-handling-firefox/test-failed-1.png
    ────────────────────────────────────────────────────────────────────────────────────────────────

    attachment #2: video (video/webm) ──────────────────────────────────────────────────────────────
    ../../test-results/error-handling-tests-⚠️-Er-a9dd0-ing-✅-Offline-mode-handling-firefox/video.webm
    ────────────────────────────────────────────────────────────────────────────────────────────────

    Error Context: ../../test-results/error-handling-tests-⚠️-Er-a9dd0-ing-✅-Offline-mode-handling-firefox/error-context.md
]]>
</failure>
<system-out>
<![CDATA[
[[ATTACHMENT|test-results/error-handling-tests-⚠️-Er-a9dd0-ing-✅-Offline-mode-handling-firefox/test-failed-1.png]]

[[ATTACHMENT|test-results/error-handling-tests-⚠️-Er-a9dd0-ing-✅-Offline-mode-handling-firefox/video.webm]]

[[ATTACHMENT|test-results/error-handling-tests-⚠️-Er-a9dd0-ing-✅-Offline-mode-handling-firefox/error-context.md]]
]]>
</system-out>
</testcase>
<testcase name="⚠️ Error Handling Tests - Phase 6 › 🌐 Network Error Handling › ✅ Timeout on slow endpoint" classname="error-handling-tests.spec.ts" time="8.31">
</testcase>
<testcase name="⚠️ Error Handling Tests - Phase 6 › 🌐 Network Error Handling › ✅ CORS error handling" classname="error-handling-tests.spec.ts" time="9.803">
</testcase>
<testcase name="⚠️ Error Handling Tests - Phase 6 › 📝 Form Error Handling › ✅ Required field validation" classname="error-handling-tests.spec.ts" time="8.486">
</testcase>
<testcase name="⚠️ Error Handling Tests - Phase 6 › 📝 Form Error Handling › ✅ File upload error handling" classname="error-handling-tests.spec.ts" time="13.437">
</testcase>
<testcase name="⚠️ Error Handling Tests - Phase 6 › 📝 Form Error Handling › ✅ Form submission error recovery" classname="error-handling-tests.spec.ts" time="9.522">
</testcase>
<testcase name="⚠️ Error Handling Tests - Phase 6 › 📝 Form Error Handling › ✅ Max length validation on text fields" classname="error-handling-tests.spec.ts" time="67.151">
<failure message="error-handling-tests.spec.ts:286:9 ✅ Max length validation on text fields" type="FAILURE">
<![CDATA[  [firefox] › error-handling-tests.spec.ts:286:9 › ⚠️ Error Handling Tests - Phase 6 › 📝 Form Error Handling › ✅ Max length validation on text fields 

    TimeoutError: page.goto: Timeout 60000ms exceeded.
    Call log:
      - navigating to "https://wedding-lk.vercel.app/register", waiting until "load"


      285 |
      286 |     test('✅ Max length validation on text fields', async ({ page }) => {
    > 287 |       await page.goto('/register')
          |                  ^
      288 |       
      289 |       const inputs = page.locator('input[maxlength]')
      290 |       
        at /Users/asithalakmal/Documents/web/final project/WeddingLK-next copy/tests/e2e/error-handling-tests.spec.ts:287:18

    attachment #1: video (video/webm) ──────────────────────────────────────────────────────────────
    ../../test-results/error-handling-tests-⚠️-Er-f154a-h-validation-on-text-fields-firefox/video.webm
    ────────────────────────────────────────────────────────────────────────────────────────────────

    Error Context: ../../test-results/error-handling-tests-⚠️-Er-f154a-h-validation-on-text-fields-firefox/error-context.md
]]>
</failure>
<system-out>
<![CDATA[
[[ATTACHMENT|test-results/error-handling-tests-⚠️-Er-f154a-h-validation-on-text-fields-firefox/video.webm]]

[[ATTACHMENT|test-results/error-handling-tests-⚠️-Er-f154a-h-validation-on-text-fields-firefox/error-context.md]]
]]>
</system-out>
</testcase>
<testcase name="⚠️ Error Handling Tests - Phase 6 › 🎨 UI Component Error Handling › ✅ Missing image fallback" classname="error-handling-tests.spec.ts" time="14.503">
</testcase>
<testcase name="⚠️ Error Handling Tests - Phase 6 › 🎨 UI Component Error Handling › ✅ Modal close on error" classname="error-handling-tests.spec.ts" time="13.897">
</testcase>
<testcase name="⚠️ Error Handling Tests - Phase 6 › 🎨 UI Component Error Handling › ✅ Tooltip error messages display" classname="error-handling-tests.spec.ts" time="11.827">
</testcase>
<testcase name="⚠️ Error Handling Tests - Phase 6 › 🎨 UI Component Error Handling › ✅ Loading state timeout fallback" classname="error-handling-tests.spec.ts" time="25.092">
</testcase>
<testcase name="⚠️ Error Handling Tests - Phase 6 › 💾 Data Error Handling › ✅ Invalid JSON response handling" classname="error-handling-tests.spec.ts" time="15.875">
</testcase>
<testcase name="⚠️ Error Handling Tests - Phase 6 › 💾 Data Error Handling › ✅ Null/undefined data handling" classname="error-handling-tests.spec.ts" time="16.515">
</testcase>
<testcase name="⚠️ Error Handling Tests - Phase 6 › 💾 Data Error Handling › ✅ Empty array response handling" classname="error-handling-tests.spec.ts" time="10.447">
</testcase>
<testcase name="⚠️ Error Handling Tests - Phase 6 › 💾 Data Error Handling › ✅ Large response handling" classname="error-handling-tests.spec.ts" time="12.338">
</testcase>
<testcase name="⚠️ Error Handling Tests - Phase 6 › 🖥️ Browser/System Error Handling › ✅ JavaScript error handling" classname="error-handling-tests.spec.ts" time="11.6">
</testcase>
<testcase name="⚠️ Error Handling Tests - Phase 6 › 🖥️ Browser/System Error Handling › ✅ Memory leak handling on navigation" classname="error-handling-tests.spec.ts" time="121.225">
<failure message="error-handling-tests.spec.ts:458:9 ✅ Memory leak handling on navigation" type="FAILURE">
<![CDATA[  [firefox] › error-handling-tests.spec.ts:458:9 › ⚠️ Error Handling Tests - Phase 6 › 🖥️ Browser/System Error Handling › ✅ Memory leak handling on navigation 

    Test timeout of 120000ms exceeded.

    Error: page.goto: Test timeout of 120000ms exceeded.
    Call log:
      - navigating to "https://wedding-lk.vercel.app/vendors", waiting until "load"


      461 |         await page.goto('/')
      462 |         await page.goto('/venues')
    > 463 |         await page.goto('/vendors')
          |                    ^
      464 |       }
      465 |       
      466 |       // Page should still be responsive
        at /Users/asithalakmal/Documents/web/final project/WeddingLK-next copy/tests/e2e/error-handling-tests.spec.ts:463:20

    attachment #1: screenshot (image/png) ──────────────────────────────────────────────────────────
    ../../test-results/error-handling-tests-⚠️-Er-bc220-leak-handling-on-navigation-firefox/test-failed-1.png
    ────────────────────────────────────────────────────────────────────────────────────────────────

    attachment #2: video (video/webm) ──────────────────────────────────────────────────────────────
    ../../test-results/error-handling-tests-⚠️-Er-bc220-leak-handling-on-navigation-firefox/video.webm
    ────────────────────────────────────────────────────────────────────────────────────────────────

    Error Context: ../../test-results/error-handling-tests-⚠️-Er-bc220-leak-handling-on-navigation-firefox/error-context.md
]]>
</failure>
<system-out>
<![CDATA[
[[ATTACHMENT|test-results/error-handling-tests-⚠️-Er-bc220-leak-handling-on-navigation-firefox/test-failed-1.png]]

[[ATTACHMENT|test-results/error-handling-tests-⚠️-Er-bc220-leak-handling-on-navigation-firefox/video.webm]]

[[ATTACHMENT|test-results/error-handling-tests-⚠️-Er-bc220-leak-handling-on-navigation-firefox/error-context.md]]
]]>
</system-out>
</testcase>
<testcase name="⚠️ Error Handling Tests - Phase 6 › 🖥️ Browser/System Error Handling › ✅ Rapid navigation handling" classname="error-handling-tests.spec.ts" time="48.435">
</testcase>
<testcase name="⚠️ Error Handling Tests - Phase 6 › 🖥️ Browser/System Error Handling › ✅ Window resize error handling" classname="error-handling-tests.spec.ts" time="17.037">
</testcase>
<testcase name="⚠️ Error Handling Tests - Phase 6 › 🖥️ Browser/System Error Handling › ✅ Storage quota error handling" classname="error-handling-tests.spec.ts" time="11.108">
</testcase>
</testsuite>
<testsuite name="navigation-tests.spec.ts" timestamp="2025-10-24T16:55:39.999Z" hostname="firefox" tests="35" failures="20" skipped="0" time="828.603" errors="0">
<testcase name="🗺️ Page Navigation Tests - Phase 3 › 🌐 Public Pages Navigation › ✅ Navigate from homepage to venues" classname="navigation-tests.spec.ts" time="22.034">
<failure message="navigation-tests.spec.ts:24:9 ✅ Navigate from homepage to venues" type="FAILURE">
<![CDATA[  [firefox] › navigation-tests.spec.ts:24:9 › 🗺️ Page Navigation Tests - Phase 3 › 🌐 Public Pages Navigation › ✅ Navigate from homepage to venues 

    Error: expect(locator).toBeVisible() failed

    Locator: locator('a[href="/venues"], a:has-text("Venues")')
    Expected: visible
    Error: strict mode violation: locator('a[href="/venues"], a:has-text("Venues")') resolved to 2 elements:
        1) <a href="/venues" class="text-gray-700 hover:text-rose-500 dark:text-gray-300 dark:hover:text-rose-400 font-medium transition-colors">Venues</a> aka getByRole('navigation').getByRole('link', { name: 'Venues' })
        2) <a href="/venues" class="hover:text-white transition-colors">Venues</a> aka getByRole('main').getByRole('link', { name: 'Venues' })

    Call log:
      - Expect "toBeVisible" with timeout 30000ms
      - waiting for locator('a[href="/venues"], a:has-text("Venues")')


      27 |       // Find and click venues link
      28 |       const venuesLink = page.locator('a[href="/venues"], a:has-text("Venues")')
    > 29 |       await expect(venuesLink).toBeVisible()
         |                                ^
      30 |       await venuesLink.first().click()
      31 |       
      32 |       await expect(page).toHaveURL(/\/venues/)
        at /Users/asithalakmal/Documents/web/final project/WeddingLK-next copy/tests/e2e/navigation-tests.spec.ts:29:32

    attachment #1: screenshot (image/png) ──────────────────────────────────────────────────────────
    ../../test-results/navigation-tests-🗺️-Page--f062f-ate-from-homepage-to-venues-firefox/test-failed-1.png
    ────────────────────────────────────────────────────────────────────────────────────────────────

    attachment #2: video (video/webm) ──────────────────────────────────────────────────────────────
    ../../test-results/navigation-tests-🗺️-Page--f062f-ate-from-homepage-to-venues-firefox/video.webm
    ────────────────────────────────────────────────────────────────────────────────────────────────

    Error Context: ../../test-results/navigation-tests-🗺️-Page--f062f-ate-from-homepage-to-venues-firefox/error-context.md
]]>
</failure>
<system-out>
<![CDATA[
[[ATTACHMENT|test-results/navigation-tests-🗺️-Page--f062f-ate-from-homepage-to-venues-firefox/test-failed-1.png]]

[[ATTACHMENT|test-results/navigation-tests-🗺️-Page--f062f-ate-from-homepage-to-venues-firefox/video.webm]]

[[ATTACHMENT|test-results/navigation-tests-🗺️-Page--f062f-ate-from-homepage-to-venues-firefox/error-context.md]]
]]>
</system-out>
</testcase>
<testcase name="🗺️ Page Navigation Tests - Phase 3 › 🌐 Public Pages Navigation › ✅ Navigate from homepage to vendors" classname="navigation-tests.spec.ts" time="17.04">
<failure message="navigation-tests.spec.ts:35:9 ✅ Navigate from homepage to vendors" type="FAILURE">
<![CDATA[  [firefox] › navigation-tests.spec.ts:35:9 › 🗺️ Page Navigation Tests - Phase 3 › 🌐 Public Pages Navigation › ✅ Navigate from homepage to vendors 

    Error: expect(locator).toBeVisible() failed

    Locator: locator('a[href="/vendors"], a:has-text("Vendors")')
    Expected: visible
    Error: strict mode violation: locator('a[href="/vendors"], a:has-text("Vendors")') resolved to 2 elements:
        1) <a href="/vendors" class="text-gray-700 hover:text-rose-500 dark:text-gray-300 dark:hover:text-rose-400 font-medium transition-colors">Vendors</a> aka getByRole('navigation').getByRole('link', { name: 'Vendors' })
        2) <a href="/vendors" class="hover:text-white transition-colors">Vendors</a> aka getByRole('main').getByRole('link', { name: 'Vendors' })

    Call log:
      - Expect "toBeVisible" with timeout 30000ms
      - waiting for locator('a[href="/vendors"], a:has-text("Vendors")')


      37 |       
      38 |       const vendorsLink = page.locator('a[href="/vendors"], a:has-text("Vendors")')
    > 39 |       await expect(vendorsLink).toBeVisible()
         |                                 ^
      40 |       await vendorsLink.first().click()
      41 |       
      42 |       await expect(page).toHaveURL(/\/vendors/)
        at /Users/asithalakmal/Documents/web/final project/WeddingLK-next copy/tests/e2e/navigation-tests.spec.ts:39:33

    attachment #1: screenshot (image/png) ──────────────────────────────────────────────────────────
    ../../test-results/navigation-tests-🗺️-Page--dc54b-te-from-homepage-to-vendors-firefox/test-failed-1.png
    ────────────────────────────────────────────────────────────────────────────────────────────────

    attachment #2: video (video/webm) ──────────────────────────────────────────────────────────────
    ../../test-results/navigation-tests-🗺️-Page--dc54b-te-from-homepage-to-vendors-firefox/video.webm
    ────────────────────────────────────────────────────────────────────────────────────────────────

    Error Context: ../../test-results/navigation-tests-🗺️-Page--dc54b-te-from-homepage-to-vendors-firefox/error-context.md
]]>
</failure>
<system-out>
<![CDATA[
[[ATTACHMENT|test-results/navigation-tests-🗺️-Page--dc54b-te-from-homepage-to-vendors-firefox/test-failed-1.png]]

[[ATTACHMENT|test-results/navigation-tests-🗺️-Page--dc54b-te-from-homepage-to-vendors-firefox/video.webm]]

[[ATTACHMENT|test-results/navigation-tests-🗺️-Page--dc54b-te-from-homepage-to-vendors-firefox/error-context.md]]
]]>
</system-out>
</testcase>
<testcase name="🗺️ Page Navigation Tests - Phase 3 › 🌐 Public Pages Navigation › ✅ Navigate from homepage to about" classname="navigation-tests.spec.ts" time="61.098">
<failure message="navigation-tests.spec.ts:45:9 ✅ Navigate from homepage to about" type="FAILURE">
<![CDATA[  [firefox] › navigation-tests.spec.ts:45:9 › 🗺️ Page Navigation Tests - Phase 3 › 🌐 Public Pages Navigation › ✅ Navigate from homepage to about 

    Error: expect(locator).toBeVisible() failed

    Locator: locator('a[href="/about"], a:has-text("About")')
    Expected: visible
    Error: strict mode violation: locator('a[href="/about"], a:has-text("About")') resolved to 2 elements:
        1) <a href="/about" class="text-gray-700 hover:text-rose-500 dark:text-gray-300 dark:hover:text-rose-400 font-medium transition-colors">About</a> aka getByRole('navigation').getByRole('link', { name: 'About' })
        2) <a href="/about" class="hover:text-white transition-colors">About</a> aka getByRole('main').getByRole('link', { name: 'About' })

    Call log:
      - Expect "toBeVisible" with timeout 30000ms
      - waiting for locator('a[href="/about"], a:has-text("About")')


      47 |       
      48 |       const aboutLink = page.locator('a[href="/about"], a:has-text("About")')
    > 49 |       await expect(aboutLink).toBeVisible()
         |                               ^
      50 |       await aboutLink.first().click()
      51 |       
      52 |       await expect(page).toHaveURL(/\/about/)
        at /Users/asithalakmal/Documents/web/final project/WeddingLK-next copy/tests/e2e/navigation-tests.spec.ts:49:31

    attachment #1: screenshot (image/png) ──────────────────────────────────────────────────────────
    ../../test-results/navigation-tests-🗺️-Page--cb748-gate-from-homepage-to-about-firefox/test-failed-1.png
    ────────────────────────────────────────────────────────────────────────────────────────────────

    attachment #2: video (video/webm) ──────────────────────────────────────────────────────────────
    ../../test-results/navigation-tests-🗺️-Page--cb748-gate-from-homepage-to-about-firefox/video.webm
    ────────────────────────────────────────────────────────────────────────────────────────────────

    Error Context: ../../test-results/navigation-tests-🗺️-Page--cb748-gate-from-homepage-to-about-firefox/error-context.md
]]>
</failure>
<system-out>
<![CDATA[
[[ATTACHMENT|test-results/navigation-tests-🗺️-Page--cb748-gate-from-homepage-to-about-firefox/test-failed-1.png]]

[[ATTACHMENT|test-results/navigation-tests-🗺️-Page--cb748-gate-from-homepage-to-about-firefox/video.webm]]

[[ATTACHMENT|test-results/navigation-tests-🗺️-Page--cb748-gate-from-homepage-to-about-firefox/error-context.md]]
]]>
</system-out>
</testcase>
<testcase name="🗺️ Page Navigation Tests - Phase 3 › 🌐 Public Pages Navigation › ✅ Navigate from homepage to contact" classname="navigation-tests.spec.ts" time="61.136">
<failure message="navigation-tests.spec.ts:55:9 ✅ Navigate from homepage to contact" type="FAILURE">
<![CDATA[  [firefox] › navigation-tests.spec.ts:55:9 › 🗺️ Page Navigation Tests - Phase 3 › 🌐 Public Pages Navigation › ✅ Navigate from homepage to contact 

    Error: locator.isVisible: Error: strict mode violation: locator('a[href="/contact"], a:has-text("Contact")') resolved to 2 elements:
        1) <a href="/contact" class="inline-flex items-center justify-center gap-2 whitespace-nowrap text-sm font-medium ring-offset-background transition-colors focus-visible:outline-none focus-visible:ring-2 focus-visible:ring-ring focus-visible:ring-offset-2 disabled:pointer-events-none disabled:opacity-50 [&_svg]:pointer-events-none [&_svg]:size-4 [&_svg]:shrink-0 border h-11 rounded-md px-8 border-white/30 text-gray-600 hover:bg-white/10 hover:text-gray-600 backdrop-blur-sm bg-white/90">Contact Us</a> aka getByRole('link', { name: 'Contact Us' })
        2) <a href="/contact" class="hover:text-white transition-colors">Contact</a> aka getByRole('link', { name: 'Contact', exact: true })

    Call log:
        - checking visibility of locator('a[href="/contact"], a:has-text("Contact")')


      57 |       
      58 |       const contactLink = page.locator('a[href="/contact"], a:has-text("Contact")')
    > 59 |       if (await contactLink.isVisible()) {
         |                             ^
      60 |         await contactLink.first().click()
      61 |         await expect(page).toHaveURL(/\/contact/)
      62 |       }
        at /Users/asithalakmal/Documents/web/final project/WeddingLK-next copy/tests/e2e/navigation-tests.spec.ts:59:29

    attachment #1: screenshot (image/png) ──────────────────────────────────────────────────────────
    ../../test-results/navigation-tests-🗺️-Page--b9f03-te-from-homepage-to-contact-firefox/test-failed-1.png
    ────────────────────────────────────────────────────────────────────────────────────────────────

    attachment #2: video (video/webm) ──────────────────────────────────────────────────────────────
    ../../test-results/navigation-tests-🗺️-Page--b9f03-te-from-homepage-to-contact-firefox/video.webm
    ────────────────────────────────────────────────────────────────────────────────────────────────

    Error Context: ../../test-results/navigation-tests-🗺️-Page--b9f03-te-from-homepage-to-contact-firefox/error-context.md
]]>
</failure>
<system-out>
<![CDATA[
[[ATTACHMENT|test-results/navigation-tests-🗺️-Page--b9f03-te-from-homepage-to-contact-firefox/test-failed-1.png]]

[[ATTACHMENT|test-results/navigation-tests-🗺️-Page--b9f03-te-from-homepage-to-contact-firefox/video.webm]]

[[ATTACHMENT|test-results/navigation-tests-🗺️-Page--b9f03-te-from-homepage-to-contact-firefox/error-context.md]]
]]>
</system-out>
</testcase>
<testcase name="🗺️ Page Navigation Tests - Phase 3 › 🌐 Public Pages Navigation › ✅ Navigate from homepage to login" classname="navigation-tests.spec.ts" time="11.644">
</testcase>
<testcase name="🗺️ Page Navigation Tests - Phase 3 › 🌐 Public Pages Navigation › ✅ Navigate from homepage to register" classname="navigation-tests.spec.ts" time="49.28">
<failure message="navigation-tests.spec.ts:75:9 ✅ Navigate from homepage to register" type="FAILURE">
<![CDATA[  [firefox] › navigation-tests.spec.ts:75:9 › 🗺️ Page Navigation Tests - Phase 3 › 🌐 Public Pages Navigation › ✅ Navigate from homepage to register 

    Error: expect(page).toHaveURL(expected) failed

    Expected pattern: /\/register/
    Received string:  "https://wedding-lk.vercel.app/"
    Timeout: 30000ms

    Call log:
      - Expect "toHaveURL" with timeout 30000ms
        33 × unexpected value "https://wedding-lk.vercel.app/"


      79 |       if (await registerLink.isVisible()) {
      80 |         await registerLink.first().click()
    > 81 |         await expect(page).toHaveURL(/\/register/)
         |                            ^
      82 |       }
      83 |     })
      84 |
        at /Users/asithalakmal/Documents/web/final project/WeddingLK-next copy/tests/e2e/navigation-tests.spec.ts:81:28

    attachment #1: screenshot (image/png) ──────────────────────────────────────────────────────────
    ../../test-results/navigation-tests-🗺️-Page--8a104-e-from-homepage-to-register-firefox/test-failed-1.png
    ────────────────────────────────────────────────────────────────────────────────────────────────

    attachment #2: video (video/webm) ──────────────────────────────────────────────────────────────
    ../../test-results/navigation-tests-🗺️-Page--8a104-e-from-homepage-to-register-firefox/video.webm
    ────────────────────────────────────────────────────────────────────────────────────────────────

    Error Context: ../../test-results/navigation-tests-🗺️-Page--8a104-e-from-homepage-to-register-firefox/error-context.md
]]>
</failure>
<system-out>
<![CDATA[
[[ATTACHMENT|test-results/navigation-tests-🗺️-Page--8a104-e-from-homepage-to-register-firefox/test-failed-1.png]]

[[ATTACHMENT|test-results/navigation-tests-🗺️-Page--8a104-e-from-homepage-to-register-firefox/video.webm]]

[[ATTACHMENT|test-results/navigation-tests-🗺️-Page--8a104-e-from-homepage-to-register-firefox/error-context.md]]
]]>
</system-out>
</testcase>
<testcase name="🗺️ Page Navigation Tests - Phase 3 › 🌐 Public Pages Navigation › ✅ Navigate from login to register" classname="navigation-tests.spec.ts" time="25.654">
</testcase>
<testcase name="🗺️ Page Navigation Tests - Phase 3 › 🌐 Public Pages Navigation › ✅ Navigate from register to login" classname="navigation-tests.spec.ts" time="15.102">
</testcase>
<testcase name="🗺️ Page Navigation Tests - Phase 3 › 🌐 Public Pages Navigation › ✅ Navigate to venues list" classname="navigation-tests.spec.ts" time="4.276">
</testcase>
<testcase name="🗺️ Page Navigation Tests - Phase 3 › 🌐 Public Pages Navigation › ✅ Navigate to vendors list" classname="navigation-tests.spec.ts" time="9.514">
</testcase>
<testcase name="🗺️ Page Navigation Tests - Phase 3 › 📊 Dashboard Navigation (Authenticated) › ✅ User dashboard loads with sidebar" classname="navigation-tests.spec.ts" time="43.011">
<failure message="navigation-tests.spec.ts:125:9 ✅ User dashboard loads with sidebar" type="FAILURE">
<![CDATA[  [firefox] › navigation-tests.spec.ts:125:9 › 🗺️ Page Navigation Tests - Phase 3 › 📊 Dashboard Navigation (Authenticated) › ✅ User dashboard loads with sidebar 

    TimeoutError: page.waitForURL: Timeout 10000ms exceeded.
    =========================== logs ===========================
    waiting for navigation until "load"
    ============================================================

      12 |   await page.fill('input[name="password"]', password)
      13 |   await page.click('button[type="submit"]')
    > 14 |   await page.waitForURL(/\/dashboard/, { timeout: 10000 })
         |              ^
      15 | }
      16 |
      17 | test.describe('🗺️ Page Navigation Tests - Phase 3', () => {
        at login (/Users/asithalakmal/Documents/web/final project/WeddingLK-next copy/tests/e2e/navigation-tests.spec.ts:14:14)
        at /Users/asithalakmal/Documents/web/final project/WeddingLK-next copy/tests/e2e/navigation-tests.spec.ts:122:7

    attachment #1: screenshot (image/png) ──────────────────────────────────────────────────────────
    ../../test-results/navigation-tests-🗺️-Page--d46c5-ashboard-loads-with-sidebar-firefox/test-failed-1.png
    ────────────────────────────────────────────────────────────────────────────────────────────────

    attachment #2: video (video/webm) ──────────────────────────────────────────────────────────────
    ../../test-results/navigation-tests-🗺️-Page--d46c5-ashboard-loads-with-sidebar-firefox/video.webm
    ────────────────────────────────────────────────────────────────────────────────────────────────

    Error Context: ../../test-results/navigation-tests-🗺️-Page--d46c5-ashboard-loads-with-sidebar-firefox/error-context.md
]]>
</failure>
<system-out>
<![CDATA[
[[ATTACHMENT|test-results/navigation-tests-🗺️-Page--d46c5-ashboard-loads-with-sidebar-firefox/test-failed-1.png]]

[[ATTACHMENT|test-results/navigation-tests-🗺️-Page--d46c5-ashboard-loads-with-sidebar-firefox/video.webm]]

[[ATTACHMENT|test-results/navigation-tests-🗺️-Page--d46c5-ashboard-loads-with-sidebar-firefox/error-context.md]]
]]>
</system-out>
</testcase>
<testcase name="🗺️ Page Navigation Tests - Phase 3 › 📊 Dashboard Navigation (Authenticated) › ✅ Navigate to dashboard &gt; profile" classname="navigation-tests.spec.ts" time="17.502">
<failure message="navigation-tests.spec.ts:133:9 ✅ Navigate to dashboard &gt; profile" type="FAILURE">
<![CDATA[  [firefox] › navigation-tests.spec.ts:133:9 › 🗺️ Page Navigation Tests - Phase 3 › 📊 Dashboard Navigation (Authenticated) › ✅ Navigate to dashboard > profile 

    TimeoutError: page.waitForURL: Timeout 10000ms exceeded.
    =========================== logs ===========================
    waiting for navigation until "load"
    ============================================================

      12 |   await page.fill('input[name="password"]', password)
      13 |   await page.click('button[type="submit"]')
    > 14 |   await page.waitForURL(/\/dashboard/, { timeout: 10000 })
         |              ^
      15 | }
      16 |
      17 | test.describe('🗺️ Page Navigation Tests - Phase 3', () => {
        at login (/Users/asithalakmal/Documents/web/final project/WeddingLK-next copy/tests/e2e/navigation-tests.spec.ts:14:14)
        at /Users/asithalakmal/Documents/web/final project/WeddingLK-next copy/tests/e2e/navigation-tests.spec.ts:122:7

    attachment #1: screenshot (image/png) ──────────────────────────────────────────────────────────
    ../../test-results/navigation-tests-🗺️-Page--7ef70-vigate-to-dashboard-profile-firefox/test-failed-1.png
    ────────────────────────────────────────────────────────────────────────────────────────────────

    attachment #2: video (video/webm) ──────────────────────────────────────────────────────────────
    ../../test-results/navigation-tests-🗺️-Page--7ef70-vigate-to-dashboard-profile-firefox/video.webm
    ────────────────────────────────────────────────────────────────────────────────────────────────

    Error Context: ../../test-results/navigation-tests-🗺️-Page--7ef70-vigate-to-dashboard-profile-firefox/error-context.md
]]>
</failure>
<system-out>
<![CDATA[
[[ATTACHMENT|test-results/navigation-tests-🗺️-Page--7ef70-vigate-to-dashboard-profile-firefox/test-failed-1.png]]

[[ATTACHMENT|test-results/navigation-tests-🗺️-Page--7ef70-vigate-to-dashboard-profile-firefox/video.webm]]

[[ATTACHMENT|test-results/navigation-tests-🗺️-Page--7ef70-vigate-to-dashboard-profile-firefox/error-context.md]]
]]>
</system-out>
</testcase>
<testcase name="🗺️ Page Navigation Tests - Phase 3 › 📊 Dashboard Navigation (Authenticated) › ✅ Navigate to dashboard &gt; bookings" classname="navigation-tests.spec.ts" time="31.381">
<failure message="navigation-tests.spec.ts:142:9 ✅ Navigate to dashboard &gt; bookings" type="FAILURE">
<![CDATA[  [firefox] › navigation-tests.spec.ts:142:9 › 🗺️ Page Navigation Tests - Phase 3 › 📊 Dashboard Navigation (Authenticated) › ✅ Navigate to dashboard > bookings 

    TimeoutError: page.waitForURL: Timeout 10000ms exceeded.
    =========================== logs ===========================
    waiting for navigation until "load"
    ============================================================

      12 |   await page.fill('input[name="password"]', password)
      13 |   await page.click('button[type="submit"]')
    > 14 |   await page.waitForURL(/\/dashboard/, { timeout: 10000 })
         |              ^
      15 | }
      16 |
      17 | test.describe('🗺️ Page Navigation Tests - Phase 3', () => {
        at login (/Users/asithalakmal/Documents/web/final project/WeddingLK-next copy/tests/e2e/navigation-tests.spec.ts:14:14)
        at /Users/asithalakmal/Documents/web/final project/WeddingLK-next copy/tests/e2e/navigation-tests.spec.ts:122:7

    attachment #1: screenshot (image/png) ──────────────────────────────────────────────────────────
    ../../test-results/navigation-tests-🗺️-Page--a92bb-igate-to-dashboard-bookings-firefox/test-failed-1.png
    ────────────────────────────────────────────────────────────────────────────────────────────────

    attachment #2: video (video/webm) ──────────────────────────────────────────────────────────────
    ../../test-results/navigation-tests-🗺️-Page--a92bb-igate-to-dashboard-bookings-firefox/video.webm
    ────────────────────────────────────────────────────────────────────────────────────────────────

    Error Context: ../../test-results/navigation-tests-🗺️-Page--a92bb-igate-to-dashboard-bookings-firefox/error-context.md
]]>
</failure>
<system-out>
<![CDATA[
[[ATTACHMENT|test-results/navigation-tests-🗺️-Page--a92bb-igate-to-dashboard-bookings-firefox/test-failed-1.png]]

[[ATTACHMENT|test-results/navigation-tests-🗺️-Page--a92bb-igate-to-dashboard-bookings-firefox/video.webm]]

[[ATTACHMENT|test-results/navigation-tests-🗺️-Page--a92bb-igate-to-dashboard-bookings-firefox/error-context.md]]
]]>
</system-out>
</testcase>
<testcase name="🗺️ Page Navigation Tests - Phase 3 › 📊 Dashboard Navigation (Authenticated) › ✅ Navigate to dashboard &gt; favorites" classname="navigation-tests.spec.ts" time="30.406">
<failure message="navigation-tests.spec.ts:151:9 ✅ Navigate to dashboard &gt; favorites" type="FAILURE">
<![CDATA[  [firefox] › navigation-tests.spec.ts:151:9 › 🗺️ Page Navigation Tests - Phase 3 › 📊 Dashboard Navigation (Authenticated) › ✅ Navigate to dashboard > favorites 

    TimeoutError: page.waitForURL: Timeout 10000ms exceeded.
    =========================== logs ===========================
    waiting for navigation until "load"
    ============================================================

      12 |   await page.fill('input[name="password"]', password)
      13 |   await page.click('button[type="submit"]')
    > 14 |   await page.waitForURL(/\/dashboard/, { timeout: 10000 })
         |              ^
      15 | }
      16 |
      17 | test.describe('🗺️ Page Navigation Tests - Phase 3', () => {
        at login (/Users/asithalakmal/Documents/web/final project/WeddingLK-next copy/tests/e2e/navigation-tests.spec.ts:14:14)
        at /Users/asithalakmal/Documents/web/final project/WeddingLK-next copy/tests/e2e/navigation-tests.spec.ts:122:7

    attachment #1: screenshot (image/png) ──────────────────────────────────────────────────────────
    ../../test-results/navigation-tests-🗺️-Page--143bd-gate-to-dashboard-favorites-firefox/test-failed-1.png
    ────────────────────────────────────────────────────────────────────────────────────────────────

    attachment #2: video (video/webm) ──────────────────────────────────────────────────────────────
    ../../test-results/navigation-tests-🗺️-Page--143bd-gate-to-dashboard-favorites-firefox/video.webm
    ────────────────────────────────────────────────────────────────────────────────────────────────

    Error Context: ../../test-results/navigation-tests-🗺️-Page--143bd-gate-to-dashboard-favorites-firefox/error-context.md
]]>
</failure>
<system-out>
<![CDATA[
[[ATTACHMENT|test-results/navigation-tests-🗺️-Page--143bd-gate-to-dashboard-favorites-firefox/test-failed-1.png]]

[[ATTACHMENT|test-results/navigation-tests-🗺️-Page--143bd-gate-to-dashboard-favorites-firefox/video.webm]]

[[ATTACHMENT|test-results/navigation-tests-🗺️-Page--143bd-gate-to-dashboard-favorites-firefox/error-context.md]]
]]>
</system-out>
</testcase>
<testcase name="🗺️ Page Navigation Tests - Phase 3 › 📊 Dashboard Navigation (Authenticated) › ✅ Navigate to dashboard &gt; settings" classname="navigation-tests.spec.ts" time="31.429">
<failure message="navigation-tests.spec.ts:160:9 ✅ Navigate to dashboard &gt; settings" type="FAILURE">
<![CDATA[  [firefox] › navigation-tests.spec.ts:160:9 › 🗺️ Page Navigation Tests - Phase 3 › 📊 Dashboard Navigation (Authenticated) › ✅ Navigate to dashboard > settings 

    TimeoutError: page.waitForURL: Timeout 10000ms exceeded.
    =========================== logs ===========================
    waiting for navigation until "load"
    ============================================================

      12 |   await page.fill('input[name="password"]', password)
      13 |   await page.click('button[type="submit"]')
    > 14 |   await page.waitForURL(/\/dashboard/, { timeout: 10000 })
         |              ^
      15 | }
      16 |
      17 | test.describe('🗺️ Page Navigation Tests - Phase 3', () => {
        at login (/Users/asithalakmal/Documents/web/final project/WeddingLK-next copy/tests/e2e/navigation-tests.spec.ts:14:14)
        at /Users/asithalakmal/Documents/web/final project/WeddingLK-next copy/tests/e2e/navigation-tests.spec.ts:122:7

    attachment #1: screenshot (image/png) ──────────────────────────────────────────────────────────
    ../../test-results/navigation-tests-🗺️-Page--cbfd7-igate-to-dashboard-settings-firefox/test-failed-1.png
    ────────────────────────────────────────────────────────────────────────────────────────────────

    attachment #2: video (video/webm) ──────────────────────────────────────────────────────────────
    ../../test-results/navigation-tests-🗺️-Page--cbfd7-igate-to-dashboard-settings-firefox/video.webm
    ────────────────────────────────────────────────────────────────────────────────────────────────

    Error Context: ../../test-results/navigation-tests-🗺️-Page--cbfd7-igate-to-dashboard-settings-firefox/error-context.md
]]>
</failure>
<system-out>
<![CDATA[
[[ATTACHMENT|test-results/navigation-tests-🗺️-Page--cbfd7-igate-to-dashboard-settings-firefox/test-failed-1.png]]

[[ATTACHMENT|test-results/navigation-tests-🗺️-Page--cbfd7-igate-to-dashboard-settings-firefox/video.webm]]

[[ATTACHMENT|test-results/navigation-tests-🗺️-Page--cbfd7-igate-to-dashboard-settings-firefox/error-context.md]]
]]>
</system-out>
</testcase>
<testcase name="🗺️ Page Navigation Tests - Phase 3 › 📊 Dashboard Navigation (Authenticated) › ✅ Navigate back to homepage from dashboard" classname="navigation-tests.spec.ts" time="29.502">
<failure message="navigation-tests.spec.ts:169:9 ✅ Navigate back to homepage from dashboard" type="FAILURE">
<![CDATA[  [firefox] › navigation-tests.spec.ts:169:9 › 🗺️ Page Navigation Tests - Phase 3 › 📊 Dashboard Navigation (Authenticated) › ✅ Navigate back to homepage from dashboard 

    TimeoutError: page.waitForURL: Timeout 10000ms exceeded.
    =========================== logs ===========================
    waiting for navigation until "load"
    ============================================================

      12 |   await page.fill('input[name="password"]', password)
      13 |   await page.click('button[type="submit"]')
    > 14 |   await page.waitForURL(/\/dashboard/, { timeout: 10000 })
         |              ^
      15 | }
      16 |
      17 | test.describe('🗺️ Page Navigation Tests - Phase 3', () => {
        at login (/Users/asithalakmal/Documents/web/final project/WeddingLK-next copy/tests/e2e/navigation-tests.spec.ts:14:14)
        at /Users/asithalakmal/Documents/web/final project/WeddingLK-next copy/tests/e2e/navigation-tests.spec.ts:122:7

    attachment #1: screenshot (image/png) ──────────────────────────────────────────────────────────
    ../../test-results/navigation-tests-🗺️-Page--564ff--to-homepage-from-dashboard-firefox/test-failed-1.png
    ────────────────────────────────────────────────────────────────────────────────────────────────

    attachment #2: video (video/webm) ──────────────────────────────────────────────────────────────
    ../../test-results/navigation-tests-🗺️-Page--564ff--to-homepage-from-dashboard-firefox/video.webm
    ────────────────────────────────────────────────────────────────────────────────────────────────

    Error Context: ../../test-results/navigation-tests-🗺️-Page--564ff--to-homepage-from-dashboard-firefox/error-context.md
]]>
</failure>
<system-out>
<![CDATA[
[[ATTACHMENT|test-results/navigation-tests-🗺️-Page--564ff--to-homepage-from-dashboard-firefox/test-failed-1.png]]

[[ATTACHMENT|test-results/navigation-tests-🗺️-Page--564ff--to-homepage-from-dashboard-firefox/video.webm]]

[[ATTACHMENT|test-results/navigation-tests-🗺️-Page--564ff--to-homepage-from-dashboard-firefox/error-context.md]]
]]>
</system-out>
</testcase>
<testcase name="🗺️ Page Navigation Tests - Phase 3 › 🏢 Vendor Dashboard Navigation › ✅ Vendor dashboard loads" classname="navigation-tests.spec.ts" time="26.531">
<failure message="navigation-tests.spec.ts:188:9 ✅ Vendor dashboard loads" type="FAILURE">
<![CDATA[  [firefox] › navigation-tests.spec.ts:188:9 › 🗺️ Page Navigation Tests - Phase 3 › 🏢 Vendor Dashboard Navigation › ✅ Vendor dashboard loads 

    TimeoutError: page.waitForURL: Timeout 10000ms exceeded.
    =========================== logs ===========================
    waiting for navigation until "load"
    ============================================================

      12 |   await page.fill('input[name="password"]', password)
      13 |   await page.click('button[type="submit"]')
    > 14 |   await page.waitForURL(/\/dashboard/, { timeout: 10000 })
         |              ^
      15 | }
      16 |
      17 | test.describe('🗺️ Page Navigation Tests - Phase 3', () => {
        at login (/Users/asithalakmal/Documents/web/final project/WeddingLK-next copy/tests/e2e/navigation-tests.spec.ts:14:14)
        at /Users/asithalakmal/Documents/web/final project/WeddingLK-next copy/tests/e2e/navigation-tests.spec.ts:185:7

    attachment #1: screenshot (image/png) ──────────────────────────────────────────────────────────
    ../../test-results/navigation-tests-🗺️-Page--024da-on-✅-Vendor-dashboard-loads-firefox/test-failed-1.png
    ────────────────────────────────────────────────────────────────────────────────────────────────

    attachment #2: video (video/webm) ──────────────────────────────────────────────────────────────
    ../../test-results/navigation-tests-🗺️-Page--024da-on-✅-Vendor-dashboard-loads-firefox/video.webm
    ────────────────────────────────────────────────────────────────────────────────────────────────

    Error Context: ../../test-results/navigation-tests-🗺️-Page--024da-on-✅-Vendor-dashboard-loads-firefox/error-context.md
]]>
</failure>
<system-out>
<![CDATA[
[[ATTACHMENT|test-results/navigation-tests-🗺️-Page--024da-on-✅-Vendor-dashboard-loads-firefox/test-failed-1.png]]

[[ATTACHMENT|test-results/navigation-tests-🗺️-Page--024da-on-✅-Vendor-dashboard-loads-firefox/video.webm]]

[[ATTACHMENT|test-results/navigation-tests-🗺️-Page--024da-on-✅-Vendor-dashboard-loads-firefox/error-context.md]]
]]>
</system-out>
</testcase>
<testcase name="🗺️ Page Navigation Tests - Phase 3 › 🏢 Vendor Dashboard Navigation › ✅ Navigate vendor dashboard &gt; services" classname="navigation-tests.spec.ts" time="19.888">
<failure message="navigation-tests.spec.ts:198:9 ✅ Navigate vendor dashboard &gt; services" type="FAILURE">
<![CDATA[  [firefox] › navigation-tests.spec.ts:198:9 › 🗺️ Page Navigation Tests - Phase 3 › 🏢 Vendor Dashboard Navigation › ✅ Navigate vendor dashboard > services 

    TimeoutError: page.waitForURL: Timeout 10000ms exceeded.
    =========================== logs ===========================
    waiting for navigation until "load"
    ============================================================

      12 |   await page.fill('input[name="password"]', password)
      13 |   await page.click('button[type="submit"]')
    > 14 |   await page.waitForURL(/\/dashboard/, { timeout: 10000 })
         |              ^
      15 | }
      16 |
      17 | test.describe('🗺️ Page Navigation Tests - Phase 3', () => {
        at login (/Users/asithalakmal/Documents/web/final project/WeddingLK-next copy/tests/e2e/navigation-tests.spec.ts:14:14)
        at /Users/asithalakmal/Documents/web/final project/WeddingLK-next copy/tests/e2e/navigation-tests.spec.ts:185:7

    attachment #1: screenshot (image/png) ──────────────────────────────────────────────────────────
    ../../test-results/navigation-tests-🗺️-Page--95377-e-vendor-dashboard-services-firefox/test-failed-1.png
    ────────────────────────────────────────────────────────────────────────────────────────────────

    attachment #2: video (video/webm) ──────────────────────────────────────────────────────────────
    ../../test-results/navigation-tests-🗺️-Page--95377-e-vendor-dashboard-services-firefox/video.webm
    ────────────────────────────────────────────────────────────────────────────────────────────────

    Error Context: ../../test-results/navigation-tests-🗺️-Page--95377-e-vendor-dashboard-services-firefox/error-context.md
]]>
</failure>
<system-out>
<![CDATA[
[[ATTACHMENT|test-results/navigation-tests-🗺️-Page--95377-e-vendor-dashboard-services-firefox/test-failed-1.png]]

[[ATTACHMENT|test-results/navigation-tests-🗺️-Page--95377-e-vendor-dashboard-services-firefox/video.webm]]

[[ATTACHMENT|test-results/navigation-tests-🗺️-Page--95377-e-vendor-dashboard-services-firefox/error-context.md]]
]]>
</system-out>
</testcase>
<testcase name="🗺️ Page Navigation Tests - Phase 3 › 🏢 Vendor Dashboard Navigation › ✅ Navigate vendor dashboard &gt; bookings" classname="navigation-tests.spec.ts" time="21.013">
<failure message="navigation-tests.spec.ts:207:9 ✅ Navigate vendor dashboard &gt; bookings" type="FAILURE">
<![CDATA[  [firefox] › navigation-tests.spec.ts:207:9 › 🗺️ Page Navigation Tests - Phase 3 › 🏢 Vendor Dashboard Navigation › ✅ Navigate vendor dashboard > bookings 

    TimeoutError: page.waitForURL: Timeout 10000ms exceeded.
    =========================== logs ===========================
    waiting for navigation until "load"
    ============================================================

      12 |   await page.fill('input[name="password"]', password)
      13 |   await page.click('button[type="submit"]')
    > 14 |   await page.waitForURL(/\/dashboard/, { timeout: 10000 })
         |              ^
      15 | }
      16 |
      17 | test.describe('🗺️ Page Navigation Tests - Phase 3', () => {
        at login (/Users/asithalakmal/Documents/web/final project/WeddingLK-next copy/tests/e2e/navigation-tests.spec.ts:14:14)
        at /Users/asithalakmal/Documents/web/final project/WeddingLK-next copy/tests/e2e/navigation-tests.spec.ts:185:7

    attachment #1: screenshot (image/png) ──────────────────────────────────────────────────────────
    ../../test-results/navigation-tests-🗺️-Page--114fc-e-vendor-dashboard-bookings-firefox/test-failed-1.png
    ────────────────────────────────────────────────────────────────────────────────────────────────

    attachment #2: video (video/webm) ──────────────────────────────────────────────────────────────
    ../../test-results/navigation-tests-🗺️-Page--114fc-e-vendor-dashboard-bookings-firefox/video.webm
    ────────────────────────────────────────────────────────────────────────────────────────────────

    Error Context: ../../test-results/navigation-tests-🗺️-Page--114fc-e-vendor-dashboard-bookings-firefox/error-context.md
]]>
</failure>
<system-out>
<![CDATA[
[[ATTACHMENT|test-results/navigation-tests-🗺️-Page--114fc-e-vendor-dashboard-bookings-firefox/test-failed-1.png]]

[[ATTACHMENT|test-results/navigation-tests-🗺️-Page--114fc-e-vendor-dashboard-bookings-firefox/video.webm]]

[[ATTACHMENT|test-results/navigation-tests-🗺️-Page--114fc-e-vendor-dashboard-bookings-firefox/error-context.md]]
]]>
</system-out>
</testcase>
<testcase name="🗺️ Page Navigation Tests - Phase 3 › 🏢 Vendor Dashboard Navigation › ✅ Navigate vendor dashboard &gt; profile" classname="navigation-tests.spec.ts" time="19.66">
<failure message="navigation-tests.spec.ts:216:9 ✅ Navigate vendor dashboard &gt; profile" type="FAILURE">
<![CDATA[  [firefox] › navigation-tests.spec.ts:216:9 › 🗺️ Page Navigation Tests - Phase 3 › 🏢 Vendor Dashboard Navigation › ✅ Navigate vendor dashboard > profile 

    TimeoutError: page.waitForURL: Timeout 10000ms exceeded.
    =========================== logs ===========================
    waiting for navigation until "load"
    ============================================================

      12 |   await page.fill('input[name="password"]', password)
      13 |   await page.click('button[type="submit"]')
    > 14 |   await page.waitForURL(/\/dashboard/, { timeout: 10000 })
         |              ^
      15 | }
      16 |
      17 | test.describe('🗺️ Page Navigation Tests - Phase 3', () => {
        at login (/Users/asithalakmal/Documents/web/final project/WeddingLK-next copy/tests/e2e/navigation-tests.spec.ts:14:14)
        at /Users/asithalakmal/Documents/web/final project/WeddingLK-next copy/tests/e2e/navigation-tests.spec.ts:185:7

    attachment #1: screenshot (image/png) ──────────────────────────────────────────────────────────
    ../../test-results/navigation-tests-🗺️-Page--5bbad-te-vendor-dashboard-profile-firefox/test-failed-1.png
    ────────────────────────────────────────────────────────────────────────────────────────────────

    attachment #2: video (video/webm) ──────────────────────────────────────────────────────────────
    ../../test-results/navigation-tests-🗺️-Page--5bbad-te-vendor-dashboard-profile-firefox/video.webm
    ────────────────────────────────────────────────────────────────────────────────────────────────

    Error Context: ../../test-results/navigation-tests-🗺️-Page--5bbad-te-vendor-dashboard-profile-firefox/error-context.md
]]>
</failure>
<system-out>
<![CDATA[
[[ATTACHMENT|test-results/navigation-tests-🗺️-Page--5bbad-te-vendor-dashboard-profile-firefox/test-failed-1.png]]

[[ATTACHMENT|test-results/navigation-tests-🗺️-Page--5bbad-te-vendor-dashboard-profile-firefox/video.webm]]

[[ATTACHMENT|test-results/navigation-tests-🗺️-Page--5bbad-te-vendor-dashboard-profile-firefox/error-context.md]]
]]>
</system-out>
</testcase>
<testcase name="🗺️ Page Navigation Tests - Phase 3 › 👑 Admin Dashboard Navigation › ✅ Admin dashboard loads" classname="navigation-tests.spec.ts" time="19.479">
<failure message="navigation-tests.spec.ts:235:9 ✅ Admin dashboard loads" type="FAILURE">
<![CDATA[  [firefox] › navigation-tests.spec.ts:235:9 › 🗺️ Page Navigation Tests - Phase 3 › 👑 Admin Dashboard Navigation › ✅ Admin dashboard loads 

    TimeoutError: page.waitForURL: Timeout 10000ms exceeded.
    =========================== logs ===========================
    waiting for navigation until "load"
    ============================================================

      12 |   await page.fill('input[name="password"]', password)
      13 |   await page.click('button[type="submit"]')
    > 14 |   await page.waitForURL(/\/dashboard/, { timeout: 10000 })
         |              ^
      15 | }
      16 |
      17 | test.describe('🗺️ Page Navigation Tests - Phase 3', () => {
        at login (/Users/asithalakmal/Documents/web/final project/WeddingLK-next copy/tests/e2e/navigation-tests.spec.ts:14:14)
        at /Users/asithalakmal/Documents/web/final project/WeddingLK-next copy/tests/e2e/navigation-tests.spec.ts:232:7

    attachment #1: screenshot (image/png) ──────────────────────────────────────────────────────────
    ../../test-results/navigation-tests-🗺️-Page--ea8eb-ion-✅-Admin-dashboard-loads-firefox/test-failed-1.png
    ────────────────────────────────────────────────────────────────────────────────────────────────

    attachment #2: video (video/webm) ──────────────────────────────────────────────────────────────
    ../../test-results/navigation-tests-🗺️-Page--ea8eb-ion-✅-Admin-dashboard-loads-firefox/video.webm
    ────────────────────────────────────────────────────────────────────────────────────────────────

    Error Context: ../../test-results/navigation-tests-🗺️-Page--ea8eb-ion-✅-Admin-dashboard-loads-firefox/error-context.md
]]>
</failure>
<system-out>
<![CDATA[
[[ATTACHMENT|test-results/navigation-tests-🗺️-Page--ea8eb-ion-✅-Admin-dashboard-loads-firefox/test-failed-1.png]]

[[ATTACHMENT|test-results/navigation-tests-🗺️-Page--ea8eb-ion-✅-Admin-dashboard-loads-firefox/video.webm]]

[[ATTACHMENT|test-results/navigation-tests-🗺️-Page--ea8eb-ion-✅-Admin-dashboard-loads-firefox/error-context.md]]
]]>
</system-out>
</testcase>
<testcase name="🗺️ Page Navigation Tests - Phase 3 › 👑 Admin Dashboard Navigation › ✅ Navigate admin dashboard &gt; users" classname="navigation-tests.spec.ts" time="18.565">
<failure message="navigation-tests.spec.ts:245:9 ✅ Navigate admin dashboard &gt; users" type="FAILURE">
<![CDATA[  [firefox] › navigation-tests.spec.ts:245:9 › 🗺️ Page Navigation Tests - Phase 3 › 👑 Admin Dashboard Navigation › ✅ Navigate admin dashboard > users 

    TimeoutError: page.waitForURL: Timeout 10000ms exceeded.
    =========================== logs ===========================
    waiting for navigation until "load"
    ============================================================

      12 |   await page.fill('input[name="password"]', password)
      13 |   await page.click('button[type="submit"]')
    > 14 |   await page.waitForURL(/\/dashboard/, { timeout: 10000 })
         |              ^
      15 | }
      16 |
      17 | test.describe('🗺️ Page Navigation Tests - Phase 3', () => {
        at login (/Users/asithalakmal/Documents/web/final project/WeddingLK-next copy/tests/e2e/navigation-tests.spec.ts:14:14)
        at /Users/asithalakmal/Documents/web/final project/WeddingLK-next copy/tests/e2e/navigation-tests.spec.ts:232:7

    attachment #1: screenshot (image/png) ──────────────────────────────────────────────────────────
    ../../test-results/navigation-tests-🗺️-Page--7ade7-igate-admin-dashboard-users-firefox/test-failed-1.png
    ────────────────────────────────────────────────────────────────────────────────────────────────

    attachment #2: video (video/webm) ──────────────────────────────────────────────────────────────
    ../../test-results/navigation-tests-🗺️-Page--7ade7-igate-admin-dashboard-users-firefox/video.webm
    ────────────────────────────────────────────────────────────────────────────────────────────────

    Error Context: ../../test-results/navigation-tests-🗺️-Page--7ade7-igate-admin-dashboard-users-firefox/error-context.md
]]>
</failure>
<system-out>
<![CDATA[
[[ATTACHMENT|test-results/navigation-tests-🗺️-Page--7ade7-igate-admin-dashboard-users-firefox/test-failed-1.png]]

[[ATTACHMENT|test-results/navigation-tests-🗺️-Page--7ade7-igate-admin-dashboard-users-firefox/video.webm]]

[[ATTACHMENT|test-results/navigation-tests-🗺️-Page--7ade7-igate-admin-dashboard-users-firefox/error-context.md]]
]]>
</system-out>
</testcase>
<testcase name="🗺️ Page Navigation Tests - Phase 3 › 👑 Admin Dashboard Navigation › ✅ Navigate admin dashboard &gt; analytics" classname="navigation-tests.spec.ts" time="21.214">
<failure message="navigation-tests.spec.ts:254:9 ✅ Navigate admin dashboard &gt; analytics" type="FAILURE">
<![CDATA[  [firefox] › navigation-tests.spec.ts:254:9 › 🗺️ Page Navigation Tests - Phase 3 › 👑 Admin Dashboard Navigation › ✅ Navigate admin dashboard > analytics 

    TimeoutError: page.waitForURL: Timeout 10000ms exceeded.
    =========================== logs ===========================
    waiting for navigation until "load"
    ============================================================

      12 |   await page.fill('input[name="password"]', password)
      13 |   await page.click('button[type="submit"]')
    > 14 |   await page.waitForURL(/\/dashboard/, { timeout: 10000 })
         |              ^
      15 | }
      16 |
      17 | test.describe('🗺️ Page Navigation Tests - Phase 3', () => {
        at login (/Users/asithalakmal/Documents/web/final project/WeddingLK-next copy/tests/e2e/navigation-tests.spec.ts:14:14)
        at /Users/asithalakmal/Documents/web/final project/WeddingLK-next copy/tests/e2e/navigation-tests.spec.ts:232:7

    attachment #1: screenshot (image/png) ──────────────────────────────────────────────────────────
    ../../test-results/navigation-tests-🗺️-Page--81a8a-e-admin-dashboard-analytics-firefox/test-failed-1.png
    ────────────────────────────────────────────────────────────────────────────────────────────────

    attachment #2: video (video/webm) ──────────────────────────────────────────────────────────────
    ../../test-results/navigation-tests-🗺️-Page--81a8a-e-admin-dashboard-analytics-firefox/video.webm
    ────────────────────────────────────────────────────────────────────────────────────────────────

    Error Context: ../../test-results/navigation-tests-🗺️-Page--81a8a-e-admin-dashboard-analytics-firefox/error-context.md
]]>
</failure>
<system-out>
<![CDATA[
[[ATTACHMENT|test-results/navigation-tests-🗺️-Page--81a8a-e-admin-dashboard-analytics-firefox/test-failed-1.png]]

[[ATTACHMENT|test-results/navigation-tests-🗺️-Page--81a8a-e-admin-dashboard-analytics-firefox/video.webm]]

[[ATTACHMENT|test-results/navigation-tests-🗺️-Page--81a8a-e-admin-dashboard-analytics-firefox/error-context.md]]
]]>
</system-out>
</testcase>
<testcase name="🗺️ Page Navigation Tests - Phase 3 › 👑 Admin Dashboard Navigation › ✅ Navigate admin dashboard &gt; settings" classname="navigation-tests.spec.ts" time="18.236">
<failure message="navigation-tests.spec.ts:263:9 ✅ Navigate admin dashboard &gt; settings" type="FAILURE">
<![CDATA[  [firefox] › navigation-tests.spec.ts:263:9 › 🗺️ Page Navigation Tests - Phase 3 › 👑 Admin Dashboard Navigation › ✅ Navigate admin dashboard > settings 

    TimeoutError: page.waitForURL: Timeout 10000ms exceeded.
    =========================== logs ===========================
    waiting for navigation until "load"
    ============================================================

      12 |   await page.fill('input[name="password"]', password)
      13 |   await page.click('button[type="submit"]')
    > 14 |   await page.waitForURL(/\/dashboard/, { timeout: 10000 })
         |              ^
      15 | }
      16 |
      17 | test.describe('🗺️ Page Navigation Tests - Phase 3', () => {
        at login (/Users/asithalakmal/Documents/web/final project/WeddingLK-next copy/tests/e2e/navigation-tests.spec.ts:14:14)
        at /Users/asithalakmal/Documents/web/final project/WeddingLK-next copy/tests/e2e/navigation-tests.spec.ts:232:7

    attachment #1: screenshot (image/png) ──────────────────────────────────────────────────────────
    ../../test-results/navigation-tests-🗺️-Page--54041-te-admin-dashboard-settings-firefox/test-failed-1.png
    ────────────────────────────────────────────────────────────────────────────────────────────────

    attachment #2: video (video/webm) ──────────────────────────────────────────────────────────────
    ../../test-results/navigation-tests-🗺️-Page--54041-te-admin-dashboard-settings-firefox/video.webm
    ────────────────────────────────────────────────────────────────────────────────────────────────

    Error Context: ../../test-results/navigation-tests-🗺️-Page--54041-te-admin-dashboard-settings-firefox/error-context.md
]]>
</failure>
<system-out>
<![CDATA[
[[ATTACHMENT|test-results/navigation-tests-🗺️-Page--54041-te-admin-dashboard-settings-firefox/test-failed-1.png]]

[[ATTACHMENT|test-results/navigation-tests-🗺️-Page--54041-te-admin-dashboard-settings-firefox/video.webm]]

[[ATTACHMENT|test-results/navigation-tests-🗺️-Page--54041-te-admin-dashboard-settings-firefox/error-context.md]]
]]>
</system-out>
</testcase>
<testcase name="🗺️ Page Navigation Tests - Phase 3 › 🔗 Breadcrumb Navigation › ✅ Breadcrumbs visible on nested pages" classname="navigation-tests.spec.ts" time="10.203">
</testcase>
<testcase name="🗺️ Page Navigation Tests - Phase 3 › 🔗 Breadcrumb Navigation › ✅ Breadcrumb navigation works" classname="navigation-tests.spec.ts" time="22.085">
</testcase>
<testcase name="🗺️ Page Navigation Tests - Phase 3 › 🦶 Footer Navigation › ✅ Footer visible on homepage" classname="navigation-tests.spec.ts" time="8.073">
</testcase>
<testcase name="🗺️ Page Navigation Tests - Phase 3 › 🦶 Footer Navigation › ✅ Footer has required links" classname="navigation-tests.spec.ts" time="12.137">
</testcase>
<testcase name="🗺️ Page Navigation Tests - Phase 3 › 🦶 Footer Navigation › ✅ Social media links in footer" classname="navigation-tests.spec.ts" time="14.616">
</testcase>
<testcase name="🗺️ Page Navigation Tests - Phase 3 › 🦶 Footer Navigation › ✅ Contact info in footer" classname="navigation-tests.spec.ts" time="53.677">
</testcase>
<testcase name="🗺️ Page Navigation Tests - Phase 3 › 🔍 Search Navigation › ✅ Search functionality on homepage" classname="navigation-tests.spec.ts" time="47.388">
</testcase>
<testcase name="🗺️ Page Navigation Tests - Phase 3 › 🔍 Search Navigation › ✅ Search from venues page" classname="navigation-tests.spec.ts" time="6.012">
</testcase>
<testcase name="🗺️ Page Navigation Tests - Phase 3 › 🔍 Search Navigation › ✅ Filter navigation on vendor page" classname="navigation-tests.spec.ts" time="10.483">
</testcase>
<testcase name="🗺️ Page Navigation Tests - Phase 3 › ↩️ Back/Forward Navigation › ✅ Browser back button works" classname="navigation-tests.spec.ts" time="11.689">
<failure message="navigation-tests.spec.ts:399:9 ✅ Browser back button works" type="FAILURE">
<![CDATA[  [firefox] › navigation-tests.spec.ts:399:9 › 🗺️ Page Navigation Tests - Phase 3 › ↩️ Back/Forward Navigation › ✅ Browser back button works 

    Error: locator.isVisible: Error: strict mode violation: locator('a[href="/venues"], a:has-text("Venues")') resolved to 2 elements:
        1) <a href="/venues" class="text-gray-700 hover:text-rose-500 dark:text-gray-300 dark:hover:text-rose-400 font-medium transition-colors">Venues</a> aka getByRole('navigation').getByRole('link', { name: 'Venues' })
        2) <a href="/venues" class="hover:text-white transition-colors">Venues</a> aka getByRole('main').getByRole('link', { name: 'Venues' })

    Call log:
        - checking visibility of locator('a[href="/venues"], a:has-text("Venues")')


      402 |       // Navigate to venues
      403 |       const venuesLink = page.locator('a[href="/venues"], a:has-text("Venues")')
    > 404 |       if (await venuesLink.isVisible()) {
          |                            ^
      405 |         await venuesLink.first().click()
      406 |         await expect(page).toHaveURL(/\/venues/)
      407 |         
        at /Users/asithalakmal/Documents/web/final project/WeddingLK-next copy/tests/e2e/navigation-tests.spec.ts:404:28

    attachment #1: screenshot (image/png) ──────────────────────────────────────────────────────────
    ../../test-results/navigation-tests-🗺️-Page--feaa1-✅-Browser-back-button-works-firefox/test-failed-1.png
    ────────────────────────────────────────────────────────────────────────────────────────────────

    attachment #2: video (video/webm) ──────────────────────────────────────────────────────────────
    ../../test-results/navigation-tests-🗺️-Page--feaa1-✅-Browser-back-button-works-firefox/video.webm
    ────────────────────────────────────────────────────────────────────────────────────────────────

    Error Context: ../../test-results/navigation-tests-🗺️-Page--feaa1-✅-Browser-back-button-works-firefox/error-context.md
]]>
</failure>
<system-out>
<![CDATA[
[[ATTACHMENT|test-results/navigation-tests-🗺️-Page--feaa1-✅-Browser-back-button-works-firefox/test-failed-1.png]]

[[ATTACHMENT|test-results/navigation-tests-🗺️-Page--feaa1-✅-Browser-back-button-works-firefox/video.webm]]

[[ATTACHMENT|test-results/navigation-tests-🗺️-Page--feaa1-✅-Browser-back-button-works-firefox/error-context.md]]
]]>
</system-out>
</testcase>
<testcase name="🗺️ Page Navigation Tests - Phase 3 › ↩️ Back/Forward Navigation › ✅ Browser forward button works" classname="navigation-tests.spec.ts" time="7.645">
</testcase>
</testsuite>
<testsuite name="payment.spec.ts" timestamp="2025-10-24T16:55:39.999Z" hostname="firefox" tests="7" failures="0" skipped="7" time="0" errors="0">
<testcase name="Payment System › DISABLED: Stripe payment integration with mock" classname="payment.spec.ts" time="0">
<properties>
<property name="skip" value="">
</property>
</properties>
<skipped>
</skipped>
</testcase>
<testcase name="Payment System › DISABLED: PayHere payment integration" classname="payment.spec.ts" time="0">
<properties>
<property name="skip" value="">
</property>
</properties>
<skipped>
</skipped>
</testcase>
<testcase name="Payment System › DISABLED: Payment failure handling" classname="payment.spec.ts" time="0">
<properties>
<property name="skip" value="">
</property>
</properties>
<skipped>
</skipped>
</testcase>
<testcase name="Payment System › DISABLED: Payment refund processing" classname="payment.spec.ts" time="0">
<properties>
<property name="skip" value="">
</property>
</properties>
<skipped>
</skipped>
</testcase>
<testcase name="Payment System › DISABLED: Payment history and analytics" classname="payment.spec.ts" time="0">
<properties>
<property name="skip" value="">
</property>
</properties>
<skipped>
</skipped>
</testcase>
<testcase name="Payment System › DISABLED: Subscription payment management" classname="payment.spec.ts" time="0">
<properties>
<property name="skip" value="">
</property>
</properties>
<skipped>
</skipped>
</testcase>
<testcase name="Payment System › DISABLED: Payment webhook handling" classname="payment.spec.ts" time="0">
<properties>
<property name="skip" value="">
</property>
</properties>
<skipped>
</skipped>
</testcase>
</testsuite>
<testsuite name="production.spec.ts" timestamp="2025-10-24T16:55:39.999Z" hostname="firefox" tests="6" failures="0" skipped="6" time="0" errors="0">
<testcase name="Production Site Tests › DISABLED: Homepage loads correctly" classname="production.spec.ts" time="0">
<properties>
<property name="skip" value="">
</property>
</properties>
<skipped>
</skipped>
</testcase>
<testcase name="Production Site Tests › DISABLED: Navigation works correctly" classname="production.spec.ts" time="0">
<properties>
<property name="skip" value="">
</property>
</properties>
<skipped>
</skipped>
</testcase>
<testcase name="Production Site Tests › DISABLED: Search functionality is present" classname="production.spec.ts" time="0">
<properties>
<property name="skip" value="">
</property>
</properties>
<skipped>
</skipped>
</testcase>
<testcase name="Production Site Tests › DISABLED: Footer links are present" classname="production.spec.ts" time="0">
<properties>
<property name="skip" value="">
</property>
</properties>
<skipped>
</skipped>
</testcase>
<testcase name="Production Site Tests › DISABLED: Responsive design works" classname="production.spec.ts" time="0">
<properties>
<property name="skip" value="">
</property>
</properties>
<skipped>
</skipped>
</testcase>
<testcase name="Production Site Tests › DISABLED: Page metadata is correct" classname="production.spec.ts" time="0">
<properties>
<property name="skip" value="">
</property>
</properties>
<skipped>
</skipped>
</testcase>
</testsuite>
<testsuite name="quick-verification.spec.ts" timestamp="2025-10-24T16:55:39.999Z" hostname="firefox" tests="6" failures="2" skipped="1" time="185.601" errors="0">
<testcase name="🚀 Quick Production Verification › Homepage loads and basic functionality works" classname="quick-verification.spec.ts" time="67.379">
<failure message="quick-verification.spec.ts:4:7 Homepage loads and basic functionality works" type="FAILURE">
<![CDATA[  [firefox] › quick-verification.spec.ts:4:7 › 🚀 Quick Production Verification › Homepage loads and basic functionality works 

    TimeoutError: page.goto: Timeout 60000ms exceeded.
    Call log:
      - navigating to "https://wedding-lk.vercel.app/", waiting until "load"


      4 |   test('Homepage loads and basic functionality works', async ({ page }) => {
      5 |     // Navigate to homepage
    > 6 |     await page.goto('/');
        |                ^
      7 |     
      8 |     // Wait for page to load
      9 |     await page.waitForLoadState('domcontentloaded');
        at /Users/asithalakmal/Documents/web/final project/WeddingLK-next copy/tests/e2e/quick-verification.spec.ts:6:16

    attachment #1: screenshot (image/png) ──────────────────────────────────────────────────────────
    ../../test-results/quick-verification-🚀-Quic-5d3be-d-basic-functionality-works-firefox/test-failed-1.png
    ────────────────────────────────────────────────────────────────────────────────────────────────

    attachment #2: video (video/webm) ──────────────────────────────────────────────────────────────
    ../../test-results/quick-verification-🚀-Quic-5d3be-d-basic-functionality-works-firefox/video.webm
    ────────────────────────────────────────────────────────────────────────────────────────────────

    Error Context: ../../test-results/quick-verification-🚀-Quic-5d3be-d-basic-functionality-works-firefox/error-context.md
]]>
</failure>
<system-out>
<![CDATA[
[[ATTACHMENT|test-results/quick-verification-🚀-Quic-5d3be-d-basic-functionality-works-firefox/test-failed-1.png]]

[[ATTACHMENT|test-results/quick-verification-🚀-Quic-5d3be-d-basic-functionality-works-firefox/video.webm]]

[[ATTACHMENT|test-results/quick-verification-🚀-Quic-5d3be-d-basic-functionality-works-firefox/error-context.md]]
]]>
</system-out>
</testcase>
<testcase name="🚀 Quick Production Verification › API endpoints are responding" classname="quick-verification.spec.ts" time="3.54">
</testcase>
<testcase name="🚀 Quick Production Verification › Database connection is working - DISABLED (Slow endpoint)" classname="quick-verification.spec.ts" time="0">
<properties>
<property name="skip" value="">
</property>
</properties>
<skipped>
</skipped>
</testcase>
<testcase name="🚀 Quick Production Verification › Navigation works correctly" classname="quick-verification.spec.ts" time="14.336">
</testcase>
<testcase name="🚀 Quick Production Verification › Page is responsive" classname="quick-verification.spec.ts" time="28.229">
</testcase>
<testcase name="🚀 Quick Production Verification › No critical JavaScript errors" classname="quick-verification.spec.ts" time="72.117">
<failure message="quick-verification.spec.ts:72:7 No critical JavaScript errors" type="FAILURE">
<![CDATA[  [firefox] › quick-verification.spec.ts:72:7 › 🚀 Quick Production Verification › No critical JavaScript errors 

    TimeoutError: page.waitForLoadState: Timeout 60000ms exceeded.

      84 |     
      85 |     await page.goto('/');
    > 86 |     await page.waitForLoadState('networkidle');
         |                ^
      87 |     
      88 |         // Filter out non-critical errors
      89 |         const criticalErrors = errors.filter(error => 
        at /Users/asithalakmal/Documents/web/final project/WeddingLK-next copy/tests/e2e/quick-verification.spec.ts:86:16

    attachment #1: screenshot (image/png) ──────────────────────────────────────────────────────────
    ../../test-results/quick-verification-🚀-Quic-e0dbb--critical-JavaScript-errors-firefox/test-failed-1.png
    ────────────────────────────────────────────────────────────────────────────────────────────────

    attachment #2: video (video/webm) ──────────────────────────────────────────────────────────────
    ../../test-results/quick-verification-🚀-Quic-e0dbb--critical-JavaScript-errors-firefox/video.webm
    ────────────────────────────────────────────────────────────────────────────────────────────────

    Error Context: ../../test-results/quick-verification-🚀-Quic-e0dbb--critical-JavaScript-errors-firefox/error-context.md
]]>
</failure>
<system-out>
<![CDATA[
[[ATTACHMENT|test-results/quick-verification-🚀-Quic-e0dbb--critical-JavaScript-errors-firefox/test-failed-1.png]]

[[ATTACHMENT|test-results/quick-verification-🚀-Quic-e0dbb--critical-JavaScript-errors-firefox/video.webm]]

[[ATTACHMENT|test-results/quick-verification-🚀-Quic-e0dbb--critical-JavaScript-errors-firefox/error-context.md]]
]]>
</system-out>
</testcase>
</testsuite>
<testsuite name="rbac-comprehensive.spec.ts" timestamp="2025-10-24T16:55:39.999Z" hostname="firefox" tests="28" failures="0" skipped="28" time="0" errors="0">
<testcase name="🔐 User Role RBAC Tests › DISABLED: User Role - Allowed Access" classname="rbac-comprehensive.spec.ts" time="0">
<properties>
<property name="skip" value="">
</property>
</properties>
<skipped>
</skipped>
</testcase>
<testcase name="🔐 User Role RBAC Tests › DISABLED: User Role - Navigation Items Visibility" classname="rbac-comprehensive.spec.ts" time="0">
<properties>
<property name="skip" value="">
</property>
</properties>
<skipped>
</skipped>
</testcase>
<testcase name="🔐 User Role RBAC Tests › DISABLED: User Role - Feature Access Control" classname="rbac-comprehensive.spec.ts" time="0">
<properties>
<property name="skip" value="">
</property>
</properties>
<skipped>
</skipped>
</testcase>
<testcase name="🏢 Vendor Role RBAC Tests › DISABLED: Vendor Role - Allowed Access" classname="rbac-comprehensive.spec.ts" time="0">
<properties>
<property name="skip" value="">
</property>
</properties>
<skipped>
</skipped>
</testcase>
<testcase name="🏢 Vendor Role RBAC Tests › DISABLED: Vendor Role - Navigation Items Visibility" classname="rbac-comprehensive.spec.ts" time="0">
<properties>
<property name="skip" value="">
</property>
</properties>
<skipped>
</skipped>
</testcase>
<testcase name="🏢 Vendor Role RBAC Tests › DISABLED: Vendor Role - Feature Access Control" classname="rbac-comprehensive.spec.ts" time="0">
<properties>
<property name="skip" value="">
</property>
</properties>
<skipped>
</skipped>
</testcase>
<testcase name="👥 Wedding Planner Role RBAC Tests › DISABLED: Wedding Planner Role - Allowed Access" classname="rbac-comprehensive.spec.ts" time="0">
<properties>
<property name="skip" value="">
</property>
</properties>
<skipped>
</skipped>
</testcase>
<testcase name="👥 Wedding Planner Role RBAC Tests › DISABLED: Wedding Planner Role - Navigation Items Visibility" classname="rbac-comprehensive.spec.ts" time="0">
<properties>
<property name="skip" value="">
</property>
</properties>
<skipped>
</skipped>
</testcase>
<testcase name="👥 Wedding Planner Role RBAC Tests › DISABLED: Wedding Planner Role - Feature Access Control" classname="rbac-comprehensive.spec.ts" time="0">
<properties>
<property name="skip" value="">
</property>
</properties>
<skipped>
</skipped>
</testcase>
<testcase name="👑 Admin Role RBAC Tests › DISABLED: Admin Role - Allowed Access" classname="rbac-comprehensive.spec.ts" time="0">
<properties>
<property name="skip" value="">
</property>
</properties>
<skipped>
</skipped>
</testcase>
<testcase name="👑 Admin Role RBAC Tests › DISABLED: Admin Role - Navigation Items Visibility" classname="rbac-comprehensive.spec.ts" time="0">
<properties>
<property name="skip" value="">
</property>
</properties>
<skipped>
</skipped>
</testcase>
<testcase name="👑 Admin Role RBAC Tests › DISABLED: Admin Role - Feature Access Control" classname="rbac-comprehensive.spec.ts" time="0">
<properties>
<property name="skip" value="">
</property>
</properties>
<skipped>
</skipped>
</testcase>
<testcase name="🔧 Maintainer Role RBAC Tests › DISABLED: Maintainer Role - Allowed Access" classname="rbac-comprehensive.spec.ts" time="0">
<properties>
<property name="skip" value="">
</property>
</properties>
<skipped>
</skipped>
</testcase>
<testcase name="🔧 Maintainer Role RBAC Tests › DISABLED: Maintainer Role - Debug Access" classname="rbac-comprehensive.spec.ts" time="0">
<properties>
<property name="skip" value="">
</property>
</properties>
<skipped>
</skipped>
</testcase>
<testcase name="🛡️ Middleware Route Protection Tests › DISABLED: Unauthenticated Access Protection" classname="rbac-comprehensive.spec.ts" time="0">
<properties>
<property name="skip" value="">
</property>
</properties>
<skipped>
</skipped>
</testcase>
<testcase name="🛡️ Middleware Route Protection Tests › DISABLED: Role-Based Route Protection" classname="rbac-comprehensive.spec.ts" time="0">
<properties>
<property name="skip" value="">
</property>
</properties>
<skipped>
</skipped>
</testcase>
<testcase name="🔌 API Endpoint Authorization Tests › DISABLED: API Authentication Requirements" classname="rbac-comprehensive.spec.ts" time="0">
<properties>
<property name="skip" value="">
</property>
</properties>
<skipped>
</skipped>
</testcase>
<testcase name="🔌 API Endpoint Authorization Tests › DISABLED: API Role-Based Authorization" classname="rbac-comprehensive.spec.ts" time="0">
<properties>
<property name="skip" value="">
</property>
</properties>
<skipped>
</skipped>
</testcase>
<testcase name="🔌 API Endpoint Authorization Tests › DISABLED: API Permission-Based Authorization" classname="rbac-comprehensive.spec.ts" time="0">
<properties>
<property name="skip" value="">
</property>
</properties>
<skipped>
</skipped>
</testcase>
<testcase name="🎨 UI Component Visibility Tests › DISABLED: Dashboard Components Based on Role" classname="rbac-comprehensive.spec.ts" time="0">
<properties>
<property name="skip" value="">
</property>
</properties>
<skipped>
</skipped>
</testcase>
<testcase name="🎨 UI Component Visibility Tests › DISABLED: Navigation Menu Based on Role" classname="rbac-comprehensive.spec.ts" time="0">
<properties>
<property name="skip" value="">
</property>
</properties>
<skipped>
</skipped>
</testcase>
<testcase name="🎨 UI Component Visibility Tests › DISABLED: Action Buttons Based on Permissions" classname="rbac-comprehensive.spec.ts" time="0">
<properties>
<property name="skip" value="">
</property>
</properties>
<skipped>
</skipped>
</testcase>
<testcase name="🔄 Role Switching and Session Management › DISABLED: Role-Based Session Persistence" classname="rbac-comprehensive.spec.ts" time="0">
<properties>
<property name="skip" value="">
</property>
</properties>
<skipped>
</skipped>
</testcase>
<testcase name="🔄 Role Switching and Session Management › DISABLED: Role-Based Data Filtering" classname="rbac-comprehensive.spec.ts" time="0">
<properties>
<property name="skip" value="">
</property>
</properties>
<skipped>
</skipped>
</testcase>
<testcase name="🚨 Security and Error Handling › DISABLED: Unauthorized Access Attempts" classname="rbac-comprehensive.spec.ts" time="0">
<properties>
<property name="skip" value="">
</property>
</properties>
<skipped>
</skipped>
</testcase>
<testcase name="🚨 Security and Error Handling › DISABLED: Permission Denied Handling" classname="rbac-comprehensive.spec.ts" time="0">
<properties>
<property name="skip" value="">
</property>
</properties>
<skipped>
</skipped>
</testcase>
<testcase name="📊 Analytics and Reporting RBAC › DISABLED: Role-Based Analytics Access" classname="rbac-comprehensive.spec.ts" time="0">
<properties>
<property name="skip" value="">
</property>
</properties>
<skipped>
</skipped>
</testcase>
<testcase name="📊 Analytics and Reporting RBAC › DISABLED: Data Visibility Based on Role" classname="rbac-comprehensive.spec.ts" time="0">
<properties>
<property name="skip" value="">
</property>
</properties>
<skipped>
</skipped>
</testcase>
</testsuite>
<testsuite name="realistic-live-deployment.spec.ts" timestamp="2025-10-24T16:55:39.999Z" hostname="firefox" tests="14" failures="0" skipped="14" time="0" errors="0">
<testcase name="🚀 REALISTIC LIVE DEPLOYMENT TESTING › DISABLED: 🏠 HOMEPAGE - Realistic Frontend Testing" classname="realistic-live-deployment.spec.ts" time="0">
<properties>
<property name="skip" value="">
</property>
</properties>
<skipped>
</skipped>
</testcase>
<testcase name="🚀 REALISTIC LIVE DEPLOYMENT TESTING › DISABLED: 🔐 AUTHENTICATION - Realistic Auth Flow Testing" classname="realistic-live-deployment.spec.ts" time="0">
<properties>
<property name="skip" value="">
</property>
</properties>
<skipped>
</skipped>
</testcase>
<testcase name="🚀 REALISTIC LIVE DEPLOYMENT TESTING › DISABLED: 🏢 VENUES - Realistic Venue Testing" classname="realistic-live-deployment.spec.ts" time="0">
<properties>
<property name="skip" value="">
</property>
</properties>
<skipped>
</skipped>
</testcase>
<testcase name="🚀 REALISTIC LIVE DEPLOYMENT TESTING › DISABLED: 🏪 VENDORS - Realistic Vendor Testing" classname="realistic-live-deployment.spec.ts" time="0">
<properties>
<property name="skip" value="">
</property>
</properties>
<skipped>
</skipped>
</testcase>
<testcase name="🚀 REALISTIC LIVE DEPLOYMENT TESTING › DISABLED: 📱 FEED - Realistic Social Feed Testing" classname="realistic-live-deployment.spec.ts" time="0">
<properties>
<property name="skip" value="">
</property>
</properties>
<skipped>
</skipped>
</testcase>
<testcase name="🚀 REALISTIC LIVE DEPLOYMENT TESTING › DISABLED: 🖼️ GALLERY - Realistic Gallery Testing" classname="realistic-live-deployment.spec.ts" time="0">
<properties>
<property name="skip" value="">
</property>
</properties>
<skipped>
</skipped>
</testcase>
<testcase name="🚀 REALISTIC LIVE DEPLOYMENT TESTING › DISABLED: 📊 DASHBOARD - Realistic Dashboard Testing" classname="realistic-live-deployment.spec.ts" time="0">
<properties>
<property name="skip" value="">
</property>
</properties>
<skipped>
</skipped>
</testcase>
<testcase name="🚀 REALISTIC LIVE DEPLOYMENT TESTING › DISABLED: 🔧 API ENDPOINTS - Realistic API Testing" classname="realistic-live-deployment.spec.ts" time="0">
<properties>
<property name="skip" value="">
</property>
</properties>
<skipped>
</skipped>
</testcase>
<testcase name="🚀 REALISTIC LIVE DEPLOYMENT TESTING › DISABLED: 📱 RESPONSIVE DESIGN - Realistic Mobile Testing" classname="realistic-live-deployment.spec.ts" time="0">
<properties>
<property name="skip" value="">
</property>
</properties>
<skipped>
</skipped>
</testcase>
<testcase name="🚀 REALISTIC LIVE DEPLOYMENT TESTING › DISABLED: 🎨 UI COMPONENTS - Realistic Component Testing" classname="realistic-live-deployment.spec.ts" time="0">
<properties>
<property name="skip" value="">
</property>
</properties>
<skipped>
</skipped>
</testcase>
<testcase name="🚀 REALISTIC LIVE DEPLOYMENT TESTING › DISABLED: ⚡ PERFORMANCE - Realistic Performance Testing" classname="realistic-live-deployment.spec.ts" time="0">
<properties>
<property name="skip" value="">
</property>
</properties>
<skipped>
</skipped>
</testcase>
<testcase name="🚀 REALISTIC LIVE DEPLOYMENT TESTING › DISABLED: 🔍 ERROR HANDLING - Realistic Error Testing" classname="realistic-live-deployment.spec.ts" time="0">
<properties>
<property name="skip" value="">
</property>
</properties>
<skipped>
</skipped>
</testcase>
<testcase name="🚀 REALISTIC LIVE DEPLOYMENT TESTING › DISABLED: 🎯 FINAL INTEGRATION - Realistic System Integration" classname="realistic-live-deployment.spec.ts" time="0">
<properties>
<property name="skip" value="">
</property>
</properties>
<skipped>
</skipped>
</testcase>
<testcase name="🚀 REALISTIC LIVE DEPLOYMENT TESTING › DISABLED: 📊 LIVE DEPLOYMENT STATUS REPORT" classname="realistic-live-deployment.spec.ts" time="0">
<properties>
<property name="skip" value="">
</property>
</properties>
<skipped>
</skipped>
</testcase>
</testsuite>
<testsuite name="responsive-tests.spec.ts" timestamp="2025-10-24T16:55:39.999Z" hostname="firefox" tests="32" failures="10" skipped="0" time="1011.031" errors="0">
<testcase name="📱 Responsive Design Tests - Phase 5 › 📱 Mobile Responsive (375px) › ✅ Homepage is mobile responsive" classname="responsive-tests.spec.ts" time="43.944">
</testcase>
<testcase name="📱 Responsive Design Tests - Phase 5 › 📱 Mobile Responsive (375px) › ✅ Navigation menu works on mobile" classname="responsive-tests.spec.ts" time="76.199">
<failure message="responsive-tests.spec.ts:30:9 ✅ Navigation menu works on mobile" type="FAILURE">
<![CDATA[  [firefox] › responsive-tests.spec.ts:30:9 › 📱 Responsive Design Tests - Phase 5 › 📱 Mobile Responsive (375px) › ✅ Navigation menu works on mobile 

    TimeoutError: page.goto: Timeout 60000ms exceeded.
    Call log:
      - navigating to "https://wedding-lk.vercel.app/", waiting until "load"


      29 |
      30 |     test('✅ Navigation menu works on mobile', async ({ page }) => {
    > 31 |       await page.goto('/')
         |                  ^
      32 |       
      33 |       // Look for hamburger menu or mobile nav
      34 |       const hamburger = page.locator('button[aria-label*="menu"], button:has-text("☰"), [class*="hamburger"]')
        at /Users/asithalakmal/Documents/web/final project/WeddingLK-next copy/tests/e2e/responsive-tests.spec.ts:31:18

    attachment #1: video (video/webm) ──────────────────────────────────────────────────────────────
    ../../test-results/responsive-tests-📱-Respon-0601b-gation-menu-works-on-mobile-firefox/video.webm
    ────────────────────────────────────────────────────────────────────────────────────────────────
]]>
</failure>
<system-out>
<![CDATA[
[[ATTACHMENT|test-results/responsive-tests-📱-Respon-0601b-gation-menu-works-on-mobile-firefox/video.webm]]
]]>
</system-out>
</testcase>
<testcase name="📱 Responsive Design Tests - Phase 5 › 📱 Mobile Responsive (375px) › ✅ Venues page is mobile responsive" classname="responsive-tests.spec.ts" time="67.21">
<failure message="responsive-tests.spec.ts:42:9 ✅ Venues page is mobile responsive" type="FAILURE">
<![CDATA[  [firefox] › responsive-tests.spec.ts:42:9 › 📱 Responsive Design Tests - Phase 5 › 📱 Mobile Responsive (375px) › ✅ Venues page is mobile responsive 

    TimeoutError: page.goto: Timeout 60000ms exceeded.
    Call log:
      - navigating to "https://wedding-lk.vercel.app/venues", waiting until "load"


      41 |
      42 |     test('✅ Venues page is mobile responsive', async ({ page }) => {
    > 43 |       await page.goto('/venues')
         |                  ^
      44 |       
      45 |       const venueCards = page.locator('[class*="card"], [class*="venue"], li')
      46 |       expect(await venueCards.count()).toBeGreaterThanOrEqual(0)
        at /Users/asithalakmal/Documents/web/final project/WeddingLK-next copy/tests/e2e/responsive-tests.spec.ts:43:18

    attachment #1: video (video/webm) ──────────────────────────────────────────────────────────────
    ../../test-results/responsive-tests-📱-Respon-06e43-s-page-is-mobile-responsive-firefox/video.webm
    ────────────────────────────────────────────────────────────────────────────────────────────────

    Error Context: ../../test-results/responsive-tests-📱-Respon-06e43-s-page-is-mobile-responsive-firefox/error-context.md
]]>
</failure>
<system-out>
<![CDATA[
[[ATTACHMENT|test-results/responsive-tests-📱-Respon-06e43-s-page-is-mobile-responsive-firefox/video.webm]]

[[ATTACHMENT|test-results/responsive-tests-📱-Respon-06e43-s-page-is-mobile-responsive-firefox/error-context.md]]
]]>
</system-out>
</testcase>
<testcase name="📱 Responsive Design Tests - Phase 5 › 📱 Mobile Responsive (375px) › ✅ Vendors page is mobile responsive" classname="responsive-tests.spec.ts" time="69.976">
<failure message="responsive-tests.spec.ts:49:9 ✅ Vendors page is mobile responsive" type="FAILURE">
<![CDATA[  [firefox] › responsive-tests.spec.ts:49:9 › 📱 Responsive Design Tests - Phase 5 › 📱 Mobile Responsive (375px) › ✅ Vendors page is mobile responsive 

    TimeoutError: page.goto: Timeout 60000ms exceeded.
    Call log:
      - navigating to "https://wedding-lk.vercel.app/vendors", waiting until "load"


      48 |
      49 |     test('✅ Vendors page is mobile responsive', async ({ page }) => {
    > 50 |       await page.goto('/vendors')
         |                  ^
      51 |       
      52 |       const vendorCards = page.locator('[class*="card"], [class*="vendor"], li')
      53 |       expect(await vendorCards.count()).toBeGreaterThanOrEqual(0)
        at /Users/asithalakmal/Documents/web/final project/WeddingLK-next copy/tests/e2e/responsive-tests.spec.ts:50:18

    attachment #1: screenshot (image/png) ──────────────────────────────────────────────────────────
    ../../test-results/responsive-tests-📱-Respon-94f5f-s-page-is-mobile-responsive-firefox/test-failed-1.png
    ────────────────────────────────────────────────────────────────────────────────────────────────

    attachment #2: video (video/webm) ──────────────────────────────────────────────────────────────
    ../../test-results/responsive-tests-📱-Respon-94f5f-s-page-is-mobile-responsive-firefox/video.webm
    ────────────────────────────────────────────────────────────────────────────────────────────────

    Error Context: ../../test-results/responsive-tests-📱-Respon-94f5f-s-page-is-mobile-responsive-firefox/error-context.md
]]>
</failure>
<system-out>
<![CDATA[
[[ATTACHMENT|test-results/responsive-tests-📱-Respon-94f5f-s-page-is-mobile-responsive-firefox/test-failed-1.png]]

[[ATTACHMENT|test-results/responsive-tests-📱-Respon-94f5f-s-page-is-mobile-responsive-firefox/video.webm]]

[[ATTACHMENT|test-results/responsive-tests-📱-Respon-94f5f-s-page-is-mobile-responsive-firefox/error-context.md]]
]]>
</system-out>
</testcase>
<testcase name="📱 Responsive Design Tests - Phase 5 › 📱 Mobile Responsive (375px) › ✅ Login form is mobile responsive" classname="responsive-tests.spec.ts" time="66.656">
<failure message="responsive-tests.spec.ts:56:9 ✅ Login form is mobile responsive" type="FAILURE">
<![CDATA[  [firefox] › responsive-tests.spec.ts:56:9 › 📱 Responsive Design Tests - Phase 5 › 📱 Mobile Responsive (375px) › ✅ Login form is mobile responsive 

    TimeoutError: page.goto: Timeout 60000ms exceeded.
    Call log:
      - navigating to "https://wedding-lk.vercel.app/login", waiting until "load"


      55 |
      56 |     test('✅ Login form is mobile responsive', async ({ page }) => {
    > 57 |       await page.goto('/login')
         |                  ^
      58 |       
      59 |       const emailInput = page.locator('input[name="email"]')
      60 |       const passwordInput = page.locator('input[name="password"]')
        at /Users/asithalakmal/Documents/web/final project/WeddingLK-next copy/tests/e2e/responsive-tests.spec.ts:57:18

    attachment #1: screenshot (image/png) ──────────────────────────────────────────────────────────
    ../../test-results/responsive-tests-📱-Respon-2dcc0-n-form-is-mobile-responsive-firefox/test-failed-1.png
    ────────────────────────────────────────────────────────────────────────────────────────────────

    attachment #2: video (video/webm) ──────────────────────────────────────────────────────────────
    ../../test-results/responsive-tests-📱-Respon-2dcc0-n-form-is-mobile-responsive-firefox/video.webm
    ────────────────────────────────────────────────────────────────────────────────────────────────

    Error Context: ../../test-results/responsive-tests-📱-Respon-2dcc0-n-form-is-mobile-responsive-firefox/error-context.md
]]>
</failure>
<system-out>
<![CDATA[
[[ATTACHMENT|test-results/responsive-tests-📱-Respon-2dcc0-n-form-is-mobile-responsive-firefox/test-failed-1.png]]

[[ATTACHMENT|test-results/responsive-tests-📱-Respon-2dcc0-n-form-is-mobile-responsive-firefox/video.webm]]

[[ATTACHMENT|test-results/responsive-tests-📱-Respon-2dcc0-n-form-is-mobile-responsive-firefox/error-context.md]]
]]>
</system-out>
</testcase>
<testcase name="📱 Responsive Design Tests - Phase 5 › 📱 Mobile Responsive (375px) › ✅ Register form is mobile responsive" classname="responsive-tests.spec.ts" time="53.765">
</testcase>
<testcase name="📱 Responsive Design Tests - Phase 5 › 📱 Mobile Responsive (375px) › ✅ Footer is mobile responsive" classname="responsive-tests.spec.ts" time="24.905">
</testcase>
<testcase name="📱 Responsive Design Tests - Phase 5 › 📱 Mobile Responsive (375px) › ✅ Images are responsive" classname="responsive-tests.spec.ts" time="9.307">
</testcase>
<testcase name="📱 Responsive Design Tests - Phase 5 › 📱 Mobile Responsive (375px) › ✅ Buttons are mobile touch-friendly" classname="responsive-tests.spec.ts" time="11.802">
<failure message="responsive-tests.spec.ts:101:9 ✅ Buttons are mobile touch-friendly" type="FAILURE">
<![CDATA[  [firefox] › responsive-tests.spec.ts:101:9 › 📱 Responsive Design Tests - Phase 5 › 📱 Mobile Responsive (375px) › ✅ Buttons are mobile touch-friendly 

    Error: expect(received).toBeGreaterThanOrEqual(expected)

    Expected: >= 40
    Received:    36

      109 |         // Buttons should be at least 44x44px (touch-friendly size)
      110 |         if (box) {
    > 111 |           expect(box.height).toBeGreaterThanOrEqual(40)
          |                              ^
      112 |         }
      113 |       }
      114 |     })
        at /Users/asithalakmal/Documents/web/final project/WeddingLK-next copy/tests/e2e/responsive-tests.spec.ts:111:30

    attachment #1: screenshot (image/png) ──────────────────────────────────────────────────────────
    ../../test-results/responsive-tests-📱-Respon-69dff-s-are-mobile-touch-friendly-firefox/test-failed-1.png
    ────────────────────────────────────────────────────────────────────────────────────────────────

    attachment #2: video (video/webm) ──────────────────────────────────────────────────────────────
    ../../test-results/responsive-tests-📱-Respon-69dff-s-are-mobile-touch-friendly-firefox/video.webm
    ────────────────────────────────────────────────────────────────────────────────────────────────

    Error Context: ../../test-results/responsive-tests-📱-Respon-69dff-s-are-mobile-touch-friendly-firefox/error-context.md
]]>
</failure>
<system-out>
<![CDATA[
[[ATTACHMENT|test-results/responsive-tests-📱-Respon-69dff-s-are-mobile-touch-friendly-firefox/test-failed-1.png]]

[[ATTACHMENT|test-results/responsive-tests-📱-Respon-69dff-s-are-mobile-touch-friendly-firefox/video.webm]]

[[ATTACHMENT|test-results/responsive-tests-📱-Respon-69dff-s-are-mobile-touch-friendly-firefox/error-context.md]]
]]>
</system-out>
</testcase>
<testcase name="📱 Responsive Design Tests - Phase 5 › 📱 Mobile Responsive (375px) › ✅ Text is readable on mobile" classname="responsive-tests.spec.ts" time="10.119">
<failure message="responsive-tests.spec.ts:116:9 ✅ Text is readable on mobile" type="FAILURE">
<![CDATA[  [firefox] › responsive-tests.spec.ts:116:9 › 📱 Responsive Design Tests - Phase 5 › 📱 Mobile Responsive (375px) › ✅ Text is readable on mobile 

    Error: locator.isVisible: Error: strict mode violation: locator('h1, h2') resolved to 4 elements:
        1) <h1 class="text-4xl md:text-6xl font-bold text-gray-900 dark:text-white mb-6">…</h1> aka getByRole('heading', { name: 'Find Your Perfect Wedding' })
        2) <h2 class="text-3xl font-bold tracking-tight text-gray-900 dark:text-white sm:text-4xl">Everything You Need for Your Perfect Day</h2> aka getByRole('heading', { name: 'Everything You Need for Your' })
        ...

    Call log:
        - checking visibility of locator('h1, h2')


      118 |       
      119 |       const heading = page.locator('h1, h2')
    > 120 |       if (await heading.isVisible()) {
          |                         ^
      121 |         const fontSize = await heading.evaluate(el => 
      122 |           window.getComputedStyle(el).fontSize
      123 |         )
        at /Users/asithalakmal/Documents/web/final project/WeddingLK-next copy/tests/e2e/responsive-tests.spec.ts:120:25

    attachment #1: screenshot (image/png) ──────────────────────────────────────────────────────────
    ../../test-results/responsive-tests-📱-Respon-6aa3a--Text-is-readable-on-mobile-firefox/test-failed-1.png
    ────────────────────────────────────────────────────────────────────────────────────────────────

    attachment #2: video (video/webm) ──────────────────────────────────────────────────────────────
    ../../test-results/responsive-tests-📱-Respon-6aa3a--Text-is-readable-on-mobile-firefox/video.webm
    ────────────────────────────────────────────────────────────────────────────────────────────────

    Error Context: ../../test-results/responsive-tests-📱-Respon-6aa3a--Text-is-readable-on-mobile-firefox/error-context.md
]]>
</failure>
<system-out>
<![CDATA[
[[ATTACHMENT|test-results/responsive-tests-📱-Respon-6aa3a--Text-is-readable-on-mobile-firefox/test-failed-1.png]]

[[ATTACHMENT|test-results/responsive-tests-📱-Respon-6aa3a--Text-is-readable-on-mobile-firefox/video.webm]]

[[ATTACHMENT|test-results/responsive-tests-📱-Respon-6aa3a--Text-is-readable-on-mobile-firefox/error-context.md]]
]]>
</system-out>
</testcase>
<testcase name="📱 Responsive Design Tests - Phase 5 › 📱 Mobile Responsive (375px) › ✅ No horizontal scroll on mobile" classname="responsive-tests.spec.ts" time="10.331">
</testcase>
<testcase name="📱 Responsive Design Tests - Phase 5 › 📊 Tablet Responsive (768px) › ✅ Homepage is tablet responsive" classname="responsive-tests.spec.ts" time="18.954">
</testcase>
<testcase name="📱 Responsive Design Tests - Phase 5 › 📊 Tablet Responsive (768px) › ✅ Two-column layout on tablet" classname="responsive-tests.spec.ts" time="9.576">
</testcase>
<testcase name="📱 Responsive Design Tests - Phase 5 › 📊 Tablet Responsive (768px) › ✅ Sidebar shows on tablet" classname="responsive-tests.spec.ts" time="15.809">
</testcase>
<testcase name="📱 Responsive Design Tests - Phase 5 › 📊 Tablet Responsive (768px) › ✅ Navigation is usable on tablet" classname="responsive-tests.spec.ts" time="14.231">
</testcase>
<testcase name="📱 Responsive Design Tests - Phase 5 › 📊 Tablet Responsive (768px) › ✅ Forms have proper spacing on tablet" classname="responsive-tests.spec.ts" time="12.44">
</testcase>
<testcase name="📱 Responsive Design Tests - Phase 5 › 🖥️ Desktop Responsive (1920px) › ✅ Homepage uses full desktop width" classname="responsive-tests.spec.ts" time="23.222">
</testcase>
<testcase name="📱 Responsive Design Tests - Phase 5 › 🖥️ Desktop Responsive (1920px) › ✅ Multi-column grid on desktop" classname="responsive-tests.spec.ts" time="63.135">
<failure message="responsive-tests.spec.ts:213:9 ✅ Multi-column grid on desktop" type="FAILURE">
<![CDATA[  [firefox] › responsive-tests.spec.ts:213:9 › 📱 Responsive Design Tests - Phase 5 › 🖥️ Desktop Responsive (1920px) › ✅ Multi-column grid on desktop 

    TimeoutError: page.goto: Timeout 60000ms exceeded.
    Call log:
      - navigating to "https://wedding-lk.vercel.app/venues", waiting until "load"


      212 |
      213 |     test('✅ Multi-column grid on desktop', async ({ page }) => {
    > 214 |       await page.goto('/venues')
          |                  ^
      215 |       
      216 |       // Desktop should show more columns
      217 |       const cards = page.locator('[class*="card"]')
        at /Users/asithalakmal/Documents/web/final project/WeddingLK-next copy/tests/e2e/responsive-tests.spec.ts:214:18

    attachment #1: screenshot (image/png) ──────────────────────────────────────────────────────────
    ../../test-results/responsive-tests-📱-Respon-39dd0-ulti-column-grid-on-desktop-firefox/test-failed-1.png
    ────────────────────────────────────────────────────────────────────────────────────────────────

    attachment #2: video (video/webm) ──────────────────────────────────────────────────────────────
    ../../test-results/responsive-tests-📱-Respon-39dd0-ulti-column-grid-on-desktop-firefox/video.webm
    ────────────────────────────────────────────────────────────────────────────────────────────────

    Error Context: ../../test-results/responsive-tests-📱-Respon-39dd0-ulti-column-grid-on-desktop-firefox/error-context.md
]]>
</failure>
<system-out>
<![CDATA[
[[ATTACHMENT|test-results/responsive-tests-📱-Respon-39dd0-ulti-column-grid-on-desktop-firefox/test-failed-1.png]]

[[ATTACHMENT|test-results/responsive-tests-📱-Respon-39dd0-ulti-column-grid-on-desktop-firefox/video.webm]]

[[ATTACHMENT|test-results/responsive-tests-📱-Respon-39dd0-ulti-column-grid-on-desktop-firefox/error-context.md]]
]]>
</system-out>
</testcase>
<testcase name="📱 Responsive Design Tests - Phase 5 › 🖥️ Desktop Responsive (1920px) › ✅ Sidebar visible on desktop" classname="responsive-tests.spec.ts" time="17.364">
</testcase>
<testcase name="📱 Responsive Design Tests - Phase 5 › 🖥️ Desktop Responsive (1920px) › ✅ Footer content is distributed on desktop" classname="responsive-tests.spec.ts" time="15.526">
</testcase>
<testcase name="📱 Responsive Design Tests - Phase 5 › 🖥️ Desktop Responsive (1920px) › ✅ Large images display properly" classname="responsive-tests.spec.ts" time="26.209">
</testcase>
<testcase name="📱 Responsive Design Tests - Phase 5 › 🔄 Orientation Changes › ✅ Page reflows when changing from portrait to landscape" classname="responsive-tests.spec.ts" time="66.866">
<failure message="responsive-tests.spec.ts:255:9 ✅ Page reflows when changing from portrait to landscape" type="FAILURE">
<![CDATA[  [firefox] › responsive-tests.spec.ts:255:9 › 📱 Responsive Design Tests - Phase 5 › 🔄 Orientation Changes › ✅ Page reflows when changing from portrait to landscape 

    TimeoutError: page.goto: Timeout 60000ms exceeded.
    Call log:
      - navigating to "https://wedding-lk.vercel.app/", waiting until "load"


      256 |       // Start in portrait
      257 |       await page.setViewportSize({ width: 375, height: 667 })
    > 258 |       await page.goto('/')
          |                  ^
      259 |       
      260 |       // Change to landscape
      261 |       await page.setViewportSize({ width: 667, height: 375 })
        at /Users/asithalakmal/Documents/web/final project/WeddingLK-next copy/tests/e2e/responsive-tests.spec.ts:258:18

    attachment #1: screenshot (image/png) ──────────────────────────────────────────────────────────
    ../../test-results/responsive-tests-📱-Respon-c1481--from-portrait-to-landscape-firefox/test-failed-1.png
    ────────────────────────────────────────────────────────────────────────────────────────────────

    attachment #2: video (video/webm) ──────────────────────────────────────────────────────────────
    ../../test-results/responsive-tests-📱-Respon-c1481--from-portrait-to-landscape-firefox/video.webm
    ────────────────────────────────────────────────────────────────────────────────────────────────

    Error Context: ../../test-results/responsive-tests-📱-Respon-c1481--from-portrait-to-landscape-firefox/error-context.md
]]>
</failure>
<system-out>
<![CDATA[
[[ATTACHMENT|test-results/responsive-tests-📱-Respon-c1481--from-portrait-to-landscape-firefox/test-failed-1.png]]

[[ATTACHMENT|test-results/responsive-tests-📱-Respon-c1481--from-portrait-to-landscape-firefox/video.webm]]

[[ATTACHMENT|test-results/responsive-tests-📱-Respon-c1481--from-portrait-to-landscape-firefox/error-context.md]]
]]>
</system-out>
</testcase>
<testcase name="📱 Responsive Design Tests - Phase 5 › 🔄 Orientation Changes › ✅ Content reflows from landscape to portrait" classname="responsive-tests.spec.ts" time="9.509">
</testcase>
<testcase name="📱 Responsive Design Tests - Phase 5 › 🎯 CSS Breakpoints › ✅ Small breakpoint (320px)" classname="responsive-tests.spec.ts" time="11.116">
</testcase>
<testcase name="📱 Responsive Design Tests - Phase 5 › 🎯 CSS Breakpoints › ✅ Medium breakpoint (768px)" classname="responsive-tests.spec.ts" time="64.904">
<failure message="responsive-tests.spec.ts:295:9 ✅ Medium breakpoint (768px)" type="FAILURE">
<![CDATA[  [firefox] › responsive-tests.spec.ts:295:9 › 📱 Responsive Design Tests - Phase 5 › 🎯 CSS Breakpoints › ✅ Medium breakpoint (768px) 

    TimeoutError: page.goto: Timeout 60000ms exceeded.
    Call log:
      - navigating to "https://wedding-lk.vercel.app/", waiting until "load"


      295 |     test('✅ Medium breakpoint (768px)', async ({ page }) => {
      296 |       await page.setViewportSize({ width: 768, height: 1024 })
    > 297 |       await page.goto('/')
          |                  ^
      298 |       
      299 |       const main = page.locator('main')
      300 |       await expect(main).toBeVisible()
        at /Users/asithalakmal/Documents/web/final project/WeddingLK-next copy/tests/e2e/responsive-tests.spec.ts:297:18

    attachment #1: screenshot (image/png) ──────────────────────────────────────────────────────────
    ../../test-results/responsive-tests-📱-Respon-e3984--✅-Medium-breakpoint-768px--firefox/test-failed-1.png
    ────────────────────────────────────────────────────────────────────────────────────────────────

    attachment #2: video (video/webm) ──────────────────────────────────────────────────────────────
    ../../test-results/responsive-tests-📱-Respon-e3984--✅-Medium-breakpoint-768px--firefox/video.webm
    ────────────────────────────────────────────────────────────────────────────────────────────────

    Error Context: ../../test-results/responsive-tests-📱-Respon-e3984--✅-Medium-breakpoint-768px--firefox/error-context.md
]]>
</failure>
<system-out>
<![CDATA[
[[ATTACHMENT|test-results/responsive-tests-📱-Respon-e3984--✅-Medium-breakpoint-768px--firefox/test-failed-1.png]]

[[ATTACHMENT|test-results/responsive-tests-📱-Respon-e3984--✅-Medium-breakpoint-768px--firefox/video.webm]]

[[ATTACHMENT|test-results/responsive-tests-📱-Respon-e3984--✅-Medium-breakpoint-768px--firefox/error-context.md]]
]]>
</system-out>
</testcase>
<testcase name="📱 Responsive Design Tests - Phase 5 › 🎯 CSS Breakpoints › ✅ Large breakpoint (1024px)" classname="responsive-tests.spec.ts" time="13.784">
</testcase>
<testcase name="📱 Responsive Design Tests - Phase 5 › 🎯 CSS Breakpoints › ✅ Extra large breakpoint (1440px)" classname="responsive-tests.spec.ts" time="72.983">
<failure message="responsive-tests.spec.ts:311:9 ✅ Extra large breakpoint (1440px)" type="FAILURE">
<![CDATA[  [firefox] › responsive-tests.spec.ts:311:9 › 📱 Responsive Design Tests - Phase 5 › 🎯 CSS Breakpoints › ✅ Extra large breakpoint (1440px) 

    TimeoutError: page.goto: Timeout 60000ms exceeded.
    Call log:
      - navigating to "https://wedding-lk.vercel.app/", waiting until "load"


      311 |     test('✅ Extra large breakpoint (1440px)', async ({ page }) => {
      312 |       await page.setViewportSize({ width: 1440, height: 900 })
    > 313 |       await page.goto('/')
          |                  ^
      314 |       
      315 |       const main = page.locator('main')
      316 |       await expect(main).toBeVisible()
        at /Users/asithalakmal/Documents/web/final project/WeddingLK-next copy/tests/e2e/responsive-tests.spec.ts:313:18

    attachment #1: screenshot (image/png) ──────────────────────────────────────────────────────────
    ../../test-results/responsive-tests-📱-Respon-e611c-ra-large-breakpoint-1440px--firefox/test-failed-1.png
    ────────────────────────────────────────────────────────────────────────────────────────────────

    attachment #2: video (video/webm) ──────────────────────────────────────────────────────────────
    ../../test-results/responsive-tests-📱-Respon-e611c-ra-large-breakpoint-1440px--firefox/video.webm
    ────────────────────────────────────────────────────────────────────────────────────────────────

    Error Context: ../../test-results/responsive-tests-📱-Respon-e611c-ra-large-breakpoint-1440px--firefox/error-context.md
]]>
</failure>
<system-out>
<![CDATA[
[[ATTACHMENT|test-results/responsive-tests-📱-Respon-e611c-ra-large-breakpoint-1440px--firefox/test-failed-1.png]]

[[ATTACHMENT|test-results/responsive-tests-📱-Respon-e611c-ra-large-breakpoint-1440px--firefox/video.webm]]

[[ATTACHMENT|test-results/responsive-tests-📱-Respon-e611c-ra-large-breakpoint-1440px--firefox/error-context.md]]
]]>
</system-out>
</testcase>
<testcase name="📱 Responsive Design Tests - Phase 5 › 📲 Device-Specific Responsive › ✅ iPhone SE responsive" classname="responsive-tests.spec.ts" time="9.825">
</testcase>
<testcase name="📱 Responsive Design Tests - Phase 5 › 📲 Device-Specific Responsive › ✅ iPhone 12/13 responsive" classname="responsive-tests.spec.ts" time="10.346">
</testcase>
<testcase name="📱 Responsive Design Tests - Phase 5 › 📲 Device-Specific Responsive › ✅ iPad responsive" classname="responsive-tests.spec.ts" time="27.522">
</testcase>
<testcase name="📱 Responsive Design Tests - Phase 5 › 📲 Device-Specific Responsive › ✅ Samsung Galaxy responsive" classname="responsive-tests.spec.ts" time="48.51">
</testcase>
<testcase name="📱 Responsive Design Tests - Phase 5 › 📲 Device-Specific Responsive › ✅ Standard Android tablet" classname="responsive-tests.spec.ts" time="14.986">
</testcase>
</testsuite>
<testsuite name="simple.spec.ts" timestamp="2025-10-24T16:55:39.999Z" hostname="firefox" tests="5" failures="0" skipped="5" time="0" errors="0">
<testcase name="Simple Production Tests › DISABLED: Homepage loads and has basic content" classname="simple.spec.ts" time="0">
<properties>
<property name="skip" value="">
</property>
</properties>
<skipped>
</skipped>
</testcase>
<testcase name="Simple Production Tests › DISABLED: Page has navigation elements" classname="simple.spec.ts" time="0">
<properties>
<property name="skip" value="">
</property>
</properties>
<skipped>
</skipped>
</testcase>
<testcase name="Simple Production Tests › DISABLED: Page has footer content" classname="simple.spec.ts" time="0">
<properties>
<property name="skip" value="">
</property>
</properties>
<skipped>
</skipped>
</testcase>
<testcase name="Simple Production Tests › DISABLED: Page is responsive" classname="simple.spec.ts" time="0">
<properties>
<property name="skip" value="">
</property>
</properties>
<skipped>
</skipped>
</testcase>
<testcase name="Simple Production Tests › DISABLED: Page has correct metadata" classname="simple.spec.ts" time="0">
<properties>
<property name="skip" value="">
</property>
</properties>
<skipped>
</skipped>
</testcase>
</testsuite>
<testsuite name="user-journey-tests.spec.ts" timestamp="2025-10-24T16:55:39.999Z" hostname="firefox" tests="29" failures="24" skipped="0" time="584.139" errors="0">
<testcase name="🚀 User Journey Tests - Phase 4 › 👰 Bride/Groom Wedding Planning Journey › ✅ Complete bride journey: Explore &gt; Favorite &gt; Book vendor" classname="user-journey-tests.spec.ts" time="18.35">
<failure message="user-journey-tests.spec.ts:24:9 ✅ Complete bride journey: Explore &gt; Favorite &gt; Book vendor" type="FAILURE">
<![CDATA[  [firefox] › user-journey-tests.spec.ts:24:9 › 🚀 User Journey Tests - Phase 4 › 👰 Bride/Groom Wedding Planning Journey › ✅ Complete bride journey: Explore > Favorite > Book vendor 

    Error: expect(locator).toContainText(expected) failed

    Locator: locator('h1, h2')
    Expected pattern: /Wedding|Venue|Vendor/
    Error: strict mode violation: locator('h1, h2') resolved to 5 elements:
        1) <h1 class="text-4xl md:text-6xl font-bold text-gray-900 dark:text-white mb-6">…</h1> aka getByRole('heading', { name: 'Find Your Perfect Wedding' })
        2) <h2 class="text-3xl font-bold tracking-tight text-gray-900 dark:text-white sm:text-4xl">Everything You Need for Your Perfect Day</h2> aka getByRole('heading', { name: 'Everything You Need for Your' })
        ...

    Call log:
      - Expect "toContainText" with timeout 30000ms
      - waiting for locator('h1, h2')


      25 |       // Step 1: Browse homepage
      26 |       await page.goto('/')
    > 27 |       await expect(page.locator('h1, h2')).toContainText(/Wedding|Venue|Vendor/)
         |                                            ^
      28 |
      29 |       // Step 2: View venues
      30 |       const venuesLink = page.locator('a[href="/venues"], a:has-text("Venues")')
        at /Users/asithalakmal/Documents/web/final project/WeddingLK-next copy/tests/e2e/user-journey-tests.spec.ts:27:44

    attachment #1: screenshot (image/png) ──────────────────────────────────────────────────────────
    ../../test-results/user-journey-tests-🚀-User-46e41-xplore-Favorite-Book-vendor-firefox/test-failed-1.png
    ────────────────────────────────────────────────────────────────────────────────────────────────

    attachment #2: video (video/webm) ──────────────────────────────────────────────────────────────
    ../../test-results/user-journey-tests-🚀-User-46e41-xplore-Favorite-Book-vendor-firefox/video.webm
    ────────────────────────────────────────────────────────────────────────────────────────────────

    Error Context: ../../test-results/user-journey-tests-🚀-User-46e41-xplore-Favorite-Book-vendor-firefox/error-context.md
]]>
</failure>
<system-out>
<![CDATA[
[[ATTACHMENT|test-results/user-journey-tests-🚀-User-46e41-xplore-Favorite-Book-vendor-firefox/test-failed-1.png]]

[[ATTACHMENT|test-results/user-journey-tests-🚀-User-46e41-xplore-Favorite-Book-vendor-firefox/video.webm]]

[[ATTACHMENT|test-results/user-journey-tests-🚀-User-46e41-xplore-Favorite-Book-vendor-firefox/error-context.md]]
]]>
</system-out>
</testcase>
<testcase name="🚀 User Journey Tests - Phase 4 › 👰 Bride/Groom Wedding Planning Journey › ✅ User discovery journey: Search &gt; Filter &gt; View details" classname="user-journey-tests.spec.ts" time="21.218">
<failure message="user-journey-tests.spec.ts:50:9 ✅ User discovery journey: Search &gt; Filter &gt; View details" type="FAILURE">
<![CDATA[  [firefox] › user-journey-tests.spec.ts:50:9 › 🚀 User Journey Tests - Phase 4 › 👰 Bride/Groom Wedding Planning Journey › ✅ User discovery journey: Search > Filter > View details 

    TimeoutError: page.waitForURL: Timeout 10000ms exceeded.
    =========================== logs ===========================
    waiting for navigation until "load"
    ============================================================

      12 |   await page.fill('input[name="password"]', password)
      13 |   await page.click('button[type="submit"]')
    > 14 |   await page.waitForURL(/\/dashboard/, { timeout: 10000 })
         |              ^
      15 | }
      16 |
      17 | test.describe('🚀 User Journey Tests - Phase 4', () => {
        at login (/Users/asithalakmal/Documents/web/final project/WeddingLK-next copy/tests/e2e/user-journey-tests.spec.ts:14:14)
        at /Users/asithalakmal/Documents/web/final project/WeddingLK-next copy/tests/e2e/user-journey-tests.spec.ts:51:7

    attachment #1: screenshot (image/png) ──────────────────────────────────────────────────────────
    ../../test-results/user-journey-tests-🚀-User-07f13--Search-Filter-View-details-firefox/test-failed-1.png
    ────────────────────────────────────────────────────────────────────────────────────────────────

    attachment #2: video (video/webm) ──────────────────────────────────────────────────────────────
    ../../test-results/user-journey-tests-🚀-User-07f13--Search-Filter-View-details-firefox/video.webm
    ────────────────────────────────────────────────────────────────────────────────────────────────

    Error Context: ../../test-results/user-journey-tests-🚀-User-07f13--Search-Filter-View-details-firefox/error-context.md
]]>
</failure>
<system-out>
<![CDATA[
[[ATTACHMENT|test-results/user-journey-tests-🚀-User-07f13--Search-Filter-View-details-firefox/test-failed-1.png]]

[[ATTACHMENT|test-results/user-journey-tests-🚀-User-07f13--Search-Filter-View-details-firefox/video.webm]]

[[ATTACHMENT|test-results/user-journey-tests-🚀-User-07f13--Search-Filter-View-details-firefox/error-context.md]]
]]>
</system-out>
</testcase>
<testcase name="🚀 User Journey Tests - Phase 4 › 👰 Bride/Groom Wedding Planning Journey › ✅ User favorites journey: Add &gt; View &gt; Remove" classname="user-journey-tests.spec.ts" time="41.74">
<failure message="user-journey-tests.spec.ts:61:9 ✅ User favorites journey: Add &gt; View &gt; Remove" type="FAILURE">
<![CDATA[  [firefox] › user-journey-tests.spec.ts:61:9 › 🚀 User Journey Tests - Phase 4 › 👰 Bride/Groom Wedding Planning Journey › ✅ User favorites journey: Add > View > Remove 

    TimeoutError: page.waitForURL: Timeout 10000ms exceeded.
    =========================== logs ===========================
    waiting for navigation until "load"
    ============================================================

      12 |   await page.fill('input[name="password"]', password)
      13 |   await page.click('button[type="submit"]')
    > 14 |   await page.waitForURL(/\/dashboard/, { timeout: 10000 })
         |              ^
      15 | }
      16 |
      17 | test.describe('🚀 User Journey Tests - Phase 4', () => {
        at login (/Users/asithalakmal/Documents/web/final project/WeddingLK-next copy/tests/e2e/user-journey-tests.spec.ts:14:14)
        at /Users/asithalakmal/Documents/web/final project/WeddingLK-next copy/tests/e2e/user-journey-tests.spec.ts:62:7

    attachment #1: screenshot (image/png) ──────────────────────────────────────────────────────────
    ../../test-results/user-journey-tests-🚀-User-a9d06-tes-journey-Add-View-Remove-firefox/test-failed-1.png
    ────────────────────────────────────────────────────────────────────────────────────────────────

    attachment #2: video (video/webm) ──────────────────────────────────────────────────────────────
    ../../test-results/user-journey-tests-🚀-User-a9d06-tes-journey-Add-View-Remove-firefox/video.webm
    ────────────────────────────────────────────────────────────────────────────────────────────────

    Error Context: ../../test-results/user-journey-tests-🚀-User-a9d06-tes-journey-Add-View-Remove-firefox/error-context.md
]]>
</failure>
<system-out>
<![CDATA[
[[ATTACHMENT|test-results/user-journey-tests-🚀-User-a9d06-tes-journey-Add-View-Remove-firefox/test-failed-1.png]]

[[ATTACHMENT|test-results/user-journey-tests-🚀-User-a9d06-tes-journey-Add-View-Remove-firefox/video.webm]]

[[ATTACHMENT|test-results/user-journey-tests-🚀-User-a9d06-tes-journey-Add-View-Remove-firefox/error-context.md]]
]]>
</system-out>
</testcase>
<testcase name="🚀 User Journey Tests - Phase 4 › 👰 Bride/Groom Wedding Planning Journey › ✅ User booking inquiry journey" classname="user-journey-tests.spec.ts" time="32.375">
<failure message="user-journey-tests.spec.ts:72:9 ✅ User booking inquiry journey" type="FAILURE">
<![CDATA[  [firefox] › user-journey-tests.spec.ts:72:9 › 🚀 User Journey Tests - Phase 4 › 👰 Bride/Groom Wedding Planning Journey › ✅ User booking inquiry journey 

    TimeoutError: page.waitForURL: Timeout 10000ms exceeded.
    =========================== logs ===========================
    waiting for navigation until "load"
    ============================================================

      12 |   await page.fill('input[name="password"]', password)
      13 |   await page.click('button[type="submit"]')
    > 14 |   await page.waitForURL(/\/dashboard/, { timeout: 10000 })
         |              ^
      15 | }
      16 |
      17 | test.describe('🚀 User Journey Tests - Phase 4', () => {
        at login (/Users/asithalakmal/Documents/web/final project/WeddingLK-next copy/tests/e2e/user-journey-tests.spec.ts:14:14)
        at /Users/asithalakmal/Documents/web/final project/WeddingLK-next copy/tests/e2e/user-journey-tests.spec.ts:73:7

    attachment #1: screenshot (image/png) ──────────────────────────────────────────────────────────
    ../../test-results/user-journey-tests-🚀-User-1b852-ser-booking-inquiry-journey-firefox/test-failed-1.png
    ────────────────────────────────────────────────────────────────────────────────────────────────

    attachment #2: video (video/webm) ──────────────────────────────────────────────────────────────
    ../../test-results/user-journey-tests-🚀-User-1b852-ser-booking-inquiry-journey-firefox/video.webm
    ────────────────────────────────────────────────────────────────────────────────────────────────

    Error Context: ../../test-results/user-journey-tests-🚀-User-1b852-ser-booking-inquiry-journey-firefox/error-context.md
]]>
</failure>
<system-out>
<![CDATA[
[[ATTACHMENT|test-results/user-journey-tests-🚀-User-1b852-ser-booking-inquiry-journey-firefox/test-failed-1.png]]

[[ATTACHMENT|test-results/user-journey-tests-🚀-User-1b852-ser-booking-inquiry-journey-firefox/video.webm]]

[[ATTACHMENT|test-results/user-journey-tests-🚀-User-1b852-ser-booking-inquiry-journey-firefox/error-context.md]]
]]>
</system-out>
</testcase>
<testcase name="🚀 User Journey Tests - Phase 4 › 👰 Bride/Groom Wedding Planning Journey › ✅ User profile completion journey" classname="user-journey-tests.spec.ts" time="19.707">
<failure message="user-journey-tests.spec.ts:83:9 ✅ User profile completion journey" type="FAILURE">
<![CDATA[  [firefox] › user-journey-tests.spec.ts:83:9 › 🚀 User Journey Tests - Phase 4 › 👰 Bride/Groom Wedding Planning Journey › ✅ User profile completion journey 

    TimeoutError: page.waitForURL: Timeout 10000ms exceeded.
    =========================== logs ===========================
    waiting for navigation until "load"
    ============================================================

      12 |   await page.fill('input[name="password"]', password)
      13 |   await page.click('button[type="submit"]')
    > 14 |   await page.waitForURL(/\/dashboard/, { timeout: 10000 })
         |              ^
      15 | }
      16 |
      17 | test.describe('🚀 User Journey Tests - Phase 4', () => {
        at login (/Users/asithalakmal/Documents/web/final project/WeddingLK-next copy/tests/e2e/user-journey-tests.spec.ts:14:14)
        at /Users/asithalakmal/Documents/web/final project/WeddingLK-next copy/tests/e2e/user-journey-tests.spec.ts:84:7

    attachment #1: screenshot (image/png) ──────────────────────────────────────────────────────────
    ../../test-results/user-journey-tests-🚀-User-2cdfe--profile-completion-journey-firefox/test-failed-1.png
    ────────────────────────────────────────────────────────────────────────────────────────────────

    attachment #2: video (video/webm) ──────────────────────────────────────────────────────────────
    ../../test-results/user-journey-tests-🚀-User-2cdfe--profile-completion-journey-firefox/video.webm
    ────────────────────────────────────────────────────────────────────────────────────────────────

    Error Context: ../../test-results/user-journey-tests-🚀-User-2cdfe--profile-completion-journey-firefox/error-context.md
]]>
</failure>
<system-out>
<![CDATA[
[[ATTACHMENT|test-results/user-journey-tests-🚀-User-2cdfe--profile-completion-journey-firefox/test-failed-1.png]]

[[ATTACHMENT|test-results/user-journey-tests-🚀-User-2cdfe--profile-completion-journey-firefox/video.webm]]

[[ATTACHMENT|test-results/user-journey-tests-🚀-User-2cdfe--profile-completion-journey-firefox/error-context.md]]
]]>
</system-out>
</testcase>
<testcase name="🚀 User Journey Tests - Phase 4 › 👰 Bride/Groom Wedding Planning Journey › ✅ User settings &amp; preferences journey" classname="user-journey-tests.spec.ts" time="21.955">
<failure message="user-journey-tests.spec.ts:100:9 ✅ User settings &amp; preferences journey" type="FAILURE">
<![CDATA[  [firefox] › user-journey-tests.spec.ts:100:9 › 🚀 User Journey Tests - Phase 4 › 👰 Bride/Groom Wedding Planning Journey › ✅ User settings & preferences journey 

    TimeoutError: page.waitForURL: Timeout 10000ms exceeded.
    =========================== logs ===========================
    waiting for navigation until "load"
    ============================================================

      12 |   await page.fill('input[name="password"]', password)
      13 |   await page.click('button[type="submit"]')
    > 14 |   await page.waitForURL(/\/dashboard/, { timeout: 10000 })
         |              ^
      15 | }
      16 |
      17 | test.describe('🚀 User Journey Tests - Phase 4', () => {
        at login (/Users/asithalakmal/Documents/web/final project/WeddingLK-next copy/tests/e2e/user-journey-tests.spec.ts:14:14)
        at /Users/asithalakmal/Documents/web/final project/WeddingLK-next copy/tests/e2e/user-journey-tests.spec.ts:101:7

    attachment #1: screenshot (image/png) ──────────────────────────────────────────────────────────
    ../../test-results/user-journey-tests-🚀-User-a533d-ettings-preferences-journey-firefox/test-failed-1.png
    ────────────────────────────────────────────────────────────────────────────────────────────────

    attachment #2: video (video/webm) ──────────────────────────────────────────────────────────────
    ../../test-results/user-journey-tests-🚀-User-a533d-ettings-preferences-journey-firefox/video.webm
    ────────────────────────────────────────────────────────────────────────────────────────────────

    Error Context: ../../test-results/user-journey-tests-🚀-User-a533d-ettings-preferences-journey-firefox/error-context.md
]]>
</failure>
<system-out>
<![CDATA[
[[ATTACHMENT|test-results/user-journey-tests-🚀-User-a533d-ettings-preferences-journey-firefox/test-failed-1.png]]

[[ATTACHMENT|test-results/user-journey-tests-🚀-User-a533d-ettings-preferences-journey-firefox/video.webm]]

[[ATTACHMENT|test-results/user-journey-tests-🚀-User-a533d-ettings-preferences-journey-firefox/error-context.md]]
]]>
</system-out>
</testcase>
<testcase name="🚀 User Journey Tests - Phase 4 › 📸 Vendor Business Journey › ✅ Complete vendor onboarding &amp; service setup" classname="user-journey-tests.spec.ts" time="18.028">
<failure message="user-journey-tests.spec.ts:124:9 ✅ Complete vendor onboarding &amp; service setup" type="FAILURE">
<![CDATA[  [firefox] › user-journey-tests.spec.ts:124:9 › 🚀 User Journey Tests - Phase 4 › 📸 Vendor Business Journey › ✅ Complete vendor onboarding & service setup 

    TimeoutError: page.waitForURL: Timeout 10000ms exceeded.
    =========================== logs ===========================
    waiting for navigation until "load"
    ============================================================

      12 |   await page.fill('input[name="password"]', password)
      13 |   await page.click('button[type="submit"]')
    > 14 |   await page.waitForURL(/\/dashboard/, { timeout: 10000 })
         |              ^
      15 | }
      16 |
      17 | test.describe('🚀 User Journey Tests - Phase 4', () => {
        at login (/Users/asithalakmal/Documents/web/final project/WeddingLK-next copy/tests/e2e/user-journey-tests.spec.ts:14:14)
        at /Users/asithalakmal/Documents/web/final project/WeddingLK-next copy/tests/e2e/user-journey-tests.spec.ts:125:7

    attachment #1: screenshot (image/png) ──────────────────────────────────────────────────────────
    ../../test-results/user-journey-tests-🚀-User-a8ee2-or-onboarding-service-setup-firefox/test-failed-1.png
    ────────────────────────────────────────────────────────────────────────────────────────────────

    attachment #2: video (video/webm) ──────────────────────────────────────────────────────────────
    ../../test-results/user-journey-tests-🚀-User-a8ee2-or-onboarding-service-setup-firefox/video.webm
    ────────────────────────────────────────────────────────────────────────────────────────────────

    Error Context: ../../test-results/user-journey-tests-🚀-User-a8ee2-or-onboarding-service-setup-firefox/error-context.md
]]>
</failure>
<system-out>
<![CDATA[
[[ATTACHMENT|test-results/user-journey-tests-🚀-User-a8ee2-or-onboarding-service-setup-firefox/test-failed-1.png]]

[[ATTACHMENT|test-results/user-journey-tests-🚀-User-a8ee2-or-onboarding-service-setup-firefox/video.webm]]

[[ATTACHMENT|test-results/user-journey-tests-🚀-User-a8ee2-or-onboarding-service-setup-firefox/error-context.md]]
]]>
</system-out>
</testcase>
<testcase name="🚀 User Journey Tests - Phase 4 › 📸 Vendor Business Journey › ✅ Vendor booking management journey" classname="user-journey-tests.spec.ts" time="18.099">
<failure message="user-journey-tests.spec.ts:138:9 ✅ Vendor booking management journey" type="FAILURE">
<![CDATA[  [firefox] › user-journey-tests.spec.ts:138:9 › 🚀 User Journey Tests - Phase 4 › 📸 Vendor Business Journey › ✅ Vendor booking management journey 

    TimeoutError: page.waitForURL: Timeout 10000ms exceeded.
    =========================== logs ===========================
    waiting for navigation until "load"
    ============================================================

      12 |   await page.fill('input[name="password"]', password)
      13 |   await page.click('button[type="submit"]')
    > 14 |   await page.waitForURL(/\/dashboard/, { timeout: 10000 })
         |              ^
      15 | }
      16 |
      17 | test.describe('🚀 User Journey Tests - Phase 4', () => {
        at login (/Users/asithalakmal/Documents/web/final project/WeddingLK-next copy/tests/e2e/user-journey-tests.spec.ts:14:14)
        at /Users/asithalakmal/Documents/web/final project/WeddingLK-next copy/tests/e2e/user-journey-tests.spec.ts:139:7

    attachment #1: screenshot (image/png) ──────────────────────────────────────────────────────────
    ../../test-results/user-journey-tests-🚀-User-c14c3--booking-management-journey-firefox/test-failed-1.png
    ────────────────────────────────────────────────────────────────────────────────────────────────

    attachment #2: video (video/webm) ──────────────────────────────────────────────────────────────
    ../../test-results/user-journey-tests-🚀-User-c14c3--booking-management-journey-firefox/video.webm
    ────────────────────────────────────────────────────────────────────────────────────────────────

    Error Context: ../../test-results/user-journey-tests-🚀-User-c14c3--booking-management-journey-firefox/error-context.md
]]>
</failure>
<system-out>
<![CDATA[
[[ATTACHMENT|test-results/user-journey-tests-🚀-User-c14c3--booking-management-journey-firefox/test-failed-1.png]]

[[ATTACHMENT|test-results/user-journey-tests-🚀-User-c14c3--booking-management-journey-firefox/video.webm]]

[[ATTACHMENT|test-results/user-journey-tests-🚀-User-c14c3--booking-management-journey-firefox/error-context.md]]
]]>
</system-out>
</testcase>
<testcase name="🚀 User Journey Tests - Phase 4 › 📸 Vendor Business Journey › ✅ Vendor profile &amp; portfolio journey" classname="user-journey-tests.spec.ts" time="20.052">
<failure message="user-journey-tests.spec.ts:149:9 ✅ Vendor profile &amp; portfolio journey" type="FAILURE">
<![CDATA[  [firefox] › user-journey-tests.spec.ts:149:9 › 🚀 User Journey Tests - Phase 4 › 📸 Vendor Business Journey › ✅ Vendor profile & portfolio journey 

    TimeoutError: page.waitForURL: Timeout 10000ms exceeded.
    =========================== logs ===========================
    waiting for navigation until "load"
    ============================================================

      12 |   await page.fill('input[name="password"]', password)
      13 |   await page.click('button[type="submit"]')
    > 14 |   await page.waitForURL(/\/dashboard/, { timeout: 10000 })
         |              ^
      15 | }
      16 |
      17 | test.describe('🚀 User Journey Tests - Phase 4', () => {
        at login (/Users/asithalakmal/Documents/web/final project/WeddingLK-next copy/tests/e2e/user-journey-tests.spec.ts:14:14)
        at /Users/asithalakmal/Documents/web/final project/WeddingLK-next copy/tests/e2e/user-journey-tests.spec.ts:150:7

    attachment #1: screenshot (image/png) ──────────────────────────────────────────────────────────
    ../../test-results/user-journey-tests-🚀-User-56b28-r-profile-portfolio-journey-firefox/test-failed-1.png
    ────────────────────────────────────────────────────────────────────────────────────────────────

    attachment #2: video (video/webm) ──────────────────────────────────────────────────────────────
    ../../test-results/user-journey-tests-🚀-User-56b28-r-profile-portfolio-journey-firefox/video.webm
    ────────────────────────────────────────────────────────────────────────────────────────────────

    Error Context: ../../test-results/user-journey-tests-🚀-User-56b28-r-profile-portfolio-journey-firefox/error-context.md
]]>
</failure>
<system-out>
<![CDATA[
[[ATTACHMENT|test-results/user-journey-tests-🚀-User-56b28-r-profile-portfolio-journey-firefox/test-failed-1.png]]

[[ATTACHMENT|test-results/user-journey-tests-🚀-User-56b28-r-profile-portfolio-journey-firefox/video.webm]]

[[ATTACHMENT|test-results/user-journey-tests-🚀-User-56b28-r-profile-portfolio-journey-firefox/error-context.md]]
]]>
</system-out>
</testcase>
<testcase name="🚀 User Journey Tests - Phase 4 › 📸 Vendor Business Journey › ✅ Vendor performance tracking journey" classname="user-journey-tests.spec.ts" time="19.55">
<failure message="user-journey-tests.spec.ts:160:9 ✅ Vendor performance tracking journey" type="FAILURE">
<![CDATA[  [firefox] › user-journey-tests.spec.ts:160:9 › 🚀 User Journey Tests - Phase 4 › 📸 Vendor Business Journey › ✅ Vendor performance tracking journey 

    TimeoutError: page.waitForURL: Timeout 10000ms exceeded.
    =========================== logs ===========================
    waiting for navigation until "load"
    ============================================================

      12 |   await page.fill('input[name="password"]', password)
      13 |   await page.click('button[type="submit"]')
    > 14 |   await page.waitForURL(/\/dashboard/, { timeout: 10000 })
         |              ^
      15 | }
      16 |
      17 | test.describe('🚀 User Journey Tests - Phase 4', () => {
        at login (/Users/asithalakmal/Documents/web/final project/WeddingLK-next copy/tests/e2e/user-journey-tests.spec.ts:14:14)
        at /Users/asithalakmal/Documents/web/final project/WeddingLK-next copy/tests/e2e/user-journey-tests.spec.ts:161:7

    attachment #1: screenshot (image/png) ──────────────────────────────────────────────────────────
    ../../test-results/user-journey-tests-🚀-User-f4aad-erformance-tracking-journey-firefox/test-failed-1.png
    ────────────────────────────────────────────────────────────────────────────────────────────────

    attachment #2: video (video/webm) ──────────────────────────────────────────────────────────────
    ../../test-results/user-journey-tests-🚀-User-f4aad-erformance-tracking-journey-firefox/video.webm
    ────────────────────────────────────────────────────────────────────────────────────────────────

    Error Context: ../../test-results/user-journey-tests-🚀-User-f4aad-erformance-tracking-journey-firefox/error-context.md
]]>
</failure>
<system-out>
<![CDATA[
[[ATTACHMENT|test-results/user-journey-tests-🚀-User-f4aad-erformance-tracking-journey-firefox/test-failed-1.png]]

[[ATTACHMENT|test-results/user-journey-tests-🚀-User-f4aad-erformance-tracking-journey-firefox/video.webm]]

[[ATTACHMENT|test-results/user-journey-tests-🚀-User-f4aad-erformance-tracking-journey-firefox/error-context.md]]
]]>
</system-out>
</testcase>
<testcase name="🚀 User Journey Tests - Phase 4 › 📸 Vendor Business Journey › ✅ Vendor service pricing journey" classname="user-journey-tests.spec.ts" time="18.448">
<failure message="user-journey-tests.spec.ts:170:9 ✅ Vendor service pricing journey" type="FAILURE">
<![CDATA[  [firefox] › user-journey-tests.spec.ts:170:9 › 🚀 User Journey Tests - Phase 4 › 📸 Vendor Business Journey › ✅ Vendor service pricing journey 

    TimeoutError: page.waitForURL: Timeout 10000ms exceeded.
    =========================== logs ===========================
    waiting for navigation until "load"
    ============================================================

      12 |   await page.fill('input[name="password"]', password)
      13 |   await page.click('button[type="submit"]')
    > 14 |   await page.waitForURL(/\/dashboard/, { timeout: 10000 })
         |              ^
      15 | }
      16 |
      17 | test.describe('🚀 User Journey Tests - Phase 4', () => {
        at login (/Users/asithalakmal/Documents/web/final project/WeddingLK-next copy/tests/e2e/user-journey-tests.spec.ts:14:14)
        at /Users/asithalakmal/Documents/web/final project/WeddingLK-next copy/tests/e2e/user-journey-tests.spec.ts:171:7

    attachment #1: screenshot (image/png) ──────────────────────────────────────────────────────────
    ../../test-results/user-journey-tests-🚀-User-9dea5-dor-service-pricing-journey-firefox/test-failed-1.png
    ────────────────────────────────────────────────────────────────────────────────────────────────

    attachment #2: video (video/webm) ──────────────────────────────────────────────────────────────
    ../../test-results/user-journey-tests-🚀-User-9dea5-dor-service-pricing-journey-firefox/video.webm
    ────────────────────────────────────────────────────────────────────────────────────────────────

    Error Context: ../../test-results/user-journey-tests-🚀-User-9dea5-dor-service-pricing-journey-firefox/error-context.md
]]>
</failure>
<system-out>
<![CDATA[
[[ATTACHMENT|test-results/user-journey-tests-🚀-User-9dea5-dor-service-pricing-journey-firefox/test-failed-1.png]]

[[ATTACHMENT|test-results/user-journey-tests-🚀-User-9dea5-dor-service-pricing-journey-firefox/video.webm]]

[[ATTACHMENT|test-results/user-journey-tests-🚀-User-9dea5-dor-service-pricing-journey-firefox/error-context.md]]
]]>
</system-out>
</testcase>
<testcase name="🚀 User Journey Tests - Phase 4 › 👑 Admin Platform Management Journey › ✅ Admin user management journey" classname="user-journey-tests.spec.ts" time="18.841">
<failure message="user-journey-tests.spec.ts:192:9 ✅ Admin user management journey" type="FAILURE">
<![CDATA[  [firefox] › user-journey-tests.spec.ts:192:9 › 🚀 User Journey Tests - Phase 4 › 👑 Admin Platform Management Journey › ✅ Admin user management journey 

    TimeoutError: page.waitForURL: Timeout 10000ms exceeded.
    =========================== logs ===========================
    waiting for navigation until "load"
    ============================================================

      12 |   await page.fill('input[name="password"]', password)
      13 |   await page.click('button[type="submit"]')
    > 14 |   await page.waitForURL(/\/dashboard/, { timeout: 10000 })
         |              ^
      15 | }
      16 |
      17 | test.describe('🚀 User Journey Tests - Phase 4', () => {
        at login (/Users/asithalakmal/Documents/web/final project/WeddingLK-next copy/tests/e2e/user-journey-tests.spec.ts:14:14)
        at /Users/asithalakmal/Documents/web/final project/WeddingLK-next copy/tests/e2e/user-journey-tests.spec.ts:193:7

    attachment #1: screenshot (image/png) ──────────────────────────────────────────────────────────
    ../../test-results/user-journey-tests-🚀-User-ab267-min-user-management-journey-firefox/test-failed-1.png
    ────────────────────────────────────────────────────────────────────────────────────────────────

    attachment #2: video (video/webm) ──────────────────────────────────────────────────────────────
    ../../test-results/user-journey-tests-🚀-User-ab267-min-user-management-journey-firefox/video.webm
    ────────────────────────────────────────────────────────────────────────────────────────────────

    Error Context: ../../test-results/user-journey-tests-🚀-User-ab267-min-user-management-journey-firefox/error-context.md
]]>
</failure>
<system-out>
<![CDATA[
[[ATTACHMENT|test-results/user-journey-tests-🚀-User-ab267-min-user-management-journey-firefox/test-failed-1.png]]

[[ATTACHMENT|test-results/user-journey-tests-🚀-User-ab267-min-user-management-journey-firefox/video.webm]]

[[ATTACHMENT|test-results/user-journey-tests-🚀-User-ab267-min-user-management-journey-firefox/error-context.md]]
]]>
</system-out>
</testcase>
<testcase name="🚀 User Journey Tests - Phase 4 › 👑 Admin Platform Management Journey › ✅ Admin analytics &amp; reporting journey" classname="user-journey-tests.spec.ts" time="21.707">
<failure message="user-journey-tests.spec.ts:203:9 ✅ Admin analytics &amp; reporting journey" type="FAILURE">
<![CDATA[  [firefox] › user-journey-tests.spec.ts:203:9 › 🚀 User Journey Tests - Phase 4 › 👑 Admin Platform Management Journey › ✅ Admin analytics & reporting journey 

    TimeoutError: page.waitForURL: Timeout 10000ms exceeded.
    =========================== logs ===========================
    waiting for navigation until "load"
    ============================================================

      12 |   await page.fill('input[name="password"]', password)
      13 |   await page.click('button[type="submit"]')
    > 14 |   await page.waitForURL(/\/dashboard/, { timeout: 10000 })
         |              ^
      15 | }
      16 |
      17 | test.describe('🚀 User Journey Tests - Phase 4', () => {
        at login (/Users/asithalakmal/Documents/web/final project/WeddingLK-next copy/tests/e2e/user-journey-tests.spec.ts:14:14)
        at /Users/asithalakmal/Documents/web/final project/WeddingLK-next copy/tests/e2e/user-journey-tests.spec.ts:204:7

    attachment #1: screenshot (image/png) ──────────────────────────────────────────────────────────
    ../../test-results/user-journey-tests-🚀-User-8009b-analytics-reporting-journey-firefox/test-failed-1.png
    ────────────────────────────────────────────────────────────────────────────────────────────────

    attachment #2: video (video/webm) ──────────────────────────────────────────────────────────────
    ../../test-results/user-journey-tests-🚀-User-8009b-analytics-reporting-journey-firefox/video.webm
    ────────────────────────────────────────────────────────────────────────────────────────────────

    Error Context: ../../test-results/user-journey-tests-🚀-User-8009b-analytics-reporting-journey-firefox/error-context.md
]]>
</failure>
<system-out>
<![CDATA[
[[ATTACHMENT|test-results/user-journey-tests-🚀-User-8009b-analytics-reporting-journey-firefox/test-failed-1.png]]

[[ATTACHMENT|test-results/user-journey-tests-🚀-User-8009b-analytics-reporting-journey-firefox/video.webm]]

[[ATTACHMENT|test-results/user-journey-tests-🚀-User-8009b-analytics-reporting-journey-firefox/error-context.md]]
]]>
</system-out>
</testcase>
<testcase name="🚀 User Journey Tests - Phase 4 › 👑 Admin Platform Management Journey › ✅ Admin platform settings journey" classname="user-journey-tests.spec.ts" time="19.345">
<failure message="user-journey-tests.spec.ts:214:9 ✅ Admin platform settings journey" type="FAILURE">
<![CDATA[  [firefox] › user-journey-tests.spec.ts:214:9 › 🚀 User Journey Tests - Phase 4 › 👑 Admin Platform Management Journey › ✅ Admin platform settings journey 

    TimeoutError: page.waitForURL: Timeout 10000ms exceeded.
    =========================== logs ===========================
    waiting for navigation until "load"
    ============================================================

      12 |   await page.fill('input[name="password"]', password)
      13 |   await page.click('button[type="submit"]')
    > 14 |   await page.waitForURL(/\/dashboard/, { timeout: 10000 })
         |              ^
      15 | }
      16 |
      17 | test.describe('🚀 User Journey Tests - Phase 4', () => {
        at login (/Users/asithalakmal/Documents/web/final project/WeddingLK-next copy/tests/e2e/user-journey-tests.spec.ts:14:14)
        at /Users/asithalakmal/Documents/web/final project/WeddingLK-next copy/tests/e2e/user-journey-tests.spec.ts:215:7

    attachment #1: screenshot (image/png) ──────────────────────────────────────────────────────────
    ../../test-results/user-journey-tests-🚀-User-eb937-n-platform-settings-journey-firefox/test-failed-1.png
    ────────────────────────────────────────────────────────────────────────────────────────────────

    attachment #2: video (video/webm) ──────────────────────────────────────────────────────────────
    ../../test-results/user-journey-tests-🚀-User-eb937-n-platform-settings-journey-firefox/video.webm
    ────────────────────────────────────────────────────────────────────────────────────────────────

    Error Context: ../../test-results/user-journey-tests-🚀-User-eb937-n-platform-settings-journey-firefox/error-context.md
]]>
</failure>
<system-out>
<![CDATA[
[[ATTACHMENT|test-results/user-journey-tests-🚀-User-eb937-n-platform-settings-journey-firefox/test-failed-1.png]]

[[ATTACHMENT|test-results/user-journey-tests-🚀-User-eb937-n-platform-settings-journey-firefox/video.webm]]

[[ATTACHMENT|test-results/user-journey-tests-🚀-User-eb937-n-platform-settings-journey-firefox/error-context.md]]
]]>
</system-out>
</testcase>
<testcase name="🚀 User Journey Tests - Phase 4 › 👑 Admin Platform Management Journey › ✅ Admin content moderation journey" classname="user-journey-tests.spec.ts" time="20.163">
<failure message="user-journey-tests.spec.ts:225:9 ✅ Admin content moderation journey" type="FAILURE">
<![CDATA[  [firefox] › user-journey-tests.spec.ts:225:9 › 🚀 User Journey Tests - Phase 4 › 👑 Admin Platform Management Journey › ✅ Admin content moderation journey 

    TimeoutError: page.waitForURL: Timeout 10000ms exceeded.
    =========================== logs ===========================
    waiting for navigation until "load"
    ============================================================

      12 |   await page.fill('input[name="password"]', password)
      13 |   await page.click('button[type="submit"]')
    > 14 |   await page.waitForURL(/\/dashboard/, { timeout: 10000 })
         |              ^
      15 | }
      16 |
      17 | test.describe('🚀 User Journey Tests - Phase 4', () => {
        at login (/Users/asithalakmal/Documents/web/final project/WeddingLK-next copy/tests/e2e/user-journey-tests.spec.ts:14:14)
        at /Users/asithalakmal/Documents/web/final project/WeddingLK-next copy/tests/e2e/user-journey-tests.spec.ts:226:7

    attachment #1: screenshot (image/png) ──────────────────────────────────────────────────────────
    ../../test-results/user-journey-tests-🚀-User-98b1c--content-moderation-journey-firefox/test-failed-1.png
    ────────────────────────────────────────────────────────────────────────────────────────────────

    attachment #2: video (video/webm) ──────────────────────────────────────────────────────────────
    ../../test-results/user-journey-tests-🚀-User-98b1c--content-moderation-journey-firefox/video.webm
    ────────────────────────────────────────────────────────────────────────────────────────────────

    Error Context: ../../test-results/user-journey-tests-🚀-User-98b1c--content-moderation-journey-firefox/error-context.md
]]>
</failure>
<system-out>
<![CDATA[
[[ATTACHMENT|test-results/user-journey-tests-🚀-User-98b1c--content-moderation-journey-firefox/test-failed-1.png]]

[[ATTACHMENT|test-results/user-journey-tests-🚀-User-98b1c--content-moderation-journey-firefox/video.webm]]

[[ATTACHMENT|test-results/user-journey-tests-🚀-User-98b1c--content-moderation-journey-firefox/error-context.md]]
]]>
</system-out>
</testcase>
<testcase name="🚀 User Journey Tests - Phase 4 › 🔄 Cross-Platform User Journeys › ✅ Desktop to mobile navigation journey" classname="user-journey-tests.spec.ts" time="15.628">
</testcase>
<testcase name="🚀 User Journey Tests - Phase 4 › 🔄 Cross-Platform User Journeys › ✅ Public to authenticated user journey" classname="user-journey-tests.spec.ts" time="20.028">
<failure message="user-journey-tests.spec.ts:255:9 ✅ Public to authenticated user journey" type="FAILURE">
<![CDATA[  [firefox] › user-journey-tests.spec.ts:255:9 › 🚀 User Journey Tests - Phase 4 › 🔄 Cross-Platform User Journeys › ✅ Public to authenticated user journey 

    Error: locator.isVisible: Error: strict mode violation: locator('a[href="/venues"], a:has-text("Venues")') resolved to 2 elements:
        1) <a href="/venues" class="text-gray-700 hover:text-rose-500 dark:text-gray-300 dark:hover:text-rose-400 font-medium transition-colors">Venues</a> aka getByRole('navigation').getByRole('link', { name: 'Venues' })
        2) <a href="/venues" class="hover:text-white transition-colors">Venues</a> aka getByRole('main').getByRole('link', { name: 'Venues' })

    Call log:
        - checking visibility of locator('a[href="/venues"], a:has-text("Venues")')


      257 |       await page.goto('/')
      258 |       const venuesLink = page.locator('a[href="/venues"], a:has-text("Venues")')
    > 259 |       if (await venuesLink.isVisible()) {
          |                            ^
      260 |         await venuesLink.first().click()
      261 |       }
      262 |
        at /Users/asithalakmal/Documents/web/final project/WeddingLK-next copy/tests/e2e/user-journey-tests.spec.ts:259:28

    attachment #1: screenshot (image/png) ──────────────────────────────────────────────────────────
    ../../test-results/user-journey-tests-🚀-User-ac4ca--authenticated-user-journey-firefox/test-failed-1.png
    ────────────────────────────────────────────────────────────────────────────────────────────────

    attachment #2: video (video/webm) ──────────────────────────────────────────────────────────────
    ../../test-results/user-journey-tests-🚀-User-ac4ca--authenticated-user-journey-firefox/video.webm
    ────────────────────────────────────────────────────────────────────────────────────────────────

    Error Context: ../../test-results/user-journey-tests-🚀-User-ac4ca--authenticated-user-journey-firefox/error-context.md
]]>
</failure>
<system-out>
<![CDATA[
[[ATTACHMENT|test-results/user-journey-tests-🚀-User-ac4ca--authenticated-user-journey-firefox/test-failed-1.png]]

[[ATTACHMENT|test-results/user-journey-tests-🚀-User-ac4ca--authenticated-user-journey-firefox/video.webm]]

[[ATTACHMENT|test-results/user-journey-tests-🚀-User-ac4ca--authenticated-user-journey-firefox/error-context.md]]
]]>
</system-out>
</testcase>
<testcase name="🚀 User Journey Tests - Phase 4 › 🔄 Cross-Platform User Journeys › ✅ Multi-tab session persistence journey" classname="user-journey-tests.spec.ts" time="18.799">
<failure message="user-journey-tests.spec.ts:270:9 ✅ Multi-tab session persistence journey" type="FAILURE">
<![CDATA[  [firefox] › user-journey-tests.spec.ts:270:9 › 🚀 User Journey Tests - Phase 4 › 🔄 Cross-Platform User Journeys › ✅ Multi-tab session persistence journey 

    TimeoutError: page.waitForURL: Timeout 10000ms exceeded.
    =========================== logs ===========================
    waiting for navigation until "load"
    ============================================================

      274 |       await page.fill('input[name="password"]', TEST_USER.password)
      275 |       await page.click('button[type="submit"]')
    > 276 |       await page.waitForURL(/\/dashboard/, { timeout: 10000 })
          |                  ^
      277 |
      278 |       // Open second tab
      279 |       const page2 = await context.newPage()
        at /Users/asithalakmal/Documents/web/final project/WeddingLK-next copy/tests/e2e/user-journey-tests.spec.ts:276:18

    attachment #1: screenshot (image/png) ──────────────────────────────────────────────────────────
    ../../test-results/user-journey-tests-🚀-User-89e61-session-persistence-journey-firefox/test-failed-1.png
    ────────────────────────────────────────────────────────────────────────────────────────────────

    attachment #2: video (video/webm) ──────────────────────────────────────────────────────────────
    ../../test-results/user-journey-tests-🚀-User-89e61-session-persistence-journey-firefox/video.webm
    ────────────────────────────────────────────────────────────────────────────────────────────────

    Error Context: ../../test-results/user-journey-tests-🚀-User-89e61-session-persistence-journey-firefox/error-context.md
]]>
</failure>
<system-out>
<![CDATA[
[[ATTACHMENT|test-results/user-journey-tests-🚀-User-89e61-session-persistence-journey-firefox/test-failed-1.png]]

[[ATTACHMENT|test-results/user-journey-tests-🚀-User-89e61-session-persistence-journey-firefox/video.webm]]

[[ATTACHMENT|test-results/user-journey-tests-🚀-User-89e61-session-persistence-journey-firefox/error-context.md]]
]]>
</system-out>
</testcase>
<testcase name="🚀 User Journey Tests - Phase 4 › 🔄 Cross-Platform User Journeys › ✅ Search to details to booking journey" classname="user-journey-tests.spec.ts" time="20.43">
<failure message="user-journey-tests.spec.ts:288:9 ✅ Search to details to booking journey" type="FAILURE">
<![CDATA[  [firefox] › user-journey-tests.spec.ts:288:9 › 🚀 User Journey Tests - Phase 4 › 🔄 Cross-Platform User Journeys › ✅ Search to details to booking journey 

    TimeoutError: page.waitForURL: Timeout 10000ms exceeded.
    =========================== logs ===========================
    waiting for navigation until "load"
    ============================================================

      12 |   await page.fill('input[name="password"]', password)
      13 |   await page.click('button[type="submit"]')
    > 14 |   await page.waitForURL(/\/dashboard/, { timeout: 10000 })
         |              ^
      15 | }
      16 |
      17 | test.describe('🚀 User Journey Tests - Phase 4', () => {
        at login (/Users/asithalakmal/Documents/web/final project/WeddingLK-next copy/tests/e2e/user-journey-tests.spec.ts:14:14)
        at /Users/asithalakmal/Documents/web/final project/WeddingLK-next copy/tests/e2e/user-journey-tests.spec.ts:289:7

    attachment #1: screenshot (image/png) ──────────────────────────────────────────────────────────
    ../../test-results/user-journey-tests-🚀-User-11aff--details-to-booking-journey-firefox/test-failed-1.png
    ────────────────────────────────────────────────────────────────────────────────────────────────

    attachment #2: video (video/webm) ──────────────────────────────────────────────────────────────
    ../../test-results/user-journey-tests-🚀-User-11aff--details-to-booking-journey-firefox/video.webm
    ────────────────────────────────────────────────────────────────────────────────────────────────

    Error Context: ../../test-results/user-journey-tests-🚀-User-11aff--details-to-booking-journey-firefox/error-context.md
]]>
</failure>
<system-out>
<![CDATA[
[[ATTACHMENT|test-results/user-journey-tests-🚀-User-11aff--details-to-booking-journey-firefox/test-failed-1.png]]

[[ATTACHMENT|test-results/user-journey-tests-🚀-User-11aff--details-to-booking-journey-firefox/video.webm]]

[[ATTACHMENT|test-results/user-journey-tests-🚀-User-11aff--details-to-booking-journey-firefox/error-context.md]]
]]>
</system-out>
</testcase>
<testcase name="🚀 User Journey Tests - Phase 4 › 🔄 Error Recovery Journeys › ✅ Login failure recovery journey" classname="user-journey-tests.spec.ts" time="41.695">
<failure message="user-journey-tests.spec.ts:313:9 ✅ Login failure recovery journey" type="FAILURE">
<![CDATA[  [firefox] › user-journey-tests.spec.ts:313:9 › 🚀 User Journey Tests - Phase 4 › 🔄 Error Recovery Journeys › ✅ Login failure recovery journey 

    TimeoutError: page.waitForURL: Timeout 10000ms exceeded.
    =========================== logs ===========================
    waiting for navigation until "load"
    ============================================================

      330 |
      331 |       // Step 4: Successful redirect
    > 332 |       await page.waitForURL(/\/dashboard/, { timeout: 10000 })
          |                  ^
      333 |     })
      334 |
      335 |     test('✅ Network error recovery journey', async ({ page }) => {
        at /Users/asithalakmal/Documents/web/final project/WeddingLK-next copy/tests/e2e/user-journey-tests.spec.ts:332:18

    attachment #1: screenshot (image/png) ──────────────────────────────────────────────────────────
    ../../test-results/user-journey-tests-🚀-User-f38f6-in-failure-recovery-journey-firefox/test-failed-1.png
    ────────────────────────────────────────────────────────────────────────────────────────────────

    attachment #2: video (video/webm) ──────────────────────────────────────────────────────────────
    ../../test-results/user-journey-tests-🚀-User-f38f6-in-failure-recovery-journey-firefox/video.webm
    ────────────────────────────────────────────────────────────────────────────────────────────────

    Error Context: ../../test-results/user-journey-tests-🚀-User-f38f6-in-failure-recovery-journey-firefox/error-context.md
]]>
</failure>
<system-out>
<![CDATA[
[[ATTACHMENT|test-results/user-journey-tests-🚀-User-f38f6-in-failure-recovery-journey-firefox/test-failed-1.png]]

[[ATTACHMENT|test-results/user-journey-tests-🚀-User-f38f6-in-failure-recovery-journey-firefox/video.webm]]

[[ATTACHMENT|test-results/user-journey-tests-🚀-User-f38f6-in-failure-recovery-journey-firefox/error-context.md]]
]]>
</system-out>
</testcase>
<testcase name="🚀 User Journey Tests - Phase 4 › 🔄 Error Recovery Journeys › ✅ Network error recovery journey" classname="user-journey-tests.spec.ts" time="10.955">
<failure message="user-journey-tests.spec.ts:335:9 ✅ Network error recovery journey" type="FAILURE">
<![CDATA[  [firefox] › user-journey-tests.spec.ts:335:9 › 🚀 User Journey Tests - Phase 4 › 🔄 Error Recovery Journeys › ✅ Network error recovery journey 

    Error: locator.isVisible: Error: strict mode violation: locator('a[href="/venues"]') resolved to 2 elements:
        1) <a href="/venues" class="text-gray-700 hover:text-rose-500 dark:text-gray-300 dark:hover:text-rose-400 font-medium transition-colors">Venues</a> aka getByRole('navigation').getByRole('link', { name: 'Venues' })
        2) <a href="/venues" class="hover:text-white transition-colors">Venues</a> aka getByRole('contentinfo').getByRole('link', { name: 'Venues' })

    Call log:
        - checking visibility of locator('a[href="/venues"]')


      342 |       // Try to navigate
      343 |       const venuesLink = page.locator('a[href="/venues"]')
    > 344 |       if (await venuesLink.isVisible()) {
          |                            ^
      345 |         await venuesLink.first().click()
      346 |       }
      347 |
        at /Users/asithalakmal/Documents/web/final project/WeddingLK-next copy/tests/e2e/user-journey-tests.spec.ts:344:28

    attachment #1: screenshot (image/png) ──────────────────────────────────────────────────────────
    ../../test-results/user-journey-tests-🚀-User-be996-work-error-recovery-journey-firefox/test-failed-1.png
    ────────────────────────────────────────────────────────────────────────────────────────────────

    attachment #2: video (video/webm) ──────────────────────────────────────────────────────────────
    ../../test-results/user-journey-tests-🚀-User-be996-work-error-recovery-journey-firefox/video.webm
    ────────────────────────────────────────────────────────────────────────────────────────────────

    Error Context: ../../test-results/user-journey-tests-🚀-User-be996-work-error-recovery-journey-firefox/error-context.md
]]>
</failure>
<system-out>
<![CDATA[
[[ATTACHMENT|test-results/user-journey-tests-🚀-User-be996-work-error-recovery-journey-firefox/test-failed-1.png]]

[[ATTACHMENT|test-results/user-journey-tests-🚀-User-be996-work-error-recovery-journey-firefox/video.webm]]

[[ATTACHMENT|test-results/user-journey-tests-🚀-User-be996-work-error-recovery-journey-firefox/error-context.md]]
]]>
</system-out>
</testcase>
<testcase name="🚀 User Journey Tests - Phase 4 › 🔄 Error Recovery Journeys › ✅ Page timeout recovery journey" classname="user-journey-tests.spec.ts" time="24.188">
</testcase>
<testcase name="🚀 User Journey Tests - Phase 4 › 🔄 Error Recovery Journeys › ✅ 404 error recovery journey" classname="user-journey-tests.spec.ts" time="10.947">
<failure message="user-journey-tests.spec.ts:372:9 ✅ 404 error recovery journey" type="FAILURE">
<![CDATA[  [firefox] › user-journey-tests.spec.ts:372:9 › 🚀 User Journey Tests - Phase 4 › 🔄 Error Recovery Journeys › ✅ 404 error recovery journey 

    Error: expect(received).not.toContain(expected) // indexOf

    Expected substring: not "non-existent"
    Received string:        "https://wedding-lk.vercel.app/non-existent-page"

      380 |       // Should be on previous page
      381 |       const currentUrl = page.url()
    > 382 |       expect(currentUrl).not.toContain('non-existent')
          |                              ^
      383 |     })
      384 |
      385 |     test('✅ Session expiry recovery journey', async ({ page }) => {
        at /Users/asithalakmal/Documents/web/final project/WeddingLK-next copy/tests/e2e/user-journey-tests.spec.ts:382:30

    attachment #1: screenshot (image/png) ──────────────────────────────────────────────────────────
    ../../test-results/user-journey-tests-🚀-User-b52d9--404-error-recovery-journey-firefox/test-failed-1.png
    ────────────────────────────────────────────────────────────────────────────────────────────────

    attachment #2: video (video/webm) ──────────────────────────────────────────────────────────────
    ../../test-results/user-journey-tests-🚀-User-b52d9--404-error-recovery-journey-firefox/video.webm
    ────────────────────────────────────────────────────────────────────────────────────────────────

    Error Context: ../../test-results/user-journey-tests-🚀-User-b52d9--404-error-recovery-journey-firefox/error-context.md
]]>
</failure>
<system-out>
<![CDATA[
[[ATTACHMENT|test-results/user-journey-tests-🚀-User-b52d9--404-error-recovery-journey-firefox/test-failed-1.png]]

[[ATTACHMENT|test-results/user-journey-tests-🚀-User-b52d9--404-error-recovery-journey-firefox/video.webm]]

[[ATTACHMENT|test-results/user-journey-tests-🚀-User-b52d9--404-error-recovery-journey-firefox/error-context.md]]
]]>
</system-out>
</testcase>
<testcase name="🚀 User Journey Tests - Phase 4 › 🔄 Error Recovery Journeys › ✅ Session expiry recovery journey" classname="user-journey-tests.spec.ts" time="16.865">
<failure message="user-journey-tests.spec.ts:385:9 ✅ Session expiry recovery journey" type="FAILURE">
<![CDATA[  [firefox] › user-journey-tests.spec.ts:385:9 › 🚀 User Journey Tests - Phase 4 › 🔄 Error Recovery Journeys › ✅ Session expiry recovery journey 

    TimeoutError: page.waitForURL: Timeout 10000ms exceeded.
    =========================== logs ===========================
    waiting for navigation until "load"
    ============================================================

      12 |   await page.fill('input[name="password"]', password)
      13 |   await page.click('button[type="submit"]')
    > 14 |   await page.waitForURL(/\/dashboard/, { timeout: 10000 })
         |              ^
      15 | }
      16 |
      17 | test.describe('🚀 User Journey Tests - Phase 4', () => {
        at login (/Users/asithalakmal/Documents/web/final project/WeddingLK-next copy/tests/e2e/user-journey-tests.spec.ts:14:14)
        at /Users/asithalakmal/Documents/web/final project/WeddingLK-next copy/tests/e2e/user-journey-tests.spec.ts:387:7

    attachment #1: screenshot (image/png) ──────────────────────────────────────────────────────────
    ../../test-results/user-journey-tests-🚀-User-cee3f-ion-expiry-recovery-journey-firefox/test-failed-1.png
    ────────────────────────────────────────────────────────────────────────────────────────────────

    attachment #2: video (video/webm) ──────────────────────────────────────────────────────────────
    ../../test-results/user-journey-tests-🚀-User-cee3f-ion-expiry-recovery-journey-firefox/video.webm
    ────────────────────────────────────────────────────────────────────────────────────────────────

    Error Context: ../../test-results/user-journey-tests-🚀-User-cee3f-ion-expiry-recovery-journey-firefox/error-context.md
]]>
</failure>
<system-out>
<![CDATA[
[[ATTACHMENT|test-results/user-journey-tests-🚀-User-cee3f-ion-expiry-recovery-journey-firefox/test-failed-1.png]]

[[ATTACHMENT|test-results/user-journey-tests-🚀-User-cee3f-ion-expiry-recovery-journey-firefox/video.webm]]

[[ATTACHMENT|test-results/user-journey-tests-🚀-User-cee3f-ion-expiry-recovery-journey-firefox/error-context.md]]
]]>
</system-out>
</testcase>
<testcase name="🚀 User Journey Tests - Phase 4 › 🎯 Feature-Specific Journeys › ✅ Complete venue search journey" classname="user-journey-tests.spec.ts" time="7.626">
</testcase>
<testcase name="🚀 User Journey Tests - Phase 4 › 🎯 Feature-Specific Journeys › ✅ Complete vendor discovery journey" classname="user-journey-tests.spec.ts" time="5.734">
</testcase>
<testcase name="🚀 User Journey Tests - Phase 4 › 🎯 Feature-Specific Journeys › ✅ Complete AI search journey" classname="user-journey-tests.spec.ts" time="18.482">
</testcase>
<testcase name="🚀 User Journey Tests - Phase 4 › 🎯 Feature-Specific Journeys › ✅ Complete review &amp; rating journey" classname="user-journey-tests.spec.ts" time="17.901">
<failure message="user-journey-tests.spec.ts:456:9 ✅ Complete review &amp; rating journey" type="FAILURE">
<![CDATA[  [firefox] › user-journey-tests.spec.ts:456:9 › 🚀 User Journey Tests - Phase 4 › 🎯 Feature-Specific Journeys › ✅ Complete review & rating journey 

    TimeoutError: page.waitForURL: Timeout 10000ms exceeded.
    =========================== logs ===========================
    waiting for navigation until "load"
    ============================================================

      12 |   await page.fill('input[name="password"]', password)
      13 |   await page.click('button[type="submit"]')
    > 14 |   await page.waitForURL(/\/dashboard/, { timeout: 10000 })
         |              ^
      15 | }
      16 |
      17 | test.describe('🚀 User Journey Tests - Phase 4', () => {
        at login (/Users/asithalakmal/Documents/web/final project/WeddingLK-next copy/tests/e2e/user-journey-tests.spec.ts:14:14)
        at /Users/asithalakmal/Documents/web/final project/WeddingLK-next copy/tests/e2e/user-journey-tests.spec.ts:457:7

    attachment #1: screenshot (image/png) ──────────────────────────────────────────────────────────
    ../../test-results/user-journey-tests-🚀-User-ad287-plete-review-rating-journey-firefox/test-failed-1.png
    ────────────────────────────────────────────────────────────────────────────────────────────────

    attachment #2: video (video/webm) ──────────────────────────────────────────────────────────────
    ../../test-results/user-journey-tests-🚀-User-ad287-plete-review-rating-journey-firefox/video.webm
    ────────────────────────────────────────────────────────────────────────────────────────────────

    Error Context: ../../test-results/user-journey-tests-🚀-User-ad287-plete-review-rating-journey-firefox/error-context.md
]]>
</failure>
<system-out>
<![CDATA[
[[ATTACHMENT|test-results/user-journey-tests-🚀-User-ad287-plete-review-rating-journey-firefox/test-failed-1.png]]

[[ATTACHMENT|test-results/user-journey-tests-🚀-User-ad287-plete-review-rating-journey-firefox/video.webm]]

[[ATTACHMENT|test-results/user-journey-tests-🚀-User-ad287-plete-review-rating-journey-firefox/error-context.md]]
]]>
</system-out>
</testcase>
<testcase name="🚀 User Journey Tests - Phase 4 › 🎯 Feature-Specific Journeys › ✅ Complete checkout journey" classname="user-journey-tests.spec.ts" time="25.283">
<failure message="user-journey-tests.spec.ts:466:9 ✅ Complete checkout journey" type="FAILURE">
<![CDATA[  [firefox] › user-journey-tests.spec.ts:466:9 › 🚀 User Journey Tests - Phase 4 › 🎯 Feature-Specific Journeys › ✅ Complete checkout journey 

    TimeoutError: page.waitForURL: Timeout 10000ms exceeded.
    =========================== logs ===========================
    waiting for navigation until "load"
    ============================================================

      12 |   await page.fill('input[name="password"]', password)
      13 |   await page.click('button[type="submit"]')
    > 14 |   await page.waitForURL(/\/dashboard/, { timeout: 10000 })
         |              ^
      15 | }
      16 |
      17 | test.describe('🚀 User Journey Tests - Phase 4', () => {
        at login (/Users/asithalakmal/Documents/web/final project/WeddingLK-next copy/tests/e2e/user-journey-tests.spec.ts:14:14)
        at /Users/asithalakmal/Documents/web/final project/WeddingLK-next copy/tests/e2e/user-journey-tests.spec.ts:467:7

    attachment #1: screenshot (image/png) ──────────────────────────────────────────────────────────
    ../../test-results/user-journey-tests-🚀-User-18f5b-✅-Complete-checkout-journey-firefox/test-failed-1.png
    ────────────────────────────────────────────────────────────────────────────────────────────────

    attachment #2: video (video/webm) ──────────────────────────────────────────────────────────────
    ../../test-results/user-journey-tests-🚀-User-18f5b-✅-Complete-checkout-journey-firefox/video.webm
    ────────────────────────────────────────────────────────────────────────────────────────────────

    Error Context: ../../test-results/user-journey-tests-🚀-User-18f5b-✅-Complete-checkout-journey-firefox/error-context.md
]]>
</failure>
<system-out>
<![CDATA[
[[ATTACHMENT|test-results/user-journey-tests-🚀-User-18f5b-✅-Complete-checkout-journey-firefox/test-failed-1.png]]

[[ATTACHMENT|test-results/user-journey-tests-🚀-User-18f5b-✅-Complete-checkout-journey-firefox/video.webm]]

[[ATTACHMENT|test-results/user-journey-tests-🚀-User-18f5b-✅-Complete-checkout-journey-firefox/error-context.md]]
]]>
</system-out>
</testcase>
</testsuite>
<testsuite name="user-journey.spec.ts" timestamp="2025-10-24T16:55:39.999Z" hostname="firefox" tests="6" failures="0" skipped="6" time="0" errors="0">
<testcase name="DISABLED  › DISABLED: End-to-End Wedding Planning Journey" classname="user-journey.spec.ts" time="0">
<properties>
<property name="skip" value="">
</property>
<property name="skip" value="">
</property>
</properties>
<skipped>
</skipped>
</testcase>
<testcase name="DISABLED: 📸 Vendor Business Journey › DISABLED: Complete Vendor Onboarding and Management Journey" classname="user-journey.spec.ts" time="0">
<properties>
<property name="skip" value="">
</property>
<property name="skip" value="">
</property>
</properties>
<skipped>
</skipped>
</testcase>
<testcase name="DISABLED: 👰 Wedding Planner Professional Journey › DISABLED: Complete Wedding Planner Workflow" classname="user-journey.spec.ts" time="0">
<properties>
<property name="skip" value="">
</property>
<property name="skip" value="">
</property>
</properties>
<skipped>
</skipped>
</testcase>
<testcase name="DISABLED: 👑 Admin Platform Management Journey › DISABLED: Complete Admin Platform Management" classname="user-journey.spec.ts" time="0">
<properties>
<property name="skip" value="">
</property>
<property name="skip" value="">
</property>
</properties>
<skipped>
</skipped>
</testcase>
<testcase name="DISABLED: 🔄 Cross-Platform Integration Journey › DISABLED: Mobile and Web Integration" classname="user-journey.spec.ts" time="0">
<properties>
<property name="skip" value="">
</property>
<property name="skip" value="">
</property>
</properties>
<skipped>
</skipped>
</testcase>
<testcase name="DISABLED: 🚨 Error Handling and Recovery Journey › DISABLED: Application Error Recovery" classname="user-journey.spec.ts" time="0">
<properties>
<property name="skip" value="">
</property>
<property name="skip" value="">
</property>
</properties>
<skipped>
</skipped>
</testcase>
</testsuite>
<testsuite name="vendor.spec.ts" timestamp="2025-10-24T16:55:39.999Z" hostname="firefox" tests="5" failures="0" skipped="5" time="0" errors="0">
<testcase name="Vendor Management › DISABLED: Vendor registration and onboarding" classname="vendor.spec.ts" time="0">
<properties>
<property name="skip" value="">
</property>
</properties>
<skipped>
</skipped>
</testcase>
<testcase name="Vendor Management › DISABLED: Vendor service creation and portfolio upload" classname="vendor.spec.ts" time="0">
<properties>
<property name="skip" value="">
</property>
</properties>
<skipped>
</skipped>
</testcase>
<testcase name="Vendor Management › DISABLED: Vendor booking management" classname="vendor.spec.ts" time="0">
<properties>
<property name="skip" value="">
</property>
</properties>
<skipped>
</skipped>
</testcase>
<testcase name="Vendor Management › DISABLED: Vendor profile and portfolio management" classname="vendor.spec.ts" time="0">
<properties>
<property name="skip" value="">
</property>
</properties>
<skipped>
</skipped>
</testcase>
<testcase name="Vendor Management › DISABLED: Vendor analytics and performance tracking" classname="vendor.spec.ts" time="0">
<properties>
<property name="skip" value="">
</property>
</properties>
<skipped>
</skipped>
</testcase>
</testsuite>
<testsuite name="venue.spec.ts" timestamp="2025-10-24T16:55:39.999Z" hostname="firefox" tests="6" failures="0" skipped="6" time="0" errors="0">
<testcase name="Venue Management › DISABLED: Venue search and filtering" classname="venue.spec.ts" time="0">
<properties>
<property name="skip" value="">
</property>
</properties>
<skipped>
</skipped>
</testcase>
<testcase name="Venue Management › DISABLED: Venue details and booking inquiry" classname="venue.spec.ts" time="0">
<properties>
<property name="skip" value="">
</property>
</properties>
<skipped>
</skipped>
</testcase>
<testcase name="Venue Management › DISABLED: Venue availability calendar" classname="venue.spec.ts" time="0">
<properties>
<property name="skip" value="">
</property>
</properties>
<skipped>
</skipped>
</testcase>
<testcase name="Venue Management › DISABLED: Venue reviews and ratings" classname="venue.spec.ts" time="0">
<properties>
<property name="skip" value="">
</property>
</properties>
<skipped>
</skipped>
</testcase>
<testcase name="Venue Management › DISABLED: Venue owner management" classname="venue.spec.ts" time="0">
<properties>
<property name="skip" value="">
</property>
</properties>
<skipped>
</skipped>
</testcase>
<testcase name="Venue Management › DISABLED: Venue booking management" classname="venue.spec.ts" time="0">
<properties>
<property name="skip" value="">
</property>
</properties>
<skipped>
</skipped>
</testcase>
</testsuite>
<testsuite name="api-integration.spec.ts" timestamp="2025-10-24T16:55:39.999Z" hostname="Mobile Chrome" tests="55" failures="45" skipped="4" time="183.998" errors="0">
<testcase name="🔐 Authentication API Tests › DISABLED: User Registration API" classname="api-integration.spec.ts" time="0">
<properties>
<property name="skip" value="">
</property>
</properties>
<skipped>
</skipped>
</testcase>
<testcase name="🔐 Authentication API Tests › DISABLED: User Login API" classname="api-integration.spec.ts" time="0">
<properties>
<property name="skip" value="">
</property>
</properties>
<skipped>
</skipped>
</testcase>
<testcase name="🔐 Authentication API Tests › Invalid Login API" classname="api-integration.spec.ts" time="1.805">
<failure message="api-integration.spec.ts:87:7 Invalid Login API" type="FAILURE">
<![CDATA[  [Mobile Chrome] › api-integration.spec.ts:87:7 › 🔐 Authentication API Tests › Invalid Login API ─

    Error: expect(received).toBe(expected) // Object.is equality

    Expected: 401
    Received: 405

      93 |     });
      94 |     
    > 95 |     expect(response.status()).toBe(401);
         |                               ^
      96 |     const data = await response.json();
      97 |     expect(data.success).toBe(false);
      98 |     expect(data.message).toContain('Invalid credentials');
        at /Users/asithalakmal/Documents/web/final project/WeddingLK-next copy/tests/e2e/api-integration.spec.ts:95:31

    attachment #1: screenshot (image/png) ──────────────────────────────────────────────────────────
    ../../test-results/api-integration-🔐-Authent-4b7fb-API-Tests-Invalid-Login-API-Mobile-Chrome/test-failed-1.png
    ────────────────────────────────────────────────────────────────────────────────────────────────

    attachment #2: video (video/webm) ──────────────────────────────────────────────────────────────
    ../../test-results/api-integration-🔐-Authent-4b7fb-API-Tests-Invalid-Login-API-Mobile-Chrome/video.webm
    ────────────────────────────────────────────────────────────────────────────────────────────────
]]>
</failure>
<system-out>
<![CDATA[
[[ATTACHMENT|test-results/api-integration-🔐-Authent-4b7fb-API-Tests-Invalid-Login-API-Mobile-Chrome/test-failed-1.png]]

[[ATTACHMENT|test-results/api-integration-🔐-Authent-4b7fb-API-Tests-Invalid-Login-API-Mobile-Chrome/video.webm]]
]]>
</system-out>
</testcase>
<testcase name="🔐 Authentication API Tests › DISABLED: Password Reset API" classname="api-integration.spec.ts" time="0">
<properties>
<property name="skip" value="">
</property>
</properties>
<skipped>
</skipped>
</testcase>
<testcase name="🔐 Authentication API Tests › Email Verification API" classname="api-integration.spec.ts" time="1.643">
<failure message="api-integration.spec.ts:112:7 Email Verification API" type="FAILURE">
<![CDATA[  [Mobile Chrome] › api-integration.spec.ts:112:7 › 🔐 Authentication API Tests › Email Verification API 

    Error: expect(received).toBe(expected) // Object.is equality

    Expected: 200
    Received: 405

      115 |     });
      116 |     
    > 117 |     expect(response.status()).toBe(200);
          |                               ^
      118 |     const data = await response.json();
      119 |     expect(data.success).toBe(true);
      120 |   });
        at /Users/asithalakmal/Documents/web/final project/WeddingLK-next copy/tests/e2e/api-integration.spec.ts:117:31

    attachment #1: screenshot (image/png) ──────────────────────────────────────────────────────────
    ../../test-results/api-integration-🔐-Authent-28344-ests-Email-Verification-API-Mobile-Chrome/test-failed-1.png
    ────────────────────────────────────────────────────────────────────────────────────────────────

    attachment #2: video (video/webm) ──────────────────────────────────────────────────────────────
    ../../test-results/api-integration-🔐-Authent-28344-ests-Email-Verification-API-Mobile-Chrome/video.webm
    ────────────────────────────────────────────────────────────────────────────────────────────────
]]>
</failure>
<system-out>
<![CDATA[
[[ATTACHMENT|test-results/api-integration-🔐-Authent-28344-ests-Email-Verification-API-Mobile-Chrome/test-failed-1.png]]

[[ATTACHMENT|test-results/api-integration-🔐-Authent-28344-ests-Email-Verification-API-Mobile-Chrome/video.webm]]
]]>
</system-out>
</testcase>
<testcase name="👤 User Management API Tests › Get User Profile API" classname="api-integration.spec.ts" time="1.567">
<failure message="api-integration.spec.ts:124:7 Get User Profile API" type="FAILURE">
<![CDATA[  [Mobile Chrome] › api-integration.spec.ts:124:7 › 👤 User Management API Tests › Get User Profile API 

    SyntaxError: Unexpected end of JSON input

      43 |     data: { email, password }
      44 |   });
    > 45 |   const data = await response.json();
         |                ^
      46 |   return data.token;
      47 | }
      48 |
        at getAuthToken (/Users/asithalakmal/Documents/web/final project/WeddingLK-next copy/tests/e2e/api-integration.spec.ts:45:16)
        at /Users/asithalakmal/Documents/web/final project/WeddingLK-next copy/tests/e2e/api-integration.spec.ts:125:19

    attachment #1: screenshot (image/png) ──────────────────────────────────────────────────────────
    ../../test-results/api-integration-👤-User-Ma-c1c93--Tests-Get-User-Profile-API-Mobile-Chrome/test-failed-1.png
    ────────────────────────────────────────────────────────────────────────────────────────────────

    attachment #2: video (video/webm) ──────────────────────────────────────────────────────────────
    ../../test-results/api-integration-👤-User-Ma-c1c93--Tests-Get-User-Profile-API-Mobile-Chrome/video.webm
    ────────────────────────────────────────────────────────────────────────────────────────────────
]]>
</failure>
<system-out>
<![CDATA[
[[ATTACHMENT|test-results/api-integration-👤-User-Ma-c1c93--Tests-Get-User-Profile-API-Mobile-Chrome/test-failed-1.png]]

[[ATTACHMENT|test-results/api-integration-👤-User-Ma-c1c93--Tests-Get-User-Profile-API-Mobile-Chrome/video.webm]]
]]>
</system-out>
</testcase>
<testcase name="👤 User Management API Tests › Update User Profile API" classname="api-integration.spec.ts" time="1.246">
<failure message="api-integration.spec.ts:136:7 Update User Profile API" type="FAILURE">
<![CDATA[  [Mobile Chrome] › api-integration.spec.ts:136:7 › 👤 User Management API Tests › Update User Profile API 

    SyntaxError: Unexpected end of JSON input

      43 |     data: { email, password }
      44 |   });
    > 45 |   const data = await response.json();
         |                ^
      46 |   return data.token;
      47 | }
      48 |
        at getAuthToken (/Users/asithalakmal/Documents/web/final project/WeddingLK-next copy/tests/e2e/api-integration.spec.ts:45:16)
        at /Users/asithalakmal/Documents/web/final project/WeddingLK-next copy/tests/e2e/api-integration.spec.ts:137:19

    attachment #1: screenshot (image/png) ──────────────────────────────────────────────────────────
    ../../test-results/api-integration-👤-User-Ma-6e586-sts-Update-User-Profile-API-Mobile-Chrome/test-failed-1.png
    ────────────────────────────────────────────────────────────────────────────────────────────────

    attachment #2: video (video/webm) ──────────────────────────────────────────────────────────────
    ../../test-results/api-integration-👤-User-Ma-6e586-sts-Update-User-Profile-API-Mobile-Chrome/video.webm
    ────────────────────────────────────────────────────────────────────────────────────────────────
]]>
</failure>
<system-out>
<![CDATA[
[[ATTACHMENT|test-results/api-integration-👤-User-Ma-6e586-sts-Update-User-Profile-API-Mobile-Chrome/test-failed-1.png]]

[[ATTACHMENT|test-results/api-integration-👤-User-Ma-6e586-sts-Update-User-Profile-API-Mobile-Chrome/video.webm]]
]]>
</system-out>
</testcase>
<testcase name="👤 User Management API Tests › Get User Favorites API" classname="api-integration.spec.ts" time="1.367">
<failure message="api-integration.spec.ts:150:7 Get User Favorites API" type="FAILURE">
<![CDATA[  [Mobile Chrome] › api-integration.spec.ts:150:7 › 👤 User Management API Tests › Get User Favorites API 

    SyntaxError: Unexpected end of JSON input

      43 |     data: { email, password }
      44 |   });
    > 45 |   const data = await response.json();
         |                ^
      46 |   return data.token;
      47 | }
      48 |
        at getAuthToken (/Users/asithalakmal/Documents/web/final project/WeddingLK-next copy/tests/e2e/api-integration.spec.ts:45:16)
        at /Users/asithalakmal/Documents/web/final project/WeddingLK-next copy/tests/e2e/api-integration.spec.ts:151:19

    attachment #1: screenshot (image/png) ──────────────────────────────────────────────────────────
    ../../test-results/api-integration-👤-User-Ma-2df14-ests-Get-User-Favorites-API-Mobile-Chrome/test-failed-1.png
    ────────────────────────────────────────────────────────────────────────────────────────────────

    attachment #2: video (video/webm) ──────────────────────────────────────────────────────────────
    ../../test-results/api-integration-👤-User-Ma-2df14-ests-Get-User-Favorites-API-Mobile-Chrome/video.webm
    ────────────────────────────────────────────────────────────────────────────────────────────────
]]>
</failure>
<system-out>
<![CDATA[
[[ATTACHMENT|test-results/api-integration-👤-User-Ma-2df14-ests-Get-User-Favorites-API-Mobile-Chrome/test-failed-1.png]]

[[ATTACHMENT|test-results/api-integration-👤-User-Ma-2df14-ests-Get-User-Favorites-API-Mobile-Chrome/video.webm]]
]]>
</system-out>
</testcase>
<testcase name="👤 User Management API Tests › Add User Favorite API" classname="api-integration.spec.ts" time="1.52">
<failure message="api-integration.spec.ts:161:7 Add User Favorite API" type="FAILURE">
<![CDATA[  [Mobile Chrome] › api-integration.spec.ts:161:7 › 👤 User Management API Tests › Add User Favorite API 

    SyntaxError: Unexpected end of JSON input

      43 |     data: { email, password }
      44 |   });
    > 45 |   const data = await response.json();
         |                ^
      46 |   return data.token;
      47 | }
      48 |
        at getAuthToken (/Users/asithalakmal/Documents/web/final project/WeddingLK-next copy/tests/e2e/api-integration.spec.ts:45:16)
        at /Users/asithalakmal/Documents/web/final project/WeddingLK-next copy/tests/e2e/api-integration.spec.ts:162:19

    attachment #1: screenshot (image/png) ──────────────────────────────────────────────────────────
    ../../test-results/api-integration-👤-User-Ma-0917f-Tests-Add-User-Favorite-API-Mobile-Chrome/test-failed-1.png
    ────────────────────────────────────────────────────────────────────────────────────────────────

    attachment #2: video (video/webm) ──────────────────────────────────────────────────────────────
    ../../test-results/api-integration-👤-User-Ma-0917f-Tests-Add-User-Favorite-API-Mobile-Chrome/video.webm
    ────────────────────────────────────────────────────────────────────────────────────────────────
]]>
</failure>
<system-out>
<![CDATA[
[[ATTACHMENT|test-results/api-integration-👤-User-Ma-0917f-Tests-Add-User-Favorite-API-Mobile-Chrome/test-failed-1.png]]

[[ATTACHMENT|test-results/api-integration-👤-User-Ma-0917f-Tests-Add-User-Favorite-API-Mobile-Chrome/video.webm]]
]]>
</system-out>
</testcase>
<testcase name="🏢 Vendor Management API Tests › DISABLED: Vendor Registration API" classname="api-integration.spec.ts" time="0">
<properties>
<property name="skip" value="">
</property>
</properties>
<skipped>
</skipped>
</testcase>
<testcase name="🏢 Vendor Management API Tests › Get Vendor Services API" classname="api-integration.spec.ts" time="2.223">
<failure message="api-integration.spec.ts:194:7 Get Vendor Services API" type="FAILURE">
<![CDATA[  [Mobile Chrome] › api-integration.spec.ts:194:7 › 🏢 Vendor Management API Tests › Get Vendor Services API 

    SyntaxError: Unexpected end of JSON input

      43 |     data: { email, password }
      44 |   });
    > 45 |   const data = await response.json();
         |                ^
      46 |   return data.token;
      47 | }
      48 |
        at getAuthToken (/Users/asithalakmal/Documents/web/final project/WeddingLK-next copy/tests/e2e/api-integration.spec.ts:45:16)
        at /Users/asithalakmal/Documents/web/final project/WeddingLK-next copy/tests/e2e/api-integration.spec.ts:195:19

    attachment #1: screenshot (image/png) ──────────────────────────────────────────────────────────
    ../../test-results/api-integration-🏢-Vendor--4dc71-sts-Get-Vendor-Services-API-Mobile-Chrome/test-failed-1.png
    ────────────────────────────────────────────────────────────────────────────────────────────────

    attachment #2: video (video/webm) ──────────────────────────────────────────────────────────────
    ../../test-results/api-integration-🏢-Vendor--4dc71-sts-Get-Vendor-Services-API-Mobile-Chrome/video.webm
    ────────────────────────────────────────────────────────────────────────────────────────────────
]]>
</failure>
<system-out>
<![CDATA[
[[ATTACHMENT|test-results/api-integration-🏢-Vendor--4dc71-sts-Get-Vendor-Services-API-Mobile-Chrome/test-failed-1.png]]

[[ATTACHMENT|test-results/api-integration-🏢-Vendor--4dc71-sts-Get-Vendor-Services-API-Mobile-Chrome/video.webm]]
]]>
</system-out>
</testcase>
<testcase name="🏢 Vendor Management API Tests › Create Vendor Service API" classname="api-integration.spec.ts" time="2.602">
<failure message="api-integration.spec.ts:205:7 Create Vendor Service API" type="FAILURE">
<![CDATA[  [Mobile Chrome] › api-integration.spec.ts:205:7 › 🏢 Vendor Management API Tests › Create Vendor Service API 

    SyntaxError: Unexpected end of JSON input

      43 |     data: { email, password }
      44 |   });
    > 45 |   const data = await response.json();
         |                ^
      46 |   return data.token;
      47 | }
      48 |
        at getAuthToken (/Users/asithalakmal/Documents/web/final project/WeddingLK-next copy/tests/e2e/api-integration.spec.ts:45:16)
        at /Users/asithalakmal/Documents/web/final project/WeddingLK-next copy/tests/e2e/api-integration.spec.ts:206:19

    attachment #1: screenshot (image/png) ──────────────────────────────────────────────────────────
    ../../test-results/api-integration-🏢-Vendor--32b06-s-Create-Vendor-Service-API-Mobile-Chrome/test-failed-1.png
    ────────────────────────────────────────────────────────────────────────────────────────────────

    attachment #2: video (video/webm) ──────────────────────────────────────────────────────────────
    ../../test-results/api-integration-🏢-Vendor--32b06-s-Create-Vendor-Service-API-Mobile-Chrome/video.webm
    ────────────────────────────────────────────────────────────────────────────────────────────────
]]>
</failure>
<system-out>
<![CDATA[
[[ATTACHMENT|test-results/api-integration-🏢-Vendor--32b06-s-Create-Vendor-Service-API-Mobile-Chrome/test-failed-1.png]]

[[ATTACHMENT|test-results/api-integration-🏢-Vendor--32b06-s-Create-Vendor-Service-API-Mobile-Chrome/video.webm]]
]]>
</system-out>
</testcase>
<testcase name="🏢 Vendor Management API Tests › Update Vendor Service API" classname="api-integration.spec.ts" time="2.128">
<failure message="api-integration.spec.ts:221:7 Update Vendor Service API" type="FAILURE">
<![CDATA[  [Mobile Chrome] › api-integration.spec.ts:221:7 › 🏢 Vendor Management API Tests › Update Vendor Service API 

    SyntaxError: Unexpected end of JSON input

      43 |     data: { email, password }
      44 |   });
    > 45 |   const data = await response.json();
         |                ^
      46 |   return data.token;
      47 | }
      48 |
        at getAuthToken (/Users/asithalakmal/Documents/web/final project/WeddingLK-next copy/tests/e2e/api-integration.spec.ts:45:16)
        at /Users/asithalakmal/Documents/web/final project/WeddingLK-next copy/tests/e2e/api-integration.spec.ts:222:19

    attachment #1: screenshot (image/png) ──────────────────────────────────────────────────────────
    ../../test-results/api-integration-🏢-Vendor--8ad41-s-Update-Vendor-Service-API-Mobile-Chrome/test-failed-1.png
    ────────────────────────────────────────────────────────────────────────────────────────────────

    attachment #2: video (video/webm) ──────────────────────────────────────────────────────────────
    ../../test-results/api-integration-🏢-Vendor--8ad41-s-Update-Vendor-Service-API-Mobile-Chrome/video.webm
    ────────────────────────────────────────────────────────────────────────────────────────────────
]]>
</failure>
<system-out>
<![CDATA[
[[ATTACHMENT|test-results/api-integration-🏢-Vendor--8ad41-s-Update-Vendor-Service-API-Mobile-Chrome/test-failed-1.png]]

[[ATTACHMENT|test-results/api-integration-🏢-Vendor--8ad41-s-Update-Vendor-Service-API-Mobile-Chrome/video.webm]]
]]>
</system-out>
</testcase>
<testcase name="🏢 Vendor Management API Tests › Delete Vendor Service API" classname="api-integration.spec.ts" time="2.032">
<failure message="api-integration.spec.ts:235:7 Delete Vendor Service API" type="FAILURE">
<![CDATA[  [Mobile Chrome] › api-integration.spec.ts:235:7 › 🏢 Vendor Management API Tests › Delete Vendor Service API 

    SyntaxError: Unexpected end of JSON input

      43 |     data: { email, password }
      44 |   });
    > 45 |   const data = await response.json();
         |                ^
      46 |   return data.token;
      47 | }
      48 |
        at getAuthToken (/Users/asithalakmal/Documents/web/final project/WeddingLK-next copy/tests/e2e/api-integration.spec.ts:45:16)
        at /Users/asithalakmal/Documents/web/final project/WeddingLK-next copy/tests/e2e/api-integration.spec.ts:236:19

    attachment #1: screenshot (image/png) ──────────────────────────────────────────────────────────
    ../../test-results/api-integration-🏢-Vendor--3ac39-s-Delete-Vendor-Service-API-Mobile-Chrome/test-failed-1.png
    ────────────────────────────────────────────────────────────────────────────────────────────────

    attachment #2: video (video/webm) ──────────────────────────────────────────────────────────────
    ../../test-results/api-integration-🏢-Vendor--3ac39-s-Delete-Vendor-Service-API-Mobile-Chrome/video.webm
    ────────────────────────────────────────────────────────────────────────────────────────────────
]]>
</failure>
<system-out>
<![CDATA[
[[ATTACHMENT|test-results/api-integration-🏢-Vendor--3ac39-s-Delete-Vendor-Service-API-Mobile-Chrome/test-failed-1.png]]

[[ATTACHMENT|test-results/api-integration-🏢-Vendor--3ac39-s-Delete-Vendor-Service-API-Mobile-Chrome/video.webm]]
]]>
</system-out>
</testcase>
<testcase name="🏢 Vendor Management API Tests › Get Vendor Analytics API" classname="api-integration.spec.ts" time="1.304">
<failure message="api-integration.spec.ts:246:7 Get Vendor Analytics API" type="FAILURE">
<![CDATA[  [Mobile Chrome] › api-integration.spec.ts:246:7 › 🏢 Vendor Management API Tests › Get Vendor Analytics API 

    SyntaxError: Unexpected end of JSON input

      43 |     data: { email, password }
      44 |   });
    > 45 |   const data = await response.json();
         |                ^
      46 |   return data.token;
      47 | }
      48 |
        at getAuthToken (/Users/asithalakmal/Documents/web/final project/WeddingLK-next copy/tests/e2e/api-integration.spec.ts:45:16)
        at /Users/asithalakmal/Documents/web/final project/WeddingLK-next copy/tests/e2e/api-integration.spec.ts:247:19

    attachment #1: screenshot (image/png) ──────────────────────────────────────────────────────────
    ../../test-results/api-integration-🏢-Vendor--6b8fc-ts-Get-Vendor-Analytics-API-Mobile-Chrome/test-failed-1.png
    ────────────────────────────────────────────────────────────────────────────────────────────────

    attachment #2: video (video/webm) ──────────────────────────────────────────────────────────────
    ../../test-results/api-integration-🏢-Vendor--6b8fc-ts-Get-Vendor-Analytics-API-Mobile-Chrome/video.webm
    ────────────────────────────────────────────────────────────────────────────────────────────────
]]>
</failure>
<system-out>
<![CDATA[
[[ATTACHMENT|test-results/api-integration-🏢-Vendor--6b8fc-ts-Get-Vendor-Analytics-API-Mobile-Chrome/test-failed-1.png]]

[[ATTACHMENT|test-results/api-integration-🏢-Vendor--6b8fc-ts-Get-Vendor-Analytics-API-Mobile-Chrome/video.webm]]
]]>
</system-out>
</testcase>
<testcase name="📅 Booking Management API Tests › Create Booking API" classname="api-integration.spec.ts" time="2.887">
<failure message="api-integration.spec.ts:261:7 Create Booking API" type="FAILURE">
<![CDATA[  [Mobile Chrome] › api-integration.spec.ts:261:7 › 📅 Booking Management API Tests › Create Booking API 

    SyntaxError: Unexpected end of JSON input

      43 |     data: { email, password }
      44 |   });
    > 45 |   const data = await response.json();
         |                ^
      46 |   return data.token;
      47 | }
      48 |
        at getAuthToken (/Users/asithalakmal/Documents/web/final project/WeddingLK-next copy/tests/e2e/api-integration.spec.ts:45:16)
        at /Users/asithalakmal/Documents/web/final project/WeddingLK-next copy/tests/e2e/api-integration.spec.ts:262:19

    attachment #1: screenshot (image/png) ──────────────────────────────────────────────────────────
    ../../test-results/api-integration-📅-Booking-f6016-PI-Tests-Create-Booking-API-Mobile-Chrome/test-failed-1.png
    ────────────────────────────────────────────────────────────────────────────────────────────────

    attachment #2: video (video/webm) ──────────────────────────────────────────────────────────────
    ../../test-results/api-integration-📅-Booking-f6016-PI-Tests-Create-Booking-API-Mobile-Chrome/video.webm
    ────────────────────────────────────────────────────────────────────────────────────────────────
]]>
</failure>
<system-out>
<![CDATA[
[[ATTACHMENT|test-results/api-integration-📅-Booking-f6016-PI-Tests-Create-Booking-API-Mobile-Chrome/test-failed-1.png]]

[[ATTACHMENT|test-results/api-integration-📅-Booking-f6016-PI-Tests-Create-Booking-API-Mobile-Chrome/video.webm]]
]]>
</system-out>
</testcase>
<testcase name="📅 Booking Management API Tests › Get User Bookings API" classname="api-integration.spec.ts" time="2.736">
<failure message="api-integration.spec.ts:279:7 Get User Bookings API" type="FAILURE">
<![CDATA[  [Mobile Chrome] › api-integration.spec.ts:279:7 › 📅 Booking Management API Tests › Get User Bookings API 

    SyntaxError: Unexpected end of JSON input

      43 |     data: { email, password }
      44 |   });
    > 45 |   const data = await response.json();
         |                ^
      46 |   return data.token;
      47 | }
      48 |
        at getAuthToken (/Users/asithalakmal/Documents/web/final project/WeddingLK-next copy/tests/e2e/api-integration.spec.ts:45:16)
        at /Users/asithalakmal/Documents/web/final project/WeddingLK-next copy/tests/e2e/api-integration.spec.ts:280:19

    attachment #1: screenshot (image/png) ──────────────────────────────────────────────────────────
    ../../test-results/api-integration-📅-Booking-0e3ce-Tests-Get-User-Bookings-API-Mobile-Chrome/test-failed-1.png
    ────────────────────────────────────────────────────────────────────────────────────────────────

    attachment #2: video (video/webm) ──────────────────────────────────────────────────────────────
    ../../test-results/api-integration-📅-Booking-0e3ce-Tests-Get-User-Bookings-API-Mobile-Chrome/video.webm
    ────────────────────────────────────────────────────────────────────────────────────────────────
]]>
</failure>
<system-out>
<![CDATA[
[[ATTACHMENT|test-results/api-integration-📅-Booking-0e3ce-Tests-Get-User-Bookings-API-Mobile-Chrome/test-failed-1.png]]

[[ATTACHMENT|test-results/api-integration-📅-Booking-0e3ce-Tests-Get-User-Bookings-API-Mobile-Chrome/video.webm]]
]]>
</system-out>
</testcase>
<testcase name="📅 Booking Management API Tests › Update Booking API" classname="api-integration.spec.ts" time="1.397">
<failure message="api-integration.spec.ts:290:7 Update Booking API" type="FAILURE">
<![CDATA[  [Mobile Chrome] › api-integration.spec.ts:290:7 › 📅 Booking Management API Tests › Update Booking API 

    SyntaxError: Unexpected end of JSON input

      43 |     data: { email, password }
      44 |   });
    > 45 |   const data = await response.json();
         |                ^
      46 |   return data.token;
      47 | }
      48 |
        at getAuthToken (/Users/asithalakmal/Documents/web/final project/WeddingLK-next copy/tests/e2e/api-integration.spec.ts:45:16)
        at /Users/asithalakmal/Documents/web/final project/WeddingLK-next copy/tests/e2e/api-integration.spec.ts:291:19

    attachment #1: screenshot (image/png) ──────────────────────────────────────────────────────────
    ../../test-results/api-integration-📅-Booking-a7a44-PI-Tests-Update-Booking-API-Mobile-Chrome/test-failed-1.png
    ────────────────────────────────────────────────────────────────────────────────────────────────

    attachment #2: video (video/webm) ──────────────────────────────────────────────────────────────
    ../../test-results/api-integration-📅-Booking-a7a44-PI-Tests-Update-Booking-API-Mobile-Chrome/video.webm
    ────────────────────────────────────────────────────────────────────────────────────────────────
]]>
</failure>
<system-out>
<![CDATA[
[[ATTACHMENT|test-results/api-integration-📅-Booking-a7a44-PI-Tests-Update-Booking-API-Mobile-Chrome/test-failed-1.png]]

[[ATTACHMENT|test-results/api-integration-📅-Booking-a7a44-PI-Tests-Update-Booking-API-Mobile-Chrome/video.webm]]
]]>
</system-out>
</testcase>
<testcase name="📅 Booking Management API Tests › Cancel Booking API" classname="api-integration.spec.ts" time="1.474">
<failure message="api-integration.spec.ts:304:7 Cancel Booking API" type="FAILURE">
<![CDATA[  [Mobile Chrome] › api-integration.spec.ts:304:7 › 📅 Booking Management API Tests › Cancel Booking API 

    SyntaxError: Unexpected end of JSON input

      43 |     data: { email, password }
      44 |   });
    > 45 |   const data = await response.json();
         |                ^
      46 |   return data.token;
      47 | }
      48 |
        at getAuthToken (/Users/asithalakmal/Documents/web/final project/WeddingLK-next copy/tests/e2e/api-integration.spec.ts:45:16)
        at /Users/asithalakmal/Documents/web/final project/WeddingLK-next copy/tests/e2e/api-integration.spec.ts:305:19

    attachment #1: screenshot (image/png) ──────────────────────────────────────────────────────────
    ../../test-results/api-integration-📅-Booking-7c911-PI-Tests-Cancel-Booking-API-Mobile-Chrome/test-failed-1.png
    ────────────────────────────────────────────────────────────────────────────────────────────────

    attachment #2: video (video/webm) ──────────────────────────────────────────────────────────────
    ../../test-results/api-integration-📅-Booking-7c911-PI-Tests-Cancel-Booking-API-Mobile-Chrome/video.webm
    ────────────────────────────────────────────────────────────────────────────────────────────────
]]>
</failure>
<system-out>
<![CDATA[
[[ATTACHMENT|test-results/api-integration-📅-Booking-7c911-PI-Tests-Cancel-Booking-API-Mobile-Chrome/test-failed-1.png]]

[[ATTACHMENT|test-results/api-integration-📅-Booking-7c911-PI-Tests-Cancel-Booking-API-Mobile-Chrome/video.webm]]
]]>
</system-out>
</testcase>
<testcase name="📅 Booking Management API Tests › Get Vendor Bookings API" classname="api-integration.spec.ts" time="1.917">
<failure message="api-integration.spec.ts:315:7 Get Vendor Bookings API" type="FAILURE">
<![CDATA[  [Mobile Chrome] › api-integration.spec.ts:315:7 › 📅 Booking Management API Tests › Get Vendor Bookings API 

    SyntaxError: Unexpected end of JSON input

      43 |     data: { email, password }
      44 |   });
    > 45 |   const data = await response.json();
         |                ^
      46 |   return data.token;
      47 | }
      48 |
        at getAuthToken (/Users/asithalakmal/Documents/web/final project/WeddingLK-next copy/tests/e2e/api-integration.spec.ts:45:16)
        at /Users/asithalakmal/Documents/web/final project/WeddingLK-next copy/tests/e2e/api-integration.spec.ts:316:19

    attachment #1: screenshot (image/png) ──────────────────────────────────────────────────────────
    ../../test-results/api-integration-📅-Booking-a710b-sts-Get-Vendor-Bookings-API-Mobile-Chrome/test-failed-1.png
    ────────────────────────────────────────────────────────────────────────────────────────────────

    attachment #2: video (video/webm) ──────────────────────────────────────────────────────────────
    ../../test-results/api-integration-📅-Booking-a710b-sts-Get-Vendor-Bookings-API-Mobile-Chrome/video.webm
    ────────────────────────────────────────────────────────────────────────────────────────────────
]]>
</failure>
<system-out>
<![CDATA[
[[ATTACHMENT|test-results/api-integration-📅-Booking-a710b-sts-Get-Vendor-Bookings-API-Mobile-Chrome/test-failed-1.png]]

[[ATTACHMENT|test-results/api-integration-📅-Booking-a710b-sts-Get-Vendor-Bookings-API-Mobile-Chrome/video.webm]]
]]>
</system-out>
</testcase>
<testcase name="📅 Booking Management API Tests › Update Booking Status API" classname="api-integration.spec.ts" time="1.903">
<failure message="api-integration.spec.ts:326:7 Update Booking Status API" type="FAILURE">
<![CDATA[  [Mobile Chrome] › api-integration.spec.ts:326:7 › 📅 Booking Management API Tests › Update Booking Status API 

    SyntaxError: Unexpected end of JSON input

      43 |     data: { email, password }
      44 |   });
    > 45 |   const data = await response.json();
         |                ^
      46 |   return data.token;
      47 | }
      48 |
        at getAuthToken (/Users/asithalakmal/Documents/web/final project/WeddingLK-next copy/tests/e2e/api-integration.spec.ts:45:16)
        at /Users/asithalakmal/Documents/web/final project/WeddingLK-next copy/tests/e2e/api-integration.spec.ts:327:19

    attachment #1: screenshot (image/png) ──────────────────────────────────────────────────────────
    ../../test-results/api-integration-📅-Booking-458f2-s-Update-Booking-Status-API-Mobile-Chrome/test-failed-1.png
    ────────────────────────────────────────────────────────────────────────────────────────────────

    attachment #2: video (video/webm) ──────────────────────────────────────────────────────────────
    ../../test-results/api-integration-📅-Booking-458f2-s-Update-Booking-Status-API-Mobile-Chrome/video.webm
    ────────────────────────────────────────────────────────────────────────────────────────────────
]]>
</failure>
<system-out>
<![CDATA[
[[ATTACHMENT|test-results/api-integration-📅-Booking-458f2-s-Update-Booking-Status-API-Mobile-Chrome/test-failed-1.png]]

[[ATTACHMENT|test-results/api-integration-📅-Booking-458f2-s-Update-Booking-Status-API-Mobile-Chrome/video.webm]]
]]>
</system-out>
</testcase>
<testcase name="🏛️ Venue Management API Tests › Get Venues API" classname="api-integration.spec.ts" time="2.455">
</testcase>
<testcase name="🏛️ Venue Management API Tests › Get Venue by ID API" classname="api-integration.spec.ts" time="2.742">
<failure message="api-integration.spec.ts:350:7 Get Venue by ID API" type="FAILURE">
<![CDATA[  [Mobile Chrome] › api-integration.spec.ts:350:7 › 🏛️ Venue Management API Tests › Get Venue by ID API 

    Error: expect(received).toBe(expected) // Object.is equality

    Expected: 200
    Received: 500

      350 |   test('Get Venue by ID API', async ({ page }) => {
      351 |     const response = await page.request.get('/api/venues/test-venue-id');
    > 352 |     expect(response.status()).toBe(200);
          |                               ^
      353 |     
      354 |     const data = await response.json();
      355 |     expect(data.success).toBe(true);
        at /Users/asithalakmal/Documents/web/final project/WeddingLK-next copy/tests/e2e/api-integration.spec.ts:352:31

    attachment #1: screenshot (image/png) ──────────────────────────────────────────────────────────
    ../../test-results/api-integration-🏛️-Venue--f15e9-I-Tests-Get-Venue-by-ID-API-Mobile-Chrome/test-failed-1.png
    ────────────────────────────────────────────────────────────────────────────────────────────────

    attachment #2: video (video/webm) ──────────────────────────────────────────────────────────────
    ../../test-results/api-integration-🏛️-Venue--f15e9-I-Tests-Get-Venue-by-ID-API-Mobile-Chrome/video.webm
    ────────────────────────────────────────────────────────────────────────────────────────────────
]]>
</failure>
<system-out>
<![CDATA[
[[ATTACHMENT|test-results/api-integration-🏛️-Venue--f15e9-I-Tests-Get-Venue-by-ID-API-Mobile-Chrome/test-failed-1.png]]

[[ATTACHMENT|test-results/api-integration-🏛️-Venue--f15e9-I-Tests-Get-Venue-by-ID-API-Mobile-Chrome/video.webm]]
]]>
</system-out>
</testcase>
<testcase name="🏛️ Venue Management API Tests › Search Venues API" classname="api-integration.spec.ts" time="2.162">
</testcase>
<testcase name="🏛️ Venue Management API Tests › Get Venue Availability API" classname="api-integration.spec.ts" time="1.242">
<failure message="api-integration.spec.ts:368:7 Get Venue Availability API" type="FAILURE">
<![CDATA[  [Mobile Chrome] › api-integration.spec.ts:368:7 › 🏛️ Venue Management API Tests › Get Venue Availability API 

    Error: expect(received).toBe(expected) // Object.is equality

    Expected: 200
    Received: 500

      368 |   test('Get Venue Availability API', async ({ page }) => {
      369 |     const response = await page.request.get('/api/venues/availability?venueId=test-venue-id&date=2024-12-25');
    > 370 |     expect(response.status()).toBe(200);
          |                               ^
      371 |     
      372 |     const data = await response.json();
      373 |     expect(data.success).toBe(true);
        at /Users/asithalakmal/Documents/web/final project/WeddingLK-next copy/tests/e2e/api-integration.spec.ts:370:31

    attachment #1: screenshot (image/png) ──────────────────────────────────────────────────────────
    ../../test-results/api-integration-🏛️-Venue--1dc52--Get-Venue-Availability-API-Mobile-Chrome/test-failed-1.png
    ────────────────────────────────────────────────────────────────────────────────────────────────

    attachment #2: video (video/webm) ──────────────────────────────────────────────────────────────
    ../../test-results/api-integration-🏛️-Venue--1dc52--Get-Venue-Availability-API-Mobile-Chrome/video.webm
    ────────────────────────────────────────────────────────────────────────────────────────────────
]]>
</failure>
<system-out>
<![CDATA[
[[ATTACHMENT|test-results/api-integration-🏛️-Venue--1dc52--Get-Venue-Availability-API-Mobile-Chrome/test-failed-1.png]]

[[ATTACHMENT|test-results/api-integration-🏛️-Venue--1dc52--Get-Venue-Availability-API-Mobile-Chrome/video.webm]]
]]>
</system-out>
</testcase>
<testcase name="💳 Payment API Tests › Create Payment Intent API" classname="api-integration.spec.ts" time="2.375">
<failure message="api-integration.spec.ts:379:7 Create Payment Intent API" type="FAILURE">
<![CDATA[  [Mobile Chrome] › api-integration.spec.ts:379:7 › 💳 Payment API Tests › Create Payment Intent API 

    SyntaxError: Unexpected end of JSON input

      43 |     data: { email, password }
      44 |   });
    > 45 |   const data = await response.json();
         |                ^
      46 |   return data.token;
      47 | }
      48 |
        at getAuthToken (/Users/asithalakmal/Documents/web/final project/WeddingLK-next copy/tests/e2e/api-integration.spec.ts:45:16)
        at /Users/asithalakmal/Documents/web/final project/WeddingLK-next copy/tests/e2e/api-integration.spec.ts:380:19

    attachment #1: screenshot (image/png) ──────────────────────────────────────────────────────────
    ../../test-results/api-integration-💳-Payment-a4c14-s-Create-Payment-Intent-API-Mobile-Chrome/test-failed-1.png
    ────────────────────────────────────────────────────────────────────────────────────────────────

    attachment #2: video (video/webm) ──────────────────────────────────────────────────────────────
    ../../test-results/api-integration-💳-Payment-a4c14-s-Create-Payment-Intent-API-Mobile-Chrome/video.webm
    ────────────────────────────────────────────────────────────────────────────────────────────────
]]>
</failure>
<system-out>
<![CDATA[
[[ATTACHMENT|test-results/api-integration-💳-Payment-a4c14-s-Create-Payment-Intent-API-Mobile-Chrome/test-failed-1.png]]

[[ATTACHMENT|test-results/api-integration-💳-Payment-a4c14-s-Create-Payment-Intent-API-Mobile-Chrome/video.webm]]
]]>
</system-out>
</testcase>
<testcase name="💳 Payment API Tests › Get Payment History API" classname="api-integration.spec.ts" time="2.105">
<failure message="api-integration.spec.ts:394:7 Get Payment History API" type="FAILURE">
<![CDATA[  [Mobile Chrome] › api-integration.spec.ts:394:7 › 💳 Payment API Tests › Get Payment History API ─

    SyntaxError: Unexpected end of JSON input

      43 |     data: { email, password }
      44 |   });
    > 45 |   const data = await response.json();
         |                ^
      46 |   return data.token;
      47 | }
      48 |
        at getAuthToken (/Users/asithalakmal/Documents/web/final project/WeddingLK-next copy/tests/e2e/api-integration.spec.ts:45:16)
        at /Users/asithalakmal/Documents/web/final project/WeddingLK-next copy/tests/e2e/api-integration.spec.ts:395:19

    attachment #1: screenshot (image/png) ──────────────────────────────────────────────────────────
    ../../test-results/api-integration-💳-Payment-API-Tests-Get-Payment-History-API-Mobile-Chrome/test-failed-1.png
    ────────────────────────────────────────────────────────────────────────────────────────────────

    attachment #2: video (video/webm) ──────────────────────────────────────────────────────────────
    ../../test-results/api-integration-💳-Payment-API-Tests-Get-Payment-History-API-Mobile-Chrome/video.webm
    ────────────────────────────────────────────────────────────────────────────────────────────────
]]>
</failure>
<system-out>
<![CDATA[
[[ATTACHMENT|test-results/api-integration-💳-Payment-API-Tests-Get-Payment-History-API-Mobile-Chrome/test-failed-1.png]]

[[ATTACHMENT|test-results/api-integration-💳-Payment-API-Tests-Get-Payment-History-API-Mobile-Chrome/video.webm]]
]]>
</system-out>
</testcase>
<testcase name="💳 Payment API Tests › Get Payment by ID API" classname="api-integration.spec.ts" time="3.298">
<failure message="api-integration.spec.ts:405:7 Get Payment by ID API" type="FAILURE">
<![CDATA[  [Mobile Chrome] › api-integration.spec.ts:405:7 › 💳 Payment API Tests › Get Payment by ID API ───

    SyntaxError: Unexpected end of JSON input

      43 |     data: { email, password }
      44 |   });
    > 45 |   const data = await response.json();
         |                ^
      46 |   return data.token;
      47 | }
      48 |
        at getAuthToken (/Users/asithalakmal/Documents/web/final project/WeddingLK-next copy/tests/e2e/api-integration.spec.ts:45:16)
        at /Users/asithalakmal/Documents/web/final project/WeddingLK-next copy/tests/e2e/api-integration.spec.ts:406:19

    attachment #1: screenshot (image/png) ──────────────────────────────────────────────────────────
    ../../test-results/api-integration-💳-Payment-API-Tests-Get-Payment-by-ID-API-Mobile-Chrome/test-failed-1.png
    ────────────────────────────────────────────────────────────────────────────────────────────────

    attachment #2: video (video/webm) ──────────────────────────────────────────────────────────────
    ../../test-results/api-integration-💳-Payment-API-Tests-Get-Payment-by-ID-API-Mobile-Chrome/video.webm
    ────────────────────────────────────────────────────────────────────────────────────────────────
]]>
</failure>
<system-out>
<![CDATA[
[[ATTACHMENT|test-results/api-integration-💳-Payment-API-Tests-Get-Payment-by-ID-API-Mobile-Chrome/test-failed-1.png]]

[[ATTACHMENT|test-results/api-integration-💳-Payment-API-Tests-Get-Payment-by-ID-API-Mobile-Chrome/video.webm]]
]]>
</system-out>
</testcase>
<testcase name="📊 Dashboard API Tests › Get Dashboard Stats API" classname="api-integration.spec.ts" time="2.965">
<failure message="api-integration.spec.ts:418:7 Get Dashboard Stats API" type="FAILURE">
<![CDATA[  [Mobile Chrome] › api-integration.spec.ts:418:7 › 📊 Dashboard API Tests › Get Dashboard Stats API 

    SyntaxError: Unexpected end of JSON input

      43 |     data: { email, password }
      44 |   });
    > 45 |   const data = await response.json();
         |                ^
      46 |   return data.token;
      47 | }
      48 |
        at getAuthToken (/Users/asithalakmal/Documents/web/final project/WeddingLK-next copy/tests/e2e/api-integration.spec.ts:45:16)
        at /Users/asithalakmal/Documents/web/final project/WeddingLK-next copy/tests/e2e/api-integration.spec.ts:419:19

    attachment #1: screenshot (image/png) ──────────────────────────────────────────────────────────
    ../../test-results/api-integration-📊-Dashboa-bf9ef-sts-Get-Dashboard-Stats-API-Mobile-Chrome/test-failed-1.png
    ────────────────────────────────────────────────────────────────────────────────────────────────

    attachment #2: video (video/webm) ──────────────────────────────────────────────────────────────
    ../../test-results/api-integration-📊-Dashboa-bf9ef-sts-Get-Dashboard-Stats-API-Mobile-Chrome/video.webm
    ────────────────────────────────────────────────────────────────────────────────────────────────
]]>
</failure>
<system-out>
<![CDATA[
[[ATTACHMENT|test-results/api-integration-📊-Dashboa-bf9ef-sts-Get-Dashboard-Stats-API-Mobile-Chrome/test-failed-1.png]]

[[ATTACHMENT|test-results/api-integration-📊-Dashboa-bf9ef-sts-Get-Dashboard-Stats-API-Mobile-Chrome/video.webm]]
]]>
</system-out>
</testcase>
<testcase name="📊 Dashboard API Tests › Get Dashboard Activity API" classname="api-integration.spec.ts" time="1.755">
<failure message="api-integration.spec.ts:431:7 Get Dashboard Activity API" type="FAILURE">
<![CDATA[  [Mobile Chrome] › api-integration.spec.ts:431:7 › 📊 Dashboard API Tests › Get Dashboard Activity API 

    SyntaxError: Unexpected end of JSON input

      43 |     data: { email, password }
      44 |   });
    > 45 |   const data = await response.json();
         |                ^
      46 |   return data.token;
      47 | }
      48 |
        at getAuthToken (/Users/asithalakmal/Documents/web/final project/WeddingLK-next copy/tests/e2e/api-integration.spec.ts:45:16)
        at /Users/asithalakmal/Documents/web/final project/WeddingLK-next copy/tests/e2e/api-integration.spec.ts:432:19

    attachment #1: screenshot (image/png) ──────────────────────────────────────────────────────────
    ../../test-results/api-integration-📊-Dashboa-0cd31--Get-Dashboard-Activity-API-Mobile-Chrome/test-failed-1.png
    ────────────────────────────────────────────────────────────────────────────────────────────────

    attachment #2: video (video/webm) ──────────────────────────────────────────────────────────────
    ../../test-results/api-integration-📊-Dashboa-0cd31--Get-Dashboard-Activity-API-Mobile-Chrome/video.webm
    ────────────────────────────────────────────────────────────────────────────────────────────────
]]>
</failure>
<system-out>
<![CDATA[
[[ATTACHMENT|test-results/api-integration-📊-Dashboa-0cd31--Get-Dashboard-Activity-API-Mobile-Chrome/test-failed-1.png]]

[[ATTACHMENT|test-results/api-integration-📊-Dashboa-0cd31--Get-Dashboard-Activity-API-Mobile-Chrome/video.webm]]
]]>
</system-out>
</testcase>
<testcase name="📊 Dashboard API Tests › Get User Dashboard Stats API" classname="api-integration.spec.ts" time="1.62">
<failure message="api-integration.spec.ts:442:7 Get User Dashboard Stats API" type="FAILURE">
<![CDATA[  [Mobile Chrome] › api-integration.spec.ts:442:7 › 📊 Dashboard API Tests › Get User Dashboard Stats API 

    SyntaxError: Unexpected end of JSON input

      43 |     data: { email, password }
      44 |   });
    > 45 |   const data = await response.json();
         |                ^
      46 |   return data.token;
      47 | }
      48 |
        at getAuthToken (/Users/asithalakmal/Documents/web/final project/WeddingLK-next copy/tests/e2e/api-integration.spec.ts:45:16)
        at /Users/asithalakmal/Documents/web/final project/WeddingLK-next copy/tests/e2e/api-integration.spec.ts:443:19

    attachment #1: screenshot (image/png) ──────────────────────────────────────────────────────────
    ../../test-results/api-integration-📊-Dashboa-f50b7-et-User-Dashboard-Stats-API-Mobile-Chrome/test-failed-1.png
    ────────────────────────────────────────────────────────────────────────────────────────────────

    attachment #2: video (video/webm) ──────────────────────────────────────────────────────────────
    ../../test-results/api-integration-📊-Dashboa-f50b7-et-User-Dashboard-Stats-API-Mobile-Chrome/video.webm
    ────────────────────────────────────────────────────────────────────────────────────────────────
]]>
</failure>
<system-out>
<![CDATA[
[[ATTACHMENT|test-results/api-integration-📊-Dashboa-f50b7-et-User-Dashboard-Stats-API-Mobile-Chrome/test-failed-1.png]]

[[ATTACHMENT|test-results/api-integration-📊-Dashboa-f50b7-et-User-Dashboard-Stats-API-Mobile-Chrome/video.webm]]
]]>
</system-out>
</testcase>
<testcase name="📊 Dashboard API Tests › Get Vendor Dashboard Stats API" classname="api-integration.spec.ts" time="2.516">
<failure message="api-integration.spec.ts:453:7 Get Vendor Dashboard Stats API" type="FAILURE">
<![CDATA[  [Mobile Chrome] › api-integration.spec.ts:453:7 › 📊 Dashboard API Tests › Get Vendor Dashboard Stats API 

    SyntaxError: Unexpected end of JSON input

      43 |     data: { email, password }
      44 |   });
    > 45 |   const data = await response.json();
         |                ^
      46 |   return data.token;
      47 | }
      48 |
        at getAuthToken (/Users/asithalakmal/Documents/web/final project/WeddingLK-next copy/tests/e2e/api-integration.spec.ts:45:16)
        at /Users/asithalakmal/Documents/web/final project/WeddingLK-next copy/tests/e2e/api-integration.spec.ts:454:19

    attachment #1: screenshot (image/png) ──────────────────────────────────────────────────────────
    ../../test-results/api-integration-📊-Dashboa-87572--Vendor-Dashboard-Stats-API-Mobile-Chrome/test-failed-1.png
    ────────────────────────────────────────────────────────────────────────────────────────────────

    attachment #2: video (video/webm) ──────────────────────────────────────────────────────────────
    ../../test-results/api-integration-📊-Dashboa-87572--Vendor-Dashboard-Stats-API-Mobile-Chrome/video.webm
    ────────────────────────────────────────────────────────────────────────────────────────────────
]]>
</failure>
<system-out>
<![CDATA[
[[ATTACHMENT|test-results/api-integration-📊-Dashboa-87572--Vendor-Dashboard-Stats-API-Mobile-Chrome/test-failed-1.png]]

[[ATTACHMENT|test-results/api-integration-📊-Dashboa-87572--Vendor-Dashboard-Stats-API-Mobile-Chrome/video.webm]]
]]>
</system-out>
</testcase>
<testcase name="📊 Dashboard API Tests › Get Admin Dashboard Stats API" classname="api-integration.spec.ts" time="2.313">
<failure message="api-integration.spec.ts:464:7 Get Admin Dashboard Stats API" type="FAILURE">
<![CDATA[  [Mobile Chrome] › api-integration.spec.ts:464:7 › 📊 Dashboard API Tests › Get Admin Dashboard Stats API 

    SyntaxError: Unexpected end of JSON input

      43 |     data: { email, password }
      44 |   });
    > 45 |   const data = await response.json();
         |                ^
      46 |   return data.token;
      47 | }
      48 |
        at getAuthToken (/Users/asithalakmal/Documents/web/final project/WeddingLK-next copy/tests/e2e/api-integration.spec.ts:45:16)
        at /Users/asithalakmal/Documents/web/final project/WeddingLK-next copy/tests/e2e/api-integration.spec.ts:465:19

    attachment #1: screenshot (image/png) ──────────────────────────────────────────────────────────
    ../../test-results/api-integration-📊-Dashboa-9ac1f-t-Admin-Dashboard-Stats-API-Mobile-Chrome/test-failed-1.png
    ────────────────────────────────────────────────────────────────────────────────────────────────

    attachment #2: video (video/webm) ──────────────────────────────────────────────────────────────
    ../../test-results/api-integration-📊-Dashboa-9ac1f-t-Admin-Dashboard-Stats-API-Mobile-Chrome/video.webm
    ────────────────────────────────────────────────────────────────────────────────────────────────
]]>
</failure>
<system-out>
<![CDATA[
[[ATTACHMENT|test-results/api-integration-📊-Dashboa-9ac1f-t-Admin-Dashboard-Stats-API-Mobile-Chrome/test-failed-1.png]]

[[ATTACHMENT|test-results/api-integration-📊-Dashboa-9ac1f-t-Admin-Dashboard-Stats-API-Mobile-Chrome/video.webm]]
]]>
</system-out>
</testcase>
<testcase name="👥 Wedding Planner API Tests › Get Planner Clients API" classname="api-integration.spec.ts" time="2.569">
<failure message="api-integration.spec.ts:477:7 Get Planner Clients API" type="FAILURE">
<![CDATA[  [Mobile Chrome] › api-integration.spec.ts:477:7 › 👥 Wedding Planner API Tests › Get Planner Clients API 

    SyntaxError: Unexpected end of JSON input

      43 |     data: { email, password }
      44 |   });
    > 45 |   const data = await response.json();
         |                ^
      46 |   return data.token;
      47 | }
      48 |
        at getAuthToken (/Users/asithalakmal/Documents/web/final project/WeddingLK-next copy/tests/e2e/api-integration.spec.ts:45:16)
        at /Users/asithalakmal/Documents/web/final project/WeddingLK-next copy/tests/e2e/api-integration.spec.ts:478:19

    attachment #1: screenshot (image/png) ──────────────────────────────────────────────────────────
    ../../test-results/api-integration-👥-Wedding-2c0a3-sts-Get-Planner-Clients-API-Mobile-Chrome/test-failed-1.png
    ────────────────────────────────────────────────────────────────────────────────────────────────

    attachment #2: video (video/webm) ──────────────────────────────────────────────────────────────
    ../../test-results/api-integration-👥-Wedding-2c0a3-sts-Get-Planner-Clients-API-Mobile-Chrome/video.webm
    ────────────────────────────────────────────────────────────────────────────────────────────────
]]>
</failure>
<system-out>
<![CDATA[
[[ATTACHMENT|test-results/api-integration-👥-Wedding-2c0a3-sts-Get-Planner-Clients-API-Mobile-Chrome/test-failed-1.png]]

[[ATTACHMENT|test-results/api-integration-👥-Wedding-2c0a3-sts-Get-Planner-Clients-API-Mobile-Chrome/video.webm]]
]]>
</system-out>
</testcase>
<testcase name="👥 Wedding Planner API Tests › Create Planner Client API" classname="api-integration.spec.ts" time="2.923">
<failure message="api-integration.spec.ts:488:7 Create Planner Client API" type="FAILURE">
<![CDATA[  [Mobile Chrome] › api-integration.spec.ts:488:7 › 👥 Wedding Planner API Tests › Create Planner Client API 

    SyntaxError: Unexpected end of JSON input

      43 |     data: { email, password }
      44 |   });
    > 45 |   const data = await response.json();
         |                ^
      46 |   return data.token;
      47 | }
      48 |
        at getAuthToken (/Users/asithalakmal/Documents/web/final project/WeddingLK-next copy/tests/e2e/api-integration.spec.ts:45:16)
        at /Users/asithalakmal/Documents/web/final project/WeddingLK-next copy/tests/e2e/api-integration.spec.ts:489:19

    attachment #1: screenshot (image/png) ──────────────────────────────────────────────────────────
    ../../test-results/api-integration-👥-Wedding-61866-s-Create-Planner-Client-API-Mobile-Chrome/test-failed-1.png
    ────────────────────────────────────────────────────────────────────────────────────────────────

    attachment #2: video (video/webm) ──────────────────────────────────────────────────────────────
    ../../test-results/api-integration-👥-Wedding-61866-s-Create-Planner-Client-API-Mobile-Chrome/video.webm
    ────────────────────────────────────────────────────────────────────────────────────────────────
]]>
</failure>
<system-out>
<![CDATA[
[[ATTACHMENT|test-results/api-integration-👥-Wedding-61866-s-Create-Planner-Client-API-Mobile-Chrome/test-failed-1.png]]

[[ATTACHMENT|test-results/api-integration-👥-Wedding-61866-s-Create-Planner-Client-API-Mobile-Chrome/video.webm]]
]]>
</system-out>
</testcase>
<testcase name="👥 Wedding Planner API Tests › Get Planner Tasks API" classname="api-integration.spec.ts" time="1.677">
<failure message="api-integration.spec.ts:504:7 Get Planner Tasks API" type="FAILURE">
<![CDATA[  [Mobile Chrome] › api-integration.spec.ts:504:7 › 👥 Wedding Planner API Tests › Get Planner Tasks API 

    SyntaxError: Unexpected end of JSON input

      43 |     data: { email, password }
      44 |   });
    > 45 |   const data = await response.json();
         |                ^
      46 |   return data.token;
      47 | }
      48 |
        at getAuthToken (/Users/asithalakmal/Documents/web/final project/WeddingLK-next copy/tests/e2e/api-integration.spec.ts:45:16)
        at /Users/asithalakmal/Documents/web/final project/WeddingLK-next copy/tests/e2e/api-integration.spec.ts:505:19

    attachment #1: screenshot (image/png) ──────────────────────────────────────────────────────────
    ../../test-results/api-integration-👥-Wedding-8c90f-Tests-Get-Planner-Tasks-API-Mobile-Chrome/test-failed-1.png
    ────────────────────────────────────────────────────────────────────────────────────────────────

    attachment #2: video (video/webm) ──────────────────────────────────────────────────────────────
    ../../test-results/api-integration-👥-Wedding-8c90f-Tests-Get-Planner-Tasks-API-Mobile-Chrome/video.webm
    ────────────────────────────────────────────────────────────────────────────────────────────────
]]>
</failure>
<system-out>
<![CDATA[
[[ATTACHMENT|test-results/api-integration-👥-Wedding-8c90f-Tests-Get-Planner-Tasks-API-Mobile-Chrome/test-failed-1.png]]

[[ATTACHMENT|test-results/api-integration-👥-Wedding-8c90f-Tests-Get-Planner-Tasks-API-Mobile-Chrome/video.webm]]
]]>
</system-out>
</testcase>
<testcase name="👥 Wedding Planner API Tests › Create Planner Task API" classname="api-integration.spec.ts" time="1.995">
<failure message="api-integration.spec.ts:515:7 Create Planner Task API" type="FAILURE">
<![CDATA[  [Mobile Chrome] › api-integration.spec.ts:515:7 › 👥 Wedding Planner API Tests › Create Planner Task API 

    SyntaxError: Unexpected end of JSON input

      43 |     data: { email, password }
      44 |   });
    > 45 |   const data = await response.json();
         |                ^
      46 |   return data.token;
      47 | }
      48 |
        at getAuthToken (/Users/asithalakmal/Documents/web/final project/WeddingLK-next copy/tests/e2e/api-integration.spec.ts:45:16)
        at /Users/asithalakmal/Documents/web/final project/WeddingLK-next copy/tests/e2e/api-integration.spec.ts:516:19

    attachment #1: screenshot (image/png) ──────────────────────────────────────────────────────────
    ../../test-results/api-integration-👥-Wedding-2690c-sts-Create-Planner-Task-API-Mobile-Chrome/test-failed-1.png
    ────────────────────────────────────────────────────────────────────────────────────────────────

    attachment #2: video (video/webm) ──────────────────────────────────────────────────────────────
    ../../test-results/api-integration-👥-Wedding-2690c-sts-Create-Planner-Task-API-Mobile-Chrome/video.webm
    ────────────────────────────────────────────────────────────────────────────────────────────────
]]>
</failure>
<system-out>
<![CDATA[
[[ATTACHMENT|test-results/api-integration-👥-Wedding-2690c-sts-Create-Planner-Task-API-Mobile-Chrome/test-failed-1.png]]

[[ATTACHMENT|test-results/api-integration-👥-Wedding-2690c-sts-Create-Planner-Task-API-Mobile-Chrome/video.webm]]
]]>
</system-out>
</testcase>
<testcase name="👑 Admin Management API Tests › Get All Users API" classname="api-integration.spec.ts" time="1.715">
<failure message="api-integration.spec.ts:534:7 Get All Users API" type="FAILURE">
<![CDATA[  [Mobile Chrome] › api-integration.spec.ts:534:7 › 👑 Admin Management API Tests › Get All Users API 

    SyntaxError: Unexpected end of JSON input

      43 |     data: { email, password }
      44 |   });
    > 45 |   const data = await response.json();
         |                ^
      46 |   return data.token;
      47 | }
      48 |
        at getAuthToken (/Users/asithalakmal/Documents/web/final project/WeddingLK-next copy/tests/e2e/api-integration.spec.ts:45:16)
        at /Users/asithalakmal/Documents/web/final project/WeddingLK-next copy/tests/e2e/api-integration.spec.ts:535:19

    attachment #1: screenshot (image/png) ──────────────────────────────────────────────────────────
    ../../test-results/api-integration-👑-Admin-M-2be62-API-Tests-Get-All-Users-API-Mobile-Chrome/test-failed-1.png
    ────────────────────────────────────────────────────────────────────────────────────────────────

    attachment #2: video (video/webm) ──────────────────────────────────────────────────────────────
    ../../test-results/api-integration-👑-Admin-M-2be62-API-Tests-Get-All-Users-API-Mobile-Chrome/video.webm
    ────────────────────────────────────────────────────────────────────────────────────────────────
]]>
</failure>
<system-out>
<![CDATA[
[[ATTACHMENT|test-results/api-integration-👑-Admin-M-2be62-API-Tests-Get-All-Users-API-Mobile-Chrome/test-failed-1.png]]

[[ATTACHMENT|test-results/api-integration-👑-Admin-M-2be62-API-Tests-Get-All-Users-API-Mobile-Chrome/video.webm]]
]]>
</system-out>
</testcase>
<testcase name="👑 Admin Management API Tests › Get All Vendors API" classname="api-integration.spec.ts" time="1.783">
<failure message="api-integration.spec.ts:545:7 Get All Vendors API" type="FAILURE">
<![CDATA[  [Mobile Chrome] › api-integration.spec.ts:545:7 › 👑 Admin Management API Tests › Get All Vendors API 

    SyntaxError: Unexpected end of JSON input

      43 |     data: { email, password }
      44 |   });
    > 45 |   const data = await response.json();
         |                ^
      46 |   return data.token;
      47 | }
      48 |
        at getAuthToken (/Users/asithalakmal/Documents/web/final project/WeddingLK-next copy/tests/e2e/api-integration.spec.ts:45:16)
        at /Users/asithalakmal/Documents/web/final project/WeddingLK-next copy/tests/e2e/api-integration.spec.ts:546:19

    attachment #1: screenshot (image/png) ──────────────────────────────────────────────────────────
    ../../test-results/api-integration-👑-Admin-M-588b2-I-Tests-Get-All-Vendors-API-Mobile-Chrome/test-failed-1.png
    ────────────────────────────────────────────────────────────────────────────────────────────────

    attachment #2: video (video/webm) ──────────────────────────────────────────────────────────────
    ../../test-results/api-integration-👑-Admin-M-588b2-I-Tests-Get-All-Vendors-API-Mobile-Chrome/video.webm
    ────────────────────────────────────────────────────────────────────────────────────────────────
]]>
</failure>
<system-out>
<![CDATA[
[[ATTACHMENT|test-results/api-integration-👑-Admin-M-588b2-I-Tests-Get-All-Vendors-API-Mobile-Chrome/test-failed-1.png]]

[[ATTACHMENT|test-results/api-integration-👑-Admin-M-588b2-I-Tests-Get-All-Vendors-API-Mobile-Chrome/video.webm]]
]]>
</system-out>
</testcase>
<testcase name="👑 Admin Management API Tests › Update User Role API" classname="api-integration.spec.ts" time="1.247">
<failure message="api-integration.spec.ts:556:7 Update User Role API" type="FAILURE">
<![CDATA[  [Mobile Chrome] › api-integration.spec.ts:556:7 › 👑 Admin Management API Tests › Update User Role API 

    SyntaxError: Unexpected end of JSON input

      43 |     data: { email, password }
      44 |   });
    > 45 |   const data = await response.json();
         |                ^
      46 |   return data.token;
      47 | }
      48 |
        at getAuthToken (/Users/asithalakmal/Documents/web/final project/WeddingLK-next copy/tests/e2e/api-integration.spec.ts:45:16)
        at /Users/asithalakmal/Documents/web/final project/WeddingLK-next copy/tests/e2e/api-integration.spec.ts:557:19

    attachment #1: screenshot (image/png) ──────────────────────────────────────────────────────────
    ../../test-results/api-integration-👑-Admin-M-426c4--Tests-Update-User-Role-API-Mobile-Chrome/test-failed-1.png
    ────────────────────────────────────────────────────────────────────────────────────────────────

    attachment #2: video (video/webm) ──────────────────────────────────────────────────────────────
    ../../test-results/api-integration-👑-Admin-M-426c4--Tests-Update-User-Role-API-Mobile-Chrome/video.webm
    ────────────────────────────────────────────────────────────────────────────────────────────────
]]>
</failure>
<system-out>
<![CDATA[
[[ATTACHMENT|test-results/api-integration-👑-Admin-M-426c4--Tests-Update-User-Role-API-Mobile-Chrome/test-failed-1.png]]

[[ATTACHMENT|test-results/api-integration-👑-Admin-M-426c4--Tests-Update-User-Role-API-Mobile-Chrome/video.webm]]
]]>
</system-out>
</testcase>
<testcase name="👑 Admin Management API Tests › Get Admin Reports API" classname="api-integration.spec.ts" time="1.97">
<failure message="api-integration.spec.ts:569:7 Get Admin Reports API" type="FAILURE">
<![CDATA[  [Mobile Chrome] › api-integration.spec.ts:569:7 › 👑 Admin Management API Tests › Get Admin Reports API 

    SyntaxError: Unexpected end of JSON input

      43 |     data: { email, password }
      44 |   });
    > 45 |   const data = await response.json();
         |                ^
      46 |   return data.token;
      47 | }
      48 |
        at getAuthToken (/Users/asithalakmal/Documents/web/final project/WeddingLK-next copy/tests/e2e/api-integration.spec.ts:45:16)
        at /Users/asithalakmal/Documents/web/final project/WeddingLK-next copy/tests/e2e/api-integration.spec.ts:570:19

    attachment #1: screenshot (image/png) ──────────────────────────────────────────────────────────
    ../../test-results/api-integration-👑-Admin-M-bc282-Tests-Get-Admin-Reports-API-Mobile-Chrome/test-failed-1.png
    ────────────────────────────────────────────────────────────────────────────────────────────────

    attachment #2: video (video/webm) ──────────────────────────────────────────────────────────────
    ../../test-results/api-integration-👑-Admin-M-bc282-Tests-Get-Admin-Reports-API-Mobile-Chrome/video.webm
    ────────────────────────────────────────────────────────────────────────────────────────────────
]]>
</failure>
<system-out>
<![CDATA[
[[ATTACHMENT|test-results/api-integration-👑-Admin-M-bc282-Tests-Get-Admin-Reports-API-Mobile-Chrome/test-failed-1.png]]

[[ATTACHMENT|test-results/api-integration-👑-Admin-M-bc282-Tests-Get-Admin-Reports-API-Mobile-Chrome/video.webm]]
]]>
</system-out>
</testcase>
<testcase name="🔍 Search and Filter API Tests › Search Venues API" classname="api-integration.spec.ts" time="3.203">
</testcase>
<testcase name="🔍 Search and Filter API Tests › Search Vendors API" classname="api-integration.spec.ts" time="1.459">
</testcase>
<testcase name="🔍 Search and Filter API Tests › Filter Venues by Price API" classname="api-integration.spec.ts" time="2.124">
</testcase>
<testcase name="📱 Mobile API Tests › Mobile App Data API" classname="api-integration.spec.ts" time="0.754">
<failure message="api-integration.spec.ts:611:7 Mobile App Data API" type="FAILURE">
<![CDATA[  [Mobile Chrome] › api-integration.spec.ts:611:7 › 📱 Mobile API Tests › Mobile App Data API ──────

    SyntaxError: Unexpected end of JSON input

      43 |     data: { email, password }
      44 |   });
    > 45 |   const data = await response.json();
         |                ^
      46 |   return data.token;
      47 | }
      48 |
        at getAuthToken (/Users/asithalakmal/Documents/web/final project/WeddingLK-next copy/tests/e2e/api-integration.spec.ts:45:16)
        at /Users/asithalakmal/Documents/web/final project/WeddingLK-next copy/tests/e2e/api-integration.spec.ts:612:19

    attachment #1: screenshot (image/png) ──────────────────────────────────────────────────────────
    ../../test-results/api-integration-📱-Mobile-API-Tests-Mobile-App-Data-API-Mobile-Chrome/test-failed-1.png
    ────────────────────────────────────────────────────────────────────────────────────────────────

    attachment #2: video (video/webm) ──────────────────────────────────────────────────────────────
    ../../test-results/api-integration-📱-Mobile-API-Tests-Mobile-App-Data-API-Mobile-Chrome/video.webm
    ────────────────────────────────────────────────────────────────────────────────────────────────
]]>
</failure>
<system-out>
<![CDATA[
[[ATTACHMENT|test-results/api-integration-📱-Mobile-API-Tests-Mobile-App-Data-API-Mobile-Chrome/test-failed-1.png]]

[[ATTACHMENT|test-results/api-integration-📱-Mobile-API-Tests-Mobile-App-Data-API-Mobile-Chrome/video.webm]]
]]>
</system-out>
</testcase>
<testcase name="📱 Mobile API Tests › Mobile Venues API" classname="api-integration.spec.ts" time="0.772">
<failure message="api-integration.spec.ts:625:7 Mobile Venues API" type="FAILURE">
<![CDATA[  [Mobile Chrome] › api-integration.spec.ts:625:7 › 📱 Mobile API Tests › Mobile Venues API ────────

    SyntaxError: Unexpected end of JSON input

      43 |     data: { email, password }
      44 |   });
    > 45 |   const data = await response.json();
         |                ^
      46 |   return data.token;
      47 | }
      48 |
        at getAuthToken (/Users/asithalakmal/Documents/web/final project/WeddingLK-next copy/tests/e2e/api-integration.spec.ts:45:16)
        at /Users/asithalakmal/Documents/web/final project/WeddingLK-next copy/tests/e2e/api-integration.spec.ts:626:19

    attachment #1: screenshot (image/png) ──────────────────────────────────────────────────────────
    ../../test-results/api-integration-📱-Mobile-API-Tests-Mobile-Venues-API-Mobile-Chrome/test-failed-1.png
    ────────────────────────────────────────────────────────────────────────────────────────────────

    attachment #2: video (video/webm) ──────────────────────────────────────────────────────────────
    ../../test-results/api-integration-📱-Mobile-API-Tests-Mobile-Venues-API-Mobile-Chrome/video.webm
    ────────────────────────────────────────────────────────────────────────────────────────────────
]]>
</failure>
<system-out>
<![CDATA[
[[ATTACHMENT|test-results/api-integration-📱-Mobile-API-Tests-Mobile-Venues-API-Mobile-Chrome/test-failed-1.png]]

[[ATTACHMENT|test-results/api-integration-📱-Mobile-API-Tests-Mobile-Venues-API-Mobile-Chrome/video.webm]]
]]>
</system-out>
</testcase>
<testcase name="🔔 Notification API Tests › Get Notifications API" classname="api-integration.spec.ts" time="1.796">
<failure message="api-integration.spec.ts:641:7 Get Notifications API" type="FAILURE">
<![CDATA[  [Mobile Chrome] › api-integration.spec.ts:641:7 › 🔔 Notification API Tests › Get Notifications API 

    SyntaxError: Unexpected end of JSON input

      43 |     data: { email, password }
      44 |   });
    > 45 |   const data = await response.json();
         |                ^
      46 |   return data.token;
      47 | }
      48 |
        at getAuthToken (/Users/asithalakmal/Documents/web/final project/WeddingLK-next copy/tests/e2e/api-integration.spec.ts:45:16)
        at /Users/asithalakmal/Documents/web/final project/WeddingLK-next copy/tests/e2e/api-integration.spec.ts:642:19

    attachment #1: screenshot (image/png) ──────────────────────────────────────────────────────────
    ../../test-results/api-integration-🔔-Notific-9b174-Tests-Get-Notifications-API-Mobile-Chrome/test-failed-1.png
    ────────────────────────────────────────────────────────────────────────────────────────────────

    attachment #2: video (video/webm) ──────────────────────────────────────────────────────────────
    ../../test-results/api-integration-🔔-Notific-9b174-Tests-Get-Notifications-API-Mobile-Chrome/video.webm
    ────────────────────────────────────────────────────────────────────────────────────────────────
]]>
</failure>
<system-out>
<![CDATA[
[[ATTACHMENT|test-results/api-integration-🔔-Notific-9b174-Tests-Get-Notifications-API-Mobile-Chrome/test-failed-1.png]]

[[ATTACHMENT|test-results/api-integration-🔔-Notific-9b174-Tests-Get-Notifications-API-Mobile-Chrome/video.webm]]
]]>
</system-out>
</testcase>
<testcase name="🔔 Notification API Tests › Mark Notification as Read API" classname="api-integration.spec.ts" time="1.777">
<failure message="api-integration.spec.ts:652:7 Mark Notification as Read API" type="FAILURE">
<![CDATA[  [Mobile Chrome] › api-integration.spec.ts:652:7 › 🔔 Notification API Tests › Mark Notification as Read API 

    SyntaxError: Unexpected end of JSON input

      43 |     data: { email, password }
      44 |   });
    > 45 |   const data = await response.json();
         |                ^
      46 |   return data.token;
      47 | }
      48 |
        at getAuthToken (/Users/asithalakmal/Documents/web/final project/WeddingLK-next copy/tests/e2e/api-integration.spec.ts:45:16)
        at /Users/asithalakmal/Documents/web/final project/WeddingLK-next copy/tests/e2e/api-integration.spec.ts:653:19

    attachment #1: screenshot (image/png) ──────────────────────────────────────────────────────────
    ../../test-results/api-integration-🔔-Notific-6938f-rk-Notification-as-Read-API-Mobile-Chrome/test-failed-1.png
    ────────────────────────────────────────────────────────────────────────────────────────────────

    attachment #2: video (video/webm) ──────────────────────────────────────────────────────────────
    ../../test-results/api-integration-🔔-Notific-6938f-rk-Notification-as-Read-API-Mobile-Chrome/video.webm
    ────────────────────────────────────────────────────────────────────────────────────────────────
]]>
</failure>
<system-out>
<![CDATA[
[[ATTACHMENT|test-results/api-integration-🔔-Notific-6938f-rk-Notification-as-Read-API-Mobile-Chrome/test-failed-1.png]]

[[ATTACHMENT|test-results/api-integration-🔔-Notific-6938f-rk-Notification-as-Read-API-Mobile-Chrome/video.webm]]
]]>
</system-out>
</testcase>
<testcase name="🛡️ Security and Error Handling API Tests › Unauthorized API Access" classname="api-integration.spec.ts" time="2.897">
<failure message="api-integration.spec.ts:665:7 Unauthorized API Access" type="FAILURE">
<![CDATA[  [Mobile Chrome] › api-integration.spec.ts:665:7 › 🛡️ Security and Error Handling API Tests › Unauthorized API Access 

    Error: expect(received).toContain(expected) // indexOf

    Expected substring: "Unauthorized"
    Received string:    "Authentication required"

      668 |     
      669 |     const data = await response.json();
    > 670 |     expect(data.error).toContain('Unauthorized');
          |                        ^
      671 |   });
      672 |
      673 |   test('Invalid Token API Access', async ({ page }) => {
        at /Users/asithalakmal/Documents/web/final project/WeddingLK-next copy/tests/e2e/api-integration.spec.ts:670:24

    attachment #1: screenshot (image/png) ──────────────────────────────────────────────────────────
    ../../test-results/api-integration-🛡️-Securi-b5273-sts-Unauthorized-API-Access-Mobile-Chrome/test-failed-1.png
    ────────────────────────────────────────────────────────────────────────────────────────────────

    attachment #2: video (video/webm) ──────────────────────────────────────────────────────────────
    ../../test-results/api-integration-🛡️-Securi-b5273-sts-Unauthorized-API-Access-Mobile-Chrome/video.webm
    ────────────────────────────────────────────────────────────────────────────────────────────────
]]>
</failure>
<system-out>
<![CDATA[
[[ATTACHMENT|test-results/api-integration-🛡️-Securi-b5273-sts-Unauthorized-API-Access-Mobile-Chrome/test-failed-1.png]]

[[ATTACHMENT|test-results/api-integration-🛡️-Securi-b5273-sts-Unauthorized-API-Access-Mobile-Chrome/video.webm]]
]]>
</system-out>
</testcase>
<testcase name="🛡️ Security and Error Handling API Tests › Invalid Token API Access" classname="api-integration.spec.ts" time="3.001">
</testcase>
<testcase name="🛡️ Security and Error Handling API Tests › Rate Limiting API" classname="api-integration.spec.ts" time="12.312">
<failure message="api-integration.spec.ts:680:7 Rate Limiting API" type="FAILURE">
<![CDATA[  [Mobile Chrome] › api-integration.spec.ts:680:7 › 🛡️ Security and Error Handling API Tests › Rate Limiting API 

    Error: expect(received).toBeGreaterThan(expected)

    Expected: > 0
    Received:   0

      688 |     
      689 |     // At least one request should be rate limited
    > 690 |     expect(rateLimitedResponses.length).toBeGreaterThan(0);
          |                                         ^
      691 |   });
      692 |
      693 |   test('Input Validation API', async ({ page }) => {
        at /Users/asithalakmal/Documents/web/final project/WeddingLK-next copy/tests/e2e/api-integration.spec.ts:690:41

    attachment #1: screenshot (image/png) ──────────────────────────────────────────────────────────
    ../../test-results/api-integration-🛡️-Securi-733b3-API-Tests-Rate-Limiting-API-Mobile-Chrome/test-failed-1.png
    ────────────────────────────────────────────────────────────────────────────────────────────────

    attachment #2: video (video/webm) ──────────────────────────────────────────────────────────────
    ../../test-results/api-integration-🛡️-Securi-733b3-API-Tests-Rate-Limiting-API-Mobile-Chrome/video.webm
    ────────────────────────────────────────────────────────────────────────────────────────────────
]]>
</failure>
<system-out>
<![CDATA[
[[ATTACHMENT|test-results/api-integration-🛡️-Securi-733b3-API-Tests-Rate-Limiting-API-Mobile-Chrome/test-failed-1.png]]

[[ATTACHMENT|test-results/api-integration-🛡️-Securi-733b3-API-Tests-Rate-Limiting-API-Mobile-Chrome/video.webm]]
]]>
</system-out>
</testcase>
<testcase name="🛡️ Security and Error Handling API Tests › Input Validation API" classname="api-integration.spec.ts" time="2.199">
<failure message="api-integration.spec.ts:693:7 Input Validation API" type="FAILURE">
<![CDATA[  [Mobile Chrome] › api-integration.spec.ts:693:7 › 🛡️ Security and Error Handling API Tests › Input Validation API 

    Error: expect(received).toBeDefined()

    Received: undefined

      702 |     expect(response.status()).toBe(400);
      703 |     const data = await response.json();
    > 704 |     expect(data.errors).toBeDefined();
          |                         ^
      705 |   });
      706 | });
      707 |
        at /Users/asithalakmal/Documents/web/final project/WeddingLK-next copy/tests/e2e/api-integration.spec.ts:704:25

    attachment #1: screenshot (image/png) ──────────────────────────────────────────────────────────
    ../../test-results/api-integration-🛡️-Securi-8d139--Tests-Input-Validation-API-Mobile-Chrome/test-failed-1.png
    ────────────────────────────────────────────────────────────────────────────────────────────────

    attachment #2: video (video/webm) ──────────────────────────────────────────────────────────────
    ../../test-results/api-integration-🛡️-Securi-8d139--Tests-Input-Validation-API-Mobile-Chrome/video.webm
    ────────────────────────────────────────────────────────────────────────────────────────────────
]]>
</failure>
<system-out>
<![CDATA[
[[ATTACHMENT|test-results/api-integration-🛡️-Securi-8d139--Tests-Input-Validation-API-Mobile-Chrome/test-failed-1.png]]

[[ATTACHMENT|test-results/api-integration-🛡️-Securi-8d139--Tests-Input-Validation-API-Mobile-Chrome/video.webm]]
]]>
</system-out>
</testcase>
<testcase name="📊 Analytics and Monitoring API Tests › Performance Monitoring API" classname="api-integration.spec.ts" time="1.776">
<failure message="api-integration.spec.ts:709:7 Performance Monitoring API" type="FAILURE">
<![CDATA[  [Mobile Chrome] › api-integration.spec.ts:709:7 › 📊 Analytics and Monitoring API Tests › Performance Monitoring API 

    Error: expect(received).toBeDefined()

    Received: undefined

      713 |     const data = await response.json();
      714 |     expect(data.success).toBe(true);
    > 715 |     expect(data.metrics).toBeDefined();
          |                          ^
      716 |   });
      717 |
      718 |   test('Health Check API', async ({ page }) => {
        at /Users/asithalakmal/Documents/web/final project/WeddingLK-next copy/tests/e2e/api-integration.spec.ts:715:26

    attachment #1: screenshot (image/png) ──────────────────────────────────────────────────────────
    ../../test-results/api-integration-📊-Analyti-8d4fe--Performance-Monitoring-API-Mobile-Chrome/test-failed-1.png
    ────────────────────────────────────────────────────────────────────────────────────────────────

    attachment #2: video (video/webm) ──────────────────────────────────────────────────────────────
    ../../test-results/api-integration-📊-Analyti-8d4fe--Performance-Monitoring-API-Mobile-Chrome/video.webm
    ────────────────────────────────────────────────────────────────────────────────────────────────
]]>
</failure>
<system-out>
<![CDATA[
[[ATTACHMENT|test-results/api-integration-📊-Analyti-8d4fe--Performance-Monitoring-API-Mobile-Chrome/test-failed-1.png]]

[[ATTACHMENT|test-results/api-integration-📊-Analyti-8d4fe--Performance-Monitoring-API-Mobile-Chrome/video.webm]]
]]>
</system-out>
</testcase>
<testcase name="📊 Analytics and Monitoring API Tests › Health Check API" classname="api-integration.spec.ts" time="73.065">
<failure message="api-integration.spec.ts:718:7 Health Check API" type="FAILURE">
<![CDATA[  [Mobile Chrome] › api-integration.spec.ts:718:7 › 📊 Analytics and Monitoring API Tests › Health Check API 

    TimeoutError: apiRequestContext.get: Timeout 60000ms exceeded.
    Call log:
      - → GET https://wedding-lk.vercel.app/api/health
        - user-agent: Mozilla/5.0 (Linux; Android 11; Pixel 5) AppleWebKit/537.36 (KHTML, like Gecko) Chrome/141.0.7390.37 Mobile Safari/537.36
        - accept: */*
        - accept-encoding: gzip,deflate,br


      717 |
      718 |   test('Health Check API', async ({ page }) => {
    > 719 |     const response = await page.request.get('/api/health');
          |                                         ^
      720 |     expect(response.status()).toBe(200);
      721 |     
      722 |     const data = await response.json();
        at /Users/asithalakmal/Documents/web/final project/WeddingLK-next copy/tests/e2e/api-integration.spec.ts:719:41

    attachment #1: screenshot (image/png) ──────────────────────────────────────────────────────────
    ../../test-results/api-integration-📊-Analyti-e1193--API-Tests-Health-Check-API-Mobile-Chrome/test-failed-1.png
    ────────────────────────────────────────────────────────────────────────────────────────────────

    attachment #2: video (video/webm) ──────────────────────────────────────────────────────────────
    ../../test-results/api-integration-📊-Analyti-e1193--API-Tests-Health-Check-API-Mobile-Chrome/video.webm
    ────────────────────────────────────────────────────────────────────────────────────────────────
]]>
</failure>
<system-out>
<![CDATA[
[[ATTACHMENT|test-results/api-integration-📊-Analyti-e1193--API-Tests-Health-Check-API-Mobile-Chrome/test-failed-1.png]]

[[ATTACHMENT|test-results/api-integration-📊-Analyti-e1193--API-Tests-Health-Check-API-Mobile-Chrome/video.webm]]
]]>
</system-out>
</testcase>
<testcase name="📊 Analytics and Monitoring API Tests › Error Tracking API" classname="api-integration.spec.ts" time="1.685">
<failure message="api-integration.spec.ts:727:7 Error Tracking API" type="FAILURE">
<![CDATA[  [Mobile Chrome] › api-integration.spec.ts:727:7 › 📊 Analytics and Monitoring API Tests › Error Tracking API 

    Error: expect(received).toBe(expected) // Object.is equality

    Expected: 200
    Received: 401

      727 |   test('Error Tracking API', async ({ page }) => {
      728 |     const response = await page.request.get('/api/errors');
    > 729 |     expect(response.status()).toBe(200);
          |                               ^
      730 |     
      731 |     const data = await response.json();
      732 |     expect(data.success).toBe(true);
        at /Users/asithalakmal/Documents/web/final project/WeddingLK-next copy/tests/e2e/api-integration.spec.ts:729:31

    attachment #1: screenshot (image/png) ──────────────────────────────────────────────────────────
    ../../test-results/api-integration-📊-Analyti-cbfaa-PI-Tests-Error-Tracking-API-Mobile-Chrome/test-failed-1.png
    ────────────────────────────────────────────────────────────────────────────────────────────────

    attachment #2: video (video/webm) ──────────────────────────────────────────────────────────────
    ../../test-results/api-integration-📊-Analyti-cbfaa-PI-Tests-Error-Tracking-API-Mobile-Chrome/video.webm
    ────────────────────────────────────────────────────────────────────────────────────────────────
]]>
</failure>
<system-out>
<![CDATA[
[[ATTACHMENT|test-results/api-integration-📊-Analyti-cbfaa-PI-Tests-Error-Tracking-API-Mobile-Chrome/test-failed-1.png]]

[[ATTACHMENT|test-results/api-integration-📊-Analyti-cbfaa-PI-Tests-Error-Tracking-API-Mobile-Chrome/video.webm]]
]]>
</system-out>
</testcase>
</testsuite>
<testsuite name="api-tests.spec.ts" timestamp="2025-10-24T16:55:39.999Z" hostname="Mobile Chrome" tests="44" failures="15" skipped="0" time="178.244" errors="0">
<testcase name="🔌 API Integration Tests - Phase 2 › 🔐 Authentication APIs › ✅ POST /api/auth/signin - Valid credentials return 200" classname="api-tests.spec.ts" time="2.772">
<failure message="api-tests.spec.ts:22:9 ✅ POST /api/auth/signin - Valid credentials return 200" type="FAILURE">
<![CDATA[  [Mobile Chrome] › api-tests.spec.ts:22:9 › 🔌 API Integration Tests - Phase 2 › 🔐 Authentication APIs › ✅ POST /api/auth/signin - Valid credentials return 200 

    Error: expect(received).toBe(expected) // Object.is equality

    Expected: 200
    Received: 401

      25 |       })
      26 |       
    > 27 |       expect(response.status()).toBe(200)
         |                                 ^
      28 |       const json = await response.json()
      29 |       expect(json).toHaveProperty('user')
      30 |       expect(json.user).toHaveProperty('email')
        at /Users/asithalakmal/Documents/web/final project/WeddingLK-next copy/tests/e2e/api-tests.spec.ts:27:33

    attachment #1: screenshot (image/png) ──────────────────────────────────────────────────────────
    ../../test-results/api-tests-🔌-API-Integrati-fefd0-alid-credentials-return-200-Mobile-Chrome/test-failed-1.png
    ────────────────────────────────────────────────────────────────────────────────────────────────

    attachment #2: video (video/webm) ──────────────────────────────────────────────────────────────
    ../../test-results/api-tests-🔌-API-Integrati-fefd0-alid-credentials-return-200-Mobile-Chrome/video.webm
    ────────────────────────────────────────────────────────────────────────────────────────────────
]]>
</failure>
<system-out>
<![CDATA[
[[ATTACHMENT|test-results/api-tests-🔌-API-Integrati-fefd0-alid-credentials-return-200-Mobile-Chrome/test-failed-1.png]]

[[ATTACHMENT|test-results/api-tests-🔌-API-Integrati-fefd0-alid-credentials-return-200-Mobile-Chrome/video.webm]]
]]>
</system-out>
</testcase>
<testcase name="🔌 API Integration Tests - Phase 2 › 🔐 Authentication APIs › ✅ POST /api/auth/signin - Invalid credentials return 401" classname="api-tests.spec.ts" time="1.826">
</testcase>
<testcase name="🔌 API Integration Tests - Phase 2 › 🔐 Authentication APIs › ✅ POST /api/auth/signup - New user registration" classname="api-tests.spec.ts" time="1.567">
</testcase>
<testcase name="🔌 API Integration Tests - Phase 2 › 🔐 Authentication APIs › ✅ GET /api/auth/me - Get current user info" classname="api-tests.spec.ts" time="2.072">
</testcase>
<testcase name="🔌 API Integration Tests - Phase 2 › 🔐 Authentication APIs › ✅ POST /api/auth/signout - Logout user" classname="api-tests.spec.ts" time="2.207">
</testcase>
<testcase name="🔌 API Integration Tests - Phase 2 › 📊 Dashboard APIs › ✅ GET /api/dashboard/user - User dashboard stats" classname="api-tests.spec.ts" time="1.963">
</testcase>
<testcase name="🔌 API Integration Tests - Phase 2 › 📊 Dashboard APIs › ✅ GET /api/dashboard/vendor - Vendor dashboard stats" classname="api-tests.spec.ts" time="2.307">
</testcase>
<testcase name="🔌 API Integration Tests - Phase 2 › 📊 Dashboard APIs › ✅ GET /api/dashboard/admin - Admin dashboard stats" classname="api-tests.spec.ts" time="2.208">
</testcase>
<testcase name="🔌 API Integration Tests - Phase 2 › 📊 Dashboard APIs › ✅ GET /api/dashboard - General dashboard stats" classname="api-tests.spec.ts" time="0.878">
<failure message="api-tests.spec.ts:128:9 ✅ GET /api/dashboard - General dashboard stats" type="FAILURE">
<![CDATA[  [Mobile Chrome] › api-tests.spec.ts:128:9 › 🔌 API Integration Tests - Phase 2 › 📊 Dashboard APIs › ✅ GET /api/dashboard - General dashboard stats 

    Error: expect(received).toContain(expected) // indexOf

    Expected value: 404
    Received array: [200, 401, 302]

      130 |       
      131 |       // Should either work or redirect to login
    > 132 |       expect([200, 401, 302]).toContain(response.status())
          |                               ^
      133 |     })
      134 |   })
      135 |
        at /Users/asithalakmal/Documents/web/final project/WeddingLK-next copy/tests/e2e/api-tests.spec.ts:132:31

    attachment #1: screenshot (image/png) ──────────────────────────────────────────────────────────
    ../../test-results/api-tests-🔌-API-Integrati-31ecb-d---General-dashboard-stats-Mobile-Chrome/test-failed-1.png
    ────────────────────────────────────────────────────────────────────────────────────────────────

    attachment #2: video (video/webm) ──────────────────────────────────────────────────────────────
    ../../test-results/api-tests-🔌-API-Integrati-31ecb-d---General-dashboard-stats-Mobile-Chrome/video.webm
    ────────────────────────────────────────────────────────────────────────────────────────────────
]]>
</failure>
<system-out>
<![CDATA[
[[ATTACHMENT|test-results/api-tests-🔌-API-Integrati-31ecb-d---General-dashboard-stats-Mobile-Chrome/test-failed-1.png]]

[[ATTACHMENT|test-results/api-tests-🔌-API-Integrati-31ecb-d---General-dashboard-stats-Mobile-Chrome/video.webm]]
]]>
</system-out>
</testcase>
<testcase name="🔌 API Integration Tests - Phase 2 › 🏛️ Venue APIs › ✅ GET /api/venues - List all venues" classname="api-tests.spec.ts" time="2.2">
</testcase>
<testcase name="🔌 API Integration Tests - Phase 2 › 🏛️ Venue APIs › ✅ GET /api/venues/search - Search venues" classname="api-tests.spec.ts" time="2.008">
</testcase>
<testcase name="🔌 API Integration Tests - Phase 2 › 🏛️ Venue APIs › ✅ GET /api/venues/:id - Get specific venue" classname="api-tests.spec.ts" time="1.424">
<failure message="api-tests.spec.ts:158:9 ✅ GET /api/venues/:id - Get specific venue" type="FAILURE">
<![CDATA[  [Mobile Chrome] › api-tests.spec.ts:158:9 › 🔌 API Integration Tests - Phase 2 › 🏛️ Venue APIs › ✅ GET /api/venues/:id - Get specific venue 

    Error: expect(received).toContain(expected) // indexOf

    Expected value: 500
    Received array: [200, 404, 400]

      159 |       const response = await page.request.get('/api/venues/test-venue-id')
      160 |       
    > 161 |       expect([200, 404, 400]).toContain(response.status())
          |                               ^
      162 |     })
      163 |
      164 |     test('✅ GET /api/venues/search with filters', async ({ page }) => {
        at /Users/asithalakmal/Documents/web/final project/WeddingLK-next copy/tests/e2e/api-tests.spec.ts:161:31

    attachment #1: screenshot (image/png) ──────────────────────────────────────────────────────────
    ../../test-results/api-tests-🔌-API-Integrati-924d0-ues-id---Get-specific-venue-Mobile-Chrome/test-failed-1.png
    ────────────────────────────────────────────────────────────────────────────────────────────────

    attachment #2: video (video/webm) ──────────────────────────────────────────────────────────────
    ../../test-results/api-tests-🔌-API-Integrati-924d0-ues-id---Get-specific-venue-Mobile-Chrome/video.webm
    ────────────────────────────────────────────────────────────────────────────────────────────────
]]>
</failure>
<system-out>
<![CDATA[
[[ATTACHMENT|test-results/api-tests-🔌-API-Integrati-924d0-ues-id---Get-specific-venue-Mobile-Chrome/test-failed-1.png]]

[[ATTACHMENT|test-results/api-tests-🔌-API-Integrati-924d0-ues-id---Get-specific-venue-Mobile-Chrome/video.webm]]
]]>
</system-out>
</testcase>
<testcase name="🔌 API Integration Tests - Phase 2 › 🏛️ Venue APIs › ✅ GET /api/venues/search with filters" classname="api-tests.spec.ts" time="2.042">
</testcase>
<testcase name="🔌 API Integration Tests - Phase 2 › 🏛️ Venue APIs › ✅ GET /api/venues with pagination" classname="api-tests.spec.ts" time="1.09">
</testcase>
<testcase name="🔌 API Integration Tests - Phase 2 › 🏢 Vendor APIs › ✅ GET /api/vendors - List all vendors" classname="api-tests.spec.ts" time="1.103">
</testcase>
<testcase name="🔌 API Integration Tests - Phase 2 › 🏢 Vendor APIs › ✅ GET /api/vendors/search - Search vendors" classname="api-tests.spec.ts" time="1.319">
</testcase>
<testcase name="🔌 API Integration Tests - Phase 2 › 🏢 Vendor APIs › ✅ GET /api/vendors/:id - Get specific vendor" classname="api-tests.spec.ts" time="1.199">
<failure message="api-tests.spec.ts:196:9 ✅ GET /api/vendors/:id - Get specific vendor" type="FAILURE">
<![CDATA[  [Mobile Chrome] › api-tests.spec.ts:196:9 › 🔌 API Integration Tests - Phase 2 › 🏢 Vendor APIs › ✅ GET /api/vendors/:id - Get specific vendor 

    Error: expect(received).toContain(expected) // indexOf

    Expected value: 500
    Received array: [200, 404, 400]

      197 |       const response = await page.request.get('/api/vendors/test-vendor-id')
      198 |       
    > 199 |       expect([200, 404, 400]).toContain(response.status())
          |                               ^
      200 |     })
      201 |
      202 |     test('✅ GET /api/vendors/category/:category - Get vendors by category', async ({ page }) => {
        at /Users/asithalakmal/Documents/web/final project/WeddingLK-next copy/tests/e2e/api-tests.spec.ts:199:31

    attachment #1: screenshot (image/png) ──────────────────────────────────────────────────────────
    ../../test-results/api-tests-🔌-API-Integrati-17e5a-rs-id---Get-specific-vendor-Mobile-Chrome/test-failed-1.png
    ────────────────────────────────────────────────────────────────────────────────────────────────

    attachment #2: video (video/webm) ──────────────────────────────────────────────────────────────
    ../../test-results/api-tests-🔌-API-Integrati-17e5a-rs-id---Get-specific-vendor-Mobile-Chrome/video.webm
    ────────────────────────────────────────────────────────────────────────────────────────────────
]]>
</failure>
<system-out>
<![CDATA[
[[ATTACHMENT|test-results/api-tests-🔌-API-Integrati-17e5a-rs-id---Get-specific-vendor-Mobile-Chrome/test-failed-1.png]]

[[ATTACHMENT|test-results/api-tests-🔌-API-Integrati-17e5a-rs-id---Get-specific-vendor-Mobile-Chrome/video.webm]]
]]>
</system-out>
</testcase>
<testcase name="🔌 API Integration Tests - Phase 2 › 🏢 Vendor APIs › ✅ GET /api/vendors/category/:category - Get vendors by category" classname="api-tests.spec.ts" time="2.445">
</testcase>
<testcase name="🔌 API Integration Tests - Phase 2 › 🏢 Vendor APIs › ✅ GET /api/vendors/search with filters" classname="api-tests.spec.ts" time="1.736">
</testcase>
<testcase name="🔌 API Integration Tests - Phase 2 › 📅 Booking APIs › ✅ GET /api/bookings - List user bookings" classname="api-tests.spec.ts" time="2.197">
</testcase>
<testcase name="🔌 API Integration Tests - Phase 2 › 📅 Booking APIs › ✅ POST /api/bookings - Create booking" classname="api-tests.spec.ts" time="2.361">
</testcase>
<testcase name="🔌 API Integration Tests - Phase 2 › 📅 Booking APIs › ✅ GET /api/bookings/:id - Get specific booking" classname="api-tests.spec.ts" time="8.158">
<failure message="api-tests.spec.ts:245:9 ✅ GET /api/bookings/:id - Get specific booking" type="FAILURE">
<![CDATA[  [Mobile Chrome] › api-tests.spec.ts:245:9 › 🔌 API Integration Tests - Phase 2 › 📅 Booking APIs › ✅ GET /api/bookings/:id - Get specific booking 

    Error: expect(received).toContain(expected) // indexOf

    Expected value: 500
    Received array: [200, 404, 401]

      248 |       const response = await page.request.get('/api/bookings/test-booking-id')
      249 |       
    > 250 |       expect([200, 404, 401]).toContain(response.status())
          |                               ^
      251 |     })
      252 |
      253 |     test('✅ PATCH /api/bookings/:id - Update booking', async ({ page }) => {
        at /Users/asithalakmal/Documents/web/final project/WeddingLK-next copy/tests/e2e/api-tests.spec.ts:250:31

    attachment #1: screenshot (image/png) ──────────────────────────────────────────────────────────
    ../../test-results/api-tests-🔌-API-Integrati-c1980-s-id---Get-specific-booking-Mobile-Chrome/test-failed-1.png
    ────────────────────────────────────────────────────────────────────────────────────────────────

    attachment #2: video (video/webm) ──────────────────────────────────────────────────────────────
    ../../test-results/api-tests-🔌-API-Integrati-c1980-s-id---Get-specific-booking-Mobile-Chrome/video.webm
    ────────────────────────────────────────────────────────────────────────────────────────────────
]]>
</failure>
<system-out>
<![CDATA[
[[ATTACHMENT|test-results/api-tests-🔌-API-Integrati-c1980-s-id---Get-specific-booking-Mobile-Chrome/test-failed-1.png]]

[[ATTACHMENT|test-results/api-tests-🔌-API-Integrati-c1980-s-id---Get-specific-booking-Mobile-Chrome/video.webm]]
]]>
</system-out>
</testcase>
<testcase name="🔌 API Integration Tests - Phase 2 › 📅 Booking APIs › ✅ PATCH /api/bookings/:id - Update booking" classname="api-tests.spec.ts" time="3.288">
<failure message="api-tests.spec.ts:253:9 ✅ PATCH /api/bookings/:id - Update booking" type="FAILURE">
<![CDATA[  [Mobile Chrome] › api-tests.spec.ts:253:9 › 🔌 API Integration Tests - Phase 2 › 📅 Booking APIs › ✅ PATCH /api/bookings/:id - Update booking 

    Error: expect(received).toContain(expected) // indexOf

    Expected value: 405
    Received array: [200, 400, 404, 401]

      258 |       })
      259 |       
    > 260 |       expect([200, 400, 404, 401]).toContain(response.status())
          |                                    ^
      261 |     })
      262 |
      263 |     test('✅ DELETE /api/bookings/:id - Cancel booking', async ({ page }) => {
        at /Users/asithalakmal/Documents/web/final project/WeddingLK-next copy/tests/e2e/api-tests.spec.ts:260:36

    attachment #1: screenshot (image/png) ──────────────────────────────────────────────────────────
    ../../test-results/api-tests-🔌-API-Integrati-a1bcb-ookings-id---Update-booking-Mobile-Chrome/test-failed-1.png
    ────────────────────────────────────────────────────────────────────────────────────────────────

    attachment #2: video (video/webm) ──────────────────────────────────────────────────────────────
    ../../test-results/api-tests-🔌-API-Integrati-a1bcb-ookings-id---Update-booking-Mobile-Chrome/video.webm
    ────────────────────────────────────────────────────────────────────────────────────────────────
]]>
</failure>
<system-out>
<![CDATA[
[[ATTACHMENT|test-results/api-tests-🔌-API-Integrati-a1bcb-ookings-id---Update-booking-Mobile-Chrome/test-failed-1.png]]

[[ATTACHMENT|test-results/api-tests-🔌-API-Integrati-a1bcb-ookings-id---Update-booking-Mobile-Chrome/video.webm]]
]]>
</system-out>
</testcase>
<testcase name="🔌 API Integration Tests - Phase 2 › 📅 Booking APIs › ✅ DELETE /api/bookings/:id - Cancel booking" classname="api-tests.spec.ts" time="2.911">
<failure message="api-tests.spec.ts:263:9 ✅ DELETE /api/bookings/:id - Cancel booking" type="FAILURE">
<![CDATA[  [Mobile Chrome] › api-tests.spec.ts:263:9 › 🔌 API Integration Tests - Phase 2 › 📅 Booking APIs › ✅ DELETE /api/bookings/:id - Cancel booking 

    Error: expect(received).toContain(expected) // indexOf

    Expected value: 500
    Received array: [200, 204, 404, 401]

      266 |       const response = await page.request.delete('/api/bookings/test-booking-id')
      267 |       
    > 268 |       expect([200, 204, 404, 401]).toContain(response.status())
          |                                    ^
      269 |     })
      270 |   })
      271 |
        at /Users/asithalakmal/Documents/web/final project/WeddingLK-next copy/tests/e2e/api-tests.spec.ts:268:36

    attachment #1: screenshot (image/png) ──────────────────────────────────────────────────────────
    ../../test-results/api-tests-🔌-API-Integrati-455c9-ookings-id---Cancel-booking-Mobile-Chrome/test-failed-1.png
    ────────────────────────────────────────────────────────────────────────────────────────────────

    attachment #2: video (video/webm) ──────────────────────────────────────────────────────────────
    ../../test-results/api-tests-🔌-API-Integrati-455c9-ookings-id---Cancel-booking-Mobile-Chrome/video.webm
    ────────────────────────────────────────────────────────────────────────────────────────────────
]]>
</failure>
<system-out>
<![CDATA[
[[ATTACHMENT|test-results/api-tests-🔌-API-Integrati-455c9-ookings-id---Cancel-booking-Mobile-Chrome/test-failed-1.png]]

[[ATTACHMENT|test-results/api-tests-🔌-API-Integrati-455c9-ookings-id---Cancel-booking-Mobile-Chrome/video.webm]]
]]>
</system-out>
</testcase>
<testcase name="🔌 API Integration Tests - Phase 2 › 👤 User Profile APIs › ✅ GET /api/users/profile - Get user profile" classname="api-tests.spec.ts" time="2.738">
</testcase>
<testcase name="🔌 API Integration Tests - Phase 2 › 👤 User Profile APIs › ✅ PATCH /api/users/profile - Update user profile" classname="api-tests.spec.ts" time="3.955">
<failure message="api-tests.spec.ts:285:9 ✅ PATCH /api/users/profile - Update user profile" type="FAILURE">
<![CDATA[  [Mobile Chrome] › api-tests.spec.ts:285:9 › 🔌 API Integration Tests - Phase 2 › 👤 User Profile APIs › ✅ PATCH /api/users/profile - Update user profile 

    Error: expect(received).toContain(expected) // indexOf

    Expected value: 405
    Received array: [200, 400, 401, 404]

      290 |       })
      291 |       
    > 292 |       expect([200, 400, 401, 404]).toContain(response.status())
          |                                    ^
      293 |     })
      294 |
      295 |     test('✅ POST /api/users/profile/avatar - Upload avatar', async ({ page }) => {
        at /Users/asithalakmal/Documents/web/final project/WeddingLK-next copy/tests/e2e/api-tests.spec.ts:292:36

    attachment #1: screenshot (image/png) ──────────────────────────────────────────────────────────
    ../../test-results/api-tests-🔌-API-Integrati-8e634-ofile---Update-user-profile-Mobile-Chrome/test-failed-1.png
    ────────────────────────────────────────────────────────────────────────────────────────────────

    attachment #2: video (video/webm) ──────────────────────────────────────────────────────────────
    ../../test-results/api-tests-🔌-API-Integrati-8e634-ofile---Update-user-profile-Mobile-Chrome/video.webm
    ────────────────────────────────────────────────────────────────────────────────────────────────
]]>
</failure>
<system-out>
<![CDATA[
[[ATTACHMENT|test-results/api-tests-🔌-API-Integrati-8e634-ofile---Update-user-profile-Mobile-Chrome/test-failed-1.png]]

[[ATTACHMENT|test-results/api-tests-🔌-API-Integrati-8e634-ofile---Update-user-profile-Mobile-Chrome/video.webm]]
]]>
</system-out>
</testcase>
<testcase name="🔌 API Integration Tests - Phase 2 › 👤 User Profile APIs › ✅ POST /api/users/profile/avatar - Upload avatar" classname="api-tests.spec.ts" time="2.663">
<failure message="api-tests.spec.ts:295:9 ✅ POST /api/users/profile/avatar - Upload avatar" type="FAILURE">
<![CDATA[  [Mobile Chrome] › api-tests.spec.ts:295:9 › 🔌 API Integration Tests - Phase 2 › 👤 User Profile APIs › ✅ POST /api/users/profile/avatar - Upload avatar 

    Error: expect(received).toContain(expected) // indexOf

    Expected value: 405
    Received array: [200, 400, 401, 404]

      300 |       })
      301 |       
    > 302 |       expect([200, 400, 401, 404]).toContain(response.status())
          |                                    ^
      303 |     })
      304 |
      305 |     test('✅ GET /api/users/preferences - Get user preferences', async ({ page }) => {
        at /Users/asithalakmal/Documents/web/final project/WeddingLK-next copy/tests/e2e/api-tests.spec.ts:302:36

    attachment #1: screenshot (image/png) ──────────────────────────────────────────────────────────
    ../../test-results/api-tests-🔌-API-Integrati-5c1b8-file-avatar---Upload-avatar-Mobile-Chrome/test-failed-1.png
    ────────────────────────────────────────────────────────────────────────────────────────────────

    attachment #2: video (video/webm) ──────────────────────────────────────────────────────────────
    ../../test-results/api-tests-🔌-API-Integrati-5c1b8-file-avatar---Upload-avatar-Mobile-Chrome/video.webm
    ────────────────────────────────────────────────────────────────────────────────────────────────
]]>
</failure>
<system-out>
<![CDATA[
[[ATTACHMENT|test-results/api-tests-🔌-API-Integrati-5c1b8-file-avatar---Upload-avatar-Mobile-Chrome/test-failed-1.png]]

[[ATTACHMENT|test-results/api-tests-🔌-API-Integrati-5c1b8-file-avatar---Upload-avatar-Mobile-Chrome/video.webm]]
]]>
</system-out>
</testcase>
<testcase name="🔌 API Integration Tests - Phase 2 › 👤 User Profile APIs › ✅ GET /api/users/preferences - Get user preferences" classname="api-tests.spec.ts" time="4.322">
</testcase>
<testcase name="🔌 API Integration Tests - Phase 2 › 👤 User Profile APIs › ✅ PATCH /api/users/preferences - Update preferences" classname="api-tests.spec.ts" time="3.979">
<failure message="api-tests.spec.ts:313:9 ✅ PATCH /api/users/preferences - Update preferences" type="FAILURE">
<![CDATA[  [Mobile Chrome] › api-tests.spec.ts:313:9 › 🔌 API Integration Tests - Phase 2 › 👤 User Profile APIs › ✅ PATCH /api/users/preferences - Update preferences 

    Error: expect(received).toContain(expected) // indexOf

    Expected value: 405
    Received array: [200, 400, 401, 404]

      318 |       })
      319 |       
    > 320 |       expect([200, 400, 401, 404]).toContain(response.status())
          |                                    ^
      321 |     })
      322 |   })
      323 |
        at /Users/asithalakmal/Documents/web/final project/WeddingLK-next copy/tests/e2e/api-tests.spec.ts:320:36

    attachment #1: screenshot (image/png) ──────────────────────────────────────────────────────────
    ../../test-results/api-tests-🔌-API-Integrati-b4828-rences---Update-preferences-Mobile-Chrome/test-failed-1.png
    ────────────────────────────────────────────────────────────────────────────────────────────────

    attachment #2: video (video/webm) ──────────────────────────────────────────────────────────────
    ../../test-results/api-tests-🔌-API-Integrati-b4828-rences---Update-preferences-Mobile-Chrome/video.webm
    ────────────────────────────────────────────────────────────────────────────────────────────────
]]>
</failure>
<system-out>
<![CDATA[
[[ATTACHMENT|test-results/api-tests-🔌-API-Integrati-b4828-rences---Update-preferences-Mobile-Chrome/test-failed-1.png]]

[[ATTACHMENT|test-results/api-tests-🔌-API-Integrati-b4828-rences---Update-preferences-Mobile-Chrome/video.webm]]
]]>
</system-out>
</testcase>
<testcase name="🔌 API Integration Tests - Phase 2 › 🔍 Search &amp; Discovery APIs › ✅ GET /api/search - Global search" classname="api-tests.spec.ts" time="2.726">
</testcase>
<testcase name="🔌 API Integration Tests - Phase 2 › 🔍 Search &amp; Discovery APIs › ✅ GET /api/search/suggestions - Search suggestions" classname="api-tests.spec.ts" time="1.702">
</testcase>
<testcase name="🔌 API Integration Tests - Phase 2 › 🔍 Search &amp; Discovery APIs › ✅ GET /api/categories - Get all categories" classname="api-tests.spec.ts" time="0.688">
</testcase>
<testcase name="🔌 API Integration Tests - Phase 2 › 🔍 Search &amp; Discovery APIs › ✅ GET /api/trending - Get trending items" classname="api-tests.spec.ts" time="0.715">
</testcase>
<testcase name="🔌 API Integration Tests - Phase 2 › 🔍 Search &amp; Discovery APIs › ✅ GET /api/featured - Get featured vendors/venues" classname="api-tests.spec.ts" time="0.599">
</testcase>
<testcase name="🔌 API Integration Tests - Phase 2 › ❤️ Favorites APIs › ✅ GET /api/favorites - Get user favorites" classname="api-tests.spec.ts" time="2.422">
</testcase>
<testcase name="🔌 API Integration Tests - Phase 2 › ❤️ Favorites APIs › ✅ POST /api/favorites - Add to favorites" classname="api-tests.spec.ts" time="2.22">
</testcase>
<testcase name="🔌 API Integration Tests - Phase 2 › ❤️ Favorites APIs › ✅ DELETE /api/favorites/:id - Remove from favorites" classname="api-tests.spec.ts" time="3.848">
<failure message="api-tests.spec.ts:383:9 ✅ DELETE /api/favorites/:id - Remove from favorites" type="FAILURE">
<![CDATA[  [Mobile Chrome] › api-tests.spec.ts:383:9 › 🔌 API Integration Tests - Phase 2 › ❤️ Favorites APIs › ✅ DELETE /api/favorites/:id - Remove from favorites 

    Error: expect(received).toContain(expected) // indexOf

    Expected value: 405
    Received array: [200, 204, 404, 401]

      386 |       const response = await page.request.delete('/api/favorites/test-favorite-id')
      387 |       
    > 388 |       expect([200, 204, 404, 401]).toContain(response.status())
          |                                    ^
      389 |     })
      390 |
      391 |     test('✅ GET /api/favorites/check - Check if item is favorited', async ({ page }) => {
        at /Users/asithalakmal/Documents/web/final project/WeddingLK-next copy/tests/e2e/api-tests.spec.ts:388:36

    attachment #1: screenshot (image/png) ──────────────────────────────────────────────────────────
    ../../test-results/api-tests-🔌-API-Integrati-88d4e--id---Remove-from-favorites-Mobile-Chrome/test-failed-1.png
    ────────────────────────────────────────────────────────────────────────────────────────────────

    attachment #2: video (video/webm) ──────────────────────────────────────────────────────────────
    ../../test-results/api-tests-🔌-API-Integrati-88d4e--id---Remove-from-favorites-Mobile-Chrome/video.webm
    ────────────────────────────────────────────────────────────────────────────────────────────────
]]>
</failure>
<system-out>
<![CDATA[
[[ATTACHMENT|test-results/api-tests-🔌-API-Integrati-88d4e--id---Remove-from-favorites-Mobile-Chrome/test-failed-1.png]]

[[ATTACHMENT|test-results/api-tests-🔌-API-Integrati-88d4e--id---Remove-from-favorites-Mobile-Chrome/video.webm]]
]]>
</system-out>
</testcase>
<testcase name="🔌 API Integration Tests - Phase 2 › ❤️ Favorites APIs › ✅ GET /api/favorites/check - Check if item is favorited" classname="api-tests.spec.ts" time="4.274">
</testcase>
<testcase name="🔌 API Integration Tests - Phase 2 › ⭐ Reviews &amp; Ratings APIs › ✅ GET /api/reviews - Get reviews" classname="api-tests.spec.ts" time="3.432">
</testcase>
<testcase name="🔌 API Integration Tests - Phase 2 › ⭐ Reviews &amp; Ratings APIs › ✅ POST /api/reviews - Create review" classname="api-tests.spec.ts" time="2.407">
<failure message="api-tests.spec.ts:411:9 ✅ POST /api/reviews - Create review" type="FAILURE">
<![CDATA[  [Mobile Chrome] › api-tests.spec.ts:411:9 › 🔌 API Integration Tests - Phase 2 › ⭐ Reviews & Ratings APIs › ✅ POST /api/reviews - Create review 

    Error: expect(received).toContain(expected) // indexOf

    Expected value: 500
    Received array: [200, 201, 400, 401, 404]

      421 |       })
      422 |       
    > 423 |       expect([200, 201, 400, 401, 404]).toContain(response.status())
          |                                         ^
      424 |     })
      425 |
      426 |     test('✅ PATCH /api/reviews/:id - Update review', async ({ page }) => {
        at /Users/asithalakmal/Documents/web/final project/WeddingLK-next copy/tests/e2e/api-tests.spec.ts:423:41

    attachment #1: screenshot (image/png) ──────────────────────────────────────────────────────────
    ../../test-results/api-tests-🔌-API-Integrati-8d027-api-reviews---Create-review-Mobile-Chrome/test-failed-1.png
    ────────────────────────────────────────────────────────────────────────────────────────────────

    attachment #2: video (video/webm) ──────────────────────────────────────────────────────────────
    ../../test-results/api-tests-🔌-API-Integrati-8d027-api-reviews---Create-review-Mobile-Chrome/video.webm
    ────────────────────────────────────────────────────────────────────────────────────────────────
]]>
</failure>
<system-out>
<![CDATA[
[[ATTACHMENT|test-results/api-tests-🔌-API-Integrati-8d027-api-reviews---Create-review-Mobile-Chrome/test-failed-1.png]]

[[ATTACHMENT|test-results/api-tests-🔌-API-Integrati-8d027-api-reviews---Create-review-Mobile-Chrome/video.webm]]
]]>
</system-out>
</testcase>
<testcase name="🔌 API Integration Tests - Phase 2 › ⭐ Reviews &amp; Ratings APIs › ✅ PATCH /api/reviews/:id - Update review" classname="api-tests.spec.ts" time="3.407">
<failure message="api-tests.spec.ts:426:9 ✅ PATCH /api/reviews/:id - Update review" type="FAILURE">
<![CDATA[  [Mobile Chrome] › api-tests.spec.ts:426:9 › 🔌 API Integration Tests - Phase 2 › ⭐ Reviews & Ratings APIs › ✅ PATCH /api/reviews/:id - Update review 

    Error: expect(received).toContain(expected) // indexOf

    Expected value: 405
    Received array: [200, 400, 404, 401]

      431 |       })
      432 |       
    > 433 |       expect([200, 400, 404, 401]).toContain(response.status())
          |                                    ^
      434 |     })
      435 |
      436 |     test('✅ DELETE /api/reviews/:id - Delete review', async ({ page }) => {
        at /Users/asithalakmal/Documents/web/final project/WeddingLK-next copy/tests/e2e/api-tests.spec.ts:433:36

    attachment #1: screenshot (image/png) ──────────────────────────────────────────────────────────
    ../../test-results/api-tests-🔌-API-Integrati-518ac--reviews-id---Update-review-Mobile-Chrome/test-failed-1.png
    ────────────────────────────────────────────────────────────────────────────────────────────────

    attachment #2: video (video/webm) ──────────────────────────────────────────────────────────────
    ../../test-results/api-tests-🔌-API-Integrati-518ac--reviews-id---Update-review-Mobile-Chrome/video.webm
    ────────────────────────────────────────────────────────────────────────────────────────────────
]]>
</failure>
<system-out>
<![CDATA[
[[ATTACHMENT|test-results/api-tests-🔌-API-Integrati-518ac--reviews-id---Update-review-Mobile-Chrome/test-failed-1.png]]

[[ATTACHMENT|test-results/api-tests-🔌-API-Integrati-518ac--reviews-id---Update-review-Mobile-Chrome/video.webm]]
]]>
</system-out>
</testcase>
<testcase name="🔌 API Integration Tests - Phase 2 › ⭐ Reviews &amp; Ratings APIs › ✅ DELETE /api/reviews/:id - Delete review" classname="api-tests.spec.ts" time="2.626">
<failure message="api-tests.spec.ts:436:9 ✅ DELETE /api/reviews/:id - Delete review" type="FAILURE">
<![CDATA[  [Mobile Chrome] › api-tests.spec.ts:436:9 › 🔌 API Integration Tests - Phase 2 › ⭐ Reviews & Ratings APIs › ✅ DELETE /api/reviews/:id - Delete review 

    Error: expect(received).toContain(expected) // indexOf

    Expected value: 500
    Received array: [200, 204, 404, 401]

      439 |       const response = await page.request.delete('/api/reviews/test-review-id')
      440 |       
    > 441 |       expect([200, 204, 404, 401]).toContain(response.status())
          |                                    ^
      442 |     })
      443 |   })
      444 |
        at /Users/asithalakmal/Documents/web/final project/WeddingLK-next copy/tests/e2e/api-tests.spec.ts:441:36

    attachment #1: screenshot (image/png) ──────────────────────────────────────────────────────────
    ../../test-results/api-tests-🔌-API-Integrati-1c5d4--reviews-id---Delete-review-Mobile-Chrome/test-failed-1.png
    ────────────────────────────────────────────────────────────────────────────────────────────────

    attachment #2: video (video/webm) ──────────────────────────────────────────────────────────────
    ../../test-results/api-tests-🔌-API-Integrati-1c5d4--reviews-id---Delete-review-Mobile-Chrome/video.webm
    ────────────────────────────────────────────────────────────────────────────────────────────────
]]>
</failure>
<system-out>
<![CDATA[
[[ATTACHMENT|test-results/api-tests-🔌-API-Integrati-1c5d4--reviews-id---Delete-review-Mobile-Chrome/test-failed-1.png]]

[[ATTACHMENT|test-results/api-tests-🔌-API-Integrati-1c5d4--reviews-id---Delete-review-Mobile-Chrome/video.webm]]
]]>
</system-out>
</testcase>
<testcase name="🔌 API Integration Tests - Phase 2 › 🏥 Health &amp; Status APIs › ✅ GET /api/health - API health check" classname="api-tests.spec.ts" time="74.174">
<failure message="api-tests.spec.ts:450:9 ✅ GET /api/health - API health check" type="FAILURE">
<![CDATA[  [Mobile Chrome] › api-tests.spec.ts:450:9 › 🔌 API Integration Tests - Phase 2 › 🏥 Health & Status APIs › ✅ GET /api/health - API health check 

    TimeoutError: apiRequestContext.get: Timeout 60000ms exceeded.
    Call log:
      - → GET https://wedding-lk.vercel.app/api/health
        - user-agent: Mozilla/5.0 (Linux; Android 11; Pixel 5) AppleWebKit/537.36 (KHTML, like Gecko) Chrome/141.0.7390.37 Mobile Safari/537.36
        - accept: */*
        - accept-encoding: gzip,deflate,br


      449 |   test.describe('🏥 Health & Status APIs', () => {
      450 |     test('✅ GET /api/health - API health check', async ({ page }) => {
    > 451 |       const response = await page.request.get('/api/health')
          |                                           ^
      452 |       
      453 |       expect([200, 404]).toContain(response.status())
      454 |     })
        at /Users/asithalakmal/Documents/web/final project/WeddingLK-next copy/tests/e2e/api-tests.spec.ts:451:43

    attachment #1: screenshot (image/png) ──────────────────────────────────────────────────────────
    ../../test-results/api-tests-🔌-API-Integrati-6e718-i-health---API-health-check-Mobile-Chrome/test-failed-1.png
    ────────────────────────────────────────────────────────────────────────────────────────────────

    attachment #2: video (video/webm) ──────────────────────────────────────────────────────────────
    ../../test-results/api-tests-🔌-API-Integrati-6e718-i-health---API-health-check-Mobile-Chrome/video.webm
    ────────────────────────────────────────────────────────────────────────────────────────────────
]]>
</failure>
<system-out>
<![CDATA[
[[ATTACHMENT|test-results/api-tests-🔌-API-Integrati-6e718-i-health---API-health-check-Mobile-Chrome/test-failed-1.png]]

[[ATTACHMENT|test-results/api-tests-🔌-API-Integrati-6e718-i-health---API-health-check-Mobile-Chrome/video.webm]]
]]>
</system-out>
</testcase>
<testcase name="🔌 API Integration Tests - Phase 2 › 🏥 Health &amp; Status APIs › ✅ GET /api/status - System status" classname="api-tests.spec.ts" time="2.066">
</testcase>
</testsuite>
<testsuite name="auth.spec.ts" timestamp="2025-10-24T16:55:39.999Z" hostname="Mobile Chrome" tests="8" failures="0" skipped="7" time="15.486" errors="0">
<testcase name="Authentication Flows › User registration -&gt; email verification -&gt; login -&gt; logout - DISABLED (Registration flow needs fixing)" classname="auth.spec.ts" time="0">
<properties>
<property name="skip" value="">
</property>
</properties>
<skipped>
</skipped>
</testcase>
<testcase name="Authentication Flows › Login with invalid credentials should show error" classname="auth.spec.ts" time="15.486">
<system-out>
<![CDATA[Test users might already exist
]]>
</system-out>
</testcase>
<testcase name="Authentication Flows › Forgot password flow - DISABLED (Feature removed)" classname="auth.spec.ts" time="0">
<properties>
<property name="skip" value="">
</property>
</properties>
<skipped>
</skipped>
</testcase>
<testcase name="Authentication Flows › Social login with Google - DISABLED (Social login removed)" classname="auth.spec.ts" time="0">
<properties>
<property name="skip" value="">
</property>
</properties>
<skipped>
</skipped>
</testcase>
<testcase name="Authentication Flows › Two-factor authentication setup - DISABLED (Feature removed)" classname="auth.spec.ts" time="0">
<properties>
<property name="skip" value="">
</property>
</properties>
<skipped>
</skipped>
</testcase>
<testcase name="Authentication Flows › Login with test user credentials - DISABLED (Database connection issue)" classname="auth.spec.ts" time="0">
<properties>
<property name="skip" value="">
</property>
</properties>
<skipped>
</skipped>
</testcase>
<testcase name="Authentication Flows › Login with test vendor credentials - DISABLED (Database connection issue)" classname="auth.spec.ts" time="0">
<properties>
<property name="skip" value="">
</property>
</properties>
<skipped>
</skipped>
</testcase>
<testcase name="Authentication Flows › Login with test admin credentials - DISABLED (Database connection issue)" classname="auth.spec.ts" time="0">
<properties>
<property name="skip" value="">
</property>
</properties>
<skipped>
</skipped>
</testcase>
</testsuite>
<testsuite name="booking.spec.ts" timestamp="2025-10-24T16:55:39.999Z" hostname="Mobile Chrome" tests="6" failures="0" skipped="6" time="0" errors="0">
<testcase name="Booking System › DISABLED: booking flow with payment mock" classname="booking.spec.ts" time="0">
<properties>
<property name="skip" value="">
</property>
</properties>
<skipped>
</skipped>
</testcase>
<testcase name="Booking System › DISABLED: Booking modification and cancellation" classname="booking.spec.ts" time="0">
<properties>
<property name="skip" value="">
</property>
</properties>
<skipped>
</skipped>
</testcase>
<testcase name="Booking System › DISABLED: Booking status tracking" classname="booking.spec.ts" time="0">
<properties>
<property name="skip" value="">
</property>
</properties>
<skipped>
</skipped>
</testcase>
<testcase name="Booking System › DISABLED: Vendor booking acceptance workflow" classname="booking.spec.ts" time="0">
<properties>
<property name="skip" value="">
</property>
</properties>
<skipped>
</skipped>
</testcase>
<testcase name="Booking System › DISABLED: Booking communication and messaging" classname="booking.spec.ts" time="0">
<properties>
<property name="skip" value="">
</property>
</properties>
<skipped>
</skipped>
</testcase>
<testcase name="Booking System › DISABLED: Booking payment and refund processing" classname="booking.spec.ts" time="0">
<properties>
<property name="skip" value="">
</property>
</properties>
<skipped>
</skipped>
</testcase>
</testsuite>
<testsuite name="comprehensive-crud.spec.ts" timestamp="2025-10-24T16:55:39.999Z" hostname="Mobile Chrome" tests="28" failures="0" skipped="28" time="0" errors="0">
<testcase name="🔐 Authentication &amp; User Management CRUD › DISABLED: User Registration Flow" classname="comprehensive-crud.spec.ts" time="0">
<properties>
<property name="skip" value="">
</property>
</properties>
<skipped>
</skipped>
</testcase>
<testcase name="🔐 Authentication &amp; User Management CRUD › DISABLED: User Login Flow" classname="comprehensive-crud.spec.ts" time="0">
<properties>
<property name="skip" value="">
</property>
</properties>
<skipped>
</skipped>
</testcase>
<testcase name="🔐 Authentication &amp; User Management CRUD › DISABLED: User Profile CRUD Operations" classname="comprehensive-crud.spec.ts" time="0">
<properties>
<property name="skip" value="">
</property>
</properties>
<skipped>
</skipped>
</testcase>
<testcase name="🔐 Authentication &amp; User Management CRUD › DISABLED: User Settings CRUD Operations" classname="comprehensive-crud.spec.ts" time="0">
<properties>
<property name="skip" value="">
</property>
</properties>
<skipped>
</skipped>
</testcase>
<testcase name="🏢 Vendor Management CRUD › DISABLED: Vendor Registration Flow" classname="comprehensive-crud.spec.ts" time="0">
<properties>
<property name="skip" value="">
</property>
</properties>
<skipped>
</skipped>
</testcase>
<testcase name="🏢 Vendor Management CRUD › DISABLED: Vendor Services CRUD Operations" classname="comprehensive-crud.spec.ts" time="0">
<properties>
<property name="skip" value="">
</property>
</properties>
<skipped>
</skipped>
</testcase>
<testcase name="🏢 Vendor Management CRUD › DISABLED: Vendor Analytics &amp; Reports" classname="comprehensive-crud.spec.ts" time="0">
<properties>
<property name="skip" value="">
</property>
</properties>
<skipped>
</skipped>
</testcase>
<testcase name="📅 Booking System CRUD › DISABLED: Create Booking Flow" classname="comprehensive-crud.spec.ts" time="0">
<properties>
<property name="skip" value="">
</property>
</properties>
<skipped>
</skipped>
</testcase>
<testcase name="📅 Booking System CRUD › DISABLED: Booking Management CRUD" classname="comprehensive-crud.spec.ts" time="0">
<properties>
<property name="skip" value="">
</property>
</properties>
<skipped>
</skipped>
</testcase>
<testcase name="📅 Booking System CRUD › DISABLED: Booking Status Tracking" classname="comprehensive-crud.spec.ts" time="0">
<properties>
<property name="skip" value="">
</property>
</properties>
<skipped>
</skipped>
</testcase>
<testcase name="👥 Wedding Planner CRUD Operations › DISABLED: Planner Client Management" classname="comprehensive-crud.spec.ts" time="0">
<properties>
<property name="skip" value="">
</property>
</properties>
<skipped>
</skipped>
</testcase>
<testcase name="👥 Wedding Planner CRUD Operations › DISABLED: Planner Task Management" classname="comprehensive-crud.spec.ts" time="0">
<properties>
<property name="skip" value="">
</property>
</properties>
<skipped>
</skipped>
</testcase>
<testcase name="🛡️ RBAC (Role-Based Access Control) Tests › DISABLED: User Role Access Control" classname="comprehensive-crud.spec.ts" time="0">
<properties>
<property name="skip" value="">
</property>
</properties>
<skipped>
</skipped>
</testcase>
<testcase name="🛡️ RBAC (Role-Based Access Control) Tests › DISABLED: Vendor Role Access Control" classname="comprehensive-crud.spec.ts" time="0">
<properties>
<property name="skip" value="">
</property>
</properties>
<skipped>
</skipped>
</testcase>
<testcase name="🛡️ RBAC (Role-Based Access Control) Tests › DISABLED: Admin Role Access Control" classname="comprehensive-crud.spec.ts" time="0">
<properties>
<property name="skip" value="">
</property>
</properties>
<skipped>
</skipped>
</testcase>
<testcase name="🛡️ RBAC (Role-Based Access Control) Tests › DISABLED: Middleware Route Protection" classname="comprehensive-crud.spec.ts" time="0">
<properties>
<property name="skip" value="">
</property>
</properties>
<skipped>
</skipped>
</testcase>
<testcase name="💳 Payment &amp; Financial CRUD › DISABLED: Payment Processing Flow" classname="comprehensive-crud.spec.ts" time="0">
<properties>
<property name="skip" value="">
</property>
</properties>
<skipped>
</skipped>
</testcase>
<testcase name="💳 Payment &amp; Financial CRUD › DISABLED: Payment History &amp; Management" classname="comprehensive-crud.spec.ts" time="0">
<properties>
<property name="skip" value="">
</property>
</properties>
<skipped>
</skipped>
</testcase>
<testcase name="📱 Mobile &amp; Responsive CRUD › DISABLED: Mobile Navigation &amp; CRUD Operations" classname="comprehensive-crud.spec.ts" time="0">
<properties>
<property name="skip" value="">
</property>
</properties>
<skipped>
</skipped>
</testcase>
<testcase name="🔍 Search &amp; Filter CRUD › DISABLED: Venue Search &amp; Filter Operations" classname="comprehensive-crud.spec.ts" time="0">
<properties>
<property name="skip" value="">
</property>
</properties>
<skipped>
</skipped>
</testcase>
<testcase name="🔍 Search &amp; Filter CRUD › DISABLED: Vendor Search &amp; Filter Operations" classname="comprehensive-crud.spec.ts" time="0">
<properties>
<property name="skip" value="">
</property>
</properties>
<skipped>
</skipped>
</testcase>
<testcase name="📊 Analytics &amp; Reporting CRUD › DISABLED: User Analytics Dashboard" classname="comprehensive-crud.spec.ts" time="0">
<properties>
<property name="skip" value="">
</property>
</properties>
<skipped>
</skipped>
</testcase>
<testcase name="📊 Analytics &amp; Reporting CRUD › DISABLED: Admin Analytics &amp; Reports" classname="comprehensive-crud.spec.ts" time="0">
<properties>
<property name="skip" value="">
</property>
</properties>
<skipped>
</skipped>
</testcase>
<testcase name="🔔 Notification &amp; Communication CRUD › DISABLED: Notification Management" classname="comprehensive-crud.spec.ts" time="0">
<properties>
<property name="skip" value="">
</property>
</properties>
<skipped>
</skipped>
</testcase>
<testcase name="🔔 Notification &amp; Communication CRUD › DISABLED: Message System CRUD" classname="comprehensive-crud.spec.ts" time="0">
<properties>
<property name="skip" value="">
</property>
</properties>
<skipped>
</skipped>
</testcase>
<testcase name="🔄 Data Synchronization &amp; Cache CRUD › DISABLED: Data Cache Management" classname="comprehensive-crud.spec.ts" time="0">
<properties>
<property name="skip" value="">
</property>
</properties>
<skipped>
</skipped>
</testcase>
<testcase name="🛠️ System Administration CRUD › DISABLED: User Management Operations" classname="comprehensive-crud.spec.ts" time="0">
<properties>
<property name="skip" value="">
</property>
</properties>
<skipped>
</skipped>
</testcase>
<testcase name="🛠️ System Administration CRUD › DISABLED: System Settings Management" classname="comprehensive-crud.spec.ts" time="0">
<properties>
<property name="skip" value="">
</property>
</properties>
<skipped>
</skipped>
</testcase>
</testsuite>
<testsuite name="comprehensive-live-deployment.spec.ts" timestamp="2025-10-24T16:55:39.999Z" hostname="Mobile Chrome" tests="14" failures="0" skipped="14" time="0" errors="0">
<testcase name="🚀 COMPREHENSIVE LIVE DEPLOYMENT TESTING › DISABLED: 🏠 HOMEPAGE - Complete Frontend Testing" classname="comprehensive-live-deployment.spec.ts" time="0">
<properties>
<property name="skip" value="">
</property>
</properties>
<skipped>
</skipped>
</testcase>
<testcase name="🚀 COMPREHENSIVE LIVE DEPLOYMENT TESTING › DISABLED: 🔐 AUTHENTICATION - Complete Auth Flow Testing" classname="comprehensive-live-deployment.spec.ts" time="0">
<properties>
<property name="skip" value="">
</property>
</properties>
<skipped>
</skipped>
</testcase>
<testcase name="🚀 COMPREHENSIVE LIVE DEPLOYMENT TESTING › DISABLED: 🏢 VENUES - Complete Venue CRUD Testing" classname="comprehensive-live-deployment.spec.ts" time="0">
<properties>
<property name="skip" value="">
</property>
</properties>
<skipped>
</skipped>
</testcase>
<testcase name="🚀 COMPREHENSIVE LIVE DEPLOYMENT TESTING › DISABLED: 🏪 VENDORS - Complete Vendor CRUD Testing" classname="comprehensive-live-deployment.spec.ts" time="0">
<properties>
<property name="skip" value="">
</property>
</properties>
<skipped>
</skipped>
</testcase>
<testcase name="🚀 COMPREHENSIVE LIVE DEPLOYMENT TESTING › DISABLED: 📱 FEED - Complete Social Feed Testing" classname="comprehensive-live-deployment.spec.ts" time="0">
<properties>
<property name="skip" value="">
</property>
</properties>
<skipped>
</skipped>
</testcase>
<testcase name="🚀 COMPREHENSIVE LIVE DEPLOYMENT TESTING › DISABLED: 🖼️ GALLERY - Complete Gallery Testing" classname="comprehensive-live-deployment.spec.ts" time="0">
<properties>
<property name="skip" value="">
</property>
</properties>
<skipped>
</skipped>
</testcase>
<testcase name="🚀 COMPREHENSIVE LIVE DEPLOYMENT TESTING › DISABLED: 📊 DASHBOARD - Complete Dashboard Testing" classname="comprehensive-live-deployment.spec.ts" time="0">
<properties>
<property name="skip" value="">
</property>
</properties>
<skipped>
</skipped>
</testcase>
<testcase name="🚀 COMPREHENSIVE LIVE DEPLOYMENT TESTING › DISABLED: 🔧 API ENDPOINTS - Complete API Testing" classname="comprehensive-live-deployment.spec.ts" time="0">
<properties>
<property name="skip" value="">
</property>
</properties>
<skipped>
</skipped>
</testcase>
<testcase name="🚀 COMPREHENSIVE LIVE DEPLOYMENT TESTING › DISABLED: 📱 RESPONSIVE DESIGN - Complete Mobile Testing" classname="comprehensive-live-deployment.spec.ts" time="0">
<properties>
<property name="skip" value="">
</property>
</properties>
<skipped>
</skipped>
</testcase>
<testcase name="🚀 COMPREHENSIVE LIVE DEPLOYMENT TESTING › DISABLED: 🎨 UI COMPONENTS - Complete Component Testing" classname="comprehensive-live-deployment.spec.ts" time="0">
<properties>
<property name="skip" value="">
</property>
</properties>
<skipped>
</skipped>
</testcase>
<testcase name="🚀 COMPREHENSIVE LIVE DEPLOYMENT TESTING › DISABLED: ⚡ PERFORMANCE - Complete Performance Testing" classname="comprehensive-live-deployment.spec.ts" time="0">
<properties>
<property name="skip" value="">
</property>
</properties>
<skipped>
</skipped>
</testcase>
<testcase name="🚀 COMPREHENSIVE LIVE DEPLOYMENT TESTING › DISABLED: 🔍 ERROR HANDLING - Complete Error Testing" classname="comprehensive-live-deployment.spec.ts" time="0">
<properties>
<property name="skip" value="">
</property>
</properties>
<skipped>
</skipped>
</testcase>
<testcase name="🚀 COMPREHENSIVE LIVE DEPLOYMENT TESTING › DISABLED: 🎯 FINAL INTEGRATION - Complete System Integration" classname="comprehensive-live-deployment.spec.ts" time="0">
<properties>
<property name="skip" value="">
</property>
</properties>
<skipped>
</skipped>
</testcase>
<testcase name="🚀 LIVE DEPLOYMENT STRESS TESTING › DISABLED: ⚡ STRESS TEST - Multiple Concurrent Operations" classname="comprehensive-live-deployment.spec.ts" time="0">
<properties>
<property name="skip" value="">
</property>
</properties>
<skipped>
</skipped>
</testcase>
</testsuite>
<testsuite name="critical-features.spec.ts" timestamp="2025-10-24T16:55:39.999Z" hostname="Mobile Chrome" tests="17" failures="13" skipped="0" time="268.085" errors="0">
<testcase name="🔐 Critical Features - Phase 1 Tests › ✅ Homepage loads without authentication" classname="critical-features.spec.ts" time="6.878">
</testcase>
<testcase name="🔐 Critical Features - Phase 1 Tests › ✅ Login page renders with email/password fields" classname="critical-features.spec.ts" time="3.841">
</testcase>
<testcase name="🔐 Critical Features - Phase 1 Tests › ✅ Registration page accessible" classname="critical-features.spec.ts" time="36.411">
<failure message="critical-features.spec.ts:68:7 ✅ Registration page accessible" type="FAILURE">
<![CDATA[  [Mobile Chrome] › critical-features.spec.ts:68:7 › 🔐 Critical Features - Phase 1 Tests › ✅ Registration page accessible 

    Error: expect(locator).toBeVisible() failed

    Locator: locator('text=/Register|Sign Up/')
    Expected: visible
    Timeout: 30000ms
    Error: element(s) not found

    Call log:
      - Expect "toBeVisible" with timeout 30000ms
      - waiting for locator('text=/Register|Sign Up/')


      70 |     
      71 |     // Check page is loaded
    > 72 |     await expect(page.locator('text=/Register|Sign Up/')).toBeVisible()
         |                                                           ^
      73 |     
      74 |     // Check form fields exist
      75 |     await expect(page.locator('input[type="email"]')).toBeVisible()
        at /Users/asithalakmal/Documents/web/final project/WeddingLK-next copy/tests/e2e/critical-features.spec.ts:72:59

    attachment #1: screenshot (image/png) ──────────────────────────────────────────────────────────
    ../../test-results/critical-features-🔐-Criti-cc998-egistration-page-accessible-Mobile-Chrome/test-failed-1.png
    ────────────────────────────────────────────────────────────────────────────────────────────────

    attachment #2: video (video/webm) ──────────────────────────────────────────────────────────────
    ../../test-results/critical-features-🔐-Criti-cc998-egistration-page-accessible-Mobile-Chrome/video.webm
    ────────────────────────────────────────────────────────────────────────────────────────────────

    Error Context: ../../test-results/critical-features-🔐-Criti-cc998-egistration-page-accessible-Mobile-Chrome/error-context.md
]]>
</failure>
<system-out>
<![CDATA[
[[ATTACHMENT|test-results/critical-features-🔐-Criti-cc998-egistration-page-accessible-Mobile-Chrome/test-failed-1.png]]

[[ATTACHMENT|test-results/critical-features-🔐-Criti-cc998-egistration-page-accessible-Mobile-Chrome/video.webm]]

[[ATTACHMENT|test-results/critical-features-🔐-Criti-cc998-egistration-page-accessible-Mobile-Chrome/error-context.md]]
]]>
</system-out>
</testcase>
<testcase name="🔐 Critical Features - Phase 1 Tests › ✅ User can login with valid credentials" classname="critical-features.spec.ts" time="16.489">
<failure message="critical-features.spec.ts:79:7 ✅ User can login with valid credentials" type="FAILURE">
<![CDATA[  [Mobile Chrome] › critical-features.spec.ts:79:7 › 🔐 Critical Features - Phase 1 Tests › ✅ User can login with valid credentials 

    TimeoutError: page.waitForURL: Timeout 10000ms exceeded.
    =========================== logs ===========================
    waiting for navigation until "load"
    ============================================================

      88 |     
      89 |     // Wait for navigation
    > 90 |     await page.waitForURL(/\/dashboard/, { timeout: 10000 })
         |                ^
      91 |     
      92 |     // Verify we're on dashboard
      93 |     await expect(page.url()).toContain('/dashboard')
        at /Users/asithalakmal/Documents/web/final project/WeddingLK-next copy/tests/e2e/critical-features.spec.ts:90:16

    attachment #1: screenshot (image/png) ──────────────────────────────────────────────────────────
    ../../test-results/critical-features-🔐-Criti-d3f59-ogin-with-valid-credentials-Mobile-Chrome/test-failed-1.png
    ────────────────────────────────────────────────────────────────────────────────────────────────

    attachment #2: video (video/webm) ──────────────────────────────────────────────────────────────
    ../../test-results/critical-features-🔐-Criti-d3f59-ogin-with-valid-credentials-Mobile-Chrome/video.webm
    ────────────────────────────────────────────────────────────────────────────────────────────────

    Error Context: ../../test-results/critical-features-🔐-Criti-d3f59-ogin-with-valid-credentials-Mobile-Chrome/error-context.md
]]>
</failure>
<system-out>
<![CDATA[
[[ATTACHMENT|test-results/critical-features-🔐-Criti-d3f59-ogin-with-valid-credentials-Mobile-Chrome/test-failed-1.png]]

[[ATTACHMENT|test-results/critical-features-🔐-Criti-d3f59-ogin-with-valid-credentials-Mobile-Chrome/video.webm]]

[[ATTACHMENT|test-results/critical-features-🔐-Criti-d3f59-ogin-with-valid-credentials-Mobile-Chrome/error-context.md]]
]]>
</system-out>
</testcase>
<testcase name="🔐 Critical Features - Phase 1 Tests › ✅ Invalid login shows error message" classname="critical-features.spec.ts" time="6.156">
</testcase>
<testcase name="🔐 Critical Features - Phase 1 Tests › ✅ Authenticated user can access dashboard" classname="critical-features.spec.ts" time="17.239">
<failure message="critical-features.spec.ts:111:7 ✅ Authenticated user can access dashboard" type="FAILURE">
<![CDATA[  [Mobile Chrome] › critical-features.spec.ts:111:7 › 🔐 Critical Features - Phase 1 Tests › ✅ Authenticated user can access dashboard 

    TimeoutError: page.waitForURL: Timeout 10000ms exceeded.
    =========================== logs ===========================
    waiting for navigation until "load"
    ============================================================

      117 |     
      118 |     // Wait for dashboard
    > 119 |     await page.waitForURL(/\/dashboard/, { timeout: 10000 })
          |                ^
      120 |     
      121 |     // Check dashboard elements
      122 |     await expect(page.locator('text=Dashboard')).toBeVisible({ timeout: 5000 })
        at /Users/asithalakmal/Documents/web/final project/WeddingLK-next copy/tests/e2e/critical-features.spec.ts:119:16

    attachment #1: screenshot (image/png) ──────────────────────────────────────────────────────────
    ../../test-results/critical-features-🔐-Criti-2fa29-d-user-can-access-dashboard-Mobile-Chrome/test-failed-1.png
    ────────────────────────────────────────────────────────────────────────────────────────────────

    attachment #2: video (video/webm) ──────────────────────────────────────────────────────────────
    ../../test-results/critical-features-🔐-Criti-2fa29-d-user-can-access-dashboard-Mobile-Chrome/video.webm
    ────────────────────────────────────────────────────────────────────────────────────────────────

    Error Context: ../../test-results/critical-features-🔐-Criti-2fa29-d-user-can-access-dashboard-Mobile-Chrome/error-context.md
]]>
</failure>
<system-out>
<![CDATA[
[[ATTACHMENT|test-results/critical-features-🔐-Criti-2fa29-d-user-can-access-dashboard-Mobile-Chrome/test-failed-1.png]]

[[ATTACHMENT|test-results/critical-features-🔐-Criti-2fa29-d-user-can-access-dashboard-Mobile-Chrome/video.webm]]

[[ATTACHMENT|test-results/critical-features-🔐-Criti-2fa29-d-user-can-access-dashboard-Mobile-Chrome/error-context.md]]
]]>
</system-out>
</testcase>
<testcase name="🔐 Critical Features - Phase 1 Tests › ✅ Unauthenticated users redirected to login" classname="critical-features.spec.ts" time="5.673">
<failure message="critical-features.spec.ts:125:7 ✅ Unauthenticated users redirected to login" type="FAILURE">
<![CDATA[  [Mobile Chrome] › critical-features.spec.ts:125:7 › 🔐 Critical Features - Phase 1 Tests › ✅ Unauthenticated users redirected to login 

    Error: expect(received).toContain(expected) // indexOf

    Expected substring: "/login"
    Received string:    "https://wedding-lk.vercel.app/dashboard"

      131 |     
      132 |     // Should redirect to login
    > 133 |     await expect(page.url()).toContain('/login')
          |                              ^
      134 |   })
      135 |
      136 |   test('✅ User can logout and return to login', async ({ page }) => {
        at /Users/asithalakmal/Documents/web/final project/WeddingLK-next copy/tests/e2e/critical-features.spec.ts:133:30

    attachment #1: screenshot (image/png) ──────────────────────────────────────────────────────────
    ../../test-results/critical-features-🔐-Criti-78e76-d-users-redirected-to-login-Mobile-Chrome/test-failed-1.png
    ────────────────────────────────────────────────────────────────────────────────────────────────

    attachment #2: video (video/webm) ──────────────────────────────────────────────────────────────
    ../../test-results/critical-features-🔐-Criti-78e76-d-users-redirected-to-login-Mobile-Chrome/video.webm
    ────────────────────────────────────────────────────────────────────────────────────────────────

    Error Context: ../../test-results/critical-features-🔐-Criti-78e76-d-users-redirected-to-login-Mobile-Chrome/error-context.md
]]>
</failure>
<system-out>
<![CDATA[
[[ATTACHMENT|test-results/critical-features-🔐-Criti-78e76-d-users-redirected-to-login-Mobile-Chrome/test-failed-1.png]]

[[ATTACHMENT|test-results/critical-features-🔐-Criti-78e76-d-users-redirected-to-login-Mobile-Chrome/video.webm]]

[[ATTACHMENT|test-results/critical-features-🔐-Criti-78e76-d-users-redirected-to-login-Mobile-Chrome/error-context.md]]
]]>
</system-out>
</testcase>
<testcase name="🔐 Critical Features - Phase 1 Tests › ✅ User can logout and return to login" classname="critical-features.spec.ts" time="17.1">
<failure message="critical-features.spec.ts:136:7 ✅ User can logout and return to login" type="FAILURE">
<![CDATA[  [Mobile Chrome] › critical-features.spec.ts:136:7 › 🔐 Critical Features - Phase 1 Tests › ✅ User can logout and return to login 

    TimeoutError: page.waitForURL: Timeout 10000ms exceeded.
    =========================== logs ===========================
    waiting for navigation until "load"
    ============================================================

      142 |     
      143 |     // Wait for dashboard
    > 144 |     await page.waitForURL(/\/dashboard/, { timeout: 10000 })
          |                ^
      145 |     
      146 |     // Find logout button (various selectors for different implementations)
      147 |     const logoutButton = page.locator(
        at /Users/asithalakmal/Documents/web/final project/WeddingLK-next copy/tests/e2e/critical-features.spec.ts:144:16

    attachment #1: screenshot (image/png) ──────────────────────────────────────────────────────────
    ../../test-results/critical-features-🔐-Criti-490c4--logout-and-return-to-login-Mobile-Chrome/test-failed-1.png
    ────────────────────────────────────────────────────────────────────────────────────────────────

    attachment #2: video (video/webm) ──────────────────────────────────────────────────────────────
    ../../test-results/critical-features-🔐-Criti-490c4--logout-and-return-to-login-Mobile-Chrome/video.webm
    ────────────────────────────────────────────────────────────────────────────────────────────────

    Error Context: ../../test-results/critical-features-🔐-Criti-490c4--logout-and-return-to-login-Mobile-Chrome/error-context.md
]]>
</failure>
<system-out>
<![CDATA[
[[ATTACHMENT|test-results/critical-features-🔐-Criti-490c4--logout-and-return-to-login-Mobile-Chrome/test-failed-1.png]]

[[ATTACHMENT|test-results/critical-features-🔐-Criti-490c4--logout-and-return-to-login-Mobile-Chrome/video.webm]]

[[ATTACHMENT|test-results/critical-features-🔐-Criti-490c4--logout-and-return-to-login-Mobile-Chrome/error-context.md]]
]]>
</system-out>
</testcase>
<testcase name="🔐 Critical Features - Phase 1 Tests › ✅ User role gets correct dashboard" classname="critical-features.spec.ts" time="15.931">
<failure message="critical-features.spec.ts:162:7 ✅ User role gets correct dashboard" type="FAILURE">
<![CDATA[  [Mobile Chrome] › critical-features.spec.ts:162:7 › 🔐 Critical Features - Phase 1 Tests › ✅ User role gets correct dashboard 

    TimeoutError: page.waitForURL: Timeout 10000ms exceeded.
    =========================== logs ===========================
    waiting for navigation until "load"
    ============================================================

      168 |     
      169 |     // Wait for dashboard
    > 170 |     await page.waitForURL(/\/dashboard/, { timeout: 10000 })
          |                ^
      171 |     
      172 |     // Check URL contains user dashboard path
      173 |     const url = page.url()
        at /Users/asithalakmal/Documents/web/final project/WeddingLK-next copy/tests/e2e/critical-features.spec.ts:170:16

    attachment #1: screenshot (image/png) ──────────────────────────────────────────────────────────
    ../../test-results/critical-features-🔐-Criti-1fa0a-role-gets-correct-dashboard-Mobile-Chrome/test-failed-1.png
    ────────────────────────────────────────────────────────────────────────────────────────────────

    attachment #2: video (video/webm) ──────────────────────────────────────────────────────────────
    ../../test-results/critical-features-🔐-Criti-1fa0a-role-gets-correct-dashboard-Mobile-Chrome/video.webm
    ────────────────────────────────────────────────────────────────────────────────────────────────

    Error Context: ../../test-results/critical-features-🔐-Criti-1fa0a-role-gets-correct-dashboard-Mobile-Chrome/error-context.md
]]>
</failure>
<system-out>
<![CDATA[
[[ATTACHMENT|test-results/critical-features-🔐-Criti-1fa0a-role-gets-correct-dashboard-Mobile-Chrome/test-failed-1.png]]

[[ATTACHMENT|test-results/critical-features-🔐-Criti-1fa0a-role-gets-correct-dashboard-Mobile-Chrome/video.webm]]

[[ATTACHMENT|test-results/critical-features-🔐-Criti-1fa0a-role-gets-correct-dashboard-Mobile-Chrome/error-context.md]]
]]>
</system-out>
</testcase>
<testcase name="🔐 Critical Features - Phase 1 Tests › ✅ Vendor role gets vendor dashboard" classname="critical-features.spec.ts" time="16.363">
<failure message="critical-features.spec.ts:177:7 ✅ Vendor role gets vendor dashboard" type="FAILURE">
<![CDATA[  [Mobile Chrome] › critical-features.spec.ts:177:7 › 🔐 Critical Features - Phase 1 Tests › ✅ Vendor role gets vendor dashboard 

    TimeoutError: page.waitForURL: Timeout 10000ms exceeded.
    =========================== logs ===========================
    waiting for navigation until "load"
    ============================================================

      183 |     
      184 |     // Wait for dashboard
    > 185 |     await page.waitForURL(/\/dashboard/, { timeout: 10000 })
          |                ^
      186 |     
      187 |     // Verify vendor dashboard or role indicator
      188 |     const url = page.url()
        at /Users/asithalakmal/Documents/web/final project/WeddingLK-next copy/tests/e2e/critical-features.spec.ts:185:16

    attachment #1: screenshot (image/png) ──────────────────────────────────────────────────────────
    ../../test-results/critical-features-🔐-Criti-1c3fb--role-gets-vendor-dashboard-Mobile-Chrome/test-failed-1.png
    ────────────────────────────────────────────────────────────────────────────────────────────────

    attachment #2: video (video/webm) ──────────────────────────────────────────────────────────────
    ../../test-results/critical-features-🔐-Criti-1c3fb--role-gets-vendor-dashboard-Mobile-Chrome/video.webm
    ────────────────────────────────────────────────────────────────────────────────────────────────

    Error Context: ../../test-results/critical-features-🔐-Criti-1c3fb--role-gets-vendor-dashboard-Mobile-Chrome/error-context.md
]]>
</failure>
<system-out>
<![CDATA[
[[ATTACHMENT|test-results/critical-features-🔐-Criti-1c3fb--role-gets-vendor-dashboard-Mobile-Chrome/test-failed-1.png]]

[[ATTACHMENT|test-results/critical-features-🔐-Criti-1c3fb--role-gets-vendor-dashboard-Mobile-Chrome/video.webm]]

[[ATTACHMENT|test-results/critical-features-🔐-Criti-1c3fb--role-gets-vendor-dashboard-Mobile-Chrome/error-context.md]]
]]>
</system-out>
</testcase>
<testcase name="🔐 Critical Features - Phase 1 Tests › ✅ Admin role gets admin dashboard" classname="critical-features.spec.ts" time="15.857">
<failure message="critical-features.spec.ts:192:7 ✅ Admin role gets admin dashboard" type="FAILURE">
<![CDATA[  [Mobile Chrome] › critical-features.spec.ts:192:7 › 🔐 Critical Features - Phase 1 Tests › ✅ Admin role gets admin dashboard 

    TimeoutError: page.waitForURL: Timeout 10000ms exceeded.
    =========================== logs ===========================
    waiting for navigation until "load"
    ============================================================

      198 |     
      199 |     // Wait for dashboard
    > 200 |     await page.waitForURL(/\/dashboard/, { timeout: 10000 })
          |                ^
      201 |     
      202 |     // Verify admin dashboard or role indicator
      203 |     const url = page.url()
        at /Users/asithalakmal/Documents/web/final project/WeddingLK-next copy/tests/e2e/critical-features.spec.ts:200:16

    attachment #1: screenshot (image/png) ──────────────────────────────────────────────────────────
    ../../test-results/critical-features-🔐-Criti-97c64-n-role-gets-admin-dashboard-Mobile-Chrome/test-failed-1.png
    ────────────────────────────────────────────────────────────────────────────────────────────────

    attachment #2: video (video/webm) ──────────────────────────────────────────────────────────────
    ../../test-results/critical-features-🔐-Criti-97c64-n-role-gets-admin-dashboard-Mobile-Chrome/video.webm
    ────────────────────────────────────────────────────────────────────────────────────────────────

    Error Context: ../../test-results/critical-features-🔐-Criti-97c64-n-role-gets-admin-dashboard-Mobile-Chrome/error-context.md
]]>
</failure>
<system-out>
<![CDATA[
[[ATTACHMENT|test-results/critical-features-🔐-Criti-97c64-n-role-gets-admin-dashboard-Mobile-Chrome/test-failed-1.png]]

[[ATTACHMENT|test-results/critical-features-🔐-Criti-97c64-n-role-gets-admin-dashboard-Mobile-Chrome/video.webm]]

[[ATTACHMENT|test-results/critical-features-🔐-Criti-97c64-n-role-gets-admin-dashboard-Mobile-Chrome/error-context.md]]
]]>
</system-out>
</testcase>
<testcase name="🔐 Critical Features - Phase 1 Tests › ✅ User cannot access admin routes without permission" classname="critical-features.spec.ts" time="18.71">
<failure message="critical-features.spec.ts:207:7 ✅ User cannot access admin routes without permission" type="FAILURE">
<![CDATA[  [Mobile Chrome] › critical-features.spec.ts:207:7 › 🔐 Critical Features - Phase 1 Tests › ✅ User cannot access admin routes without permission 

    TimeoutError: page.waitForURL: Timeout 10000ms exceeded.
    =========================== logs ===========================
    waiting for navigation until "load"
    ============================================================

      213 |     
      214 |     // Wait for dashboard
    > 215 |     await page.waitForURL(/\/dashboard/, { timeout: 10000 })
          |                ^
      216 |     
      217 |     // Try to access admin dashboard directly
      218 |     await page.goto('/dashboard/admin')
        at /Users/asithalakmal/Documents/web/final project/WeddingLK-next copy/tests/e2e/critical-features.spec.ts:215:16

    attachment #1: screenshot (image/png) ──────────────────────────────────────────────────────────
    ../../test-results/critical-features-🔐-Criti-0b904-n-routes-without-permission-Mobile-Chrome/test-failed-1.png
    ────────────────────────────────────────────────────────────────────────────────────────────────

    attachment #2: video (video/webm) ──────────────────────────────────────────────────────────────
    ../../test-results/critical-features-🔐-Criti-0b904-n-routes-without-permission-Mobile-Chrome/video.webm
    ────────────────────────────────────────────────────────────────────────────────────────────────

    Error Context: ../../test-results/critical-features-🔐-Criti-0b904-n-routes-without-permission-Mobile-Chrome/error-context.md
]]>
</failure>
<system-out>
<![CDATA[
[[ATTACHMENT|test-results/critical-features-🔐-Criti-0b904-n-routes-without-permission-Mobile-Chrome/test-failed-1.png]]

[[ATTACHMENT|test-results/critical-features-🔐-Criti-0b904-n-routes-without-permission-Mobile-Chrome/video.webm]]

[[ATTACHMENT|test-results/critical-features-🔐-Criti-0b904-n-routes-without-permission-Mobile-Chrome/error-context.md]]
]]>
</system-out>
</testcase>
<testcase name="🔐 Critical Features - Phase 1 Tests › ✅ AI search section visible on homepage" classname="critical-features.spec.ts" time="7.845">
<failure message="critical-features.spec.ts:232:7 ✅ AI search section visible on homepage" type="FAILURE">
<![CDATA[  [Mobile Chrome] › critical-features.spec.ts:232:7 › 🔐 Critical Features - Phase 1 Tests › ✅ AI search section visible on homepage 

    Error: expect(locator).toBeVisible() failed

    Locator: locator('text=/AI|Artificial Intelligence|Search|Find/')
    Expected: visible
    Error: strict mode violation: locator('text=/AI|Artificial Intelligence|Search|Find/') resolved to 5 elements:
        1) <span class="text-sm font-medium text-gray-700 dark:text-gray-300">AI-Powered Wedding Search</span> aka getByText('AI-Powered Wedding Search')
        2) <h1 class="text-4xl md:text-6xl font-bold text-gray-900 dark:text-white mb-6">…</h1> aka getByRole('heading', { name: 'Find Your Perfect Wedding' })
        3) <p class="text-xl text-gray-600 dark:text-gray-300 max-w-3xl mx-auto">Describe your dream wedding in natural language a…</p> aka getByText('Describe your dream wedding in natural language and let our AI find the perfect')
        4) <button class="inline-flex items-center justify-center gap-2 whitespace-nowrap rounded-md font-medium ring-offset-background transition-colors focus-visible:outline-none focus-visible:ring-2 focus-visible:ring-ring focus-visible:ring-offset-2 disabled:pointer-events-none disabled:opacity-50 [&_svg]:pointer-events-none [&_svg]:size-4 [&_svg]:shrink-0 bg-primary text-primary-foreground hover:bg-primary/90 px-4 py-2 w-full h-14 text-lg bg-gradient-to-r from-pink-500 via-purple-500 to-rose-500 hover:from-…>…</button> aka getByRole('button', { name: 'Find My Perfect Wedding' })
        5) <p class="text-gray-600 dark:text-gray-300">Find and book the perfect venue from our curated …</p> aka getByText('Find and book the perfect')

    Call log:
      - Expect "toBeVisible" with timeout 5000ms
      - waiting for locator('text=/AI|Artificial Intelligence|Search|Find/')


      240 |     )
      241 |     
    > 242 |     await expect(aiSearchSection).toBeVisible({ timeout: 5000 })
          |                                   ^
      243 |   })
      244 |
      245 |   test('✅ Venue search accessible from homepage', async ({ page }) => {
        at /Users/asithalakmal/Documents/web/final project/WeddingLK-next copy/tests/e2e/critical-features.spec.ts:242:35

    attachment #1: screenshot (image/png) ──────────────────────────────────────────────────────────
    ../../test-results/critical-features-🔐-Criti-017c1-section-visible-on-homepage-Mobile-Chrome/test-failed-1.png
    ────────────────────────────────────────────────────────────────────────────────────────────────

    attachment #2: video (video/webm) ──────────────────────────────────────────────────────────────
    ../../test-results/critical-features-🔐-Criti-017c1-section-visible-on-homepage-Mobile-Chrome/video.webm
    ────────────────────────────────────────────────────────────────────────────────────────────────

    Error Context: ../../test-results/critical-features-🔐-Criti-017c1-section-visible-on-homepage-Mobile-Chrome/error-context.md
]]>
</failure>
<system-out>
<![CDATA[
[[ATTACHMENT|test-results/critical-features-🔐-Criti-017c1-section-visible-on-homepage-Mobile-Chrome/test-failed-1.png]]

[[ATTACHMENT|test-results/critical-features-🔐-Criti-017c1-section-visible-on-homepage-Mobile-Chrome/video.webm]]

[[ATTACHMENT|test-results/critical-features-🔐-Criti-017c1-section-visible-on-homepage-Mobile-Chrome/error-context.md]]
]]>
</system-out>
</testcase>
<testcase name="🔐 Critical Features - Phase 1 Tests › ✅ Venue search accessible from homepage" classname="critical-features.spec.ts" time="15.424">
<failure message="critical-features.spec.ts:245:7 ✅ Venue search accessible from homepage" type="FAILURE">
<![CDATA[  [Mobile Chrome] › critical-features.spec.ts:245:7 › 🔐 Critical Features - Phase 1 Tests › ✅ Venue search accessible from homepage 

    Error: expect(locator).toBeVisible() failed

    Locator: locator('text=/Venues|Explore Venues/i')
    Expected: visible
    Error: strict mode violation: locator('text=/Venues|Explore Venues/i') resolved to 10 elements:
        1) <a href="/venues" class="text-gray-700 hover:text-rose-500 dark:text-gray-300 dark:hover:text-rose-400 font-medium transition-colors">Venues</a> aka getByRole('banner').getByText('Venues')
        2) <p class="text-xl text-gray-600 dark:text-gray-300 max-w-3xl mx-auto">Describe your dream wedding in natural language a…</p> aka getByText('Describe your dream wedding in natural language and let our AI find the perfect')
        3) <div class="inline-flex items-center rounded-full border px-2.5 py-0.5 text-xs font-semibold transition-colors focus:outline-none focus:ring-2 focus:ring-ring focus:ring-offset-2 border-transparent bg-secondary text-secondary-foreground cursor-pointer hover:bg-purple-100 dark:hover:bg-purple-900/50">Beach wedding venues in Galle</div> aka getByText('Beach wedding venues in Galle')
        4) <div class="inline-flex items-center rounded-full border px-2.5 py-0.5 text-xs font-semibold transition-colors focus:outline-none focus:ring-2 focus:ring-ring focus:ring-offset-2 border-transparent bg-secondary text-secondary-foreground cursor-pointer hover:bg-purple-100 dark:hover:bg-purple-900/50">Mountain view venues for 150 guests</div> aka getByText('Mountain view venues for 150')
        5) <div class="inline-flex items-center rounded-full border px-2.5 py-0.5 text-xs font-semibold transition-colors focus:outline-none focus:ring-2 focus:ring-ring focus:ring-offset-2 border-transparent bg-secondary text-secondary-foreground cursor-pointer hover:bg-purple-100 dark:hover:bg-purple-900/50">Traditional wedding venues Kandy</div> aka getByText('Traditional wedding venues')
        6) <div class="text-lg font-semibold text-gray-900 dark:text-white mb-2">Venues</div> aka getByRole('main').locator('div').filter({ hasText: /^Venues$/ })
        7) <div class="text-sm text-gray-600 dark:text-gray-300 leading-relaxed">Stunning venues across all 9 provinces of Sri Lan…</div> aka getByText('Stunning venues across all 9')
        8) <button tabindex="0" class="border-2 border-purple-300 text-purple-700 dark:text-purple-300 hover:bg-purple-50 dark:hover:bg-purple-900/20 px-8 py-3 rounded-full font-semibold transition-all duration-300">Explore Venues</button> aka getByRole('button', { name: 'Explore Venues' })
        9) <p class="mt-4 text-gray-600">Loading featured venues...</p> aka getByText('Loading featured venues...')
        10) <a href="/venues" class="hover:text-white transition-colors">Venues</a> aka getByRole('link', { name: 'Venues' })

    Call log:
      - Expect "toBeVisible" with timeout 5000ms
      - waiting for locator('text=/Venues|Explore Venues/i')


      252 |     )
      253 |     
    > 254 |     await expect(venuesLink).toBeVisible({ timeout: 5000 })
          |                              ^
      255 |     
      256 |     // Click and verify navigation
      257 |     await venuesLink.first().click()
        at /Users/asithalakmal/Documents/web/final project/WeddingLK-next copy/tests/e2e/critical-features.spec.ts:254:30

    attachment #1: screenshot (image/png) ──────────────────────────────────────────────────────────
    ../../test-results/critical-features-🔐-Criti-5bfe1-ch-accessible-from-homepage-Mobile-Chrome/test-failed-1.png
    ────────────────────────────────────────────────────────────────────────────────────────────────

    attachment #2: video (video/webm) ──────────────────────────────────────────────────────────────
    ../../test-results/critical-features-🔐-Criti-5bfe1-ch-accessible-from-homepage-Mobile-Chrome/video.webm
    ────────────────────────────────────────────────────────────────────────────────────────────────

    Error Context: ../../test-results/critical-features-🔐-Criti-5bfe1-ch-accessible-from-homepage-Mobile-Chrome/error-context.md
]]>
</failure>
<system-out>
<![CDATA[
[[ATTACHMENT|test-results/critical-features-🔐-Criti-5bfe1-ch-accessible-from-homepage-Mobile-Chrome/test-failed-1.png]]

[[ATTACHMENT|test-results/critical-features-🔐-Criti-5bfe1-ch-accessible-from-homepage-Mobile-Chrome/video.webm]]

[[ATTACHMENT|test-results/critical-features-🔐-Criti-5bfe1-ch-accessible-from-homepage-Mobile-Chrome/error-context.md]]
]]>
</system-out>
</testcase>
<testcase name="🔐 Critical Features - Phase 1 Tests › ✅ Vendor search accessible from homepage" classname="critical-features.spec.ts" time="14.054">
<failure message="critical-features.spec.ts:262:7 ✅ Vendor search accessible from homepage" type="FAILURE">
<![CDATA[  [Mobile Chrome] › critical-features.spec.ts:262:7 › 🔐 Critical Features - Phase 1 Tests › ✅ Vendor search accessible from homepage 

    Error: expect(locator).toBeVisible() failed

    Locator: locator('text=/Vendors|Explore Vendors|Vendors Marketplace/i')
    Expected: visible
    Error: strict mode violation: locator('text=/Vendors|Explore Vendors|Vendors Marketplace/i') resolved to 6 elements:
        1) <a href="/vendors" class="text-gray-700 hover:text-rose-500 dark:text-gray-300 dark:hover:text-rose-400 font-medium transition-colors">Vendors</a> aka getByRole('banner').getByText('Vendors')
        2) <p class="text-xl text-gray-600 dark:text-gray-300 max-w-3xl mx-auto">Describe your dream wedding in natural language a…</p> aka getByText('Describe your dream wedding in natural language and let our AI find the perfect')
        3) <div class="text-lg font-semibold text-gray-900 dark:text-white mb-2">Vendors</div> aka getByRole('main').locator('div').filter({ hasText: /^Vendors$/ })
        4) <div class="text-sm text-gray-600 dark:text-gray-300 leading-relaxed">Trusted vendors from photographers to traditional…</div> aka getByText('Trusted vendors from')
        5) <p class="mt-4 text-gray-600">Loading featured vendors...</p> aka getByText('Loading featured vendors...')
        6) <a href="/vendors" class="hover:text-white transition-colors">Vendors</a> aka getByRole('link', { name: 'Vendors' })

    Call log:
      - Expect "toBeVisible" with timeout 5000ms
      - waiting for locator('text=/Vendors|Explore Vendors|Vendors Marketplace/i')


      269 |     )
      270 |     
    > 271 |     await expect(vendorsLink).toBeVisible({ timeout: 5000 })
          |                               ^
      272 |     
      273 |     // Click and verify navigation
      274 |     await vendorsLink.first().click()
        at /Users/asithalakmal/Documents/web/final project/WeddingLK-next copy/tests/e2e/critical-features.spec.ts:271:31

    attachment #1: screenshot (image/png) ──────────────────────────────────────────────────────────
    ../../test-results/critical-features-🔐-Criti-026de-ch-accessible-from-homepage-Mobile-Chrome/test-failed-1.png
    ────────────────────────────────────────────────────────────────────────────────────────────────

    attachment #2: video (video/webm) ──────────────────────────────────────────────────────────────
    ../../test-results/critical-features-🔐-Criti-026de-ch-accessible-from-homepage-Mobile-Chrome/video.webm
    ────────────────────────────────────────────────────────────────────────────────────────────────

    Error Context: ../../test-results/critical-features-🔐-Criti-026de-ch-accessible-from-homepage-Mobile-Chrome/error-context.md
]]>
</failure>
<system-out>
<![CDATA[
[[ATTACHMENT|test-results/critical-features-🔐-Criti-026de-ch-accessible-from-homepage-Mobile-Chrome/test-failed-1.png]]

[[ATTACHMENT|test-results/critical-features-🔐-Criti-026de-ch-accessible-from-homepage-Mobile-Chrome/video.webm]]

[[ATTACHMENT|test-results/critical-features-🔐-Criti-026de-ch-accessible-from-homepage-Mobile-Chrome/error-context.md]]
]]>
</system-out>
</testcase>
<testcase name="🔐 Critical Features - Phase 1 Tests › ✅ Navigation menu accessible" classname="critical-features.spec.ts" time="9.651">
</testcase>
<testcase name="🔐 Critical Features - Phase 1 Tests › ✅ Footer present on all pages" classname="critical-features.spec.ts" time="44.463">
<failure message="critical-features.spec.ts:292:7 ✅ Footer present on all pages" type="FAILURE">
<![CDATA[  [Mobile Chrome] › critical-features.spec.ts:292:7 › 🔐 Critical Features - Phase 1 Tests › ✅ Footer present on all pages 

    Error: expect(locator).toBeVisible() failed

    Locator: locator('footer')
    Expected: visible
    Timeout: 30000ms
    Error: element(s) not found

    Call log:
      - Expect "toBeVisible" with timeout 30000ms
      - waiting for locator('footer')


      299 |     await page.goto('/login')
      300 |     footer = page.locator('footer')
    > 301 |     await expect(footer).toBeVisible()
          |                          ^
      302 |     
      303 |     // Test on venues page
      304 |     await page.goto('/venues')
        at /Users/asithalakmal/Documents/web/final project/WeddingLK-next copy/tests/e2e/critical-features.spec.ts:301:26

    attachment #1: screenshot (image/png) ──────────────────────────────────────────────────────────
    ../../test-results/critical-features-🔐-Criti-3f12a-Footer-present-on-all-pages-Mobile-Chrome/test-failed-1.png
    ────────────────────────────────────────────────────────────────────────────────────────────────

    attachment #2: video (video/webm) ──────────────────────────────────────────────────────────────
    ../../test-results/critical-features-🔐-Criti-3f12a-Footer-present-on-all-pages-Mobile-Chrome/video.webm
    ────────────────────────────────────────────────────────────────────────────────────────────────

    Error Context: ../../test-results/critical-features-🔐-Criti-3f12a-Footer-present-on-all-pages-Mobile-Chrome/error-context.md
]]>
</failure>
<system-out>
<![CDATA[
[[ATTACHMENT|test-results/critical-features-🔐-Criti-3f12a-Footer-present-on-all-pages-Mobile-Chrome/test-failed-1.png]]

[[ATTACHMENT|test-results/critical-features-🔐-Criti-3f12a-Footer-present-on-all-pages-Mobile-Chrome/video.webm]]

[[ATTACHMENT|test-results/critical-features-🔐-Criti-3f12a-Footer-present-on-all-pages-Mobile-Chrome/error-context.md]]
]]>
</system-out>
</testcase>
</testsuite>
<testsuite name="error-handling-tests.spec.ts" timestamp="2025-10-24T16:55:39.999Z" hostname="Mobile Chrome" tests="34" failures="2" skipped="0" time="199.727" errors="0">
<testcase name="⚠️ Error Handling Tests - Phase 6 › 🔐 Authentication Error Handling › ✅ Empty email shows validation error" classname="error-handling-tests.spec.ts" time="3.449">
</testcase>
<testcase name="⚠️ Error Handling Tests - Phase 6 › 🔐 Authentication Error Handling › ✅ Empty password shows validation error" classname="error-handling-tests.spec.ts" time="5.28">
</testcase>
<testcase name="⚠️ Error Handling Tests - Phase 6 › 🔐 Authentication Error Handling › ✅ Invalid email format shows error" classname="error-handling-tests.spec.ts" time="4.539">
</testcase>
<testcase name="⚠️ Error Handling Tests - Phase 6 › 🔐 Authentication Error Handling › ✅ Non-existent user shows error" classname="error-handling-tests.spec.ts" time="4.085">
</testcase>
<testcase name="⚠️ Error Handling Tests - Phase 6 › 🔐 Authentication Error Handling › ✅ Wrong password shows error" classname="error-handling-tests.spec.ts" time="2.187">
</testcase>
<testcase name="⚠️ Error Handling Tests - Phase 6 › 🔐 Authentication Error Handling › ✅ Duplicate email on registration shows error" classname="error-handling-tests.spec.ts" time="7.673">
</testcase>
<testcase name="⚠️ Error Handling Tests - Phase 6 › 🔐 Authentication Error Handling › ✅ Weak password shows validation error" classname="error-handling-tests.spec.ts" time="5.778">
</testcase>
<testcase name="⚠️ Error Handling Tests - Phase 6 › 🗺️ Navigation Error Handling › ✅ 404 page is displayed for non-existent routes" classname="error-handling-tests.spec.ts" time="2.785">
</testcase>
<testcase name="⚠️ Error Handling Tests - Phase 6 › 🗺️ Navigation Error Handling › ✅ Can navigate away from 404 page" classname="error-handling-tests.spec.ts" time="5.016">
</testcase>
<testcase name="⚠️ Error Handling Tests - Phase 6 › 🗺️ Navigation Error Handling › ✅ Broken link handling" classname="error-handling-tests.spec.ts" time="8.523">
</testcase>
<testcase name="⚠️ Error Handling Tests - Phase 6 › 🗺️ Navigation Error Handling › ✅ Protected route redirects unauthenticated user" classname="error-handling-tests.spec.ts" time="8.77">
<failure message="error-handling-tests.spec.ts:154:9 ✅ Protected route redirects unauthenticated user" type="FAILURE">
<![CDATA[  [Mobile Chrome] › error-handling-tests.spec.ts:154:9 › ⚠️ Error Handling Tests - Phase 6 › 🗺️ Navigation Error Handling › ✅ Protected route redirects unauthenticated user 

    TimeoutError: page.waitForURL: Timeout 5000ms exceeded.
    =========================== logs ===========================
    waiting for navigation until "load"
      navigated to "https://wedding-lk.vercel.app/dashboard"
    ============================================================

      160 |       
      161 |       // Should redirect to login
    > 162 |       await page.waitForURL(/\/login/, { timeout: 5000 })
          |                  ^
      163 |     })
      164 |
      165 |     test('✅ Invalid query parameters handled gracefully', async ({ page }) => {
        at /Users/asithalakmal/Documents/web/final project/WeddingLK-next copy/tests/e2e/error-handling-tests.spec.ts:162:18

    attachment #1: screenshot (image/png) ──────────────────────────────────────────────────────────
    ../../test-results/error-handling-tests-⚠️-Er-87ab1-irects-unauthenticated-user-Mobile-Chrome/test-failed-1.png
    ────────────────────────────────────────────────────────────────────────────────────────────────

    attachment #2: video (video/webm) ──────────────────────────────────────────────────────────────
    ../../test-results/error-handling-tests-⚠️-Er-87ab1-irects-unauthenticated-user-Mobile-Chrome/video.webm
    ────────────────────────────────────────────────────────────────────────────────────────────────

    Error Context: ../../test-results/error-handling-tests-⚠️-Er-87ab1-irects-unauthenticated-user-Mobile-Chrome/error-context.md
]]>
</failure>
<system-out>
<![CDATA[
[[ATTACHMENT|test-results/error-handling-tests-⚠️-Er-87ab1-irects-unauthenticated-user-Mobile-Chrome/test-failed-1.png]]

[[ATTACHMENT|test-results/error-handling-tests-⚠️-Er-87ab1-irects-unauthenticated-user-Mobile-Chrome/video.webm]]

[[ATTACHMENT|test-results/error-handling-tests-⚠️-Er-87ab1-irects-unauthenticated-user-Mobile-Chrome/error-context.md]]
]]>
</system-out>
</testcase>
<testcase name="⚠️ Error Handling Tests - Phase 6 › 🗺️ Navigation Error Handling › ✅ Invalid query parameters handled gracefully" classname="error-handling-tests.spec.ts" time="2.959">
</testcase>
<testcase name="⚠️ Error Handling Tests - Phase 6 › 🌐 Network Error Handling › ✅ Page loads with network issues" classname="error-handling-tests.spec.ts" time="5.323">
</testcase>
<testcase name="⚠️ Error Handling Tests - Phase 6 › 🌐 Network Error Handling › ✅ Failed API call shows error message" classname="error-handling-tests.spec.ts" time="6.507">
</testcase>
<testcase name="⚠️ Error Handling Tests - Phase 6 › 🌐 Network Error Handling › ✅ Offline mode handling" classname="error-handling-tests.spec.ts" time="4.406">
<failure message="error-handling-tests.spec.ts:203:9 ✅ Offline mode handling" type="FAILURE">
<![CDATA[  [Mobile Chrome] › error-handling-tests.spec.ts:203:9 › ⚠️ Error Handling Tests - Phase 6 › 🌐 Network Error Handling › ✅ Offline mode handling 

    Error: locator.isVisible: Error: strict mode violation: locator('a[href="/venues"]') resolved to 2 elements:
        1) <a href="/venues" class="text-gray-700 hover:text-rose-500 dark:text-gray-300 dark:hover:text-rose-400 font-medium transition-colors">Venues</a> aka getByRole('banner').getByText('Venues')
        2) <a href="/venues" class="hover:text-white transition-colors">Venues</a> aka getByRole('link', { name: 'Venues' })

    Call log:
        - checking visibility of locator('a[href="/venues"]')


      209 |       // Try to interact
      210 |       const links = page.locator('a[href="/venues"]')
    > 211 |       if (await links.isVisible()) {
          |                       ^
      212 |         await links.first().click().catch(() => {})
      213 |       }
      214 |       
        at /Users/asithalakmal/Documents/web/final project/WeddingLK-next copy/tests/e2e/error-handling-tests.spec.ts:211:23

    attachment #1: screenshot (image/png) ──────────────────────────────────────────────────────────
    ../../test-results/error-handling-tests-⚠️-Er-a9dd0-ing-✅-Offline-mode-handling-Mobile-Chrome/test-failed-1.png
    ────────────────────────────────────────────────────────────────────────────────────────────────

    attachment #2: video (video/webm) ──────────────────────────────────────────────────────────────
    ../../test-results/error-handling-tests-⚠️-Er-a9dd0-ing-✅-Offline-mode-handling-Mobile-Chrome/video.webm
    ────────────────────────────────────────────────────────────────────────────────────────────────

    Error Context: ../../test-results/error-handling-tests-⚠️-Er-a9dd0-ing-✅-Offline-mode-handling-Mobile-Chrome/error-context.md
]]>
</failure>
<system-out>
<![CDATA[
[[ATTACHMENT|test-results/error-handling-tests-⚠️-Er-a9dd0-ing-✅-Offline-mode-handling-Mobile-Chrome/test-failed-1.png]]

[[ATTACHMENT|test-results/error-handling-tests-⚠️-Er-a9dd0-ing-✅-Offline-mode-handling-Mobile-Chrome/video.webm]]

[[ATTACHMENT|test-results/error-handling-tests-⚠️-Er-a9dd0-ing-✅-Offline-mode-handling-Mobile-Chrome/error-context.md]]
]]>
</system-out>
</testcase>
<testcase name="⚠️ Error Handling Tests - Phase 6 › 🌐 Network Error Handling › ✅ Timeout on slow endpoint" classname="error-handling-tests.spec.ts" time="2.654">
</testcase>
<testcase name="⚠️ Error Handling Tests - Phase 6 › 🌐 Network Error Handling › ✅ CORS error handling" classname="error-handling-tests.spec.ts" time="10.695">
</testcase>
<testcase name="⚠️ Error Handling Tests - Phase 6 › 📝 Form Error Handling › ✅ Required field validation" classname="error-handling-tests.spec.ts" time="6.206">
</testcase>
<testcase name="⚠️ Error Handling Tests - Phase 6 › 📝 Form Error Handling › ✅ File upload error handling" classname="error-handling-tests.spec.ts" time="9.286">
</testcase>
<testcase name="⚠️ Error Handling Tests - Phase 6 › 📝 Form Error Handling › ✅ Form submission error recovery" classname="error-handling-tests.spec.ts" time="5.401">
</testcase>
<testcase name="⚠️ Error Handling Tests - Phase 6 › 📝 Form Error Handling › ✅ Max length validation on text fields" classname="error-handling-tests.spec.ts" time="6.161">
</testcase>
<testcase name="⚠️ Error Handling Tests - Phase 6 › 🎨 UI Component Error Handling › ✅ Missing image fallback" classname="error-handling-tests.spec.ts" time="3.574">
</testcase>
<testcase name="⚠️ Error Handling Tests - Phase 6 › 🎨 UI Component Error Handling › ✅ Modal close on error" classname="error-handling-tests.spec.ts" time="5.741">
</testcase>
<testcase name="⚠️ Error Handling Tests - Phase 6 › 🎨 UI Component Error Handling › ✅ Tooltip error messages display" classname="error-handling-tests.spec.ts" time="3.506">
</testcase>
<testcase name="⚠️ Error Handling Tests - Phase 6 › 🎨 UI Component Error Handling › ✅ Loading state timeout fallback" classname="error-handling-tests.spec.ts" time="7.26">
</testcase>
<testcase name="⚠️ Error Handling Tests - Phase 6 › 💾 Data Error Handling › ✅ Invalid JSON response handling" classname="error-handling-tests.spec.ts" time="6.472">
</testcase>
<testcase name="⚠️ Error Handling Tests - Phase 6 › 💾 Data Error Handling › ✅ Null/undefined data handling" classname="error-handling-tests.spec.ts" time="7.286">
</testcase>
<testcase name="⚠️ Error Handling Tests - Phase 6 › 💾 Data Error Handling › ✅ Empty array response handling" classname="error-handling-tests.spec.ts" time="3.83">
</testcase>
<testcase name="⚠️ Error Handling Tests - Phase 6 › 💾 Data Error Handling › ✅ Large response handling" classname="error-handling-tests.spec.ts" time="7.99">
</testcase>
<testcase name="⚠️ Error Handling Tests - Phase 6 › 🖥️ Browser/System Error Handling › ✅ JavaScript error handling" classname="error-handling-tests.spec.ts" time="5.732">
</testcase>
<testcase name="⚠️ Error Handling Tests - Phase 6 › 🖥️ Browser/System Error Handling › ✅ Memory leak handling on navigation" classname="error-handling-tests.spec.ts" time="9.621">
</testcase>
<testcase name="⚠️ Error Handling Tests - Phase 6 › 🖥️ Browser/System Error Handling › ✅ Rapid navigation handling" classname="error-handling-tests.spec.ts" time="8.074">
</testcase>
<testcase name="⚠️ Error Handling Tests - Phase 6 › 🖥️ Browser/System Error Handling › ✅ Window resize error handling" classname="error-handling-tests.spec.ts" time="9.288">
</testcase>
<testcase name="⚠️ Error Handling Tests - Phase 6 › 🖥️ Browser/System Error Handling › ✅ Storage quota error handling" classname="error-handling-tests.spec.ts" time="3.67">
</testcase>
</testsuite>
<testsuite name="navigation-tests.spec.ts" timestamp="2025-10-24T16:55:39.999Z" hostname="Mobile Chrome" tests="35" failures="19" skipped="0" time="343.345" errors="0">
<testcase name="🗺️ Page Navigation Tests - Phase 3 › 🌐 Public Pages Navigation › ✅ Navigate from homepage to venues" classname="navigation-tests.spec.ts" time="5.235">
<failure message="navigation-tests.spec.ts:24:9 ✅ Navigate from homepage to venues" type="FAILURE">
<![CDATA[  [Mobile Chrome] › navigation-tests.spec.ts:24:9 › 🗺️ Page Navigation Tests - Phase 3 › 🌐 Public Pages Navigation › ✅ Navigate from homepage to venues 

    Error: expect(locator).toBeVisible() failed

    Locator: locator('a[href="/venues"], a:has-text("Venues")')
    Expected: visible
    Error: strict mode violation: locator('a[href="/venues"], a:has-text("Venues")') resolved to 2 elements:
        1) <a href="/venues" class="text-gray-700 hover:text-rose-500 dark:text-gray-300 dark:hover:text-rose-400 font-medium transition-colors">Venues</a> aka getByRole('banner').getByText('Venues')
        2) <a href="/venues" class="hover:text-white transition-colors">Venues</a> aka getByRole('link', { name: 'Venues' })

    Call log:
      - Expect "toBeVisible" with timeout 30000ms
      - waiting for locator('a[href="/venues"], a:has-text("Venues")')


      27 |       // Find and click venues link
      28 |       const venuesLink = page.locator('a[href="/venues"], a:has-text("Venues")')
    > 29 |       await expect(venuesLink).toBeVisible()
         |                                ^
      30 |       await venuesLink.first().click()
      31 |       
      32 |       await expect(page).toHaveURL(/\/venues/)
        at /Users/asithalakmal/Documents/web/final project/WeddingLK-next copy/tests/e2e/navigation-tests.spec.ts:29:32

    attachment #1: screenshot (image/png) ──────────────────────────────────────────────────────────
    ../../test-results/navigation-tests-🗺️-Page--f062f-ate-from-homepage-to-venues-Mobile-Chrome/test-failed-1.png
    ────────────────────────────────────────────────────────────────────────────────────────────────

    attachment #2: video (video/webm) ──────────────────────────────────────────────────────────────
    ../../test-results/navigation-tests-🗺️-Page--f062f-ate-from-homepage-to-venues-Mobile-Chrome/video.webm
    ────────────────────────────────────────────────────────────────────────────────────────────────

    Error Context: ../../test-results/navigation-tests-🗺️-Page--f062f-ate-from-homepage-to-venues-Mobile-Chrome/error-context.md
]]>
</failure>
<system-out>
<![CDATA[
[[ATTACHMENT|test-results/navigation-tests-🗺️-Page--f062f-ate-from-homepage-to-venues-Mobile-Chrome/test-failed-1.png]]

[[ATTACHMENT|test-results/navigation-tests-🗺️-Page--f062f-ate-from-homepage-to-venues-Mobile-Chrome/video.webm]]

[[ATTACHMENT|test-results/navigation-tests-🗺️-Page--f062f-ate-from-homepage-to-venues-Mobile-Chrome/error-context.md]]
]]>
</system-out>
</testcase>
<testcase name="🗺️ Page Navigation Tests - Phase 3 › 🌐 Public Pages Navigation › ✅ Navigate from homepage to vendors" classname="navigation-tests.spec.ts" time="5.499">
<failure message="navigation-tests.spec.ts:35:9 ✅ Navigate from homepage to vendors" type="FAILURE">
<![CDATA[  [Mobile Chrome] › navigation-tests.spec.ts:35:9 › 🗺️ Page Navigation Tests - Phase 3 › 🌐 Public Pages Navigation › ✅ Navigate from homepage to vendors 

    Error: expect(locator).toBeVisible() failed

    Locator: locator('a[href="/vendors"], a:has-text("Vendors")')
    Expected: visible
    Error: strict mode violation: locator('a[href="/vendors"], a:has-text("Vendors")') resolved to 2 elements:
        1) <a href="/vendors" class="text-gray-700 hover:text-rose-500 dark:text-gray-300 dark:hover:text-rose-400 font-medium transition-colors">Vendors</a> aka getByRole('banner').getByText('Vendors')
        2) <a href="/vendors" class="hover:text-white transition-colors">Vendors</a> aka getByRole('link', { name: 'Vendors' })

    Call log:
      - Expect "toBeVisible" with timeout 30000ms
      - waiting for locator('a[href="/vendors"], a:has-text("Vendors")')


      37 |       
      38 |       const vendorsLink = page.locator('a[href="/vendors"], a:has-text("Vendors")')
    > 39 |       await expect(vendorsLink).toBeVisible()
         |                                 ^
      40 |       await vendorsLink.first().click()
      41 |       
      42 |       await expect(page).toHaveURL(/\/vendors/)
        at /Users/asithalakmal/Documents/web/final project/WeddingLK-next copy/tests/e2e/navigation-tests.spec.ts:39:33

    attachment #1: screenshot (image/png) ──────────────────────────────────────────────────────────
    ../../test-results/navigation-tests-🗺️-Page--dc54b-te-from-homepage-to-vendors-Mobile-Chrome/test-failed-1.png
    ────────────────────────────────────────────────────────────────────────────────────────────────

    attachment #2: video (video/webm) ──────────────────────────────────────────────────────────────
    ../../test-results/navigation-tests-🗺️-Page--dc54b-te-from-homepage-to-vendors-Mobile-Chrome/video.webm
    ────────────────────────────────────────────────────────────────────────────────────────────────

    Error Context: ../../test-results/navigation-tests-🗺️-Page--dc54b-te-from-homepage-to-vendors-Mobile-Chrome/error-context.md
]]>
</failure>
<system-out>
<![CDATA[
[[ATTACHMENT|test-results/navigation-tests-🗺️-Page--dc54b-te-from-homepage-to-vendors-Mobile-Chrome/test-failed-1.png]]

[[ATTACHMENT|test-results/navigation-tests-🗺️-Page--dc54b-te-from-homepage-to-vendors-Mobile-Chrome/video.webm]]

[[ATTACHMENT|test-results/navigation-tests-🗺️-Page--dc54b-te-from-homepage-to-vendors-Mobile-Chrome/error-context.md]]
]]>
</system-out>
</testcase>
<testcase name="🗺️ Page Navigation Tests - Phase 3 › 🌐 Public Pages Navigation › ✅ Navigate from homepage to about" classname="navigation-tests.spec.ts" time="9.124">
<failure message="navigation-tests.spec.ts:45:9 ✅ Navigate from homepage to about" type="FAILURE">
<![CDATA[  [Mobile Chrome] › navigation-tests.spec.ts:45:9 › 🗺️ Page Navigation Tests - Phase 3 › 🌐 Public Pages Navigation › ✅ Navigate from homepage to about 

    Error: expect(locator).toBeVisible() failed

    Locator: locator('a[href="/about"], a:has-text("About")')
    Expected: visible
    Error: strict mode violation: locator('a[href="/about"], a:has-text("About")') resolved to 2 elements:
        1) <a href="/about" class="text-gray-700 hover:text-rose-500 dark:text-gray-300 dark:hover:text-rose-400 font-medium transition-colors">About</a> aka getByRole('banner').getByText('About')
        2) <a href="/about" class="hover:text-white transition-colors">About</a> aka getByRole('link', { name: 'About' })

    Call log:
      - Expect "toBeVisible" with timeout 30000ms
      - waiting for locator('a[href="/about"], a:has-text("About")')


      47 |       
      48 |       const aboutLink = page.locator('a[href="/about"], a:has-text("About")')
    > 49 |       await expect(aboutLink).toBeVisible()
         |                               ^
      50 |       await aboutLink.first().click()
      51 |       
      52 |       await expect(page).toHaveURL(/\/about/)
        at /Users/asithalakmal/Documents/web/final project/WeddingLK-next copy/tests/e2e/navigation-tests.spec.ts:49:31

    attachment #1: video (video/webm) ──────────────────────────────────────────────────────────────
    ../../test-results/navigation-tests-🗺️-Page--cb748-gate-from-homepage-to-about-Mobile-Chrome/video.webm
    ────────────────────────────────────────────────────────────────────────────────────────────────

    Error Context: ../../test-results/navigation-tests-🗺️-Page--cb748-gate-from-homepage-to-about-Mobile-Chrome/error-context.md
]]>
</failure>
<system-out>
<![CDATA[
[[ATTACHMENT|test-results/navigation-tests-🗺️-Page--cb748-gate-from-homepage-to-about-Mobile-Chrome/video.webm]]

[[ATTACHMENT|test-results/navigation-tests-🗺️-Page--cb748-gate-from-homepage-to-about-Mobile-Chrome/error-context.md]]
]]>
</system-out>
</testcase>
<testcase name="🗺️ Page Navigation Tests - Phase 3 › 🌐 Public Pages Navigation › ✅ Navigate from homepage to contact" classname="navigation-tests.spec.ts" time="9.004">
<failure message="navigation-tests.spec.ts:55:9 ✅ Navigate from homepage to contact" type="FAILURE">
<![CDATA[  [Mobile Chrome] › navigation-tests.spec.ts:55:9 › 🗺️ Page Navigation Tests - Phase 3 › 🌐 Public Pages Navigation › ✅ Navigate from homepage to contact 

    Error: locator.isVisible: Error: strict mode violation: locator('a[href="/contact"], a:has-text("Contact")') resolved to 2 elements:
        1) <a href="/contact" class="inline-flex items-center justify-center gap-2 whitespace-nowrap text-sm font-medium ring-offset-background transition-colors focus-visible:outline-none focus-visible:ring-2 focus-visible:ring-ring focus-visible:ring-offset-2 disabled:pointer-events-none disabled:opacity-50 [&_svg]:pointer-events-none [&_svg]:size-4 [&_svg]:shrink-0 border h-11 rounded-md px-8 border-white/30 text-gray-600 hover:bg-white/10 hover:text-gray-600 backdrop-blur-sm bg-white/90">Contact Us</a> aka getByRole('link', { name: 'Contact Us' })
        2) <a href="/contact" class="hover:text-white transition-colors">Contact</a> aka getByRole('link', { name: 'Contact', exact: true })

    Call log:
        - checking visibility of locator('a[href="/contact"], a:has-text("Contact")')


      57 |       
      58 |       const contactLink = page.locator('a[href="/contact"], a:has-text("Contact")')
    > 59 |       if (await contactLink.isVisible()) {
         |                             ^
      60 |         await contactLink.first().click()
      61 |         await expect(page).toHaveURL(/\/contact/)
      62 |       }
        at /Users/asithalakmal/Documents/web/final project/WeddingLK-next copy/tests/e2e/navigation-tests.spec.ts:59:29

    attachment #1: screenshot (image/png) ──────────────────────────────────────────────────────────
    ../../test-results/navigation-tests-🗺️-Page--b9f03-te-from-homepage-to-contact-Mobile-Chrome/test-failed-1.png
    ────────────────────────────────────────────────────────────────────────────────────────────────

    attachment #2: video (video/webm) ──────────────────────────────────────────────────────────────
    ../../test-results/navigation-tests-🗺️-Page--b9f03-te-from-homepage-to-contact-Mobile-Chrome/video.webm
    ────────────────────────────────────────────────────────────────────────────────────────────────

    Error Context: ../../test-results/navigation-tests-🗺️-Page--b9f03-te-from-homepage-to-contact-Mobile-Chrome/error-context.md
]]>
</failure>
<system-out>
<![CDATA[
[[ATTACHMENT|test-results/navigation-tests-🗺️-Page--b9f03-te-from-homepage-to-contact-Mobile-Chrome/test-failed-1.png]]

[[ATTACHMENT|test-results/navigation-tests-🗺️-Page--b9f03-te-from-homepage-to-contact-Mobile-Chrome/video.webm]]

[[ATTACHMENT|test-results/navigation-tests-🗺️-Page--b9f03-te-from-homepage-to-contact-Mobile-Chrome/error-context.md]]
]]>
</system-out>
</testcase>
<testcase name="🗺️ Page Navigation Tests - Phase 3 › 🌐 Public Pages Navigation › ✅ Navigate from homepage to login" classname="navigation-tests.spec.ts" time="5.681">
</testcase>
<testcase name="🗺️ Page Navigation Tests - Phase 3 › 🌐 Public Pages Navigation › ✅ Navigate from homepage to register" classname="navigation-tests.spec.ts" time="12.229">
</testcase>
<testcase name="🗺️ Page Navigation Tests - Phase 3 › 🌐 Public Pages Navigation › ✅ Navigate from login to register" classname="navigation-tests.spec.ts" time="10.045">
</testcase>
<testcase name="🗺️ Page Navigation Tests - Phase 3 › 🌐 Public Pages Navigation › ✅ Navigate from register to login" classname="navigation-tests.spec.ts" time="5.015">
</testcase>
<testcase name="🗺️ Page Navigation Tests - Phase 3 › 🌐 Public Pages Navigation › ✅ Navigate to venues list" classname="navigation-tests.spec.ts" time="4.53">
</testcase>
<testcase name="🗺️ Page Navigation Tests - Phase 3 › 🌐 Public Pages Navigation › ✅ Navigate to vendors list" classname="navigation-tests.spec.ts" time="3.739">
</testcase>
<testcase name="🗺️ Page Navigation Tests - Phase 3 › 📊 Dashboard Navigation (Authenticated) › ✅ User dashboard loads with sidebar" classname="navigation-tests.spec.ts" time="13.343">
<failure message="navigation-tests.spec.ts:125:9 ✅ User dashboard loads with sidebar" type="FAILURE">
<![CDATA[  [Mobile Chrome] › navigation-tests.spec.ts:125:9 › 🗺️ Page Navigation Tests - Phase 3 › 📊 Dashboard Navigation (Authenticated) › ✅ User dashboard loads with sidebar 

    TimeoutError: page.waitForURL: Timeout 10000ms exceeded.
    =========================== logs ===========================
    waiting for navigation until "load"
    ============================================================

      12 |   await page.fill('input[name="password"]', password)
      13 |   await page.click('button[type="submit"]')
    > 14 |   await page.waitForURL(/\/dashboard/, { timeout: 10000 })
         |              ^
      15 | }
      16 |
      17 | test.describe('🗺️ Page Navigation Tests - Phase 3', () => {
        at login (/Users/asithalakmal/Documents/web/final project/WeddingLK-next copy/tests/e2e/navigation-tests.spec.ts:14:14)
        at /Users/asithalakmal/Documents/web/final project/WeddingLK-next copy/tests/e2e/navigation-tests.spec.ts:122:7

    attachment #1: screenshot (image/png) ──────────────────────────────────────────────────────────
    ../../test-results/navigation-tests-🗺️-Page--d46c5-ashboard-loads-with-sidebar-Mobile-Chrome/test-failed-1.png
    ────────────────────────────────────────────────────────────────────────────────────────────────

    attachment #2: video (video/webm) ──────────────────────────────────────────────────────────────
    ../../test-results/navigation-tests-🗺️-Page--d46c5-ashboard-loads-with-sidebar-Mobile-Chrome/video.webm
    ────────────────────────────────────────────────────────────────────────────────────────────────

    Error Context: ../../test-results/navigation-tests-🗺️-Page--d46c5-ashboard-loads-with-sidebar-Mobile-Chrome/error-context.md
]]>
</failure>
<system-out>
<![CDATA[
[[ATTACHMENT|test-results/navigation-tests-🗺️-Page--d46c5-ashboard-loads-with-sidebar-Mobile-Chrome/test-failed-1.png]]

[[ATTACHMENT|test-results/navigation-tests-🗺️-Page--d46c5-ashboard-loads-with-sidebar-Mobile-Chrome/video.webm]]

[[ATTACHMENT|test-results/navigation-tests-🗺️-Page--d46c5-ashboard-loads-with-sidebar-Mobile-Chrome/error-context.md]]
]]>
</system-out>
</testcase>
<testcase name="🗺️ Page Navigation Tests - Phase 3 › 📊 Dashboard Navigation (Authenticated) › ✅ Navigate to dashboard &gt; profile" classname="navigation-tests.spec.ts" time="14.367">
<failure message="navigation-tests.spec.ts:133:9 ✅ Navigate to dashboard &gt; profile" type="FAILURE">
<![CDATA[  [Mobile Chrome] › navigation-tests.spec.ts:133:9 › 🗺️ Page Navigation Tests - Phase 3 › 📊 Dashboard Navigation (Authenticated) › ✅ Navigate to dashboard > profile 

    TimeoutError: page.waitForURL: Timeout 10000ms exceeded.
    =========================== logs ===========================
    waiting for navigation until "load"
    ============================================================

      12 |   await page.fill('input[name="password"]', password)
      13 |   await page.click('button[type="submit"]')
    > 14 |   await page.waitForURL(/\/dashboard/, { timeout: 10000 })
         |              ^
      15 | }
      16 |
      17 | test.describe('🗺️ Page Navigation Tests - Phase 3', () => {
        at login (/Users/asithalakmal/Documents/web/final project/WeddingLK-next copy/tests/e2e/navigation-tests.spec.ts:14:14)
        at /Users/asithalakmal/Documents/web/final project/WeddingLK-next copy/tests/e2e/navigation-tests.spec.ts:122:7

    attachment #1: screenshot (image/png) ──────────────────────────────────────────────────────────
    ../../test-results/navigation-tests-🗺️-Page--7ef70-vigate-to-dashboard-profile-Mobile-Chrome/test-failed-1.png
    ────────────────────────────────────────────────────────────────────────────────────────────────

    attachment #2: video (video/webm) ──────────────────────────────────────────────────────────────
    ../../test-results/navigation-tests-🗺️-Page--7ef70-vigate-to-dashboard-profile-Mobile-Chrome/video.webm
    ────────────────────────────────────────────────────────────────────────────────────────────────

    Error Context: ../../test-results/navigation-tests-🗺️-Page--7ef70-vigate-to-dashboard-profile-Mobile-Chrome/error-context.md
]]>
</failure>
<system-out>
<![CDATA[
[[ATTACHMENT|test-results/navigation-tests-🗺️-Page--7ef70-vigate-to-dashboard-profile-Mobile-Chrome/test-failed-1.png]]

[[ATTACHMENT|test-results/navigation-tests-🗺️-Page--7ef70-vigate-to-dashboard-profile-Mobile-Chrome/video.webm]]

[[ATTACHMENT|test-results/navigation-tests-🗺️-Page--7ef70-vigate-to-dashboard-profile-Mobile-Chrome/error-context.md]]
]]>
</system-out>
</testcase>
<testcase name="🗺️ Page Navigation Tests - Phase 3 › 📊 Dashboard Navigation (Authenticated) › ✅ Navigate to dashboard &gt; bookings" classname="navigation-tests.spec.ts" time="15.88">
<failure message="navigation-tests.spec.ts:142:9 ✅ Navigate to dashboard &gt; bookings" type="FAILURE">
<![CDATA[  [Mobile Chrome] › navigation-tests.spec.ts:142:9 › 🗺️ Page Navigation Tests - Phase 3 › 📊 Dashboard Navigation (Authenticated) › ✅ Navigate to dashboard > bookings 

    TimeoutError: page.waitForURL: Timeout 10000ms exceeded.
    =========================== logs ===========================
    waiting for navigation until "load"
    ============================================================

      12 |   await page.fill('input[name="password"]', password)
      13 |   await page.click('button[type="submit"]')
    > 14 |   await page.waitForURL(/\/dashboard/, { timeout: 10000 })
         |              ^
      15 | }
      16 |
      17 | test.describe('🗺️ Page Navigation Tests - Phase 3', () => {
        at login (/Users/asithalakmal/Documents/web/final project/WeddingLK-next copy/tests/e2e/navigation-tests.spec.ts:14:14)
        at /Users/asithalakmal/Documents/web/final project/WeddingLK-next copy/tests/e2e/navigation-tests.spec.ts:122:7

    attachment #1: screenshot (image/png) ──────────────────────────────────────────────────────────
    ../../test-results/navigation-tests-🗺️-Page--a92bb-igate-to-dashboard-bookings-Mobile-Chrome/test-failed-1.png
    ────────────────────────────────────────────────────────────────────────────────────────────────

    attachment #2: video (video/webm) ──────────────────────────────────────────────────────────────
    ../../test-results/navigation-tests-🗺️-Page--a92bb-igate-to-dashboard-bookings-Mobile-Chrome/video.webm
    ────────────────────────────────────────────────────────────────────────────────────────────────

    Error Context: ../../test-results/navigation-tests-🗺️-Page--a92bb-igate-to-dashboard-bookings-Mobile-Chrome/error-context.md
]]>
</failure>
<system-out>
<![CDATA[
[[ATTACHMENT|test-results/navigation-tests-🗺️-Page--a92bb-igate-to-dashboard-bookings-Mobile-Chrome/test-failed-1.png]]

[[ATTACHMENT|test-results/navigation-tests-🗺️-Page--a92bb-igate-to-dashboard-bookings-Mobile-Chrome/video.webm]]

[[ATTACHMENT|test-results/navigation-tests-🗺️-Page--a92bb-igate-to-dashboard-bookings-Mobile-Chrome/error-context.md]]
]]>
</system-out>
</testcase>
<testcase name="🗺️ Page Navigation Tests - Phase 3 › 📊 Dashboard Navigation (Authenticated) › ✅ Navigate to dashboard &gt; favorites" classname="navigation-tests.spec.ts" time="15.77">
<failure message="navigation-tests.spec.ts:151:9 ✅ Navigate to dashboard &gt; favorites" type="FAILURE">
<![CDATA[  [Mobile Chrome] › navigation-tests.spec.ts:151:9 › 🗺️ Page Navigation Tests - Phase 3 › 📊 Dashboard Navigation (Authenticated) › ✅ Navigate to dashboard > favorites 

    TimeoutError: page.waitForURL: Timeout 10000ms exceeded.
    =========================== logs ===========================
    waiting for navigation until "load"
    ============================================================

      12 |   await page.fill('input[name="password"]', password)
      13 |   await page.click('button[type="submit"]')
    > 14 |   await page.waitForURL(/\/dashboard/, { timeout: 10000 })
         |              ^
      15 | }
      16 |
      17 | test.describe('🗺️ Page Navigation Tests - Phase 3', () => {
        at login (/Users/asithalakmal/Documents/web/final project/WeddingLK-next copy/tests/e2e/navigation-tests.spec.ts:14:14)
        at /Users/asithalakmal/Documents/web/final project/WeddingLK-next copy/tests/e2e/navigation-tests.spec.ts:122:7

    attachment #1: screenshot (image/png) ──────────────────────────────────────────────────────────
    ../../test-results/navigation-tests-🗺️-Page--143bd-gate-to-dashboard-favorites-Mobile-Chrome/test-failed-1.png
    ────────────────────────────────────────────────────────────────────────────────────────────────

    attachment #2: video (video/webm) ──────────────────────────────────────────────────────────────
    ../../test-results/navigation-tests-🗺️-Page--143bd-gate-to-dashboard-favorites-Mobile-Chrome/video.webm
    ────────────────────────────────────────────────────────────────────────────────────────────────

    Error Context: ../../test-results/navigation-tests-🗺️-Page--143bd-gate-to-dashboard-favorites-Mobile-Chrome/error-context.md
]]>
</failure>
<system-out>
<![CDATA[
[[ATTACHMENT|test-results/navigation-tests-🗺️-Page--143bd-gate-to-dashboard-favorites-Mobile-Chrome/test-failed-1.png]]

[[ATTACHMENT|test-results/navigation-tests-🗺️-Page--143bd-gate-to-dashboard-favorites-Mobile-Chrome/video.webm]]

[[ATTACHMENT|test-results/navigation-tests-🗺️-Page--143bd-gate-to-dashboard-favorites-Mobile-Chrome/error-context.md]]
]]>
</system-out>
</testcase>
<testcase name="🗺️ Page Navigation Tests - Phase 3 › 📊 Dashboard Navigation (Authenticated) › ✅ Navigate to dashboard &gt; settings" classname="navigation-tests.spec.ts" time="15.763">
<failure message="navigation-tests.spec.ts:160:9 ✅ Navigate to dashboard &gt; settings" type="FAILURE">
<![CDATA[  [Mobile Chrome] › navigation-tests.spec.ts:160:9 › 🗺️ Page Navigation Tests - Phase 3 › 📊 Dashboard Navigation (Authenticated) › ✅ Navigate to dashboard > settings 

    TimeoutError: page.waitForURL: Timeout 10000ms exceeded.
    =========================== logs ===========================
    waiting for navigation until "load"
    ============================================================

      12 |   await page.fill('input[name="password"]', password)
      13 |   await page.click('button[type="submit"]')
    > 14 |   await page.waitForURL(/\/dashboard/, { timeout: 10000 })
         |              ^
      15 | }
      16 |
      17 | test.describe('🗺️ Page Navigation Tests - Phase 3', () => {
        at login (/Users/asithalakmal/Documents/web/final project/WeddingLK-next copy/tests/e2e/navigation-tests.spec.ts:14:14)
        at /Users/asithalakmal/Documents/web/final project/WeddingLK-next copy/tests/e2e/navigation-tests.spec.ts:122:7

    attachment #1: screenshot (image/png) ──────────────────────────────────────────────────────────
    ../../test-results/navigation-tests-🗺️-Page--cbfd7-igate-to-dashboard-settings-Mobile-Chrome/test-failed-1.png
    ────────────────────────────────────────────────────────────────────────────────────────────────

    attachment #2: video (video/webm) ──────────────────────────────────────────────────────────────
    ../../test-results/navigation-tests-🗺️-Page--cbfd7-igate-to-dashboard-settings-Mobile-Chrome/video.webm
    ────────────────────────────────────────────────────────────────────────────────────────────────

    Error Context: ../../test-results/navigation-tests-🗺️-Page--cbfd7-igate-to-dashboard-settings-Mobile-Chrome/error-context.md
]]>
</failure>
<system-out>
<![CDATA[
[[ATTACHMENT|test-results/navigation-tests-🗺️-Page--cbfd7-igate-to-dashboard-settings-Mobile-Chrome/test-failed-1.png]]

[[ATTACHMENT|test-results/navigation-tests-🗺️-Page--cbfd7-igate-to-dashboard-settings-Mobile-Chrome/video.webm]]

[[ATTACHMENT|test-results/navigation-tests-🗺️-Page--cbfd7-igate-to-dashboard-settings-Mobile-Chrome/error-context.md]]
]]>
</system-out>
</testcase>
<testcase name="🗺️ Page Navigation Tests - Phase 3 › 📊 Dashboard Navigation (Authenticated) › ✅ Navigate back to homepage from dashboard" classname="navigation-tests.spec.ts" time="15.662">
<failure message="navigation-tests.spec.ts:169:9 ✅ Navigate back to homepage from dashboard" type="FAILURE">
<![CDATA[  [Mobile Chrome] › navigation-tests.spec.ts:169:9 › 🗺️ Page Navigation Tests - Phase 3 › 📊 Dashboard Navigation (Authenticated) › ✅ Navigate back to homepage from dashboard 

    TimeoutError: page.waitForURL: Timeout 10000ms exceeded.
    =========================== logs ===========================
    waiting for navigation until "load"
    ============================================================

      12 |   await page.fill('input[name="password"]', password)
      13 |   await page.click('button[type="submit"]')
    > 14 |   await page.waitForURL(/\/dashboard/, { timeout: 10000 })
         |              ^
      15 | }
      16 |
      17 | test.describe('🗺️ Page Navigation Tests - Phase 3', () => {
        at login (/Users/asithalakmal/Documents/web/final project/WeddingLK-next copy/tests/e2e/navigation-tests.spec.ts:14:14)
        at /Users/asithalakmal/Documents/web/final project/WeddingLK-next copy/tests/e2e/navigation-tests.spec.ts:122:7

    attachment #1: screenshot (image/png) ──────────────────────────────────────────────────────────
    ../../test-results/navigation-tests-🗺️-Page--564ff--to-homepage-from-dashboard-Mobile-Chrome/test-failed-1.png
    ────────────────────────────────────────────────────────────────────────────────────────────────

    attachment #2: video (video/webm) ──────────────────────────────────────────────────────────────
    ../../test-results/navigation-tests-🗺️-Page--564ff--to-homepage-from-dashboard-Mobile-Chrome/video.webm
    ────────────────────────────────────────────────────────────────────────────────────────────────

    Error Context: ../../test-results/navigation-tests-🗺️-Page--564ff--to-homepage-from-dashboard-Mobile-Chrome/error-context.md
]]>
</failure>
<system-out>
<![CDATA[
[[ATTACHMENT|test-results/navigation-tests-🗺️-Page--564ff--to-homepage-from-dashboard-Mobile-Chrome/test-failed-1.png]]

[[ATTACHMENT|test-results/navigation-tests-🗺️-Page--564ff--to-homepage-from-dashboard-Mobile-Chrome/video.webm]]

[[ATTACHMENT|test-results/navigation-tests-🗺️-Page--564ff--to-homepage-from-dashboard-Mobile-Chrome/error-context.md]]
]]>
</system-out>
</testcase>
<testcase name="🗺️ Page Navigation Tests - Phase 3 › 🏢 Vendor Dashboard Navigation › ✅ Vendor dashboard loads" classname="navigation-tests.spec.ts" time="15.899">
<failure message="navigation-tests.spec.ts:188:9 ✅ Vendor dashboard loads" type="FAILURE">
<![CDATA[  [Mobile Chrome] › navigation-tests.spec.ts:188:9 › 🗺️ Page Navigation Tests - Phase 3 › 🏢 Vendor Dashboard Navigation › ✅ Vendor dashboard loads 

    TimeoutError: page.waitForURL: Timeout 10000ms exceeded.
    =========================== logs ===========================
    waiting for navigation until "load"
    ============================================================

      12 |   await page.fill('input[name="password"]', password)
      13 |   await page.click('button[type="submit"]')
    > 14 |   await page.waitForURL(/\/dashboard/, { timeout: 10000 })
         |              ^
      15 | }
      16 |
      17 | test.describe('🗺️ Page Navigation Tests - Phase 3', () => {
        at login (/Users/asithalakmal/Documents/web/final project/WeddingLK-next copy/tests/e2e/navigation-tests.spec.ts:14:14)
        at /Users/asithalakmal/Documents/web/final project/WeddingLK-next copy/tests/e2e/navigation-tests.spec.ts:185:7

    attachment #1: screenshot (image/png) ──────────────────────────────────────────────────────────
    ../../test-results/navigation-tests-🗺️-Page--024da-on-✅-Vendor-dashboard-loads-Mobile-Chrome/test-failed-1.png
    ────────────────────────────────────────────────────────────────────────────────────────────────

    attachment #2: video (video/webm) ──────────────────────────────────────────────────────────────
    ../../test-results/navigation-tests-🗺️-Page--024da-on-✅-Vendor-dashboard-loads-Mobile-Chrome/video.webm
    ────────────────────────────────────────────────────────────────────────────────────────────────

    Error Context: ../../test-results/navigation-tests-🗺️-Page--024da-on-✅-Vendor-dashboard-loads-Mobile-Chrome/error-context.md
]]>
</failure>
<system-out>
<![CDATA[
[[ATTACHMENT|test-results/navigation-tests-🗺️-Page--024da-on-✅-Vendor-dashboard-loads-Mobile-Chrome/test-failed-1.png]]

[[ATTACHMENT|test-results/navigation-tests-🗺️-Page--024da-on-✅-Vendor-dashboard-loads-Mobile-Chrome/video.webm]]

[[ATTACHMENT|test-results/navigation-tests-🗺️-Page--024da-on-✅-Vendor-dashboard-loads-Mobile-Chrome/error-context.md]]
]]>
</system-out>
</testcase>
<testcase name="🗺️ Page Navigation Tests - Phase 3 › 🏢 Vendor Dashboard Navigation › ✅ Navigate vendor dashboard &gt; services" classname="navigation-tests.spec.ts" time="14.857">
<failure message="navigation-tests.spec.ts:198:9 ✅ Navigate vendor dashboard &gt; services" type="FAILURE">
<![CDATA[  [Mobile Chrome] › navigation-tests.spec.ts:198:9 › 🗺️ Page Navigation Tests - Phase 3 › 🏢 Vendor Dashboard Navigation › ✅ Navigate vendor dashboard > services 

    TimeoutError: page.waitForURL: Timeout 10000ms exceeded.
    =========================== logs ===========================
    waiting for navigation until "load"
    ============================================================

      12 |   await page.fill('input[name="password"]', password)
      13 |   await page.click('button[type="submit"]')
    > 14 |   await page.waitForURL(/\/dashboard/, { timeout: 10000 })
         |              ^
      15 | }
      16 |
      17 | test.describe('🗺️ Page Navigation Tests - Phase 3', () => {
        at login (/Users/asithalakmal/Documents/web/final project/WeddingLK-next copy/tests/e2e/navigation-tests.spec.ts:14:14)
        at /Users/asithalakmal/Documents/web/final project/WeddingLK-next copy/tests/e2e/navigation-tests.spec.ts:185:7

    attachment #1: screenshot (image/png) ──────────────────────────────────────────────────────────
    ../../test-results/navigation-tests-🗺️-Page--95377-e-vendor-dashboard-services-Mobile-Chrome/test-failed-1.png
    ────────────────────────────────────────────────────────────────────────────────────────────────

    attachment #2: video (video/webm) ──────────────────────────────────────────────────────────────
    ../../test-results/navigation-tests-🗺️-Page--95377-e-vendor-dashboard-services-Mobile-Chrome/video.webm
    ────────────────────────────────────────────────────────────────────────────────────────────────

    Error Context: ../../test-results/navigation-tests-🗺️-Page--95377-e-vendor-dashboard-services-Mobile-Chrome/error-context.md
]]>
</failure>
<system-out>
<![CDATA[
[[ATTACHMENT|test-results/navigation-tests-🗺️-Page--95377-e-vendor-dashboard-services-Mobile-Chrome/test-failed-1.png]]

[[ATTACHMENT|test-results/navigation-tests-🗺️-Page--95377-e-vendor-dashboard-services-Mobile-Chrome/video.webm]]

[[ATTACHMENT|test-results/navigation-tests-🗺️-Page--95377-e-vendor-dashboard-services-Mobile-Chrome/error-context.md]]
]]>
</system-out>
</testcase>
<testcase name="🗺️ Page Navigation Tests - Phase 3 › 🏢 Vendor Dashboard Navigation › ✅ Navigate vendor dashboard &gt; bookings" classname="navigation-tests.spec.ts" time="15.581">
<failure message="navigation-tests.spec.ts:207:9 ✅ Navigate vendor dashboard &gt; bookings" type="FAILURE">
<![CDATA[  [Mobile Chrome] › navigation-tests.spec.ts:207:9 › 🗺️ Page Navigation Tests - Phase 3 › 🏢 Vendor Dashboard Navigation › ✅ Navigate vendor dashboard > bookings 

    TimeoutError: page.waitForURL: Timeout 10000ms exceeded.
    =========================== logs ===========================
    waiting for navigation until "load"
    ============================================================

      12 |   await page.fill('input[name="password"]', password)
      13 |   await page.click('button[type="submit"]')
    > 14 |   await page.waitForURL(/\/dashboard/, { timeout: 10000 })
         |              ^
      15 | }
      16 |
      17 | test.describe('🗺️ Page Navigation Tests - Phase 3', () => {
        at login (/Users/asithalakmal/Documents/web/final project/WeddingLK-next copy/tests/e2e/navigation-tests.spec.ts:14:14)
        at /Users/asithalakmal/Documents/web/final project/WeddingLK-next copy/tests/e2e/navigation-tests.spec.ts:185:7

    attachment #1: screenshot (image/png) ──────────────────────────────────────────────────────────
    ../../test-results/navigation-tests-🗺️-Page--114fc-e-vendor-dashboard-bookings-Mobile-Chrome/test-failed-1.png
    ────────────────────────────────────────────────────────────────────────────────────────────────

    attachment #2: video (video/webm) ──────────────────────────────────────────────────────────────
    ../../test-results/navigation-tests-🗺️-Page--114fc-e-vendor-dashboard-bookings-Mobile-Chrome/video.webm
    ────────────────────────────────────────────────────────────────────────────────────────────────

    Error Context: ../../test-results/navigation-tests-🗺️-Page--114fc-e-vendor-dashboard-bookings-Mobile-Chrome/error-context.md
]]>
</failure>
<system-out>
<![CDATA[
[[ATTACHMENT|test-results/navigation-tests-🗺️-Page--114fc-e-vendor-dashboard-bookings-Mobile-Chrome/test-failed-1.png]]

[[ATTACHMENT|test-results/navigation-tests-🗺️-Page--114fc-e-vendor-dashboard-bookings-Mobile-Chrome/video.webm]]

[[ATTACHMENT|test-results/navigation-tests-🗺️-Page--114fc-e-vendor-dashboard-bookings-Mobile-Chrome/error-context.md]]
]]>
</system-out>
</testcase>
<testcase name="🗺️ Page Navigation Tests - Phase 3 › 🏢 Vendor Dashboard Navigation › ✅ Navigate vendor dashboard &gt; profile" classname="navigation-tests.spec.ts" time="15.691">
<failure message="navigation-tests.spec.ts:216:9 ✅ Navigate vendor dashboard &gt; profile" type="FAILURE">
<![CDATA[  [Mobile Chrome] › navigation-tests.spec.ts:216:9 › 🗺️ Page Navigation Tests - Phase 3 › 🏢 Vendor Dashboard Navigation › ✅ Navigate vendor dashboard > profile 

    TimeoutError: page.waitForURL: Timeout 10000ms exceeded.
    =========================== logs ===========================
    waiting for navigation until "load"
    ============================================================

      12 |   await page.fill('input[name="password"]', password)
      13 |   await page.click('button[type="submit"]')
    > 14 |   await page.waitForURL(/\/dashboard/, { timeout: 10000 })
         |              ^
      15 | }
      16 |
      17 | test.describe('🗺️ Page Navigation Tests - Phase 3', () => {
        at login (/Users/asithalakmal/Documents/web/final project/WeddingLK-next copy/tests/e2e/navigation-tests.spec.ts:14:14)
        at /Users/asithalakmal/Documents/web/final project/WeddingLK-next copy/tests/e2e/navigation-tests.spec.ts:185:7

    attachment #1: screenshot (image/png) ──────────────────────────────────────────────────────────
    ../../test-results/navigation-tests-🗺️-Page--5bbad-te-vendor-dashboard-profile-Mobile-Chrome/test-failed-1.png
    ────────────────────────────────────────────────────────────────────────────────────────────────

    attachment #2: video (video/webm) ──────────────────────────────────────────────────────────────
    ../../test-results/navigation-tests-🗺️-Page--5bbad-te-vendor-dashboard-profile-Mobile-Chrome/video.webm
    ────────────────────────────────────────────────────────────────────────────────────────────────

    Error Context: ../../test-results/navigation-tests-🗺️-Page--5bbad-te-vendor-dashboard-profile-Mobile-Chrome/error-context.md
]]>
</failure>
<system-out>
<![CDATA[
[[ATTACHMENT|test-results/navigation-tests-🗺️-Page--5bbad-te-vendor-dashboard-profile-Mobile-Chrome/test-failed-1.png]]

[[ATTACHMENT|test-results/navigation-tests-🗺️-Page--5bbad-te-vendor-dashboard-profile-Mobile-Chrome/video.webm]]

[[ATTACHMENT|test-results/navigation-tests-🗺️-Page--5bbad-te-vendor-dashboard-profile-Mobile-Chrome/error-context.md]]
]]>
</system-out>
</testcase>
<testcase name="🗺️ Page Navigation Tests - Phase 3 › 👑 Admin Dashboard Navigation › ✅ Admin dashboard loads" classname="navigation-tests.spec.ts" time="15.256">
<failure message="navigation-tests.spec.ts:235:9 ✅ Admin dashboard loads" type="FAILURE">
<![CDATA[  [Mobile Chrome] › navigation-tests.spec.ts:235:9 › 🗺️ Page Navigation Tests - Phase 3 › 👑 Admin Dashboard Navigation › ✅ Admin dashboard loads 

    TimeoutError: page.waitForURL: Timeout 10000ms exceeded.
    =========================== logs ===========================
    waiting for navigation until "load"
    ============================================================

      12 |   await page.fill('input[name="password"]', password)
      13 |   await page.click('button[type="submit"]')
    > 14 |   await page.waitForURL(/\/dashboard/, { timeout: 10000 })
         |              ^
      15 | }
      16 |
      17 | test.describe('🗺️ Page Navigation Tests - Phase 3', () => {
        at login (/Users/asithalakmal/Documents/web/final project/WeddingLK-next copy/tests/e2e/navigation-tests.spec.ts:14:14)
        at /Users/asithalakmal/Documents/web/final project/WeddingLK-next copy/tests/e2e/navigation-tests.spec.ts:232:7

    attachment #1: screenshot (image/png) ──────────────────────────────────────────────────────────
    ../../test-results/navigation-tests-🗺️-Page--ea8eb-ion-✅-Admin-dashboard-loads-Mobile-Chrome/test-failed-1.png
    ────────────────────────────────────────────────────────────────────────────────────────────────

    attachment #2: video (video/webm) ──────────────────────────────────────────────────────────────
    ../../test-results/navigation-tests-🗺️-Page--ea8eb-ion-✅-Admin-dashboard-loads-Mobile-Chrome/video.webm
    ────────────────────────────────────────────────────────────────────────────────────────────────

    Error Context: ../../test-results/navigation-tests-🗺️-Page--ea8eb-ion-✅-Admin-dashboard-loads-Mobile-Chrome/error-context.md
]]>
</failure>
<system-out>
<![CDATA[
[[ATTACHMENT|test-results/navigation-tests-🗺️-Page--ea8eb-ion-✅-Admin-dashboard-loads-Mobile-Chrome/test-failed-1.png]]

[[ATTACHMENT|test-results/navigation-tests-🗺️-Page--ea8eb-ion-✅-Admin-dashboard-loads-Mobile-Chrome/video.webm]]

[[ATTACHMENT|test-results/navigation-tests-🗺️-Page--ea8eb-ion-✅-Admin-dashboard-loads-Mobile-Chrome/error-context.md]]
]]>
</system-out>
</testcase>
<testcase name="🗺️ Page Navigation Tests - Phase 3 › 👑 Admin Dashboard Navigation › ✅ Navigate admin dashboard &gt; users" classname="navigation-tests.spec.ts" time="15.627">
<failure message="navigation-tests.spec.ts:245:9 ✅ Navigate admin dashboard &gt; users" type="FAILURE">
<![CDATA[  [Mobile Chrome] › navigation-tests.spec.ts:245:9 › 🗺️ Page Navigation Tests - Phase 3 › 👑 Admin Dashboard Navigation › ✅ Navigate admin dashboard > users 

    TimeoutError: page.waitForURL: Timeout 10000ms exceeded.
    =========================== logs ===========================
    waiting for navigation until "load"
    ============================================================

      12 |   await page.fill('input[name="password"]', password)
      13 |   await page.click('button[type="submit"]')
    > 14 |   await page.waitForURL(/\/dashboard/, { timeout: 10000 })
         |              ^
      15 | }
      16 |
      17 | test.describe('🗺️ Page Navigation Tests - Phase 3', () => {
        at login (/Users/asithalakmal/Documents/web/final project/WeddingLK-next copy/tests/e2e/navigation-tests.spec.ts:14:14)
        at /Users/asithalakmal/Documents/web/final project/WeddingLK-next copy/tests/e2e/navigation-tests.spec.ts:232:7

    attachment #1: screenshot (image/png) ──────────────────────────────────────────────────────────
    ../../test-results/navigation-tests-🗺️-Page--7ade7-igate-admin-dashboard-users-Mobile-Chrome/test-failed-1.png
    ────────────────────────────────────────────────────────────────────────────────────────────────

    attachment #2: video (video/webm) ──────────────────────────────────────────────────────────────
    ../../test-results/navigation-tests-🗺️-Page--7ade7-igate-admin-dashboard-users-Mobile-Chrome/video.webm
    ────────────────────────────────────────────────────────────────────────────────────────────────

    Error Context: ../../test-results/navigation-tests-🗺️-Page--7ade7-igate-admin-dashboard-users-Mobile-Chrome/error-context.md
]]>
</failure>
<system-out>
<![CDATA[
[[ATTACHMENT|test-results/navigation-tests-🗺️-Page--7ade7-igate-admin-dashboard-users-Mobile-Chrome/test-failed-1.png]]

[[ATTACHMENT|test-results/navigation-tests-🗺️-Page--7ade7-igate-admin-dashboard-users-Mobile-Chrome/video.webm]]

[[ATTACHMENT|test-results/navigation-tests-🗺️-Page--7ade7-igate-admin-dashboard-users-Mobile-Chrome/error-context.md]]
]]>
</system-out>
</testcase>
<testcase name="🗺️ Page Navigation Tests - Phase 3 › 👑 Admin Dashboard Navigation › ✅ Navigate admin dashboard &gt; analytics" classname="navigation-tests.spec.ts" time="15.684">
<failure message="navigation-tests.spec.ts:254:9 ✅ Navigate admin dashboard &gt; analytics" type="FAILURE">
<![CDATA[  [Mobile Chrome] › navigation-tests.spec.ts:254:9 › 🗺️ Page Navigation Tests - Phase 3 › 👑 Admin Dashboard Navigation › ✅ Navigate admin dashboard > analytics 

    TimeoutError: page.waitForURL: Timeout 10000ms exceeded.
    =========================== logs ===========================
    waiting for navigation until "load"
    ============================================================

      12 |   await page.fill('input[name="password"]', password)
      13 |   await page.click('button[type="submit"]')
    > 14 |   await page.waitForURL(/\/dashboard/, { timeout: 10000 })
         |              ^
      15 | }
      16 |
      17 | test.describe('🗺️ Page Navigation Tests - Phase 3', () => {
        at login (/Users/asithalakmal/Documents/web/final project/WeddingLK-next copy/tests/e2e/navigation-tests.spec.ts:14:14)
        at /Users/asithalakmal/Documents/web/final project/WeddingLK-next copy/tests/e2e/navigation-tests.spec.ts:232:7

    attachment #1: screenshot (image/png) ──────────────────────────────────────────────────────────
    ../../test-results/navigation-tests-🗺️-Page--81a8a-e-admin-dashboard-analytics-Mobile-Chrome/test-failed-1.png
    ────────────────────────────────────────────────────────────────────────────────────────────────

    attachment #2: video (video/webm) ──────────────────────────────────────────────────────────────
    ../../test-results/navigation-tests-🗺️-Page--81a8a-e-admin-dashboard-analytics-Mobile-Chrome/video.webm
    ────────────────────────────────────────────────────────────────────────────────────────────────

    Error Context: ../../test-results/navigation-tests-🗺️-Page--81a8a-e-admin-dashboard-analytics-Mobile-Chrome/error-context.md
]]>
</failure>
<system-out>
<![CDATA[
[[ATTACHMENT|test-results/navigation-tests-🗺️-Page--81a8a-e-admin-dashboard-analytics-Mobile-Chrome/test-failed-1.png]]

[[ATTACHMENT|test-results/navigation-tests-🗺️-Page--81a8a-e-admin-dashboard-analytics-Mobile-Chrome/video.webm]]

[[ATTACHMENT|test-results/navigation-tests-🗺️-Page--81a8a-e-admin-dashboard-analytics-Mobile-Chrome/error-context.md]]
]]>
</system-out>
</testcase>
<testcase name="🗺️ Page Navigation Tests - Phase 3 › 👑 Admin Dashboard Navigation › ✅ Navigate admin dashboard &gt; settings" classname="navigation-tests.spec.ts" time="15.923">
<failure message="navigation-tests.spec.ts:263:9 ✅ Navigate admin dashboard &gt; settings" type="FAILURE">
<![CDATA[  [Mobile Chrome] › navigation-tests.spec.ts:263:9 › 🗺️ Page Navigation Tests - Phase 3 › 👑 Admin Dashboard Navigation › ✅ Navigate admin dashboard > settings 

    TimeoutError: page.waitForURL: Timeout 10000ms exceeded.
    =========================== logs ===========================
    waiting for navigation until "load"
    ============================================================

      12 |   await page.fill('input[name="password"]', password)
      13 |   await page.click('button[type="submit"]')
    > 14 |   await page.waitForURL(/\/dashboard/, { timeout: 10000 })
         |              ^
      15 | }
      16 |
      17 | test.describe('🗺️ Page Navigation Tests - Phase 3', () => {
        at login (/Users/asithalakmal/Documents/web/final project/WeddingLK-next copy/tests/e2e/navigation-tests.spec.ts:14:14)
        at /Users/asithalakmal/Documents/web/final project/WeddingLK-next copy/tests/e2e/navigation-tests.spec.ts:232:7

    attachment #1: screenshot (image/png) ──────────────────────────────────────────────────────────
    ../../test-results/navigation-tests-🗺️-Page--54041-te-admin-dashboard-settings-Mobile-Chrome/test-failed-1.png
    ────────────────────────────────────────────────────────────────────────────────────────────────

    attachment #2: video (video/webm) ──────────────────────────────────────────────────────────────
    ../../test-results/navigation-tests-🗺️-Page--54041-te-admin-dashboard-settings-Mobile-Chrome/video.webm
    ────────────────────────────────────────────────────────────────────────────────────────────────

    Error Context: ../../test-results/navigation-tests-🗺️-Page--54041-te-admin-dashboard-settings-Mobile-Chrome/error-context.md
]]>
</failure>
<system-out>
<![CDATA[
[[ATTACHMENT|test-results/navigation-tests-🗺️-Page--54041-te-admin-dashboard-settings-Mobile-Chrome/test-failed-1.png]]

[[ATTACHMENT|test-results/navigation-tests-🗺️-Page--54041-te-admin-dashboard-settings-Mobile-Chrome/video.webm]]

[[ATTACHMENT|test-results/navigation-tests-🗺️-Page--54041-te-admin-dashboard-settings-Mobile-Chrome/error-context.md]]
]]>
</system-out>
</testcase>
<testcase name="🗺️ Page Navigation Tests - Phase 3 › 🔗 Breadcrumb Navigation › ✅ Breadcrumbs visible on nested pages" classname="navigation-tests.spec.ts" time="4.165">
</testcase>
<testcase name="🗺️ Page Navigation Tests - Phase 3 › 🔗 Breadcrumb Navigation › ✅ Breadcrumb navigation works" classname="navigation-tests.spec.ts" time="4.483">
</testcase>
<testcase name="🗺️ Page Navigation Tests - Phase 3 › 🦶 Footer Navigation › ✅ Footer visible on homepage" classname="navigation-tests.spec.ts" time="7.858">
</testcase>
<testcase name="🗺️ Page Navigation Tests - Phase 3 › 🦶 Footer Navigation › ✅ Footer has required links" classname="navigation-tests.spec.ts" time="8.001">
</testcase>
<testcase name="🗺️ Page Navigation Tests - Phase 3 › 🦶 Footer Navigation › ✅ Social media links in footer" classname="navigation-tests.spec.ts" time="7.916">
</testcase>
<testcase name="🗺️ Page Navigation Tests - Phase 3 › 🦶 Footer Navigation › ✅ Contact info in footer" classname="navigation-tests.spec.ts" time="8.584">
</testcase>
<testcase name="🗺️ Page Navigation Tests - Phase 3 › 🔍 Search Navigation › ✅ Search functionality on homepage" classname="navigation-tests.spec.ts" time="4.738">
</testcase>
<testcase name="🗺️ Page Navigation Tests - Phase 3 › 🔍 Search Navigation › ✅ Search from venues page" classname="navigation-tests.spec.ts" time="3.012">
</testcase>
<testcase name="🗺️ Page Navigation Tests - Phase 3 › 🔍 Search Navigation › ✅ Filter navigation on vendor page" classname="navigation-tests.spec.ts" time="2.956">
</testcase>
<testcase name="🗺️ Page Navigation Tests - Phase 3 › ↩️ Back/Forward Navigation › ✅ Browser back button works" classname="navigation-tests.spec.ts" time="4.343">
<failure message="navigation-tests.spec.ts:399:9 ✅ Browser back button works" type="FAILURE">
<![CDATA[  [Mobile Chrome] › navigation-tests.spec.ts:399:9 › 🗺️ Page Navigation Tests - Phase 3 › ↩️ Back/Forward Navigation › ✅ Browser back button works 

    Error: locator.isVisible: Error: strict mode violation: locator('a[href="/venues"], a:has-text("Venues")') resolved to 2 elements:
        1) <a href="/venues" class="text-gray-700 hover:text-rose-500 dark:text-gray-300 dark:hover:text-rose-400 font-medium transition-colors">Venues</a> aka getByRole('banner').getByText('Venues')
        2) <a href="/venues" class="hover:text-white transition-colors">Venues</a> aka getByRole('link', { name: 'Venues' })

    Call log:
        - checking visibility of locator('a[href="/venues"], a:has-text("Venues")')


      402 |       // Navigate to venues
      403 |       const venuesLink = page.locator('a[href="/venues"], a:has-text("Venues")')
    > 404 |       if (await venuesLink.isVisible()) {
          |                            ^
      405 |         await venuesLink.first().click()
      406 |         await expect(page).toHaveURL(/\/venues/)
      407 |         
        at /Users/asithalakmal/Documents/web/final project/WeddingLK-next copy/tests/e2e/navigation-tests.spec.ts:404:28

    attachment #1: screenshot (image/png) ──────────────────────────────────────────────────────────
    ../../test-results/navigation-tests-🗺️-Page--feaa1-✅-Browser-back-button-works-Mobile-Chrome/test-failed-1.png
    ────────────────────────────────────────────────────────────────────────────────────────────────

    attachment #2: video (video/webm) ──────────────────────────────────────────────────────────────
    ../../test-results/navigation-tests-🗺️-Page--feaa1-✅-Browser-back-button-works-Mobile-Chrome/video.webm
    ────────────────────────────────────────────────────────────────────────────────────────────────

    Error Context: ../../test-results/navigation-tests-🗺️-Page--feaa1-✅-Browser-back-button-works-Mobile-Chrome/error-context.md
]]>
</failure>
<system-out>
<![CDATA[
[[ATTACHMENT|test-results/navigation-tests-🗺️-Page--feaa1-✅-Browser-back-button-works-Mobile-Chrome/test-failed-1.png]]

[[ATTACHMENT|test-results/navigation-tests-🗺️-Page--feaa1-✅-Browser-back-button-works-Mobile-Chrome/video.webm]]

[[ATTACHMENT|test-results/navigation-tests-🗺️-Page--feaa1-✅-Browser-back-button-works-Mobile-Chrome/error-context.md]]
]]>
</system-out>
</testcase>
<testcase name="🗺️ Page Navigation Tests - Phase 3 › ↩️ Back/Forward Navigation › ✅ Browser forward button works" classname="navigation-tests.spec.ts" time="1.885">
</testcase>
</testsuite>
<testsuite name="payment.spec.ts" timestamp="2025-10-24T16:55:39.999Z" hostname="Mobile Chrome" tests="7" failures="0" skipped="7" time="0" errors="0">
<testcase name="Payment System › DISABLED: Stripe payment integration with mock" classname="payment.spec.ts" time="0">
<properties>
<property name="skip" value="">
</property>
</properties>
<skipped>
</skipped>
</testcase>
<testcase name="Payment System › DISABLED: PayHere payment integration" classname="payment.spec.ts" time="0">
<properties>
<property name="skip" value="">
</property>
</properties>
<skipped>
</skipped>
</testcase>
<testcase name="Payment System › DISABLED: Payment failure handling" classname="payment.spec.ts" time="0">
<properties>
<property name="skip" value="">
</property>
</properties>
<skipped>
</skipped>
</testcase>
<testcase name="Payment System › DISABLED: Payment refund processing" classname="payment.spec.ts" time="0">
<properties>
<property name="skip" value="">
</property>
</properties>
<skipped>
</skipped>
</testcase>
<testcase name="Payment System › DISABLED: Payment history and analytics" classname="payment.spec.ts" time="0">
<properties>
<property name="skip" value="">
</property>
</properties>
<skipped>
</skipped>
</testcase>
<testcase name="Payment System › DISABLED: Subscription payment management" classname="payment.spec.ts" time="0">
<properties>
<property name="skip" value="">
</property>
</properties>
<skipped>
</skipped>
</testcase>
<testcase name="Payment System › DISABLED: Payment webhook handling" classname="payment.spec.ts" time="0">
<properties>
<property name="skip" value="">
</property>
</properties>
<skipped>
</skipped>
</testcase>
</testsuite>
<testsuite name="production.spec.ts" timestamp="2025-10-24T16:55:39.999Z" hostname="Mobile Chrome" tests="6" failures="0" skipped="6" time="0" errors="0">
<testcase name="Production Site Tests › DISABLED: Homepage loads correctly" classname="production.spec.ts" time="0">
<properties>
<property name="skip" value="">
</property>
</properties>
<skipped>
</skipped>
</testcase>
<testcase name="Production Site Tests › DISABLED: Navigation works correctly" classname="production.spec.ts" time="0">
<properties>
<property name="skip" value="">
</property>
</properties>
<skipped>
</skipped>
</testcase>
<testcase name="Production Site Tests › DISABLED: Search functionality is present" classname="production.spec.ts" time="0">
<properties>
<property name="skip" value="">
</property>
</properties>
<skipped>
</skipped>
</testcase>
<testcase name="Production Site Tests › DISABLED: Footer links are present" classname="production.spec.ts" time="0">
<properties>
<property name="skip" value="">
</property>
</properties>
<skipped>
</skipped>
</testcase>
<testcase name="Production Site Tests › DISABLED: Responsive design works" classname="production.spec.ts" time="0">
<properties>
<property name="skip" value="">
</property>
</properties>
<skipped>
</skipped>
</testcase>
<testcase name="Production Site Tests › DISABLED: Page metadata is correct" classname="production.spec.ts" time="0">
<properties>
<property name="skip" value="">
</property>
</properties>
<skipped>
</skipped>
</testcase>
</testsuite>
<testsuite name="quick-verification.spec.ts" timestamp="2025-10-24T16:55:39.999Z" hostname="Mobile Chrome" tests="6" failures="2" skipped="1" time="91.472" errors="0">
<testcase name="🚀 Quick Production Verification › Homepage loads and basic functionality works" classname="quick-verification.spec.ts" time="35.884">
<failure message="quick-verification.spec.ts:4:7 Homepage loads and basic functionality works" type="FAILURE">
<![CDATA[  [Mobile Chrome] › quick-verification.spec.ts:4:7 › 🚀 Quick Production Verification › Homepage loads and basic functionality works 

    Error: expect(locator).toBeVisible() failed

    Locator:  locator('nav')
    Expected: visible
    Received: hidden
    Timeout:  30000ms

    Call log:
      - Expect "toBeVisible" with timeout 30000ms
      - waiting for locator('nav')
        33 × locator resolved to <nav class="flex justify-center space-x-8 px-4 sm:px-6 lg:px-8">…</nav>
           - unexpected value "hidden"


      17 |     
      18 |     // Check for navigation
    > 19 |     await expect(page.locator('nav')).toBeVisible();
         |                                       ^
      20 |     
      21 |     // Check for main content
      22 |     await expect(page.locator('main, [role="main"]')).toBeVisible();
        at /Users/asithalakmal/Documents/web/final project/WeddingLK-next copy/tests/e2e/quick-verification.spec.ts:19:39

    attachment #1: screenshot (image/png) ──────────────────────────────────────────────────────────
    ../../test-results/quick-verification-🚀-Quic-5d3be-d-basic-functionality-works-Mobile-Chrome/test-failed-1.png
    ────────────────────────────────────────────────────────────────────────────────────────────────

    attachment #2: video (video/webm) ──────────────────────────────────────────────────────────────
    ../../test-results/quick-verification-🚀-Quic-5d3be-d-basic-functionality-works-Mobile-Chrome/video.webm
    ────────────────────────────────────────────────────────────────────────────────────────────────

    Error Context: ../../test-results/quick-verification-🚀-Quic-5d3be-d-basic-functionality-works-Mobile-Chrome/error-context.md
]]>
</failure>
<system-out>
<![CDATA[
[[ATTACHMENT|test-results/quick-verification-🚀-Quic-5d3be-d-basic-functionality-works-Mobile-Chrome/test-failed-1.png]]

[[ATTACHMENT|test-results/quick-verification-🚀-Quic-5d3be-d-basic-functionality-works-Mobile-Chrome/video.webm]]

[[ATTACHMENT|test-results/quick-verification-🚀-Quic-5d3be-d-basic-functionality-works-Mobile-Chrome/error-context.md]]
]]>
</system-out>
</testcase>
<testcase name="🚀 Quick Production Verification › API endpoints are responding" classname="quick-verification.spec.ts" time="2.338">
</testcase>
<testcase name="🚀 Quick Production Verification › Database connection is working - DISABLED (Slow endpoint)" classname="quick-verification.spec.ts" time="0">
<properties>
<property name="skip" value="">
</property>
</properties>
<skipped>
</skipped>
</testcase>
<testcase name="🚀 Quick Production Verification › Navigation works correctly" classname="quick-verification.spec.ts" time="37.573">
<failure message="quick-verification.spec.ts:47:7 Navigation works correctly" type="FAILURE">
<![CDATA[  [Mobile Chrome] › quick-verification.spec.ts:47:7 › 🚀 Quick Production Verification › Navigation works correctly 

    Error: expect(locator).toBeVisible() failed

    Locator:  locator('nav a[href]').first()
    Expected: visible
    Received: hidden
    Timeout:  30000ms

    Call log:
      - Expect "toBeVisible" with timeout 30000ms
      - waiting for locator('nav a[href]').first()
        33 × locator resolved to <a href="/venues" class="text-gray-700 hover:text-rose-500 dark:text-gray-300 dark:hover:text-rose-400 font-medium transition-colors">Venues</a>
           - unexpected value "hidden"


      55 |     // Test that navigation is clickable
      56 |     const firstLink = navLinks.first();
    > 57 |     await expect(firstLink).toBeVisible();
         |                             ^
      58 |   });
      59 |
      60 |   test('Page is responsive', async ({ page }) => {
        at /Users/asithalakmal/Documents/web/final project/WeddingLK-next copy/tests/e2e/quick-verification.spec.ts:57:29

    attachment #1: screenshot (image/png) ──────────────────────────────────────────────────────────
    ../../test-results/quick-verification-🚀-Quic-2078d--Navigation-works-correctly-Mobile-Chrome/test-failed-1.png
    ────────────────────────────────────────────────────────────────────────────────────────────────

    attachment #2: video (video/webm) ──────────────────────────────────────────────────────────────
    ../../test-results/quick-verification-🚀-Quic-2078d--Navigation-works-correctly-Mobile-Chrome/video.webm
    ────────────────────────────────────────────────────────────────────────────────────────────────

    Error Context: ../../test-results/quick-verification-🚀-Quic-2078d--Navigation-works-correctly-Mobile-Chrome/error-context.md
]]>
</failure>
<system-out>
<![CDATA[
[[ATTACHMENT|test-results/quick-verification-🚀-Quic-2078d--Navigation-works-correctly-Mobile-Chrome/test-failed-1.png]]

[[ATTACHMENT|test-results/quick-verification-🚀-Quic-2078d--Navigation-works-correctly-Mobile-Chrome/video.webm]]

[[ATTACHMENT|test-results/quick-verification-🚀-Quic-2078d--Navigation-works-correctly-Mobile-Chrome/error-context.md]]
]]>
</system-out>
</testcase>
<testcase name="🚀 Quick Production Verification › Page is responsive" classname="quick-verification.spec.ts" time="8.866">
</testcase>
<testcase name="🚀 Quick Production Verification › No critical JavaScript errors" classname="quick-verification.spec.ts" time="6.811">
</testcase>
</testsuite>
<testsuite name="rbac-comprehensive.spec.ts" timestamp="2025-10-24T16:55:39.999Z" hostname="Mobile Chrome" tests="28" failures="0" skipped="28" time="0" errors="0">
<testcase name="🔐 User Role RBAC Tests › DISABLED: User Role - Allowed Access" classname="rbac-comprehensive.spec.ts" time="0">
<properties>
<property name="skip" value="">
</property>
</properties>
<skipped>
</skipped>
</testcase>
<testcase name="🔐 User Role RBAC Tests › DISABLED: User Role - Navigation Items Visibility" classname="rbac-comprehensive.spec.ts" time="0">
<properties>
<property name="skip" value="">
</property>
</properties>
<skipped>
</skipped>
</testcase>
<testcase name="🔐 User Role RBAC Tests › DISABLED: User Role - Feature Access Control" classname="rbac-comprehensive.spec.ts" time="0">
<properties>
<property name="skip" value="">
</property>
</properties>
<skipped>
</skipped>
</testcase>
<testcase name="🏢 Vendor Role RBAC Tests › DISABLED: Vendor Role - Allowed Access" classname="rbac-comprehensive.spec.ts" time="0">
<properties>
<property name="skip" value="">
</property>
</properties>
<skipped>
</skipped>
</testcase>
<testcase name="🏢 Vendor Role RBAC Tests › DISABLED: Vendor Role - Navigation Items Visibility" classname="rbac-comprehensive.spec.ts" time="0">
<properties>
<property name="skip" value="">
</property>
</properties>
<skipped>
</skipped>
</testcase>
<testcase name="🏢 Vendor Role RBAC Tests › DISABLED: Vendor Role - Feature Access Control" classname="rbac-comprehensive.spec.ts" time="0">
<properties>
<property name="skip" value="">
</property>
</properties>
<skipped>
</skipped>
</testcase>
<testcase name="👥 Wedding Planner Role RBAC Tests › DISABLED: Wedding Planner Role - Allowed Access" classname="rbac-comprehensive.spec.ts" time="0">
<properties>
<property name="skip" value="">
</property>
</properties>
<skipped>
</skipped>
</testcase>
<testcase name="👥 Wedding Planner Role RBAC Tests › DISABLED: Wedding Planner Role - Navigation Items Visibility" classname="rbac-comprehensive.spec.ts" time="0">
<properties>
<property name="skip" value="">
</property>
</properties>
<skipped>
</skipped>
</testcase>
<testcase name="👥 Wedding Planner Role RBAC Tests › DISABLED: Wedding Planner Role - Feature Access Control" classname="rbac-comprehensive.spec.ts" time="0">
<properties>
<property name="skip" value="">
</property>
</properties>
<skipped>
</skipped>
</testcase>
<testcase name="👑 Admin Role RBAC Tests › DISABLED: Admin Role - Allowed Access" classname="rbac-comprehensive.spec.ts" time="0">
<properties>
<property name="skip" value="">
</property>
</properties>
<skipped>
</skipped>
</testcase>
<testcase name="👑 Admin Role RBAC Tests › DISABLED: Admin Role - Navigation Items Visibility" classname="rbac-comprehensive.spec.ts" time="0">
<properties>
<property name="skip" value="">
</property>
</properties>
<skipped>
</skipped>
</testcase>
<testcase name="👑 Admin Role RBAC Tests › DISABLED: Admin Role - Feature Access Control" classname="rbac-comprehensive.spec.ts" time="0">
<properties>
<property name="skip" value="">
</property>
</properties>
<skipped>
</skipped>
</testcase>
<testcase name="🔧 Maintainer Role RBAC Tests › DISABLED: Maintainer Role - Allowed Access" classname="rbac-comprehensive.spec.ts" time="0">
<properties>
<property name="skip" value="">
</property>
</properties>
<skipped>
</skipped>
</testcase>
<testcase name="🔧 Maintainer Role RBAC Tests › DISABLED: Maintainer Role - Debug Access" classname="rbac-comprehensive.spec.ts" time="0">
<properties>
<property name="skip" value="">
</property>
</properties>
<skipped>
</skipped>
</testcase>
<testcase name="🛡️ Middleware Route Protection Tests › DISABLED: Unauthenticated Access Protection" classname="rbac-comprehensive.spec.ts" time="0">
<properties>
<property name="skip" value="">
</property>
</properties>
<skipped>
</skipped>
</testcase>
<testcase name="🛡️ Middleware Route Protection Tests › DISABLED: Role-Based Route Protection" classname="rbac-comprehensive.spec.ts" time="0">
<properties>
<property name="skip" value="">
</property>
</properties>
<skipped>
</skipped>
</testcase>
<testcase name="🔌 API Endpoint Authorization Tests › DISABLED: API Authentication Requirements" classname="rbac-comprehensive.spec.ts" time="0">
<properties>
<property name="skip" value="">
</property>
</properties>
<skipped>
</skipped>
</testcase>
<testcase name="🔌 API Endpoint Authorization Tests › DISABLED: API Role-Based Authorization" classname="rbac-comprehensive.spec.ts" time="0">
<properties>
<property name="skip" value="">
</property>
</properties>
<skipped>
</skipped>
</testcase>
<testcase name="🔌 API Endpoint Authorization Tests › DISABLED: API Permission-Based Authorization" classname="rbac-comprehensive.spec.ts" time="0">
<properties>
<property name="skip" value="">
</property>
</properties>
<skipped>
</skipped>
</testcase>
<testcase name="🎨 UI Component Visibility Tests › DISABLED: Dashboard Components Based on Role" classname="rbac-comprehensive.spec.ts" time="0">
<properties>
<property name="skip" value="">
</property>
</properties>
<skipped>
</skipped>
</testcase>
<testcase name="🎨 UI Component Visibility Tests › DISABLED: Navigation Menu Based on Role" classname="rbac-comprehensive.spec.ts" time="0">
<properties>
<property name="skip" value="">
</property>
</properties>
<skipped>
</skipped>
</testcase>
<testcase name="🎨 UI Component Visibility Tests › DISABLED: Action Buttons Based on Permissions" classname="rbac-comprehensive.spec.ts" time="0">
<properties>
<property name="skip" value="">
</property>
</properties>
<skipped>
</skipped>
</testcase>
<testcase name="🔄 Role Switching and Session Management › DISABLED: Role-Based Session Persistence" classname="rbac-comprehensive.spec.ts" time="0">
<properties>
<property name="skip" value="">
</property>
</properties>
<skipped>
</skipped>
</testcase>
<testcase name="🔄 Role Switching and Session Management › DISABLED: Role-Based Data Filtering" classname="rbac-comprehensive.spec.ts" time="0">
<properties>
<property name="skip" value="">
</property>
</properties>
<skipped>
</skipped>
</testcase>
<testcase name="🚨 Security and Error Handling › DISABLED: Unauthorized Access Attempts" classname="rbac-comprehensive.spec.ts" time="0">
<properties>
<property name="skip" value="">
</property>
</properties>
<skipped>
</skipped>
</testcase>
<testcase name="🚨 Security and Error Handling › DISABLED: Permission Denied Handling" classname="rbac-comprehensive.spec.ts" time="0">
<properties>
<property name="skip" value="">
</property>
</properties>
<skipped>
</skipped>
</testcase>
<testcase name="📊 Analytics and Reporting RBAC › DISABLED: Role-Based Analytics Access" classname="rbac-comprehensive.spec.ts" time="0">
<properties>
<property name="skip" value="">
</property>
</properties>
<skipped>
</skipped>
</testcase>
<testcase name="📊 Analytics and Reporting RBAC › DISABLED: Data Visibility Based on Role" classname="rbac-comprehensive.spec.ts" time="0">
<properties>
<property name="skip" value="">
</property>
</properties>
<skipped>
</skipped>
</testcase>
</testsuite>
<testsuite name="realistic-live-deployment.spec.ts" timestamp="2025-10-24T16:55:39.999Z" hostname="Mobile Chrome" tests="14" failures="0" skipped="14" time="0" errors="0">
<testcase name="🚀 REALISTIC LIVE DEPLOYMENT TESTING › DISABLED: 🏠 HOMEPAGE - Realistic Frontend Testing" classname="realistic-live-deployment.spec.ts" time="0">
<properties>
<property name="skip" value="">
</property>
</properties>
<skipped>
</skipped>
</testcase>
<testcase name="🚀 REALISTIC LIVE DEPLOYMENT TESTING › DISABLED: 🔐 AUTHENTICATION - Realistic Auth Flow Testing" classname="realistic-live-deployment.spec.ts" time="0">
<properties>
<property name="skip" value="">
</property>
</properties>
<skipped>
</skipped>
</testcase>
<testcase name="🚀 REALISTIC LIVE DEPLOYMENT TESTING › DISABLED: 🏢 VENUES - Realistic Venue Testing" classname="realistic-live-deployment.spec.ts" time="0">
<properties>
<property name="skip" value="">
</property>
</properties>
<skipped>
</skipped>
</testcase>
<testcase name="🚀 REALISTIC LIVE DEPLOYMENT TESTING › DISABLED: 🏪 VENDORS - Realistic Vendor Testing" classname="realistic-live-deployment.spec.ts" time="0">
<properties>
<property name="skip" value="">
</property>
</properties>
<skipped>
</skipped>
</testcase>
<testcase name="🚀 REALISTIC LIVE DEPLOYMENT TESTING › DISABLED: 📱 FEED - Realistic Social Feed Testing" classname="realistic-live-deployment.spec.ts" time="0">
<properties>
<property name="skip" value="">
</property>
</properties>
<skipped>
</skipped>
</testcase>
<testcase name="🚀 REALISTIC LIVE DEPLOYMENT TESTING › DISABLED: 🖼️ GALLERY - Realistic Gallery Testing" classname="realistic-live-deployment.spec.ts" time="0">
<properties>
<property name="skip" value="">
</property>
</properties>
<skipped>
</skipped>
</testcase>
<testcase name="🚀 REALISTIC LIVE DEPLOYMENT TESTING › DISABLED: 📊 DASHBOARD - Realistic Dashboard Testing" classname="realistic-live-deployment.spec.ts" time="0">
<properties>
<property name="skip" value="">
</property>
</properties>
<skipped>
</skipped>
</testcase>
<testcase name="🚀 REALISTIC LIVE DEPLOYMENT TESTING › DISABLED: 🔧 API ENDPOINTS - Realistic API Testing" classname="realistic-live-deployment.spec.ts" time="0">
<properties>
<property name="skip" value="">
</property>
</properties>
<skipped>
</skipped>
</testcase>
<testcase name="🚀 REALISTIC LIVE DEPLOYMENT TESTING › DISABLED: 📱 RESPONSIVE DESIGN - Realistic Mobile Testing" classname="realistic-live-deployment.spec.ts" time="0">
<properties>
<property name="skip" value="">
</property>
</properties>
<skipped>
</skipped>
</testcase>
<testcase name="🚀 REALISTIC LIVE DEPLOYMENT TESTING › DISABLED: 🎨 UI COMPONENTS - Realistic Component Testing" classname="realistic-live-deployment.spec.ts" time="0">
<properties>
<property name="skip" value="">
</property>
</properties>
<skipped>
</skipped>
</testcase>
<testcase name="🚀 REALISTIC LIVE DEPLOYMENT TESTING › DISABLED: ⚡ PERFORMANCE - Realistic Performance Testing" classname="realistic-live-deployment.spec.ts" time="0">
<properties>
<property name="skip" value="">
</property>
</properties>
<skipped>
</skipped>
</testcase>
<testcase name="🚀 REALISTIC LIVE DEPLOYMENT TESTING › DISABLED: 🔍 ERROR HANDLING - Realistic Error Testing" classname="realistic-live-deployment.spec.ts" time="0">
<properties>
<property name="skip" value="">
</property>
</properties>
<skipped>
</skipped>
</testcase>
<testcase name="🚀 REALISTIC LIVE DEPLOYMENT TESTING › DISABLED: 🎯 FINAL INTEGRATION - Realistic System Integration" classname="realistic-live-deployment.spec.ts" time="0">
<properties>
<property name="skip" value="">
</property>
</properties>
<skipped>
</skipped>
</testcase>
<testcase name="🚀 REALISTIC LIVE DEPLOYMENT TESTING › DISABLED: 📊 LIVE DEPLOYMENT STATUS REPORT" classname="realistic-live-deployment.spec.ts" time="0">
<properties>
<property name="skip" value="">
</property>
</properties>
<skipped>
</skipped>
</testcase>
</testsuite>
<testsuite name="responsive-tests.spec.ts" timestamp="2025-10-24T16:55:39.999Z" hostname="Mobile Chrome" tests="32" failures="2" skipped="0" time="241.74" errors="0">
<testcase name="📱 Responsive Design Tests - Phase 5 › 📱 Mobile Responsive (375px) › ✅ Homepage is mobile responsive" classname="responsive-tests.spec.ts" time="6.887">
</testcase>
<testcase name="📱 Responsive Design Tests - Phase 5 › 📱 Mobile Responsive (375px) › ✅ Navigation menu works on mobile" classname="responsive-tests.spec.ts" time="3.637">
</testcase>
<testcase name="📱 Responsive Design Tests - Phase 5 › 📱 Mobile Responsive (375px) › ✅ Venues page is mobile responsive" classname="responsive-tests.spec.ts" time="3.578">
</testcase>
<testcase name="📱 Responsive Design Tests - Phase 5 › 📱 Mobile Responsive (375px) › ✅ Vendors page is mobile responsive" classname="responsive-tests.spec.ts" time="3.811">
</testcase>
<testcase name="📱 Responsive Design Tests - Phase 5 › 📱 Mobile Responsive (375px) › ✅ Login form is mobile responsive" classname="responsive-tests.spec.ts" time="3.466">
</testcase>
<testcase name="📱 Responsive Design Tests - Phase 5 › 📱 Mobile Responsive (375px) › ✅ Register form is mobile responsive" classname="responsive-tests.spec.ts" time="7.659">
</testcase>
<testcase name="📱 Responsive Design Tests - Phase 5 › 📱 Mobile Responsive (375px) › ✅ Footer is mobile responsive" classname="responsive-tests.spec.ts" time="3.723">
</testcase>
<testcase name="📱 Responsive Design Tests - Phase 5 › 📱 Mobile Responsive (375px) › ✅ Images are responsive" classname="responsive-tests.spec.ts" time="1.94">
</testcase>
<testcase name="📱 Responsive Design Tests - Phase 5 › 📱 Mobile Responsive (375px) › ✅ Buttons are mobile touch-friendly" classname="responsive-tests.spec.ts" time="6.608">
<failure message="responsive-tests.spec.ts:101:9 ✅ Buttons are mobile touch-friendly" type="FAILURE">
<![CDATA[  [Mobile Chrome] › responsive-tests.spec.ts:101:9 › 📱 Responsive Design Tests - Phase 5 › 📱 Mobile Responsive (375px) › ✅ Buttons are mobile touch-friendly 

    Error: expect(received).toBeGreaterThanOrEqual(expected)

    Expected: >= 40
    Received:    36

      109 |         // Buttons should be at least 44x44px (touch-friendly size)
      110 |         if (box) {
    > 111 |           expect(box.height).toBeGreaterThanOrEqual(40)
          |                              ^
      112 |         }
      113 |       }
      114 |     })
        at /Users/asithalakmal/Documents/web/final project/WeddingLK-next copy/tests/e2e/responsive-tests.spec.ts:111:30

    attachment #1: screenshot (image/png) ──────────────────────────────────────────────────────────
    ../../test-results/responsive-tests-📱-Respon-69dff-s-are-mobile-touch-friendly-Mobile-Chrome/test-failed-1.png
    ────────────────────────────────────────────────────────────────────────────────────────────────

    attachment #2: video (video/webm) ──────────────────────────────────────────────────────────────
    ../../test-results/responsive-tests-📱-Respon-69dff-s-are-mobile-touch-friendly-Mobile-Chrome/video.webm
    ────────────────────────────────────────────────────────────────────────────────────────────────

    Error Context: ../../test-results/responsive-tests-📱-Respon-69dff-s-are-mobile-touch-friendly-Mobile-Chrome/error-context.md
]]>
</failure>
<system-out>
<![CDATA[
[[ATTACHMENT|test-results/responsive-tests-📱-Respon-69dff-s-are-mobile-touch-friendly-Mobile-Chrome/test-failed-1.png]]

[[ATTACHMENT|test-results/responsive-tests-📱-Respon-69dff-s-are-mobile-touch-friendly-Mobile-Chrome/video.webm]]

[[ATTACHMENT|test-results/responsive-tests-📱-Respon-69dff-s-are-mobile-touch-friendly-Mobile-Chrome/error-context.md]]
]]>
</system-out>
</testcase>
<testcase name="📱 Responsive Design Tests - Phase 5 › 📱 Mobile Responsive (375px) › ✅ Text is readable on mobile" classname="responsive-tests.spec.ts" time="6.497">
<failure message="responsive-tests.spec.ts:116:9 ✅ Text is readable on mobile" type="FAILURE">
<![CDATA[  [Mobile Chrome] › responsive-tests.spec.ts:116:9 › 📱 Responsive Design Tests - Phase 5 › 📱 Mobile Responsive (375px) › ✅ Text is readable on mobile 

    Error: locator.isVisible: Error: strict mode violation: locator('h1, h2') resolved to 4 elements:
        1) <h1 class="text-4xl md:text-6xl font-bold text-gray-900 dark:text-white mb-6">…</h1> aka getByRole('heading', { name: 'Find Your Perfect Wedding' })
        2) <h2 class="text-3xl font-bold tracking-tight text-gray-900 dark:text-white sm:text-4xl">Everything You Need for Your Perfect Day</h2> aka getByRole('heading', { name: 'Everything You Need for Your' })
        3) <h2 class="text-4xl md:text-5xl font-bold mb-6 bg-gradient-to-r from-pink-600 to-purple-600 bg-clip-text text-transparent">Numbers That Tell Our Story</h2> aka getByRole('heading', { name: 'Numbers That Tell Our Story' })
        4) <h2 class="text-3xl font-bold text-white sm:text-4xl">Ready to Start Planning?</h2> aka getByRole('heading', { name: 'Ready to Start Planning?' })

    Call log:
        - checking visibility of locator('h1, h2')


      118 |       
      119 |       const heading = page.locator('h1, h2')
    > 120 |       if (await heading.isVisible()) {
          |                         ^
      121 |         const fontSize = await heading.evaluate(el => 
      122 |           window.getComputedStyle(el).fontSize
      123 |         )
        at /Users/asithalakmal/Documents/web/final project/WeddingLK-next copy/tests/e2e/responsive-tests.spec.ts:120:25

    attachment #1: screenshot (image/png) ──────────────────────────────────────────────────────────
    ../../test-results/responsive-tests-📱-Respon-6aa3a--Text-is-readable-on-mobile-Mobile-Chrome/test-failed-1.png
    ────────────────────────────────────────────────────────────────────────────────────────────────

    attachment #2: video (video/webm) ──────────────────────────────────────────────────────────────
    ../../test-results/responsive-tests-📱-Respon-6aa3a--Text-is-readable-on-mobile-Mobile-Chrome/video.webm
    ────────────────────────────────────────────────────────────────────────────────────────────────

    Error Context: ../../test-results/responsive-tests-📱-Respon-6aa3a--Text-is-readable-on-mobile-Mobile-Chrome/error-context.md
]]>
</failure>
<system-out>
<![CDATA[
[[ATTACHMENT|test-results/responsive-tests-📱-Respon-6aa3a--Text-is-readable-on-mobile-Mobile-Chrome/test-failed-1.png]]

[[ATTACHMENT|test-results/responsive-tests-📱-Respon-6aa3a--Text-is-readable-on-mobile-Mobile-Chrome/video.webm]]

[[ATTACHMENT|test-results/responsive-tests-📱-Respon-6aa3a--Text-is-readable-on-mobile-Mobile-Chrome/error-context.md]]
]]>
</system-out>
</testcase>
<testcase name="📱 Responsive Design Tests - Phase 5 › 📱 Mobile Responsive (375px) › ✅ No horizontal scroll on mobile" classname="responsive-tests.spec.ts" time="9.964">
</testcase>
<testcase name="📱 Responsive Design Tests - Phase 5 › 📊 Tablet Responsive (768px) › ✅ Homepage is tablet responsive" classname="responsive-tests.spec.ts" time="17.318">
</testcase>
<testcase name="📱 Responsive Design Tests - Phase 5 › 📊 Tablet Responsive (768px) › ✅ Two-column layout on tablet" classname="responsive-tests.spec.ts" time="5.995">
</testcase>
<testcase name="📱 Responsive Design Tests - Phase 5 › 📊 Tablet Responsive (768px) › ✅ Sidebar shows on tablet" classname="responsive-tests.spec.ts" time="13.743">
</testcase>
<testcase name="📱 Responsive Design Tests - Phase 5 › 📊 Tablet Responsive (768px) › ✅ Navigation is usable on tablet" classname="responsive-tests.spec.ts" time="11.587">
</testcase>
<testcase name="📱 Responsive Design Tests - Phase 5 › 📊 Tablet Responsive (768px) › ✅ Forms have proper spacing on tablet" classname="responsive-tests.spec.ts" time="6.832">
</testcase>
<testcase name="📱 Responsive Design Tests - Phase 5 › 🖥️ Desktop Responsive (1920px) › ✅ Homepage uses full desktop width" classname="responsive-tests.spec.ts" time="8.381">
</testcase>
<testcase name="📱 Responsive Design Tests - Phase 5 › 🖥️ Desktop Responsive (1920px) › ✅ Multi-column grid on desktop" classname="responsive-tests.spec.ts" time="6.548">
</testcase>
<testcase name="📱 Responsive Design Tests - Phase 5 › 🖥️ Desktop Responsive (1920px) › ✅ Sidebar visible on desktop" classname="responsive-tests.spec.ts" time="7.335">
</testcase>
<testcase name="📱 Responsive Design Tests - Phase 5 › 🖥️ Desktop Responsive (1920px) › ✅ Footer content is distributed on desktop" classname="responsive-tests.spec.ts" time="8.546">
</testcase>
<testcase name="📱 Responsive Design Tests - Phase 5 › 🖥️ Desktop Responsive (1920px) › ✅ Large images display properly" classname="responsive-tests.spec.ts" time="6.734">
</testcase>
<testcase name="📱 Responsive Design Tests - Phase 5 › 🔄 Orientation Changes › ✅ Page reflows when changing from portrait to landscape" classname="responsive-tests.spec.ts" time="5.61">
</testcase>
<testcase name="📱 Responsive Design Tests - Phase 5 › 🔄 Orientation Changes › ✅ Content reflows from landscape to portrait" classname="responsive-tests.spec.ts" time="11.976">
</testcase>
<testcase name="📱 Responsive Design Tests - Phase 5 › 🎯 CSS Breakpoints › ✅ Small breakpoint (320px)" classname="responsive-tests.spec.ts" time="8.232">
</testcase>
<testcase name="📱 Responsive Design Tests - Phase 5 › 🎯 CSS Breakpoints › ✅ Medium breakpoint (768px)" classname="responsive-tests.spec.ts" time="9.918">
</testcase>
<testcase name="📱 Responsive Design Tests - Phase 5 › 🎯 CSS Breakpoints › ✅ Large breakpoint (1024px)" classname="responsive-tests.spec.ts" time="10.148">
</testcase>
<testcase name="📱 Responsive Design Tests - Phase 5 › 🎯 CSS Breakpoints › ✅ Extra large breakpoint (1440px)" classname="responsive-tests.spec.ts" time="7.887">
</testcase>
<testcase name="📱 Responsive Design Tests - Phase 5 › 📲 Device-Specific Responsive › ✅ iPhone SE responsive" classname="responsive-tests.spec.ts" time="6.389">
</testcase>
<testcase name="📱 Responsive Design Tests - Phase 5 › 📲 Device-Specific Responsive › ✅ iPhone 12/13 responsive" classname="responsive-tests.spec.ts" time="6.089">
</testcase>
<testcase name="📱 Responsive Design Tests - Phase 5 › 📲 Device-Specific Responsive › ✅ iPad responsive" classname="responsive-tests.spec.ts" time="12.094">
</testcase>
<testcase name="📱 Responsive Design Tests - Phase 5 › 📲 Device-Specific Responsive › ✅ Samsung Galaxy responsive" classname="responsive-tests.spec.ts" time="5.494">
</testcase>
<testcase name="📱 Responsive Design Tests - Phase 5 › 📲 Device-Specific Responsive › ✅ Standard Android tablet" classname="responsive-tests.spec.ts" time="7.114">
</testcase>
</testsuite>
<testsuite name="simple.spec.ts" timestamp="2025-10-24T16:55:39.999Z" hostname="Mobile Chrome" tests="5" failures="0" skipped="5" time="0" errors="0">
<testcase name="Simple Production Tests › DISABLED: Homepage loads and has basic content" classname="simple.spec.ts" time="0">
<properties>
<property name="skip" value="">
</property>
</properties>
<skipped>
</skipped>
</testcase>
<testcase name="Simple Production Tests › DISABLED: Page has navigation elements" classname="simple.spec.ts" time="0">
<properties>
<property name="skip" value="">
</property>
</properties>
<skipped>
</skipped>
</testcase>
<testcase name="Simple Production Tests › DISABLED: Page has footer content" classname="simple.spec.ts" time="0">
<properties>
<property name="skip" value="">
</property>
</properties>
<skipped>
</skipped>
</testcase>
<testcase name="Simple Production Tests › DISABLED: Page is responsive" classname="simple.spec.ts" time="0">
<properties>
<property name="skip" value="">
</property>
</properties>
<skipped>
</skipped>
</testcase>
<testcase name="Simple Production Tests › DISABLED: Page has correct metadata" classname="simple.spec.ts" time="0">
<properties>
<property name="skip" value="">
</property>
</properties>
<skipped>
</skipped>
</testcase>
</testsuite>
<testsuite name="user-journey-tests.spec.ts" timestamp="2025-10-24T16:55:39.999Z" hostname="Mobile Chrome" tests="29" failures="23" skipped="0" time="359.683" errors="0">
<testcase name="🚀 User Journey Tests - Phase 4 › 👰 Bride/Groom Wedding Planning Journey › ✅ Complete bride journey: Explore &gt; Favorite &gt; Book vendor" classname="user-journey-tests.spec.ts" time="5.442">
<failure message="user-journey-tests.spec.ts:24:9 ✅ Complete bride journey: Explore &gt; Favorite &gt; Book vendor" type="FAILURE">
<![CDATA[  [Mobile Chrome] › user-journey-tests.spec.ts:24:9 › 🚀 User Journey Tests - Phase 4 › 👰 Bride/Groom Wedding Planning Journey › ✅ Complete bride journey: Explore > Favorite > Book vendor 

    Error: expect(locator).toContainText(expected) failed

    Locator: locator('h1, h2')
    Expected pattern: /Wedding|Venue|Vendor/
    Error: strict mode violation: locator('h1, h2') resolved to 4 elements:
        1) <h1 class="text-4xl md:text-6xl font-bold text-gray-900 dark:text-white mb-6">…</h1> aka getByRole('heading', { name: 'Find Your Perfect Wedding' })
        2) <h2 class="text-3xl font-bold tracking-tight text-gray-900 dark:text-white sm:text-4xl">Everything You Need for Your Perfect Day</h2> aka getByRole('heading', { name: 'Everything You Need for Your' })
        3) <h2 class="text-4xl md:text-5xl font-bold mb-6 bg-gradient-to-r from-pink-600 to-purple-600 bg-clip-text text-transparent">Numbers That Tell Our Story</h2> aka getByRole('heading', { name: 'Numbers That Tell Our Story' })
        4) <h2 class="text-3xl font-bold text-white sm:text-4xl">Ready to Start Planning?</h2> aka getByRole('heading', { name: 'Ready to Start Planning?' })

    Call log:
      - Expect "toContainText" with timeout 30000ms
      - waiting for locator('h1, h2')


      25 |       // Step 1: Browse homepage
      26 |       await page.goto('/')
    > 27 |       await expect(page.locator('h1, h2')).toContainText(/Wedding|Venue|Vendor/)
         |                                            ^
      28 |
      29 |       // Step 2: View venues
      30 |       const venuesLink = page.locator('a[href="/venues"], a:has-text("Venues")')
        at /Users/asithalakmal/Documents/web/final project/WeddingLK-next copy/tests/e2e/user-journey-tests.spec.ts:27:44

    attachment #1: screenshot (image/png) ──────────────────────────────────────────────────────────
    ../../test-results/user-journey-tests-🚀-User-46e41-xplore-Favorite-Book-vendor-Mobile-Chrome/test-failed-1.png
    ────────────────────────────────────────────────────────────────────────────────────────────────

    attachment #2: video (video/webm) ──────────────────────────────────────────────────────────────
    ../../test-results/user-journey-tests-🚀-User-46e41-xplore-Favorite-Book-vendor-Mobile-Chrome/video.webm
    ────────────────────────────────────────────────────────────────────────────────────────────────

    Error Context: ../../test-results/user-journey-tests-🚀-User-46e41-xplore-Favorite-Book-vendor-Mobile-Chrome/error-context.md
]]>
</failure>
<system-out>
<![CDATA[
[[ATTACHMENT|test-results/user-journey-tests-🚀-User-46e41-xplore-Favorite-Book-vendor-Mobile-Chrome/test-failed-1.png]]

[[ATTACHMENT|test-results/user-journey-tests-🚀-User-46e41-xplore-Favorite-Book-vendor-Mobile-Chrome/video.webm]]

[[ATTACHMENT|test-results/user-journey-tests-🚀-User-46e41-xplore-Favorite-Book-vendor-Mobile-Chrome/error-context.md]]
]]>
</system-out>
</testcase>
<testcase name="🚀 User Journey Tests - Phase 4 › 👰 Bride/Groom Wedding Planning Journey › ✅ User discovery journey: Search &gt; Filter &gt; View details" classname="user-journey-tests.spec.ts" time="16.663">
<failure message="user-journey-tests.spec.ts:50:9 ✅ User discovery journey: Search &gt; Filter &gt; View details" type="FAILURE">
<![CDATA[  [Mobile Chrome] › user-journey-tests.spec.ts:50:9 › 🚀 User Journey Tests - Phase 4 › 👰 Bride/Groom Wedding Planning Journey › ✅ User discovery journey: Search > Filter > View details 

    TimeoutError: page.waitForURL: Timeout 10000ms exceeded.
    =========================== logs ===========================
    waiting for navigation until "load"
    ============================================================

      12 |   await page.fill('input[name="password"]', password)
      13 |   await page.click('button[type="submit"]')
    > 14 |   await page.waitForURL(/\/dashboard/, { timeout: 10000 })
         |              ^
      15 | }
      16 |
      17 | test.describe('🚀 User Journey Tests - Phase 4', () => {
        at login (/Users/asithalakmal/Documents/web/final project/WeddingLK-next copy/tests/e2e/user-journey-tests.spec.ts:14:14)
        at /Users/asithalakmal/Documents/web/final project/WeddingLK-next copy/tests/e2e/user-journey-tests.spec.ts:51:7

    attachment #1: screenshot (image/png) ──────────────────────────────────────────────────────────
    ../../test-results/user-journey-tests-🚀-User-07f13--Search-Filter-View-details-Mobile-Chrome/test-failed-1.png
    ────────────────────────────────────────────────────────────────────────────────────────────────

    attachment #2: video (video/webm) ──────────────────────────────────────────────────────────────
    ../../test-results/user-journey-tests-🚀-User-07f13--Search-Filter-View-details-Mobile-Chrome/video.webm
    ────────────────────────────────────────────────────────────────────────────────────────────────

    Error Context: ../../test-results/user-journey-tests-🚀-User-07f13--Search-Filter-View-details-Mobile-Chrome/error-context.md
]]>
</failure>
<system-out>
<![CDATA[
[[ATTACHMENT|test-results/user-journey-tests-🚀-User-07f13--Search-Filter-View-details-Mobile-Chrome/test-failed-1.png]]

[[ATTACHMENT|test-results/user-journey-tests-🚀-User-07f13--Search-Filter-View-details-Mobile-Chrome/video.webm]]

[[ATTACHMENT|test-results/user-journey-tests-🚀-User-07f13--Search-Filter-View-details-Mobile-Chrome/error-context.md]]
]]>
</system-out>
</testcase>
<testcase name="🚀 User Journey Tests - Phase 4 › 👰 Bride/Groom Wedding Planning Journey › ✅ User favorites journey: Add &gt; View &gt; Remove" classname="user-journey-tests.spec.ts" time="13.269">
<failure message="user-journey-tests.spec.ts:61:9 ✅ User favorites journey: Add &gt; View &gt; Remove" type="FAILURE">
<![CDATA[  [Mobile Chrome] › user-journey-tests.spec.ts:61:9 › 🚀 User Journey Tests - Phase 4 › 👰 Bride/Groom Wedding Planning Journey › ✅ User favorites journey: Add > View > Remove 

    TimeoutError: page.waitForURL: Timeout 10000ms exceeded.
    =========================== logs ===========================
    waiting for navigation until "load"
    ============================================================

      12 |   await page.fill('input[name="password"]', password)
      13 |   await page.click('button[type="submit"]')
    > 14 |   await page.waitForURL(/\/dashboard/, { timeout: 10000 })
         |              ^
      15 | }
      16 |
      17 | test.describe('🚀 User Journey Tests - Phase 4', () => {
        at login (/Users/asithalakmal/Documents/web/final project/WeddingLK-next copy/tests/e2e/user-journey-tests.spec.ts:14:14)
        at /Users/asithalakmal/Documents/web/final project/WeddingLK-next copy/tests/e2e/user-journey-tests.spec.ts:62:7

    attachment #1: screenshot (image/png) ──────────────────────────────────────────────────────────
    ../../test-results/user-journey-tests-🚀-User-a9d06-tes-journey-Add-View-Remove-Mobile-Chrome/test-failed-1.png
    ────────────────────────────────────────────────────────────────────────────────────────────────

    attachment #2: video (video/webm) ──────────────────────────────────────────────────────────────
    ../../test-results/user-journey-tests-🚀-User-a9d06-tes-journey-Add-View-Remove-Mobile-Chrome/video.webm
    ────────────────────────────────────────────────────────────────────────────────────────────────

    Error Context: ../../test-results/user-journey-tests-🚀-User-a9d06-tes-journey-Add-View-Remove-Mobile-Chrome/error-context.md
]]>
</failure>
<system-out>
<![CDATA[
[[ATTACHMENT|test-results/user-journey-tests-🚀-User-a9d06-tes-journey-Add-View-Remove-Mobile-Chrome/test-failed-1.png]]

[[ATTACHMENT|test-results/user-journey-tests-🚀-User-a9d06-tes-journey-Add-View-Remove-Mobile-Chrome/video.webm]]

[[ATTACHMENT|test-results/user-journey-tests-🚀-User-a9d06-tes-journey-Add-View-Remove-Mobile-Chrome/error-context.md]]
]]>
</system-out>
</testcase>
<testcase name="🚀 User Journey Tests - Phase 4 › 👰 Bride/Groom Wedding Planning Journey › ✅ User booking inquiry journey" classname="user-journey-tests.spec.ts" time="15.512">
<failure message="user-journey-tests.spec.ts:72:9 ✅ User booking inquiry journey" type="FAILURE">
<![CDATA[  [Mobile Chrome] › user-journey-tests.spec.ts:72:9 › 🚀 User Journey Tests - Phase 4 › 👰 Bride/Groom Wedding Planning Journey › ✅ User booking inquiry journey 

    TimeoutError: page.waitForURL: Timeout 10000ms exceeded.
    =========================== logs ===========================
    waiting for navigation until "load"
    ============================================================

      12 |   await page.fill('input[name="password"]', password)
      13 |   await page.click('button[type="submit"]')
    > 14 |   await page.waitForURL(/\/dashboard/, { timeout: 10000 })
         |              ^
      15 | }
      16 |
      17 | test.describe('🚀 User Journey Tests - Phase 4', () => {
        at login (/Users/asithalakmal/Documents/web/final project/WeddingLK-next copy/tests/e2e/user-journey-tests.spec.ts:14:14)
        at /Users/asithalakmal/Documents/web/final project/WeddingLK-next copy/tests/e2e/user-journey-tests.spec.ts:73:7

    attachment #1: screenshot (image/png) ──────────────────────────────────────────────────────────
    ../../test-results/user-journey-tests-🚀-User-1b852-ser-booking-inquiry-journey-Mobile-Chrome/test-failed-1.png
    ────────────────────────────────────────────────────────────────────────────────────────────────

    attachment #2: video (video/webm) ──────────────────────────────────────────────────────────────
    ../../test-results/user-journey-tests-🚀-User-1b852-ser-booking-inquiry-journey-Mobile-Chrome/video.webm
    ────────────────────────────────────────────────────────────────────────────────────────────────

    Error Context: ../../test-results/user-journey-tests-🚀-User-1b852-ser-booking-inquiry-journey-Mobile-Chrome/error-context.md
]]>
</failure>
<system-out>
<![CDATA[
[[ATTACHMENT|test-results/user-journey-tests-🚀-User-1b852-ser-booking-inquiry-journey-Mobile-Chrome/test-failed-1.png]]

[[ATTACHMENT|test-results/user-journey-tests-🚀-User-1b852-ser-booking-inquiry-journey-Mobile-Chrome/video.webm]]

[[ATTACHMENT|test-results/user-journey-tests-🚀-User-1b852-ser-booking-inquiry-journey-Mobile-Chrome/error-context.md]]
]]>
</system-out>
</testcase>
<testcase name="🚀 User Journey Tests - Phase 4 › 👰 Bride/Groom Wedding Planning Journey › ✅ User profile completion journey" classname="user-journey-tests.spec.ts" time="14.5">
<failure message="user-journey-tests.spec.ts:83:9 ✅ User profile completion journey" type="FAILURE">
<![CDATA[  [Mobile Chrome] › user-journey-tests.spec.ts:83:9 › 🚀 User Journey Tests - Phase 4 › 👰 Bride/Groom Wedding Planning Journey › ✅ User profile completion journey 

    TimeoutError: page.waitForURL: Timeout 10000ms exceeded.
    =========================== logs ===========================
    waiting for navigation until "load"
    ============================================================

      12 |   await page.fill('input[name="password"]', password)
      13 |   await page.click('button[type="submit"]')
    > 14 |   await page.waitForURL(/\/dashboard/, { timeout: 10000 })
         |              ^
      15 | }
      16 |
      17 | test.describe('🚀 User Journey Tests - Phase 4', () => {
        at login (/Users/asithalakmal/Documents/web/final project/WeddingLK-next copy/tests/e2e/user-journey-tests.spec.ts:14:14)
        at /Users/asithalakmal/Documents/web/final project/WeddingLK-next copy/tests/e2e/user-journey-tests.spec.ts:84:7

    attachment #1: screenshot (image/png) ──────────────────────────────────────────────────────────
    ../../test-results/user-journey-tests-🚀-User-2cdfe--profile-completion-journey-Mobile-Chrome/test-failed-1.png
    ────────────────────────────────────────────────────────────────────────────────────────────────

    attachment #2: video (video/webm) ──────────────────────────────────────────────────────────────
    ../../test-results/user-journey-tests-🚀-User-2cdfe--profile-completion-journey-Mobile-Chrome/video.webm
    ────────────────────────────────────────────────────────────────────────────────────────────────

    Error Context: ../../test-results/user-journey-tests-🚀-User-2cdfe--profile-completion-journey-Mobile-Chrome/error-context.md
]]>
</failure>
<system-out>
<![CDATA[
[[ATTACHMENT|test-results/user-journey-tests-🚀-User-2cdfe--profile-completion-journey-Mobile-Chrome/test-failed-1.png]]

[[ATTACHMENT|test-results/user-journey-tests-🚀-User-2cdfe--profile-completion-journey-Mobile-Chrome/video.webm]]

[[ATTACHMENT|test-results/user-journey-tests-🚀-User-2cdfe--profile-completion-journey-Mobile-Chrome/error-context.md]]
]]>
</system-out>
</testcase>
<testcase name="🚀 User Journey Tests - Phase 4 › 👰 Bride/Groom Wedding Planning Journey › ✅ User settings &amp; preferences journey" classname="user-journey-tests.spec.ts" time="14.467">
<failure message="user-journey-tests.spec.ts:100:9 ✅ User settings &amp; preferences journey" type="FAILURE">
<![CDATA[  [Mobile Chrome] › user-journey-tests.spec.ts:100:9 › 🚀 User Journey Tests - Phase 4 › 👰 Bride/Groom Wedding Planning Journey › ✅ User settings & preferences journey 

    TimeoutError: page.waitForURL: Timeout 10000ms exceeded.
    =========================== logs ===========================
    waiting for navigation until "load"
    ============================================================

      12 |   await page.fill('input[name="password"]', password)
      13 |   await page.click('button[type="submit"]')
    > 14 |   await page.waitForURL(/\/dashboard/, { timeout: 10000 })
         |              ^
      15 | }
      16 |
      17 | test.describe('🚀 User Journey Tests - Phase 4', () => {
        at login (/Users/asithalakmal/Documents/web/final project/WeddingLK-next copy/tests/e2e/user-journey-tests.spec.ts:14:14)
        at /Users/asithalakmal/Documents/web/final project/WeddingLK-next copy/tests/e2e/user-journey-tests.spec.ts:101:7

    attachment #1: screenshot (image/png) ──────────────────────────────────────────────────────────
    ../../test-results/user-journey-tests-🚀-User-a533d-ettings-preferences-journey-Mobile-Chrome/test-failed-1.png
    ────────────────────────────────────────────────────────────────────────────────────────────────

    attachment #2: video (video/webm) ──────────────────────────────────────────────────────────────
    ../../test-results/user-journey-tests-🚀-User-a533d-ettings-preferences-journey-Mobile-Chrome/video.webm
    ────────────────────────────────────────────────────────────────────────────────────────────────

    Error Context: ../../test-results/user-journey-tests-🚀-User-a533d-ettings-preferences-journey-Mobile-Chrome/error-context.md
]]>
</failure>
<system-out>
<![CDATA[
[[ATTACHMENT|test-results/user-journey-tests-🚀-User-a533d-ettings-preferences-journey-Mobile-Chrome/test-failed-1.png]]

[[ATTACHMENT|test-results/user-journey-tests-🚀-User-a533d-ettings-preferences-journey-Mobile-Chrome/video.webm]]

[[ATTACHMENT|test-results/user-journey-tests-🚀-User-a533d-ettings-preferences-journey-Mobile-Chrome/error-context.md]]
]]>
</system-out>
</testcase>
<testcase name="🚀 User Journey Tests - Phase 4 › 📸 Vendor Business Journey › ✅ Complete vendor onboarding &amp; service setup" classname="user-journey-tests.spec.ts" time="14.038">
<failure message="user-journey-tests.spec.ts:124:9 ✅ Complete vendor onboarding &amp; service setup" type="FAILURE">
<![CDATA[  [Mobile Chrome] › user-journey-tests.spec.ts:124:9 › 🚀 User Journey Tests - Phase 4 › 📸 Vendor Business Journey › ✅ Complete vendor onboarding & service setup 

    TimeoutError: page.waitForURL: Timeout 10000ms exceeded.
    =========================== logs ===========================
    waiting for navigation until "load"
    ============================================================

      12 |   await page.fill('input[name="password"]', password)
      13 |   await page.click('button[type="submit"]')
    > 14 |   await page.waitForURL(/\/dashboard/, { timeout: 10000 })
         |              ^
      15 | }
      16 |
      17 | test.describe('🚀 User Journey Tests - Phase 4', () => {
        at login (/Users/asithalakmal/Documents/web/final project/WeddingLK-next copy/tests/e2e/user-journey-tests.spec.ts:14:14)
        at /Users/asithalakmal/Documents/web/final project/WeddingLK-next copy/tests/e2e/user-journey-tests.spec.ts:125:7

    attachment #1: screenshot (image/png) ──────────────────────────────────────────────────────────
    ../../test-results/user-journey-tests-🚀-User-a8ee2-or-onboarding-service-setup-Mobile-Chrome/test-failed-1.png
    ────────────────────────────────────────────────────────────────────────────────────────────────

    attachment #2: video (video/webm) ──────────────────────────────────────────────────────────────
    ../../test-results/user-journey-tests-🚀-User-a8ee2-or-onboarding-service-setup-Mobile-Chrome/video.webm
    ────────────────────────────────────────────────────────────────────────────────────────────────

    Error Context: ../../test-results/user-journey-tests-🚀-User-a8ee2-or-onboarding-service-setup-Mobile-Chrome/error-context.md
]]>
</failure>
<system-out>
<![CDATA[
[[ATTACHMENT|test-results/user-journey-tests-🚀-User-a8ee2-or-onboarding-service-setup-Mobile-Chrome/test-failed-1.png]]

[[ATTACHMENT|test-results/user-journey-tests-🚀-User-a8ee2-or-onboarding-service-setup-Mobile-Chrome/video.webm]]

[[ATTACHMENT|test-results/user-journey-tests-🚀-User-a8ee2-or-onboarding-service-setup-Mobile-Chrome/error-context.md]]
]]>
</system-out>
</testcase>
<testcase name="🚀 User Journey Tests - Phase 4 › 📸 Vendor Business Journey › ✅ Vendor booking management journey" classname="user-journey-tests.spec.ts" time="13.793">
<failure message="user-journey-tests.spec.ts:138:9 ✅ Vendor booking management journey" type="FAILURE">
<![CDATA[  [Mobile Chrome] › user-journey-tests.spec.ts:138:9 › 🚀 User Journey Tests - Phase 4 › 📸 Vendor Business Journey › ✅ Vendor booking management journey 

    TimeoutError: page.waitForURL: Timeout 10000ms exceeded.
    =========================== logs ===========================
    waiting for navigation until "load"
    ============================================================

      12 |   await page.fill('input[name="password"]', password)
      13 |   await page.click('button[type="submit"]')
    > 14 |   await page.waitForURL(/\/dashboard/, { timeout: 10000 })
         |              ^
      15 | }
      16 |
      17 | test.describe('🚀 User Journey Tests - Phase 4', () => {
        at login (/Users/asithalakmal/Documents/web/final project/WeddingLK-next copy/tests/e2e/user-journey-tests.spec.ts:14:14)
        at /Users/asithalakmal/Documents/web/final project/WeddingLK-next copy/tests/e2e/user-journey-tests.spec.ts:139:7

    attachment #1: screenshot (image/png) ──────────────────────────────────────────────────────────
    ../../test-results/user-journey-tests-🚀-User-c14c3--booking-management-journey-Mobile-Chrome/test-failed-1.png
    ────────────────────────────────────────────────────────────────────────────────────────────────

    attachment #2: video (video/webm) ──────────────────────────────────────────────────────────────
    ../../test-results/user-journey-tests-🚀-User-c14c3--booking-management-journey-Mobile-Chrome/video.webm
    ────────────────────────────────────────────────────────────────────────────────────────────────

    Error Context: ../../test-results/user-journey-tests-🚀-User-c14c3--booking-management-journey-Mobile-Chrome/error-context.md
]]>
</failure>
<system-out>
<![CDATA[
[[ATTACHMENT|test-results/user-journey-tests-🚀-User-c14c3--booking-management-journey-Mobile-Chrome/test-failed-1.png]]

[[ATTACHMENT|test-results/user-journey-tests-🚀-User-c14c3--booking-management-journey-Mobile-Chrome/video.webm]]

[[ATTACHMENT|test-results/user-journey-tests-🚀-User-c14c3--booking-management-journey-Mobile-Chrome/error-context.md]]
]]>
</system-out>
</testcase>
<testcase name="🚀 User Journey Tests - Phase 4 › 📸 Vendor Business Journey › ✅ Vendor profile &amp; portfolio journey" classname="user-journey-tests.spec.ts" time="20.334">
<failure message="user-journey-tests.spec.ts:149:9 ✅ Vendor profile &amp; portfolio journey" type="FAILURE">
<![CDATA[  [Mobile Chrome] › user-journey-tests.spec.ts:149:9 › 🚀 User Journey Tests - Phase 4 › 📸 Vendor Business Journey › ✅ Vendor profile & portfolio journey 

    TimeoutError: page.waitForURL: Timeout 10000ms exceeded.
    =========================== logs ===========================
    waiting for navigation until "load"
    ============================================================

      12 |   await page.fill('input[name="password"]', password)
      13 |   await page.click('button[type="submit"]')
    > 14 |   await page.waitForURL(/\/dashboard/, { timeout: 10000 })
         |              ^
      15 | }
      16 |
      17 | test.describe('🚀 User Journey Tests - Phase 4', () => {
        at login (/Users/asithalakmal/Documents/web/final project/WeddingLK-next copy/tests/e2e/user-journey-tests.spec.ts:14:14)
        at /Users/asithalakmal/Documents/web/final project/WeddingLK-next copy/tests/e2e/user-journey-tests.spec.ts:150:7

    attachment #1: screenshot (image/png) ──────────────────────────────────────────────────────────
    ../../test-results/user-journey-tests-🚀-User-56b28-r-profile-portfolio-journey-Mobile-Chrome/test-failed-1.png
    ────────────────────────────────────────────────────────────────────────────────────────────────

    attachment #2: video (video/webm) ──────────────────────────────────────────────────────────────
    ../../test-results/user-journey-tests-🚀-User-56b28-r-profile-portfolio-journey-Mobile-Chrome/video.webm
    ────────────────────────────────────────────────────────────────────────────────────────────────

    Error Context: ../../test-results/user-journey-tests-🚀-User-56b28-r-profile-portfolio-journey-Mobile-Chrome/error-context.md
]]>
</failure>
<system-out>
<![CDATA[
[[ATTACHMENT|test-results/user-journey-tests-🚀-User-56b28-r-profile-portfolio-journey-Mobile-Chrome/test-failed-1.png]]

[[ATTACHMENT|test-results/user-journey-tests-🚀-User-56b28-r-profile-portfolio-journey-Mobile-Chrome/video.webm]]

[[ATTACHMENT|test-results/user-journey-tests-🚀-User-56b28-r-profile-portfolio-journey-Mobile-Chrome/error-context.md]]
]]>
</system-out>
</testcase>
<testcase name="🚀 User Journey Tests - Phase 4 › 📸 Vendor Business Journey › ✅ Vendor performance tracking journey" classname="user-journey-tests.spec.ts" time="15.017">
<failure message="user-journey-tests.spec.ts:160:9 ✅ Vendor performance tracking journey" type="FAILURE">
<![CDATA[  [Mobile Chrome] › user-journey-tests.spec.ts:160:9 › 🚀 User Journey Tests - Phase 4 › 📸 Vendor Business Journey › ✅ Vendor performance tracking journey 

    TimeoutError: page.waitForURL: Timeout 10000ms exceeded.
    =========================== logs ===========================
    waiting for navigation until "load"
    ============================================================

      12 |   await page.fill('input[name="password"]', password)
      13 |   await page.click('button[type="submit"]')
    > 14 |   await page.waitForURL(/\/dashboard/, { timeout: 10000 })
         |              ^
      15 | }
      16 |
      17 | test.describe('🚀 User Journey Tests - Phase 4', () => {
        at login (/Users/asithalakmal/Documents/web/final project/WeddingLK-next copy/tests/e2e/user-journey-tests.spec.ts:14:14)
        at /Users/asithalakmal/Documents/web/final project/WeddingLK-next copy/tests/e2e/user-journey-tests.spec.ts:161:7

    attachment #1: screenshot (image/png) ──────────────────────────────────────────────────────────
    ../../test-results/user-journey-tests-🚀-User-f4aad-erformance-tracking-journey-Mobile-Chrome/test-failed-1.png
    ────────────────────────────────────────────────────────────────────────────────────────────────

    attachment #2: video (video/webm) ──────────────────────────────────────────────────────────────
    ../../test-results/user-journey-tests-🚀-User-f4aad-erformance-tracking-journey-Mobile-Chrome/video.webm
    ────────────────────────────────────────────────────────────────────────────────────────────────

    Error Context: ../../test-results/user-journey-tests-🚀-User-f4aad-erformance-tracking-journey-Mobile-Chrome/error-context.md
]]>
</failure>
<system-out>
<![CDATA[
[[ATTACHMENT|test-results/user-journey-tests-🚀-User-f4aad-erformance-tracking-journey-Mobile-Chrome/test-failed-1.png]]

[[ATTACHMENT|test-results/user-journey-tests-🚀-User-f4aad-erformance-tracking-journey-Mobile-Chrome/video.webm]]

[[ATTACHMENT|test-results/user-journey-tests-🚀-User-f4aad-erformance-tracking-journey-Mobile-Chrome/error-context.md]]
]]>
</system-out>
</testcase>
<testcase name="🚀 User Journey Tests - Phase 4 › 📸 Vendor Business Journey › ✅ Vendor service pricing journey" classname="user-journey-tests.spec.ts" time="17.148">
<failure message="user-journey-tests.spec.ts:170:9 ✅ Vendor service pricing journey" type="FAILURE">
<![CDATA[  [Mobile Chrome] › user-journey-tests.spec.ts:170:9 › 🚀 User Journey Tests - Phase 4 › 📸 Vendor Business Journey › ✅ Vendor service pricing journey 

    TimeoutError: page.waitForURL: Timeout 10000ms exceeded.
    =========================== logs ===========================
    waiting for navigation until "load"
    ============================================================

      12 |   await page.fill('input[name="password"]', password)
      13 |   await page.click('button[type="submit"]')
    > 14 |   await page.waitForURL(/\/dashboard/, { timeout: 10000 })
         |              ^
      15 | }
      16 |
      17 | test.describe('🚀 User Journey Tests - Phase 4', () => {
        at login (/Users/asithalakmal/Documents/web/final project/WeddingLK-next copy/tests/e2e/user-journey-tests.spec.ts:14:14)
        at /Users/asithalakmal/Documents/web/final project/WeddingLK-next copy/tests/e2e/user-journey-tests.spec.ts:171:7

    attachment #1: screenshot (image/png) ──────────────────────────────────────────────────────────
    ../../test-results/user-journey-tests-🚀-User-9dea5-dor-service-pricing-journey-Mobile-Chrome/test-failed-1.png
    ────────────────────────────────────────────────────────────────────────────────────────────────

    attachment #2: video (video/webm) ──────────────────────────────────────────────────────────────
    ../../test-results/user-journey-tests-🚀-User-9dea5-dor-service-pricing-journey-Mobile-Chrome/video.webm
    ────────────────────────────────────────────────────────────────────────────────────────────────

    Error Context: ../../test-results/user-journey-tests-🚀-User-9dea5-dor-service-pricing-journey-Mobile-Chrome/error-context.md
]]>
</failure>
<system-out>
<![CDATA[
[[ATTACHMENT|test-results/user-journey-tests-🚀-User-9dea5-dor-service-pricing-journey-Mobile-Chrome/test-failed-1.png]]

[[ATTACHMENT|test-results/user-journey-tests-🚀-User-9dea5-dor-service-pricing-journey-Mobile-Chrome/video.webm]]

[[ATTACHMENT|test-results/user-journey-tests-🚀-User-9dea5-dor-service-pricing-journey-Mobile-Chrome/error-context.md]]
]]>
</system-out>
</testcase>
<testcase name="🚀 User Journey Tests - Phase 4 › 👑 Admin Platform Management Journey › ✅ Admin user management journey" classname="user-journey-tests.spec.ts" time="18.142">
<failure message="user-journey-tests.spec.ts:192:9 ✅ Admin user management journey" type="FAILURE">
<![CDATA[  [Mobile Chrome] › user-journey-tests.spec.ts:192:9 › 🚀 User Journey Tests - Phase 4 › 👑 Admin Platform Management Journey › ✅ Admin user management journey 

    TimeoutError: page.waitForURL: Timeout 10000ms exceeded.
    =========================== logs ===========================
    waiting for navigation until "load"
    ============================================================

      12 |   await page.fill('input[name="password"]', password)
      13 |   await page.click('button[type="submit"]')
    > 14 |   await page.waitForURL(/\/dashboard/, { timeout: 10000 })
         |              ^
      15 | }
      16 |
      17 | test.describe('🚀 User Journey Tests - Phase 4', () => {
        at login (/Users/asithalakmal/Documents/web/final project/WeddingLK-next copy/tests/e2e/user-journey-tests.spec.ts:14:14)
        at /Users/asithalakmal/Documents/web/final project/WeddingLK-next copy/tests/e2e/user-journey-tests.spec.ts:193:7

    attachment #1: screenshot (image/png) ──────────────────────────────────────────────────────────
    ../../test-results/user-journey-tests-🚀-User-ab267-min-user-management-journey-Mobile-Chrome/test-failed-1.png
    ────────────────────────────────────────────────────────────────────────────────────────────────

    attachment #2: video (video/webm) ──────────────────────────────────────────────────────────────
    ../../test-results/user-journey-tests-🚀-User-ab267-min-user-management-journey-Mobile-Chrome/video.webm
    ────────────────────────────────────────────────────────────────────────────────────────────────

    Error Context: ../../test-results/user-journey-tests-🚀-User-ab267-min-user-management-journey-Mobile-Chrome/error-context.md
]]>
</failure>
<system-out>
<![CDATA[
[[ATTACHMENT|test-results/user-journey-tests-🚀-User-ab267-min-user-management-journey-Mobile-Chrome/test-failed-1.png]]

[[ATTACHMENT|test-results/user-journey-tests-🚀-User-ab267-min-user-management-journey-Mobile-Chrome/video.webm]]

[[ATTACHMENT|test-results/user-journey-tests-🚀-User-ab267-min-user-management-journey-Mobile-Chrome/error-context.md]]
]]>
</system-out>
</testcase>
<testcase name="🚀 User Journey Tests - Phase 4 › 👑 Admin Platform Management Journey › ✅ Admin analytics &amp; reporting journey" classname="user-journey-tests.spec.ts" time="16.109">
<failure message="user-journey-tests.spec.ts:203:9 ✅ Admin analytics &amp; reporting journey" type="FAILURE">
<![CDATA[  [Mobile Chrome] › user-journey-tests.spec.ts:203:9 › 🚀 User Journey Tests - Phase 4 › 👑 Admin Platform Management Journey › ✅ Admin analytics & reporting journey 

    TimeoutError: page.waitForURL: Timeout 10000ms exceeded.
    =========================== logs ===========================
    waiting for navigation until "load"
    ============================================================

      12 |   await page.fill('input[name="password"]', password)
      13 |   await page.click('button[type="submit"]')
    > 14 |   await page.waitForURL(/\/dashboard/, { timeout: 10000 })
         |              ^
      15 | }
      16 |
      17 | test.describe('🚀 User Journey Tests - Phase 4', () => {
        at login (/Users/asithalakmal/Documents/web/final project/WeddingLK-next copy/tests/e2e/user-journey-tests.spec.ts:14:14)
        at /Users/asithalakmal/Documents/web/final project/WeddingLK-next copy/tests/e2e/user-journey-tests.spec.ts:204:7

    attachment #1: screenshot (image/png) ──────────────────────────────────────────────────────────
    ../../test-results/user-journey-tests-🚀-User-8009b-analytics-reporting-journey-Mobile-Chrome/test-failed-1.png
    ────────────────────────────────────────────────────────────────────────────────────────────────

    attachment #2: video (video/webm) ──────────────────────────────────────────────────────────────
    ../../test-results/user-journey-tests-🚀-User-8009b-analytics-reporting-journey-Mobile-Chrome/video.webm
    ────────────────────────────────────────────────────────────────────────────────────────────────

    Error Context: ../../test-results/user-journey-tests-🚀-User-8009b-analytics-reporting-journey-Mobile-Chrome/error-context.md
]]>
</failure>
<system-out>
<![CDATA[
[[ATTACHMENT|test-results/user-journey-tests-🚀-User-8009b-analytics-reporting-journey-Mobile-Chrome/test-failed-1.png]]

[[ATTACHMENT|test-results/user-journey-tests-🚀-User-8009b-analytics-reporting-journey-Mobile-Chrome/video.webm]]

[[ATTACHMENT|test-results/user-journey-tests-🚀-User-8009b-analytics-reporting-journey-Mobile-Chrome/error-context.md]]
]]>
</system-out>
</testcase>
<testcase name="🚀 User Journey Tests - Phase 4 › 👑 Admin Platform Management Journey › ✅ Admin platform settings journey" classname="user-journey-tests.spec.ts" time="16.612">
<failure message="user-journey-tests.spec.ts:214:9 ✅ Admin platform settings journey" type="FAILURE">
<![CDATA[  [Mobile Chrome] › user-journey-tests.spec.ts:214:9 › 🚀 User Journey Tests - Phase 4 › 👑 Admin Platform Management Journey › ✅ Admin platform settings journey 

    TimeoutError: page.waitForURL: Timeout 10000ms exceeded.
    =========================== logs ===========================
    waiting for navigation until "load"
    ============================================================

      12 |   await page.fill('input[name="password"]', password)
      13 |   await page.click('button[type="submit"]')
    > 14 |   await page.waitForURL(/\/dashboard/, { timeout: 10000 })
         |              ^
      15 | }
      16 |
      17 | test.describe('🚀 User Journey Tests - Phase 4', () => {
        at login (/Users/asithalakmal/Documents/web/final project/WeddingLK-next copy/tests/e2e/user-journey-tests.spec.ts:14:14)
        at /Users/asithalakmal/Documents/web/final project/WeddingLK-next copy/tests/e2e/user-journey-tests.spec.ts:215:7

    attachment #1: screenshot (image/png) ──────────────────────────────────────────────────────────
    ../../test-results/user-journey-tests-🚀-User-eb937-n-platform-settings-journey-Mobile-Chrome/test-failed-1.png
    ────────────────────────────────────────────────────────────────────────────────────────────────

    attachment #2: video (video/webm) ──────────────────────────────────────────────────────────────
    ../../test-results/user-journey-tests-🚀-User-eb937-n-platform-settings-journey-Mobile-Chrome/video.webm
    ────────────────────────────────────────────────────────────────────────────────────────────────

    Error Context: ../../test-results/user-journey-tests-🚀-User-eb937-n-platform-settings-journey-Mobile-Chrome/error-context.md
]]>
</failure>
<system-out>
<![CDATA[
[[ATTACHMENT|test-results/user-journey-tests-🚀-User-eb937-n-platform-settings-journey-Mobile-Chrome/test-failed-1.png]]

[[ATTACHMENT|test-results/user-journey-tests-🚀-User-eb937-n-platform-settings-journey-Mobile-Chrome/video.webm]]

[[ATTACHMENT|test-results/user-journey-tests-🚀-User-eb937-n-platform-settings-journey-Mobile-Chrome/error-context.md]]
]]>
</system-out>
</testcase>
<testcase name="🚀 User Journey Tests - Phase 4 › 👑 Admin Platform Management Journey › ✅ Admin content moderation journey" classname="user-journey-tests.spec.ts" time="16.669">
<failure message="user-journey-tests.spec.ts:225:9 ✅ Admin content moderation journey" type="FAILURE">
<![CDATA[  [Mobile Chrome] › user-journey-tests.spec.ts:225:9 › 🚀 User Journey Tests - Phase 4 › 👑 Admin Platform Management Journey › ✅ Admin content moderation journey 

    TimeoutError: page.waitForURL: Timeout 10000ms exceeded.
    =========================== logs ===========================
    waiting for navigation until "load"
    ============================================================

      12 |   await page.fill('input[name="password"]', password)
      13 |   await page.click('button[type="submit"]')
    > 14 |   await page.waitForURL(/\/dashboard/, { timeout: 10000 })
         |              ^
      15 | }
      16 |
      17 | test.describe('🚀 User Journey Tests - Phase 4', () => {
        at login (/Users/asithalakmal/Documents/web/final project/WeddingLK-next copy/tests/e2e/user-journey-tests.spec.ts:14:14)
        at /Users/asithalakmal/Documents/web/final project/WeddingLK-next copy/tests/e2e/user-journey-tests.spec.ts:226:7

    attachment #1: screenshot (image/png) ──────────────────────────────────────────────────────────
    ../../test-results/user-journey-tests-🚀-User-98b1c--content-moderation-journey-Mobile-Chrome/test-failed-1.png
    ────────────────────────────────────────────────────────────────────────────────────────────────

    attachment #2: video (video/webm) ──────────────────────────────────────────────────────────────
    ../../test-results/user-journey-tests-🚀-User-98b1c--content-moderation-journey-Mobile-Chrome/video.webm
    ────────────────────────────────────────────────────────────────────────────────────────────────

    Error Context: ../../test-results/user-journey-tests-🚀-User-98b1c--content-moderation-journey-Mobile-Chrome/error-context.md
]]>
</failure>
<system-out>
<![CDATA[
[[ATTACHMENT|test-results/user-journey-tests-🚀-User-98b1c--content-moderation-journey-Mobile-Chrome/test-failed-1.png]]

[[ATTACHMENT|test-results/user-journey-tests-🚀-User-98b1c--content-moderation-journey-Mobile-Chrome/video.webm]]

[[ATTACHMENT|test-results/user-journey-tests-🚀-User-98b1c--content-moderation-journey-Mobile-Chrome/error-context.md]]
]]>
</system-out>
</testcase>
<testcase name="🚀 User Journey Tests - Phase 4 › 🔄 Cross-Platform User Journeys › ✅ Desktop to mobile navigation journey" classname="user-journey-tests.spec.ts" time="9.765">
</testcase>
<testcase name="🚀 User Journey Tests - Phase 4 › 🔄 Cross-Platform User Journeys › ✅ Public to authenticated user journey" classname="user-journey-tests.spec.ts" time="7.294">
<failure message="user-journey-tests.spec.ts:255:9 ✅ Public to authenticated user journey" type="FAILURE">
<![CDATA[  [Mobile Chrome] › user-journey-tests.spec.ts:255:9 › 🚀 User Journey Tests - Phase 4 › 🔄 Cross-Platform User Journeys › ✅ Public to authenticated user journey 

    Error: locator.isVisible: Error: strict mode violation: locator('a[href="/venues"], a:has-text("Venues")') resolved to 2 elements:
        1) <a href="/venues" class="text-gray-700 hover:text-rose-500 dark:text-gray-300 dark:hover:text-rose-400 font-medium transition-colors">Venues</a> aka getByRole('banner').getByText('Venues')
        2) <a href="/venues" class="hover:text-white transition-colors">Venues</a> aka getByRole('link', { name: 'Venues' })

    Call log:
        - checking visibility of locator('a[href="/venues"], a:has-text("Venues")')


      257 |       await page.goto('/')
      258 |       const venuesLink = page.locator('a[href="/venues"], a:has-text("Venues")')
    > 259 |       if (await venuesLink.isVisible()) {
          |                            ^
      260 |         await venuesLink.first().click()
      261 |       }
      262 |
        at /Users/asithalakmal/Documents/web/final project/WeddingLK-next copy/tests/e2e/user-journey-tests.spec.ts:259:28

    attachment #1: screenshot (image/png) ──────────────────────────────────────────────────────────
    ../../test-results/user-journey-tests-🚀-User-ac4ca--authenticated-user-journey-Mobile-Chrome/test-failed-1.png
    ────────────────────────────────────────────────────────────────────────────────────────────────

    attachment #2: video (video/webm) ──────────────────────────────────────────────────────────────
    ../../test-results/user-journey-tests-🚀-User-ac4ca--authenticated-user-journey-Mobile-Chrome/video.webm
    ────────────────────────────────────────────────────────────────────────────────────────────────

    Error Context: ../../test-results/user-journey-tests-🚀-User-ac4ca--authenticated-user-journey-Mobile-Chrome/error-context.md
]]>
</failure>
<system-out>
<![CDATA[
[[ATTACHMENT|test-results/user-journey-tests-🚀-User-ac4ca--authenticated-user-journey-Mobile-Chrome/test-failed-1.png]]

[[ATTACHMENT|test-results/user-journey-tests-🚀-User-ac4ca--authenticated-user-journey-Mobile-Chrome/video.webm]]

[[ATTACHMENT|test-results/user-journey-tests-🚀-User-ac4ca--authenticated-user-journey-Mobile-Chrome/error-context.md]]
]]>
</system-out>
</testcase>
<testcase name="🚀 User Journey Tests - Phase 4 › 🔄 Cross-Platform User Journeys › ✅ Multi-tab session persistence journey" classname="user-journey-tests.spec.ts" time="15.578">
<failure message="user-journey-tests.spec.ts:270:9 ✅ Multi-tab session persistence journey" type="FAILURE">
<![CDATA[  [Mobile Chrome] › user-journey-tests.spec.ts:270:9 › 🚀 User Journey Tests - Phase 4 › 🔄 Cross-Platform User Journeys › ✅ Multi-tab session persistence journey 

    TimeoutError: page.waitForURL: Timeout 10000ms exceeded.
    =========================== logs ===========================
    waiting for navigation until "load"
    ============================================================

      274 |       await page.fill('input[name="password"]', TEST_USER.password)
      275 |       await page.click('button[type="submit"]')
    > 276 |       await page.waitForURL(/\/dashboard/, { timeout: 10000 })
          |                  ^
      277 |
      278 |       // Open second tab
      279 |       const page2 = await context.newPage()
        at /Users/asithalakmal/Documents/web/final project/WeddingLK-next copy/tests/e2e/user-journey-tests.spec.ts:276:18

    attachment #1: screenshot (image/png) ──────────────────────────────────────────────────────────
    ../../test-results/user-journey-tests-🚀-User-89e61-session-persistence-journey-Mobile-Chrome/test-failed-1.png
    ────────────────────────────────────────────────────────────────────────────────────────────────

    attachment #2: video (video/webm) ──────────────────────────────────────────────────────────────
    ../../test-results/user-journey-tests-🚀-User-89e61-session-persistence-journey-Mobile-Chrome/video.webm
    ────────────────────────────────────────────────────────────────────────────────────────────────

    Error Context: ../../test-results/user-journey-tests-🚀-User-89e61-session-persistence-journey-Mobile-Chrome/error-context.md
]]>
</failure>
<system-out>
<![CDATA[
[[ATTACHMENT|test-results/user-journey-tests-🚀-User-89e61-session-persistence-journey-Mobile-Chrome/test-failed-1.png]]

[[ATTACHMENT|test-results/user-journey-tests-🚀-User-89e61-session-persistence-journey-Mobile-Chrome/video.webm]]

[[ATTACHMENT|test-results/user-journey-tests-🚀-User-89e61-session-persistence-journey-Mobile-Chrome/error-context.md]]
]]>
</system-out>
</testcase>
<testcase name="🚀 User Journey Tests - Phase 4 › 🔄 Cross-Platform User Journeys › ✅ Search to details to booking journey" classname="user-journey-tests.spec.ts" time="15.508">
<failure message="user-journey-tests.spec.ts:288:9 ✅ Search to details to booking journey" type="FAILURE">
<![CDATA[  [Mobile Chrome] › user-journey-tests.spec.ts:288:9 › 🚀 User Journey Tests - Phase 4 › 🔄 Cross-Platform User Journeys › ✅ Search to details to booking journey 

    TimeoutError: page.waitForURL: Timeout 10000ms exceeded.
    =========================== logs ===========================
    waiting for navigation until "load"
    ============================================================

      12 |   await page.fill('input[name="password"]', password)
      13 |   await page.click('button[type="submit"]')
    > 14 |   await page.waitForURL(/\/dashboard/, { timeout: 10000 })
         |              ^
      15 | }
      16 |
      17 | test.describe('🚀 User Journey Tests - Phase 4', () => {
        at login (/Users/asithalakmal/Documents/web/final project/WeddingLK-next copy/tests/e2e/user-journey-tests.spec.ts:14:14)
        at /Users/asithalakmal/Documents/web/final project/WeddingLK-next copy/tests/e2e/user-journey-tests.spec.ts:289:7

    attachment #1: screenshot (image/png) ──────────────────────────────────────────────────────────
    ../../test-results/user-journey-tests-🚀-User-11aff--details-to-booking-journey-Mobile-Chrome/test-failed-1.png
    ────────────────────────────────────────────────────────────────────────────────────────────────

    attachment #2: video (video/webm) ──────────────────────────────────────────────────────────────
    ../../test-results/user-journey-tests-🚀-User-11aff--details-to-booking-journey-Mobile-Chrome/video.webm
    ────────────────────────────────────────────────────────────────────────────────────────────────

    Error Context: ../../test-results/user-journey-tests-🚀-User-11aff--details-to-booking-journey-Mobile-Chrome/error-context.md
]]>
</failure>
<system-out>
<![CDATA[
[[ATTACHMENT|test-results/user-journey-tests-🚀-User-11aff--details-to-booking-journey-Mobile-Chrome/test-failed-1.png]]

[[ATTACHMENT|test-results/user-journey-tests-🚀-User-11aff--details-to-booking-journey-Mobile-Chrome/video.webm]]

[[ATTACHMENT|test-results/user-journey-tests-🚀-User-11aff--details-to-booking-journey-Mobile-Chrome/error-context.md]]
]]>
</system-out>
</testcase>
<testcase name="🚀 User Journey Tests - Phase 4 › 🔄 Error Recovery Journeys › ✅ Login failure recovery journey" classname="user-journey-tests.spec.ts" time="17.367">
<failure message="user-journey-tests.spec.ts:313:9 ✅ Login failure recovery journey" type="FAILURE">
<![CDATA[  [Mobile Chrome] › user-journey-tests.spec.ts:313:9 › 🚀 User Journey Tests - Phase 4 › 🔄 Error Recovery Journeys › ✅ Login failure recovery journey 

    TimeoutError: page.waitForURL: Timeout 10000ms exceeded.
    =========================== logs ===========================
    waiting for navigation until "load"
    ============================================================

      330 |
      331 |       // Step 4: Successful redirect
    > 332 |       await page.waitForURL(/\/dashboard/, { timeout: 10000 })
          |                  ^
      333 |     })
      334 |
      335 |     test('✅ Network error recovery journey', async ({ page }) => {
        at /Users/asithalakmal/Documents/web/final project/WeddingLK-next copy/tests/e2e/user-journey-tests.spec.ts:332:18

    attachment #1: screenshot (image/png) ──────────────────────────────────────────────────────────
    ../../test-results/user-journey-tests-🚀-User-f38f6-in-failure-recovery-journey-Mobile-Chrome/test-failed-1.png
    ────────────────────────────────────────────────────────────────────────────────────────────────

    attachment #2: video (video/webm) ──────────────────────────────────────────────────────────────
    ../../test-results/user-journey-tests-🚀-User-f38f6-in-failure-recovery-journey-Mobile-Chrome/video.webm
    ────────────────────────────────────────────────────────────────────────────────────────────────

    Error Context: ../../test-results/user-journey-tests-🚀-User-f38f6-in-failure-recovery-journey-Mobile-Chrome/error-context.md
]]>
</failure>
<system-out>
<![CDATA[
[[ATTACHMENT|test-results/user-journey-tests-🚀-User-f38f6-in-failure-recovery-journey-Mobile-Chrome/test-failed-1.png]]

[[ATTACHMENT|test-results/user-journey-tests-🚀-User-f38f6-in-failure-recovery-journey-Mobile-Chrome/video.webm]]

[[ATTACHMENT|test-results/user-journey-tests-🚀-User-f38f6-in-failure-recovery-journey-Mobile-Chrome/error-context.md]]
]]>
</system-out>
</testcase>
<testcase name="🚀 User Journey Tests - Phase 4 › 🔄 Error Recovery Journeys › ✅ Network error recovery journey" classname="user-journey-tests.spec.ts" time="4.073">
<failure message="user-journey-tests.spec.ts:335:9 ✅ Network error recovery journey" type="FAILURE">
<![CDATA[  [Mobile Chrome] › user-journey-tests.spec.ts:335:9 › 🚀 User Journey Tests - Phase 4 › 🔄 Error Recovery Journeys › ✅ Network error recovery journey 

    Error: locator.isVisible: Error: strict mode violation: locator('a[href="/venues"]') resolved to 2 elements:
        1) <a href="/venues" class="text-gray-700 hover:text-rose-500 dark:text-gray-300 dark:hover:text-rose-400 font-medium transition-colors">Venues</a> aka getByRole('banner').getByText('Venues')
        2) <a href="/venues" class="hover:text-white transition-colors">Venues</a> aka getByRole('link', { name: 'Venues' })

    Call log:
        - checking visibility of locator('a[href="/venues"]')


      342 |       // Try to navigate
      343 |       const venuesLink = page.locator('a[href="/venues"]')
    > 344 |       if (await venuesLink.isVisible()) {
          |                            ^
      345 |         await venuesLink.first().click()
      346 |       }
      347 |
        at /Users/asithalakmal/Documents/web/final project/WeddingLK-next copy/tests/e2e/user-journey-tests.spec.ts:344:28

    attachment #1: screenshot (image/png) ──────────────────────────────────────────────────────────
    ../../test-results/user-journey-tests-🚀-User-be996-work-error-recovery-journey-Mobile-Chrome/test-failed-1.png
    ────────────────────────────────────────────────────────────────────────────────────────────────

    attachment #2: video (video/webm) ──────────────────────────────────────────────────────────────
    ../../test-results/user-journey-tests-🚀-User-be996-work-error-recovery-journey-Mobile-Chrome/video.webm
    ────────────────────────────────────────────────────────────────────────────────────────────────

    Error Context: ../../test-results/user-journey-tests-🚀-User-be996-work-error-recovery-journey-Mobile-Chrome/error-context.md
]]>
</failure>
<system-out>
<![CDATA[
[[ATTACHMENT|test-results/user-journey-tests-🚀-User-be996-work-error-recovery-journey-Mobile-Chrome/test-failed-1.png]]

[[ATTACHMENT|test-results/user-journey-tests-🚀-User-be996-work-error-recovery-journey-Mobile-Chrome/video.webm]]

[[ATTACHMENT|test-results/user-journey-tests-🚀-User-be996-work-error-recovery-journey-Mobile-Chrome/error-context.md]]
]]>
</system-out>
</testcase>
<testcase name="🚀 User Journey Tests - Phase 4 › 🔄 Error Recovery Journeys › ✅ Page timeout recovery journey" classname="user-journey-tests.spec.ts" time="6.449">
</testcase>
<testcase name="🚀 User Journey Tests - Phase 4 › 🔄 Error Recovery Journeys › ✅ 404 error recovery journey" classname="user-journey-tests.spec.ts" time="2.237">
</testcase>
<testcase name="🚀 User Journey Tests - Phase 4 › 🔄 Error Recovery Journeys › ✅ Session expiry recovery journey" classname="user-journey-tests.spec.ts" time="16.028">
<failure message="user-journey-tests.spec.ts:385:9 ✅ Session expiry recovery journey" type="FAILURE">
<![CDATA[  [Mobile Chrome] › user-journey-tests.spec.ts:385:9 › 🚀 User Journey Tests - Phase 4 › 🔄 Error Recovery Journeys › ✅ Session expiry recovery journey 

    TimeoutError: page.waitForURL: Timeout 10000ms exceeded.
    =========================== logs ===========================
    waiting for navigation until "load"
    ============================================================

      12 |   await page.fill('input[name="password"]', password)
      13 |   await page.click('button[type="submit"]')
    > 14 |   await page.waitForURL(/\/dashboard/, { timeout: 10000 })
         |              ^
      15 | }
      16 |
      17 | test.describe('🚀 User Journey Tests - Phase 4', () => {
        at login (/Users/asithalakmal/Documents/web/final project/WeddingLK-next copy/tests/e2e/user-journey-tests.spec.ts:14:14)
        at /Users/asithalakmal/Documents/web/final project/WeddingLK-next copy/tests/e2e/user-journey-tests.spec.ts:387:7

    attachment #1: screenshot (image/png) ──────────────────────────────────────────────────────────
    ../../test-results/user-journey-tests-🚀-User-cee3f-ion-expiry-recovery-journey-Mobile-Chrome/test-failed-1.png
    ────────────────────────────────────────────────────────────────────────────────────────────────

    attachment #2: video (video/webm) ──────────────────────────────────────────────────────────────
    ../../test-results/user-journey-tests-🚀-User-cee3f-ion-expiry-recovery-journey-Mobile-Chrome/video.webm
    ────────────────────────────────────────────────────────────────────────────────────────────────

    Error Context: ../../test-results/user-journey-tests-🚀-User-cee3f-ion-expiry-recovery-journey-Mobile-Chrome/error-context.md
]]>
</failure>
<system-out>
<![CDATA[
[[ATTACHMENT|test-results/user-journey-tests-🚀-User-cee3f-ion-expiry-recovery-journey-Mobile-Chrome/test-failed-1.png]]

[[ATTACHMENT|test-results/user-journey-tests-🚀-User-cee3f-ion-expiry-recovery-journey-Mobile-Chrome/video.webm]]

[[ATTACHMENT|test-results/user-journey-tests-🚀-User-cee3f-ion-expiry-recovery-journey-Mobile-Chrome/error-context.md]]
]]>
</system-out>
</testcase>
<testcase name="🚀 User Journey Tests - Phase 4 › 🎯 Feature-Specific Journeys › ✅ Complete venue search journey" classname="user-journey-tests.spec.ts" time="3.486">
</testcase>
<testcase name="🚀 User Journey Tests - Phase 4 › 🎯 Feature-Specific Journeys › ✅ Complete vendor discovery journey" classname="user-journey-tests.spec.ts" time="3.031">
</testcase>
<testcase name="🚀 User Journey Tests - Phase 4 › 🎯 Feature-Specific Journeys › ✅ Complete AI search journey" classname="user-journey-tests.spec.ts" time="4.379">
</testcase>
<testcase name="🚀 User Journey Tests - Phase 4 › 🎯 Feature-Specific Journeys › ✅ Complete review &amp; rating journey" classname="user-journey-tests.spec.ts" time="13.525">
<failure message="user-journey-tests.spec.ts:456:9 ✅ Complete review &amp; rating journey" type="FAILURE">
<![CDATA[  [Mobile Chrome] › user-journey-tests.spec.ts:456:9 › 🚀 User Journey Tests - Phase 4 › 🎯 Feature-Specific Journeys › ✅ Complete review & rating journey 

    TimeoutError: page.waitForURL: Timeout 10000ms exceeded.
    =========================== logs ===========================
    waiting for navigation until "load"
    ============================================================

      12 |   await page.fill('input[name="password"]', password)
      13 |   await page.click('button[type="submit"]')
    > 14 |   await page.waitForURL(/\/dashboard/, { timeout: 10000 })
         |              ^
      15 | }
      16 |
      17 | test.describe('🚀 User Journey Tests - Phase 4', () => {
        at login (/Users/asithalakmal/Documents/web/final project/WeddingLK-next copy/tests/e2e/user-journey-tests.spec.ts:14:14)
        at /Users/asithalakmal/Documents/web/final project/WeddingLK-next copy/tests/e2e/user-journey-tests.spec.ts:457:7

    attachment #1: screenshot (image/png) ──────────────────────────────────────────────────────────
    ../../test-results/user-journey-tests-🚀-User-ad287-plete-review-rating-journey-Mobile-Chrome/test-failed-1.png
    ────────────────────────────────────────────────────────────────────────────────────────────────

    attachment #2: video (video/webm) ──────────────────────────────────────────────────────────────
    ../../test-results/user-journey-tests-🚀-User-ad287-plete-review-rating-journey-Mobile-Chrome/video.webm
    ────────────────────────────────────────────────────────────────────────────────────────────────

    Error Context: ../../test-results/user-journey-tests-🚀-User-ad287-plete-review-rating-journey-Mobile-Chrome/error-context.md
]]>
</failure>
<system-out>
<![CDATA[
[[ATTACHMENT|test-results/user-journey-tests-🚀-User-ad287-plete-review-rating-journey-Mobile-Chrome/test-failed-1.png]]

[[ATTACHMENT|test-results/user-journey-tests-🚀-User-ad287-plete-review-rating-journey-Mobile-Chrome/video.webm]]

[[ATTACHMENT|test-results/user-journey-tests-🚀-User-ad287-plete-review-rating-journey-Mobile-Chrome/error-context.md]]
]]>
</system-out>
</testcase>
<testcase name="🚀 User Journey Tests - Phase 4 › 🎯 Feature-Specific Journeys › ✅ Complete checkout journey" classname="user-journey-tests.spec.ts" time="13.248">
<failure message="user-journey-tests.spec.ts:466:9 ✅ Complete checkout journey" type="FAILURE">
<![CDATA[  [Mobile Chrome] › user-journey-tests.spec.ts:466:9 › 🚀 User Journey Tests - Phase 4 › 🎯 Feature-Specific Journeys › ✅ Complete checkout journey 

    TimeoutError: page.waitForURL: Timeout 10000ms exceeded.
    =========================== logs ===========================
    waiting for navigation until "load"
    ============================================================

      12 |   await page.fill('input[name="password"]', password)
      13 |   await page.click('button[type="submit"]')
    > 14 |   await page.waitForURL(/\/dashboard/, { timeout: 10000 })
         |              ^
      15 | }
      16 |
      17 | test.describe('🚀 User Journey Tests - Phase 4', () => {
        at login (/Users/asithalakmal/Documents/web/final project/WeddingLK-next copy/tests/e2e/user-journey-tests.spec.ts:14:14)
        at /Users/asithalakmal/Documents/web/final project/WeddingLK-next copy/tests/e2e/user-journey-tests.spec.ts:467:7

    attachment #1: screenshot (image/png) ──────────────────────────────────────────────────────────
    ../../test-results/user-journey-tests-🚀-User-18f5b-✅-Complete-checkout-journey-Mobile-Chrome/test-failed-1.png
    ────────────────────────────────────────────────────────────────────────────────────────────────

    attachment #2: video (video/webm) ──────────────────────────────────────────────────────────────
    ../../test-results/user-journey-tests-🚀-User-18f5b-✅-Complete-checkout-journey-Mobile-Chrome/video.webm
    ────────────────────────────────────────────────────────────────────────────────────────────────

    Error Context: ../../test-results/user-journey-tests-🚀-User-18f5b-✅-Complete-checkout-journey-Mobile-Chrome/error-context.md
]]>
</failure>
<system-out>
<![CDATA[
[[ATTACHMENT|test-results/user-journey-tests-🚀-User-18f5b-✅-Complete-checkout-journey-Mobile-Chrome/test-failed-1.png]]

[[ATTACHMENT|test-results/user-journey-tests-🚀-User-18f5b-✅-Complete-checkout-journey-Mobile-Chrome/video.webm]]

[[ATTACHMENT|test-results/user-journey-tests-🚀-User-18f5b-✅-Complete-checkout-journey-Mobile-Chrome/error-context.md]]
]]>
</system-out>
</testcase>
</testsuite>
<testsuite name="user-journey.spec.ts" timestamp="2025-10-24T16:55:39.999Z" hostname="Mobile Chrome" tests="6" failures="0" skipped="6" time="0" errors="0">
<testcase name="DISABLED  › DISABLED: End-to-End Wedding Planning Journey" classname="user-journey.spec.ts" time="0">
<properties>
<property name="skip" value="">
</property>
<property name="skip" value="">
</property>
</properties>
<skipped>
</skipped>
</testcase>
<testcase name="DISABLED: 📸 Vendor Business Journey › DISABLED: Complete Vendor Onboarding and Management Journey" classname="user-journey.spec.ts" time="0">
<properties>
<property name="skip" value="">
</property>
<property name="skip" value="">
</property>
</properties>
<skipped>
</skipped>
</testcase>
<testcase name="DISABLED: 👰 Wedding Planner Professional Journey › DISABLED: Complete Wedding Planner Workflow" classname="user-journey.spec.ts" time="0">
<properties>
<property name="skip" value="">
</property>
<property name="skip" value="">
</property>
</properties>
<skipped>
</skipped>
</testcase>
<testcase name="DISABLED: 👑 Admin Platform Management Journey › DISABLED: Complete Admin Platform Management" classname="user-journey.spec.ts" time="0">
<properties>
<property name="skip" value="">
</property>
<property name="skip" value="">
</property>
</properties>
<skipped>
</skipped>
</testcase>
<testcase name="DISABLED: 🔄 Cross-Platform Integration Journey › DISABLED: Mobile and Web Integration" classname="user-journey.spec.ts" time="0">
<properties>
<property name="skip" value="">
</property>
<property name="skip" value="">
</property>
</properties>
<skipped>
</skipped>
</testcase>
<testcase name="DISABLED: 🚨 Error Handling and Recovery Journey › DISABLED: Application Error Recovery" classname="user-journey.spec.ts" time="0">
<properties>
<property name="skip" value="">
</property>
<property name="skip" value="">
</property>
</properties>
<skipped>
</skipped>
</testcase>
</testsuite>
<testsuite name="vendor.spec.ts" timestamp="2025-10-24T16:55:39.999Z" hostname="Mobile Chrome" tests="5" failures="0" skipped="5" time="0" errors="0">
<testcase name="Vendor Management › DISABLED: Vendor registration and onboarding" classname="vendor.spec.ts" time="0">
<properties>
<property name="skip" value="">
</property>
</properties>
<skipped>
</skipped>
</testcase>
<testcase name="Vendor Management › DISABLED: Vendor service creation and portfolio upload" classname="vendor.spec.ts" time="0">
<properties>
<property name="skip" value="">
</property>
</properties>
<skipped>
</skipped>
</testcase>
<testcase name="Vendor Management › DISABLED: Vendor booking management" classname="vendor.spec.ts" time="0">
<properties>
<property name="skip" value="">
</property>
</properties>
<skipped>
</skipped>
</testcase>
<testcase name="Vendor Management › DISABLED: Vendor profile and portfolio management" classname="vendor.spec.ts" time="0">
<properties>
<property name="skip" value="">
</property>
</properties>
<skipped>
</skipped>
</testcase>
<testcase name="Vendor Management › DISABLED: Vendor analytics and performance tracking" classname="vendor.spec.ts" time="0">
<properties>
<property name="skip" value="">
</property>
</properties>
<skipped>
</skipped>
</testcase>
</testsuite>
<testsuite name="venue.spec.ts" timestamp="2025-10-24T16:55:39.999Z" hostname="Mobile Chrome" tests="6" failures="0" skipped="6" time="0" errors="0">
<testcase name="Venue Management › DISABLED: Venue search and filtering" classname="venue.spec.ts" time="0">
<properties>
<property name="skip" value="">
</property>
</properties>
<skipped>
</skipped>
</testcase>
<testcase name="Venue Management › DISABLED: Venue details and booking inquiry" classname="venue.spec.ts" time="0">
<properties>
<property name="skip" value="">
</property>
</properties>
<skipped>
</skipped>
</testcase>
<testcase name="Venue Management › DISABLED: Venue availability calendar" classname="venue.spec.ts" time="0">
<properties>
<property name="skip" value="">
</property>
</properties>
<skipped>
</skipped>
</testcase>
<testcase name="Venue Management › DISABLED: Venue reviews and ratings" classname="venue.spec.ts" time="0">
<properties>
<property name="skip" value="">
</property>
</properties>
<skipped>
</skipped>
</testcase>
<testcase name="Venue Management › DISABLED: Venue owner management" classname="venue.spec.ts" time="0">
<properties>
<property name="skip" value="">
</property>
</properties>
<skipped>
</skipped>
</testcase>
<testcase name="Venue Management › DISABLED: Venue booking management" classname="venue.spec.ts" time="0">
<properties>
<property name="skip" value="">
</property>
</properties>
<skipped>
</skipped>
</testcase>
</testsuite>
</testsuites>