<testsuites id="" name="" tests="1185" failures="231" skipped="411" errors="0" time="2884.4817909999997">
<testsuite name="api-integration.spec.ts" timestamp="2025-10-27T06:34:37.600Z" hostname="chromium" tests="55" failures="46" skipped="4" time="215.859" errors="0">
<testcase name="🔐 Authentication API Tests › DISABLED: User Registration API" classname="api-integration.spec.ts" time="0">
<properties>
<property name="skip" value="">
</property>
</properties>
<skipped>
</skipped>
</testcase>
<testcase name="🔐 Authentication API Tests › DISABLED: User Login API" classname="api-integration.spec.ts" time="0">
<properties>
<property name="skip" value="">
</property>
</properties>
<skipped>
</skipped>
</testcase>
<testcase name="🔐 Authentication API Tests › Invalid Login API" classname="api-integration.spec.ts" time="5.608">
<failure message="api-integration.spec.ts:87:7 Invalid Login API" type="FAILURE">
<![CDATA[  [chromium] › api-integration.spec.ts:87:7 › 🔐 Authentication API Tests › Invalid Login API ──────

    Error: expect(received).toBe(expected) // Object.is equality

    Expected: 401
    Received: 405

      93 |     });
      94 |     
    > 95 |     expect(response.status()).toBe(401);
         |                               ^
      96 |     const data = await response.json();
      97 |     expect(data.success).toBe(false);
      98 |     expect(data.message).toContain('Invalid credentials');
        at /Users/asithalakmal/Documents/web/final project/WeddingLK-next copy/tests/e2e/api-integration.spec.ts:95:31

    attachment #1: screenshot (image/png) ──────────────────────────────────────────────────────────
    ../../test-results/api-integration-🔐-Authent-4b7fb-API-Tests-Invalid-Login-API-chromium/test-failed-1.png
    ────────────────────────────────────────────────────────────────────────────────────────────────

    attachment #2: video (video/webm) ──────────────────────────────────────────────────────────────
    ../../test-results/api-integration-🔐-Authent-4b7fb-API-Tests-Invalid-Login-API-chromium/video.webm
    ────────────────────────────────────────────────────────────────────────────────────────────────
]]>
</failure>
<system-out>
<![CDATA[
[[ATTACHMENT|test-results/api-integration-🔐-Authent-4b7fb-API-Tests-Invalid-Login-API-chromium/test-failed-1.png]]

[[ATTACHMENT|test-results/api-integration-🔐-Authent-4b7fb-API-Tests-Invalid-Login-API-chromium/video.webm]]
]]>
</system-out>
</testcase>
<testcase name="🔐 Authentication API Tests › DISABLED: Password Reset API" classname="api-integration.spec.ts" time="0">
<properties>
<property name="skip" value="">
</property>
</properties>
<skipped>
</skipped>
</testcase>
<testcase name="🔐 Authentication API Tests › Email Verification API" classname="api-integration.spec.ts" time="5.648">
<failure message="api-integration.spec.ts:112:7 Email Verification API" type="FAILURE">
<![CDATA[  [chromium] › api-integration.spec.ts:112:7 › 🔐 Authentication API Tests › Email Verification API 

    Error: expect(received).toBe(expected) // Object.is equality

    Expected: 200
    Received: 405

      115 |     });
      116 |     
    > 117 |     expect(response.status()).toBe(200);
          |                               ^
      118 |     const data = await response.json();
      119 |     expect(data.success).toBe(true);
      120 |   });
        at /Users/asithalakmal/Documents/web/final project/WeddingLK-next copy/tests/e2e/api-integration.spec.ts:117:31

    attachment #1: screenshot (image/png) ──────────────────────────────────────────────────────────
    ../../test-results/api-integration-🔐-Authent-28344-ests-Email-Verification-API-chromium/test-failed-1.png
    ────────────────────────────────────────────────────────────────────────────────────────────────

    attachment #2: video (video/webm) ──────────────────────────────────────────────────────────────
    ../../test-results/api-integration-🔐-Authent-28344-ests-Email-Verification-API-chromium/video.webm
    ────────────────────────────────────────────────────────────────────────────────────────────────
]]>
</failure>
<system-out>
<![CDATA[
[[ATTACHMENT|test-results/api-integration-🔐-Authent-28344-ests-Email-Verification-API-chromium/test-failed-1.png]]

[[ATTACHMENT|test-results/api-integration-🔐-Authent-28344-ests-Email-Verification-API-chromium/video.webm]]
]]>
</system-out>
</testcase>
<testcase name="👤 User Management API Tests › Get User Profile API" classname="api-integration.spec.ts" time="2.278">
<failure message="api-integration.spec.ts:124:7 Get User Profile API" type="FAILURE">
<![CDATA[  [chromium] › api-integration.spec.ts:124:7 › 👤 User Management API Tests › Get User Profile API ─

    SyntaxError: Unexpected end of JSON input

      43 |     data: { email, password }
      44 |   });
    > 45 |   const data = await response.json();
         |                ^
      46 |   return data.token;
      47 | }
      48 |
        at getAuthToken (/Users/asithalakmal/Documents/web/final project/WeddingLK-next copy/tests/e2e/api-integration.spec.ts:45:16)
        at /Users/asithalakmal/Documents/web/final project/WeddingLK-next copy/tests/e2e/api-integration.spec.ts:125:19

    attachment #1: screenshot (image/png) ──────────────────────────────────────────────────────────
    ../../test-results/api-integration-👤-User-Ma-c1c93--Tests-Get-User-Profile-API-chromium/test-failed-1.png
    ────────────────────────────────────────────────────────────────────────────────────────────────

    attachment #2: video (video/webm) ──────────────────────────────────────────────────────────────
    ../../test-results/api-integration-👤-User-Ma-c1c93--Tests-Get-User-Profile-API-chromium/video.webm
    ────────────────────────────────────────────────────────────────────────────────────────────────
]]>
</failure>
<system-out>
<![CDATA[
[[ATTACHMENT|test-results/api-integration-👤-User-Ma-c1c93--Tests-Get-User-Profile-API-chromium/test-failed-1.png]]

[[ATTACHMENT|test-results/api-integration-👤-User-Ma-c1c93--Tests-Get-User-Profile-API-chromium/video.webm]]
]]>
</system-out>
</testcase>
<testcase name="👤 User Management API Tests › Update User Profile API" classname="api-integration.spec.ts" time="2.435">
<failure message="api-integration.spec.ts:136:7 Update User Profile API" type="FAILURE">
<![CDATA[  [chromium] › api-integration.spec.ts:136:7 › 👤 User Management API Tests › Update User Profile API 

    SyntaxError: Unexpected end of JSON input

      43 |     data: { email, password }
      44 |   });
    > 45 |   const data = await response.json();
         |                ^
      46 |   return data.token;
      47 | }
      48 |
        at getAuthToken (/Users/asithalakmal/Documents/web/final project/WeddingLK-next copy/tests/e2e/api-integration.spec.ts:45:16)
        at /Users/asithalakmal/Documents/web/final project/WeddingLK-next copy/tests/e2e/api-integration.spec.ts:137:19

    attachment #1: screenshot (image/png) ──────────────────────────────────────────────────────────
    ../../test-results/api-integration-👤-User-Ma-6e586-sts-Update-User-Profile-API-chromium/test-failed-1.png
    ────────────────────────────────────────────────────────────────────────────────────────────────

    attachment #2: video (video/webm) ──────────────────────────────────────────────────────────────
    ../../test-results/api-integration-👤-User-Ma-6e586-sts-Update-User-Profile-API-chromium/video.webm
    ────────────────────────────────────────────────────────────────────────────────────────────────
]]>
</failure>
<system-out>
<![CDATA[
[[ATTACHMENT|test-results/api-integration-👤-User-Ma-6e586-sts-Update-User-Profile-API-chromium/test-failed-1.png]]

[[ATTACHMENT|test-results/api-integration-👤-User-Ma-6e586-sts-Update-User-Profile-API-chromium/video.webm]]
]]>
</system-out>
</testcase>
<testcase name="👤 User Management API Tests › Get User Favorites API" classname="api-integration.spec.ts" time="3.647">
<failure message="api-integration.spec.ts:150:7 Get User Favorites API" type="FAILURE">
<![CDATA[  [chromium] › api-integration.spec.ts:150:7 › 👤 User Management API Tests › Get User Favorites API 

    SyntaxError: Unexpected end of JSON input

      43 |     data: { email, password }
      44 |   });
    > 45 |   const data = await response.json();
         |                ^
      46 |   return data.token;
      47 | }
      48 |
        at getAuthToken (/Users/asithalakmal/Documents/web/final project/WeddingLK-next copy/tests/e2e/api-integration.spec.ts:45:16)
        at /Users/asithalakmal/Documents/web/final project/WeddingLK-next copy/tests/e2e/api-integration.spec.ts:151:19

    attachment #1: screenshot (image/png) ──────────────────────────────────────────────────────────
    ../../test-results/api-integration-👤-User-Ma-2df14-ests-Get-User-Favorites-API-chromium/test-failed-1.png
    ────────────────────────────────────────────────────────────────────────────────────────────────

    attachment #2: video (video/webm) ──────────────────────────────────────────────────────────────
    ../../test-results/api-integration-👤-User-Ma-2df14-ests-Get-User-Favorites-API-chromium/video.webm
    ────────────────────────────────────────────────────────────────────────────────────────────────
]]>
</failure>
<system-out>
<![CDATA[
[[ATTACHMENT|test-results/api-integration-👤-User-Ma-2df14-ests-Get-User-Favorites-API-chromium/test-failed-1.png]]

[[ATTACHMENT|test-results/api-integration-👤-User-Ma-2df14-ests-Get-User-Favorites-API-chromium/video.webm]]
]]>
</system-out>
</testcase>
<testcase name="👤 User Management API Tests › Add User Favorite API" classname="api-integration.spec.ts" time="3.217">
<failure message="api-integration.spec.ts:161:7 Add User Favorite API" type="FAILURE">
<![CDATA[  [chromium] › api-integration.spec.ts:161:7 › 👤 User Management API Tests › Add User Favorite API 

    SyntaxError: Unexpected end of JSON input

      43 |     data: { email, password }
      44 |   });
    > 45 |   const data = await response.json();
         |                ^
      46 |   return data.token;
      47 | }
      48 |
        at getAuthToken (/Users/asithalakmal/Documents/web/final project/WeddingLK-next copy/tests/e2e/api-integration.spec.ts:45:16)
        at /Users/asithalakmal/Documents/web/final project/WeddingLK-next copy/tests/e2e/api-integration.spec.ts:162:19

    attachment #1: screenshot (image/png) ──────────────────────────────────────────────────────────
    ../../test-results/api-integration-👤-User-Ma-0917f-Tests-Add-User-Favorite-API-chromium/test-failed-1.png
    ────────────────────────────────────────────────────────────────────────────────────────────────

    attachment #2: video (video/webm) ──────────────────────────────────────────────────────────────
    ../../test-results/api-integration-👤-User-Ma-0917f-Tests-Add-User-Favorite-API-chromium/video.webm
    ────────────────────────────────────────────────────────────────────────────────────────────────
]]>
</failure>
<system-out>
<![CDATA[
[[ATTACHMENT|test-results/api-integration-👤-User-Ma-0917f-Tests-Add-User-Favorite-API-chromium/test-failed-1.png]]

[[ATTACHMENT|test-results/api-integration-👤-User-Ma-0917f-Tests-Add-User-Favorite-API-chromium/video.webm]]
]]>
</system-out>
</testcase>
<testcase name="🏢 Vendor Management API Tests › DISABLED: Vendor Registration API" classname="api-integration.spec.ts" time="0">
<properties>
<property name="skip" value="">
</property>
</properties>
<skipped>
</skipped>
</testcase>
<testcase name="🏢 Vendor Management API Tests › Get Vendor Services API" classname="api-integration.spec.ts" time="2.026">
<failure message="api-integration.spec.ts:194:7 Get Vendor Services API" type="FAILURE">
<![CDATA[  [chromium] › api-integration.spec.ts:194:7 › 🏢 Vendor Management API Tests › Get Vendor Services API 

    SyntaxError: Unexpected end of JSON input

      43 |     data: { email, password }
      44 |   });
    > 45 |   const data = await response.json();
         |                ^
      46 |   return data.token;
      47 | }
      48 |
        at getAuthToken (/Users/asithalakmal/Documents/web/final project/WeddingLK-next copy/tests/e2e/api-integration.spec.ts:45:16)
        at /Users/asithalakmal/Documents/web/final project/WeddingLK-next copy/tests/e2e/api-integration.spec.ts:195:19

    attachment #1: screenshot (image/png) ──────────────────────────────────────────────────────────
    ../../test-results/api-integration-🏢-Vendor--4dc71-sts-Get-Vendor-Services-API-chromium/test-failed-1.png
    ────────────────────────────────────────────────────────────────────────────────────────────────

    attachment #2: video (video/webm) ──────────────────────────────────────────────────────────────
    ../../test-results/api-integration-🏢-Vendor--4dc71-sts-Get-Vendor-Services-API-chromium/video.webm
    ────────────────────────────────────────────────────────────────────────────────────────────────
]]>
</failure>
<system-out>
<![CDATA[
[[ATTACHMENT|test-results/api-integration-🏢-Vendor--4dc71-sts-Get-Vendor-Services-API-chromium/test-failed-1.png]]

[[ATTACHMENT|test-results/api-integration-🏢-Vendor--4dc71-sts-Get-Vendor-Services-API-chromium/video.webm]]
]]>
</system-out>
</testcase>
<testcase name="🏢 Vendor Management API Tests › Create Vendor Service API" classname="api-integration.spec.ts" time="1.929">
<failure message="api-integration.spec.ts:205:7 Create Vendor Service API" type="FAILURE">
<![CDATA[  [chromium] › api-integration.spec.ts:205:7 › 🏢 Vendor Management API Tests › Create Vendor Service API 

    SyntaxError: Unexpected end of JSON input

      43 |     data: { email, password }
      44 |   });
    > 45 |   const data = await response.json();
         |                ^
      46 |   return data.token;
      47 | }
      48 |
        at getAuthToken (/Users/asithalakmal/Documents/web/final project/WeddingLK-next copy/tests/e2e/api-integration.spec.ts:45:16)
        at /Users/asithalakmal/Documents/web/final project/WeddingLK-next copy/tests/e2e/api-integration.spec.ts:206:19

    attachment #1: screenshot (image/png) ──────────────────────────────────────────────────────────
    ../../test-results/api-integration-🏢-Vendor--32b06-s-Create-Vendor-Service-API-chromium/test-failed-1.png
    ────────────────────────────────────────────────────────────────────────────────────────────────

    attachment #2: video (video/webm) ──────────────────────────────────────────────────────────────
    ../../test-results/api-integration-🏢-Vendor--32b06-s-Create-Vendor-Service-API-chromium/video.webm
    ────────────────────────────────────────────────────────────────────────────────────────────────
]]>
</failure>
<system-out>
<![CDATA[
[[ATTACHMENT|test-results/api-integration-🏢-Vendor--32b06-s-Create-Vendor-Service-API-chromium/test-failed-1.png]]

[[ATTACHMENT|test-results/api-integration-🏢-Vendor--32b06-s-Create-Vendor-Service-API-chromium/video.webm]]
]]>
</system-out>
</testcase>
<testcase name="🏢 Vendor Management API Tests › Update Vendor Service API" classname="api-integration.spec.ts" time="2.028">
<failure message="api-integration.spec.ts:221:7 Update Vendor Service API" type="FAILURE">
<![CDATA[  [chromium] › api-integration.spec.ts:221:7 › 🏢 Vendor Management API Tests › Update Vendor Service API 

    SyntaxError: Unexpected end of JSON input

      43 |     data: { email, password }
      44 |   });
    > 45 |   const data = await response.json();
         |                ^
      46 |   return data.token;
      47 | }
      48 |
        at getAuthToken (/Users/asithalakmal/Documents/web/final project/WeddingLK-next copy/tests/e2e/api-integration.spec.ts:45:16)
        at /Users/asithalakmal/Documents/web/final project/WeddingLK-next copy/tests/e2e/api-integration.spec.ts:222:19

    attachment #1: screenshot (image/png) ──────────────────────────────────────────────────────────
    ../../test-results/api-integration-🏢-Vendor--8ad41-s-Update-Vendor-Service-API-chromium/test-failed-1.png
    ────────────────────────────────────────────────────────────────────────────────────────────────

    attachment #2: video (video/webm) ──────────────────────────────────────────────────────────────
    ../../test-results/api-integration-🏢-Vendor--8ad41-s-Update-Vendor-Service-API-chromium/video.webm
    ────────────────────────────────────────────────────────────────────────────────────────────────
]]>
</failure>
<system-out>
<![CDATA[
[[ATTACHMENT|test-results/api-integration-🏢-Vendor--8ad41-s-Update-Vendor-Service-API-chromium/test-failed-1.png]]

[[ATTACHMENT|test-results/api-integration-🏢-Vendor--8ad41-s-Update-Vendor-Service-API-chromium/video.webm]]
]]>
</system-out>
</testcase>
<testcase name="🏢 Vendor Management API Tests › Delete Vendor Service API" classname="api-integration.spec.ts" time="1.92">
<failure message="api-integration.spec.ts:235:7 Delete Vendor Service API" type="FAILURE">
<![CDATA[  [chromium] › api-integration.spec.ts:235:7 › 🏢 Vendor Management API Tests › Delete Vendor Service API 

    SyntaxError: Unexpected end of JSON input

      43 |     data: { email, password }
      44 |   });
    > 45 |   const data = await response.json();
         |                ^
      46 |   return data.token;
      47 | }
      48 |
        at getAuthToken (/Users/asithalakmal/Documents/web/final project/WeddingLK-next copy/tests/e2e/api-integration.spec.ts:45:16)
        at /Users/asithalakmal/Documents/web/final project/WeddingLK-next copy/tests/e2e/api-integration.spec.ts:236:19

    attachment #1: screenshot (image/png) ──────────────────────────────────────────────────────────
    ../../test-results/api-integration-🏢-Vendor--3ac39-s-Delete-Vendor-Service-API-chromium/test-failed-1.png
    ────────────────────────────────────────────────────────────────────────────────────────────────

    attachment #2: video (video/webm) ──────────────────────────────────────────────────────────────
    ../../test-results/api-integration-🏢-Vendor--3ac39-s-Delete-Vendor-Service-API-chromium/video.webm
    ────────────────────────────────────────────────────────────────────────────────────────────────
]]>
</failure>
<system-out>
<![CDATA[
[[ATTACHMENT|test-results/api-integration-🏢-Vendor--3ac39-s-Delete-Vendor-Service-API-chromium/test-failed-1.png]]

[[ATTACHMENT|test-results/api-integration-🏢-Vendor--3ac39-s-Delete-Vendor-Service-API-chromium/video.webm]]
]]>
</system-out>
</testcase>
<testcase name="🏢 Vendor Management API Tests › Get Vendor Analytics API" classname="api-integration.spec.ts" time="1.953">
<failure message="api-integration.spec.ts:246:7 Get Vendor Analytics API" type="FAILURE">
<![CDATA[  [chromium] › api-integration.spec.ts:246:7 › 🏢 Vendor Management API Tests › Get Vendor Analytics API 

    SyntaxError: Unexpected end of JSON input

      43 |     data: { email, password }
      44 |   });
    > 45 |   const data = await response.json();
         |                ^
      46 |   return data.token;
      47 | }
      48 |
        at getAuthToken (/Users/asithalakmal/Documents/web/final project/WeddingLK-next copy/tests/e2e/api-integration.spec.ts:45:16)
        at /Users/asithalakmal/Documents/web/final project/WeddingLK-next copy/tests/e2e/api-integration.spec.ts:247:19

    attachment #1: screenshot (image/png) ──────────────────────────────────────────────────────────
    ../../test-results/api-integration-🏢-Vendor--6b8fc-ts-Get-Vendor-Analytics-API-chromium/test-failed-1.png
    ────────────────────────────────────────────────────────────────────────────────────────────────

    attachment #2: video (video/webm) ──────────────────────────────────────────────────────────────
    ../../test-results/api-integration-🏢-Vendor--6b8fc-ts-Get-Vendor-Analytics-API-chromium/video.webm
    ────────────────────────────────────────────────────────────────────────────────────────────────
]]>
</failure>
<system-out>
<![CDATA[
[[ATTACHMENT|test-results/api-integration-🏢-Vendor--6b8fc-ts-Get-Vendor-Analytics-API-chromium/test-failed-1.png]]

[[ATTACHMENT|test-results/api-integration-🏢-Vendor--6b8fc-ts-Get-Vendor-Analytics-API-chromium/video.webm]]
]]>
</system-out>
</testcase>
<testcase name="📅 Booking Management API Tests › Create Booking API" classname="api-integration.spec.ts" time="2.094">
<failure message="api-integration.spec.ts:261:7 Create Booking API" type="FAILURE">
<![CDATA[  [chromium] › api-integration.spec.ts:261:7 › 📅 Booking Management API Tests › Create Booking API 

    SyntaxError: Unexpected end of JSON input

      43 |     data: { email, password }
      44 |   });
    > 45 |   const data = await response.json();
         |                ^
      46 |   return data.token;
      47 | }
      48 |
        at getAuthToken (/Users/asithalakmal/Documents/web/final project/WeddingLK-next copy/tests/e2e/api-integration.spec.ts:45:16)
        at /Users/asithalakmal/Documents/web/final project/WeddingLK-next copy/tests/e2e/api-integration.spec.ts:262:19

    attachment #1: screenshot (image/png) ──────────────────────────────────────────────────────────
    ../../test-results/api-integration-📅-Booking-f6016-PI-Tests-Create-Booking-API-chromium/test-failed-1.png
    ────────────────────────────────────────────────────────────────────────────────────────────────

    attachment #2: video (video/webm) ──────────────────────────────────────────────────────────────
    ../../test-results/api-integration-📅-Booking-f6016-PI-Tests-Create-Booking-API-chromium/video.webm
    ────────────────────────────────────────────────────────────────────────────────────────────────
]]>
</failure>
<system-out>
<![CDATA[
[[ATTACHMENT|test-results/api-integration-📅-Booking-f6016-PI-Tests-Create-Booking-API-chromium/test-failed-1.png]]

[[ATTACHMENT|test-results/api-integration-📅-Booking-f6016-PI-Tests-Create-Booking-API-chromium/video.webm]]
]]>
</system-out>
</testcase>
<testcase name="📅 Booking Management API Tests › Get User Bookings API" classname="api-integration.spec.ts" time="2.328">
<failure message="api-integration.spec.ts:279:7 Get User Bookings API" type="FAILURE">
<![CDATA[  [chromium] › api-integration.spec.ts:279:7 › 📅 Booking Management API Tests › Get User Bookings API 

    SyntaxError: Unexpected end of JSON input

      43 |     data: { email, password }
      44 |   });
    > 45 |   const data = await response.json();
         |                ^
      46 |   return data.token;
      47 | }
      48 |
        at getAuthToken (/Users/asithalakmal/Documents/web/final project/WeddingLK-next copy/tests/e2e/api-integration.spec.ts:45:16)
        at /Users/asithalakmal/Documents/web/final project/WeddingLK-next copy/tests/e2e/api-integration.spec.ts:280:19

    attachment #1: screenshot (image/png) ──────────────────────────────────────────────────────────
    ../../test-results/api-integration-📅-Booking-0e3ce-Tests-Get-User-Bookings-API-chromium/test-failed-1.png
    ────────────────────────────────────────────────────────────────────────────────────────────────

    attachment #2: video (video/webm) ──────────────────────────────────────────────────────────────
    ../../test-results/api-integration-📅-Booking-0e3ce-Tests-Get-User-Bookings-API-chromium/video.webm
    ────────────────────────────────────────────────────────────────────────────────────────────────
]]>
</failure>
<system-out>
<![CDATA[
[[ATTACHMENT|test-results/api-integration-📅-Booking-0e3ce-Tests-Get-User-Bookings-API-chromium/test-failed-1.png]]

[[ATTACHMENT|test-results/api-integration-📅-Booking-0e3ce-Tests-Get-User-Bookings-API-chromium/video.webm]]
]]>
</system-out>
</testcase>
<testcase name="📅 Booking Management API Tests › Update Booking API" classname="api-integration.spec.ts" time="1.73">
<failure message="api-integration.spec.ts:290:7 Update Booking API" type="FAILURE">
<![CDATA[  [chromium] › api-integration.spec.ts:290:7 › 📅 Booking Management API Tests › Update Booking API 

    SyntaxError: Unexpected end of JSON input

      43 |     data: { email, password }
      44 |   });
    > 45 |   const data = await response.json();
         |                ^
      46 |   return data.token;
      47 | }
      48 |
        at getAuthToken (/Users/asithalakmal/Documents/web/final project/WeddingLK-next copy/tests/e2e/api-integration.spec.ts:45:16)
        at /Users/asithalakmal/Documents/web/final project/WeddingLK-next copy/tests/e2e/api-integration.spec.ts:291:19

    attachment #1: screenshot (image/png) ──────────────────────────────────────────────────────────
    ../../test-results/api-integration-📅-Booking-a7a44-PI-Tests-Update-Booking-API-chromium/test-failed-1.png
    ────────────────────────────────────────────────────────────────────────────────────────────────

    attachment #2: video (video/webm) ──────────────────────────────────────────────────────────────
    ../../test-results/api-integration-📅-Booking-a7a44-PI-Tests-Update-Booking-API-chromium/video.webm
    ────────────────────────────────────────────────────────────────────────────────────────────────
]]>
</failure>
<system-out>
<![CDATA[
[[ATTACHMENT|test-results/api-integration-📅-Booking-a7a44-PI-Tests-Update-Booking-API-chromium/test-failed-1.png]]

[[ATTACHMENT|test-results/api-integration-📅-Booking-a7a44-PI-Tests-Update-Booking-API-chromium/video.webm]]
]]>
</system-out>
</testcase>
<testcase name="📅 Booking Management API Tests › Cancel Booking API" classname="api-integration.spec.ts" time="2.253">
<failure message="api-integration.spec.ts:304:7 Cancel Booking API" type="FAILURE">
<![CDATA[  [chromium] › api-integration.spec.ts:304:7 › 📅 Booking Management API Tests › Cancel Booking API 

    SyntaxError: Unexpected end of JSON input

      43 |     data: { email, password }
      44 |   });
    > 45 |   const data = await response.json();
         |                ^
      46 |   return data.token;
      47 | }
      48 |
        at getAuthToken (/Users/asithalakmal/Documents/web/final project/WeddingLK-next copy/tests/e2e/api-integration.spec.ts:45:16)
        at /Users/asithalakmal/Documents/web/final project/WeddingLK-next copy/tests/e2e/api-integration.spec.ts:305:19

    attachment #1: screenshot (image/png) ──────────────────────────────────────────────────────────
    ../../test-results/api-integration-📅-Booking-7c911-PI-Tests-Cancel-Booking-API-chromium/test-failed-1.png
    ────────────────────────────────────────────────────────────────────────────────────────────────

    attachment #2: video (video/webm) ──────────────────────────────────────────────────────────────
    ../../test-results/api-integration-📅-Booking-7c911-PI-Tests-Cancel-Booking-API-chromium/video.webm
    ────────────────────────────────────────────────────────────────────────────────────────────────
]]>
</failure>
<system-out>
<![CDATA[
[[ATTACHMENT|test-results/api-integration-📅-Booking-7c911-PI-Tests-Cancel-Booking-API-chromium/test-failed-1.png]]

[[ATTACHMENT|test-results/api-integration-📅-Booking-7c911-PI-Tests-Cancel-Booking-API-chromium/video.webm]]
]]>
</system-out>
</testcase>
<testcase name="📅 Booking Management API Tests › Get Vendor Bookings API" classname="api-integration.spec.ts" time="2.341">
<failure message="api-integration.spec.ts:315:7 Get Vendor Bookings API" type="FAILURE">
<![CDATA[  [chromium] › api-integration.spec.ts:315:7 › 📅 Booking Management API Tests › Get Vendor Bookings API 

    SyntaxError: Unexpected end of JSON input

      43 |     data: { email, password }
      44 |   });
    > 45 |   const data = await response.json();
         |                ^
      46 |   return data.token;
      47 | }
      48 |
        at getAuthToken (/Users/asithalakmal/Documents/web/final project/WeddingLK-next copy/tests/e2e/api-integration.spec.ts:45:16)
        at /Users/asithalakmal/Documents/web/final project/WeddingLK-next copy/tests/e2e/api-integration.spec.ts:316:19

    attachment #1: screenshot (image/png) ──────────────────────────────────────────────────────────
    ../../test-results/api-integration-📅-Booking-a710b-sts-Get-Vendor-Bookings-API-chromium/test-failed-1.png
    ────────────────────────────────────────────────────────────────────────────────────────────────

    attachment #2: video (video/webm) ──────────────────────────────────────────────────────────────
    ../../test-results/api-integration-📅-Booking-a710b-sts-Get-Vendor-Bookings-API-chromium/video.webm
    ────────────────────────────────────────────────────────────────────────────────────────────────
]]>
</failure>
<system-out>
<![CDATA[
[[ATTACHMENT|test-results/api-integration-📅-Booking-a710b-sts-Get-Vendor-Bookings-API-chromium/test-failed-1.png]]

[[ATTACHMENT|test-results/api-integration-📅-Booking-a710b-sts-Get-Vendor-Bookings-API-chromium/video.webm]]
]]>
</system-out>
</testcase>
<testcase name="📅 Booking Management API Tests › Update Booking Status API" classname="api-integration.spec.ts" time="2.027">
<failure message="api-integration.spec.ts:326:7 Update Booking Status API" type="FAILURE">
<![CDATA[  [chromium] › api-integration.spec.ts:326:7 › 📅 Booking Management API Tests › Update Booking Status API 

    SyntaxError: Unexpected end of JSON input

      43 |     data: { email, password }
      44 |   });
    > 45 |   const data = await response.json();
         |                ^
      46 |   return data.token;
      47 | }
      48 |
        at getAuthToken (/Users/asithalakmal/Documents/web/final project/WeddingLK-next copy/tests/e2e/api-integration.spec.ts:45:16)
        at /Users/asithalakmal/Documents/web/final project/WeddingLK-next copy/tests/e2e/api-integration.spec.ts:327:19

    attachment #1: screenshot (image/png) ──────────────────────────────────────────────────────────
    ../../test-results/api-integration-📅-Booking-458f2-s-Update-Booking-Status-API-chromium/test-failed-1.png
    ────────────────────────────────────────────────────────────────────────────────────────────────

    attachment #2: video (video/webm) ──────────────────────────────────────────────────────────────
    ../../test-results/api-integration-📅-Booking-458f2-s-Update-Booking-Status-API-chromium/video.webm
    ────────────────────────────────────────────────────────────────────────────────────────────────
]]>
</failure>
<system-out>
<![CDATA[
[[ATTACHMENT|test-results/api-integration-📅-Booking-458f2-s-Update-Booking-Status-API-chromium/test-failed-1.png]]

[[ATTACHMENT|test-results/api-integration-📅-Booking-458f2-s-Update-Booking-Status-API-chromium/video.webm]]
]]>
</system-out>
</testcase>
<testcase name="🏛️ Venue Management API Tests › Get Venues API" classname="api-integration.spec.ts" time="12.163">
<failure message="api-integration.spec.ts:341:7 Get Venues API" type="FAILURE">
<![CDATA[  [chromium] › api-integration.spec.ts:341:7 › 🏛️ Venue Management API Tests › Get Venues API ─────

    Error: expect(received).toBeDefined()

    Received: undefined

      345 |     const data = await response.json();
      346 |     expect(data.success).toBe(true);
    > 347 |     expect(data.venues).toBeDefined();
          |                         ^
      348 |   });
      349 |
      350 |   test('Get Venue by ID API', async ({ page }) => {
        at /Users/asithalakmal/Documents/web/final project/WeddingLK-next copy/tests/e2e/api-integration.spec.ts:347:25

    attachment #1: screenshot (image/png) ──────────────────────────────────────────────────────────
    ../../test-results/api-integration-🏛️-Venue--62621-nt-API-Tests-Get-Venues-API-chromium/test-failed-1.png
    ────────────────────────────────────────────────────────────────────────────────────────────────

    attachment #2: video (video/webm) ──────────────────────────────────────────────────────────────
    ../../test-results/api-integration-🏛️-Venue--62621-nt-API-Tests-Get-Venues-API-chromium/video.webm
    ────────────────────────────────────────────────────────────────────────────────────────────────
]]>
</failure>
<system-out>
<![CDATA[
[[ATTACHMENT|test-results/api-integration-🏛️-Venue--62621-nt-API-Tests-Get-Venues-API-chromium/test-failed-1.png]]

[[ATTACHMENT|test-results/api-integration-🏛️-Venue--62621-nt-API-Tests-Get-Venues-API-chromium/video.webm]]
]]>
</system-out>
</testcase>
<testcase name="🏛️ Venue Management API Tests › Get Venue by ID API" classname="api-integration.spec.ts" time="2.092">
<failure message="api-integration.spec.ts:350:7 Get Venue by ID API" type="FAILURE">
<![CDATA[  [chromium] › api-integration.spec.ts:350:7 › 🏛️ Venue Management API Tests › Get Venue by ID API 

    Error: expect(received).toBe(expected) // Object.is equality

    Expected: 200
    Received: 500

      350 |   test('Get Venue by ID API', async ({ page }) => {
      351 |     const response = await page.request.get('/api/venues/test-venue-id');
    > 352 |     expect(response.status()).toBe(200);
          |                               ^
      353 |     
      354 |     const data = await response.json();
      355 |     expect(data.success).toBe(true);
        at /Users/asithalakmal/Documents/web/final project/WeddingLK-next copy/tests/e2e/api-integration.spec.ts:352:31

    attachment #1: screenshot (image/png) ──────────────────────────────────────────────────────────
    ../../test-results/api-integration-🏛️-Venue--f15e9-I-Tests-Get-Venue-by-ID-API-chromium/test-failed-1.png
    ────────────────────────────────────────────────────────────────────────────────────────────────

    attachment #2: video (video/webm) ──────────────────────────────────────────────────────────────
    ../../test-results/api-integration-🏛️-Venue--f15e9-I-Tests-Get-Venue-by-ID-API-chromium/video.webm
    ────────────────────────────────────────────────────────────────────────────────────────────────
]]>
</failure>
<system-out>
<![CDATA[
[[ATTACHMENT|test-results/api-integration-🏛️-Venue--f15e9-I-Tests-Get-Venue-by-ID-API-chromium/test-failed-1.png]]

[[ATTACHMENT|test-results/api-integration-🏛️-Venue--f15e9-I-Tests-Get-Venue-by-ID-API-chromium/video.webm]]
]]>
</system-out>
</testcase>
<testcase name="🏛️ Venue Management API Tests › Search Venues API" classname="api-integration.spec.ts" time="6.415">
</testcase>
<testcase name="🏛️ Venue Management API Tests › Get Venue Availability API" classname="api-integration.spec.ts" time="2.599">
<failure message="api-integration.spec.ts:368:7 Get Venue Availability API" type="FAILURE">
<![CDATA[  [chromium] › api-integration.spec.ts:368:7 › 🏛️ Venue Management API Tests › Get Venue Availability API 

    Error: expect(received).toBe(expected) // Object.is equality

    Expected: 200
    Received: 500

      368 |   test('Get Venue Availability API', async ({ page }) => {
      369 |     const response = await page.request.get('/api/venues/availability?venueId=test-venue-id&date=2024-12-25');
    > 370 |     expect(response.status()).toBe(200);
          |                               ^
      371 |     
      372 |     const data = await response.json();
      373 |     expect(data.success).toBe(true);
        at /Users/asithalakmal/Documents/web/final project/WeddingLK-next copy/tests/e2e/api-integration.spec.ts:370:31

    attachment #1: screenshot (image/png) ──────────────────────────────────────────────────────────
    ../../test-results/api-integration-🏛️-Venue--1dc52--Get-Venue-Availability-API-chromium/test-failed-1.png
    ────────────────────────────────────────────────────────────────────────────────────────────────

    attachment #2: video (video/webm) ──────────────────────────────────────────────────────────────
    ../../test-results/api-integration-🏛️-Venue--1dc52--Get-Venue-Availability-API-chromium/video.webm
    ────────────────────────────────────────────────────────────────────────────────────────────────
]]>
</failure>
<system-out>
<![CDATA[
[[ATTACHMENT|test-results/api-integration-🏛️-Venue--1dc52--Get-Venue-Availability-API-chromium/test-failed-1.png]]

[[ATTACHMENT|test-results/api-integration-🏛️-Venue--1dc52--Get-Venue-Availability-API-chromium/video.webm]]
]]>
</system-out>
</testcase>
<testcase name="💳 Payment API Tests › Create Payment Intent API" classname="api-integration.spec.ts" time="1.44">
<failure message="api-integration.spec.ts:379:7 Create Payment Intent API" type="FAILURE">
<![CDATA[  [chromium] › api-integration.spec.ts:379:7 › 💳 Payment API Tests › Create Payment Intent API ────

    SyntaxError: Unexpected end of JSON input

      43 |     data: { email, password }
      44 |   });
    > 45 |   const data = await response.json();
         |                ^
      46 |   return data.token;
      47 | }
      48 |
        at getAuthToken (/Users/asithalakmal/Documents/web/final project/WeddingLK-next copy/tests/e2e/api-integration.spec.ts:45:16)
        at /Users/asithalakmal/Documents/web/final project/WeddingLK-next copy/tests/e2e/api-integration.spec.ts:380:19

    attachment #1: screenshot (image/png) ──────────────────────────────────────────────────────────
    ../../test-results/api-integration-💳-Payment-a4c14-s-Create-Payment-Intent-API-chromium/test-failed-1.png
    ────────────────────────────────────────────────────────────────────────────────────────────────

    attachment #2: video (video/webm) ──────────────────────────────────────────────────────────────
    ../../test-results/api-integration-💳-Payment-a4c14-s-Create-Payment-Intent-API-chromium/video.webm
    ────────────────────────────────────────────────────────────────────────────────────────────────
]]>
</failure>
<system-out>
<![CDATA[
[[ATTACHMENT|test-results/api-integration-💳-Payment-a4c14-s-Create-Payment-Intent-API-chromium/test-failed-1.png]]

[[ATTACHMENT|test-results/api-integration-💳-Payment-a4c14-s-Create-Payment-Intent-API-chromium/video.webm]]
]]>
</system-out>
</testcase>
<testcase name="💳 Payment API Tests › Get Payment History API" classname="api-integration.spec.ts" time="0.647">
<failure message="api-integration.spec.ts:394:7 Get Payment History API" type="FAILURE">
<![CDATA[  [chromium] › api-integration.spec.ts:394:7 › 💳 Payment API Tests › Get Payment History API ──────

    SyntaxError: Unexpected end of JSON input

      43 |     data: { email, password }
      44 |   });
    > 45 |   const data = await response.json();
         |                ^
      46 |   return data.token;
      47 | }
      48 |
        at getAuthToken (/Users/asithalakmal/Documents/web/final project/WeddingLK-next copy/tests/e2e/api-integration.spec.ts:45:16)
        at /Users/asithalakmal/Documents/web/final project/WeddingLK-next copy/tests/e2e/api-integration.spec.ts:395:19

    attachment #1: screenshot (image/png) ──────────────────────────────────────────────────────────
    ../../test-results/api-integration-💳-Payment-API-Tests-Get-Payment-History-API-chromium/test-failed-1.png
    ────────────────────────────────────────────────────────────────────────────────────────────────

    attachment #2: video (video/webm) ──────────────────────────────────────────────────────────────
    ../../test-results/api-integration-💳-Payment-API-Tests-Get-Payment-History-API-chromium/video.webm
    ────────────────────────────────────────────────────────────────────────────────────────────────
]]>
</failure>
<system-out>
<![CDATA[
[[ATTACHMENT|test-results/api-integration-💳-Payment-API-Tests-Get-Payment-History-API-chromium/test-failed-1.png]]

[[ATTACHMENT|test-results/api-integration-💳-Payment-API-Tests-Get-Payment-History-API-chromium/video.webm]]
]]>
</system-out>
</testcase>
<testcase name="💳 Payment API Tests › Get Payment by ID API" classname="api-integration.spec.ts" time="1.81">
<failure message="api-integration.spec.ts:405:7 Get Payment by ID API" type="FAILURE">
<![CDATA[  [chromium] › api-integration.spec.ts:405:7 › 💳 Payment API Tests › Get Payment by ID API ────────

    SyntaxError: Unexpected end of JSON input

      43 |     data: { email, password }
      44 |   });
    > 45 |   const data = await response.json();
         |                ^
      46 |   return data.token;
      47 | }
      48 |
        at getAuthToken (/Users/asithalakmal/Documents/web/final project/WeddingLK-next copy/tests/e2e/api-integration.spec.ts:45:16)
        at /Users/asithalakmal/Documents/web/final project/WeddingLK-next copy/tests/e2e/api-integration.spec.ts:406:19

    attachment #1: screenshot (image/png) ──────────────────────────────────────────────────────────
    ../../test-results/api-integration-💳-Payment-API-Tests-Get-Payment-by-ID-API-chromium/test-failed-1.png
    ────────────────────────────────────────────────────────────────────────────────────────────────

    attachment #2: video (video/webm) ──────────────────────────────────────────────────────────────
    ../../test-results/api-integration-💳-Payment-API-Tests-Get-Payment-by-ID-API-chromium/video.webm
    ────────────────────────────────────────────────────────────────────────────────────────────────
]]>
</failure>
<system-out>
<![CDATA[
[[ATTACHMENT|test-results/api-integration-💳-Payment-API-Tests-Get-Payment-by-ID-API-chromium/test-failed-1.png]]

[[ATTACHMENT|test-results/api-integration-💳-Payment-API-Tests-Get-Payment-by-ID-API-chromium/video.webm]]
]]>
</system-out>
</testcase>
<testcase name="📊 Dashboard API Tests › Get Dashboard Stats API" classname="api-integration.spec.ts" time="1.673">
<failure message="api-integration.spec.ts:418:7 Get Dashboard Stats API" type="FAILURE">
<![CDATA[  [chromium] › api-integration.spec.ts:418:7 › 📊 Dashboard API Tests › Get Dashboard Stats API ────

    SyntaxError: Unexpected end of JSON input

      43 |     data: { email, password }
      44 |   });
    > 45 |   const data = await response.json();
         |                ^
      46 |   return data.token;
      47 | }
      48 |
        at getAuthToken (/Users/asithalakmal/Documents/web/final project/WeddingLK-next copy/tests/e2e/api-integration.spec.ts:45:16)
        at /Users/asithalakmal/Documents/web/final project/WeddingLK-next copy/tests/e2e/api-integration.spec.ts:419:19

    attachment #1: screenshot (image/png) ──────────────────────────────────────────────────────────
    ../../test-results/api-integration-📊-Dashboa-bf9ef-sts-Get-Dashboard-Stats-API-chromium/test-failed-1.png
    ────────────────────────────────────────────────────────────────────────────────────────────────

    attachment #2: video (video/webm) ──────────────────────────────────────────────────────────────
    ../../test-results/api-integration-📊-Dashboa-bf9ef-sts-Get-Dashboard-Stats-API-chromium/video.webm
    ────────────────────────────────────────────────────────────────────────────────────────────────
]]>
</failure>
<system-out>
<![CDATA[
[[ATTACHMENT|test-results/api-integration-📊-Dashboa-bf9ef-sts-Get-Dashboard-Stats-API-chromium/test-failed-1.png]]

[[ATTACHMENT|test-results/api-integration-📊-Dashboa-bf9ef-sts-Get-Dashboard-Stats-API-chromium/video.webm]]
]]>
</system-out>
</testcase>
<testcase name="📊 Dashboard API Tests › Get Dashboard Activity API" classname="api-integration.spec.ts" time="1.537">
<failure message="api-integration.spec.ts:431:7 Get Dashboard Activity API" type="FAILURE">
<![CDATA[  [chromium] › api-integration.spec.ts:431:7 › 📊 Dashboard API Tests › Get Dashboard Activity API ─

    SyntaxError: Unexpected end of JSON input

      43 |     data: { email, password }
      44 |   });
    > 45 |   const data = await response.json();
         |                ^
      46 |   return data.token;
      47 | }
      48 |
        at getAuthToken (/Users/asithalakmal/Documents/web/final project/WeddingLK-next copy/tests/e2e/api-integration.spec.ts:45:16)
        at /Users/asithalakmal/Documents/web/final project/WeddingLK-next copy/tests/e2e/api-integration.spec.ts:432:19

    attachment #1: screenshot (image/png) ──────────────────────────────────────────────────────────
    ../../test-results/api-integration-📊-Dashboa-0cd31--Get-Dashboard-Activity-API-chromium/test-failed-1.png
    ────────────────────────────────────────────────────────────────────────────────────────────────

    attachment #2: video (video/webm) ──────────────────────────────────────────────────────────────
    ../../test-results/api-integration-📊-Dashboa-0cd31--Get-Dashboard-Activity-API-chromium/video.webm
    ────────────────────────────────────────────────────────────────────────────────────────────────
]]>
</failure>
<system-out>
<![CDATA[
[[ATTACHMENT|test-results/api-integration-📊-Dashboa-0cd31--Get-Dashboard-Activity-API-chromium/test-failed-1.png]]

[[ATTACHMENT|test-results/api-integration-📊-Dashboa-0cd31--Get-Dashboard-Activity-API-chromium/video.webm]]
]]>
</system-out>
</testcase>
<testcase name="📊 Dashboard API Tests › Get User Dashboard Stats API" classname="api-integration.spec.ts" time="2.013">
<failure message="api-integration.spec.ts:442:7 Get User Dashboard Stats API" type="FAILURE">
<![CDATA[  [chromium] › api-integration.spec.ts:442:7 › 📊 Dashboard API Tests › Get User Dashboard Stats API 

    SyntaxError: Unexpected end of JSON input

      43 |     data: { email, password }
      44 |   });
    > 45 |   const data = await response.json();
         |                ^
      46 |   return data.token;
      47 | }
      48 |
        at getAuthToken (/Users/asithalakmal/Documents/web/final project/WeddingLK-next copy/tests/e2e/api-integration.spec.ts:45:16)
        at /Users/asithalakmal/Documents/web/final project/WeddingLK-next copy/tests/e2e/api-integration.spec.ts:443:19

    attachment #1: screenshot (image/png) ──────────────────────────────────────────────────────────
    ../../test-results/api-integration-📊-Dashboa-f50b7-et-User-Dashboard-Stats-API-chromium/test-failed-1.png
    ────────────────────────────────────────────────────────────────────────────────────────────────

    attachment #2: video (video/webm) ──────────────────────────────────────────────────────────────
    ../../test-results/api-integration-📊-Dashboa-f50b7-et-User-Dashboard-Stats-API-chromium/video.webm
    ────────────────────────────────────────────────────────────────────────────────────────────────
]]>
</failure>
<system-out>
<![CDATA[
[[ATTACHMENT|test-results/api-integration-📊-Dashboa-f50b7-et-User-Dashboard-Stats-API-chromium/test-failed-1.png]]

[[ATTACHMENT|test-results/api-integration-📊-Dashboa-f50b7-et-User-Dashboard-Stats-API-chromium/video.webm]]
]]>
</system-out>
</testcase>
<testcase name="📊 Dashboard API Tests › Get Vendor Dashboard Stats API" classname="api-integration.spec.ts" time="2.09">
<failure message="api-integration.spec.ts:453:7 Get Vendor Dashboard Stats API" type="FAILURE">
<![CDATA[  [chromium] › api-integration.spec.ts:453:7 › 📊 Dashboard API Tests › Get Vendor Dashboard Stats API 

    SyntaxError: Unexpected end of JSON input

      43 |     data: { email, password }
      44 |   });
    > 45 |   const data = await response.json();
         |                ^
      46 |   return data.token;
      47 | }
      48 |
        at getAuthToken (/Users/asithalakmal/Documents/web/final project/WeddingLK-next copy/tests/e2e/api-integration.spec.ts:45:16)
        at /Users/asithalakmal/Documents/web/final project/WeddingLK-next copy/tests/e2e/api-integration.spec.ts:454:19

    attachment #1: screenshot (image/png) ──────────────────────────────────────────────────────────
    ../../test-results/api-integration-📊-Dashboa-87572--Vendor-Dashboard-Stats-API-chromium/test-failed-1.png
    ────────────────────────────────────────────────────────────────────────────────────────────────

    attachment #2: video (video/webm) ──────────────────────────────────────────────────────────────
    ../../test-results/api-integration-📊-Dashboa-87572--Vendor-Dashboard-Stats-API-chromium/video.webm
    ────────────────────────────────────────────────────────────────────────────────────────────────
]]>
</failure>
<system-out>
<![CDATA[
[[ATTACHMENT|test-results/api-integration-📊-Dashboa-87572--Vendor-Dashboard-Stats-API-chromium/test-failed-1.png]]

[[ATTACHMENT|test-results/api-integration-📊-Dashboa-87572--Vendor-Dashboard-Stats-API-chromium/video.webm]]
]]>
</system-out>
</testcase>
<testcase name="📊 Dashboard API Tests › Get Admin Dashboard Stats API" classname="api-integration.spec.ts" time="1.595">
<failure message="api-integration.spec.ts:464:7 Get Admin Dashboard Stats API" type="FAILURE">
<![CDATA[  [chromium] › api-integration.spec.ts:464:7 › 📊 Dashboard API Tests › Get Admin Dashboard Stats API 

    SyntaxError: Unexpected end of JSON input

      43 |     data: { email, password }
      44 |   });
    > 45 |   const data = await response.json();
         |                ^
      46 |   return data.token;
      47 | }
      48 |
        at getAuthToken (/Users/asithalakmal/Documents/web/final project/WeddingLK-next copy/tests/e2e/api-integration.spec.ts:45:16)
        at /Users/asithalakmal/Documents/web/final project/WeddingLK-next copy/tests/e2e/api-integration.spec.ts:465:19

    attachment #1: screenshot (image/png) ──────────────────────────────────────────────────────────
    ../../test-results/api-integration-📊-Dashboa-9ac1f-t-Admin-Dashboard-Stats-API-chromium/test-failed-1.png
    ────────────────────────────────────────────────────────────────────────────────────────────────

    attachment #2: video (video/webm) ──────────────────────────────────────────────────────────────
    ../../test-results/api-integration-📊-Dashboa-9ac1f-t-Admin-Dashboard-Stats-API-chromium/video.webm
    ────────────────────────────────────────────────────────────────────────────────────────────────
]]>
</failure>
<system-out>
<![CDATA[
[[ATTACHMENT|test-results/api-integration-📊-Dashboa-9ac1f-t-Admin-Dashboard-Stats-API-chromium/test-failed-1.png]]

[[ATTACHMENT|test-results/api-integration-📊-Dashboa-9ac1f-t-Admin-Dashboard-Stats-API-chromium/video.webm]]
]]>
</system-out>
</testcase>
<testcase name="👥 Wedding Planner API Tests › Get Planner Clients API" classname="api-integration.spec.ts" time="1.443">
<failure message="api-integration.spec.ts:477:7 Get Planner Clients API" type="FAILURE">
<![CDATA[  [chromium] › api-integration.spec.ts:477:7 › 👥 Wedding Planner API Tests › Get Planner Clients API 

    SyntaxError: Unexpected end of JSON input

      43 |     data: { email, password }
      44 |   });
    > 45 |   const data = await response.json();
         |                ^
      46 |   return data.token;
      47 | }
      48 |
        at getAuthToken (/Users/asithalakmal/Documents/web/final project/WeddingLK-next copy/tests/e2e/api-integration.spec.ts:45:16)
        at /Users/asithalakmal/Documents/web/final project/WeddingLK-next copy/tests/e2e/api-integration.spec.ts:478:19

    attachment #1: screenshot (image/png) ──────────────────────────────────────────────────────────
    ../../test-results/api-integration-👥-Wedding-2c0a3-sts-Get-Planner-Clients-API-chromium/test-failed-1.png
    ────────────────────────────────────────────────────────────────────────────────────────────────

    attachment #2: video (video/webm) ──────────────────────────────────────────────────────────────
    ../../test-results/api-integration-👥-Wedding-2c0a3-sts-Get-Planner-Clients-API-chromium/video.webm
    ────────────────────────────────────────────────────────────────────────────────────────────────
]]>
</failure>
<system-out>
<![CDATA[
[[ATTACHMENT|test-results/api-integration-👥-Wedding-2c0a3-sts-Get-Planner-Clients-API-chromium/test-failed-1.png]]

[[ATTACHMENT|test-results/api-integration-👥-Wedding-2c0a3-sts-Get-Planner-Clients-API-chromium/video.webm]]
]]>
</system-out>
</testcase>
<testcase name="👥 Wedding Planner API Tests › Create Planner Client API" classname="api-integration.spec.ts" time="1.541">
<failure message="api-integration.spec.ts:488:7 Create Planner Client API" type="FAILURE">
<![CDATA[  [chromium] › api-integration.spec.ts:488:7 › 👥 Wedding Planner API Tests › Create Planner Client API 

    SyntaxError: Unexpected end of JSON input

      43 |     data: { email, password }
      44 |   });
    > 45 |   const data = await response.json();
         |                ^
      46 |   return data.token;
      47 | }
      48 |
        at getAuthToken (/Users/asithalakmal/Documents/web/final project/WeddingLK-next copy/tests/e2e/api-integration.spec.ts:45:16)
        at /Users/asithalakmal/Documents/web/final project/WeddingLK-next copy/tests/e2e/api-integration.spec.ts:489:19

    attachment #1: screenshot (image/png) ──────────────────────────────────────────────────────────
    ../../test-results/api-integration-👥-Wedding-61866-s-Create-Planner-Client-API-chromium/test-failed-1.png
    ────────────────────────────────────────────────────────────────────────────────────────────────

    attachment #2: video (video/webm) ──────────────────────────────────────────────────────────────
    ../../test-results/api-integration-👥-Wedding-61866-s-Create-Planner-Client-API-chromium/video.webm
    ────────────────────────────────────────────────────────────────────────────────────────────────
]]>
</failure>
<system-out>
<![CDATA[
[[ATTACHMENT|test-results/api-integration-👥-Wedding-61866-s-Create-Planner-Client-API-chromium/test-failed-1.png]]

[[ATTACHMENT|test-results/api-integration-👥-Wedding-61866-s-Create-Planner-Client-API-chromium/video.webm]]
]]>
</system-out>
</testcase>
<testcase name="👥 Wedding Planner API Tests › Get Planner Tasks API" classname="api-integration.spec.ts" time="2.175">
<failure message="api-integration.spec.ts:504:7 Get Planner Tasks API" type="FAILURE">
<![CDATA[  [chromium] › api-integration.spec.ts:504:7 › 👥 Wedding Planner API Tests › Get Planner Tasks API 

    SyntaxError: Unexpected end of JSON input

      43 |     data: { email, password }
      44 |   });
    > 45 |   const data = await response.json();
         |                ^
      46 |   return data.token;
      47 | }
      48 |
        at getAuthToken (/Users/asithalakmal/Documents/web/final project/WeddingLK-next copy/tests/e2e/api-integration.spec.ts:45:16)
        at /Users/asithalakmal/Documents/web/final project/WeddingLK-next copy/tests/e2e/api-integration.spec.ts:505:19

    attachment #1: screenshot (image/png) ──────────────────────────────────────────────────────────
    ../../test-results/api-integration-👥-Wedding-8c90f-Tests-Get-Planner-Tasks-API-chromium/test-failed-1.png
    ────────────────────────────────────────────────────────────────────────────────────────────────

    attachment #2: video (video/webm) ──────────────────────────────────────────────────────────────
    ../../test-results/api-integration-👥-Wedding-8c90f-Tests-Get-Planner-Tasks-API-chromium/video.webm
    ────────────────────────────────────────────────────────────────────────────────────────────────
]]>
</failure>
<system-out>
<![CDATA[
[[ATTACHMENT|test-results/api-integration-👥-Wedding-8c90f-Tests-Get-Planner-Tasks-API-chromium/test-failed-1.png]]

[[ATTACHMENT|test-results/api-integration-👥-Wedding-8c90f-Tests-Get-Planner-Tasks-API-chromium/video.webm]]
]]>
</system-out>
</testcase>
<testcase name="👥 Wedding Planner API Tests › Create Planner Task API" classname="api-integration.spec.ts" time="2.318">
<failure message="api-integration.spec.ts:515:7 Create Planner Task API" type="FAILURE">
<![CDATA[  [chromium] › api-integration.spec.ts:515:7 › 👥 Wedding Planner API Tests › Create Planner Task API 

    SyntaxError: Unexpected end of JSON input

      43 |     data: { email, password }
      44 |   });
    > 45 |   const data = await response.json();
         |                ^
      46 |   return data.token;
      47 | }
      48 |
        at getAuthToken (/Users/asithalakmal/Documents/web/final project/WeddingLK-next copy/tests/e2e/api-integration.spec.ts:45:16)
        at /Users/asithalakmal/Documents/web/final project/WeddingLK-next copy/tests/e2e/api-integration.spec.ts:516:19

    attachment #1: screenshot (image/png) ──────────────────────────────────────────────────────────
    ../../test-results/api-integration-👥-Wedding-2690c-sts-Create-Planner-Task-API-chromium/test-failed-1.png
    ────────────────────────────────────────────────────────────────────────────────────────────────

    attachment #2: video (video/webm) ──────────────────────────────────────────────────────────────
    ../../test-results/api-integration-👥-Wedding-2690c-sts-Create-Planner-Task-API-chromium/video.webm
    ────────────────────────────────────────────────────────────────────────────────────────────────
]]>
</failure>
<system-out>
<![CDATA[
[[ATTACHMENT|test-results/api-integration-👥-Wedding-2690c-sts-Create-Planner-Task-API-chromium/test-failed-1.png]]

[[ATTACHMENT|test-results/api-integration-👥-Wedding-2690c-sts-Create-Planner-Task-API-chromium/video.webm]]
]]>
</system-out>
</testcase>
<testcase name="👑 Admin Management API Tests › Get All Users API" classname="api-integration.spec.ts" time="1.536">
<failure message="api-integration.spec.ts:534:7 Get All Users API" type="FAILURE">
<![CDATA[  [chromium] › api-integration.spec.ts:534:7 › 👑 Admin Management API Tests › Get All Users API ───

    SyntaxError: Unexpected end of JSON input

      43 |     data: { email, password }
      44 |   });
    > 45 |   const data = await response.json();
         |                ^
      46 |   return data.token;
      47 | }
      48 |
        at getAuthToken (/Users/asithalakmal/Documents/web/final project/WeddingLK-next copy/tests/e2e/api-integration.spec.ts:45:16)
        at /Users/asithalakmal/Documents/web/final project/WeddingLK-next copy/tests/e2e/api-integration.spec.ts:535:19

    attachment #1: screenshot (image/png) ──────────────────────────────────────────────────────────
    ../../test-results/api-integration-👑-Admin-M-2be62-API-Tests-Get-All-Users-API-chromium/test-failed-1.png
    ────────────────────────────────────────────────────────────────────────────────────────────────

    attachment #2: video (video/webm) ──────────────────────────────────────────────────────────────
    ../../test-results/api-integration-👑-Admin-M-2be62-API-Tests-Get-All-Users-API-chromium/video.webm
    ────────────────────────────────────────────────────────────────────────────────────────────────
]]>
</failure>
<system-out>
<![CDATA[
[[ATTACHMENT|test-results/api-integration-👑-Admin-M-2be62-API-Tests-Get-All-Users-API-chromium/test-failed-1.png]]

[[ATTACHMENT|test-results/api-integration-👑-Admin-M-2be62-API-Tests-Get-All-Users-API-chromium/video.webm]]
]]>
</system-out>
</testcase>
<testcase name="👑 Admin Management API Tests › Get All Vendors API" classname="api-integration.spec.ts" time="2.036">
<failure message="api-integration.spec.ts:545:7 Get All Vendors API" type="FAILURE">
<![CDATA[  [chromium] › api-integration.spec.ts:545:7 › 👑 Admin Management API Tests › Get All Vendors API ─

    SyntaxError: Unexpected end of JSON input

      43 |     data: { email, password }
      44 |   });
    > 45 |   const data = await response.json();
         |                ^
      46 |   return data.token;
      47 | }
      48 |
        at getAuthToken (/Users/asithalakmal/Documents/web/final project/WeddingLK-next copy/tests/e2e/api-integration.spec.ts:45:16)
        at /Users/asithalakmal/Documents/web/final project/WeddingLK-next copy/tests/e2e/api-integration.spec.ts:546:19

    attachment #1: screenshot (image/png) ──────────────────────────────────────────────────────────
    ../../test-results/api-integration-👑-Admin-M-588b2-I-Tests-Get-All-Vendors-API-chromium/test-failed-1.png
    ────────────────────────────────────────────────────────────────────────────────────────────────

    attachment #2: video (video/webm) ──────────────────────────────────────────────────────────────
    ../../test-results/api-integration-👑-Admin-M-588b2-I-Tests-Get-All-Vendors-API-chromium/video.webm
    ────────────────────────────────────────────────────────────────────────────────────────────────
]]>
</failure>
<system-out>
<![CDATA[
[[ATTACHMENT|test-results/api-integration-👑-Admin-M-588b2-I-Tests-Get-All-Vendors-API-chromium/test-failed-1.png]]

[[ATTACHMENT|test-results/api-integration-👑-Admin-M-588b2-I-Tests-Get-All-Vendors-API-chromium/video.webm]]
]]>
</system-out>
</testcase>
<testcase name="👑 Admin Management API Tests › Update User Role API" classname="api-integration.spec.ts" time="1.468">
<failure message="api-integration.spec.ts:556:7 Update User Role API" type="FAILURE">
<![CDATA[  [chromium] › api-integration.spec.ts:556:7 › 👑 Admin Management API Tests › Update User Role API 

    SyntaxError: Unexpected end of JSON input

      43 |     data: { email, password }
      44 |   });
    > 45 |   const data = await response.json();
         |                ^
      46 |   return data.token;
      47 | }
      48 |
        at getAuthToken (/Users/asithalakmal/Documents/web/final project/WeddingLK-next copy/tests/e2e/api-integration.spec.ts:45:16)
        at /Users/asithalakmal/Documents/web/final project/WeddingLK-next copy/tests/e2e/api-integration.spec.ts:557:19

    attachment #1: screenshot (image/png) ──────────────────────────────────────────────────────────
    ../../test-results/api-integration-👑-Admin-M-426c4--Tests-Update-User-Role-API-chromium/test-failed-1.png
    ────────────────────────────────────────────────────────────────────────────────────────────────

    attachment #2: video (video/webm) ──────────────────────────────────────────────────────────────
    ../../test-results/api-integration-👑-Admin-M-426c4--Tests-Update-User-Role-API-chromium/video.webm
    ────────────────────────────────────────────────────────────────────────────────────────────────
]]>
</failure>
<system-out>
<![CDATA[
[[ATTACHMENT|test-results/api-integration-👑-Admin-M-426c4--Tests-Update-User-Role-API-chromium/test-failed-1.png]]

[[ATTACHMENT|test-results/api-integration-👑-Admin-M-426c4--Tests-Update-User-Role-API-chromium/video.webm]]
]]>
</system-out>
</testcase>
<testcase name="👑 Admin Management API Tests › Get Admin Reports API" classname="api-integration.spec.ts" time="1.81">
<failure message="api-integration.spec.ts:569:7 Get Admin Reports API" type="FAILURE">
<![CDATA[  [chromium] › api-integration.spec.ts:569:7 › 👑 Admin Management API Tests › Get Admin Reports API 

    SyntaxError: Unexpected end of JSON input

      43 |     data: { email, password }
      44 |   });
    > 45 |   const data = await response.json();
         |                ^
      46 |   return data.token;
      47 | }
      48 |
        at getAuthToken (/Users/asithalakmal/Documents/web/final project/WeddingLK-next copy/tests/e2e/api-integration.spec.ts:45:16)
        at /Users/asithalakmal/Documents/web/final project/WeddingLK-next copy/tests/e2e/api-integration.spec.ts:570:19

    attachment #1: screenshot (image/png) ──────────────────────────────────────────────────────────
    ../../test-results/api-integration-👑-Admin-M-bc282-Tests-Get-Admin-Reports-API-chromium/test-failed-1.png
    ────────────────────────────────────────────────────────────────────────────────────────────────

    attachment #2: video (video/webm) ──────────────────────────────────────────────────────────────
    ../../test-results/api-integration-👑-Admin-M-bc282-Tests-Get-Admin-Reports-API-chromium/video.webm
    ────────────────────────────────────────────────────────────────────────────────────────────────
]]>
</failure>
<system-out>
<![CDATA[
[[ATTACHMENT|test-results/api-integration-👑-Admin-M-bc282-Tests-Get-Admin-Reports-API-chromium/test-failed-1.png]]

[[ATTACHMENT|test-results/api-integration-👑-Admin-M-bc282-Tests-Get-Admin-Reports-API-chromium/video.webm]]
]]>
</system-out>
</testcase>
<testcase name="🔍 Search and Filter API Tests › Search Venues API" classname="api-integration.spec.ts" time="4.843">
</testcase>
<testcase name="🔍 Search and Filter API Tests › Search Vendors API" classname="api-integration.spec.ts" time="3.212">
</testcase>
<testcase name="🔍 Search and Filter API Tests › Filter Venues by Price API" classname="api-integration.spec.ts" time="2.484">
</testcase>
<testcase name="📱 Mobile API Tests › Mobile App Data API" classname="api-integration.spec.ts" time="0.559">
<failure message="api-integration.spec.ts:611:7 Mobile App Data API" type="FAILURE">
<![CDATA[  [chromium] › api-integration.spec.ts:611:7 › 📱 Mobile API Tests › Mobile App Data API ───────────

    SyntaxError: Unexpected end of JSON input

      43 |     data: { email, password }
      44 |   });
    > 45 |   const data = await response.json();
         |                ^
      46 |   return data.token;
      47 | }
      48 |
        at getAuthToken (/Users/asithalakmal/Documents/web/final project/WeddingLK-next copy/tests/e2e/api-integration.spec.ts:45:16)
        at /Users/asithalakmal/Documents/web/final project/WeddingLK-next copy/tests/e2e/api-integration.spec.ts:612:19

    attachment #1: screenshot (image/png) ──────────────────────────────────────────────────────────
    ../../test-results/api-integration-📱-Mobile-API-Tests-Mobile-App-Data-API-chromium/test-failed-1.png
    ────────────────────────────────────────────────────────────────────────────────────────────────

    attachment #2: video (video/webm) ──────────────────────────────────────────────────────────────
    ../../test-results/api-integration-📱-Mobile-API-Tests-Mobile-App-Data-API-chromium/video.webm
    ────────────────────────────────────────────────────────────────────────────────────────────────
]]>
</failure>
<system-out>
<![CDATA[
[[ATTACHMENT|test-results/api-integration-📱-Mobile-API-Tests-Mobile-App-Data-API-chromium/test-failed-1.png]]

[[ATTACHMENT|test-results/api-integration-📱-Mobile-API-Tests-Mobile-App-Data-API-chromium/video.webm]]
]]>
</system-out>
</testcase>
<testcase name="📱 Mobile API Tests › Mobile Venues API" classname="api-integration.spec.ts" time="1.349">
<failure message="api-integration.spec.ts:625:7 Mobile Venues API" type="FAILURE">
<![CDATA[  [chromium] › api-integration.spec.ts:625:7 › 📱 Mobile API Tests › Mobile Venues API ─────────────

    SyntaxError: Unexpected end of JSON input

      43 |     data: { email, password }
      44 |   });
    > 45 |   const data = await response.json();
         |                ^
      46 |   return data.token;
      47 | }
      48 |
        at getAuthToken (/Users/asithalakmal/Documents/web/final project/WeddingLK-next copy/tests/e2e/api-integration.spec.ts:45:16)
        at /Users/asithalakmal/Documents/web/final project/WeddingLK-next copy/tests/e2e/api-integration.spec.ts:626:19

    attachment #1: screenshot (image/png) ──────────────────────────────────────────────────────────
    ../../test-results/api-integration-📱-Mobile-API-Tests-Mobile-Venues-API-chromium/test-failed-1.png
    ────────────────────────────────────────────────────────────────────────────────────────────────

    attachment #2: video (video/webm) ──────────────────────────────────────────────────────────────
    ../../test-results/api-integration-📱-Mobile-API-Tests-Mobile-Venues-API-chromium/video.webm
    ────────────────────────────────────────────────────────────────────────────────────────────────
]]>
</failure>
<system-out>
<![CDATA[
[[ATTACHMENT|test-results/api-integration-📱-Mobile-API-Tests-Mobile-Venues-API-chromium/test-failed-1.png]]

[[ATTACHMENT|test-results/api-integration-📱-Mobile-API-Tests-Mobile-Venues-API-chromium/video.webm]]
]]>
</system-out>
</testcase>
<testcase name="🔔 Notification API Tests › Get Notifications API" classname="api-integration.spec.ts" time="0.775">
<failure message="api-integration.spec.ts:641:7 Get Notifications API" type="FAILURE">
<![CDATA[  [chromium] › api-integration.spec.ts:641:7 › 🔔 Notification API Tests › Get Notifications API ───

    SyntaxError: Unexpected end of JSON input

      43 |     data: { email, password }
      44 |   });
    > 45 |   const data = await response.json();
         |                ^
      46 |   return data.token;
      47 | }
      48 |
        at getAuthToken (/Users/asithalakmal/Documents/web/final project/WeddingLK-next copy/tests/e2e/api-integration.spec.ts:45:16)
        at /Users/asithalakmal/Documents/web/final project/WeddingLK-next copy/tests/e2e/api-integration.spec.ts:642:19

    attachment #1: screenshot (image/png) ──────────────────────────────────────────────────────────
    ../../test-results/api-integration-🔔-Notific-9b174-Tests-Get-Notifications-API-chromium/test-failed-1.png
    ────────────────────────────────────────────────────────────────────────────────────────────────

    attachment #2: video (video/webm) ──────────────────────────────────────────────────────────────
    ../../test-results/api-integration-🔔-Notific-9b174-Tests-Get-Notifications-API-chromium/video.webm
    ────────────────────────────────────────────────────────────────────────────────────────────────
]]>
</failure>
<system-out>
<![CDATA[
[[ATTACHMENT|test-results/api-integration-🔔-Notific-9b174-Tests-Get-Notifications-API-chromium/test-failed-1.png]]

[[ATTACHMENT|test-results/api-integration-🔔-Notific-9b174-Tests-Get-Notifications-API-chromium/video.webm]]
]]>
</system-out>
</testcase>
<testcase name="🔔 Notification API Tests › Mark Notification as Read API" classname="api-integration.spec.ts" time="1.396">
<failure message="api-integration.spec.ts:652:7 Mark Notification as Read API" type="FAILURE">
<![CDATA[  [chromium] › api-integration.spec.ts:652:7 › 🔔 Notification API Tests › Mark Notification as Read API 

    SyntaxError: Unexpected end of JSON input

      43 |     data: { email, password }
      44 |   });
    > 45 |   const data = await response.json();
         |                ^
      46 |   return data.token;
      47 | }
      48 |
        at getAuthToken (/Users/asithalakmal/Documents/web/final project/WeddingLK-next copy/tests/e2e/api-integration.spec.ts:45:16)
        at /Users/asithalakmal/Documents/web/final project/WeddingLK-next copy/tests/e2e/api-integration.spec.ts:653:19

    attachment #1: screenshot (image/png) ──────────────────────────────────────────────────────────
    ../../test-results/api-integration-🔔-Notific-6938f-rk-Notification-as-Read-API-chromium/test-failed-1.png
    ────────────────────────────────────────────────────────────────────────────────────────────────

    attachment #2: video (video/webm) ──────────────────────────────────────────────────────────────
    ../../test-results/api-integration-🔔-Notific-6938f-rk-Notification-as-Read-API-chromium/video.webm
    ────────────────────────────────────────────────────────────────────────────────────────────────
]]>
</failure>
<system-out>
<![CDATA[
[[ATTACHMENT|test-results/api-integration-🔔-Notific-6938f-rk-Notification-as-Read-API-chromium/test-failed-1.png]]

[[ATTACHMENT|test-results/api-integration-🔔-Notific-6938f-rk-Notification-as-Read-API-chromium/video.webm]]
]]>
</system-out>
</testcase>
<testcase name="🛡️ Security and Error Handling API Tests › Unauthorized API Access" classname="api-integration.spec.ts" time="2.617">
<failure message="api-integration.spec.ts:665:7 Unauthorized API Access" type="FAILURE">
<![CDATA[  [chromium] › api-integration.spec.ts:665:7 › 🛡️ Security and Error Handling API Tests › Unauthorized API Access 

    Error: expect(received).toContain(expected) // indexOf

    Expected substring: "Unauthorized"
    Received string:    "Authentication required"

      668 |     
      669 |     const data = await response.json();
    > 670 |     expect(data.error).toContain('Unauthorized');
          |                        ^
      671 |   });
      672 |
      673 |   test('Invalid Token API Access', async ({ page }) => {
        at /Users/asithalakmal/Documents/web/final project/WeddingLK-next copy/tests/e2e/api-integration.spec.ts:670:24

    attachment #1: screenshot (image/png) ──────────────────────────────────────────────────────────
    ../../test-results/api-integration-🛡️-Securi-b5273-sts-Unauthorized-API-Access-chromium/test-failed-1.png
    ────────────────────────────────────────────────────────────────────────────────────────────────

    attachment #2: video (video/webm) ──────────────────────────────────────────────────────────────
    ../../test-results/api-integration-🛡️-Securi-b5273-sts-Unauthorized-API-Access-chromium/video.webm
    ────────────────────────────────────────────────────────────────────────────────────────────────
]]>
</failure>
<system-out>
<![CDATA[
[[ATTACHMENT|test-results/api-integration-🛡️-Securi-b5273-sts-Unauthorized-API-Access-chromium/test-failed-1.png]]

[[ATTACHMENT|test-results/api-integration-🛡️-Securi-b5273-sts-Unauthorized-API-Access-chromium/video.webm]]
]]>
</system-out>
</testcase>
<testcase name="🛡️ Security and Error Handling API Tests › Invalid Token API Access" classname="api-integration.spec.ts" time="1.683">
</testcase>
<testcase name="🛡️ Security and Error Handling API Tests › Rate Limiting API" classname="api-integration.spec.ts" time="15.357">
<failure message="api-integration.spec.ts:680:7 Rate Limiting API" type="FAILURE">
<![CDATA[  [chromium] › api-integration.spec.ts:680:7 › 🛡️ Security and Error Handling API Tests › Rate Limiting API 

    Error: expect(received).toBeGreaterThan(expected)

    Expected: > 0
    Received:   0

      688 |     
      689 |     // At least one request should be rate limited
    > 690 |     expect(rateLimitedResponses.length).toBeGreaterThan(0);
          |                                         ^
      691 |   });
      692 |
      693 |   test('Input Validation API', async ({ page }) => {
        at /Users/asithalakmal/Documents/web/final project/WeddingLK-next copy/tests/e2e/api-integration.spec.ts:690:41

    attachment #1: screenshot (image/png) ──────────────────────────────────────────────────────────
    ../../test-results/api-integration-🛡️-Securi-733b3-API-Tests-Rate-Limiting-API-chromium/test-failed-1.png
    ────────────────────────────────────────────────────────────────────────────────────────────────

    attachment #2: video (video/webm) ──────────────────────────────────────────────────────────────
    ../../test-results/api-integration-🛡️-Securi-733b3-API-Tests-Rate-Limiting-API-chromium/video.webm
    ────────────────────────────────────────────────────────────────────────────────────────────────
]]>
</failure>
<system-out>
<![CDATA[
[[ATTACHMENT|test-results/api-integration-🛡️-Securi-733b3-API-Tests-Rate-Limiting-API-chromium/test-failed-1.png]]

[[ATTACHMENT|test-results/api-integration-🛡️-Securi-733b3-API-Tests-Rate-Limiting-API-chromium/video.webm]]
]]>
</system-out>
</testcase>
<testcase name="🛡️ Security and Error Handling API Tests › Input Validation API" classname="api-integration.spec.ts" time="1.295">
<failure message="api-integration.spec.ts:693:7 Input Validation API" type="FAILURE">
<![CDATA[  [chromium] › api-integration.spec.ts:693:7 › 🛡️ Security and Error Handling API Tests › Input Validation API 

    Error: expect(received).toBeDefined()

    Received: undefined

      702 |     expect(response.status()).toBe(400);
      703 |     const data = await response.json();
    > 704 |     expect(data.errors).toBeDefined();
          |                         ^
      705 |   });
      706 | });
      707 |
        at /Users/asithalakmal/Documents/web/final project/WeddingLK-next copy/tests/e2e/api-integration.spec.ts:704:25

    attachment #1: screenshot (image/png) ──────────────────────────────────────────────────────────
    ../../test-results/api-integration-🛡️-Securi-8d139--Tests-Input-Validation-API-chromium/test-failed-1.png
    ────────────────────────────────────────────────────────────────────────────────────────────────

    attachment #2: video (video/webm) ──────────────────────────────────────────────────────────────
    ../../test-results/api-integration-🛡️-Securi-8d139--Tests-Input-Validation-API-chromium/video.webm
    ────────────────────────────────────────────────────────────────────────────────────────────────
]]>
</failure>
<system-out>
<![CDATA[
[[ATTACHMENT|test-results/api-integration-🛡️-Securi-8d139--Tests-Input-Validation-API-chromium/test-failed-1.png]]

[[ATTACHMENT|test-results/api-integration-🛡️-Securi-8d139--Tests-Input-Validation-API-chromium/video.webm]]
]]>
</system-out>
</testcase>
<testcase name="📊 Analytics and Monitoring API Tests › Performance Monitoring API" classname="api-integration.spec.ts" time="8.816">
<failure message="api-integration.spec.ts:709:7 Performance Monitoring API" type="FAILURE">
<![CDATA[  [chromium] › api-integration.spec.ts:709:7 › 📊 Analytics and Monitoring API Tests › Performance Monitoring API 

    Error: expect(received).toBeDefined()

    Received: undefined

      713 |     const data = await response.json();
      714 |     expect(data.success).toBe(true);
    > 715 |     expect(data.metrics).toBeDefined();
          |                          ^
      716 |   });
      717 |
      718 |   test('Health Check API', async ({ page }) => {
        at /Users/asithalakmal/Documents/web/final project/WeddingLK-next copy/tests/e2e/api-integration.spec.ts:715:26

    attachment #1: screenshot (image/png) ──────────────────────────────────────────────────────────
    ../../test-results/api-integration-📊-Analyti-8d4fe--Performance-Monitoring-API-chromium/test-failed-1.png
    ────────────────────────────────────────────────────────────────────────────────────────────────

    attachment #2: video (video/webm) ──────────────────────────────────────────────────────────────
    ../../test-results/api-integration-📊-Analyti-8d4fe--Performance-Monitoring-API-chromium/video.webm
    ────────────────────────────────────────────────────────────────────────────────────────────────
]]>
</failure>
<system-out>
<![CDATA[
[[ATTACHMENT|test-results/api-integration-📊-Analyti-8d4fe--Performance-Monitoring-API-chromium/test-failed-1.png]]

[[ATTACHMENT|test-results/api-integration-📊-Analyti-8d4fe--Performance-Monitoring-API-chromium/video.webm]]
]]>
</system-out>
</testcase>
<testcase name="📊 Analytics and Monitoring API Tests › Health Check API" classname="api-integration.spec.ts" time="72.984">
<failure message="api-integration.spec.ts:718:7 Health Check API" type="FAILURE">
<![CDATA[  [chromium] › api-integration.spec.ts:718:7 › 📊 Analytics and Monitoring API Tests › Health Check API 

    TimeoutError: apiRequestContext.get: Timeout 60000ms exceeded.
    Call log:
      - → GET https://wedding-4twyhvelc-asithalkonaras-projects.vercel.app/api/health
        - user-agent: Mozilla/5.0 (Windows NT 10.0; Win64; x64) AppleWebKit/537.36 (KHTML, like Gecko) Chrome/141.0.7390.37 Safari/537.36
        - accept: */*
        - accept-encoding: gzip,deflate,br


      717 |
      718 |   test('Health Check API', async ({ page }) => {
    > 719 |     const response = await page.request.get('/api/health');
          |                                         ^
      720 |     expect(response.status()).toBe(200);
      721 |     
      722 |     const data = await response.json();
        at /Users/asithalakmal/Documents/web/final project/WeddingLK-next copy/tests/e2e/api-integration.spec.ts:719:41

    attachment #1: screenshot (image/png) ──────────────────────────────────────────────────────────
    ../../test-results/api-integration-📊-Analyti-e1193--API-Tests-Health-Check-API-chromium/test-failed-1.png
    ────────────────────────────────────────────────────────────────────────────────────────────────

    attachment #2: video (video/webm) ──────────────────────────────────────────────────────────────
    ../../test-results/api-integration-📊-Analyti-e1193--API-Tests-Health-Check-API-chromium/video.webm
    ────────────────────────────────────────────────────────────────────────────────────────────────
]]>
</failure>
<system-out>
<![CDATA[
[[ATTACHMENT|test-results/api-integration-📊-Analyti-e1193--API-Tests-Health-Check-API-chromium/test-failed-1.png]]

[[ATTACHMENT|test-results/api-integration-📊-Analyti-e1193--API-Tests-Health-Check-API-chromium/video.webm]]
]]>
</system-out>
</testcase>
<testcase name="📊 Analytics and Monitoring API Tests › Error Tracking API" classname="api-integration.spec.ts" time="2.626">
<failure message="api-integration.spec.ts:727:7 Error Tracking API" type="FAILURE">
<![CDATA[  [chromium] › api-integration.spec.ts:727:7 › 📊 Analytics and Monitoring API Tests › Error Tracking API 

    Error: expect(received).toBe(expected) // Object.is equality

    Expected: 200
    Received: 401

      727 |   test('Error Tracking API', async ({ page }) => {
      728 |     const response = await page.request.get('/api/errors');
    > 729 |     expect(response.status()).toBe(200);
          |                               ^
      730 |     
      731 |     const data = await response.json();
      732 |     expect(data.success).toBe(true);
        at /Users/asithalakmal/Documents/web/final project/WeddingLK-next copy/tests/e2e/api-integration.spec.ts:729:31

    attachment #1: screenshot (image/png) ──────────────────────────────────────────────────────────
    ../../test-results/api-integration-📊-Analyti-cbfaa-PI-Tests-Error-Tracking-API-chromium/test-failed-1.png
    ────────────────────────────────────────────────────────────────────────────────────────────────

    attachment #2: video (video/webm) ──────────────────────────────────────────────────────────────
    ../../test-results/api-integration-📊-Analyti-cbfaa-PI-Tests-Error-Tracking-API-chromium/video.webm
    ────────────────────────────────────────────────────────────────────────────────────────────────
]]>
</failure>
<system-out>
<![CDATA[
[[ATTACHMENT|test-results/api-integration-📊-Analyti-cbfaa-PI-Tests-Error-Tracking-API-chromium/test-failed-1.png]]

[[ATTACHMENT|test-results/api-integration-📊-Analyti-cbfaa-PI-Tests-Error-Tracking-API-chromium/video.webm]]
]]>
</system-out>
</testcase>
</testsuite>
<testsuite name="api-tests.spec.ts" timestamp="2025-10-27T06:34:37.600Z" hostname="chromium" tests="44" failures="16" skipped="0" time="181.033" errors="0">
<testcase name="🔌 API Integration Tests - Phase 2 › 🔐 Authentication APIs › ✅ POST /api/auth/signin - Valid credentials return 200" classname="api-tests.spec.ts" time="1.97">
</testcase>
<testcase name="🔌 API Integration Tests - Phase 2 › 🔐 Authentication APIs › ✅ POST /api/auth/signin - Invalid credentials return 401" classname="api-tests.spec.ts" time="1.456">
</testcase>
<testcase name="🔌 API Integration Tests - Phase 2 › 🔐 Authentication APIs › ✅ POST /api/auth/signup - New user registration" classname="api-tests.spec.ts" time="1.941">
</testcase>
<testcase name="🔌 API Integration Tests - Phase 2 › 🔐 Authentication APIs › ✅ GET /api/auth/me - Get current user info" classname="api-tests.spec.ts" time="1.42">
</testcase>
<testcase name="🔌 API Integration Tests - Phase 2 › 🔐 Authentication APIs › ✅ POST /api/auth/signout - Logout user" classname="api-tests.spec.ts" time="1.805">
</testcase>
<testcase name="🔌 API Integration Tests - Phase 2 › 📊 Dashboard APIs › ✅ GET /api/dashboard/user - User dashboard stats" classname="api-tests.spec.ts" time="1.77">
</testcase>
<testcase name="🔌 API Integration Tests - Phase 2 › 📊 Dashboard APIs › ✅ GET /api/dashboard/vendor - Vendor dashboard stats" classname="api-tests.spec.ts" time="24.568">
</testcase>
<testcase name="🔌 API Integration Tests - Phase 2 › 📊 Dashboard APIs › ✅ GET /api/dashboard/admin - Admin dashboard stats" classname="api-tests.spec.ts" time="2.089">
</testcase>
<testcase name="🔌 API Integration Tests - Phase 2 › 📊 Dashboard APIs › ✅ GET /api/dashboard - General dashboard stats" classname="api-tests.spec.ts" time="0.676">
</testcase>
<testcase name="🔌 API Integration Tests - Phase 2 › 🏛️ Venue APIs › ✅ GET /api/venues - List all venues" classname="api-tests.spec.ts" time="0.816">
<failure message="api-tests.spec.ts:141:9 ✅ GET /api/venues - List all venues" type="FAILURE">
<![CDATA[  [chromium] › api-tests.spec.ts:141:9 › 🔌 API Integration Tests - Phase 2 › 🏛️ Venue APIs › ✅ GET /api/venues - List all venues 

    Error: expect(received).toBeTruthy()

    Received: undefined

      146 |       if (response.ok()) {
      147 |         const json = await response.json()
    > 148 |         expect(Array.isArray(json) || json.venues).toBeTruthy()
          |                                                    ^
      149 |       }
      150 |     })
      151 |
        at /Users/asithalakmal/Documents/web/final project/WeddingLK-next copy/tests/e2e/api-tests.spec.ts:148:52

    attachment #1: screenshot (image/png) ──────────────────────────────────────────────────────────
    ../../test-results/api-tests-🔌-API-Integrati-b243f-pi-venues---List-all-venues-chromium/test-failed-1.png
    ────────────────────────────────────────────────────────────────────────────────────────────────

    attachment #2: video (video/webm) ──────────────────────────────────────────────────────────────
    ../../test-results/api-tests-🔌-API-Integrati-b243f-pi-venues---List-all-venues-chromium/video.webm
    ────────────────────────────────────────────────────────────────────────────────────────────────
]]>
</failure>
<system-out>
<![CDATA[
[[ATTACHMENT|test-results/api-tests-🔌-API-Integrati-b243f-pi-venues---List-all-venues-chromium/test-failed-1.png]]

[[ATTACHMENT|test-results/api-tests-🔌-API-Integrati-b243f-pi-venues---List-all-venues-chromium/video.webm]]
]]>
</system-out>
</testcase>
<testcase name="🔌 API Integration Tests - Phase 2 › 🏛️ Venue APIs › ✅ GET /api/venues/search - Search venues" classname="api-tests.spec.ts" time="2.083">
</testcase>
<testcase name="🔌 API Integration Tests - Phase 2 › 🏛️ Venue APIs › ✅ GET /api/venues/:id - Get specific venue" classname="api-tests.spec.ts" time="0.923">
<failure message="api-tests.spec.ts:158:9 ✅ GET /api/venues/:id - Get specific venue" type="FAILURE">
<![CDATA[  [chromium] › api-tests.spec.ts:158:9 › 🔌 API Integration Tests - Phase 2 › 🏛️ Venue APIs › ✅ GET /api/venues/:id - Get specific venue 

    Error: expect(received).toContain(expected) // indexOf

    Expected value: 500
    Received array: [200, 404, 400]

      159 |       const response = await page.request.get('/api/venues/test-venue-id')
      160 |       
    > 161 |       expect([200, 404, 400]).toContain(response.status())
          |                               ^
      162 |     })
      163 |
      164 |     test('✅ GET /api/venues/search with filters', async ({ page }) => {
        at /Users/asithalakmal/Documents/web/final project/WeddingLK-next copy/tests/e2e/api-tests.spec.ts:161:31

    attachment #1: screenshot (image/png) ──────────────────────────────────────────────────────────
    ../../test-results/api-tests-🔌-API-Integrati-924d0-ues-id---Get-specific-venue-chromium/test-failed-1.png
    ────────────────────────────────────────────────────────────────────────────────────────────────

    attachment #2: video (video/webm) ──────────────────────────────────────────────────────────────
    ../../test-results/api-tests-🔌-API-Integrati-924d0-ues-id---Get-specific-venue-chromium/video.webm
    ────────────────────────────────────────────────────────────────────────────────────────────────
]]>
</failure>
<system-out>
<![CDATA[
[[ATTACHMENT|test-results/api-tests-🔌-API-Integrati-924d0-ues-id---Get-specific-venue-chromium/test-failed-1.png]]

[[ATTACHMENT|test-results/api-tests-🔌-API-Integrati-924d0-ues-id---Get-specific-venue-chromium/video.webm]]
]]>
</system-out>
</testcase>
<testcase name="🔌 API Integration Tests - Phase 2 › 🏛️ Venue APIs › ✅ GET /api/venues/search with filters" classname="api-tests.spec.ts" time="1.776">
</testcase>
<testcase name="🔌 API Integration Tests - Phase 2 › 🏛️ Venue APIs › ✅ GET /api/venues with pagination" classname="api-tests.spec.ts" time="0.856">
</testcase>
<testcase name="🔌 API Integration Tests - Phase 2 › 🏢 Vendor APIs › ✅ GET /api/vendors - List all vendors" classname="api-tests.spec.ts" time="1.563">
</testcase>
<testcase name="🔌 API Integration Tests - Phase 2 › 🏢 Vendor APIs › ✅ GET /api/vendors/search - Search vendors" classname="api-tests.spec.ts" time="1.103">
</testcase>
<testcase name="🔌 API Integration Tests - Phase 2 › 🏢 Vendor APIs › ✅ GET /api/vendors/:id - Get specific vendor" classname="api-tests.spec.ts" time="1.117">
<failure message="api-tests.spec.ts:196:9 ✅ GET /api/vendors/:id - Get specific vendor" type="FAILURE">
<![CDATA[  [chromium] › api-tests.spec.ts:196:9 › 🔌 API Integration Tests - Phase 2 › 🏢 Vendor APIs › ✅ GET /api/vendors/:id - Get specific vendor 

    Error: expect(received).toContain(expected) // indexOf

    Expected value: 500
    Received array: [200, 404, 400]

      197 |       const response = await page.request.get('/api/vendors/test-vendor-id')
      198 |       
    > 199 |       expect([200, 404, 400]).toContain(response.status())
          |                               ^
      200 |     })
      201 |
      202 |     test('✅ GET /api/vendors/category/:category - Get vendors by category', async ({ page }) => {
        at /Users/asithalakmal/Documents/web/final project/WeddingLK-next copy/tests/e2e/api-tests.spec.ts:199:31

    attachment #1: screenshot (image/png) ──────────────────────────────────────────────────────────
    ../../test-results/api-tests-🔌-API-Integrati-17e5a-rs-id---Get-specific-vendor-chromium/test-failed-1.png
    ────────────────────────────────────────────────────────────────────────────────────────────────

    attachment #2: video (video/webm) ──────────────────────────────────────────────────────────────
    ../../test-results/api-tests-🔌-API-Integrati-17e5a-rs-id---Get-specific-vendor-chromium/video.webm
    ────────────────────────────────────────────────────────────────────────────────────────────────
]]>
</failure>
<system-out>
<![CDATA[
[[ATTACHMENT|test-results/api-tests-🔌-API-Integrati-17e5a-rs-id---Get-specific-vendor-chromium/test-failed-1.png]]

[[ATTACHMENT|test-results/api-tests-🔌-API-Integrati-17e5a-rs-id---Get-specific-vendor-chromium/video.webm]]
]]>
</system-out>
</testcase>
<testcase name="🔌 API Integration Tests - Phase 2 › 🏢 Vendor APIs › ✅ GET /api/vendors/category/:category - Get vendors by category" classname="api-tests.spec.ts" time="1.579">
</testcase>
<testcase name="🔌 API Integration Tests - Phase 2 › 🏢 Vendor APIs › ✅ GET /api/vendors/search with filters" classname="api-tests.spec.ts" time="1.835">
</testcase>
<testcase name="🔌 API Integration Tests - Phase 2 › 📅 Booking APIs › ✅ GET /api/bookings - List user bookings" classname="api-tests.spec.ts" time="3.153">
</testcase>
<testcase name="🔌 API Integration Tests - Phase 2 › 📅 Booking APIs › ✅ POST /api/bookings - Create booking" classname="api-tests.spec.ts" time="1.659">
</testcase>
<testcase name="🔌 API Integration Tests - Phase 2 › 📅 Booking APIs › ✅ GET /api/bookings/:id - Get specific booking" classname="api-tests.spec.ts" time="2.146">
<failure message="api-tests.spec.ts:245:9 ✅ GET /api/bookings/:id - Get specific booking" type="FAILURE">
<![CDATA[  [chromium] › api-tests.spec.ts:245:9 › 🔌 API Integration Tests - Phase 2 › 📅 Booking APIs › ✅ GET /api/bookings/:id - Get specific booking 

    Error: expect(received).toContain(expected) // indexOf

    Expected value: 500
    Received array: [200, 404, 401]

      248 |       const response = await page.request.get('/api/bookings/test-booking-id')
      249 |       
    > 250 |       expect([200, 404, 401]).toContain(response.status())
          |                               ^
      251 |     })
      252 |
      253 |     test('✅ PATCH /api/bookings/:id - Update booking', async ({ page }) => {
        at /Users/asithalakmal/Documents/web/final project/WeddingLK-next copy/tests/e2e/api-tests.spec.ts:250:31

    attachment #1: screenshot (image/png) ──────────────────────────────────────────────────────────
    ../../test-results/api-tests-🔌-API-Integrati-c1980-s-id---Get-specific-booking-chromium/test-failed-1.png
    ────────────────────────────────────────────────────────────────────────────────────────────────

    attachment #2: video (video/webm) ──────────────────────────────────────────────────────────────
    ../../test-results/api-tests-🔌-API-Integrati-c1980-s-id---Get-specific-booking-chromium/video.webm
    ────────────────────────────────────────────────────────────────────────────────────────────────
]]>
</failure>
<system-out>
<![CDATA[
[[ATTACHMENT|test-results/api-tests-🔌-API-Integrati-c1980-s-id---Get-specific-booking-chromium/test-failed-1.png]]

[[ATTACHMENT|test-results/api-tests-🔌-API-Integrati-c1980-s-id---Get-specific-booking-chromium/video.webm]]
]]>
</system-out>
</testcase>
<testcase name="🔌 API Integration Tests - Phase 2 › 📅 Booking APIs › ✅ PATCH /api/bookings/:id - Update booking" classname="api-tests.spec.ts" time="2.823">
<failure message="api-tests.spec.ts:253:9 ✅ PATCH /api/bookings/:id - Update booking" type="FAILURE">
<![CDATA[  [chromium] › api-tests.spec.ts:253:9 › 🔌 API Integration Tests - Phase 2 › 📅 Booking APIs › ✅ PATCH /api/bookings/:id - Update booking 

    Error: expect(received).toContain(expected) // indexOf

    Expected value: 405
    Received array: [200, 400, 404, 401]

      258 |       })
      259 |       
    > 260 |       expect([200, 400, 404, 401]).toContain(response.status())
          |                                    ^
      261 |     })
      262 |
      263 |     test('✅ DELETE /api/bookings/:id - Cancel booking', async ({ page }) => {
        at /Users/asithalakmal/Documents/web/final project/WeddingLK-next copy/tests/e2e/api-tests.spec.ts:260:36

    attachment #1: screenshot (image/png) ──────────────────────────────────────────────────────────
    ../../test-results/api-tests-🔌-API-Integrati-a1bcb-ookings-id---Update-booking-chromium/test-failed-1.png
    ────────────────────────────────────────────────────────────────────────────────────────────────

    attachment #2: video (video/webm) ──────────────────────────────────────────────────────────────
    ../../test-results/api-tests-🔌-API-Integrati-a1bcb-ookings-id---Update-booking-chromium/video.webm
    ────────────────────────────────────────────────────────────────────────────────────────────────
]]>
</failure>
<system-out>
<![CDATA[
[[ATTACHMENT|test-results/api-tests-🔌-API-Integrati-a1bcb-ookings-id---Update-booking-chromium/test-failed-1.png]]

[[ATTACHMENT|test-results/api-tests-🔌-API-Integrati-a1bcb-ookings-id---Update-booking-chromium/video.webm]]
]]>
</system-out>
</testcase>
<testcase name="🔌 API Integration Tests - Phase 2 › 📅 Booking APIs › ✅ DELETE /api/bookings/:id - Cancel booking" classname="api-tests.spec.ts" time="2.748">
<failure message="api-tests.spec.ts:263:9 ✅ DELETE /api/bookings/:id - Cancel booking" type="FAILURE">
<![CDATA[  [chromium] › api-tests.spec.ts:263:9 › 🔌 API Integration Tests - Phase 2 › 📅 Booking APIs › ✅ DELETE /api/bookings/:id - Cancel booking 

    Error: expect(received).toContain(expected) // indexOf

    Expected value: 500
    Received array: [200, 204, 404, 401]

      266 |       const response = await page.request.delete('/api/bookings/test-booking-id')
      267 |       
    > 268 |       expect([200, 204, 404, 401]).toContain(response.status())
          |                                    ^
      269 |     })
      270 |   })
      271 |
        at /Users/asithalakmal/Documents/web/final project/WeddingLK-next copy/tests/e2e/api-tests.spec.ts:268:36

    attachment #1: screenshot (image/png) ──────────────────────────────────────────────────────────
    ../../test-results/api-tests-🔌-API-Integrati-455c9-ookings-id---Cancel-booking-chromium/test-failed-1.png
    ────────────────────────────────────────────────────────────────────────────────────────────────

    attachment #2: video (video/webm) ──────────────────────────────────────────────────────────────
    ../../test-results/api-tests-🔌-API-Integrati-455c9-ookings-id---Cancel-booking-chromium/video.webm
    ────────────────────────────────────────────────────────────────────────────────────────────────
]]>
</failure>
<system-out>
<![CDATA[
[[ATTACHMENT|test-results/api-tests-🔌-API-Integrati-455c9-ookings-id---Cancel-booking-chromium/test-failed-1.png]]

[[ATTACHMENT|test-results/api-tests-🔌-API-Integrati-455c9-ookings-id---Cancel-booking-chromium/video.webm]]
]]>
</system-out>
</testcase>
<testcase name="🔌 API Integration Tests - Phase 2 › 👤 User Profile APIs › ✅ GET /api/users/profile - Get user profile" classname="api-tests.spec.ts" time="3.684">
</testcase>
<testcase name="🔌 API Integration Tests - Phase 2 › 👤 User Profile APIs › ✅ PATCH /api/users/profile - Update user profile" classname="api-tests.spec.ts" time="3.083">
<failure message="api-tests.spec.ts:285:9 ✅ PATCH /api/users/profile - Update user profile" type="FAILURE">
<![CDATA[  [chromium] › api-tests.spec.ts:285:9 › 🔌 API Integration Tests - Phase 2 › 👤 User Profile APIs › ✅ PATCH /api/users/profile - Update user profile 

    Error: expect(received).toContain(expected) // indexOf

    Expected value: 405
    Received array: [200, 400, 401, 404]

      290 |       })
      291 |       
    > 292 |       expect([200, 400, 401, 404]).toContain(response.status())
          |                                    ^
      293 |     })
      294 |
      295 |     test('✅ POST /api/users/profile/avatar - Upload avatar', async ({ page }) => {
        at /Users/asithalakmal/Documents/web/final project/WeddingLK-next copy/tests/e2e/api-tests.spec.ts:292:36

    attachment #1: screenshot (image/png) ──────────────────────────────────────────────────────────
    ../../test-results/api-tests-🔌-API-Integrati-8e634-ofile---Update-user-profile-chromium/test-failed-1.png
    ────────────────────────────────────────────────────────────────────────────────────────────────

    attachment #2: video (video/webm) ──────────────────────────────────────────────────────────────
    ../../test-results/api-tests-🔌-API-Integrati-8e634-ofile---Update-user-profile-chromium/video.webm
    ────────────────────────────────────────────────────────────────────────────────────────────────
]]>
</failure>
<system-out>
<![CDATA[
[[ATTACHMENT|test-results/api-tests-🔌-API-Integrati-8e634-ofile---Update-user-profile-chromium/test-failed-1.png]]

[[ATTACHMENT|test-results/api-tests-🔌-API-Integrati-8e634-ofile---Update-user-profile-chromium/video.webm]]
]]>
</system-out>
</testcase>
<testcase name="🔌 API Integration Tests - Phase 2 › 👤 User Profile APIs › ✅ POST /api/users/profile/avatar - Upload avatar" classname="api-tests.spec.ts" time="1.462">
<failure message="api-tests.spec.ts:295:9 ✅ POST /api/users/profile/avatar - Upload avatar" type="FAILURE">
<![CDATA[  [chromium] › api-tests.spec.ts:295:9 › 🔌 API Integration Tests - Phase 2 › 👤 User Profile APIs › ✅ POST /api/users/profile/avatar - Upload avatar 

    Error: expect(received).toContain(expected) // indexOf

    Expected value: 405
    Received array: [200, 400, 401, 404]

      300 |       })
      301 |       
    > 302 |       expect([200, 400, 401, 404]).toContain(response.status())
          |                                    ^
      303 |     })
      304 |
      305 |     test('✅ GET /api/users/preferences - Get user preferences', async ({ page }) => {
        at /Users/asithalakmal/Documents/web/final project/WeddingLK-next copy/tests/e2e/api-tests.spec.ts:302:36

    attachment #1: screenshot (image/png) ──────────────────────────────────────────────────────────
    ../../test-results/api-tests-🔌-API-Integrati-5c1b8-file-avatar---Upload-avatar-chromium/test-failed-1.png
    ────────────────────────────────────────────────────────────────────────────────────────────────

    attachment #2: video (video/webm) ──────────────────────────────────────────────────────────────
    ../../test-results/api-tests-🔌-API-Integrati-5c1b8-file-avatar---Upload-avatar-chromium/video.webm
    ────────────────────────────────────────────────────────────────────────────────────────────────
]]>
</failure>
<system-out>
<![CDATA[
[[ATTACHMENT|test-results/api-tests-🔌-API-Integrati-5c1b8-file-avatar---Upload-avatar-chromium/test-failed-1.png]]

[[ATTACHMENT|test-results/api-tests-🔌-API-Integrati-5c1b8-file-avatar---Upload-avatar-chromium/video.webm]]
]]>
</system-out>
</testcase>
<testcase name="🔌 API Integration Tests - Phase 2 › 👤 User Profile APIs › ✅ GET /api/users/preferences - Get user preferences" classname="api-tests.spec.ts" time="3.185">
</testcase>
<testcase name="🔌 API Integration Tests - Phase 2 › 👤 User Profile APIs › ✅ PATCH /api/users/preferences - Update preferences" classname="api-tests.spec.ts" time="2.7">
<failure message="api-tests.spec.ts:313:9 ✅ PATCH /api/users/preferences - Update preferences" type="FAILURE">
<![CDATA[  [chromium] › api-tests.spec.ts:313:9 › 🔌 API Integration Tests - Phase 2 › 👤 User Profile APIs › ✅ PATCH /api/users/preferences - Update preferences 

    Error: expect(received).toContain(expected) // indexOf

    Expected value: 405
    Received array: [200, 400, 401, 404]

      318 |       })
      319 |       
    > 320 |       expect([200, 400, 401, 404]).toContain(response.status())
          |                                    ^
      321 |     })
      322 |   })
      323 |
        at /Users/asithalakmal/Documents/web/final project/WeddingLK-next copy/tests/e2e/api-tests.spec.ts:320:36

    attachment #1: screenshot (image/png) ──────────────────────────────────────────────────────────
    ../../test-results/api-tests-🔌-API-Integrati-b4828-rences---Update-preferences-chromium/test-failed-1.png
    ────────────────────────────────────────────────────────────────────────────────────────────────

    attachment #2: video (video/webm) ──────────────────────────────────────────────────────────────
    ../../test-results/api-tests-🔌-API-Integrati-b4828-rences---Update-preferences-chromium/video.webm
    ────────────────────────────────────────────────────────────────────────────────────────────────
]]>
</failure>
<system-out>
<![CDATA[
[[ATTACHMENT|test-results/api-tests-🔌-API-Integrati-b4828-rences---Update-preferences-chromium/test-failed-1.png]]

[[ATTACHMENT|test-results/api-tests-🔌-API-Integrati-b4828-rences---Update-preferences-chromium/video.webm]]
]]>
</system-out>
</testcase>
<testcase name="🔌 API Integration Tests - Phase 2 › 🔍 Search &amp; Discovery APIs › ✅ GET /api/search - Global search" classname="api-tests.spec.ts" time="2.285">
</testcase>
<testcase name="🔌 API Integration Tests - Phase 2 › 🔍 Search &amp; Discovery APIs › ✅ GET /api/search/suggestions - Search suggestions" classname="api-tests.spec.ts" time="1.495">
</testcase>
<testcase name="🔌 API Integration Tests - Phase 2 › 🔍 Search &amp; Discovery APIs › ✅ GET /api/categories - Get all categories" classname="api-tests.spec.ts" time="0.564">
</testcase>
<testcase name="🔌 API Integration Tests - Phase 2 › 🔍 Search &amp; Discovery APIs › ✅ GET /api/trending - Get trending items" classname="api-tests.spec.ts" time="2.65">
</testcase>
<testcase name="🔌 API Integration Tests - Phase 2 › 🔍 Search &amp; Discovery APIs › ✅ GET /api/featured - Get featured vendors/venues" classname="api-tests.spec.ts" time="0.707">
</testcase>
<testcase name="🔌 API Integration Tests - Phase 2 › ❤️ Favorites APIs › ✅ GET /api/favorites - Get user favorites" classname="api-tests.spec.ts" time="2.625">
<failure message="api-tests.spec.ts:365:9 ✅ GET /api/favorites - Get user favorites" type="FAILURE">
<![CDATA[  [chromium] › api-tests.spec.ts:365:9 › 🔌 API Integration Tests - Phase 2 › ❤️ Favorites APIs › ✅ GET /api/favorites - Get user favorites 

    Error: expect(received).toContain(expected) // indexOf

    Expected value: 500
    Received array: [200, 401, 404]

      368 |       const response = await page.request.get('/api/favorites')
      369 |       
    > 370 |       expect([200, 401, 404]).toContain(response.status())
          |                               ^
      371 |     })
      372 |
      373 |     test('✅ POST /api/favorites - Add to favorites', async ({ page }) => {
        at /Users/asithalakmal/Documents/web/final project/WeddingLK-next copy/tests/e2e/api-tests.spec.ts:370:31

    attachment #1: screenshot (image/png) ──────────────────────────────────────────────────────────
    ../../test-results/api-tests-🔌-API-Integrati-bccd7-orites---Get-user-favorites-chromium/test-failed-1.png
    ────────────────────────────────────────────────────────────────────────────────────────────────

    attachment #2: video (video/webm) ──────────────────────────────────────────────────────────────
    ../../test-results/api-tests-🔌-API-Integrati-bccd7-orites---Get-user-favorites-chromium/video.webm
    ────────────────────────────────────────────────────────────────────────────────────────────────
]]>
</failure>
<system-out>
<![CDATA[
[[ATTACHMENT|test-results/api-tests-🔌-API-Integrati-bccd7-orites---Get-user-favorites-chromium/test-failed-1.png]]

[[ATTACHMENT|test-results/api-tests-🔌-API-Integrati-bccd7-orites---Get-user-favorites-chromium/video.webm]]
]]>
</system-out>
</testcase>
<testcase name="🔌 API Integration Tests - Phase 2 › ❤️ Favorites APIs › ✅ POST /api/favorites - Add to favorites" classname="api-tests.spec.ts" time="1.949">
<failure message="api-tests.spec.ts:373:9 ✅ POST /api/favorites - Add to favorites" type="FAILURE">
<![CDATA[  [chromium] › api-tests.spec.ts:373:9 › 🔌 API Integration Tests - Phase 2 › ❤️ Favorites APIs › ✅ POST /api/favorites - Add to favorites 

    Error: expect(received).toContain(expected) // indexOf

    Expected value: 500
    Received array: [200, 201, 400, 401, 404]

      378 |       })
      379 |       
    > 380 |       expect([200, 201, 400, 401, 404]).toContain(response.status())
          |                                         ^
      381 |     })
      382 |
      383 |     test('✅ DELETE /api/favorites/:id - Remove from favorites', async ({ page }) => {
        at /Users/asithalakmal/Documents/web/final project/WeddingLK-next copy/tests/e2e/api-tests.spec.ts:380:41

    attachment #1: screenshot (image/png) ──────────────────────────────────────────────────────────
    ../../test-results/api-tests-🔌-API-Integrati-0baf3-avorites---Add-to-favorites-chromium/test-failed-1.png
    ────────────────────────────────────────────────────────────────────────────────────────────────

    attachment #2: video (video/webm) ──────────────────────────────────────────────────────────────
    ../../test-results/api-tests-🔌-API-Integrati-0baf3-avorites---Add-to-favorites-chromium/video.webm
    ────────────────────────────────────────────────────────────────────────────────────────────────
]]>
</failure>
<system-out>
<![CDATA[
[[ATTACHMENT|test-results/api-tests-🔌-API-Integrati-0baf3-avorites---Add-to-favorites-chromium/test-failed-1.png]]

[[ATTACHMENT|test-results/api-tests-🔌-API-Integrati-0baf3-avorites---Add-to-favorites-chromium/video.webm]]
]]>
</system-out>
</testcase>
<testcase name="🔌 API Integration Tests - Phase 2 › ❤️ Favorites APIs › ✅ DELETE /api/favorites/:id - Remove from favorites" classname="api-tests.spec.ts" time="2.921">
<failure message="api-tests.spec.ts:383:9 ✅ DELETE /api/favorites/:id - Remove from favorites" type="FAILURE">
<![CDATA[  [chromium] › api-tests.spec.ts:383:9 › 🔌 API Integration Tests - Phase 2 › ❤️ Favorites APIs › ✅ DELETE /api/favorites/:id - Remove from favorites 

    Error: expect(received).toContain(expected) // indexOf

    Expected value: 405
    Received array: [200, 204, 404, 401]

      386 |       const response = await page.request.delete('/api/favorites/test-favorite-id')
      387 |       
    > 388 |       expect([200, 204, 404, 401]).toContain(response.status())
          |                                    ^
      389 |     })
      390 |
      391 |     test('✅ GET /api/favorites/check - Check if item is favorited', async ({ page }) => {
        at /Users/asithalakmal/Documents/web/final project/WeddingLK-next copy/tests/e2e/api-tests.spec.ts:388:36

    attachment #1: screenshot (image/png) ──────────────────────────────────────────────────────────
    ../../test-results/api-tests-🔌-API-Integrati-88d4e--id---Remove-from-favorites-chromium/test-failed-1.png
    ────────────────────────────────────────────────────────────────────────────────────────────────

    attachment #2: video (video/webm) ──────────────────────────────────────────────────────────────
    ../../test-results/api-tests-🔌-API-Integrati-88d4e--id---Remove-from-favorites-chromium/video.webm
    ────────────────────────────────────────────────────────────────────────────────────────────────
]]>
</failure>
<system-out>
<![CDATA[
[[ATTACHMENT|test-results/api-tests-🔌-API-Integrati-88d4e--id---Remove-from-favorites-chromium/test-failed-1.png]]

[[ATTACHMENT|test-results/api-tests-🔌-API-Integrati-88d4e--id---Remove-from-favorites-chromium/video.webm]]
]]>
</system-out>
</testcase>
<testcase name="🔌 API Integration Tests - Phase 2 › ❤️ Favorites APIs › ✅ GET /api/favorites/check - Check if item is favorited" classname="api-tests.spec.ts" time="3.092">
</testcase>
<testcase name="🔌 API Integration Tests - Phase 2 › ⭐ Reviews &amp; Ratings APIs › ✅ GET /api/reviews - Get reviews" classname="api-tests.spec.ts" time="2.874">
</testcase>
<testcase name="🔌 API Integration Tests - Phase 2 › ⭐ Reviews &amp; Ratings APIs › ✅ POST /api/reviews - Create review" classname="api-tests.spec.ts" time="2.554">
<failure message="api-tests.spec.ts:411:9 ✅ POST /api/reviews - Create review" type="FAILURE">
<![CDATA[  [chromium] › api-tests.spec.ts:411:9 › 🔌 API Integration Tests - Phase 2 › ⭐ Reviews & Ratings APIs › ✅ POST /api/reviews - Create review 

    Error: expect(received).toContain(expected) // indexOf

    Expected value: 500
    Received array: [200, 201, 400, 401, 404]

      421 |       })
      422 |       
    > 423 |       expect([200, 201, 400, 401, 404]).toContain(response.status())
          |                                         ^
      424 |     })
      425 |
      426 |     test('✅ PATCH /api/reviews/:id - Update review', async ({ page }) => {
        at /Users/asithalakmal/Documents/web/final project/WeddingLK-next copy/tests/e2e/api-tests.spec.ts:423:41

    attachment #1: screenshot (image/png) ──────────────────────────────────────────────────────────
    ../../test-results/api-tests-🔌-API-Integrati-8d027-api-reviews---Create-review-chromium/test-failed-1.png
    ────────────────────────────────────────────────────────────────────────────────────────────────

    attachment #2: video (video/webm) ──────────────────────────────────────────────────────────────
    ../../test-results/api-tests-🔌-API-Integrati-8d027-api-reviews---Create-review-chromium/video.webm
    ────────────────────────────────────────────────────────────────────────────────────────────────
]]>
</failure>
<system-out>
<![CDATA[
[[ATTACHMENT|test-results/api-tests-🔌-API-Integrati-8d027-api-reviews---Create-review-chromium/test-failed-1.png]]

[[ATTACHMENT|test-results/api-tests-🔌-API-Integrati-8d027-api-reviews---Create-review-chromium/video.webm]]
]]>
</system-out>
</testcase>
<testcase name="🔌 API Integration Tests - Phase 2 › ⭐ Reviews &amp; Ratings APIs › ✅ PATCH /api/reviews/:id - Update review" classname="api-tests.spec.ts" time="2.83">
<failure message="api-tests.spec.ts:426:9 ✅ PATCH /api/reviews/:id - Update review" type="FAILURE">
<![CDATA[  [chromium] › api-tests.spec.ts:426:9 › 🔌 API Integration Tests - Phase 2 › ⭐ Reviews & Ratings APIs › ✅ PATCH /api/reviews/:id - Update review 

    Error: expect(received).toContain(expected) // indexOf

    Expected value: 405
    Received array: [200, 400, 404, 401]

      431 |       })
      432 |       
    > 433 |       expect([200, 400, 404, 401]).toContain(response.status())
          |                                    ^
      434 |     })
      435 |
      436 |     test('✅ DELETE /api/reviews/:id - Delete review', async ({ page }) => {
        at /Users/asithalakmal/Documents/web/final project/WeddingLK-next copy/tests/e2e/api-tests.spec.ts:433:36

    attachment #1: screenshot (image/png) ──────────────────────────────────────────────────────────
    ../../test-results/api-tests-🔌-API-Integrati-518ac--reviews-id---Update-review-chromium/test-failed-1.png
    ────────────────────────────────────────────────────────────────────────────────────────────────

    attachment #2: video (video/webm) ──────────────────────────────────────────────────────────────
    ../../test-results/api-tests-🔌-API-Integrati-518ac--reviews-id---Update-review-chromium/video.webm
    ────────────────────────────────────────────────────────────────────────────────────────────────
]]>
</failure>
<system-out>
<![CDATA[
[[ATTACHMENT|test-results/api-tests-🔌-API-Integrati-518ac--reviews-id---Update-review-chromium/test-failed-1.png]]

[[ATTACHMENT|test-results/api-tests-🔌-API-Integrati-518ac--reviews-id---Update-review-chromium/video.webm]]
]]>
</system-out>
</testcase>
<testcase name="🔌 API Integration Tests - Phase 2 › ⭐ Reviews &amp; Ratings APIs › ✅ DELETE /api/reviews/:id - Delete review" classname="api-tests.spec.ts" time="2.346">
<failure message="api-tests.spec.ts:436:9 ✅ DELETE /api/reviews/:id - Delete review" type="FAILURE">
<![CDATA[  [chromium] › api-tests.spec.ts:436:9 › 🔌 API Integration Tests - Phase 2 › ⭐ Reviews & Ratings APIs › ✅ DELETE /api/reviews/:id - Delete review 

    Error: expect(received).toContain(expected) // indexOf

    Expected value: 500
    Received array: [200, 204, 404, 401]

      439 |       const response = await page.request.delete('/api/reviews/test-review-id')
      440 |       
    > 441 |       expect([200, 204, 404, 401]).toContain(response.status())
          |                                    ^
      442 |     })
      443 |   })
      444 |
        at /Users/asithalakmal/Documents/web/final project/WeddingLK-next copy/tests/e2e/api-tests.spec.ts:441:36

    attachment #1: screenshot (image/png) ──────────────────────────────────────────────────────────
    ../../test-results/api-tests-🔌-API-Integrati-1c5d4--reviews-id---Delete-review-chromium/test-failed-1.png
    ────────────────────────────────────────────────────────────────────────────────────────────────

    attachment #2: video (video/webm) ──────────────────────────────────────────────────────────────
    ../../test-results/api-tests-🔌-API-Integrati-1c5d4--reviews-id---Delete-review-chromium/video.webm
    ────────────────────────────────────────────────────────────────────────────────────────────────
]]>
</failure>
<system-out>
<![CDATA[
[[ATTACHMENT|test-results/api-tests-🔌-API-Integrati-1c5d4--reviews-id---Delete-review-chromium/test-failed-1.png]]

[[ATTACHMENT|test-results/api-tests-🔌-API-Integrati-1c5d4--reviews-id---Delete-review-chromium/video.webm]]
]]>
</system-out>
</testcase>
<testcase name="🔌 API Integration Tests - Phase 2 › 🏥 Health &amp; Status APIs › ✅ GET /api/health - API health check" classname="api-tests.spec.ts" time="73.079">
<failure message="api-tests.spec.ts:450:9 ✅ GET /api/health - API health check" type="FAILURE">
<![CDATA[  [chromium] › api-tests.spec.ts:450:9 › 🔌 API Integration Tests - Phase 2 › 🏥 Health & Status APIs › ✅ GET /api/health - API health check 

    TimeoutError: apiRequestContext.get: Timeout 60000ms exceeded.
    Call log:
      - → GET https://wedding-4twyhvelc-asithalkonaras-projects.vercel.app/api/health
        - user-agent: Mozilla/5.0 (Windows NT 10.0; Win64; x64) AppleWebKit/537.36 (KHTML, like Gecko) Chrome/141.0.7390.37 Safari/537.36
        - accept: */*
        - accept-encoding: gzip,deflate,br


      449 |   test.describe('🏥 Health & Status APIs', () => {
      450 |     test('✅ GET /api/health - API health check', async ({ page }) => {
    > 451 |       const response = await page.request.get('/api/health')
          |                                           ^
      452 |       
      453 |       expect([200, 404]).toContain(response.status())
      454 |     })
        at /Users/asithalakmal/Documents/web/final project/WeddingLK-next copy/tests/e2e/api-tests.spec.ts:451:43

    attachment #1: screenshot (image/png) ──────────────────────────────────────────────────────────
    ../../test-results/api-tests-🔌-API-Integrati-6e718-i-health---API-health-check-chromium/test-failed-1.png
    ────────────────────────────────────────────────────────────────────────────────────────────────

    attachment #2: video (video/webm) ──────────────────────────────────────────────────────────────
    ../../test-results/api-tests-🔌-API-Integrati-6e718-i-health---API-health-check-chromium/video.webm
    ────────────────────────────────────────────────────────────────────────────────────────────────
]]>
</failure>
<system-out>
<![CDATA[
[[ATTACHMENT|test-results/api-tests-🔌-API-Integrati-6e718-i-health---API-health-check-chromium/test-failed-1.png]]

[[ATTACHMENT|test-results/api-tests-🔌-API-Integrati-6e718-i-health---API-health-check-chromium/video.webm]]
]]>
</system-out>
</testcase>
<testcase name="🔌 API Integration Tests - Phase 2 › 🏥 Health &amp; Status APIs › ✅ GET /api/status - System status" classname="api-tests.spec.ts" time="1.073">
</testcase>
</testsuite>
<testsuite name="auth.spec.ts" timestamp="2025-10-27T06:34:37.600Z" hostname="chromium" tests="8" failures="0" skipped="7" time="3.673" errors="0">
<testcase name="Authentication Flows › User registration -&gt; email verification -&gt; login -&gt; logout - DISABLED (Registration flow needs fixing)" classname="auth.spec.ts" time="0">
<properties>
<property name="skip" value="">
</property>
</properties>
<skipped>
</skipped>
</testcase>
<testcase name="Authentication Flows › Login with invalid credentials should show error" classname="auth.spec.ts" time="3.673">
<system-out>
<![CDATA[Test users might already exist
]]>
</system-out>
<system-err>
<![CDATA[(node:87585) Warning: The 'NO_COLOR' env is ignored due to the 'FORCE_COLOR' env being set.
(Use `node --trace-warnings ...` to show where the warning was created)
]]>
</system-err>
</testcase>
<testcase name="Authentication Flows › Forgot password flow - DISABLED (Feature removed)" classname="auth.spec.ts" time="0">
<properties>
<property name="skip" value="">
</property>
</properties>
<skipped>
</skipped>
</testcase>
<testcase name="Authentication Flows › Social login with Google - DISABLED (Social login removed)" classname="auth.spec.ts" time="0">
<properties>
<property name="skip" value="">
</property>
</properties>
<skipped>
</skipped>
</testcase>
<testcase name="Authentication Flows › Two-factor authentication setup - DISABLED (Feature removed)" classname="auth.spec.ts" time="0">
<properties>
<property name="skip" value="">
</property>
</properties>
<skipped>
</skipped>
</testcase>
<testcase name="Authentication Flows › Login with test user credentials - DISABLED (Database connection issue)" classname="auth.spec.ts" time="0">
<properties>
<property name="skip" value="">
</property>
</properties>
<skipped>
</skipped>
</testcase>
<testcase name="Authentication Flows › Login with test vendor credentials - DISABLED (Database connection issue)" classname="auth.spec.ts" time="0">
<properties>
<property name="skip" value="">
</property>
</properties>
<skipped>
</skipped>
</testcase>
<testcase name="Authentication Flows › Login with test admin credentials - DISABLED (Database connection issue)" classname="auth.spec.ts" time="0">
<properties>
<property name="skip" value="">
</property>
</properties>
<skipped>
</skipped>
</testcase>
</testsuite>
<testsuite name="booking.spec.ts" timestamp="2025-10-27T06:34:37.600Z" hostname="chromium" tests="6" failures="0" skipped="6" time="0" errors="0">
<testcase name="Booking System › DISABLED: booking flow with payment mock" classname="booking.spec.ts" time="0">
<properties>
<property name="skip" value="">
</property>
</properties>
<skipped>
</skipped>
</testcase>
<testcase name="Booking System › DISABLED: Booking modification and cancellation" classname="booking.spec.ts" time="0">
<properties>
<property name="skip" value="">
</property>
</properties>
<skipped>
</skipped>
</testcase>
<testcase name="Booking System › DISABLED: Booking status tracking" classname="booking.spec.ts" time="0">
<properties>
<property name="skip" value="">
</property>
</properties>
<skipped>
</skipped>
</testcase>
<testcase name="Booking System › DISABLED: Vendor booking acceptance workflow" classname="booking.spec.ts" time="0">
<properties>
<property name="skip" value="">
</property>
</properties>
<skipped>
</skipped>
</testcase>
<testcase name="Booking System › DISABLED: Booking communication and messaging" classname="booking.spec.ts" time="0">
<properties>
<property name="skip" value="">
</property>
</properties>
<skipped>
</skipped>
</testcase>
<testcase name="Booking System › DISABLED: Booking payment and refund processing" classname="booking.spec.ts" time="0">
<properties>
<property name="skip" value="">
</property>
</properties>
<skipped>
</skipped>
</testcase>
</testsuite>
<testsuite name="comprehensive-crud.spec.ts" timestamp="2025-10-27T06:34:37.600Z" hostname="chromium" tests="28" failures="0" skipped="28" time="0" errors="0">
<testcase name="🔐 Authentication &amp; User Management CRUD › DISABLED: User Registration Flow" classname="comprehensive-crud.spec.ts" time="0">
<properties>
<property name="skip" value="">
</property>
</properties>
<skipped>
</skipped>
</testcase>
<testcase name="🔐 Authentication &amp; User Management CRUD › DISABLED: User Login Flow" classname="comprehensive-crud.spec.ts" time="0">
<properties>
<property name="skip" value="">
</property>
</properties>
<skipped>
</skipped>
</testcase>
<testcase name="🔐 Authentication &amp; User Management CRUD › DISABLED: User Profile CRUD Operations" classname="comprehensive-crud.spec.ts" time="0">
<properties>
<property name="skip" value="">
</property>
</properties>
<skipped>
</skipped>
</testcase>
<testcase name="🔐 Authentication &amp; User Management CRUD › DISABLED: User Settings CRUD Operations" classname="comprehensive-crud.spec.ts" time="0">
<properties>
<property name="skip" value="">
</property>
</properties>
<skipped>
</skipped>
</testcase>
<testcase name="🏢 Vendor Management CRUD › DISABLED: Vendor Registration Flow" classname="comprehensive-crud.spec.ts" time="0">
<properties>
<property name="skip" value="">
</property>
</properties>
<skipped>
</skipped>
</testcase>
<testcase name="🏢 Vendor Management CRUD › DISABLED: Vendor Services CRUD Operations" classname="comprehensive-crud.spec.ts" time="0">
<properties>
<property name="skip" value="">
</property>
</properties>
<skipped>
</skipped>
</testcase>
<testcase name="🏢 Vendor Management CRUD › DISABLED: Vendor Analytics &amp; Reports" classname="comprehensive-crud.spec.ts" time="0">
<properties>
<property name="skip" value="">
</property>
</properties>
<skipped>
</skipped>
</testcase>
<testcase name="📅 Booking System CRUD › DISABLED: Create Booking Flow" classname="comprehensive-crud.spec.ts" time="0">
<properties>
<property name="skip" value="">
</property>
</properties>
<skipped>
</skipped>
</testcase>
<testcase name="📅 Booking System CRUD › DISABLED: Booking Management CRUD" classname="comprehensive-crud.spec.ts" time="0">
<properties>
<property name="skip" value="">
</property>
</properties>
<skipped>
</skipped>
</testcase>
<testcase name="📅 Booking System CRUD › DISABLED: Booking Status Tracking" classname="comprehensive-crud.spec.ts" time="0">
<properties>
<property name="skip" value="">
</property>
</properties>
<skipped>
</skipped>
</testcase>
<testcase name="👥 Wedding Planner CRUD Operations › DISABLED: Planner Client Management" classname="comprehensive-crud.spec.ts" time="0">
<properties>
<property name="skip" value="">
</property>
</properties>
<skipped>
</skipped>
</testcase>
<testcase name="👥 Wedding Planner CRUD Operations › DISABLED: Planner Task Management" classname="comprehensive-crud.spec.ts" time="0">
<properties>
<property name="skip" value="">
</property>
</properties>
<skipped>
</skipped>
</testcase>
<testcase name="🛡️ RBAC (Role-Based Access Control) Tests › DISABLED: User Role Access Control" classname="comprehensive-crud.spec.ts" time="0">
<properties>
<property name="skip" value="">
</property>
</properties>
<skipped>
</skipped>
</testcase>
<testcase name="🛡️ RBAC (Role-Based Access Control) Tests › DISABLED: Vendor Role Access Control" classname="comprehensive-crud.spec.ts" time="0">
<properties>
<property name="skip" value="">
</property>
</properties>
<skipped>
</skipped>
</testcase>
<testcase name="🛡️ RBAC (Role-Based Access Control) Tests › DISABLED: Admin Role Access Control" classname="comprehensive-crud.spec.ts" time="0">
<properties>
<property name="skip" value="">
</property>
</properties>
<skipped>
</skipped>
</testcase>
<testcase name="🛡️ RBAC (Role-Based Access Control) Tests › DISABLED: Middleware Route Protection" classname="comprehensive-crud.spec.ts" time="0">
<properties>
<property name="skip" value="">
</property>
</properties>
<skipped>
</skipped>
</testcase>
<testcase name="💳 Payment &amp; Financial CRUD › DISABLED: Payment Processing Flow" classname="comprehensive-crud.spec.ts" time="0">
<properties>
<property name="skip" value="">
</property>
</properties>
<skipped>
</skipped>
</testcase>
<testcase name="💳 Payment &amp; Financial CRUD › DISABLED: Payment History &amp; Management" classname="comprehensive-crud.spec.ts" time="0">
<properties>
<property name="skip" value="">
</property>
</properties>
<skipped>
</skipped>
</testcase>
<testcase name="📱 Mobile &amp; Responsive CRUD › DISABLED: Mobile Navigation &amp; CRUD Operations" classname="comprehensive-crud.spec.ts" time="0">
<properties>
<property name="skip" value="">
</property>
</properties>
<skipped>
</skipped>
</testcase>
<testcase name="🔍 Search &amp; Filter CRUD › DISABLED: Venue Search &amp; Filter Operations" classname="comprehensive-crud.spec.ts" time="0">
<properties>
<property name="skip" value="">
</property>
</properties>
<skipped>
</skipped>
</testcase>
<testcase name="🔍 Search &amp; Filter CRUD › DISABLED: Vendor Search &amp; Filter Operations" classname="comprehensive-crud.spec.ts" time="0">
<properties>
<property name="skip" value="">
</property>
</properties>
<skipped>
</skipped>
</testcase>
<testcase name="📊 Analytics &amp; Reporting CRUD › DISABLED: User Analytics Dashboard" classname="comprehensive-crud.spec.ts" time="0">
<properties>
<property name="skip" value="">
</property>
</properties>
<skipped>
</skipped>
</testcase>
<testcase name="📊 Analytics &amp; Reporting CRUD › DISABLED: Admin Analytics &amp; Reports" classname="comprehensive-crud.spec.ts" time="0">
<properties>
<property name="skip" value="">
</property>
</properties>
<skipped>
</skipped>
</testcase>
<testcase name="🔔 Notification &amp; Communication CRUD › DISABLED: Notification Management" classname="comprehensive-crud.spec.ts" time="0">
<properties>
<property name="skip" value="">
</property>
</properties>
<skipped>
</skipped>
</testcase>
<testcase name="🔔 Notification &amp; Communication CRUD › DISABLED: Message System CRUD" classname="comprehensive-crud.spec.ts" time="0">
<properties>
<property name="skip" value="">
</property>
</properties>
<skipped>
</skipped>
</testcase>
<testcase name="🔄 Data Synchronization &amp; Cache CRUD › DISABLED: Data Cache Management" classname="comprehensive-crud.spec.ts" time="0">
<properties>
<property name="skip" value="">
</property>
</properties>
<skipped>
</skipped>
</testcase>
<testcase name="🛠️ System Administration CRUD › DISABLED: User Management Operations" classname="comprehensive-crud.spec.ts" time="0">
<properties>
<property name="skip" value="">
</property>
</properties>
<skipped>
</skipped>
</testcase>
<testcase name="🛠️ System Administration CRUD › DISABLED: System Settings Management" classname="comprehensive-crud.spec.ts" time="0">
<properties>
<property name="skip" value="">
</property>
</properties>
<skipped>
</skipped>
</testcase>
</testsuite>
<testsuite name="comprehensive-live-deployment.spec.ts" timestamp="2025-10-27T06:34:37.600Z" hostname="chromium" tests="14" failures="0" skipped="14" time="0" errors="0">
<testcase name="🚀 COMPREHENSIVE LIVE DEPLOYMENT TESTING › DISABLED: 🏠 HOMEPAGE - Complete Frontend Testing" classname="comprehensive-live-deployment.spec.ts" time="0">
<properties>
<property name="skip" value="">
</property>
</properties>
<skipped>
</skipped>
</testcase>
<testcase name="🚀 COMPREHENSIVE LIVE DEPLOYMENT TESTING › DISABLED: 🔐 AUTHENTICATION - Complete Auth Flow Testing" classname="comprehensive-live-deployment.spec.ts" time="0">
<properties>
<property name="skip" value="">
</property>
</properties>
<skipped>
</skipped>
</testcase>
<testcase name="🚀 COMPREHENSIVE LIVE DEPLOYMENT TESTING › DISABLED: 🏢 VENUES - Complete Venue CRUD Testing" classname="comprehensive-live-deployment.spec.ts" time="0">
<properties>
<property name="skip" value="">
</property>
</properties>
<skipped>
</skipped>
</testcase>
<testcase name="🚀 COMPREHENSIVE LIVE DEPLOYMENT TESTING › DISABLED: 🏪 VENDORS - Complete Vendor CRUD Testing" classname="comprehensive-live-deployment.spec.ts" time="0">
<properties>
<property name="skip" value="">
</property>
</properties>
<skipped>
</skipped>
</testcase>
<testcase name="🚀 COMPREHENSIVE LIVE DEPLOYMENT TESTING › DISABLED: 📱 FEED - Complete Social Feed Testing" classname="comprehensive-live-deployment.spec.ts" time="0">
<properties>
<property name="skip" value="">
</property>
</properties>
<skipped>
</skipped>
</testcase>
<testcase name="🚀 COMPREHENSIVE LIVE DEPLOYMENT TESTING › DISABLED: 🖼️ GALLERY - Complete Gallery Testing" classname="comprehensive-live-deployment.spec.ts" time="0">
<properties>
<property name="skip" value="">
</property>
</properties>
<skipped>
</skipped>
</testcase>
<testcase name="🚀 COMPREHENSIVE LIVE DEPLOYMENT TESTING › DISABLED: 📊 DASHBOARD - Complete Dashboard Testing" classname="comprehensive-live-deployment.spec.ts" time="0">
<properties>
<property name="skip" value="">
</property>
</properties>
<skipped>
</skipped>
</testcase>
<testcase name="🚀 COMPREHENSIVE LIVE DEPLOYMENT TESTING › DISABLED: 🔧 API ENDPOINTS - Complete API Testing" classname="comprehensive-live-deployment.spec.ts" time="0">
<properties>
<property name="skip" value="">
</property>
</properties>
<skipped>
</skipped>
</testcase>
<testcase name="🚀 COMPREHENSIVE LIVE DEPLOYMENT TESTING › DISABLED: 📱 RESPONSIVE DESIGN - Complete Mobile Testing" classname="comprehensive-live-deployment.spec.ts" time="0">
<properties>
<property name="skip" value="">
</property>
</properties>
<skipped>
</skipped>
</testcase>
<testcase name="🚀 COMPREHENSIVE LIVE DEPLOYMENT TESTING › DISABLED: 🎨 UI COMPONENTS - Complete Component Testing" classname="comprehensive-live-deployment.spec.ts" time="0">
<properties>
<property name="skip" value="">
</property>
</properties>
<skipped>
</skipped>
</testcase>
<testcase name="🚀 COMPREHENSIVE LIVE DEPLOYMENT TESTING › DISABLED: ⚡ PERFORMANCE - Complete Performance Testing" classname="comprehensive-live-deployment.spec.ts" time="0">
<properties>
<property name="skip" value="">
</property>
</properties>
<skipped>
</skipped>
</testcase>
<testcase name="🚀 COMPREHENSIVE LIVE DEPLOYMENT TESTING › DISABLED: 🔍 ERROR HANDLING - Complete Error Testing" classname="comprehensive-live-deployment.spec.ts" time="0">
<properties>
<property name="skip" value="">
</property>
</properties>
<skipped>
</skipped>
</testcase>
<testcase name="🚀 COMPREHENSIVE LIVE DEPLOYMENT TESTING › DISABLED: 🎯 FINAL INTEGRATION - Complete System Integration" classname="comprehensive-live-deployment.spec.ts" time="0">
<properties>
<property name="skip" value="">
</property>
</properties>
<skipped>
</skipped>
</testcase>
<testcase name="🚀 LIVE DEPLOYMENT STRESS TESTING › DISABLED: ⚡ STRESS TEST - Multiple Concurrent Operations" classname="comprehensive-live-deployment.spec.ts" time="0">
<properties>
<property name="skip" value="">
</property>
</properties>
<skipped>
</skipped>
</testcase>
</testsuite>
<testsuite name="critical-features.spec.ts" timestamp="2025-10-27T06:34:37.600Z" hostname="chromium" tests="17" failures="0" skipped="0" time="104.744" errors="0">
<testcase name="🔐 Critical Features - Phase 1 Tests › ✅ Homepage loads without authentication" classname="critical-features.spec.ts" time="4.213">
</testcase>
<testcase name="🔐 Critical Features - Phase 1 Tests › ✅ Login page renders with email/password fields" classname="critical-features.spec.ts" time="2.294">
</testcase>
<testcase name="🔐 Critical Features - Phase 1 Tests › ✅ Registration page accessible" classname="critical-features.spec.ts" time="4.077">
</testcase>
<testcase name="🔐 Critical Features - Phase 1 Tests › ✅ User can login with valid credentials" classname="critical-features.spec.ts" time="5.198">
</testcase>
<testcase name="🔐 Critical Features - Phase 1 Tests › ✅ Invalid login shows error message" classname="critical-features.spec.ts" time="5.727">
</testcase>
<testcase name="🔐 Critical Features - Phase 1 Tests › ✅ Authenticated user can access dashboard" classname="critical-features.spec.ts" time="10.025">
</testcase>
<testcase name="🔐 Critical Features - Phase 1 Tests › ✅ Unauthenticated users redirected to login" classname="critical-features.spec.ts" time="4.16">
</testcase>
<testcase name="🔐 Critical Features - Phase 1 Tests › ✅ User can logout and return to login" classname="critical-features.spec.ts" time="6.048">
</testcase>
<testcase name="🔐 Critical Features - Phase 1 Tests › ✅ User role gets correct dashboard" classname="critical-features.spec.ts" time="6.167">
</testcase>
<testcase name="🔐 Critical Features - Phase 1 Tests › ✅ Vendor role gets vendor dashboard" classname="critical-features.spec.ts" time="5.543">
</testcase>
<testcase name="🔐 Critical Features - Phase 1 Tests › ✅ Admin role gets admin dashboard" classname="critical-features.spec.ts" time="5.074">
</testcase>
<testcase name="🔐 Critical Features - Phase 1 Tests › ✅ User cannot access admin routes without permission" classname="critical-features.spec.ts" time="8.587">
</testcase>
<testcase name="🔐 Critical Features - Phase 1 Tests › ✅ AI search section visible on homepage" classname="critical-features.spec.ts" time="7.91">
</testcase>
<testcase name="🔐 Critical Features - Phase 1 Tests › ✅ Venue search accessible from homepage" classname="critical-features.spec.ts" time="8.008">
</testcase>
<testcase name="🔐 Critical Features - Phase 1 Tests › ✅ Vendor search accessible from homepage" classname="critical-features.spec.ts" time="8.361">
</testcase>
<testcase name="🔐 Critical Features - Phase 1 Tests › ✅ Navigation menu accessible" classname="critical-features.spec.ts" time="8.597">
</testcase>
<testcase name="🔐 Critical Features - Phase 1 Tests › ✅ Footer present on all pages" classname="critical-features.spec.ts" time="4.755">
</testcase>
</testsuite>
<testsuite name="deployment-runtime-errors.spec.ts" timestamp="2025-10-27T06:34:37.600Z" hostname="chromium" tests="10" failures="1" skipped="0" time="45.115" errors="0">
<testcase name="🚀 DEPLOYMENT - Runtime Error Tracking &amp; Verification › ✅ 1. Homepage loads without runtime errors" classname="deployment-runtime-errors.spec.ts" time="9.678">
<failure message="deployment-runtime-errors.spec.ts:54:7 ✅ 1. Homepage loads without runtime errors" type="FAILURE">
<![CDATA[  [chromium] › deployment-runtime-errors.spec.ts:54:7 › 🚀 DEPLOYMENT - Runtime Error Tracking & Verification › ✅ 1. Homepage loads without runtime errors 

    Error: expect(received).toHaveLength(expected)

    Expected length: 0
    Received length: 2
    Received array:  ["Failed to load resource: the server responded with a status of 500 ()", "Failed to load resource: the server responded with a status of 404 ()"]

      64 |     
      65 |     // No console errors should exist
    > 66 |     expect(runtimeIssues.console_errors).toHaveLength(0)
         |                                          ^
      67 |     expect(runtimeIssues.undefined_properties).toHaveLength(0)
      68 |   })
      69 |
        at /Users/asithalakmal/Documents/web/final project/WeddingLK-next copy/tests/e2e/deployment-runtime-errors.spec.ts:66:42

    attachment #1: screenshot (image/png) ──────────────────────────────────────────────────────────
    ../../test-results/deployment-runtime-errors--1a638-oads-without-runtime-errors-chromium/test-failed-1.png
    ────────────────────────────────────────────────────────────────────────────────────────────────

    attachment #2: video (video/webm) ──────────────────────────────────────────────────────────────
    ../../test-results/deployment-runtime-errors--1a638-oads-without-runtime-errors-chromium/video.webm
    ────────────────────────────────────────────────────────────────────────────────────────────────

    Error Context: ../../test-results/deployment-runtime-errors--1a638-oads-without-runtime-errors-chromium/error-context.md
]]>
</failure>
<system-out>
<![CDATA[[CONSOLE ERROR] Failed to load resource: the server responded with a status of 500 ()
[CONSOLE ERROR] Failed to load resource: the server responded with a status of 404 ()
Homepage loaded in 7588ms

╔════════════════════════════════════════════════════════╗
║          DEPLOYMENT RUNTIME ERROR REPORT              ║
╚════════════════════════════════════════════════════════╝

📊 RUNTIME ERROR SUMMARY
━━━━━━━━━━━━━━━━━━━━━━━━━━━━━━━━━━━━━━━━━━━━━━━━━━━━━━
  Console Errors: 2
  Console Warnings: 0
  API Errors: 0
  Undefined Properties: 0
  Manifest Errors: 0
  Network Errors: 0
  Auth (401) Errors: 0

❌ CONSOLE ERRORS:
  1. Failed to load resource: the server responded with a status of 500 ()...
  2. Failed to load resource: the server responded with a status of 404 ()...

━━━━━━━━━━━━━━━━━━━━━━━━━━━━━━━━━━━━━━━━━━━━━━━━━━━━━━
⚠️  DEPLOYMENT STATUS: 2 issues detected
━━━━━━━━━━━━━━━━━━━━━━━━━━━━━━━━━━━━━━━━━━━━━━━━━━━━━━


[[ATTACHMENT|test-results/deployment-runtime-errors--1a638-oads-without-runtime-errors-chromium/test-failed-1.png]]

[[ATTACHMENT|test-results/deployment-runtime-errors--1a638-oads-without-runtime-errors-chromium/video.webm]]

[[ATTACHMENT|test-results/deployment-runtime-errors--1a638-oads-without-runtime-errors-chromium/error-context.md]]
]]>
</system-out>
<system-err>
<![CDATA[(node:89787) Warning: The 'NO_COLOR' env is ignored due to the 'FORCE_COLOR' env being set.
(Use `node --trace-warnings ...` to show where the warning was created)
]]>
</system-err>
</testcase>
<testcase name="🚀 DEPLOYMENT - Runtime Error Tracking &amp; Verification › ✅ 2. Login page renders correctly" classname="deployment-runtime-errors.spec.ts" time="5.215">
</testcase>
<testcase name="🚀 DEPLOYMENT - Runtime Error Tracking &amp; Verification › ✅ 3. User login flow with authentication" classname="deployment-runtime-errors.spec.ts" time="3.852">
</testcase>
<testcase name="🚀 DEPLOYMENT - Runtime Error Tracking &amp; Verification › ✅ 4. Dashboard access with role-based views" classname="deployment-runtime-errors.spec.ts" time="6.671">
<system-out>
<![CDATA[[PAGE ERROR] Cannot read properties of undefined (reading 'User')
[NETWORK ERROR] POST https://wedding-lk.vercel.app/_vercel/speed-insights/vitals
]]>
</system-out>
<system-err>
<![CDATA[(node:90711) Warning: The 'NO_COLOR' env is ignored due to the 'FORCE_COLOR' env being set.
(Use `node --trace-warnings ...` to show where the warning was created)
]]>
</system-err>
</testcase>
<testcase name="🚀 DEPLOYMENT - Runtime Error Tracking &amp; Verification › ✅ 5. API endpoints - Check 401 auth errors" classname="deployment-runtime-errors.spec.ts" time="4.918">
<system-out>
<![CDATA[GET /api/auth/me - 401
  ✓ Correctly returns 401 (auth required)
GET /api/dashboard - 401
  ✓ Correctly returns 401 (auth required)
GET /api/bookings - 401
  ✓ Correctly returns 401 (auth required)
GET /api/users/profile - 401
  ✓ Correctly returns 401 (auth required)

╔════════════════════════════════════════════════════════╗
║          DEPLOYMENT RUNTIME ERROR REPORT              ║
╚════════════════════════════════════════════════════════╝

📊 RUNTIME ERROR SUMMARY
━━━━━━━━━━━━━━━━━━━━━━━━━━━━━━━━━━━━━━━━━━━━━━━━━━━━━━
  Console Errors: 1
  Console Warnings: 0
  API Errors: 0
  Undefined Properties: 0
  Manifest Errors: 0
  Network Errors: 1
  Auth (401) Errors: 0

❌ CONSOLE ERRORS:
  1. Uncaught: Cannot read properties of undefined (reading 'User')...

━━━━━━━━━━━━━━━━━━━━━━━━━━━━━━━━━━━━━━━━━━━━━━━━━━━━━━
⚠️  DEPLOYMENT STATUS: 1 issues detected
━━━━━━━━━━━━━━━━━━━━━━━━━━━━━━━━━━━━━━━━━━━━━━━━━━━━━━

]]>
</system-out>
</testcase>
<testcase name="🚀 DEPLOYMENT - Runtime Error Tracking &amp; Verification › ✅ 6. Venues API - Check data responses" classname="deployment-runtime-errors.spec.ts" time="2.515">
<system-out>
<![CDATA[✓ Venues API responded with status 200
  Venues count: 0
]]>
</system-out>
</testcase>
<testcase name="🚀 DEPLOYMENT - Runtime Error Tracking &amp; Verification › ✅ 7. Search API - Check runtime errors" classname="deployment-runtime-errors.spec.ts" time="1.635">
<system-out>
<![CDATA[✓ Search API responded successfully
]]>
</system-out>
</testcase>
<testcase name="🚀 DEPLOYMENT - Runtime Error Tracking &amp; Verification › ✅ 8. Health check endpoints" classname="deployment-runtime-errors.spec.ts" time="1.31">
<system-out>
<![CDATA[✓ Health check: healthy
]]>
</system-out>
</testcase>
<testcase name="🚀 DEPLOYMENT - Runtime Error Tracking &amp; Verification › ✅ 9. Homepage navigation links work" classname="deployment-runtime-errors.spec.ts" time="4.616">
<system-out>
<![CDATA[[CONSOLE ERROR] Failed to load resource: the server responded with a status of 500 ()
[CONSOLE ERROR] Failed to load resource: the server responded with a status of 404 ()
Found 5 navigation links
  ✓ Navigation link: /venues
  ✓ Navigation link: /vendors
  ✓ Navigation link: /feed
]]>
</system-out>
</testcase>
<testcase name="🚀 DEPLOYMENT - Runtime Error Tracking &amp; Verification › ✅ 10. Mobile responsiveness - no layout errors" classname="deployment-runtime-errors.spec.ts" time="4.705">
<system-out>
<![CDATA[[CONSOLE ERROR] Failed to load resource: the server responded with a status of 500 ()
Mobile menu button visible on mobile: no

╔════════════════════════════════════════════════════════╗
║          DEPLOYMENT RUNTIME ERROR REPORT              ║
╚════════════════════════════════════════════════════════╝

📊 RUNTIME ERROR SUMMARY
━━━━━━━━━━━━━━━━━━━━━━━━━━━━━━━━━━━━━━━━━━━━━━━━━━━━━━
  Console Errors: 3
  Console Warnings: 0
  API Errors: 0
  Undefined Properties: 0
  Manifest Errors: 0
  Network Errors: 0
  Auth (401) Errors: 0

❌ CONSOLE ERRORS:
  1. Failed to load resource: the server responded with a status of 500 ()...
  2. Failed to load resource: the server responded with a status of 404 ()...
  3. Failed to load resource: the server responded with a status of 500 ()...

━━━━━━━━━━━━━━━━━━━━━━━━━━━━━━━━━━━━━━━━━━━━━━━━━━━━━━
⚠️  DEPLOYMENT STATUS: 3 issues detected
━━━━━━━━━━━━━━━━━━━━━━━━━━━━━━━━━━━━━━━━━━━━━━━━━━━━━━

]]>
</system-out>
</testcase>
</testsuite>
<testsuite name="error-handling-tests.spec.ts" timestamp="2025-10-27T06:34:37.600Z" hostname="chromium" tests="34" failures="1" skipped="0" time="178.966" errors="0">
<testcase name="⚠️ Error Handling Tests - Phase 6 › 🔐 Authentication Error Handling › ✅ Empty email shows validation error" classname="error-handling-tests.spec.ts" time="3.72">
</testcase>
<testcase name="⚠️ Error Handling Tests - Phase 6 › 🔐 Authentication Error Handling › ✅ Empty password shows validation error" classname="error-handling-tests.spec.ts" time="3.669">
</testcase>
<testcase name="⚠️ Error Handling Tests - Phase 6 › 🔐 Authentication Error Handling › ✅ Invalid email format shows error" classname="error-handling-tests.spec.ts" time="3.816">
</testcase>
<testcase name="⚠️ Error Handling Tests - Phase 6 › 🔐 Authentication Error Handling › ✅ Non-existent user shows error" classname="error-handling-tests.spec.ts" time="4.164">
</testcase>
<testcase name="⚠️ Error Handling Tests - Phase 6 › 🔐 Authentication Error Handling › ✅ Wrong password shows error" classname="error-handling-tests.spec.ts" time="4.946">
</testcase>
<testcase name="⚠️ Error Handling Tests - Phase 6 › 🔐 Authentication Error Handling › ✅ Duplicate email on registration shows error" classname="error-handling-tests.spec.ts" time="8.472">
</testcase>
<testcase name="⚠️ Error Handling Tests - Phase 6 › 🔐 Authentication Error Handling › ✅ Weak password shows validation error" classname="error-handling-tests.spec.ts" time="8.517">
</testcase>
<testcase name="⚠️ Error Handling Tests - Phase 6 › 🗺️ Navigation Error Handling › ✅ 404 page is displayed for non-existent routes" classname="error-handling-tests.spec.ts" time="8.811">
</testcase>
<testcase name="⚠️ Error Handling Tests - Phase 6 › 🗺️ Navigation Error Handling › ✅ Can navigate away from 404 page" classname="error-handling-tests.spec.ts" time="6.26">
</testcase>
<testcase name="⚠️ Error Handling Tests - Phase 6 › 🗺️ Navigation Error Handling › ✅ Broken link handling" classname="error-handling-tests.spec.ts" time="5.473">
</testcase>
<testcase name="⚠️ Error Handling Tests - Phase 6 › 🗺️ Navigation Error Handling › ✅ Protected route redirects unauthenticated user" classname="error-handling-tests.spec.ts" time="5.16">
</testcase>
<testcase name="⚠️ Error Handling Tests - Phase 6 › 🗺️ Navigation Error Handling › ✅ Invalid query parameters handled gracefully" classname="error-handling-tests.spec.ts" time="3.941">
</testcase>
<testcase name="⚠️ Error Handling Tests - Phase 6 › 🌐 Network Error Handling › ✅ Page loads with network issues" classname="error-handling-tests.spec.ts" time="5.368">
</testcase>
<testcase name="⚠️ Error Handling Tests - Phase 6 › 🌐 Network Error Handling › ✅ Failed API call shows error message" classname="error-handling-tests.spec.ts" time="3.767">
</testcase>
<testcase name="⚠️ Error Handling Tests - Phase 6 › 🌐 Network Error Handling › ✅ Offline mode handling" classname="error-handling-tests.spec.ts" time="3.142">
<failure message="error-handling-tests.spec.ts:203:9 ✅ Offline mode handling" type="FAILURE">
<![CDATA[  [chromium] › error-handling-tests.spec.ts:203:9 › ⚠️ Error Handling Tests - Phase 6 › 🌐 Network Error Handling › ✅ Offline mode handling 

    Error: locator.isVisible: Error: strict mode violation: locator('a[href="/venues"]') resolved to 2 elements:
        1) <a href="/venues" class="text-gray-700 hover:text-rose-500 dark:text-gray-300 dark:hover:text-rose-400 font-medium transition-colors">Venues</a> aka getByRole('navigation').getByRole('link', { name: 'Venues' })
        2) <a href="/venues" class="hover:text-white transition-colors">Venues</a> aka getByRole('main').getByRole('link', { name: 'Venues' })

    Call log:
        - checking visibility of locator('a[href="/venues"]')


      209 |       // Try to interact
      210 |       const links = page.locator('a[href="/venues"]')
    > 211 |       if (await links.isVisible()) {
          |                       ^
      212 |         await links.first().click().catch(() => {})
      213 |       }
      214 |       
        at /Users/asithalakmal/Documents/web/final project/WeddingLK-next copy/tests/e2e/error-handling-tests.spec.ts:211:23

    attachment #1: screenshot (image/png) ──────────────────────────────────────────────────────────
    ../../test-results/error-handling-tests-⚠️-Er-a9dd0-ing-✅-Offline-mode-handling-chromium/test-failed-1.png
    ────────────────────────────────────────────────────────────────────────────────────────────────

    attachment #2: video (video/webm) ──────────────────────────────────────────────────────────────
    ../../test-results/error-handling-tests-⚠️-Er-a9dd0-ing-✅-Offline-mode-handling-chromium/video.webm
    ────────────────────────────────────────────────────────────────────────────────────────────────

    Error Context: ../../test-results/error-handling-tests-⚠️-Er-a9dd0-ing-✅-Offline-mode-handling-chromium/error-context.md
]]>
</failure>
<system-out>
<![CDATA[
[[ATTACHMENT|test-results/error-handling-tests-⚠️-Er-a9dd0-ing-✅-Offline-mode-handling-chromium/test-failed-1.png]]

[[ATTACHMENT|test-results/error-handling-tests-⚠️-Er-a9dd0-ing-✅-Offline-mode-handling-chromium/video.webm]]

[[ATTACHMENT|test-results/error-handling-tests-⚠️-Er-a9dd0-ing-✅-Offline-mode-handling-chromium/error-context.md]]
]]>
</system-out>
</testcase>
<testcase name="⚠️ Error Handling Tests - Phase 6 › 🌐 Network Error Handling › ✅ Timeout on slow endpoint" classname="error-handling-tests.spec.ts" time="1.339">
</testcase>
<testcase name="⚠️ Error Handling Tests - Phase 6 › 🌐 Network Error Handling › ✅ CORS error handling" classname="error-handling-tests.spec.ts" time="3.64">
</testcase>
<testcase name="⚠️ Error Handling Tests - Phase 6 › 📝 Form Error Handling › ✅ Required field validation" classname="error-handling-tests.spec.ts" time="3.683">
</testcase>
<testcase name="⚠️ Error Handling Tests - Phase 6 › 📝 Form Error Handling › ✅ File upload error handling" classname="error-handling-tests.spec.ts" time="4.218">
</testcase>
<testcase name="⚠️ Error Handling Tests - Phase 6 › 📝 Form Error Handling › ✅ Form submission error recovery" classname="error-handling-tests.spec.ts" time="3.815">
</testcase>
<testcase name="⚠️ Error Handling Tests - Phase 6 › 📝 Form Error Handling › ✅ Max length validation on text fields" classname="error-handling-tests.spec.ts" time="2.597">
</testcase>
<testcase name="⚠️ Error Handling Tests - Phase 6 › 🎨 UI Component Error Handling › ✅ Missing image fallback" classname="error-handling-tests.spec.ts" time="2.452">
</testcase>
<testcase name="⚠️ Error Handling Tests - Phase 6 › 🎨 UI Component Error Handling › ✅ Modal close on error" classname="error-handling-tests.spec.ts" time="4.448">
</testcase>
<testcase name="⚠️ Error Handling Tests - Phase 6 › 🎨 UI Component Error Handling › ✅ Tooltip error messages display" classname="error-handling-tests.spec.ts" time="1.92">
</testcase>
<testcase name="⚠️ Error Handling Tests - Phase 6 › 🎨 UI Component Error Handling › ✅ Loading state timeout fallback" classname="error-handling-tests.spec.ts" time="5.196">
</testcase>
<testcase name="⚠️ Error Handling Tests - Phase 6 › 💾 Data Error Handling › ✅ Invalid JSON response handling" classname="error-handling-tests.spec.ts" time="4.807">
</testcase>
<testcase name="⚠️ Error Handling Tests - Phase 6 › 💾 Data Error Handling › ✅ Null/undefined data handling" classname="error-handling-tests.spec.ts" time="4.996">
</testcase>
<testcase name="⚠️ Error Handling Tests - Phase 6 › 💾 Data Error Handling › ✅ Empty array response handling" classname="error-handling-tests.spec.ts" time="3.169">
</testcase>
<testcase name="⚠️ Error Handling Tests - Phase 6 › 💾 Data Error Handling › ✅ Large response handling" classname="error-handling-tests.spec.ts" time="10.095">
</testcase>
<testcase name="⚠️ Error Handling Tests - Phase 6 › 🖥️ Browser/System Error Handling › ✅ JavaScript error handling" classname="error-handling-tests.spec.ts" time="8.458">
</testcase>
<testcase name="⚠️ Error Handling Tests - Phase 6 › 🖥️ Browser/System Error Handling › ✅ Memory leak handling on navigation" classname="error-handling-tests.spec.ts" time="14.822">
</testcase>
<testcase name="⚠️ Error Handling Tests - Phase 6 › 🖥️ Browser/System Error Handling › ✅ Rapid navigation handling" classname="error-handling-tests.spec.ts" time="10.89">
</testcase>
<testcase name="⚠️ Error Handling Tests - Phase 6 › 🖥️ Browser/System Error Handling › ✅ Window resize error handling" classname="error-handling-tests.spec.ts" time="6.713">
</testcase>
<testcase name="⚠️ Error Handling Tests - Phase 6 › 🖥️ Browser/System Error Handling › ✅ Storage quota error handling" classname="error-handling-tests.spec.ts" time="2.482">
</testcase>
</testsuite>
<testsuite name="navigation-tests.spec.ts" timestamp="2025-10-27T06:34:37.600Z" hostname="chromium" tests="35" failures="6" skipped="0" time="188.996" errors="0">
<testcase name="🗺️ Page Navigation Tests - Phase 3 › 🌐 Public Pages Navigation › ✅ Navigate from homepage to venues" classname="navigation-tests.spec.ts" time="5.647">
<failure message="navigation-tests.spec.ts:24:9 ✅ Navigate from homepage to venues" type="FAILURE">
<![CDATA[  [chromium] › navigation-tests.spec.ts:24:9 › 🗺️ Page Navigation Tests - Phase 3 › 🌐 Public Pages Navigation › ✅ Navigate from homepage to venues 

    Error: expect(locator).toBeVisible() failed

    Locator: locator('a[href="/venues"], a:has-text("Venues")')
    Expected: visible
    Error: strict mode violation: locator('a[href="/venues"], a:has-text("Venues")') resolved to 2 elements:
        1) <a href="/venues" class="text-gray-700 hover:text-rose-500 dark:text-gray-300 dark:hover:text-rose-400 font-medium transition-colors">Venues</a> aka getByRole('navigation').getByRole('link', { name: 'Venues' })
        2) <a href="/venues" class="hover:text-white transition-colors">Venues</a> aka getByRole('main').getByRole('link', { name: 'Venues' })

    Call log:
      - Expect "toBeVisible" with timeout 30000ms
      - waiting for locator('a[href="/venues"], a:has-text("Venues")')


      27 |       // Find and click venues link
      28 |       const venuesLink = page.locator('a[href="/venues"], a:has-text("Venues")')
    > 29 |       await expect(venuesLink).toBeVisible()
         |                                ^
      30 |       await venuesLink.first().click()
      31 |       
      32 |       await expect(page).toHaveURL(/\/venues/)
        at /Users/asithalakmal/Documents/web/final project/WeddingLK-next copy/tests/e2e/navigation-tests.spec.ts:29:32

    attachment #1: screenshot (image/png) ──────────────────────────────────────────────────────────
    ../../test-results/navigation-tests-🗺️-Page--f062f-ate-from-homepage-to-venues-chromium/test-failed-1.png
    ────────────────────────────────────────────────────────────────────────────────────────────────

    attachment #2: video (video/webm) ──────────────────────────────────────────────────────────────
    ../../test-results/navigation-tests-🗺️-Page--f062f-ate-from-homepage-to-venues-chromium/video.webm
    ────────────────────────────────────────────────────────────────────────────────────────────────

    Error Context: ../../test-results/navigation-tests-🗺️-Page--f062f-ate-from-homepage-to-venues-chromium/error-context.md
]]>
</failure>
<system-out>
<![CDATA[
[[ATTACHMENT|test-results/navigation-tests-🗺️-Page--f062f-ate-from-homepage-to-venues-chromium/test-failed-1.png]]

[[ATTACHMENT|test-results/navigation-tests-🗺️-Page--f062f-ate-from-homepage-to-venues-chromium/video.webm]]

[[ATTACHMENT|test-results/navigation-tests-🗺️-Page--f062f-ate-from-homepage-to-venues-chromium/error-context.md]]
]]>
</system-out>
</testcase>
<testcase name="🗺️ Page Navigation Tests - Phase 3 › 🌐 Public Pages Navigation › ✅ Navigate from homepage to vendors" classname="navigation-tests.spec.ts" time="4.522">
<failure message="navigation-tests.spec.ts:35:9 ✅ Navigate from homepage to vendors" type="FAILURE">
<![CDATA[  [chromium] › navigation-tests.spec.ts:35:9 › 🗺️ Page Navigation Tests - Phase 3 › 🌐 Public Pages Navigation › ✅ Navigate from homepage to vendors 

    Error: expect(locator).toBeVisible() failed

    Locator: locator('a[href="/vendors"], a:has-text("Vendors")')
    Expected: visible
    Error: strict mode violation: locator('a[href="/vendors"], a:has-text("Vendors")') resolved to 2 elements:
        1) <a href="/vendors" class="text-gray-700 hover:text-rose-500 dark:text-gray-300 dark:hover:text-rose-400 font-medium transition-colors">Vendors</a> aka getByRole('navigation').getByRole('link', { name: 'Vendors' })
        2) <a href="/vendors" class="hover:text-white transition-colors">Vendors</a> aka getByRole('main').getByRole('link', { name: 'Vendors' })

    Call log:
      - Expect "toBeVisible" with timeout 30000ms
      - waiting for locator('a[href="/vendors"], a:has-text("Vendors")')


      37 |       
      38 |       const vendorsLink = page.locator('a[href="/vendors"], a:has-text("Vendors")')
    > 39 |       await expect(vendorsLink).toBeVisible()
         |                                 ^
      40 |       await vendorsLink.first().click()
      41 |       
      42 |       await expect(page).toHaveURL(/\/vendors/)
        at /Users/asithalakmal/Documents/web/final project/WeddingLK-next copy/tests/e2e/navigation-tests.spec.ts:39:33

    attachment #1: screenshot (image/png) ──────────────────────────────────────────────────────────
    ../../test-results/navigation-tests-🗺️-Page--dc54b-te-from-homepage-to-vendors-chromium/test-failed-1.png
    ────────────────────────────────────────────────────────────────────────────────────────────────

    attachment #2: video (video/webm) ──────────────────────────────────────────────────────────────
    ../../test-results/navigation-tests-🗺️-Page--dc54b-te-from-homepage-to-vendors-chromium/video.webm
    ────────────────────────────────────────────────────────────────────────────────────────────────

    Error Context: ../../test-results/navigation-tests-🗺️-Page--dc54b-te-from-homepage-to-vendors-chromium/error-context.md
]]>
</failure>
<system-out>
<![CDATA[
[[ATTACHMENT|test-results/navigation-tests-🗺️-Page--dc54b-te-from-homepage-to-vendors-chromium/test-failed-1.png]]

[[ATTACHMENT|test-results/navigation-tests-🗺️-Page--dc54b-te-from-homepage-to-vendors-chromium/video.webm]]

[[ATTACHMENT|test-results/navigation-tests-🗺️-Page--dc54b-te-from-homepage-to-vendors-chromium/error-context.md]]
]]>
</system-out>
</testcase>
<testcase name="🗺️ Page Navigation Tests - Phase 3 › 🌐 Public Pages Navigation › ✅ Navigate from homepage to about" classname="navigation-tests.spec.ts" time="4.993">
<failure message="navigation-tests.spec.ts:45:9 ✅ Navigate from homepage to about" type="FAILURE">
<![CDATA[  [chromium] › navigation-tests.spec.ts:45:9 › 🗺️ Page Navigation Tests - Phase 3 › 🌐 Public Pages Navigation › ✅ Navigate from homepage to about 

    Error: expect(locator).toBeVisible() failed

    Locator: locator('a[href="/about"], a:has-text("About")')
    Expected: visible
    Error: strict mode violation: locator('a[href="/about"], a:has-text("About")') resolved to 2 elements:
        1) <a href="/about" class="text-gray-700 hover:text-rose-500 dark:text-gray-300 dark:hover:text-rose-400 font-medium transition-colors">About</a> aka getByRole('navigation').getByRole('link', { name: 'About' })
        2) <a href="/about" class="hover:text-white transition-colors">About</a> aka getByRole('main').getByRole('link', { name: 'About' })

    Call log:
      - Expect "toBeVisible" with timeout 30000ms
      - waiting for locator('a[href="/about"], a:has-text("About")')


      47 |       
      48 |       const aboutLink = page.locator('a[href="/about"], a:has-text("About")')
    > 49 |       await expect(aboutLink).toBeVisible()
         |                               ^
      50 |       await aboutLink.first().click()
      51 |       
      52 |       await expect(page).toHaveURL(/\/about/)
        at /Users/asithalakmal/Documents/web/final project/WeddingLK-next copy/tests/e2e/navigation-tests.spec.ts:49:31

    attachment #1: screenshot (image/png) ──────────────────────────────────────────────────────────
    ../../test-results/navigation-tests-🗺️-Page--cb748-gate-from-homepage-to-about-chromium/test-failed-1.png
    ────────────────────────────────────────────────────────────────────────────────────────────────

    attachment #2: video (video/webm) ──────────────────────────────────────────────────────────────
    ../../test-results/navigation-tests-🗺️-Page--cb748-gate-from-homepage-to-about-chromium/video.webm
    ────────────────────────────────────────────────────────────────────────────────────────────────

    Error Context: ../../test-results/navigation-tests-🗺️-Page--cb748-gate-from-homepage-to-about-chromium/error-context.md
]]>
</failure>
<system-out>
<![CDATA[
[[ATTACHMENT|test-results/navigation-tests-🗺️-Page--cb748-gate-from-homepage-to-about-chromium/test-failed-1.png]]

[[ATTACHMENT|test-results/navigation-tests-🗺️-Page--cb748-gate-from-homepage-to-about-chromium/video.webm]]

[[ATTACHMENT|test-results/navigation-tests-🗺️-Page--cb748-gate-from-homepage-to-about-chromium/error-context.md]]
]]>
</system-out>
</testcase>
<testcase name="🗺️ Page Navigation Tests - Phase 3 › 🌐 Public Pages Navigation › ✅ Navigate from homepage to contact" classname="navigation-tests.spec.ts" time="4.441">
<failure message="navigation-tests.spec.ts:55:9 ✅ Navigate from homepage to contact" type="FAILURE">
<![CDATA[  [chromium] › navigation-tests.spec.ts:55:9 › 🗺️ Page Navigation Tests - Phase 3 › 🌐 Public Pages Navigation › ✅ Navigate from homepage to contact 

    Error: locator.isVisible: Error: strict mode violation: locator('a[href="/contact"], a:has-text("Contact")') resolved to 2 elements:
        1) <a href="/contact" class="inline-flex items-center justify-center gap-2 whitespace-nowrap text-sm font-medium ring-offset-background transition-colors focus-visible:outline-none focus-visible:ring-2 focus-visible:ring-ring focus-visible:ring-offset-2 disabled:pointer-events-none disabled:opacity-50 [&_svg]:pointer-events-none [&_svg]:size-4 [&_svg]:shrink-0 border h-11 rounded-md px-8 border-white/30 text-gray-600 hover:bg-white/10 hover:text-gray-600 backdrop-blur-sm bg-white/90">Contact Us</a> aka getByRole('link', { name: 'Contact Us' })
        2) <a href="/contact" class="hover:text-white transition-colors">Contact</a> aka getByRole('link', { name: 'Contact', exact: true })

    Call log:
        - checking visibility of locator('a[href="/contact"], a:has-text("Contact")')


      57 |       
      58 |       const contactLink = page.locator('a[href="/contact"], a:has-text("Contact")')
    > 59 |       if (await contactLink.isVisible()) {
         |                             ^
      60 |         await contactLink.first().click()
      61 |         await expect(page).toHaveURL(/\/contact/)
      62 |       }
        at /Users/asithalakmal/Documents/web/final project/WeddingLK-next copy/tests/e2e/navigation-tests.spec.ts:59:29

    attachment #1: screenshot (image/png) ──────────────────────────────────────────────────────────
    ../../test-results/navigation-tests-🗺️-Page--b9f03-te-from-homepage-to-contact-chromium/test-failed-1.png
    ────────────────────────────────────────────────────────────────────────────────────────────────

    attachment #2: video (video/webm) ──────────────────────────────────────────────────────────────
    ../../test-results/navigation-tests-🗺️-Page--b9f03-te-from-homepage-to-contact-chromium/video.webm
    ────────────────────────────────────────────────────────────────────────────────────────────────

    Error Context: ../../test-results/navigation-tests-🗺️-Page--b9f03-te-from-homepage-to-contact-chromium/error-context.md
]]>
</failure>
<system-out>
<![CDATA[
[[ATTACHMENT|test-results/navigation-tests-🗺️-Page--b9f03-te-from-homepage-to-contact-chromium/test-failed-1.png]]

[[ATTACHMENT|test-results/navigation-tests-🗺️-Page--b9f03-te-from-homepage-to-contact-chromium/video.webm]]

[[ATTACHMENT|test-results/navigation-tests-🗺️-Page--b9f03-te-from-homepage-to-contact-chromium/error-context.md]]
]]>
</system-out>
</testcase>
<testcase name="🗺️ Page Navigation Tests - Phase 3 › 🌐 Public Pages Navigation › ✅ Navigate from homepage to login" classname="navigation-tests.spec.ts" time="5.155">
</testcase>
<testcase name="🗺️ Page Navigation Tests - Phase 3 › 🌐 Public Pages Navigation › ✅ Navigate from homepage to register" classname="navigation-tests.spec.ts" time="6.377">
</testcase>
<testcase name="🗺️ Page Navigation Tests - Phase 3 › 🌐 Public Pages Navigation › ✅ Navigate from login to register" classname="navigation-tests.spec.ts" time="5.66">
</testcase>
<testcase name="🗺️ Page Navigation Tests - Phase 3 › 🌐 Public Pages Navigation › ✅ Navigate from register to login" classname="navigation-tests.spec.ts" time="3.402">
</testcase>
<testcase name="🗺️ Page Navigation Tests - Phase 3 › 🌐 Public Pages Navigation › ✅ Navigate to venues list" classname="navigation-tests.spec.ts" time="2.401">
</testcase>
<testcase name="🗺️ Page Navigation Tests - Phase 3 › 🌐 Public Pages Navigation › ✅ Navigate to vendors list" classname="navigation-tests.spec.ts" time="2.121">
</testcase>
<testcase name="🗺️ Page Navigation Tests - Phase 3 › 📊 Dashboard Navigation (Authenticated) › ✅ User dashboard loads with sidebar" classname="navigation-tests.spec.ts" time="45.002">
<failure message="navigation-tests.spec.ts:125:9 ✅ User dashboard loads with sidebar" type="FAILURE">
<![CDATA[  [chromium] › navigation-tests.spec.ts:125:9 › 🗺️ Page Navigation Tests - Phase 3 › 📊 Dashboard Navigation (Authenticated) › ✅ User dashboard loads with sidebar 

    Error: expect(locator).toBeVisible() failed

    Locator: locator('aside, nav[class*="sidebar"]')
    Expected: visible
    Timeout: 30000ms
    Error: element(s) not found

    Call log:
      - Expect "toBeVisible" with timeout 30000ms
      - waiting for locator('aside, nav[class*="sidebar"]')


      128 |       // Check sidebar exists
      129 |       const sidebar = page.locator('aside, nav[class*="sidebar"]')
    > 130 |       await expect(sidebar).toBeVisible()
          |                             ^
      131 |     })
      132 |
      133 |     test('✅ Navigate to dashboard > profile', async ({ page }) => {
        at /Users/asithalakmal/Documents/web/final project/WeddingLK-next copy/tests/e2e/navigation-tests.spec.ts:130:29

    attachment #1: screenshot (image/png) ──────────────────────────────────────────────────────────
    ../../test-results/navigation-tests-🗺️-Page--d46c5-ashboard-loads-with-sidebar-chromium/test-failed-1.png
    ────────────────────────────────────────────────────────────────────────────────────────────────

    attachment #2: video (video/webm) ──────────────────────────────────────────────────────────────
    ../../test-results/navigation-tests-🗺️-Page--d46c5-ashboard-loads-with-sidebar-chromium/video.webm
    ────────────────────────────────────────────────────────────────────────────────────────────────

    Error Context: ../../test-results/navigation-tests-🗺️-Page--d46c5-ashboard-loads-with-sidebar-chromium/error-context.md
]]>
</failure>
<system-out>
<![CDATA[
[[ATTACHMENT|test-results/navigation-tests-🗺️-Page--d46c5-ashboard-loads-with-sidebar-chromium/test-failed-1.png]]

[[ATTACHMENT|test-results/navigation-tests-🗺️-Page--d46c5-ashboard-loads-with-sidebar-chromium/video.webm]]

[[ATTACHMENT|test-results/navigation-tests-🗺️-Page--d46c5-ashboard-loads-with-sidebar-chromium/error-context.md]]
]]>
</system-out>
</testcase>
<testcase name="🗺️ Page Navigation Tests - Phase 3 › 📊 Dashboard Navigation (Authenticated) › ✅ Navigate to dashboard &gt; profile" classname="navigation-tests.spec.ts" time="9.565">
</testcase>
<testcase name="🗺️ Page Navigation Tests - Phase 3 › 📊 Dashboard Navigation (Authenticated) › ✅ Navigate to dashboard &gt; bookings" classname="navigation-tests.spec.ts" time="4.353">
</testcase>
<testcase name="🗺️ Page Navigation Tests - Phase 3 › 📊 Dashboard Navigation (Authenticated) › ✅ Navigate to dashboard &gt; favorites" classname="navigation-tests.spec.ts" time="3.723">
</testcase>
<testcase name="🗺️ Page Navigation Tests - Phase 3 › 📊 Dashboard Navigation (Authenticated) › ✅ Navigate to dashboard &gt; settings" classname="navigation-tests.spec.ts" time="3.578">
</testcase>
<testcase name="🗺️ Page Navigation Tests - Phase 3 › 📊 Dashboard Navigation (Authenticated) › ✅ Navigate back to homepage from dashboard" classname="navigation-tests.spec.ts" time="3.349">
</testcase>
<testcase name="🗺️ Page Navigation Tests - Phase 3 › 🏢 Vendor Dashboard Navigation › ✅ Vendor dashboard loads" classname="navigation-tests.spec.ts" time="8.543">
</testcase>
<testcase name="🗺️ Page Navigation Tests - Phase 3 › 🏢 Vendor Dashboard Navigation › ✅ Navigate vendor dashboard &gt; services" classname="navigation-tests.spec.ts" time="4.585">
</testcase>
<testcase name="🗺️ Page Navigation Tests - Phase 3 › 🏢 Vendor Dashboard Navigation › ✅ Navigate vendor dashboard &gt; bookings" classname="navigation-tests.spec.ts" time="3.765">
</testcase>
<testcase name="🗺️ Page Navigation Tests - Phase 3 › 🏢 Vendor Dashboard Navigation › ✅ Navigate vendor dashboard &gt; profile" classname="navigation-tests.spec.ts" time="3.676">
</testcase>
<testcase name="🗺️ Page Navigation Tests - Phase 3 › 👑 Admin Dashboard Navigation › ✅ Admin dashboard loads" classname="navigation-tests.spec.ts" time="10.671">
</testcase>
<testcase name="🗺️ Page Navigation Tests - Phase 3 › 👑 Admin Dashboard Navigation › ✅ Navigate admin dashboard &gt; users" classname="navigation-tests.spec.ts" time="3.34">
</testcase>
<testcase name="🗺️ Page Navigation Tests - Phase 3 › 👑 Admin Dashboard Navigation › ✅ Navigate admin dashboard &gt; analytics" classname="navigation-tests.spec.ts" time="4.288">
</testcase>
<testcase name="🗺️ Page Navigation Tests - Phase 3 › 👑 Admin Dashboard Navigation › ✅ Navigate admin dashboard &gt; settings" classname="navigation-tests.spec.ts" time="4.34">
</testcase>
<testcase name="🗺️ Page Navigation Tests - Phase 3 › 🔗 Breadcrumb Navigation › ✅ Breadcrumbs visible on nested pages" classname="navigation-tests.spec.ts" time="2.135">
</testcase>
<testcase name="🗺️ Page Navigation Tests - Phase 3 › 🔗 Breadcrumb Navigation › ✅ Breadcrumb navigation works" classname="navigation-tests.spec.ts" time="2.261">
</testcase>
<testcase name="🗺️ Page Navigation Tests - Phase 3 › 🦶 Footer Navigation › ✅ Footer visible on homepage" classname="navigation-tests.spec.ts" time="2.936">
</testcase>
<testcase name="🗺️ Page Navigation Tests - Phase 3 › 🦶 Footer Navigation › ✅ Footer has required links" classname="navigation-tests.spec.ts" time="2.893">
</testcase>
<testcase name="🗺️ Page Navigation Tests - Phase 3 › 🦶 Footer Navigation › ✅ Social media links in footer" classname="navigation-tests.spec.ts" time="3.398">
</testcase>
<testcase name="🗺️ Page Navigation Tests - Phase 3 › 🦶 Footer Navigation › ✅ Contact info in footer" classname="navigation-tests.spec.ts" time="3.77">
</testcase>
<testcase name="🗺️ Page Navigation Tests - Phase 3 › 🔍 Search Navigation › ✅ Search functionality on homepage" classname="navigation-tests.spec.ts" time="4.29">
</testcase>
<testcase name="🗺️ Page Navigation Tests - Phase 3 › 🔍 Search Navigation › ✅ Search from venues page" classname="navigation-tests.spec.ts" time="2.521">
</testcase>
<testcase name="🗺️ Page Navigation Tests - Phase 3 › 🔍 Search Navigation › ✅ Filter navigation on vendor page" classname="navigation-tests.spec.ts" time="1.896">
</testcase>
<testcase name="🗺️ Page Navigation Tests - Phase 3 › ↩️ Back/Forward Navigation › ✅ Browser back button works" classname="navigation-tests.spec.ts" time="3.487">
<failure message="navigation-tests.spec.ts:399:9 ✅ Browser back button works" type="FAILURE">
<![CDATA[  [chromium] › navigation-tests.spec.ts:399:9 › 🗺️ Page Navigation Tests - Phase 3 › ↩️ Back/Forward Navigation › ✅ Browser back button works 

    Error: locator.isVisible: Error: strict mode violation: locator('a[href="/venues"], a:has-text("Venues")') resolved to 2 elements:
        1) <a href="/venues" class="text-gray-700 hover:text-rose-500 dark:text-gray-300 dark:hover:text-rose-400 font-medium transition-colors">Venues</a> aka getByRole('navigation').getByRole('link', { name: 'Venues' })
        2) <a href="/venues" class="hover:text-white transition-colors">Venues</a> aka getByRole('main').getByRole('link', { name: 'Venues' })

    Call log:
        - checking visibility of locator('a[href="/venues"], a:has-text("Venues")')


      402 |       // Navigate to venues
      403 |       const venuesLink = page.locator('a[href="/venues"], a:has-text("Venues")')
    > 404 |       if (await venuesLink.isVisible()) {
          |                            ^
      405 |         await venuesLink.first().click()
      406 |         await expect(page).toHaveURL(/\/venues/)
      407 |         
        at /Users/asithalakmal/Documents/web/final project/WeddingLK-next copy/tests/e2e/navigation-tests.spec.ts:404:28

    attachment #1: screenshot (image/png) ──────────────────────────────────────────────────────────
    ../../test-results/navigation-tests-🗺️-Page--feaa1-✅-Browser-back-button-works-chromium/test-failed-1.png
    ────────────────────────────────────────────────────────────────────────────────────────────────

    attachment #2: video (video/webm) ──────────────────────────────────────────────────────────────
    ../../test-results/navigation-tests-🗺️-Page--feaa1-✅-Browser-back-button-works-chromium/video.webm
    ────────────────────────────────────────────────────────────────────────────────────────────────

    Error Context: ../../test-results/navigation-tests-🗺️-Page--feaa1-✅-Browser-back-button-works-chromium/error-context.md
]]>
</failure>
<system-out>
<![CDATA[
[[ATTACHMENT|test-results/navigation-tests-🗺️-Page--feaa1-✅-Browser-back-button-works-chromium/test-failed-1.png]]

[[ATTACHMENT|test-results/navigation-tests-🗺️-Page--feaa1-✅-Browser-back-button-works-chromium/video.webm]]

[[ATTACHMENT|test-results/navigation-tests-🗺️-Page--feaa1-✅-Browser-back-button-works-chromium/error-context.md]]
]]>
</system-out>
</testcase>
<testcase name="🗺️ Page Navigation Tests - Phase 3 › ↩️ Back/Forward Navigation › ✅ Browser forward button works" classname="navigation-tests.spec.ts" time="1.912">
</testcase>
</testsuite>
<testsuite name="payment.spec.ts" timestamp="2025-10-27T06:34:37.600Z" hostname="chromium" tests="7" failures="0" skipped="7" time="0" errors="0">
<testcase name="Payment System › DISABLED: Stripe payment integration with mock" classname="payment.spec.ts" time="0">
<properties>
<property name="skip" value="">
</property>
</properties>
<skipped>
</skipped>
</testcase>
<testcase name="Payment System › DISABLED: PayHere payment integration" classname="payment.spec.ts" time="0">
<properties>
<property name="skip" value="">
</property>
</properties>
<skipped>
</skipped>
</testcase>
<testcase name="Payment System › DISABLED: Payment failure handling" classname="payment.spec.ts" time="0">
<properties>
<property name="skip" value="">
</property>
</properties>
<skipped>
</skipped>
</testcase>
<testcase name="Payment System › DISABLED: Payment refund processing" classname="payment.spec.ts" time="0">
<properties>
<property name="skip" value="">
</property>
</properties>
<skipped>
</skipped>
</testcase>
<testcase name="Payment System › DISABLED: Payment history and analytics" classname="payment.spec.ts" time="0">
<properties>
<property name="skip" value="">
</property>
</properties>
<skipped>
</skipped>
</testcase>
<testcase name="Payment System › DISABLED: Subscription payment management" classname="payment.spec.ts" time="0">
<properties>
<property name="skip" value="">
</property>
</properties>
<skipped>
</skipped>
</testcase>
<testcase name="Payment System › DISABLED: Payment webhook handling" classname="payment.spec.ts" time="0">
<properties>
<property name="skip" value="">
</property>
</properties>
<skipped>
</skipped>
</testcase>
</testsuite>
<testsuite name="production.spec.ts" timestamp="2025-10-27T06:34:37.600Z" hostname="chromium" tests="6" failures="0" skipped="6" time="0" errors="0">
<testcase name="Production Site Tests › DISABLED: Homepage loads correctly" classname="production.spec.ts" time="0">
<properties>
<property name="skip" value="">
</property>
</properties>
<skipped>
</skipped>
</testcase>
<testcase name="Production Site Tests › DISABLED: Navigation works correctly" classname="production.spec.ts" time="0">
<properties>
<property name="skip" value="">
</property>
</properties>
<skipped>
</skipped>
</testcase>
<testcase name="Production Site Tests › DISABLED: Search functionality is present" classname="production.spec.ts" time="0">
<properties>
<property name="skip" value="">
</property>
</properties>
<skipped>
</skipped>
</testcase>
<testcase name="Production Site Tests › DISABLED: Footer links are present" classname="production.spec.ts" time="0">
<properties>
<property name="skip" value="">
</property>
</properties>
<skipped>
</skipped>
</testcase>
<testcase name="Production Site Tests › DISABLED: Responsive design works" classname="production.spec.ts" time="0">
<properties>
<property name="skip" value="">
</property>
</properties>
<skipped>
</skipped>
</testcase>
<testcase name="Production Site Tests › DISABLED: Page metadata is correct" classname="production.spec.ts" time="0">
<properties>
<property name="skip" value="">
</property>
</properties>
<skipped>
</skipped>
</testcase>
</testsuite>
<testsuite name="quick-verification.spec.ts" timestamp="2025-10-27T06:34:37.600Z" hostname="chromium" tests="6" failures="0" skipped="1" time="17.294" errors="0">
<testcase name="🚀 Quick Production Verification › Homepage loads and basic functionality works" classname="quick-verification.spec.ts" time="3.002">
</testcase>
<testcase name="🚀 Quick Production Verification › API endpoints are responding" classname="quick-verification.spec.ts" time="2.219">
</testcase>
<testcase name="🚀 Quick Production Verification › Database connection is working - DISABLED (Slow endpoint)" classname="quick-verification.spec.ts" time="0">
<properties>
<property name="skip" value="">
</property>
</properties>
<skipped>
</skipped>
</testcase>
<testcase name="🚀 Quick Production Verification › Navigation works correctly" classname="quick-verification.spec.ts" time="3.687">
</testcase>
<testcase name="🚀 Quick Production Verification › Page is responsive" classname="quick-verification.spec.ts" time="4.106">
</testcase>
<testcase name="🚀 Quick Production Verification › No critical JavaScript errors" classname="quick-verification.spec.ts" time="4.28">
</testcase>
</testsuite>
<testsuite name="rbac-comprehensive.spec.ts" timestamp="2025-10-27T06:34:37.600Z" hostname="chromium" tests="28" failures="0" skipped="28" time="0" errors="0">
<testcase name="🔐 User Role RBAC Tests › DISABLED: User Role - Allowed Access" classname="rbac-comprehensive.spec.ts" time="0">
<properties>
<property name="skip" value="">
</property>
</properties>
<skipped>
</skipped>
</testcase>
<testcase name="🔐 User Role RBAC Tests › DISABLED: User Role - Navigation Items Visibility" classname="rbac-comprehensive.spec.ts" time="0">
<properties>
<property name="skip" value="">
</property>
</properties>
<skipped>
</skipped>
</testcase>
<testcase name="🔐 User Role RBAC Tests › DISABLED: User Role - Feature Access Control" classname="rbac-comprehensive.spec.ts" time="0">
<properties>
<property name="skip" value="">
</property>
</properties>
<skipped>
</skipped>
</testcase>
<testcase name="🏢 Vendor Role RBAC Tests › DISABLED: Vendor Role - Allowed Access" classname="rbac-comprehensive.spec.ts" time="0">
<properties>
<property name="skip" value="">
</property>
</properties>
<skipped>
</skipped>
</testcase>
<testcase name="🏢 Vendor Role RBAC Tests › DISABLED: Vendor Role - Navigation Items Visibility" classname="rbac-comprehensive.spec.ts" time="0">
<properties>
<property name="skip" value="">
</property>
</properties>
<skipped>
</skipped>
</testcase>
<testcase name="🏢 Vendor Role RBAC Tests › DISABLED: Vendor Role - Feature Access Control" classname="rbac-comprehensive.spec.ts" time="0">
<properties>
<property name="skip" value="">
</property>
</properties>
<skipped>
</skipped>
</testcase>
<testcase name="👥 Wedding Planner Role RBAC Tests › DISABLED: Wedding Planner Role - Allowed Access" classname="rbac-comprehensive.spec.ts" time="0">
<properties>
<property name="skip" value="">
</property>
</properties>
<skipped>
</skipped>
</testcase>
<testcase name="👥 Wedding Planner Role RBAC Tests › DISABLED: Wedding Planner Role - Navigation Items Visibility" classname="rbac-comprehensive.spec.ts" time="0">
<properties>
<property name="skip" value="">
</property>
</properties>
<skipped>
</skipped>
</testcase>
<testcase name="👥 Wedding Planner Role RBAC Tests › DISABLED: Wedding Planner Role - Feature Access Control" classname="rbac-comprehensive.spec.ts" time="0">
<properties>
<property name="skip" value="">
</property>
</properties>
<skipped>
</skipped>
</testcase>
<testcase name="👑 Admin Role RBAC Tests › DISABLED: Admin Role - Allowed Access" classname="rbac-comprehensive.spec.ts" time="0">
<properties>
<property name="skip" value="">
</property>
</properties>
<skipped>
</skipped>
</testcase>
<testcase name="👑 Admin Role RBAC Tests › DISABLED: Admin Role - Navigation Items Visibility" classname="rbac-comprehensive.spec.ts" time="0">
<properties>
<property name="skip" value="">
</property>
</properties>
<skipped>
</skipped>
</testcase>
<testcase name="👑 Admin Role RBAC Tests › DISABLED: Admin Role - Feature Access Control" classname="rbac-comprehensive.spec.ts" time="0">
<properties>
<property name="skip" value="">
</property>
</properties>
<skipped>
</skipped>
</testcase>
<testcase name="🔧 Maintainer Role RBAC Tests › DISABLED: Maintainer Role - Allowed Access" classname="rbac-comprehensive.spec.ts" time="0">
<properties>
<property name="skip" value="">
</property>
</properties>
<skipped>
</skipped>
</testcase>
<testcase name="🔧 Maintainer Role RBAC Tests › DISABLED: Maintainer Role - Debug Access" classname="rbac-comprehensive.spec.ts" time="0">
<properties>
<property name="skip" value="">
</property>
</properties>
<skipped>
</skipped>
</testcase>
<testcase name="🛡️ Middleware Route Protection Tests › DISABLED: Unauthenticated Access Protection" classname="rbac-comprehensive.spec.ts" time="0">
<properties>
<property name="skip" value="">
</property>
</properties>
<skipped>
</skipped>
</testcase>
<testcase name="🛡️ Middleware Route Protection Tests › DISABLED: Role-Based Route Protection" classname="rbac-comprehensive.spec.ts" time="0">
<properties>
<property name="skip" value="">
</property>
</properties>
<skipped>
</skipped>
</testcase>
<testcase name="🔌 API Endpoint Authorization Tests › DISABLED: API Authentication Requirements" classname="rbac-comprehensive.spec.ts" time="0">
<properties>
<property name="skip" value="">
</property>
</properties>
<skipped>
</skipped>
</testcase>
<testcase name="🔌 API Endpoint Authorization Tests › DISABLED: API Role-Based Authorization" classname="rbac-comprehensive.spec.ts" time="0">
<properties>
<property name="skip" value="">
</property>
</properties>
<skipped>
</skipped>
</testcase>
<testcase name="🔌 API Endpoint Authorization Tests › DISABLED: API Permission-Based Authorization" classname="rbac-comprehensive.spec.ts" time="0">
<properties>
<property name="skip" value="">
</property>
</properties>
<skipped>
</skipped>
</testcase>
<testcase name="🎨 UI Component Visibility Tests › DISABLED: Dashboard Components Based on Role" classname="rbac-comprehensive.spec.ts" time="0">
<properties>
<property name="skip" value="">
</property>
</properties>
<skipped>
</skipped>
</testcase>
<testcase name="🎨 UI Component Visibility Tests › DISABLED: Navigation Menu Based on Role" classname="rbac-comprehensive.spec.ts" time="0">
<properties>
<property name="skip" value="">
</property>
</properties>
<skipped>
</skipped>
</testcase>
<testcase name="🎨 UI Component Visibility Tests › DISABLED: Action Buttons Based on Permissions" classname="rbac-comprehensive.spec.ts" time="0">
<properties>
<property name="skip" value="">
</property>
</properties>
<skipped>
</skipped>
</testcase>
<testcase name="🔄 Role Switching and Session Management › DISABLED: Role-Based Session Persistence" classname="rbac-comprehensive.spec.ts" time="0">
<properties>
<property name="skip" value="">
</property>
</properties>
<skipped>
</skipped>
</testcase>
<testcase name="🔄 Role Switching and Session Management › DISABLED: Role-Based Data Filtering" classname="rbac-comprehensive.spec.ts" time="0">
<properties>
<property name="skip" value="">
</property>
</properties>
<skipped>
</skipped>
</testcase>
<testcase name="🚨 Security and Error Handling › DISABLED: Unauthorized Access Attempts" classname="rbac-comprehensive.spec.ts" time="0">
<properties>
<property name="skip" value="">
</property>
</properties>
<skipped>
</skipped>
</testcase>
<testcase name="🚨 Security and Error Handling › DISABLED: Permission Denied Handling" classname="rbac-comprehensive.spec.ts" time="0">
<properties>
<property name="skip" value="">
</property>
</properties>
<skipped>
</skipped>
</testcase>
<testcase name="📊 Analytics and Reporting RBAC › DISABLED: Role-Based Analytics Access" classname="rbac-comprehensive.spec.ts" time="0">
<properties>
<property name="skip" value="">
</property>
</properties>
<skipped>
</skipped>
</testcase>
<testcase name="📊 Analytics and Reporting RBAC › DISABLED: Data Visibility Based on Role" classname="rbac-comprehensive.spec.ts" time="0">
<properties>
<property name="skip" value="">
</property>
</properties>
<skipped>
</skipped>
</testcase>
</testsuite>
<testsuite name="realistic-live-deployment.spec.ts" timestamp="2025-10-27T06:34:37.600Z" hostname="chromium" tests="14" failures="0" skipped="14" time="0" errors="0">
<testcase name="🚀 REALISTIC LIVE DEPLOYMENT TESTING › DISABLED: 🏠 HOMEPAGE - Realistic Frontend Testing" classname="realistic-live-deployment.spec.ts" time="0">
<properties>
<property name="skip" value="">
</property>
</properties>
<skipped>
</skipped>
</testcase>
<testcase name="🚀 REALISTIC LIVE DEPLOYMENT TESTING › DISABLED: 🔐 AUTHENTICATION - Realistic Auth Flow Testing" classname="realistic-live-deployment.spec.ts" time="0">
<properties>
<property name="skip" value="">
</property>
</properties>
<skipped>
</skipped>
</testcase>
<testcase name="🚀 REALISTIC LIVE DEPLOYMENT TESTING › DISABLED: 🏢 VENUES - Realistic Venue Testing" classname="realistic-live-deployment.spec.ts" time="0">
<properties>
<property name="skip" value="">
</property>
</properties>
<skipped>
</skipped>
</testcase>
<testcase name="🚀 REALISTIC LIVE DEPLOYMENT TESTING › DISABLED: 🏪 VENDORS - Realistic Vendor Testing" classname="realistic-live-deployment.spec.ts" time="0">
<properties>
<property name="skip" value="">
</property>
</properties>
<skipped>
</skipped>
</testcase>
<testcase name="🚀 REALISTIC LIVE DEPLOYMENT TESTING › DISABLED: 📱 FEED - Realistic Social Feed Testing" classname="realistic-live-deployment.spec.ts" time="0">
<properties>
<property name="skip" value="">
</property>
</properties>
<skipped>
</skipped>
</testcase>
<testcase name="🚀 REALISTIC LIVE DEPLOYMENT TESTING › DISABLED: 🖼️ GALLERY - Realistic Gallery Testing" classname="realistic-live-deployment.spec.ts" time="0">
<properties>
<property name="skip" value="">
</property>
</properties>
<skipped>
</skipped>
</testcase>
<testcase name="🚀 REALISTIC LIVE DEPLOYMENT TESTING › DISABLED: 📊 DASHBOARD - Realistic Dashboard Testing" classname="realistic-live-deployment.spec.ts" time="0">
<properties>
<property name="skip" value="">
</property>
</properties>
<skipped>
</skipped>
</testcase>
<testcase name="🚀 REALISTIC LIVE DEPLOYMENT TESTING › DISABLED: 🔧 API ENDPOINTS - Realistic API Testing" classname="realistic-live-deployment.spec.ts" time="0">
<properties>
<property name="skip" value="">
</property>
</properties>
<skipped>
</skipped>
</testcase>
<testcase name="🚀 REALISTIC LIVE DEPLOYMENT TESTING › DISABLED: 📱 RESPONSIVE DESIGN - Realistic Mobile Testing" classname="realistic-live-deployment.spec.ts" time="0">
<properties>
<property name="skip" value="">
</property>
</properties>
<skipped>
</skipped>
</testcase>
<testcase name="🚀 REALISTIC LIVE DEPLOYMENT TESTING › DISABLED: 🎨 UI COMPONENTS - Realistic Component Testing" classname="realistic-live-deployment.spec.ts" time="0">
<properties>
<property name="skip" value="">
</property>
</properties>
<skipped>
</skipped>
</testcase>
<testcase name="🚀 REALISTIC LIVE DEPLOYMENT TESTING › DISABLED: ⚡ PERFORMANCE - Realistic Performance Testing" classname="realistic-live-deployment.spec.ts" time="0">
<properties>
<property name="skip" value="">
</property>
</properties>
<skipped>
</skipped>
</testcase>
<testcase name="🚀 REALISTIC LIVE DEPLOYMENT TESTING › DISABLED: 🔍 ERROR HANDLING - Realistic Error Testing" classname="realistic-live-deployment.spec.ts" time="0">
<properties>
<property name="skip" value="">
</property>
</properties>
<skipped>
</skipped>
</testcase>
<testcase name="🚀 REALISTIC LIVE DEPLOYMENT TESTING › DISABLED: 🎯 FINAL INTEGRATION - Realistic System Integration" classname="realistic-live-deployment.spec.ts" time="0">
<properties>
<property name="skip" value="">
</property>
</properties>
<skipped>
</skipped>
</testcase>
<testcase name="🚀 REALISTIC LIVE DEPLOYMENT TESTING › DISABLED: 📊 LIVE DEPLOYMENT STATUS REPORT" classname="realistic-live-deployment.spec.ts" time="0">
<properties>
<property name="skip" value="">
</property>
</properties>
<skipped>
</skipped>
</testcase>
</testsuite>
<testsuite name="responsive-tests.spec.ts" timestamp="2025-10-27T06:34:37.600Z" hostname="chromium" tests="32" failures="2" skipped="0" time="107.862" errors="0">
<testcase name="📱 Responsive Design Tests - Phase 5 › 📱 Mobile Responsive (375px) › ✅ Homepage is mobile responsive" classname="responsive-tests.spec.ts" time="2.163">
</testcase>
<testcase name="📱 Responsive Design Tests - Phase 5 › 📱 Mobile Responsive (375px) › ✅ Navigation menu works on mobile" classname="responsive-tests.spec.ts" time="3.508">
</testcase>
<testcase name="📱 Responsive Design Tests - Phase 5 › 📱 Mobile Responsive (375px) › ✅ Venues page is mobile responsive" classname="responsive-tests.spec.ts" time="2.68">
</testcase>
<testcase name="📱 Responsive Design Tests - Phase 5 › 📱 Mobile Responsive (375px) › ✅ Vendors page is mobile responsive" classname="responsive-tests.spec.ts" time="1.841">
</testcase>
<testcase name="📱 Responsive Design Tests - Phase 5 › 📱 Mobile Responsive (375px) › ✅ Login form is mobile responsive" classname="responsive-tests.spec.ts" time="1.862">
</testcase>
<testcase name="📱 Responsive Design Tests - Phase 5 › 📱 Mobile Responsive (375px) › ✅ Register form is mobile responsive" classname="responsive-tests.spec.ts" time="2.739">
</testcase>
<testcase name="📱 Responsive Design Tests - Phase 5 › 📱 Mobile Responsive (375px) › ✅ Footer is mobile responsive" classname="responsive-tests.spec.ts" time="3.833">
</testcase>
<testcase name="📱 Responsive Design Tests - Phase 5 › 📱 Mobile Responsive (375px) › ✅ Images are responsive" classname="responsive-tests.spec.ts" time="2.062">
</testcase>
<testcase name="📱 Responsive Design Tests - Phase 5 › 📱 Mobile Responsive (375px) › ✅ Buttons are mobile touch-friendly" classname="responsive-tests.spec.ts" time="3.355">
<failure message="responsive-tests.spec.ts:101:9 ✅ Buttons are mobile touch-friendly" type="FAILURE">
<![CDATA[  [chromium] › responsive-tests.spec.ts:101:9 › 📱 Responsive Design Tests - Phase 5 › 📱 Mobile Responsive (375px) › ✅ Buttons are mobile touch-friendly 

    Error: expect(received).toBeGreaterThanOrEqual(expected)

    Expected: >= 40
    Received:    36

      109 |         // Buttons should be at least 44x44px (touch-friendly size)
      110 |         if (box) {
    > 111 |           expect(box.height).toBeGreaterThanOrEqual(40)
          |                              ^
      112 |         }
      113 |       }
      114 |     })
        at /Users/asithalakmal/Documents/web/final project/WeddingLK-next copy/tests/e2e/responsive-tests.spec.ts:111:30

    attachment #1: screenshot (image/png) ──────────────────────────────────────────────────────────
    ../../test-results/responsive-tests-📱-Respon-69dff-s-are-mobile-touch-friendly-chromium/test-failed-1.png
    ────────────────────────────────────────────────────────────────────────────────────────────────

    attachment #2: video (video/webm) ──────────────────────────────────────────────────────────────
    ../../test-results/responsive-tests-📱-Respon-69dff-s-are-mobile-touch-friendly-chromium/video.webm
    ────────────────────────────────────────────────────────────────────────────────────────────────

    Error Context: ../../test-results/responsive-tests-📱-Respon-69dff-s-are-mobile-touch-friendly-chromium/error-context.md
]]>
</failure>
<system-out>
<![CDATA[
[[ATTACHMENT|test-results/responsive-tests-📱-Respon-69dff-s-are-mobile-touch-friendly-chromium/test-failed-1.png]]

[[ATTACHMENT|test-results/responsive-tests-📱-Respon-69dff-s-are-mobile-touch-friendly-chromium/video.webm]]

[[ATTACHMENT|test-results/responsive-tests-📱-Respon-69dff-s-are-mobile-touch-friendly-chromium/error-context.md]]
]]>
</system-out>
</testcase>
<testcase name="📱 Responsive Design Tests - Phase 5 › 📱 Mobile Responsive (375px) › ✅ Text is readable on mobile" classname="responsive-tests.spec.ts" time="3.054">
<failure message="responsive-tests.spec.ts:116:9 ✅ Text is readable on mobile" type="FAILURE">
<![CDATA[  [chromium] › responsive-tests.spec.ts:116:9 › 📱 Responsive Design Tests - Phase 5 › 📱 Mobile Responsive (375px) › ✅ Text is readable on mobile 

    Error: locator.isVisible: Error: strict mode violation: locator('h1, h2') resolved to 4 elements:
        1) <h1 class="text-4xl md:text-6xl font-bold text-gray-900 dark:text-white mb-6">…</h1> aka getByRole('heading', { name: 'Find Your Perfect Wedding' })
        2) <h2 class="text-3xl font-bold tracking-tight text-gray-900 dark:text-white sm:text-4xl">Everything You Need for Your Perfect Day</h2> aka getByRole('heading', { name: 'Everything You Need for Your' })
        3) <h2 class="text-4xl md:text-5xl font-bold mb-6 bg-gradient-to-r from-pink-600 to-purple-600 bg-clip-text text-transparent">Numbers That Tell Our Story</h2> aka getByRole('heading', { name: 'Numbers That Tell Our Story' })
        4) <h2 class="text-3xl font-bold text-white sm:text-4xl">Ready to Start Planning?</h2> aka getByRole('heading', { name: 'Ready to Start Planning?' })

    Call log:
        - checking visibility of locator('h1, h2')


      118 |       
      119 |       const heading = page.locator('h1, h2')
    > 120 |       if (await heading.isVisible()) {
          |                         ^
      121 |         const fontSize = await heading.evaluate(el => 
      122 |           window.getComputedStyle(el).fontSize
      123 |         )
        at /Users/asithalakmal/Documents/web/final project/WeddingLK-next copy/tests/e2e/responsive-tests.spec.ts:120:25

    attachment #1: screenshot (image/png) ──────────────────────────────────────────────────────────
    ../../test-results/responsive-tests-📱-Respon-6aa3a--Text-is-readable-on-mobile-chromium/test-failed-1.png
    ────────────────────────────────────────────────────────────────────────────────────────────────

    attachment #2: video (video/webm) ──────────────────────────────────────────────────────────────
    ../../test-results/responsive-tests-📱-Respon-6aa3a--Text-is-readable-on-mobile-chromium/video.webm
    ────────────────────────────────────────────────────────────────────────────────────────────────

    Error Context: ../../test-results/responsive-tests-📱-Respon-6aa3a--Text-is-readable-on-mobile-chromium/error-context.md
]]>
</failure>
<system-out>
<![CDATA[
[[ATTACHMENT|test-results/responsive-tests-📱-Respon-6aa3a--Text-is-readable-on-mobile-chromium/test-failed-1.png]]

[[ATTACHMENT|test-results/responsive-tests-📱-Respon-6aa3a--Text-is-readable-on-mobile-chromium/video.webm]]

[[ATTACHMENT|test-results/responsive-tests-📱-Respon-6aa3a--Text-is-readable-on-mobile-chromium/error-context.md]]
]]>
</system-out>
</testcase>
<testcase name="📱 Responsive Design Tests - Phase 5 › 📱 Mobile Responsive (375px) › ✅ No horizontal scroll on mobile" classname="responsive-tests.spec.ts" time="4.001">
</testcase>
<testcase name="📱 Responsive Design Tests - Phase 5 › 📊 Tablet Responsive (768px) › ✅ Homepage is tablet responsive" classname="responsive-tests.spec.ts" time="4.702">
</testcase>
<testcase name="📱 Responsive Design Tests - Phase 5 › 📊 Tablet Responsive (768px) › ✅ Two-column layout on tablet" classname="responsive-tests.spec.ts" time="2.768">
</testcase>
<testcase name="📱 Responsive Design Tests - Phase 5 › 📊 Tablet Responsive (768px) › ✅ Sidebar shows on tablet" classname="responsive-tests.spec.ts" time="5.154">
</testcase>
<testcase name="📱 Responsive Design Tests - Phase 5 › 📊 Tablet Responsive (768px) › ✅ Navigation is usable on tablet" classname="responsive-tests.spec.ts" time="3.999">
</testcase>
<testcase name="📱 Responsive Design Tests - Phase 5 › 📊 Tablet Responsive (768px) › ✅ Forms have proper spacing on tablet" classname="responsive-tests.spec.ts" time="1.822">
</testcase>
<testcase name="📱 Responsive Design Tests - Phase 5 › 🖥️ Desktop Responsive (1920px) › ✅ Homepage uses full desktop width" classname="responsive-tests.spec.ts" time="6.1">
</testcase>
<testcase name="📱 Responsive Design Tests - Phase 5 › 🖥️ Desktop Responsive (1920px) › ✅ Multi-column grid on desktop" classname="responsive-tests.spec.ts" time="3.494">
</testcase>
<testcase name="📱 Responsive Design Tests - Phase 5 › 🖥️ Desktop Responsive (1920px) › ✅ Sidebar visible on desktop" classname="responsive-tests.spec.ts" time="6.395">
</testcase>
<testcase name="📱 Responsive Design Tests - Phase 5 › 🖥️ Desktop Responsive (1920px) › ✅ Footer content is distributed on desktop" classname="responsive-tests.spec.ts" time="3.361">
</testcase>
<testcase name="📱 Responsive Design Tests - Phase 5 › 🖥️ Desktop Responsive (1920px) › ✅ Large images display properly" classname="responsive-tests.spec.ts" time="2.035">
</testcase>
<testcase name="📱 Responsive Design Tests - Phase 5 › 🔄 Orientation Changes › ✅ Page reflows when changing from portrait to landscape" classname="responsive-tests.spec.ts" time="3.465">
</testcase>
<testcase name="📱 Responsive Design Tests - Phase 5 › 🔄 Orientation Changes › ✅ Content reflows from landscape to portrait" classname="responsive-tests.spec.ts" time="2.9">
</testcase>
<testcase name="📱 Responsive Design Tests - Phase 5 › 🎯 CSS Breakpoints › ✅ Small breakpoint (320px)" classname="responsive-tests.spec.ts" time="3.493">
</testcase>
<testcase name="📱 Responsive Design Tests - Phase 5 › 🎯 CSS Breakpoints › ✅ Medium breakpoint (768px)" classname="responsive-tests.spec.ts" time="4.457">
</testcase>
<testcase name="📱 Responsive Design Tests - Phase 5 › 🎯 CSS Breakpoints › ✅ Large breakpoint (1024px)" classname="responsive-tests.spec.ts" time="4.104">
</testcase>
<testcase name="📱 Responsive Design Tests - Phase 5 › 🎯 CSS Breakpoints › ✅ Extra large breakpoint (1440px)" classname="responsive-tests.spec.ts" time="4.972">
</testcase>
<testcase name="📱 Responsive Design Tests - Phase 5 › 📲 Device-Specific Responsive › ✅ iPhone SE responsive" classname="responsive-tests.spec.ts" time="2.988">
</testcase>
<testcase name="📱 Responsive Design Tests - Phase 5 › 📲 Device-Specific Responsive › ✅ iPhone 12/13 responsive" classname="responsive-tests.spec.ts" time="2.989">
</testcase>
<testcase name="📱 Responsive Design Tests - Phase 5 › 📲 Device-Specific Responsive › ✅ iPad responsive" classname="responsive-tests.spec.ts" time="2.441">
</testcase>
<testcase name="📱 Responsive Design Tests - Phase 5 › 📲 Device-Specific Responsive › ✅ Samsung Galaxy responsive" classname="responsive-tests.spec.ts" time="2.483">
</testcase>
<testcase name="📱 Responsive Design Tests - Phase 5 › 📲 Device-Specific Responsive › ✅ Standard Android tablet" classname="responsive-tests.spec.ts" time="2.642">
</testcase>
</testsuite>
<testsuite name="simple.spec.ts" timestamp="2025-10-27T06:34:37.600Z" hostname="chromium" tests="5" failures="0" skipped="5" time="0" errors="0">
<testcase name="Simple Production Tests › DISABLED: Homepage loads and has basic content" classname="simple.spec.ts" time="0">
<properties>
<property name="skip" value="">
</property>
</properties>
<skipped>
</skipped>
</testcase>
<testcase name="Simple Production Tests › DISABLED: Page has navigation elements" classname="simple.spec.ts" time="0">
<properties>
<property name="skip" value="">
</property>
</properties>
<skipped>
</skipped>
</testcase>
<testcase name="Simple Production Tests › DISABLED: Page has footer content" classname="simple.spec.ts" time="0">
<properties>
<property name="skip" value="">
</property>
</properties>
<skipped>
</skipped>
</testcase>
<testcase name="Simple Production Tests › DISABLED: Page is responsive" classname="simple.spec.ts" time="0">
<properties>
<property name="skip" value="">
</property>
</properties>
<skipped>
</skipped>
</testcase>
<testcase name="Simple Production Tests › DISABLED: Page has correct metadata" classname="simple.spec.ts" time="0">
<properties>
<property name="skip" value="">
</property>
</properties>
<skipped>
</skipped>
</testcase>
</testsuite>
<testsuite name="user-journey-tests.spec.ts" timestamp="2025-10-27T06:34:37.600Z" hostname="chromium" tests="29" failures="3" skipped="0" time="131.592" errors="0">
<testcase name="🚀 User Journey Tests - Phase 4 › 👰 Bride/Groom Wedding Planning Journey › ✅ Complete bride journey: Explore &gt; Favorite &gt; Book vendor" classname="user-journey-tests.spec.ts" time="4.24">
<failure message="user-journey-tests.spec.ts:24:9 ✅ Complete bride journey: Explore &gt; Favorite &gt; Book vendor" type="FAILURE">
<![CDATA[  [chromium] › user-journey-tests.spec.ts:24:9 › 🚀 User Journey Tests - Phase 4 › 👰 Bride/Groom Wedding Planning Journey › ✅ Complete bride journey: Explore > Favorite > Book vendor 

    Error: expect(locator).toContainText(expected) failed

    Locator: locator('h1, h2')
    Expected pattern: /Wedding|Venue|Vendor/
    Error: strict mode violation: locator('h1, h2') resolved to 4 elements:
        1) <h1 class="text-4xl md:text-6xl font-bold text-gray-900 dark:text-white mb-6">…</h1> aka getByRole('heading', { name: 'Find Your Perfect Wedding' })
        2) <h2 class="text-3xl font-bold tracking-tight text-gray-900 dark:text-white sm:text-4xl">Everything You Need for Your Perfect Day</h2> aka getByRole('heading', { name: 'Everything You Need for Your' })
        3) <h2 class="text-4xl md:text-5xl font-bold mb-6 bg-gradient-to-r from-pink-600 to-purple-600 bg-clip-text text-transparent">Numbers That Tell Our Story</h2> aka getByRole('heading', { name: 'Numbers That Tell Our Story' })
        4) <h2 class="text-3xl font-bold text-white sm:text-4xl">Ready to Start Planning?</h2> aka getByRole('heading', { name: 'Ready to Start Planning?' })

    Call log:
      - Expect "toContainText" with timeout 30000ms
      - waiting for locator('h1, h2')


      25 |       // Step 1: Browse homepage
      26 |       await page.goto('/')
    > 27 |       await expect(page.locator('h1, h2')).toContainText(/Wedding|Venue|Vendor/)
         |                                            ^
      28 |
      29 |       // Step 2: View venues
      30 |       const venuesLink = page.locator('a[href="/venues"], a:has-text("Venues")')
        at /Users/asithalakmal/Documents/web/final project/WeddingLK-next copy/tests/e2e/user-journey-tests.spec.ts:27:44

    attachment #1: screenshot (image/png) ──────────────────────────────────────────────────────────
    ../../test-results/user-journey-tests-🚀-User-46e41-xplore-Favorite-Book-vendor-chromium/test-failed-1.png
    ────────────────────────────────────────────────────────────────────────────────────────────────

    attachment #2: video (video/webm) ──────────────────────────────────────────────────────────────
    ../../test-results/user-journey-tests-🚀-User-46e41-xplore-Favorite-Book-vendor-chromium/video.webm
    ────────────────────────────────────────────────────────────────────────────────────────────────

    Error Context: ../../test-results/user-journey-tests-🚀-User-46e41-xplore-Favorite-Book-vendor-chromium/error-context.md
]]>
</failure>
<system-out>
<![CDATA[
[[ATTACHMENT|test-results/user-journey-tests-🚀-User-46e41-xplore-Favorite-Book-vendor-chromium/test-failed-1.png]]

[[ATTACHMENT|test-results/user-journey-tests-🚀-User-46e41-xplore-Favorite-Book-vendor-chromium/video.webm]]

[[ATTACHMENT|test-results/user-journey-tests-🚀-User-46e41-xplore-Favorite-Book-vendor-chromium/error-context.md]]
]]>
</system-out>
</testcase>
<testcase name="🚀 User Journey Tests - Phase 4 › 👰 Bride/Groom Wedding Planning Journey › ✅ User discovery journey: Search &gt; Filter &gt; View details" classname="user-journey-tests.spec.ts" time="4.447">
</testcase>
<testcase name="🚀 User Journey Tests - Phase 4 › 👰 Bride/Groom Wedding Planning Journey › ✅ User favorites journey: Add &gt; View &gt; Remove" classname="user-journey-tests.spec.ts" time="4.73">
</testcase>
<testcase name="🚀 User Journey Tests - Phase 4 › 👰 Bride/Groom Wedding Planning Journey › ✅ User booking inquiry journey" classname="user-journey-tests.spec.ts" time="4.241">
</testcase>
<testcase name="🚀 User Journey Tests - Phase 4 › 👰 Bride/Groom Wedding Planning Journey › ✅ User profile completion journey" classname="user-journey-tests.spec.ts" time="5.975">
</testcase>
<testcase name="🚀 User Journey Tests - Phase 4 › 👰 Bride/Groom Wedding Planning Journey › ✅ User settings &amp; preferences journey" classname="user-journey-tests.spec.ts" time="3.691">
</testcase>
<testcase name="🚀 User Journey Tests - Phase 4 › 📸 Vendor Business Journey › ✅ Complete vendor onboarding &amp; service setup" classname="user-journey-tests.spec.ts" time="4.982">
</testcase>
<testcase name="🚀 User Journey Tests - Phase 4 › 📸 Vendor Business Journey › ✅ Vendor booking management journey" classname="user-journey-tests.spec.ts" time="4.006">
</testcase>
<testcase name="🚀 User Journey Tests - Phase 4 › 📸 Vendor Business Journey › ✅ Vendor profile &amp; portfolio journey" classname="user-journey-tests.spec.ts" time="4.659">
</testcase>
<testcase name="🚀 User Journey Tests - Phase 4 › 📸 Vendor Business Journey › ✅ Vendor performance tracking journey" classname="user-journey-tests.spec.ts" time="5.362">
</testcase>
<testcase name="🚀 User Journey Tests - Phase 4 › 📸 Vendor Business Journey › ✅ Vendor service pricing journey" classname="user-journey-tests.spec.ts" time="4.15">
</testcase>
<testcase name="🚀 User Journey Tests - Phase 4 › 👑 Admin Platform Management Journey › ✅ Admin user management journey" classname="user-journey-tests.spec.ts" time="4.688">
</testcase>
<testcase name="🚀 User Journey Tests - Phase 4 › 👑 Admin Platform Management Journey › ✅ Admin analytics &amp; reporting journey" classname="user-journey-tests.spec.ts" time="5.128">
</testcase>
<testcase name="🚀 User Journey Tests - Phase 4 › 👑 Admin Platform Management Journey › ✅ Admin platform settings journey" classname="user-journey-tests.spec.ts" time="4.356">
</testcase>
<testcase name="🚀 User Journey Tests - Phase 4 › 👑 Admin Platform Management Journey › ✅ Admin content moderation journey" classname="user-journey-tests.spec.ts" time="5.166">
</testcase>
<testcase name="🚀 User Journey Tests - Phase 4 › 🔄 Cross-Platform User Journeys › ✅ Desktop to mobile navigation journey" classname="user-journey-tests.spec.ts" time="4.208">
</testcase>
<testcase name="🚀 User Journey Tests - Phase 4 › 🔄 Cross-Platform User Journeys › ✅ Public to authenticated user journey" classname="user-journey-tests.spec.ts" time="4.574">
<failure message="user-journey-tests.spec.ts:255:9 ✅ Public to authenticated user journey" type="FAILURE">
<![CDATA[  [chromium] › user-journey-tests.spec.ts:255:9 › 🚀 User Journey Tests - Phase 4 › 🔄 Cross-Platform User Journeys › ✅ Public to authenticated user journey 

    Error: locator.isVisible: Error: strict mode violation: locator('a[href="/venues"], a:has-text("Venues")') resolved to 2 elements:
        1) <a href="/venues" class="text-gray-700 hover:text-rose-500 dark:text-gray-300 dark:hover:text-rose-400 font-medium transition-colors">Venues</a> aka getByRole('navigation').getByRole('link', { name: 'Venues' })
        2) <a href="/venues" class="hover:text-white transition-colors">Venues</a> aka getByRole('main').getByRole('link', { name: 'Venues' })

    Call log:
        - checking visibility of locator('a[href="/venues"], a:has-text("Venues")')


      257 |       await page.goto('/')
      258 |       const venuesLink = page.locator('a[href="/venues"], a:has-text("Venues")')
    > 259 |       if (await venuesLink.isVisible()) {
          |                            ^
      260 |         await venuesLink.first().click()
      261 |       }
      262 |
        at /Users/asithalakmal/Documents/web/final project/WeddingLK-next copy/tests/e2e/user-journey-tests.spec.ts:259:28

    attachment #1: screenshot (image/png) ──────────────────────────────────────────────────────────
    ../../test-results/user-journey-tests-🚀-User-ac4ca--authenticated-user-journey-chromium/test-failed-1.png
    ────────────────────────────────────────────────────────────────────────────────────────────────

    attachment #2: video (video/webm) ──────────────────────────────────────────────────────────────
    ../../test-results/user-journey-tests-🚀-User-ac4ca--authenticated-user-journey-chromium/video.webm
    ────────────────────────────────────────────────────────────────────────────────────────────────

    Error Context: ../../test-results/user-journey-tests-🚀-User-ac4ca--authenticated-user-journey-chromium/error-context.md
]]>
</failure>
<system-out>
<![CDATA[
[[ATTACHMENT|test-results/user-journey-tests-🚀-User-ac4ca--authenticated-user-journey-chromium/test-failed-1.png]]

[[ATTACHMENT|test-results/user-journey-tests-🚀-User-ac4ca--authenticated-user-journey-chromium/video.webm]]

[[ATTACHMENT|test-results/user-journey-tests-🚀-User-ac4ca--authenticated-user-journey-chromium/error-context.md]]
]]>
</system-out>
</testcase>
<testcase name="🚀 User Journey Tests - Phase 4 › 🔄 Cross-Platform User Journeys › ✅ Multi-tab session persistence journey" classname="user-journey-tests.spec.ts" time="5.778">
</testcase>
<testcase name="🚀 User Journey Tests - Phase 4 › 🔄 Cross-Platform User Journeys › ✅ Search to details to booking journey" classname="user-journey-tests.spec.ts" time="4.025">
</testcase>
<testcase name="🚀 User Journey Tests - Phase 4 › 🔄 Error Recovery Journeys › ✅ Login failure recovery journey" classname="user-journey-tests.spec.ts" time="4.715">
</testcase>
<testcase name="🚀 User Journey Tests - Phase 4 › 🔄 Error Recovery Journeys › ✅ Network error recovery journey" classname="user-journey-tests.spec.ts" time="3.384">
<failure message="user-journey-tests.spec.ts:335:9 ✅ Network error recovery journey" type="FAILURE">
<![CDATA[  [chromium] › user-journey-tests.spec.ts:335:9 › 🚀 User Journey Tests - Phase 4 › 🔄 Error Recovery Journeys › ✅ Network error recovery journey 

    Error: locator.isVisible: Error: strict mode violation: locator('a[href="/venues"]') resolved to 2 elements:
        1) <a href="/venues" class="text-gray-700 hover:text-rose-500 dark:text-gray-300 dark:hover:text-rose-400 font-medium transition-colors">Venues</a> aka getByRole('navigation').getByRole('link', { name: 'Venues' })
        2) <a href="/venues" class="hover:text-white transition-colors">Venues</a> aka getByRole('contentinfo').getByRole('link', { name: 'Venues' })

    Call log:
        - checking visibility of locator('a[href="/venues"]')


      342 |       // Try to navigate
      343 |       const venuesLink = page.locator('a[href="/venues"]')
    > 344 |       if (await venuesLink.isVisible()) {
          |                            ^
      345 |         await venuesLink.first().click()
      346 |       }
      347 |
        at /Users/asithalakmal/Documents/web/final project/WeddingLK-next copy/tests/e2e/user-journey-tests.spec.ts:344:28

    attachment #1: screenshot (image/png) ──────────────────────────────────────────────────────────
    ../../test-results/user-journey-tests-🚀-User-be996-work-error-recovery-journey-chromium/test-failed-1.png
    ────────────────────────────────────────────────────────────────────────────────────────────────

    attachment #2: video (video/webm) ──────────────────────────────────────────────────────────────
    ../../test-results/user-journey-tests-🚀-User-be996-work-error-recovery-journey-chromium/video.webm
    ────────────────────────────────────────────────────────────────────────────────────────────────

    Error Context: ../../test-results/user-journey-tests-🚀-User-be996-work-error-recovery-journey-chromium/error-context.md
]]>
</failure>
<system-out>
<![CDATA[
[[ATTACHMENT|test-results/user-journey-tests-🚀-User-be996-work-error-recovery-journey-chromium/test-failed-1.png]]

[[ATTACHMENT|test-results/user-journey-tests-🚀-User-be996-work-error-recovery-journey-chromium/video.webm]]

[[ATTACHMENT|test-results/user-journey-tests-🚀-User-be996-work-error-recovery-journey-chromium/error-context.md]]
]]>
</system-out>
</testcase>
<testcase name="🚀 User Journey Tests - Phase 4 › 🔄 Error Recovery Journeys › ✅ Page timeout recovery journey" classname="user-journey-tests.spec.ts" time="6.306">
</testcase>
<testcase name="🚀 User Journey Tests - Phase 4 › 🔄 Error Recovery Journeys › ✅ 404 error recovery journey" classname="user-journey-tests.spec.ts" time="1.873">
</testcase>
<testcase name="🚀 User Journey Tests - Phase 4 › 🔄 Error Recovery Journeys › ✅ Session expiry recovery journey" classname="user-journey-tests.spec.ts" time="7.482">
</testcase>
<testcase name="🚀 User Journey Tests - Phase 4 › 🎯 Feature-Specific Journeys › ✅ Complete venue search journey" classname="user-journey-tests.spec.ts" time="3.637">
</testcase>
<testcase name="🚀 User Journey Tests - Phase 4 › 🎯 Feature-Specific Journeys › ✅ Complete vendor discovery journey" classname="user-journey-tests.spec.ts" time="2.529">
</testcase>
<testcase name="🚀 User Journey Tests - Phase 4 › 🎯 Feature-Specific Journeys › ✅ Complete AI search journey" classname="user-journey-tests.spec.ts" time="3.028">
</testcase>
<testcase name="🚀 User Journey Tests - Phase 4 › 🎯 Feature-Specific Journeys › ✅ Complete review &amp; rating journey" classname="user-journey-tests.spec.ts" time="4.761">
</testcase>
<testcase name="🚀 User Journey Tests - Phase 4 › 🎯 Feature-Specific Journeys › ✅ Complete checkout journey" classname="user-journey-tests.spec.ts" time="5.471">
</testcase>
</testsuite>
<testsuite name="user-journey.spec.ts" timestamp="2025-10-27T06:34:37.600Z" hostname="chromium" tests="6" failures="0" skipped="6" time="0" errors="0">
<testcase name="DISABLED  › DISABLED: End-to-End Wedding Planning Journey" classname="user-journey.spec.ts" time="0">
<properties>
<property name="skip" value="">
</property>
<property name="skip" value="">
</property>
</properties>
<skipped>
</skipped>
</testcase>
<testcase name="DISABLED: 📸 Vendor Business Journey › DISABLED: Complete Vendor Onboarding and Management Journey" classname="user-journey.spec.ts" time="0">
<properties>
<property name="skip" value="">
</property>
<property name="skip" value="">
</property>
</properties>
<skipped>
</skipped>
</testcase>
<testcase name="DISABLED: 👰 Wedding Planner Professional Journey › DISABLED: Complete Wedding Planner Workflow" classname="user-journey.spec.ts" time="0">
<properties>
<property name="skip" value="">
</property>
<property name="skip" value="">
</property>
</properties>
<skipped>
</skipped>
</testcase>
<testcase name="DISABLED: 👑 Admin Platform Management Journey › DISABLED: Complete Admin Platform Management" classname="user-journey.spec.ts" time="0">
<properties>
<property name="skip" value="">
</property>
<property name="skip" value="">
</property>
</properties>
<skipped>
</skipped>
</testcase>
<testcase name="DISABLED: 🔄 Cross-Platform Integration Journey › DISABLED: Mobile and Web Integration" classname="user-journey.spec.ts" time="0">
<properties>
<property name="skip" value="">
</property>
<property name="skip" value="">
</property>
</properties>
<skipped>
</skipped>
</testcase>
<testcase name="DISABLED: 🚨 Error Handling and Recovery Journey › DISABLED: Application Error Recovery" classname="user-journey.spec.ts" time="0">
<properties>
<property name="skip" value="">
</property>
<property name="skip" value="">
</property>
</properties>
<skipped>
</skipped>
</testcase>
</testsuite>
<testsuite name="vendor.spec.ts" timestamp="2025-10-27T06:34:37.600Z" hostname="chromium" tests="5" failures="0" skipped="5" time="0" errors="0">
<testcase name="Vendor Management › DISABLED: Vendor registration and onboarding" classname="vendor.spec.ts" time="0">
<properties>
<property name="skip" value="">
</property>
</properties>
<skipped>
</skipped>
</testcase>
<testcase name="Vendor Management › DISABLED: Vendor service creation and portfolio upload" classname="vendor.spec.ts" time="0">
<properties>
<property name="skip" value="">
</property>
</properties>
<skipped>
</skipped>
</testcase>
<testcase name="Vendor Management › DISABLED: Vendor booking management" classname="vendor.spec.ts" time="0">
<properties>
<property name="skip" value="">
</property>
</properties>
<skipped>
</skipped>
</testcase>
<testcase name="Vendor Management › DISABLED: Vendor profile and portfolio management" classname="vendor.spec.ts" time="0">
<properties>
<property name="skip" value="">
</property>
</properties>
<skipped>
</skipped>
</testcase>
<testcase name="Vendor Management › DISABLED: Vendor analytics and performance tracking" classname="vendor.spec.ts" time="0">
<properties>
<property name="skip" value="">
</property>
</properties>
<skipped>
</skipped>
</testcase>
</testsuite>
<testsuite name="venue.spec.ts" timestamp="2025-10-27T06:34:37.600Z" hostname="chromium" tests="6" failures="0" skipped="6" time="0" errors="0">
<testcase name="Venue Management › DISABLED: Venue search and filtering" classname="venue.spec.ts" time="0">
<properties>
<property name="skip" value="">
</property>
</properties>
<skipped>
</skipped>
</testcase>
<testcase name="Venue Management › DISABLED: Venue details and booking inquiry" classname="venue.spec.ts" time="0">
<properties>
<property name="skip" value="">
</property>
</properties>
<skipped>
</skipped>
</testcase>
<testcase name="Venue Management › DISABLED: Venue availability calendar" classname="venue.spec.ts" time="0">
<properties>
<property name="skip" value="">
</property>
</properties>
<skipped>
</skipped>
</testcase>
<testcase name="Venue Management › DISABLED: Venue reviews and ratings" classname="venue.spec.ts" time="0">
<properties>
<property name="skip" value="">
</property>
</properties>
<skipped>
</skipped>
</testcase>
<testcase name="Venue Management › DISABLED: Venue owner management" classname="venue.spec.ts" time="0">
<properties>
<property name="skip" value="">
</property>
</properties>
<skipped>
</skipped>
</testcase>
<testcase name="Venue Management › DISABLED: Venue booking management" classname="venue.spec.ts" time="0">
<properties>
<property name="skip" value="">
</property>
</properties>
<skipped>
</skipped>
</testcase>
</testsuite>
<testsuite name="api-integration.spec.ts" timestamp="2025-10-27T06:34:37.600Z" hostname="firefox" tests="55" failures="46" skipped="4" time="321.98" errors="0">
<testcase name="🔐 Authentication API Tests › DISABLED: User Registration API" classname="api-integration.spec.ts" time="0">
<properties>
<property name="skip" value="">
</property>
</properties>
<skipped>
</skipped>
</testcase>
<testcase name="🔐 Authentication API Tests › DISABLED: User Login API" classname="api-integration.spec.ts" time="0">
<properties>
<property name="skip" value="">
</property>
</properties>
<skipped>
</skipped>
</testcase>
<testcase name="🔐 Authentication API Tests › Invalid Login API" classname="api-integration.spec.ts" time="5.793">
<failure message="api-integration.spec.ts:87:7 Invalid Login API" type="FAILURE">
<![CDATA[  [firefox] › api-integration.spec.ts:87:7 › 🔐 Authentication API Tests › Invalid Login API ───────

    Error: expect(received).toBe(expected) // Object.is equality

    Expected: 401
    Received: 405

      93 |     });
      94 |     
    > 95 |     expect(response.status()).toBe(401);
         |                               ^
      96 |     const data = await response.json();
      97 |     expect(data.success).toBe(false);
      98 |     expect(data.message).toContain('Invalid credentials');
        at /Users/asithalakmal/Documents/web/final project/WeddingLK-next copy/tests/e2e/api-integration.spec.ts:95:31

    attachment #1: screenshot (image/png) ──────────────────────────────────────────────────────────
    ../../test-results/api-integration-🔐-Authent-4b7fb-API-Tests-Invalid-Login-API-firefox/test-failed-1.png
    ────────────────────────────────────────────────────────────────────────────────────────────────

    attachment #2: video (video/webm) ──────────────────────────────────────────────────────────────
    ../../test-results/api-integration-🔐-Authent-4b7fb-API-Tests-Invalid-Login-API-firefox/video.webm
    ────────────────────────────────────────────────────────────────────────────────────────────────
]]>
</failure>
<system-out>
<![CDATA[
[[ATTACHMENT|test-results/api-integration-🔐-Authent-4b7fb-API-Tests-Invalid-Login-API-firefox/test-failed-1.png]]

[[ATTACHMENT|test-results/api-integration-🔐-Authent-4b7fb-API-Tests-Invalid-Login-API-firefox/video.webm]]
]]>
</system-out>
</testcase>
<testcase name="🔐 Authentication API Tests › DISABLED: Password Reset API" classname="api-integration.spec.ts" time="0">
<properties>
<property name="skip" value="">
</property>
</properties>
<skipped>
</skipped>
</testcase>
<testcase name="🔐 Authentication API Tests › Email Verification API" classname="api-integration.spec.ts" time="5.084">
<failure message="api-integration.spec.ts:112:7 Email Verification API" type="FAILURE">
<![CDATA[  [firefox] › api-integration.spec.ts:112:7 › 🔐 Authentication API Tests › Email Verification API ─

    Error: expect(received).toBe(expected) // Object.is equality

    Expected: 200
    Received: 405

      115 |     });
      116 |     
    > 117 |     expect(response.status()).toBe(200);
          |                               ^
      118 |     const data = await response.json();
      119 |     expect(data.success).toBe(true);
      120 |   });
        at /Users/asithalakmal/Documents/web/final project/WeddingLK-next copy/tests/e2e/api-integration.spec.ts:117:31

    attachment #1: screenshot (image/png) ──────────────────────────────────────────────────────────
    ../../test-results/api-integration-🔐-Authent-28344-ests-Email-Verification-API-firefox/test-failed-1.png
    ────────────────────────────────────────────────────────────────────────────────────────────────

    attachment #2: video (video/webm) ──────────────────────────────────────────────────────────────
    ../../test-results/api-integration-🔐-Authent-28344-ests-Email-Verification-API-firefox/video.webm
    ────────────────────────────────────────────────────────────────────────────────────────────────
]]>
</failure>
<system-out>
<![CDATA[
[[ATTACHMENT|test-results/api-integration-🔐-Authent-28344-ests-Email-Verification-API-firefox/test-failed-1.png]]

[[ATTACHMENT|test-results/api-integration-🔐-Authent-28344-ests-Email-Verification-API-firefox/video.webm]]
]]>
</system-out>
</testcase>
<testcase name="👤 User Management API Tests › Get User Profile API" classname="api-integration.spec.ts" time="4.903">
<failure message="api-integration.spec.ts:124:7 Get User Profile API" type="FAILURE">
<![CDATA[  [firefox] › api-integration.spec.ts:124:7 › 👤 User Management API Tests › Get User Profile API ──

    SyntaxError: Unexpected end of JSON input

      43 |     data: { email, password }
      44 |   });
    > 45 |   const data = await response.json();
         |                ^
      46 |   return data.token;
      47 | }
      48 |
        at getAuthToken (/Users/asithalakmal/Documents/web/final project/WeddingLK-next copy/tests/e2e/api-integration.spec.ts:45:16)
        at /Users/asithalakmal/Documents/web/final project/WeddingLK-next copy/tests/e2e/api-integration.spec.ts:125:19

    attachment #1: screenshot (image/png) ──────────────────────────────────────────────────────────
    ../../test-results/api-integration-👤-User-Ma-c1c93--Tests-Get-User-Profile-API-firefox/test-failed-1.png
    ────────────────────────────────────────────────────────────────────────────────────────────────

    attachment #2: video (video/webm) ──────────────────────────────────────────────────────────────
    ../../test-results/api-integration-👤-User-Ma-c1c93--Tests-Get-User-Profile-API-firefox/video.webm
    ────────────────────────────────────────────────────────────────────────────────────────────────
]]>
</failure>
<system-out>
<![CDATA[
[[ATTACHMENT|test-results/api-integration-👤-User-Ma-c1c93--Tests-Get-User-Profile-API-firefox/test-failed-1.png]]

[[ATTACHMENT|test-results/api-integration-👤-User-Ma-c1c93--Tests-Get-User-Profile-API-firefox/video.webm]]
]]>
</system-out>
</testcase>
<testcase name="👤 User Management API Tests › Update User Profile API" classname="api-integration.spec.ts" time="4.911">
<failure message="api-integration.spec.ts:136:7 Update User Profile API" type="FAILURE">
<![CDATA[  [firefox] › api-integration.spec.ts:136:7 › 👤 User Management API Tests › Update User Profile API 

    SyntaxError: Unexpected end of JSON input

      43 |     data: { email, password }
      44 |   });
    > 45 |   const data = await response.json();
         |                ^
      46 |   return data.token;
      47 | }
      48 |
        at getAuthToken (/Users/asithalakmal/Documents/web/final project/WeddingLK-next copy/tests/e2e/api-integration.spec.ts:45:16)
        at /Users/asithalakmal/Documents/web/final project/WeddingLK-next copy/tests/e2e/api-integration.spec.ts:137:19

    attachment #1: screenshot (image/png) ──────────────────────────────────────────────────────────
    ../../test-results/api-integration-👤-User-Ma-6e586-sts-Update-User-Profile-API-firefox/test-failed-1.png
    ────────────────────────────────────────────────────────────────────────────────────────────────

    attachment #2: video (video/webm) ──────────────────────────────────────────────────────────────
    ../../test-results/api-integration-👤-User-Ma-6e586-sts-Update-User-Profile-API-firefox/video.webm
    ────────────────────────────────────────────────────────────────────────────────────────────────
]]>
</failure>
<system-out>
<![CDATA[
[[ATTACHMENT|test-results/api-integration-👤-User-Ma-6e586-sts-Update-User-Profile-API-firefox/test-failed-1.png]]

[[ATTACHMENT|test-results/api-integration-👤-User-Ma-6e586-sts-Update-User-Profile-API-firefox/video.webm]]
]]>
</system-out>
</testcase>
<testcase name="👤 User Management API Tests › Get User Favorites API" classname="api-integration.spec.ts" time="4.899">
<failure message="api-integration.spec.ts:150:7 Get User Favorites API" type="FAILURE">
<![CDATA[  [firefox] › api-integration.spec.ts:150:7 › 👤 User Management API Tests › Get User Favorites API 

    SyntaxError: Unexpected end of JSON input

      43 |     data: { email, password }
      44 |   });
    > 45 |   const data = await response.json();
         |                ^
      46 |   return data.token;
      47 | }
      48 |
        at getAuthToken (/Users/asithalakmal/Documents/web/final project/WeddingLK-next copy/tests/e2e/api-integration.spec.ts:45:16)
        at /Users/asithalakmal/Documents/web/final project/WeddingLK-next copy/tests/e2e/api-integration.spec.ts:151:19

    attachment #1: screenshot (image/png) ──────────────────────────────────────────────────────────
    ../../test-results/api-integration-👤-User-Ma-2df14-ests-Get-User-Favorites-API-firefox/test-failed-1.png
    ────────────────────────────────────────────────────────────────────────────────────────────────

    attachment #2: video (video/webm) ──────────────────────────────────────────────────────────────
    ../../test-results/api-integration-👤-User-Ma-2df14-ests-Get-User-Favorites-API-firefox/video.webm
    ────────────────────────────────────────────────────────────────────────────────────────────────
]]>
</failure>
<system-out>
<![CDATA[
[[ATTACHMENT|test-results/api-integration-👤-User-Ma-2df14-ests-Get-User-Favorites-API-firefox/test-failed-1.png]]

[[ATTACHMENT|test-results/api-integration-👤-User-Ma-2df14-ests-Get-User-Favorites-API-firefox/video.webm]]
]]>
</system-out>
</testcase>
<testcase name="👤 User Management API Tests › Add User Favorite API" classname="api-integration.spec.ts" time="5.167">
<failure message="api-integration.spec.ts:161:7 Add User Favorite API" type="FAILURE">
<![CDATA[  [firefox] › api-integration.spec.ts:161:7 › 👤 User Management API Tests › Add User Favorite API ─

    SyntaxError: Unexpected end of JSON input

      43 |     data: { email, password }
      44 |   });
    > 45 |   const data = await response.json();
         |                ^
      46 |   return data.token;
      47 | }
      48 |
        at getAuthToken (/Users/asithalakmal/Documents/web/final project/WeddingLK-next copy/tests/e2e/api-integration.spec.ts:45:16)
        at /Users/asithalakmal/Documents/web/final project/WeddingLK-next copy/tests/e2e/api-integration.spec.ts:162:19

    attachment #1: screenshot (image/png) ──────────────────────────────────────────────────────────
    ../../test-results/api-integration-👤-User-Ma-0917f-Tests-Add-User-Favorite-API-firefox/test-failed-1.png
    ────────────────────────────────────────────────────────────────────────────────────────────────

    attachment #2: video (video/webm) ──────────────────────────────────────────────────────────────
    ../../test-results/api-integration-👤-User-Ma-0917f-Tests-Add-User-Favorite-API-firefox/video.webm
    ────────────────────────────────────────────────────────────────────────────────────────────────
]]>
</failure>
<system-out>
<![CDATA[
[[ATTACHMENT|test-results/api-integration-👤-User-Ma-0917f-Tests-Add-User-Favorite-API-firefox/test-failed-1.png]]

[[ATTACHMENT|test-results/api-integration-👤-User-Ma-0917f-Tests-Add-User-Favorite-API-firefox/video.webm]]
]]>
</system-out>
</testcase>
<testcase name="🏢 Vendor Management API Tests › DISABLED: Vendor Registration API" classname="api-integration.spec.ts" time="0">
<properties>
<property name="skip" value="">
</property>
</properties>
<skipped>
</skipped>
</testcase>
<testcase name="🏢 Vendor Management API Tests › Get Vendor Services API" classname="api-integration.spec.ts" time="4.742">
<failure message="api-integration.spec.ts:194:7 Get Vendor Services API" type="FAILURE">
<![CDATA[  [firefox] › api-integration.spec.ts:194:7 › 🏢 Vendor Management API Tests › Get Vendor Services API 

    SyntaxError: Unexpected end of JSON input

      43 |     data: { email, password }
      44 |   });
    > 45 |   const data = await response.json();
         |                ^
      46 |   return data.token;
      47 | }
      48 |
        at getAuthToken (/Users/asithalakmal/Documents/web/final project/WeddingLK-next copy/tests/e2e/api-integration.spec.ts:45:16)
        at /Users/asithalakmal/Documents/web/final project/WeddingLK-next copy/tests/e2e/api-integration.spec.ts:195:19

    attachment #1: screenshot (image/png) ──────────────────────────────────────────────────────────
    ../../test-results/api-integration-🏢-Vendor--4dc71-sts-Get-Vendor-Services-API-firefox/test-failed-1.png
    ────────────────────────────────────────────────────────────────────────────────────────────────

    attachment #2: video (video/webm) ──────────────────────────────────────────────────────────────
    ../../test-results/api-integration-🏢-Vendor--4dc71-sts-Get-Vendor-Services-API-firefox/video.webm
    ────────────────────────────────────────────────────────────────────────────────────────────────
]]>
</failure>
<system-out>
<![CDATA[
[[ATTACHMENT|test-results/api-integration-🏢-Vendor--4dc71-sts-Get-Vendor-Services-API-firefox/test-failed-1.png]]

[[ATTACHMENT|test-results/api-integration-🏢-Vendor--4dc71-sts-Get-Vendor-Services-API-firefox/video.webm]]
]]>
</system-out>
</testcase>
<testcase name="🏢 Vendor Management API Tests › Create Vendor Service API" classname="api-integration.spec.ts" time="4.907">
<failure message="api-integration.spec.ts:205:7 Create Vendor Service API" type="FAILURE">
<![CDATA[  [firefox] › api-integration.spec.ts:205:7 › 🏢 Vendor Management API Tests › Create Vendor Service API 

    SyntaxError: Unexpected end of JSON input

      43 |     data: { email, password }
      44 |   });
    > 45 |   const data = await response.json();
         |                ^
      46 |   return data.token;
      47 | }
      48 |
        at getAuthToken (/Users/asithalakmal/Documents/web/final project/WeddingLK-next copy/tests/e2e/api-integration.spec.ts:45:16)
        at /Users/asithalakmal/Documents/web/final project/WeddingLK-next copy/tests/e2e/api-integration.spec.ts:206:19

    attachment #1: screenshot (image/png) ──────────────────────────────────────────────────────────
    ../../test-results/api-integration-🏢-Vendor--32b06-s-Create-Vendor-Service-API-firefox/test-failed-1.png
    ────────────────────────────────────────────────────────────────────────────────────────────────

    attachment #2: video (video/webm) ──────────────────────────────────────────────────────────────
    ../../test-results/api-integration-🏢-Vendor--32b06-s-Create-Vendor-Service-API-firefox/video.webm
    ────────────────────────────────────────────────────────────────────────────────────────────────
]]>
</failure>
<system-out>
<![CDATA[
[[ATTACHMENT|test-results/api-integration-🏢-Vendor--32b06-s-Create-Vendor-Service-API-firefox/test-failed-1.png]]

[[ATTACHMENT|test-results/api-integration-🏢-Vendor--32b06-s-Create-Vendor-Service-API-firefox/video.webm]]
]]>
</system-out>
</testcase>
<testcase name="🏢 Vendor Management API Tests › Update Vendor Service API" classname="api-integration.spec.ts" time="4.475">
<failure message="api-integration.spec.ts:221:7 Update Vendor Service API" type="FAILURE">
<![CDATA[  [firefox] › api-integration.spec.ts:221:7 › 🏢 Vendor Management API Tests › Update Vendor Service API 

    SyntaxError: Unexpected end of JSON input

      43 |     data: { email, password }
      44 |   });
    > 45 |   const data = await response.json();
         |                ^
      46 |   return data.token;
      47 | }
      48 |
        at getAuthToken (/Users/asithalakmal/Documents/web/final project/WeddingLK-next copy/tests/e2e/api-integration.spec.ts:45:16)
        at /Users/asithalakmal/Documents/web/final project/WeddingLK-next copy/tests/e2e/api-integration.spec.ts:222:19

    attachment #1: screenshot (image/png) ──────────────────────────────────────────────────────────
    ../../test-results/api-integration-🏢-Vendor--8ad41-s-Update-Vendor-Service-API-firefox/test-failed-1.png
    ────────────────────────────────────────────────────────────────────────────────────────────────

    attachment #2: video (video/webm) ──────────────────────────────────────────────────────────────
    ../../test-results/api-integration-🏢-Vendor--8ad41-s-Update-Vendor-Service-API-firefox/video.webm
    ────────────────────────────────────────────────────────────────────────────────────────────────
]]>
</failure>
<system-out>
<![CDATA[
[[ATTACHMENT|test-results/api-integration-🏢-Vendor--8ad41-s-Update-Vendor-Service-API-firefox/test-failed-1.png]]

[[ATTACHMENT|test-results/api-integration-🏢-Vendor--8ad41-s-Update-Vendor-Service-API-firefox/video.webm]]
]]>
</system-out>
</testcase>
<testcase name="🏢 Vendor Management API Tests › Delete Vendor Service API" classname="api-integration.spec.ts" time="6.247">
<failure message="api-integration.spec.ts:235:7 Delete Vendor Service API" type="FAILURE">
<![CDATA[  [firefox] › api-integration.spec.ts:235:7 › 🏢 Vendor Management API Tests › Delete Vendor Service API 

    SyntaxError: Unexpected end of JSON input

      43 |     data: { email, password }
      44 |   });
    > 45 |   const data = await response.json();
         |                ^
      46 |   return data.token;
      47 | }
      48 |
        at getAuthToken (/Users/asithalakmal/Documents/web/final project/WeddingLK-next copy/tests/e2e/api-integration.spec.ts:45:16)
        at /Users/asithalakmal/Documents/web/final project/WeddingLK-next copy/tests/e2e/api-integration.spec.ts:236:19

    attachment #1: screenshot (image/png) ──────────────────────────────────────────────────────────
    ../../test-results/api-integration-🏢-Vendor--3ac39-s-Delete-Vendor-Service-API-firefox/test-failed-1.png
    ────────────────────────────────────────────────────────────────────────────────────────────────

    attachment #2: video (video/webm) ──────────────────────────────────────────────────────────────
    ../../test-results/api-integration-🏢-Vendor--3ac39-s-Delete-Vendor-Service-API-firefox/video.webm
    ────────────────────────────────────────────────────────────────────────────────────────────────
]]>
</failure>
<system-out>
<![CDATA[
[[ATTACHMENT|test-results/api-integration-🏢-Vendor--3ac39-s-Delete-Vendor-Service-API-firefox/test-failed-1.png]]

[[ATTACHMENT|test-results/api-integration-🏢-Vendor--3ac39-s-Delete-Vendor-Service-API-firefox/video.webm]]
]]>
</system-out>
</testcase>
<testcase name="🏢 Vendor Management API Tests › Get Vendor Analytics API" classname="api-integration.spec.ts" time="5.003">
<failure message="api-integration.spec.ts:246:7 Get Vendor Analytics API" type="FAILURE">
<![CDATA[  [firefox] › api-integration.spec.ts:246:7 › 🏢 Vendor Management API Tests › Get Vendor Analytics API 

    SyntaxError: Unexpected end of JSON input

      43 |     data: { email, password }
      44 |   });
    > 45 |   const data = await response.json();
         |                ^
      46 |   return data.token;
      47 | }
      48 |
        at getAuthToken (/Users/asithalakmal/Documents/web/final project/WeddingLK-next copy/tests/e2e/api-integration.spec.ts:45:16)
        at /Users/asithalakmal/Documents/web/final project/WeddingLK-next copy/tests/e2e/api-integration.spec.ts:247:19

    attachment #1: screenshot (image/png) ──────────────────────────────────────────────────────────
    ../../test-results/api-integration-🏢-Vendor--6b8fc-ts-Get-Vendor-Analytics-API-firefox/test-failed-1.png
    ────────────────────────────────────────────────────────────────────────────────────────────────

    attachment #2: video (video/webm) ──────────────────────────────────────────────────────────────
    ../../test-results/api-integration-🏢-Vendor--6b8fc-ts-Get-Vendor-Analytics-API-firefox/video.webm
    ────────────────────────────────────────────────────────────────────────────────────────────────
]]>
</failure>
<system-out>
<![CDATA[
[[ATTACHMENT|test-results/api-integration-🏢-Vendor--6b8fc-ts-Get-Vendor-Analytics-API-firefox/test-failed-1.png]]

[[ATTACHMENT|test-results/api-integration-🏢-Vendor--6b8fc-ts-Get-Vendor-Analytics-API-firefox/video.webm]]
]]>
</system-out>
</testcase>
<testcase name="📅 Booking Management API Tests › Create Booking API" classname="api-integration.spec.ts" time="4.688">
<failure message="api-integration.spec.ts:261:7 Create Booking API" type="FAILURE">
<![CDATA[  [firefox] › api-integration.spec.ts:261:7 › 📅 Booking Management API Tests › Create Booking API ─

    SyntaxError: Unexpected end of JSON input

      43 |     data: { email, password }
      44 |   });
    > 45 |   const data = await response.json();
         |                ^
      46 |   return data.token;
      47 | }
      48 |
        at getAuthToken (/Users/asithalakmal/Documents/web/final project/WeddingLK-next copy/tests/e2e/api-integration.spec.ts:45:16)
        at /Users/asithalakmal/Documents/web/final project/WeddingLK-next copy/tests/e2e/api-integration.spec.ts:262:19

    attachment #1: screenshot (image/png) ──────────────────────────────────────────────────────────
    ../../test-results/api-integration-📅-Booking-f6016-PI-Tests-Create-Booking-API-firefox/test-failed-1.png
    ────────────────────────────────────────────────────────────────────────────────────────────────

    attachment #2: video (video/webm) ──────────────────────────────────────────────────────────────
    ../../test-results/api-integration-📅-Booking-f6016-PI-Tests-Create-Booking-API-firefox/video.webm
    ────────────────────────────────────────────────────────────────────────────────────────────────
]]>
</failure>
<system-out>
<![CDATA[
[[ATTACHMENT|test-results/api-integration-📅-Booking-f6016-PI-Tests-Create-Booking-API-firefox/test-failed-1.png]]

[[ATTACHMENT|test-results/api-integration-📅-Booking-f6016-PI-Tests-Create-Booking-API-firefox/video.webm]]
]]>
</system-out>
</testcase>
<testcase name="📅 Booking Management API Tests › Get User Bookings API" classname="api-integration.spec.ts" time="4.919">
<failure message="api-integration.spec.ts:279:7 Get User Bookings API" type="FAILURE">
<![CDATA[  [firefox] › api-integration.spec.ts:279:7 › 📅 Booking Management API Tests › Get User Bookings API 

    SyntaxError: Unexpected end of JSON input

      43 |     data: { email, password }
      44 |   });
    > 45 |   const data = await response.json();
         |                ^
      46 |   return data.token;
      47 | }
      48 |
        at getAuthToken (/Users/asithalakmal/Documents/web/final project/WeddingLK-next copy/tests/e2e/api-integration.spec.ts:45:16)
        at /Users/asithalakmal/Documents/web/final project/WeddingLK-next copy/tests/e2e/api-integration.spec.ts:280:19

    attachment #1: screenshot (image/png) ──────────────────────────────────────────────────────────
    ../../test-results/api-integration-📅-Booking-0e3ce-Tests-Get-User-Bookings-API-firefox/test-failed-1.png
    ────────────────────────────────────────────────────────────────────────────────────────────────

    attachment #2: video (video/webm) ──────────────────────────────────────────────────────────────
    ../../test-results/api-integration-📅-Booking-0e3ce-Tests-Get-User-Bookings-API-firefox/video.webm
    ────────────────────────────────────────────────────────────────────────────────────────────────
]]>
</failure>
<system-out>
<![CDATA[
[[ATTACHMENT|test-results/api-integration-📅-Booking-0e3ce-Tests-Get-User-Bookings-API-firefox/test-failed-1.png]]

[[ATTACHMENT|test-results/api-integration-📅-Booking-0e3ce-Tests-Get-User-Bookings-API-firefox/video.webm]]
]]>
</system-out>
</testcase>
<testcase name="📅 Booking Management API Tests › Update Booking API" classname="api-integration.spec.ts" time="4.663">
<failure message="api-integration.spec.ts:290:7 Update Booking API" type="FAILURE">
<![CDATA[  [firefox] › api-integration.spec.ts:290:7 › 📅 Booking Management API Tests › Update Booking API ─

    SyntaxError: Unexpected end of JSON input

      43 |     data: { email, password }
      44 |   });
    > 45 |   const data = await response.json();
         |                ^
      46 |   return data.token;
      47 | }
      48 |
        at getAuthToken (/Users/asithalakmal/Documents/web/final project/WeddingLK-next copy/tests/e2e/api-integration.spec.ts:45:16)
        at /Users/asithalakmal/Documents/web/final project/WeddingLK-next copy/tests/e2e/api-integration.spec.ts:291:19

    attachment #1: screenshot (image/png) ──────────────────────────────────────────────────────────
    ../../test-results/api-integration-📅-Booking-a7a44-PI-Tests-Update-Booking-API-firefox/test-failed-1.png
    ────────────────────────────────────────────────────────────────────────────────────────────────

    attachment #2: video (video/webm) ──────────────────────────────────────────────────────────────
    ../../test-results/api-integration-📅-Booking-a7a44-PI-Tests-Update-Booking-API-firefox/video.webm
    ────────────────────────────────────────────────────────────────────────────────────────────────
]]>
</failure>
<system-out>
<![CDATA[
[[ATTACHMENT|test-results/api-integration-📅-Booking-a7a44-PI-Tests-Update-Booking-API-firefox/test-failed-1.png]]

[[ATTACHMENT|test-results/api-integration-📅-Booking-a7a44-PI-Tests-Update-Booking-API-firefox/video.webm]]
]]>
</system-out>
</testcase>
<testcase name="📅 Booking Management API Tests › Cancel Booking API" classname="api-integration.spec.ts" time="5.156">
<failure message="api-integration.spec.ts:304:7 Cancel Booking API" type="FAILURE">
<![CDATA[  [firefox] › api-integration.spec.ts:304:7 › 📅 Booking Management API Tests › Cancel Booking API ─

    SyntaxError: Unexpected end of JSON input

      43 |     data: { email, password }
      44 |   });
    > 45 |   const data = await response.json();
         |                ^
      46 |   return data.token;
      47 | }
      48 |
        at getAuthToken (/Users/asithalakmal/Documents/web/final project/WeddingLK-next copy/tests/e2e/api-integration.spec.ts:45:16)
        at /Users/asithalakmal/Documents/web/final project/WeddingLK-next copy/tests/e2e/api-integration.spec.ts:305:19

    attachment #1: screenshot (image/png) ──────────────────────────────────────────────────────────
    ../../test-results/api-integration-📅-Booking-7c911-PI-Tests-Cancel-Booking-API-firefox/test-failed-1.png
    ────────────────────────────────────────────────────────────────────────────────────────────────

    attachment #2: video (video/webm) ──────────────────────────────────────────────────────────────
    ../../test-results/api-integration-📅-Booking-7c911-PI-Tests-Cancel-Booking-API-firefox/video.webm
    ────────────────────────────────────────────────────────────────────────────────────────────────
]]>
</failure>
<system-out>
<![CDATA[
[[ATTACHMENT|test-results/api-integration-📅-Booking-7c911-PI-Tests-Cancel-Booking-API-firefox/test-failed-1.png]]

[[ATTACHMENT|test-results/api-integration-📅-Booking-7c911-PI-Tests-Cancel-Booking-API-firefox/video.webm]]
]]>
</system-out>
</testcase>
<testcase name="📅 Booking Management API Tests › Get Vendor Bookings API" classname="api-integration.spec.ts" time="5.447">
<failure message="api-integration.spec.ts:315:7 Get Vendor Bookings API" type="FAILURE">
<![CDATA[  [firefox] › api-integration.spec.ts:315:7 › 📅 Booking Management API Tests › Get Vendor Bookings API 

    SyntaxError: Unexpected end of JSON input

      43 |     data: { email, password }
      44 |   });
    > 45 |   const data = await response.json();
         |                ^
      46 |   return data.token;
      47 | }
      48 |
        at getAuthToken (/Users/asithalakmal/Documents/web/final project/WeddingLK-next copy/tests/e2e/api-integration.spec.ts:45:16)
        at /Users/asithalakmal/Documents/web/final project/WeddingLK-next copy/tests/e2e/api-integration.spec.ts:316:19

    attachment #1: screenshot (image/png) ──────────────────────────────────────────────────────────
    ../../test-results/api-integration-📅-Booking-a710b-sts-Get-Vendor-Bookings-API-firefox/test-failed-1.png
    ────────────────────────────────────────────────────────────────────────────────────────────────

    attachment #2: video (video/webm) ──────────────────────────────────────────────────────────────
    ../../test-results/api-integration-📅-Booking-a710b-sts-Get-Vendor-Bookings-API-firefox/video.webm
    ────────────────────────────────────────────────────────────────────────────────────────────────
]]>
</failure>
<system-out>
<![CDATA[
[[ATTACHMENT|test-results/api-integration-📅-Booking-a710b-sts-Get-Vendor-Bookings-API-firefox/test-failed-1.png]]

[[ATTACHMENT|test-results/api-integration-📅-Booking-a710b-sts-Get-Vendor-Bookings-API-firefox/video.webm]]
]]>
</system-out>
</testcase>
<testcase name="📅 Booking Management API Tests › Update Booking Status API" classname="api-integration.spec.ts" time="4.778">
<failure message="api-integration.spec.ts:326:7 Update Booking Status API" type="FAILURE">
<![CDATA[  [firefox] › api-integration.spec.ts:326:7 › 📅 Booking Management API Tests › Update Booking Status API 

    SyntaxError: Unexpected end of JSON input

      43 |     data: { email, password }
      44 |   });
    > 45 |   const data = await response.json();
         |                ^
      46 |   return data.token;
      47 | }
      48 |
        at getAuthToken (/Users/asithalakmal/Documents/web/final project/WeddingLK-next copy/tests/e2e/api-integration.spec.ts:45:16)
        at /Users/asithalakmal/Documents/web/final project/WeddingLK-next copy/tests/e2e/api-integration.spec.ts:327:19

    attachment #1: screenshot (image/png) ──────────────────────────────────────────────────────────
    ../../test-results/api-integration-📅-Booking-458f2-s-Update-Booking-Status-API-firefox/test-failed-1.png
    ────────────────────────────────────────────────────────────────────────────────────────────────

    attachment #2: video (video/webm) ──────────────────────────────────────────────────────────────
    ../../test-results/api-integration-📅-Booking-458f2-s-Update-Booking-Status-API-firefox/video.webm
    ────────────────────────────────────────────────────────────────────────────────────────────────
]]>
</failure>
<system-out>
<![CDATA[
[[ATTACHMENT|test-results/api-integration-📅-Booking-458f2-s-Update-Booking-Status-API-firefox/test-failed-1.png]]

[[ATTACHMENT|test-results/api-integration-📅-Booking-458f2-s-Update-Booking-Status-API-firefox/video.webm]]
]]>
</system-out>
</testcase>
<testcase name="🏛️ Venue Management API Tests › Get Venues API" classname="api-integration.spec.ts" time="7.051">
<failure message="api-integration.spec.ts:341:7 Get Venues API" type="FAILURE">
<![CDATA[  [firefox] › api-integration.spec.ts:341:7 › 🏛️ Venue Management API Tests › Get Venues API ──────

    Error: expect(received).toBeDefined()

    Received: undefined

      345 |     const data = await response.json();
      346 |     expect(data.success).toBe(true);
    > 347 |     expect(data.venues).toBeDefined();
          |                         ^
      348 |   });
      349 |
      350 |   test('Get Venue by ID API', async ({ page }) => {
        at /Users/asithalakmal/Documents/web/final project/WeddingLK-next copy/tests/e2e/api-integration.spec.ts:347:25

    attachment #1: screenshot (image/png) ──────────────────────────────────────────────────────────
    ../../test-results/api-integration-🏛️-Venue--62621-nt-API-Tests-Get-Venues-API-firefox/test-failed-1.png
    ────────────────────────────────────────────────────────────────────────────────────────────────

    attachment #2: video (video/webm) ──────────────────────────────────────────────────────────────
    ../../test-results/api-integration-🏛️-Venue--62621-nt-API-Tests-Get-Venues-API-firefox/video.webm
    ────────────────────────────────────────────────────────────────────────────────────────────────
]]>
</failure>
<system-out>
<![CDATA[
[[ATTACHMENT|test-results/api-integration-🏛️-Venue--62621-nt-API-Tests-Get-Venues-API-firefox/test-failed-1.png]]

[[ATTACHMENT|test-results/api-integration-🏛️-Venue--62621-nt-API-Tests-Get-Venues-API-firefox/video.webm]]
]]>
</system-out>
</testcase>
<testcase name="🏛️ Venue Management API Tests › Get Venue by ID API" classname="api-integration.spec.ts" time="4.465">
<failure message="api-integration.spec.ts:350:7 Get Venue by ID API" type="FAILURE">
<![CDATA[  [firefox] › api-integration.spec.ts:350:7 › 🏛️ Venue Management API Tests › Get Venue by ID API ─

    Error: expect(received).toBe(expected) // Object.is equality

    Expected: 200
    Received: 500

      350 |   test('Get Venue by ID API', async ({ page }) => {
      351 |     const response = await page.request.get('/api/venues/test-venue-id');
    > 352 |     expect(response.status()).toBe(200);
          |                               ^
      353 |     
      354 |     const data = await response.json();
      355 |     expect(data.success).toBe(true);
        at /Users/asithalakmal/Documents/web/final project/WeddingLK-next copy/tests/e2e/api-integration.spec.ts:352:31

    attachment #1: screenshot (image/png) ──────────────────────────────────────────────────────────
    ../../test-results/api-integration-🏛️-Venue--f15e9-I-Tests-Get-Venue-by-ID-API-firefox/test-failed-1.png
    ────────────────────────────────────────────────────────────────────────────────────────────────

    attachment #2: video (video/webm) ──────────────────────────────────────────────────────────────
    ../../test-results/api-integration-🏛️-Venue--f15e9-I-Tests-Get-Venue-by-ID-API-firefox/video.webm
    ────────────────────────────────────────────────────────────────────────────────────────────────
]]>
</failure>
<system-out>
<![CDATA[
[[ATTACHMENT|test-results/api-integration-🏛️-Venue--f15e9-I-Tests-Get-Venue-by-ID-API-firefox/test-failed-1.png]]

[[ATTACHMENT|test-results/api-integration-🏛️-Venue--f15e9-I-Tests-Get-Venue-by-ID-API-firefox/video.webm]]
]]>
</system-out>
</testcase>
<testcase name="🏛️ Venue Management API Tests › Search Venues API" classname="api-integration.spec.ts" time="6.426">
</testcase>
<testcase name="🏛️ Venue Management API Tests › Get Venue Availability API" classname="api-integration.spec.ts" time="6.05">
<failure message="api-integration.spec.ts:368:7 Get Venue Availability API" type="FAILURE">
<![CDATA[  [firefox] › api-integration.spec.ts:368:7 › 🏛️ Venue Management API Tests › Get Venue Availability API 

    Error: expect(received).toBe(expected) // Object.is equality

    Expected: 200
    Received: 500

      368 |   test('Get Venue Availability API', async ({ page }) => {
      369 |     const response = await page.request.get('/api/venues/availability?venueId=test-venue-id&date=2024-12-25');
    > 370 |     expect(response.status()).toBe(200);
          |                               ^
      371 |     
      372 |     const data = await response.json();
      373 |     expect(data.success).toBe(true);
        at /Users/asithalakmal/Documents/web/final project/WeddingLK-next copy/tests/e2e/api-integration.spec.ts:370:31

    attachment #1: screenshot (image/png) ──────────────────────────────────────────────────────────
    ../../test-results/api-integration-🏛️-Venue--1dc52--Get-Venue-Availability-API-firefox/test-failed-1.png
    ────────────────────────────────────────────────────────────────────────────────────────────────

    attachment #2: video (video/webm) ──────────────────────────────────────────────────────────────
    ../../test-results/api-integration-🏛️-Venue--1dc52--Get-Venue-Availability-API-firefox/video.webm
    ────────────────────────────────────────────────────────────────────────────────────────────────
]]>
</failure>
<system-out>
<![CDATA[
[[ATTACHMENT|test-results/api-integration-🏛️-Venue--1dc52--Get-Venue-Availability-API-firefox/test-failed-1.png]]

[[ATTACHMENT|test-results/api-integration-🏛️-Venue--1dc52--Get-Venue-Availability-API-firefox/video.webm]]
]]>
</system-out>
</testcase>
<testcase name="💳 Payment API Tests › Create Payment Intent API" classname="api-integration.spec.ts" time="1.964">
<failure message="api-integration.spec.ts:379:7 Create Payment Intent API" type="FAILURE">
<![CDATA[  [firefox] › api-integration.spec.ts:379:7 › 💳 Payment API Tests › Create Payment Intent API ─────

    SyntaxError: Unexpected end of JSON input

      43 |     data: { email, password }
      44 |   });
    > 45 |   const data = await response.json();
         |                ^
      46 |   return data.token;
      47 | }
      48 |
        at getAuthToken (/Users/asithalakmal/Documents/web/final project/WeddingLK-next copy/tests/e2e/api-integration.spec.ts:45:16)
        at /Users/asithalakmal/Documents/web/final project/WeddingLK-next copy/tests/e2e/api-integration.spec.ts:380:19

    attachment #1: screenshot (image/png) ──────────────────────────────────────────────────────────
    ../../test-results/api-integration-💳-Payment-a4c14-s-Create-Payment-Intent-API-firefox/test-failed-1.png
    ────────────────────────────────────────────────────────────────────────────────────────────────

    attachment #2: video (video/webm) ──────────────────────────────────────────────────────────────
    ../../test-results/api-integration-💳-Payment-a4c14-s-Create-Payment-Intent-API-firefox/video.webm
    ────────────────────────────────────────────────────────────────────────────────────────────────
]]>
</failure>
<system-out>
<![CDATA[
[[ATTACHMENT|test-results/api-integration-💳-Payment-a4c14-s-Create-Payment-Intent-API-firefox/test-failed-1.png]]

[[ATTACHMENT|test-results/api-integration-💳-Payment-a4c14-s-Create-Payment-Intent-API-firefox/video.webm]]
]]>
</system-out>
</testcase>
<testcase name="💳 Payment API Tests › Get Payment History API" classname="api-integration.spec.ts" time="4.961">
<failure message="api-integration.spec.ts:394:7 Get Payment History API" type="FAILURE">
<![CDATA[  [firefox] › api-integration.spec.ts:394:7 › 💳 Payment API Tests › Get Payment History API ───────

    SyntaxError: Unexpected end of JSON input

      43 |     data: { email, password }
      44 |   });
    > 45 |   const data = await response.json();
         |                ^
      46 |   return data.token;
      47 | }
      48 |
        at getAuthToken (/Users/asithalakmal/Documents/web/final project/WeddingLK-next copy/tests/e2e/api-integration.spec.ts:45:16)
        at /Users/asithalakmal/Documents/web/final project/WeddingLK-next copy/tests/e2e/api-integration.spec.ts:395:19

    attachment #1: screenshot (image/png) ──────────────────────────────────────────────────────────
    ../../test-results/api-integration-💳-Payment-API-Tests-Get-Payment-History-API-firefox/test-failed-1.png
    ────────────────────────────────────────────────────────────────────────────────────────────────

    attachment #2: video (video/webm) ──────────────────────────────────────────────────────────────
    ../../test-results/api-integration-💳-Payment-API-Tests-Get-Payment-History-API-firefox/video.webm
    ────────────────────────────────────────────────────────────────────────────────────────────────
]]>
</failure>
<system-out>
<![CDATA[
[[ATTACHMENT|test-results/api-integration-💳-Payment-API-Tests-Get-Payment-History-API-firefox/test-failed-1.png]]

[[ATTACHMENT|test-results/api-integration-💳-Payment-API-Tests-Get-Payment-History-API-firefox/video.webm]]
]]>
</system-out>
</testcase>
<testcase name="💳 Payment API Tests › Get Payment by ID API" classname="api-integration.spec.ts" time="4.908">
<failure message="api-integration.spec.ts:405:7 Get Payment by ID API" type="FAILURE">
<![CDATA[  [firefox] › api-integration.spec.ts:405:7 › 💳 Payment API Tests › Get Payment by ID API ─────────

    SyntaxError: Unexpected end of JSON input

      43 |     data: { email, password }
      44 |   });
    > 45 |   const data = await response.json();
         |                ^
      46 |   return data.token;
      47 | }
      48 |
        at getAuthToken (/Users/asithalakmal/Documents/web/final project/WeddingLK-next copy/tests/e2e/api-integration.spec.ts:45:16)
        at /Users/asithalakmal/Documents/web/final project/WeddingLK-next copy/tests/e2e/api-integration.spec.ts:406:19

    attachment #1: screenshot (image/png) ──────────────────────────────────────────────────────────
    ../../test-results/api-integration-💳-Payment-API-Tests-Get-Payment-by-ID-API-firefox/test-failed-1.png
    ────────────────────────────────────────────────────────────────────────────────────────────────

    attachment #2: video (video/webm) ──────────────────────────────────────────────────────────────
    ../../test-results/api-integration-💳-Payment-API-Tests-Get-Payment-by-ID-API-firefox/video.webm
    ────────────────────────────────────────────────────────────────────────────────────────────────
]]>
</failure>
<system-out>
<![CDATA[
[[ATTACHMENT|test-results/api-integration-💳-Payment-API-Tests-Get-Payment-by-ID-API-firefox/test-failed-1.png]]

[[ATTACHMENT|test-results/api-integration-💳-Payment-API-Tests-Get-Payment-by-ID-API-firefox/video.webm]]
]]>
</system-out>
</testcase>
<testcase name="📊 Dashboard API Tests › Get Dashboard Stats API" classname="api-integration.spec.ts" time="5.029">
<failure message="api-integration.spec.ts:418:7 Get Dashboard Stats API" type="FAILURE">
<![CDATA[  [firefox] › api-integration.spec.ts:418:7 › 📊 Dashboard API Tests › Get Dashboard Stats API ─────

    SyntaxError: Unexpected end of JSON input

      43 |     data: { email, password }
      44 |   });
    > 45 |   const data = await response.json();
         |                ^
      46 |   return data.token;
      47 | }
      48 |
        at getAuthToken (/Users/asithalakmal/Documents/web/final project/WeddingLK-next copy/tests/e2e/api-integration.spec.ts:45:16)
        at /Users/asithalakmal/Documents/web/final project/WeddingLK-next copy/tests/e2e/api-integration.spec.ts:419:19

    attachment #1: screenshot (image/png) ──────────────────────────────────────────────────────────
    ../../test-results/api-integration-📊-Dashboa-bf9ef-sts-Get-Dashboard-Stats-API-firefox/test-failed-1.png
    ────────────────────────────────────────────────────────────────────────────────────────────────

    attachment #2: video (video/webm) ──────────────────────────────────────────────────────────────
    ../../test-results/api-integration-📊-Dashboa-bf9ef-sts-Get-Dashboard-Stats-API-firefox/video.webm
    ────────────────────────────────────────────────────────────────────────────────────────────────
]]>
</failure>
<system-out>
<![CDATA[
[[ATTACHMENT|test-results/api-integration-📊-Dashboa-bf9ef-sts-Get-Dashboard-Stats-API-firefox/test-failed-1.png]]

[[ATTACHMENT|test-results/api-integration-📊-Dashboa-bf9ef-sts-Get-Dashboard-Stats-API-firefox/video.webm]]
]]>
</system-out>
</testcase>
<testcase name="📊 Dashboard API Tests › Get Dashboard Activity API" classname="api-integration.spec.ts" time="5.436">
<failure message="api-integration.spec.ts:431:7 Get Dashboard Activity API" type="FAILURE">
<![CDATA[  [firefox] › api-integration.spec.ts:431:7 › 📊 Dashboard API Tests › Get Dashboard Activity API ──

    SyntaxError: Unexpected end of JSON input

      43 |     data: { email, password }
      44 |   });
    > 45 |   const data = await response.json();
         |                ^
      46 |   return data.token;
      47 | }
      48 |
        at getAuthToken (/Users/asithalakmal/Documents/web/final project/WeddingLK-next copy/tests/e2e/api-integration.spec.ts:45:16)
        at /Users/asithalakmal/Documents/web/final project/WeddingLK-next copy/tests/e2e/api-integration.spec.ts:432:19

    attachment #1: screenshot (image/png) ──────────────────────────────────────────────────────────
    ../../test-results/api-integration-📊-Dashboa-0cd31--Get-Dashboard-Activity-API-firefox/test-failed-1.png
    ────────────────────────────────────────────────────────────────────────────────────────────────

    attachment #2: video (video/webm) ──────────────────────────────────────────────────────────────
    ../../test-results/api-integration-📊-Dashboa-0cd31--Get-Dashboard-Activity-API-firefox/video.webm
    ────────────────────────────────────────────────────────────────────────────────────────────────
]]>
</failure>
<system-out>
<![CDATA[
[[ATTACHMENT|test-results/api-integration-📊-Dashboa-0cd31--Get-Dashboard-Activity-API-firefox/test-failed-1.png]]

[[ATTACHMENT|test-results/api-integration-📊-Dashboa-0cd31--Get-Dashboard-Activity-API-firefox/video.webm]]
]]>
</system-out>
</testcase>
<testcase name="📊 Dashboard API Tests › Get User Dashboard Stats API" classname="api-integration.spec.ts" time="4.403">
<failure message="api-integration.spec.ts:442:7 Get User Dashboard Stats API" type="FAILURE">
<![CDATA[  [firefox] › api-integration.spec.ts:442:7 › 📊 Dashboard API Tests › Get User Dashboard Stats API 

    SyntaxError: Unexpected end of JSON input

      43 |     data: { email, password }
      44 |   });
    > 45 |   const data = await response.json();
         |                ^
      46 |   return data.token;
      47 | }
      48 |
        at getAuthToken (/Users/asithalakmal/Documents/web/final project/WeddingLK-next copy/tests/e2e/api-integration.spec.ts:45:16)
        at /Users/asithalakmal/Documents/web/final project/WeddingLK-next copy/tests/e2e/api-integration.spec.ts:443:19

    attachment #1: screenshot (image/png) ──────────────────────────────────────────────────────────
    ../../test-results/api-integration-📊-Dashboa-f50b7-et-User-Dashboard-Stats-API-firefox/test-failed-1.png
    ────────────────────────────────────────────────────────────────────────────────────────────────

    attachment #2: video (video/webm) ──────────────────────────────────────────────────────────────
    ../../test-results/api-integration-📊-Dashboa-f50b7-et-User-Dashboard-Stats-API-firefox/video.webm
    ────────────────────────────────────────────────────────────────────────────────────────────────
]]>
</failure>
<system-out>
<![CDATA[
[[ATTACHMENT|test-results/api-integration-📊-Dashboa-f50b7-et-User-Dashboard-Stats-API-firefox/test-failed-1.png]]

[[ATTACHMENT|test-results/api-integration-📊-Dashboa-f50b7-et-User-Dashboard-Stats-API-firefox/video.webm]]
]]>
</system-out>
</testcase>
<testcase name="📊 Dashboard API Tests › Get Vendor Dashboard Stats API" classname="api-integration.spec.ts" time="10.351">
<failure message="api-integration.spec.ts:453:7 Get Vendor Dashboard Stats API" type="FAILURE">
<![CDATA[  [firefox] › api-integration.spec.ts:453:7 › 📊 Dashboard API Tests › Get Vendor Dashboard Stats API 

    SyntaxError: Unexpected end of JSON input

      43 |     data: { email, password }
      44 |   });
    > 45 |   const data = await response.json();
         |                ^
      46 |   return data.token;
      47 | }
      48 |
        at getAuthToken (/Users/asithalakmal/Documents/web/final project/WeddingLK-next copy/tests/e2e/api-integration.spec.ts:45:16)
        at /Users/asithalakmal/Documents/web/final project/WeddingLK-next copy/tests/e2e/api-integration.spec.ts:454:19

    attachment #1: screenshot (image/png) ──────────────────────────────────────────────────────────
    ../../test-results/api-integration-📊-Dashboa-87572--Vendor-Dashboard-Stats-API-firefox/test-failed-1.png
    ────────────────────────────────────────────────────────────────────────────────────────────────

    attachment #2: video (video/webm) ──────────────────────────────────────────────────────────────
    ../../test-results/api-integration-📊-Dashboa-87572--Vendor-Dashboard-Stats-API-firefox/video.webm
    ────────────────────────────────────────────────────────────────────────────────────────────────
]]>
</failure>
<system-out>
<![CDATA[
[[ATTACHMENT|test-results/api-integration-📊-Dashboa-87572--Vendor-Dashboard-Stats-API-firefox/test-failed-1.png]]

[[ATTACHMENT|test-results/api-integration-📊-Dashboa-87572--Vendor-Dashboard-Stats-API-firefox/video.webm]]
]]>
</system-out>
</testcase>
<testcase name="📊 Dashboard API Tests › Get Admin Dashboard Stats API" classname="api-integration.spec.ts" time="6.72">
<failure message="api-integration.spec.ts:464:7 Get Admin Dashboard Stats API" type="FAILURE">
<![CDATA[  [firefox] › api-integration.spec.ts:464:7 › 📊 Dashboard API Tests › Get Admin Dashboard Stats API 

    SyntaxError: Unexpected end of JSON input

      43 |     data: { email, password }
      44 |   });
    > 45 |   const data = await response.json();
         |                ^
      46 |   return data.token;
      47 | }
      48 |
        at getAuthToken (/Users/asithalakmal/Documents/web/final project/WeddingLK-next copy/tests/e2e/api-integration.spec.ts:45:16)
        at /Users/asithalakmal/Documents/web/final project/WeddingLK-next copy/tests/e2e/api-integration.spec.ts:465:19

    attachment #1: screenshot (image/png) ──────────────────────────────────────────────────────────
    ../../test-results/api-integration-📊-Dashboa-9ac1f-t-Admin-Dashboard-Stats-API-firefox/test-failed-1.png
    ────────────────────────────────────────────────────────────────────────────────────────────────

    attachment #2: video (video/webm) ──────────────────────────────────────────────────────────────
    ../../test-results/api-integration-📊-Dashboa-9ac1f-t-Admin-Dashboard-Stats-API-firefox/video.webm
    ────────────────────────────────────────────────────────────────────────────────────────────────
]]>
</failure>
<system-out>
<![CDATA[
[[ATTACHMENT|test-results/api-integration-📊-Dashboa-9ac1f-t-Admin-Dashboard-Stats-API-firefox/test-failed-1.png]]

[[ATTACHMENT|test-results/api-integration-📊-Dashboa-9ac1f-t-Admin-Dashboard-Stats-API-firefox/video.webm]]
]]>
</system-out>
</testcase>
<testcase name="👥 Wedding Planner API Tests › Get Planner Clients API" classname="api-integration.spec.ts" time="4.953">
<failure message="api-integration.spec.ts:477:7 Get Planner Clients API" type="FAILURE">
<![CDATA[  [firefox] › api-integration.spec.ts:477:7 › 👥 Wedding Planner API Tests › Get Planner Clients API 

    SyntaxError: Unexpected end of JSON input

      43 |     data: { email, password }
      44 |   });
    > 45 |   const data = await response.json();
         |                ^
      46 |   return data.token;
      47 | }
      48 |
        at getAuthToken (/Users/asithalakmal/Documents/web/final project/WeddingLK-next copy/tests/e2e/api-integration.spec.ts:45:16)
        at /Users/asithalakmal/Documents/web/final project/WeddingLK-next copy/tests/e2e/api-integration.spec.ts:478:19

    attachment #1: screenshot (image/png) ──────────────────────────────────────────────────────────
    ../../test-results/api-integration-👥-Wedding-2c0a3-sts-Get-Planner-Clients-API-firefox/test-failed-1.png
    ────────────────────────────────────────────────────────────────────────────────────────────────

    attachment #2: video (video/webm) ──────────────────────────────────────────────────────────────
    ../../test-results/api-integration-👥-Wedding-2c0a3-sts-Get-Planner-Clients-API-firefox/video.webm
    ────────────────────────────────────────────────────────────────────────────────────────────────
]]>
</failure>
<system-out>
<![CDATA[
[[ATTACHMENT|test-results/api-integration-👥-Wedding-2c0a3-sts-Get-Planner-Clients-API-firefox/test-failed-1.png]]

[[ATTACHMENT|test-results/api-integration-👥-Wedding-2c0a3-sts-Get-Planner-Clients-API-firefox/video.webm]]
]]>
</system-out>
</testcase>
<testcase name="👥 Wedding Planner API Tests › Create Planner Client API" classname="api-integration.spec.ts" time="5.407">
<failure message="api-integration.spec.ts:488:7 Create Planner Client API" type="FAILURE">
<![CDATA[  [firefox] › api-integration.spec.ts:488:7 › 👥 Wedding Planner API Tests › Create Planner Client API 

    SyntaxError: Unexpected end of JSON input

      43 |     data: { email, password }
      44 |   });
    > 45 |   const data = await response.json();
         |                ^
      46 |   return data.token;
      47 | }
      48 |
        at getAuthToken (/Users/asithalakmal/Documents/web/final project/WeddingLK-next copy/tests/e2e/api-integration.spec.ts:45:16)
        at /Users/asithalakmal/Documents/web/final project/WeddingLK-next copy/tests/e2e/api-integration.spec.ts:489:19

    attachment #1: screenshot (image/png) ──────────────────────────────────────────────────────────
    ../../test-results/api-integration-👥-Wedding-61866-s-Create-Planner-Client-API-firefox/test-failed-1.png
    ────────────────────────────────────────────────────────────────────────────────────────────────

    attachment #2: video (video/webm) ──────────────────────────────────────────────────────────────
    ../../test-results/api-integration-👥-Wedding-61866-s-Create-Planner-Client-API-firefox/video.webm
    ────────────────────────────────────────────────────────────────────────────────────────────────
]]>
</failure>
<system-out>
<![CDATA[
[[ATTACHMENT|test-results/api-integration-👥-Wedding-61866-s-Create-Planner-Client-API-firefox/test-failed-1.png]]

[[ATTACHMENT|test-results/api-integration-👥-Wedding-61866-s-Create-Planner-Client-API-firefox/video.webm]]
]]>
</system-out>
</testcase>
<testcase name="👥 Wedding Planner API Tests › Get Planner Tasks API" classname="api-integration.spec.ts" time="4.792">
<failure message="api-integration.spec.ts:504:7 Get Planner Tasks API" type="FAILURE">
<![CDATA[  [firefox] › api-integration.spec.ts:504:7 › 👥 Wedding Planner API Tests › Get Planner Tasks API ─

    SyntaxError: Unexpected end of JSON input

      43 |     data: { email, password }
      44 |   });
    > 45 |   const data = await response.json();
         |                ^
      46 |   return data.token;
      47 | }
      48 |
        at getAuthToken (/Users/asithalakmal/Documents/web/final project/WeddingLK-next copy/tests/e2e/api-integration.spec.ts:45:16)
        at /Users/asithalakmal/Documents/web/final project/WeddingLK-next copy/tests/e2e/api-integration.spec.ts:505:19

    attachment #1: screenshot (image/png) ──────────────────────────────────────────────────────────
    ../../test-results/api-integration-👥-Wedding-8c90f-Tests-Get-Planner-Tasks-API-firefox/test-failed-1.png
    ────────────────────────────────────────────────────────────────────────────────────────────────

    attachment #2: video (video/webm) ──────────────────────────────────────────────────────────────
    ../../test-results/api-integration-👥-Wedding-8c90f-Tests-Get-Planner-Tasks-API-firefox/video.webm
    ────────────────────────────────────────────────────────────────────────────────────────────────
]]>
</failure>
<system-out>
<![CDATA[
[[ATTACHMENT|test-results/api-integration-👥-Wedding-8c90f-Tests-Get-Planner-Tasks-API-firefox/test-failed-1.png]]

[[ATTACHMENT|test-results/api-integration-👥-Wedding-8c90f-Tests-Get-Planner-Tasks-API-firefox/video.webm]]
]]>
</system-out>
</testcase>
<testcase name="👥 Wedding Planner API Tests › Create Planner Task API" classname="api-integration.spec.ts" time="4.983">
<failure message="api-integration.spec.ts:515:7 Create Planner Task API" type="FAILURE">
<![CDATA[  [firefox] › api-integration.spec.ts:515:7 › 👥 Wedding Planner API Tests › Create Planner Task API 

    SyntaxError: Unexpected end of JSON input

      43 |     data: { email, password }
      44 |   });
    > 45 |   const data = await response.json();
         |                ^
      46 |   return data.token;
      47 | }
      48 |
        at getAuthToken (/Users/asithalakmal/Documents/web/final project/WeddingLK-next copy/tests/e2e/api-integration.spec.ts:45:16)
        at /Users/asithalakmal/Documents/web/final project/WeddingLK-next copy/tests/e2e/api-integration.spec.ts:516:19

    attachment #1: screenshot (image/png) ──────────────────────────────────────────────────────────
    ../../test-results/api-integration-👥-Wedding-2690c-sts-Create-Planner-Task-API-firefox/test-failed-1.png
    ────────────────────────────────────────────────────────────────────────────────────────────────

    attachment #2: video (video/webm) ──────────────────────────────────────────────────────────────
    ../../test-results/api-integration-👥-Wedding-2690c-sts-Create-Planner-Task-API-firefox/video.webm
    ────────────────────────────────────────────────────────────────────────────────────────────────
]]>
</failure>
<system-out>
<![CDATA[
[[ATTACHMENT|test-results/api-integration-👥-Wedding-2690c-sts-Create-Planner-Task-API-firefox/test-failed-1.png]]

[[ATTACHMENT|test-results/api-integration-👥-Wedding-2690c-sts-Create-Planner-Task-API-firefox/video.webm]]
]]>
</system-out>
</testcase>
<testcase name="👑 Admin Management API Tests › Get All Users API" classname="api-integration.spec.ts" time="5.61">
<failure message="api-integration.spec.ts:534:7 Get All Users API" type="FAILURE">
<![CDATA[  [firefox] › api-integration.spec.ts:534:7 › 👑 Admin Management API Tests › Get All Users API ────

    SyntaxError: Unexpected end of JSON input

      43 |     data: { email, password }
      44 |   });
    > 45 |   const data = await response.json();
         |                ^
      46 |   return data.token;
      47 | }
      48 |
        at getAuthToken (/Users/asithalakmal/Documents/web/final project/WeddingLK-next copy/tests/e2e/api-integration.spec.ts:45:16)
        at /Users/asithalakmal/Documents/web/final project/WeddingLK-next copy/tests/e2e/api-integration.spec.ts:535:19

    attachment #1: screenshot (image/png) ──────────────────────────────────────────────────────────
    ../../test-results/api-integration-👑-Admin-M-2be62-API-Tests-Get-All-Users-API-firefox/test-failed-1.png
    ────────────────────────────────────────────────────────────────────────────────────────────────

    attachment #2: video (video/webm) ──────────────────────────────────────────────────────────────
    ../../test-results/api-integration-👑-Admin-M-2be62-API-Tests-Get-All-Users-API-firefox/video.webm
    ────────────────────────────────────────────────────────────────────────────────────────────────
]]>
</failure>
<system-out>
<![CDATA[
[[ATTACHMENT|test-results/api-integration-👑-Admin-M-2be62-API-Tests-Get-All-Users-API-firefox/test-failed-1.png]]

[[ATTACHMENT|test-results/api-integration-👑-Admin-M-2be62-API-Tests-Get-All-Users-API-firefox/video.webm]]
]]>
</system-out>
</testcase>
<testcase name="👑 Admin Management API Tests › Get All Vendors API" classname="api-integration.spec.ts" time="5.089">
<failure message="api-integration.spec.ts:545:7 Get All Vendors API" type="FAILURE">
<![CDATA[  [firefox] › api-integration.spec.ts:545:7 › 👑 Admin Management API Tests › Get All Vendors API ──

    SyntaxError: Unexpected end of JSON input

      43 |     data: { email, password }
      44 |   });
    > 45 |   const data = await response.json();
         |                ^
      46 |   return data.token;
      47 | }
      48 |
        at getAuthToken (/Users/asithalakmal/Documents/web/final project/WeddingLK-next copy/tests/e2e/api-integration.spec.ts:45:16)
        at /Users/asithalakmal/Documents/web/final project/WeddingLK-next copy/tests/e2e/api-integration.spec.ts:546:19

    attachment #1: screenshot (image/png) ──────────────────────────────────────────────────────────
    ../../test-results/api-integration-👑-Admin-M-588b2-I-Tests-Get-All-Vendors-API-firefox/test-failed-1.png
    ────────────────────────────────────────────────────────────────────────────────────────────────

    attachment #2: video (video/webm) ──────────────────────────────────────────────────────────────
    ../../test-results/api-integration-👑-Admin-M-588b2-I-Tests-Get-All-Vendors-API-firefox/video.webm
    ────────────────────────────────────────────────────────────────────────────────────────────────
]]>
</failure>
<system-out>
<![CDATA[
[[ATTACHMENT|test-results/api-integration-👑-Admin-M-588b2-I-Tests-Get-All-Vendors-API-firefox/test-failed-1.png]]

[[ATTACHMENT|test-results/api-integration-👑-Admin-M-588b2-I-Tests-Get-All-Vendors-API-firefox/video.webm]]
]]>
</system-out>
</testcase>
<testcase name="👑 Admin Management API Tests › Update User Role API" classname="api-integration.spec.ts" time="4.958">
<failure message="api-integration.spec.ts:556:7 Update User Role API" type="FAILURE">
<![CDATA[  [firefox] › api-integration.spec.ts:556:7 › 👑 Admin Management API Tests › Update User Role API ─

    SyntaxError: Unexpected end of JSON input

      43 |     data: { email, password }
      44 |   });
    > 45 |   const data = await response.json();
         |                ^
      46 |   return data.token;
      47 | }
      48 |
        at getAuthToken (/Users/asithalakmal/Documents/web/final project/WeddingLK-next copy/tests/e2e/api-integration.spec.ts:45:16)
        at /Users/asithalakmal/Documents/web/final project/WeddingLK-next copy/tests/e2e/api-integration.spec.ts:557:19

    attachment #1: screenshot (image/png) ──────────────────────────────────────────────────────────
    ../../test-results/api-integration-👑-Admin-M-426c4--Tests-Update-User-Role-API-firefox/test-failed-1.png
    ────────────────────────────────────────────────────────────────────────────────────────────────

    attachment #2: video (video/webm) ──────────────────────────────────────────────────────────────
    ../../test-results/api-integration-👑-Admin-M-426c4--Tests-Update-User-Role-API-firefox/video.webm
    ────────────────────────────────────────────────────────────────────────────────────────────────
]]>
</failure>
<system-out>
<![CDATA[
[[ATTACHMENT|test-results/api-integration-👑-Admin-M-426c4--Tests-Update-User-Role-API-firefox/test-failed-1.png]]

[[ATTACHMENT|test-results/api-integration-👑-Admin-M-426c4--Tests-Update-User-Role-API-firefox/video.webm]]
]]>
</system-out>
</testcase>
<testcase name="👑 Admin Management API Tests › Get Admin Reports API" classname="api-integration.spec.ts" time="4.168">
<failure message="api-integration.spec.ts:569:7 Get Admin Reports API" type="FAILURE">
<![CDATA[  [firefox] › api-integration.spec.ts:569:7 › 👑 Admin Management API Tests › Get Admin Reports API 

    SyntaxError: Unexpected end of JSON input

      43 |     data: { email, password }
      44 |   });
    > 45 |   const data = await response.json();
         |                ^
      46 |   return data.token;
      47 | }
      48 |
        at getAuthToken (/Users/asithalakmal/Documents/web/final project/WeddingLK-next copy/tests/e2e/api-integration.spec.ts:45:16)
        at /Users/asithalakmal/Documents/web/final project/WeddingLK-next copy/tests/e2e/api-integration.spec.ts:570:19

    attachment #1: screenshot (image/png) ──────────────────────────────────────────────────────────
    ../../test-results/api-integration-👑-Admin-M-bc282-Tests-Get-Admin-Reports-API-firefox/test-failed-1.png
    ────────────────────────────────────────────────────────────────────────────────────────────────

    attachment #2: video (video/webm) ──────────────────────────────────────────────────────────────
    ../../test-results/api-integration-👑-Admin-M-bc282-Tests-Get-Admin-Reports-API-firefox/video.webm
    ────────────────────────────────────────────────────────────────────────────────────────────────
]]>
</failure>
<system-out>
<![CDATA[
[[ATTACHMENT|test-results/api-integration-👑-Admin-M-bc282-Tests-Get-Admin-Reports-API-firefox/test-failed-1.png]]

[[ATTACHMENT|test-results/api-integration-👑-Admin-M-bc282-Tests-Get-Admin-Reports-API-firefox/video.webm]]
]]>
</system-out>
</testcase>
<testcase name="🔍 Search and Filter API Tests › Search Venues API" classname="api-integration.spec.ts" time="6.016">
</testcase>
<testcase name="🔍 Search and Filter API Tests › Search Vendors API" classname="api-integration.spec.ts" time="6.507">
</testcase>
<testcase name="🔍 Search and Filter API Tests › Filter Venues by Price API" classname="api-integration.spec.ts" time="2.233">
</testcase>
<testcase name="📱 Mobile API Tests › Mobile App Data API" classname="api-integration.spec.ts" time="3.104">
<failure message="api-integration.spec.ts:611:7 Mobile App Data API" type="FAILURE">
<![CDATA[  [firefox] › api-integration.spec.ts:611:7 › 📱 Mobile API Tests › Mobile App Data API ────────────

    SyntaxError: Unexpected end of JSON input

      43 |     data: { email, password }
      44 |   });
    > 45 |   const data = await response.json();
         |                ^
      46 |   return data.token;
      47 | }
      48 |
        at getAuthToken (/Users/asithalakmal/Documents/web/final project/WeddingLK-next copy/tests/e2e/api-integration.spec.ts:45:16)
        at /Users/asithalakmal/Documents/web/final project/WeddingLK-next copy/tests/e2e/api-integration.spec.ts:612:19

    attachment #1: screenshot (image/png) ──────────────────────────────────────────────────────────
    ../../test-results/api-integration-📱-Mobile-API-Tests-Mobile-App-Data-API-firefox/test-failed-1.png
    ────────────────────────────────────────────────────────────────────────────────────────────────

    attachment #2: video (video/webm) ──────────────────────────────────────────────────────────────
    ../../test-results/api-integration-📱-Mobile-API-Tests-Mobile-App-Data-API-firefox/video.webm
    ────────────────────────────────────────────────────────────────────────────────────────────────
]]>
</failure>
<system-out>
<![CDATA[
[[ATTACHMENT|test-results/api-integration-📱-Mobile-API-Tests-Mobile-App-Data-API-firefox/test-failed-1.png]]

[[ATTACHMENT|test-results/api-integration-📱-Mobile-API-Tests-Mobile-App-Data-API-firefox/video.webm]]
]]>
</system-out>
</testcase>
<testcase name="📱 Mobile API Tests › Mobile Venues API" classname="api-integration.spec.ts" time="1.793">
<failure message="api-integration.spec.ts:625:7 Mobile Venues API" type="FAILURE">
<![CDATA[  [firefox] › api-integration.spec.ts:625:7 › 📱 Mobile API Tests › Mobile Venues API ──────────────

    SyntaxError: Unexpected end of JSON input

      43 |     data: { email, password }
      44 |   });
    > 45 |   const data = await response.json();
         |                ^
      46 |   return data.token;
      47 | }
      48 |
        at getAuthToken (/Users/asithalakmal/Documents/web/final project/WeddingLK-next copy/tests/e2e/api-integration.spec.ts:45:16)
        at /Users/asithalakmal/Documents/web/final project/WeddingLK-next copy/tests/e2e/api-integration.spec.ts:626:19

    attachment #1: screenshot (image/png) ──────────────────────────────────────────────────────────
    ../../test-results/api-integration-📱-Mobile-API-Tests-Mobile-Venues-API-firefox/test-failed-1.png
    ────────────────────────────────────────────────────────────────────────────────────────────────

    attachment #2: video (video/webm) ──────────────────────────────────────────────────────────────
    ../../test-results/api-integration-📱-Mobile-API-Tests-Mobile-Venues-API-firefox/video.webm
    ────────────────────────────────────────────────────────────────────────────────────────────────
]]>
</failure>
<system-out>
<![CDATA[
[[ATTACHMENT|test-results/api-integration-📱-Mobile-API-Tests-Mobile-Venues-API-firefox/test-failed-1.png]]

[[ATTACHMENT|test-results/api-integration-📱-Mobile-API-Tests-Mobile-Venues-API-firefox/video.webm]]
]]>
</system-out>
</testcase>
<testcase name="🔔 Notification API Tests › Get Notifications API" classname="api-integration.spec.ts" time="7.015">
<failure message="api-integration.spec.ts:641:7 Get Notifications API" type="FAILURE">
<![CDATA[  [firefox] › api-integration.spec.ts:641:7 › 🔔 Notification API Tests › Get Notifications API ────

    SyntaxError: Unexpected end of JSON input

      43 |     data: { email, password }
      44 |   });
    > 45 |   const data = await response.json();
         |                ^
      46 |   return data.token;
      47 | }
      48 |
        at getAuthToken (/Users/asithalakmal/Documents/web/final project/WeddingLK-next copy/tests/e2e/api-integration.spec.ts:45:16)
        at /Users/asithalakmal/Documents/web/final project/WeddingLK-next copy/tests/e2e/api-integration.spec.ts:642:19

    attachment #1: screenshot (image/png) ──────────────────────────────────────────────────────────
    ../../test-results/api-integration-🔔-Notific-9b174-Tests-Get-Notifications-API-firefox/test-failed-1.png
    ────────────────────────────────────────────────────────────────────────────────────────────────

    attachment #2: video (video/webm) ──────────────────────────────────────────────────────────────
    ../../test-results/api-integration-🔔-Notific-9b174-Tests-Get-Notifications-API-firefox/video.webm
    ────────────────────────────────────────────────────────────────────────────────────────────────
]]>
</failure>
<system-out>
<![CDATA[
[[ATTACHMENT|test-results/api-integration-🔔-Notific-9b174-Tests-Get-Notifications-API-firefox/test-failed-1.png]]

[[ATTACHMENT|test-results/api-integration-🔔-Notific-9b174-Tests-Get-Notifications-API-firefox/video.webm]]
]]>
</system-out>
</testcase>
<testcase name="🔔 Notification API Tests › Mark Notification as Read API" classname="api-integration.spec.ts" time="6.941">
<failure message="api-integration.spec.ts:652:7 Mark Notification as Read API" type="FAILURE">
<![CDATA[  [firefox] › api-integration.spec.ts:652:7 › 🔔 Notification API Tests › Mark Notification as Read API 

    SyntaxError: Unexpected end of JSON input

      43 |     data: { email, password }
      44 |   });
    > 45 |   const data = await response.json();
         |                ^
      46 |   return data.token;
      47 | }
      48 |
        at getAuthToken (/Users/asithalakmal/Documents/web/final project/WeddingLK-next copy/tests/e2e/api-integration.spec.ts:45:16)
        at /Users/asithalakmal/Documents/web/final project/WeddingLK-next copy/tests/e2e/api-integration.spec.ts:653:19

    attachment #1: screenshot (image/png) ──────────────────────────────────────────────────────────
    ../../test-results/api-integration-🔔-Notific-6938f-rk-Notification-as-Read-API-firefox/test-failed-1.png
    ────────────────────────────────────────────────────────────────────────────────────────────────

    attachment #2: video (video/webm) ──────────────────────────────────────────────────────────────
    ../../test-results/api-integration-🔔-Notific-6938f-rk-Notification-as-Read-API-firefox/video.webm
    ────────────────────────────────────────────────────────────────────────────────────────────────
]]>
</failure>
<system-out>
<![CDATA[
[[ATTACHMENT|test-results/api-integration-🔔-Notific-6938f-rk-Notification-as-Read-API-firefox/test-failed-1.png]]

[[ATTACHMENT|test-results/api-integration-🔔-Notific-6938f-rk-Notification-as-Read-API-firefox/video.webm]]
]]>
</system-out>
</testcase>
<testcase name="🛡️ Security and Error Handling API Tests › Unauthorized API Access" classname="api-integration.spec.ts" time="5.911">
<failure message="api-integration.spec.ts:665:7 Unauthorized API Access" type="FAILURE">
<![CDATA[  [firefox] › api-integration.spec.ts:665:7 › 🛡️ Security and Error Handling API Tests › Unauthorized API Access 

    Error: expect(received).toContain(expected) // indexOf

    Expected substring: "Unauthorized"
    Received string:    "Authentication required"

      668 |     
      669 |     const data = await response.json();
    > 670 |     expect(data.error).toContain('Unauthorized');
          |                        ^
      671 |   });
      672 |
      673 |   test('Invalid Token API Access', async ({ page }) => {
        at /Users/asithalakmal/Documents/web/final project/WeddingLK-next copy/tests/e2e/api-integration.spec.ts:670:24

    attachment #1: screenshot (image/png) ──────────────────────────────────────────────────────────
    ../../test-results/api-integration-🛡️-Securi-b5273-sts-Unauthorized-API-Access-firefox/test-failed-1.png
    ────────────────────────────────────────────────────────────────────────────────────────────────

    attachment #2: video (video/webm) ──────────────────────────────────────────────────────────────
    ../../test-results/api-integration-🛡️-Securi-b5273-sts-Unauthorized-API-Access-firefox/video.webm
    ────────────────────────────────────────────────────────────────────────────────────────────────
]]>
</failure>
<system-out>
<![CDATA[
[[ATTACHMENT|test-results/api-integration-🛡️-Securi-b5273-sts-Unauthorized-API-Access-firefox/test-failed-1.png]]

[[ATTACHMENT|test-results/api-integration-🛡️-Securi-b5273-sts-Unauthorized-API-Access-firefox/video.webm]]
]]>
</system-out>
</testcase>
<testcase name="🛡️ Security and Error Handling API Tests › Invalid Token API Access" classname="api-integration.spec.ts" time="5.968">
</testcase>
<testcase name="🛡️ Security and Error Handling API Tests › Rate Limiting API" classname="api-integration.spec.ts" time="5.99">
<failure message="api-integration.spec.ts:680:7 Rate Limiting API" type="FAILURE">
<![CDATA[  [firefox] › api-integration.spec.ts:680:7 › 🛡️ Security and Error Handling API Tests › Rate Limiting API 

    Error: expect(received).toBeGreaterThan(expected)

    Expected: > 0
    Received:   0

      688 |     
      689 |     // At least one request should be rate limited
    > 690 |     expect(rateLimitedResponses.length).toBeGreaterThan(0);
          |                                         ^
      691 |   });
      692 |
      693 |   test('Input Validation API', async ({ page }) => {
        at /Users/asithalakmal/Documents/web/final project/WeddingLK-next copy/tests/e2e/api-integration.spec.ts:690:41

    attachment #1: screenshot (image/png) ──────────────────────────────────────────────────────────
    ../../test-results/api-integration-🛡️-Securi-733b3-API-Tests-Rate-Limiting-API-firefox/test-failed-1.png
    ────────────────────────────────────────────────────────────────────────────────────────────────

    attachment #2: video (video/webm) ──────────────────────────────────────────────────────────────
    ../../test-results/api-integration-🛡️-Securi-733b3-API-Tests-Rate-Limiting-API-firefox/video.webm
    ────────────────────────────────────────────────────────────────────────────────────────────────
]]>
</failure>
<system-out>
<![CDATA[
[[ATTACHMENT|test-results/api-integration-🛡️-Securi-733b3-API-Tests-Rate-Limiting-API-firefox/test-failed-1.png]]

[[ATTACHMENT|test-results/api-integration-🛡️-Securi-733b3-API-Tests-Rate-Limiting-API-firefox/video.webm]]
]]>
</system-out>
</testcase>
<testcase name="🛡️ Security and Error Handling API Tests › Input Validation API" classname="api-integration.spec.ts" time="1.822">
<failure message="api-integration.spec.ts:693:7 Input Validation API" type="FAILURE">
<![CDATA[  [firefox] › api-integration.spec.ts:693:7 › 🛡️ Security and Error Handling API Tests › Input Validation API 

    Error: expect(received).toBeDefined()

    Received: undefined

      702 |     expect(response.status()).toBe(400);
      703 |     const data = await response.json();
    > 704 |     expect(data.errors).toBeDefined();
          |                         ^
      705 |   });
      706 | });
      707 |
        at /Users/asithalakmal/Documents/web/final project/WeddingLK-next copy/tests/e2e/api-integration.spec.ts:704:25

    attachment #1: screenshot (image/png) ──────────────────────────────────────────────────────────
    ../../test-results/api-integration-🛡️-Securi-8d139--Tests-Input-Validation-API-firefox/test-failed-1.png
    ────────────────────────────────────────────────────────────────────────────────────────────────

    attachment #2: video (video/webm) ──────────────────────────────────────────────────────────────
    ../../test-results/api-integration-🛡️-Securi-8d139--Tests-Input-Validation-API-firefox/video.webm
    ────────────────────────────────────────────────────────────────────────────────────────────────
]]>
</failure>
<system-out>
<![CDATA[
[[ATTACHMENT|test-results/api-integration-🛡️-Securi-8d139--Tests-Input-Validation-API-firefox/test-failed-1.png]]

[[ATTACHMENT|test-results/api-integration-🛡️-Securi-8d139--Tests-Input-Validation-API-firefox/video.webm]]
]]>
</system-out>
</testcase>
<testcase name="📊 Analytics and Monitoring API Tests › Performance Monitoring API" classname="api-integration.spec.ts" time="5.898">
<failure message="api-integration.spec.ts:709:7 Performance Monitoring API" type="FAILURE">
<![CDATA[  [firefox] › api-integration.spec.ts:709:7 › 📊 Analytics and Monitoring API Tests › Performance Monitoring API 

    Error: expect(received).toBeDefined()

    Received: undefined

      713 |     const data = await response.json();
      714 |     expect(data.success).toBe(true);
    > 715 |     expect(data.metrics).toBeDefined();
          |                          ^
      716 |   });
      717 |
      718 |   test('Health Check API', async ({ page }) => {
        at /Users/asithalakmal/Documents/web/final project/WeddingLK-next copy/tests/e2e/api-integration.spec.ts:715:26

    attachment #1: screenshot (image/png) ──────────────────────────────────────────────────────────
    ../../test-results/api-integration-📊-Analyti-8d4fe--Performance-Monitoring-API-firefox/test-failed-1.png
    ────────────────────────────────────────────────────────────────────────────────────────────────

    attachment #2: video (video/webm) ──────────────────────────────────────────────────────────────
    ../../test-results/api-integration-📊-Analyti-8d4fe--Performance-Monitoring-API-firefox/video.webm
    ────────────────────────────────────────────────────────────────────────────────────────────────
]]>
</failure>
<system-out>
<![CDATA[
[[ATTACHMENT|test-results/api-integration-📊-Analyti-8d4fe--Performance-Monitoring-API-firefox/test-failed-1.png]]

[[ATTACHMENT|test-results/api-integration-📊-Analyti-8d4fe--Performance-Monitoring-API-firefox/video.webm]]
]]>
</system-out>
</testcase>
<testcase name="📊 Analytics and Monitoring API Tests › Health Check API" classname="api-integration.spec.ts" time="64.127">
<failure message="api-integration.spec.ts:718:7 Health Check API" type="FAILURE">
<![CDATA[  [firefox] › api-integration.spec.ts:718:7 › 📊 Analytics and Monitoring API Tests › Health Check API 

    TimeoutError: apiRequestContext.get: Timeout 60000ms exceeded.
    Call log:
      - → GET https://wedding-4twyhvelc-asithalkonaras-projects.vercel.app/api/health
        - user-agent: Mozilla/5.0 (Windows NT 10.0; Win64; x64; rv:142.0.1) Gecko/20100101 Firefox/142.0.1
        - accept: */*
        - accept-encoding: gzip,deflate,br


      717 |
      718 |   test('Health Check API', async ({ page }) => {
    > 719 |     const response = await page.request.get('/api/health');
          |                                         ^
      720 |     expect(response.status()).toBe(200);
      721 |     
      722 |     const data = await response.json();
        at /Users/asithalakmal/Documents/web/final project/WeddingLK-next copy/tests/e2e/api-integration.spec.ts:719:41

    attachment #1: screenshot (image/png) ──────────────────────────────────────────────────────────
    ../../test-results/api-integration-📊-Analyti-e1193--API-Tests-Health-Check-API-firefox/test-failed-1.png
    ────────────────────────────────────────────────────────────────────────────────────────────────

    attachment #2: video (video/webm) ──────────────────────────────────────────────────────────────
    ../../test-results/api-integration-📊-Analyti-e1193--API-Tests-Health-Check-API-firefox/video.webm
    ────────────────────────────────────────────────────────────────────────────────────────────────
]]>
</failure>
<system-out>
<![CDATA[
[[ATTACHMENT|test-results/api-integration-📊-Analyti-e1193--API-Tests-Health-Check-API-firefox/test-failed-1.png]]

[[ATTACHMENT|test-results/api-integration-📊-Analyti-e1193--API-Tests-Health-Check-API-firefox/video.webm]]
]]>
</system-out>
</testcase>
<testcase name="📊 Analytics and Monitoring API Tests › Error Tracking API" classname="api-integration.spec.ts" time="5.149">
<failure message="api-integration.spec.ts:727:7 Error Tracking API" type="FAILURE">
<![CDATA[  [firefox] › api-integration.spec.ts:727:7 › 📊 Analytics and Monitoring API Tests › Error Tracking API 

    Error: expect(received).toBe(expected) // Object.is equality

    Expected: 200
    Received: 401

      727 |   test('Error Tracking API', async ({ page }) => {
      728 |     const response = await page.request.get('/api/errors');
    > 729 |     expect(response.status()).toBe(200);
          |                               ^
      730 |     
      731 |     const data = await response.json();
      732 |     expect(data.success).toBe(true);
        at /Users/asithalakmal/Documents/web/final project/WeddingLK-next copy/tests/e2e/api-integration.spec.ts:729:31

    attachment #1: screenshot (image/png) ──────────────────────────────────────────────────────────
    ../../test-results/api-integration-📊-Analyti-cbfaa-PI-Tests-Error-Tracking-API-firefox/test-failed-1.png
    ────────────────────────────────────────────────────────────────────────────────────────────────

    attachment #2: video (video/webm) ──────────────────────────────────────────────────────────────
    ../../test-results/api-integration-📊-Analyti-cbfaa-PI-Tests-Error-Tracking-API-firefox/video.webm
    ────────────────────────────────────────────────────────────────────────────────────────────────
]]>
</failure>
<system-out>
<![CDATA[
[[ATTACHMENT|test-results/api-integration-📊-Analyti-cbfaa-PI-Tests-Error-Tracking-API-firefox/test-failed-1.png]]

[[ATTACHMENT|test-results/api-integration-📊-Analyti-cbfaa-PI-Tests-Error-Tracking-API-firefox/video.webm]]
]]>
</system-out>
</testcase>
</testsuite>
<testsuite name="api-tests.spec.ts" timestamp="2025-10-27T06:34:37.600Z" hostname="firefox" tests="44" failures="16" skipped="0" time="216.787" errors="0">
<testcase name="🔌 API Integration Tests - Phase 2 › 🔐 Authentication APIs › ✅ POST /api/auth/signin - Valid credentials return 200" classname="api-tests.spec.ts" time="3.971">
</testcase>
<testcase name="🔌 API Integration Tests - Phase 2 › 🔐 Authentication APIs › ✅ POST /api/auth/signin - Invalid credentials return 401" classname="api-tests.spec.ts" time="1.738">
</testcase>
<testcase name="🔌 API Integration Tests - Phase 2 › 🔐 Authentication APIs › ✅ POST /api/auth/signup - New user registration" classname="api-tests.spec.ts" time="1.766">
</testcase>
<testcase name="🔌 API Integration Tests - Phase 2 › 🔐 Authentication APIs › ✅ GET /api/auth/me - Get current user info" classname="api-tests.spec.ts" time="2.434">
</testcase>
<testcase name="🔌 API Integration Tests - Phase 2 › 🔐 Authentication APIs › ✅ POST /api/auth/signout - Logout user" classname="api-tests.spec.ts" time="2.362">
</testcase>
<testcase name="🔌 API Integration Tests - Phase 2 › 📊 Dashboard APIs › ✅ GET /api/dashboard/user - User dashboard stats" classname="api-tests.spec.ts" time="1.645">
</testcase>
<testcase name="🔌 API Integration Tests - Phase 2 › 📊 Dashboard APIs › ✅ GET /api/dashboard/vendor - Vendor dashboard stats" classname="api-tests.spec.ts" time="1.593">
</testcase>
<testcase name="🔌 API Integration Tests - Phase 2 › 📊 Dashboard APIs › ✅ GET /api/dashboard/admin - Admin dashboard stats" classname="api-tests.spec.ts" time="2.014">
</testcase>
<testcase name="🔌 API Integration Tests - Phase 2 › 📊 Dashboard APIs › ✅ GET /api/dashboard - General dashboard stats" classname="api-tests.spec.ts" time="1.185">
</testcase>
<testcase name="🔌 API Integration Tests - Phase 2 › 🏛️ Venue APIs › ✅ GET /api/venues - List all venues" classname="api-tests.spec.ts" time="1.235">
<failure message="api-tests.spec.ts:141:9 ✅ GET /api/venues - List all venues" type="FAILURE">
<![CDATA[  [firefox] › api-tests.spec.ts:141:9 › 🔌 API Integration Tests - Phase 2 › 🏛️ Venue APIs › ✅ GET /api/venues - List all venues 

    Error: expect(received).toBeTruthy()

    Received: undefined

      146 |       if (response.ok()) {
      147 |         const json = await response.json()
    > 148 |         expect(Array.isArray(json) || json.venues).toBeTruthy()
          |                                                    ^
      149 |       }
      150 |     })
      151 |
        at /Users/asithalakmal/Documents/web/final project/WeddingLK-next copy/tests/e2e/api-tests.spec.ts:148:52

    attachment #1: screenshot (image/png) ──────────────────────────────────────────────────────────
    ../../test-results/api-tests-🔌-API-Integrati-b243f-pi-venues---List-all-venues-firefox/test-failed-1.png
    ────────────────────────────────────────────────────────────────────────────────────────────────

    attachment #2: video (video/webm) ──────────────────────────────────────────────────────────────
    ../../test-results/api-tests-🔌-API-Integrati-b243f-pi-venues---List-all-venues-firefox/video.webm
    ────────────────────────────────────────────────────────────────────────────────────────────────
]]>
</failure>
<system-out>
<![CDATA[
[[ATTACHMENT|test-results/api-tests-🔌-API-Integrati-b243f-pi-venues---List-all-venues-firefox/test-failed-1.png]]

[[ATTACHMENT|test-results/api-tests-🔌-API-Integrati-b243f-pi-venues---List-all-venues-firefox/video.webm]]
]]>
</system-out>
</testcase>
<testcase name="🔌 API Integration Tests - Phase 2 › 🏛️ Venue APIs › ✅ GET /api/venues/search - Search venues" classname="api-tests.spec.ts" time="5.177">
</testcase>
<testcase name="🔌 API Integration Tests - Phase 2 › 🏛️ Venue APIs › ✅ GET /api/venues/:id - Get specific venue" classname="api-tests.spec.ts" time="1.946">
<failure message="api-tests.spec.ts:158:9 ✅ GET /api/venues/:id - Get specific venue" type="FAILURE">
<![CDATA[  [firefox] › api-tests.spec.ts:158:9 › 🔌 API Integration Tests - Phase 2 › 🏛️ Venue APIs › ✅ GET /api/venues/:id - Get specific venue 

    Error: expect(received).toContain(expected) // indexOf

    Expected value: 500
    Received array: [200, 404, 400]

      159 |       const response = await page.request.get('/api/venues/test-venue-id')
      160 |       
    > 161 |       expect([200, 404, 400]).toContain(response.status())
          |                               ^
      162 |     })
      163 |
      164 |     test('✅ GET /api/venues/search with filters', async ({ page }) => {
        at /Users/asithalakmal/Documents/web/final project/WeddingLK-next copy/tests/e2e/api-tests.spec.ts:161:31

    attachment #1: screenshot (image/png) ──────────────────────────────────────────────────────────
    ../../test-results/api-tests-🔌-API-Integrati-924d0-ues-id---Get-specific-venue-firefox/test-failed-1.png
    ────────────────────────────────────────────────────────────────────────────────────────────────

    attachment #2: video (video/webm) ──────────────────────────────────────────────────────────────
    ../../test-results/api-tests-🔌-API-Integrati-924d0-ues-id---Get-specific-venue-firefox/video.webm
    ────────────────────────────────────────────────────────────────────────────────────────────────
]]>
</failure>
<system-out>
<![CDATA[
[[ATTACHMENT|test-results/api-tests-🔌-API-Integrati-924d0-ues-id---Get-specific-venue-firefox/test-failed-1.png]]

[[ATTACHMENT|test-results/api-tests-🔌-API-Integrati-924d0-ues-id---Get-specific-venue-firefox/video.webm]]
]]>
</system-out>
</testcase>
<testcase name="🔌 API Integration Tests - Phase 2 › 🏛️ Venue APIs › ✅ GET /api/venues/search with filters" classname="api-tests.spec.ts" time="5.408">
</testcase>
<testcase name="🔌 API Integration Tests - Phase 2 › 🏛️ Venue APIs › ✅ GET /api/venues with pagination" classname="api-tests.spec.ts" time="1.863">
</testcase>
<testcase name="🔌 API Integration Tests - Phase 2 › 🏢 Vendor APIs › ✅ GET /api/vendors - List all vendors" classname="api-tests.spec.ts" time="1.634">
</testcase>
<testcase name="🔌 API Integration Tests - Phase 2 › 🏢 Vendor APIs › ✅ GET /api/vendors/search - Search vendors" classname="api-tests.spec.ts" time="1.972">
</testcase>
<testcase name="🔌 API Integration Tests - Phase 2 › 🏢 Vendor APIs › ✅ GET /api/vendors/:id - Get specific vendor" classname="api-tests.spec.ts" time="1.084">
<failure message="api-tests.spec.ts:196:9 ✅ GET /api/vendors/:id - Get specific vendor" type="FAILURE">
<![CDATA[  [firefox] › api-tests.spec.ts:196:9 › 🔌 API Integration Tests - Phase 2 › 🏢 Vendor APIs › ✅ GET /api/vendors/:id - Get specific vendor 

    Error: expect(received).toContain(expected) // indexOf

    Expected value: 500
    Received array: [200, 404, 400]

      197 |       const response = await page.request.get('/api/vendors/test-vendor-id')
      198 |       
    > 199 |       expect([200, 404, 400]).toContain(response.status())
          |                               ^
      200 |     })
      201 |
      202 |     test('✅ GET /api/vendors/category/:category - Get vendors by category', async ({ page }) => {
        at /Users/asithalakmal/Documents/web/final project/WeddingLK-next copy/tests/e2e/api-tests.spec.ts:199:31

    attachment #1: screenshot (image/png) ──────────────────────────────────────────────────────────
    ../../test-results/api-tests-🔌-API-Integrati-17e5a-rs-id---Get-specific-vendor-firefox/test-failed-1.png
    ────────────────────────────────────────────────────────────────────────────────────────────────

    attachment #2: video (video/webm) ──────────────────────────────────────────────────────────────
    ../../test-results/api-tests-🔌-API-Integrati-17e5a-rs-id---Get-specific-vendor-firefox/video.webm
    ────────────────────────────────────────────────────────────────────────────────────────────────
]]>
</failure>
<system-out>
<![CDATA[
[[ATTACHMENT|test-results/api-tests-🔌-API-Integrati-17e5a-rs-id---Get-specific-vendor-firefox/test-failed-1.png]]

[[ATTACHMENT|test-results/api-tests-🔌-API-Integrati-17e5a-rs-id---Get-specific-vendor-firefox/video.webm]]
]]>
</system-out>
</testcase>
<testcase name="🔌 API Integration Tests - Phase 2 › 🏢 Vendor APIs › ✅ GET /api/vendors/category/:category - Get vendors by category" classname="api-tests.spec.ts" time="4.399">
</testcase>
<testcase name="🔌 API Integration Tests - Phase 2 › 🏢 Vendor APIs › ✅ GET /api/vendors/search with filters" classname="api-tests.spec.ts" time="6.112">
</testcase>
<testcase name="🔌 API Integration Tests - Phase 2 › 📅 Booking APIs › ✅ GET /api/bookings - List user bookings" classname="api-tests.spec.ts" time="2.538">
</testcase>
<testcase name="🔌 API Integration Tests - Phase 2 › 📅 Booking APIs › ✅ POST /api/bookings - Create booking" classname="api-tests.spec.ts" time="2.262">
</testcase>
<testcase name="🔌 API Integration Tests - Phase 2 › 📅 Booking APIs › ✅ GET /api/bookings/:id - Get specific booking" classname="api-tests.spec.ts" time="2.539">
<failure message="api-tests.spec.ts:245:9 ✅ GET /api/bookings/:id - Get specific booking" type="FAILURE">
<![CDATA[  [firefox] › api-tests.spec.ts:245:9 › 🔌 API Integration Tests - Phase 2 › 📅 Booking APIs › ✅ GET /api/bookings/:id - Get specific booking 

    Error: expect(received).toContain(expected) // indexOf

    Expected value: 500
    Received array: [200, 404, 401]

      248 |       const response = await page.request.get('/api/bookings/test-booking-id')
      249 |       
    > 250 |       expect([200, 404, 401]).toContain(response.status())
          |                               ^
      251 |     })
      252 |
      253 |     test('✅ PATCH /api/bookings/:id - Update booking', async ({ page }) => {
        at /Users/asithalakmal/Documents/web/final project/WeddingLK-next copy/tests/e2e/api-tests.spec.ts:250:31

    attachment #1: screenshot (image/png) ──────────────────────────────────────────────────────────
    ../../test-results/api-tests-🔌-API-Integrati-c1980-s-id---Get-specific-booking-firefox/test-failed-1.png
    ────────────────────────────────────────────────────────────────────────────────────────────────

    attachment #2: video (video/webm) ──────────────────────────────────────────────────────────────
    ../../test-results/api-tests-🔌-API-Integrati-c1980-s-id---Get-specific-booking-firefox/video.webm
    ────────────────────────────────────────────────────────────────────────────────────────────────
]]>
</failure>
<system-out>
<![CDATA[
[[ATTACHMENT|test-results/api-tests-🔌-API-Integrati-c1980-s-id---Get-specific-booking-firefox/test-failed-1.png]]

[[ATTACHMENT|test-results/api-tests-🔌-API-Integrati-c1980-s-id---Get-specific-booking-firefox/video.webm]]
]]>
</system-out>
</testcase>
<testcase name="🔌 API Integration Tests - Phase 2 › 📅 Booking APIs › ✅ PATCH /api/bookings/:id - Update booking" classname="api-tests.spec.ts" time="3.046">
<failure message="api-tests.spec.ts:253:9 ✅ PATCH /api/bookings/:id - Update booking" type="FAILURE">
<![CDATA[  [firefox] › api-tests.spec.ts:253:9 › 🔌 API Integration Tests - Phase 2 › 📅 Booking APIs › ✅ PATCH /api/bookings/:id - Update booking 

    Error: expect(received).toContain(expected) // indexOf

    Expected value: 405
    Received array: [200, 400, 404, 401]

      258 |       })
      259 |       
    > 260 |       expect([200, 400, 404, 401]).toContain(response.status())
          |                                    ^
      261 |     })
      262 |
      263 |     test('✅ DELETE /api/bookings/:id - Cancel booking', async ({ page }) => {
        at /Users/asithalakmal/Documents/web/final project/WeddingLK-next copy/tests/e2e/api-tests.spec.ts:260:36

    attachment #1: screenshot (image/png) ──────────────────────────────────────────────────────────
    ../../test-results/api-tests-🔌-API-Integrati-a1bcb-ookings-id---Update-booking-firefox/test-failed-1.png
    ────────────────────────────────────────────────────────────────────────────────────────────────

    attachment #2: video (video/webm) ──────────────────────────────────────────────────────────────
    ../../test-results/api-tests-🔌-API-Integrati-a1bcb-ookings-id---Update-booking-firefox/video.webm
    ────────────────────────────────────────────────────────────────────────────────────────────────
]]>
</failure>
<system-out>
<![CDATA[
[[ATTACHMENT|test-results/api-tests-🔌-API-Integrati-a1bcb-ookings-id---Update-booking-firefox/test-failed-1.png]]

[[ATTACHMENT|test-results/api-tests-🔌-API-Integrati-a1bcb-ookings-id---Update-booking-firefox/video.webm]]
]]>
</system-out>
</testcase>
<testcase name="🔌 API Integration Tests - Phase 2 › 📅 Booking APIs › ✅ DELETE /api/bookings/:id - Cancel booking" classname="api-tests.spec.ts" time="6.138">
<failure message="api-tests.spec.ts:263:9 ✅ DELETE /api/bookings/:id - Cancel booking" type="FAILURE">
<![CDATA[  [firefox] › api-tests.spec.ts:263:9 › 🔌 API Integration Tests - Phase 2 › 📅 Booking APIs › ✅ DELETE /api/bookings/:id - Cancel booking 

    Error: expect(received).toContain(expected) // indexOf

    Expected value: 500
    Received array: [200, 204, 404, 401]

      266 |       const response = await page.request.delete('/api/bookings/test-booking-id')
      267 |       
    > 268 |       expect([200, 204, 404, 401]).toContain(response.status())
          |                                    ^
      269 |     })
      270 |   })
      271 |
        at /Users/asithalakmal/Documents/web/final project/WeddingLK-next copy/tests/e2e/api-tests.spec.ts:268:36

    attachment #1: screenshot (image/png) ──────────────────────────────────────────────────────────
    ../../test-results/api-tests-🔌-API-Integrati-455c9-ookings-id---Cancel-booking-firefox/test-failed-1.png
    ────────────────────────────────────────────────────────────────────────────────────────────────

    attachment #2: video (video/webm) ──────────────────────────────────────────────────────────────
    ../../test-results/api-tests-🔌-API-Integrati-455c9-ookings-id---Cancel-booking-firefox/video.webm
    ────────────────────────────────────────────────────────────────────────────────────────────────
]]>
</failure>
<system-out>
<![CDATA[
[[ATTACHMENT|test-results/api-tests-🔌-API-Integrati-455c9-ookings-id---Cancel-booking-firefox/test-failed-1.png]]

[[ATTACHMENT|test-results/api-tests-🔌-API-Integrati-455c9-ookings-id---Cancel-booking-firefox/video.webm]]
]]>
</system-out>
</testcase>
<testcase name="🔌 API Integration Tests - Phase 2 › 👤 User Profile APIs › ✅ GET /api/users/profile - Get user profile" classname="api-tests.spec.ts" time="6.715">
</testcase>
<testcase name="🔌 API Integration Tests - Phase 2 › 👤 User Profile APIs › ✅ PATCH /api/users/profile - Update user profile" classname="api-tests.spec.ts" time="6.298">
<failure message="api-tests.spec.ts:285:9 ✅ PATCH /api/users/profile - Update user profile" type="FAILURE">
<![CDATA[  [firefox] › api-tests.spec.ts:285:9 › 🔌 API Integration Tests - Phase 2 › 👤 User Profile APIs › ✅ PATCH /api/users/profile - Update user profile 

    Error: expect(received).toContain(expected) // indexOf

    Expected value: 405
    Received array: [200, 400, 401, 404]

      290 |       })
      291 |       
    > 292 |       expect([200, 400, 401, 404]).toContain(response.status())
          |                                    ^
      293 |     })
      294 |
      295 |     test('✅ POST /api/users/profile/avatar - Upload avatar', async ({ page }) => {
        at /Users/asithalakmal/Documents/web/final project/WeddingLK-next copy/tests/e2e/api-tests.spec.ts:292:36

    attachment #1: screenshot (image/png) ──────────────────────────────────────────────────────────
    ../../test-results/api-tests-🔌-API-Integrati-8e634-ofile---Update-user-profile-firefox/test-failed-1.png
    ────────────────────────────────────────────────────────────────────────────────────────────────

    attachment #2: video (video/webm) ──────────────────────────────────────────────────────────────
    ../../test-results/api-tests-🔌-API-Integrati-8e634-ofile---Update-user-profile-firefox/video.webm
    ────────────────────────────────────────────────────────────────────────────────────────────────
]]>
</failure>
<system-out>
<![CDATA[
[[ATTACHMENT|test-results/api-tests-🔌-API-Integrati-8e634-ofile---Update-user-profile-firefox/test-failed-1.png]]

[[ATTACHMENT|test-results/api-tests-🔌-API-Integrati-8e634-ofile---Update-user-profile-firefox/video.webm]]
]]>
</system-out>
</testcase>
<testcase name="🔌 API Integration Tests - Phase 2 › 👤 User Profile APIs › ✅ POST /api/users/profile/avatar - Upload avatar" classname="api-tests.spec.ts" time="2.382">
<failure message="api-tests.spec.ts:295:9 ✅ POST /api/users/profile/avatar - Upload avatar" type="FAILURE">
<![CDATA[  [firefox] › api-tests.spec.ts:295:9 › 🔌 API Integration Tests - Phase 2 › 👤 User Profile APIs › ✅ POST /api/users/profile/avatar - Upload avatar 

    Error: expect(received).toContain(expected) // indexOf

    Expected value: 405
    Received array: [200, 400, 401, 404]

      300 |       })
      301 |       
    > 302 |       expect([200, 400, 401, 404]).toContain(response.status())
          |                                    ^
      303 |     })
      304 |
      305 |     test('✅ GET /api/users/preferences - Get user preferences', async ({ page }) => {
        at /Users/asithalakmal/Documents/web/final project/WeddingLK-next copy/tests/e2e/api-tests.spec.ts:302:36

    attachment #1: screenshot (image/png) ──────────────────────────────────────────────────────────
    ../../test-results/api-tests-🔌-API-Integrati-5c1b8-file-avatar---Upload-avatar-firefox/test-failed-1.png
    ────────────────────────────────────────────────────────────────────────────────────────────────

    attachment #2: video (video/webm) ──────────────────────────────────────────────────────────────
    ../../test-results/api-tests-🔌-API-Integrati-5c1b8-file-avatar---Upload-avatar-firefox/video.webm
    ────────────────────────────────────────────────────────────────────────────────────────────────
]]>
</failure>
<system-out>
<![CDATA[
[[ATTACHMENT|test-results/api-tests-🔌-API-Integrati-5c1b8-file-avatar---Upload-avatar-firefox/test-failed-1.png]]

[[ATTACHMENT|test-results/api-tests-🔌-API-Integrati-5c1b8-file-avatar---Upload-avatar-firefox/video.webm]]
]]>
</system-out>
</testcase>
<testcase name="🔌 API Integration Tests - Phase 2 › 👤 User Profile APIs › ✅ GET /api/users/preferences - Get user preferences" classname="api-tests.spec.ts" time="5.825">
</testcase>
<testcase name="🔌 API Integration Tests - Phase 2 › 👤 User Profile APIs › ✅ PATCH /api/users/preferences - Update preferences" classname="api-tests.spec.ts" time="8.405">
<failure message="api-tests.spec.ts:313:9 ✅ PATCH /api/users/preferences - Update preferences" type="FAILURE">
<![CDATA[  [firefox] › api-tests.spec.ts:313:9 › 🔌 API Integration Tests - Phase 2 › 👤 User Profile APIs › ✅ PATCH /api/users/preferences - Update preferences 

    Error: expect(received).toContain(expected) // indexOf

    Expected value: 405
    Received array: [200, 400, 401, 404]

      318 |       })
      319 |       
    > 320 |       expect([200, 400, 401, 404]).toContain(response.status())
          |                                    ^
      321 |     })
      322 |   })
      323 |
        at /Users/asithalakmal/Documents/web/final project/WeddingLK-next copy/tests/e2e/api-tests.spec.ts:320:36

    attachment #1: screenshot (image/png) ──────────────────────────────────────────────────────────
    ../../test-results/api-tests-🔌-API-Integrati-b4828-rences---Update-preferences-firefox/test-failed-1.png
    ────────────────────────────────────────────────────────────────────────────────────────────────

    attachment #2: video (video/webm) ──────────────────────────────────────────────────────────────
    ../../test-results/api-tests-🔌-API-Integrati-b4828-rences---Update-preferences-firefox/video.webm
    ────────────────────────────────────────────────────────────────────────────────────────────────
]]>
</failure>
<system-out>
<![CDATA[
[[ATTACHMENT|test-results/api-tests-🔌-API-Integrati-b4828-rences---Update-preferences-firefox/test-failed-1.png]]

[[ATTACHMENT|test-results/api-tests-🔌-API-Integrati-b4828-rences---Update-preferences-firefox/video.webm]]
]]>
</system-out>
</testcase>
<testcase name="🔌 API Integration Tests - Phase 2 › 🔍 Search &amp; Discovery APIs › ✅ GET /api/search - Global search" classname="api-tests.spec.ts" time="1.815">
</testcase>
<testcase name="🔌 API Integration Tests - Phase 2 › 🔍 Search &amp; Discovery APIs › ✅ GET /api/search/suggestions - Search suggestions" classname="api-tests.spec.ts" time="1.432">
</testcase>
<testcase name="🔌 API Integration Tests - Phase 2 › 🔍 Search &amp; Discovery APIs › ✅ GET /api/categories - Get all categories" classname="api-tests.spec.ts" time="3.071">
</testcase>
<testcase name="🔌 API Integration Tests - Phase 2 › 🔍 Search &amp; Discovery APIs › ✅ GET /api/trending - Get trending items" classname="api-tests.spec.ts" time="2.561">
</testcase>
<testcase name="🔌 API Integration Tests - Phase 2 › 🔍 Search &amp; Discovery APIs › ✅ GET /api/featured - Get featured vendors/venues" classname="api-tests.spec.ts" time="2.66">
</testcase>
<testcase name="🔌 API Integration Tests - Phase 2 › ❤️ Favorites APIs › ✅ GET /api/favorites - Get user favorites" classname="api-tests.spec.ts" time="8.781">
<failure message="api-tests.spec.ts:365:9 ✅ GET /api/favorites - Get user favorites" type="FAILURE">
<![CDATA[  [firefox] › api-tests.spec.ts:365:9 › 🔌 API Integration Tests - Phase 2 › ❤️ Favorites APIs › ✅ GET /api/favorites - Get user favorites 

    Error: expect(received).toContain(expected) // indexOf

    Expected value: 500
    Received array: [200, 401, 404]

      368 |       const response = await page.request.get('/api/favorites')
      369 |       
    > 370 |       expect([200, 401, 404]).toContain(response.status())
          |                               ^
      371 |     })
      372 |
      373 |     test('✅ POST /api/favorites - Add to favorites', async ({ page }) => {
        at /Users/asithalakmal/Documents/web/final project/WeddingLK-next copy/tests/e2e/api-tests.spec.ts:370:31

    attachment #1: screenshot (image/png) ──────────────────────────────────────────────────────────
    ../../test-results/api-tests-🔌-API-Integrati-bccd7-orites---Get-user-favorites-firefox/test-failed-1.png
    ────────────────────────────────────────────────────────────────────────────────────────────────

    attachment #2: video (video/webm) ──────────────────────────────────────────────────────────────
    ../../test-results/api-tests-🔌-API-Integrati-bccd7-orites---Get-user-favorites-firefox/video.webm
    ────────────────────────────────────────────────────────────────────────────────────────────────
]]>
</failure>
<system-out>
<![CDATA[
[[ATTACHMENT|test-results/api-tests-🔌-API-Integrati-bccd7-orites---Get-user-favorites-firefox/test-failed-1.png]]

[[ATTACHMENT|test-results/api-tests-🔌-API-Integrati-bccd7-orites---Get-user-favorites-firefox/video.webm]]
]]>
</system-out>
</testcase>
<testcase name="🔌 API Integration Tests - Phase 2 › ❤️ Favorites APIs › ✅ POST /api/favorites - Add to favorites" classname="api-tests.spec.ts" time="3.141">
<failure message="api-tests.spec.ts:373:9 ✅ POST /api/favorites - Add to favorites" type="FAILURE">
<![CDATA[  [firefox] › api-tests.spec.ts:373:9 › 🔌 API Integration Tests - Phase 2 › ❤️ Favorites APIs › ✅ POST /api/favorites - Add to favorites 

    Error: expect(received).toContain(expected) // indexOf

    Expected value: 500
    Received array: [200, 201, 400, 401, 404]

      378 |       })
      379 |       
    > 380 |       expect([200, 201, 400, 401, 404]).toContain(response.status())
          |                                         ^
      381 |     })
      382 |
      383 |     test('✅ DELETE /api/favorites/:id - Remove from favorites', async ({ page }) => {
        at /Users/asithalakmal/Documents/web/final project/WeddingLK-next copy/tests/e2e/api-tests.spec.ts:380:41

    attachment #1: screenshot (image/png) ──────────────────────────────────────────────────────────
    ../../test-results/api-tests-🔌-API-Integrati-0baf3-avorites---Add-to-favorites-firefox/test-failed-1.png
    ────────────────────────────────────────────────────────────────────────────────────────────────

    attachment #2: video (video/webm) ──────────────────────────────────────────────────────────────
    ../../test-results/api-tests-🔌-API-Integrati-0baf3-avorites---Add-to-favorites-firefox/video.webm
    ────────────────────────────────────────────────────────────────────────────────────────────────
]]>
</failure>
<system-out>
<![CDATA[
[[ATTACHMENT|test-results/api-tests-🔌-API-Integrati-0baf3-avorites---Add-to-favorites-firefox/test-failed-1.png]]

[[ATTACHMENT|test-results/api-tests-🔌-API-Integrati-0baf3-avorites---Add-to-favorites-firefox/video.webm]]
]]>
</system-out>
</testcase>
<testcase name="🔌 API Integration Tests - Phase 2 › ❤️ Favorites APIs › ✅ DELETE /api/favorites/:id - Remove from favorites" classname="api-tests.spec.ts" time="4.241">
<failure message="api-tests.spec.ts:383:9 ✅ DELETE /api/favorites/:id - Remove from favorites" type="FAILURE">
<![CDATA[  [firefox] › api-tests.spec.ts:383:9 › 🔌 API Integration Tests - Phase 2 › ❤️ Favorites APIs › ✅ DELETE /api/favorites/:id - Remove from favorites 

    Error: expect(received).toContain(expected) // indexOf

    Expected value: 405
    Received array: [200, 204, 404, 401]

      386 |       const response = await page.request.delete('/api/favorites/test-favorite-id')
      387 |       
    > 388 |       expect([200, 204, 404, 401]).toContain(response.status())
          |                                    ^
      389 |     })
      390 |
      391 |     test('✅ GET /api/favorites/check - Check if item is favorited', async ({ page }) => {
        at /Users/asithalakmal/Documents/web/final project/WeddingLK-next copy/tests/e2e/api-tests.spec.ts:388:36

    attachment #1: screenshot (image/png) ──────────────────────────────────────────────────────────
    ../../test-results/api-tests-🔌-API-Integrati-88d4e--id---Remove-from-favorites-firefox/test-failed-1.png
    ────────────────────────────────────────────────────────────────────────────────────────────────

    attachment #2: video (video/webm) ──────────────────────────────────────────────────────────────
    ../../test-results/api-tests-🔌-API-Integrati-88d4e--id---Remove-from-favorites-firefox/video.webm
    ────────────────────────────────────────────────────────────────────────────────────────────────
]]>
</failure>
<system-out>
<![CDATA[
[[ATTACHMENT|test-results/api-tests-🔌-API-Integrati-88d4e--id---Remove-from-favorites-firefox/test-failed-1.png]]

[[ATTACHMENT|test-results/api-tests-🔌-API-Integrati-88d4e--id---Remove-from-favorites-firefox/video.webm]]
]]>
</system-out>
</testcase>
<testcase name="🔌 API Integration Tests - Phase 2 › ❤️ Favorites APIs › ✅ GET /api/favorites/check - Check if item is favorited" classname="api-tests.spec.ts" time="6.977">
</testcase>
<testcase name="🔌 API Integration Tests - Phase 2 › ⭐ Reviews &amp; Ratings APIs › ✅ GET /api/reviews - Get reviews" classname="api-tests.spec.ts" time="7.429">
</testcase>
<testcase name="🔌 API Integration Tests - Phase 2 › ⭐ Reviews &amp; Ratings APIs › ✅ POST /api/reviews - Create review" classname="api-tests.spec.ts" time="2.674">
<failure message="api-tests.spec.ts:411:9 ✅ POST /api/reviews - Create review" type="FAILURE">
<![CDATA[  [firefox] › api-tests.spec.ts:411:9 › 🔌 API Integration Tests - Phase 2 › ⭐ Reviews & Ratings APIs › ✅ POST /api/reviews - Create review 

    Error: expect(received).toContain(expected) // indexOf

    Expected value: 500
    Received array: [200, 201, 400, 401, 404]

      421 |       })
      422 |       
    > 423 |       expect([200, 201, 400, 401, 404]).toContain(response.status())
          |                                         ^
      424 |     })
      425 |
      426 |     test('✅ PATCH /api/reviews/:id - Update review', async ({ page }) => {
        at /Users/asithalakmal/Documents/web/final project/WeddingLK-next copy/tests/e2e/api-tests.spec.ts:423:41

    attachment #1: screenshot (image/png) ──────────────────────────────────────────────────────────
    ../../test-results/api-tests-🔌-API-Integrati-8d027-api-reviews---Create-review-firefox/test-failed-1.png
    ────────────────────────────────────────────────────────────────────────────────────────────────

    attachment #2: video (video/webm) ──────────────────────────────────────────────────────────────
    ../../test-results/api-tests-🔌-API-Integrati-8d027-api-reviews---Create-review-firefox/video.webm
    ────────────────────────────────────────────────────────────────────────────────────────────────
]]>
</failure>
<system-out>
<![CDATA[
[[ATTACHMENT|test-results/api-tests-🔌-API-Integrati-8d027-api-reviews---Create-review-firefox/test-failed-1.png]]

[[ATTACHMENT|test-results/api-tests-🔌-API-Integrati-8d027-api-reviews---Create-review-firefox/video.webm]]
]]>
</system-out>
</testcase>
<testcase name="🔌 API Integration Tests - Phase 2 › ⭐ Reviews &amp; Ratings APIs › ✅ PATCH /api/reviews/:id - Update review" classname="api-tests.spec.ts" time="2.418">
<failure message="api-tests.spec.ts:426:9 ✅ PATCH /api/reviews/:id - Update review" type="FAILURE">
<![CDATA[  [firefox] › api-tests.spec.ts:426:9 › 🔌 API Integration Tests - Phase 2 › ⭐ Reviews & Ratings APIs › ✅ PATCH /api/reviews/:id - Update review 

    Error: expect(received).toContain(expected) // indexOf

    Expected value: 405
    Received array: [200, 400, 404, 401]

      431 |       })
      432 |       
    > 433 |       expect([200, 400, 404, 401]).toContain(response.status())
          |                                    ^
      434 |     })
      435 |
      436 |     test('✅ DELETE /api/reviews/:id - Delete review', async ({ page }) => {
        at /Users/asithalakmal/Documents/web/final project/WeddingLK-next copy/tests/e2e/api-tests.spec.ts:433:36

    attachment #1: screenshot (image/png) ──────────────────────────────────────────────────────────
    ../../test-results/api-tests-🔌-API-Integrati-518ac--reviews-id---Update-review-firefox/test-failed-1.png
    ────────────────────────────────────────────────────────────────────────────────────────────────

    attachment #2: video (video/webm) ──────────────────────────────────────────────────────────────
    ../../test-results/api-tests-🔌-API-Integrati-518ac--reviews-id---Update-review-firefox/video.webm
    ────────────────────────────────────────────────────────────────────────────────────────────────
]]>
</failure>
<system-out>
<![CDATA[
[[ATTACHMENT|test-results/api-tests-🔌-API-Integrati-518ac--reviews-id---Update-review-firefox/test-failed-1.png]]

[[ATTACHMENT|test-results/api-tests-🔌-API-Integrati-518ac--reviews-id---Update-review-firefox/video.webm]]
]]>
</system-out>
</testcase>
<testcase name="🔌 API Integration Tests - Phase 2 › ⭐ Reviews &amp; Ratings APIs › ✅ DELETE /api/reviews/:id - Delete review" classname="api-tests.spec.ts" time="5.627">
<failure message="api-tests.spec.ts:436:9 ✅ DELETE /api/reviews/:id - Delete review" type="FAILURE">
<![CDATA[  [firefox] › api-tests.spec.ts:436:9 › 🔌 API Integration Tests - Phase 2 › ⭐ Reviews & Ratings APIs › ✅ DELETE /api/reviews/:id - Delete review 

    Error: expect(received).toContain(expected) // indexOf

    Expected value: 500
    Received array: [200, 204, 404, 401]

      439 |       const response = await page.request.delete('/api/reviews/test-review-id')
      440 |       
    > 441 |       expect([200, 204, 404, 401]).toContain(response.status())
          |                                    ^
      442 |     })
      443 |   })
      444 |
        at /Users/asithalakmal/Documents/web/final project/WeddingLK-next copy/tests/e2e/api-tests.spec.ts:441:36

    attachment #1: screenshot (image/png) ──────────────────────────────────────────────────────────
    ../../test-results/api-tests-🔌-API-Integrati-1c5d4--reviews-id---Delete-review-firefox/test-failed-1.png
    ────────────────────────────────────────────────────────────────────────────────────────────────

    attachment #2: video (video/webm) ──────────────────────────────────────────────────────────────
    ../../test-results/api-tests-🔌-API-Integrati-1c5d4--reviews-id---Delete-review-firefox/video.webm
    ────────────────────────────────────────────────────────────────────────────────────────────────
]]>
</failure>
<system-out>
<![CDATA[
[[ATTACHMENT|test-results/api-tests-🔌-API-Integrati-1c5d4--reviews-id---Delete-review-firefox/test-failed-1.png]]

[[ATTACHMENT|test-results/api-tests-🔌-API-Integrati-1c5d4--reviews-id---Delete-review-firefox/video.webm]]
]]>
</system-out>
</testcase>
<testcase name="🔌 API Integration Tests - Phase 2 › 🏥 Health &amp; Status APIs › ✅ GET /api/health - API health check" classname="api-tests.spec.ts" time="64.325">
<failure message="api-tests.spec.ts:450:9 ✅ GET /api/health - API health check" type="FAILURE">
<![CDATA[  [firefox] › api-tests.spec.ts:450:9 › 🔌 API Integration Tests - Phase 2 › 🏥 Health & Status APIs › ✅ GET /api/health - API health check 

    TimeoutError: apiRequestContext.get: Timeout 60000ms exceeded.
    Call log:
      - → GET https://wedding-4twyhvelc-asithalkonaras-projects.vercel.app/api/health
        - user-agent: Mozilla/5.0 (Windows NT 10.0; Win64; x64; rv:142.0.1) Gecko/20100101 Firefox/142.0.1
        - accept: */*
        - accept-encoding: gzip,deflate,br


      449 |   test.describe('🏥 Health & Status APIs', () => {
      450 |     test('✅ GET /api/health - API health check', async ({ page }) => {
    > 451 |       const response = await page.request.get('/api/health')
          |                                           ^
      452 |       
      453 |       expect([200, 404]).toContain(response.status())
      454 |     })
        at /Users/asithalakmal/Documents/web/final project/WeddingLK-next copy/tests/e2e/api-tests.spec.ts:451:43

    attachment #1: screenshot (image/png) ──────────────────────────────────────────────────────────
    ../../test-results/api-tests-🔌-API-Integrati-6e718-i-health---API-health-check-firefox/test-failed-1.png
    ────────────────────────────────────────────────────────────────────────────────────────────────

    attachment #2: video (video/webm) ──────────────────────────────────────────────────────────────
    ../../test-results/api-tests-🔌-API-Integrati-6e718-i-health---API-health-check-firefox/video.webm
    ────────────────────────────────────────────────────────────────────────────────────────────────
]]>
</failure>
<system-out>
<![CDATA[
[[ATTACHMENT|test-results/api-tests-🔌-API-Integrati-6e718-i-health---API-health-check-firefox/test-failed-1.png]]

[[ATTACHMENT|test-results/api-tests-🔌-API-Integrati-6e718-i-health---API-health-check-firefox/video.webm]]
]]>
</system-out>
</testcase>
<testcase name="🔌 API Integration Tests - Phase 2 › 🏥 Health &amp; Status APIs › ✅ GET /api/status - System status" classname="api-tests.spec.ts" time="3.949">
</testcase>
</testsuite>
<testsuite name="auth.spec.ts" timestamp="2025-10-27T06:34:37.600Z" hostname="firefox" tests="8" failures="0" skipped="7" time="11.674" errors="0">
<testcase name="Authentication Flows › User registration -&gt; email verification -&gt; login -&gt; logout - DISABLED (Registration flow needs fixing)" classname="auth.spec.ts" time="0">
<properties>
<property name="skip" value="">
</property>
</properties>
<skipped>
</skipped>
</testcase>
<testcase name="Authentication Flows › Login with invalid credentials should show error" classname="auth.spec.ts" time="11.674">
<system-out>
<![CDATA[Test users might already exist
]]>
</system-out>
<system-err>
<![CDATA[(node:15052) Warning: The 'NO_COLOR' env is ignored due to the 'FORCE_COLOR' env being set.
(Use `node --trace-warnings ...` to show where the warning was created)
]]>
</system-err>
</testcase>
<testcase name="Authentication Flows › Forgot password flow - DISABLED (Feature removed)" classname="auth.spec.ts" time="0">
<properties>
<property name="skip" value="">
</property>
</properties>
<skipped>
</skipped>
</testcase>
<testcase name="Authentication Flows › Social login with Google - DISABLED (Social login removed)" classname="auth.spec.ts" time="0">
<properties>
<property name="skip" value="">
</property>
</properties>
<skipped>
</skipped>
</testcase>
<testcase name="Authentication Flows › Two-factor authentication setup - DISABLED (Feature removed)" classname="auth.spec.ts" time="0">
<properties>
<property name="skip" value="">
</property>
</properties>
<skipped>
</skipped>
</testcase>
<testcase name="Authentication Flows › Login with test user credentials - DISABLED (Database connection issue)" classname="auth.spec.ts" time="0">
<properties>
<property name="skip" value="">
</property>
</properties>
<skipped>
</skipped>
</testcase>
<testcase name="Authentication Flows › Login with test vendor credentials - DISABLED (Database connection issue)" classname="auth.spec.ts" time="0">
<properties>
<property name="skip" value="">
</property>
</properties>
<skipped>
</skipped>
</testcase>
<testcase name="Authentication Flows › Login with test admin credentials - DISABLED (Database connection issue)" classname="auth.spec.ts" time="0">
<properties>
<property name="skip" value="">
</property>
</properties>
<skipped>
</skipped>
</testcase>
</testsuite>
<testsuite name="booking.spec.ts" timestamp="2025-10-27T06:34:37.600Z" hostname="firefox" tests="6" failures="0" skipped="6" time="0" errors="0">
<testcase name="Booking System › DISABLED: booking flow with payment mock" classname="booking.spec.ts" time="0">
<properties>
<property name="skip" value="">
</property>
</properties>
<skipped>
</skipped>
</testcase>
<testcase name="Booking System › DISABLED: Booking modification and cancellation" classname="booking.spec.ts" time="0">
<properties>
<property name="skip" value="">
</property>
</properties>
<skipped>
</skipped>
</testcase>
<testcase name="Booking System › DISABLED: Booking status tracking" classname="booking.spec.ts" time="0">
<properties>
<property name="skip" value="">
</property>
</properties>
<skipped>
</skipped>
</testcase>
<testcase name="Booking System › DISABLED: Vendor booking acceptance workflow" classname="booking.spec.ts" time="0">
<properties>
<property name="skip" value="">
</property>
</properties>
<skipped>
</skipped>
</testcase>
<testcase name="Booking System › DISABLED: Booking communication and messaging" classname="booking.spec.ts" time="0">
<properties>
<property name="skip" value="">
</property>
</properties>
<skipped>
</skipped>
</testcase>
<testcase name="Booking System › DISABLED: Booking payment and refund processing" classname="booking.spec.ts" time="0">
<properties>
<property name="skip" value="">
</property>
</properties>
<skipped>
</skipped>
</testcase>
</testsuite>
<testsuite name="comprehensive-crud.spec.ts" timestamp="2025-10-27T06:34:37.600Z" hostname="firefox" tests="28" failures="0" skipped="28" time="0" errors="0">
<testcase name="🔐 Authentication &amp; User Management CRUD › DISABLED: User Registration Flow" classname="comprehensive-crud.spec.ts" time="0">
<properties>
<property name="skip" value="">
</property>
</properties>
<skipped>
</skipped>
</testcase>
<testcase name="🔐 Authentication &amp; User Management CRUD › DISABLED: User Login Flow" classname="comprehensive-crud.spec.ts" time="0">
<properties>
<property name="skip" value="">
</property>
</properties>
<skipped>
</skipped>
</testcase>
<testcase name="🔐 Authentication &amp; User Management CRUD › DISABLED: User Profile CRUD Operations" classname="comprehensive-crud.spec.ts" time="0">
<properties>
<property name="skip" value="">
</property>
</properties>
<skipped>
</skipped>
</testcase>
<testcase name="🔐 Authentication &amp; User Management CRUD › DISABLED: User Settings CRUD Operations" classname="comprehensive-crud.spec.ts" time="0">
<properties>
<property name="skip" value="">
</property>
</properties>
<skipped>
</skipped>
</testcase>
<testcase name="🏢 Vendor Management CRUD › DISABLED: Vendor Registration Flow" classname="comprehensive-crud.spec.ts" time="0">
<properties>
<property name="skip" value="">
</property>
</properties>
<skipped>
</skipped>
</testcase>
<testcase name="🏢 Vendor Management CRUD › DISABLED: Vendor Services CRUD Operations" classname="comprehensive-crud.spec.ts" time="0">
<properties>
<property name="skip" value="">
</property>
</properties>
<skipped>
</skipped>
</testcase>
<testcase name="🏢 Vendor Management CRUD › DISABLED: Vendor Analytics &amp; Reports" classname="comprehensive-crud.spec.ts" time="0">
<properties>
<property name="skip" value="">
</property>
</properties>
<skipped>
</skipped>
</testcase>
<testcase name="📅 Booking System CRUD › DISABLED: Create Booking Flow" classname="comprehensive-crud.spec.ts" time="0">
<properties>
<property name="skip" value="">
</property>
</properties>
<skipped>
</skipped>
</testcase>
<testcase name="📅 Booking System CRUD › DISABLED: Booking Management CRUD" classname="comprehensive-crud.spec.ts" time="0">
<properties>
<property name="skip" value="">
</property>
</properties>
<skipped>
</skipped>
</testcase>
<testcase name="📅 Booking System CRUD › DISABLED: Booking Status Tracking" classname="comprehensive-crud.spec.ts" time="0">
<properties>
<property name="skip" value="">
</property>
</properties>
<skipped>
</skipped>
</testcase>
<testcase name="👥 Wedding Planner CRUD Operations › DISABLED: Planner Client Management" classname="comprehensive-crud.spec.ts" time="0">
<properties>
<property name="skip" value="">
</property>
</properties>
<skipped>
</skipped>
</testcase>
<testcase name="👥 Wedding Planner CRUD Operations › DISABLED: Planner Task Management" classname="comprehensive-crud.spec.ts" time="0">
<properties>
<property name="skip" value="">
</property>
</properties>
<skipped>
</skipped>
</testcase>
<testcase name="🛡️ RBAC (Role-Based Access Control) Tests › DISABLED: User Role Access Control" classname="comprehensive-crud.spec.ts" time="0">
<properties>
<property name="skip" value="">
</property>
</properties>
<skipped>
</skipped>
</testcase>
<testcase name="🛡️ RBAC (Role-Based Access Control) Tests › DISABLED: Vendor Role Access Control" classname="comprehensive-crud.spec.ts" time="0">
<properties>
<property name="skip" value="">
</property>
</properties>
<skipped>
</skipped>
</testcase>
<testcase name="🛡️ RBAC (Role-Based Access Control) Tests › DISABLED: Admin Role Access Control" classname="comprehensive-crud.spec.ts" time="0">
<properties>
<property name="skip" value="">
</property>
</properties>
<skipped>
</skipped>
</testcase>
<testcase name="🛡️ RBAC (Role-Based Access Control) Tests › DISABLED: Middleware Route Protection" classname="comprehensive-crud.spec.ts" time="0">
<properties>
<property name="skip" value="">
</property>
</properties>
<skipped>
</skipped>
</testcase>
<testcase name="💳 Payment &amp; Financial CRUD › DISABLED: Payment Processing Flow" classname="comprehensive-crud.spec.ts" time="0">
<properties>
<property name="skip" value="">
</property>
</properties>
<skipped>
</skipped>
</testcase>
<testcase name="💳 Payment &amp; Financial CRUD › DISABLED: Payment History &amp; Management" classname="comprehensive-crud.spec.ts" time="0">
<properties>
<property name="skip" value="">
</property>
</properties>
<skipped>
</skipped>
</testcase>
<testcase name="📱 Mobile &amp; Responsive CRUD › DISABLED: Mobile Navigation &amp; CRUD Operations" classname="comprehensive-crud.spec.ts" time="0">
<properties>
<property name="skip" value="">
</property>
</properties>
<skipped>
</skipped>
</testcase>
<testcase name="🔍 Search &amp; Filter CRUD › DISABLED: Venue Search &amp; Filter Operations" classname="comprehensive-crud.spec.ts" time="0">
<properties>
<property name="skip" value="">
</property>
</properties>
<skipped>
</skipped>
</testcase>
<testcase name="🔍 Search &amp; Filter CRUD › DISABLED: Vendor Search &amp; Filter Operations" classname="comprehensive-crud.spec.ts" time="0">
<properties>
<property name="skip" value="">
</property>
</properties>
<skipped>
</skipped>
</testcase>
<testcase name="📊 Analytics &amp; Reporting CRUD › DISABLED: User Analytics Dashboard" classname="comprehensive-crud.spec.ts" time="0">
<properties>
<property name="skip" value="">
</property>
</properties>
<skipped>
</skipped>
</testcase>
<testcase name="📊 Analytics &amp; Reporting CRUD › DISABLED: Admin Analytics &amp; Reports" classname="comprehensive-crud.spec.ts" time="0">
<properties>
<property name="skip" value="">
</property>
</properties>
<skipped>
</skipped>
</testcase>
<testcase name="🔔 Notification &amp; Communication CRUD › DISABLED: Notification Management" classname="comprehensive-crud.spec.ts" time="0">
<properties>
<property name="skip" value="">
</property>
</properties>
<skipped>
</skipped>
</testcase>
<testcase name="🔔 Notification &amp; Communication CRUD › DISABLED: Message System CRUD" classname="comprehensive-crud.spec.ts" time="0">
<properties>
<property name="skip" value="">
</property>
</properties>
<skipped>
</skipped>
</testcase>
<testcase name="🔄 Data Synchronization &amp; Cache CRUD › DISABLED: Data Cache Management" classname="comprehensive-crud.spec.ts" time="0">
<properties>
<property name="skip" value="">
</property>
</properties>
<skipped>
</skipped>
</testcase>
<testcase name="🛠️ System Administration CRUD › DISABLED: User Management Operations" classname="comprehensive-crud.spec.ts" time="0">
<properties>
<property name="skip" value="">
</property>
</properties>
<skipped>
</skipped>
</testcase>
<testcase name="🛠️ System Administration CRUD › DISABLED: System Settings Management" classname="comprehensive-crud.spec.ts" time="0">
<properties>
<property name="skip" value="">
</property>
</properties>
<skipped>
</skipped>
</testcase>
</testsuite>
<testsuite name="comprehensive-live-deployment.spec.ts" timestamp="2025-10-27T06:34:37.600Z" hostname="firefox" tests="14" failures="0" skipped="14" time="0" errors="0">
<testcase name="🚀 COMPREHENSIVE LIVE DEPLOYMENT TESTING › DISABLED: 🏠 HOMEPAGE - Complete Frontend Testing" classname="comprehensive-live-deployment.spec.ts" time="0">
<properties>
<property name="skip" value="">
</property>
</properties>
<skipped>
</skipped>
</testcase>
<testcase name="🚀 COMPREHENSIVE LIVE DEPLOYMENT TESTING › DISABLED: 🔐 AUTHENTICATION - Complete Auth Flow Testing" classname="comprehensive-live-deployment.spec.ts" time="0">
<properties>
<property name="skip" value="">
</property>
</properties>
<skipped>
</skipped>
</testcase>
<testcase name="🚀 COMPREHENSIVE LIVE DEPLOYMENT TESTING › DISABLED: 🏢 VENUES - Complete Venue CRUD Testing" classname="comprehensive-live-deployment.spec.ts" time="0">
<properties>
<property name="skip" value="">
</property>
</properties>
<skipped>
</skipped>
</testcase>
<testcase name="🚀 COMPREHENSIVE LIVE DEPLOYMENT TESTING › DISABLED: 🏪 VENDORS - Complete Vendor CRUD Testing" classname="comprehensive-live-deployment.spec.ts" time="0">
<properties>
<property name="skip" value="">
</property>
</properties>
<skipped>
</skipped>
</testcase>
<testcase name="🚀 COMPREHENSIVE LIVE DEPLOYMENT TESTING › DISABLED: 📱 FEED - Complete Social Feed Testing" classname="comprehensive-live-deployment.spec.ts" time="0">
<properties>
<property name="skip" value="">
</property>
</properties>
<skipped>
</skipped>
</testcase>
<testcase name="🚀 COMPREHENSIVE LIVE DEPLOYMENT TESTING › DISABLED: 🖼️ GALLERY - Complete Gallery Testing" classname="comprehensive-live-deployment.spec.ts" time="0">
<properties>
<property name="skip" value="">
</property>
</properties>
<skipped>
</skipped>
</testcase>
<testcase name="🚀 COMPREHENSIVE LIVE DEPLOYMENT TESTING › DISABLED: 📊 DASHBOARD - Complete Dashboard Testing" classname="comprehensive-live-deployment.spec.ts" time="0">
<properties>
<property name="skip" value="">
</property>
</properties>
<skipped>
</skipped>
</testcase>
<testcase name="🚀 COMPREHENSIVE LIVE DEPLOYMENT TESTING › DISABLED: 🔧 API ENDPOINTS - Complete API Testing" classname="comprehensive-live-deployment.spec.ts" time="0">
<properties>
<property name="skip" value="">
</property>
</properties>
<skipped>
</skipped>
</testcase>
<testcase name="🚀 COMPREHENSIVE LIVE DEPLOYMENT TESTING › DISABLED: 📱 RESPONSIVE DESIGN - Complete Mobile Testing" classname="comprehensive-live-deployment.spec.ts" time="0">
<properties>
<property name="skip" value="">
</property>
</properties>
<skipped>
</skipped>
</testcase>
<testcase name="🚀 COMPREHENSIVE LIVE DEPLOYMENT TESTING › DISABLED: 🎨 UI COMPONENTS - Complete Component Testing" classname="comprehensive-live-deployment.spec.ts" time="0">
<properties>
<property name="skip" value="">
</property>
</properties>
<skipped>
</skipped>
</testcase>
<testcase name="🚀 COMPREHENSIVE LIVE DEPLOYMENT TESTING › DISABLED: ⚡ PERFORMANCE - Complete Performance Testing" classname="comprehensive-live-deployment.spec.ts" time="0">
<properties>
<property name="skip" value="">
</property>
</properties>
<skipped>
</skipped>
</testcase>
<testcase name="🚀 COMPREHENSIVE LIVE DEPLOYMENT TESTING › DISABLED: 🔍 ERROR HANDLING - Complete Error Testing" classname="comprehensive-live-deployment.spec.ts" time="0">
<properties>
<property name="skip" value="">
</property>
</properties>
<skipped>
</skipped>
</testcase>
<testcase name="🚀 COMPREHENSIVE LIVE DEPLOYMENT TESTING › DISABLED: 🎯 FINAL INTEGRATION - Complete System Integration" classname="comprehensive-live-deployment.spec.ts" time="0">
<properties>
<property name="skip" value="">
</property>
</properties>
<skipped>
</skipped>
</testcase>
<testcase name="🚀 LIVE DEPLOYMENT STRESS TESTING › DISABLED: ⚡ STRESS TEST - Multiple Concurrent Operations" classname="comprehensive-live-deployment.spec.ts" time="0">
<properties>
<property name="skip" value="">
</property>
</properties>
<skipped>
</skipped>
</testcase>
</testsuite>
<testsuite name="critical-features.spec.ts" timestamp="2025-10-27T06:34:37.600Z" hostname="firefox" tests="17" failures="1" skipped="0" time="246.512" errors="0">
<testcase name="🔐 Critical Features - Phase 1 Tests › ✅ Homepage loads without authentication" classname="critical-features.spec.ts" time="10.158">
</testcase>
<testcase name="🔐 Critical Features - Phase 1 Tests › ✅ Login page renders with email/password fields" classname="critical-features.spec.ts" time="7.877">
</testcase>
<testcase name="🔐 Critical Features - Phase 1 Tests › ✅ Registration page accessible" classname="critical-features.spec.ts" time="4.807">
</testcase>
<testcase name="🔐 Critical Features - Phase 1 Tests › ✅ User can login with valid credentials" classname="critical-features.spec.ts" time="11.806">
</testcase>
<testcase name="🔐 Critical Features - Phase 1 Tests › ✅ Invalid login shows error message" classname="critical-features.spec.ts" time="10.708">
</testcase>
<testcase name="🔐 Critical Features - Phase 1 Tests › ✅ Authenticated user can access dashboard" classname="critical-features.spec.ts" time="18.558">
</testcase>
<testcase name="🔐 Critical Features - Phase 1 Tests › ✅ Unauthenticated users redirected to login" classname="critical-features.spec.ts" time="11.489">
</testcase>
<testcase name="🔐 Critical Features - Phase 1 Tests › ✅ User can logout and return to login" classname="critical-features.spec.ts" time="11.253">
</testcase>
<testcase name="🔐 Critical Features - Phase 1 Tests › ✅ User role gets correct dashboard" classname="critical-features.spec.ts" time="15.073">
</testcase>
<testcase name="🔐 Critical Features - Phase 1 Tests › ✅ Vendor role gets vendor dashboard" classname="critical-features.spec.ts" time="16.813">
</testcase>
<testcase name="🔐 Critical Features - Phase 1 Tests › ✅ Admin role gets admin dashboard" classname="critical-features.spec.ts" time="8.798">
</testcase>
<testcase name="🔐 Critical Features - Phase 1 Tests › ✅ User cannot access admin routes without permission" classname="critical-features.spec.ts" time="20.984">
<failure message="critical-features.spec.ts:215:7 ✅ User cannot access admin routes without permission" type="FAILURE">
<![CDATA[  [firefox] › critical-features.spec.ts:215:7 › 🔐 Critical Features - Phase 1 Tests › ✅ User cannot access admin routes without permission 

    TimeoutError: page.waitForURL: Timeout 10000ms exceeded.
    =========================== logs ===========================
    waiting for navigation until "load"
    ============================================================

      221 |     
      222 |     // Wait for dashboard
    > 223 |     await page.waitForURL(/\/dashboard/, { timeout: 10000 })
          |                ^
      224 |     
      225 |     // Try to access admin dashboard directly
      226 |     await page.goto('/dashboard/admin')
        at /Users/asithalakmal/Documents/web/final project/WeddingLK-next copy/tests/e2e/critical-features.spec.ts:223:16

    attachment #1: screenshot (image/png) ──────────────────────────────────────────────────────────
    ../../test-results/critical-features-🔐-Criti-0b904-n-routes-without-permission-firefox/test-failed-1.png
    ────────────────────────────────────────────────────────────────────────────────────────────────

    attachment #2: video (video/webm) ──────────────────────────────────────────────────────────────
    ../../test-results/critical-features-🔐-Criti-0b904-n-routes-without-permission-firefox/video.webm
    ────────────────────────────────────────────────────────────────────────────────────────────────

    Error Context: ../../test-results/critical-features-🔐-Criti-0b904-n-routes-without-permission-firefox/error-context.md
]]>
</failure>
<system-out>
<![CDATA[
[[ATTACHMENT|test-results/critical-features-🔐-Criti-0b904-n-routes-without-permission-firefox/test-failed-1.png]]

[[ATTACHMENT|test-results/critical-features-🔐-Criti-0b904-n-routes-without-permission-firefox/video.webm]]

[[ATTACHMENT|test-results/critical-features-🔐-Criti-0b904-n-routes-without-permission-firefox/error-context.md]]
]]>
</system-out>
</testcase>
<testcase name="🔐 Critical Features - Phase 1 Tests › ✅ AI search section visible on homepage" classname="critical-features.spec.ts" time="8.382">
</testcase>
<testcase name="🔐 Critical Features - Phase 1 Tests › ✅ Venue search accessible from homepage" classname="critical-features.spec.ts" time="35.293">
</testcase>
<testcase name="🔐 Critical Features - Phase 1 Tests › ✅ Vendor search accessible from homepage" classname="critical-features.spec.ts" time="30.03">
</testcase>
<testcase name="🔐 Critical Features - Phase 1 Tests › ✅ Navigation menu accessible" classname="critical-features.spec.ts" time="8.908">
</testcase>
<testcase name="🔐 Critical Features - Phase 1 Tests › ✅ Footer present on all pages" classname="critical-features.spec.ts" time="15.575">
</testcase>
</testsuite>
<testsuite name="deployment-runtime-errors.spec.ts" timestamp="2025-10-27T06:34:37.600Z" hostname="firefox" tests="10" failures="0" skipped="0" time="86.695" errors="0">
<testcase name="🚀 DEPLOYMENT - Runtime Error Tracking &amp; Verification › ✅ 1. Homepage loads without runtime errors" classname="deployment-runtime-errors.spec.ts" time="14.095">
<system-out>
<![CDATA[Homepage loaded in 12792ms
]]>
</system-out>
<system-err>
<![CDATA[(node:16889) Warning: The 'NO_COLOR' env is ignored due to the 'FORCE_COLOR' env being set.
(Use `node --trace-warnings ...` to show where the warning was created)
]]>
</system-err>
</testcase>
<testcase name="🚀 DEPLOYMENT - Runtime Error Tracking &amp; Verification › ✅ 2. Login page renders correctly" classname="deployment-runtime-errors.spec.ts" time="7.102">
</testcase>
<testcase name="🚀 DEPLOYMENT - Runtime Error Tracking &amp; Verification › ✅ 3. User login flow with authentication" classname="deployment-runtime-errors.spec.ts" time="11.278">
</testcase>
<testcase name="🚀 DEPLOYMENT - Runtime Error Tracking &amp; Verification › ✅ 4. Dashboard access with role-based views" classname="deployment-runtime-errors.spec.ts" time="16.713">
<system-out>
<![CDATA[[PAGE ERROR] can't access property "User", P().models is undefined
]]>
</system-out>
</testcase>
<testcase name="🚀 DEPLOYMENT - Runtime Error Tracking &amp; Verification › ✅ 5. API endpoints - Check 401 auth errors" classname="deployment-runtime-errors.spec.ts" time="4.86">
<system-out>
<![CDATA[GET /api/auth/me - 401
  ✓ Correctly returns 401 (auth required)
GET /api/dashboard - 401
  ✓ Correctly returns 401 (auth required)
GET /api/bookings - 401
  ✓ Correctly returns 401 (auth required)
GET /api/users/profile - 401
  ✓ Correctly returns 401 (auth required)

╔════════════════════════════════════════════════════════╗
║          DEPLOYMENT RUNTIME ERROR REPORT              ║
╚════════════════════════════════════════════════════════╝

📊 RUNTIME ERROR SUMMARY
━━━━━━━━━━━━━━━━━━━━━━━━━━━━━━━━━━━━━━━━━━━━━━━━━━━━━━
  Console Errors: 1
  Console Warnings: 1
  API Errors: 0
  Undefined Properties: 0
  Manifest Errors: 0
  Network Errors: 0
  Auth (401) Errors: 0

❌ CONSOLE ERRORS:
  1. Uncaught: can't access property "User", P().models is undefined...

━━━━━━━━━━━━━━━━━━━━━━━━━━━━━━━━━━━━━━━━━━━━━━━━━━━━━━
⚠️  DEPLOYMENT STATUS: 1 issues detected
━━━━━━━━━━━━━━━━━━━━━━━━━━━━━━━━━━━━━━━━━━━━━━━━━━━━━━

]]>
</system-out>
</testcase>
<testcase name="🚀 DEPLOYMENT - Runtime Error Tracking &amp; Verification › ✅ 6. Venues API - Check data responses" classname="deployment-runtime-errors.spec.ts" time="2.267">
<system-out>
<![CDATA[✓ Venues API responded with status 200
  Venues count: 0
]]>
</system-out>
<system-err>
<![CDATA[(node:18795) Warning: The 'NO_COLOR' env is ignored due to the 'FORCE_COLOR' env being set.
(Use `node --trace-warnings ...` to show where the warning was created)
]]>
</system-err>
</testcase>
<testcase name="🚀 DEPLOYMENT - Runtime Error Tracking &amp; Verification › ✅ 7. Search API - Check runtime errors" classname="deployment-runtime-errors.spec.ts" time="2.584">
<system-out>
<![CDATA[✓ Search API responded successfully
]]>
</system-out>
</testcase>
<testcase name="🚀 DEPLOYMENT - Runtime Error Tracking &amp; Verification › ✅ 8. Health check endpoints" classname="deployment-runtime-errors.spec.ts" time="1.448">
<system-out>
<![CDATA[✓ Health check: healthy
]]>
</system-out>
</testcase>
<testcase name="🚀 DEPLOYMENT - Runtime Error Tracking &amp; Verification › ✅ 9. Homepage navigation links work" classname="deployment-runtime-errors.spec.ts" time="11.488">
<system-out>
<![CDATA[Found 5 navigation links
  ✓ Navigation link: /venues
  ✓ Navigation link: /vendors
  ✓ Navigation link: /feed
]]>
</system-out>
</testcase>
<testcase name="🚀 DEPLOYMENT - Runtime Error Tracking &amp; Verification › ✅ 10. Mobile responsiveness - no layout errors" classname="deployment-runtime-errors.spec.ts" time="14.86">
<system-out>
<![CDATA[Mobile menu button visible on mobile: no

╔════════════════════════════════════════════════════════╗
║          DEPLOYMENT RUNTIME ERROR REPORT              ║
╚════════════════════════════════════════════════════════╝

📊 RUNTIME ERROR SUMMARY
━━━━━━━━━━━━━━━━━━━━━━━━━━━━━━━━━━━━━━━━━━━━━━━━━━━━━━
  Console Errors: 0
  Console Warnings: 0
  API Errors: 0
  Undefined Properties: 0
  Manifest Errors: 0
  Network Errors: 0
  Auth (401) Errors: 0

━━━━━━━━━━━━━━━━━━━━━━━━━━━━━━━━━━━━━━━━━━━━━━━━━━━━━━
✅ DEPLOYMENT STATUS: CLEAN - NO RUNTIME ERRORS DETECTED
━━━━━━━━━━━━━━━━━━━━━━━━━━━━━━━━━━━━━━━━━━━━━━━━━━━━━━

]]>
</system-out>
</testcase>
</testsuite>
<testsuite name="error-handling-tests.spec.ts" timestamp="2025-10-27T06:34:37.600Z" hostname="firefox" tests="34" failures="2" skipped="0" time="323.378" errors="0">
<testcase name="⚠️ Error Handling Tests - Phase 6 › 🔐 Authentication Error Handling › ✅ Empty email shows validation error" classname="error-handling-tests.spec.ts" time="3.711">
</testcase>
<testcase name="⚠️ Error Handling Tests - Phase 6 › 🔐 Authentication Error Handling › ✅ Empty password shows validation error" classname="error-handling-tests.spec.ts" time="5.043">
</testcase>
<testcase name="⚠️ Error Handling Tests - Phase 6 › 🔐 Authentication Error Handling › ✅ Invalid email format shows error" classname="error-handling-tests.spec.ts" time="6.855">
</testcase>
<testcase name="⚠️ Error Handling Tests - Phase 6 › 🔐 Authentication Error Handling › ✅ Non-existent user shows error" classname="error-handling-tests.spec.ts" time="11.212">
</testcase>
<testcase name="⚠️ Error Handling Tests - Phase 6 › 🔐 Authentication Error Handling › ✅ Wrong password shows error" classname="error-handling-tests.spec.ts" time="4.798">
</testcase>
<testcase name="⚠️ Error Handling Tests - Phase 6 › 🔐 Authentication Error Handling › ✅ Duplicate email on registration shows error" classname="error-handling-tests.spec.ts" time="21.955">
</testcase>
<testcase name="⚠️ Error Handling Tests - Phase 6 › 🔐 Authentication Error Handling › ✅ Weak password shows validation error" classname="error-handling-tests.spec.ts" time="18.244">
</testcase>
<testcase name="⚠️ Error Handling Tests - Phase 6 › 🗺️ Navigation Error Handling › ✅ 404 page is displayed for non-existent routes" classname="error-handling-tests.spec.ts" time="18.443">
</testcase>
<testcase name="⚠️ Error Handling Tests - Phase 6 › 🗺️ Navigation Error Handling › ✅ Can navigate away from 404 page" classname="error-handling-tests.spec.ts" time="13.943">
</testcase>
<testcase name="⚠️ Error Handling Tests - Phase 6 › 🗺️ Navigation Error Handling › ✅ Broken link handling" classname="error-handling-tests.spec.ts" time="4.218">
</testcase>
<testcase name="⚠️ Error Handling Tests - Phase 6 › 🗺️ Navigation Error Handling › ✅ Protected route redirects unauthenticated user" classname="error-handling-tests.spec.ts" time="12.625">
<failure message="error-handling-tests.spec.ts:154:9 ✅ Protected route redirects unauthenticated user" type="FAILURE">
<![CDATA[  [firefox] › error-handling-tests.spec.ts:154:9 › ⚠️ Error Handling Tests - Phase 6 › 🗺️ Navigation Error Handling › ✅ Protected route redirects unauthenticated user 

    TimeoutError: page.waitForURL: Timeout 5000ms exceeded.
    =========================== logs ===========================
    waiting for navigation until "load"
    ============================================================

      160 |       
      161 |       // Should redirect to login
    > 162 |       await page.waitForURL(/\/login/, { timeout: 5000 })
          |                  ^
      163 |     })
      164 |
      165 |     test('✅ Invalid query parameters handled gracefully', async ({ page }) => {
        at /Users/asithalakmal/Documents/web/final project/WeddingLK-next copy/tests/e2e/error-handling-tests.spec.ts:162:18

    attachment #1: screenshot (image/png) ──────────────────────────────────────────────────────────
    ../../test-results/error-handling-tests-⚠️-Er-87ab1-irects-unauthenticated-user-firefox/test-failed-1.png
    ────────────────────────────────────────────────────────────────────────────────────────────────

    attachment #2: video (video/webm) ──────────────────────────────────────────────────────────────
    ../../test-results/error-handling-tests-⚠️-Er-87ab1-irects-unauthenticated-user-firefox/video.webm
    ────────────────────────────────────────────────────────────────────────────────────────────────

    Error Context: ../../test-results/error-handling-tests-⚠️-Er-87ab1-irects-unauthenticated-user-firefox/error-context.md
]]>
</failure>
<system-out>
<![CDATA[
[[ATTACHMENT|test-results/error-handling-tests-⚠️-Er-87ab1-irects-unauthenticated-user-firefox/test-failed-1.png]]

[[ATTACHMENT|test-results/error-handling-tests-⚠️-Er-87ab1-irects-unauthenticated-user-firefox/video.webm]]

[[ATTACHMENT|test-results/error-handling-tests-⚠️-Er-87ab1-irects-unauthenticated-user-firefox/error-context.md]]
]]>
</system-out>
</testcase>
<testcase name="⚠️ Error Handling Tests - Phase 6 › 🗺️ Navigation Error Handling › ✅ Invalid query parameters handled gracefully" classname="error-handling-tests.spec.ts" time="7.733">
</testcase>
<testcase name="⚠️ Error Handling Tests - Phase 6 › 🌐 Network Error Handling › ✅ Page loads with network issues" classname="error-handling-tests.spec.ts" time="8.482">
</testcase>
<testcase name="⚠️ Error Handling Tests - Phase 6 › 🌐 Network Error Handling › ✅ Failed API call shows error message" classname="error-handling-tests.spec.ts" time="9.201">
</testcase>
<testcase name="⚠️ Error Handling Tests - Phase 6 › 🌐 Network Error Handling › ✅ Offline mode handling" classname="error-handling-tests.spec.ts" time="10.36">
<failure message="error-handling-tests.spec.ts:203:9 ✅ Offline mode handling" type="FAILURE">
<![CDATA[  [firefox] › error-handling-tests.spec.ts:203:9 › ⚠️ Error Handling Tests - Phase 6 › 🌐 Network Error Handling › ✅ Offline mode handling 

    Error: locator.isVisible: Error: strict mode violation: locator('a[href="/venues"]') resolved to 2 elements:
        1) <a href="/venues" class="text-gray-700 hover:text-rose-500 dark:text-gray-300 dark:hover:text-rose-400 font-medium transition-colors">Venues</a> aka getByRole('navigation').getByRole('link', { name: 'Venues' })
        2) <a href="/venues" class="hover:text-white transition-colors">Venues</a> aka getByRole('main').getByRole('link', { name: 'Venues' })

    Call log:
        - checking visibility of locator('a[href="/venues"]')


      209 |       // Try to interact
      210 |       const links = page.locator('a[href="/venues"]')
    > 211 |       if (await links.isVisible()) {
          |                       ^
      212 |         await links.first().click().catch(() => {})
      213 |       }
      214 |       
        at /Users/asithalakmal/Documents/web/final project/WeddingLK-next copy/tests/e2e/error-handling-tests.spec.ts:211:23

    attachment #1: screenshot (image/png) ──────────────────────────────────────────────────────────
    ../../test-results/error-handling-tests-⚠️-Er-a9dd0-ing-✅-Offline-mode-handling-firefox/test-failed-1.png
    ────────────────────────────────────────────────────────────────────────────────────────────────

    attachment #2: video (video/webm) ──────────────────────────────────────────────────────────────
    ../../test-results/error-handling-tests-⚠️-Er-a9dd0-ing-✅-Offline-mode-handling-firefox/video.webm
    ────────────────────────────────────────────────────────────────────────────────────────────────

    Error Context: ../../test-results/error-handling-tests-⚠️-Er-a9dd0-ing-✅-Offline-mode-handling-firefox/error-context.md
]]>
</failure>
<system-out>
<![CDATA[
[[ATTACHMENT|test-results/error-handling-tests-⚠️-Er-a9dd0-ing-✅-Offline-mode-handling-firefox/test-failed-1.png]]

[[ATTACHMENT|test-results/error-handling-tests-⚠️-Er-a9dd0-ing-✅-Offline-mode-handling-firefox/video.webm]]

[[ATTACHMENT|test-results/error-handling-tests-⚠️-Er-a9dd0-ing-✅-Offline-mode-handling-firefox/error-context.md]]
]]>
</system-out>
</testcase>
<testcase name="⚠️ Error Handling Tests - Phase 6 › 🌐 Network Error Handling › ✅ Timeout on slow endpoint" classname="error-handling-tests.spec.ts" time="3.269">
</testcase>
<testcase name="⚠️ Error Handling Tests - Phase 6 › 🌐 Network Error Handling › ✅ CORS error handling" classname="error-handling-tests.spec.ts" time="9.18">
</testcase>
<testcase name="⚠️ Error Handling Tests - Phase 6 › 📝 Form Error Handling › ✅ Required field validation" classname="error-handling-tests.spec.ts" time="4.047">
</testcase>
<testcase name="⚠️ Error Handling Tests - Phase 6 › 📝 Form Error Handling › ✅ File upload error handling" classname="error-handling-tests.spec.ts" time="2.516">
</testcase>
<testcase name="⚠️ Error Handling Tests - Phase 6 › 📝 Form Error Handling › ✅ Form submission error recovery" classname="error-handling-tests.spec.ts" time="4.576">
</testcase>
<testcase name="⚠️ Error Handling Tests - Phase 6 › 📝 Form Error Handling › ✅ Max length validation on text fields" classname="error-handling-tests.spec.ts" time="4.173">
</testcase>
<testcase name="⚠️ Error Handling Tests - Phase 6 › 🎨 UI Component Error Handling › ✅ Missing image fallback" classname="error-handling-tests.spec.ts" time="7.469">
</testcase>
<testcase name="⚠️ Error Handling Tests - Phase 6 › 🎨 UI Component Error Handling › ✅ Modal close on error" classname="error-handling-tests.spec.ts" time="9.191">
</testcase>
<testcase name="⚠️ Error Handling Tests - Phase 6 › 🎨 UI Component Error Handling › ✅ Tooltip error messages display" classname="error-handling-tests.spec.ts" time="8.642">
</testcase>
<testcase name="⚠️ Error Handling Tests - Phase 6 › 🎨 UI Component Error Handling › ✅ Loading state timeout fallback" classname="error-handling-tests.spec.ts" time="6.835">
</testcase>
<testcase name="⚠️ Error Handling Tests - Phase 6 › 💾 Data Error Handling › ✅ Invalid JSON response handling" classname="error-handling-tests.spec.ts" time="5.251">
</testcase>
<testcase name="⚠️ Error Handling Tests - Phase 6 › 💾 Data Error Handling › ✅ Null/undefined data handling" classname="error-handling-tests.spec.ts" time="4.405">
</testcase>
<testcase name="⚠️ Error Handling Tests - Phase 6 › 💾 Data Error Handling › ✅ Empty array response handling" classname="error-handling-tests.spec.ts" time="4.197">
</testcase>
<testcase name="⚠️ Error Handling Tests - Phase 6 › 💾 Data Error Handling › ✅ Large response handling" classname="error-handling-tests.spec.ts" time="5.691">
</testcase>
<testcase name="⚠️ Error Handling Tests - Phase 6 › 🖥️ Browser/System Error Handling › ✅ JavaScript error handling" classname="error-handling-tests.spec.ts" time="6.27">
</testcase>
<testcase name="⚠️ Error Handling Tests - Phase 6 › 🖥️ Browser/System Error Handling › ✅ Memory leak handling on navigation" classname="error-handling-tests.spec.ts" time="49.37">
</testcase>
<testcase name="⚠️ Error Handling Tests - Phase 6 › 🖥️ Browser/System Error Handling › ✅ Rapid navigation handling" classname="error-handling-tests.spec.ts" time="12.775">
</testcase>
<testcase name="⚠️ Error Handling Tests - Phase 6 › 🖥️ Browser/System Error Handling › ✅ Window resize error handling" classname="error-handling-tests.spec.ts" time="7.741">
</testcase>
<testcase name="⚠️ Error Handling Tests - Phase 6 › 🖥️ Browser/System Error Handling › ✅ Storage quota error handling" classname="error-handling-tests.spec.ts" time="10.957">
</testcase>
</testsuite>
<testsuite name="navigation-tests.spec.ts" timestamp="2025-10-27T06:34:37.600Z" hostname="firefox" tests="35" failures="6" skipped="0" time="289.619" errors="0">
<testcase name="🗺️ Page Navigation Tests - Phase 3 › 🌐 Public Pages Navigation › ✅ Navigate from homepage to venues" classname="navigation-tests.spec.ts" time="7.09">
<failure message="navigation-tests.spec.ts:24:9 ✅ Navigate from homepage to venues" type="FAILURE">
<![CDATA[  [firefox] › navigation-tests.spec.ts:24:9 › 🗺️ Page Navigation Tests - Phase 3 › 🌐 Public Pages Navigation › ✅ Navigate from homepage to venues 

    Error: expect(locator).toBeVisible() failed

    Locator: locator('a[href="/venues"], a:has-text("Venues")')
    Expected: visible
    Error: strict mode violation: locator('a[href="/venues"], a:has-text("Venues")') resolved to 2 elements:
        1) <a href="/venues" class="text-gray-700 hover:text-rose-500 dark:text-gray-300 dark:hover:text-rose-400 font-medium transition-colors">Venues</a> aka getByRole('navigation').getByRole('link', { name: 'Venues' })
        2) <a href="/venues" class="hover:text-white transition-colors">Venues</a> aka getByRole('main').getByRole('link', { name: 'Venues' })

    Call log:
      - Expect "toBeVisible" with timeout 30000ms
      - waiting for locator('a[href="/venues"], a:has-text("Venues")')


      27 |       // Find and click venues link
      28 |       const venuesLink = page.locator('a[href="/venues"], a:has-text("Venues")')
    > 29 |       await expect(venuesLink).toBeVisible()
         |                                ^
      30 |       await venuesLink.first().click()
      31 |       
      32 |       await expect(page).toHaveURL(/\/venues/)
        at /Users/asithalakmal/Documents/web/final project/WeddingLK-next copy/tests/e2e/navigation-tests.spec.ts:29:32

    attachment #1: screenshot (image/png) ──────────────────────────────────────────────────────────
    ../../test-results/navigation-tests-🗺️-Page--f062f-ate-from-homepage-to-venues-firefox/test-failed-1.png
    ────────────────────────────────────────────────────────────────────────────────────────────────

    attachment #2: video (video/webm) ──────────────────────────────────────────────────────────────
    ../../test-results/navigation-tests-🗺️-Page--f062f-ate-from-homepage-to-venues-firefox/video.webm
    ────────────────────────────────────────────────────────────────────────────────────────────────

    Error Context: ../../test-results/navigation-tests-🗺️-Page--f062f-ate-from-homepage-to-venues-firefox/error-context.md
]]>
</failure>
<system-out>
<![CDATA[
[[ATTACHMENT|test-results/navigation-tests-🗺️-Page--f062f-ate-from-homepage-to-venues-firefox/test-failed-1.png]]

[[ATTACHMENT|test-results/navigation-tests-🗺️-Page--f062f-ate-from-homepage-to-venues-firefox/video.webm]]

[[ATTACHMENT|test-results/navigation-tests-🗺️-Page--f062f-ate-from-homepage-to-venues-firefox/error-context.md]]
]]>
</system-out>
</testcase>
<testcase name="🗺️ Page Navigation Tests - Phase 3 › 🌐 Public Pages Navigation › ✅ Navigate from homepage to vendors" classname="navigation-tests.spec.ts" time="13.349">
<failure message="navigation-tests.spec.ts:35:9 ✅ Navigate from homepage to vendors" type="FAILURE">
<![CDATA[  [firefox] › navigation-tests.spec.ts:35:9 › 🗺️ Page Navigation Tests - Phase 3 › 🌐 Public Pages Navigation › ✅ Navigate from homepage to vendors 

    Error: expect(locator).toBeVisible() failed

    Locator: locator('a[href="/vendors"], a:has-text("Vendors")')
    Expected: visible
    Error: strict mode violation: locator('a[href="/vendors"], a:has-text("Vendors")') resolved to 2 elements:
        1) <a href="/vendors" class="text-gray-700 hover:text-rose-500 dark:text-gray-300 dark:hover:text-rose-400 font-medium transition-colors">Vendors</a> aka getByRole('navigation').getByRole('link', { name: 'Vendors' })
        2) <a href="/vendors" class="hover:text-white transition-colors">Vendors</a> aka getByRole('main').getByRole('link', { name: 'Vendors' })

    Call log:
      - Expect "toBeVisible" with timeout 30000ms
      - waiting for locator('a[href="/vendors"], a:has-text("Vendors")')


      37 |       
      38 |       const vendorsLink = page.locator('a[href="/vendors"], a:has-text("Vendors")')
    > 39 |       await expect(vendorsLink).toBeVisible()
         |                                 ^
      40 |       await vendorsLink.first().click()
      41 |       
      42 |       await expect(page).toHaveURL(/\/vendors/)
        at /Users/asithalakmal/Documents/web/final project/WeddingLK-next copy/tests/e2e/navigation-tests.spec.ts:39:33

    attachment #1: screenshot (image/png) ──────────────────────────────────────────────────────────
    ../../test-results/navigation-tests-🗺️-Page--dc54b-te-from-homepage-to-vendors-firefox/test-failed-1.png
    ────────────────────────────────────────────────────────────────────────────────────────────────

    attachment #2: video (video/webm) ──────────────────────────────────────────────────────────────
    ../../test-results/navigation-tests-🗺️-Page--dc54b-te-from-homepage-to-vendors-firefox/video.webm
    ────────────────────────────────────────────────────────────────────────────────────────────────

    Error Context: ../../test-results/navigation-tests-🗺️-Page--dc54b-te-from-homepage-to-vendors-firefox/error-context.md
]]>
</failure>
<system-out>
<![CDATA[
[[ATTACHMENT|test-results/navigation-tests-🗺️-Page--dc54b-te-from-homepage-to-vendors-firefox/test-failed-1.png]]

[[ATTACHMENT|test-results/navigation-tests-🗺️-Page--dc54b-te-from-homepage-to-vendors-firefox/video.webm]]

[[ATTACHMENT|test-results/navigation-tests-🗺️-Page--dc54b-te-from-homepage-to-vendors-firefox/error-context.md]]
]]>
</system-out>
</testcase>
<testcase name="🗺️ Page Navigation Tests - Phase 3 › 🌐 Public Pages Navigation › ✅ Navigate from homepage to about" classname="navigation-tests.spec.ts" time="9.313">
<failure message="navigation-tests.spec.ts:45:9 ✅ Navigate from homepage to about" type="FAILURE">
<![CDATA[  [firefox] › navigation-tests.spec.ts:45:9 › 🗺️ Page Navigation Tests - Phase 3 › 🌐 Public Pages Navigation › ✅ Navigate from homepage to about 

    Error: expect(locator).toBeVisible() failed

    Locator: locator('a[href="/about"], a:has-text("About")')
    Expected: visible
    Error: strict mode violation: locator('a[href="/about"], a:has-text("About")') resolved to 2 elements:
        1) <a href="/about" class="text-gray-700 hover:text-rose-500 dark:text-gray-300 dark:hover:text-rose-400 font-medium transition-colors">About</a> aka getByRole('navigation').getByRole('link', { name: 'About' })
        2) <a href="/about" class="hover:text-white transition-colors">About</a> aka getByRole('main').getByRole('link', { name: 'About' })

    Call log:
      - Expect "toBeVisible" with timeout 30000ms
      - waiting for locator('a[href="/about"], a:has-text("About")')


      47 |       
      48 |       const aboutLink = page.locator('a[href="/about"], a:has-text("About")')
    > 49 |       await expect(aboutLink).toBeVisible()
         |                               ^
      50 |       await aboutLink.first().click()
      51 |       
      52 |       await expect(page).toHaveURL(/\/about/)
        at /Users/asithalakmal/Documents/web/final project/WeddingLK-next copy/tests/e2e/navigation-tests.spec.ts:49:31

    attachment #1: screenshot (image/png) ──────────────────────────────────────────────────────────
    ../../test-results/navigation-tests-🗺️-Page--cb748-gate-from-homepage-to-about-firefox/test-failed-1.png
    ────────────────────────────────────────────────────────────────────────────────────────────────

    attachment #2: video (video/webm) ──────────────────────────────────────────────────────────────
    ../../test-results/navigation-tests-🗺️-Page--cb748-gate-from-homepage-to-about-firefox/video.webm
    ────────────────────────────────────────────────────────────────────────────────────────────────

    Error Context: ../../test-results/navigation-tests-🗺️-Page--cb748-gate-from-homepage-to-about-firefox/error-context.md
]]>
</failure>
<system-out>
<![CDATA[
[[ATTACHMENT|test-results/navigation-tests-🗺️-Page--cb748-gate-from-homepage-to-about-firefox/test-failed-1.png]]

[[ATTACHMENT|test-results/navigation-tests-🗺️-Page--cb748-gate-from-homepage-to-about-firefox/video.webm]]

[[ATTACHMENT|test-results/navigation-tests-🗺️-Page--cb748-gate-from-homepage-to-about-firefox/error-context.md]]
]]>
</system-out>
</testcase>
<testcase name="🗺️ Page Navigation Tests - Phase 3 › 🌐 Public Pages Navigation › ✅ Navigate from homepage to contact" classname="navigation-tests.spec.ts" time="15.294">
<failure message="navigation-tests.spec.ts:55:9 ✅ Navigate from homepage to contact" type="FAILURE">
<![CDATA[  [firefox] › navigation-tests.spec.ts:55:9 › 🗺️ Page Navigation Tests - Phase 3 › 🌐 Public Pages Navigation › ✅ Navigate from homepage to contact 

    Error: locator.isVisible: Error: strict mode violation: locator('a[href="/contact"], a:has-text("Contact")') resolved to 2 elements:
        1) <a href="/contact" class="inline-flex items-center justify-center gap-2 whitespace-nowrap text-sm font-medium ring-offset-background transition-colors focus-visible:outline-none focus-visible:ring-2 focus-visible:ring-ring focus-visible:ring-offset-2 disabled:pointer-events-none disabled:opacity-50 [&_svg]:pointer-events-none [&_svg]:size-4 [&_svg]:shrink-0 border h-11 rounded-md px-8 border-white/30 text-gray-600 hover:bg-white/10 hover:text-gray-600 backdrop-blur-sm bg-white/90">Contact Us</a> aka getByRole('link', { name: 'Contact Us' })
        2) <a href="/contact" class="hover:text-white transition-colors">Contact</a> aka getByRole('link', { name: 'Contact', exact: true })

    Call log:
        - checking visibility of locator('a[href="/contact"], a:has-text("Contact")')


      57 |       
      58 |       const contactLink = page.locator('a[href="/contact"], a:has-text("Contact")')
    > 59 |       if (await contactLink.isVisible()) {
         |                             ^
      60 |         await contactLink.first().click()
      61 |         await expect(page).toHaveURL(/\/contact/)
      62 |       }
        at /Users/asithalakmal/Documents/web/final project/WeddingLK-next copy/tests/e2e/navigation-tests.spec.ts:59:29

    attachment #1: screenshot (image/png) ──────────────────────────────────────────────────────────
    ../../test-results/navigation-tests-🗺️-Page--b9f03-te-from-homepage-to-contact-firefox/test-failed-1.png
    ────────────────────────────────────────────────────────────────────────────────────────────────

    attachment #2: video (video/webm) ──────────────────────────────────────────────────────────────
    ../../test-results/navigation-tests-🗺️-Page--b9f03-te-from-homepage-to-contact-firefox/video.webm
    ────────────────────────────────────────────────────────────────────────────────────────────────

    Error Context: ../../test-results/navigation-tests-🗺️-Page--b9f03-te-from-homepage-to-contact-firefox/error-context.md
]]>
</failure>
<system-out>
<![CDATA[
[[ATTACHMENT|test-results/navigation-tests-🗺️-Page--b9f03-te-from-homepage-to-contact-firefox/test-failed-1.png]]

[[ATTACHMENT|test-results/navigation-tests-🗺️-Page--b9f03-te-from-homepage-to-contact-firefox/video.webm]]

[[ATTACHMENT|test-results/navigation-tests-🗺️-Page--b9f03-te-from-homepage-to-contact-firefox/error-context.md]]
]]>
</system-out>
</testcase>
<testcase name="🗺️ Page Navigation Tests - Phase 3 › 🌐 Public Pages Navigation › ✅ Navigate from homepage to login" classname="navigation-tests.spec.ts" time="11.985">
</testcase>
<testcase name="🗺️ Page Navigation Tests - Phase 3 › 🌐 Public Pages Navigation › ✅ Navigate from homepage to register" classname="navigation-tests.spec.ts" time="8.303">
</testcase>
<testcase name="🗺️ Page Navigation Tests - Phase 3 › 🌐 Public Pages Navigation › ✅ Navigate from login to register" classname="navigation-tests.spec.ts" time="13.461">
</testcase>
<testcase name="🗺️ Page Navigation Tests - Phase 3 › 🌐 Public Pages Navigation › ✅ Navigate from register to login" classname="navigation-tests.spec.ts" time="7.518">
</testcase>
<testcase name="🗺️ Page Navigation Tests - Phase 3 › 🌐 Public Pages Navigation › ✅ Navigate to venues list" classname="navigation-tests.spec.ts" time="5.015">
</testcase>
<testcase name="🗺️ Page Navigation Tests - Phase 3 › 🌐 Public Pages Navigation › ✅ Navigate to vendors list" classname="navigation-tests.spec.ts" time="4.352">
</testcase>
<testcase name="🗺️ Page Navigation Tests - Phase 3 › 📊 Dashboard Navigation (Authenticated) › ✅ User dashboard loads with sidebar" classname="navigation-tests.spec.ts" time="39.626">
<failure message="navigation-tests.spec.ts:125:9 ✅ User dashboard loads with sidebar" type="FAILURE">
<![CDATA[  [firefox] › navigation-tests.spec.ts:125:9 › 🗺️ Page Navigation Tests - Phase 3 › 📊 Dashboard Navigation (Authenticated) › ✅ User dashboard loads with sidebar 

    Error: expect(locator).toBeVisible() failed

    Locator: locator('aside, nav[class*="sidebar"]')
    Expected: visible
    Timeout: 30000ms
    Error: element(s) not found

    Call log:
      - Expect "toBeVisible" with timeout 30000ms
      - waiting for locator('aside, nav[class*="sidebar"]')


      128 |       // Check sidebar exists
      129 |       const sidebar = page.locator('aside, nav[class*="sidebar"]')
    > 130 |       await expect(sidebar).toBeVisible()
          |                             ^
      131 |     })
      132 |
      133 |     test('✅ Navigate to dashboard > profile', async ({ page }) => {
        at /Users/asithalakmal/Documents/web/final project/WeddingLK-next copy/tests/e2e/navigation-tests.spec.ts:130:29

    attachment #1: screenshot (image/png) ──────────────────────────────────────────────────────────
    ../../test-results/navigation-tests-🗺️-Page--d46c5-ashboard-loads-with-sidebar-firefox/test-failed-1.png
    ────────────────────────────────────────────────────────────────────────────────────────────────

    attachment #2: video (video/webm) ──────────────────────────────────────────────────────────────
    ../../test-results/navigation-tests-🗺️-Page--d46c5-ashboard-loads-with-sidebar-firefox/video.webm
    ────────────────────────────────────────────────────────────────────────────────────────────────

    Error Context: ../../test-results/navigation-tests-🗺️-Page--d46c5-ashboard-loads-with-sidebar-firefox/error-context.md
]]>
</failure>
<system-out>
<![CDATA[
[[ATTACHMENT|test-results/navigation-tests-🗺️-Page--d46c5-ashboard-loads-with-sidebar-firefox/test-failed-1.png]]

[[ATTACHMENT|test-results/navigation-tests-🗺️-Page--d46c5-ashboard-loads-with-sidebar-firefox/video.webm]]

[[ATTACHMENT|test-results/navigation-tests-🗺️-Page--d46c5-ashboard-loads-with-sidebar-firefox/error-context.md]]
]]>
</system-out>
</testcase>
<testcase name="🗺️ Page Navigation Tests - Phase 3 › 📊 Dashboard Navigation (Authenticated) › ✅ Navigate to dashboard &gt; profile" classname="navigation-tests.spec.ts" time="9.718">
</testcase>
<testcase name="🗺️ Page Navigation Tests - Phase 3 › 📊 Dashboard Navigation (Authenticated) › ✅ Navigate to dashboard &gt; bookings" classname="navigation-tests.spec.ts" time="6.759">
</testcase>
<testcase name="🗺️ Page Navigation Tests - Phase 3 › 📊 Dashboard Navigation (Authenticated) › ✅ Navigate to dashboard &gt; favorites" classname="navigation-tests.spec.ts" time="6.588">
</testcase>
<testcase name="🗺️ Page Navigation Tests - Phase 3 › 📊 Dashboard Navigation (Authenticated) › ✅ Navigate to dashboard &gt; settings" classname="navigation-tests.spec.ts" time="8.053">
</testcase>
<testcase name="🗺️ Page Navigation Tests - Phase 3 › 📊 Dashboard Navigation (Authenticated) › ✅ Navigate back to homepage from dashboard" classname="navigation-tests.spec.ts" time="4.491">
</testcase>
<testcase name="🗺️ Page Navigation Tests - Phase 3 › 🏢 Vendor Dashboard Navigation › ✅ Vendor dashboard loads" classname="navigation-tests.spec.ts" time="9.637">
</testcase>
<testcase name="🗺️ Page Navigation Tests - Phase 3 › 🏢 Vendor Dashboard Navigation › ✅ Navigate vendor dashboard &gt; services" classname="navigation-tests.spec.ts" time="12.157">
</testcase>
<testcase name="🗺️ Page Navigation Tests - Phase 3 › 🏢 Vendor Dashboard Navigation › ✅ Navigate vendor dashboard &gt; bookings" classname="navigation-tests.spec.ts" time="7.592">
</testcase>
<testcase name="🗺️ Page Navigation Tests - Phase 3 › 🏢 Vendor Dashboard Navigation › ✅ Navigate vendor dashboard &gt; profile" classname="navigation-tests.spec.ts" time="6.593">
</testcase>
<testcase name="🗺️ Page Navigation Tests - Phase 3 › 👑 Admin Dashboard Navigation › ✅ Admin dashboard loads" classname="navigation-tests.spec.ts" time="12.652">
</testcase>
<testcase name="🗺️ Page Navigation Tests - Phase 3 › 👑 Admin Dashboard Navigation › ✅ Navigate admin dashboard &gt; users" classname="navigation-tests.spec.ts" time="5.875">
</testcase>
<testcase name="🗺️ Page Navigation Tests - Phase 3 › 👑 Admin Dashboard Navigation › ✅ Navigate admin dashboard &gt; analytics" classname="navigation-tests.spec.ts" time="7.054">
</testcase>
<testcase name="🗺️ Page Navigation Tests - Phase 3 › 👑 Admin Dashboard Navigation › ✅ Navigate admin dashboard &gt; settings" classname="navigation-tests.spec.ts" time="6.845">
</testcase>
<testcase name="🗺️ Page Navigation Tests - Phase 3 › 🔗 Breadcrumb Navigation › ✅ Breadcrumbs visible on nested pages" classname="navigation-tests.spec.ts" time="3.942">
</testcase>
<testcase name="🗺️ Page Navigation Tests - Phase 3 › 🔗 Breadcrumb Navigation › ✅ Breadcrumb navigation works" classname="navigation-tests.spec.ts" time="5.268">
</testcase>
<testcase name="🗺️ Page Navigation Tests - Phase 3 › 🦶 Footer Navigation › ✅ Footer visible on homepage" classname="navigation-tests.spec.ts" time="3.827">
</testcase>
<testcase name="🗺️ Page Navigation Tests - Phase 3 › 🦶 Footer Navigation › ✅ Footer has required links" classname="navigation-tests.spec.ts" time="3.874">
</testcase>
<testcase name="🗺️ Page Navigation Tests - Phase 3 › 🦶 Footer Navigation › ✅ Social media links in footer" classname="navigation-tests.spec.ts" time="6.525">
</testcase>
<testcase name="🗺️ Page Navigation Tests - Phase 3 › 🦶 Footer Navigation › ✅ Contact info in footer" classname="navigation-tests.spec.ts" time="3.98">
</testcase>
<testcase name="🗺️ Page Navigation Tests - Phase 3 › 🔍 Search Navigation › ✅ Search functionality on homepage" classname="navigation-tests.spec.ts" time="3.384">
</testcase>
<testcase name="🗺️ Page Navigation Tests - Phase 3 › 🔍 Search Navigation › ✅ Search from venues page" classname="navigation-tests.spec.ts" time="3.067">
</testcase>
<testcase name="🗺️ Page Navigation Tests - Phase 3 › 🔍 Search Navigation › ✅ Filter navigation on vendor page" classname="navigation-tests.spec.ts" time="4.701">
</testcase>
<testcase name="🗺️ Page Navigation Tests - Phase 3 › ↩️ Back/Forward Navigation › ✅ Browser back button works" classname="navigation-tests.spec.ts" time="6.758">
<failure message="navigation-tests.spec.ts:399:9 ✅ Browser back button works" type="FAILURE">
<![CDATA[  [firefox] › navigation-tests.spec.ts:399:9 › 🗺️ Page Navigation Tests - Phase 3 › ↩️ Back/Forward Navigation › ✅ Browser back button works 

    Error: locator.isVisible: Error: strict mode violation: locator('a[href="/venues"], a:has-text("Venues")') resolved to 2 elements:
        1) <a href="/venues" class="text-gray-700 hover:text-rose-500 dark:text-gray-300 dark:hover:text-rose-400 font-medium transition-colors">Venues</a> aka getByRole('navigation').getByRole('link', { name: 'Venues' })
        2) <a href="/venues" class="hover:text-white transition-colors">Venues</a> aka getByRole('main').getByRole('link', { name: 'Venues' })

    Call log:
        - checking visibility of locator('a[href="/venues"], a:has-text("Venues")')


      402 |       // Navigate to venues
      403 |       const venuesLink = page.locator('a[href="/venues"], a:has-text("Venues")')
    > 404 |       if (await venuesLink.isVisible()) {
          |                            ^
      405 |         await venuesLink.first().click()
      406 |         await expect(page).toHaveURL(/\/venues/)
      407 |         
        at /Users/asithalakmal/Documents/web/final project/WeddingLK-next copy/tests/e2e/navigation-tests.spec.ts:404:28

    attachment #1: screenshot (image/png) ──────────────────────────────────────────────────────────
    ../../test-results/navigation-tests-🗺️-Page--feaa1-✅-Browser-back-button-works-firefox/test-failed-1.png
    ────────────────────────────────────────────────────────────────────────────────────────────────

    attachment #2: video (video/webm) ──────────────────────────────────────────────────────────────
    ../../test-results/navigation-tests-🗺️-Page--feaa1-✅-Browser-back-button-works-firefox/video.webm
    ────────────────────────────────────────────────────────────────────────────────────────────────

    Error Context: ../../test-results/navigation-tests-🗺️-Page--feaa1-✅-Browser-back-button-works-firefox/error-context.md
]]>
</failure>
<system-out>
<![CDATA[
[[ATTACHMENT|test-results/navigation-tests-🗺️-Page--feaa1-✅-Browser-back-button-works-firefox/test-failed-1.png]]

[[ATTACHMENT|test-results/navigation-tests-🗺️-Page--feaa1-✅-Browser-back-button-works-firefox/video.webm]]

[[ATTACHMENT|test-results/navigation-tests-🗺️-Page--feaa1-✅-Browser-back-button-works-firefox/error-context.md]]
]]>
</system-out>
</testcase>
<testcase name="🗺️ Page Navigation Tests - Phase 3 › ↩️ Back/Forward Navigation › ✅ Browser forward button works" classname="navigation-tests.spec.ts" time="4.973">
</testcase>
</testsuite>
<testsuite name="payment.spec.ts" timestamp="2025-10-27T06:34:37.600Z" hostname="firefox" tests="7" failures="0" skipped="7" time="0" errors="0">
<testcase name="Payment System › DISABLED: Stripe payment integration with mock" classname="payment.spec.ts" time="0">
<properties>
<property name="skip" value="">
</property>
</properties>
<skipped>
</skipped>
</testcase>
<testcase name="Payment System › DISABLED: PayHere payment integration" classname="payment.spec.ts" time="0">
<properties>
<property name="skip" value="">
</property>
</properties>
<skipped>
</skipped>
</testcase>
<testcase name="Payment System › DISABLED: Payment failure handling" classname="payment.spec.ts" time="0">
<properties>
<property name="skip" value="">
</property>
</properties>
<skipped>
</skipped>
</testcase>
<testcase name="Payment System › DISABLED: Payment refund processing" classname="payment.spec.ts" time="0">
<properties>
<property name="skip" value="">
</property>
</properties>
<skipped>
</skipped>
</testcase>
<testcase name="Payment System › DISABLED: Payment history and analytics" classname="payment.spec.ts" time="0">
<properties>
<property name="skip" value="">
</property>
</properties>
<skipped>
</skipped>
</testcase>
<testcase name="Payment System › DISABLED: Subscription payment management" classname="payment.spec.ts" time="0">
<properties>
<property name="skip" value="">
</property>
</properties>
<skipped>
</skipped>
</testcase>
<testcase name="Payment System › DISABLED: Payment webhook handling" classname="payment.spec.ts" time="0">
<properties>
<property name="skip" value="">
</property>
</properties>
<skipped>
</skipped>
</testcase>
</testsuite>
<testsuite name="production.spec.ts" timestamp="2025-10-27T06:34:37.600Z" hostname="firefox" tests="6" failures="0" skipped="6" time="0" errors="0">
<testcase name="Production Site Tests › DISABLED: Homepage loads correctly" classname="production.spec.ts" time="0">
<properties>
<property name="skip" value="">
</property>
</properties>
<skipped>
</skipped>
</testcase>
<testcase name="Production Site Tests › DISABLED: Navigation works correctly" classname="production.spec.ts" time="0">
<properties>
<property name="skip" value="">
</property>
</properties>
<skipped>
</skipped>
</testcase>
<testcase name="Production Site Tests › DISABLED: Search functionality is present" classname="production.spec.ts" time="0">
<properties>
<property name="skip" value="">
</property>
</properties>
<skipped>
</skipped>
</testcase>
<testcase name="Production Site Tests › DISABLED: Footer links are present" classname="production.spec.ts" time="0">
<properties>
<property name="skip" value="">
</property>
</properties>
<skipped>
</skipped>
</testcase>
<testcase name="Production Site Tests › DISABLED: Responsive design works" classname="production.spec.ts" time="0">
<properties>
<property name="skip" value="">
</property>
</properties>
<skipped>
</skipped>
</testcase>
<testcase name="Production Site Tests › DISABLED: Page metadata is correct" classname="production.spec.ts" time="0">
<properties>
<property name="skip" value="">
</property>
</properties>
<skipped>
</skipped>
</testcase>
</testsuite>
<testsuite name="quick-verification.spec.ts" timestamp="2025-10-27T06:34:37.600Z" hostname="firefox" tests="6" failures="0" skipped="1" time="28.884" errors="0">
<testcase name="🚀 Quick Production Verification › Homepage loads and basic functionality works" classname="quick-verification.spec.ts" time="9.826">
</testcase>
<testcase name="🚀 Quick Production Verification › API endpoints are responding" classname="quick-verification.spec.ts" time="2.6">
</testcase>
<testcase name="🚀 Quick Production Verification › Database connection is working - DISABLED (Slow endpoint)" classname="quick-verification.spec.ts" time="0">
<properties>
<property name="skip" value="">
</property>
</properties>
<skipped>
</skipped>
</testcase>
<testcase name="🚀 Quick Production Verification › Navigation works correctly" classname="quick-verification.spec.ts" time="2.865">
</testcase>
<testcase name="🚀 Quick Production Verification › Page is responsive" classname="quick-verification.spec.ts" time="3.918">
</testcase>
<testcase name="🚀 Quick Production Verification › No critical JavaScript errors" classname="quick-verification.spec.ts" time="9.675">
</testcase>
</testsuite>
<testsuite name="rbac-comprehensive.spec.ts" timestamp="2025-10-27T06:34:37.600Z" hostname="firefox" tests="28" failures="0" skipped="28" time="0" errors="0">
<testcase name="🔐 User Role RBAC Tests › DISABLED: User Role - Allowed Access" classname="rbac-comprehensive.spec.ts" time="0">
<properties>
<property name="skip" value="">
</property>
</properties>
<skipped>
</skipped>
</testcase>
<testcase name="🔐 User Role RBAC Tests › DISABLED: User Role - Navigation Items Visibility" classname="rbac-comprehensive.spec.ts" time="0">
<properties>
<property name="skip" value="">
</property>
</properties>
<skipped>
</skipped>
</testcase>
<testcase name="🔐 User Role RBAC Tests › DISABLED: User Role - Feature Access Control" classname="rbac-comprehensive.spec.ts" time="0">
<properties>
<property name="skip" value="">
</property>
</properties>
<skipped>
</skipped>
</testcase>
<testcase name="🏢 Vendor Role RBAC Tests › DISABLED: Vendor Role - Allowed Access" classname="rbac-comprehensive.spec.ts" time="0">
<properties>
<property name="skip" value="">
</property>
</properties>
<skipped>
</skipped>
</testcase>
<testcase name="🏢 Vendor Role RBAC Tests › DISABLED: Vendor Role - Navigation Items Visibility" classname="rbac-comprehensive.spec.ts" time="0">
<properties>
<property name="skip" value="">
</property>
</properties>
<skipped>
</skipped>
</testcase>
<testcase name="🏢 Vendor Role RBAC Tests › DISABLED: Vendor Role - Feature Access Control" classname="rbac-comprehensive.spec.ts" time="0">
<properties>
<property name="skip" value="">
</property>
</properties>
<skipped>
</skipped>
</testcase>
<testcase name="👥 Wedding Planner Role RBAC Tests › DISABLED: Wedding Planner Role - Allowed Access" classname="rbac-comprehensive.spec.ts" time="0">
<properties>
<property name="skip" value="">
</property>
</properties>
<skipped>
</skipped>
</testcase>
<testcase name="👥 Wedding Planner Role RBAC Tests › DISABLED: Wedding Planner Role - Navigation Items Visibility" classname="rbac-comprehensive.spec.ts" time="0">
<properties>
<property name="skip" value="">
</property>
</properties>
<skipped>
</skipped>
</testcase>
<testcase name="👥 Wedding Planner Role RBAC Tests › DISABLED: Wedding Planner Role - Feature Access Control" classname="rbac-comprehensive.spec.ts" time="0">
<properties>
<property name="skip" value="">
</property>
</properties>
<skipped>
</skipped>
</testcase>
<testcase name="👑 Admin Role RBAC Tests › DISABLED: Admin Role - Allowed Access" classname="rbac-comprehensive.spec.ts" time="0">
<properties>
<property name="skip" value="">
</property>
</properties>
<skipped>
</skipped>
</testcase>
<testcase name="👑 Admin Role RBAC Tests › DISABLED: Admin Role - Navigation Items Visibility" classname="rbac-comprehensive.spec.ts" time="0">
<properties>
<property name="skip" value="">
</property>
</properties>
<skipped>
</skipped>
</testcase>
<testcase name="👑 Admin Role RBAC Tests › DISABLED: Admin Role - Feature Access Control" classname="rbac-comprehensive.spec.ts" time="0">
<properties>
<property name="skip" value="">
</property>
</properties>
<skipped>
</skipped>
</testcase>
<testcase name="🔧 Maintainer Role RBAC Tests › DISABLED: Maintainer Role - Allowed Access" classname="rbac-comprehensive.spec.ts" time="0">
<properties>
<property name="skip" value="">
</property>
</properties>
<skipped>
</skipped>
</testcase>
<testcase name="🔧 Maintainer Role RBAC Tests › DISABLED: Maintainer Role - Debug Access" classname="rbac-comprehensive.spec.ts" time="0">
<properties>
<property name="skip" value="">
</property>
</properties>
<skipped>
</skipped>
</testcase>
<testcase name="🛡️ Middleware Route Protection Tests › DISABLED: Unauthenticated Access Protection" classname="rbac-comprehensive.spec.ts" time="0">
<properties>
<property name="skip" value="">
</property>
</properties>
<skipped>
</skipped>
</testcase>
<testcase name="🛡️ Middleware Route Protection Tests › DISABLED: Role-Based Route Protection" classname="rbac-comprehensive.spec.ts" time="0">
<properties>
<property name="skip" value="">
</property>
</properties>
<skipped>
</skipped>
</testcase>
<testcase name="🔌 API Endpoint Authorization Tests › DISABLED: API Authentication Requirements" classname="rbac-comprehensive.spec.ts" time="0">
<properties>
<property name="skip" value="">
</property>
</properties>
<skipped>
</skipped>
</testcase>
<testcase name="🔌 API Endpoint Authorization Tests › DISABLED: API Role-Based Authorization" classname="rbac-comprehensive.spec.ts" time="0">
<properties>
<property name="skip" value="">
</property>
</properties>
<skipped>
</skipped>
</testcase>
<testcase name="🔌 API Endpoint Authorization Tests › DISABLED: API Permission-Based Authorization" classname="rbac-comprehensive.spec.ts" time="0">
<properties>
<property name="skip" value="">
</property>
</properties>
<skipped>
</skipped>
</testcase>
<testcase name="🎨 UI Component Visibility Tests › DISABLED: Dashboard Components Based on Role" classname="rbac-comprehensive.spec.ts" time="0">
<properties>
<property name="skip" value="">
</property>
</properties>
<skipped>
</skipped>
</testcase>
<testcase name="🎨 UI Component Visibility Tests › DISABLED: Navigation Menu Based on Role" classname="rbac-comprehensive.spec.ts" time="0">
<properties>
<property name="skip" value="">
</property>
</properties>
<skipped>
</skipped>
</testcase>
<testcase name="🎨 UI Component Visibility Tests › DISABLED: Action Buttons Based on Permissions" classname="rbac-comprehensive.spec.ts" time="0">
<properties>
<property name="skip" value="">
</property>
</properties>
<skipped>
</skipped>
</testcase>
<testcase name="🔄 Role Switching and Session Management › DISABLED: Role-Based Session Persistence" classname="rbac-comprehensive.spec.ts" time="0">
<properties>
<property name="skip" value="">
</property>
</properties>
<skipped>
</skipped>
</testcase>
<testcase name="🔄 Role Switching and Session Management › DISABLED: Role-Based Data Filtering" classname="rbac-comprehensive.spec.ts" time="0">
<properties>
<property name="skip" value="">
</property>
</properties>
<skipped>
</skipped>
</testcase>
<testcase name="🚨 Security and Error Handling › DISABLED: Unauthorized Access Attempts" classname="rbac-comprehensive.spec.ts" time="0">
<properties>
<property name="skip" value="">
</property>
</properties>
<skipped>
</skipped>
</testcase>
<testcase name="🚨 Security and Error Handling › DISABLED: Permission Denied Handling" classname="rbac-comprehensive.spec.ts" time="0">
<properties>
<property name="skip" value="">
</property>
</properties>
<skipped>
</skipped>
</testcase>
<testcase name="📊 Analytics and Reporting RBAC › DISABLED: Role-Based Analytics Access" classname="rbac-comprehensive.spec.ts" time="0">
<properties>
<property name="skip" value="">
</property>
</properties>
<skipped>
</skipped>
</testcase>
<testcase name="📊 Analytics and Reporting RBAC › DISABLED: Data Visibility Based on Role" classname="rbac-comprehensive.spec.ts" time="0">
<properties>
<property name="skip" value="">
</property>
</properties>
<skipped>
</skipped>
</testcase>
</testsuite>
<testsuite name="realistic-live-deployment.spec.ts" timestamp="2025-10-27T06:34:37.600Z" hostname="firefox" tests="14" failures="0" skipped="14" time="0" errors="0">
<testcase name="🚀 REALISTIC LIVE DEPLOYMENT TESTING › DISABLED: 🏠 HOMEPAGE - Realistic Frontend Testing" classname="realistic-live-deployment.spec.ts" time="0">
<properties>
<property name="skip" value="">
</property>
</properties>
<skipped>
</skipped>
</testcase>
<testcase name="🚀 REALISTIC LIVE DEPLOYMENT TESTING › DISABLED: 🔐 AUTHENTICATION - Realistic Auth Flow Testing" classname="realistic-live-deployment.spec.ts" time="0">
<properties>
<property name="skip" value="">
</property>
</properties>
<skipped>
</skipped>
</testcase>
<testcase name="🚀 REALISTIC LIVE DEPLOYMENT TESTING › DISABLED: 🏢 VENUES - Realistic Venue Testing" classname="realistic-live-deployment.spec.ts" time="0">
<properties>
<property name="skip" value="">
</property>
</properties>
<skipped>
</skipped>
</testcase>
<testcase name="🚀 REALISTIC LIVE DEPLOYMENT TESTING › DISABLED: 🏪 VENDORS - Realistic Vendor Testing" classname="realistic-live-deployment.spec.ts" time="0">
<properties>
<property name="skip" value="">
</property>
</properties>
<skipped>
</skipped>
</testcase>
<testcase name="🚀 REALISTIC LIVE DEPLOYMENT TESTING › DISABLED: 📱 FEED - Realistic Social Feed Testing" classname="realistic-live-deployment.spec.ts" time="0">
<properties>
<property name="skip" value="">
</property>
</properties>
<skipped>
</skipped>
</testcase>
<testcase name="🚀 REALISTIC LIVE DEPLOYMENT TESTING › DISABLED: 🖼️ GALLERY - Realistic Gallery Testing" classname="realistic-live-deployment.spec.ts" time="0">
<properties>
<property name="skip" value="">
</property>
</properties>
<skipped>
</skipped>
</testcase>
<testcase name="🚀 REALISTIC LIVE DEPLOYMENT TESTING › DISABLED: 📊 DASHBOARD - Realistic Dashboard Testing" classname="realistic-live-deployment.spec.ts" time="0">
<properties>
<property name="skip" value="">
</property>
</properties>
<skipped>
</skipped>
</testcase>
<testcase name="🚀 REALISTIC LIVE DEPLOYMENT TESTING › DISABLED: 🔧 API ENDPOINTS - Realistic API Testing" classname="realistic-live-deployment.spec.ts" time="0">
<properties>
<property name="skip" value="">
</property>
</properties>
<skipped>
</skipped>
</testcase>
<testcase name="🚀 REALISTIC LIVE DEPLOYMENT TESTING › DISABLED: 📱 RESPONSIVE DESIGN - Realistic Mobile Testing" classname="realistic-live-deployment.spec.ts" time="0">
<properties>
<property name="skip" value="">
</property>
</properties>
<skipped>
</skipped>
</testcase>
<testcase name="🚀 REALISTIC LIVE DEPLOYMENT TESTING › DISABLED: 🎨 UI COMPONENTS - Realistic Component Testing" classname="realistic-live-deployment.spec.ts" time="0">
<properties>
<property name="skip" value="">
</property>
</properties>
<skipped>
</skipped>
</testcase>
<testcase name="🚀 REALISTIC LIVE DEPLOYMENT TESTING › DISABLED: ⚡ PERFORMANCE - Realistic Performance Testing" classname="realistic-live-deployment.spec.ts" time="0">
<properties>
<property name="skip" value="">
</property>
</properties>
<skipped>
</skipped>
</testcase>
<testcase name="🚀 REALISTIC LIVE DEPLOYMENT TESTING › DISABLED: 🔍 ERROR HANDLING - Realistic Error Testing" classname="realistic-live-deployment.spec.ts" time="0">
<properties>
<property name="skip" value="">
</property>
</properties>
<skipped>
</skipped>
</testcase>
<testcase name="🚀 REALISTIC LIVE DEPLOYMENT TESTING › DISABLED: 🎯 FINAL INTEGRATION - Realistic System Integration" classname="realistic-live-deployment.spec.ts" time="0">
<properties>
<property name="skip" value="">
</property>
</properties>
<skipped>
</skipped>
</testcase>
<testcase name="🚀 REALISTIC LIVE DEPLOYMENT TESTING › DISABLED: 📊 LIVE DEPLOYMENT STATUS REPORT" classname="realistic-live-deployment.spec.ts" time="0">
<properties>
<property name="skip" value="">
</property>
</properties>
<skipped>
</skipped>
</testcase>
</testsuite>
<testsuite name="responsive-tests.spec.ts" timestamp="2025-10-27T06:34:37.600Z" hostname="firefox" tests="32" failures="2" skipped="0" time="162.902" errors="0">
<testcase name="📱 Responsive Design Tests - Phase 5 › 📱 Mobile Responsive (375px) › ✅ Homepage is mobile responsive" classname="responsive-tests.spec.ts" time="5.031">
</testcase>
<testcase name="📱 Responsive Design Tests - Phase 5 › 📱 Mobile Responsive (375px) › ✅ Navigation menu works on mobile" classname="responsive-tests.spec.ts" time="4.046">
</testcase>
<testcase name="📱 Responsive Design Tests - Phase 5 › 📱 Mobile Responsive (375px) › ✅ Venues page is mobile responsive" classname="responsive-tests.spec.ts" time="2.552">
</testcase>
<testcase name="📱 Responsive Design Tests - Phase 5 › 📱 Mobile Responsive (375px) › ✅ Vendors page is mobile responsive" classname="responsive-tests.spec.ts" time="3.07">
</testcase>
<testcase name="📱 Responsive Design Tests - Phase 5 › 📱 Mobile Responsive (375px) › ✅ Login form is mobile responsive" classname="responsive-tests.spec.ts" time="3.186">
</testcase>
<testcase name="📱 Responsive Design Tests - Phase 5 › 📱 Mobile Responsive (375px) › ✅ Register form is mobile responsive" classname="responsive-tests.spec.ts" time="4.085">
</testcase>
<testcase name="📱 Responsive Design Tests - Phase 5 › 📱 Mobile Responsive (375px) › ✅ Footer is mobile responsive" classname="responsive-tests.spec.ts" time="4.503">
</testcase>
<testcase name="📱 Responsive Design Tests - Phase 5 › 📱 Mobile Responsive (375px) › ✅ Images are responsive" classname="responsive-tests.spec.ts" time="4.286">
</testcase>
<testcase name="📱 Responsive Design Tests - Phase 5 › 📱 Mobile Responsive (375px) › ✅ Buttons are mobile touch-friendly" classname="responsive-tests.spec.ts" time="6.193">
<failure message="responsive-tests.spec.ts:101:9 ✅ Buttons are mobile touch-friendly" type="FAILURE">
<![CDATA[  [firefox] › responsive-tests.spec.ts:101:9 › 📱 Responsive Design Tests - Phase 5 › 📱 Mobile Responsive (375px) › ✅ Buttons are mobile touch-friendly 

    Error: expect(received).toBeGreaterThanOrEqual(expected)

    Expected: >= 40
    Received:    36

      109 |         // Buttons should be at least 44x44px (touch-friendly size)
      110 |         if (box) {
    > 111 |           expect(box.height).toBeGreaterThanOrEqual(40)
          |                              ^
      112 |         }
      113 |       }
      114 |     })
        at /Users/asithalakmal/Documents/web/final project/WeddingLK-next copy/tests/e2e/responsive-tests.spec.ts:111:30

    attachment #1: screenshot (image/png) ──────────────────────────────────────────────────────────
    ../../test-results/responsive-tests-📱-Respon-69dff-s-are-mobile-touch-friendly-firefox/test-failed-1.png
    ────────────────────────────────────────────────────────────────────────────────────────────────

    attachment #2: video (video/webm) ──────────────────────────────────────────────────────────────
    ../../test-results/responsive-tests-📱-Respon-69dff-s-are-mobile-touch-friendly-firefox/video.webm
    ────────────────────────────────────────────────────────────────────────────────────────────────

    Error Context: ../../test-results/responsive-tests-📱-Respon-69dff-s-are-mobile-touch-friendly-firefox/error-context.md
]]>
</failure>
<system-out>
<![CDATA[
[[ATTACHMENT|test-results/responsive-tests-📱-Respon-69dff-s-are-mobile-touch-friendly-firefox/test-failed-1.png]]

[[ATTACHMENT|test-results/responsive-tests-📱-Respon-69dff-s-are-mobile-touch-friendly-firefox/video.webm]]

[[ATTACHMENT|test-results/responsive-tests-📱-Respon-69dff-s-are-mobile-touch-friendly-firefox/error-context.md]]
]]>
</system-out>
</testcase>
<testcase name="📱 Responsive Design Tests - Phase 5 › 📱 Mobile Responsive (375px) › ✅ Text is readable on mobile" classname="responsive-tests.spec.ts" time="5.56">
<failure message="responsive-tests.spec.ts:116:9 ✅ Text is readable on mobile" type="FAILURE">
<![CDATA[  [firefox] › responsive-tests.spec.ts:116:9 › 📱 Responsive Design Tests - Phase 5 › 📱 Mobile Responsive (375px) › ✅ Text is readable on mobile 

    Error: locator.isVisible: Error: strict mode violation: locator('h1, h2') resolved to 4 elements:
        1) <h1 class="text-4xl md:text-6xl font-bold text-gray-900 dark:text-white mb-6">…</h1> aka getByRole('heading', { name: 'Find Your Perfect Wedding' })
        2) <h2 class="text-3xl font-bold tracking-tight text-gray-900 dark:text-white sm:text-4xl">Everything You Need for Your Perfect Day</h2> aka getByRole('heading', { name: 'Everything You Need for Your' })
        ...

    Call log:
        - checking visibility of locator('h1, h2')


      118 |       
      119 |       const heading = page.locator('h1, h2')
    > 120 |       if (await heading.isVisible()) {
          |                         ^
      121 |         const fontSize = await heading.evaluate(el => 
      122 |           window.getComputedStyle(el).fontSize
      123 |         )
        at /Users/asithalakmal/Documents/web/final project/WeddingLK-next copy/tests/e2e/responsive-tests.spec.ts:120:25

    attachment #1: screenshot (image/png) ──────────────────────────────────────────────────────────
    ../../test-results/responsive-tests-📱-Respon-6aa3a--Text-is-readable-on-mobile-firefox/test-failed-1.png
    ────────────────────────────────────────────────────────────────────────────────────────────────

    attachment #2: video (video/webm) ──────────────────────────────────────────────────────────────
    ../../test-results/responsive-tests-📱-Respon-6aa3a--Text-is-readable-on-mobile-firefox/video.webm
    ────────────────────────────────────────────────────────────────────────────────────────────────

    Error Context: ../../test-results/responsive-tests-📱-Respon-6aa3a--Text-is-readable-on-mobile-firefox/error-context.md
]]>
</failure>
<system-out>
<![CDATA[
[[ATTACHMENT|test-results/responsive-tests-📱-Respon-6aa3a--Text-is-readable-on-mobile-firefox/test-failed-1.png]]

[[ATTACHMENT|test-results/responsive-tests-📱-Respon-6aa3a--Text-is-readable-on-mobile-firefox/video.webm]]

[[ATTACHMENT|test-results/responsive-tests-📱-Respon-6aa3a--Text-is-readable-on-mobile-firefox/error-context.md]]
]]>
</system-out>
</testcase>
<testcase name="📱 Responsive Design Tests - Phase 5 › 📱 Mobile Responsive (375px) › ✅ No horizontal scroll on mobile" classname="responsive-tests.spec.ts" time="7.262">
</testcase>
<testcase name="📱 Responsive Design Tests - Phase 5 › 📊 Tablet Responsive (768px) › ✅ Homepage is tablet responsive" classname="responsive-tests.spec.ts" time="11.605">
</testcase>
<testcase name="📱 Responsive Design Tests - Phase 5 › 📊 Tablet Responsive (768px) › ✅ Two-column layout on tablet" classname="responsive-tests.spec.ts" time="5.956">
</testcase>
<testcase name="📱 Responsive Design Tests - Phase 5 › 📊 Tablet Responsive (768px) › ✅ Sidebar shows on tablet" classname="responsive-tests.spec.ts" time="4.766">
</testcase>
<testcase name="📱 Responsive Design Tests - Phase 5 › 📊 Tablet Responsive (768px) › ✅ Navigation is usable on tablet" classname="responsive-tests.spec.ts" time="4.631">
</testcase>
<testcase name="📱 Responsive Design Tests - Phase 5 › 📊 Tablet Responsive (768px) › ✅ Forms have proper spacing on tablet" classname="responsive-tests.spec.ts" time="3.479">
</testcase>
<testcase name="📱 Responsive Design Tests - Phase 5 › 🖥️ Desktop Responsive (1920px) › ✅ Homepage uses full desktop width" classname="responsive-tests.spec.ts" time="3.563">
</testcase>
<testcase name="📱 Responsive Design Tests - Phase 5 › 🖥️ Desktop Responsive (1920px) › ✅ Multi-column grid on desktop" classname="responsive-tests.spec.ts" time="6.507">
</testcase>
<testcase name="📱 Responsive Design Tests - Phase 5 › 🖥️ Desktop Responsive (1920px) › ✅ Sidebar visible on desktop" classname="responsive-tests.spec.ts" time="6.757">
</testcase>
<testcase name="📱 Responsive Design Tests - Phase 5 › 🖥️ Desktop Responsive (1920px) › ✅ Footer content is distributed on desktop" classname="responsive-tests.spec.ts" time="4.212">
</testcase>
<testcase name="📱 Responsive Design Tests - Phase 5 › 🖥️ Desktop Responsive (1920px) › ✅ Large images display properly" classname="responsive-tests.spec.ts" time="3.138">
</testcase>
<testcase name="📱 Responsive Design Tests - Phase 5 › 🔄 Orientation Changes › ✅ Page reflows when changing from portrait to landscape" classname="responsive-tests.spec.ts" time="4.017">
</testcase>
<testcase name="📱 Responsive Design Tests - Phase 5 › 🔄 Orientation Changes › ✅ Content reflows from landscape to portrait" classname="responsive-tests.spec.ts" time="5.144">
</testcase>
<testcase name="📱 Responsive Design Tests - Phase 5 › 🎯 CSS Breakpoints › ✅ Small breakpoint (320px)" classname="responsive-tests.spec.ts" time="4.525">
</testcase>
<testcase name="📱 Responsive Design Tests - Phase 5 › 🎯 CSS Breakpoints › ✅ Medium breakpoint (768px)" classname="responsive-tests.spec.ts" time="5.638">
</testcase>
<testcase name="📱 Responsive Design Tests - Phase 5 › 🎯 CSS Breakpoints › ✅ Large breakpoint (1024px)" classname="responsive-tests.spec.ts" time="6.077">
</testcase>
<testcase name="📱 Responsive Design Tests - Phase 5 › 🎯 CSS Breakpoints › ✅ Extra large breakpoint (1440px)" classname="responsive-tests.spec.ts" time="7.369">
</testcase>
<testcase name="📱 Responsive Design Tests - Phase 5 › 📲 Device-Specific Responsive › ✅ iPhone SE responsive" classname="responsive-tests.spec.ts" time="5.022">
</testcase>
<testcase name="📱 Responsive Design Tests - Phase 5 › 📲 Device-Specific Responsive › ✅ iPhone 12/13 responsive" classname="responsive-tests.spec.ts" time="7.198">
</testcase>
<testcase name="📱 Responsive Design Tests - Phase 5 › 📲 Device-Specific Responsive › ✅ iPad responsive" classname="responsive-tests.spec.ts" time="5.439">
</testcase>
<testcase name="📱 Responsive Design Tests - Phase 5 › 📲 Device-Specific Responsive › ✅ Samsung Galaxy responsive" classname="responsive-tests.spec.ts" time="3.716">
</testcase>
<testcase name="📱 Responsive Design Tests - Phase 5 › 📲 Device-Specific Responsive › ✅ Standard Android tablet" classname="responsive-tests.spec.ts" time="4.369">
</testcase>
</testsuite>
<testsuite name="simple.spec.ts" timestamp="2025-10-27T06:34:37.600Z" hostname="firefox" tests="5" failures="0" skipped="5" time="0" errors="0">
<testcase name="Simple Production Tests › DISABLED: Homepage loads and has basic content" classname="simple.spec.ts" time="0">
<properties>
<property name="skip" value="">
</property>
</properties>
<skipped>
</skipped>
</testcase>
<testcase name="Simple Production Tests › DISABLED: Page has navigation elements" classname="simple.spec.ts" time="0">
<properties>
<property name="skip" value="">
</property>
</properties>
<skipped>
</skipped>
</testcase>
<testcase name="Simple Production Tests › DISABLED: Page has footer content" classname="simple.spec.ts" time="0">
<properties>
<property name="skip" value="">
</property>
</properties>
<skipped>
</skipped>
</testcase>
<testcase name="Simple Production Tests › DISABLED: Page is responsive" classname="simple.spec.ts" time="0">
<properties>
<property name="skip" value="">
</property>
</properties>
<skipped>
</skipped>
</testcase>
<testcase name="Simple Production Tests › DISABLED: Page has correct metadata" classname="simple.spec.ts" time="0">
<properties>
<property name="skip" value="">
</property>
</properties>
<skipped>
</skipped>
</testcase>
</testsuite>
<testsuite name="user-journey-tests.spec.ts" timestamp="2025-10-27T06:34:37.600Z" hostname="firefox" tests="29" failures="4" skipped="0" time="232.656" errors="0">
<testcase name="🚀 User Journey Tests - Phase 4 › 👰 Bride/Groom Wedding Planning Journey › ✅ Complete bride journey: Explore &gt; Favorite &gt; Book vendor" classname="user-journey-tests.spec.ts" time="6.085">
<failure message="user-journey-tests.spec.ts:24:9 ✅ Complete bride journey: Explore &gt; Favorite &gt; Book vendor" type="FAILURE">
<![CDATA[  [firefox] › user-journey-tests.spec.ts:24:9 › 🚀 User Journey Tests - Phase 4 › 👰 Bride/Groom Wedding Planning Journey › ✅ Complete bride journey: Explore > Favorite > Book vendor 

    Error: expect(locator).toContainText(expected) failed

    Locator: locator('h1, h2')
    Expected pattern: /Wedding|Venue|Vendor/
    Error: strict mode violation: locator('h1, h2') resolved to 4 elements:
        1) <h1 class="text-4xl md:text-6xl font-bold text-gray-900 dark:text-white mb-6">…</h1> aka getByRole('heading', { name: 'Find Your Perfect Wedding' })
        2) <h2 class="text-3xl font-bold tracking-tight text-gray-900 dark:text-white sm:text-4xl">Everything You Need for Your Perfect Day</h2> aka getByRole('heading', { name: 'Everything You Need for Your' })
        ...

    Call log:
      - Expect "toContainText" with timeout 30000ms
      - waiting for locator('h1, h2')


      25 |       // Step 1: Browse homepage
      26 |       await page.goto('/')
    > 27 |       await expect(page.locator('h1, h2')).toContainText(/Wedding|Venue|Vendor/)
         |                                            ^
      28 |
      29 |       // Step 2: View venues
      30 |       const venuesLink = page.locator('a[href="/venues"], a:has-text("Venues")')
        at /Users/asithalakmal/Documents/web/final project/WeddingLK-next copy/tests/e2e/user-journey-tests.spec.ts:27:44

    attachment #1: screenshot (image/png) ──────────────────────────────────────────────────────────
    ../../test-results/user-journey-tests-🚀-User-46e41-xplore-Favorite-Book-vendor-firefox/test-failed-1.png
    ────────────────────────────────────────────────────────────────────────────────────────────────

    attachment #2: video (video/webm) ──────────────────────────────────────────────────────────────
    ../../test-results/user-journey-tests-🚀-User-46e41-xplore-Favorite-Book-vendor-firefox/video.webm
    ────────────────────────────────────────────────────────────────────────────────────────────────

    Error Context: ../../test-results/user-journey-tests-🚀-User-46e41-xplore-Favorite-Book-vendor-firefox/error-context.md
]]>
</failure>
<system-out>
<![CDATA[
[[ATTACHMENT|test-results/user-journey-tests-🚀-User-46e41-xplore-Favorite-Book-vendor-firefox/test-failed-1.png]]

[[ATTACHMENT|test-results/user-journey-tests-🚀-User-46e41-xplore-Favorite-Book-vendor-firefox/video.webm]]

[[ATTACHMENT|test-results/user-journey-tests-🚀-User-46e41-xplore-Favorite-Book-vendor-firefox/error-context.md]]
]]>
</system-out>
</testcase>
<testcase name="🚀 User Journey Tests - Phase 4 › 👰 Bride/Groom Wedding Planning Journey › ✅ User discovery journey: Search &gt; Filter &gt; View details" classname="user-journey-tests.spec.ts" time="7.982">
</testcase>
<testcase name="🚀 User Journey Tests - Phase 4 › 👰 Bride/Groom Wedding Planning Journey › ✅ User favorites journey: Add &gt; View &gt; Remove" classname="user-journey-tests.spec.ts" time="15.832">
</testcase>
<testcase name="🚀 User Journey Tests - Phase 4 › 👰 Bride/Groom Wedding Planning Journey › ✅ User booking inquiry journey" classname="user-journey-tests.spec.ts" time="6.082">
</testcase>
<testcase name="🚀 User Journey Tests - Phase 4 › 👰 Bride/Groom Wedding Planning Journey › ✅ User profile completion journey" classname="user-journey-tests.spec.ts" time="12.049">
</testcase>
<testcase name="🚀 User Journey Tests - Phase 4 › 👰 Bride/Groom Wedding Planning Journey › ✅ User settings &amp; preferences journey" classname="user-journey-tests.spec.ts" time="10.748">
</testcase>
<testcase name="🚀 User Journey Tests - Phase 4 › 📸 Vendor Business Journey › ✅ Complete vendor onboarding &amp; service setup" classname="user-journey-tests.spec.ts" time="9.255">
</testcase>
<testcase name="🚀 User Journey Tests - Phase 4 › 📸 Vendor Business Journey › ✅ Vendor booking management journey" classname="user-journey-tests.spec.ts" time="8.182">
</testcase>
<testcase name="🚀 User Journey Tests - Phase 4 › 📸 Vendor Business Journey › ✅ Vendor profile &amp; portfolio journey" classname="user-journey-tests.spec.ts" time="15.21">
</testcase>
<testcase name="🚀 User Journey Tests - Phase 4 › 📸 Vendor Business Journey › ✅ Vendor performance tracking journey" classname="user-journey-tests.spec.ts" time="9.043">
</testcase>
<testcase name="🚀 User Journey Tests - Phase 4 › 📸 Vendor Business Journey › ✅ Vendor service pricing journey" classname="user-journey-tests.spec.ts" time="7.068">
</testcase>
<testcase name="🚀 User Journey Tests - Phase 4 › 👑 Admin Platform Management Journey › ✅ Admin user management journey" classname="user-journey-tests.spec.ts" time="8.891">
</testcase>
<testcase name="🚀 User Journey Tests - Phase 4 › 👑 Admin Platform Management Journey › ✅ Admin analytics &amp; reporting journey" classname="user-journey-tests.spec.ts" time="7.855">
</testcase>
<testcase name="🚀 User Journey Tests - Phase 4 › 👑 Admin Platform Management Journey › ✅ Admin platform settings journey" classname="user-journey-tests.spec.ts" time="5.952">
</testcase>
<testcase name="🚀 User Journey Tests - Phase 4 › 👑 Admin Platform Management Journey › ✅ Admin content moderation journey" classname="user-journey-tests.spec.ts" time="8.468">
</testcase>
<testcase name="🚀 User Journey Tests - Phase 4 › 🔄 Cross-Platform User Journeys › ✅ Desktop to mobile navigation journey" classname="user-journey-tests.spec.ts" time="4.318">
</testcase>
<testcase name="🚀 User Journey Tests - Phase 4 › 🔄 Cross-Platform User Journeys › ✅ Public to authenticated user journey" classname="user-journey-tests.spec.ts" time="5.042">
<failure message="user-journey-tests.spec.ts:255:9 ✅ Public to authenticated user journey" type="FAILURE">
<![CDATA[  [firefox] › user-journey-tests.spec.ts:255:9 › 🚀 User Journey Tests - Phase 4 › 🔄 Cross-Platform User Journeys › ✅ Public to authenticated user journey 

    Error: locator.isVisible: Error: strict mode violation: locator('a[href="/venues"], a:has-text("Venues")') resolved to 2 elements:
        1) <a href="/venues" class="text-gray-700 hover:text-rose-500 dark:text-gray-300 dark:hover:text-rose-400 font-medium transition-colors">Venues</a> aka getByRole('navigation').getByRole('link', { name: 'Venues' })
        2) <a href="/venues" class="hover:text-white transition-colors">Venues</a> aka getByRole('main').getByRole('link', { name: 'Venues' })

    Call log:
        - checking visibility of locator('a[href="/venues"], a:has-text("Venues")')


      257 |       await page.goto('/')
      258 |       const venuesLink = page.locator('a[href="/venues"], a:has-text("Venues")')
    > 259 |       if (await venuesLink.isVisible()) {
          |                            ^
      260 |         await venuesLink.first().click()
      261 |       }
      262 |
        at /Users/asithalakmal/Documents/web/final project/WeddingLK-next copy/tests/e2e/user-journey-tests.spec.ts:259:28

    attachment #1: screenshot (image/png) ──────────────────────────────────────────────────────────
    ../../test-results/user-journey-tests-🚀-User-ac4ca--authenticated-user-journey-firefox/test-failed-1.png
    ────────────────────────────────────────────────────────────────────────────────────────────────

    attachment #2: video (video/webm) ──────────────────────────────────────────────────────────────
    ../../test-results/user-journey-tests-🚀-User-ac4ca--authenticated-user-journey-firefox/video.webm
    ────────────────────────────────────────────────────────────────────────────────────────────────

    Error Context: ../../test-results/user-journey-tests-🚀-User-ac4ca--authenticated-user-journey-firefox/error-context.md
]]>
</failure>
<system-out>
<![CDATA[
[[ATTACHMENT|test-results/user-journey-tests-🚀-User-ac4ca--authenticated-user-journey-firefox/test-failed-1.png]]

[[ATTACHMENT|test-results/user-journey-tests-🚀-User-ac4ca--authenticated-user-journey-firefox/video.webm]]

[[ATTACHMENT|test-results/user-journey-tests-🚀-User-ac4ca--authenticated-user-journey-firefox/error-context.md]]
]]>
</system-out>
</testcase>
<testcase name="🚀 User Journey Tests - Phase 4 › 🔄 Cross-Platform User Journeys › ✅ Multi-tab session persistence journey" classname="user-journey-tests.spec.ts" time="8.839">
</testcase>
<testcase name="🚀 User Journey Tests - Phase 4 › 🔄 Cross-Platform User Journeys › ✅ Search to details to booking journey" classname="user-journey-tests.spec.ts" time="12.381">
</testcase>
<testcase name="🚀 User Journey Tests - Phase 4 › 🔄 Error Recovery Journeys › ✅ Login failure recovery journey" classname="user-journey-tests.spec.ts" time="9.198">
</testcase>
<testcase name="🚀 User Journey Tests - Phase 4 › 🔄 Error Recovery Journeys › ✅ Network error recovery journey" classname="user-journey-tests.spec.ts" time="4.774">
<failure message="user-journey-tests.spec.ts:335:9 ✅ Network error recovery journey" type="FAILURE">
<![CDATA[  [firefox] › user-journey-tests.spec.ts:335:9 › 🚀 User Journey Tests - Phase 4 › 🔄 Error Recovery Journeys › ✅ Network error recovery journey 

    Error: locator.isVisible: Error: strict mode violation: locator('a[href="/venues"]') resolved to 2 elements:
        1) <a href="/venues" class="text-gray-700 hover:text-rose-500 dark:text-gray-300 dark:hover:text-rose-400 font-medium transition-colors">Venues</a> aka getByRole('navigation').getByRole('link', { name: 'Venues' })
        2) <a href="/venues" class="hover:text-white transition-colors">Venues</a> aka getByRole('contentinfo').getByRole('link', { name: 'Venues' })

    Call log:
        - checking visibility of locator('a[href="/venues"]')


      342 |       // Try to navigate
      343 |       const venuesLink = page.locator('a[href="/venues"]')
    > 344 |       if (await venuesLink.isVisible()) {
          |                            ^
      345 |         await venuesLink.first().click()
      346 |       }
      347 |
        at /Users/asithalakmal/Documents/web/final project/WeddingLK-next copy/tests/e2e/user-journey-tests.spec.ts:344:28

    attachment #1: screenshot (image/png) ──────────────────────────────────────────────────────────
    ../../test-results/user-journey-tests-🚀-User-be996-work-error-recovery-journey-firefox/test-failed-1.png
    ────────────────────────────────────────────────────────────────────────────────────────────────

    attachment #2: video (video/webm) ──────────────────────────────────────────────────────────────
    ../../test-results/user-journey-tests-🚀-User-be996-work-error-recovery-journey-firefox/video.webm
    ────────────────────────────────────────────────────────────────────────────────────────────────

    Error Context: ../../test-results/user-journey-tests-🚀-User-be996-work-error-recovery-journey-firefox/error-context.md
]]>
</failure>
<system-out>
<![CDATA[
[[ATTACHMENT|test-results/user-journey-tests-🚀-User-be996-work-error-recovery-journey-firefox/test-failed-1.png]]

[[ATTACHMENT|test-results/user-journey-tests-🚀-User-be996-work-error-recovery-journey-firefox/video.webm]]

[[ATTACHMENT|test-results/user-journey-tests-🚀-User-be996-work-error-recovery-journey-firefox/error-context.md]]
]]>
</system-out>
</testcase>
<testcase name="🚀 User Journey Tests - Phase 4 › 🔄 Error Recovery Journeys › ✅ Page timeout recovery journey" classname="user-journey-tests.spec.ts" time="8.647">
</testcase>
<testcase name="🚀 User Journey Tests - Phase 4 › 🔄 Error Recovery Journeys › ✅ 404 error recovery journey" classname="user-journey-tests.spec.ts" time="7.251">
<failure message="user-journey-tests.spec.ts:372:9 ✅ 404 error recovery journey" type="FAILURE">
<![CDATA[  [firefox] › user-journey-tests.spec.ts:372:9 › 🚀 User Journey Tests - Phase 4 › 🔄 Error Recovery Journeys › ✅ 404 error recovery journey 

    Error: expect(received).not.toContain(expected) // indexOf

    Expected substring: not "non-existent"
    Received string:        "https://wedding-4twyhvelc-asithalkonaras-projects.vercel.app/non-existent-page"

      380 |       // Should be on previous page
      381 |       const currentUrl = page.url()
    > 382 |       expect(currentUrl).not.toContain('non-existent')
          |                              ^
      383 |     })
      384 |
      385 |     test('✅ Session expiry recovery journey', async ({ page }) => {
        at /Users/asithalakmal/Documents/web/final project/WeddingLK-next copy/tests/e2e/user-journey-tests.spec.ts:382:30

    attachment #1: screenshot (image/png) ──────────────────────────────────────────────────────────
    ../../test-results/user-journey-tests-🚀-User-b52d9--404-error-recovery-journey-firefox/test-failed-1.png
    ────────────────────────────────────────────────────────────────────────────────────────────────

    attachment #2: video (video/webm) ──────────────────────────────────────────────────────────────
    ../../test-results/user-journey-tests-🚀-User-b52d9--404-error-recovery-journey-firefox/video.webm
    ────────────────────────────────────────────────────────────────────────────────────────────────

    Error Context: ../../test-results/user-journey-tests-🚀-User-b52d9--404-error-recovery-journey-firefox/error-context.md
]]>
</failure>
<system-out>
<![CDATA[
[[ATTACHMENT|test-results/user-journey-tests-🚀-User-b52d9--404-error-recovery-journey-firefox/test-failed-1.png]]

[[ATTACHMENT|test-results/user-journey-tests-🚀-User-b52d9--404-error-recovery-journey-firefox/video.webm]]

[[ATTACHMENT|test-results/user-journey-tests-🚀-User-b52d9--404-error-recovery-journey-firefox/error-context.md]]
]]>
</system-out>
</testcase>
<testcase name="🚀 User Journey Tests - Phase 4 › 🔄 Error Recovery Journeys › ✅ Session expiry recovery journey" classname="user-journey-tests.spec.ts" time="8.322">
</testcase>
<testcase name="🚀 User Journey Tests - Phase 4 › 🎯 Feature-Specific Journeys › ✅ Complete venue search journey" classname="user-journey-tests.spec.ts" time="2.584">
</testcase>
<testcase name="🚀 User Journey Tests - Phase 4 › 🎯 Feature-Specific Journeys › ✅ Complete vendor discovery journey" classname="user-journey-tests.spec.ts" time="7.331">
</testcase>
<testcase name="🚀 User Journey Tests - Phase 4 › 🎯 Feature-Specific Journeys › ✅ Complete AI search journey" classname="user-journey-tests.spec.ts" time="3.545">
</testcase>
<testcase name="🚀 User Journey Tests - Phase 4 › 🎯 Feature-Specific Journeys › ✅ Complete review &amp; rating journey" classname="user-journey-tests.spec.ts" time="4.905">
</testcase>
<testcase name="🚀 User Journey Tests - Phase 4 › 🎯 Feature-Specific Journeys › ✅ Complete checkout journey" classname="user-journey-tests.spec.ts" time="6.817">
</testcase>
</testsuite>
<testsuite name="user-journey.spec.ts" timestamp="2025-10-27T06:34:37.600Z" hostname="firefox" tests="6" failures="0" skipped="6" time="0" errors="0">
<testcase name="DISABLED  › DISABLED: End-to-End Wedding Planning Journey" classname="user-journey.spec.ts" time="0">
<properties>
<property name="skip" value="">
</property>
<property name="skip" value="">
</property>
</properties>
<skipped>
</skipped>
</testcase>
<testcase name="DISABLED: 📸 Vendor Business Journey › DISABLED: Complete Vendor Onboarding and Management Journey" classname="user-journey.spec.ts" time="0">
<properties>
<property name="skip" value="">
</property>
<property name="skip" value="">
</property>
</properties>
<skipped>
</skipped>
</testcase>
<testcase name="DISABLED: 👰 Wedding Planner Professional Journey › DISABLED: Complete Wedding Planner Workflow" classname="user-journey.spec.ts" time="0">
<properties>
<property name="skip" value="">
</property>
<property name="skip" value="">
</property>
</properties>
<skipped>
</skipped>
</testcase>
<testcase name="DISABLED: 👑 Admin Platform Management Journey › DISABLED: Complete Admin Platform Management" classname="user-journey.spec.ts" time="0">
<properties>
<property name="skip" value="">
</property>
<property name="skip" value="">
</property>
</properties>
<skipped>
</skipped>
</testcase>
<testcase name="DISABLED: 🔄 Cross-Platform Integration Journey › DISABLED: Mobile and Web Integration" classname="user-journey.spec.ts" time="0">
<properties>
<property name="skip" value="">
</property>
<property name="skip" value="">
</property>
</properties>
<skipped>
</skipped>
</testcase>
<testcase name="DISABLED: 🚨 Error Handling and Recovery Journey › DISABLED: Application Error Recovery" classname="user-journey.spec.ts" time="0">
<properties>
<property name="skip" value="">
</property>
<property name="skip" value="">
</property>
</properties>
<skipped>
</skipped>
</testcase>
</testsuite>
<testsuite name="vendor.spec.ts" timestamp="2025-10-27T06:34:37.600Z" hostname="firefox" tests="5" failures="0" skipped="5" time="0" errors="0">
<testcase name="Vendor Management › DISABLED: Vendor registration and onboarding" classname="vendor.spec.ts" time="0">
<properties>
<property name="skip" value="">
</property>
</properties>
<skipped>
</skipped>
</testcase>
<testcase name="Vendor Management › DISABLED: Vendor service creation and portfolio upload" classname="vendor.spec.ts" time="0">
<properties>
<property name="skip" value="">
</property>
</properties>
<skipped>
</skipped>
</testcase>
<testcase name="Vendor Management › DISABLED: Vendor booking management" classname="vendor.spec.ts" time="0">
<properties>
<property name="skip" value="">
</property>
</properties>
<skipped>
</skipped>
</testcase>
<testcase name="Vendor Management › DISABLED: Vendor profile and portfolio management" classname="vendor.spec.ts" time="0">
<properties>
<property name="skip" value="">
</property>
</properties>
<skipped>
</skipped>
</testcase>
<testcase name="Vendor Management › DISABLED: Vendor analytics and performance tracking" classname="vendor.spec.ts" time="0">
<properties>
<property name="skip" value="">
</property>
</properties>
<skipped>
</skipped>
</testcase>
</testsuite>
<testsuite name="venue.spec.ts" timestamp="2025-10-27T06:34:37.600Z" hostname="firefox" tests="6" failures="0" skipped="6" time="0" errors="0">
<testcase name="Venue Management › DISABLED: Venue search and filtering" classname="venue.spec.ts" time="0">
<properties>
<property name="skip" value="">
</property>
</properties>
<skipped>
</skipped>
</testcase>
<testcase name="Venue Management › DISABLED: Venue details and booking inquiry" classname="venue.spec.ts" time="0">
<properties>
<property name="skip" value="">
</property>
</properties>
<skipped>
</skipped>
</testcase>
<testcase name="Venue Management › DISABLED: Venue availability calendar" classname="venue.spec.ts" time="0">
<properties>
<property name="skip" value="">
</property>
</properties>
<skipped>
</skipped>
</testcase>
<testcase name="Venue Management › DISABLED: Venue reviews and ratings" classname="venue.spec.ts" time="0">
<properties>
<property name="skip" value="">
</property>
</properties>
<skipped>
</skipped>
</testcase>
<testcase name="Venue Management › DISABLED: Venue owner management" classname="venue.spec.ts" time="0">
<properties>
<property name="skip" value="">
</property>
</properties>
<skipped>
</skipped>
</testcase>
<testcase name="Venue Management › DISABLED: Venue booking management" classname="venue.spec.ts" time="0">
<properties>
<property name="skip" value="">
</property>
</properties>
<skipped>
</skipped>
</testcase>
</testsuite>
<testsuite name="api-integration.spec.ts" timestamp="2025-10-27T06:34:37.600Z" hostname="Mobile Chrome" tests="55" failures="46" skipped="4" time="179.04" errors="0">
<testcase name="🔐 Authentication API Tests › DISABLED: User Registration API" classname="api-integration.spec.ts" time="0">
<properties>
<property name="skip" value="">
</property>
</properties>
<skipped>
</skipped>
</testcase>
<testcase name="🔐 Authentication API Tests › DISABLED: User Login API" classname="api-integration.spec.ts" time="0">
<properties>
<property name="skip" value="">
</property>
</properties>
<skipped>
</skipped>
</testcase>
<testcase name="🔐 Authentication API Tests › Invalid Login API" classname="api-integration.spec.ts" time="1.432">
<failure message="api-integration.spec.ts:87:7 Invalid Login API" type="FAILURE">
<![CDATA[  [Mobile Chrome] › api-integration.spec.ts:87:7 › 🔐 Authentication API Tests › Invalid Login API ─

    Error: expect(received).toBe(expected) // Object.is equality

    Expected: 401
    Received: 405

      93 |     });
      94 |     
    > 95 |     expect(response.status()).toBe(401);
         |                               ^
      96 |     const data = await response.json();
      97 |     expect(data.success).toBe(false);
      98 |     expect(data.message).toContain('Invalid credentials');
        at /Users/asithalakmal/Documents/web/final project/WeddingLK-next copy/tests/e2e/api-integration.spec.ts:95:31

    attachment #1: screenshot (image/png) ──────────────────────────────────────────────────────────
    ../../test-results/api-integration-🔐-Authent-4b7fb-API-Tests-Invalid-Login-API-Mobile-Chrome/test-failed-1.png
    ────────────────────────────────────────────────────────────────────────────────────────────────

    attachment #2: video (video/webm) ──────────────────────────────────────────────────────────────
    ../../test-results/api-integration-🔐-Authent-4b7fb-API-Tests-Invalid-Login-API-Mobile-Chrome/video.webm
    ────────────────────────────────────────────────────────────────────────────────────────────────
]]>
</failure>
<system-out>
<![CDATA[
[[ATTACHMENT|test-results/api-integration-🔐-Authent-4b7fb-API-Tests-Invalid-Login-API-Mobile-Chrome/test-failed-1.png]]

[[ATTACHMENT|test-results/api-integration-🔐-Authent-4b7fb-API-Tests-Invalid-Login-API-Mobile-Chrome/video.webm]]
]]>
</system-out>
</testcase>
<testcase name="🔐 Authentication API Tests › DISABLED: Password Reset API" classname="api-integration.spec.ts" time="0">
<properties>
<property name="skip" value="">
</property>
</properties>
<skipped>
</skipped>
</testcase>
<testcase name="🔐 Authentication API Tests › Email Verification API" classname="api-integration.spec.ts" time="1.411">
<failure message="api-integration.spec.ts:112:7 Email Verification API" type="FAILURE">
<![CDATA[  [Mobile Chrome] › api-integration.spec.ts:112:7 › 🔐 Authentication API Tests › Email Verification API 

    Error: expect(received).toBe(expected) // Object.is equality

    Expected: 200
    Received: 405

      115 |     });
      116 |     
    > 117 |     expect(response.status()).toBe(200);
          |                               ^
      118 |     const data = await response.json();
      119 |     expect(data.success).toBe(true);
      120 |   });
        at /Users/asithalakmal/Documents/web/final project/WeddingLK-next copy/tests/e2e/api-integration.spec.ts:117:31

    attachment #1: screenshot (image/png) ──────────────────────────────────────────────────────────
    ../../test-results/api-integration-🔐-Authent-28344-ests-Email-Verification-API-Mobile-Chrome/test-failed-1.png
    ────────────────────────────────────────────────────────────────────────────────────────────────

    attachment #2: video (video/webm) ──────────────────────────────────────────────────────────────
    ../../test-results/api-integration-🔐-Authent-28344-ests-Email-Verification-API-Mobile-Chrome/video.webm
    ────────────────────────────────────────────────────────────────────────────────────────────────
]]>
</failure>
<system-out>
<![CDATA[
[[ATTACHMENT|test-results/api-integration-🔐-Authent-28344-ests-Email-Verification-API-Mobile-Chrome/test-failed-1.png]]

[[ATTACHMENT|test-results/api-integration-🔐-Authent-28344-ests-Email-Verification-API-Mobile-Chrome/video.webm]]
]]>
</system-out>
</testcase>
<testcase name="👤 User Management API Tests › Get User Profile API" classname="api-integration.spec.ts" time="2.035">
<failure message="api-integration.spec.ts:124:7 Get User Profile API" type="FAILURE">
<![CDATA[  [Mobile Chrome] › api-integration.spec.ts:124:7 › 👤 User Management API Tests › Get User Profile API 

    SyntaxError: Unexpected end of JSON input

      43 |     data: { email, password }
      44 |   });
    > 45 |   const data = await response.json();
         |                ^
      46 |   return data.token;
      47 | }
      48 |
        at getAuthToken (/Users/asithalakmal/Documents/web/final project/WeddingLK-next copy/tests/e2e/api-integration.spec.ts:45:16)
        at /Users/asithalakmal/Documents/web/final project/WeddingLK-next copy/tests/e2e/api-integration.spec.ts:125:19

    attachment #1: screenshot (image/png) ──────────────────────────────────────────────────────────
    ../../test-results/api-integration-👤-User-Ma-c1c93--Tests-Get-User-Profile-API-Mobile-Chrome/test-failed-1.png
    ────────────────────────────────────────────────────────────────────────────────────────────────

    attachment #2: video (video/webm) ──────────────────────────────────────────────────────────────
    ../../test-results/api-integration-👤-User-Ma-c1c93--Tests-Get-User-Profile-API-Mobile-Chrome/video.webm
    ────────────────────────────────────────────────────────────────────────────────────────────────
]]>
</failure>
<system-out>
<![CDATA[
[[ATTACHMENT|test-results/api-integration-👤-User-Ma-c1c93--Tests-Get-User-Profile-API-Mobile-Chrome/test-failed-1.png]]

[[ATTACHMENT|test-results/api-integration-👤-User-Ma-c1c93--Tests-Get-User-Profile-API-Mobile-Chrome/video.webm]]
]]>
</system-out>
</testcase>
<testcase name="👤 User Management API Tests › Update User Profile API" classname="api-integration.spec.ts" time="2.304">
<failure message="api-integration.spec.ts:136:7 Update User Profile API" type="FAILURE">
<![CDATA[  [Mobile Chrome] › api-integration.spec.ts:136:7 › 👤 User Management API Tests › Update User Profile API 

    SyntaxError: Unexpected end of JSON input

      43 |     data: { email, password }
      44 |   });
    > 45 |   const data = await response.json();
         |                ^
      46 |   return data.token;
      47 | }
      48 |
        at getAuthToken (/Users/asithalakmal/Documents/web/final project/WeddingLK-next copy/tests/e2e/api-integration.spec.ts:45:16)
        at /Users/asithalakmal/Documents/web/final project/WeddingLK-next copy/tests/e2e/api-integration.spec.ts:137:19

    attachment #1: screenshot (image/png) ──────────────────────────────────────────────────────────
    ../../test-results/api-integration-👤-User-Ma-6e586-sts-Update-User-Profile-API-Mobile-Chrome/test-failed-1.png
    ────────────────────────────────────────────────────────────────────────────────────────────────

    attachment #2: video (video/webm) ──────────────────────────────────────────────────────────────
    ../../test-results/api-integration-👤-User-Ma-6e586-sts-Update-User-Profile-API-Mobile-Chrome/video.webm
    ────────────────────────────────────────────────────────────────────────────────────────────────
]]>
</failure>
<system-out>
<![CDATA[
[[ATTACHMENT|test-results/api-integration-👤-User-Ma-6e586-sts-Update-User-Profile-API-Mobile-Chrome/test-failed-1.png]]

[[ATTACHMENT|test-results/api-integration-👤-User-Ma-6e586-sts-Update-User-Profile-API-Mobile-Chrome/video.webm]]
]]>
</system-out>
</testcase>
<testcase name="👤 User Management API Tests › Get User Favorites API" classname="api-integration.spec.ts" time="1.952">
<failure message="api-integration.spec.ts:150:7 Get User Favorites API" type="FAILURE">
<![CDATA[  [Mobile Chrome] › api-integration.spec.ts:150:7 › 👤 User Management API Tests › Get User Favorites API 

    SyntaxError: Unexpected end of JSON input

      43 |     data: { email, password }
      44 |   });
    > 45 |   const data = await response.json();
         |                ^
      46 |   return data.token;
      47 | }
      48 |
        at getAuthToken (/Users/asithalakmal/Documents/web/final project/WeddingLK-next copy/tests/e2e/api-integration.spec.ts:45:16)
        at /Users/asithalakmal/Documents/web/final project/WeddingLK-next copy/tests/e2e/api-integration.spec.ts:151:19

    attachment #1: screenshot (image/png) ──────────────────────────────────────────────────────────
    ../../test-results/api-integration-👤-User-Ma-2df14-ests-Get-User-Favorites-API-Mobile-Chrome/test-failed-1.png
    ────────────────────────────────────────────────────────────────────────────────────────────────

    attachment #2: video (video/webm) ──────────────────────────────────────────────────────────────
    ../../test-results/api-integration-👤-User-Ma-2df14-ests-Get-User-Favorites-API-Mobile-Chrome/video.webm
    ────────────────────────────────────────────────────────────────────────────────────────────────
]]>
</failure>
<system-out>
<![CDATA[
[[ATTACHMENT|test-results/api-integration-👤-User-Ma-2df14-ests-Get-User-Favorites-API-Mobile-Chrome/test-failed-1.png]]

[[ATTACHMENT|test-results/api-integration-👤-User-Ma-2df14-ests-Get-User-Favorites-API-Mobile-Chrome/video.webm]]
]]>
</system-out>
</testcase>
<testcase name="👤 User Management API Tests › Add User Favorite API" classname="api-integration.spec.ts" time="2.238">
<failure message="api-integration.spec.ts:161:7 Add User Favorite API" type="FAILURE">
<![CDATA[  [Mobile Chrome] › api-integration.spec.ts:161:7 › 👤 User Management API Tests › Add User Favorite API 

    SyntaxError: Unexpected end of JSON input

      43 |     data: { email, password }
      44 |   });
    > 45 |   const data = await response.json();
         |                ^
      46 |   return data.token;
      47 | }
      48 |
        at getAuthToken (/Users/asithalakmal/Documents/web/final project/WeddingLK-next copy/tests/e2e/api-integration.spec.ts:45:16)
        at /Users/asithalakmal/Documents/web/final project/WeddingLK-next copy/tests/e2e/api-integration.spec.ts:162:19

    attachment #1: screenshot (image/png) ──────────────────────────────────────────────────────────
    ../../test-results/api-integration-👤-User-Ma-0917f-Tests-Add-User-Favorite-API-Mobile-Chrome/test-failed-1.png
    ────────────────────────────────────────────────────────────────────────────────────────────────

    attachment #2: video (video/webm) ──────────────────────────────────────────────────────────────
    ../../test-results/api-integration-👤-User-Ma-0917f-Tests-Add-User-Favorite-API-Mobile-Chrome/video.webm
    ────────────────────────────────────────────────────────────────────────────────────────────────
]]>
</failure>
<system-out>
<![CDATA[
[[ATTACHMENT|test-results/api-integration-👤-User-Ma-0917f-Tests-Add-User-Favorite-API-Mobile-Chrome/test-failed-1.png]]

[[ATTACHMENT|test-results/api-integration-👤-User-Ma-0917f-Tests-Add-User-Favorite-API-Mobile-Chrome/video.webm]]
]]>
</system-out>
</testcase>
<testcase name="🏢 Vendor Management API Tests › DISABLED: Vendor Registration API" classname="api-integration.spec.ts" time="0">
<properties>
<property name="skip" value="">
</property>
</properties>
<skipped>
</skipped>
</testcase>
<testcase name="🏢 Vendor Management API Tests › Get Vendor Services API" classname="api-integration.spec.ts" time="1.943">
<failure message="api-integration.spec.ts:194:7 Get Vendor Services API" type="FAILURE">
<![CDATA[  [Mobile Chrome] › api-integration.spec.ts:194:7 › 🏢 Vendor Management API Tests › Get Vendor Services API 

    SyntaxError: Unexpected end of JSON input

      43 |     data: { email, password }
      44 |   });
    > 45 |   const data = await response.json();
         |                ^
      46 |   return data.token;
      47 | }
      48 |
        at getAuthToken (/Users/asithalakmal/Documents/web/final project/WeddingLK-next copy/tests/e2e/api-integration.spec.ts:45:16)
        at /Users/asithalakmal/Documents/web/final project/WeddingLK-next copy/tests/e2e/api-integration.spec.ts:195:19

    attachment #1: screenshot (image/png) ──────────────────────────────────────────────────────────
    ../../test-results/api-integration-🏢-Vendor--4dc71-sts-Get-Vendor-Services-API-Mobile-Chrome/test-failed-1.png
    ────────────────────────────────────────────────────────────────────────────────────────────────

    attachment #2: video (video/webm) ──────────────────────────────────────────────────────────────
    ../../test-results/api-integration-🏢-Vendor--4dc71-sts-Get-Vendor-Services-API-Mobile-Chrome/video.webm
    ────────────────────────────────────────────────────────────────────────────────────────────────
]]>
</failure>
<system-out>
<![CDATA[
[[ATTACHMENT|test-results/api-integration-🏢-Vendor--4dc71-sts-Get-Vendor-Services-API-Mobile-Chrome/test-failed-1.png]]

[[ATTACHMENT|test-results/api-integration-🏢-Vendor--4dc71-sts-Get-Vendor-Services-API-Mobile-Chrome/video.webm]]
]]>
</system-out>
</testcase>
<testcase name="🏢 Vendor Management API Tests › Create Vendor Service API" classname="api-integration.spec.ts" time="4.872">
<failure message="api-integration.spec.ts:205:7 Create Vendor Service API" type="FAILURE">
<![CDATA[  [Mobile Chrome] › api-integration.spec.ts:205:7 › 🏢 Vendor Management API Tests › Create Vendor Service API 

    SyntaxError: Unexpected end of JSON input

      43 |     data: { email, password }
      44 |   });
    > 45 |   const data = await response.json();
         |                ^
      46 |   return data.token;
      47 | }
      48 |
        at getAuthToken (/Users/asithalakmal/Documents/web/final project/WeddingLK-next copy/tests/e2e/api-integration.spec.ts:45:16)
        at /Users/asithalakmal/Documents/web/final project/WeddingLK-next copy/tests/e2e/api-integration.spec.ts:206:19

    attachment #1: screenshot (image/png) ──────────────────────────────────────────────────────────
    ../../test-results/api-integration-🏢-Vendor--32b06-s-Create-Vendor-Service-API-Mobile-Chrome/test-failed-1.png
    ────────────────────────────────────────────────────────────────────────────────────────────────

    attachment #2: video (video/webm) ──────────────────────────────────────────────────────────────
    ../../test-results/api-integration-🏢-Vendor--32b06-s-Create-Vendor-Service-API-Mobile-Chrome/video.webm
    ────────────────────────────────────────────────────────────────────────────────────────────────
]]>
</failure>
<system-out>
<![CDATA[
[[ATTACHMENT|test-results/api-integration-🏢-Vendor--32b06-s-Create-Vendor-Service-API-Mobile-Chrome/test-failed-1.png]]

[[ATTACHMENT|test-results/api-integration-🏢-Vendor--32b06-s-Create-Vendor-Service-API-Mobile-Chrome/video.webm]]
]]>
</system-out>
</testcase>
<testcase name="🏢 Vendor Management API Tests › Update Vendor Service API" classname="api-integration.spec.ts" time="4.948">
<failure message="api-integration.spec.ts:221:7 Update Vendor Service API" type="FAILURE">
<![CDATA[  [Mobile Chrome] › api-integration.spec.ts:221:7 › 🏢 Vendor Management API Tests › Update Vendor Service API 

    SyntaxError: Unexpected end of JSON input

      43 |     data: { email, password }
      44 |   });
    > 45 |   const data = await response.json();
         |                ^
      46 |   return data.token;
      47 | }
      48 |
        at getAuthToken (/Users/asithalakmal/Documents/web/final project/WeddingLK-next copy/tests/e2e/api-integration.spec.ts:45:16)
        at /Users/asithalakmal/Documents/web/final project/WeddingLK-next copy/tests/e2e/api-integration.spec.ts:222:19

    attachment #1: screenshot (image/png) ──────────────────────────────────────────────────────────
    ../../test-results/api-integration-🏢-Vendor--8ad41-s-Update-Vendor-Service-API-Mobile-Chrome/test-failed-1.png
    ────────────────────────────────────────────────────────────────────────────────────────────────

    attachment #2: video (video/webm) ──────────────────────────────────────────────────────────────
    ../../test-results/api-integration-🏢-Vendor--8ad41-s-Update-Vendor-Service-API-Mobile-Chrome/video.webm
    ────────────────────────────────────────────────────────────────────────────────────────────────
]]>
</failure>
<system-out>
<![CDATA[
[[ATTACHMENT|test-results/api-integration-🏢-Vendor--8ad41-s-Update-Vendor-Service-API-Mobile-Chrome/test-failed-1.png]]

[[ATTACHMENT|test-results/api-integration-🏢-Vendor--8ad41-s-Update-Vendor-Service-API-Mobile-Chrome/video.webm]]
]]>
</system-out>
</testcase>
<testcase name="🏢 Vendor Management API Tests › Delete Vendor Service API" classname="api-integration.spec.ts" time="1.591">
<failure message="api-integration.spec.ts:235:7 Delete Vendor Service API" type="FAILURE">
<![CDATA[  [Mobile Chrome] › api-integration.spec.ts:235:7 › 🏢 Vendor Management API Tests › Delete Vendor Service API 

    SyntaxError: Unexpected end of JSON input

      43 |     data: { email, password }
      44 |   });
    > 45 |   const data = await response.json();
         |                ^
      46 |   return data.token;
      47 | }
      48 |
        at getAuthToken (/Users/asithalakmal/Documents/web/final project/WeddingLK-next copy/tests/e2e/api-integration.spec.ts:45:16)
        at /Users/asithalakmal/Documents/web/final project/WeddingLK-next copy/tests/e2e/api-integration.spec.ts:236:19

    attachment #1: screenshot (image/png) ──────────────────────────────────────────────────────────
    ../../test-results/api-integration-🏢-Vendor--3ac39-s-Delete-Vendor-Service-API-Mobile-Chrome/test-failed-1.png
    ────────────────────────────────────────────────────────────────────────────────────────────────

    attachment #2: video (video/webm) ──────────────────────────────────────────────────────────────
    ../../test-results/api-integration-🏢-Vendor--3ac39-s-Delete-Vendor-Service-API-Mobile-Chrome/video.webm
    ────────────────────────────────────────────────────────────────────────────────────────────────
]]>
</failure>
<system-out>
<![CDATA[
[[ATTACHMENT|test-results/api-integration-🏢-Vendor--3ac39-s-Delete-Vendor-Service-API-Mobile-Chrome/test-failed-1.png]]

[[ATTACHMENT|test-results/api-integration-🏢-Vendor--3ac39-s-Delete-Vendor-Service-API-Mobile-Chrome/video.webm]]
]]>
</system-out>
</testcase>
<testcase name="🏢 Vendor Management API Tests › Get Vendor Analytics API" classname="api-integration.spec.ts" time="1.642">
<failure message="api-integration.spec.ts:246:7 Get Vendor Analytics API" type="FAILURE">
<![CDATA[  [Mobile Chrome] › api-integration.spec.ts:246:7 › 🏢 Vendor Management API Tests › Get Vendor Analytics API 

    SyntaxError: Unexpected end of JSON input

      43 |     data: { email, password }
      44 |   });
    > 45 |   const data = await response.json();
         |                ^
      46 |   return data.token;
      47 | }
      48 |
        at getAuthToken (/Users/asithalakmal/Documents/web/final project/WeddingLK-next copy/tests/e2e/api-integration.spec.ts:45:16)
        at /Users/asithalakmal/Documents/web/final project/WeddingLK-next copy/tests/e2e/api-integration.spec.ts:247:19

    attachment #1: screenshot (image/png) ──────────────────────────────────────────────────────────
    ../../test-results/api-integration-🏢-Vendor--6b8fc-ts-Get-Vendor-Analytics-API-Mobile-Chrome/test-failed-1.png
    ────────────────────────────────────────────────────────────────────────────────────────────────

    attachment #2: video (video/webm) ──────────────────────────────────────────────────────────────
    ../../test-results/api-integration-🏢-Vendor--6b8fc-ts-Get-Vendor-Analytics-API-Mobile-Chrome/video.webm
    ────────────────────────────────────────────────────────────────────────────────────────────────
]]>
</failure>
<system-out>
<![CDATA[
[[ATTACHMENT|test-results/api-integration-🏢-Vendor--6b8fc-ts-Get-Vendor-Analytics-API-Mobile-Chrome/test-failed-1.png]]

[[ATTACHMENT|test-results/api-integration-🏢-Vendor--6b8fc-ts-Get-Vendor-Analytics-API-Mobile-Chrome/video.webm]]
]]>
</system-out>
</testcase>
<testcase name="📅 Booking Management API Tests › Create Booking API" classname="api-integration.spec.ts" time="3.767">
<failure message="api-integration.spec.ts:261:7 Create Booking API" type="FAILURE">
<![CDATA[  [Mobile Chrome] › api-integration.spec.ts:261:7 › 📅 Booking Management API Tests › Create Booking API 

    SyntaxError: Unexpected end of JSON input

      43 |     data: { email, password }
      44 |   });
    > 45 |   const data = await response.json();
         |                ^
      46 |   return data.token;
      47 | }
      48 |
        at getAuthToken (/Users/asithalakmal/Documents/web/final project/WeddingLK-next copy/tests/e2e/api-integration.spec.ts:45:16)
        at /Users/asithalakmal/Documents/web/final project/WeddingLK-next copy/tests/e2e/api-integration.spec.ts:262:19

    attachment #1: screenshot (image/png) ──────────────────────────────────────────────────────────
    ../../test-results/api-integration-📅-Booking-f6016-PI-Tests-Create-Booking-API-Mobile-Chrome/test-failed-1.png
    ────────────────────────────────────────────────────────────────────────────────────────────────

    attachment #2: video (video/webm) ──────────────────────────────────────────────────────────────
    ../../test-results/api-integration-📅-Booking-f6016-PI-Tests-Create-Booking-API-Mobile-Chrome/video.webm
    ────────────────────────────────────────────────────────────────────────────────────────────────
]]>
</failure>
<system-out>
<![CDATA[
[[ATTACHMENT|test-results/api-integration-📅-Booking-f6016-PI-Tests-Create-Booking-API-Mobile-Chrome/test-failed-1.png]]

[[ATTACHMENT|test-results/api-integration-📅-Booking-f6016-PI-Tests-Create-Booking-API-Mobile-Chrome/video.webm]]
]]>
</system-out>
</testcase>
<testcase name="📅 Booking Management API Tests › Get User Bookings API" classname="api-integration.spec.ts" time="3.524">
<failure message="api-integration.spec.ts:279:7 Get User Bookings API" type="FAILURE">
<![CDATA[  [Mobile Chrome] › api-integration.spec.ts:279:7 › 📅 Booking Management API Tests › Get User Bookings API 

    SyntaxError: Unexpected end of JSON input

      43 |     data: { email, password }
      44 |   });
    > 45 |   const data = await response.json();
         |                ^
      46 |   return data.token;
      47 | }
      48 |
        at getAuthToken (/Users/asithalakmal/Documents/web/final project/WeddingLK-next copy/tests/e2e/api-integration.spec.ts:45:16)
        at /Users/asithalakmal/Documents/web/final project/WeddingLK-next copy/tests/e2e/api-integration.spec.ts:280:19

    attachment #1: screenshot (image/png) ──────────────────────────────────────────────────────────
    ../../test-results/api-integration-📅-Booking-0e3ce-Tests-Get-User-Bookings-API-Mobile-Chrome/test-failed-1.png
    ────────────────────────────────────────────────────────────────────────────────────────────────

    attachment #2: video (video/webm) ──────────────────────────────────────────────────────────────
    ../../test-results/api-integration-📅-Booking-0e3ce-Tests-Get-User-Bookings-API-Mobile-Chrome/video.webm
    ────────────────────────────────────────────────────────────────────────────────────────────────
]]>
</failure>
<system-out>
<![CDATA[
[[ATTACHMENT|test-results/api-integration-📅-Booking-0e3ce-Tests-Get-User-Bookings-API-Mobile-Chrome/test-failed-1.png]]

[[ATTACHMENT|test-results/api-integration-📅-Booking-0e3ce-Tests-Get-User-Bookings-API-Mobile-Chrome/video.webm]]
]]>
</system-out>
</testcase>
<testcase name="📅 Booking Management API Tests › Update Booking API" classname="api-integration.spec.ts" time="2.072">
<failure message="api-integration.spec.ts:290:7 Update Booking API" type="FAILURE">
<![CDATA[  [Mobile Chrome] › api-integration.spec.ts:290:7 › 📅 Booking Management API Tests › Update Booking API 

    SyntaxError: Unexpected end of JSON input

      43 |     data: { email, password }
      44 |   });
    > 45 |   const data = await response.json();
         |                ^
      46 |   return data.token;
      47 | }
      48 |
        at getAuthToken (/Users/asithalakmal/Documents/web/final project/WeddingLK-next copy/tests/e2e/api-integration.spec.ts:45:16)
        at /Users/asithalakmal/Documents/web/final project/WeddingLK-next copy/tests/e2e/api-integration.spec.ts:291:19

    attachment #1: screenshot (image/png) ──────────────────────────────────────────────────────────
    ../../test-results/api-integration-📅-Booking-a7a44-PI-Tests-Update-Booking-API-Mobile-Chrome/test-failed-1.png
    ────────────────────────────────────────────────────────────────────────────────────────────────

    attachment #2: video (video/webm) ──────────────────────────────────────────────────────────────
    ../../test-results/api-integration-📅-Booking-a7a44-PI-Tests-Update-Booking-API-Mobile-Chrome/video.webm
    ────────────────────────────────────────────────────────────────────────────────────────────────
]]>
</failure>
<system-out>
<![CDATA[
[[ATTACHMENT|test-results/api-integration-📅-Booking-a7a44-PI-Tests-Update-Booking-API-Mobile-Chrome/test-failed-1.png]]

[[ATTACHMENT|test-results/api-integration-📅-Booking-a7a44-PI-Tests-Update-Booking-API-Mobile-Chrome/video.webm]]
]]>
</system-out>
</testcase>
<testcase name="📅 Booking Management API Tests › Cancel Booking API" classname="api-integration.spec.ts" time="1.971">
<failure message="api-integration.spec.ts:304:7 Cancel Booking API" type="FAILURE">
<![CDATA[  [Mobile Chrome] › api-integration.spec.ts:304:7 › 📅 Booking Management API Tests › Cancel Booking API 

    SyntaxError: Unexpected end of JSON input

      43 |     data: { email, password }
      44 |   });
    > 45 |   const data = await response.json();
         |                ^
      46 |   return data.token;
      47 | }
      48 |
        at getAuthToken (/Users/asithalakmal/Documents/web/final project/WeddingLK-next copy/tests/e2e/api-integration.spec.ts:45:16)
        at /Users/asithalakmal/Documents/web/final project/WeddingLK-next copy/tests/e2e/api-integration.spec.ts:305:19

    attachment #1: screenshot (image/png) ──────────────────────────────────────────────────────────
    ../../test-results/api-integration-📅-Booking-7c911-PI-Tests-Cancel-Booking-API-Mobile-Chrome/test-failed-1.png
    ────────────────────────────────────────────────────────────────────────────────────────────────

    attachment #2: video (video/webm) ──────────────────────────────────────────────────────────────
    ../../test-results/api-integration-📅-Booking-7c911-PI-Tests-Cancel-Booking-API-Mobile-Chrome/video.webm
    ────────────────────────────────────────────────────────────────────────────────────────────────
]]>
</failure>
<system-out>
<![CDATA[
[[ATTACHMENT|test-results/api-integration-📅-Booking-7c911-PI-Tests-Cancel-Booking-API-Mobile-Chrome/test-failed-1.png]]

[[ATTACHMENT|test-results/api-integration-📅-Booking-7c911-PI-Tests-Cancel-Booking-API-Mobile-Chrome/video.webm]]
]]>
</system-out>
</testcase>
<testcase name="📅 Booking Management API Tests › Get Vendor Bookings API" classname="api-integration.spec.ts" time="2.481">
<failure message="api-integration.spec.ts:315:7 Get Vendor Bookings API" type="FAILURE">
<![CDATA[  [Mobile Chrome] › api-integration.spec.ts:315:7 › 📅 Booking Management API Tests › Get Vendor Bookings API 

    SyntaxError: Unexpected end of JSON input

      43 |     data: { email, password }
      44 |   });
    > 45 |   const data = await response.json();
         |                ^
      46 |   return data.token;
      47 | }
      48 |
        at getAuthToken (/Users/asithalakmal/Documents/web/final project/WeddingLK-next copy/tests/e2e/api-integration.spec.ts:45:16)
        at /Users/asithalakmal/Documents/web/final project/WeddingLK-next copy/tests/e2e/api-integration.spec.ts:316:19

    attachment #1: screenshot (image/png) ──────────────────────────────────────────────────────────
    ../../test-results/api-integration-📅-Booking-a710b-sts-Get-Vendor-Bookings-API-Mobile-Chrome/test-failed-1.png
    ────────────────────────────────────────────────────────────────────────────────────────────────

    attachment #2: video (video/webm) ──────────────────────────────────────────────────────────────
    ../../test-results/api-integration-📅-Booking-a710b-sts-Get-Vendor-Bookings-API-Mobile-Chrome/video.webm
    ────────────────────────────────────────────────────────────────────────────────────────────────
]]>
</failure>
<system-out>
<![CDATA[
[[ATTACHMENT|test-results/api-integration-📅-Booking-a710b-sts-Get-Vendor-Bookings-API-Mobile-Chrome/test-failed-1.png]]

[[ATTACHMENT|test-results/api-integration-📅-Booking-a710b-sts-Get-Vendor-Bookings-API-Mobile-Chrome/video.webm]]
]]>
</system-out>
</testcase>
<testcase name="📅 Booking Management API Tests › Update Booking Status API" classname="api-integration.spec.ts" time="2.458">
<failure message="api-integration.spec.ts:326:7 Update Booking Status API" type="FAILURE">
<![CDATA[  [Mobile Chrome] › api-integration.spec.ts:326:7 › 📅 Booking Management API Tests › Update Booking Status API 

    SyntaxError: Unexpected end of JSON input

      43 |     data: { email, password }
      44 |   });
    > 45 |   const data = await response.json();
         |                ^
      46 |   return data.token;
      47 | }
      48 |
        at getAuthToken (/Users/asithalakmal/Documents/web/final project/WeddingLK-next copy/tests/e2e/api-integration.spec.ts:45:16)
        at /Users/asithalakmal/Documents/web/final project/WeddingLK-next copy/tests/e2e/api-integration.spec.ts:327:19

    attachment #1: screenshot (image/png) ──────────────────────────────────────────────────────────
    ../../test-results/api-integration-📅-Booking-458f2-s-Update-Booking-Status-API-Mobile-Chrome/test-failed-1.png
    ────────────────────────────────────────────────────────────────────────────────────────────────

    attachment #2: video (video/webm) ──────────────────────────────────────────────────────────────
    ../../test-results/api-integration-📅-Booking-458f2-s-Update-Booking-Status-API-Mobile-Chrome/video.webm
    ────────────────────────────────────────────────────────────────────────────────────────────────
]]>
</failure>
<system-out>
<![CDATA[
[[ATTACHMENT|test-results/api-integration-📅-Booking-458f2-s-Update-Booking-Status-API-Mobile-Chrome/test-failed-1.png]]

[[ATTACHMENT|test-results/api-integration-📅-Booking-458f2-s-Update-Booking-Status-API-Mobile-Chrome/video.webm]]
]]>
</system-out>
</testcase>
<testcase name="🏛️ Venue Management API Tests › Get Venues API" classname="api-integration.spec.ts" time="2.141">
<failure message="api-integration.spec.ts:341:7 Get Venues API" type="FAILURE">
<![CDATA[  [Mobile Chrome] › api-integration.spec.ts:341:7 › 🏛️ Venue Management API Tests › Get Venues API 

    Error: expect(received).toBeDefined()

    Received: undefined

      345 |     const data = await response.json();
      346 |     expect(data.success).toBe(true);
    > 347 |     expect(data.venues).toBeDefined();
          |                         ^
      348 |   });
      349 |
      350 |   test('Get Venue by ID API', async ({ page }) => {
        at /Users/asithalakmal/Documents/web/final project/WeddingLK-next copy/tests/e2e/api-integration.spec.ts:347:25

    attachment #1: screenshot (image/png) ──────────────────────────────────────────────────────────
    ../../test-results/api-integration-🏛️-Venue--62621-nt-API-Tests-Get-Venues-API-Mobile-Chrome/test-failed-1.png
    ────────────────────────────────────────────────────────────────────────────────────────────────

    attachment #2: video (video/webm) ──────────────────────────────────────────────────────────────
    ../../test-results/api-integration-🏛️-Venue--62621-nt-API-Tests-Get-Venues-API-Mobile-Chrome/video.webm
    ────────────────────────────────────────────────────────────────────────────────────────────────
]]>
</failure>
<system-out>
<![CDATA[
[[ATTACHMENT|test-results/api-integration-🏛️-Venue--62621-nt-API-Tests-Get-Venues-API-Mobile-Chrome/test-failed-1.png]]

[[ATTACHMENT|test-results/api-integration-🏛️-Venue--62621-nt-API-Tests-Get-Venues-API-Mobile-Chrome/video.webm]]
]]>
</system-out>
</testcase>
<testcase name="🏛️ Venue Management API Tests › Get Venue by ID API" classname="api-integration.spec.ts" time="2.36">
<failure message="api-integration.spec.ts:350:7 Get Venue by ID API" type="FAILURE">
<![CDATA[  [Mobile Chrome] › api-integration.spec.ts:350:7 › 🏛️ Venue Management API Tests › Get Venue by ID API 

    Error: expect(received).toBe(expected) // Object.is equality

    Expected: 200
    Received: 500

      350 |   test('Get Venue by ID API', async ({ page }) => {
      351 |     const response = await page.request.get('/api/venues/test-venue-id');
    > 352 |     expect(response.status()).toBe(200);
          |                               ^
      353 |     
      354 |     const data = await response.json();
      355 |     expect(data.success).toBe(true);
        at /Users/asithalakmal/Documents/web/final project/WeddingLK-next copy/tests/e2e/api-integration.spec.ts:352:31

    attachment #1: screenshot (image/png) ──────────────────────────────────────────────────────────
    ../../test-results/api-integration-🏛️-Venue--f15e9-I-Tests-Get-Venue-by-ID-API-Mobile-Chrome/test-failed-1.png
    ────────────────────────────────────────────────────────────────────────────────────────────────

    attachment #2: video (video/webm) ──────────────────────────────────────────────────────────────
    ../../test-results/api-integration-🏛️-Venue--f15e9-I-Tests-Get-Venue-by-ID-API-Mobile-Chrome/video.webm
    ────────────────────────────────────────────────────────────────────────────────────────────────
]]>
</failure>
<system-out>
<![CDATA[
[[ATTACHMENT|test-results/api-integration-🏛️-Venue--f15e9-I-Tests-Get-Venue-by-ID-API-Mobile-Chrome/test-failed-1.png]]

[[ATTACHMENT|test-results/api-integration-🏛️-Venue--f15e9-I-Tests-Get-Venue-by-ID-API-Mobile-Chrome/video.webm]]
]]>
</system-out>
</testcase>
<testcase name="🏛️ Venue Management API Tests › Search Venues API" classname="api-integration.spec.ts" time="3.073">
</testcase>
<testcase name="🏛️ Venue Management API Tests › Get Venue Availability API" classname="api-integration.spec.ts" time="2.507">
<failure message="api-integration.spec.ts:368:7 Get Venue Availability API" type="FAILURE">
<![CDATA[  [Mobile Chrome] › api-integration.spec.ts:368:7 › 🏛️ Venue Management API Tests › Get Venue Availability API 

    Error: expect(received).toBe(expected) // Object.is equality

    Expected: 200
    Received: 500

      368 |   test('Get Venue Availability API', async ({ page }) => {
      369 |     const response = await page.request.get('/api/venues/availability?venueId=test-venue-id&date=2024-12-25');
    > 370 |     expect(response.status()).toBe(200);
          |                               ^
      371 |     
      372 |     const data = await response.json();
      373 |     expect(data.success).toBe(true);
        at /Users/asithalakmal/Documents/web/final project/WeddingLK-next copy/tests/e2e/api-integration.spec.ts:370:31

    attachment #1: screenshot (image/png) ──────────────────────────────────────────────────────────
    ../../test-results/api-integration-🏛️-Venue--1dc52--Get-Venue-Availability-API-Mobile-Chrome/test-failed-1.png
    ────────────────────────────────────────────────────────────────────────────────────────────────

    attachment #2: video (video/webm) ──────────────────────────────────────────────────────────────
    ../../test-results/api-integration-🏛️-Venue--1dc52--Get-Venue-Availability-API-Mobile-Chrome/video.webm
    ────────────────────────────────────────────────────────────────────────────────────────────────
]]>
</failure>
<system-out>
<![CDATA[
[[ATTACHMENT|test-results/api-integration-🏛️-Venue--1dc52--Get-Venue-Availability-API-Mobile-Chrome/test-failed-1.png]]

[[ATTACHMENT|test-results/api-integration-🏛️-Venue--1dc52--Get-Venue-Availability-API-Mobile-Chrome/video.webm]]
]]>
</system-out>
</testcase>
<testcase name="💳 Payment API Tests › Create Payment Intent API" classname="api-integration.spec.ts" time="0.907">
<failure message="api-integration.spec.ts:379:7 Create Payment Intent API" type="FAILURE">
<![CDATA[  [Mobile Chrome] › api-integration.spec.ts:379:7 › 💳 Payment API Tests › Create Payment Intent API 

    SyntaxError: Unexpected end of JSON input

      43 |     data: { email, password }
      44 |   });
    > 45 |   const data = await response.json();
         |                ^
      46 |   return data.token;
      47 | }
      48 |
        at getAuthToken (/Users/asithalakmal/Documents/web/final project/WeddingLK-next copy/tests/e2e/api-integration.spec.ts:45:16)
        at /Users/asithalakmal/Documents/web/final project/WeddingLK-next copy/tests/e2e/api-integration.spec.ts:380:19

    attachment #1: screenshot (image/png) ──────────────────────────────────────────────────────────
    ../../test-results/api-integration-💳-Payment-a4c14-s-Create-Payment-Intent-API-Mobile-Chrome/test-failed-1.png
    ────────────────────────────────────────────────────────────────────────────────────────────────

    attachment #2: video (video/webm) ──────────────────────────────────────────────────────────────
    ../../test-results/api-integration-💳-Payment-a4c14-s-Create-Payment-Intent-API-Mobile-Chrome/video.webm
    ────────────────────────────────────────────────────────────────────────────────────────────────
]]>
</failure>
<system-out>
<![CDATA[
[[ATTACHMENT|test-results/api-integration-💳-Payment-a4c14-s-Create-Payment-Intent-API-Mobile-Chrome/test-failed-1.png]]

[[ATTACHMENT|test-results/api-integration-💳-Payment-a4c14-s-Create-Payment-Intent-API-Mobile-Chrome/video.webm]]
]]>
</system-out>
</testcase>
<testcase name="💳 Payment API Tests › Get Payment History API" classname="api-integration.spec.ts" time="2.26">
<failure message="api-integration.spec.ts:394:7 Get Payment History API" type="FAILURE">
<![CDATA[  [Mobile Chrome] › api-integration.spec.ts:394:7 › 💳 Payment API Tests › Get Payment History API ─

    SyntaxError: Unexpected end of JSON input

      43 |     data: { email, password }
      44 |   });
    > 45 |   const data = await response.json();
         |                ^
      46 |   return data.token;
      47 | }
      48 |
        at getAuthToken (/Users/asithalakmal/Documents/web/final project/WeddingLK-next copy/tests/e2e/api-integration.spec.ts:45:16)
        at /Users/asithalakmal/Documents/web/final project/WeddingLK-next copy/tests/e2e/api-integration.spec.ts:395:19

    attachment #1: screenshot (image/png) ──────────────────────────────────────────────────────────
    ../../test-results/api-integration-💳-Payment-API-Tests-Get-Payment-History-API-Mobile-Chrome/test-failed-1.png
    ────────────────────────────────────────────────────────────────────────────────────────────────

    attachment #2: video (video/webm) ──────────────────────────────────────────────────────────────
    ../../test-results/api-integration-💳-Payment-API-Tests-Get-Payment-History-API-Mobile-Chrome/video.webm
    ────────────────────────────────────────────────────────────────────────────────────────────────
]]>
</failure>
<system-out>
<![CDATA[
[[ATTACHMENT|test-results/api-integration-💳-Payment-API-Tests-Get-Payment-History-API-Mobile-Chrome/test-failed-1.png]]

[[ATTACHMENT|test-results/api-integration-💳-Payment-API-Tests-Get-Payment-History-API-Mobile-Chrome/video.webm]]
]]>
</system-out>
</testcase>
<testcase name="💳 Payment API Tests › Get Payment by ID API" classname="api-integration.spec.ts" time="2.538">
<failure message="api-integration.spec.ts:405:7 Get Payment by ID API" type="FAILURE">
<![CDATA[  [Mobile Chrome] › api-integration.spec.ts:405:7 › 💳 Payment API Tests › Get Payment by ID API ───

    SyntaxError: Unexpected end of JSON input

      43 |     data: { email, password }
      44 |   });
    > 45 |   const data = await response.json();
         |                ^
      46 |   return data.token;
      47 | }
      48 |
        at getAuthToken (/Users/asithalakmal/Documents/web/final project/WeddingLK-next copy/tests/e2e/api-integration.spec.ts:45:16)
        at /Users/asithalakmal/Documents/web/final project/WeddingLK-next copy/tests/e2e/api-integration.spec.ts:406:19

    attachment #1: screenshot (image/png) ──────────────────────────────────────────────────────────
    ../../test-results/api-integration-💳-Payment-API-Tests-Get-Payment-by-ID-API-Mobile-Chrome/test-failed-1.png
    ────────────────────────────────────────────────────────────────────────────────────────────────

    attachment #2: video (video/webm) ──────────────────────────────────────────────────────────────
    ../../test-results/api-integration-💳-Payment-API-Tests-Get-Payment-by-ID-API-Mobile-Chrome/video.webm
    ────────────────────────────────────────────────────────────────────────────────────────────────
]]>
</failure>
<system-out>
<![CDATA[
[[ATTACHMENT|test-results/api-integration-💳-Payment-API-Tests-Get-Payment-by-ID-API-Mobile-Chrome/test-failed-1.png]]

[[ATTACHMENT|test-results/api-integration-💳-Payment-API-Tests-Get-Payment-by-ID-API-Mobile-Chrome/video.webm]]
]]>
</system-out>
</testcase>
<testcase name="📊 Dashboard API Tests › Get Dashboard Stats API" classname="api-integration.spec.ts" time="2.098">
<failure message="api-integration.spec.ts:418:7 Get Dashboard Stats API" type="FAILURE">
<![CDATA[  [Mobile Chrome] › api-integration.spec.ts:418:7 › 📊 Dashboard API Tests › Get Dashboard Stats API 

    SyntaxError: Unexpected end of JSON input

      43 |     data: { email, password }
      44 |   });
    > 45 |   const data = await response.json();
         |                ^
      46 |   return data.token;
      47 | }
      48 |
        at getAuthToken (/Users/asithalakmal/Documents/web/final project/WeddingLK-next copy/tests/e2e/api-integration.spec.ts:45:16)
        at /Users/asithalakmal/Documents/web/final project/WeddingLK-next copy/tests/e2e/api-integration.spec.ts:419:19

    attachment #1: screenshot (image/png) ──────────────────────────────────────────────────────────
    ../../test-results/api-integration-📊-Dashboa-bf9ef-sts-Get-Dashboard-Stats-API-Mobile-Chrome/test-failed-1.png
    ────────────────────────────────────────────────────────────────────────────────────────────────

    attachment #2: video (video/webm) ──────────────────────────────────────────────────────────────
    ../../test-results/api-integration-📊-Dashboa-bf9ef-sts-Get-Dashboard-Stats-API-Mobile-Chrome/video.webm
    ────────────────────────────────────────────────────────────────────────────────────────────────
]]>
</failure>
<system-out>
<![CDATA[
[[ATTACHMENT|test-results/api-integration-📊-Dashboa-bf9ef-sts-Get-Dashboard-Stats-API-Mobile-Chrome/test-failed-1.png]]

[[ATTACHMENT|test-results/api-integration-📊-Dashboa-bf9ef-sts-Get-Dashboard-Stats-API-Mobile-Chrome/video.webm]]
]]>
</system-out>
</testcase>
<testcase name="📊 Dashboard API Tests › Get Dashboard Activity API" classname="api-integration.spec.ts" time="2.318">
<failure message="api-integration.spec.ts:431:7 Get Dashboard Activity API" type="FAILURE">
<![CDATA[  [Mobile Chrome] › api-integration.spec.ts:431:7 › 📊 Dashboard API Tests › Get Dashboard Activity API 

    SyntaxError: Unexpected end of JSON input

      43 |     data: { email, password }
      44 |   });
    > 45 |   const data = await response.json();
         |                ^
      46 |   return data.token;
      47 | }
      48 |
        at getAuthToken (/Users/asithalakmal/Documents/web/final project/WeddingLK-next copy/tests/e2e/api-integration.spec.ts:45:16)
        at /Users/asithalakmal/Documents/web/final project/WeddingLK-next copy/tests/e2e/api-integration.spec.ts:432:19

    attachment #1: screenshot (image/png) ──────────────────────────────────────────────────────────
    ../../test-results/api-integration-📊-Dashboa-0cd31--Get-Dashboard-Activity-API-Mobile-Chrome/test-failed-1.png
    ────────────────────────────────────────────────────────────────────────────────────────────────

    attachment #2: video (video/webm) ──────────────────────────────────────────────────────────────
    ../../test-results/api-integration-📊-Dashboa-0cd31--Get-Dashboard-Activity-API-Mobile-Chrome/video.webm
    ────────────────────────────────────────────────────────────────────────────────────────────────
]]>
</failure>
<system-out>
<![CDATA[
[[ATTACHMENT|test-results/api-integration-📊-Dashboa-0cd31--Get-Dashboard-Activity-API-Mobile-Chrome/test-failed-1.png]]

[[ATTACHMENT|test-results/api-integration-📊-Dashboa-0cd31--Get-Dashboard-Activity-API-Mobile-Chrome/video.webm]]
]]>
</system-out>
</testcase>
<testcase name="📊 Dashboard API Tests › Get User Dashboard Stats API" classname="api-integration.spec.ts" time="2.171">
<failure message="api-integration.spec.ts:442:7 Get User Dashboard Stats API" type="FAILURE">
<![CDATA[  [Mobile Chrome] › api-integration.spec.ts:442:7 › 📊 Dashboard API Tests › Get User Dashboard Stats API 

    SyntaxError: Unexpected end of JSON input

      43 |     data: { email, password }
      44 |   });
    > 45 |   const data = await response.json();
         |                ^
      46 |   return data.token;
      47 | }
      48 |
        at getAuthToken (/Users/asithalakmal/Documents/web/final project/WeddingLK-next copy/tests/e2e/api-integration.spec.ts:45:16)
        at /Users/asithalakmal/Documents/web/final project/WeddingLK-next copy/tests/e2e/api-integration.spec.ts:443:19

    attachment #1: screenshot (image/png) ──────────────────────────────────────────────────────────
    ../../test-results/api-integration-📊-Dashboa-f50b7-et-User-Dashboard-Stats-API-Mobile-Chrome/test-failed-1.png
    ────────────────────────────────────────────────────────────────────────────────────────────────

    attachment #2: video (video/webm) ──────────────────────────────────────────────────────────────
    ../../test-results/api-integration-📊-Dashboa-f50b7-et-User-Dashboard-Stats-API-Mobile-Chrome/video.webm
    ────────────────────────────────────────────────────────────────────────────────────────────────
]]>
</failure>
<system-out>
<![CDATA[
[[ATTACHMENT|test-results/api-integration-📊-Dashboa-f50b7-et-User-Dashboard-Stats-API-Mobile-Chrome/test-failed-1.png]]

[[ATTACHMENT|test-results/api-integration-📊-Dashboa-f50b7-et-User-Dashboard-Stats-API-Mobile-Chrome/video.webm]]
]]>
</system-out>
</testcase>
<testcase name="📊 Dashboard API Tests › Get Vendor Dashboard Stats API" classname="api-integration.spec.ts" time="2.188">
<failure message="api-integration.spec.ts:453:7 Get Vendor Dashboard Stats API" type="FAILURE">
<![CDATA[  [Mobile Chrome] › api-integration.spec.ts:453:7 › 📊 Dashboard API Tests › Get Vendor Dashboard Stats API 

    SyntaxError: Unexpected end of JSON input

      43 |     data: { email, password }
      44 |   });
    > 45 |   const data = await response.json();
         |                ^
      46 |   return data.token;
      47 | }
      48 |
        at getAuthToken (/Users/asithalakmal/Documents/web/final project/WeddingLK-next copy/tests/e2e/api-integration.spec.ts:45:16)
        at /Users/asithalakmal/Documents/web/final project/WeddingLK-next copy/tests/e2e/api-integration.spec.ts:454:19

    attachment #1: screenshot (image/png) ──────────────────────────────────────────────────────────
    ../../test-results/api-integration-📊-Dashboa-87572--Vendor-Dashboard-Stats-API-Mobile-Chrome/test-failed-1.png
    ────────────────────────────────────────────────────────────────────────────────────────────────

    attachment #2: video (video/webm) ──────────────────────────────────────────────────────────────
    ../../test-results/api-integration-📊-Dashboa-87572--Vendor-Dashboard-Stats-API-Mobile-Chrome/video.webm
    ────────────────────────────────────────────────────────────────────────────────────────────────
]]>
</failure>
<system-out>
<![CDATA[
[[ATTACHMENT|test-results/api-integration-📊-Dashboa-87572--Vendor-Dashboard-Stats-API-Mobile-Chrome/test-failed-1.png]]

[[ATTACHMENT|test-results/api-integration-📊-Dashboa-87572--Vendor-Dashboard-Stats-API-Mobile-Chrome/video.webm]]
]]>
</system-out>
</testcase>
<testcase name="📊 Dashboard API Tests › Get Admin Dashboard Stats API" classname="api-integration.spec.ts" time="1.749">
<failure message="api-integration.spec.ts:464:7 Get Admin Dashboard Stats API" type="FAILURE">
<![CDATA[  [Mobile Chrome] › api-integration.spec.ts:464:7 › 📊 Dashboard API Tests › Get Admin Dashboard Stats API 

    SyntaxError: Unexpected end of JSON input

      43 |     data: { email, password }
      44 |   });
    > 45 |   const data = await response.json();
         |                ^
      46 |   return data.token;
      47 | }
      48 |
        at getAuthToken (/Users/asithalakmal/Documents/web/final project/WeddingLK-next copy/tests/e2e/api-integration.spec.ts:45:16)
        at /Users/asithalakmal/Documents/web/final project/WeddingLK-next copy/tests/e2e/api-integration.spec.ts:465:19

    attachment #1: screenshot (image/png) ──────────────────────────────────────────────────────────
    ../../test-results/api-integration-📊-Dashboa-9ac1f-t-Admin-Dashboard-Stats-API-Mobile-Chrome/test-failed-1.png
    ────────────────────────────────────────────────────────────────────────────────────────────────

    attachment #2: video (video/webm) ──────────────────────────────────────────────────────────────
    ../../test-results/api-integration-📊-Dashboa-9ac1f-t-Admin-Dashboard-Stats-API-Mobile-Chrome/video.webm
    ────────────────────────────────────────────────────────────────────────────────────────────────
]]>
</failure>
<system-out>
<![CDATA[
[[ATTACHMENT|test-results/api-integration-📊-Dashboa-9ac1f-t-Admin-Dashboard-Stats-API-Mobile-Chrome/test-failed-1.png]]

[[ATTACHMENT|test-results/api-integration-📊-Dashboa-9ac1f-t-Admin-Dashboard-Stats-API-Mobile-Chrome/video.webm]]
]]>
</system-out>
</testcase>
<testcase name="👥 Wedding Planner API Tests › Get Planner Clients API" classname="api-integration.spec.ts" time="1.47">
<failure message="api-integration.spec.ts:477:7 Get Planner Clients API" type="FAILURE">
<![CDATA[  [Mobile Chrome] › api-integration.spec.ts:477:7 › 👥 Wedding Planner API Tests › Get Planner Clients API 

    SyntaxError: Unexpected end of JSON input

      43 |     data: { email, password }
      44 |   });
    > 45 |   const data = await response.json();
         |                ^
      46 |   return data.token;
      47 | }
      48 |
        at getAuthToken (/Users/asithalakmal/Documents/web/final project/WeddingLK-next copy/tests/e2e/api-integration.spec.ts:45:16)
        at /Users/asithalakmal/Documents/web/final project/WeddingLK-next copy/tests/e2e/api-integration.spec.ts:478:19

    attachment #1: screenshot (image/png) ──────────────────────────────────────────────────────────
    ../../test-results/api-integration-👥-Wedding-2c0a3-sts-Get-Planner-Clients-API-Mobile-Chrome/test-failed-1.png
    ────────────────────────────────────────────────────────────────────────────────────────────────

    attachment #2: video (video/webm) ──────────────────────────────────────────────────────────────
    ../../test-results/api-integration-👥-Wedding-2c0a3-sts-Get-Planner-Clients-API-Mobile-Chrome/video.webm
    ────────────────────────────────────────────────────────────────────────────────────────────────
]]>
</failure>
<system-out>
<![CDATA[
[[ATTACHMENT|test-results/api-integration-👥-Wedding-2c0a3-sts-Get-Planner-Clients-API-Mobile-Chrome/test-failed-1.png]]

[[ATTACHMENT|test-results/api-integration-👥-Wedding-2c0a3-sts-Get-Planner-Clients-API-Mobile-Chrome/video.webm]]
]]>
</system-out>
</testcase>
<testcase name="👥 Wedding Planner API Tests › Create Planner Client API" classname="api-integration.spec.ts" time="1.737">
<failure message="api-integration.spec.ts:488:7 Create Planner Client API" type="FAILURE">
<![CDATA[  [Mobile Chrome] › api-integration.spec.ts:488:7 › 👥 Wedding Planner API Tests › Create Planner Client API 

    SyntaxError: Unexpected end of JSON input

      43 |     data: { email, password }
      44 |   });
    > 45 |   const data = await response.json();
         |                ^
      46 |   return data.token;
      47 | }
      48 |
        at getAuthToken (/Users/asithalakmal/Documents/web/final project/WeddingLK-next copy/tests/e2e/api-integration.spec.ts:45:16)
        at /Users/asithalakmal/Documents/web/final project/WeddingLK-next copy/tests/e2e/api-integration.spec.ts:489:19

    attachment #1: screenshot (image/png) ──────────────────────────────────────────────────────────
    ../../test-results/api-integration-👥-Wedding-61866-s-Create-Planner-Client-API-Mobile-Chrome/test-failed-1.png
    ────────────────────────────────────────────────────────────────────────────────────────────────

    attachment #2: video (video/webm) ──────────────────────────────────────────────────────────────
    ../../test-results/api-integration-👥-Wedding-61866-s-Create-Planner-Client-API-Mobile-Chrome/video.webm
    ────────────────────────────────────────────────────────────────────────────────────────────────
]]>
</failure>
<system-out>
<![CDATA[
[[ATTACHMENT|test-results/api-integration-👥-Wedding-61866-s-Create-Planner-Client-API-Mobile-Chrome/test-failed-1.png]]

[[ATTACHMENT|test-results/api-integration-👥-Wedding-61866-s-Create-Planner-Client-API-Mobile-Chrome/video.webm]]
]]>
</system-out>
</testcase>
<testcase name="👥 Wedding Planner API Tests › Get Planner Tasks API" classname="api-integration.spec.ts" time="2.488">
<failure message="api-integration.spec.ts:504:7 Get Planner Tasks API" type="FAILURE">
<![CDATA[  [Mobile Chrome] › api-integration.spec.ts:504:7 › 👥 Wedding Planner API Tests › Get Planner Tasks API 

    SyntaxError: Unexpected end of JSON input

      43 |     data: { email, password }
      44 |   });
    > 45 |   const data = await response.json();
         |                ^
      46 |   return data.token;
      47 | }
      48 |
        at getAuthToken (/Users/asithalakmal/Documents/web/final project/WeddingLK-next copy/tests/e2e/api-integration.spec.ts:45:16)
        at /Users/asithalakmal/Documents/web/final project/WeddingLK-next copy/tests/e2e/api-integration.spec.ts:505:19

    attachment #1: screenshot (image/png) ──────────────────────────────────────────────────────────
    ../../test-results/api-integration-👥-Wedding-8c90f-Tests-Get-Planner-Tasks-API-Mobile-Chrome/test-failed-1.png
    ────────────────────────────────────────────────────────────────────────────────────────────────

    attachment #2: video (video/webm) ──────────────────────────────────────────────────────────────
    ../../test-results/api-integration-👥-Wedding-8c90f-Tests-Get-Planner-Tasks-API-Mobile-Chrome/video.webm
    ────────────────────────────────────────────────────────────────────────────────────────────────
]]>
</failure>
<system-out>
<![CDATA[
[[ATTACHMENT|test-results/api-integration-👥-Wedding-8c90f-Tests-Get-Planner-Tasks-API-Mobile-Chrome/test-failed-1.png]]

[[ATTACHMENT|test-results/api-integration-👥-Wedding-8c90f-Tests-Get-Planner-Tasks-API-Mobile-Chrome/video.webm]]
]]>
</system-out>
</testcase>
<testcase name="👥 Wedding Planner API Tests › Create Planner Task API" classname="api-integration.spec.ts" time="1.507">
<failure message="api-integration.spec.ts:515:7 Create Planner Task API" type="FAILURE">
<![CDATA[  [Mobile Chrome] › api-integration.spec.ts:515:7 › 👥 Wedding Planner API Tests › Create Planner Task API 

    SyntaxError: Unexpected end of JSON input

      43 |     data: { email, password }
      44 |   });
    > 45 |   const data = await response.json();
         |                ^
      46 |   return data.token;
      47 | }
      48 |
        at getAuthToken (/Users/asithalakmal/Documents/web/final project/WeddingLK-next copy/tests/e2e/api-integration.spec.ts:45:16)
        at /Users/asithalakmal/Documents/web/final project/WeddingLK-next copy/tests/e2e/api-integration.spec.ts:516:19

    attachment #1: screenshot (image/png) ──────────────────────────────────────────────────────────
    ../../test-results/api-integration-👥-Wedding-2690c-sts-Create-Planner-Task-API-Mobile-Chrome/test-failed-1.png
    ────────────────────────────────────────────────────────────────────────────────────────────────

    attachment #2: video (video/webm) ──────────────────────────────────────────────────────────────
    ../../test-results/api-integration-👥-Wedding-2690c-sts-Create-Planner-Task-API-Mobile-Chrome/video.webm
    ────────────────────────────────────────────────────────────────────────────────────────────────
]]>
</failure>
<system-out>
<![CDATA[
[[ATTACHMENT|test-results/api-integration-👥-Wedding-2690c-sts-Create-Planner-Task-API-Mobile-Chrome/test-failed-1.png]]

[[ATTACHMENT|test-results/api-integration-👥-Wedding-2690c-sts-Create-Planner-Task-API-Mobile-Chrome/video.webm]]
]]>
</system-out>
</testcase>
<testcase name="👑 Admin Management API Tests › Get All Users API" classname="api-integration.spec.ts" time="1.469">
<failure message="api-integration.spec.ts:534:7 Get All Users API" type="FAILURE">
<![CDATA[  [Mobile Chrome] › api-integration.spec.ts:534:7 › 👑 Admin Management API Tests › Get All Users API 

    SyntaxError: Unexpected end of JSON input

      43 |     data: { email, password }
      44 |   });
    > 45 |   const data = await response.json();
         |                ^
      46 |   return data.token;
      47 | }
      48 |
        at getAuthToken (/Users/asithalakmal/Documents/web/final project/WeddingLK-next copy/tests/e2e/api-integration.spec.ts:45:16)
        at /Users/asithalakmal/Documents/web/final project/WeddingLK-next copy/tests/e2e/api-integration.spec.ts:535:19

    attachment #1: screenshot (image/png) ──────────────────────────────────────────────────────────
    ../../test-results/api-integration-👑-Admin-M-2be62-API-Tests-Get-All-Users-API-Mobile-Chrome/test-failed-1.png
    ────────────────────────────────────────────────────────────────────────────────────────────────

    attachment #2: video (video/webm) ──────────────────────────────────────────────────────────────
    ../../test-results/api-integration-👑-Admin-M-2be62-API-Tests-Get-All-Users-API-Mobile-Chrome/video.webm
    ────────────────────────────────────────────────────────────────────────────────────────────────
]]>
</failure>
<system-out>
<![CDATA[
[[ATTACHMENT|test-results/api-integration-👑-Admin-M-2be62-API-Tests-Get-All-Users-API-Mobile-Chrome/test-failed-1.png]]

[[ATTACHMENT|test-results/api-integration-👑-Admin-M-2be62-API-Tests-Get-All-Users-API-Mobile-Chrome/video.webm]]
]]>
</system-out>
</testcase>
<testcase name="👑 Admin Management API Tests › Get All Vendors API" classname="api-integration.spec.ts" time="1.774">
<failure message="api-integration.spec.ts:545:7 Get All Vendors API" type="FAILURE">
<![CDATA[  [Mobile Chrome] › api-integration.spec.ts:545:7 › 👑 Admin Management API Tests › Get All Vendors API 

    SyntaxError: Unexpected end of JSON input

      43 |     data: { email, password }
      44 |   });
    > 45 |   const data = await response.json();
         |                ^
      46 |   return data.token;
      47 | }
      48 |
        at getAuthToken (/Users/asithalakmal/Documents/web/final project/WeddingLK-next copy/tests/e2e/api-integration.spec.ts:45:16)
        at /Users/asithalakmal/Documents/web/final project/WeddingLK-next copy/tests/e2e/api-integration.spec.ts:546:19

    attachment #1: screenshot (image/png) ──────────────────────────────────────────────────────────
    ../../test-results/api-integration-👑-Admin-M-588b2-I-Tests-Get-All-Vendors-API-Mobile-Chrome/test-failed-1.png
    ────────────────────────────────────────────────────────────────────────────────────────────────

    attachment #2: video (video/webm) ──────────────────────────────────────────────────────────────
    ../../test-results/api-integration-👑-Admin-M-588b2-I-Tests-Get-All-Vendors-API-Mobile-Chrome/video.webm
    ────────────────────────────────────────────────────────────────────────────────────────────────
]]>
</failure>
<system-out>
<![CDATA[
[[ATTACHMENT|test-results/api-integration-👑-Admin-M-588b2-I-Tests-Get-All-Vendors-API-Mobile-Chrome/test-failed-1.png]]

[[ATTACHMENT|test-results/api-integration-👑-Admin-M-588b2-I-Tests-Get-All-Vendors-API-Mobile-Chrome/video.webm]]
]]>
</system-out>
</testcase>
<testcase name="👑 Admin Management API Tests › Update User Role API" classname="api-integration.spec.ts" time="1.383">
<failure message="api-integration.spec.ts:556:7 Update User Role API" type="FAILURE">
<![CDATA[  [Mobile Chrome] › api-integration.spec.ts:556:7 › 👑 Admin Management API Tests › Update User Role API 

    SyntaxError: Unexpected end of JSON input

      43 |     data: { email, password }
      44 |   });
    > 45 |   const data = await response.json();
         |                ^
      46 |   return data.token;
      47 | }
      48 |
        at getAuthToken (/Users/asithalakmal/Documents/web/final project/WeddingLK-next copy/tests/e2e/api-integration.spec.ts:45:16)
        at /Users/asithalakmal/Documents/web/final project/WeddingLK-next copy/tests/e2e/api-integration.spec.ts:557:19

    attachment #1: screenshot (image/png) ──────────────────────────────────────────────────────────
    ../../test-results/api-integration-👑-Admin-M-426c4--Tests-Update-User-Role-API-Mobile-Chrome/test-failed-1.png
    ────────────────────────────────────────────────────────────────────────────────────────────────

    attachment #2: video (video/webm) ──────────────────────────────────────────────────────────────
    ../../test-results/api-integration-👑-Admin-M-426c4--Tests-Update-User-Role-API-Mobile-Chrome/video.webm
    ────────────────────────────────────────────────────────────────────────────────────────────────
]]>
</failure>
<system-out>
<![CDATA[
[[ATTACHMENT|test-results/api-integration-👑-Admin-M-426c4--Tests-Update-User-Role-API-Mobile-Chrome/test-failed-1.png]]

[[ATTACHMENT|test-results/api-integration-👑-Admin-M-426c4--Tests-Update-User-Role-API-Mobile-Chrome/video.webm]]
]]>
</system-out>
</testcase>
<testcase name="👑 Admin Management API Tests › Get Admin Reports API" classname="api-integration.spec.ts" time="1.559">
<failure message="api-integration.spec.ts:569:7 Get Admin Reports API" type="FAILURE">
<![CDATA[  [Mobile Chrome] › api-integration.spec.ts:569:7 › 👑 Admin Management API Tests › Get Admin Reports API 

    SyntaxError: Unexpected end of JSON input

      43 |     data: { email, password }
      44 |   });
    > 45 |   const data = await response.json();
         |                ^
      46 |   return data.token;
      47 | }
      48 |
        at getAuthToken (/Users/asithalakmal/Documents/web/final project/WeddingLK-next copy/tests/e2e/api-integration.spec.ts:45:16)
        at /Users/asithalakmal/Documents/web/final project/WeddingLK-next copy/tests/e2e/api-integration.spec.ts:570:19

    attachment #1: screenshot (image/png) ──────────────────────────────────────────────────────────
    ../../test-results/api-integration-👑-Admin-M-bc282-Tests-Get-Admin-Reports-API-Mobile-Chrome/test-failed-1.png
    ────────────────────────────────────────────────────────────────────────────────────────────────

    attachment #2: video (video/webm) ──────────────────────────────────────────────────────────────
    ../../test-results/api-integration-👑-Admin-M-bc282-Tests-Get-Admin-Reports-API-Mobile-Chrome/video.webm
    ────────────────────────────────────────────────────────────────────────────────────────────────
]]>
</failure>
<system-out>
<![CDATA[
[[ATTACHMENT|test-results/api-integration-👑-Admin-M-bc282-Tests-Get-Admin-Reports-API-Mobile-Chrome/test-failed-1.png]]

[[ATTACHMENT|test-results/api-integration-👑-Admin-M-bc282-Tests-Get-Admin-Reports-API-Mobile-Chrome/video.webm]]
]]>
</system-out>
</testcase>
<testcase name="🔍 Search and Filter API Tests › Search Venues API" classname="api-integration.spec.ts" time="2.589">
</testcase>
<testcase name="🔍 Search and Filter API Tests › Search Vendors API" classname="api-integration.spec.ts" time="2.451">
</testcase>
<testcase name="🔍 Search and Filter API Tests › Filter Venues by Price API" classname="api-integration.spec.ts" time="1.789">
</testcase>
<testcase name="📱 Mobile API Tests › Mobile App Data API" classname="api-integration.spec.ts" time="0.699">
<failure message="api-integration.spec.ts:611:7 Mobile App Data API" type="FAILURE">
<![CDATA[  [Mobile Chrome] › api-integration.spec.ts:611:7 › 📱 Mobile API Tests › Mobile App Data API ──────

    SyntaxError: Unexpected end of JSON input

      43 |     data: { email, password }
      44 |   });
    > 45 |   const data = await response.json();
         |                ^
      46 |   return data.token;
      47 | }
      48 |
        at getAuthToken (/Users/asithalakmal/Documents/web/final project/WeddingLK-next copy/tests/e2e/api-integration.spec.ts:45:16)
        at /Users/asithalakmal/Documents/web/final project/WeddingLK-next copy/tests/e2e/api-integration.spec.ts:612:19

    attachment #1: screenshot (image/png) ──────────────────────────────────────────────────────────
    ../../test-results/api-integration-📱-Mobile-API-Tests-Mobile-App-Data-API-Mobile-Chrome/test-failed-1.png
    ────────────────────────────────────────────────────────────────────────────────────────────────

    attachment #2: video (video/webm) ──────────────────────────────────────────────────────────────
    ../../test-results/api-integration-📱-Mobile-API-Tests-Mobile-App-Data-API-Mobile-Chrome/video.webm
    ────────────────────────────────────────────────────────────────────────────────────────────────
]]>
</failure>
<system-out>
<![CDATA[
[[ATTACHMENT|test-results/api-integration-📱-Mobile-API-Tests-Mobile-App-Data-API-Mobile-Chrome/test-failed-1.png]]

[[ATTACHMENT|test-results/api-integration-📱-Mobile-API-Tests-Mobile-App-Data-API-Mobile-Chrome/video.webm]]
]]>
</system-out>
</testcase>
<testcase name="📱 Mobile API Tests › Mobile Venues API" classname="api-integration.spec.ts" time="1.669">
<failure message="api-integration.spec.ts:625:7 Mobile Venues API" type="FAILURE">
<![CDATA[  [Mobile Chrome] › api-integration.spec.ts:625:7 › 📱 Mobile API Tests › Mobile Venues API ────────

    SyntaxError: Unexpected end of JSON input

      43 |     data: { email, password }
      44 |   });
    > 45 |   const data = await response.json();
         |                ^
      46 |   return data.token;
      47 | }
      48 |
        at getAuthToken (/Users/asithalakmal/Documents/web/final project/WeddingLK-next copy/tests/e2e/api-integration.spec.ts:45:16)
        at /Users/asithalakmal/Documents/web/final project/WeddingLK-next copy/tests/e2e/api-integration.spec.ts:626:19

    attachment #1: screenshot (image/png) ──────────────────────────────────────────────────────────
    ../../test-results/api-integration-📱-Mobile-API-Tests-Mobile-Venues-API-Mobile-Chrome/test-failed-1.png
    ────────────────────────────────────────────────────────────────────────────────────────────────

    attachment #2: video (video/webm) ──────────────────────────────────────────────────────────────
    ../../test-results/api-integration-📱-Mobile-API-Tests-Mobile-Venues-API-Mobile-Chrome/video.webm
    ────────────────────────────────────────────────────────────────────────────────────────────────
]]>
</failure>
<system-out>
<![CDATA[
[[ATTACHMENT|test-results/api-integration-📱-Mobile-API-Tests-Mobile-Venues-API-Mobile-Chrome/test-failed-1.png]]

[[ATTACHMENT|test-results/api-integration-📱-Mobile-API-Tests-Mobile-Venues-API-Mobile-Chrome/video.webm]]
]]>
</system-out>
</testcase>
<testcase name="🔔 Notification API Tests › Get Notifications API" classname="api-integration.spec.ts" time="1.085">
<failure message="api-integration.spec.ts:641:7 Get Notifications API" type="FAILURE">
<![CDATA[  [Mobile Chrome] › api-integration.spec.ts:641:7 › 🔔 Notification API Tests › Get Notifications API 

    SyntaxError: Unexpected end of JSON input

      43 |     data: { email, password }
      44 |   });
    > 45 |   const data = await response.json();
         |                ^
      46 |   return data.token;
      47 | }
      48 |
        at getAuthToken (/Users/asithalakmal/Documents/web/final project/WeddingLK-next copy/tests/e2e/api-integration.spec.ts:45:16)
        at /Users/asithalakmal/Documents/web/final project/WeddingLK-next copy/tests/e2e/api-integration.spec.ts:642:19

    attachment #1: screenshot (image/png) ──────────────────────────────────────────────────────────
    ../../test-results/api-integration-🔔-Notific-9b174-Tests-Get-Notifications-API-Mobile-Chrome/test-failed-1.png
    ────────────────────────────────────────────────────────────────────────────────────────────────

    attachment #2: video (video/webm) ──────────────────────────────────────────────────────────────
    ../../test-results/api-integration-🔔-Notific-9b174-Tests-Get-Notifications-API-Mobile-Chrome/video.webm
    ────────────────────────────────────────────────────────────────────────────────────────────────
]]>
</failure>
<system-out>
<![CDATA[
[[ATTACHMENT|test-results/api-integration-🔔-Notific-9b174-Tests-Get-Notifications-API-Mobile-Chrome/test-failed-1.png]]

[[ATTACHMENT|test-results/api-integration-🔔-Notific-9b174-Tests-Get-Notifications-API-Mobile-Chrome/video.webm]]
]]>
</system-out>
</testcase>
<testcase name="🔔 Notification API Tests › Mark Notification as Read API" classname="api-integration.spec.ts" time="1.45">
<failure message="api-integration.spec.ts:652:7 Mark Notification as Read API" type="FAILURE">
<![CDATA[  [Mobile Chrome] › api-integration.spec.ts:652:7 › 🔔 Notification API Tests › Mark Notification as Read API 

    SyntaxError: Unexpected end of JSON input

      43 |     data: { email, password }
      44 |   });
    > 45 |   const data = await response.json();
         |                ^
      46 |   return data.token;
      47 | }
      48 |
        at getAuthToken (/Users/asithalakmal/Documents/web/final project/WeddingLK-next copy/tests/e2e/api-integration.spec.ts:45:16)
        at /Users/asithalakmal/Documents/web/final project/WeddingLK-next copy/tests/e2e/api-integration.spec.ts:653:19

    attachment #1: screenshot (image/png) ──────────────────────────────────────────────────────────
    ../../test-results/api-integration-🔔-Notific-6938f-rk-Notification-as-Read-API-Mobile-Chrome/test-failed-1.png
    ────────────────────────────────────────────────────────────────────────────────────────────────

    attachment #2: video (video/webm) ──────────────────────────────────────────────────────────────
    ../../test-results/api-integration-🔔-Notific-6938f-rk-Notification-as-Read-API-Mobile-Chrome/video.webm
    ────────────────────────────────────────────────────────────────────────────────────────────────
]]>
</failure>
<system-out>
<![CDATA[
[[ATTACHMENT|test-results/api-integration-🔔-Notific-6938f-rk-Notification-as-Read-API-Mobile-Chrome/test-failed-1.png]]

[[ATTACHMENT|test-results/api-integration-🔔-Notific-6938f-rk-Notification-as-Read-API-Mobile-Chrome/video.webm]]
]]>
</system-out>
</testcase>
<testcase name="🛡️ Security and Error Handling API Tests › Unauthorized API Access" classname="api-integration.spec.ts" time="2.117">
<failure message="api-integration.spec.ts:665:7 Unauthorized API Access" type="FAILURE">
<![CDATA[  [Mobile Chrome] › api-integration.spec.ts:665:7 › 🛡️ Security and Error Handling API Tests › Unauthorized API Access 

    Error: expect(received).toContain(expected) // indexOf

    Expected substring: "Unauthorized"
    Received string:    "Authentication required"

      668 |     
      669 |     const data = await response.json();
    > 670 |     expect(data.error).toContain('Unauthorized');
          |                        ^
      671 |   });
      672 |
      673 |   test('Invalid Token API Access', async ({ page }) => {
        at /Users/asithalakmal/Documents/web/final project/WeddingLK-next copy/tests/e2e/api-integration.spec.ts:670:24

    attachment #1: screenshot (image/png) ──────────────────────────────────────────────────────────
    ../../test-results/api-integration-🛡️-Securi-b5273-sts-Unauthorized-API-Access-Mobile-Chrome/test-failed-1.png
    ────────────────────────────────────────────────────────────────────────────────────────────────

    attachment #2: video (video/webm) ──────────────────────────────────────────────────────────────
    ../../test-results/api-integration-🛡️-Securi-b5273-sts-Unauthorized-API-Access-Mobile-Chrome/video.webm
    ────────────────────────────────────────────────────────────────────────────────────────────────
]]>
</failure>
<system-out>
<![CDATA[
[[ATTACHMENT|test-results/api-integration-🛡️-Securi-b5273-sts-Unauthorized-API-Access-Mobile-Chrome/test-failed-1.png]]

[[ATTACHMENT|test-results/api-integration-🛡️-Securi-b5273-sts-Unauthorized-API-Access-Mobile-Chrome/video.webm]]
]]>
</system-out>
</testcase>
<testcase name="🛡️ Security and Error Handling API Tests › Invalid Token API Access" classname="api-integration.spec.ts" time="2.424">
</testcase>
<testcase name="🛡️ Security and Error Handling API Tests › Rate Limiting API" classname="api-integration.spec.ts" time="2.334">
<failure message="api-integration.spec.ts:680:7 Rate Limiting API" type="FAILURE">
<![CDATA[  [Mobile Chrome] › api-integration.spec.ts:680:7 › 🛡️ Security and Error Handling API Tests › Rate Limiting API 

    Error: expect(received).toBeGreaterThan(expected)

    Expected: > 0
    Received:   0

      688 |     
      689 |     // At least one request should be rate limited
    > 690 |     expect(rateLimitedResponses.length).toBeGreaterThan(0);
          |                                         ^
      691 |   });
      692 |
      693 |   test('Input Validation API', async ({ page }) => {
        at /Users/asithalakmal/Documents/web/final project/WeddingLK-next copy/tests/e2e/api-integration.spec.ts:690:41

    attachment #1: screenshot (image/png) ──────────────────────────────────────────────────────────
    ../../test-results/api-integration-🛡️-Securi-733b3-API-Tests-Rate-Limiting-API-Mobile-Chrome/test-failed-1.png
    ────────────────────────────────────────────────────────────────────────────────────────────────

    attachment #2: video (video/webm) ──────────────────────────────────────────────────────────────
    ../../test-results/api-integration-🛡️-Securi-733b3-API-Tests-Rate-Limiting-API-Mobile-Chrome/video.webm
    ────────────────────────────────────────────────────────────────────────────────────────────────
]]>
</failure>
<system-out>
<![CDATA[
[[ATTACHMENT|test-results/api-integration-🛡️-Securi-733b3-API-Tests-Rate-Limiting-API-Mobile-Chrome/test-failed-1.png]]

[[ATTACHMENT|test-results/api-integration-🛡️-Securi-733b3-API-Tests-Rate-Limiting-API-Mobile-Chrome/video.webm]]
]]>
</system-out>
</testcase>
<testcase name="🛡️ Security and Error Handling API Tests › Input Validation API" classname="api-integration.spec.ts" time="1.331">
<failure message="api-integration.spec.ts:693:7 Input Validation API" type="FAILURE">
<![CDATA[  [Mobile Chrome] › api-integration.spec.ts:693:7 › 🛡️ Security and Error Handling API Tests › Input Validation API 

    Error: expect(received).toBeDefined()

    Received: undefined

      702 |     expect(response.status()).toBe(400);
      703 |     const data = await response.json();
    > 704 |     expect(data.errors).toBeDefined();
          |                         ^
      705 |   });
      706 | });
      707 |
        at /Users/asithalakmal/Documents/web/final project/WeddingLK-next copy/tests/e2e/api-integration.spec.ts:704:25

    attachment #1: screenshot (image/png) ──────────────────────────────────────────────────────────
    ../../test-results/api-integration-🛡️-Securi-8d139--Tests-Input-Validation-API-Mobile-Chrome/test-failed-1.png
    ────────────────────────────────────────────────────────────────────────────────────────────────

    attachment #2: video (video/webm) ──────────────────────────────────────────────────────────────
    ../../test-results/api-integration-🛡️-Securi-8d139--Tests-Input-Validation-API-Mobile-Chrome/video.webm
    ────────────────────────────────────────────────────────────────────────────────────────────────
]]>
</failure>
<system-out>
<![CDATA[
[[ATTACHMENT|test-results/api-integration-🛡️-Securi-8d139--Tests-Input-Validation-API-Mobile-Chrome/test-failed-1.png]]

[[ATTACHMENT|test-results/api-integration-🛡️-Securi-8d139--Tests-Input-Validation-API-Mobile-Chrome/video.webm]]
]]>
</system-out>
</testcase>
<testcase name="📊 Analytics and Monitoring API Tests › Performance Monitoring API" classname="api-integration.spec.ts" time="1.92">
<failure message="api-integration.spec.ts:709:7 Performance Monitoring API" type="FAILURE">
<![CDATA[  [Mobile Chrome] › api-integration.spec.ts:709:7 › 📊 Analytics and Monitoring API Tests › Performance Monitoring API 

    Error: expect(received).toBeDefined()

    Received: undefined

      713 |     const data = await response.json();
      714 |     expect(data.success).toBe(true);
    > 715 |     expect(data.metrics).toBeDefined();
          |                          ^
      716 |   });
      717 |
      718 |   test('Health Check API', async ({ page }) => {
        at /Users/asithalakmal/Documents/web/final project/WeddingLK-next copy/tests/e2e/api-integration.spec.ts:715:26

    attachment #1: screenshot (image/png) ──────────────────────────────────────────────────────────
    ../../test-results/api-integration-📊-Analyti-8d4fe--Performance-Monitoring-API-Mobile-Chrome/test-failed-1.png
    ────────────────────────────────────────────────────────────────────────────────────────────────

    attachment #2: video (video/webm) ──────────────────────────────────────────────────────────────
    ../../test-results/api-integration-📊-Analyti-8d4fe--Performance-Monitoring-API-Mobile-Chrome/video.webm
    ────────────────────────────────────────────────────────────────────────────────────────────────
]]>
</failure>
<system-out>
<![CDATA[
[[ATTACHMENT|test-results/api-integration-📊-Analyti-8d4fe--Performance-Monitoring-API-Mobile-Chrome/test-failed-1.png]]

[[ATTACHMENT|test-results/api-integration-📊-Analyti-8d4fe--Performance-Monitoring-API-Mobile-Chrome/video.webm]]
]]>
</system-out>
</testcase>
<testcase name="📊 Analytics and Monitoring API Tests › Health Check API" classname="api-integration.spec.ts" time="73.01">
<failure message="api-integration.spec.ts:718:7 Health Check API" type="FAILURE">
<![CDATA[  [Mobile Chrome] › api-integration.spec.ts:718:7 › 📊 Analytics and Monitoring API Tests › Health Check API 

    TimeoutError: apiRequestContext.get: Timeout 60000ms exceeded.
    Call log:
      - → GET https://wedding-4twyhvelc-asithalkonaras-projects.vercel.app/api/health
        - user-agent: Mozilla/5.0 (Linux; Android 11; Pixel 5) AppleWebKit/537.36 (KHTML, like Gecko) Chrome/141.0.7390.37 Mobile Safari/537.36
        - accept: */*
        - accept-encoding: gzip,deflate,br


      717 |
      718 |   test('Health Check API', async ({ page }) => {
    > 719 |     const response = await page.request.get('/api/health');
          |                                         ^
      720 |     expect(response.status()).toBe(200);
      721 |     
      722 |     const data = await response.json();
        at /Users/asithalakmal/Documents/web/final project/WeddingLK-next copy/tests/e2e/api-integration.spec.ts:719:41

    attachment #1: screenshot (image/png) ──────────────────────────────────────────────────────────
    ../../test-results/api-integration-📊-Analyti-e1193--API-Tests-Health-Check-API-Mobile-Chrome/test-failed-1.png
    ────────────────────────────────────────────────────────────────────────────────────────────────

    attachment #2: video (video/webm) ──────────────────────────────────────────────────────────────
    ../../test-results/api-integration-📊-Analyti-e1193--API-Tests-Health-Check-API-Mobile-Chrome/video.webm
    ────────────────────────────────────────────────────────────────────────────────────────────────
]]>
</failure>
<system-out>
<![CDATA[
[[ATTACHMENT|test-results/api-integration-📊-Analyti-e1193--API-Tests-Health-Check-API-Mobile-Chrome/test-failed-1.png]]

[[ATTACHMENT|test-results/api-integration-📊-Analyti-e1193--API-Tests-Health-Check-API-Mobile-Chrome/video.webm]]
]]>
</system-out>
</testcase>
<testcase name="📊 Analytics and Monitoring API Tests › Error Tracking API" classname="api-integration.spec.ts" time="1.834">
<failure message="api-integration.spec.ts:727:7 Error Tracking API" type="FAILURE">
<![CDATA[  [Mobile Chrome] › api-integration.spec.ts:727:7 › 📊 Analytics and Monitoring API Tests › Error Tracking API 

    Error: expect(received).toBe(expected) // Object.is equality

    Expected: 200
    Received: 401

      727 |   test('Error Tracking API', async ({ page }) => {
      728 |     const response = await page.request.get('/api/errors');
    > 729 |     expect(response.status()).toBe(200);
          |                               ^
      730 |     
      731 |     const data = await response.json();
      732 |     expect(data.success).toBe(true);
        at /Users/asithalakmal/Documents/web/final project/WeddingLK-next copy/tests/e2e/api-integration.spec.ts:729:31

    attachment #1: screenshot (image/png) ──────────────────────────────────────────────────────────
    ../../test-results/api-integration-📊-Analyti-cbfaa-PI-Tests-Error-Tracking-API-Mobile-Chrome/test-failed-1.png
    ────────────────────────────────────────────────────────────────────────────────────────────────

    attachment #2: video (video/webm) ──────────────────────────────────────────────────────────────
    ../../test-results/api-integration-📊-Analyti-cbfaa-PI-Tests-Error-Tracking-API-Mobile-Chrome/video.webm
    ────────────────────────────────────────────────────────────────────────────────────────────────
]]>
</failure>
<system-out>
<![CDATA[
[[ATTACHMENT|test-results/api-integration-📊-Analyti-cbfaa-PI-Tests-Error-Tracking-API-Mobile-Chrome/test-failed-1.png]]

[[ATTACHMENT|test-results/api-integration-📊-Analyti-cbfaa-PI-Tests-Error-Tracking-API-Mobile-Chrome/video.webm]]
]]>
</system-out>
</testcase>
</testsuite>
<testsuite name="api-tests.spec.ts" timestamp="2025-10-27T06:34:37.600Z" hostname="Mobile Chrome" tests="44" failures="16" skipped="0" time="145.076" errors="0">
<testcase name="🔌 API Integration Tests - Phase 2 › 🔐 Authentication APIs › ✅ POST /api/auth/signin - Valid credentials return 200" classname="api-tests.spec.ts" time="2.079">
</testcase>
<testcase name="🔌 API Integration Tests - Phase 2 › 🔐 Authentication APIs › ✅ POST /api/auth/signin - Invalid credentials return 401" classname="api-tests.spec.ts" time="1.093">
</testcase>
<testcase name="🔌 API Integration Tests - Phase 2 › 🔐 Authentication APIs › ✅ POST /api/auth/signup - New user registration" classname="api-tests.spec.ts" time="1.321">
</testcase>
<testcase name="🔌 API Integration Tests - Phase 2 › 🔐 Authentication APIs › ✅ GET /api/auth/me - Get current user info" classname="api-tests.spec.ts" time="1.501">
</testcase>
<testcase name="🔌 API Integration Tests - Phase 2 › 🔐 Authentication APIs › ✅ POST /api/auth/signout - Logout user" classname="api-tests.spec.ts" time="1.593">
</testcase>
<testcase name="🔌 API Integration Tests - Phase 2 › 📊 Dashboard APIs › ✅ GET /api/dashboard/user - User dashboard stats" classname="api-tests.spec.ts" time="1.201">
</testcase>
<testcase name="🔌 API Integration Tests - Phase 2 › 📊 Dashboard APIs › ✅ GET /api/dashboard/vendor - Vendor dashboard stats" classname="api-tests.spec.ts" time="1.4">
</testcase>
<testcase name="🔌 API Integration Tests - Phase 2 › 📊 Dashboard APIs › ✅ GET /api/dashboard/admin - Admin dashboard stats" classname="api-tests.spec.ts" time="1.267">
</testcase>
<testcase name="🔌 API Integration Tests - Phase 2 › 📊 Dashboard APIs › ✅ GET /api/dashboard - General dashboard stats" classname="api-tests.spec.ts" time="0.98">
</testcase>
<testcase name="🔌 API Integration Tests - Phase 2 › 🏛️ Venue APIs › ✅ GET /api/venues - List all venues" classname="api-tests.spec.ts" time="0.922">
<failure message="api-tests.spec.ts:141:9 ✅ GET /api/venues - List all venues" type="FAILURE">
<![CDATA[  [Mobile Chrome] › api-tests.spec.ts:141:9 › 🔌 API Integration Tests - Phase 2 › 🏛️ Venue APIs › ✅ GET /api/venues - List all venues 

    Error: expect(received).toBeTruthy()

    Received: undefined

      146 |       if (response.ok()) {
      147 |         const json = await response.json()
    > 148 |         expect(Array.isArray(json) || json.venues).toBeTruthy()
          |                                                    ^
      149 |       }
      150 |     })
      151 |
        at /Users/asithalakmal/Documents/web/final project/WeddingLK-next copy/tests/e2e/api-tests.spec.ts:148:52

    attachment #1: screenshot (image/png) ──────────────────────────────────────────────────────────
    ../../test-results/api-tests-🔌-API-Integrati-b243f-pi-venues---List-all-venues-Mobile-Chrome/test-failed-1.png
    ────────────────────────────────────────────────────────────────────────────────────────────────

    attachment #2: video (video/webm) ──────────────────────────────────────────────────────────────
    ../../test-results/api-tests-🔌-API-Integrati-b243f-pi-venues---List-all-venues-Mobile-Chrome/video.webm
    ────────────────────────────────────────────────────────────────────────────────────────────────
]]>
</failure>
<system-out>
<![CDATA[
[[ATTACHMENT|test-results/api-tests-🔌-API-Integrati-b243f-pi-venues---List-all-venues-Mobile-Chrome/test-failed-1.png]]

[[ATTACHMENT|test-results/api-tests-🔌-API-Integrati-b243f-pi-venues---List-all-venues-Mobile-Chrome/video.webm]]
]]>
</system-out>
</testcase>
<testcase name="🔌 API Integration Tests - Phase 2 › 🏛️ Venue APIs › ✅ GET /api/venues/search - Search venues" classname="api-tests.spec.ts" time="2.033">
</testcase>
<testcase name="🔌 API Integration Tests - Phase 2 › 🏛️ Venue APIs › ✅ GET /api/venues/:id - Get specific venue" classname="api-tests.spec.ts" time="0.845">
<failure message="api-tests.spec.ts:158:9 ✅ GET /api/venues/:id - Get specific venue" type="FAILURE">
<![CDATA[  [Mobile Chrome] › api-tests.spec.ts:158:9 › 🔌 API Integration Tests - Phase 2 › 🏛️ Venue APIs › ✅ GET /api/venues/:id - Get specific venue 

    Error: expect(received).toContain(expected) // indexOf

    Expected value: 500
    Received array: [200, 404, 400]

      159 |       const response = await page.request.get('/api/venues/test-venue-id')
      160 |       
    > 161 |       expect([200, 404, 400]).toContain(response.status())
          |                               ^
      162 |     })
      163 |
      164 |     test('✅ GET /api/venues/search with filters', async ({ page }) => {
        at /Users/asithalakmal/Documents/web/final project/WeddingLK-next copy/tests/e2e/api-tests.spec.ts:161:31

    attachment #1: screenshot (image/png) ──────────────────────────────────────────────────────────
    ../../test-results/api-tests-🔌-API-Integrati-924d0-ues-id---Get-specific-venue-Mobile-Chrome/test-failed-1.png
    ────────────────────────────────────────────────────────────────────────────────────────────────

    attachment #2: video (video/webm) ──────────────────────────────────────────────────────────────
    ../../test-results/api-tests-🔌-API-Integrati-924d0-ues-id---Get-specific-venue-Mobile-Chrome/video.webm
    ────────────────────────────────────────────────────────────────────────────────────────────────
]]>
</failure>
<system-out>
<![CDATA[
[[ATTACHMENT|test-results/api-tests-🔌-API-Integrati-924d0-ues-id---Get-specific-venue-Mobile-Chrome/test-failed-1.png]]

[[ATTACHMENT|test-results/api-tests-🔌-API-Integrati-924d0-ues-id---Get-specific-venue-Mobile-Chrome/video.webm]]
]]>
</system-out>
</testcase>
<testcase name="🔌 API Integration Tests - Phase 2 › 🏛️ Venue APIs › ✅ GET /api/venues/search with filters" classname="api-tests.spec.ts" time="1.726">
</testcase>
<testcase name="🔌 API Integration Tests - Phase 2 › 🏛️ Venue APIs › ✅ GET /api/venues with pagination" classname="api-tests.spec.ts" time="0.87">
</testcase>
<testcase name="🔌 API Integration Tests - Phase 2 › 🏢 Vendor APIs › ✅ GET /api/vendors - List all vendors" classname="api-tests.spec.ts" time="1.031">
</testcase>
<testcase name="🔌 API Integration Tests - Phase 2 › 🏢 Vendor APIs › ✅ GET /api/vendors/search - Search vendors" classname="api-tests.spec.ts" time="1.385">
</testcase>
<testcase name="🔌 API Integration Tests - Phase 2 › 🏢 Vendor APIs › ✅ GET /api/vendors/:id - Get specific vendor" classname="api-tests.spec.ts" time="0.873">
<failure message="api-tests.spec.ts:196:9 ✅ GET /api/vendors/:id - Get specific vendor" type="FAILURE">
<![CDATA[  [Mobile Chrome] › api-tests.spec.ts:196:9 › 🔌 API Integration Tests - Phase 2 › 🏢 Vendor APIs › ✅ GET /api/vendors/:id - Get specific vendor 

    Error: expect(received).toContain(expected) // indexOf

    Expected value: 500
    Received array: [200, 404, 400]

      197 |       const response = await page.request.get('/api/vendors/test-vendor-id')
      198 |       
    > 199 |       expect([200, 404, 400]).toContain(response.status())
          |                               ^
      200 |     })
      201 |
      202 |     test('✅ GET /api/vendors/category/:category - Get vendors by category', async ({ page }) => {
        at /Users/asithalakmal/Documents/web/final project/WeddingLK-next copy/tests/e2e/api-tests.spec.ts:199:31

    attachment #1: screenshot (image/png) ──────────────────────────────────────────────────────────
    ../../test-results/api-tests-🔌-API-Integrati-17e5a-rs-id---Get-specific-vendor-Mobile-Chrome/test-failed-1.png
    ────────────────────────────────────────────────────────────────────────────────────────────────

    attachment #2: video (video/webm) ──────────────────────────────────────────────────────────────
    ../../test-results/api-tests-🔌-API-Integrati-17e5a-rs-id---Get-specific-vendor-Mobile-Chrome/video.webm
    ────────────────────────────────────────────────────────────────────────────────────────────────
]]>
</failure>
<system-out>
<![CDATA[
[[ATTACHMENT|test-results/api-tests-🔌-API-Integrati-17e5a-rs-id---Get-specific-vendor-Mobile-Chrome/test-failed-1.png]]

[[ATTACHMENT|test-results/api-tests-🔌-API-Integrati-17e5a-rs-id---Get-specific-vendor-Mobile-Chrome/video.webm]]
]]>
</system-out>
</testcase>
<testcase name="🔌 API Integration Tests - Phase 2 › 🏢 Vendor APIs › ✅ GET /api/vendors/category/:category - Get vendors by category" classname="api-tests.spec.ts" time="1.298">
</testcase>
<testcase name="🔌 API Integration Tests - Phase 2 › 🏢 Vendor APIs › ✅ GET /api/vendors/search with filters" classname="api-tests.spec.ts" time="1.244">
</testcase>
<testcase name="🔌 API Integration Tests - Phase 2 › 📅 Booking APIs › ✅ GET /api/bookings - List user bookings" classname="api-tests.spec.ts" time="1.831">
</testcase>
<testcase name="🔌 API Integration Tests - Phase 2 › 📅 Booking APIs › ✅ POST /api/bookings - Create booking" classname="api-tests.spec.ts" time="1.807">
</testcase>
<testcase name="🔌 API Integration Tests - Phase 2 › 📅 Booking APIs › ✅ GET /api/bookings/:id - Get specific booking" classname="api-tests.spec.ts" time="2.03">
<failure message="api-tests.spec.ts:245:9 ✅ GET /api/bookings/:id - Get specific booking" type="FAILURE">
<![CDATA[  [Mobile Chrome] › api-tests.spec.ts:245:9 › 🔌 API Integration Tests - Phase 2 › 📅 Booking APIs › ✅ GET /api/bookings/:id - Get specific booking 

    Error: expect(received).toContain(expected) // indexOf

    Expected value: 500
    Received array: [200, 404, 401]

      248 |       const response = await page.request.get('/api/bookings/test-booking-id')
      249 |       
    > 250 |       expect([200, 404, 401]).toContain(response.status())
          |                               ^
      251 |     })
      252 |
      253 |     test('✅ PATCH /api/bookings/:id - Update booking', async ({ page }) => {
        at /Users/asithalakmal/Documents/web/final project/WeddingLK-next copy/tests/e2e/api-tests.spec.ts:250:31

    attachment #1: screenshot (image/png) ──────────────────────────────────────────────────────────
    ../../test-results/api-tests-🔌-API-Integrati-c1980-s-id---Get-specific-booking-Mobile-Chrome/test-failed-1.png
    ────────────────────────────────────────────────────────────────────────────────────────────────

    attachment #2: video (video/webm) ──────────────────────────────────────────────────────────────
    ../../test-results/api-tests-🔌-API-Integrati-c1980-s-id---Get-specific-booking-Mobile-Chrome/video.webm
    ────────────────────────────────────────────────────────────────────────────────────────────────
]]>
</failure>
<system-out>
<![CDATA[
[[ATTACHMENT|test-results/api-tests-🔌-API-Integrati-c1980-s-id---Get-specific-booking-Mobile-Chrome/test-failed-1.png]]

[[ATTACHMENT|test-results/api-tests-🔌-API-Integrati-c1980-s-id---Get-specific-booking-Mobile-Chrome/video.webm]]
]]>
</system-out>
</testcase>
<testcase name="🔌 API Integration Tests - Phase 2 › 📅 Booking APIs › ✅ PATCH /api/bookings/:id - Update booking" classname="api-tests.spec.ts" time="2.352">
<failure message="api-tests.spec.ts:253:9 ✅ PATCH /api/bookings/:id - Update booking" type="FAILURE">
<![CDATA[  [Mobile Chrome] › api-tests.spec.ts:253:9 › 🔌 API Integration Tests - Phase 2 › 📅 Booking APIs › ✅ PATCH /api/bookings/:id - Update booking 

    Error: expect(received).toContain(expected) // indexOf

    Expected value: 405
    Received array: [200, 400, 404, 401]

      258 |       })
      259 |       
    > 260 |       expect([200, 400, 404, 401]).toContain(response.status())
          |                                    ^
      261 |     })
      262 |
      263 |     test('✅ DELETE /api/bookings/:id - Cancel booking', async ({ page }) => {
        at /Users/asithalakmal/Documents/web/final project/WeddingLK-next copy/tests/e2e/api-tests.spec.ts:260:36

    attachment #1: screenshot (image/png) ──────────────────────────────────────────────────────────
    ../../test-results/api-tests-🔌-API-Integrati-a1bcb-ookings-id---Update-booking-Mobile-Chrome/test-failed-1.png
    ────────────────────────────────────────────────────────────────────────────────────────────────

    attachment #2: video (video/webm) ──────────────────────────────────────────────────────────────
    ../../test-results/api-tests-🔌-API-Integrati-a1bcb-ookings-id---Update-booking-Mobile-Chrome/video.webm
    ────────────────────────────────────────────────────────────────────────────────────────────────
]]>
</failure>
<system-out>
<![CDATA[
[[ATTACHMENT|test-results/api-tests-🔌-API-Integrati-a1bcb-ookings-id---Update-booking-Mobile-Chrome/test-failed-1.png]]

[[ATTACHMENT|test-results/api-tests-🔌-API-Integrati-a1bcb-ookings-id---Update-booking-Mobile-Chrome/video.webm]]
]]>
</system-out>
</testcase>
<testcase name="🔌 API Integration Tests - Phase 2 › 📅 Booking APIs › ✅ DELETE /api/bookings/:id - Cancel booking" classname="api-tests.spec.ts" time="3.296">
<failure message="api-tests.spec.ts:263:9 ✅ DELETE /api/bookings/:id - Cancel booking" type="FAILURE">
<![CDATA[  [Mobile Chrome] › api-tests.spec.ts:263:9 › 🔌 API Integration Tests - Phase 2 › 📅 Booking APIs › ✅ DELETE /api/bookings/:id - Cancel booking 

    Error: expect(received).toContain(expected) // indexOf

    Expected value: 500
    Received array: [200, 204, 404, 401]

      266 |       const response = await page.request.delete('/api/bookings/test-booking-id')
      267 |       
    > 268 |       expect([200, 204, 404, 401]).toContain(response.status())
          |                                    ^
      269 |     })
      270 |   })
      271 |
        at /Users/asithalakmal/Documents/web/final project/WeddingLK-next copy/tests/e2e/api-tests.spec.ts:268:36

    attachment #1: screenshot (image/png) ──────────────────────────────────────────────────────────
    ../../test-results/api-tests-🔌-API-Integrati-455c9-ookings-id---Cancel-booking-Mobile-Chrome/test-failed-1.png
    ────────────────────────────────────────────────────────────────────────────────────────────────

    attachment #2: video (video/webm) ──────────────────────────────────────────────────────────────
    ../../test-results/api-tests-🔌-API-Integrati-455c9-ookings-id---Cancel-booking-Mobile-Chrome/video.webm
    ────────────────────────────────────────────────────────────────────────────────────────────────
]]>
</failure>
<system-out>
<![CDATA[
[[ATTACHMENT|test-results/api-tests-🔌-API-Integrati-455c9-ookings-id---Cancel-booking-Mobile-Chrome/test-failed-1.png]]

[[ATTACHMENT|test-results/api-tests-🔌-API-Integrati-455c9-ookings-id---Cancel-booking-Mobile-Chrome/video.webm]]
]]>
</system-out>
</testcase>
<testcase name="🔌 API Integration Tests - Phase 2 › 👤 User Profile APIs › ✅ GET /api/users/profile - Get user profile" classname="api-tests.spec.ts" time="2.702">
</testcase>
<testcase name="🔌 API Integration Tests - Phase 2 › 👤 User Profile APIs › ✅ PATCH /api/users/profile - Update user profile" classname="api-tests.spec.ts" time="1.675">
<failure message="api-tests.spec.ts:285:9 ✅ PATCH /api/users/profile - Update user profile" type="FAILURE">
<![CDATA[  [Mobile Chrome] › api-tests.spec.ts:285:9 › 🔌 API Integration Tests - Phase 2 › 👤 User Profile APIs › ✅ PATCH /api/users/profile - Update user profile 

    Error: expect(received).toContain(expected) // indexOf

    Expected value: 405
    Received array: [200, 400, 401, 404]

      290 |       })
      291 |       
    > 292 |       expect([200, 400, 401, 404]).toContain(response.status())
          |                                    ^
      293 |     })
      294 |
      295 |     test('✅ POST /api/users/profile/avatar - Upload avatar', async ({ page }) => {
        at /Users/asithalakmal/Documents/web/final project/WeddingLK-next copy/tests/e2e/api-tests.spec.ts:292:36

    attachment #1: screenshot (image/png) ──────────────────────────────────────────────────────────
    ../../test-results/api-tests-🔌-API-Integrati-8e634-ofile---Update-user-profile-Mobile-Chrome/test-failed-1.png
    ────────────────────────────────────────────────────────────────────────────────────────────────

    attachment #2: video (video/webm) ──────────────────────────────────────────────────────────────
    ../../test-results/api-tests-🔌-API-Integrati-8e634-ofile---Update-user-profile-Mobile-Chrome/video.webm
    ────────────────────────────────────────────────────────────────────────────────────────────────
]]>
</failure>
<system-out>
<![CDATA[
[[ATTACHMENT|test-results/api-tests-🔌-API-Integrati-8e634-ofile---Update-user-profile-Mobile-Chrome/test-failed-1.png]]

[[ATTACHMENT|test-results/api-tests-🔌-API-Integrati-8e634-ofile---Update-user-profile-Mobile-Chrome/video.webm]]
]]>
</system-out>
</testcase>
<testcase name="🔌 API Integration Tests - Phase 2 › 👤 User Profile APIs › ✅ POST /api/users/profile/avatar - Upload avatar" classname="api-tests.spec.ts" time="2.274">
<failure message="api-tests.spec.ts:295:9 ✅ POST /api/users/profile/avatar - Upload avatar" type="FAILURE">
<![CDATA[  [Mobile Chrome] › api-tests.spec.ts:295:9 › 🔌 API Integration Tests - Phase 2 › 👤 User Profile APIs › ✅ POST /api/users/profile/avatar - Upload avatar 

    Error: expect(received).toContain(expected) // indexOf

    Expected value: 405
    Received array: [200, 400, 401, 404]

      300 |       })
      301 |       
    > 302 |       expect([200, 400, 401, 404]).toContain(response.status())
          |                                    ^
      303 |     })
      304 |
      305 |     test('✅ GET /api/users/preferences - Get user preferences', async ({ page }) => {
        at /Users/asithalakmal/Documents/web/final project/WeddingLK-next copy/tests/e2e/api-tests.spec.ts:302:36

    attachment #1: screenshot (image/png) ──────────────────────────────────────────────────────────
    ../../test-results/api-tests-🔌-API-Integrati-5c1b8-file-avatar---Upload-avatar-Mobile-Chrome/test-failed-1.png
    ────────────────────────────────────────────────────────────────────────────────────────────────

    attachment #2: video (video/webm) ──────────────────────────────────────────────────────────────
    ../../test-results/api-tests-🔌-API-Integrati-5c1b8-file-avatar---Upload-avatar-Mobile-Chrome/video.webm
    ────────────────────────────────────────────────────────────────────────────────────────────────
]]>
</failure>
<system-out>
<![CDATA[
[[ATTACHMENT|test-results/api-tests-🔌-API-Integrati-5c1b8-file-avatar---Upload-avatar-Mobile-Chrome/test-failed-1.png]]

[[ATTACHMENT|test-results/api-tests-🔌-API-Integrati-5c1b8-file-avatar---Upload-avatar-Mobile-Chrome/video.webm]]
]]>
</system-out>
</testcase>
<testcase name="🔌 API Integration Tests - Phase 2 › 👤 User Profile APIs › ✅ GET /api/users/preferences - Get user preferences" classname="api-tests.spec.ts" time="2.301">
</testcase>
<testcase name="🔌 API Integration Tests - Phase 2 › 👤 User Profile APIs › ✅ PATCH /api/users/preferences - Update preferences" classname="api-tests.spec.ts" time="1.727">
<failure message="api-tests.spec.ts:313:9 ✅ PATCH /api/users/preferences - Update preferences" type="FAILURE">
<![CDATA[  [Mobile Chrome] › api-tests.spec.ts:313:9 › 🔌 API Integration Tests - Phase 2 › 👤 User Profile APIs › ✅ PATCH /api/users/preferences - Update preferences 

    Error: expect(received).toContain(expected) // indexOf

    Expected value: 405
    Received array: [200, 400, 401, 404]

      318 |       })
      319 |       
    > 320 |       expect([200, 400, 401, 404]).toContain(response.status())
          |                                    ^
      321 |     })
      322 |   })
      323 |
        at /Users/asithalakmal/Documents/web/final project/WeddingLK-next copy/tests/e2e/api-tests.spec.ts:320:36

    attachment #1: screenshot (image/png) ──────────────────────────────────────────────────────────
    ../../test-results/api-tests-🔌-API-Integrati-b4828-rences---Update-preferences-Mobile-Chrome/test-failed-1.png
    ────────────────────────────────────────────────────────────────────────────────────────────────

    attachment #2: video (video/webm) ──────────────────────────────────────────────────────────────
    ../../test-results/api-tests-🔌-API-Integrati-b4828-rences---Update-preferences-Mobile-Chrome/video.webm
    ────────────────────────────────────────────────────────────────────────────────────────────────
]]>
</failure>
<system-out>
<![CDATA[
[[ATTACHMENT|test-results/api-tests-🔌-API-Integrati-b4828-rences---Update-preferences-Mobile-Chrome/test-failed-1.png]]

[[ATTACHMENT|test-results/api-tests-🔌-API-Integrati-b4828-rences---Update-preferences-Mobile-Chrome/video.webm]]
]]>
</system-out>
</testcase>
<testcase name="🔌 API Integration Tests - Phase 2 › 🔍 Search &amp; Discovery APIs › ✅ GET /api/search - Global search" classname="api-tests.spec.ts" time="1.997">
</testcase>
<testcase name="🔌 API Integration Tests - Phase 2 › 🔍 Search &amp; Discovery APIs › ✅ GET /api/search/suggestions - Search suggestions" classname="api-tests.spec.ts" time="1.556">
</testcase>
<testcase name="🔌 API Integration Tests - Phase 2 › 🔍 Search &amp; Discovery APIs › ✅ GET /api/categories - Get all categories" classname="api-tests.spec.ts" time="0.678">
</testcase>
<testcase name="🔌 API Integration Tests - Phase 2 › 🔍 Search &amp; Discovery APIs › ✅ GET /api/trending - Get trending items" classname="api-tests.spec.ts" time="1.365">
</testcase>
<testcase name="🔌 API Integration Tests - Phase 2 › 🔍 Search &amp; Discovery APIs › ✅ GET /api/featured - Get featured vendors/venues" classname="api-tests.spec.ts" time="0.723">
</testcase>
<testcase name="🔌 API Integration Tests - Phase 2 › ❤️ Favorites APIs › ✅ GET /api/favorites - Get user favorites" classname="api-tests.spec.ts" time="1.729">
<failure message="api-tests.spec.ts:365:9 ✅ GET /api/favorites - Get user favorites" type="FAILURE">
<![CDATA[  [Mobile Chrome] › api-tests.spec.ts:365:9 › 🔌 API Integration Tests - Phase 2 › ❤️ Favorites APIs › ✅ GET /api/favorites - Get user favorites 

    Error: expect(received).toContain(expected) // indexOf

    Expected value: 500
    Received array: [200, 401, 404]

      368 |       const response = await page.request.get('/api/favorites')
      369 |       
    > 370 |       expect([200, 401, 404]).toContain(response.status())
          |                               ^
      371 |     })
      372 |
      373 |     test('✅ POST /api/favorites - Add to favorites', async ({ page }) => {
        at /Users/asithalakmal/Documents/web/final project/WeddingLK-next copy/tests/e2e/api-tests.spec.ts:370:31

    attachment #1: screenshot (image/png) ──────────────────────────────────────────────────────────
    ../../test-results/api-tests-🔌-API-Integrati-bccd7-orites---Get-user-favorites-Mobile-Chrome/test-failed-1.png
    ────────────────────────────────────────────────────────────────────────────────────────────────

    attachment #2: video (video/webm) ──────────────────────────────────────────────────────────────
    ../../test-results/api-tests-🔌-API-Integrati-bccd7-orites---Get-user-favorites-Mobile-Chrome/video.webm
    ────────────────────────────────────────────────────────────────────────────────────────────────
]]>
</failure>
<system-out>
<![CDATA[
[[ATTACHMENT|test-results/api-tests-🔌-API-Integrati-bccd7-orites---Get-user-favorites-Mobile-Chrome/test-failed-1.png]]

[[ATTACHMENT|test-results/api-tests-🔌-API-Integrati-bccd7-orites---Get-user-favorites-Mobile-Chrome/video.webm]]
]]>
</system-out>
</testcase>
<testcase name="🔌 API Integration Tests - Phase 2 › ❤️ Favorites APIs › ✅ POST /api/favorites - Add to favorites" classname="api-tests.spec.ts" time="1.866">
<failure message="api-tests.spec.ts:373:9 ✅ POST /api/favorites - Add to favorites" type="FAILURE">
<![CDATA[  [Mobile Chrome] › api-tests.spec.ts:373:9 › 🔌 API Integration Tests - Phase 2 › ❤️ Favorites APIs › ✅ POST /api/favorites - Add to favorites 

    Error: expect(received).toContain(expected) // indexOf

    Expected value: 500
    Received array: [200, 201, 400, 401, 404]

      378 |       })
      379 |       
    > 380 |       expect([200, 201, 400, 401, 404]).toContain(response.status())
          |                                         ^
      381 |     })
      382 |
      383 |     test('✅ DELETE /api/favorites/:id - Remove from favorites', async ({ page }) => {
        at /Users/asithalakmal/Documents/web/final project/WeddingLK-next copy/tests/e2e/api-tests.spec.ts:380:41

    attachment #1: screenshot (image/png) ──────────────────────────────────────────────────────────
    ../../test-results/api-tests-🔌-API-Integrati-0baf3-avorites---Add-to-favorites-Mobile-Chrome/test-failed-1.png
    ────────────────────────────────────────────────────────────────────────────────────────────────

    attachment #2: video (video/webm) ──────────────────────────────────────────────────────────────
    ../../test-results/api-tests-🔌-API-Integrati-0baf3-avorites---Add-to-favorites-Mobile-Chrome/video.webm
    ────────────────────────────────────────────────────────────────────────────────────────────────
]]>
</failure>
<system-out>
<![CDATA[
[[ATTACHMENT|test-results/api-tests-🔌-API-Integrati-0baf3-avorites---Add-to-favorites-Mobile-Chrome/test-failed-1.png]]

[[ATTACHMENT|test-results/api-tests-🔌-API-Integrati-0baf3-avorites---Add-to-favorites-Mobile-Chrome/video.webm]]
]]>
</system-out>
</testcase>
<testcase name="🔌 API Integration Tests - Phase 2 › ❤️ Favorites APIs › ✅ DELETE /api/favorites/:id - Remove from favorites" classname="api-tests.spec.ts" time="2.677">
<failure message="api-tests.spec.ts:383:9 ✅ DELETE /api/favorites/:id - Remove from favorites" type="FAILURE">
<![CDATA[  [Mobile Chrome] › api-tests.spec.ts:383:9 › 🔌 API Integration Tests - Phase 2 › ❤️ Favorites APIs › ✅ DELETE /api/favorites/:id - Remove from favorites 

    Error: expect(received).toContain(expected) // indexOf

    Expected value: 405
    Received array: [200, 204, 404, 401]

      386 |       const response = await page.request.delete('/api/favorites/test-favorite-id')
      387 |       
    > 388 |       expect([200, 204, 404, 401]).toContain(response.status())
          |                                    ^
      389 |     })
      390 |
      391 |     test('✅ GET /api/favorites/check - Check if item is favorited', async ({ page }) => {
        at /Users/asithalakmal/Documents/web/final project/WeddingLK-next copy/tests/e2e/api-tests.spec.ts:388:36

    attachment #1: screenshot (image/png) ──────────────────────────────────────────────────────────
    ../../test-results/api-tests-🔌-API-Integrati-88d4e--id---Remove-from-favorites-Mobile-Chrome/test-failed-1.png
    ────────────────────────────────────────────────────────────────────────────────────────────────

    attachment #2: video (video/webm) ──────────────────────────────────────────────────────────────
    ../../test-results/api-tests-🔌-API-Integrati-88d4e--id---Remove-from-favorites-Mobile-Chrome/video.webm
    ────────────────────────────────────────────────────────────────────────────────────────────────
]]>
</failure>
<system-out>
<![CDATA[
[[ATTACHMENT|test-results/api-tests-🔌-API-Integrati-88d4e--id---Remove-from-favorites-Mobile-Chrome/test-failed-1.png]]

[[ATTACHMENT|test-results/api-tests-🔌-API-Integrati-88d4e--id---Remove-from-favorites-Mobile-Chrome/video.webm]]
]]>
</system-out>
</testcase>
<testcase name="🔌 API Integration Tests - Phase 2 › ❤️ Favorites APIs › ✅ GET /api/favorites/check - Check if item is favorited" classname="api-tests.spec.ts" time="2.061">
</testcase>
<testcase name="🔌 API Integration Tests - Phase 2 › ⭐ Reviews &amp; Ratings APIs › ✅ GET /api/reviews - Get reviews" classname="api-tests.spec.ts" time="1.955">
</testcase>
<testcase name="🔌 API Integration Tests - Phase 2 › ⭐ Reviews &amp; Ratings APIs › ✅ POST /api/reviews - Create review" classname="api-tests.spec.ts" time="3.782">
<failure message="api-tests.spec.ts:411:9 ✅ POST /api/reviews - Create review" type="FAILURE">
<![CDATA[  [Mobile Chrome] › api-tests.spec.ts:411:9 › 🔌 API Integration Tests - Phase 2 › ⭐ Reviews & Ratings APIs › ✅ POST /api/reviews - Create review 

    Error: expect(received).toContain(expected) // indexOf

    Expected value: 500
    Received array: [200, 201, 400, 401, 404]

      421 |       })
      422 |       
    > 423 |       expect([200, 201, 400, 401, 404]).toContain(response.status())
          |                                         ^
      424 |     })
      425 |
      426 |     test('✅ PATCH /api/reviews/:id - Update review', async ({ page }) => {
        at /Users/asithalakmal/Documents/web/final project/WeddingLK-next copy/tests/e2e/api-tests.spec.ts:423:41

    attachment #1: screenshot (image/png) ──────────────────────────────────────────────────────────
    ../../test-results/api-tests-🔌-API-Integrati-8d027-api-reviews---Create-review-Mobile-Chrome/test-failed-1.png
    ────────────────────────────────────────────────────────────────────────────────────────────────

    attachment #2: video (video/webm) ──────────────────────────────────────────────────────────────
    ../../test-results/api-tests-🔌-API-Integrati-8d027-api-reviews---Create-review-Mobile-Chrome/video.webm
    ────────────────────────────────────────────────────────────────────────────────────────────────
]]>
</failure>
<system-out>
<![CDATA[
[[ATTACHMENT|test-results/api-tests-🔌-API-Integrati-8d027-api-reviews---Create-review-Mobile-Chrome/test-failed-1.png]]

[[ATTACHMENT|test-results/api-tests-🔌-API-Integrati-8d027-api-reviews---Create-review-Mobile-Chrome/video.webm]]
]]>
</system-out>
</testcase>
<testcase name="🔌 API Integration Tests - Phase 2 › ⭐ Reviews &amp; Ratings APIs › ✅ PATCH /api/reviews/:id - Update review" classname="api-tests.spec.ts" time="2.1">
<failure message="api-tests.spec.ts:426:9 ✅ PATCH /api/reviews/:id - Update review" type="FAILURE">
<![CDATA[  [Mobile Chrome] › api-tests.spec.ts:426:9 › 🔌 API Integration Tests - Phase 2 › ⭐ Reviews & Ratings APIs › ✅ PATCH /api/reviews/:id - Update review 

    Error: expect(received).toContain(expected) // indexOf

    Expected value: 405
    Received array: [200, 400, 404, 401]

      431 |       })
      432 |       
    > 433 |       expect([200, 400, 404, 401]).toContain(response.status())
          |                                    ^
      434 |     })
      435 |
      436 |     test('✅ DELETE /api/reviews/:id - Delete review', async ({ page }) => {
        at /Users/asithalakmal/Documents/web/final project/WeddingLK-next copy/tests/e2e/api-tests.spec.ts:433:36

    attachment #1: screenshot (image/png) ──────────────────────────────────────────────────────────
    ../../test-results/api-tests-🔌-API-Integrati-518ac--reviews-id---Update-review-Mobile-Chrome/test-failed-1.png
    ────────────────────────────────────────────────────────────────────────────────────────────────

    attachment #2: video (video/webm) ──────────────────────────────────────────────────────────────
    ../../test-results/api-tests-🔌-API-Integrati-518ac--reviews-id---Update-review-Mobile-Chrome/video.webm
    ────────────────────────────────────────────────────────────────────────────────────────────────
]]>
</failure>
<system-out>
<![CDATA[
[[ATTACHMENT|test-results/api-tests-🔌-API-Integrati-518ac--reviews-id---Update-review-Mobile-Chrome/test-failed-1.png]]

[[ATTACHMENT|test-results/api-tests-🔌-API-Integrati-518ac--reviews-id---Update-review-Mobile-Chrome/video.webm]]
]]>
</system-out>
</testcase>
<testcase name="🔌 API Integration Tests - Phase 2 › ⭐ Reviews &amp; Ratings APIs › ✅ DELETE /api/reviews/:id - Delete review" classname="api-tests.spec.ts" time="3.806">
<failure message="api-tests.spec.ts:436:9 ✅ DELETE /api/reviews/:id - Delete review" type="FAILURE">
<![CDATA[  [Mobile Chrome] › api-tests.spec.ts:436:9 › 🔌 API Integration Tests - Phase 2 › ⭐ Reviews & Ratings APIs › ✅ DELETE /api/reviews/:id - Delete review 

    Error: expect(received).toContain(expected) // indexOf

    Expected value: 500
    Received array: [200, 204, 404, 401]

      439 |       const response = await page.request.delete('/api/reviews/test-review-id')
      440 |       
    > 441 |       expect([200, 204, 404, 401]).toContain(response.status())
          |                                    ^
      442 |     })
      443 |   })
      444 |
        at /Users/asithalakmal/Documents/web/final project/WeddingLK-next copy/tests/e2e/api-tests.spec.ts:441:36

    attachment #1: screenshot (image/png) ──────────────────────────────────────────────────────────
    ../../test-results/api-tests-🔌-API-Integrati-1c5d4--reviews-id---Delete-review-Mobile-Chrome/test-failed-1.png
    ────────────────────────────────────────────────────────────────────────────────────────────────

    attachment #2: video (video/webm) ──────────────────────────────────────────────────────────────
    ../../test-results/api-tests-🔌-API-Integrati-1c5d4--reviews-id---Delete-review-Mobile-Chrome/video.webm
    ────────────────────────────────────────────────────────────────────────────────────────────────
]]>
</failure>
<system-out>
<![CDATA[
[[ATTACHMENT|test-results/api-tests-🔌-API-Integrati-1c5d4--reviews-id---Delete-review-Mobile-Chrome/test-failed-1.png]]

[[ATTACHMENT|test-results/api-tests-🔌-API-Integrati-1c5d4--reviews-id---Delete-review-Mobile-Chrome/video.webm]]
]]>
</system-out>
</testcase>
<testcase name="🔌 API Integration Tests - Phase 2 › 🏥 Health &amp; Status APIs › ✅ GET /api/health - API health check" classname="api-tests.spec.ts" time="70.76">
<failure message="api-tests.spec.ts:450:9 ✅ GET /api/health - API health check" type="FAILURE">
<![CDATA[  [Mobile Chrome] › api-tests.spec.ts:450:9 › 🔌 API Integration Tests - Phase 2 › 🏥 Health & Status APIs › ✅ GET /api/health - API health check 

    TimeoutError: apiRequestContext.get: Timeout 60000ms exceeded.
    Call log:
      - → GET https://wedding-4twyhvelc-asithalkonaras-projects.vercel.app/api/health
        - user-agent: Mozilla/5.0 (Linux; Android 11; Pixel 5) AppleWebKit/537.36 (KHTML, like Gecko) Chrome/141.0.7390.37 Mobile Safari/537.36
        - accept: */*
        - accept-encoding: gzip,deflate,br


      449 |   test.describe('🏥 Health & Status APIs', () => {
      450 |     test('✅ GET /api/health - API health check', async ({ page }) => {
    > 451 |       const response = await page.request.get('/api/health')
          |                                           ^
      452 |       
      453 |       expect([200, 404]).toContain(response.status())
      454 |     })
        at /Users/asithalakmal/Documents/web/final project/WeddingLK-next copy/tests/e2e/api-tests.spec.ts:451:43

    attachment #1: screenshot (image/png) ──────────────────────────────────────────────────────────
    ../../test-results/api-tests-🔌-API-Integrati-6e718-i-health---API-health-check-Mobile-Chrome/test-failed-1.png
    ────────────────────────────────────────────────────────────────────────────────────────────────

    attachment #2: video (video/webm) ──────────────────────────────────────────────────────────────
    ../../test-results/api-tests-🔌-API-Integrati-6e718-i-health---API-health-check-Mobile-Chrome/video.webm
    ────────────────────────────────────────────────────────────────────────────────────────────────
]]>
</failure>
<system-out>
<![CDATA[
[[ATTACHMENT|test-results/api-tests-🔌-API-Integrati-6e718-i-health---API-health-check-Mobile-Chrome/test-failed-1.png]]

[[ATTACHMENT|test-results/api-tests-🔌-API-Integrati-6e718-i-health---API-health-check-Mobile-Chrome/video.webm]]
]]>
</system-out>
</testcase>
<testcase name="🔌 API Integration Tests - Phase 2 › 🏥 Health &amp; Status APIs › ✅ GET /api/status - System status" classname="api-tests.spec.ts" time="1.364">
</testcase>
</testsuite>
<testsuite name="auth.spec.ts" timestamp="2025-10-27T06:34:37.600Z" hostname="Mobile Chrome" tests="8" failures="0" skipped="7" time="2.903" errors="0">
<testcase name="Authentication Flows › User registration -&gt; email verification -&gt; login -&gt; logout - DISABLED (Registration flow needs fixing)" classname="auth.spec.ts" time="0">
<properties>
<property name="skip" value="">
</property>
</properties>
<skipped>
</skipped>
</testcase>
<testcase name="Authentication Flows › Login with invalid credentials should show error" classname="auth.spec.ts" time="2.903">
<system-out>
<![CDATA[Test users might already exist
]]>
</system-out>
<system-err>
<![CDATA[(node:46795) Warning: The 'NO_COLOR' env is ignored due to the 'FORCE_COLOR' env being set.
(Use `node --trace-warnings ...` to show where the warning was created)
]]>
</system-err>
</testcase>
<testcase name="Authentication Flows › Forgot password flow - DISABLED (Feature removed)" classname="auth.spec.ts" time="0">
<properties>
<property name="skip" value="">
</property>
</properties>
<skipped>
</skipped>
</testcase>
<testcase name="Authentication Flows › Social login with Google - DISABLED (Social login removed)" classname="auth.spec.ts" time="0">
<properties>
<property name="skip" value="">
</property>
</properties>
<skipped>
</skipped>
</testcase>
<testcase name="Authentication Flows › Two-factor authentication setup - DISABLED (Feature removed)" classname="auth.spec.ts" time="0">
<properties>
<property name="skip" value="">
</property>
</properties>
<skipped>
</skipped>
</testcase>
<testcase name="Authentication Flows › Login with test user credentials - DISABLED (Database connection issue)" classname="auth.spec.ts" time="0">
<properties>
<property name="skip" value="">
</property>
</properties>
<skipped>
</skipped>
</testcase>
<testcase name="Authentication Flows › Login with test vendor credentials - DISABLED (Database connection issue)" classname="auth.spec.ts" time="0">
<properties>
<property name="skip" value="">
</property>
</properties>
<skipped>
</skipped>
</testcase>
<testcase name="Authentication Flows › Login with test admin credentials - DISABLED (Database connection issue)" classname="auth.spec.ts" time="0">
<properties>
<property name="skip" value="">
</property>
</properties>
<skipped>
</skipped>
</testcase>
</testsuite>
<testsuite name="booking.spec.ts" timestamp="2025-10-27T06:34:37.600Z" hostname="Mobile Chrome" tests="6" failures="0" skipped="6" time="0" errors="0">
<testcase name="Booking System › DISABLED: booking flow with payment mock" classname="booking.spec.ts" time="0">
<properties>
<property name="skip" value="">
</property>
</properties>
<skipped>
</skipped>
</testcase>
<testcase name="Booking System › DISABLED: Booking modification and cancellation" classname="booking.spec.ts" time="0">
<properties>
<property name="skip" value="">
</property>
</properties>
<skipped>
</skipped>
</testcase>
<testcase name="Booking System › DISABLED: Booking status tracking" classname="booking.spec.ts" time="0">
<properties>
<property name="skip" value="">
</property>
</properties>
<skipped>
</skipped>
</testcase>
<testcase name="Booking System › DISABLED: Vendor booking acceptance workflow" classname="booking.spec.ts" time="0">
<properties>
<property name="skip" value="">
</property>
</properties>
<skipped>
</skipped>
</testcase>
<testcase name="Booking System › DISABLED: Booking communication and messaging" classname="booking.spec.ts" time="0">
<properties>
<property name="skip" value="">
</property>
</properties>
<skipped>
</skipped>
</testcase>
<testcase name="Booking System › DISABLED: Booking payment and refund processing" classname="booking.spec.ts" time="0">
<properties>
<property name="skip" value="">
</property>
</properties>
<skipped>
</skipped>
</testcase>
</testsuite>
<testsuite name="comprehensive-crud.spec.ts" timestamp="2025-10-27T06:34:37.600Z" hostname="Mobile Chrome" tests="28" failures="0" skipped="28" time="0" errors="0">
<testcase name="🔐 Authentication &amp; User Management CRUD › DISABLED: User Registration Flow" classname="comprehensive-crud.spec.ts" time="0">
<properties>
<property name="skip" value="">
</property>
</properties>
<skipped>
</skipped>
</testcase>
<testcase name="🔐 Authentication &amp; User Management CRUD › DISABLED: User Login Flow" classname="comprehensive-crud.spec.ts" time="0">
<properties>
<property name="skip" value="">
</property>
</properties>
<skipped>
</skipped>
</testcase>
<testcase name="🔐 Authentication &amp; User Management CRUD › DISABLED: User Profile CRUD Operations" classname="comprehensive-crud.spec.ts" time="0">
<properties>
<property name="skip" value="">
</property>
</properties>
<skipped>
</skipped>
</testcase>
<testcase name="🔐 Authentication &amp; User Management CRUD › DISABLED: User Settings CRUD Operations" classname="comprehensive-crud.spec.ts" time="0">
<properties>
<property name="skip" value="">
</property>
</properties>
<skipped>
</skipped>
</testcase>
<testcase name="🏢 Vendor Management CRUD › DISABLED: Vendor Registration Flow" classname="comprehensive-crud.spec.ts" time="0">
<properties>
<property name="skip" value="">
</property>
</properties>
<skipped>
</skipped>
</testcase>
<testcase name="🏢 Vendor Management CRUD › DISABLED: Vendor Services CRUD Operations" classname="comprehensive-crud.spec.ts" time="0">
<properties>
<property name="skip" value="">
</property>
</properties>
<skipped>
</skipped>
</testcase>
<testcase name="🏢 Vendor Management CRUD › DISABLED: Vendor Analytics &amp; Reports" classname="comprehensive-crud.spec.ts" time="0">
<properties>
<property name="skip" value="">
</property>
</properties>
<skipped>
</skipped>
</testcase>
<testcase name="📅 Booking System CRUD › DISABLED: Create Booking Flow" classname="comprehensive-crud.spec.ts" time="0">
<properties>
<property name="skip" value="">
</property>
</properties>
<skipped>
</skipped>
</testcase>
<testcase name="📅 Booking System CRUD › DISABLED: Booking Management CRUD" classname="comprehensive-crud.spec.ts" time="0">
<properties>
<property name="skip" value="">
</property>
</properties>
<skipped>
</skipped>
</testcase>
<testcase name="📅 Booking System CRUD › DISABLED: Booking Status Tracking" classname="comprehensive-crud.spec.ts" time="0">
<properties>
<property name="skip" value="">
</property>
</properties>
<skipped>
</skipped>
</testcase>
<testcase name="👥 Wedding Planner CRUD Operations › DISABLED: Planner Client Management" classname="comprehensive-crud.spec.ts" time="0">
<properties>
<property name="skip" value="">
</property>
</properties>
<skipped>
</skipped>
</testcase>
<testcase name="👥 Wedding Planner CRUD Operations › DISABLED: Planner Task Management" classname="comprehensive-crud.spec.ts" time="0">
<properties>
<property name="skip" value="">
</property>
</properties>
<skipped>
</skipped>
</testcase>
<testcase name="🛡️ RBAC (Role-Based Access Control) Tests › DISABLED: User Role Access Control" classname="comprehensive-crud.spec.ts" time="0">
<properties>
<property name="skip" value="">
</property>
</properties>
<skipped>
</skipped>
</testcase>
<testcase name="🛡️ RBAC (Role-Based Access Control) Tests › DISABLED: Vendor Role Access Control" classname="comprehensive-crud.spec.ts" time="0">
<properties>
<property name="skip" value="">
</property>
</properties>
<skipped>
</skipped>
</testcase>
<testcase name="🛡️ RBAC (Role-Based Access Control) Tests › DISABLED: Admin Role Access Control" classname="comprehensive-crud.spec.ts" time="0">
<properties>
<property name="skip" value="">
</property>
</properties>
<skipped>
</skipped>
</testcase>
<testcase name="🛡️ RBAC (Role-Based Access Control) Tests › DISABLED: Middleware Route Protection" classname="comprehensive-crud.spec.ts" time="0">
<properties>
<property name="skip" value="">
</property>
</properties>
<skipped>
</skipped>
</testcase>
<testcase name="💳 Payment &amp; Financial CRUD › DISABLED: Payment Processing Flow" classname="comprehensive-crud.spec.ts" time="0">
<properties>
<property name="skip" value="">
</property>
</properties>
<skipped>
</skipped>
</testcase>
<testcase name="💳 Payment &amp; Financial CRUD › DISABLED: Payment History &amp; Management" classname="comprehensive-crud.spec.ts" time="0">
<properties>
<property name="skip" value="">
</property>
</properties>
<skipped>
</skipped>
</testcase>
<testcase name="📱 Mobile &amp; Responsive CRUD › DISABLED: Mobile Navigation &amp; CRUD Operations" classname="comprehensive-crud.spec.ts" time="0">
<properties>
<property name="skip" value="">
</property>
</properties>
<skipped>
</skipped>
</testcase>
<testcase name="🔍 Search &amp; Filter CRUD › DISABLED: Venue Search &amp; Filter Operations" classname="comprehensive-crud.spec.ts" time="0">
<properties>
<property name="skip" value="">
</property>
</properties>
<skipped>
</skipped>
</testcase>
<testcase name="🔍 Search &amp; Filter CRUD › DISABLED: Vendor Search &amp; Filter Operations" classname="comprehensive-crud.spec.ts" time="0">
<properties>
<property name="skip" value="">
</property>
</properties>
<skipped>
</skipped>
</testcase>
<testcase name="📊 Analytics &amp; Reporting CRUD › DISABLED: User Analytics Dashboard" classname="comprehensive-crud.spec.ts" time="0">
<properties>
<property name="skip" value="">
</property>
</properties>
<skipped>
</skipped>
</testcase>
<testcase name="📊 Analytics &amp; Reporting CRUD › DISABLED: Admin Analytics &amp; Reports" classname="comprehensive-crud.spec.ts" time="0">
<properties>
<property name="skip" value="">
</property>
</properties>
<skipped>
</skipped>
</testcase>
<testcase name="🔔 Notification &amp; Communication CRUD › DISABLED: Notification Management" classname="comprehensive-crud.spec.ts" time="0">
<properties>
<property name="skip" value="">
</property>
</properties>
<skipped>
</skipped>
</testcase>
<testcase name="🔔 Notification &amp; Communication CRUD › DISABLED: Message System CRUD" classname="comprehensive-crud.spec.ts" time="0">
<properties>
<property name="skip" value="">
</property>
</properties>
<skipped>
</skipped>
</testcase>
<testcase name="🔄 Data Synchronization &amp; Cache CRUD › DISABLED: Data Cache Management" classname="comprehensive-crud.spec.ts" time="0">
<properties>
<property name="skip" value="">
</property>
</properties>
<skipped>
</skipped>
</testcase>
<testcase name="🛠️ System Administration CRUD › DISABLED: User Management Operations" classname="comprehensive-crud.spec.ts" time="0">
<properties>
<property name="skip" value="">
</property>
</properties>
<skipped>
</skipped>
</testcase>
<testcase name="🛠️ System Administration CRUD › DISABLED: System Settings Management" classname="comprehensive-crud.spec.ts" time="0">
<properties>
<property name="skip" value="">
</property>
</properties>
<skipped>
</skipped>
</testcase>
</testsuite>
<testsuite name="comprehensive-live-deployment.spec.ts" timestamp="2025-10-27T06:34:37.600Z" hostname="Mobile Chrome" tests="14" failures="0" skipped="14" time="0" errors="0">
<testcase name="🚀 COMPREHENSIVE LIVE DEPLOYMENT TESTING › DISABLED: 🏠 HOMEPAGE - Complete Frontend Testing" classname="comprehensive-live-deployment.spec.ts" time="0">
<properties>
<property name="skip" value="">
</property>
</properties>
<skipped>
</skipped>
</testcase>
<testcase name="🚀 COMPREHENSIVE LIVE DEPLOYMENT TESTING › DISABLED: 🔐 AUTHENTICATION - Complete Auth Flow Testing" classname="comprehensive-live-deployment.spec.ts" time="0">
<properties>
<property name="skip" value="">
</property>
</properties>
<skipped>
</skipped>
</testcase>
<testcase name="🚀 COMPREHENSIVE LIVE DEPLOYMENT TESTING › DISABLED: 🏢 VENUES - Complete Venue CRUD Testing" classname="comprehensive-live-deployment.spec.ts" time="0">
<properties>
<property name="skip" value="">
</property>
</properties>
<skipped>
</skipped>
</testcase>
<testcase name="🚀 COMPREHENSIVE LIVE DEPLOYMENT TESTING › DISABLED: 🏪 VENDORS - Complete Vendor CRUD Testing" classname="comprehensive-live-deployment.spec.ts" time="0">
<properties>
<property name="skip" value="">
</property>
</properties>
<skipped>
</skipped>
</testcase>
<testcase name="🚀 COMPREHENSIVE LIVE DEPLOYMENT TESTING › DISABLED: 📱 FEED - Complete Social Feed Testing" classname="comprehensive-live-deployment.spec.ts" time="0">
<properties>
<property name="skip" value="">
</property>
</properties>
<skipped>
</skipped>
</testcase>
<testcase name="🚀 COMPREHENSIVE LIVE DEPLOYMENT TESTING › DISABLED: 🖼️ GALLERY - Complete Gallery Testing" classname="comprehensive-live-deployment.spec.ts" time="0">
<properties>
<property name="skip" value="">
</property>
</properties>
<skipped>
</skipped>
</testcase>
<testcase name="🚀 COMPREHENSIVE LIVE DEPLOYMENT TESTING › DISABLED: 📊 DASHBOARD - Complete Dashboard Testing" classname="comprehensive-live-deployment.spec.ts" time="0">
<properties>
<property name="skip" value="">
</property>
</properties>
<skipped>
</skipped>
</testcase>
<testcase name="🚀 COMPREHENSIVE LIVE DEPLOYMENT TESTING › DISABLED: 🔧 API ENDPOINTS - Complete API Testing" classname="comprehensive-live-deployment.spec.ts" time="0">
<properties>
<property name="skip" value="">
</property>
</properties>
<skipped>
</skipped>
</testcase>
<testcase name="🚀 COMPREHENSIVE LIVE DEPLOYMENT TESTING › DISABLED: 📱 RESPONSIVE DESIGN - Complete Mobile Testing" classname="comprehensive-live-deployment.spec.ts" time="0">
<properties>
<property name="skip" value="">
</property>
</properties>
<skipped>
</skipped>
</testcase>
<testcase name="🚀 COMPREHENSIVE LIVE DEPLOYMENT TESTING › DISABLED: 🎨 UI COMPONENTS - Complete Component Testing" classname="comprehensive-live-deployment.spec.ts" time="0">
<properties>
<property name="skip" value="">
</property>
</properties>
<skipped>
</skipped>
</testcase>
<testcase name="🚀 COMPREHENSIVE LIVE DEPLOYMENT TESTING › DISABLED: ⚡ PERFORMANCE - Complete Performance Testing" classname="comprehensive-live-deployment.spec.ts" time="0">
<properties>
<property name="skip" value="">
</property>
</properties>
<skipped>
</skipped>
</testcase>
<testcase name="🚀 COMPREHENSIVE LIVE DEPLOYMENT TESTING › DISABLED: 🔍 ERROR HANDLING - Complete Error Testing" classname="comprehensive-live-deployment.spec.ts" time="0">
<properties>
<property name="skip" value="">
</property>
</properties>
<skipped>
</skipped>
</testcase>
<testcase name="🚀 COMPREHENSIVE LIVE DEPLOYMENT TESTING › DISABLED: 🎯 FINAL INTEGRATION - Complete System Integration" classname="comprehensive-live-deployment.spec.ts" time="0">
<properties>
<property name="skip" value="">
</property>
</properties>
<skipped>
</skipped>
</testcase>
<testcase name="🚀 LIVE DEPLOYMENT STRESS TESTING › DISABLED: ⚡ STRESS TEST - Multiple Concurrent Operations" classname="comprehensive-live-deployment.spec.ts" time="0">
<properties>
<property name="skip" value="">
</property>
</properties>
<skipped>
</skipped>
</testcase>
</testsuite>
<testsuite name="critical-features.spec.ts" timestamp="2025-10-27T06:34:37.600Z" hostname="Mobile Chrome" tests="17" failures="0" skipped="0" time="98.468" errors="0">
<testcase name="🔐 Critical Features - Phase 1 Tests › ✅ Homepage loads without authentication" classname="critical-features.spec.ts" time="5.127">
</testcase>
<testcase name="🔐 Critical Features - Phase 1 Tests › ✅ Login page renders with email/password fields" classname="critical-features.spec.ts" time="2.952">
</testcase>
<testcase name="🔐 Critical Features - Phase 1 Tests › ✅ Registration page accessible" classname="critical-features.spec.ts" time="4.521">
</testcase>
<testcase name="🔐 Critical Features - Phase 1 Tests › ✅ User can login with valid credentials" classname="critical-features.spec.ts" time="4.806">
</testcase>
<testcase name="🔐 Critical Features - Phase 1 Tests › ✅ Invalid login shows error message" classname="critical-features.spec.ts" time="3.934">
</testcase>
<testcase name="🔐 Critical Features - Phase 1 Tests › ✅ Authenticated user can access dashboard" classname="critical-features.spec.ts" time="10.627">
</testcase>
<testcase name="🔐 Critical Features - Phase 1 Tests › ✅ Unauthenticated users redirected to login" classname="critical-features.spec.ts" time="4.274">
</testcase>
<testcase name="🔐 Critical Features - Phase 1 Tests › ✅ User can logout and return to login" classname="critical-features.spec.ts" time="4.987">
</testcase>
<testcase name="🔐 Critical Features - Phase 1 Tests › ✅ User role gets correct dashboard" classname="critical-features.spec.ts" time="4.681">
</testcase>
<testcase name="🔐 Critical Features - Phase 1 Tests › ✅ Vendor role gets vendor dashboard" classname="critical-features.spec.ts" time="4.479">
</testcase>
<testcase name="🔐 Critical Features - Phase 1 Tests › ✅ Admin role gets admin dashboard" classname="critical-features.spec.ts" time="9.146">
</testcase>
<testcase name="🔐 Critical Features - Phase 1 Tests › ✅ User cannot access admin routes without permission" classname="critical-features.spec.ts" time="10.271">
</testcase>
<testcase name="🔐 Critical Features - Phase 1 Tests › ✅ AI search section visible on homepage" classname="critical-features.spec.ts" time="7.148">
</testcase>
<testcase name="🔐 Critical Features - Phase 1 Tests › ✅ Venue search accessible from homepage" classname="critical-features.spec.ts" time="6.16">
</testcase>
<testcase name="🔐 Critical Features - Phase 1 Tests › ✅ Vendor search accessible from homepage" classname="critical-features.spec.ts" time="6.006">
</testcase>
<testcase name="🔐 Critical Features - Phase 1 Tests › ✅ Navigation menu accessible" classname="critical-features.spec.ts" time="5.718">
</testcase>
<testcase name="🔐 Critical Features - Phase 1 Tests › ✅ Footer present on all pages" classname="critical-features.spec.ts" time="3.631">
</testcase>
</testsuite>
<testsuite name="deployment-runtime-errors.spec.ts" timestamp="2025-10-27T06:34:37.600Z" hostname="Mobile Chrome" tests="10" failures="1" skipped="0" time="47.102" errors="0">
<testcase name="🚀 DEPLOYMENT - Runtime Error Tracking &amp; Verification › ✅ 1. Homepage loads without runtime errors" classname="deployment-runtime-errors.spec.ts" time="11.138">
<failure message="deployment-runtime-errors.spec.ts:54:7 ✅ 1. Homepage loads without runtime errors" type="FAILURE">
<![CDATA[  [Mobile Chrome] › deployment-runtime-errors.spec.ts:54:7 › 🚀 DEPLOYMENT - Runtime Error Tracking & Verification › ✅ 1. Homepage loads without runtime errors 

    Error: expect(received).toHaveLength(expected)

    Expected length: 0
    Received length: 1
    Received array:  ["Failed to load resource: the server responded with a status of 500 ()"]

      64 |     
      65 |     // No console errors should exist
    > 66 |     expect(runtimeIssues.console_errors).toHaveLength(0)
         |                                          ^
      67 |     expect(runtimeIssues.undefined_properties).toHaveLength(0)
      68 |   })
      69 |
        at /Users/asithalakmal/Documents/web/final project/WeddingLK-next copy/tests/e2e/deployment-runtime-errors.spec.ts:66:42

    attachment #1: screenshot (image/png) ──────────────────────────────────────────────────────────
    ../../test-results/deployment-runtime-errors--1a638-oads-without-runtime-errors-Mobile-Chrome/test-failed-1.png
    ────────────────────────────────────────────────────────────────────────────────────────────────

    attachment #2: video (video/webm) ──────────────────────────────────────────────────────────────
    ../../test-results/deployment-runtime-errors--1a638-oads-without-runtime-errors-Mobile-Chrome/video.webm
    ────────────────────────────────────────────────────────────────────────────────────────────────

    Error Context: ../../test-results/deployment-runtime-errors--1a638-oads-without-runtime-errors-Mobile-Chrome/error-context.md
]]>
</failure>
<system-out>
<![CDATA[[CONSOLE ERROR] Failed to load resource: the server responded with a status of 500 ()
Homepage loaded in 7833ms

╔════════════════════════════════════════════════════════╗
║          DEPLOYMENT RUNTIME ERROR REPORT              ║
╚════════════════════════════════════════════════════════╝

📊 RUNTIME ERROR SUMMARY
━━━━━━━━━━━━━━━━━━━━━━━━━━━━━━━━━━━━━━━━━━━━━━━━━━━━━━
  Console Errors: 1
  Console Warnings: 0
  API Errors: 0
  Undefined Properties: 0
  Manifest Errors: 0
  Network Errors: 0
  Auth (401) Errors: 0

❌ CONSOLE ERRORS:
  1. Failed to load resource: the server responded with a status of 500 ()...

━━━━━━━━━━━━━━━━━━━━━━━━━━━━━━━━━━━━━━━━━━━━━━━━━━━━━━
⚠️  DEPLOYMENT STATUS: 1 issues detected
━━━━━━━━━━━━━━━━━━━━━━━━━━━━━━━━━━━━━━━━━━━━━━━━━━━━━━


[[ATTACHMENT|test-results/deployment-runtime-errors--1a638-oads-without-runtime-errors-Mobile-Chrome/test-failed-1.png]]

[[ATTACHMENT|test-results/deployment-runtime-errors--1a638-oads-without-runtime-errors-Mobile-Chrome/video.webm]]

[[ATTACHMENT|test-results/deployment-runtime-errors--1a638-oads-without-runtime-errors-Mobile-Chrome/error-context.md]]
]]>
</system-out>
</testcase>
<testcase name="🚀 DEPLOYMENT - Runtime Error Tracking &amp; Verification › ✅ 2. Login page renders correctly" classname="deployment-runtime-errors.spec.ts" time="4.724">
</testcase>
<testcase name="🚀 DEPLOYMENT - Runtime Error Tracking &amp; Verification › ✅ 3. User login flow with authentication" classname="deployment-runtime-errors.spec.ts" time="3.263">
</testcase>
<testcase name="🚀 DEPLOYMENT - Runtime Error Tracking &amp; Verification › ✅ 4. Dashboard access with role-based views" classname="deployment-runtime-errors.spec.ts" time="5.993">
<system-out>
<![CDATA[[PAGE ERROR] Cannot read properties of undefined (reading 'User')
[NETWORK ERROR] POST https://wedding-lk.vercel.app/_vercel/speed-insights/vitals
]]>
</system-out>
<system-err>
<![CDATA[(node:49866) Warning: The 'NO_COLOR' env is ignored due to the 'FORCE_COLOR' env being set.
(Use `node --trace-warnings ...` to show where the warning was created)
]]>
</system-err>
</testcase>
<testcase name="🚀 DEPLOYMENT - Runtime Error Tracking &amp; Verification › ✅ 5. API endpoints - Check 401 auth errors" classname="deployment-runtime-errors.spec.ts" time="3.545">
<system-out>
<![CDATA[GET /api/auth/me - 401
  ✓ Correctly returns 401 (auth required)
GET /api/dashboard - 401
  ✓ Correctly returns 401 (auth required)
GET /api/bookings - 401
  ✓ Correctly returns 401 (auth required)
GET /api/users/profile - 401
  ✓ Correctly returns 401 (auth required)

╔════════════════════════════════════════════════════════╗
║          DEPLOYMENT RUNTIME ERROR REPORT              ║
╚════════════════════════════════════════════════════════╝

📊 RUNTIME ERROR SUMMARY
━━━━━━━━━━━━━━━━━━━━━━━━━━━━━━━━━━━━━━━━━━━━━━━━━━━━━━
  Console Errors: 1
  Console Warnings: 0
  API Errors: 0
  Undefined Properties: 0
  Manifest Errors: 0
  Network Errors: 1
  Auth (401) Errors: 0

❌ CONSOLE ERRORS:
  1. Uncaught: Cannot read properties of undefined (reading 'User')...

━━━━━━━━━━━━━━━━━━━━━━━━━━━━━━━━━━━━━━━━━━━━━━━━━━━━━━
⚠️  DEPLOYMENT STATUS: 1 issues detected
━━━━━━━━━━━━━━━━━━━━━━━━━━━━━━━━━━━━━━━━━━━━━━━━━━━━━━

]]>
</system-out>
</testcase>
<testcase name="🚀 DEPLOYMENT - Runtime Error Tracking &amp; Verification › ✅ 6. Venues API - Check data responses" classname="deployment-runtime-errors.spec.ts" time="3.794">
<system-out>
<![CDATA[✓ Venues API responded with status 200
  Venues count: 0
]]>
</system-out>
<system-err>
<![CDATA[(node:48927) Warning: The 'NO_COLOR' env is ignored due to the 'FORCE_COLOR' env being set.
(Use `node --trace-warnings ...` to show where the warning was created)
]]>
</system-err>
</testcase>
<testcase name="🚀 DEPLOYMENT - Runtime Error Tracking &amp; Verification › ✅ 7. Search API - Check runtime errors" classname="deployment-runtime-errors.spec.ts" time="1.647">
<system-out>
<![CDATA[✓ Search API responded successfully
]]>
</system-out>
</testcase>
<testcase name="🚀 DEPLOYMENT - Runtime Error Tracking &amp; Verification › ✅ 8. Health check endpoints" classname="deployment-runtime-errors.spec.ts" time="1.085">
<system-out>
<![CDATA[✓ Health check: healthy
]]>
</system-out>
</testcase>
<testcase name="🚀 DEPLOYMENT - Runtime Error Tracking &amp; Verification › ✅ 9. Homepage navigation links work" classname="deployment-runtime-errors.spec.ts" time="5.678">
<system-out>
<![CDATA[[CONSOLE ERROR] Failed to load resource: the server responded with a status of 500 ()
Found 5 navigation links
  ✓ Navigation link: /venues
  ✓ Navigation link: /vendors
  ✓ Navigation link: /feed
]]>
</system-out>
</testcase>
<testcase name="🚀 DEPLOYMENT - Runtime Error Tracking &amp; Verification › ✅ 10. Mobile responsiveness - no layout errors" classname="deployment-runtime-errors.spec.ts" time="6.235">
<system-out>
<![CDATA[[CONSOLE ERROR] Failed to load resource: the server responded with a status of 500 ()
Mobile menu button visible on mobile: no

╔════════════════════════════════════════════════════════╗
║          DEPLOYMENT RUNTIME ERROR REPORT              ║
╚════════════════════════════════════════════════════════╝

📊 RUNTIME ERROR SUMMARY
━━━━━━━━━━━━━━━━━━━━━━━━━━━━━━━━━━━━━━━━━━━━━━━━━━━━━━
  Console Errors: 2
  Console Warnings: 0
  API Errors: 0
  Undefined Properties: 0
  Manifest Errors: 0
  Network Errors: 0
  Auth (401) Errors: 0

❌ CONSOLE ERRORS:
  1. Failed to load resource: the server responded with a status of 500 ()...
  2. Failed to load resource: the server responded with a status of 500 ()...

━━━━━━━━━━━━━━━━━━━━━━━━━━━━━━━━━━━━━━━━━━━━━━━━━━━━━━
⚠️  DEPLOYMENT STATUS: 2 issues detected
━━━━━━━━━━━━━━━━━━━━━━━━━━━━━━━━━━━━━━━━━━━━━━━━━━━━━━

]]>
</system-out>
</testcase>
</testsuite>
<testsuite name="error-handling-tests.spec.ts" timestamp="2025-10-27T06:34:37.600Z" hostname="Mobile Chrome" tests="34" failures="2" skipped="0" time="165.255" errors="0">
<testcase name="⚠️ Error Handling Tests - Phase 6 › 🔐 Authentication Error Handling › ✅ Empty email shows validation error" classname="error-handling-tests.spec.ts" time="3.622">
</testcase>
<testcase name="⚠️ Error Handling Tests - Phase 6 › 🔐 Authentication Error Handling › ✅ Empty password shows validation error" classname="error-handling-tests.spec.ts" time="3.141">
</testcase>
<testcase name="⚠️ Error Handling Tests - Phase 6 › 🔐 Authentication Error Handling › ✅ Invalid email format shows error" classname="error-handling-tests.spec.ts" time="4.02">
</testcase>
<testcase name="⚠️ Error Handling Tests - Phase 6 › 🔐 Authentication Error Handling › ✅ Non-existent user shows error" classname="error-handling-tests.spec.ts" time="3.568">
</testcase>
<testcase name="⚠️ Error Handling Tests - Phase 6 › 🔐 Authentication Error Handling › ✅ Wrong password shows error" classname="error-handling-tests.spec.ts" time="3.144">
</testcase>
<testcase name="⚠️ Error Handling Tests - Phase 6 › 🔐 Authentication Error Handling › ✅ Duplicate email on registration shows error" classname="error-handling-tests.spec.ts" time="7.673">
</testcase>
<testcase name="⚠️ Error Handling Tests - Phase 6 › 🔐 Authentication Error Handling › ✅ Weak password shows validation error" classname="error-handling-tests.spec.ts" time="5.736">
</testcase>
<testcase name="⚠️ Error Handling Tests - Phase 6 › 🗺️ Navigation Error Handling › ✅ 404 page is displayed for non-existent routes" classname="error-handling-tests.spec.ts" time="3.366">
</testcase>
<testcase name="⚠️ Error Handling Tests - Phase 6 › 🗺️ Navigation Error Handling › ✅ Can navigate away from 404 page" classname="error-handling-tests.spec.ts" time="5.643">
</testcase>
<testcase name="⚠️ Error Handling Tests - Phase 6 › 🗺️ Navigation Error Handling › ✅ Broken link handling" classname="error-handling-tests.spec.ts" time="4.856">
</testcase>
<testcase name="⚠️ Error Handling Tests - Phase 6 › 🗺️ Navigation Error Handling › ✅ Protected route redirects unauthenticated user" classname="error-handling-tests.spec.ts" time="5.136">
</testcase>
<testcase name="⚠️ Error Handling Tests - Phase 6 › 🗺️ Navigation Error Handling › ✅ Invalid query parameters handled gracefully" classname="error-handling-tests.spec.ts" time="5.309">
</testcase>
<testcase name="⚠️ Error Handling Tests - Phase 6 › 🌐 Network Error Handling › ✅ Page loads with network issues" classname="error-handling-tests.spec.ts" time="2.317">
<failure message="error-handling-tests.spec.ts:178:9 ✅ Page loads with network issues" type="FAILURE">
<![CDATA[  [Mobile Chrome] › error-handling-tests.spec.ts:178:9 › ⚠️ Error Handling Tests - Phase 6 › 🌐 Network Error Handling › ✅ Page loads with network issues 

    Error: route.continue: Route is already handled!

      179 |       // Simulate slow 3G
      180 |       await page.route('**/*', route => {
    > 181 |         setTimeout(() => route.continue(), 100)
          |                                        ^
      182 |       })
      183 |       
      184 |       await page.goto('/')
        at Timeout._onTimeout (/Users/asithalakmal/Documents/web/final project/WeddingLK-next copy/tests/e2e/error-handling-tests.spec.ts:181:40)

    Error: browserContext.close: Target page, context or browser has been closed

    Error Context: ../../test-results/error-handling-tests-⚠️-Er-4ce46-e-loads-with-network-issues-Mobile-Chrome/error-context.md
]]>
</failure>
<system-out>
<![CDATA[
[[ATTACHMENT|test-results/error-handling-tests-⚠️-Er-4ce46-e-loads-with-network-issues-Mobile-Chrome/error-context.md]]
]]>
</system-out>
</testcase>
<testcase name="⚠️ Error Handling Tests - Phase 6 › 🌐 Network Error Handling › ✅ Failed API call shows error message" classname="error-handling-tests.spec.ts" time="6.293">
</testcase>
<testcase name="⚠️ Error Handling Tests - Phase 6 › 🌐 Network Error Handling › ✅ Offline mode handling" classname="error-handling-tests.spec.ts" time="5.848">
<failure message="error-handling-tests.spec.ts:203:9 ✅ Offline mode handling" type="FAILURE">
<![CDATA[  [Mobile Chrome] › error-handling-tests.spec.ts:203:9 › ⚠️ Error Handling Tests - Phase 6 › 🌐 Network Error Handling › ✅ Offline mode handling 

    Error: locator.isVisible: Error: strict mode violation: locator('a[href="/venues"]') resolved to 2 elements:
        1) <a href="/venues" class="text-gray-700 hover:text-rose-500 dark:text-gray-300 dark:hover:text-rose-400 font-medium transition-colors">Venues</a> aka getByRole('banner').getByText('Venues')
        2) <a href="/venues" class="hover:text-white transition-colors">Venues</a> aka getByRole('link', { name: 'Venues' })

    Call log:
        - checking visibility of locator('a[href="/venues"]')


      209 |       // Try to interact
      210 |       const links = page.locator('a[href="/venues"]')
    > 211 |       if (await links.isVisible()) {
          |                       ^
      212 |         await links.first().click().catch(() => {})
      213 |       }
      214 |       
        at /Users/asithalakmal/Documents/web/final project/WeddingLK-next copy/tests/e2e/error-handling-tests.spec.ts:211:23

    attachment #1: screenshot (image/png) ──────────────────────────────────────────────────────────
    ../../test-results/error-handling-tests-⚠️-Er-a9dd0-ing-✅-Offline-mode-handling-Mobile-Chrome/test-failed-1.png
    ────────────────────────────────────────────────────────────────────────────────────────────────

    attachment #2: video (video/webm) ──────────────────────────────────────────────────────────────
    ../../test-results/error-handling-tests-⚠️-Er-a9dd0-ing-✅-Offline-mode-handling-Mobile-Chrome/video.webm
    ────────────────────────────────────────────────────────────────────────────────────────────────

    Error Context: ../../test-results/error-handling-tests-⚠️-Er-a9dd0-ing-✅-Offline-mode-handling-Mobile-Chrome/error-context.md
]]>
</failure>
<system-out>
<![CDATA[
[[ATTACHMENT|test-results/error-handling-tests-⚠️-Er-a9dd0-ing-✅-Offline-mode-handling-Mobile-Chrome/test-failed-1.png]]

[[ATTACHMENT|test-results/error-handling-tests-⚠️-Er-a9dd0-ing-✅-Offline-mode-handling-Mobile-Chrome/video.webm]]

[[ATTACHMENT|test-results/error-handling-tests-⚠️-Er-a9dd0-ing-✅-Offline-mode-handling-Mobile-Chrome/error-context.md]]
]]>
</system-out>
</testcase>
<testcase name="⚠️ Error Handling Tests - Phase 6 › 🌐 Network Error Handling › ✅ Timeout on slow endpoint" classname="error-handling-tests.spec.ts" time="2.293">
</testcase>
<testcase name="⚠️ Error Handling Tests - Phase 6 › 🌐 Network Error Handling › ✅ CORS error handling" classname="error-handling-tests.spec.ts" time="5.688">
</testcase>
<testcase name="⚠️ Error Handling Tests - Phase 6 › 📝 Form Error Handling › ✅ Required field validation" classname="error-handling-tests.spec.ts" time="3.987">
</testcase>
<testcase name="⚠️ Error Handling Tests - Phase 6 › 📝 Form Error Handling › ✅ File upload error handling" classname="error-handling-tests.spec.ts" time="5.373">
</testcase>
<testcase name="⚠️ Error Handling Tests - Phase 6 › 📝 Form Error Handling › ✅ Form submission error recovery" classname="error-handling-tests.spec.ts" time="4.369">
</testcase>
<testcase name="⚠️ Error Handling Tests - Phase 6 › 📝 Form Error Handling › ✅ Max length validation on text fields" classname="error-handling-tests.spec.ts" time="5.777">
</testcase>
<testcase name="⚠️ Error Handling Tests - Phase 6 › 🎨 UI Component Error Handling › ✅ Missing image fallback" classname="error-handling-tests.spec.ts" time="2.21">
</testcase>
<testcase name="⚠️ Error Handling Tests - Phase 6 › 🎨 UI Component Error Handling › ✅ Modal close on error" classname="error-handling-tests.spec.ts" time="3.917">
</testcase>
<testcase name="⚠️ Error Handling Tests - Phase 6 › 🎨 UI Component Error Handling › ✅ Tooltip error messages display" classname="error-handling-tests.spec.ts" time="2.445">
</testcase>
<testcase name="⚠️ Error Handling Tests - Phase 6 › 🎨 UI Component Error Handling › ✅ Loading state timeout fallback" classname="error-handling-tests.spec.ts" time="6.056">
</testcase>
<testcase name="⚠️ Error Handling Tests - Phase 6 › 💾 Data Error Handling › ✅ Invalid JSON response handling" classname="error-handling-tests.spec.ts" time="5.589">
</testcase>
<testcase name="⚠️ Error Handling Tests - Phase 6 › 💾 Data Error Handling › ✅ Null/undefined data handling" classname="error-handling-tests.spec.ts" time="4.191">
</testcase>
<testcase name="⚠️ Error Handling Tests - Phase 6 › 💾 Data Error Handling › ✅ Empty array response handling" classname="error-handling-tests.spec.ts" time="2.978">
</testcase>
<testcase name="⚠️ Error Handling Tests - Phase 6 › 💾 Data Error Handling › ✅ Large response handling" classname="error-handling-tests.spec.ts" time="6.341">
</testcase>
<testcase name="⚠️ Error Handling Tests - Phase 6 › 🖥️ Browser/System Error Handling › ✅ JavaScript error handling" classname="error-handling-tests.spec.ts" time="5.35">
</testcase>
<testcase name="⚠️ Error Handling Tests - Phase 6 › 🖥️ Browser/System Error Handling › ✅ Memory leak handling on navigation" classname="error-handling-tests.spec.ts" time="8.32">
</testcase>
<testcase name="⚠️ Error Handling Tests - Phase 6 › 🖥️ Browser/System Error Handling › ✅ Rapid navigation handling" classname="error-handling-tests.spec.ts" time="6.59">
</testcase>
<testcase name="⚠️ Error Handling Tests - Phase 6 › 🖥️ Browser/System Error Handling › ✅ Window resize error handling" classname="error-handling-tests.spec.ts" time="10.046">
</testcase>
<testcase name="⚠️ Error Handling Tests - Phase 6 › 🖥️ Browser/System Error Handling › ✅ Storage quota error handling" classname="error-handling-tests.spec.ts" time="4.063">
</testcase>
</testsuite>
<testsuite name="navigation-tests.spec.ts" timestamp="2025-10-27T06:34:37.600Z" hostname="Mobile Chrome" tests="35" failures="6" skipped="0" time="272.314" errors="0">
<testcase name="🗺️ Page Navigation Tests - Phase 3 › 🌐 Public Pages Navigation › ✅ Navigate from homepage to venues" classname="navigation-tests.spec.ts" time="4.668">
<failure message="navigation-tests.spec.ts:24:9 ✅ Navigate from homepage to venues" type="FAILURE">
<![CDATA[  [Mobile Chrome] › navigation-tests.spec.ts:24:9 › 🗺️ Page Navigation Tests - Phase 3 › 🌐 Public Pages Navigation › ✅ Navigate from homepage to venues 

    Error: expect(locator).toBeVisible() failed

    Locator: locator('a[href="/venues"], a:has-text("Venues")')
    Expected: visible
    Error: strict mode violation: locator('a[href="/venues"], a:has-text("Venues")') resolved to 2 elements:
        1) <a href="/venues" class="text-gray-700 hover:text-rose-500 dark:text-gray-300 dark:hover:text-rose-400 font-medium transition-colors">Venues</a> aka getByRole('banner').getByText('Venues')
        2) <a href="/venues" class="hover:text-white transition-colors">Venues</a> aka getByRole('link', { name: 'Venues' })

    Call log:
      - Expect "toBeVisible" with timeout 30000ms
      - waiting for locator('a[href="/venues"], a:has-text("Venues")')


      27 |       // Find and click venues link
      28 |       const venuesLink = page.locator('a[href="/venues"], a:has-text("Venues")')
    > 29 |       await expect(venuesLink).toBeVisible()
         |                                ^
      30 |       await venuesLink.first().click()
      31 |       
      32 |       await expect(page).toHaveURL(/\/venues/)
        at /Users/asithalakmal/Documents/web/final project/WeddingLK-next copy/tests/e2e/navigation-tests.spec.ts:29:32

    attachment #1: screenshot (image/png) ──────────────────────────────────────────────────────────
    ../../test-results/navigation-tests-🗺️-Page--f062f-ate-from-homepage-to-venues-Mobile-Chrome/test-failed-1.png
    ────────────────────────────────────────────────────────────────────────────────────────────────

    attachment #2: video (video/webm) ──────────────────────────────────────────────────────────────
    ../../test-results/navigation-tests-🗺️-Page--f062f-ate-from-homepage-to-venues-Mobile-Chrome/video.webm
    ────────────────────────────────────────────────────────────────────────────────────────────────

    Error Context: ../../test-results/navigation-tests-🗺️-Page--f062f-ate-from-homepage-to-venues-Mobile-Chrome/error-context.md
]]>
</failure>
<system-out>
<![CDATA[
[[ATTACHMENT|test-results/navigation-tests-🗺️-Page--f062f-ate-from-homepage-to-venues-Mobile-Chrome/test-failed-1.png]]

[[ATTACHMENT|test-results/navigation-tests-🗺️-Page--f062f-ate-from-homepage-to-venues-Mobile-Chrome/video.webm]]

[[ATTACHMENT|test-results/navigation-tests-🗺️-Page--f062f-ate-from-homepage-to-venues-Mobile-Chrome/error-context.md]]
]]>
</system-out>
</testcase>
<testcase name="🗺️ Page Navigation Tests - Phase 3 › 🌐 Public Pages Navigation › ✅ Navigate from homepage to vendors" classname="navigation-tests.spec.ts" time="4.472">
<failure message="navigation-tests.spec.ts:35:9 ✅ Navigate from homepage to vendors" type="FAILURE">
<![CDATA[  [Mobile Chrome] › navigation-tests.spec.ts:35:9 › 🗺️ Page Navigation Tests - Phase 3 › 🌐 Public Pages Navigation › ✅ Navigate from homepage to vendors 

    Error: expect(locator).toBeVisible() failed

    Locator: locator('a[href="/vendors"], a:has-text("Vendors")')
    Expected: visible
    Error: strict mode violation: locator('a[href="/vendors"], a:has-text("Vendors")') resolved to 2 elements:
        1) <a href="/vendors" class="text-gray-700 hover:text-rose-500 dark:text-gray-300 dark:hover:text-rose-400 font-medium transition-colors">Vendors</a> aka getByRole('banner').getByText('Vendors')
        2) <a href="/vendors" class="hover:text-white transition-colors">Vendors</a> aka getByRole('link', { name: 'Vendors' })

    Call log:
      - Expect "toBeVisible" with timeout 30000ms
      - waiting for locator('a[href="/vendors"], a:has-text("Vendors")')


      37 |       
      38 |       const vendorsLink = page.locator('a[href="/vendors"], a:has-text("Vendors")')
    > 39 |       await expect(vendorsLink).toBeVisible()
         |                                 ^
      40 |       await vendorsLink.first().click()
      41 |       
      42 |       await expect(page).toHaveURL(/\/vendors/)
        at /Users/asithalakmal/Documents/web/final project/WeddingLK-next copy/tests/e2e/navigation-tests.spec.ts:39:33

    attachment #1: screenshot (image/png) ──────────────────────────────────────────────────────────
    ../../test-results/navigation-tests-🗺️-Page--dc54b-te-from-homepage-to-vendors-Mobile-Chrome/test-failed-1.png
    ────────────────────────────────────────────────────────────────────────────────────────────────

    attachment #2: video (video/webm) ──────────────────────────────────────────────────────────────
    ../../test-results/navigation-tests-🗺️-Page--dc54b-te-from-homepage-to-vendors-Mobile-Chrome/video.webm
    ────────────────────────────────────────────────────────────────────────────────────────────────

    Error Context: ../../test-results/navigation-tests-🗺️-Page--dc54b-te-from-homepage-to-vendors-Mobile-Chrome/error-context.md
]]>
</failure>
<system-out>
<![CDATA[
[[ATTACHMENT|test-results/navigation-tests-🗺️-Page--dc54b-te-from-homepage-to-vendors-Mobile-Chrome/test-failed-1.png]]

[[ATTACHMENT|test-results/navigation-tests-🗺️-Page--dc54b-te-from-homepage-to-vendors-Mobile-Chrome/video.webm]]

[[ATTACHMENT|test-results/navigation-tests-🗺️-Page--dc54b-te-from-homepage-to-vendors-Mobile-Chrome/error-context.md]]
]]>
</system-out>
</testcase>
<testcase name="🗺️ Page Navigation Tests - Phase 3 › 🌐 Public Pages Navigation › ✅ Navigate from homepage to about" classname="navigation-tests.spec.ts" time="6.955">
<failure message="navigation-tests.spec.ts:45:9 ✅ Navigate from homepage to about" type="FAILURE">
<![CDATA[  [Mobile Chrome] › navigation-tests.spec.ts:45:9 › 🗺️ Page Navigation Tests - Phase 3 › 🌐 Public Pages Navigation › ✅ Navigate from homepage to about 

    Error: expect(locator).toBeVisible() failed

    Locator: locator('a[href="/about"], a:has-text("About")')
    Expected: visible
    Error: strict mode violation: locator('a[href="/about"], a:has-text("About")') resolved to 2 elements:
        1) <a href="/about" class="text-gray-700 hover:text-rose-500 dark:text-gray-300 dark:hover:text-rose-400 font-medium transition-colors">About</a> aka getByRole('banner').getByText('About')
        2) <a href="/about" class="hover:text-white transition-colors">About</a> aka getByRole('link', { name: 'About' })

    Call log:
      - Expect "toBeVisible" with timeout 30000ms
      - waiting for locator('a[href="/about"], a:has-text("About")')


      47 |       
      48 |       const aboutLink = page.locator('a[href="/about"], a:has-text("About")')
    > 49 |       await expect(aboutLink).toBeVisible()
         |                               ^
      50 |       await aboutLink.first().click()
      51 |       
      52 |       await expect(page).toHaveURL(/\/about/)
        at /Users/asithalakmal/Documents/web/final project/WeddingLK-next copy/tests/e2e/navigation-tests.spec.ts:49:31

    attachment #1: screenshot (image/png) ──────────────────────────────────────────────────────────
    ../../test-results/navigation-tests-🗺️-Page--cb748-gate-from-homepage-to-about-Mobile-Chrome/test-failed-1.png
    ────────────────────────────────────────────────────────────────────────────────────────────────

    attachment #2: video (video/webm) ──────────────────────────────────────────────────────────────
    ../../test-results/navigation-tests-🗺️-Page--cb748-gate-from-homepage-to-about-Mobile-Chrome/video.webm
    ────────────────────────────────────────────────────────────────────────────────────────────────

    Error Context: ../../test-results/navigation-tests-🗺️-Page--cb748-gate-from-homepage-to-about-Mobile-Chrome/error-context.md
]]>
</failure>
<system-out>
<![CDATA[
[[ATTACHMENT|test-results/navigation-tests-🗺️-Page--cb748-gate-from-homepage-to-about-Mobile-Chrome/test-failed-1.png]]

[[ATTACHMENT|test-results/navigation-tests-🗺️-Page--cb748-gate-from-homepage-to-about-Mobile-Chrome/video.webm]]

[[ATTACHMENT|test-results/navigation-tests-🗺️-Page--cb748-gate-from-homepage-to-about-Mobile-Chrome/error-context.md]]
]]>
</system-out>
</testcase>
<testcase name="🗺️ Page Navigation Tests - Phase 3 › 🌐 Public Pages Navigation › ✅ Navigate from homepage to contact" classname="navigation-tests.spec.ts" time="4.604">
<failure message="navigation-tests.spec.ts:55:9 ✅ Navigate from homepage to contact" type="FAILURE">
<![CDATA[  [Mobile Chrome] › navigation-tests.spec.ts:55:9 › 🗺️ Page Navigation Tests - Phase 3 › 🌐 Public Pages Navigation › ✅ Navigate from homepage to contact 

    Error: locator.isVisible: Error: strict mode violation: locator('a[href="/contact"], a:has-text("Contact")') resolved to 2 elements:
        1) <a href="/contact" class="inline-flex items-center justify-center gap-2 whitespace-nowrap text-sm font-medium ring-offset-background transition-colors focus-visible:outline-none focus-visible:ring-2 focus-visible:ring-ring focus-visible:ring-offset-2 disabled:pointer-events-none disabled:opacity-50 [&_svg]:pointer-events-none [&_svg]:size-4 [&_svg]:shrink-0 border h-11 rounded-md px-8 border-white/30 text-gray-600 hover:bg-white/10 hover:text-gray-600 backdrop-blur-sm bg-white/90">Contact Us</a> aka getByRole('link', { name: 'Contact Us' })
        2) <a href="/contact" class="hover:text-white transition-colors">Contact</a> aka getByRole('link', { name: 'Contact', exact: true })

    Call log:
        - checking visibility of locator('a[href="/contact"], a:has-text("Contact")')


      57 |       
      58 |       const contactLink = page.locator('a[href="/contact"], a:has-text("Contact")')
    > 59 |       if (await contactLink.isVisible()) {
         |                             ^
      60 |         await contactLink.first().click()
      61 |         await expect(page).toHaveURL(/\/contact/)
      62 |       }
        at /Users/asithalakmal/Documents/web/final project/WeddingLK-next copy/tests/e2e/navigation-tests.spec.ts:59:29

    attachment #1: screenshot (image/png) ──────────────────────────────────────────────────────────
    ../../test-results/navigation-tests-🗺️-Page--b9f03-te-from-homepage-to-contact-Mobile-Chrome/test-failed-1.png
    ────────────────────────────────────────────────────────────────────────────────────────────────

    attachment #2: video (video/webm) ──────────────────────────────────────────────────────────────
    ../../test-results/navigation-tests-🗺️-Page--b9f03-te-from-homepage-to-contact-Mobile-Chrome/video.webm
    ────────────────────────────────────────────────────────────────────────────────────────────────

    Error Context: ../../test-results/navigation-tests-🗺️-Page--b9f03-te-from-homepage-to-contact-Mobile-Chrome/error-context.md
]]>
</failure>
<system-out>
<![CDATA[
[[ATTACHMENT|test-results/navigation-tests-🗺️-Page--b9f03-te-from-homepage-to-contact-Mobile-Chrome/test-failed-1.png]]

[[ATTACHMENT|test-results/navigation-tests-🗺️-Page--b9f03-te-from-homepage-to-contact-Mobile-Chrome/video.webm]]

[[ATTACHMENT|test-results/navigation-tests-🗺️-Page--b9f03-te-from-homepage-to-contact-Mobile-Chrome/error-context.md]]
]]>
</system-out>
</testcase>
<testcase name="🗺️ Page Navigation Tests - Phase 3 › 🌐 Public Pages Navigation › ✅ Navigate from homepage to login" classname="navigation-tests.spec.ts" time="7.016">
</testcase>
<testcase name="🗺️ Page Navigation Tests - Phase 3 › 🌐 Public Pages Navigation › ✅ Navigate from homepage to register" classname="navigation-tests.spec.ts" time="8.722">
</testcase>
<testcase name="🗺️ Page Navigation Tests - Phase 3 › 🌐 Public Pages Navigation › ✅ Navigate from login to register" classname="navigation-tests.spec.ts" time="7.995">
</testcase>
<testcase name="🗺️ Page Navigation Tests - Phase 3 › 🌐 Public Pages Navigation › ✅ Navigate from register to login" classname="navigation-tests.spec.ts" time="3.338">
</testcase>
<testcase name="🗺️ Page Navigation Tests - Phase 3 › 🌐 Public Pages Navigation › ✅ Navigate to venues list" classname="navigation-tests.spec.ts" time="2.507">
</testcase>
<testcase name="🗺️ Page Navigation Tests - Phase 3 › 🌐 Public Pages Navigation › ✅ Navigate to vendors list" classname="navigation-tests.spec.ts" time="3.28">
</testcase>
<testcase name="🗺️ Page Navigation Tests - Phase 3 › 📊 Dashboard Navigation (Authenticated) › ✅ User dashboard loads with sidebar" classname="navigation-tests.spec.ts" time="37.524">
<failure message="navigation-tests.spec.ts:125:9 ✅ User dashboard loads with sidebar" type="FAILURE">
<![CDATA[  [Mobile Chrome] › navigation-tests.spec.ts:125:9 › 🗺️ Page Navigation Tests - Phase 3 › 📊 Dashboard Navigation (Authenticated) › ✅ User dashboard loads with sidebar 

    Error: expect(locator).toBeVisible() failed

    Locator: locator('aside, nav[class*="sidebar"]')
    Expected: visible
    Timeout: 30000ms
    Error: element(s) not found

    Call log:
      - Expect "toBeVisible" with timeout 30000ms
      - waiting for locator('aside, nav[class*="sidebar"]')


      128 |       // Check sidebar exists
      129 |       const sidebar = page.locator('aside, nav[class*="sidebar"]')
    > 130 |       await expect(sidebar).toBeVisible()
          |                             ^
      131 |     })
      132 |
      133 |     test('✅ Navigate to dashboard > profile', async ({ page }) => {
        at /Users/asithalakmal/Documents/web/final project/WeddingLK-next copy/tests/e2e/navigation-tests.spec.ts:130:29

    attachment #1: screenshot (image/png) ──────────────────────────────────────────────────────────
    ../../test-results/navigation-tests-🗺️-Page--d46c5-ashboard-loads-with-sidebar-Mobile-Chrome/test-failed-1.png
    ────────────────────────────────────────────────────────────────────────────────────────────────

    attachment #2: video (video/webm) ──────────────────────────────────────────────────────────────
    ../../test-results/navigation-tests-🗺️-Page--d46c5-ashboard-loads-with-sidebar-Mobile-Chrome/video.webm
    ────────────────────────────────────────────────────────────────────────────────────────────────

    Error Context: ../../test-results/navigation-tests-🗺️-Page--d46c5-ashboard-loads-with-sidebar-Mobile-Chrome/error-context.md
]]>
</failure>
<system-out>
<![CDATA[
[[ATTACHMENT|test-results/navigation-tests-🗺️-Page--d46c5-ashboard-loads-with-sidebar-Mobile-Chrome/test-failed-1.png]]

[[ATTACHMENT|test-results/navigation-tests-🗺️-Page--d46c5-ashboard-loads-with-sidebar-Mobile-Chrome/video.webm]]

[[ATTACHMENT|test-results/navigation-tests-🗺️-Page--d46c5-ashboard-loads-with-sidebar-Mobile-Chrome/error-context.md]]
]]>
</system-out>
</testcase>
<testcase name="🗺️ Page Navigation Tests - Phase 3 › 📊 Dashboard Navigation (Authenticated) › ✅ Navigate to dashboard &gt; profile" classname="navigation-tests.spec.ts" time="6.944">
</testcase>
<testcase name="🗺️ Page Navigation Tests - Phase 3 › 📊 Dashboard Navigation (Authenticated) › ✅ Navigate to dashboard &gt; bookings" classname="navigation-tests.spec.ts" time="5.333">
</testcase>
<testcase name="🗺️ Page Navigation Tests - Phase 3 › 📊 Dashboard Navigation (Authenticated) › ✅ Navigate to dashboard &gt; favorites" classname="navigation-tests.spec.ts" time="4.852">
</testcase>
<testcase name="🗺️ Page Navigation Tests - Phase 3 › 📊 Dashboard Navigation (Authenticated) › ✅ Navigate to dashboard &gt; settings" classname="navigation-tests.spec.ts" time="4.177">
</testcase>
<testcase name="🗺️ Page Navigation Tests - Phase 3 › 📊 Dashboard Navigation (Authenticated) › ✅ Navigate back to homepage from dashboard" classname="navigation-tests.spec.ts" time="5.512">
</testcase>
<testcase name="🗺️ Page Navigation Tests - Phase 3 › 🏢 Vendor Dashboard Navigation › ✅ Vendor dashboard loads" classname="navigation-tests.spec.ts" time="9.119">
</testcase>
<testcase name="🗺️ Page Navigation Tests - Phase 3 › 🏢 Vendor Dashboard Navigation › ✅ Navigate vendor dashboard &gt; services" classname="navigation-tests.spec.ts" time="7.14">
</testcase>
<testcase name="🗺️ Page Navigation Tests - Phase 3 › 🏢 Vendor Dashboard Navigation › ✅ Navigate vendor dashboard &gt; bookings" classname="navigation-tests.spec.ts" time="10.491">
</testcase>
<testcase name="🗺️ Page Navigation Tests - Phase 3 › 🏢 Vendor Dashboard Navigation › ✅ Navigate vendor dashboard &gt; profile" classname="navigation-tests.spec.ts" time="15.533">
</testcase>
<testcase name="🗺️ Page Navigation Tests - Phase 3 › 👑 Admin Dashboard Navigation › ✅ Admin dashboard loads" classname="navigation-tests.spec.ts" time="22.02">
</testcase>
<testcase name="🗺️ Page Navigation Tests - Phase 3 › 👑 Admin Dashboard Navigation › ✅ Navigate admin dashboard &gt; users" classname="navigation-tests.spec.ts" time="14.954">
</testcase>
<testcase name="🗺️ Page Navigation Tests - Phase 3 › 👑 Admin Dashboard Navigation › ✅ Navigate admin dashboard &gt; analytics" classname="navigation-tests.spec.ts" time="5.782">
</testcase>
<testcase name="🗺️ Page Navigation Tests - Phase 3 › 👑 Admin Dashboard Navigation › ✅ Navigate admin dashboard &gt; settings" classname="navigation-tests.spec.ts" time="6.326">
</testcase>
<testcase name="🗺️ Page Navigation Tests - Phase 3 › 🔗 Breadcrumb Navigation › ✅ Breadcrumbs visible on nested pages" classname="navigation-tests.spec.ts" time="2.675">
</testcase>
<testcase name="🗺️ Page Navigation Tests - Phase 3 › 🔗 Breadcrumb Navigation › ✅ Breadcrumb navigation works" classname="navigation-tests.spec.ts" time="2.717">
</testcase>
<testcase name="🗺️ Page Navigation Tests - Phase 3 › 🦶 Footer Navigation › ✅ Footer visible on homepage" classname="navigation-tests.spec.ts" time="4.488">
</testcase>
<testcase name="🗺️ Page Navigation Tests - Phase 3 › 🦶 Footer Navigation › ✅ Footer has required links" classname="navigation-tests.spec.ts" time="5.336">
</testcase>
<testcase name="🗺️ Page Navigation Tests - Phase 3 › 🦶 Footer Navigation › ✅ Social media links in footer" classname="navigation-tests.spec.ts" time="5.767">
</testcase>
<testcase name="🗺️ Page Navigation Tests - Phase 3 › 🦶 Footer Navigation › ✅ Contact info in footer" classname="navigation-tests.spec.ts" time="5.858">
</testcase>
<testcase name="🗺️ Page Navigation Tests - Phase 3 › 🔍 Search Navigation › ✅ Search functionality on homepage" classname="navigation-tests.spec.ts" time="8.717">
</testcase>
<testcase name="🗺️ Page Navigation Tests - Phase 3 › 🔍 Search Navigation › ✅ Search from venues page" classname="navigation-tests.spec.ts" time="5.477">
</testcase>
<testcase name="🗺️ Page Navigation Tests - Phase 3 › 🔍 Search Navigation › ✅ Filter navigation on vendor page" classname="navigation-tests.spec.ts" time="6.292">
</testcase>
<testcase name="🗺️ Page Navigation Tests - Phase 3 › ↩️ Back/Forward Navigation › ✅ Browser back button works" classname="navigation-tests.spec.ts" time="11.082">
<failure message="navigation-tests.spec.ts:399:9 ✅ Browser back button works" type="FAILURE">
<![CDATA[  [Mobile Chrome] › navigation-tests.spec.ts:399:9 › 🗺️ Page Navigation Tests - Phase 3 › ↩️ Back/Forward Navigation › ✅ Browser back button works 

    Error: locator.isVisible: Error: strict mode violation: locator('a[href="/venues"], a:has-text("Venues")') resolved to 2 elements:
        1) <a href="/venues" class="text-gray-700 hover:text-rose-500 dark:text-gray-300 dark:hover:text-rose-400 font-medium transition-colors">Venues</a> aka getByRole('banner').getByText('Venues')
        2) <a href="/venues" class="hover:text-white transition-colors">Venues</a> aka getByRole('link', { name: 'Venues' })

    Call log:
        - checking visibility of locator('a[href="/venues"], a:has-text("Venues")')


      402 |       // Navigate to venues
      403 |       const venuesLink = page.locator('a[href="/venues"], a:has-text("Venues")')
    > 404 |       if (await venuesLink.isVisible()) {
          |                            ^
      405 |         await venuesLink.first().click()
      406 |         await expect(page).toHaveURL(/\/venues/)
      407 |         
        at /Users/asithalakmal/Documents/web/final project/WeddingLK-next copy/tests/e2e/navigation-tests.spec.ts:404:28

    attachment #1: screenshot (image/png) ──────────────────────────────────────────────────────────
    ../../test-results/navigation-tests-🗺️-Page--feaa1-✅-Browser-back-button-works-Mobile-Chrome/test-failed-1.png
    ────────────────────────────────────────────────────────────────────────────────────────────────

    attachment #2: video (video/webm) ──────────────────────────────────────────────────────────────
    ../../test-results/navigation-tests-🗺️-Page--feaa1-✅-Browser-back-button-works-Mobile-Chrome/video.webm
    ────────────────────────────────────────────────────────────────────────────────────────────────

    Error Context: ../../test-results/navigation-tests-🗺️-Page--feaa1-✅-Browser-back-button-works-Mobile-Chrome/error-context.md
]]>
</failure>
<system-out>
<![CDATA[
[[ATTACHMENT|test-results/navigation-tests-🗺️-Page--feaa1-✅-Browser-back-button-works-Mobile-Chrome/test-failed-1.png]]

[[ATTACHMENT|test-results/navigation-tests-🗺️-Page--feaa1-✅-Browser-back-button-works-Mobile-Chrome/video.webm]]

[[ATTACHMENT|test-results/navigation-tests-🗺️-Page--feaa1-✅-Browser-back-button-works-Mobile-Chrome/error-context.md]]
]]>
</system-out>
</testcase>
<testcase name="🗺️ Page Navigation Tests - Phase 3 › ↩️ Back/Forward Navigation › ✅ Browser forward button works" classname="navigation-tests.spec.ts" time="4.641">
</testcase>
</testsuite>
<testsuite name="payment.spec.ts" timestamp="2025-10-27T06:34:37.600Z" hostname="Mobile Chrome" tests="7" failures="0" skipped="7" time="0" errors="0">
<testcase name="Payment System › DISABLED: Stripe payment integration with mock" classname="payment.spec.ts" time="0">
<properties>
<property name="skip" value="">
</property>
</properties>
<skipped>
</skipped>
</testcase>
<testcase name="Payment System › DISABLED: PayHere payment integration" classname="payment.spec.ts" time="0">
<properties>
<property name="skip" value="">
</property>
</properties>
<skipped>
</skipped>
</testcase>
<testcase name="Payment System › DISABLED: Payment failure handling" classname="payment.spec.ts" time="0">
<properties>
<property name="skip" value="">
</property>
</properties>
<skipped>
</skipped>
</testcase>
<testcase name="Payment System › DISABLED: Payment refund processing" classname="payment.spec.ts" time="0">
<properties>
<property name="skip" value="">
</property>
</properties>
<skipped>
</skipped>
</testcase>
<testcase name="Payment System › DISABLED: Payment history and analytics" classname="payment.spec.ts" time="0">
<properties>
<property name="skip" value="">
</property>
</properties>
<skipped>
</skipped>
</testcase>
<testcase name="Payment System › DISABLED: Subscription payment management" classname="payment.spec.ts" time="0">
<properties>
<property name="skip" value="">
</property>
</properties>
<skipped>
</skipped>
</testcase>
<testcase name="Payment System › DISABLED: Payment webhook handling" classname="payment.spec.ts" time="0">
<properties>
<property name="skip" value="">
</property>
</properties>
<skipped>
</skipped>
</testcase>
</testsuite>
<testsuite name="production.spec.ts" timestamp="2025-10-27T06:34:37.600Z" hostname="Mobile Chrome" tests="6" failures="0" skipped="6" time="0" errors="0">
<testcase name="Production Site Tests › DISABLED: Homepage loads correctly" classname="production.spec.ts" time="0">
<properties>
<property name="skip" value="">
</property>
</properties>
<skipped>
</skipped>
</testcase>
<testcase name="Production Site Tests › DISABLED: Navigation works correctly" classname="production.spec.ts" time="0">
<properties>
<property name="skip" value="">
</property>
</properties>
<skipped>
</skipped>
</testcase>
<testcase name="Production Site Tests › DISABLED: Search functionality is present" classname="production.spec.ts" time="0">
<properties>
<property name="skip" value="">
</property>
</properties>
<skipped>
</skipped>
</testcase>
<testcase name="Production Site Tests › DISABLED: Footer links are present" classname="production.spec.ts" time="0">
<properties>
<property name="skip" value="">
</property>
</properties>
<skipped>
</skipped>
</testcase>
<testcase name="Production Site Tests › DISABLED: Responsive design works" classname="production.spec.ts" time="0">
<properties>
<property name="skip" value="">
</property>
</properties>
<skipped>
</skipped>
</testcase>
<testcase name="Production Site Tests › DISABLED: Page metadata is correct" classname="production.spec.ts" time="0">
<properties>
<property name="skip" value="">
</property>
</properties>
<skipped>
</skipped>
</testcase>
</testsuite>
<testsuite name="quick-verification.spec.ts" timestamp="2025-10-27T06:34:37.600Z" hostname="Mobile Chrome" tests="6" failures="2" skipped="1" time="90.922" errors="0">
<testcase name="🚀 Quick Production Verification › Homepage loads and basic functionality works" classname="quick-verification.spec.ts" time="37.002">
<failure message="quick-verification.spec.ts:4:7 Homepage loads and basic functionality works" type="FAILURE">
<![CDATA[  [Mobile Chrome] › quick-verification.spec.ts:4:7 › 🚀 Quick Production Verification › Homepage loads and basic functionality works 

    Error: expect(locator).toBeVisible() failed

    Locator:  locator('nav')
    Expected: visible
    Received: hidden
    Timeout:  30000ms

    Call log:
      - Expect "toBeVisible" with timeout 30000ms
      - waiting for locator('nav')
        33 × locator resolved to <nav class="flex justify-center space-x-8 px-4 sm:px-6 lg:px-8">…</nav>
           - unexpected value "hidden"


      17 |     
      18 |     // Check for navigation
    > 19 |     await expect(page.locator('nav')).toBeVisible();
         |                                       ^
      20 |     
      21 |     // Check for main content
      22 |     await expect(page.locator('main, [role="main"]')).toBeVisible();
        at /Users/asithalakmal/Documents/web/final project/WeddingLK-next copy/tests/e2e/quick-verification.spec.ts:19:39

    attachment #1: screenshot (image/png) ──────────────────────────────────────────────────────────
    ../../test-results/quick-verification-🚀-Quic-5d3be-d-basic-functionality-works-Mobile-Chrome/test-failed-1.png
    ────────────────────────────────────────────────────────────────────────────────────────────────

    attachment #2: video (video/webm) ──────────────────────────────────────────────────────────────
    ../../test-results/quick-verification-🚀-Quic-5d3be-d-basic-functionality-works-Mobile-Chrome/video.webm
    ────────────────────────────────────────────────────────────────────────────────────────────────

    Error Context: ../../test-results/quick-verification-🚀-Quic-5d3be-d-basic-functionality-works-Mobile-Chrome/error-context.md
]]>
</failure>
<system-out>
<![CDATA[
[[ATTACHMENT|test-results/quick-verification-🚀-Quic-5d3be-d-basic-functionality-works-Mobile-Chrome/test-failed-1.png]]

[[ATTACHMENT|test-results/quick-verification-🚀-Quic-5d3be-d-basic-functionality-works-Mobile-Chrome/video.webm]]

[[ATTACHMENT|test-results/quick-verification-🚀-Quic-5d3be-d-basic-functionality-works-Mobile-Chrome/error-context.md]]
]]>
</system-out>
</testcase>
<testcase name="🚀 Quick Production Verification › API endpoints are responding" classname="quick-verification.spec.ts" time="2.124">
</testcase>
<testcase name="🚀 Quick Production Verification › Database connection is working - DISABLED (Slow endpoint)" classname="quick-verification.spec.ts" time="0">
<properties>
<property name="skip" value="">
</property>
</properties>
<skipped>
</skipped>
</testcase>
<testcase name="🚀 Quick Production Verification › Navigation works correctly" classname="quick-verification.spec.ts" time="35.829">
<failure message="quick-verification.spec.ts:48:7 Navigation works correctly" type="FAILURE">
<![CDATA[  [Mobile Chrome] › quick-verification.spec.ts:48:7 › 🚀 Quick Production Verification › Navigation works correctly 

    Error: expect(locator).toBeVisible() failed

    Locator:  locator('nav a[href]').first()
    Expected: visible
    Received: hidden
    Timeout:  30000ms

    Call log:
      - Expect "toBeVisible" with timeout 30000ms
      - waiting for locator('nav a[href]').first()
        33 × locator resolved to <a href="/venues" class="text-gray-700 hover:text-rose-500 dark:text-gray-300 dark:hover:text-rose-400 font-medium transition-colors">Venues</a>
           - unexpected value "hidden"


      56 |     // Test that navigation is clickable
      57 |     const firstLink = navLinks.first();
    > 58 |     await expect(firstLink).toBeVisible();
         |                             ^
      59 |   });
      60 |
      61 |   test('Page is responsive', async ({ page }) => {
        at /Users/asithalakmal/Documents/web/final project/WeddingLK-next copy/tests/e2e/quick-verification.spec.ts:58:29

    attachment #1: screenshot (image/png) ──────────────────────────────────────────────────────────
    ../../test-results/quick-verification-🚀-Quic-2078d--Navigation-works-correctly-Mobile-Chrome/test-failed-1.png
    ────────────────────────────────────────────────────────────────────────────────────────────────

    attachment #2: video (video/webm) ──────────────────────────────────────────────────────────────
    ../../test-results/quick-verification-🚀-Quic-2078d--Navigation-works-correctly-Mobile-Chrome/video.webm
    ────────────────────────────────────────────────────────────────────────────────────────────────

    Error Context: ../../test-results/quick-verification-🚀-Quic-2078d--Navigation-works-correctly-Mobile-Chrome/error-context.md
]]>
</failure>
<system-out>
<![CDATA[
[[ATTACHMENT|test-results/quick-verification-🚀-Quic-2078d--Navigation-works-correctly-Mobile-Chrome/test-failed-1.png]]

[[ATTACHMENT|test-results/quick-verification-🚀-Quic-2078d--Navigation-works-correctly-Mobile-Chrome/video.webm]]

[[ATTACHMENT|test-results/quick-verification-🚀-Quic-2078d--Navigation-works-correctly-Mobile-Chrome/error-context.md]]
]]>
</system-out>
</testcase>
<testcase name="🚀 Quick Production Verification › Page is responsive" classname="quick-verification.spec.ts" time="9.287">
</testcase>
<testcase name="🚀 Quick Production Verification › No critical JavaScript errors" classname="quick-verification.spec.ts" time="6.68">
</testcase>
</testsuite>
<testsuite name="rbac-comprehensive.spec.ts" timestamp="2025-10-27T06:34:37.600Z" hostname="Mobile Chrome" tests="28" failures="0" skipped="28" time="0" errors="0">
<testcase name="🔐 User Role RBAC Tests › DISABLED: User Role - Allowed Access" classname="rbac-comprehensive.spec.ts" time="0">
<properties>
<property name="skip" value="">
</property>
</properties>
<skipped>
</skipped>
</testcase>
<testcase name="🔐 User Role RBAC Tests › DISABLED: User Role - Navigation Items Visibility" classname="rbac-comprehensive.spec.ts" time="0">
<properties>
<property name="skip" value="">
</property>
</properties>
<skipped>
</skipped>
</testcase>
<testcase name="🔐 User Role RBAC Tests › DISABLED: User Role - Feature Access Control" classname="rbac-comprehensive.spec.ts" time="0">
<properties>
<property name="skip" value="">
</property>
</properties>
<skipped>
</skipped>
</testcase>
<testcase name="🏢 Vendor Role RBAC Tests › DISABLED: Vendor Role - Allowed Access" classname="rbac-comprehensive.spec.ts" time="0">
<properties>
<property name="skip" value="">
</property>
</properties>
<skipped>
</skipped>
</testcase>
<testcase name="🏢 Vendor Role RBAC Tests › DISABLED: Vendor Role - Navigation Items Visibility" classname="rbac-comprehensive.spec.ts" time="0">
<properties>
<property name="skip" value="">
</property>
</properties>
<skipped>
</skipped>
</testcase>
<testcase name="🏢 Vendor Role RBAC Tests › DISABLED: Vendor Role - Feature Access Control" classname="rbac-comprehensive.spec.ts" time="0">
<properties>
<property name="skip" value="">
</property>
</properties>
<skipped>
</skipped>
</testcase>
<testcase name="👥 Wedding Planner Role RBAC Tests › DISABLED: Wedding Planner Role - Allowed Access" classname="rbac-comprehensive.spec.ts" time="0">
<properties>
<property name="skip" value="">
</property>
</properties>
<skipped>
</skipped>
</testcase>
<testcase name="👥 Wedding Planner Role RBAC Tests › DISABLED: Wedding Planner Role - Navigation Items Visibility" classname="rbac-comprehensive.spec.ts" time="0">
<properties>
<property name="skip" value="">
</property>
</properties>
<skipped>
</skipped>
</testcase>
<testcase name="👥 Wedding Planner Role RBAC Tests › DISABLED: Wedding Planner Role - Feature Access Control" classname="rbac-comprehensive.spec.ts" time="0">
<properties>
<property name="skip" value="">
</property>
</properties>
<skipped>
</skipped>
</testcase>
<testcase name="👑 Admin Role RBAC Tests › DISABLED: Admin Role - Allowed Access" classname="rbac-comprehensive.spec.ts" time="0">
<properties>
<property name="skip" value="">
</property>
</properties>
<skipped>
</skipped>
</testcase>
<testcase name="👑 Admin Role RBAC Tests › DISABLED: Admin Role - Navigation Items Visibility" classname="rbac-comprehensive.spec.ts" time="0">
<properties>
<property name="skip" value="">
</property>
</properties>
<skipped>
</skipped>
</testcase>
<testcase name="👑 Admin Role RBAC Tests › DISABLED: Admin Role - Feature Access Control" classname="rbac-comprehensive.spec.ts" time="0">
<properties>
<property name="skip" value="">
</property>
</properties>
<skipped>
</skipped>
</testcase>
<testcase name="🔧 Maintainer Role RBAC Tests › DISABLED: Maintainer Role - Allowed Access" classname="rbac-comprehensive.spec.ts" time="0">
<properties>
<property name="skip" value="">
</property>
</properties>
<skipped>
</skipped>
</testcase>
<testcase name="🔧 Maintainer Role RBAC Tests › DISABLED: Maintainer Role - Debug Access" classname="rbac-comprehensive.spec.ts" time="0">
<properties>
<property name="skip" value="">
</property>
</properties>
<skipped>
</skipped>
</testcase>
<testcase name="🛡️ Middleware Route Protection Tests › DISABLED: Unauthenticated Access Protection" classname="rbac-comprehensive.spec.ts" time="0">
<properties>
<property name="skip" value="">
</property>
</properties>
<skipped>
</skipped>
</testcase>
<testcase name="🛡️ Middleware Route Protection Tests › DISABLED: Role-Based Route Protection" classname="rbac-comprehensive.spec.ts" time="0">
<properties>
<property name="skip" value="">
</property>
</properties>
<skipped>
</skipped>
</testcase>
<testcase name="🔌 API Endpoint Authorization Tests › DISABLED: API Authentication Requirements" classname="rbac-comprehensive.spec.ts" time="0">
<properties>
<property name="skip" value="">
</property>
</properties>
<skipped>
</skipped>
</testcase>
<testcase name="🔌 API Endpoint Authorization Tests › DISABLED: API Role-Based Authorization" classname="rbac-comprehensive.spec.ts" time="0">
<properties>
<property name="skip" value="">
</property>
</properties>
<skipped>
</skipped>
</testcase>
<testcase name="🔌 API Endpoint Authorization Tests › DISABLED: API Permission-Based Authorization" classname="rbac-comprehensive.spec.ts" time="0">
<properties>
<property name="skip" value="">
</property>
</properties>
<skipped>
</skipped>
</testcase>
<testcase name="🎨 UI Component Visibility Tests › DISABLED: Dashboard Components Based on Role" classname="rbac-comprehensive.spec.ts" time="0">
<properties>
<property name="skip" value="">
</property>
</properties>
<skipped>
</skipped>
</testcase>
<testcase name="🎨 UI Component Visibility Tests › DISABLED: Navigation Menu Based on Role" classname="rbac-comprehensive.spec.ts" time="0">
<properties>
<property name="skip" value="">
</property>
</properties>
<skipped>
</skipped>
</testcase>
<testcase name="🎨 UI Component Visibility Tests › DISABLED: Action Buttons Based on Permissions" classname="rbac-comprehensive.spec.ts" time="0">
<properties>
<property name="skip" value="">
</property>
</properties>
<skipped>
</skipped>
</testcase>
<testcase name="🔄 Role Switching and Session Management › DISABLED: Role-Based Session Persistence" classname="rbac-comprehensive.spec.ts" time="0">
<properties>
<property name="skip" value="">
</property>
</properties>
<skipped>
</skipped>
</testcase>
<testcase name="🔄 Role Switching and Session Management › DISABLED: Role-Based Data Filtering" classname="rbac-comprehensive.spec.ts" time="0">
<properties>
<property name="skip" value="">
</property>
</properties>
<skipped>
</skipped>
</testcase>
<testcase name="🚨 Security and Error Handling › DISABLED: Unauthorized Access Attempts" classname="rbac-comprehensive.spec.ts" time="0">
<properties>
<property name="skip" value="">
</property>
</properties>
<skipped>
</skipped>
</testcase>
<testcase name="🚨 Security and Error Handling › DISABLED: Permission Denied Handling" classname="rbac-comprehensive.spec.ts" time="0">
<properties>
<property name="skip" value="">
</property>
</properties>
<skipped>
</skipped>
</testcase>
<testcase name="📊 Analytics and Reporting RBAC › DISABLED: Role-Based Analytics Access" classname="rbac-comprehensive.spec.ts" time="0">
<properties>
<property name="skip" value="">
</property>
</properties>
<skipped>
</skipped>
</testcase>
<testcase name="📊 Analytics and Reporting RBAC › DISABLED: Data Visibility Based on Role" classname="rbac-comprehensive.spec.ts" time="0">
<properties>
<property name="skip" value="">
</property>
</properties>
<skipped>
</skipped>
</testcase>
</testsuite>
<testsuite name="realistic-live-deployment.spec.ts" timestamp="2025-10-27T06:34:37.600Z" hostname="Mobile Chrome" tests="14" failures="0" skipped="14" time="0" errors="0">
<testcase name="🚀 REALISTIC LIVE DEPLOYMENT TESTING › DISABLED: 🏠 HOMEPAGE - Realistic Frontend Testing" classname="realistic-live-deployment.spec.ts" time="0">
<properties>
<property name="skip" value="">
</property>
</properties>
<skipped>
</skipped>
</testcase>
<testcase name="🚀 REALISTIC LIVE DEPLOYMENT TESTING › DISABLED: 🔐 AUTHENTICATION - Realistic Auth Flow Testing" classname="realistic-live-deployment.spec.ts" time="0">
<properties>
<property name="skip" value="">
</property>
</properties>
<skipped>
</skipped>
</testcase>
<testcase name="🚀 REALISTIC LIVE DEPLOYMENT TESTING › DISABLED: 🏢 VENUES - Realistic Venue Testing" classname="realistic-live-deployment.spec.ts" time="0">
<properties>
<property name="skip" value="">
</property>
</properties>
<skipped>
</skipped>
</testcase>
<testcase name="🚀 REALISTIC LIVE DEPLOYMENT TESTING › DISABLED: 🏪 VENDORS - Realistic Vendor Testing" classname="realistic-live-deployment.spec.ts" time="0">
<properties>
<property name="skip" value="">
</property>
</properties>
<skipped>
</skipped>
</testcase>
<testcase name="🚀 REALISTIC LIVE DEPLOYMENT TESTING › DISABLED: 📱 FEED - Realistic Social Feed Testing" classname="realistic-live-deployment.spec.ts" time="0">
<properties>
<property name="skip" value="">
</property>
</properties>
<skipped>
</skipped>
</testcase>
<testcase name="🚀 REALISTIC LIVE DEPLOYMENT TESTING › DISABLED: 🖼️ GALLERY - Realistic Gallery Testing" classname="realistic-live-deployment.spec.ts" time="0">
<properties>
<property name="skip" value="">
</property>
</properties>
<skipped>
</skipped>
</testcase>
<testcase name="🚀 REALISTIC LIVE DEPLOYMENT TESTING › DISABLED: 📊 DASHBOARD - Realistic Dashboard Testing" classname="realistic-live-deployment.spec.ts" time="0">
<properties>
<property name="skip" value="">
</property>
</properties>
<skipped>
</skipped>
</testcase>
<testcase name="🚀 REALISTIC LIVE DEPLOYMENT TESTING › DISABLED: 🔧 API ENDPOINTS - Realistic API Testing" classname="realistic-live-deployment.spec.ts" time="0">
<properties>
<property name="skip" value="">
</property>
</properties>
<skipped>
</skipped>
</testcase>
<testcase name="🚀 REALISTIC LIVE DEPLOYMENT TESTING › DISABLED: 📱 RESPONSIVE DESIGN - Realistic Mobile Testing" classname="realistic-live-deployment.spec.ts" time="0">
<properties>
<property name="skip" value="">
</property>
</properties>
<skipped>
</skipped>
</testcase>
<testcase name="🚀 REALISTIC LIVE DEPLOYMENT TESTING › DISABLED: 🎨 UI COMPONENTS - Realistic Component Testing" classname="realistic-live-deployment.spec.ts" time="0">
<properties>
<property name="skip" value="">
</property>
</properties>
<skipped>
</skipped>
</testcase>
<testcase name="🚀 REALISTIC LIVE DEPLOYMENT TESTING › DISABLED: ⚡ PERFORMANCE - Realistic Performance Testing" classname="realistic-live-deployment.spec.ts" time="0">
<properties>
<property name="skip" value="">
</property>
</properties>
<skipped>
</skipped>
</testcase>
<testcase name="🚀 REALISTIC LIVE DEPLOYMENT TESTING › DISABLED: 🔍 ERROR HANDLING - Realistic Error Testing" classname="realistic-live-deployment.spec.ts" time="0">
<properties>
<property name="skip" value="">
</property>
</properties>
<skipped>
</skipped>
</testcase>
<testcase name="🚀 REALISTIC LIVE DEPLOYMENT TESTING › DISABLED: 🎯 FINAL INTEGRATION - Realistic System Integration" classname="realistic-live-deployment.spec.ts" time="0">
<properties>
<property name="skip" value="">
</property>
</properties>
<skipped>
</skipped>
</testcase>
<testcase name="🚀 REALISTIC LIVE DEPLOYMENT TESTING › DISABLED: 📊 LIVE DEPLOYMENT STATUS REPORT" classname="realistic-live-deployment.spec.ts" time="0">
<properties>
<property name="skip" value="">
</property>
</properties>
<skipped>
</skipped>
</testcase>
</testsuite>
<testsuite name="responsive-tests.spec.ts" timestamp="2025-10-27T06:34:37.600Z" hostname="Mobile Chrome" tests="32" failures="2" skipped="0" time="202.864" errors="0">
<testcase name="📱 Responsive Design Tests - Phase 5 › 📱 Mobile Responsive (375px) › ✅ Homepage is mobile responsive" classname="responsive-tests.spec.ts" time="5.099">
</testcase>
<testcase name="📱 Responsive Design Tests - Phase 5 › 📱 Mobile Responsive (375px) › ✅ Navigation menu works on mobile" classname="responsive-tests.spec.ts" time="4.103">
</testcase>
<testcase name="📱 Responsive Design Tests - Phase 5 › 📱 Mobile Responsive (375px) › ✅ Venues page is mobile responsive" classname="responsive-tests.spec.ts" time="2.333">
</testcase>
<testcase name="📱 Responsive Design Tests - Phase 5 › 📱 Mobile Responsive (375px) › ✅ Vendors page is mobile responsive" classname="responsive-tests.spec.ts" time="2.439">
</testcase>
<testcase name="📱 Responsive Design Tests - Phase 5 › 📱 Mobile Responsive (375px) › ✅ Login form is mobile responsive" classname="responsive-tests.spec.ts" time="1.76">
</testcase>
<testcase name="📱 Responsive Design Tests - Phase 5 › 📱 Mobile Responsive (375px) › ✅ Register form is mobile responsive" classname="responsive-tests.spec.ts" time="5.15">
</testcase>
<testcase name="📱 Responsive Design Tests - Phase 5 › 📱 Mobile Responsive (375px) › ✅ Footer is mobile responsive" classname="responsive-tests.spec.ts" time="3.149">
</testcase>
<testcase name="📱 Responsive Design Tests - Phase 5 › 📱 Mobile Responsive (375px) › ✅ Images are responsive" classname="responsive-tests.spec.ts" time="2.404">
</testcase>
<testcase name="📱 Responsive Design Tests - Phase 5 › 📱 Mobile Responsive (375px) › ✅ Buttons are mobile touch-friendly" classname="responsive-tests.spec.ts" time="7.449">
<failure message="responsive-tests.spec.ts:101:9 ✅ Buttons are mobile touch-friendly" type="FAILURE">
<![CDATA[  [Mobile Chrome] › responsive-tests.spec.ts:101:9 › 📱 Responsive Design Tests - Phase 5 › 📱 Mobile Responsive (375px) › ✅ Buttons are mobile touch-friendly 

    Error: expect(received).toBeGreaterThanOrEqual(expected)

    Expected: >= 40
    Received:    35.99999809265137

      109 |         // Buttons should be at least 44x44px (touch-friendly size)
      110 |         if (box) {
    > 111 |           expect(box.height).toBeGreaterThanOrEqual(40)
          |                              ^
      112 |         }
      113 |       }
      114 |     })
        at /Users/asithalakmal/Documents/web/final project/WeddingLK-next copy/tests/e2e/responsive-tests.spec.ts:111:30

    attachment #1: screenshot (image/png) ──────────────────────────────────────────────────────────
    ../../test-results/responsive-tests-📱-Respon-69dff-s-are-mobile-touch-friendly-Mobile-Chrome/test-failed-1.png
    ────────────────────────────────────────────────────────────────────────────────────────────────

    attachment #2: video (video/webm) ──────────────────────────────────────────────────────────────
    ../../test-results/responsive-tests-📱-Respon-69dff-s-are-mobile-touch-friendly-Mobile-Chrome/video.webm
    ────────────────────────────────────────────────────────────────────────────────────────────────

    Error Context: ../../test-results/responsive-tests-📱-Respon-69dff-s-are-mobile-touch-friendly-Mobile-Chrome/error-context.md
]]>
</failure>
<system-out>
<![CDATA[
[[ATTACHMENT|test-results/responsive-tests-📱-Respon-69dff-s-are-mobile-touch-friendly-Mobile-Chrome/test-failed-1.png]]

[[ATTACHMENT|test-results/responsive-tests-📱-Respon-69dff-s-are-mobile-touch-friendly-Mobile-Chrome/video.webm]]

[[ATTACHMENT|test-results/responsive-tests-📱-Respon-69dff-s-are-mobile-touch-friendly-Mobile-Chrome/error-context.md]]
]]>
</system-out>
</testcase>
<testcase name="📱 Responsive Design Tests - Phase 5 › 📱 Mobile Responsive (375px) › ✅ Text is readable on mobile" classname="responsive-tests.spec.ts" time="5.136">
<failure message="responsive-tests.spec.ts:116:9 ✅ Text is readable on mobile" type="FAILURE">
<![CDATA[  [Mobile Chrome] › responsive-tests.spec.ts:116:9 › 📱 Responsive Design Tests - Phase 5 › 📱 Mobile Responsive (375px) › ✅ Text is readable on mobile 

    Error: locator.isVisible: Error: strict mode violation: locator('h1, h2') resolved to 4 elements:
        1) <h1 class="text-4xl md:text-6xl font-bold text-gray-900 dark:text-white mb-6">…</h1> aka getByRole('heading', { name: 'Find Your Perfect Wedding' })
        2) <h2 class="text-3xl font-bold tracking-tight text-gray-900 dark:text-white sm:text-4xl">Everything You Need for Your Perfect Day</h2> aka getByRole('heading', { name: 'Everything You Need for Your' })
        3) <h2 class="text-4xl md:text-5xl font-bold mb-6 bg-gradient-to-r from-pink-600 to-purple-600 bg-clip-text text-transparent">Numbers That Tell Our Story</h2> aka getByRole('heading', { name: 'Numbers That Tell Our Story' })
        4) <h2 class="text-3xl font-bold text-white sm:text-4xl">Ready to Start Planning?</h2> aka getByRole('heading', { name: 'Ready to Start Planning?' })

    Call log:
        - checking visibility of locator('h1, h2')


      118 |       
      119 |       const heading = page.locator('h1, h2')
    > 120 |       if (await heading.isVisible()) {
          |                         ^
      121 |         const fontSize = await heading.evaluate(el => 
      122 |           window.getComputedStyle(el).fontSize
      123 |         )
        at /Users/asithalakmal/Documents/web/final project/WeddingLK-next copy/tests/e2e/responsive-tests.spec.ts:120:25

    attachment #1: screenshot (image/png) ──────────────────────────────────────────────────────────
    ../../test-results/responsive-tests-📱-Respon-6aa3a--Text-is-readable-on-mobile-Mobile-Chrome/test-failed-1.png
    ────────────────────────────────────────────────────────────────────────────────────────────────

    attachment #2: video (video/webm) ──────────────────────────────────────────────────────────────
    ../../test-results/responsive-tests-📱-Respon-6aa3a--Text-is-readable-on-mobile-Mobile-Chrome/video.webm
    ────────────────────────────────────────────────────────────────────────────────────────────────

    Error Context: ../../test-results/responsive-tests-📱-Respon-6aa3a--Text-is-readable-on-mobile-Mobile-Chrome/error-context.md
]]>
</failure>
<system-out>
<![CDATA[
[[ATTACHMENT|test-results/responsive-tests-📱-Respon-6aa3a--Text-is-readable-on-mobile-Mobile-Chrome/test-failed-1.png]]

[[ATTACHMENT|test-results/responsive-tests-📱-Respon-6aa3a--Text-is-readable-on-mobile-Mobile-Chrome/video.webm]]

[[ATTACHMENT|test-results/responsive-tests-📱-Respon-6aa3a--Text-is-readable-on-mobile-Mobile-Chrome/error-context.md]]
]]>
</system-out>
</testcase>
<testcase name="📱 Responsive Design Tests - Phase 5 › 📱 Mobile Responsive (375px) › ✅ No horizontal scroll on mobile" classname="responsive-tests.spec.ts" time="5.584">
</testcase>
<testcase name="📱 Responsive Design Tests - Phase 5 › 📊 Tablet Responsive (768px) › ✅ Homepage is tablet responsive" classname="responsive-tests.spec.ts" time="8.895">
</testcase>
<testcase name="📱 Responsive Design Tests - Phase 5 › 📊 Tablet Responsive (768px) › ✅ Two-column layout on tablet" classname="responsive-tests.spec.ts" time="4.914">
</testcase>
<testcase name="📱 Responsive Design Tests - Phase 5 › 📊 Tablet Responsive (768px) › ✅ Sidebar shows on tablet" classname="responsive-tests.spec.ts" time="7.372">
</testcase>
<testcase name="📱 Responsive Design Tests - Phase 5 › 📊 Tablet Responsive (768px) › ✅ Navigation is usable on tablet" classname="responsive-tests.spec.ts" time="9.364">
</testcase>
<testcase name="📱 Responsive Design Tests - Phase 5 › 📊 Tablet Responsive (768px) › ✅ Forms have proper spacing on tablet" classname="responsive-tests.spec.ts" time="3.119">
</testcase>
<testcase name="📱 Responsive Design Tests - Phase 5 › 🖥️ Desktop Responsive (1920px) › ✅ Homepage uses full desktop width" classname="responsive-tests.spec.ts" time="8.787">
</testcase>
<testcase name="📱 Responsive Design Tests - Phase 5 › 🖥️ Desktop Responsive (1920px) › ✅ Multi-column grid on desktop" classname="responsive-tests.spec.ts" time="7.334">
</testcase>
<testcase name="📱 Responsive Design Tests - Phase 5 › 🖥️ Desktop Responsive (1920px) › ✅ Sidebar visible on desktop" classname="responsive-tests.spec.ts" time="7.685">
</testcase>
<testcase name="📱 Responsive Design Tests - Phase 5 › 🖥️ Desktop Responsive (1920px) › ✅ Footer content is distributed on desktop" classname="responsive-tests.spec.ts" time="7.359">
</testcase>
<testcase name="📱 Responsive Design Tests - Phase 5 › 🖥️ Desktop Responsive (1920px) › ✅ Large images display properly" classname="responsive-tests.spec.ts" time="4.726">
</testcase>
<testcase name="📱 Responsive Design Tests - Phase 5 › 🔄 Orientation Changes › ✅ Page reflows when changing from portrait to landscape" classname="responsive-tests.spec.ts" time="5.448">
</testcase>
<testcase name="📱 Responsive Design Tests - Phase 5 › 🔄 Orientation Changes › ✅ Content reflows from landscape to portrait" classname="responsive-tests.spec.ts" time="6.473">
</testcase>
<testcase name="📱 Responsive Design Tests - Phase 5 › 🎯 CSS Breakpoints › ✅ Small breakpoint (320px)" classname="responsive-tests.spec.ts" time="4.525">
</testcase>
<testcase name="📱 Responsive Design Tests - Phase 5 › 🎯 CSS Breakpoints › ✅ Medium breakpoint (768px)" classname="responsive-tests.spec.ts" time="10.47">
</testcase>
<testcase name="📱 Responsive Design Tests - Phase 5 › 🎯 CSS Breakpoints › ✅ Large breakpoint (1024px)" classname="responsive-tests.spec.ts" time="10.041">
</testcase>
<testcase name="📱 Responsive Design Tests - Phase 5 › 🎯 CSS Breakpoints › ✅ Extra large breakpoint (1440px)" classname="responsive-tests.spec.ts" time="11.934">
</testcase>
<testcase name="📱 Responsive Design Tests - Phase 5 › 📲 Device-Specific Responsive › ✅ iPhone SE responsive" classname="responsive-tests.spec.ts" time="11.468">
</testcase>
<testcase name="📱 Responsive Design Tests - Phase 5 › 📲 Device-Specific Responsive › ✅ iPhone 12/13 responsive" classname="responsive-tests.spec.ts" time="8.547">
</testcase>
<testcase name="📱 Responsive Design Tests - Phase 5 › 📲 Device-Specific Responsive › ✅ iPad responsive" classname="responsive-tests.spec.ts" time="9.904">
</testcase>
<testcase name="📱 Responsive Design Tests - Phase 5 › 📲 Device-Specific Responsive › ✅ Samsung Galaxy responsive" classname="responsive-tests.spec.ts" time="2.897">
</testcase>
<testcase name="📱 Responsive Design Tests - Phase 5 › 📲 Device-Specific Responsive › ✅ Standard Android tablet" classname="responsive-tests.spec.ts" time="6.996">
</testcase>
</testsuite>
<testsuite name="simple.spec.ts" timestamp="2025-10-27T06:34:37.600Z" hostname="Mobile Chrome" tests="5" failures="0" skipped="5" time="0" errors="0">
<testcase name="Simple Production Tests › DISABLED: Homepage loads and has basic content" classname="simple.spec.ts" time="0">
<properties>
<property name="skip" value="">
</property>
</properties>
<skipped>
</skipped>
</testcase>
<testcase name="Simple Production Tests › DISABLED: Page has navigation elements" classname="simple.spec.ts" time="0">
<properties>
<property name="skip" value="">
</property>
</properties>
<skipped>
</skipped>
</testcase>
<testcase name="Simple Production Tests › DISABLED: Page has footer content" classname="simple.spec.ts" time="0">
<properties>
<property name="skip" value="">
</property>
</properties>
<skipped>
</skipped>
</testcase>
<testcase name="Simple Production Tests › DISABLED: Page is responsive" classname="simple.spec.ts" time="0">
<properties>
<property name="skip" value="">
</property>
</properties>
<skipped>
</skipped>
</testcase>
<testcase name="Simple Production Tests › DISABLED: Page has correct metadata" classname="simple.spec.ts" time="0">
<properties>
<property name="skip" value="">
</property>
</properties>
<skipped>
</skipped>
</testcase>
</testsuite>
<testsuite name="user-journey-tests.spec.ts" timestamp="2025-10-27T06:34:37.600Z" hostname="Mobile Chrome" tests="29" failures="4" skipped="0" time="206.822" errors="0">
<testcase name="🚀 User Journey Tests - Phase 4 › 👰 Bride/Groom Wedding Planning Journey › ✅ Complete bride journey: Explore &gt; Favorite &gt; Book vendor" classname="user-journey-tests.spec.ts" time="5.579">
<failure message="user-journey-tests.spec.ts:24:9 ✅ Complete bride journey: Explore &gt; Favorite &gt; Book vendor" type="FAILURE">
<![CDATA[  [Mobile Chrome] › user-journey-tests.spec.ts:24:9 › 🚀 User Journey Tests - Phase 4 › 👰 Bride/Groom Wedding Planning Journey › ✅ Complete bride journey: Explore > Favorite > Book vendor 

    Error: expect(locator).toContainText(expected) failed

    Locator: locator('h1, h2')
    Expected pattern: /Wedding|Venue|Vendor/
    Error: strict mode violation: locator('h1, h2') resolved to 4 elements:
        1) <h1 class="text-4xl md:text-6xl font-bold text-gray-900 dark:text-white mb-6">…</h1> aka getByRole('heading', { name: 'Find Your Perfect Wedding' })
        2) <h2 class="text-3xl font-bold tracking-tight text-gray-900 dark:text-white sm:text-4xl">Everything You Need for Your Perfect Day</h2> aka getByRole('heading', { name: 'Everything You Need for Your' })
        3) <h2 class="text-4xl md:text-5xl font-bold mb-6 bg-gradient-to-r from-pink-600 to-purple-600 bg-clip-text text-transparent">Numbers That Tell Our Story</h2> aka getByRole('heading', { name: 'Numbers That Tell Our Story' })
        4) <h2 class="text-3xl font-bold text-white sm:text-4xl">Ready to Start Planning?</h2> aka getByRole('heading', { name: 'Ready to Start Planning?' })

    Call log:
      - Expect "toContainText" with timeout 30000ms
      - waiting for locator('h1, h2')


      25 |       // Step 1: Browse homepage
      26 |       await page.goto('/')
    > 27 |       await expect(page.locator('h1, h2')).toContainText(/Wedding|Venue|Vendor/)
         |                                            ^
      28 |
      29 |       // Step 2: View venues
      30 |       const venuesLink = page.locator('a[href="/venues"], a:has-text("Venues")')
        at /Users/asithalakmal/Documents/web/final project/WeddingLK-next copy/tests/e2e/user-journey-tests.spec.ts:27:44

    attachment #1: screenshot (image/png) ──────────────────────────────────────────────────────────
    ../../test-results/user-journey-tests-🚀-User-46e41-xplore-Favorite-Book-vendor-Mobile-Chrome/test-failed-1.png
    ────────────────────────────────────────────────────────────────────────────────────────────────

    attachment #2: video (video/webm) ──────────────────────────────────────────────────────────────
    ../../test-results/user-journey-tests-🚀-User-46e41-xplore-Favorite-Book-vendor-Mobile-Chrome/video.webm
    ────────────────────────────────────────────────────────────────────────────────────────────────

    Error Context: ../../test-results/user-journey-tests-🚀-User-46e41-xplore-Favorite-Book-vendor-Mobile-Chrome/error-context.md
]]>
</failure>
<system-out>
<![CDATA[
[[ATTACHMENT|test-results/user-journey-tests-🚀-User-46e41-xplore-Favorite-Book-vendor-Mobile-Chrome/test-failed-1.png]]

[[ATTACHMENT|test-results/user-journey-tests-🚀-User-46e41-xplore-Favorite-Book-vendor-Mobile-Chrome/video.webm]]

[[ATTACHMENT|test-results/user-journey-tests-🚀-User-46e41-xplore-Favorite-Book-vendor-Mobile-Chrome/error-context.md]]
]]>
</system-out>
</testcase>
<testcase name="🚀 User Journey Tests - Phase 4 › 👰 Bride/Groom Wedding Planning Journey › ✅ User discovery journey: Search &gt; Filter &gt; View details" classname="user-journey-tests.spec.ts" time="18.673">
<failure message="user-journey-tests.spec.ts:50:9 ✅ User discovery journey: Search &gt; Filter &gt; View details" type="FAILURE">
<![CDATA[  [Mobile Chrome] › user-journey-tests.spec.ts:50:9 › 🚀 User Journey Tests - Phase 4 › 👰 Bride/Groom Wedding Planning Journey › ✅ User discovery journey: Search > Filter > View details 

    TimeoutError: page.waitForURL: Timeout 10000ms exceeded.
    =========================== logs ===========================
    waiting for navigation until "load"
    ============================================================

      12 |   await page.fill('input[name="password"]', password)
      13 |   await page.click('button[type="submit"]')
    > 14 |   await page.waitForURL(/\/dashboard/, { timeout: 10000 })
         |              ^
      15 | }
      16 |
      17 | test.describe('🚀 User Journey Tests - Phase 4', () => {
        at login (/Users/asithalakmal/Documents/web/final project/WeddingLK-next copy/tests/e2e/user-journey-tests.spec.ts:14:14)
        at /Users/asithalakmal/Documents/web/final project/WeddingLK-next copy/tests/e2e/user-journey-tests.spec.ts:51:7

    attachment #1: screenshot (image/png) ──────────────────────────────────────────────────────────
    ../../test-results/user-journey-tests-🚀-User-07f13--Search-Filter-View-details-Mobile-Chrome/test-failed-1.png
    ────────────────────────────────────────────────────────────────────────────────────────────────

    attachment #2: video (video/webm) ──────────────────────────────────────────────────────────────
    ../../test-results/user-journey-tests-🚀-User-07f13--Search-Filter-View-details-Mobile-Chrome/video.webm
    ────────────────────────────────────────────────────────────────────────────────────────────────

    Error Context: ../../test-results/user-journey-tests-🚀-User-07f13--Search-Filter-View-details-Mobile-Chrome/error-context.md
]]>
</failure>
<system-out>
<![CDATA[
[[ATTACHMENT|test-results/user-journey-tests-🚀-User-07f13--Search-Filter-View-details-Mobile-Chrome/test-failed-1.png]]

[[ATTACHMENT|test-results/user-journey-tests-🚀-User-07f13--Search-Filter-View-details-Mobile-Chrome/video.webm]]

[[ATTACHMENT|test-results/user-journey-tests-🚀-User-07f13--Search-Filter-View-details-Mobile-Chrome/error-context.md]]
]]>
</system-out>
</testcase>
<testcase name="🚀 User Journey Tests - Phase 4 › 👰 Bride/Groom Wedding Planning Journey › ✅ User favorites journey: Add &gt; View &gt; Remove" classname="user-journey-tests.spec.ts" time="5.602">
</testcase>
<testcase name="🚀 User Journey Tests - Phase 4 › 👰 Bride/Groom Wedding Planning Journey › ✅ User booking inquiry journey" classname="user-journey-tests.spec.ts" time="19.345">
</testcase>
<testcase name="🚀 User Journey Tests - Phase 4 › 👰 Bride/Groom Wedding Planning Journey › ✅ User profile completion journey" classname="user-journey-tests.spec.ts" time="9.148">
</testcase>
<testcase name="🚀 User Journey Tests - Phase 4 › 👰 Bride/Groom Wedding Planning Journey › ✅ User settings &amp; preferences journey" classname="user-journey-tests.spec.ts" time="8.906">
</testcase>
<testcase name="🚀 User Journey Tests - Phase 4 › 📸 Vendor Business Journey › ✅ Complete vendor onboarding &amp; service setup" classname="user-journey-tests.spec.ts" time="8.401">
</testcase>
<testcase name="🚀 User Journey Tests - Phase 4 › 📸 Vendor Business Journey › ✅ Vendor booking management journey" classname="user-journey-tests.spec.ts" time="7.493">
</testcase>
<testcase name="🚀 User Journey Tests - Phase 4 › 📸 Vendor Business Journey › ✅ Vendor profile &amp; portfolio journey" classname="user-journey-tests.spec.ts" time="4.275">
</testcase>
<testcase name="🚀 User Journey Tests - Phase 4 › 📸 Vendor Business Journey › ✅ Vendor performance tracking journey" classname="user-journey-tests.spec.ts" time="6.054">
</testcase>
<testcase name="🚀 User Journey Tests - Phase 4 › 📸 Vendor Business Journey › ✅ Vendor service pricing journey" classname="user-journey-tests.spec.ts" time="4.456">
</testcase>
<testcase name="🚀 User Journey Tests - Phase 4 › 👑 Admin Platform Management Journey › ✅ Admin user management journey" classname="user-journey-tests.spec.ts" time="5.164">
</testcase>
<testcase name="🚀 User Journey Tests - Phase 4 › 👑 Admin Platform Management Journey › ✅ Admin analytics &amp; reporting journey" classname="user-journey-tests.spec.ts" time="8.258">
</testcase>
<testcase name="🚀 User Journey Tests - Phase 4 › 👑 Admin Platform Management Journey › ✅ Admin platform settings journey" classname="user-journey-tests.spec.ts" time="7.253">
</testcase>
<testcase name="🚀 User Journey Tests - Phase 4 › 👑 Admin Platform Management Journey › ✅ Admin content moderation journey" classname="user-journey-tests.spec.ts" time="8.839">
</testcase>
<testcase name="🚀 User Journey Tests - Phase 4 › 🔄 Cross-Platform User Journeys › ✅ Desktop to mobile navigation journey" classname="user-journey-tests.spec.ts" time="4.537">
</testcase>
<testcase name="🚀 User Journey Tests - Phase 4 › 🔄 Cross-Platform User Journeys › ✅ Public to authenticated user journey" classname="user-journey-tests.spec.ts" time="8.323">
<failure message="user-journey-tests.spec.ts:255:9 ✅ Public to authenticated user journey" type="FAILURE">
<![CDATA[  [Mobile Chrome] › user-journey-tests.spec.ts:255:9 › 🚀 User Journey Tests - Phase 4 › 🔄 Cross-Platform User Journeys › ✅ Public to authenticated user journey 

    Error: locator.isVisible: Error: strict mode violation: locator('a[href="/venues"], a:has-text("Venues")') resolved to 2 elements:
        1) <a href="/venues" class="text-gray-700 hover:text-rose-500 dark:text-gray-300 dark:hover:text-rose-400 font-medium transition-colors">Venues</a> aka getByRole('banner').getByText('Venues')
        2) <a href="/venues" class="hover:text-white transition-colors">Venues</a> aka getByRole('link', { name: 'Venues' })

    Call log:
        - checking visibility of locator('a[href="/venues"], a:has-text("Venues")')


      257 |       await page.goto('/')
      258 |       const venuesLink = page.locator('a[href="/venues"], a:has-text("Venues")')
    > 259 |       if (await venuesLink.isVisible()) {
          |                            ^
      260 |         await venuesLink.first().click()
      261 |       }
      262 |
        at /Users/asithalakmal/Documents/web/final project/WeddingLK-next copy/tests/e2e/user-journey-tests.spec.ts:259:28

    attachment #1: screenshot (image/png) ──────────────────────────────────────────────────────────
    ../../test-results/user-journey-tests-🚀-User-ac4ca--authenticated-user-journey-Mobile-Chrome/test-failed-1.png
    ────────────────────────────────────────────────────────────────────────────────────────────────

    attachment #2: video (video/webm) ──────────────────────────────────────────────────────────────
    ../../test-results/user-journey-tests-🚀-User-ac4ca--authenticated-user-journey-Mobile-Chrome/video.webm
    ────────────────────────────────────────────────────────────────────────────────────────────────

    Error Context: ../../test-results/user-journey-tests-🚀-User-ac4ca--authenticated-user-journey-Mobile-Chrome/error-context.md
]]>
</failure>
<system-out>
<![CDATA[
[[ATTACHMENT|test-results/user-journey-tests-🚀-User-ac4ca--authenticated-user-journey-Mobile-Chrome/test-failed-1.png]]

[[ATTACHMENT|test-results/user-journey-tests-🚀-User-ac4ca--authenticated-user-journey-Mobile-Chrome/video.webm]]

[[ATTACHMENT|test-results/user-journey-tests-🚀-User-ac4ca--authenticated-user-journey-Mobile-Chrome/error-context.md]]
]]>
</system-out>
</testcase>
<testcase name="🚀 User Journey Tests - Phase 4 › 🔄 Cross-Platform User Journeys › ✅ Multi-tab session persistence journey" classname="user-journey-tests.spec.ts" time="10.788">
</testcase>
<testcase name="🚀 User Journey Tests - Phase 4 › 🔄 Cross-Platform User Journeys › ✅ Search to details to booking journey" classname="user-journey-tests.spec.ts" time="5.115">
</testcase>
<testcase name="🚀 User Journey Tests - Phase 4 › 🔄 Error Recovery Journeys › ✅ Login failure recovery journey" classname="user-journey-tests.spec.ts" time="5.363">
</testcase>
<testcase name="🚀 User Journey Tests - Phase 4 › 🔄 Error Recovery Journeys › ✅ Network error recovery journey" classname="user-journey-tests.spec.ts" time="2.337">
<failure message="user-journey-tests.spec.ts:335:9 ✅ Network error recovery journey" type="FAILURE">
<![CDATA[  [Mobile Chrome] › user-journey-tests.spec.ts:335:9 › 🚀 User Journey Tests - Phase 4 › 🔄 Error Recovery Journeys › ✅ Network error recovery journey 

    Error: locator.isVisible: Error: strict mode violation: locator('a[href="/venues"]') resolved to 2 elements:
        1) <a href="/venues" class="text-gray-700 hover:text-rose-500 dark:text-gray-300 dark:hover:text-rose-400 font-medium transition-colors">Venues</a> aka getByRole('banner').getByText('Venues')
        2) <a href="/venues" class="hover:text-white transition-colors">Venues</a> aka getByRole('link', { name: 'Venues' })

    Call log:
        - checking visibility of locator('a[href="/venues"]')


      342 |       // Try to navigate
      343 |       const venuesLink = page.locator('a[href="/venues"]')
    > 344 |       if (await venuesLink.isVisible()) {
          |                            ^
      345 |         await venuesLink.first().click()
      346 |       }
      347 |
        at /Users/asithalakmal/Documents/web/final project/WeddingLK-next copy/tests/e2e/user-journey-tests.spec.ts:344:28

    attachment #1: screenshot (image/png) ──────────────────────────────────────────────────────────
    ../../test-results/user-journey-tests-🚀-User-be996-work-error-recovery-journey-Mobile-Chrome/test-failed-1.png
    ────────────────────────────────────────────────────────────────────────────────────────────────

    attachment #2: video (video/webm) ──────────────────────────────────────────────────────────────
    ../../test-results/user-journey-tests-🚀-User-be996-work-error-recovery-journey-Mobile-Chrome/video.webm
    ────────────────────────────────────────────────────────────────────────────────────────────────

    Error Context: ../../test-results/user-journey-tests-🚀-User-be996-work-error-recovery-journey-Mobile-Chrome/error-context.md
]]>
</failure>
<system-out>
<![CDATA[
[[ATTACHMENT|test-results/user-journey-tests-🚀-User-be996-work-error-recovery-journey-Mobile-Chrome/test-failed-1.png]]

[[ATTACHMENT|test-results/user-journey-tests-🚀-User-be996-work-error-recovery-journey-Mobile-Chrome/video.webm]]

[[ATTACHMENT|test-results/user-journey-tests-🚀-User-be996-work-error-recovery-journey-Mobile-Chrome/error-context.md]]
]]>
</system-out>
</testcase>
<testcase name="🚀 User Journey Tests - Phase 4 › 🔄 Error Recovery Journeys › ✅ Page timeout recovery journey" classname="user-journey-tests.spec.ts" time="8.467">
</testcase>
<testcase name="🚀 User Journey Tests - Phase 4 › 🔄 Error Recovery Journeys › ✅ 404 error recovery journey" classname="user-journey-tests.spec.ts" time="1.448">
</testcase>
<testcase name="🚀 User Journey Tests - Phase 4 › 🔄 Error Recovery Journeys › ✅ Session expiry recovery journey" classname="user-journey-tests.spec.ts" time="6.817">
</testcase>
<testcase name="🚀 User Journey Tests - Phase 4 › 🎯 Feature-Specific Journeys › ✅ Complete venue search journey" classname="user-journey-tests.spec.ts" time="2.584">
</testcase>
<testcase name="🚀 User Journey Tests - Phase 4 › 🎯 Feature-Specific Journeys › ✅ Complete vendor discovery journey" classname="user-journey-tests.spec.ts" time="3.648">
</testcase>
<testcase name="🚀 User Journey Tests - Phase 4 › 🎯 Feature-Specific Journeys › ✅ Complete AI search journey" classname="user-journey-tests.spec.ts" time="8.254">
</testcase>
<testcase name="🚀 User Journey Tests - Phase 4 › 🎯 Feature-Specific Journeys › ✅ Complete review &amp; rating journey" classname="user-journey-tests.spec.ts" time="5.958">
</testcase>
<testcase name="🚀 User Journey Tests - Phase 4 › 🎯 Feature-Specific Journeys › ✅ Complete checkout journey" classname="user-journey-tests.spec.ts" time="5.737">
</testcase>
</testsuite>
<testsuite name="user-journey.spec.ts" timestamp="2025-10-27T06:34:37.600Z" hostname="Mobile Chrome" tests="6" failures="0" skipped="6" time="0" errors="0">
<testcase name="DISABLED  › DISABLED: End-to-End Wedding Planning Journey" classname="user-journey.spec.ts" time="0">
<properties>
<property name="skip" value="">
</property>
<property name="skip" value="">
</property>
</properties>
<skipped>
</skipped>
</testcase>
<testcase name="DISABLED: 📸 Vendor Business Journey › DISABLED: Complete Vendor Onboarding and Management Journey" classname="user-journey.spec.ts" time="0">
<properties>
<property name="skip" value="">
</property>
<property name="skip" value="">
</property>
</properties>
<skipped>
</skipped>
</testcase>
<testcase name="DISABLED: 👰 Wedding Planner Professional Journey › DISABLED: Complete Wedding Planner Workflow" classname="user-journey.spec.ts" time="0">
<properties>
<property name="skip" value="">
</property>
<property name="skip" value="">
</property>
</properties>
<skipped>
</skipped>
</testcase>
<testcase name="DISABLED: 👑 Admin Platform Management Journey › DISABLED: Complete Admin Platform Management" classname="user-journey.spec.ts" time="0">
<properties>
<property name="skip" value="">
</property>
<property name="skip" value="">
</property>
</properties>
<skipped>
</skipped>
</testcase>
<testcase name="DISABLED: 🔄 Cross-Platform Integration Journey › DISABLED: Mobile and Web Integration" classname="user-journey.spec.ts" time="0">
<properties>
<property name="skip" value="">
</property>
<property name="skip" value="">
</property>
</properties>
<skipped>
</skipped>
</testcase>
<testcase name="DISABLED: 🚨 Error Handling and Recovery Journey › DISABLED: Application Error Recovery" classname="user-journey.spec.ts" time="0">
<properties>
<property name="skip" value="">
</property>
<property name="skip" value="">
</property>
</properties>
<skipped>
</skipped>
</testcase>
</testsuite>
<testsuite name="vendor.spec.ts" timestamp="2025-10-27T06:34:37.600Z" hostname="Mobile Chrome" tests="5" failures="0" skipped="5" time="0" errors="0">
<testcase name="Vendor Management › DISABLED: Vendor registration and onboarding" classname="vendor.spec.ts" time="0">
<properties>
<property name="skip" value="">
</property>
</properties>
<skipped>
</skipped>
</testcase>
<testcase name="Vendor Management › DISABLED: Vendor service creation and portfolio upload" classname="vendor.spec.ts" time="0">
<properties>
<property name="skip" value="">
</property>
</properties>
<skipped>
</skipped>
</testcase>
<testcase name="Vendor Management › DISABLED: Vendor booking management" classname="vendor.spec.ts" time="0">
<properties>
<property name="skip" value="">
</property>
</properties>
<skipped>
</skipped>
</testcase>
<testcase name="Vendor Management › DISABLED: Vendor profile and portfolio management" classname="vendor.spec.ts" time="0">
<properties>
<property name="skip" value="">
</property>
</properties>
<skipped>
</skipped>
</testcase>
<testcase name="Vendor Management › DISABLED: Vendor analytics and performance tracking" classname="vendor.spec.ts" time="0">
<properties>
<property name="skip" value="">
</property>
</properties>
<skipped>
</skipped>
</testcase>
</testsuite>
<testsuite name="venue.spec.ts" timestamp="2025-10-27T06:34:37.600Z" hostname="Mobile Chrome" tests="6" failures="0" skipped="6" time="0" errors="0">
<testcase name="Venue Management › DISABLED: Venue search and filtering" classname="venue.spec.ts" time="0">
<properties>
<property name="skip" value="">
</property>
</properties>
<skipped>
</skipped>
</testcase>
<testcase name="Venue Management › DISABLED: Venue details and booking inquiry" classname="venue.spec.ts" time="0">
<properties>
<property name="skip" value="">
</property>
</properties>
<skipped>
</skipped>
</testcase>
<testcase name="Venue Management › DISABLED: Venue availability calendar" classname="venue.spec.ts" time="0">
<properties>
<property name="skip" value="">
</property>
</properties>
<skipped>
</skipped>
</testcase>
<testcase name="Venue Management › DISABLED: Venue reviews and ratings" classname="venue.spec.ts" time="0">
<properties>
<property name="skip" value="">
</property>
</properties>
<skipped>
</skipped>
</testcase>
<testcase name="Venue Management › DISABLED: Venue owner management" classname="venue.spec.ts" time="0">
<properties>
<property name="skip" value="">
</property>
</properties>
<skipped>
</skipped>
</testcase>
<testcase name="Venue Management › DISABLED: Venue booking management" classname="venue.spec.ts" time="0">
<properties>
<property name="skip" value="">
</property>
</properties>
<skipped>
</skipped>
</testcase>
</testsuite>
</testsuites>