<testsuites id="" name="" tests="1" failures="0" skipped="0" errors="0" time="23.019430999999997">
<testsuite name="realistic-live-deployment.spec.ts" timestamp="2025-10-22T06:24:14.365Z" hostname="chromium" tests="1" failures="0" skipped="0" time="14.475" errors="0">
<testcase name="ðŸš€ REALISTIC LIVE DEPLOYMENT TESTING â€º ðŸ“± RESPONSIVE DESIGN - Realistic Mobile Testing" classname="realistic-live-deployment.spec.ts" time="14.475">
<system-out>
<![CDATA[ðŸ“± Testing Responsive Design...
âœ… Tablet viewport tested
âœ… Desktop viewport tested
âœ… Responsive design testing completed
]]>
</system-out>
</testcase>
</testsuite>
</testsuites>