<testsuites id="" name="" tests="582" failures="510" skipped="0" errors="0" time="16306.340044">
<testsuite name="api-integration.spec.ts" timestamp="2025-10-23T12:57:57.279Z" hostname="chromium" tests="55" failures="49" skipped="0" time="526.58" errors="0">
<testcase name="🔐 Authentication API Tests › User Registration API" classname="api-integration.spec.ts" time="27.023">
<failure message="api-integration.spec.ts:56:7 User Registration API" type="FAILURE">
<![CDATA[  [chromium] › api-integration.spec.ts:56:7 › 🔐 Authentication API Tests › User Registration API ──

    Error: expect(received).toBe(expected) // Object.is equality

    Expected: 201
    Received: 400

      64 |     });
      65 |     
    > 66 |     expect(response.status()).toBe(201);
         |                               ^
      67 |     const data = await response.json();
      68 |     expect(data.success).toBe(true);
      69 |     expect(data.message).toContain('User registered successfully');
        at /Users/asithalakmal/Documents/web/final project/WeddingLK-next copy/tests/e2e/api-integration.spec.ts:66:31

    attachment #1: screenshot (image/png) ──────────────────────────────────────────────────────────
    ../../test-results/api-integration-🔐-Authent-2e205-Tests-User-Registration-API-chromium/test-failed-1.png
    ────────────────────────────────────────────────────────────────────────────────────────────────

    attachment #2: video (video/webm) ──────────────────────────────────────────────────────────────
    ../../test-results/api-integration-🔐-Authent-2e205-Tests-User-Registration-API-chromium/video.webm
    ────────────────────────────────────────────────────────────────────────────────────────────────
]]>
</failure>
<system-out>
<![CDATA[
[[ATTACHMENT|test-results/api-integration-🔐-Authent-2e205-Tests-User-Registration-API-chromium/test-failed-1.png]]

[[ATTACHMENT|test-results/api-integration-🔐-Authent-2e205-Tests-User-Registration-API-chromium/video.webm]]
]]>
</system-out>
</testcase>
<testcase name="🔐 Authentication API Tests › User Login API" classname="api-integration.spec.ts" time="23.638">
<failure message="api-integration.spec.ts:72:7 User Login API" type="FAILURE">
<![CDATA[  [chromium] › api-integration.spec.ts:72:7 › 🔐 Authentication API Tests › User Login API ─────────

    Error: expect(received).toBe(expected) // Object.is equality

    Expected: 200
    Received: 400

      78 |     });
      79 |     
    > 80 |     expect(response.status()).toBe(200);
         |                               ^
      81 |     const data = await response.json();
      82 |     expect(data.success).toBe(true);
      83 |     expect(data.token).toBeDefined();
        at /Users/asithalakmal/Documents/web/final project/WeddingLK-next copy/tests/e2e/api-integration.spec.ts:80:31

    attachment #1: screenshot (image/png) ──────────────────────────────────────────────────────────
    ../../test-results/api-integration-🔐-Authentication-API-Tests-User-Login-API-chromium/test-failed-1.png
    ────────────────────────────────────────────────────────────────────────────────────────────────

    attachment #2: video (video/webm) ──────────────────────────────────────────────────────────────
    ../../test-results/api-integration-🔐-Authentication-API-Tests-User-Login-API-chromium/video.webm
    ────────────────────────────────────────────────────────────────────────────────────────────────
]]>
</failure>
<system-out>
<![CDATA[
[[ATTACHMENT|test-results/api-integration-🔐-Authentication-API-Tests-User-Login-API-chromium/test-failed-1.png]]

[[ATTACHMENT|test-results/api-integration-🔐-Authentication-API-Tests-User-Login-API-chromium/video.webm]]
]]>
</system-out>
</testcase>
<testcase name="🔐 Authentication API Tests › Invalid Login API" classname="api-integration.spec.ts" time="8.391">
<failure message="api-integration.spec.ts:87:7 Invalid Login API" type="FAILURE">
<![CDATA[  [chromium] › api-integration.spec.ts:87:7 › 🔐 Authentication API Tests › Invalid Login API ──────

    Error: expect(received).toBe(expected) // Object.is equality

    Expected: 401
    Received: 400

      93 |     });
      94 |     
    > 95 |     expect(response.status()).toBe(401);
         |                               ^
      96 |     const data = await response.json();
      97 |     expect(data.success).toBe(false);
      98 |     expect(data.message).toContain('Invalid credentials');
        at /Users/asithalakmal/Documents/web/final project/WeddingLK-next copy/tests/e2e/api-integration.spec.ts:95:31

    attachment #1: screenshot (image/png) ──────────────────────────────────────────────────────────
    ../../test-results/api-integration-🔐-Authent-4b7fb-API-Tests-Invalid-Login-API-chromium/test-failed-1.png
    ────────────────────────────────────────────────────────────────────────────────────────────────

    attachment #2: video (video/webm) ──────────────────────────────────────────────────────────────
    ../../test-results/api-integration-🔐-Authent-4b7fb-API-Tests-Invalid-Login-API-chromium/video.webm
    ────────────────────────────────────────────────────────────────────────────────────────────────
]]>
</failure>
<system-out>
<![CDATA[
[[ATTACHMENT|test-results/api-integration-🔐-Authent-4b7fb-API-Tests-Invalid-Login-API-chromium/test-failed-1.png]]

[[ATTACHMENT|test-results/api-integration-🔐-Authent-4b7fb-API-Tests-Invalid-Login-API-chromium/video.webm]]
]]>
</system-out>
</testcase>
<testcase name="🔐 Authentication API Tests › Password Reset API" classname="api-integration.spec.ts" time="16.132">
<failure message="api-integration.spec.ts:101:7 Password Reset API" type="FAILURE">
<![CDATA[  [chromium] › api-integration.spec.ts:101:7 › 🔐 Authentication API Tests › Password Reset API ────

    Error: expect(received).toContain(expected) // indexOf

    Expected substring: "Password reset email sent"
    Received string:    "If an account with that email exists, a password reset link has been sent."

      107 |     const data = await response.json();
      108 |     expect(data.success).toBe(true);
    > 109 |     expect(data.message).toContain('Password reset email sent');
          |                          ^
      110 |   });
      111 |
      112 |   test('Email Verification API', async ({ page }) => {
        at /Users/asithalakmal/Documents/web/final project/WeddingLK-next copy/tests/e2e/api-integration.spec.ts:109:26

    attachment #1: screenshot (image/png) ──────────────────────────────────────────────────────────
    ../../test-results/api-integration-🔐-Authent-64b4c-PI-Tests-Password-Reset-API-chromium/test-failed-1.png
    ────────────────────────────────────────────────────────────────────────────────────────────────

    attachment #2: video (video/webm) ──────────────────────────────────────────────────────────────
    ../../test-results/api-integration-🔐-Authent-64b4c-PI-Tests-Password-Reset-API-chromium/video.webm
    ────────────────────────────────────────────────────────────────────────────────────────────────
]]>
</failure>
<system-out>
<![CDATA[
[[ATTACHMENT|test-results/api-integration-🔐-Authent-64b4c-PI-Tests-Password-Reset-API-chromium/test-failed-1.png]]

[[ATTACHMENT|test-results/api-integration-🔐-Authent-64b4c-PI-Tests-Password-Reset-API-chromium/video.webm]]
]]>
</system-out>
</testcase>
<testcase name="🔐 Authentication API Tests › Email Verification API" classname="api-integration.spec.ts" time="14.434">
<failure message="api-integration.spec.ts:112:7 Email Verification API" type="FAILURE">
<![CDATA[  [chromium] › api-integration.spec.ts:112:7 › 🔐 Authentication API Tests › Email Verification API 

    Error: expect(received).toBe(expected) // Object.is equality

    Expected: 200
    Received: 400

      115 |     });
      116 |     
    > 117 |     expect(response.status()).toBe(200);
          |                               ^
      118 |     const data = await response.json();
      119 |     expect(data.success).toBe(true);
      120 |   });
        at /Users/asithalakmal/Documents/web/final project/WeddingLK-next copy/tests/e2e/api-integration.spec.ts:117:31

    attachment #1: screenshot (image/png) ──────────────────────────────────────────────────────────
    ../../test-results/api-integration-🔐-Authent-28344-ests-Email-Verification-API-chromium/test-failed-1.png
    ────────────────────────────────────────────────────────────────────────────────────────────────

    attachment #2: video (video/webm) ──────────────────────────────────────────────────────────────
    ../../test-results/api-integration-🔐-Authent-28344-ests-Email-Verification-API-chromium/video.webm
    ────────────────────────────────────────────────────────────────────────────────────────────────
]]>
</failure>
<system-out>
<![CDATA[
[[ATTACHMENT|test-results/api-integration-🔐-Authent-28344-ests-Email-Verification-API-chromium/test-failed-1.png]]

[[ATTACHMENT|test-results/api-integration-🔐-Authent-28344-ests-Email-Verification-API-chromium/video.webm]]
]]>
</system-out>
</testcase>
<testcase name="👤 User Management API Tests › Get User Profile API" classname="api-integration.spec.ts" time="6.887">
<failure message="api-integration.spec.ts:124:7 Get User Profile API" type="FAILURE">
<![CDATA[  [chromium] › api-integration.spec.ts:124:7 › 👤 User Management API Tests › Get User Profile API ─

    SyntaxError: Unexpected token 'E', "Error: Thi"... is not valid JSON

      43 |     data: { email, password }
      44 |   });
    > 45 |   const data = await response.json();
         |                ^
      46 |   return data.token;
      47 | }
      48 |
        at getAuthToken (/Users/asithalakmal/Documents/web/final project/WeddingLK-next copy/tests/e2e/api-integration.spec.ts:45:16)
        at /Users/asithalakmal/Documents/web/final project/WeddingLK-next copy/tests/e2e/api-integration.spec.ts:125:19

    attachment #1: screenshot (image/png) ──────────────────────────────────────────────────────────
    ../../test-results/api-integration-👤-User-Ma-c1c93--Tests-Get-User-Profile-API-chromium/test-failed-1.png
    ────────────────────────────────────────────────────────────────────────────────────────────────

    attachment #2: video (video/webm) ──────────────────────────────────────────────────────────────
    ../../test-results/api-integration-👤-User-Ma-c1c93--Tests-Get-User-Profile-API-chromium/video.webm
    ────────────────────────────────────────────────────────────────────────────────────────────────
]]>
</failure>
<system-out>
<![CDATA[
[[ATTACHMENT|test-results/api-integration-👤-User-Ma-c1c93--Tests-Get-User-Profile-API-chromium/test-failed-1.png]]

[[ATTACHMENT|test-results/api-integration-👤-User-Ma-c1c93--Tests-Get-User-Profile-API-chromium/video.webm]]
]]>
</system-out>
</testcase>
<testcase name="👤 User Management API Tests › Update User Profile API" classname="api-integration.spec.ts" time="2.977">
<failure message="api-integration.spec.ts:136:7 Update User Profile API" type="FAILURE">
<![CDATA[  [chromium] › api-integration.spec.ts:136:7 › 👤 User Management API Tests › Update User Profile API 

    SyntaxError: Unexpected token 'E', "Error: Thi"... is not valid JSON

      43 |     data: { email, password }
      44 |   });
    > 45 |   const data = await response.json();
         |                ^
      46 |   return data.token;
      47 | }
      48 |
        at getAuthToken (/Users/asithalakmal/Documents/web/final project/WeddingLK-next copy/tests/e2e/api-integration.spec.ts:45:16)
        at /Users/asithalakmal/Documents/web/final project/WeddingLK-next copy/tests/e2e/api-integration.spec.ts:137:19

    attachment #1: screenshot (image/png) ──────────────────────────────────────────────────────────
    ../../test-results/api-integration-👤-User-Ma-6e586-sts-Update-User-Profile-API-chromium/test-failed-1.png
    ────────────────────────────────────────────────────────────────────────────────────────────────

    attachment #2: video (video/webm) ──────────────────────────────────────────────────────────────
    ../../test-results/api-integration-👤-User-Ma-6e586-sts-Update-User-Profile-API-chromium/video.webm
    ────────────────────────────────────────────────────────────────────────────────────────────────
]]>
</failure>
<system-out>
<![CDATA[
[[ATTACHMENT|test-results/api-integration-👤-User-Ma-6e586-sts-Update-User-Profile-API-chromium/test-failed-1.png]]

[[ATTACHMENT|test-results/api-integration-👤-User-Ma-6e586-sts-Update-User-Profile-API-chromium/video.webm]]
]]>
</system-out>
</testcase>
<testcase name="👤 User Management API Tests › Get User Favorites API" classname="api-integration.spec.ts" time="5.761">
<failure message="api-integration.spec.ts:150:7 Get User Favorites API" type="FAILURE">
<![CDATA[  [chromium] › api-integration.spec.ts:150:7 › 👤 User Management API Tests › Get User Favorites API 

    SyntaxError: Unexpected token 'E', "Error: Thi"... is not valid JSON

      43 |     data: { email, password }
      44 |   });
    > 45 |   const data = await response.json();
         |                ^
      46 |   return data.token;
      47 | }
      48 |
        at getAuthToken (/Users/asithalakmal/Documents/web/final project/WeddingLK-next copy/tests/e2e/api-integration.spec.ts:45:16)
        at /Users/asithalakmal/Documents/web/final project/WeddingLK-next copy/tests/e2e/api-integration.spec.ts:151:19

    attachment #1: screenshot (image/png) ──────────────────────────────────────────────────────────
    ../../test-results/api-integration-👤-User-Ma-2df14-ests-Get-User-Favorites-API-chromium/test-failed-1.png
    ────────────────────────────────────────────────────────────────────────────────────────────────

    attachment #2: video (video/webm) ──────────────────────────────────────────────────────────────
    ../../test-results/api-integration-👤-User-Ma-2df14-ests-Get-User-Favorites-API-chromium/video.webm
    ────────────────────────────────────────────────────────────────────────────────────────────────
]]>
</failure>
<system-out>
<![CDATA[
[[ATTACHMENT|test-results/api-integration-👤-User-Ma-2df14-ests-Get-User-Favorites-API-chromium/test-failed-1.png]]

[[ATTACHMENT|test-results/api-integration-👤-User-Ma-2df14-ests-Get-User-Favorites-API-chromium/video.webm]]
]]>
</system-out>
</testcase>
<testcase name="👤 User Management API Tests › Add User Favorite API" classname="api-integration.spec.ts" time="9.852">
<failure message="api-integration.spec.ts:161:7 Add User Favorite API" type="FAILURE">
<![CDATA[  [chromium] › api-integration.spec.ts:161:7 › 👤 User Management API Tests › Add User Favorite API 

    SyntaxError: Unexpected token 'E', "Error: Thi"... is not valid JSON

      43 |     data: { email, password }
      44 |   });
    > 45 |   const data = await response.json();
         |                ^
      46 |   return data.token;
      47 | }
      48 |
        at getAuthToken (/Users/asithalakmal/Documents/web/final project/WeddingLK-next copy/tests/e2e/api-integration.spec.ts:45:16)
        at /Users/asithalakmal/Documents/web/final project/WeddingLK-next copy/tests/e2e/api-integration.spec.ts:162:19

    attachment #1: screenshot (image/png) ──────────────────────────────────────────────────────────
    ../../test-results/api-integration-👤-User-Ma-0917f-Tests-Add-User-Favorite-API-chromium/test-failed-1.png
    ────────────────────────────────────────────────────────────────────────────────────────────────

    attachment #2: video (video/webm) ──────────────────────────────────────────────────────────────
    ../../test-results/api-integration-👤-User-Ma-0917f-Tests-Add-User-Favorite-API-chromium/video.webm
    ────────────────────────────────────────────────────────────────────────────────────────────────
]]>
</failure>
<system-out>
<![CDATA[
[[ATTACHMENT|test-results/api-integration-👤-User-Ma-0917f-Tests-Add-User-Favorite-API-chromium/test-failed-1.png]]

[[ATTACHMENT|test-results/api-integration-👤-User-Ma-0917f-Tests-Add-User-Favorite-API-chromium/video.webm]]
]]>
</system-out>
</testcase>
<testcase name="🏢 Vendor Management API Tests › Vendor Registration API" classname="api-integration.spec.ts" time="11.853">
<failure message="api-integration.spec.ts:177:7 Vendor Registration API" type="FAILURE">
<![CDATA[  [chromium] › api-integration.spec.ts:177:7 › 🏢 Vendor Management API Tests › Vendor Registration API 

    Error: expect(received).toBe(expected) // Object.is equality

    Expected: 201
    Received: 401

      186 |     });
      187 |     
    > 188 |     expect(response.status()).toBe(201);
          |                               ^
      189 |     const data = await response.json();
      190 |     expect(data.success).toBe(true);
      191 |     expect(data.message).toContain('Vendor registration submitted');
        at /Users/asithalakmal/Documents/web/final project/WeddingLK-next copy/tests/e2e/api-integration.spec.ts:188:31

    attachment #1: screenshot (image/png) ──────────────────────────────────────────────────────────
    ../../test-results/api-integration-🏢-Vendor--a5f85-sts-Vendor-Registration-API-chromium/test-failed-1.png
    ────────────────────────────────────────────────────────────────────────────────────────────────

    attachment #2: video (video/webm) ──────────────────────────────────────────────────────────────
    ../../test-results/api-integration-🏢-Vendor--a5f85-sts-Vendor-Registration-API-chromium/video.webm
    ────────────────────────────────────────────────────────────────────────────────────────────────
]]>
</failure>
<system-out>
<![CDATA[
[[ATTACHMENT|test-results/api-integration-🏢-Vendor--a5f85-sts-Vendor-Registration-API-chromium/test-failed-1.png]]

[[ATTACHMENT|test-results/api-integration-🏢-Vendor--a5f85-sts-Vendor-Registration-API-chromium/video.webm]]
]]>
</system-out>
</testcase>
<testcase name="🏢 Vendor Management API Tests › Get Vendor Services API" classname="api-integration.spec.ts" time="4.073">
<failure message="api-integration.spec.ts:194:7 Get Vendor Services API" type="FAILURE">
<![CDATA[  [chromium] › api-integration.spec.ts:194:7 › 🏢 Vendor Management API Tests › Get Vendor Services API 

    SyntaxError: Unexpected token 'E', "Error: Thi"... is not valid JSON

      43 |     data: { email, password }
      44 |   });
    > 45 |   const data = await response.json();
         |                ^
      46 |   return data.token;
      47 | }
      48 |
        at getAuthToken (/Users/asithalakmal/Documents/web/final project/WeddingLK-next copy/tests/e2e/api-integration.spec.ts:45:16)
        at /Users/asithalakmal/Documents/web/final project/WeddingLK-next copy/tests/e2e/api-integration.spec.ts:195:19

    attachment #1: screenshot (image/png) ──────────────────────────────────────────────────────────
    ../../test-results/api-integration-🏢-Vendor--4dc71-sts-Get-Vendor-Services-API-chromium/test-failed-1.png
    ────────────────────────────────────────────────────────────────────────────────────────────────

    attachment #2: video (video/webm) ──────────────────────────────────────────────────────────────
    ../../test-results/api-integration-🏢-Vendor--4dc71-sts-Get-Vendor-Services-API-chromium/video.webm
    ────────────────────────────────────────────────────────────────────────────────────────────────
]]>
</failure>
<system-out>
<![CDATA[
[[ATTACHMENT|test-results/api-integration-🏢-Vendor--4dc71-sts-Get-Vendor-Services-API-chromium/test-failed-1.png]]

[[ATTACHMENT|test-results/api-integration-🏢-Vendor--4dc71-sts-Get-Vendor-Services-API-chromium/video.webm]]
]]>
</system-out>
</testcase>
<testcase name="🏢 Vendor Management API Tests › Create Vendor Service API" classname="api-integration.spec.ts" time="6.329">
<failure message="api-integration.spec.ts:205:7 Create Vendor Service API" type="FAILURE">
<![CDATA[  [chromium] › api-integration.spec.ts:205:7 › 🏢 Vendor Management API Tests › Create Vendor Service API 

    SyntaxError: Unexpected token 'E', "Error: Thi"... is not valid JSON

      43 |     data: { email, password }
      44 |   });
    > 45 |   const data = await response.json();
         |                ^
      46 |   return data.token;
      47 | }
      48 |
        at getAuthToken (/Users/asithalakmal/Documents/web/final project/WeddingLK-next copy/tests/e2e/api-integration.spec.ts:45:16)
        at /Users/asithalakmal/Documents/web/final project/WeddingLK-next copy/tests/e2e/api-integration.spec.ts:206:19

    attachment #1: screenshot (image/png) ──────────────────────────────────────────────────────────
    ../../test-results/api-integration-🏢-Vendor--32b06-s-Create-Vendor-Service-API-chromium/test-failed-1.png
    ────────────────────────────────────────────────────────────────────────────────────────────────

    attachment #2: video (video/webm) ──────────────────────────────────────────────────────────────
    ../../test-results/api-integration-🏢-Vendor--32b06-s-Create-Vendor-Service-API-chromium/video.webm
    ────────────────────────────────────────────────────────────────────────────────────────────────
]]>
</failure>
<system-out>
<![CDATA[
[[ATTACHMENT|test-results/api-integration-🏢-Vendor--32b06-s-Create-Vendor-Service-API-chromium/test-failed-1.png]]

[[ATTACHMENT|test-results/api-integration-🏢-Vendor--32b06-s-Create-Vendor-Service-API-chromium/video.webm]]
]]>
</system-out>
</testcase>
<testcase name="🏢 Vendor Management API Tests › Update Vendor Service API" classname="api-integration.spec.ts" time="5.3">
<failure message="api-integration.spec.ts:221:7 Update Vendor Service API" type="FAILURE">
<![CDATA[  [chromium] › api-integration.spec.ts:221:7 › 🏢 Vendor Management API Tests › Update Vendor Service API 

    SyntaxError: Unexpected token 'E', "Error: Thi"... is not valid JSON

      43 |     data: { email, password }
      44 |   });
    > 45 |   const data = await response.json();
         |                ^
      46 |   return data.token;
      47 | }
      48 |
        at getAuthToken (/Users/asithalakmal/Documents/web/final project/WeddingLK-next copy/tests/e2e/api-integration.spec.ts:45:16)
        at /Users/asithalakmal/Documents/web/final project/WeddingLK-next copy/tests/e2e/api-integration.spec.ts:222:19

    attachment #1: screenshot (image/png) ──────────────────────────────────────────────────────────
    ../../test-results/api-integration-🏢-Vendor--8ad41-s-Update-Vendor-Service-API-chromium/test-failed-1.png
    ────────────────────────────────────────────────────────────────────────────────────────────────

    attachment #2: video (video/webm) ──────────────────────────────────────────────────────────────
    ../../test-results/api-integration-🏢-Vendor--8ad41-s-Update-Vendor-Service-API-chromium/video.webm
    ────────────────────────────────────────────────────────────────────────────────────────────────
]]>
</failure>
<system-out>
<![CDATA[
[[ATTACHMENT|test-results/api-integration-🏢-Vendor--8ad41-s-Update-Vendor-Service-API-chromium/test-failed-1.png]]

[[ATTACHMENT|test-results/api-integration-🏢-Vendor--8ad41-s-Update-Vendor-Service-API-chromium/video.webm]]
]]>
</system-out>
</testcase>
<testcase name="🏢 Vendor Management API Tests › Delete Vendor Service API" classname="api-integration.spec.ts" time="5.018">
<failure message="api-integration.spec.ts:235:7 Delete Vendor Service API" type="FAILURE">
<![CDATA[  [chromium] › api-integration.spec.ts:235:7 › 🏢 Vendor Management API Tests › Delete Vendor Service API 

    SyntaxError: Unexpected token 'E', "Error: Thi"... is not valid JSON

      43 |     data: { email, password }
      44 |   });
    > 45 |   const data = await response.json();
         |                ^
      46 |   return data.token;
      47 | }
      48 |
        at getAuthToken (/Users/asithalakmal/Documents/web/final project/WeddingLK-next copy/tests/e2e/api-integration.spec.ts:45:16)
        at /Users/asithalakmal/Documents/web/final project/WeddingLK-next copy/tests/e2e/api-integration.spec.ts:236:19

    attachment #1: screenshot (image/png) ──────────────────────────────────────────────────────────
    ../../test-results/api-integration-🏢-Vendor--3ac39-s-Delete-Vendor-Service-API-chromium/test-failed-1.png
    ────────────────────────────────────────────────────────────────────────────────────────────────

    attachment #2: video (video/webm) ──────────────────────────────────────────────────────────────
    ../../test-results/api-integration-🏢-Vendor--3ac39-s-Delete-Vendor-Service-API-chromium/video.webm
    ────────────────────────────────────────────────────────────────────────────────────────────────
]]>
</failure>
<system-out>
<![CDATA[
[[ATTACHMENT|test-results/api-integration-🏢-Vendor--3ac39-s-Delete-Vendor-Service-API-chromium/test-failed-1.png]]

[[ATTACHMENT|test-results/api-integration-🏢-Vendor--3ac39-s-Delete-Vendor-Service-API-chromium/video.webm]]
]]>
</system-out>
</testcase>
<testcase name="🏢 Vendor Management API Tests › Get Vendor Analytics API" classname="api-integration.spec.ts" time="9.539">
<failure message="api-integration.spec.ts:246:7 Get Vendor Analytics API" type="FAILURE">
<![CDATA[  [chromium] › api-integration.spec.ts:246:7 › 🏢 Vendor Management API Tests › Get Vendor Analytics API 

    SyntaxError: Unexpected token 'E', "Error: Thi"... is not valid JSON

      43 |     data: { email, password }
      44 |   });
    > 45 |   const data = await response.json();
         |                ^
      46 |   return data.token;
      47 | }
      48 |
        at getAuthToken (/Users/asithalakmal/Documents/web/final project/WeddingLK-next copy/tests/e2e/api-integration.spec.ts:45:16)
        at /Users/asithalakmal/Documents/web/final project/WeddingLK-next copy/tests/e2e/api-integration.spec.ts:247:19

    attachment #1: screenshot (image/png) ──────────────────────────────────────────────────────────
    ../../test-results/api-integration-🏢-Vendor--6b8fc-ts-Get-Vendor-Analytics-API-chromium/test-failed-1.png
    ────────────────────────────────────────────────────────────────────────────────────────────────

    attachment #2: video (video/webm) ──────────────────────────────────────────────────────────────
    ../../test-results/api-integration-🏢-Vendor--6b8fc-ts-Get-Vendor-Analytics-API-chromium/video.webm
    ────────────────────────────────────────────────────────────────────────────────────────────────
]]>
</failure>
<system-out>
<![CDATA[
[[ATTACHMENT|test-results/api-integration-🏢-Vendor--6b8fc-ts-Get-Vendor-Analytics-API-chromium/test-failed-1.png]]

[[ATTACHMENT|test-results/api-integration-🏢-Vendor--6b8fc-ts-Get-Vendor-Analytics-API-chromium/video.webm]]
]]>
</system-out>
</testcase>
<testcase name="📅 Booking Management API Tests › Create Booking API" classname="api-integration.spec.ts" time="12.845">
<failure message="api-integration.spec.ts:261:7 Create Booking API" type="FAILURE">
<![CDATA[  [chromium] › api-integration.spec.ts:261:7 › 📅 Booking Management API Tests › Create Booking API 

    SyntaxError: Unexpected token 'E', "Error: Thi"... is not valid JSON

      43 |     data: { email, password }
      44 |   });
    > 45 |   const data = await response.json();
         |                ^
      46 |   return data.token;
      47 | }
      48 |
        at getAuthToken (/Users/asithalakmal/Documents/web/final project/WeddingLK-next copy/tests/e2e/api-integration.spec.ts:45:16)
        at /Users/asithalakmal/Documents/web/final project/WeddingLK-next copy/tests/e2e/api-integration.spec.ts:262:19

    attachment #1: screenshot (image/png) ──────────────────────────────────────────────────────────
    ../../test-results/api-integration-📅-Booking-f6016-PI-Tests-Create-Booking-API-chromium/test-failed-1.png
    ────────────────────────────────────────────────────────────────────────────────────────────────

    attachment #2: video (video/webm) ──────────────────────────────────────────────────────────────
    ../../test-results/api-integration-📅-Booking-f6016-PI-Tests-Create-Booking-API-chromium/video.webm
    ────────────────────────────────────────────────────────────────────────────────────────────────
]]>
</failure>
<system-out>
<![CDATA[
[[ATTACHMENT|test-results/api-integration-📅-Booking-f6016-PI-Tests-Create-Booking-API-chromium/test-failed-1.png]]

[[ATTACHMENT|test-results/api-integration-📅-Booking-f6016-PI-Tests-Create-Booking-API-chromium/video.webm]]
]]>
</system-out>
</testcase>
<testcase name="📅 Booking Management API Tests › Get User Bookings API" classname="api-integration.spec.ts" time="15.426">
<failure message="api-integration.spec.ts:279:7 Get User Bookings API" type="FAILURE">
<![CDATA[  [chromium] › api-integration.spec.ts:279:7 › 📅 Booking Management API Tests › Get User Bookings API 

    SyntaxError: Unexpected token 'E', "Error: Thi"... is not valid JSON

      43 |     data: { email, password }
      44 |   });
    > 45 |   const data = await response.json();
         |                ^
      46 |   return data.token;
      47 | }
      48 |
        at getAuthToken (/Users/asithalakmal/Documents/web/final project/WeddingLK-next copy/tests/e2e/api-integration.spec.ts:45:16)
        at /Users/asithalakmal/Documents/web/final project/WeddingLK-next copy/tests/e2e/api-integration.spec.ts:280:19

    attachment #1: screenshot (image/png) ──────────────────────────────────────────────────────────
    ../../test-results/api-integration-📅-Booking-0e3ce-Tests-Get-User-Bookings-API-chromium/test-failed-1.png
    ────────────────────────────────────────────────────────────────────────────────────────────────

    attachment #2: video (video/webm) ──────────────────────────────────────────────────────────────
    ../../test-results/api-integration-📅-Booking-0e3ce-Tests-Get-User-Bookings-API-chromium/video.webm
    ────────────────────────────────────────────────────────────────────────────────────────────────
]]>
</failure>
<system-out>
<![CDATA[
[[ATTACHMENT|test-results/api-integration-📅-Booking-0e3ce-Tests-Get-User-Bookings-API-chromium/test-failed-1.png]]

[[ATTACHMENT|test-results/api-integration-📅-Booking-0e3ce-Tests-Get-User-Bookings-API-chromium/video.webm]]
]]>
</system-out>
</testcase>
<testcase name="📅 Booking Management API Tests › Update Booking API" classname="api-integration.spec.ts" time="10.267">
<failure message="api-integration.spec.ts:290:7 Update Booking API" type="FAILURE">
<![CDATA[  [chromium] › api-integration.spec.ts:290:7 › 📅 Booking Management API Tests › Update Booking API 

    SyntaxError: Unexpected token 'E', "Error: Thi"... is not valid JSON

      43 |     data: { email, password }
      44 |   });
    > 45 |   const data = await response.json();
         |                ^
      46 |   return data.token;
      47 | }
      48 |
        at getAuthToken (/Users/asithalakmal/Documents/web/final project/WeddingLK-next copy/tests/e2e/api-integration.spec.ts:45:16)
        at /Users/asithalakmal/Documents/web/final project/WeddingLK-next copy/tests/e2e/api-integration.spec.ts:291:19

    attachment #1: screenshot (image/png) ──────────────────────────────────────────────────────────
    ../../test-results/api-integration-📅-Booking-a7a44-PI-Tests-Update-Booking-API-chromium/test-failed-1.png
    ────────────────────────────────────────────────────────────────────────────────────────────────

    attachment #2: video (video/webm) ──────────────────────────────────────────────────────────────
    ../../test-results/api-integration-📅-Booking-a7a44-PI-Tests-Update-Booking-API-chromium/video.webm
    ────────────────────────────────────────────────────────────────────────────────────────────────
]]>
</failure>
<system-out>
<![CDATA[
[[ATTACHMENT|test-results/api-integration-📅-Booking-a7a44-PI-Tests-Update-Booking-API-chromium/test-failed-1.png]]

[[ATTACHMENT|test-results/api-integration-📅-Booking-a7a44-PI-Tests-Update-Booking-API-chromium/video.webm]]
]]>
</system-out>
</testcase>
<testcase name="📅 Booking Management API Tests › Cancel Booking API" classname="api-integration.spec.ts" time="9.398">
<failure message="api-integration.spec.ts:304:7 Cancel Booking API" type="FAILURE">
<![CDATA[  [chromium] › api-integration.spec.ts:304:7 › 📅 Booking Management API Tests › Cancel Booking API 

    SyntaxError: Unexpected token 'E', "Error: Thi"... is not valid JSON

      43 |     data: { email, password }
      44 |   });
    > 45 |   const data = await response.json();
         |                ^
      46 |   return data.token;
      47 | }
      48 |
        at getAuthToken (/Users/asithalakmal/Documents/web/final project/WeddingLK-next copy/tests/e2e/api-integration.spec.ts:45:16)
        at /Users/asithalakmal/Documents/web/final project/WeddingLK-next copy/tests/e2e/api-integration.spec.ts:305:19

    attachment #1: screenshot (image/png) ──────────────────────────────────────────────────────────
    ../../test-results/api-integration-📅-Booking-7c911-PI-Tests-Cancel-Booking-API-chromium/test-failed-1.png
    ────────────────────────────────────────────────────────────────────────────────────────────────

    attachment #2: video (video/webm) ──────────────────────────────────────────────────────────────
    ../../test-results/api-integration-📅-Booking-7c911-PI-Tests-Cancel-Booking-API-chromium/video.webm
    ────────────────────────────────────────────────────────────────────────────────────────────────
]]>
</failure>
<system-out>
<![CDATA[
[[ATTACHMENT|test-results/api-integration-📅-Booking-7c911-PI-Tests-Cancel-Booking-API-chromium/test-failed-1.png]]

[[ATTACHMENT|test-results/api-integration-📅-Booking-7c911-PI-Tests-Cancel-Booking-API-chromium/video.webm]]
]]>
</system-out>
</testcase>
<testcase name="📅 Booking Management API Tests › Get Vendor Bookings API" classname="api-integration.spec.ts" time="8.952">
<failure message="api-integration.spec.ts:315:7 Get Vendor Bookings API" type="FAILURE">
<![CDATA[  [chromium] › api-integration.spec.ts:315:7 › 📅 Booking Management API Tests › Get Vendor Bookings API 

    SyntaxError: Unexpected token 'E', "Error: Thi"... is not valid JSON

      43 |     data: { email, password }
      44 |   });
    > 45 |   const data = await response.json();
         |                ^
      46 |   return data.token;
      47 | }
      48 |
        at getAuthToken (/Users/asithalakmal/Documents/web/final project/WeddingLK-next copy/tests/e2e/api-integration.spec.ts:45:16)
        at /Users/asithalakmal/Documents/web/final project/WeddingLK-next copy/tests/e2e/api-integration.spec.ts:316:19

    attachment #1: screenshot (image/png) ──────────────────────────────────────────────────────────
    ../../test-results/api-integration-📅-Booking-a710b-sts-Get-Vendor-Bookings-API-chromium/test-failed-1.png
    ────────────────────────────────────────────────────────────────────────────────────────────────

    attachment #2: video (video/webm) ──────────────────────────────────────────────────────────────
    ../../test-results/api-integration-📅-Booking-a710b-sts-Get-Vendor-Bookings-API-chromium/video.webm
    ────────────────────────────────────────────────────────────────────────────────────────────────
]]>
</failure>
<system-out>
<![CDATA[
[[ATTACHMENT|test-results/api-integration-📅-Booking-a710b-sts-Get-Vendor-Bookings-API-chromium/test-failed-1.png]]

[[ATTACHMENT|test-results/api-integration-📅-Booking-a710b-sts-Get-Vendor-Bookings-API-chromium/video.webm]]
]]>
</system-out>
</testcase>
<testcase name="📅 Booking Management API Tests › Update Booking Status API" classname="api-integration.spec.ts" time="3.679">
<failure message="api-integration.spec.ts:326:7 Update Booking Status API" type="FAILURE">
<![CDATA[  [chromium] › api-integration.spec.ts:326:7 › 📅 Booking Management API Tests › Update Booking Status API 

    SyntaxError: Unexpected token 'E', "Error: Thi"... is not valid JSON

      43 |     data: { email, password }
      44 |   });
    > 45 |   const data = await response.json();
         |                ^
      46 |   return data.token;
      47 | }
      48 |
        at getAuthToken (/Users/asithalakmal/Documents/web/final project/WeddingLK-next copy/tests/e2e/api-integration.spec.ts:45:16)
        at /Users/asithalakmal/Documents/web/final project/WeddingLK-next copy/tests/e2e/api-integration.spec.ts:327:19

    attachment #1: screenshot (image/png) ──────────────────────────────────────────────────────────
    ../../test-results/api-integration-📅-Booking-458f2-s-Update-Booking-Status-API-chromium/test-failed-1.png
    ────────────────────────────────────────────────────────────────────────────────────────────────

    attachment #2: video (video/webm) ──────────────────────────────────────────────────────────────
    ../../test-results/api-integration-📅-Booking-458f2-s-Update-Booking-Status-API-chromium/video.webm
    ────────────────────────────────────────────────────────────────────────────────────────────────
]]>
</failure>
<system-out>
<![CDATA[
[[ATTACHMENT|test-results/api-integration-📅-Booking-458f2-s-Update-Booking-Status-API-chromium/test-failed-1.png]]

[[ATTACHMENT|test-results/api-integration-📅-Booking-458f2-s-Update-Booking-Status-API-chromium/video.webm]]
]]>
</system-out>
</testcase>
<testcase name="🏛️ Venue Management API Tests › Get Venues API" classname="api-integration.spec.ts" time="3.955">
</testcase>
<testcase name="🏛️ Venue Management API Tests › Get Venue by ID API" classname="api-integration.spec.ts" time="6.32">
<failure message="api-integration.spec.ts:350:7 Get Venue by ID API" type="FAILURE">
<![CDATA[  [chromium] › api-integration.spec.ts:350:7 › 🏛️ Venue Management API Tests › Get Venue by ID API 

    Error: expect(received).toBe(expected) // Object.is equality

    Expected: 200
    Received: 500

      350 |   test('Get Venue by ID API', async ({ page }) => {
      351 |     const response = await page.request.get('/api/venues/test-venue-id');
    > 352 |     expect(response.status()).toBe(200);
          |                               ^
      353 |     
      354 |     const data = await response.json();
      355 |     expect(data.success).toBe(true);
        at /Users/asithalakmal/Documents/web/final project/WeddingLK-next copy/tests/e2e/api-integration.spec.ts:352:31

    attachment #1: screenshot (image/png) ──────────────────────────────────────────────────────────
    ../../test-results/api-integration-🏛️-Venue--f15e9-I-Tests-Get-Venue-by-ID-API-chromium/test-failed-1.png
    ────────────────────────────────────────────────────────────────────────────────────────────────

    attachment #2: video (video/webm) ──────────────────────────────────────────────────────────────
    ../../test-results/api-integration-🏛️-Venue--f15e9-I-Tests-Get-Venue-by-ID-API-chromium/video.webm
    ────────────────────────────────────────────────────────────────────────────────────────────────
]]>
</failure>
<system-out>
<![CDATA[
[[ATTACHMENT|test-results/api-integration-🏛️-Venue--f15e9-I-Tests-Get-Venue-by-ID-API-chromium/test-failed-1.png]]

[[ATTACHMENT|test-results/api-integration-🏛️-Venue--f15e9-I-Tests-Get-Venue-by-ID-API-chromium/video.webm]]
]]>
</system-out>
</testcase>
<testcase name="🏛️ Venue Management API Tests › Search Venues API" classname="api-integration.spec.ts" time="4.178">
</testcase>
<testcase name="🏛️ Venue Management API Tests › Get Venue Availability API" classname="api-integration.spec.ts" time="4.146">
<failure message="api-integration.spec.ts:368:7 Get Venue Availability API" type="FAILURE">
<![CDATA[  [chromium] › api-integration.spec.ts:368:7 › 🏛️ Venue Management API Tests › Get Venue Availability API 

    Error: expect(received).toBe(expected) // Object.is equality

    Expected: 200
    Received: 500

      368 |   test('Get Venue Availability API', async ({ page }) => {
      369 |     const response = await page.request.get('/api/venues/availability?venueId=test-venue-id&date=2024-12-25');
    > 370 |     expect(response.status()).toBe(200);
          |                               ^
      371 |     
      372 |     const data = await response.json();
      373 |     expect(data.success).toBe(true);
        at /Users/asithalakmal/Documents/web/final project/WeddingLK-next copy/tests/e2e/api-integration.spec.ts:370:31

    attachment #1: screenshot (image/png) ──────────────────────────────────────────────────────────
    ../../test-results/api-integration-🏛️-Venue--1dc52--Get-Venue-Availability-API-chromium/test-failed-1.png
    ────────────────────────────────────────────────────────────────────────────────────────────────

    attachment #2: video (video/webm) ──────────────────────────────────────────────────────────────
    ../../test-results/api-integration-🏛️-Venue--1dc52--Get-Venue-Availability-API-chromium/video.webm
    ────────────────────────────────────────────────────────────────────────────────────────────────
]]>
</failure>
<system-out>
<![CDATA[
[[ATTACHMENT|test-results/api-integration-🏛️-Venue--1dc52--Get-Venue-Availability-API-chromium/test-failed-1.png]]

[[ATTACHMENT|test-results/api-integration-🏛️-Venue--1dc52--Get-Venue-Availability-API-chromium/video.webm]]
]]>
</system-out>
</testcase>
<testcase name="💳 Payment API Tests › Create Payment Intent API" classname="api-integration.spec.ts" time="4.539">
<failure message="api-integration.spec.ts:379:7 Create Payment Intent API" type="FAILURE">
<![CDATA[  [chromium] › api-integration.spec.ts:379:7 › 💳 Payment API Tests › Create Payment Intent API ────

    SyntaxError: Unexpected token 'E', "Error: Thi"... is not valid JSON

      43 |     data: { email, password }
      44 |   });
    > 45 |   const data = await response.json();
         |                ^
      46 |   return data.token;
      47 | }
      48 |
        at getAuthToken (/Users/asithalakmal/Documents/web/final project/WeddingLK-next copy/tests/e2e/api-integration.spec.ts:45:16)
        at /Users/asithalakmal/Documents/web/final project/WeddingLK-next copy/tests/e2e/api-integration.spec.ts:380:19

    attachment #1: screenshot (image/png) ──────────────────────────────────────────────────────────
    ../../test-results/api-integration-💳-Payment-a4c14-s-Create-Payment-Intent-API-chromium/test-failed-1.png
    ────────────────────────────────────────────────────────────────────────────────────────────────

    attachment #2: video (video/webm) ──────────────────────────────────────────────────────────────
    ../../test-results/api-integration-💳-Payment-a4c14-s-Create-Payment-Intent-API-chromium/video.webm
    ────────────────────────────────────────────────────────────────────────────────────────────────
]]>
</failure>
<system-out>
<![CDATA[
[[ATTACHMENT|test-results/api-integration-💳-Payment-a4c14-s-Create-Payment-Intent-API-chromium/test-failed-1.png]]

[[ATTACHMENT|test-results/api-integration-💳-Payment-a4c14-s-Create-Payment-Intent-API-chromium/video.webm]]
]]>
</system-out>
</testcase>
<testcase name="💳 Payment API Tests › Get Payment History API" classname="api-integration.spec.ts" time="4.467">
<failure message="api-integration.spec.ts:394:7 Get Payment History API" type="FAILURE">
<![CDATA[  [chromium] › api-integration.spec.ts:394:7 › 💳 Payment API Tests › Get Payment History API ──────

    SyntaxError: Unexpected token 'E', "Error: Thi"... is not valid JSON

      43 |     data: { email, password }
      44 |   });
    > 45 |   const data = await response.json();
         |                ^
      46 |   return data.token;
      47 | }
      48 |
        at getAuthToken (/Users/asithalakmal/Documents/web/final project/WeddingLK-next copy/tests/e2e/api-integration.spec.ts:45:16)
        at /Users/asithalakmal/Documents/web/final project/WeddingLK-next copy/tests/e2e/api-integration.spec.ts:395:19

    attachment #1: screenshot (image/png) ──────────────────────────────────────────────────────────
    ../../test-results/api-integration-💳-Payment-API-Tests-Get-Payment-History-API-chromium/test-failed-1.png
    ────────────────────────────────────────────────────────────────────────────────────────────────

    attachment #2: video (video/webm) ──────────────────────────────────────────────────────────────
    ../../test-results/api-integration-💳-Payment-API-Tests-Get-Payment-History-API-chromium/video.webm
    ────────────────────────────────────────────────────────────────────────────────────────────────
]]>
</failure>
<system-out>
<![CDATA[
[[ATTACHMENT|test-results/api-integration-💳-Payment-API-Tests-Get-Payment-History-API-chromium/test-failed-1.png]]

[[ATTACHMENT|test-results/api-integration-💳-Payment-API-Tests-Get-Payment-History-API-chromium/video.webm]]
]]>
</system-out>
</testcase>
<testcase name="💳 Payment API Tests › Get Payment by ID API" classname="api-integration.spec.ts" time="3.635">
<failure message="api-integration.spec.ts:405:7 Get Payment by ID API" type="FAILURE">
<![CDATA[  [chromium] › api-integration.spec.ts:405:7 › 💳 Payment API Tests › Get Payment by ID API ────────

    SyntaxError: Unexpected token 'E', "Error: Thi"... is not valid JSON

      43 |     data: { email, password }
      44 |   });
    > 45 |   const data = await response.json();
         |                ^
      46 |   return data.token;
      47 | }
      48 |
        at getAuthToken (/Users/asithalakmal/Documents/web/final project/WeddingLK-next copy/tests/e2e/api-integration.spec.ts:45:16)
        at /Users/asithalakmal/Documents/web/final project/WeddingLK-next copy/tests/e2e/api-integration.spec.ts:406:19

    attachment #1: screenshot (image/png) ──────────────────────────────────────────────────────────
    ../../test-results/api-integration-💳-Payment-API-Tests-Get-Payment-by-ID-API-chromium/test-failed-1.png
    ────────────────────────────────────────────────────────────────────────────────────────────────

    attachment #2: video (video/webm) ──────────────────────────────────────────────────────────────
    ../../test-results/api-integration-💳-Payment-API-Tests-Get-Payment-by-ID-API-chromium/video.webm
    ────────────────────────────────────────────────────────────────────────────────────────────────
]]>
</failure>
<system-out>
<![CDATA[
[[ATTACHMENT|test-results/api-integration-💳-Payment-API-Tests-Get-Payment-by-ID-API-chromium/test-failed-1.png]]

[[ATTACHMENT|test-results/api-integration-💳-Payment-API-Tests-Get-Payment-by-ID-API-chromium/video.webm]]
]]>
</system-out>
</testcase>
<testcase name="📊 Dashboard API Tests › Get Dashboard Stats API" classname="api-integration.spec.ts" time="6.024">
<failure message="api-integration.spec.ts:418:7 Get Dashboard Stats API" type="FAILURE">
<![CDATA[  [chromium] › api-integration.spec.ts:418:7 › 📊 Dashboard API Tests › Get Dashboard Stats API ────

    SyntaxError: Unexpected token 'E', "Error: Thi"... is not valid JSON

      43 |     data: { email, password }
      44 |   });
    > 45 |   const data = await response.json();
         |                ^
      46 |   return data.token;
      47 | }
      48 |
        at getAuthToken (/Users/asithalakmal/Documents/web/final project/WeddingLK-next copy/tests/e2e/api-integration.spec.ts:45:16)
        at /Users/asithalakmal/Documents/web/final project/WeddingLK-next copy/tests/e2e/api-integration.spec.ts:419:19

    attachment #1: screenshot (image/png) ──────────────────────────────────────────────────────────
    ../../test-results/api-integration-📊-Dashboa-bf9ef-sts-Get-Dashboard-Stats-API-chromium/test-failed-1.png
    ────────────────────────────────────────────────────────────────────────────────────────────────

    attachment #2: video (video/webm) ──────────────────────────────────────────────────────────────
    ../../test-results/api-integration-📊-Dashboa-bf9ef-sts-Get-Dashboard-Stats-API-chromium/video.webm
    ────────────────────────────────────────────────────────────────────────────────────────────────
]]>
</failure>
<system-out>
<![CDATA[
[[ATTACHMENT|test-results/api-integration-📊-Dashboa-bf9ef-sts-Get-Dashboard-Stats-API-chromium/test-failed-1.png]]

[[ATTACHMENT|test-results/api-integration-📊-Dashboa-bf9ef-sts-Get-Dashboard-Stats-API-chromium/video.webm]]
]]>
</system-out>
</testcase>
<testcase name="📊 Dashboard API Tests › Get Dashboard Activity API" classname="api-integration.spec.ts" time="8.246">
<failure message="api-integration.spec.ts:431:7 Get Dashboard Activity API" type="FAILURE">
<![CDATA[  [chromium] › api-integration.spec.ts:431:7 › 📊 Dashboard API Tests › Get Dashboard Activity API ─

    SyntaxError: Unexpected token 'E', "Error: Thi"... is not valid JSON

      43 |     data: { email, password }
      44 |   });
    > 45 |   const data = await response.json();
         |                ^
      46 |   return data.token;
      47 | }
      48 |
        at getAuthToken (/Users/asithalakmal/Documents/web/final project/WeddingLK-next copy/tests/e2e/api-integration.spec.ts:45:16)
        at /Users/asithalakmal/Documents/web/final project/WeddingLK-next copy/tests/e2e/api-integration.spec.ts:432:19

    attachment #1: screenshot (image/png) ──────────────────────────────────────────────────────────
    ../../test-results/api-integration-📊-Dashboa-0cd31--Get-Dashboard-Activity-API-chromium/test-failed-1.png
    ────────────────────────────────────────────────────────────────────────────────────────────────

    attachment #2: video (video/webm) ──────────────────────────────────────────────────────────────
    ../../test-results/api-integration-📊-Dashboa-0cd31--Get-Dashboard-Activity-API-chromium/video.webm
    ────────────────────────────────────────────────────────────────────────────────────────────────
]]>
</failure>
<system-out>
<![CDATA[
[[ATTACHMENT|test-results/api-integration-📊-Dashboa-0cd31--Get-Dashboard-Activity-API-chromium/test-failed-1.png]]

[[ATTACHMENT|test-results/api-integration-📊-Dashboa-0cd31--Get-Dashboard-Activity-API-chromium/video.webm]]
]]>
</system-out>
</testcase>
<testcase name="📊 Dashboard API Tests › Get User Dashboard Stats API" classname="api-integration.spec.ts" time="6.014">
<failure message="api-integration.spec.ts:442:7 Get User Dashboard Stats API" type="FAILURE">
<![CDATA[  [chromium] › api-integration.spec.ts:442:7 › 📊 Dashboard API Tests › Get User Dashboard Stats API 

    SyntaxError: Unexpected token 'E', "Error: Thi"... is not valid JSON

      43 |     data: { email, password }
      44 |   });
    > 45 |   const data = await response.json();
         |                ^
      46 |   return data.token;
      47 | }
      48 |
        at getAuthToken (/Users/asithalakmal/Documents/web/final project/WeddingLK-next copy/tests/e2e/api-integration.spec.ts:45:16)
        at /Users/asithalakmal/Documents/web/final project/WeddingLK-next copy/tests/e2e/api-integration.spec.ts:443:19

    attachment #1: screenshot (image/png) ──────────────────────────────────────────────────────────
    ../../test-results/api-integration-📊-Dashboa-f50b7-et-User-Dashboard-Stats-API-chromium/test-failed-1.png
    ────────────────────────────────────────────────────────────────────────────────────────────────

    attachment #2: video (video/webm) ──────────────────────────────────────────────────────────────
    ../../test-results/api-integration-📊-Dashboa-f50b7-et-User-Dashboard-Stats-API-chromium/video.webm
    ────────────────────────────────────────────────────────────────────────────────────────────────
]]>
</failure>
<system-out>
<![CDATA[
[[ATTACHMENT|test-results/api-integration-📊-Dashboa-f50b7-et-User-Dashboard-Stats-API-chromium/test-failed-1.png]]

[[ATTACHMENT|test-results/api-integration-📊-Dashboa-f50b7-et-User-Dashboard-Stats-API-chromium/video.webm]]
]]>
</system-out>
</testcase>
<testcase name="📊 Dashboard API Tests › Get Vendor Dashboard Stats API" classname="api-integration.spec.ts" time="5.178">
<failure message="api-integration.spec.ts:453:7 Get Vendor Dashboard Stats API" type="FAILURE">
<![CDATA[  [chromium] › api-integration.spec.ts:453:7 › 📊 Dashboard API Tests › Get Vendor Dashboard Stats API 

    SyntaxError: Unexpected token 'E', "Error: Thi"... is not valid JSON

      43 |     data: { email, password }
      44 |   });
    > 45 |   const data = await response.json();
         |                ^
      46 |   return data.token;
      47 | }
      48 |
        at getAuthToken (/Users/asithalakmal/Documents/web/final project/WeddingLK-next copy/tests/e2e/api-integration.spec.ts:45:16)
        at /Users/asithalakmal/Documents/web/final project/WeddingLK-next copy/tests/e2e/api-integration.spec.ts:454:19

    attachment #1: screenshot (image/png) ──────────────────────────────────────────────────────────
    ../../test-results/api-integration-📊-Dashboa-87572--Vendor-Dashboard-Stats-API-chromium/test-failed-1.png
    ────────────────────────────────────────────────────────────────────────────────────────────────

    attachment #2: video (video/webm) ──────────────────────────────────────────────────────────────
    ../../test-results/api-integration-📊-Dashboa-87572--Vendor-Dashboard-Stats-API-chromium/video.webm
    ────────────────────────────────────────────────────────────────────────────────────────────────
]]>
</failure>
<system-out>
<![CDATA[
[[ATTACHMENT|test-results/api-integration-📊-Dashboa-87572--Vendor-Dashboard-Stats-API-chromium/test-failed-1.png]]

[[ATTACHMENT|test-results/api-integration-📊-Dashboa-87572--Vendor-Dashboard-Stats-API-chromium/video.webm]]
]]>
</system-out>
</testcase>
<testcase name="📊 Dashboard API Tests › Get Admin Dashboard Stats API" classname="api-integration.spec.ts" time="3.613">
<failure message="api-integration.spec.ts:464:7 Get Admin Dashboard Stats API" type="FAILURE">
<![CDATA[  [chromium] › api-integration.spec.ts:464:7 › 📊 Dashboard API Tests › Get Admin Dashboard Stats API 

    SyntaxError: Unexpected token 'E', "Error: Thi"... is not valid JSON

      43 |     data: { email, password }
      44 |   });
    > 45 |   const data = await response.json();
         |                ^
      46 |   return data.token;
      47 | }
      48 |
        at getAuthToken (/Users/asithalakmal/Documents/web/final project/WeddingLK-next copy/tests/e2e/api-integration.spec.ts:45:16)
        at /Users/asithalakmal/Documents/web/final project/WeddingLK-next copy/tests/e2e/api-integration.spec.ts:465:19

    attachment #1: screenshot (image/png) ──────────────────────────────────────────────────────────
    ../../test-results/api-integration-📊-Dashboa-9ac1f-t-Admin-Dashboard-Stats-API-chromium/test-failed-1.png
    ────────────────────────────────────────────────────────────────────────────────────────────────

    attachment #2: video (video/webm) ──────────────────────────────────────────────────────────────
    ../../test-results/api-integration-📊-Dashboa-9ac1f-t-Admin-Dashboard-Stats-API-chromium/video.webm
    ────────────────────────────────────────────────────────────────────────────────────────────────
]]>
</failure>
<system-out>
<![CDATA[
[[ATTACHMENT|test-results/api-integration-📊-Dashboa-9ac1f-t-Admin-Dashboard-Stats-API-chromium/test-failed-1.png]]

[[ATTACHMENT|test-results/api-integration-📊-Dashboa-9ac1f-t-Admin-Dashboard-Stats-API-chromium/video.webm]]
]]>
</system-out>
</testcase>
<testcase name="👥 Wedding Planner API Tests › Get Planner Clients API" classname="api-integration.spec.ts" time="3.77">
<failure message="api-integration.spec.ts:477:7 Get Planner Clients API" type="FAILURE">
<![CDATA[  [chromium] › api-integration.spec.ts:477:7 › 👥 Wedding Planner API Tests › Get Planner Clients API 

    SyntaxError: Unexpected token 'E', "Error: Thi"... is not valid JSON

      43 |     data: { email, password }
      44 |   });
    > 45 |   const data = await response.json();
         |                ^
      46 |   return data.token;
      47 | }
      48 |
        at getAuthToken (/Users/asithalakmal/Documents/web/final project/WeddingLK-next copy/tests/e2e/api-integration.spec.ts:45:16)
        at /Users/asithalakmal/Documents/web/final project/WeddingLK-next copy/tests/e2e/api-integration.spec.ts:478:19

    attachment #1: screenshot (image/png) ──────────────────────────────────────────────────────────
    ../../test-results/api-integration-👥-Wedding-2c0a3-sts-Get-Planner-Clients-API-chromium/test-failed-1.png
    ────────────────────────────────────────────────────────────────────────────────────────────────

    attachment #2: video (video/webm) ──────────────────────────────────────────────────────────────
    ../../test-results/api-integration-👥-Wedding-2c0a3-sts-Get-Planner-Clients-API-chromium/video.webm
    ────────────────────────────────────────────────────────────────────────────────────────────────
]]>
</failure>
<system-out>
<![CDATA[
[[ATTACHMENT|test-results/api-integration-👥-Wedding-2c0a3-sts-Get-Planner-Clients-API-chromium/test-failed-1.png]]

[[ATTACHMENT|test-results/api-integration-👥-Wedding-2c0a3-sts-Get-Planner-Clients-API-chromium/video.webm]]
]]>
</system-out>
</testcase>
<testcase name="👥 Wedding Planner API Tests › Create Planner Client API" classname="api-integration.spec.ts" time="3.631">
<failure message="api-integration.spec.ts:488:7 Create Planner Client API" type="FAILURE">
<![CDATA[  [chromium] › api-integration.spec.ts:488:7 › 👥 Wedding Planner API Tests › Create Planner Client API 

    SyntaxError: Unexpected token 'E', "Error: Thi"... is not valid JSON

      43 |     data: { email, password }
      44 |   });
    > 45 |   const data = await response.json();
         |                ^
      46 |   return data.token;
      47 | }
      48 |
        at getAuthToken (/Users/asithalakmal/Documents/web/final project/WeddingLK-next copy/tests/e2e/api-integration.spec.ts:45:16)
        at /Users/asithalakmal/Documents/web/final project/WeddingLK-next copy/tests/e2e/api-integration.spec.ts:489:19

    attachment #1: screenshot (image/png) ──────────────────────────────────────────────────────────
    ../../test-results/api-integration-👥-Wedding-61866-s-Create-Planner-Client-API-chromium/test-failed-1.png
    ────────────────────────────────────────────────────────────────────────────────────────────────

    attachment #2: video (video/webm) ──────────────────────────────────────────────────────────────
    ../../test-results/api-integration-👥-Wedding-61866-s-Create-Planner-Client-API-chromium/video.webm
    ────────────────────────────────────────────────────────────────────────────────────────────────
]]>
</failure>
<system-out>
<![CDATA[
[[ATTACHMENT|test-results/api-integration-👥-Wedding-61866-s-Create-Planner-Client-API-chromium/test-failed-1.png]]

[[ATTACHMENT|test-results/api-integration-👥-Wedding-61866-s-Create-Planner-Client-API-chromium/video.webm]]
]]>
</system-out>
</testcase>
<testcase name="👥 Wedding Planner API Tests › Get Planner Tasks API" classname="api-integration.spec.ts" time="5.802">
<failure message="api-integration.spec.ts:504:7 Get Planner Tasks API" type="FAILURE">
<![CDATA[  [chromium] › api-integration.spec.ts:504:7 › 👥 Wedding Planner API Tests › Get Planner Tasks API 

    SyntaxError: Unexpected token 'E', "Error: Thi"... is not valid JSON

      43 |     data: { email, password }
      44 |   });
    > 45 |   const data = await response.json();
         |                ^
      46 |   return data.token;
      47 | }
      48 |
        at getAuthToken (/Users/asithalakmal/Documents/web/final project/WeddingLK-next copy/tests/e2e/api-integration.spec.ts:45:16)
        at /Users/asithalakmal/Documents/web/final project/WeddingLK-next copy/tests/e2e/api-integration.spec.ts:505:19

    attachment #1: screenshot (image/png) ──────────────────────────────────────────────────────────
    ../../test-results/api-integration-👥-Wedding-8c90f-Tests-Get-Planner-Tasks-API-chromium/test-failed-1.png
    ────────────────────────────────────────────────────────────────────────────────────────────────

    attachment #2: video (video/webm) ──────────────────────────────────────────────────────────────
    ../../test-results/api-integration-👥-Wedding-8c90f-Tests-Get-Planner-Tasks-API-chromium/video.webm
    ────────────────────────────────────────────────────────────────────────────────────────────────
]]>
</failure>
<system-out>
<![CDATA[
[[ATTACHMENT|test-results/api-integration-👥-Wedding-8c90f-Tests-Get-Planner-Tasks-API-chromium/test-failed-1.png]]

[[ATTACHMENT|test-results/api-integration-👥-Wedding-8c90f-Tests-Get-Planner-Tasks-API-chromium/video.webm]]
]]>
</system-out>
</testcase>
<testcase name="👥 Wedding Planner API Tests › Create Planner Task API" classname="api-integration.spec.ts" time="3.748">
<failure message="api-integration.spec.ts:515:7 Create Planner Task API" type="FAILURE">
<![CDATA[  [chromium] › api-integration.spec.ts:515:7 › 👥 Wedding Planner API Tests › Create Planner Task API 

    SyntaxError: Unexpected token 'E', "Error: Thi"... is not valid JSON

      43 |     data: { email, password }
      44 |   });
    > 45 |   const data = await response.json();
         |                ^
      46 |   return data.token;
      47 | }
      48 |
        at getAuthToken (/Users/asithalakmal/Documents/web/final project/WeddingLK-next copy/tests/e2e/api-integration.spec.ts:45:16)
        at /Users/asithalakmal/Documents/web/final project/WeddingLK-next copy/tests/e2e/api-integration.spec.ts:516:19

    attachment #1: screenshot (image/png) ──────────────────────────────────────────────────────────
    ../../test-results/api-integration-👥-Wedding-2690c-sts-Create-Planner-Task-API-chromium/test-failed-1.png
    ────────────────────────────────────────────────────────────────────────────────────────────────

    attachment #2: video (video/webm) ──────────────────────────────────────────────────────────────
    ../../test-results/api-integration-👥-Wedding-2690c-sts-Create-Planner-Task-API-chromium/video.webm
    ────────────────────────────────────────────────────────────────────────────────────────────────
]]>
</failure>
<system-out>
<![CDATA[
[[ATTACHMENT|test-results/api-integration-👥-Wedding-2690c-sts-Create-Planner-Task-API-chromium/test-failed-1.png]]

[[ATTACHMENT|test-results/api-integration-👥-Wedding-2690c-sts-Create-Planner-Task-API-chromium/video.webm]]
]]>
</system-out>
</testcase>
<testcase name="👑 Admin Management API Tests › Get All Users API" classname="api-integration.spec.ts" time="7.193">
<failure message="api-integration.spec.ts:534:7 Get All Users API" type="FAILURE">
<![CDATA[  [chromium] › api-integration.spec.ts:534:7 › 👑 Admin Management API Tests › Get All Users API ───

    SyntaxError: Unexpected token 'E', "Error: Thi"... is not valid JSON

      43 |     data: { email, password }
      44 |   });
    > 45 |   const data = await response.json();
         |                ^
      46 |   return data.token;
      47 | }
      48 |
        at getAuthToken (/Users/asithalakmal/Documents/web/final project/WeddingLK-next copy/tests/e2e/api-integration.spec.ts:45:16)
        at /Users/asithalakmal/Documents/web/final project/WeddingLK-next copy/tests/e2e/api-integration.spec.ts:535:19

    attachment #1: screenshot (image/png) ──────────────────────────────────────────────────────────
    ../../test-results/api-integration-👑-Admin-M-2be62-API-Tests-Get-All-Users-API-chromium/test-failed-1.png
    ────────────────────────────────────────────────────────────────────────────────────────────────

    attachment #2: video (video/webm) ──────────────────────────────────────────────────────────────
    ../../test-results/api-integration-👑-Admin-M-2be62-API-Tests-Get-All-Users-API-chromium/video.webm
    ────────────────────────────────────────────────────────────────────────────────────────────────
]]>
</failure>
<system-out>
<![CDATA[
[[ATTACHMENT|test-results/api-integration-👑-Admin-M-2be62-API-Tests-Get-All-Users-API-chromium/test-failed-1.png]]

[[ATTACHMENT|test-results/api-integration-👑-Admin-M-2be62-API-Tests-Get-All-Users-API-chromium/video.webm]]
]]>
</system-out>
</testcase>
<testcase name="👑 Admin Management API Tests › Get All Vendors API" classname="api-integration.spec.ts" time="6.572">
<failure message="api-integration.spec.ts:545:7 Get All Vendors API" type="FAILURE">
<![CDATA[  [chromium] › api-integration.spec.ts:545:7 › 👑 Admin Management API Tests › Get All Vendors API ─

    SyntaxError: Unexpected token 'E', "Error: Thi"... is not valid JSON

      43 |     data: { email, password }
      44 |   });
    > 45 |   const data = await response.json();
         |                ^
      46 |   return data.token;
      47 | }
      48 |
        at getAuthToken (/Users/asithalakmal/Documents/web/final project/WeddingLK-next copy/tests/e2e/api-integration.spec.ts:45:16)
        at /Users/asithalakmal/Documents/web/final project/WeddingLK-next copy/tests/e2e/api-integration.spec.ts:546:19

    attachment #1: screenshot (image/png) ──────────────────────────────────────────────────────────
    ../../test-results/api-integration-👑-Admin-M-588b2-I-Tests-Get-All-Vendors-API-chromium/test-failed-1.png
    ────────────────────────────────────────────────────────────────────────────────────────────────

    attachment #2: video (video/webm) ──────────────────────────────────────────────────────────────
    ../../test-results/api-integration-👑-Admin-M-588b2-I-Tests-Get-All-Vendors-API-chromium/video.webm
    ────────────────────────────────────────────────────────────────────────────────────────────────
]]>
</failure>
<system-out>
<![CDATA[
[[ATTACHMENT|test-results/api-integration-👑-Admin-M-588b2-I-Tests-Get-All-Vendors-API-chromium/test-failed-1.png]]

[[ATTACHMENT|test-results/api-integration-👑-Admin-M-588b2-I-Tests-Get-All-Vendors-API-chromium/video.webm]]
]]>
</system-out>
</testcase>
<testcase name="👑 Admin Management API Tests › Update User Role API" classname="api-integration.spec.ts" time="3.71">
<failure message="api-integration.spec.ts:556:7 Update User Role API" type="FAILURE">
<![CDATA[  [chromium] › api-integration.spec.ts:556:7 › 👑 Admin Management API Tests › Update User Role API 

    SyntaxError: Unexpected token 'E', "Error: Thi"... is not valid JSON

      43 |     data: { email, password }
      44 |   });
    > 45 |   const data = await response.json();
         |                ^
      46 |   return data.token;
      47 | }
      48 |
        at getAuthToken (/Users/asithalakmal/Documents/web/final project/WeddingLK-next copy/tests/e2e/api-integration.spec.ts:45:16)
        at /Users/asithalakmal/Documents/web/final project/WeddingLK-next copy/tests/e2e/api-integration.spec.ts:557:19

    attachment #1: screenshot (image/png) ──────────────────────────────────────────────────────────
    ../../test-results/api-integration-👑-Admin-M-426c4--Tests-Update-User-Role-API-chromium/test-failed-1.png
    ────────────────────────────────────────────────────────────────────────────────────────────────

    attachment #2: video (video/webm) ──────────────────────────────────────────────────────────────
    ../../test-results/api-integration-👑-Admin-M-426c4--Tests-Update-User-Role-API-chromium/video.webm
    ────────────────────────────────────────────────────────────────────────────────────────────────
]]>
</failure>
<system-out>
<![CDATA[
[[ATTACHMENT|test-results/api-integration-👑-Admin-M-426c4--Tests-Update-User-Role-API-chromium/test-failed-1.png]]

[[ATTACHMENT|test-results/api-integration-👑-Admin-M-426c4--Tests-Update-User-Role-API-chromium/video.webm]]
]]>
</system-out>
</testcase>
<testcase name="👑 Admin Management API Tests › Get Admin Reports API" classname="api-integration.spec.ts" time="11.203">
<failure message="api-integration.spec.ts:569:7 Get Admin Reports API" type="FAILURE">
<![CDATA[  [chromium] › api-integration.spec.ts:569:7 › 👑 Admin Management API Tests › Get Admin Reports API 

    SyntaxError: Unexpected token 'E', "Error: Thi"... is not valid JSON

      43 |     data: { email, password }
      44 |   });
    > 45 |   const data = await response.json();
         |                ^
      46 |   return data.token;
      47 | }
      48 |
        at getAuthToken (/Users/asithalakmal/Documents/web/final project/WeddingLK-next copy/tests/e2e/api-integration.spec.ts:45:16)
        at /Users/asithalakmal/Documents/web/final project/WeddingLK-next copy/tests/e2e/api-integration.spec.ts:570:19

    attachment #1: screenshot (image/png) ──────────────────────────────────────────────────────────
    ../../test-results/api-integration-👑-Admin-M-bc282-Tests-Get-Admin-Reports-API-chromium/test-failed-1.png
    ────────────────────────────────────────────────────────────────────────────────────────────────

    attachment #2: video (video/webm) ──────────────────────────────────────────────────────────────
    ../../test-results/api-integration-👑-Admin-M-bc282-Tests-Get-Admin-Reports-API-chromium/video.webm
    ────────────────────────────────────────────────────────────────────────────────────────────────
]]>
</failure>
<system-out>
<![CDATA[
[[ATTACHMENT|test-results/api-integration-👑-Admin-M-bc282-Tests-Get-Admin-Reports-API-chromium/test-failed-1.png]]

[[ATTACHMENT|test-results/api-integration-👑-Admin-M-bc282-Tests-Get-Admin-Reports-API-chromium/video.webm]]
]]>
</system-out>
</testcase>
<testcase name="🔍 Search and Filter API Tests › Search Venues API" classname="api-integration.spec.ts" time="13.639">
</testcase>
<testcase name="🔍 Search and Filter API Tests › Search Vendors API" classname="api-integration.spec.ts" time="12.405">
</testcase>
<testcase name="🔍 Search and Filter API Tests › Filter Venues by Price API" classname="api-integration.spec.ts" time="8.656">
</testcase>
<testcase name="📱 Mobile API Tests › Mobile App Data API" classname="api-integration.spec.ts" time="4.145">
<failure message="api-integration.spec.ts:611:7 Mobile App Data API" type="FAILURE">
<![CDATA[  [chromium] › api-integration.spec.ts:611:7 › 📱 Mobile API Tests › Mobile App Data API ───────────

    SyntaxError: Unexpected token 'E', "Error: Thi"... is not valid JSON

      43 |     data: { email, password }
      44 |   });
    > 45 |   const data = await response.json();
         |                ^
      46 |   return data.token;
      47 | }
      48 |
        at getAuthToken (/Users/asithalakmal/Documents/web/final project/WeddingLK-next copy/tests/e2e/api-integration.spec.ts:45:16)
        at /Users/asithalakmal/Documents/web/final project/WeddingLK-next copy/tests/e2e/api-integration.spec.ts:612:19

    attachment #1: screenshot (image/png) ──────────────────────────────────────────────────────────
    ../../test-results/api-integration-📱-Mobile-API-Tests-Mobile-App-Data-API-chromium/test-failed-1.png
    ────────────────────────────────────────────────────────────────────────────────────────────────

    attachment #2: video (video/webm) ──────────────────────────────────────────────────────────────
    ../../test-results/api-integration-📱-Mobile-API-Tests-Mobile-App-Data-API-chromium/video.webm
    ────────────────────────────────────────────────────────────────────────────────────────────────
]]>
</failure>
<system-out>
<![CDATA[
[[ATTACHMENT|test-results/api-integration-📱-Mobile-API-Tests-Mobile-App-Data-API-chromium/test-failed-1.png]]

[[ATTACHMENT|test-results/api-integration-📱-Mobile-API-Tests-Mobile-App-Data-API-chromium/video.webm]]
]]>
</system-out>
</testcase>
<testcase name="📱 Mobile API Tests › Mobile Venues API" classname="api-integration.spec.ts" time="17.143">
<failure message="api-integration.spec.ts:625:7 Mobile Venues API" type="FAILURE">
<![CDATA[  [chromium] › api-integration.spec.ts:625:7 › 📱 Mobile API Tests › Mobile Venues API ─────────────

    SyntaxError: Unexpected token 'E', "Error: Thi"... is not valid JSON

      43 |     data: { email, password }
      44 |   });
    > 45 |   const data = await response.json();
         |                ^
      46 |   return data.token;
      47 | }
      48 |
        at getAuthToken (/Users/asithalakmal/Documents/web/final project/WeddingLK-next copy/tests/e2e/api-integration.spec.ts:45:16)
        at /Users/asithalakmal/Documents/web/final project/WeddingLK-next copy/tests/e2e/api-integration.spec.ts:626:19

    attachment #1: screenshot (image/png) ──────────────────────────────────────────────────────────
    ../../test-results/api-integration-📱-Mobile-API-Tests-Mobile-Venues-API-chromium/test-failed-1.png
    ────────────────────────────────────────────────────────────────────────────────────────────────

    attachment #2: video (video/webm) ──────────────────────────────────────────────────────────────
    ../../test-results/api-integration-📱-Mobile-API-Tests-Mobile-Venues-API-chromium/video.webm
    ────────────────────────────────────────────────────────────────────────────────────────────────
]]>
</failure>
<system-out>
<![CDATA[
[[ATTACHMENT|test-results/api-integration-📱-Mobile-API-Tests-Mobile-Venues-API-chromium/test-failed-1.png]]

[[ATTACHMENT|test-results/api-integration-📱-Mobile-API-Tests-Mobile-Venues-API-chromium/video.webm]]
]]>
</system-out>
</testcase>
<testcase name="🔔 Notification API Tests › Get Notifications API" classname="api-integration.spec.ts" time="13.119">
<failure message="api-integration.spec.ts:641:7 Get Notifications API" type="FAILURE">
<![CDATA[  [chromium] › api-integration.spec.ts:641:7 › 🔔 Notification API Tests › Get Notifications API ───

    SyntaxError: Unexpected token 'E', "Error: Thi"... is not valid JSON

      43 |     data: { email, password }
      44 |   });
    > 45 |   const data = await response.json();
         |                ^
      46 |   return data.token;
      47 | }
      48 |
        at getAuthToken (/Users/asithalakmal/Documents/web/final project/WeddingLK-next copy/tests/e2e/api-integration.spec.ts:45:16)
        at /Users/asithalakmal/Documents/web/final project/WeddingLK-next copy/tests/e2e/api-integration.spec.ts:642:19

    attachment #1: screenshot (image/png) ──────────────────────────────────────────────────────────
    ../../test-results/api-integration-🔔-Notific-9b174-Tests-Get-Notifications-API-chromium/test-failed-1.png
    ────────────────────────────────────────────────────────────────────────────────────────────────

    attachment #2: video (video/webm) ──────────────────────────────────────────────────────────────
    ../../test-results/api-integration-🔔-Notific-9b174-Tests-Get-Notifications-API-chromium/video.webm
    ────────────────────────────────────────────────────────────────────────────────────────────────
]]>
</failure>
<system-out>
<![CDATA[
[[ATTACHMENT|test-results/api-integration-🔔-Notific-9b174-Tests-Get-Notifications-API-chromium/test-failed-1.png]]

[[ATTACHMENT|test-results/api-integration-🔔-Notific-9b174-Tests-Get-Notifications-API-chromium/video.webm]]
]]>
</system-out>
</testcase>
<testcase name="🔔 Notification API Tests › Mark Notification as Read API" classname="api-integration.spec.ts" time="5.724">
<failure message="api-integration.spec.ts:652:7 Mark Notification as Read API" type="FAILURE">
<![CDATA[  [chromium] › api-integration.spec.ts:652:7 › 🔔 Notification API Tests › Mark Notification as Read API 

    SyntaxError: Unexpected token 'E', "Error: Thi"... is not valid JSON

      43 |     data: { email, password }
      44 |   });
    > 45 |   const data = await response.json();
         |                ^
      46 |   return data.token;
      47 | }
      48 |
        at getAuthToken (/Users/asithalakmal/Documents/web/final project/WeddingLK-next copy/tests/e2e/api-integration.spec.ts:45:16)
        at /Users/asithalakmal/Documents/web/final project/WeddingLK-next copy/tests/e2e/api-integration.spec.ts:653:19

    attachment #1: screenshot (image/png) ──────────────────────────────────────────────────────────
    ../../test-results/api-integration-🔔-Notific-6938f-rk-Notification-as-Read-API-chromium/test-failed-1.png
    ────────────────────────────────────────────────────────────────────────────────────────────────

    attachment #2: video (video/webm) ──────────────────────────────────────────────────────────────
    ../../test-results/api-integration-🔔-Notific-6938f-rk-Notification-as-Read-API-chromium/video.webm
    ────────────────────────────────────────────────────────────────────────────────────────────────
]]>
</failure>
<system-out>
<![CDATA[
[[ATTACHMENT|test-results/api-integration-🔔-Notific-6938f-rk-Notification-as-Read-API-chromium/test-failed-1.png]]

[[ATTACHMENT|test-results/api-integration-🔔-Notific-6938f-rk-Notification-as-Read-API-chromium/video.webm]]
]]>
</system-out>
</testcase>
<testcase name="🛡️ Security and Error Handling API Tests › Unauthorized API Access" classname="api-integration.spec.ts" time="10.542">
<failure message="api-integration.spec.ts:665:7 Unauthorized API Access" type="FAILURE">
<![CDATA[  [chromium] › api-integration.spec.ts:665:7 › 🛡️ Security and Error Handling API Tests › Unauthorized API Access 

    Error: expect(received).toContain(expected) // indexOf

    Expected substring: "Unauthorized"
    Received string:    "Authentication required"

      668 |     
      669 |     const data = await response.json();
    > 670 |     expect(data.error).toContain('Unauthorized');
          |                        ^
      671 |   });
      672 |
      673 |   test('Invalid Token API Access', async ({ page }) => {
        at /Users/asithalakmal/Documents/web/final project/WeddingLK-next copy/tests/e2e/api-integration.spec.ts:670:24

    attachment #1: screenshot (image/png) ──────────────────────────────────────────────────────────
    ../../test-results/api-integration-🛡️-Securi-b5273-sts-Unauthorized-API-Access-chromium/test-failed-1.png
    ────────────────────────────────────────────────────────────────────────────────────────────────

    attachment #2: video (video/webm) ──────────────────────────────────────────────────────────────
    ../../test-results/api-integration-🛡️-Securi-b5273-sts-Unauthorized-API-Access-chromium/video.webm
    ────────────────────────────────────────────────────────────────────────────────────────────────
]]>
</failure>
<system-out>
<![CDATA[
[[ATTACHMENT|test-results/api-integration-🛡️-Securi-b5273-sts-Unauthorized-API-Access-chromium/test-failed-1.png]]

[[ATTACHMENT|test-results/api-integration-🛡️-Securi-b5273-sts-Unauthorized-API-Access-chromium/video.webm]]
]]>
</system-out>
</testcase>
<testcase name="🛡️ Security and Error Handling API Tests › Invalid Token API Access" classname="api-integration.spec.ts" time="13.011">
</testcase>
<testcase name="🛡️ Security and Error Handling API Tests › Rate Limiting API" classname="api-integration.spec.ts" time="8.631">
<failure message="api-integration.spec.ts:680:7 Rate Limiting API" type="FAILURE">
<![CDATA[  [chromium] › api-integration.spec.ts:680:7 › 🛡️ Security and Error Handling API Tests › Rate Limiting API 

    Error: expect(received).toBeGreaterThan(expected)

    Expected: > 0
    Received:   0

      688 |     
      689 |     // At least one request should be rate limited
    > 690 |     expect(rateLimitedResponses.length).toBeGreaterThan(0);
          |                                         ^
      691 |   });
      692 |
      693 |   test('Input Validation API', async ({ page }) => {
        at /Users/asithalakmal/Documents/web/final project/WeddingLK-next copy/tests/e2e/api-integration.spec.ts:690:41

    attachment #1: screenshot (image/png) ──────────────────────────────────────────────────────────
    ../../test-results/api-integration-🛡️-Securi-733b3-API-Tests-Rate-Limiting-API-chromium/test-failed-1.png
    ────────────────────────────────────────────────────────────────────────────────────────────────

    attachment #2: video (video/webm) ──────────────────────────────────────────────────────────────
    ../../test-results/api-integration-🛡️-Securi-733b3-API-Tests-Rate-Limiting-API-chromium/video.webm
    ────────────────────────────────────────────────────────────────────────────────────────────────
]]>
</failure>
<system-out>
<![CDATA[
[[ATTACHMENT|test-results/api-integration-🛡️-Securi-733b3-API-Tests-Rate-Limiting-API-chromium/test-failed-1.png]]

[[ATTACHMENT|test-results/api-integration-🛡️-Securi-733b3-API-Tests-Rate-Limiting-API-chromium/video.webm]]
]]>
</system-out>
</testcase>
<testcase name="🛡️ Security and Error Handling API Tests › Input Validation API" classname="api-integration.spec.ts" time="3.815">
<failure message="api-integration.spec.ts:693:7 Input Validation API" type="FAILURE">
<![CDATA[  [chromium] › api-integration.spec.ts:693:7 › 🛡️ Security and Error Handling API Tests › Input Validation API 

    Error: expect(received).toBeDefined()

    Received: undefined

      702 |     expect(response.status()).toBe(400);
      703 |     const data = await response.json();
    > 704 |     expect(data.errors).toBeDefined();
          |                         ^
      705 |   });
      706 | });
      707 |
        at /Users/asithalakmal/Documents/web/final project/WeddingLK-next copy/tests/e2e/api-integration.spec.ts:704:25

    attachment #1: screenshot (image/png) ──────────────────────────────────────────────────────────
    ../../test-results/api-integration-🛡️-Securi-8d139--Tests-Input-Validation-API-chromium/test-failed-1.png
    ────────────────────────────────────────────────────────────────────────────────────────────────

    attachment #2: video (video/webm) ──────────────────────────────────────────────────────────────
    ../../test-results/api-integration-🛡️-Securi-8d139--Tests-Input-Validation-API-chromium/video.webm
    ────────────────────────────────────────────────────────────────────────────────────────────────
]]>
</failure>
<system-out>
<![CDATA[
[[ATTACHMENT|test-results/api-integration-🛡️-Securi-8d139--Tests-Input-Validation-API-chromium/test-failed-1.png]]

[[ATTACHMENT|test-results/api-integration-🛡️-Securi-8d139--Tests-Input-Validation-API-chromium/video.webm]]
]]>
</system-out>
</testcase>
<testcase name="📊 Analytics and Monitoring API Tests › Performance Monitoring API" classname="api-integration.spec.ts" time="5.791">
<failure message="api-integration.spec.ts:709:7 Performance Monitoring API" type="FAILURE">
<![CDATA[  [chromium] › api-integration.spec.ts:709:7 › 📊 Analytics and Monitoring API Tests › Performance Monitoring API 

    Error: expect(received).toBeDefined()

    Received: undefined

      713 |     const data = await response.json();
      714 |     expect(data.success).toBe(true);
    > 715 |     expect(data.metrics).toBeDefined();
          |                          ^
      716 |   });
      717 |
      718 |   test('Health Check API', async ({ page }) => {
        at /Users/asithalakmal/Documents/web/final project/WeddingLK-next copy/tests/e2e/api-integration.spec.ts:715:26

    attachment #1: screenshot (image/png) ──────────────────────────────────────────────────────────
    ../../test-results/api-integration-📊-Analyti-8d4fe--Performance-Monitoring-API-chromium/test-failed-1.png
    ────────────────────────────────────────────────────────────────────────────────────────────────

    attachment #2: video (video/webm) ──────────────────────────────────────────────────────────────
    ../../test-results/api-integration-📊-Analyti-8d4fe--Performance-Monitoring-API-chromium/video.webm
    ────────────────────────────────────────────────────────────────────────────────────────────────
]]>
</failure>
<system-out>
<![CDATA[
[[ATTACHMENT|test-results/api-integration-📊-Analyti-8d4fe--Performance-Monitoring-API-chromium/test-failed-1.png]]

[[ATTACHMENT|test-results/api-integration-📊-Analyti-8d4fe--Performance-Monitoring-API-chromium/video.webm]]
]]>
</system-out>
</testcase>
<testcase name="📊 Analytics and Monitoring API Tests › Health Check API" classname="api-integration.spec.ts" time="79.91">
<failure message="api-integration.spec.ts:718:7 Health Check API" type="FAILURE">
<![CDATA[  [chromium] › api-integration.spec.ts:718:7 › 📊 Analytics and Monitoring API Tests › Health Check API 

    TimeoutError: apiRequestContext.get: Timeout 60000ms exceeded.
    Call log:
      - → GET https://wedding-lk.vercel.app/api/health
        - user-agent: Mozilla/5.0 (Windows NT 10.0; Win64; x64) AppleWebKit/537.36 (KHTML, like Gecko) Chrome/141.0.7390.37 Safari/537.36
        - accept: */*
        - accept-encoding: gzip,deflate,br


      717 |
      718 |   test('Health Check API', async ({ page }) => {
    > 719 |     const response = await page.request.get('/api/health');
          |                                         ^
      720 |     expect(response.status()).toBe(200);
      721 |     
      722 |     const data = await response.json();
        at /Users/asithalakmal/Documents/web/final project/WeddingLK-next copy/tests/e2e/api-integration.spec.ts:719:41

    attachment #1: screenshot (image/png) ──────────────────────────────────────────────────────────
    ../../test-results/api-integration-📊-Analyti-e1193--API-Tests-Health-Check-API-chromium/test-failed-1.png
    ────────────────────────────────────────────────────────────────────────────────────────────────

    attachment #2: video (video/webm) ──────────────────────────────────────────────────────────────
    ../../test-results/api-integration-📊-Analyti-e1193--API-Tests-Health-Check-API-chromium/video.webm
    ────────────────────────────────────────────────────────────────────────────────────────────────
]]>
</failure>
<system-out>
<![CDATA[
[[ATTACHMENT|test-results/api-integration-📊-Analyti-e1193--API-Tests-Health-Check-API-chromium/test-failed-1.png]]

[[ATTACHMENT|test-results/api-integration-📊-Analyti-e1193--API-Tests-Health-Check-API-chromium/video.webm]]
]]>
</system-out>
</testcase>
<testcase name="📊 Analytics and Monitoring API Tests › Error Tracking API" classname="api-integration.spec.ts" time="6.331">
<failure message="api-integration.spec.ts:727:7 Error Tracking API" type="FAILURE">
<![CDATA[  [chromium] › api-integration.spec.ts:727:7 › 📊 Analytics and Monitoring API Tests › Error Tracking API 

    Error: expect(received).toBe(expected) // Object.is equality

    Expected: 200
    Received: 401

      727 |   test('Error Tracking API', async ({ page }) => {
      728 |     const response = await page.request.get('/api/errors');
    > 729 |     expect(response.status()).toBe(200);
          |                               ^
      730 |     
      731 |     const data = await response.json();
      732 |     expect(data.success).toBe(true);
        at /Users/asithalakmal/Documents/web/final project/WeddingLK-next copy/tests/e2e/api-integration.spec.ts:729:31

    attachment #1: screenshot (image/png) ──────────────────────────────────────────────────────────
    ../../test-results/api-integration-📊-Analyti-cbfaa-PI-Tests-Error-Tracking-API-chromium/test-failed-1.png
    ────────────────────────────────────────────────────────────────────────────────────────────────

    attachment #2: video (video/webm) ──────────────────────────────────────────────────────────────
    ../../test-results/api-integration-📊-Analyti-cbfaa-PI-Tests-Error-Tracking-API-chromium/video.webm
    ────────────────────────────────────────────────────────────────────────────────────────────────
]]>
</failure>
<system-out>
<![CDATA[
[[ATTACHMENT|test-results/api-integration-📊-Analyti-cbfaa-PI-Tests-Error-Tracking-API-chromium/test-failed-1.png]]

[[ATTACHMENT|test-results/api-integration-📊-Analyti-cbfaa-PI-Tests-Error-Tracking-API-chromium/video.webm]]
]]>
</system-out>
</testcase>
</testsuite>
<testsuite name="auth.spec.ts" timestamp="2025-10-23T12:57:57.279Z" hostname="chromium" tests="8" failures="8" skipped="0" time="859.41" errors="0">
<testcase name="Authentication Flows › User registration -&gt; email verification -&gt; login -&gt; logout" classname="auth.spec.ts" time="98.483">
<failure message="auth.spec.ts:10:7 User registration -&gt; email verification -&gt; login -&gt; logout" type="FAILURE">
<![CDATA[  [chromium] › auth.spec.ts:10:7 › Authentication Flows › User registration -> email verification -> login -> logout 

    TimeoutError: page.fill: Timeout 60000ms exceeded.
    Call log:
      - waiting for locator('input[name="name"]')


      17 |     // Go to signup
      18 |     await page.goto('/auth/signup');
    > 19 |     await page.fill('input[name="name"]', user.name);
         |                ^
      20 |     await page.fill('input[name="email"]', user.email);
      21 |     await page.fill('input[name="password"]', user.password);
      22 |     await page.fill('input[name="confirmPassword"]', user.password);
        at /Users/asithalakmal/Documents/web/final project/WeddingLK-next copy/tests/e2e/auth.spec.ts:19:16

    attachment #1: screenshot (image/png) ──────────────────────────────────────────────────────────
    ../../test-results/auth-Authentication-Flows--b45f1-rification---login---logout-chromium/test-failed-1.png
    ────────────────────────────────────────────────────────────────────────────────────────────────

    attachment #2: video (video/webm) ──────────────────────────────────────────────────────────────
    ../../test-results/auth-Authentication-Flows--b45f1-rification---login---logout-chromium/video.webm
    ────────────────────────────────────────────────────────────────────────────────────────────────

    Error Context: ../../test-results/auth-Authentication-Flows--b45f1-rification---login---logout-chromium/error-context.md
]]>
</failure>
<system-out>
<![CDATA[
[[ATTACHMENT|test-results/auth-Authentication-Flows--b45f1-rification---login---logout-chromium/test-failed-1.png]]

[[ATTACHMENT|test-results/auth-Authentication-Flows--b45f1-rification---login---logout-chromium/video.webm]]

[[ATTACHMENT|test-results/auth-Authentication-Flows--b45f1-rification---login---logout-chromium/error-context.md]]
]]>
</system-out>
<system-err>
<![CDATA[Failed to seed test data: 
]]>
</system-err>
</testcase>
<testcase name="Authentication Flows › Login with invalid credentials should show error" classname="auth.spec.ts" time="88.572">
<failure message="auth.spec.ts:50:7 Login with invalid credentials should show error" type="FAILURE">
<![CDATA[  [chromium] › auth.spec.ts:50:7 › Authentication Flows › Login with invalid credentials should show error 

    TimeoutError: page.fill: Timeout 60000ms exceeded.
    Call log:
      - waiting for locator('input[name="email"]')


      50 |   test('Login with invalid credentials should show error', async ({ page }) => {
      51 |     await page.goto('/auth/signin');
    > 52 |     await page.fill('input[name="email"]', 'invalid@example.com');
         |                ^
      53 |     await page.fill('input[name="password"]', 'wrongpassword');
      54 |     await page.click('button[type="submit"]');
      55 |
        at /Users/asithalakmal/Documents/web/final project/WeddingLK-next copy/tests/e2e/auth.spec.ts:52:16

    attachment #1: screenshot (image/png) ──────────────────────────────────────────────────────────
    ../../test-results/auth-Authentication-Flows--2b2a9-edentials-should-show-error-chromium/test-failed-1.png
    ────────────────────────────────────────────────────────────────────────────────────────────────

    attachment #2: video (video/webm) ──────────────────────────────────────────────────────────────
    ../../test-results/auth-Authentication-Flows--2b2a9-edentials-should-show-error-chromium/video.webm
    ────────────────────────────────────────────────────────────────────────────────────────────────

    Error Context: ../../test-results/auth-Authentication-Flows--2b2a9-edentials-should-show-error-chromium/error-context.md
]]>
</failure>
<system-out>
<![CDATA[
[[ATTACHMENT|test-results/auth-Authentication-Flows--2b2a9-edentials-should-show-error-chromium/test-failed-1.png]]

[[ATTACHMENT|test-results/auth-Authentication-Flows--2b2a9-edentials-should-show-error-chromium/video.webm]]

[[ATTACHMENT|test-results/auth-Authentication-Flows--2b2a9-edentials-should-show-error-chromium/error-context.md]]
]]>
</system-out>
<system-err>
<![CDATA[Failed to seed test data: 
]]>
</system-err>
</testcase>
<testcase name="Authentication Flows › Forgot password flow" classname="auth.spec.ts" time="93.728">
<failure message="auth.spec.ts:59:7 Forgot password flow" type="FAILURE">
<![CDATA[  [chromium] › auth.spec.ts:59:7 › Authentication Flows › Forgot password flow ─────────────────────

    TimeoutError: page.fill: Timeout 60000ms exceeded.
    Call log:
      - waiting for locator('input[name="email"]')


      61 |     
      62 |     await page.goto('/auth/forgot-password');
    > 63 |     await page.fill('input[name="email"]', email);
         |                ^
      64 |     await page.click('button[type="submit"]');
      65 |
      66 |     await expect(page.locator('.success, .toast-success, [data-testid="success-message"]')).toBeVisible();
        at /Users/asithalakmal/Documents/web/final project/WeddingLK-next copy/tests/e2e/auth.spec.ts:63:16

    attachment #1: screenshot (image/png) ──────────────────────────────────────────────────────────
    ../../test-results/auth-Authentication-Flows-Forgot-password-flow-chromium/test-failed-1.png
    ────────────────────────────────────────────────────────────────────────────────────────────────

    attachment #2: video (video/webm) ──────────────────────────────────────────────────────────────
    ../../test-results/auth-Authentication-Flows-Forgot-password-flow-chromium/video.webm
    ────────────────────────────────────────────────────────────────────────────────────────────────

    Error Context: ../../test-results/auth-Authentication-Flows-Forgot-password-flow-chromium/error-context.md
]]>
</failure>
<system-out>
<![CDATA[
[[ATTACHMENT|test-results/auth-Authentication-Flows-Forgot-password-flow-chromium/test-failed-1.png]]

[[ATTACHMENT|test-results/auth-Authentication-Flows-Forgot-password-flow-chromium/video.webm]]

[[ATTACHMENT|test-results/auth-Authentication-Flows-Forgot-password-flow-chromium/error-context.md]]
]]>
</system-out>
<system-err>
<![CDATA[Failed to seed test data: 
]]>
</system-err>
</testcase>
<testcase name="Authentication Flows › Social login with Google" classname="auth.spec.ts" time="104.677">
<failure message="auth.spec.ts:75:7 Social login with Google" type="FAILURE">
<![CDATA[  [chromium] › auth.spec.ts:75:7 › Authentication Flows › Social login with Google ─────────────────

    TimeoutError: page.click: Timeout 60000ms exceeded.
    Call log:
      - waiting for locator('button[data-testid="google-login"], .google-login-button')


      92 |     });
      93 |
    > 94 |     await page.click('button[data-testid="google-login"], .google-login-button');
         |                ^
      95 |     await expect(page).toHaveURL(/\/dashboard/);
      96 |   });
      97 |
        at /Users/asithalakmal/Documents/web/final project/WeddingLK-next copy/tests/e2e/auth.spec.ts:94:16

    attachment #1: screenshot (image/png) ──────────────────────────────────────────────────────────
    ../../test-results/auth-Authentication-Flows-Social-login-with-Google-chromium/test-failed-1.png
    ────────────────────────────────────────────────────────────────────────────────────────────────

    attachment #2: video (video/webm) ──────────────────────────────────────────────────────────────
    ../../test-results/auth-Authentication-Flows-Social-login-with-Google-chromium/video.webm
    ────────────────────────────────────────────────────────────────────────────────────────────────

    Error Context: ../../test-results/auth-Authentication-Flows-Social-login-with-Google-chromium/error-context.md
]]>
</failure>
<system-out>
<![CDATA[
[[ATTACHMENT|test-results/auth-Authentication-Flows-Social-login-with-Google-chromium/test-failed-1.png]]

[[ATTACHMENT|test-results/auth-Authentication-Flows-Social-login-with-Google-chromium/video.webm]]

[[ATTACHMENT|test-results/auth-Authentication-Flows-Social-login-with-Google-chromium/error-context.md]]
]]>
</system-out>
<system-err>
<![CDATA[Failed to seed test data: 
]]>
</system-err>
</testcase>
<testcase name="Authentication Flows › Two-factor authentication setup" classname="auth.spec.ts" time="129.767">
<failure message="auth.spec.ts:98:7 Two-factor authentication setup" type="FAILURE">
<![CDATA[  [chromium] › auth.spec.ts:98:7 › Authentication Flows › Two-factor authentication setup ──────────

    TimeoutError: page.fill: Timeout 60000ms exceeded.
    Call log:
      - waiting for locator('input[name="email"]')


       99 |     // Login first
      100 |     await page.goto('/auth/signin');
    > 101 |     await page.fill('input[name="email"]', process.env.TEST_USER_EMAIL || 'test@example.com');
          |                ^
      102 |     await page.fill('input[name="password"]', process.env.TEST_USER_PASSWORD || 'TestPass123!');
      103 |     await page.click('button[type="submit"]');
      104 |     await expect(page).toHaveURL(/\/dashboard/);
        at /Users/asithalakmal/Documents/web/final project/WeddingLK-next copy/tests/e2e/auth.spec.ts:101:16

    attachment #1: screenshot (image/png) ──────────────────────────────────────────────────────────
    ../../test-results/auth-Authentication-Flows-Two-factor-authentication-setup-chromium/test-failed-1.png
    ────────────────────────────────────────────────────────────────────────────────────────────────

    attachment #2: video (video/webm) ──────────────────────────────────────────────────────────────
    ../../test-results/auth-Authentication-Flows-Two-factor-authentication-setup-chromium/video.webm
    ────────────────────────────────────────────────────────────────────────────────────────────────

    Error Context: ../../test-results/auth-Authentication-Flows-Two-factor-authentication-setup-chromium/error-context.md
]]>
</failure>
<system-out>
<![CDATA[
[[ATTACHMENT|test-results/auth-Authentication-Flows-Two-factor-authentication-setup-chromium/test-failed-1.png]]

[[ATTACHMENT|test-results/auth-Authentication-Flows-Two-factor-authentication-setup-chromium/video.webm]]

[[ATTACHMENT|test-results/auth-Authentication-Flows-Two-factor-authentication-setup-chromium/error-context.md]]
]]>
</system-out>
<system-err>
<![CDATA[Failed to seed test data: 
]]>
</system-err>
</testcase>
<testcase name="Authentication Flows › Login with test user credentials" classname="auth.spec.ts" time="116.343">
<failure message="auth.spec.ts:125:7 Login with test user credentials" type="FAILURE">
<![CDATA[  [chromium] › auth.spec.ts:125:7 › Authentication Flows › Login with test user credentials ────────

    TimeoutError: page.fill: Timeout 60000ms exceeded.
    Call log:
      - waiting for locator('input[name="email"]')


       at ../helpers/auth-helper.ts:43

      41 |   const user = TEST_USERS[userType];
      42 |   await page.goto('/auth/signin');
    > 43 |   await page.fill('input[name="email"]', user.email);
         |              ^
      44 |   await page.fill('input[name="password"]', user.password);
      45 |   await page.click('button[type="submit"]');
      46 |   await page.waitForURL(/\/dashboard/);
        at loginAsUser (/Users/asithalakmal/Documents/web/final project/WeddingLK-next copy/tests/helpers/auth-helper.ts:43:14)
        at /Users/asithalakmal/Documents/web/final project/WeddingLK-next copy/tests/e2e/auth.spec.ts:127:5

    attachment #1: screenshot (image/png) ──────────────────────────────────────────────────────────
    ../../test-results/auth-Authentication-Flows-Login-with-test-user-credentials-chromium/test-failed-1.png
    ────────────────────────────────────────────────────────────────────────────────────────────────

    attachment #2: video (video/webm) ──────────────────────────────────────────────────────────────
    ../../test-results/auth-Authentication-Flows-Login-with-test-user-credentials-chromium/video.webm
    ────────────────────────────────────────────────────────────────────────────────────────────────

    Error Context: ../../test-results/auth-Authentication-Flows-Login-with-test-user-credentials-chromium/error-context.md
]]>
</failure>
<system-out>
<![CDATA[
[[ATTACHMENT|test-results/auth-Authentication-Flows-Login-with-test-user-credentials-chromium/test-failed-1.png]]

[[ATTACHMENT|test-results/auth-Authentication-Flows-Login-with-test-user-credentials-chromium/video.webm]]

[[ATTACHMENT|test-results/auth-Authentication-Flows-Login-with-test-user-credentials-chromium/error-context.md]]
]]>
</system-out>
<system-err>
<![CDATA[Failed to seed test data: 
]]>
</system-err>
</testcase>
<testcase name="Authentication Flows › Login with test vendor credentials" classname="auth.spec.ts" time="124.02">
<failure message="auth.spec.ts:132:7 Login with test vendor credentials" type="FAILURE">
<![CDATA[  [chromium] › auth.spec.ts:132:7 › Authentication Flows › Login with test vendor credentials ──────

    TimeoutError: page.fill: Timeout 60000ms exceeded.
    Call log:
      - waiting for locator('input[name="email"]')


       at ../helpers/auth-helper.ts:43

      41 |   const user = TEST_USERS[userType];
      42 |   await page.goto('/auth/signin');
    > 43 |   await page.fill('input[name="email"]', user.email);
         |              ^
      44 |   await page.fill('input[name="password"]', user.password);
      45 |   await page.click('button[type="submit"]');
      46 |   await page.waitForURL(/\/dashboard/);
        at loginAsUser (/Users/asithalakmal/Documents/web/final project/WeddingLK-next copy/tests/helpers/auth-helper.ts:43:14)
        at /Users/asithalakmal/Documents/web/final project/WeddingLK-next copy/tests/e2e/auth.spec.ts:134:5

    attachment #1: screenshot (image/png) ──────────────────────────────────────────────────────────
    ../../test-results/auth-Authentication-Flows-Login-with-test-vendor-credentials-chromium/test-failed-1.png
    ────────────────────────────────────────────────────────────────────────────────────────────────

    attachment #2: video (video/webm) ──────────────────────────────────────────────────────────────
    ../../test-results/auth-Authentication-Flows-Login-with-test-vendor-credentials-chromium/video.webm
    ────────────────────────────────────────────────────────────────────────────────────────────────

    Error Context: ../../test-results/auth-Authentication-Flows-Login-with-test-vendor-credentials-chromium/error-context.md
]]>
</failure>
<system-out>
<![CDATA[
[[ATTACHMENT|test-results/auth-Authentication-Flows-Login-with-test-vendor-credentials-chromium/test-failed-1.png]]

[[ATTACHMENT|test-results/auth-Authentication-Flows-Login-with-test-vendor-credentials-chromium/video.webm]]

[[ATTACHMENT|test-results/auth-Authentication-Flows-Login-with-test-vendor-credentials-chromium/error-context.md]]
]]>
</system-out>
<system-err>
<![CDATA[Failed to seed test data: 
]]>
</system-err>
</testcase>
<testcase name="Authentication Flows › Login with test admin credentials" classname="auth.spec.ts" time="103.82">
<failure message="auth.spec.ts:139:7 Login with test admin credentials" type="FAILURE">
<![CDATA[  [chromium] › auth.spec.ts:139:7 › Authentication Flows › Login with test admin credentials ───────

    TimeoutError: page.fill: Timeout 60000ms exceeded.
    Call log:
      - waiting for locator('input[name="email"]')


       at ../helpers/auth-helper.ts:43

      41 |   const user = TEST_USERS[userType];
      42 |   await page.goto('/auth/signin');
    > 43 |   await page.fill('input[name="email"]', user.email);
         |              ^
      44 |   await page.fill('input[name="password"]', user.password);
      45 |   await page.click('button[type="submit"]');
      46 |   await page.waitForURL(/\/dashboard/);
        at loginAsUser (/Users/asithalakmal/Documents/web/final project/WeddingLK-next copy/tests/helpers/auth-helper.ts:43:14)
        at /Users/asithalakmal/Documents/web/final project/WeddingLK-next copy/tests/e2e/auth.spec.ts:141:5

    attachment #1: screenshot (image/png) ──────────────────────────────────────────────────────────
    ../../test-results/auth-Authentication-Flows-Login-with-test-admin-credentials-chromium/test-failed-1.png
    ────────────────────────────────────────────────────────────────────────────────────────────────

    attachment #2: video (video/webm) ──────────────────────────────────────────────────────────────
    ../../test-results/auth-Authentication-Flows-Login-with-test-admin-credentials-chromium/video.webm
    ────────────────────────────────────────────────────────────────────────────────────────────────

    Error Context: ../../test-results/auth-Authentication-Flows-Login-with-test-admin-credentials-chromium/error-context.md
]]>
</failure>
<system-out>
<![CDATA[
[[ATTACHMENT|test-results/auth-Authentication-Flows-Login-with-test-admin-credentials-chromium/test-failed-1.png]]

[[ATTACHMENT|test-results/auth-Authentication-Flows-Login-with-test-admin-credentials-chromium/video.webm]]

[[ATTACHMENT|test-results/auth-Authentication-Flows-Login-with-test-admin-credentials-chromium/error-context.md]]
]]>
</system-out>
<system-err>
<![CDATA[Failed to seed test data: 
]]>
</system-err>
</testcase>
</testsuite>
<testsuite name="booking.spec.ts" timestamp="2025-10-23T12:57:57.279Z" hostname="chromium" tests="6" failures="6" skipped="0" time="476.632" errors="0">
<testcase name="Booking System › Complete booking flow with payment mock" classname="booking.spec.ts" time="67.947">
<failure message="booking.spec.ts:5:7 Complete booking flow with payment mock" type="FAILURE">
<![CDATA[  [chromium] › booking.spec.ts:5:7 › Booking System › Complete booking flow with payment mock ──────

    TimeoutError: page.fill: Timeout 60000ms exceeded.
    Call log:
      - waiting for locator('input[placeholder*="Search"], input[name="search"]')


      13 |
      14 |     // Search for vendors/venues
    > 15 |     await page.fill('input[placeholder*="Search"], input[name="search"]', 'photography');
         |                ^
      16 |     await page.click('button:has-text("Search"), button[type="submit"]');
      17 |
      18 |     // Select a vendor
        at /Users/asithalakmal/Documents/web/final project/WeddingLK-next copy/tests/e2e/booking.spec.ts:15:16

    attachment #1: screenshot (image/png) ──────────────────────────────────────────────────────────
    ../../test-results/booking-Booking-System-Com-f0892-king-flow-with-payment-mock-chromium/test-failed-1.png
    ────────────────────────────────────────────────────────────────────────────────────────────────

    attachment #2: video (video/webm) ──────────────────────────────────────────────────────────────
    ../../test-results/booking-Booking-System-Com-f0892-king-flow-with-payment-mock-chromium/video.webm
    ────────────────────────────────────────────────────────────────────────────────────────────────

    Error Context: ../../test-results/booking-Booking-System-Com-f0892-king-flow-with-payment-mock-chromium/error-context.md
]]>
</failure>
<system-out>
<![CDATA[
[[ATTACHMENT|test-results/booking-Booking-System-Com-f0892-king-flow-with-payment-mock-chromium/test-failed-1.png]]

[[ATTACHMENT|test-results/booking-Booking-System-Com-f0892-king-flow-with-payment-mock-chromium/video.webm]]

[[ATTACHMENT|test-results/booking-Booking-System-Com-f0892-king-flow-with-payment-mock-chromium/error-context.md]]
]]>
</system-out>
</testcase>
<testcase name="Booking System › Booking modification and cancellation" classname="booking.spec.ts" time="73.371">
<failure message="booking.spec.ts:64:7 Booking modification and cancellation" type="FAILURE">
<![CDATA[  [chromium] › booking.spec.ts:64:7 › Booking System › Booking modification and cancellation ───────

    TimeoutError: page.fill: Timeout 60000ms exceeded.
    Call log:
      - waiting for locator('input[name="email"]')


      65 |     // Login as customer
      66 |     await page.goto('/auth/signin');
    > 67 |     await page.fill('input[name="email"]', process.env.TEST_CUSTOMER_EMAIL || 'customer@test.local');
         |                ^
      68 |     await page.fill('input[name="password"]', process.env.TEST_CUSTOMER_PASSWORD || 'CustomerPass123!');
      69 |     await page.click('button[type="submit"]');
      70 |     await expect(page).toHaveURL(/\/dashboard/);
        at /Users/asithalakmal/Documents/web/final project/WeddingLK-next copy/tests/e2e/booking.spec.ts:67:16

    attachment #1: screenshot (image/png) ──────────────────────────────────────────────────────────
    ../../test-results/booking-Booking-System-Booking-modification-and-cancellation-chromium/test-failed-1.png
    ────────────────────────────────────────────────────────────────────────────────────────────────

    attachment #2: video (video/webm) ──────────────────────────────────────────────────────────────
    ../../test-results/booking-Booking-System-Booking-modification-and-cancellation-chromium/video.webm
    ────────────────────────────────────────────────────────────────────────────────────────────────

    Error Context: ../../test-results/booking-Booking-System-Booking-modification-and-cancellation-chromium/error-context.md
]]>
</failure>
<system-out>
<![CDATA[
[[ATTACHMENT|test-results/booking-Booking-System-Booking-modification-and-cancellation-chromium/test-failed-1.png]]

[[ATTACHMENT|test-results/booking-Booking-System-Booking-modification-and-cancellation-chromium/video.webm]]

[[ATTACHMENT|test-results/booking-Booking-System-Booking-modification-and-cancellation-chromium/error-context.md]]
]]>
</system-out>
</testcase>
<testcase name="Booking System › Booking status tracking" classname="booking.spec.ts" time="89.937">
<failure message="booking.spec.ts:110:7 Booking status tracking" type="FAILURE">
<![CDATA[  [chromium] › booking.spec.ts:110:7 › Booking System › Booking status tracking ────────────────────

    TimeoutError: page.fill: Timeout 60000ms exceeded.
    Call log:
      - waiting for locator('input[name="email"]')


      111 |     // Login as customer
      112 |     await page.goto('/auth/signin');
    > 113 |     await page.fill('input[name="email"]', process.env.TEST_CUSTOMER_EMAIL || 'customer@test.local');
          |                ^
      114 |     await page.fill('input[name="password"]', process.env.TEST_CUSTOMER_PASSWORD || 'CustomerPass123!');
      115 |     await page.click('button[type="submit"]');
      116 |     await expect(page).toHaveURL(/\/dashboard/);
        at /Users/asithalakmal/Documents/web/final project/WeddingLK-next copy/tests/e2e/booking.spec.ts:113:16

    attachment #1: screenshot (image/png) ──────────────────────────────────────────────────────────
    ../../test-results/booking-Booking-System-Booking-status-tracking-chromium/test-failed-1.png
    ────────────────────────────────────────────────────────────────────────────────────────────────

    attachment #2: video (video/webm) ──────────────────────────────────────────────────────────────
    ../../test-results/booking-Booking-System-Booking-status-tracking-chromium/video.webm
    ────────────────────────────────────────────────────────────────────────────────────────────────

    Error Context: ../../test-results/booking-Booking-System-Booking-status-tracking-chromium/error-context.md
]]>
</failure>
<system-out>
<![CDATA[
[[ATTACHMENT|test-results/booking-Booking-System-Booking-status-tracking-chromium/test-failed-1.png]]

[[ATTACHMENT|test-results/booking-Booking-System-Booking-status-tracking-chromium/video.webm]]

[[ATTACHMENT|test-results/booking-Booking-System-Booking-status-tracking-chromium/error-context.md]]
]]>
</system-out>
</testcase>
<testcase name="Booking System › Vendor booking acceptance workflow" classname="booking.spec.ts" time="80.816">
<failure message="booking.spec.ts:131:7 Vendor booking acceptance workflow" type="FAILURE">
<![CDATA[  [chromium] › booking.spec.ts:131:7 › Booking System › Vendor booking acceptance workflow ─────────

    TimeoutError: page.fill: Timeout 60000ms exceeded.
    Call log:
      - waiting for locator('input[name="email"]')


      132 |     // Login as vendor
      133 |     await page.goto('/auth/signin');
    > 134 |     await page.fill('input[name="email"]', process.env.TEST_VENDOR_EMAIL || 'vendor@test.local');
          |                ^
      135 |     await page.fill('input[name="password"]', process.env.TEST_VENDOR_PASSWORD || 'VendorPass123!');
      136 |     await page.click('button[type="submit"]');
      137 |     await expect(page).toHaveURL(/\/dashboard/);
        at /Users/asithalakmal/Documents/web/final project/WeddingLK-next copy/tests/e2e/booking.spec.ts:134:16

    attachment #1: screenshot (image/png) ──────────────────────────────────────────────────────────
    ../../test-results/booking-Booking-System-Vendor-booking-acceptance-workflow-chromium/test-failed-1.png
    ────────────────────────────────────────────────────────────────────────────────────────────────

    attachment #2: video (video/webm) ──────────────────────────────────────────────────────────────
    ../../test-results/booking-Booking-System-Vendor-booking-acceptance-workflow-chromium/video.webm
    ────────────────────────────────────────────────────────────────────────────────────────────────

    Error Context: ../../test-results/booking-Booking-System-Vendor-booking-acceptance-workflow-chromium/error-context.md
]]>
</failure>
<system-out>
<![CDATA[
[[ATTACHMENT|test-results/booking-Booking-System-Vendor-booking-acceptance-workflow-chromium/test-failed-1.png]]

[[ATTACHMENT|test-results/booking-Booking-System-Vendor-booking-acceptance-workflow-chromium/video.webm]]

[[ATTACHMENT|test-results/booking-Booking-System-Vendor-booking-acceptance-workflow-chromium/error-context.md]]
]]>
</system-out>
</testcase>
<testcase name="Booking System › Booking communication and messaging" classname="booking.spec.ts" time="86.48">
<failure message="booking.spec.ts:170:7 Booking communication and messaging" type="FAILURE">
<![CDATA[  [chromium] › booking.spec.ts:170:7 › Booking System › Booking communication and messaging ────────

    TimeoutError: page.fill: Timeout 60000ms exceeded.
    Call log:
      - waiting for locator('input[name="email"]')


      171 |     // Login as customer
      172 |     await page.goto('/auth/signin');
    > 173 |     await page.fill('input[name="email"]', process.env.TEST_CUSTOMER_EMAIL || 'customer@test.local');
          |                ^
      174 |     await page.fill('input[name="password"]', process.env.TEST_CUSTOMER_PASSWORD || 'CustomerPass123!');
      175 |     await page.click('button[type="submit"]');
      176 |     await expect(page).toHaveURL(/\/dashboard/);
        at /Users/asithalakmal/Documents/web/final project/WeddingLK-next copy/tests/e2e/booking.spec.ts:173:16

    attachment #1: screenshot (image/png) ──────────────────────────────────────────────────────────
    ../../test-results/booking-Booking-System-Booking-communication-and-messaging-chromium/test-failed-1.png
    ────────────────────────────────────────────────────────────────────────────────────────────────

    attachment #2: video (video/webm) ──────────────────────────────────────────────────────────────
    ../../test-results/booking-Booking-System-Booking-communication-and-messaging-chromium/video.webm
    ────────────────────────────────────────────────────────────────────────────────────────────────

    Error Context: ../../test-results/booking-Booking-System-Booking-communication-and-messaging-chromium/error-context.md
]]>
</failure>
<system-out>
<![CDATA[
[[ATTACHMENT|test-results/booking-Booking-System-Booking-communication-and-messaging-chromium/test-failed-1.png]]

[[ATTACHMENT|test-results/booking-Booking-System-Booking-communication-and-messaging-chromium/video.webm]]

[[ATTACHMENT|test-results/booking-Booking-System-Booking-communication-and-messaging-chromium/error-context.md]]
]]>
</system-out>
</testcase>
<testcase name="Booking System › Booking payment and refund processing" classname="booking.spec.ts" time="78.081">
<failure message="booking.spec.ts:191:7 Booking payment and refund processing" type="FAILURE">
<![CDATA[  [chromium] › booking.spec.ts:191:7 › Booking System › Booking payment and refund processing ──────

    TimeoutError: page.fill: Timeout 60000ms exceeded.
    Call log:
      - waiting for locator('input[name="email"]')


      192 |     // Login as customer
      193 |     await page.goto('/auth/signin');
    > 194 |     await page.fill('input[name="email"]', process.env.TEST_CUSTOMER_EMAIL || 'customer@test.local');
          |                ^
      195 |     await page.fill('input[name="password"]', process.env.TEST_CUSTOMER_PASSWORD || 'CustomerPass123!');
      196 |     await page.click('button[type="submit"]');
      197 |     await expect(page).toHaveURL(/\/dashboard/);
        at /Users/asithalakmal/Documents/web/final project/WeddingLK-next copy/tests/e2e/booking.spec.ts:194:16

    attachment #1: screenshot (image/png) ──────────────────────────────────────────────────────────
    ../../test-results/booking-Booking-System-Booking-payment-and-refund-processing-chromium/test-failed-1.png
    ────────────────────────────────────────────────────────────────────────────────────────────────

    attachment #2: video (video/webm) ──────────────────────────────────────────────────────────────
    ../../test-results/booking-Booking-System-Booking-payment-and-refund-processing-chromium/video.webm
    ────────────────────────────────────────────────────────────────────────────────────────────────

    Error Context: ../../test-results/booking-Booking-System-Booking-payment-and-refund-processing-chromium/error-context.md
]]>
</failure>
<system-out>
<![CDATA[
[[ATTACHMENT|test-results/booking-Booking-System-Booking-payment-and-refund-processing-chromium/test-failed-1.png]]

[[ATTACHMENT|test-results/booking-Booking-System-Booking-payment-and-refund-processing-chromium/video.webm]]

[[ATTACHMENT|test-results/booking-Booking-System-Booking-payment-and-refund-processing-chromium/error-context.md]]
]]>
</system-out>
</testcase>
</testsuite>
<testsuite name="comprehensive-crud.spec.ts" timestamp="2025-10-23T12:57:57.279Z" hostname="chromium" tests="28" failures="28" skipped="0" time="2199.212" errors="0">
<testcase name="🔐 Authentication &amp; User Management CRUD › User Registration Flow" classname="comprehensive-crud.spec.ts" time="77.603">
<failure message="comprehensive-crud.spec.ts:52:7 User Registration Flow" type="FAILURE">
<![CDATA[  [chromium] › comprehensive-crud.spec.ts:52:7 › 🔐 Authentication & User Management CRUD › User Registration Flow 

    TimeoutError: page.fill: Timeout 60000ms exceeded.
    Call log:
      - waiting for locator('input[name="name"]')


      54 |     
      55 |     // Fill registration form
    > 56 |     await page.fill('input[name="name"]', testUsers.regularUser.name);
         |                ^
      57 |     await page.fill('input[name="email"]', testUsers.regularUser.email);
      58 |     await page.fill('input[name="password"]', testUsers.regularUser.password);
      59 |     await page.fill('input[name="confirmPassword"]', testUsers.regularUser.password);
        at /Users/asithalakmal/Documents/web/final project/WeddingLK-next copy/tests/e2e/comprehensive-crud.spec.ts:56:16

    attachment #1: screenshot (image/png) ──────────────────────────────────────────────────────────
    ../../test-results/comprehensive-crud-🔐-Auth-d5d79-CRUD-User-Registration-Flow-chromium/test-failed-1.png
    ────────────────────────────────────────────────────────────────────────────────────────────────

    attachment #2: video (video/webm) ──────────────────────────────────────────────────────────────
    ../../test-results/comprehensive-crud-🔐-Auth-d5d79-CRUD-User-Registration-Flow-chromium/video.webm
    ────────────────────────────────────────────────────────────────────────────────────────────────

    Error Context: ../../test-results/comprehensive-crud-🔐-Auth-d5d79-CRUD-User-Registration-Flow-chromium/error-context.md
]]>
</failure>
<system-out>
<![CDATA[
[[ATTACHMENT|test-results/comprehensive-crud-🔐-Auth-d5d79-CRUD-User-Registration-Flow-chromium/test-failed-1.png]]

[[ATTACHMENT|test-results/comprehensive-crud-🔐-Auth-d5d79-CRUD-User-Registration-Flow-chromium/video.webm]]

[[ATTACHMENT|test-results/comprehensive-crud-🔐-Auth-d5d79-CRUD-User-Registration-Flow-chromium/error-context.md]]
]]>
</system-out>
</testcase>
<testcase name="🔐 Authentication &amp; User Management CRUD › User Login Flow" classname="comprehensive-crud.spec.ts" time="77.761">
<failure message="comprehensive-crud.spec.ts:68:7 User Login Flow" type="FAILURE">
<![CDATA[  [chromium] › comprehensive-crud.spec.ts:68:7 › 🔐 Authentication & User Management CRUD › User Login Flow 

    TimeoutError: page.fill: Timeout 60000ms exceeded.
    Call log:
      - waiting for locator('input[name="email"]')


      70 |     
      71 |     // Fill login form
    > 72 |     await page.fill('input[name="email"]', testUsers.regularUser.email);
         |                ^
      73 |     await page.fill('input[name="password"]', testUsers.regularUser.password);
      74 |     
      75 |     // Submit login
        at /Users/asithalakmal/Documents/web/final project/WeddingLK-next copy/tests/e2e/comprehensive-crud.spec.ts:72:16

    attachment #1: screenshot (image/png) ──────────────────────────────────────────────────────────
    ../../test-results/comprehensive-crud-🔐-Auth-b3a02-gement-CRUD-User-Login-Flow-chromium/test-failed-1.png
    ────────────────────────────────────────────────────────────────────────────────────────────────

    attachment #2: video (video/webm) ──────────────────────────────────────────────────────────────
    ../../test-results/comprehensive-crud-🔐-Auth-b3a02-gement-CRUD-User-Login-Flow-chromium/video.webm
    ────────────────────────────────────────────────────────────────────────────────────────────────

    Error Context: ../../test-results/comprehensive-crud-🔐-Auth-b3a02-gement-CRUD-User-Login-Flow-chromium/error-context.md
]]>
</failure>
<system-out>
<![CDATA[
[[ATTACHMENT|test-results/comprehensive-crud-🔐-Auth-b3a02-gement-CRUD-User-Login-Flow-chromium/test-failed-1.png]]

[[ATTACHMENT|test-results/comprehensive-crud-🔐-Auth-b3a02-gement-CRUD-User-Login-Flow-chromium/video.webm]]

[[ATTACHMENT|test-results/comprehensive-crud-🔐-Auth-b3a02-gement-CRUD-User-Login-Flow-chromium/error-context.md]]
]]>
</system-out>
</testcase>
<testcase name="🔐 Authentication &amp; User Management CRUD › User Profile CRUD Operations" classname="comprehensive-crud.spec.ts" time="79.18">
<failure message="comprehensive-crud.spec.ts:82:7 User Profile CRUD Operations" type="FAILURE">
<![CDATA[  [chromium] › comprehensive-crud.spec.ts:82:7 › 🔐 Authentication & User Management CRUD › User Profile CRUD Operations 

    TimeoutError: page.fill: Timeout 60000ms exceeded.
    Call log:
      - waiting for locator('input[name="email"]')


      83 |     // Login first
      84 |     await page.goto('/auth/signin');
    > 85 |     await page.fill('input[name="email"]', testUsers.regularUser.email);
         |                ^
      86 |     await page.fill('input[name="password"]', testUsers.regularUser.password);
      87 |     await page.click('button[type="submit"]');
      88 |     await expect(page).toHaveURL(/\/dashboard/);
        at /Users/asithalakmal/Documents/web/final project/WeddingLK-next copy/tests/e2e/comprehensive-crud.spec.ts:85:16

    attachment #1: screenshot (image/png) ──────────────────────────────────────────────────────────
    ../../test-results/comprehensive-crud-🔐-Auth-7a9a3-ser-Profile-CRUD-Operations-chromium/test-failed-1.png
    ────────────────────────────────────────────────────────────────────────────────────────────────

    attachment #2: video (video/webm) ──────────────────────────────────────────────────────────────
    ../../test-results/comprehensive-crud-🔐-Auth-7a9a3-ser-Profile-CRUD-Operations-chromium/video.webm
    ────────────────────────────────────────────────────────────────────────────────────────────────

    Error Context: ../../test-results/comprehensive-crud-🔐-Auth-7a9a3-ser-Profile-CRUD-Operations-chromium/error-context.md
]]>
</failure>
<system-out>
<![CDATA[
[[ATTACHMENT|test-results/comprehensive-crud-🔐-Auth-7a9a3-ser-Profile-CRUD-Operations-chromium/test-failed-1.png]]

[[ATTACHMENT|test-results/comprehensive-crud-🔐-Auth-7a9a3-ser-Profile-CRUD-Operations-chromium/video.webm]]

[[ATTACHMENT|test-results/comprehensive-crud-🔐-Auth-7a9a3-ser-Profile-CRUD-Operations-chromium/error-context.md]]
]]>
</system-out>
</testcase>
<testcase name="🔐 Authentication &amp; User Management CRUD › User Settings CRUD Operations" classname="comprehensive-crud.spec.ts" time="78.585">
<failure message="comprehensive-crud.spec.ts:106:7 User Settings CRUD Operations" type="FAILURE">
<![CDATA[  [chromium] › comprehensive-crud.spec.ts:106:7 › 🔐 Authentication & User Management CRUD › User Settings CRUD Operations 

    TimeoutError: page.fill: Timeout 60000ms exceeded.
    Call log:
      - waiting for locator('input[name="email"]')


      107 |     // Login first
      108 |     await page.goto('/auth/signin');
    > 109 |     await page.fill('input[name="email"]', testUsers.regularUser.email);
          |                ^
      110 |     await page.fill('input[name="password"]', testUsers.regularUser.password);
      111 |     await page.click('button[type="submit"]');
      112 |     await expect(page).toHaveURL(/\/dashboard/);
        at /Users/asithalakmal/Documents/web/final project/WeddingLK-next copy/tests/e2e/comprehensive-crud.spec.ts:109:16

    attachment #1: screenshot (image/png) ──────────────────────────────────────────────────────────
    ../../test-results/comprehensive-crud-🔐-Auth-e8e4d-er-Settings-CRUD-Operations-chromium/test-failed-1.png
    ────────────────────────────────────────────────────────────────────────────────────────────────

    attachment #2: video (video/webm) ──────────────────────────────────────────────────────────────
    ../../test-results/comprehensive-crud-🔐-Auth-e8e4d-er-Settings-CRUD-Operations-chromium/video.webm
    ────────────────────────────────────────────────────────────────────────────────────────────────

    Error Context: ../../test-results/comprehensive-crud-🔐-Auth-e8e4d-er-Settings-CRUD-Operations-chromium/error-context.md
]]>
</failure>
<system-out>
<![CDATA[
[[ATTACHMENT|test-results/comprehensive-crud-🔐-Auth-e8e4d-er-Settings-CRUD-Operations-chromium/test-failed-1.png]]

[[ATTACHMENT|test-results/comprehensive-crud-🔐-Auth-e8e4d-er-Settings-CRUD-Operations-chromium/video.webm]]

[[ATTACHMENT|test-results/comprehensive-crud-🔐-Auth-e8e4d-er-Settings-CRUD-Operations-chromium/error-context.md]]
]]>
</system-out>
</testcase>
<testcase name="🏢 Vendor Management CRUD › Vendor Registration Flow" classname="comprehensive-crud.spec.ts" time="76.698">
<failure message="comprehensive-crud.spec.ts:131:7 Vendor Registration Flow" type="FAILURE">
<![CDATA[  [chromium] › comprehensive-crud.spec.ts:131:7 › 🏢 Vendor Management CRUD › Vendor Registration Flow 

    TimeoutError: page.fill: Timeout 60000ms exceeded.
    Call log:
      - waiting for locator('input[name="businessName"]')


      133 |     
      134 |     // Fill vendor registration form
    > 135 |     await page.fill('input[name="businessName"]', testUsers.vendor.name);
          |                ^
      136 |     await page.fill('input[name="email"]', testUsers.vendor.email);
      137 |     await page.fill('input[name="password"]', testUsers.vendor.password);
      138 |     await page.fill('input[name="phone"]', '+94771234567');
        at /Users/asithalakmal/Documents/web/final project/WeddingLK-next copy/tests/e2e/comprehensive-crud.spec.ts:135:16

    attachment #1: screenshot (image/png) ──────────────────────────────────────────────────────────
    ../../test-results/comprehensive-crud-🏢-Vend-4884e-UD-Vendor-Registration-Flow-chromium/test-failed-1.png
    ────────────────────────────────────────────────────────────────────────────────────────────────

    attachment #2: video (video/webm) ──────────────────────────────────────────────────────────────
    ../../test-results/comprehensive-crud-🏢-Vend-4884e-UD-Vendor-Registration-Flow-chromium/video.webm
    ────────────────────────────────────────────────────────────────────────────────────────────────

    Error Context: ../../test-results/comprehensive-crud-🏢-Vend-4884e-UD-Vendor-Registration-Flow-chromium/error-context.md
]]>
</failure>
<system-out>
<![CDATA[
[[ATTACHMENT|test-results/comprehensive-crud-🏢-Vend-4884e-UD-Vendor-Registration-Flow-chromium/test-failed-1.png]]

[[ATTACHMENT|test-results/comprehensive-crud-🏢-Vend-4884e-UD-Vendor-Registration-Flow-chromium/video.webm]]

[[ATTACHMENT|test-results/comprehensive-crud-🏢-Vend-4884e-UD-Vendor-Registration-Flow-chromium/error-context.md]]
]]>
</system-out>
</testcase>
<testcase name="🏢 Vendor Management CRUD › Vendor Services CRUD Operations" classname="comprehensive-crud.spec.ts" time="79.456">
<failure message="comprehensive-crud.spec.ts:148:7 Vendor Services CRUD Operations" type="FAILURE">
<![CDATA[  [chromium] › comprehensive-crud.spec.ts:148:7 › 🏢 Vendor Management CRUD › Vendor Services CRUD Operations 

    TimeoutError: page.fill: Timeout 60000ms exceeded.
    Call log:
      - waiting for locator('input[name="email"]')


      149 |     // Login as vendor
      150 |     await page.goto('/auth/signin');
    > 151 |     await page.fill('input[name="email"]', testUsers.vendor.email);
          |                ^
      152 |     await page.fill('input[name="password"]', testUsers.vendor.password);
      153 |     await page.click('button[type="submit"]');
      154 |     await expect(page).toHaveURL(/\/dashboard/);
        at /Users/asithalakmal/Documents/web/final project/WeddingLK-next copy/tests/e2e/comprehensive-crud.spec.ts:151:16

    attachment #1: screenshot (image/png) ──────────────────────────────────────────────────────────
    ../../test-results/comprehensive-crud-🏢-Vend-64218-or-Services-CRUD-Operations-chromium/test-failed-1.png
    ────────────────────────────────────────────────────────────────────────────────────────────────

    attachment #2: video (video/webm) ──────────────────────────────────────────────────────────────
    ../../test-results/comprehensive-crud-🏢-Vend-64218-or-Services-CRUD-Operations-chromium/video.webm
    ────────────────────────────────────────────────────────────────────────────────────────────────

    Error Context: ../../test-results/comprehensive-crud-🏢-Vend-64218-or-Services-CRUD-Operations-chromium/error-context.md
]]>
</failure>
<system-out>
<![CDATA[
[[ATTACHMENT|test-results/comprehensive-crud-🏢-Vend-64218-or-Services-CRUD-Operations-chromium/test-failed-1.png]]

[[ATTACHMENT|test-results/comprehensive-crud-🏢-Vend-64218-or-Services-CRUD-Operations-chromium/video.webm]]

[[ATTACHMENT|test-results/comprehensive-crud-🏢-Vend-64218-or-Services-CRUD-Operations-chromium/error-context.md]]
]]>
</system-out>
</testcase>
<testcase name="🏢 Vendor Management CRUD › Vendor Analytics &amp; Reports" classname="comprehensive-crud.spec.ts" time="77.821">
<failure message="comprehensive-crud.spec.ts:182:7 Vendor Analytics &amp; Reports" type="FAILURE">
<![CDATA[  [chromium] › comprehensive-crud.spec.ts:182:7 › 🏢 Vendor Management CRUD › Vendor Analytics & Reports 

    TimeoutError: page.fill: Timeout 60000ms exceeded.
    Call log:
      - waiting for locator('input[name="email"]')


      183 |     // Login as vendor
      184 |     await page.goto('/auth/signin');
    > 185 |     await page.fill('input[name="email"]', testUsers.vendor.email);
          |                ^
      186 |     await page.fill('input[name="password"]', testUsers.vendor.password);
      187 |     await page.click('button[type="submit"]');
      188 |     await expect(page).toHaveURL(/\/dashboard/);
        at /Users/asithalakmal/Documents/web/final project/WeddingLK-next copy/tests/e2e/comprehensive-crud.spec.ts:185:16

    attachment #1: screenshot (image/png) ──────────────────────────────────────────────────────────
    ../../test-results/comprehensive-crud-🏢-Vend-1244e-UD-Vendor-Analytics-Reports-chromium/test-failed-1.png
    ────────────────────────────────────────────────────────────────────────────────────────────────

    attachment #2: video (video/webm) ──────────────────────────────────────────────────────────────
    ../../test-results/comprehensive-crud-🏢-Vend-1244e-UD-Vendor-Analytics-Reports-chromium/video.webm
    ────────────────────────────────────────────────────────────────────────────────────────────────

    Error Context: ../../test-results/comprehensive-crud-🏢-Vend-1244e-UD-Vendor-Analytics-Reports-chromium/error-context.md
]]>
</failure>
<system-out>
<![CDATA[
[[ATTACHMENT|test-results/comprehensive-crud-🏢-Vend-1244e-UD-Vendor-Analytics-Reports-chromium/test-failed-1.png]]

[[ATTACHMENT|test-results/comprehensive-crud-🏢-Vend-1244e-UD-Vendor-Analytics-Reports-chromium/video.webm]]

[[ATTACHMENT|test-results/comprehensive-crud-🏢-Vend-1244e-UD-Vendor-Analytics-Reports-chromium/error-context.md]]
]]>
</system-out>
</testcase>
<testcase name="📅 Booking System CRUD › Create Booking Flow" classname="comprehensive-crud.spec.ts" time="76.82">
<failure message="comprehensive-crud.spec.ts:201:7 Create Booking Flow" type="FAILURE">
<![CDATA[  [chromium] › comprehensive-crud.spec.ts:201:7 › 📅 Booking System CRUD › Create Booking Flow ─────

    TimeoutError: page.fill: Timeout 60000ms exceeded.
    Call log:
      - waiting for locator('input[name="email"]')


      202 |     // Login as regular user
      203 |     await page.goto('/auth/signin');
    > 204 |     await page.fill('input[name="email"]', testUsers.regularUser.email);
          |                ^
      205 |     await page.fill('input[name="password"]', testUsers.regularUser.password);
      206 |     await page.click('button[type="submit"]');
      207 |     await expect(page).toHaveURL(/\/dashboard/);
        at /Users/asithalakmal/Documents/web/final project/WeddingLK-next copy/tests/e2e/comprehensive-crud.spec.ts:204:16

    attachment #1: screenshot (image/png) ──────────────────────────────────────────────────────────
    ../../test-results/comprehensive-crud-📅-Book-32257-em-CRUD-Create-Booking-Flow-chromium/test-failed-1.png
    ────────────────────────────────────────────────────────────────────────────────────────────────

    attachment #2: video (video/webm) ──────────────────────────────────────────────────────────────
    ../../test-results/comprehensive-crud-📅-Book-32257-em-CRUD-Create-Booking-Flow-chromium/video.webm
    ────────────────────────────────────────────────────────────────────────────────────────────────

    Error Context: ../../test-results/comprehensive-crud-📅-Book-32257-em-CRUD-Create-Booking-Flow-chromium/error-context.md
]]>
</failure>
<system-out>
<![CDATA[
[[ATTACHMENT|test-results/comprehensive-crud-📅-Book-32257-em-CRUD-Create-Booking-Flow-chromium/test-failed-1.png]]

[[ATTACHMENT|test-results/comprehensive-crud-📅-Book-32257-em-CRUD-Create-Booking-Flow-chromium/video.webm]]

[[ATTACHMENT|test-results/comprehensive-crud-📅-Book-32257-em-CRUD-Create-Booking-Flow-chromium/error-context.md]]
]]>
</system-out>
</testcase>
<testcase name="📅 Booking System CRUD › Booking Management CRUD" classname="comprehensive-crud.spec.ts" time="75.026">
<failure message="comprehensive-crud.spec.ts:228:7 Booking Management CRUD" type="FAILURE">
<![CDATA[  [chromium] › comprehensive-crud.spec.ts:228:7 › 📅 Booking System CRUD › Booking Management CRUD ─

    TimeoutError: page.fill: Timeout 60000ms exceeded.
    Call log:
      - waiting for locator('input[name="email"]')


      229 |     // Login as user
      230 |     await page.goto('/auth/signin');
    > 231 |     await page.fill('input[name="email"]', testUsers.regularUser.email);
          |                ^
      232 |     await page.fill('input[name="password"]', testUsers.regularUser.password);
      233 |     await page.click('button[type="submit"]');
      234 |     await expect(page).toHaveURL(/\/dashboard/);
        at /Users/asithalakmal/Documents/web/final project/WeddingLK-next copy/tests/e2e/comprehensive-crud.spec.ts:231:16

    attachment #1: screenshot (image/png) ──────────────────────────────────────────────────────────
    ../../test-results/comprehensive-crud-📅-Book-0046c-RUD-Booking-Management-CRUD-chromium/test-failed-1.png
    ────────────────────────────────────────────────────────────────────────────────────────────────

    attachment #2: video (video/webm) ──────────────────────────────────────────────────────────────
    ../../test-results/comprehensive-crud-📅-Book-0046c-RUD-Booking-Management-CRUD-chromium/video.webm
    ────────────────────────────────────────────────────────────────────────────────────────────────

    Error Context: ../../test-results/comprehensive-crud-📅-Book-0046c-RUD-Booking-Management-CRUD-chromium/error-context.md
]]>
</failure>
<system-out>
<![CDATA[
[[ATTACHMENT|test-results/comprehensive-crud-📅-Book-0046c-RUD-Booking-Management-CRUD-chromium/test-failed-1.png]]

[[ATTACHMENT|test-results/comprehensive-crud-📅-Book-0046c-RUD-Booking-Management-CRUD-chromium/video.webm]]

[[ATTACHMENT|test-results/comprehensive-crud-📅-Book-0046c-RUD-Booking-Management-CRUD-chromium/error-context.md]]
]]>
</system-out>
</testcase>
<testcase name="📅 Booking System CRUD › Booking Status Tracking" classname="comprehensive-crud.spec.ts" time="73.821">
<failure message="comprehensive-crud.spec.ts:258:7 Booking Status Tracking" type="FAILURE">
<![CDATA[  [chromium] › comprehensive-crud.spec.ts:258:7 › 📅 Booking System CRUD › Booking Status Tracking ─

    TimeoutError: page.fill: Timeout 60000ms exceeded.
    Call log:
      - waiting for locator('input[name="email"]')


      259 |     // Login as vendor
      260 |     await page.goto('/auth/signin');
    > 261 |     await page.fill('input[name="email"]', testUsers.vendor.email);
          |                ^
      262 |     await page.fill('input[name="password"]', testUsers.vendor.password);
      263 |     await page.click('button[type="submit"]');
      264 |     await expect(page).toHaveURL(/\/dashboard/);
        at /Users/asithalakmal/Documents/web/final project/WeddingLK-next copy/tests/e2e/comprehensive-crud.spec.ts:261:16

    attachment #1: screenshot (image/png) ──────────────────────────────────────────────────────────
    ../../test-results/comprehensive-crud-📅-Book-6532e-RUD-Booking-Status-Tracking-chromium/test-failed-1.png
    ────────────────────────────────────────────────────────────────────────────────────────────────

    attachment #2: video (video/webm) ──────────────────────────────────────────────────────────────
    ../../test-results/comprehensive-crud-📅-Book-6532e-RUD-Booking-Status-Tracking-chromium/video.webm
    ────────────────────────────────────────────────────────────────────────────────────────────────

    Error Context: ../../test-results/comprehensive-crud-📅-Book-6532e-RUD-Booking-Status-Tracking-chromium/error-context.md
]]>
</failure>
<system-out>
<![CDATA[
[[ATTACHMENT|test-results/comprehensive-crud-📅-Book-6532e-RUD-Booking-Status-Tracking-chromium/test-failed-1.png]]

[[ATTACHMENT|test-results/comprehensive-crud-📅-Book-6532e-RUD-Booking-Status-Tracking-chromium/video.webm]]

[[ATTACHMENT|test-results/comprehensive-crud-📅-Book-6532e-RUD-Booking-Status-Tracking-chromium/error-context.md]]
]]>
</system-out>
</testcase>
<testcase name="👥 Wedding Planner CRUD Operations › Planner Client Management" classname="comprehensive-crud.spec.ts" time="77.462">
<failure message="comprehensive-crud.spec.ts:283:7 Planner Client Management" type="FAILURE">
<![CDATA[  [chromium] › comprehensive-crud.spec.ts:283:7 › 👥 Wedding Planner CRUD Operations › Planner Client Management 

    TimeoutError: page.fill: Timeout 60000ms exceeded.
    Call log:
      - waiting for locator('input[name="email"]')


      284 |     // Login as wedding planner
      285 |     await page.goto('/auth/signin');
    > 286 |     await page.fill('input[name="email"]', testUsers.weddingPlanner.email);
          |                ^
      287 |     await page.fill('input[name="password"]', testUsers.weddingPlanner.password);
      288 |     await page.click('button[type="submit"]');
      289 |     await expect(page).toHaveURL(/\/dashboard/);
        at /Users/asithalakmal/Documents/web/final project/WeddingLK-next copy/tests/e2e/comprehensive-crud.spec.ts:286:16

    attachment #1: screenshot (image/png) ──────────────────────────────────────────────────────────
    ../../test-results/comprehensive-crud-👥-Wedd-6d749-s-Planner-Client-Management-chromium/test-failed-1.png
    ────────────────────────────────────────────────────────────────────────────────────────────────

    attachment #2: video (video/webm) ──────────────────────────────────────────────────────────────
    ../../test-results/comprehensive-crud-👥-Wedd-6d749-s-Planner-Client-Management-chromium/video.webm
    ────────────────────────────────────────────────────────────────────────────────────────────────

    Error Context: ../../test-results/comprehensive-crud-👥-Wedd-6d749-s-Planner-Client-Management-chromium/error-context.md
]]>
</failure>
<system-out>
<![CDATA[
[[ATTACHMENT|test-results/comprehensive-crud-👥-Wedd-6d749-s-Planner-Client-Management-chromium/test-failed-1.png]]

[[ATTACHMENT|test-results/comprehensive-crud-👥-Wedd-6d749-s-Planner-Client-Management-chromium/video.webm]]

[[ATTACHMENT|test-results/comprehensive-crud-👥-Wedd-6d749-s-Planner-Client-Management-chromium/error-context.md]]
]]>
</system-out>
</testcase>
<testcase name="👥 Wedding Planner CRUD Operations › Planner Task Management" classname="comprehensive-crud.spec.ts" time="75.439">
<failure message="comprehensive-crud.spec.ts:313:7 Planner Task Management" type="FAILURE">
<![CDATA[  [chromium] › comprehensive-crud.spec.ts:313:7 › 👥 Wedding Planner CRUD Operations › Planner Task Management 

    TimeoutError: page.fill: Timeout 60000ms exceeded.
    Call log:
      - waiting for locator('input[name="email"]')


      314 |     // Login as wedding planner
      315 |     await page.goto('/auth/signin');
    > 316 |     await page.fill('input[name="email"]', testUsers.weddingPlanner.email);
          |                ^
      317 |     await page.fill('input[name="password"]', testUsers.weddingPlanner.password);
      318 |     await page.click('button[type="submit"]');
      319 |     await expect(page).toHaveURL(/\/dashboard/);
        at /Users/asithalakmal/Documents/web/final project/WeddingLK-next copy/tests/e2e/comprehensive-crud.spec.ts:316:16

    attachment #1: screenshot (image/png) ──────────────────────────────────────────────────────────
    ../../test-results/comprehensive-crud-👥-Wedd-50ee2-ons-Planner-Task-Management-chromium/test-failed-1.png
    ────────────────────────────────────────────────────────────────────────────────────────────────

    attachment #2: video (video/webm) ──────────────────────────────────────────────────────────────
    ../../test-results/comprehensive-crud-👥-Wedd-50ee2-ons-Planner-Task-Management-chromium/video.webm
    ────────────────────────────────────────────────────────────────────────────────────────────────

    Error Context: ../../test-results/comprehensive-crud-👥-Wedd-50ee2-ons-Planner-Task-Management-chromium/error-context.md
]]>
</failure>
<system-out>
<![CDATA[
[[ATTACHMENT|test-results/comprehensive-crud-👥-Wedd-50ee2-ons-Planner-Task-Management-chromium/test-failed-1.png]]

[[ATTACHMENT|test-results/comprehensive-crud-👥-Wedd-50ee2-ons-Planner-Task-Management-chromium/video.webm]]

[[ATTACHMENT|test-results/comprehensive-crud-👥-Wedd-50ee2-ons-Planner-Task-Management-chromium/error-context.md]]
]]>
</system-out>
</testcase>
<testcase name="🛡️ RBAC (Role-Based Access Control) Tests › User Role Access Control" classname="comprehensive-crud.spec.ts" time="77.382">
<failure message="comprehensive-crud.spec.ts:342:7 User Role Access Control" type="FAILURE">
<![CDATA[  [chromium] › comprehensive-crud.spec.ts:342:7 › 🛡️ RBAC (Role-Based Access Control) Tests › User Role Access Control 

    TimeoutError: page.fill: Timeout 60000ms exceeded.
    Call log:
      - waiting for locator('input[name="email"]')


      343 |     // Login as regular user
      344 |     await page.goto('/auth/signin');
    > 345 |     await page.fill('input[name="email"]', testUsers.regularUser.email);
          |                ^
      346 |     await page.fill('input[name="password"]', testUsers.regularUser.password);
      347 |     await page.click('button[type="submit"]');
      348 |     await expect(page).toHaveURL(/\/dashboard/);
        at /Users/asithalakmal/Documents/web/final project/WeddingLK-next copy/tests/e2e/comprehensive-crud.spec.ts:345:16

    attachment #1: screenshot (image/png) ──────────────────────────────────────────────────────────
    ../../test-results/comprehensive-crud-🛡️-RBA-b8846-ts-User-Role-Access-Control-chromium/test-failed-1.png
    ────────────────────────────────────────────────────────────────────────────────────────────────

    attachment #2: video (video/webm) ──────────────────────────────────────────────────────────────
    ../../test-results/comprehensive-crud-🛡️-RBA-b8846-ts-User-Role-Access-Control-chromium/video.webm
    ────────────────────────────────────────────────────────────────────────────────────────────────

    Error Context: ../../test-results/comprehensive-crud-🛡️-RBA-b8846-ts-User-Role-Access-Control-chromium/error-context.md
]]>
</failure>
<system-out>
<![CDATA[
[[ATTACHMENT|test-results/comprehensive-crud-🛡️-RBA-b8846-ts-User-Role-Access-Control-chromium/test-failed-1.png]]

[[ATTACHMENT|test-results/comprehensive-crud-🛡️-RBA-b8846-ts-User-Role-Access-Control-chromium/video.webm]]

[[ATTACHMENT|test-results/comprehensive-crud-🛡️-RBA-b8846-ts-User-Role-Access-Control-chromium/error-context.md]]
]]>
</system-out>
</testcase>
<testcase name="🛡️ RBAC (Role-Based Access Control) Tests › Vendor Role Access Control" classname="comprehensive-crud.spec.ts" time="76.855">
<failure message="comprehensive-crud.spec.ts:366:7 Vendor Role Access Control" type="FAILURE">
<![CDATA[  [chromium] › comprehensive-crud.spec.ts:366:7 › 🛡️ RBAC (Role-Based Access Control) Tests › Vendor Role Access Control 

    TimeoutError: page.fill: Timeout 60000ms exceeded.
    Call log:
      - waiting for locator('input[name="email"]')


      367 |     // Login as vendor
      368 |     await page.goto('/auth/signin');
    > 369 |     await page.fill('input[name="email"]', testUsers.vendor.email);
          |                ^
      370 |     await page.fill('input[name="password"]', testUsers.vendor.password);
      371 |     await page.click('button[type="submit"]');
      372 |     await expect(page).toHaveURL(/\/dashboard/);
        at /Users/asithalakmal/Documents/web/final project/WeddingLK-next copy/tests/e2e/comprehensive-crud.spec.ts:369:16

    attachment #1: screenshot (image/png) ──────────────────────────────────────────────────────────
    ../../test-results/comprehensive-crud-🛡️-RBA-76435--Vendor-Role-Access-Control-chromium/test-failed-1.png
    ────────────────────────────────────────────────────────────────────────────────────────────────

    attachment #2: video (video/webm) ──────────────────────────────────────────────────────────────
    ../../test-results/comprehensive-crud-🛡️-RBA-76435--Vendor-Role-Access-Control-chromium/video.webm
    ────────────────────────────────────────────────────────────────────────────────────────────────

    Error Context: ../../test-results/comprehensive-crud-🛡️-RBA-76435--Vendor-Role-Access-Control-chromium/error-context.md
]]>
</failure>
<system-out>
<![CDATA[
[[ATTACHMENT|test-results/comprehensive-crud-🛡️-RBA-76435--Vendor-Role-Access-Control-chromium/test-failed-1.png]]

[[ATTACHMENT|test-results/comprehensive-crud-🛡️-RBA-76435--Vendor-Role-Access-Control-chromium/video.webm]]

[[ATTACHMENT|test-results/comprehensive-crud-🛡️-RBA-76435--Vendor-Role-Access-Control-chromium/error-context.md]]
]]>
</system-out>
</testcase>
<testcase name="🛡️ RBAC (Role-Based Access Control) Tests › Admin Role Access Control" classname="comprehensive-crud.spec.ts" time="83.321">
<failure message="comprehensive-crud.spec.ts:390:7 Admin Role Access Control" type="FAILURE">
<![CDATA[  [chromium] › comprehensive-crud.spec.ts:390:7 › 🛡️ RBAC (Role-Based Access Control) Tests › Admin Role Access Control 

    TimeoutError: page.fill: Timeout 60000ms exceeded.
    Call log:
      - waiting for locator('input[name="email"]')


      391 |     // Login as admin
      392 |     await page.goto('/auth/signin');
    > 393 |     await page.fill('input[name="email"]', testUsers.admin.email);
          |                ^
      394 |     await page.fill('input[name="password"]', testUsers.admin.password);
      395 |     await page.click('button[type="submit"]');
      396 |     await expect(page).toHaveURL(/\/dashboard/);
        at /Users/asithalakmal/Documents/web/final project/WeddingLK-next copy/tests/e2e/comprehensive-crud.spec.ts:393:16

    attachment #1: screenshot (image/png) ──────────────────────────────────────────────────────────
    ../../test-results/comprehensive-crud-🛡️-RBA-d2e91-s-Admin-Role-Access-Control-chromium/test-failed-1.png
    ────────────────────────────────────────────────────────────────────────────────────────────────

    attachment #2: video (video/webm) ──────────────────────────────────────────────────────────────
    ../../test-results/comprehensive-crud-🛡️-RBA-d2e91-s-Admin-Role-Access-Control-chromium/video.webm
    ────────────────────────────────────────────────────────────────────────────────────────────────

    Error Context: ../../test-results/comprehensive-crud-🛡️-RBA-d2e91-s-Admin-Role-Access-Control-chromium/error-context.md
]]>
</failure>
<system-out>
<![CDATA[
[[ATTACHMENT|test-results/comprehensive-crud-🛡️-RBA-d2e91-s-Admin-Role-Access-Control-chromium/test-failed-1.png]]

[[ATTACHMENT|test-results/comprehensive-crud-🛡️-RBA-d2e91-s-Admin-Role-Access-Control-chromium/video.webm]]

[[ATTACHMENT|test-results/comprehensive-crud-🛡️-RBA-d2e91-s-Admin-Role-Access-Control-chromium/error-context.md]]
]]>
</system-out>
</testcase>
<testcase name="🛡️ RBAC (Role-Based Access Control) Tests › Middleware Route Protection" classname="comprehensive-crud.spec.ts" time="44.121">
<failure message="comprehensive-crud.spec.ts:412:7 Middleware Route Protection" type="FAILURE">
<![CDATA[  [chromium] › comprehensive-crud.spec.ts:412:7 › 🛡️ RBAC (Role-Based Access Control) Tests › Middleware Route Protection 

    Error: expect(page).toHaveURL(expected) failed

    Expected pattern: /\/auth\/signin/
    Received string:  "https://wedding-lk.vercel.app/login?callbackUrl=%2Fdashboard"
    Timeout: 30000ms

    Call log:
      - Expect "toHaveURL" with timeout 30000ms
        33 × unexpected value "https://wedding-lk.vercel.app/login?callbackUrl=%2Fdashboard"


      413 |     // Test unauthenticated access to protected routes
      414 |     await page.goto('/dashboard');
    > 415 |     await expect(page).toHaveURL(/\/auth\/signin/);
          |                        ^
      416 |     
      417 |     await page.goto('/dashboard/profile');
      418 |     await expect(page).toHaveURL(/\/auth\/signin/);
        at /Users/asithalakmal/Documents/web/final project/WeddingLK-next copy/tests/e2e/comprehensive-crud.spec.ts:415:24

    attachment #1: screenshot (image/png) ──────────────────────────────────────────────────────────
    ../../test-results/comprehensive-crud-🛡️-RBA-c8703-Middleware-Route-Protection-chromium/test-failed-1.png
    ────────────────────────────────────────────────────────────────────────────────────────────────

    attachment #2: video (video/webm) ──────────────────────────────────────────────────────────────
    ../../test-results/comprehensive-crud-🛡️-RBA-c8703-Middleware-Route-Protection-chromium/video.webm
    ────────────────────────────────────────────────────────────────────────────────────────────────

    Error Context: ../../test-results/comprehensive-crud-🛡️-RBA-c8703-Middleware-Route-Protection-chromium/error-context.md
]]>
</failure>
<system-out>
<![CDATA[
[[ATTACHMENT|test-results/comprehensive-crud-🛡️-RBA-c8703-Middleware-Route-Protection-chromium/test-failed-1.png]]

[[ATTACHMENT|test-results/comprehensive-crud-🛡️-RBA-c8703-Middleware-Route-Protection-chromium/video.webm]]

[[ATTACHMENT|test-results/comprehensive-crud-🛡️-RBA-c8703-Middleware-Route-Protection-chromium/error-context.md]]
]]>
</system-out>
</testcase>
<testcase name="💳 Payment &amp; Financial CRUD › Payment Processing Flow" classname="comprehensive-crud.spec.ts" time="77.154">
<failure message="comprehensive-crud.spec.ts:426:7 Payment Processing Flow" type="FAILURE">
<![CDATA[  [chromium] › comprehensive-crud.spec.ts:426:7 › 💳 Payment & Financial CRUD › Payment Processing Flow 

    TimeoutError: page.fill: Timeout 60000ms exceeded.
    Call log:
      - waiting for locator('input[name="email"]')


      427 |     // Login as user
      428 |     await page.goto('/auth/signin');
    > 429 |     await page.fill('input[name="email"]', testUsers.regularUser.email);
          |                ^
      430 |     await page.fill('input[name="password"]', testUsers.regularUser.password);
      431 |     await page.click('button[type="submit"]');
      432 |     await expect(page).toHaveURL(/\/dashboard/);
        at /Users/asithalakmal/Documents/web/final project/WeddingLK-next copy/tests/e2e/comprehensive-crud.spec.ts:429:16

    attachment #1: screenshot (image/png) ──────────────────────────────────────────────────────────
    ../../test-results/comprehensive-crud-💳-Paym-6f1ed-RUD-Payment-Processing-Flow-chromium/test-failed-1.png
    ────────────────────────────────────────────────────────────────────────────────────────────────

    attachment #2: video (video/webm) ──────────────────────────────────────────────────────────────
    ../../test-results/comprehensive-crud-💳-Paym-6f1ed-RUD-Payment-Processing-Flow-chromium/video.webm
    ────────────────────────────────────────────────────────────────────────────────────────────────

    Error Context: ../../test-results/comprehensive-crud-💳-Paym-6f1ed-RUD-Payment-Processing-Flow-chromium/error-context.md
]]>
</failure>
<system-out>
<![CDATA[
[[ATTACHMENT|test-results/comprehensive-crud-💳-Paym-6f1ed-RUD-Payment-Processing-Flow-chromium/test-failed-1.png]]

[[ATTACHMENT|test-results/comprehensive-crud-💳-Paym-6f1ed-RUD-Payment-Processing-Flow-chromium/video.webm]]

[[ATTACHMENT|test-results/comprehensive-crud-💳-Paym-6f1ed-RUD-Payment-Processing-Flow-chromium/error-context.md]]
]]>
</system-out>
</testcase>
<testcase name="💳 Payment &amp; Financial CRUD › Payment History &amp; Management" classname="comprehensive-crud.spec.ts" time="77.005">
<failure message="comprehensive-crud.spec.ts:450:7 Payment History &amp; Management" type="FAILURE">
<![CDATA[  [chromium] › comprehensive-crud.spec.ts:450:7 › 💳 Payment & Financial CRUD › Payment History & Management 

    TimeoutError: page.fill: Timeout 60000ms exceeded.
    Call log:
      - waiting for locator('input[name="email"]')


      451 |     // Login as user
      452 |     await page.goto('/auth/signin');
    > 453 |     await page.fill('input[name="email"]', testUsers.regularUser.email);
          |                ^
      454 |     await page.fill('input[name="password"]', testUsers.regularUser.password);
      455 |     await page.click('button[type="submit"]');
      456 |     await expect(page).toHaveURL(/\/dashboard/);
        at /Users/asithalakmal/Documents/web/final project/WeddingLK-next copy/tests/e2e/comprehensive-crud.spec.ts:453:16

    attachment #1: screenshot (image/png) ──────────────────────────────────────────────────────────
    ../../test-results/comprehensive-crud-💳-Paym-d962d--Payment-History-Management-chromium/test-failed-1.png
    ────────────────────────────────────────────────────────────────────────────────────────────────

    attachment #2: video (video/webm) ──────────────────────────────────────────────────────────────
    ../../test-results/comprehensive-crud-💳-Paym-d962d--Payment-History-Management-chromium/video.webm
    ────────────────────────────────────────────────────────────────────────────────────────────────

    Error Context: ../../test-results/comprehensive-crud-💳-Paym-d962d--Payment-History-Management-chromium/error-context.md
]]>
</failure>
<system-out>
<![CDATA[
[[ATTACHMENT|test-results/comprehensive-crud-💳-Paym-d962d--Payment-History-Management-chromium/test-failed-1.png]]

[[ATTACHMENT|test-results/comprehensive-crud-💳-Paym-d962d--Payment-History-Management-chromium/video.webm]]

[[ATTACHMENT|test-results/comprehensive-crud-💳-Paym-d962d--Payment-History-Management-chromium/error-context.md]]
]]>
</system-out>
</testcase>
<testcase name="📱 Mobile &amp; Responsive CRUD › Mobile Navigation &amp; CRUD Operations" classname="comprehensive-crud.spec.ts" time="75.809">
<failure message="comprehensive-crud.spec.ts:471:7 Mobile Navigation &amp; CRUD Operations" type="FAILURE">
<![CDATA[  [chromium] › comprehensive-crud.spec.ts:471:7 › 📱 Mobile & Responsive CRUD › Mobile Navigation & CRUD Operations 

    TimeoutError: page.fill: Timeout 60000ms exceeded.
    Call log:
      - waiting for locator('input[name="email"]')


      475 |     // Login as user
      476 |     await page.goto('/auth/signin');
    > 477 |     await page.fill('input[name="email"]', testUsers.regularUser.email);
          |                ^
      478 |     await page.fill('input[name="password"]', testUsers.regularUser.password);
      479 |     await page.click('button[type="submit"]');
      480 |     await expect(page).toHaveURL(/\/dashboard/);
        at /Users/asithalakmal/Documents/web/final project/WeddingLK-next copy/tests/e2e/comprehensive-crud.spec.ts:477:16

    attachment #1: screenshot (image/png) ──────────────────────────────────────────────────────────
    ../../test-results/comprehensive-crud-📱-Mobi-c12a8--Navigation-CRUD-Operations-chromium/test-failed-1.png
    ────────────────────────────────────────────────────────────────────────────────────────────────

    attachment #2: video (video/webm) ──────────────────────────────────────────────────────────────
    ../../test-results/comprehensive-crud-📱-Mobi-c12a8--Navigation-CRUD-Operations-chromium/video.webm
    ────────────────────────────────────────────────────────────────────────────────────────────────

    Error Context: ../../test-results/comprehensive-crud-📱-Mobi-c12a8--Navigation-CRUD-Operations-chromium/error-context.md
]]>
</failure>
<system-out>
<![CDATA[
[[ATTACHMENT|test-results/comprehensive-crud-📱-Mobi-c12a8--Navigation-CRUD-Operations-chromium/test-failed-1.png]]

[[ATTACHMENT|test-results/comprehensive-crud-📱-Mobi-c12a8--Navigation-CRUD-Operations-chromium/video.webm]]

[[ATTACHMENT|test-results/comprehensive-crud-📱-Mobi-c12a8--Navigation-CRUD-Operations-chromium/error-context.md]]
]]>
</system-out>
</testcase>
<testcase name="🔍 Search &amp; Filter CRUD › Venue Search &amp; Filter Operations" classname="comprehensive-crud.spec.ts" time="81.151">
<failure message="comprehensive-crud.spec.ts:501:7 Venue Search &amp; Filter Operations" type="FAILURE">
<![CDATA[  [chromium] › comprehensive-crud.spec.ts:501:7 › 🔍 Search & Filter CRUD › Venue Search & Filter Operations 

    TimeoutError: page.fill: Timeout 60000ms exceeded.
    Call log:
      - waiting for locator('input[placeholder*="Search venues"]')


      503 |     
      504 |     // Search for venues
    > 505 |     await page.fill('input[placeholder*="Search venues"]', 'Colombo');
          |                ^
      506 |     await page.click('button:has-text("Search")');
      507 |     
      508 |     // Apply filters
        at /Users/asithalakmal/Documents/web/final project/WeddingLK-next copy/tests/e2e/comprehensive-crud.spec.ts:505:16

    attachment #1: screenshot (image/png) ──────────────────────────────────────────────────────────
    ../../test-results/comprehensive-crud-🔍-Sear-77ac3-ue-Search-Filter-Operations-chromium/test-failed-1.png
    ────────────────────────────────────────────────────────────────────────────────────────────────

    attachment #2: video (video/webm) ──────────────────────────────────────────────────────────────
    ../../test-results/comprehensive-crud-🔍-Sear-77ac3-ue-Search-Filter-Operations-chromium/video.webm
    ────────────────────────────────────────────────────────────────────────────────────────────────

    Error Context: ../../test-results/comprehensive-crud-🔍-Sear-77ac3-ue-Search-Filter-Operations-chromium/error-context.md
]]>
</failure>
<system-out>
<![CDATA[
[[ATTACHMENT|test-results/comprehensive-crud-🔍-Sear-77ac3-ue-Search-Filter-Operations-chromium/test-failed-1.png]]

[[ATTACHMENT|test-results/comprehensive-crud-🔍-Sear-77ac3-ue-Search-Filter-Operations-chromium/video.webm]]

[[ATTACHMENT|test-results/comprehensive-crud-🔍-Sear-77ac3-ue-Search-Filter-Operations-chromium/error-context.md]]
]]>
</system-out>
</testcase>
<testcase name="🔍 Search &amp; Filter CRUD › Vendor Search &amp; Filter Operations" classname="comprehensive-crud.spec.ts" time="83.193">
<failure message="comprehensive-crud.spec.ts:518:7 Vendor Search &amp; Filter Operations" type="FAILURE">
<![CDATA[  [chromium] › comprehensive-crud.spec.ts:518:7 › 🔍 Search & Filter CRUD › Vendor Search & Filter Operations 

    TimeoutError: page.fill: Timeout 60000ms exceeded.
    Call log:
      - waiting for locator('input[placeholder*="Search vendors"]')


      520 |     
      521 |     // Search for vendors
    > 522 |     await page.fill('input[placeholder*="Search vendors"]', 'photography');
          |                ^
      523 |     await page.click('button:has-text("Search")');
      524 |     
      525 |     // Apply category filters
        at /Users/asithalakmal/Documents/web/final project/WeddingLK-next copy/tests/e2e/comprehensive-crud.spec.ts:522:16

    attachment #1: screenshot (image/png) ──────────────────────────────────────────────────────────
    ../../test-results/comprehensive-crud-🔍-Sear-8b262-or-Search-Filter-Operations-chromium/test-failed-1.png
    ────────────────────────────────────────────────────────────────────────────────────────────────

    attachment #2: video (video/webm) ──────────────────────────────────────────────────────────────
    ../../test-results/comprehensive-crud-🔍-Sear-8b262-or-Search-Filter-Operations-chromium/video.webm
    ────────────────────────────────────────────────────────────────────────────────────────────────

    Error Context: ../../test-results/comprehensive-crud-🔍-Sear-8b262-or-Search-Filter-Operations-chromium/error-context.md
]]>
</failure>
<system-out>
<![CDATA[
[[ATTACHMENT|test-results/comprehensive-crud-🔍-Sear-8b262-or-Search-Filter-Operations-chromium/test-failed-1.png]]

[[ATTACHMENT|test-results/comprehensive-crud-🔍-Sear-8b262-or-Search-Filter-Operations-chromium/video.webm]]

[[ATTACHMENT|test-results/comprehensive-crud-🔍-Sear-8b262-or-Search-Filter-Operations-chromium/error-context.md]]
]]>
</system-out>
</testcase>
<testcase name="📊 Analytics &amp; Reporting CRUD › User Analytics Dashboard" classname="comprehensive-crud.spec.ts" time="78.587">
<failure message="comprehensive-crud.spec.ts:535:7 User Analytics Dashboard" type="FAILURE">
<![CDATA[  [chromium] › comprehensive-crud.spec.ts:535:7 › 📊 Analytics & Reporting CRUD › User Analytics Dashboard 

    TimeoutError: page.fill: Timeout 60000ms exceeded.
    Call log:
      - waiting for locator('input[name="email"]')


      536 |     // Login as user
      537 |     await page.goto('/auth/signin');
    > 538 |     await page.fill('input[name="email"]', testUsers.regularUser.email);
          |                ^
      539 |     await page.fill('input[name="password"]', testUsers.regularUser.password);
      540 |     await page.click('button[type="submit"]');
      541 |     await expect(page).toHaveURL(/\/dashboard/);
        at /Users/asithalakmal/Documents/web/final project/WeddingLK-next copy/tests/e2e/comprehensive-crud.spec.ts:538:16

    attachment #1: screenshot (image/png) ──────────────────────────────────────────────────────────
    ../../test-results/comprehensive-crud-📊-Anal-bd0f7-UD-User-Analytics-Dashboard-chromium/test-failed-1.png
    ────────────────────────────────────────────────────────────────────────────────────────────────

    attachment #2: video (video/webm) ──────────────────────────────────────────────────────────────
    ../../test-results/comprehensive-crud-📊-Anal-bd0f7-UD-User-Analytics-Dashboard-chromium/video.webm
    ────────────────────────────────────────────────────────────────────────────────────────────────

    Error Context: ../../test-results/comprehensive-crud-📊-Anal-bd0f7-UD-User-Analytics-Dashboard-chromium/error-context.md
]]>
</failure>
<system-out>
<![CDATA[
[[ATTACHMENT|test-results/comprehensive-crud-📊-Anal-bd0f7-UD-User-Analytics-Dashboard-chromium/test-failed-1.png]]

[[ATTACHMENT|test-results/comprehensive-crud-📊-Anal-bd0f7-UD-User-Analytics-Dashboard-chromium/video.webm]]

[[ATTACHMENT|test-results/comprehensive-crud-📊-Anal-bd0f7-UD-User-Analytics-Dashboard-chromium/error-context.md]]
]]>
</system-out>
</testcase>
<testcase name="📊 Analytics &amp; Reporting CRUD › Admin Analytics &amp; Reports" classname="comprehensive-crud.spec.ts" time="78.429">
<failure message="comprehensive-crud.spec.ts:552:7 Admin Analytics &amp; Reports" type="FAILURE">
<![CDATA[  [chromium] › comprehensive-crud.spec.ts:552:7 › 📊 Analytics & Reporting CRUD › Admin Analytics & Reports 

    TimeoutError: page.fill: Timeout 60000ms exceeded.
    Call log:
      - waiting for locator('input[name="email"]')


      553 |     // Login as admin
      554 |     await page.goto('/auth/signin');
    > 555 |     await page.fill('input[name="email"]', testUsers.admin.email);
          |                ^
      556 |     await page.fill('input[name="password"]', testUsers.admin.password);
      557 |     await page.click('button[type="submit"]');
      558 |     await expect(page).toHaveURL(/\/dashboard/);
        at /Users/asithalakmal/Documents/web/final project/WeddingLK-next copy/tests/e2e/comprehensive-crud.spec.ts:555:16

    attachment #1: screenshot (image/png) ──────────────────────────────────────────────────────────
    ../../test-results/comprehensive-crud-📊-Anal-de256-RUD-Admin-Analytics-Reports-chromium/test-failed-1.png
    ────────────────────────────────────────────────────────────────────────────────────────────────

    attachment #2: video (video/webm) ──────────────────────────────────────────────────────────────
    ../../test-results/comprehensive-crud-📊-Anal-de256-RUD-Admin-Analytics-Reports-chromium/video.webm
    ────────────────────────────────────────────────────────────────────────────────────────────────

    Error Context: ../../test-results/comprehensive-crud-📊-Anal-de256-RUD-Admin-Analytics-Reports-chromium/error-context.md
]]>
</failure>
<system-out>
<![CDATA[
[[ATTACHMENT|test-results/comprehensive-crud-📊-Anal-de256-RUD-Admin-Analytics-Reports-chromium/test-failed-1.png]]

[[ATTACHMENT|test-results/comprehensive-crud-📊-Anal-de256-RUD-Admin-Analytics-Reports-chromium/video.webm]]

[[ATTACHMENT|test-results/comprehensive-crud-📊-Anal-de256-RUD-Admin-Analytics-Reports-chromium/error-context.md]]
]]>
</system-out>
</testcase>
<testcase name="🔔 Notification &amp; Communication CRUD › Notification Management" classname="comprehensive-crud.spec.ts" time="77.274">
<failure message="comprehensive-crud.spec.ts:581:7 Notification Management" type="FAILURE">
<![CDATA[  [chromium] › comprehensive-crud.spec.ts:581:7 › 🔔 Notification & Communication CRUD › Notification Management 

    TimeoutError: page.fill: Timeout 60000ms exceeded.
    Call log:
      - waiting for locator('input[name="email"]')


      582 |     // Login as user
      583 |     await page.goto('/auth/signin');
    > 584 |     await page.fill('input[name="email"]', testUsers.regularUser.email);
          |                ^
      585 |     await page.fill('input[name="password"]', testUsers.regularUser.password);
      586 |     await page.click('button[type="submit"]');
      587 |     await expect(page).toHaveURL(/\/dashboard/);
        at /Users/asithalakmal/Documents/web/final project/WeddingLK-next copy/tests/e2e/comprehensive-crud.spec.ts:584:16

    attachment #1: screenshot (image/png) ──────────────────────────────────────────────────────────
    ../../test-results/comprehensive-crud-🔔-Noti-e4267-RUD-Notification-Management-chromium/test-failed-1.png
    ────────────────────────────────────────────────────────────────────────────────────────────────

    attachment #2: video (video/webm) ──────────────────────────────────────────────────────────────
    ../../test-results/comprehensive-crud-🔔-Noti-e4267-RUD-Notification-Management-chromium/video.webm
    ────────────────────────────────────────────────────────────────────────────────────────────────

    Error Context: ../../test-results/comprehensive-crud-🔔-Noti-e4267-RUD-Notification-Management-chromium/error-context.md
]]>
</failure>
<system-out>
<![CDATA[
[[ATTACHMENT|test-results/comprehensive-crud-🔔-Noti-e4267-RUD-Notification-Management-chromium/test-failed-1.png]]

[[ATTACHMENT|test-results/comprehensive-crud-🔔-Noti-e4267-RUD-Notification-Management-chromium/video.webm]]

[[ATTACHMENT|test-results/comprehensive-crud-🔔-Noti-e4267-RUD-Notification-Management-chromium/error-context.md]]
]]>
</system-out>
</testcase>
<testcase name="🔔 Notification &amp; Communication CRUD › Message System CRUD" classname="comprehensive-crud.spec.ts" time="83.984">
<failure message="comprehensive-crud.spec.ts:605:7 Message System CRUD" type="FAILURE">
<![CDATA[  [chromium] › comprehensive-crud.spec.ts:605:7 › 🔔 Notification & Communication CRUD › Message System CRUD 

    TimeoutError: page.fill: Timeout 60000ms exceeded.
    Call log:
      - waiting for locator('input[name="email"]')


      606 |     // Login as user
      607 |     await page.goto('/auth/signin');
    > 608 |     await page.fill('input[name="email"]', testUsers.regularUser.email);
          |                ^
      609 |     await page.fill('input[name="password"]', testUsers.regularUser.password);
      610 |     await page.click('button[type="submit"]');
      611 |     await expect(page).toHaveURL(/\/dashboard/);
        at /Users/asithalakmal/Documents/web/final project/WeddingLK-next copy/tests/e2e/comprehensive-crud.spec.ts:608:16

    attachment #1: screenshot (image/png) ──────────────────────────────────────────────────────────
    ../../test-results/comprehensive-crud-🔔-Noti-e1c21-on-CRUD-Message-System-CRUD-chromium/test-failed-1.png
    ────────────────────────────────────────────────────────────────────────────────────────────────

    attachment #2: video (video/webm) ──────────────────────────────────────────────────────────────
    ../../test-results/comprehensive-crud-🔔-Noti-e1c21-on-CRUD-Message-System-CRUD-chromium/video.webm
    ────────────────────────────────────────────────────────────────────────────────────────────────

    Error Context: ../../test-results/comprehensive-crud-🔔-Noti-e1c21-on-CRUD-Message-System-CRUD-chromium/error-context.md
]]>
</failure>
<system-out>
<![CDATA[
[[ATTACHMENT|test-results/comprehensive-crud-🔔-Noti-e1c21-on-CRUD-Message-System-CRUD-chromium/test-failed-1.png]]

[[ATTACHMENT|test-results/comprehensive-crud-🔔-Noti-e1c21-on-CRUD-Message-System-CRUD-chromium/video.webm]]

[[ATTACHMENT|test-results/comprehensive-crud-🔔-Noti-e1c21-on-CRUD-Message-System-CRUD-chromium/error-context.md]]
]]>
</system-out>
</testcase>
<testcase name="🔄 Data Synchronization &amp; Cache CRUD › Data Cache Management" classname="comprehensive-crud.spec.ts" time="106.687">
<failure message="comprehensive-crud.spec.ts:633:7 Data Cache Management" type="FAILURE">
<![CDATA[  [chromium] › comprehensive-crud.spec.ts:633:7 › 🔄 Data Synchronization & Cache CRUD › Data Cache Management 

    TimeoutError: page.fill: Timeout 60000ms exceeded.
    Call log:
      - waiting for locator('input[name="email"]')


      634 |     // Login as admin
      635 |     await page.goto('/auth/signin');
    > 636 |     await page.fill('input[name="email"]', testUsers.admin.email);
          |                ^
      637 |     await page.fill('input[name="password"]', testUsers.admin.password);
      638 |     await page.click('button[type="submit"]');
      639 |     await expect(page).toHaveURL(/\/dashboard/);
        at /Users/asithalakmal/Documents/web/final project/WeddingLK-next copy/tests/e2e/comprehensive-crud.spec.ts:636:16

    attachment #1: screenshot (image/png) ──────────────────────────────────────────────────────────
    ../../test-results/comprehensive-crud-🔄-Data-ae5cf--CRUD-Data-Cache-Management-chromium/test-failed-1.png
    ────────────────────────────────────────────────────────────────────────────────────────────────

    attachment #2: video (video/webm) ──────────────────────────────────────────────────────────────
    ../../test-results/comprehensive-crud-🔄-Data-ae5cf--CRUD-Data-Cache-Management-chromium/video.webm
    ────────────────────────────────────────────────────────────────────────────────────────────────

    Error Context: ../../test-results/comprehensive-crud-🔄-Data-ae5cf--CRUD-Data-Cache-Management-chromium/error-context.md
]]>
</failure>
<system-out>
<![CDATA[
[[ATTACHMENT|test-results/comprehensive-crud-🔄-Data-ae5cf--CRUD-Data-Cache-Management-chromium/test-failed-1.png]]

[[ATTACHMENT|test-results/comprehensive-crud-🔄-Data-ae5cf--CRUD-Data-Cache-Management-chromium/video.webm]]

[[ATTACHMENT|test-results/comprehensive-crud-🔄-Data-ae5cf--CRUD-Data-Cache-Management-chromium/error-context.md]]
]]>
</system-out>
</testcase>
<testcase name="🛠️ System Administration CRUD › User Management Operations" classname="comprehensive-crud.spec.ts" time="80.34">
<failure message="comprehensive-crud.spec.ts:658:7 User Management Operations" type="FAILURE">
<![CDATA[  [chromium] › comprehensive-crud.spec.ts:658:7 › 🛠️ System Administration CRUD › User Management Operations 

    TimeoutError: page.fill: Timeout 60000ms exceeded.
    Call log:
      - waiting for locator('input[name="email"]')


      659 |     // Login as admin
      660 |     await page.goto('/auth/signin');
    > 661 |     await page.fill('input[name="email"]', testUsers.admin.email);
          |                ^
      662 |     await page.fill('input[name="password"]', testUsers.admin.password);
      663 |     await page.click('button[type="submit"]');
      664 |     await expect(page).toHaveURL(/\/dashboard/);
        at /Users/asithalakmal/Documents/web/final project/WeddingLK-next copy/tests/e2e/comprehensive-crud.spec.ts:661:16

    attachment #1: screenshot (image/png) ──────────────────────────────────────────────────────────
    ../../test-results/comprehensive-crud-🛠️-Sys-e1e93--User-Management-Operations-chromium/test-failed-1.png
    ────────────────────────────────────────────────────────────────────────────────────────────────

    attachment #2: video (video/webm) ──────────────────────────────────────────────────────────────
    ../../test-results/comprehensive-crud-🛠️-Sys-e1e93--User-Management-Operations-chromium/video.webm
    ────────────────────────────────────────────────────────────────────────────────────────────────

    Error Context: ../../test-results/comprehensive-crud-🛠️-Sys-e1e93--User-Management-Operations-chromium/error-context.md
]]>
</failure>
<system-out>
<![CDATA[
[[ATTACHMENT|test-results/comprehensive-crud-🛠️-Sys-e1e93--User-Management-Operations-chromium/test-failed-1.png]]

[[ATTACHMENT|test-results/comprehensive-crud-🛠️-Sys-e1e93--User-Management-Operations-chromium/video.webm]]

[[ATTACHMENT|test-results/comprehensive-crud-🛠️-Sys-e1e93--User-Management-Operations-chromium/error-context.md]]
]]>
</system-out>
</testcase>
<testcase name="🛠️ System Administration CRUD › System Settings Management" classname="comprehensive-crud.spec.ts" time="92.248">
<failure message="comprehensive-crud.spec.ts:686:7 System Settings Management" type="FAILURE">
<![CDATA[  [chromium] › comprehensive-crud.spec.ts:686:7 › 🛠️ System Administration CRUD › System Settings Management 

    TimeoutError: page.fill: Timeout 60000ms exceeded.
    Call log:
      - waiting for locator('input[name="email"]')


      687 |     // Login as admin
      688 |     await page.goto('/auth/signin');
    > 689 |     await page.fill('input[name="email"]', testUsers.admin.email);
          |                ^
      690 |     await page.fill('input[name="password"]', testUsers.admin.password);
      691 |     await page.click('button[type="submit"]');
      692 |     await expect(page).toHaveURL(/\/dashboard/);
        at /Users/asithalakmal/Documents/web/final project/WeddingLK-next copy/tests/e2e/comprehensive-crud.spec.ts:689:16

    attachment #1: screenshot (image/png) ──────────────────────────────────────────────────────────
    ../../test-results/comprehensive-crud-🛠️-Sys-350da--System-Settings-Management-chromium/test-failed-1.png
    ────────────────────────────────────────────────────────────────────────────────────────────────

    attachment #2: video (video/webm) ──────────────────────────────────────────────────────────────
    ../../test-results/comprehensive-crud-🛠️-Sys-350da--System-Settings-Management-chromium/video.webm
    ────────────────────────────────────────────────────────────────────────────────────────────────

    Error Context: ../../test-results/comprehensive-crud-🛠️-Sys-350da--System-Settings-Management-chromium/error-context.md
]]>
</failure>
<system-out>
<![CDATA[
[[ATTACHMENT|test-results/comprehensive-crud-🛠️-Sys-350da--System-Settings-Management-chromium/test-failed-1.png]]

[[ATTACHMENT|test-results/comprehensive-crud-🛠️-Sys-350da--System-Settings-Management-chromium/video.webm]]

[[ATTACHMENT|test-results/comprehensive-crud-🛠️-Sys-350da--System-Settings-Management-chromium/error-context.md]]
]]>
</system-out>
</testcase>
</testsuite>
<testsuite name="comprehensive-live-deployment.spec.ts" timestamp="2025-10-23T12:57:57.279Z" hostname="chromium" tests="14" failures="12" skipped="0" time="508.332" errors="0">
<testcase name="🚀 COMPREHENSIVE LIVE DEPLOYMENT TESTING › 🏠 HOMEPAGE - Complete Frontend Testing" classname="comprehensive-live-deployment.spec.ts" time="21.045">
<failure message="comprehensive-live-deployment.spec.ts:39:7 🏠 HOMEPAGE - Complete Frontend Testing" type="FAILURE">
<![CDATA[  [chromium] › comprehensive-live-deployment.spec.ts:39:7 › 🚀 COMPREHENSIVE LIVE DEPLOYMENT TESTING › 🏠 HOMEPAGE - Complete Frontend Testing 

    Error: expect(locator).toBeVisible() failed

    Locator: locator('text=Wedding.lk')
    Expected: visible
    Error: strict mode violation: locator('text=Wedding.lk') resolved to 3 elements:
        1) <span class="text-xl font-bold text-gray-900 dark:text-white">Wedding.lk</span> aka getByRole('banner').getByRole('link', { name: 'Wedding.lk' })
        2) <span class="text-xl font-bold text-white">Wedding.lk</span> aka getByRole('main').getByRole('link', { name: 'Wedding.lk' })
        3) <p>© 2024 Wedding.lk. All rights reserved.</p> aka getByText('© 2024 Wedding.lk. All rights')

    Call log:
      - Expect "toBeVisible" with timeout 30000ms
      - waiting for locator('text=Wedding.lk')


      41 |     
      42 |     // Test main navigation
    > 43 |     await expect(page.locator('text=Wedding.lk')).toBeVisible();
         |                                                   ^
      44 |     await expect(page.locator('nav a[href="/venues"]')).toBeVisible();
      45 |     await expect(page.locator('nav a[href="/vendors"]')).toBeVisible();
      46 |     await expect(page.locator('nav a[href="/feed"]')).toBeVisible();
        at /Users/asithalakmal/Documents/web/final project/WeddingLK-next copy/tests/e2e/comprehensive-live-deployment.spec.ts:43:51

    attachment #1: screenshot (image/png) ──────────────────────────────────────────────────────────
    ../../test-results/comprehensive-live-deploym-6fa0d---Complete-Frontend-Testing-chromium/test-failed-1.png
    ────────────────────────────────────────────────────────────────────────────────────────────────

    attachment #2: video (video/webm) ──────────────────────────────────────────────────────────────
    ../../test-results/comprehensive-live-deploym-6fa0d---Complete-Frontend-Testing-chromium/video.webm
    ────────────────────────────────────────────────────────────────────────────────────────────────

    Error Context: ../../test-results/comprehensive-live-deploym-6fa0d---Complete-Frontend-Testing-chromium/error-context.md
]]>
</failure>
<system-out>
<![CDATA[🏠 Testing Homepage Components...

[[ATTACHMENT|test-results/comprehensive-live-deploym-6fa0d---Complete-Frontend-Testing-chromium/test-failed-1.png]]

[[ATTACHMENT|test-results/comprehensive-live-deploym-6fa0d---Complete-Frontend-Testing-chromium/video.webm]]

[[ATTACHMENT|test-results/comprehensive-live-deploym-6fa0d---Complete-Frontend-Testing-chromium/error-context.md]]
]]>
</system-out>
</testcase>
<testcase name="🚀 COMPREHENSIVE LIVE DEPLOYMENT TESTING › 🔐 AUTHENTICATION - Complete Auth Flow Testing" classname="comprehensive-live-deployment.spec.ts" time="35.208">
<failure message="comprehensive-live-deployment.spec.ts:132:7 🔐 AUTHENTICATION - Complete Auth Flow Testing" type="FAILURE">
<![CDATA[  [chromium] › comprehensive-live-deployment.spec.ts:132:7 › 🚀 COMPREHENSIVE LIVE DEPLOYMENT TESTING › 🔐 AUTHENTICATION - Complete Auth Flow Testing 

    Test timeout of 30000ms exceeded.

    Error: expect(locator).toBeVisible() failed

    Locator: locator('h1:has-text("Sign In")')
    Expected: visible
    Error: element(s) not found

    Call log:
      - Expect "toBeVisible" with timeout 30000ms
      - waiting for locator('h1:has-text("Sign In")')


      137 |     await page.waitForLoadState('networkidle');
      138 |     
    > 139 |     await expect(page.locator('h1:has-text("Sign In")')).toBeVisible();
          |                                                          ^
      140 |     await expect(page.locator('input[name="email"]')).toBeVisible();
      141 |     await expect(page.locator('input[name="password"]')).toBeVisible();
      142 |     await expect(page.locator('button[type="submit"]')).toBeVisible();
        at /Users/asithalakmal/Documents/web/final project/WeddingLK-next copy/tests/e2e/comprehensive-live-deployment.spec.ts:139:58

    attachment #1: screenshot (image/png) ──────────────────────────────────────────────────────────
    ../../test-results/comprehensive-live-deploym-f8c4e--Complete-Auth-Flow-Testing-chromium/test-failed-1.png
    ────────────────────────────────────────────────────────────────────────────────────────────────

    attachment #2: video (video/webm) ──────────────────────────────────────────────────────────────
    ../../test-results/comprehensive-live-deploym-f8c4e--Complete-Auth-Flow-Testing-chromium/video.webm
    ────────────────────────────────────────────────────────────────────────────────────────────────

    Error Context: ../../test-results/comprehensive-live-deploym-f8c4e--Complete-Auth-Flow-Testing-chromium/error-context.md
]]>
</failure>
<system-out>
<![CDATA[🔐 Testing Authentication System...

[[ATTACHMENT|test-results/comprehensive-live-deploym-f8c4e--Complete-Auth-Flow-Testing-chromium/test-failed-1.png]]

[[ATTACHMENT|test-results/comprehensive-live-deploym-f8c4e--Complete-Auth-Flow-Testing-chromium/video.webm]]

[[ATTACHMENT|test-results/comprehensive-live-deploym-f8c4e--Complete-Auth-Flow-Testing-chromium/error-context.md]]
]]>
</system-out>
</testcase>
<testcase name="🚀 COMPREHENSIVE LIVE DEPLOYMENT TESTING › 🏢 VENUES - Complete Venue CRUD Testing" classname="comprehensive-live-deployment.spec.ts" time="33.279">
<failure message="comprehensive-live-deployment.spec.ts:161:7 🏢 VENUES - Complete Venue CRUD Testing" type="FAILURE">
<![CDATA[  [chromium] › comprehensive-live-deployment.spec.ts:161:7 › 🚀 COMPREHENSIVE LIVE DEPLOYMENT TESTING › 🏢 VENUES - Complete Venue CRUD Testing 

    Test timeout of 30000ms exceeded.

    Error: expect(locator).toBeVisible() failed

    Locator: locator('h1:has-text("Wedding Venues")')
    Expected: visible
    Error: element(s) not found

    Call log:
      - Expect "toBeVisible" with timeout 30000ms
      - waiting for locator('h1:has-text("Wedding Venues")')


      166 |     
      167 |     // Test venue listing page
    > 168 |     await expect(page.locator('h1:has-text("Wedding Venues")')).toBeVisible();
          |                                                                 ^
      169 |     
      170 |     // Test search functionality
      171 |     await expect(page.locator('input[placeholder*="Search venues"]')).toBeVisible();
        at /Users/asithalakmal/Documents/web/final project/WeddingLK-next copy/tests/e2e/comprehensive-live-deployment.spec.ts:168:65

    attachment #1: screenshot (image/png) ──────────────────────────────────────────────────────────
    ../../test-results/comprehensive-live-deploym-ef612-Complete-Venue-CRUD-Testing-chromium/test-failed-1.png
    ────────────────────────────────────────────────────────────────────────────────────────────────

    attachment #2: video (video/webm) ──────────────────────────────────────────────────────────────
    ../../test-results/comprehensive-live-deploym-ef612-Complete-Venue-CRUD-Testing-chromium/video.webm
    ────────────────────────────────────────────────────────────────────────────────────────────────

    Error Context: ../../test-results/comprehensive-live-deploym-ef612-Complete-Venue-CRUD-Testing-chromium/error-context.md
]]>
</failure>
<system-out>
<![CDATA[🏢 Testing Venues System...

[[ATTACHMENT|test-results/comprehensive-live-deploym-ef612-Complete-Venue-CRUD-Testing-chromium/test-failed-1.png]]

[[ATTACHMENT|test-results/comprehensive-live-deploym-ef612-Complete-Venue-CRUD-Testing-chromium/video.webm]]

[[ATTACHMENT|test-results/comprehensive-live-deploym-ef612-Complete-Venue-CRUD-Testing-chromium/error-context.md]]
]]>
</system-out>
</testcase>
<testcase name="🚀 COMPREHENSIVE LIVE DEPLOYMENT TESTING › 🏪 VENDORS - Complete Vendor CRUD Testing" classname="comprehensive-live-deployment.spec.ts" time="38">
<failure message="comprehensive-live-deployment.spec.ts:206:7 🏪 VENDORS - Complete Vendor CRUD Testing" type="FAILURE">
<![CDATA[  [chromium] › comprehensive-live-deployment.spec.ts:206:7 › 🚀 COMPREHENSIVE LIVE DEPLOYMENT TESTING › 🏪 VENDORS - Complete Vendor CRUD Testing 

    Test timeout of 30000ms exceeded.

    Error: expect(locator).toBeVisible() failed

    Locator: locator('h1:has-text("Wedding Vendors")')
    Expected: visible
    Error: element(s) not found

    Call log:
      - Expect "toBeVisible" with timeout 30000ms
      - waiting for locator('h1:has-text("Wedding Vendors")')


      211 |     
      212 |     // Test vendor listing page
    > 213 |     await expect(page.locator('h1:has-text("Wedding Vendors")')).toBeVisible();
          |                                                                  ^
      214 |     
      215 |     // Test search functionality
      216 |     await expect(page.locator('input[placeholder*="Search vendors"]')).toBeVisible();
        at /Users/asithalakmal/Documents/web/final project/WeddingLK-next copy/tests/e2e/comprehensive-live-deployment.spec.ts:213:66

    attachment #1: screenshot (image/png) ──────────────────────────────────────────────────────────
    ../../test-results/comprehensive-live-deploym-d944a-omplete-Vendor-CRUD-Testing-chromium/test-failed-1.png
    ────────────────────────────────────────────────────────────────────────────────────────────────

    attachment #2: video (video/webm) ──────────────────────────────────────────────────────────────
    ../../test-results/comprehensive-live-deploym-d944a-omplete-Vendor-CRUD-Testing-chromium/video.webm
    ────────────────────────────────────────────────────────────────────────────────────────────────

    Error Context: ../../test-results/comprehensive-live-deploym-d944a-omplete-Vendor-CRUD-Testing-chromium/error-context.md
]]>
</failure>
<system-out>
<![CDATA[🏪 Testing Vendors System...

[[ATTACHMENT|test-results/comprehensive-live-deploym-d944a-omplete-Vendor-CRUD-Testing-chromium/test-failed-1.png]]

[[ATTACHMENT|test-results/comprehensive-live-deploym-d944a-omplete-Vendor-CRUD-Testing-chromium/video.webm]]

[[ATTACHMENT|test-results/comprehensive-live-deploym-d944a-omplete-Vendor-CRUD-Testing-chromium/error-context.md]]
]]>
</system-out>
</testcase>
<testcase name="🚀 COMPREHENSIVE LIVE DEPLOYMENT TESTING › 📱 FEED - Complete Social Feed Testing" classname="comprehensive-live-deployment.spec.ts" time="35.272">
<failure message="comprehensive-live-deployment.spec.ts:251:7 📱 FEED - Complete Social Feed Testing" type="FAILURE">
<![CDATA[  [chromium] › comprehensive-live-deployment.spec.ts:251:7 › 🚀 COMPREHENSIVE LIVE DEPLOYMENT TESTING › 📱 FEED - Complete Social Feed Testing 

    Test timeout of 30000ms exceeded.

    Error: expect(locator).toBeVisible() failed

    Locator: locator('h1:has-text("Wedding Feed")')
    Expected: visible
    Error: element(s) not found

    Call log:
      - Expect "toBeVisible" with timeout 30000ms
      - waiting for locator('h1:has-text("Wedding Feed")')


      256 |     
      257 |     // Test feed page
    > 258 |     await expect(page.locator('h1:has-text("Wedding Feed")')).toBeVisible();
          |                                                               ^
      259 |     
      260 |     // Test feed filters
      261 |     const filters = ['All', 'Venues', 'Vendors', 'Planning', 'Inspiration'];
        at /Users/asithalakmal/Documents/web/final project/WeddingLK-next copy/tests/e2e/comprehensive-live-deployment.spec.ts:258:63

    attachment #1: screenshot (image/png) ──────────────────────────────────────────────────────────
    ../../test-results/comprehensive-live-deploym-b9f37-omplete-Social-Feed-Testing-chromium/test-failed-1.png
    ────────────────────────────────────────────────────────────────────────────────────────────────

    attachment #2: video (video/webm) ──────────────────────────────────────────────────────────────
    ../../test-results/comprehensive-live-deploym-b9f37-omplete-Social-Feed-Testing-chromium/video.webm
    ────────────────────────────────────────────────────────────────────────────────────────────────

    Error Context: ../../test-results/comprehensive-live-deploym-b9f37-omplete-Social-Feed-Testing-chromium/error-context.md
]]>
</failure>
<system-out>
<![CDATA[📱 Testing Social Feed System...

[[ATTACHMENT|test-results/comprehensive-live-deploym-b9f37-omplete-Social-Feed-Testing-chromium/test-failed-1.png]]

[[ATTACHMENT|test-results/comprehensive-live-deploym-b9f37-omplete-Social-Feed-Testing-chromium/video.webm]]

[[ATTACHMENT|test-results/comprehensive-live-deploym-b9f37-omplete-Social-Feed-Testing-chromium/error-context.md]]
]]>
</system-out>
</testcase>
<testcase name="🚀 COMPREHENSIVE LIVE DEPLOYMENT TESTING › 🖼️ GALLERY - Complete Gallery Testing" classname="comprehensive-live-deployment.spec.ts" time="16.148">
<failure message="comprehensive-live-deployment.spec.ts:295:7 🖼️ GALLERY - Complete Gallery Testing" type="FAILURE">
<![CDATA[  [chromium] › comprehensive-live-deployment.spec.ts:295:7 › 🚀 COMPREHENSIVE LIVE DEPLOYMENT TESTING › 🖼️ GALLERY - Complete Gallery Testing 

    Error: expect(locator).toBeVisible() failed

    Locator: locator('button:has-text("All")')
    Expected: visible
    Error: strict mode violation: locator('button:has-text("All")') resolved to 3 elements:
        1) <button dir="ltr" type="button" role="combobox" data-state="closed" aria-expanded="false" aria-autocomplete="none" aria-controls="radix-«r3»" class="flex h-10 items-center justify-between rounded-md border border-input bg-background px-3 py-2 text-sm ring-offset-background placeholder:text-muted-foreground focus:outline-none focus:ring-2 focus:ring-ring focus:ring-offset-2 disabled:cursor-not-allowed disabled:opacity-50 [&>span]:line-clamp-1 w-[200px]">…</button> aka getByRole('combobox').filter({ hasText: 'All Photos0' })
        2) <button dir="ltr" type="button" role="combobox" data-state="closed" aria-expanded="false" aria-autocomplete="none" aria-controls="radix-«r4»" class="flex h-10 items-center justify-between rounded-md border border-input bg-background px-3 py-2 text-sm ring-offset-background placeholder:text-muted-foreground focus:outline-none focus:ring-2 focus:ring-ring focus:ring-offset-2 disabled:cursor-not-allowed disabled:opacity-50 [&>span]:line-clamp-1 w-[200px]">…</button> aka getByRole('combobox').filter({ hasText: 'All Venues' })
        3) <button tabindex="0" class="px-4 py-2 rounded-full text-sm font-medium transition-all duration-200 bg-rose-500 text-white shadow-lg">…</button> aka getByRole('button', { name: 'All Photos' })

    Call log:
      - Expect "toBeVisible" with timeout 30000ms
      - waiting for locator('button:has-text("All")')


      305 |     const categories = ['All', 'Venues', 'Decorations', 'Photography', 'Catering'];
      306 |     for (const category of categories) {
    > 307 |       await expect(page.locator(`button:has-text("${category}")`)).toBeVisible();
          |                                                                    ^
      308 |     }
      309 |     
      310 |     // Test gallery images
        at /Users/asithalakmal/Documents/web/final project/WeddingLK-next copy/tests/e2e/comprehensive-live-deployment.spec.ts:307:68

    attachment #1: screenshot (image/png) ──────────────────────────────────────────────────────────
    ../../test-results/comprehensive-live-deploym-caa8a----Complete-Gallery-Testing-chromium/test-failed-1.png
    ────────────────────────────────────────────────────────────────────────────────────────────────

    attachment #2: video (video/webm) ──────────────────────────────────────────────────────────────
    ../../test-results/comprehensive-live-deploym-caa8a----Complete-Gallery-Testing-chromium/video.webm
    ────────────────────────────────────────────────────────────────────────────────────────────────

    Error Context: ../../test-results/comprehensive-live-deploym-caa8a----Complete-Gallery-Testing-chromium/error-context.md
]]>
</failure>
<system-out>
<![CDATA[🖼️ Testing Gallery System...

[[ATTACHMENT|test-results/comprehensive-live-deploym-caa8a----Complete-Gallery-Testing-chromium/test-failed-1.png]]

[[ATTACHMENT|test-results/comprehensive-live-deploym-caa8a----Complete-Gallery-Testing-chromium/video.webm]]

[[ATTACHMENT|test-results/comprehensive-live-deploym-caa8a----Complete-Gallery-Testing-chromium/error-context.md]]
]]>
</system-out>
</testcase>
<testcase name="🚀 COMPREHENSIVE LIVE DEPLOYMENT TESTING › 📊 DASHBOARD - Complete Dashboard Testing" classname="comprehensive-live-deployment.spec.ts" time="33.04">
<failure message="comprehensive-live-deployment.spec.ts:329:7 📊 DASHBOARD - Complete Dashboard Testing" type="FAILURE">
<![CDATA[  [chromium] › comprehensive-live-deployment.spec.ts:329:7 › 🚀 COMPREHENSIVE LIVE DEPLOYMENT TESTING › 📊 DASHBOARD - Complete Dashboard Testing 

    Test timeout of 30000ms exceeded.

    Error: expect(locator).toBeVisible() failed

    Locator: locator('input[name="email"]')
    Expected: visible
    Error: element(s) not found

    Call log:
      - Expect "toBeVisible" with timeout 30000ms
      - waiting for locator('input[name="email"]')


      340 |       
      341 |       // Test login form
    > 342 |       await expect(page.locator('input[name="email"]')).toBeVisible();
          |                                                         ^
      343 |       await expect(page.locator('input[name="password"]')).toBeVisible();
      344 |       
      345 |       // Fill in test credentials
        at /Users/asithalakmal/Documents/web/final project/WeddingLK-next copy/tests/e2e/comprehensive-live-deployment.spec.ts:342:57

    attachment #1: screenshot (image/png) ──────────────────────────────────────────────────────────
    ../../test-results/comprehensive-live-deploym-06825--Complete-Dashboard-Testing-chromium/test-failed-1.png
    ────────────────────────────────────────────────────────────────────────────────────────────────

    attachment #2: video (video/webm) ──────────────────────────────────────────────────────────────
    ../../test-results/comprehensive-live-deploym-06825--Complete-Dashboard-Testing-chromium/video.webm
    ────────────────────────────────────────────────────────────────────────────────────────────────

    Error Context: ../../test-results/comprehensive-live-deploym-06825--Complete-Dashboard-Testing-chromium/error-context.md
]]>
</failure>
<system-out>
<![CDATA[📊 Testing Dashboard System...
✅ Dashboard correctly redirects to login when not authenticated

[[ATTACHMENT|test-results/comprehensive-live-deploym-06825--Complete-Dashboard-Testing-chromium/test-failed-1.png]]

[[ATTACHMENT|test-results/comprehensive-live-deploym-06825--Complete-Dashboard-Testing-chromium/video.webm]]

[[ATTACHMENT|test-results/comprehensive-live-deploym-06825--Complete-Dashboard-Testing-chromium/error-context.md]]
]]>
</system-out>
</testcase>
<testcase name="🚀 COMPREHENSIVE LIVE DEPLOYMENT TESTING › 🔧 API ENDPOINTS - Complete API Testing" classname="comprehensive-live-deployment.spec.ts" time="31.633">
<failure message="comprehensive-live-deployment.spec.ts:388:7 🔧 API ENDPOINTS - Complete API Testing" type="FAILURE">
<![CDATA[  [chromium] › comprehensive-live-deployment.spec.ts:388:7 › 🚀 COMPREHENSIVE LIVE DEPLOYMENT TESTING › 🔧 API ENDPOINTS - Complete API Testing 

    Test timeout of 30000ms exceeded.

    Error: apiRequestContext.get: Target page, context or browser has been closed
    Call log:
      - → GET https://wedding-lk.vercel.app/api/health
        - user-agent: Mozilla/5.0 (Windows NT 10.0; Win64; x64) AppleWebKit/537.36 (KHTML, like Gecko) Chrome/141.0.7390.37 Safari/537.36
        - accept: */*
        - accept-encoding: gzip,deflate,br


      390 |     
      391 |     // Test health endpoint
    > 392 |     const healthResponse = await page.request.get(`${BASE_URL}/api/health`);
          |                                               ^
      393 |     expect(healthResponse.status()).toBe(200);
      394 |     
      395 |     // Test venues API
        at /Users/asithalakmal/Documents/web/final project/WeddingLK-next copy/tests/e2e/comprehensive-live-deployment.spec.ts:392:47

    attachment #1: screenshot (image/png) ──────────────────────────────────────────────────────────
    ../../test-results/comprehensive-live-deploym-3e5dc-INTS---Complete-API-Testing-chromium/test-failed-1.png
    ────────────────────────────────────────────────────────────────────────────────────────────────

    attachment #2: video (video/webm) ──────────────────────────────────────────────────────────────
    ../../test-results/comprehensive-live-deploym-3e5dc-INTS---Complete-API-Testing-chromium/video.webm
    ────────────────────────────────────────────────────────────────────────────────────────────────

    Error Context: ../../test-results/comprehensive-live-deploym-3e5dc-INTS---Complete-API-Testing-chromium/error-context.md
]]>
</failure>
<system-out>
<![CDATA[🔧 Testing API Endpoints...

[[ATTACHMENT|test-results/comprehensive-live-deploym-3e5dc-INTS---Complete-API-Testing-chromium/test-failed-1.png]]

[[ATTACHMENT|test-results/comprehensive-live-deploym-3e5dc-INTS---Complete-API-Testing-chromium/video.webm]]

[[ATTACHMENT|test-results/comprehensive-live-deploym-3e5dc-INTS---Complete-API-Testing-chromium/error-context.md]]
]]>
</system-out>
</testcase>
<testcase name="🚀 COMPREHENSIVE LIVE DEPLOYMENT TESTING › 📱 RESPONSIVE DESIGN - Complete Mobile Testing" classname="comprehensive-live-deployment.spec.ts" time="31.133">
<failure message="comprehensive-live-deployment.spec.ts:414:7 📱 RESPONSIVE DESIGN - Complete Mobile Testing" type="FAILURE">
<![CDATA[  [chromium] › comprehensive-live-deployment.spec.ts:414:7 › 🚀 COMPREHENSIVE LIVE DEPLOYMENT TESTING › 📱 RESPONSIVE DESIGN - Complete Mobile Testing 

    Test timeout of 30000ms exceeded.

    Error: expect(locator).toBeVisible() failed

    Locator: locator('button[aria-label="Open menu"], button:has-text("Menu")')
    Expected: visible
    Error: element(s) not found

    Call log:
      - Expect "toBeVisible" with timeout 30000ms
      - waiting for locator('button[aria-label="Open menu"], button:has-text("Menu")')


      421 |     
      422 |     // Test mobile navigation
    > 423 |     await expect(page.locator('button[aria-label="Open menu"], button:has-text("Menu")')).toBeVisible();
          |                                                                                           ^
      424 |     
      425 |     // Test mobile menu
      426 |     const menuButton = page.locator('button[aria-label="Open menu"], button:has-text("Menu")');
        at /Users/asithalakmal/Documents/web/final project/WeddingLK-next copy/tests/e2e/comprehensive-live-deployment.spec.ts:423:91

    attachment #1: screenshot (image/png) ──────────────────────────────────────────────────────────
    ../../test-results/comprehensive-live-deploym-279a2-N---Complete-Mobile-Testing-chromium/test-failed-1.png
    ────────────────────────────────────────────────────────────────────────────────────────────────

    attachment #2: video (video/webm) ──────────────────────────────────────────────────────────────
    ../../test-results/comprehensive-live-deploym-279a2-N---Complete-Mobile-Testing-chromium/video.webm
    ────────────────────────────────────────────────────────────────────────────────────────────────

    Error Context: ../../test-results/comprehensive-live-deploym-279a2-N---Complete-Mobile-Testing-chromium/error-context.md
]]>
</failure>
<system-out>
<![CDATA[📱 Testing Responsive Design...

[[ATTACHMENT|test-results/comprehensive-live-deploym-279a2-N---Complete-Mobile-Testing-chromium/test-failed-1.png]]

[[ATTACHMENT|test-results/comprehensive-live-deploym-279a2-N---Complete-Mobile-Testing-chromium/video.webm]]

[[ATTACHMENT|test-results/comprehensive-live-deploym-279a2-N---Complete-Mobile-Testing-chromium/error-context.md]]
]]>
</system-out>
</testcase>
<testcase name="🚀 COMPREHENSIVE LIVE DEPLOYMENT TESTING › 🎨 UI COMPONENTS - Complete Component Testing" classname="comprehensive-live-deployment.spec.ts" time="28.592">
<system-out>
<![CDATA[🎨 Testing UI Components...
Found 28 buttons
Found 3 input fields
Found 18 links
Found 0 images
✅ UI components testing completed successfully
]]>
</system-out>
</testcase>
<testcase name="🚀 COMPREHENSIVE LIVE DEPLOYMENT TESTING › ⚡ PERFORMANCE - Complete Performance Testing" classname="comprehensive-live-deployment.spec.ts" time="28.506">
<system-out>
<![CDATA[⚡ Testing Performance...
Page load time: 4560ms
✅ Performance testing completed successfully
]]>
</system-out>
</testcase>
<testcase name="🚀 COMPREHENSIVE LIVE DEPLOYMENT TESTING › 🔍 ERROR HANDLING - Complete Error Testing" classname="comprehensive-live-deployment.spec.ts" time="31.465">
<failure message="comprehensive-live-deployment.spec.ts:513:7 🔍 ERROR HANDLING - Complete Error Testing" type="FAILURE">
<![CDATA[  [chromium] › comprehensive-live-deployment.spec.ts:513:7 › 🚀 COMPREHENSIVE LIVE DEPLOYMENT TESTING › 🔍 ERROR HANDLING - Complete Error Testing 

    Test timeout of 30000ms exceeded.

    Error: page.click: Test timeout of 30000ms exceeded.
    Call log:
      - waiting for locator('button[type="submit"]')


      530 |     // Test form validation
      531 |     await page.goto(`${BASE_URL}/auth/signup`);
    > 532 |     await page.click('button[type="submit"]');
          |                ^
      533 |     
      534 |     // Check for validation errors
      535 |     const validationErrors = page.locator('text=required, text=invalid, text=error');
        at /Users/asithalakmal/Documents/web/final project/WeddingLK-next copy/tests/e2e/comprehensive-live-deployment.spec.ts:532:16

    attachment #1: screenshot (image/png) ──────────────────────────────────────────────────────────
    ../../test-results/comprehensive-live-deploym-608d6-NG---Complete-Error-Testing-chromium/test-failed-1.png
    ────────────────────────────────────────────────────────────────────────────────────────────────

    attachment #2: video (video/webm) ──────────────────────────────────────────────────────────────
    ../../test-results/comprehensive-live-deploym-608d6-NG---Complete-Error-Testing-chromium/video.webm
    ────────────────────────────────────────────────────────────────────────────────────────────────

    Error Context: ../../test-results/comprehensive-live-deploym-608d6-NG---Complete-Error-Testing-chromium/error-context.md
]]>
</failure>
<system-out>
<![CDATA[🔍 Testing Error Handling...

[[ATTACHMENT|test-results/comprehensive-live-deploym-608d6-NG---Complete-Error-Testing-chromium/test-failed-1.png]]

[[ATTACHMENT|test-results/comprehensive-live-deploym-608d6-NG---Complete-Error-Testing-chromium/video.webm]]

[[ATTACHMENT|test-results/comprehensive-live-deploym-608d6-NG---Complete-Error-Testing-chromium/error-context.md]]
]]>
</system-out>
</testcase>
<testcase name="🚀 COMPREHENSIVE LIVE DEPLOYMENT TESTING › 🎯 FINAL INTEGRATION - Complete System Integration" classname="comprehensive-live-deployment.spec.ts" time="30.935">
<failure message="comprehensive-live-deployment.spec.ts:544:7 🎯 FINAL INTEGRATION - Complete System Integration" type="FAILURE">
<![CDATA[  [chromium] › comprehensive-live-deployment.spec.ts:544:7 › 🚀 COMPREHENSIVE LIVE DEPLOYMENT TESTING › 🎯 FINAL INTEGRATION - Complete System Integration 

    Test timeout of 30000ms exceeded.

    Error: page.goto: Target page, context or browser has been closed

      554 |     for (const section of mainSections) {
      555 |       console.log(`Testing section: ${section}`);
    > 556 |       await page.goto(`${BASE_URL}${section}`);
          |                  ^
      557 |       await page.waitForLoadState('networkidle');
      558 |       
      559 |       // Verify page loaded successfully
        at /Users/asithalakmal/Documents/web/final project/WeddingLK-next copy/tests/e2e/comprehensive-live-deployment.spec.ts:556:18

    attachment #1: screenshot (image/png) ──────────────────────────────────────────────────────────
    ../../test-results/comprehensive-live-deploym-c7c0a-Complete-System-Integration-chromium/test-failed-1.png
    ────────────────────────────────────────────────────────────────────────────────────────────────

    attachment #2: video (video/webm) ──────────────────────────────────────────────────────────────
    ../../test-results/comprehensive-live-deploym-c7c0a-Complete-System-Integration-chromium/video.webm
    ────────────────────────────────────────────────────────────────────────────────────────────────

    Error Context: ../../test-results/comprehensive-live-deploym-c7c0a-Complete-System-Integration-chromium/error-context.md
]]>
</failure>
<system-out>
<![CDATA[🎯 Testing Complete System Integration...
Testing section: /venues
Testing section: /vendors
Testing section: /feed
Testing section: /gallery
Testing section: /about

[[ATTACHMENT|test-results/comprehensive-live-deploym-c7c0a-Complete-System-Integration-chromium/test-failed-1.png]]

[[ATTACHMENT|test-results/comprehensive-live-deploym-c7c0a-Complete-System-Integration-chromium/video.webm]]

[[ATTACHMENT|test-results/comprehensive-live-deploym-c7c0a-Complete-System-Integration-chromium/error-context.md]]
]]>
</system-out>
</testcase>
<testcase name="🚀 LIVE DEPLOYMENT STRESS TESTING › ⚡ STRESS TEST - Multiple Concurrent Operations" classname="comprehensive-live-deployment.spec.ts" time="114.076">
<failure message="comprehensive-live-deployment.spec.ts:584:7 ⚡ STRESS TEST - Multiple Concurrent Operations" type="FAILURE">
<![CDATA[  [chromium] › comprehensive-live-deployment.spec.ts:584:7 › 🚀 LIVE DEPLOYMENT STRESS TESTING › ⚡ STRESS TEST - Multiple Concurrent Operations 

    TimeoutError: apiRequestContext.get: Timeout 60000ms exceeded.
    Call log:
      - → GET https://wedding-lk.vercel.app/api/health
        - user-agent: Mozilla/5.0 (Windows NT 10.0; Win64; x64) AppleWebKit/537.36 (KHTML, like Gecko) Chrome/141.0.7390.37 Safari/537.36
        - accept: */*
        - accept-encoding: gzip,deflate,br


      598 |     // Test rapid API calls
      599 |     const apiCalls = [
    > 600 |       page.request.get(`${BASE_URL}/api/health`),
          |                    ^
      601 |       page.request.get(`${BASE_URL}/api/venues`),
      602 |       page.request.get(`${BASE_URL}/api/vendors`),
      603 |       page.request.get(`${BASE_URL}/api/posts`)
        at /Users/asithalakmal/Documents/web/final project/WeddingLK-next copy/tests/e2e/comprehensive-live-deployment.spec.ts:600:20

    attachment #1: screenshot (image/png) ──────────────────────────────────────────────────────────
    ../../test-results/comprehensive-live-deploym-5eba8-tiple-Concurrent-Operations-chromium/test-failed-1.png
    ────────────────────────────────────────────────────────────────────────────────────────────────

    attachment #2: video (video/webm) ──────────────────────────────────────────────────────────────
    ../../test-results/comprehensive-live-deploym-5eba8-tiple-Concurrent-Operations-chromium/video.webm
    ────────────────────────────────────────────────────────────────────────────────────────────────

    Error Context: ../../test-results/comprehensive-live-deploym-5eba8-tiple-Concurrent-Operations-chromium/error-context.md
]]>
</failure>
<system-out>
<![CDATA[⚡ Running Stress Tests...

[[ATTACHMENT|test-results/comprehensive-live-deploym-5eba8-tiple-Concurrent-Operations-chromium/test-failed-1.png]]

[[ATTACHMENT|test-results/comprehensive-live-deploym-5eba8-tiple-Concurrent-Operations-chromium/video.webm]]

[[ATTACHMENT|test-results/comprehensive-live-deploym-5eba8-tiple-Concurrent-Operations-chromium/error-context.md]]
]]>
</system-out>
</testcase>
</testsuite>
<testsuite name="payment.spec.ts" timestamp="2025-10-23T12:57:57.279Z" hostname="chromium" tests="7" failures="7" skipped="0" time="490.428" errors="0">
<testcase name="Payment System › Stripe payment integration with mock" classname="payment.spec.ts" time="77.742">
<failure message="payment.spec.ts:5:7 Stripe payment integration with mock" type="FAILURE">
<![CDATA[  [chromium] › payment.spec.ts:5:7 › Payment System › Stripe payment integration with mock ─────────

    TimeoutError: page.fill: Timeout 60000ms exceeded.
    Call log:
      - waiting for locator('input[name="customerName"]')


      13 |     
      14 |     // Fill checkout form
    > 15 |     await page.fill('input[name="customerName"]', customer.name);
         |                ^
      16 |     await page.fill('input[name="customerEmail"]', customer.email);
      17 |     await page.fill('input[name="customerPhone"]', customer.phone);
      18 |     await page.fill('input[name="billingAddress"]', faker.location.streetAddress());
        at /Users/asithalakmal/Documents/web/final project/WeddingLK-next copy/tests/e2e/payment.spec.ts:15:16

    attachment #1: screenshot (image/png) ──────────────────────────────────────────────────────────
    ../../test-results/payment-Payment-System-Stripe-payment-integration-with-mock-chromium/test-failed-1.png
    ────────────────────────────────────────────────────────────────────────────────────────────────

    attachment #2: video (video/webm) ──────────────────────────────────────────────────────────────
    ../../test-results/payment-Payment-System-Stripe-payment-integration-with-mock-chromium/video.webm
    ────────────────────────────────────────────────────────────────────────────────────────────────

    Error Context: ../../test-results/payment-Payment-System-Stripe-payment-integration-with-mock-chromium/error-context.md
]]>
</failure>
<system-out>
<![CDATA[
[[ATTACHMENT|test-results/payment-Payment-System-Stripe-payment-integration-with-mock-chromium/test-failed-1.png]]

[[ATTACHMENT|test-results/payment-Payment-System-Stripe-payment-integration-with-mock-chromium/video.webm]]

[[ATTACHMENT|test-results/payment-Payment-System-Stripe-payment-integration-with-mock-chromium/error-context.md]]
]]>
</system-out>
</testcase>
<testcase name="Payment System › PayHere payment integration" classname="payment.spec.ts" time="81.059">
<failure message="payment.spec.ts:62:7 PayHere payment integration" type="FAILURE">
<![CDATA[  [chromium] › payment.spec.ts:62:7 › Payment System › PayHere payment integration ─────────────────

    TimeoutError: page.click: Timeout 60000ms exceeded.
    Call log:
      - waiting for locator('input[name="paymentMethod"][value="payhere"]')


      64 |     
      65 |     // Select PayHere payment method
    > 66 |     await page.click('input[name="paymentMethod"][value="payhere"]');
         |                ^
      67 |     
      68 |     // Mock PayHere payment
      69 |     await page.route('**/api/payments/payhere/create', route => {
        at /Users/asithalakmal/Documents/web/final project/WeddingLK-next copy/tests/e2e/payment.spec.ts:66:16

    attachment #1: screenshot (image/png) ──────────────────────────────────────────────────────────
    ../../test-results/payment-Payment-System-PayHere-payment-integration-chromium/test-failed-1.png
    ────────────────────────────────────────────────────────────────────────────────────────────────

    attachment #2: video (video/webm) ──────────────────────────────────────────────────────────────
    ../../test-results/payment-Payment-System-PayHere-payment-integration-chromium/video.webm
    ────────────────────────────────────────────────────────────────────────────────────────────────

    Error Context: ../../test-results/payment-Payment-System-PayHere-payment-integration-chromium/error-context.md
]]>
</failure>
<system-out>
<![CDATA[
[[ATTACHMENT|test-results/payment-Payment-System-PayHere-payment-integration-chromium/test-failed-1.png]]

[[ATTACHMENT|test-results/payment-Payment-System-PayHere-payment-integration-chromium/video.webm]]

[[ATTACHMENT|test-results/payment-Payment-System-PayHere-payment-integration-chromium/error-context.md]]
]]>
</system-out>
</testcase>
<testcase name="Payment System › Payment failure handling" classname="payment.spec.ts" time="85.83">
<failure message="payment.spec.ts:101:7 Payment failure handling" type="FAILURE">
<![CDATA[  [chromium] › payment.spec.ts:101:7 › Payment System › Payment failure handling ───────────────────

    TimeoutError: page.fill: Timeout 60000ms exceeded.
    Call log:
      - waiting for locator('input[name="cardNumber"]')


      114 |     });
      115 |
    > 116 |     await page.fill('input[name="cardNumber"]', '4000000000000002'); // Declined card
          |                ^
      117 |     await page.fill('input[name="expiryDate"]', '12/25');
      118 |     await page.fill('input[name="cvv"]', '123');
      119 |     
        at /Users/asithalakmal/Documents/web/final project/WeddingLK-next copy/tests/e2e/payment.spec.ts:116:16

    attachment #1: screenshot (image/png) ──────────────────────────────────────────────────────────
    ../../test-results/payment-Payment-System-Payment-failure-handling-chromium/test-failed-1.png
    ────────────────────────────────────────────────────────────────────────────────────────────────

    attachment #2: video (video/webm) ──────────────────────────────────────────────────────────────
    ../../test-results/payment-Payment-System-Payment-failure-handling-chromium/video.webm
    ────────────────────────────────────────────────────────────────────────────────────────────────

    Error Context: ../../test-results/payment-Payment-System-Payment-failure-handling-chromium/error-context.md
]]>
</failure>
<system-out>
<![CDATA[
[[ATTACHMENT|test-results/payment-Payment-System-Payment-failure-handling-chromium/test-failed-1.png]]

[[ATTACHMENT|test-results/payment-Payment-System-Payment-failure-handling-chromium/video.webm]]

[[ATTACHMENT|test-results/payment-Payment-System-Payment-failure-handling-chromium/error-context.md]]
]]>
</system-out>
</testcase>
<testcase name="Payment System › Payment refund processing" classname="payment.spec.ts" time="78.611">
<failure message="payment.spec.ts:126:7 Payment refund processing" type="FAILURE">
<![CDATA[  [chromium] › payment.spec.ts:126:7 › Payment System › Payment refund processing ──────────────────

    TimeoutError: page.fill: Timeout 60000ms exceeded.
    Call log:
      - waiting for locator('input[name="email"]')


      127 |     // Login as admin
      128 |     await page.goto('/auth/signin');
    > 129 |     await page.fill('input[name="email"]', process.env.TEST_ADMIN_EMAIL || 'admin@test.local');
          |                ^
      130 |     await page.fill('input[name="password"]', process.env.TEST_ADMIN_PASSWORD || 'AdminPass123!');
      131 |     await page.click('button[type="submit"]');
      132 |     await expect(page).toHaveURL(/\/dashboard/);
        at /Users/asithalakmal/Documents/web/final project/WeddingLK-next copy/tests/e2e/payment.spec.ts:129:16

    attachment #1: screenshot (image/png) ──────────────────────────────────────────────────────────
    ../../test-results/payment-Payment-System-Payment-refund-processing-chromium/test-failed-1.png
    ────────────────────────────────────────────────────────────────────────────────────────────────

    attachment #2: video (video/webm) ──────────────────────────────────────────────────────────────
    ../../test-results/payment-Payment-System-Payment-refund-processing-chromium/video.webm
    ────────────────────────────────────────────────────────────────────────────────────────────────

    Error Context: ../../test-results/payment-Payment-System-Payment-refund-processing-chromium/error-context.md
]]>
</failure>
<system-out>
<![CDATA[
[[ATTACHMENT|test-results/payment-Payment-System-Payment-refund-processing-chromium/test-failed-1.png]]

[[ATTACHMENT|test-results/payment-Payment-System-Payment-refund-processing-chromium/video.webm]]

[[ATTACHMENT|test-results/payment-Payment-System-Payment-refund-processing-chromium/error-context.md]]
]]>
</system-out>
</testcase>
<testcase name="Payment System › Payment history and analytics" classname="payment.spec.ts" time="79.451">
<failure message="payment.spec.ts:173:7 Payment history and analytics" type="FAILURE">
<![CDATA[  [chromium] › payment.spec.ts:173:7 › Payment System › Payment history and analytics ──────────────

    TimeoutError: page.fill: Timeout 60000ms exceeded.
    Call log:
      - waiting for locator('input[name="email"]')


      174 |     // Login as customer
      175 |     await page.goto('/auth/signin');
    > 176 |     await page.fill('input[name="email"]', process.env.TEST_CUSTOMER_EMAIL || 'customer@test.local');
          |                ^
      177 |     await page.fill('input[name="password"]', process.env.TEST_CUSTOMER_PASSWORD || 'CustomerPass123!');
      178 |     await page.click('button[type="submit"]');
      179 |     await expect(page).toHaveURL(/\/dashboard/);
        at /Users/asithalakmal/Documents/web/final project/WeddingLK-next copy/tests/e2e/payment.spec.ts:176:16

    attachment #1: screenshot (image/png) ──────────────────────────────────────────────────────────
    ../../test-results/payment-Payment-System-Payment-history-and-analytics-chromium/test-failed-1.png
    ────────────────────────────────────────────────────────────────────────────────────────────────

    attachment #2: video (video/webm) ──────────────────────────────────────────────────────────────
    ../../test-results/payment-Payment-System-Payment-history-and-analytics-chromium/video.webm
    ────────────────────────────────────────────────────────────────────────────────────────────────

    Error Context: ../../test-results/payment-Payment-System-Payment-history-and-analytics-chromium/error-context.md
]]>
</failure>
<system-out>
<![CDATA[
[[ATTACHMENT|test-results/payment-Payment-System-Payment-history-and-analytics-chromium/test-failed-1.png]]

[[ATTACHMENT|test-results/payment-Payment-System-Payment-history-and-analytics-chromium/video.webm]]

[[ATTACHMENT|test-results/payment-Payment-System-Payment-history-and-analytics-chromium/error-context.md]]
]]>
</system-out>
</testcase>
<testcase name="Payment System › Subscription payment management" classname="payment.spec.ts" time="85.158">
<failure message="payment.spec.ts:195:7 Subscription payment management" type="FAILURE">
<![CDATA[  [chromium] › payment.spec.ts:195:7 › Payment System › Subscription payment management ────────────

    TimeoutError: page.fill: Timeout 60000ms exceeded.
    Call log:
      - waiting for locator('input[name="email"]')


      196 |     // Login as vendor
      197 |     await page.goto('/auth/signin');
    > 198 |     await page.fill('input[name="email"]', process.env.TEST_VENDOR_EMAIL || 'vendor@test.local');
          |                ^
      199 |     await page.fill('input[name="password"]', process.env.TEST_VENDOR_PASSWORD || 'VendorPass123!');
      200 |     await page.click('button[type="submit"]');
      201 |     await expect(page).toHaveURL(/\/dashboard/);
        at /Users/asithalakmal/Documents/web/final project/WeddingLK-next copy/tests/e2e/payment.spec.ts:198:16

    attachment #1: screenshot (image/png) ──────────────────────────────────────────────────────────
    ../../test-results/payment-Payment-System-Subscription-payment-management-chromium/test-failed-1.png
    ────────────────────────────────────────────────────────────────────────────────────────────────

    attachment #2: video (video/webm) ──────────────────────────────────────────────────────────────
    ../../test-results/payment-Payment-System-Subscription-payment-management-chromium/video.webm
    ────────────────────────────────────────────────────────────────────────────────────────────────

    Error Context: ../../test-results/payment-Payment-System-Subscription-payment-management-chromium/error-context.md
]]>
</failure>
<system-out>
<![CDATA[
[[ATTACHMENT|test-results/payment-Payment-System-Subscription-payment-management-chromium/test-failed-1.png]]

[[ATTACHMENT|test-results/payment-Payment-System-Subscription-payment-management-chromium/video.webm]]

[[ATTACHMENT|test-results/payment-Payment-System-Subscription-payment-management-chromium/error-context.md]]
]]>
</system-out>
</testcase>
<testcase name="Payment System › Payment webhook handling" classname="payment.spec.ts" time="2.577">
<failure message="payment.spec.ts:231:7 Payment webhook handling" type="FAILURE">
<![CDATA[  [chromium] › payment.spec.ts:231:7 › Payment System › Payment webhook handling ───────────────────

    Error: expect(received).toBeTruthy()

    Received: false

      245 |     });
      246 |     
    > 247 |     expect(webhookResponse.ok()).toBeTruthy();
          |                                  ^
      248 |   });
      249 | });
      250 |
        at /Users/asithalakmal/Documents/web/final project/WeddingLK-next copy/tests/e2e/payment.spec.ts:247:34

    attachment #1: screenshot (image/png) ──────────────────────────────────────────────────────────
    ../../test-results/payment-Payment-System-Payment-webhook-handling-chromium/test-failed-1.png
    ────────────────────────────────────────────────────────────────────────────────────────────────

    attachment #2: video (video/webm) ──────────────────────────────────────────────────────────────
    ../../test-results/payment-Payment-System-Payment-webhook-handling-chromium/video.webm
    ────────────────────────────────────────────────────────────────────────────────────────────────
]]>
</failure>
<system-out>
<![CDATA[
[[ATTACHMENT|test-results/payment-Payment-System-Payment-webhook-handling-chromium/test-failed-1.png]]

[[ATTACHMENT|test-results/payment-Payment-System-Payment-webhook-handling-chromium/video.webm]]
]]>
</system-out>
</testcase>
</testsuite>
<testsuite name="production.spec.ts" timestamp="2025-10-23T12:57:57.279Z" hostname="chromium" tests="6" failures="3" skipped="0" time="96.387" errors="0">
<testcase name="Production Site Tests › Homepage loads correctly" classname="production.spec.ts" time="9.261">
</testcase>
<testcase name="Production Site Tests › Navigation works correctly" classname="production.spec.ts" time="8.507">
<failure message="production.spec.ts:19:7 Navigation works correctly" type="FAILURE">
<![CDATA[  [chromium] › production.spec.ts:19:7 › Production Site Tests › Navigation works correctly ────────

    Error: expect(received).toContain(expected) // indexOf

    Expected substring: "venues"
    Received string:    "https://wedding-lk.vercel.app/"

      28 |     // Check that we're on the venues page (it may redirect or show loading)
      29 |     const currentUrl = page.url();
    > 30 |     expect(currentUrl).toContain('venues');
         |                        ^
      31 |     
      32 |     // Go back to home
      33 |     await page.goto('/');
        at /Users/asithalakmal/Documents/web/final project/WeddingLK-next copy/tests/e2e/production.spec.ts:30:24

    attachment #1: screenshot (image/png) ──────────────────────────────────────────────────────────
    ../../test-results/production-Production-Site-Tests-Navigation-works-correctly-chromium/test-failed-1.png
    ────────────────────────────────────────────────────────────────────────────────────────────────

    attachment #2: video (video/webm) ──────────────────────────────────────────────────────────────
    ../../test-results/production-Production-Site-Tests-Navigation-works-correctly-chromium/video.webm
    ────────────────────────────────────────────────────────────────────────────────────────────────

    Error Context: ../../test-results/production-Production-Site-Tests-Navigation-works-correctly-chromium/error-context.md
]]>
</failure>
<system-out>
<![CDATA[
[[ATTACHMENT|test-results/production-Production-Site-Tests-Navigation-works-correctly-chromium/test-failed-1.png]]

[[ATTACHMENT|test-results/production-Production-Site-Tests-Navigation-works-correctly-chromium/video.webm]]

[[ATTACHMENT|test-results/production-Production-Site-Tests-Navigation-works-correctly-chromium/error-context.md]]
]]>
</system-out>
</testcase>
<testcase name="Production Site Tests › Search functionality is present" classname="production.spec.ts" time="36.823">
<failure message="production.spec.ts:37:7 Search functionality is present" type="FAILURE">
<![CDATA[  [chromium] › production.spec.ts:37:7 › Production Site Tests › Search functionality is present ───

    Error: expect(locator).toBeVisible() failed

    Locator: locator('input[placeholder*="dream wedding"]')
    Expected: visible
    Timeout: 30000ms
    Error: element(s) not found

    Call log:
      - Expect "toBeVisible" with timeout 30000ms
      - waiting for locator('input[placeholder*="dream wedding"]')


      39 |     
      40 |     // Check that the search input is present (try different placeholder text)
    > 41 |     await expect(page.locator('input[placeholder*="dream wedding"]')).toBeVisible();
         |                                                                       ^
      42 |     
      43 |     // Check that the search button is present
      44 |     await expect(page.locator('button:has-text("Find My Perfect Wedding")')).toBeVisible();
        at /Users/asithalakmal/Documents/web/final project/WeddingLK-next copy/tests/e2e/production.spec.ts:41:71

    attachment #1: screenshot (image/png) ──────────────────────────────────────────────────────────
    ../../test-results/production-Production-Site-101a3-ch-functionality-is-present-chromium/test-failed-1.png
    ────────────────────────────────────────────────────────────────────────────────────────────────

    attachment #2: video (video/webm) ──────────────────────────────────────────────────────────────
    ../../test-results/production-Production-Site-101a3-ch-functionality-is-present-chromium/video.webm
    ────────────────────────────────────────────────────────────────────────────────────────────────

    Error Context: ../../test-results/production-Production-Site-101a3-ch-functionality-is-present-chromium/error-context.md
]]>
</failure>
<system-out>
<![CDATA[
[[ATTACHMENT|test-results/production-Production-Site-101a3-ch-functionality-is-present-chromium/test-failed-1.png]]

[[ATTACHMENT|test-results/production-Production-Site-101a3-ch-functionality-is-present-chromium/video.webm]]

[[ATTACHMENT|test-results/production-Production-Site-101a3-ch-functionality-is-present-chromium/error-context.md]]
]]>
</system-out>
</testcase>
<testcase name="Production Site Tests › Footer links are present" classname="production.spec.ts" time="12.21">
<failure message="production.spec.ts:47:7 Footer links are present" type="FAILURE">
<![CDATA[  [chromium] › production.spec.ts:47:7 › Production Site Tests › Footer links are present ──────────

    Error: expect(locator).toBeVisible() failed

    Locator: locator('footer a[href="/about"], footer a[href="/contact"]')
    Expected: visible
    Error: strict mode violation: locator('footer a[href="/about"], footer a[href="/contact"]') resolved to 2 elements:
        1) <a href="/about" class="hover:text-white transition-colors">About</a> aka getByRole('main').getByRole('link', { name: 'About' })
        2) <a href="/contact" class="hover:text-white transition-colors">Contact</a> aka getByRole('link', { name: 'Contact', exact: true })

    Call log:
      - Expect "toBeVisible" with timeout 30000ms
      - waiting for locator('footer a[href="/about"], footer a[href="/contact"]')


      56 |     await expect(page.locator('footer a[href="/gallery"]')).toBeVisible();
      57 |     // Check for about link in footer (may be in different section)
    > 58 |     await expect(page.locator('footer a[href="/about"], footer a[href="/contact"]')).toBeVisible();
         |                                                                                      ^
      59 |   });
      60 |
      61 |   test('Responsive design works', async ({ page }) => {
        at /Users/asithalakmal/Documents/web/final project/WeddingLK-next copy/tests/e2e/production.spec.ts:58:86

    attachment #1: screenshot (image/png) ──────────────────────────────────────────────────────────
    ../../test-results/production-Production-Site-Tests-Footer-links-are-present-chromium/test-failed-1.png
    ────────────────────────────────────────────────────────────────────────────────────────────────

    attachment #2: video (video/webm) ──────────────────────────────────────────────────────────────
    ../../test-results/production-Production-Site-Tests-Footer-links-are-present-chromium/video.webm
    ────────────────────────────────────────────────────────────────────────────────────────────────

    Error Context: ../../test-results/production-Production-Site-Tests-Footer-links-are-present-chromium/error-context.md
]]>
</failure>
<system-out>
<![CDATA[
[[ATTACHMENT|test-results/production-Production-Site-Tests-Footer-links-are-present-chromium/test-failed-1.png]]

[[ATTACHMENT|test-results/production-Production-Site-Tests-Footer-links-are-present-chromium/video.webm]]

[[ATTACHMENT|test-results/production-Production-Site-Tests-Footer-links-are-present-chromium/error-context.md]]
]]>
</system-out>
</testcase>
<testcase name="Production Site Tests › Responsive design works" classname="production.spec.ts" time="15.148">
</testcase>
<testcase name="Production Site Tests › Page metadata is correct" classname="production.spec.ts" time="14.438">
</testcase>
</testsuite>
<testsuite name="quick-verification.spec.ts" timestamp="2025-10-23T12:57:57.279Z" hostname="chromium" tests="6" failures="0" skipped="0" time="92.15" errors="0">
<testcase name="🚀 Quick Production Verification › Homepage loads and basic functionality works" classname="quick-verification.spec.ts" time="15.928">
</testcase>
<testcase name="🚀 Quick Production Verification › API endpoints are responding" classname="quick-verification.spec.ts" time="1.769">
</testcase>
<testcase name="🚀 Quick Production Verification › Database connection is working" classname="quick-verification.spec.ts" time="10.664">
</testcase>
<testcase name="🚀 Quick Production Verification › Navigation works correctly" classname="quick-verification.spec.ts" time="8.614">
</testcase>
<testcase name="🚀 Quick Production Verification › Page is responsive" classname="quick-verification.spec.ts" time="28.34">
</testcase>
<testcase name="🚀 Quick Production Verification › No critical JavaScript errors" classname="quick-verification.spec.ts" time="26.835">
</testcase>
</testsuite>
<testsuite name="rbac-comprehensive.spec.ts" timestamp="2025-10-23T12:57:57.279Z" hostname="chromium" tests="28" failures="28" skipped="0" time="2104.972" errors="0">
<testcase name="🔐 User Role RBAC Tests › User Role - Allowed Access" classname="rbac-comprehensive.spec.ts" time="87.39">
<failure message="rbac-comprehensive.spec.ts:76:7 User Role - Allowed Access" type="FAILURE">
<![CDATA[  [chromium] › rbac-comprehensive.spec.ts:76:7 › 🔐 User Role RBAC Tests › User Role - Allowed Access 

    TimeoutError: page.fill: Timeout 60000ms exceeded.
    Call log:
      - waiting for locator('input[name="email"]')


      50 |   const user = testUsers[role];
      51 |   await page.goto('/auth/signin');
    > 52 |   await page.fill('input[name="email"]', user.email);
         |              ^
      53 |   await page.fill('input[name="password"]', user.password);
      54 |   await page.click('button[type="submit"]');
      55 |   await expect(page).toHaveURL(/\/dashboard/);
        at loginAsRole (/Users/asithalakmal/Documents/web/final project/WeddingLK-next copy/tests/e2e/rbac-comprehensive.spec.ts:52:14)
        at /Users/asithalakmal/Documents/web/final project/WeddingLK-next copy/tests/e2e/rbac-comprehensive.spec.ts:77:5

    attachment #1: screenshot (image/png) ──────────────────────────────────────────────────────────
    ../../test-results/rbac-comprehensive-🔐-User-6e635--User-Role---Allowed-Access-chromium/test-failed-1.png
    ────────────────────────────────────────────────────────────────────────────────────────────────

    attachment #2: video (video/webm) ──────────────────────────────────────────────────────────────
    ../../test-results/rbac-comprehensive-🔐-User-6e635--User-Role---Allowed-Access-chromium/video.webm
    ────────────────────────────────────────────────────────────────────────────────────────────────

    Error Context: ../../test-results/rbac-comprehensive-🔐-User-6e635--User-Role---Allowed-Access-chromium/error-context.md
]]>
</failure>
<system-out>
<![CDATA[
[[ATTACHMENT|test-results/rbac-comprehensive-🔐-User-6e635--User-Role---Allowed-Access-chromium/test-failed-1.png]]

[[ATTACHMENT|test-results/rbac-comprehensive-🔐-User-6e635--User-Role---Allowed-Access-chromium/video.webm]]

[[ATTACHMENT|test-results/rbac-comprehensive-🔐-User-6e635--User-Role---Allowed-Access-chromium/error-context.md]]
]]>
</system-out>
</testcase>
<testcase name="🔐 User Role RBAC Tests › User Role - Navigation Items Visibility" classname="rbac-comprehensive.spec.ts" time="92.069">
<failure message="rbac-comprehensive.spec.ts:106:7 User Role - Navigation Items Visibility" type="FAILURE">
<![CDATA[  [chromium] › rbac-comprehensive.spec.ts:106:7 › 🔐 User Role RBAC Tests › User Role - Navigation Items Visibility 

    TimeoutError: page.fill: Timeout 60000ms exceeded.
    Call log:
      - waiting for locator('input[name="email"]')


      50 |   const user = testUsers[role];
      51 |   await page.goto('/auth/signin');
    > 52 |   await page.fill('input[name="email"]', user.email);
         |              ^
      53 |   await page.fill('input[name="password"]', user.password);
      54 |   await page.click('button[type="submit"]');
      55 |   await expect(page).toHaveURL(/\/dashboard/);
        at loginAsRole (/Users/asithalakmal/Documents/web/final project/WeddingLK-next copy/tests/e2e/rbac-comprehensive.spec.ts:52:14)
        at /Users/asithalakmal/Documents/web/final project/WeddingLK-next copy/tests/e2e/rbac-comprehensive.spec.ts:107:5

    attachment #1: screenshot (image/png) ──────────────────────────────────────────────────────────
    ../../test-results/rbac-comprehensive-🔐-User-608d2-Navigation-Items-Visibility-chromium/test-failed-1.png
    ────────────────────────────────────────────────────────────────────────────────────────────────

    attachment #2: video (video/webm) ──────────────────────────────────────────────────────────────
    ../../test-results/rbac-comprehensive-🔐-User-608d2-Navigation-Items-Visibility-chromium/video.webm
    ────────────────────────────────────────────────────────────────────────────────────────────────

    Error Context: ../../test-results/rbac-comprehensive-🔐-User-608d2-Navigation-Items-Visibility-chromium/error-context.md
]]>
</failure>
<system-out>
<![CDATA[
[[ATTACHMENT|test-results/rbac-comprehensive-🔐-User-608d2-Navigation-Items-Visibility-chromium/test-failed-1.png]]

[[ATTACHMENT|test-results/rbac-comprehensive-🔐-User-608d2-Navigation-Items-Visibility-chromium/video.webm]]

[[ATTACHMENT|test-results/rbac-comprehensive-🔐-User-608d2-Navigation-Items-Visibility-chromium/error-context.md]]
]]>
</system-out>
</testcase>
<testcase name="🔐 User Role RBAC Tests › User Role - Feature Access Control" classname="rbac-comprehensive.spec.ts" time="77.34">
<failure message="rbac-comprehensive.spec.ts:126:7 User Role - Feature Access Control" type="FAILURE">
<![CDATA[  [chromium] › rbac-comprehensive.spec.ts:126:7 › 🔐 User Role RBAC Tests › User Role - Feature Access Control 

    TimeoutError: page.fill: Timeout 60000ms exceeded.
    Call log:
      - waiting for locator('input[name="email"]')


      50 |   const user = testUsers[role];
      51 |   await page.goto('/auth/signin');
    > 52 |   await page.fill('input[name="email"]', user.email);
         |              ^
      53 |   await page.fill('input[name="password"]', user.password);
      54 |   await page.click('button[type="submit"]');
      55 |   await expect(page).toHaveURL(/\/dashboard/);
        at loginAsRole (/Users/asithalakmal/Documents/web/final project/WeddingLK-next copy/tests/e2e/rbac-comprehensive.spec.ts:52:14)
        at /Users/asithalakmal/Documents/web/final project/WeddingLK-next copy/tests/e2e/rbac-comprehensive.spec.ts:127:5

    attachment #1: screenshot (image/png) ──────────────────────────────────────────────────────────
    ../../test-results/rbac-comprehensive-🔐-User-8f46f-le---Feature-Access-Control-chromium/test-failed-1.png
    ────────────────────────────────────────────────────────────────────────────────────────────────

    attachment #2: video (video/webm) ──────────────────────────────────────────────────────────────
    ../../test-results/rbac-comprehensive-🔐-User-8f46f-le---Feature-Access-Control-chromium/video.webm
    ────────────────────────────────────────────────────────────────────────────────────────────────

    Error Context: ../../test-results/rbac-comprehensive-🔐-User-8f46f-le---Feature-Access-Control-chromium/error-context.md
]]>
</failure>
<system-out>
<![CDATA[
[[ATTACHMENT|test-results/rbac-comprehensive-🔐-User-8f46f-le---Feature-Access-Control-chromium/test-failed-1.png]]

[[ATTACHMENT|test-results/rbac-comprehensive-🔐-User-8f46f-le---Feature-Access-Control-chromium/video.webm]]

[[ATTACHMENT|test-results/rbac-comprehensive-🔐-User-8f46f-le---Feature-Access-Control-chromium/error-context.md]]
]]>
</system-out>
</testcase>
<testcase name="🏢 Vendor Role RBAC Tests › Vendor Role - Allowed Access" classname="rbac-comprehensive.spec.ts" time="76.913">
<failure message="rbac-comprehensive.spec.ts:146:7 Vendor Role - Allowed Access" type="FAILURE">
<![CDATA[  [chromium] › rbac-comprehensive.spec.ts:146:7 › 🏢 Vendor Role RBAC Tests › Vendor Role - Allowed Access 

    TimeoutError: page.fill: Timeout 60000ms exceeded.
    Call log:
      - waiting for locator('input[name="email"]')


      50 |   const user = testUsers[role];
      51 |   await page.goto('/auth/signin');
    > 52 |   await page.fill('input[name="email"]', user.email);
         |              ^
      53 |   await page.fill('input[name="password"]', user.password);
      54 |   await page.click('button[type="submit"]');
      55 |   await expect(page).toHaveURL(/\/dashboard/);
        at loginAsRole (/Users/asithalakmal/Documents/web/final project/WeddingLK-next copy/tests/e2e/rbac-comprehensive.spec.ts:52:14)
        at /Users/asithalakmal/Documents/web/final project/WeddingLK-next copy/tests/e2e/rbac-comprehensive.spec.ts:147:5

    attachment #1: screenshot (image/png) ──────────────────────────────────────────────────────────
    ../../test-results/rbac-comprehensive-🏢-Vend-c71ca-endor-Role---Allowed-Access-chromium/test-failed-1.png
    ────────────────────────────────────────────────────────────────────────────────────────────────

    attachment #2: video (video/webm) ──────────────────────────────────────────────────────────────
    ../../test-results/rbac-comprehensive-🏢-Vend-c71ca-endor-Role---Allowed-Access-chromium/video.webm
    ────────────────────────────────────────────────────────────────────────────────────────────────

    Error Context: ../../test-results/rbac-comprehensive-🏢-Vend-c71ca-endor-Role---Allowed-Access-chromium/error-context.md
]]>
</failure>
<system-out>
<![CDATA[
[[ATTACHMENT|test-results/rbac-comprehensive-🏢-Vend-c71ca-endor-Role---Allowed-Access-chromium/test-failed-1.png]]

[[ATTACHMENT|test-results/rbac-comprehensive-🏢-Vend-c71ca-endor-Role---Allowed-Access-chromium/video.webm]]

[[ATTACHMENT|test-results/rbac-comprehensive-🏢-Vend-c71ca-endor-Role---Allowed-Access-chromium/error-context.md]]
]]>
</system-out>
</testcase>
<testcase name="🏢 Vendor Role RBAC Tests › Vendor Role - Navigation Items Visibility" classname="rbac-comprehensive.spec.ts" time="78.309">
<failure message="rbac-comprehensive.spec.ts:175:7 Vendor Role - Navigation Items Visibility" type="FAILURE">
<![CDATA[  [chromium] › rbac-comprehensive.spec.ts:175:7 › 🏢 Vendor Role RBAC Tests › Vendor Role - Navigation Items Visibility 

    TimeoutError: page.fill: Timeout 60000ms exceeded.
    Call log:
      - waiting for locator('input[name="email"]')


      50 |   const user = testUsers[role];
      51 |   await page.goto('/auth/signin');
    > 52 |   await page.fill('input[name="email"]', user.email);
         |              ^
      53 |   await page.fill('input[name="password"]', user.password);
      54 |   await page.click('button[type="submit"]');
      55 |   await expect(page).toHaveURL(/\/dashboard/);
        at loginAsRole (/Users/asithalakmal/Documents/web/final project/WeddingLK-next copy/tests/e2e/rbac-comprehensive.spec.ts:52:14)
        at /Users/asithalakmal/Documents/web/final project/WeddingLK-next copy/tests/e2e/rbac-comprehensive.spec.ts:176:5

    attachment #1: screenshot (image/png) ──────────────────────────────────────────────────────────
    ../../test-results/rbac-comprehensive-🏢-Vend-6301d-Navigation-Items-Visibility-chromium/test-failed-1.png
    ────────────────────────────────────────────────────────────────────────────────────────────────

    attachment #2: video (video/webm) ──────────────────────────────────────────────────────────────
    ../../test-results/rbac-comprehensive-🏢-Vend-6301d-Navigation-Items-Visibility-chromium/video.webm
    ────────────────────────────────────────────────────────────────────────────────────────────────

    Error Context: ../../test-results/rbac-comprehensive-🏢-Vend-6301d-Navigation-Items-Visibility-chromium/error-context.md
]]>
</failure>
<system-out>
<![CDATA[
[[ATTACHMENT|test-results/rbac-comprehensive-🏢-Vend-6301d-Navigation-Items-Visibility-chromium/test-failed-1.png]]

[[ATTACHMENT|test-results/rbac-comprehensive-🏢-Vend-6301d-Navigation-Items-Visibility-chromium/video.webm]]

[[ATTACHMENT|test-results/rbac-comprehensive-🏢-Vend-6301d-Navigation-Items-Visibility-chromium/error-context.md]]
]]>
</system-out>
</testcase>
<testcase name="🏢 Vendor Role RBAC Tests › Vendor Role - Feature Access Control" classname="rbac-comprehensive.spec.ts" time="82.086">
<failure message="rbac-comprehensive.spec.ts:196:7 Vendor Role - Feature Access Control" type="FAILURE">
<![CDATA[  [chromium] › rbac-comprehensive.spec.ts:196:7 › 🏢 Vendor Role RBAC Tests › Vendor Role - Feature Access Control 

    TimeoutError: page.fill: Timeout 60000ms exceeded.
    Call log:
      - waiting for locator('input[name="email"]')


      50 |   const user = testUsers[role];
      51 |   await page.goto('/auth/signin');
    > 52 |   await page.fill('input[name="email"]', user.email);
         |              ^
      53 |   await page.fill('input[name="password"]', user.password);
      54 |   await page.click('button[type="submit"]');
      55 |   await expect(page).toHaveURL(/\/dashboard/);
        at loginAsRole (/Users/asithalakmal/Documents/web/final project/WeddingLK-next copy/tests/e2e/rbac-comprehensive.spec.ts:52:14)
        at /Users/asithalakmal/Documents/web/final project/WeddingLK-next copy/tests/e2e/rbac-comprehensive.spec.ts:197:5

    attachment #1: screenshot (image/png) ──────────────────────────────────────────────────────────
    ../../test-results/rbac-comprehensive-🏢-Vend-6d7ff-le---Feature-Access-Control-chromium/test-failed-1.png
    ────────────────────────────────────────────────────────────────────────────────────────────────

    attachment #2: video (video/webm) ──────────────────────────────────────────────────────────────
    ../../test-results/rbac-comprehensive-🏢-Vend-6d7ff-le---Feature-Access-Control-chromium/video.webm
    ────────────────────────────────────────────────────────────────────────────────────────────────

    Error Context: ../../test-results/rbac-comprehensive-🏢-Vend-6d7ff-le---Feature-Access-Control-chromium/error-context.md
]]>
</failure>
<system-out>
<![CDATA[
[[ATTACHMENT|test-results/rbac-comprehensive-🏢-Vend-6d7ff-le---Feature-Access-Control-chromium/test-failed-1.png]]

[[ATTACHMENT|test-results/rbac-comprehensive-🏢-Vend-6d7ff-le---Feature-Access-Control-chromium/video.webm]]

[[ATTACHMENT|test-results/rbac-comprehensive-🏢-Vend-6d7ff-le---Feature-Access-Control-chromium/error-context.md]]
]]>
</system-out>
</testcase>
<testcase name="👥 Wedding Planner Role RBAC Tests › Wedding Planner Role - Allowed Access" classname="rbac-comprehensive.spec.ts" time="79.292">
<failure message="rbac-comprehensive.spec.ts:220:7 Wedding Planner Role - Allowed Access" type="FAILURE">
<![CDATA[  [chromium] › rbac-comprehensive.spec.ts:220:7 › 👥 Wedding Planner Role RBAC Tests › Wedding Planner Role - Allowed Access 

    TimeoutError: page.fill: Timeout 60000ms exceeded.
    Call log:
      - waiting for locator('input[name="email"]')


      50 |   const user = testUsers[role];
      51 |   await page.goto('/auth/signin');
    > 52 |   await page.fill('input[name="email"]', user.email);
         |              ^
      53 |   await page.fill('input[name="password"]', user.password);
      54 |   await page.click('button[type="submit"]');
      55 |   await expect(page).toHaveURL(/\/dashboard/);
        at loginAsRole (/Users/asithalakmal/Documents/web/final project/WeddingLK-next copy/tests/e2e/rbac-comprehensive.spec.ts:52:14)
        at /Users/asithalakmal/Documents/web/final project/WeddingLK-next copy/tests/e2e/rbac-comprehensive.spec.ts:221:5

    attachment #1: screenshot (image/png) ──────────────────────────────────────────────────────────
    ../../test-results/rbac-comprehensive-👥-Wedd-e2018-anner-Role---Allowed-Access-chromium/test-failed-1.png
    ────────────────────────────────────────────────────────────────────────────────────────────────

    attachment #2: video (video/webm) ──────────────────────────────────────────────────────────────
    ../../test-results/rbac-comprehensive-👥-Wedd-e2018-anner-Role---Allowed-Access-chromium/video.webm
    ────────────────────────────────────────────────────────────────────────────────────────────────

    Error Context: ../../test-results/rbac-comprehensive-👥-Wedd-e2018-anner-Role---Allowed-Access-chromium/error-context.md
]]>
</failure>
<system-out>
<![CDATA[
[[ATTACHMENT|test-results/rbac-comprehensive-👥-Wedd-e2018-anner-Role---Allowed-Access-chromium/test-failed-1.png]]

[[ATTACHMENT|test-results/rbac-comprehensive-👥-Wedd-e2018-anner-Role---Allowed-Access-chromium/video.webm]]

[[ATTACHMENT|test-results/rbac-comprehensive-👥-Wedd-e2018-anner-Role---Allowed-Access-chromium/error-context.md]]
]]>
</system-out>
</testcase>
<testcase name="👥 Wedding Planner Role RBAC Tests › Wedding Planner Role - Navigation Items Visibility" classname="rbac-comprehensive.spec.ts" time="82.383">
<failure message="rbac-comprehensive.spec.ts:249:7 Wedding Planner Role - Navigation Items Visibility" type="FAILURE">
<![CDATA[  [chromium] › rbac-comprehensive.spec.ts:249:7 › 👥 Wedding Planner Role RBAC Tests › Wedding Planner Role - Navigation Items Visibility 

    TimeoutError: page.fill: Timeout 60000ms exceeded.
    Call log:
      - waiting for locator('input[name="email"]')


      50 |   const user = testUsers[role];
      51 |   await page.goto('/auth/signin');
    > 52 |   await page.fill('input[name="email"]', user.email);
         |              ^
      53 |   await page.fill('input[name="password"]', user.password);
      54 |   await page.click('button[type="submit"]');
      55 |   await expect(page).toHaveURL(/\/dashboard/);
        at loginAsRole (/Users/asithalakmal/Documents/web/final project/WeddingLK-next copy/tests/e2e/rbac-comprehensive.spec.ts:52:14)
        at /Users/asithalakmal/Documents/web/final project/WeddingLK-next copy/tests/e2e/rbac-comprehensive.spec.ts:250:5

    attachment #1: screenshot (image/png) ──────────────────────────────────────────────────────────
    ../../test-results/rbac-comprehensive-👥-Wedd-a3027-Navigation-Items-Visibility-chromium/test-failed-1.png
    ────────────────────────────────────────────────────────────────────────────────────────────────

    attachment #2: video (video/webm) ──────────────────────────────────────────────────────────────
    ../../test-results/rbac-comprehensive-👥-Wedd-a3027-Navigation-Items-Visibility-chromium/video.webm
    ────────────────────────────────────────────────────────────────────────────────────────────────

    Error Context: ../../test-results/rbac-comprehensive-👥-Wedd-a3027-Navigation-Items-Visibility-chromium/error-context.md
]]>
</failure>
<system-out>
<![CDATA[
[[ATTACHMENT|test-results/rbac-comprehensive-👥-Wedd-a3027-Navigation-Items-Visibility-chromium/test-failed-1.png]]

[[ATTACHMENT|test-results/rbac-comprehensive-👥-Wedd-a3027-Navigation-Items-Visibility-chromium/video.webm]]

[[ATTACHMENT|test-results/rbac-comprehensive-👥-Wedd-a3027-Navigation-Items-Visibility-chromium/error-context.md]]
]]>
</system-out>
</testcase>
<testcase name="👥 Wedding Planner Role RBAC Tests › Wedding Planner Role - Feature Access Control" classname="rbac-comprehensive.spec.ts" time="75.58">
<failure message="rbac-comprehensive.spec.ts:270:7 Wedding Planner Role - Feature Access Control" type="FAILURE">
<![CDATA[  [chromium] › rbac-comprehensive.spec.ts:270:7 › 👥 Wedding Planner Role RBAC Tests › Wedding Planner Role - Feature Access Control 

    TimeoutError: page.fill: Timeout 60000ms exceeded.
    Call log:
      - waiting for locator('input[name="email"]')


      50 |   const user = testUsers[role];
      51 |   await page.goto('/auth/signin');
    > 52 |   await page.fill('input[name="email"]', user.email);
         |              ^
      53 |   await page.fill('input[name="password"]', user.password);
      54 |   await page.click('button[type="submit"]');
      55 |   await expect(page).toHaveURL(/\/dashboard/);
        at loginAsRole (/Users/asithalakmal/Documents/web/final project/WeddingLK-next copy/tests/e2e/rbac-comprehensive.spec.ts:52:14)
        at /Users/asithalakmal/Documents/web/final project/WeddingLK-next copy/tests/e2e/rbac-comprehensive.spec.ts:271:5

    attachment #1: screenshot (image/png) ──────────────────────────────────────────────────────────
    ../../test-results/rbac-comprehensive-👥-Wedd-afe80-le---Feature-Access-Control-chromium/test-failed-1.png
    ────────────────────────────────────────────────────────────────────────────────────────────────

    attachment #2: video (video/webm) ──────────────────────────────────────────────────────────────
    ../../test-results/rbac-comprehensive-👥-Wedd-afe80-le---Feature-Access-Control-chromium/video.webm
    ────────────────────────────────────────────────────────────────────────────────────────────────

    Error Context: ../../test-results/rbac-comprehensive-👥-Wedd-afe80-le---Feature-Access-Control-chromium/error-context.md
]]>
</failure>
<system-out>
<![CDATA[
[[ATTACHMENT|test-results/rbac-comprehensive-👥-Wedd-afe80-le---Feature-Access-Control-chromium/test-failed-1.png]]

[[ATTACHMENT|test-results/rbac-comprehensive-👥-Wedd-afe80-le---Feature-Access-Control-chromium/video.webm]]

[[ATTACHMENT|test-results/rbac-comprehensive-👥-Wedd-afe80-le---Feature-Access-Control-chromium/error-context.md]]
]]>
</system-out>
</testcase>
<testcase name="👑 Admin Role RBAC Tests › Admin Role - Allowed Access" classname="rbac-comprehensive.spec.ts" time="81.711">
<failure message="rbac-comprehensive.spec.ts:294:7 Admin Role - Allowed Access" type="FAILURE">
<![CDATA[  [chromium] › rbac-comprehensive.spec.ts:294:7 › 👑 Admin Role RBAC Tests › Admin Role - Allowed Access 

    TimeoutError: page.fill: Timeout 60000ms exceeded.
    Call log:
      - waiting for locator('input[name="email"]')


      50 |   const user = testUsers[role];
      51 |   await page.goto('/auth/signin');
    > 52 |   await page.fill('input[name="email"]', user.email);
         |              ^
      53 |   await page.fill('input[name="password"]', user.password);
      54 |   await page.click('button[type="submit"]');
      55 |   await expect(page).toHaveURL(/\/dashboard/);
        at loginAsRole (/Users/asithalakmal/Documents/web/final project/WeddingLK-next copy/tests/e2e/rbac-comprehensive.spec.ts:52:14)
        at /Users/asithalakmal/Documents/web/final project/WeddingLK-next copy/tests/e2e/rbac-comprehensive.spec.ts:295:5

    attachment #1: screenshot (image/png) ──────────────────────────────────────────────────────────
    ../../test-results/rbac-comprehensive-👑-Admi-1dca0-Admin-Role---Allowed-Access-chromium/test-failed-1.png
    ────────────────────────────────────────────────────────────────────────────────────────────────

    attachment #2: video (video/webm) ──────────────────────────────────────────────────────────────
    ../../test-results/rbac-comprehensive-👑-Admi-1dca0-Admin-Role---Allowed-Access-chromium/video.webm
    ────────────────────────────────────────────────────────────────────────────────────────────────

    Error Context: ../../test-results/rbac-comprehensive-👑-Admi-1dca0-Admin-Role---Allowed-Access-chromium/error-context.md
]]>
</failure>
<system-out>
<![CDATA[
[[ATTACHMENT|test-results/rbac-comprehensive-👑-Admi-1dca0-Admin-Role---Allowed-Access-chromium/test-failed-1.png]]

[[ATTACHMENT|test-results/rbac-comprehensive-👑-Admi-1dca0-Admin-Role---Allowed-Access-chromium/video.webm]]

[[ATTACHMENT|test-results/rbac-comprehensive-👑-Admi-1dca0-Admin-Role---Allowed-Access-chromium/error-context.md]]
]]>
</system-out>
</testcase>
<testcase name="👑 Admin Role RBAC Tests › Admin Role - Navigation Items Visibility" classname="rbac-comprehensive.spec.ts" time="76.23">
<failure message="rbac-comprehensive.spec.ts:323:7 Admin Role - Navigation Items Visibility" type="FAILURE">
<![CDATA[  [chromium] › rbac-comprehensive.spec.ts:323:7 › 👑 Admin Role RBAC Tests › Admin Role - Navigation Items Visibility 

    TimeoutError: page.fill: Timeout 60000ms exceeded.
    Call log:
      - waiting for locator('input[name="email"]')


      50 |   const user = testUsers[role];
      51 |   await page.goto('/auth/signin');
    > 52 |   await page.fill('input[name="email"]', user.email);
         |              ^
      53 |   await page.fill('input[name="password"]', user.password);
      54 |   await page.click('button[type="submit"]');
      55 |   await expect(page).toHaveURL(/\/dashboard/);
        at loginAsRole (/Users/asithalakmal/Documents/web/final project/WeddingLK-next copy/tests/e2e/rbac-comprehensive.spec.ts:52:14)
        at /Users/asithalakmal/Documents/web/final project/WeddingLK-next copy/tests/e2e/rbac-comprehensive.spec.ts:324:5

    attachment #1: screenshot (image/png) ──────────────────────────────────────────────────────────
    ../../test-results/rbac-comprehensive-👑-Admi-df4c3-Navigation-Items-Visibility-chromium/test-failed-1.png
    ────────────────────────────────────────────────────────────────────────────────────────────────

    attachment #2: video (video/webm) ──────────────────────────────────────────────────────────────
    ../../test-results/rbac-comprehensive-👑-Admi-df4c3-Navigation-Items-Visibility-chromium/video.webm
    ────────────────────────────────────────────────────────────────────────────────────────────────

    Error Context: ../../test-results/rbac-comprehensive-👑-Admi-df4c3-Navigation-Items-Visibility-chromium/error-context.md
]]>
</failure>
<system-out>
<![CDATA[
[[ATTACHMENT|test-results/rbac-comprehensive-👑-Admi-df4c3-Navigation-Items-Visibility-chromium/test-failed-1.png]]

[[ATTACHMENT|test-results/rbac-comprehensive-👑-Admi-df4c3-Navigation-Items-Visibility-chromium/video.webm]]

[[ATTACHMENT|test-results/rbac-comprehensive-👑-Admi-df4c3-Navigation-Items-Visibility-chromium/error-context.md]]
]]>
</system-out>
</testcase>
<testcase name="👑 Admin Role RBAC Tests › Admin Role - Feature Access Control" classname="rbac-comprehensive.spec.ts" time="79.476">
<failure message="rbac-comprehensive.spec.ts:346:7 Admin Role - Feature Access Control" type="FAILURE">
<![CDATA[  [chromium] › rbac-comprehensive.spec.ts:346:7 › 👑 Admin Role RBAC Tests › Admin Role - Feature Access Control 

    TimeoutError: page.fill: Timeout 60000ms exceeded.
    Call log:
      - waiting for locator('input[name="email"]')


      50 |   const user = testUsers[role];
      51 |   await page.goto('/auth/signin');
    > 52 |   await page.fill('input[name="email"]', user.email);
         |              ^
      53 |   await page.fill('input[name="password"]', user.password);
      54 |   await page.click('button[type="submit"]');
      55 |   await expect(page).toHaveURL(/\/dashboard/);
        at loginAsRole (/Users/asithalakmal/Documents/web/final project/WeddingLK-next copy/tests/e2e/rbac-comprehensive.spec.ts:52:14)
        at /Users/asithalakmal/Documents/web/final project/WeddingLK-next copy/tests/e2e/rbac-comprehensive.spec.ts:347:5

    attachment #1: screenshot (image/png) ──────────────────────────────────────────────────────────
    ../../test-results/rbac-comprehensive-👑-Admi-503af-le---Feature-Access-Control-chromium/test-failed-1.png
    ────────────────────────────────────────────────────────────────────────────────────────────────

    attachment #2: video (video/webm) ──────────────────────────────────────────────────────────────
    ../../test-results/rbac-comprehensive-👑-Admi-503af-le---Feature-Access-Control-chromium/video.webm
    ────────────────────────────────────────────────────────────────────────────────────────────────

    Error Context: ../../test-results/rbac-comprehensive-👑-Admi-503af-le---Feature-Access-Control-chromium/error-context.md
]]>
</failure>
<system-out>
<![CDATA[
[[ATTACHMENT|test-results/rbac-comprehensive-👑-Admi-503af-le---Feature-Access-Control-chromium/test-failed-1.png]]

[[ATTACHMENT|test-results/rbac-comprehensive-👑-Admi-503af-le---Feature-Access-Control-chromium/video.webm]]

[[ATTACHMENT|test-results/rbac-comprehensive-👑-Admi-503af-le---Feature-Access-Control-chromium/error-context.md]]
]]>
</system-out>
</testcase>
<testcase name="🔧 Maintainer Role RBAC Tests › Maintainer Role - Allowed Access" classname="rbac-comprehensive.spec.ts" time="95.555">
<failure message="rbac-comprehensive.spec.ts:372:7 Maintainer Role - Allowed Access" type="FAILURE">
<![CDATA[  [chromium] › rbac-comprehensive.spec.ts:372:7 › 🔧 Maintainer Role RBAC Tests › Maintainer Role - Allowed Access 

    TimeoutError: page.fill: Timeout 60000ms exceeded.
    Call log:
      - waiting for locator('input[name="email"]')


      50 |   const user = testUsers[role];
      51 |   await page.goto('/auth/signin');
    > 52 |   await page.fill('input[name="email"]', user.email);
         |              ^
      53 |   await page.fill('input[name="password"]', user.password);
      54 |   await page.click('button[type="submit"]');
      55 |   await expect(page).toHaveURL(/\/dashboard/);
        at loginAsRole (/Users/asithalakmal/Documents/web/final project/WeddingLK-next copy/tests/e2e/rbac-comprehensive.spec.ts:52:14)
        at /Users/asithalakmal/Documents/web/final project/WeddingLK-next copy/tests/e2e/rbac-comprehensive.spec.ts:373:5

    attachment #1: screenshot (image/png) ──────────────────────────────────────────────────────────
    ../../test-results/rbac-comprehensive-🔧-Main-a39b7-ainer-Role---Allowed-Access-chromium/test-failed-1.png
    ────────────────────────────────────────────────────────────────────────────────────────────────

    attachment #2: video (video/webm) ──────────────────────────────────────────────────────────────
    ../../test-results/rbac-comprehensive-🔧-Main-a39b7-ainer-Role---Allowed-Access-chromium/video.webm
    ────────────────────────────────────────────────────────────────────────────────────────────────

    Error Context: ../../test-results/rbac-comprehensive-🔧-Main-a39b7-ainer-Role---Allowed-Access-chromium/error-context.md
]]>
</failure>
<system-out>
<![CDATA[
[[ATTACHMENT|test-results/rbac-comprehensive-🔧-Main-a39b7-ainer-Role---Allowed-Access-chromium/test-failed-1.png]]

[[ATTACHMENT|test-results/rbac-comprehensive-🔧-Main-a39b7-ainer-Role---Allowed-Access-chromium/video.webm]]

[[ATTACHMENT|test-results/rbac-comprehensive-🔧-Main-a39b7-ainer-Role---Allowed-Access-chromium/error-context.md]]
]]>
</system-out>
</testcase>
<testcase name="🔧 Maintainer Role RBAC Tests › Maintainer Role - Debug Access" classname="rbac-comprehensive.spec.ts" time="92.134">
<failure message="rbac-comprehensive.spec.ts:406:7 Maintainer Role - Debug Access" type="FAILURE">
<![CDATA[  [chromium] › rbac-comprehensive.spec.ts:406:7 › 🔧 Maintainer Role RBAC Tests › Maintainer Role - Debug Access 

    TimeoutError: page.fill: Timeout 60000ms exceeded.
    Call log:
      - waiting for locator('input[name="email"]')


      50 |   const user = testUsers[role];
      51 |   await page.goto('/auth/signin');
    > 52 |   await page.fill('input[name="email"]', user.email);
         |              ^
      53 |   await page.fill('input[name="password"]', user.password);
      54 |   await page.click('button[type="submit"]');
      55 |   await expect(page).toHaveURL(/\/dashboard/);
        at loginAsRole (/Users/asithalakmal/Documents/web/final project/WeddingLK-next copy/tests/e2e/rbac-comprehensive.spec.ts:52:14)
        at /Users/asithalakmal/Documents/web/final project/WeddingLK-next copy/tests/e2e/rbac-comprehensive.spec.ts:407:5

    attachment #1: screenshot (image/png) ──────────────────────────────────────────────────────────
    ../../test-results/rbac-comprehensive-🔧-Main-5e06e-ntainer-Role---Debug-Access-chromium/test-failed-1.png
    ────────────────────────────────────────────────────────────────────────────────────────────────

    attachment #2: video (video/webm) ──────────────────────────────────────────────────────────────
    ../../test-results/rbac-comprehensive-🔧-Main-5e06e-ntainer-Role---Debug-Access-chromium/video.webm
    ────────────────────────────────────────────────────────────────────────────────────────────────

    Error Context: ../../test-results/rbac-comprehensive-🔧-Main-5e06e-ntainer-Role---Debug-Access-chromium/error-context.md
]]>
</failure>
<system-out>
<![CDATA[
[[ATTACHMENT|test-results/rbac-comprehensive-🔧-Main-5e06e-ntainer-Role---Debug-Access-chromium/test-failed-1.png]]

[[ATTACHMENT|test-results/rbac-comprehensive-🔧-Main-5e06e-ntainer-Role---Debug-Access-chromium/video.webm]]

[[ATTACHMENT|test-results/rbac-comprehensive-🔧-Main-5e06e-ntainer-Role---Debug-Access-chromium/error-context.md]]
]]>
</system-out>
</testcase>
<testcase name="🛡️ Middleware Route Protection Tests › Unauthenticated Access Protection" classname="rbac-comprehensive.spec.ts" time="41.419">
<failure message="rbac-comprehensive.spec.ts:420:7 Unauthenticated Access Protection" type="FAILURE">
<![CDATA[  [chromium] › rbac-comprehensive.spec.ts:420:7 › 🛡️ Middleware Route Protection Tests › Unauthenticated Access Protection 

    Error: expect(page).toHaveURL(expected) failed

    Expected pattern: /\/auth\/signin/
    Received string:  "https://wedding-lk.vercel.app/login?callbackUrl=%2Fdashboard"
    Timeout: 30000ms

    Call log:
      - Expect "toHaveURL" with timeout 30000ms
        33 × unexpected value "https://wedding-lk.vercel.app/login?callbackUrl=%2Fdashboard"


      431 |     for (const route of protectedRoutes) {
      432 |       await page.goto(route);
    > 433 |       await expect(page).toHaveURL(/\/auth\/signin/);
          |                          ^
      434 |     }
      435 |   });
      436 |
        at /Users/asithalakmal/Documents/web/final project/WeddingLK-next copy/tests/e2e/rbac-comprehensive.spec.ts:433:26

    attachment #1: screenshot (image/png) ──────────────────────────────────────────────────────────
    ../../test-results/rbac-comprehensive-🛡️-Mid-97211-enticated-Access-Protection-chromium/test-failed-1.png
    ────────────────────────────────────────────────────────────────────────────────────────────────

    attachment #2: video (video/webm) ──────────────────────────────────────────────────────────────
    ../../test-results/rbac-comprehensive-🛡️-Mid-97211-enticated-Access-Protection-chromium/video.webm
    ────────────────────────────────────────────────────────────────────────────────────────────────

    Error Context: ../../test-results/rbac-comprehensive-🛡️-Mid-97211-enticated-Access-Protection-chromium/error-context.md
]]>
</failure>
<system-out>
<![CDATA[
[[ATTACHMENT|test-results/rbac-comprehensive-🛡️-Mid-97211-enticated-Access-Protection-chromium/test-failed-1.png]]

[[ATTACHMENT|test-results/rbac-comprehensive-🛡️-Mid-97211-enticated-Access-Protection-chromium/video.webm]]

[[ATTACHMENT|test-results/rbac-comprehensive-🛡️-Mid-97211-enticated-Access-Protection-chromium/error-context.md]]
]]>
</system-out>
</testcase>
<testcase name="🛡️ Middleware Route Protection Tests › Role-Based Route Protection" classname="rbac-comprehensive.spec.ts" time="74.63">
<failure message="rbac-comprehensive.spec.ts:437:7 Role-Based Route Protection" type="FAILURE">
<![CDATA[  [chromium] › rbac-comprehensive.spec.ts:437:7 › 🛡️ Middleware Route Protection Tests › Role-Based Route Protection 

    TimeoutError: page.fill: Timeout 60000ms exceeded.
    Call log:
      - waiting for locator('input[name="email"]')


      50 |   const user = testUsers[role];
      51 |   await page.goto('/auth/signin');
    > 52 |   await page.fill('input[name="email"]', user.email);
         |              ^
      53 |   await page.fill('input[name="password"]', user.password);
      54 |   await page.click('button[type="submit"]');
      55 |   await expect(page).toHaveURL(/\/dashboard/);
        at loginAsRole (/Users/asithalakmal/Documents/web/final project/WeddingLK-next copy/tests/e2e/rbac-comprehensive.spec.ts:52:14)
        at /Users/asithalakmal/Documents/web/final project/WeddingLK-next copy/tests/e2e/rbac-comprehensive.spec.ts:439:5

    attachment #1: screenshot (image/png) ──────────────────────────────────────────────────────────
    ../../test-results/rbac-comprehensive-🛡️-Mid-4d0bc-Role-Based-Route-Protection-chromium/test-failed-1.png
    ────────────────────────────────────────────────────────────────────────────────────────────────

    attachment #2: video (video/webm) ──────────────────────────────────────────────────────────────
    ../../test-results/rbac-comprehensive-🛡️-Mid-4d0bc-Role-Based-Route-Protection-chromium/video.webm
    ────────────────────────────────────────────────────────────────────────────────────────────────

    Error Context: ../../test-results/rbac-comprehensive-🛡️-Mid-4d0bc-Role-Based-Route-Protection-chromium/error-context.md
]]>
</failure>
<system-out>
<![CDATA[
[[ATTACHMENT|test-results/rbac-comprehensive-🛡️-Mid-4d0bc-Role-Based-Route-Protection-chromium/test-failed-1.png]]

[[ATTACHMENT|test-results/rbac-comprehensive-🛡️-Mid-4d0bc-Role-Based-Route-Protection-chromium/video.webm]]

[[ATTACHMENT|test-results/rbac-comprehensive-🛡️-Mid-4d0bc-Role-Based-Route-Protection-chromium/error-context.md]]
]]>
</system-out>
</testcase>
<testcase name="🔌 API Endpoint Authorization Tests › API Authentication Requirements" classname="rbac-comprehensive.spec.ts" time="4.57">
<failure message="rbac-comprehensive.spec.ts:461:7 API Authentication Requirements" type="FAILURE">
<![CDATA[  [chromium] › rbac-comprehensive.spec.ts:461:7 › 🔌 API Endpoint Authorization Tests › API Authentication Requirements 

    Error: expect(received).toBe(expected) // Object.is equality

    Expected: 401
    Received: 200

      471 |     for (const endpoint of apiEndpoints) {
      472 |       const response = await page.request.get(endpoint);
    > 473 |       expect(response.status()).toBe(401);
          |                                 ^
      474 |     }
      475 |   });
      476 |
        at /Users/asithalakmal/Documents/web/final project/WeddingLK-next copy/tests/e2e/rbac-comprehensive.spec.ts:473:33

    attachment #1: screenshot (image/png) ──────────────────────────────────────────────────────────
    ../../test-results/rbac-comprehensive-🔌-API--57edd-Authentication-Requirements-chromium/test-failed-1.png
    ────────────────────────────────────────────────────────────────────────────────────────────────

    attachment #2: video (video/webm) ──────────────────────────────────────────────────────────────
    ../../test-results/rbac-comprehensive-🔌-API--57edd-Authentication-Requirements-chromium/video.webm
    ────────────────────────────────────────────────────────────────────────────────────────────────
]]>
</failure>
<system-out>
<![CDATA[
[[ATTACHMENT|test-results/rbac-comprehensive-🔌-API--57edd-Authentication-Requirements-chromium/test-failed-1.png]]

[[ATTACHMENT|test-results/rbac-comprehensive-🔌-API--57edd-Authentication-Requirements-chromium/video.webm]]
]]>
</system-out>
</testcase>
<testcase name="🔌 API Endpoint Authorization Tests › API Role-Based Authorization" classname="rbac-comprehensive.spec.ts" time="74.165">
<failure message="rbac-comprehensive.spec.ts:477:7 API Role-Based Authorization" type="FAILURE">
<![CDATA[  [chromium] › rbac-comprehensive.spec.ts:477:7 › 🔌 API Endpoint Authorization Tests › API Role-Based Authorization 

    TimeoutError: page.fill: Timeout 60000ms exceeded.
    Call log:
      - waiting for locator('input[name="email"]')


      50 |   const user = testUsers[role];
      51 |   await page.goto('/auth/signin');
    > 52 |   await page.fill('input[name="email"]', user.email);
         |              ^
      53 |   await page.fill('input[name="password"]', user.password);
      54 |   await page.click('button[type="submit"]');
      55 |   await expect(page).toHaveURL(/\/dashboard/);
        at loginAsRole (/Users/asithalakmal/Documents/web/final project/WeddingLK-next copy/tests/e2e/rbac-comprehensive.spec.ts:52:14)
        at /Users/asithalakmal/Documents/web/final project/WeddingLK-next copy/tests/e2e/rbac-comprehensive.spec.ts:479:5

    attachment #1: screenshot (image/png) ──────────────────────────────────────────────────────────
    ../../test-results/rbac-comprehensive-🔌-API--a5bf9-PI-Role-Based-Authorization-chromium/test-failed-1.png
    ────────────────────────────────────────────────────────────────────────────────────────────────

    attachment #2: video (video/webm) ──────────────────────────────────────────────────────────────
    ../../test-results/rbac-comprehensive-🔌-API--a5bf9-PI-Role-Based-Authorization-chromium/video.webm
    ────────────────────────────────────────────────────────────────────────────────────────────────

    Error Context: ../../test-results/rbac-comprehensive-🔌-API--a5bf9-PI-Role-Based-Authorization-chromium/error-context.md
]]>
</failure>
<system-out>
<![CDATA[
[[ATTACHMENT|test-results/rbac-comprehensive-🔌-API--a5bf9-PI-Role-Based-Authorization-chromium/test-failed-1.png]]

[[ATTACHMENT|test-results/rbac-comprehensive-🔌-API--a5bf9-PI-Role-Based-Authorization-chromium/video.webm]]

[[ATTACHMENT|test-results/rbac-comprehensive-🔌-API--a5bf9-PI-Role-Based-Authorization-chromium/error-context.md]]
]]>
</system-out>
</testcase>
<testcase name="🔌 API Endpoint Authorization Tests › API Permission-Based Authorization" classname="rbac-comprehensive.spec.ts" time="74.281">
<failure message="rbac-comprehensive.spec.ts:494:7 API Permission-Based Authorization" type="FAILURE">
<![CDATA[  [chromium] › rbac-comprehensive.spec.ts:494:7 › 🔌 API Endpoint Authorization Tests › API Permission-Based Authorization 

    TimeoutError: page.fill: Timeout 60000ms exceeded.
    Call log:
      - waiting for locator('input[name="email"]')


      50 |   const user = testUsers[role];
      51 |   await page.goto('/auth/signin');
    > 52 |   await page.fill('input[name="email"]', user.email);
         |              ^
      53 |   await page.fill('input[name="password"]', user.password);
      54 |   await page.click('button[type="submit"]');
      55 |   await expect(page).toHaveURL(/\/dashboard/);
        at loginAsRole (/Users/asithalakmal/Documents/web/final project/WeddingLK-next copy/tests/e2e/rbac-comprehensive.spec.ts:52:14)
        at /Users/asithalakmal/Documents/web/final project/WeddingLK-next copy/tests/e2e/rbac-comprehensive.spec.ts:496:5

    attachment #1: screenshot (image/png) ──────────────────────────────────────────────────────────
    ../../test-results/rbac-comprehensive-🔌-API--eb92c-mission-Based-Authorization-chromium/test-failed-1.png
    ────────────────────────────────────────────────────────────────────────────────────────────────

    attachment #2: video (video/webm) ──────────────────────────────────────────────────────────────
    ../../test-results/rbac-comprehensive-🔌-API--eb92c-mission-Based-Authorization-chromium/video.webm
    ────────────────────────────────────────────────────────────────────────────────────────────────

    Error Context: ../../test-results/rbac-comprehensive-🔌-API--eb92c-mission-Based-Authorization-chromium/error-context.md
]]>
</failure>
<system-out>
<![CDATA[
[[ATTACHMENT|test-results/rbac-comprehensive-🔌-API--eb92c-mission-Based-Authorization-chromium/test-failed-1.png]]

[[ATTACHMENT|test-results/rbac-comprehensive-🔌-API--eb92c-mission-Based-Authorization-chromium/video.webm]]

[[ATTACHMENT|test-results/rbac-comprehensive-🔌-API--eb92c-mission-Based-Authorization-chromium/error-context.md]]
]]>
</system-out>
</testcase>
<testcase name="🎨 UI Component Visibility Tests › Dashboard Components Based on Role" classname="rbac-comprehensive.spec.ts" time="74.585">
<failure message="rbac-comprehensive.spec.ts:511:7 Dashboard Components Based on Role" type="FAILURE">
<![CDATA[  [chromium] › rbac-comprehensive.spec.ts:511:7 › 🎨 UI Component Visibility Tests › Dashboard Components Based on Role 

    TimeoutError: page.fill: Timeout 60000ms exceeded.
    Call log:
      - waiting for locator('input[name="email"]')


      50 |   const user = testUsers[role];
      51 |   await page.goto('/auth/signin');
    > 52 |   await page.fill('input[name="email"]', user.email);
         |              ^
      53 |   await page.fill('input[name="password"]', user.password);
      54 |   await page.click('button[type="submit"]');
      55 |   await expect(page).toHaveURL(/\/dashboard/);
        at loginAsRole (/Users/asithalakmal/Documents/web/final project/WeddingLK-next copy/tests/e2e/rbac-comprehensive.spec.ts:52:14)
        at /Users/asithalakmal/Documents/web/final project/WeddingLK-next copy/tests/e2e/rbac-comprehensive.spec.ts:513:5

    attachment #1: screenshot (image/png) ──────────────────────────────────────────────────────────
    ../../test-results/rbac-comprehensive-🎨-UI-C-12201-rd-Components-Based-on-Role-chromium/test-failed-1.png
    ────────────────────────────────────────────────────────────────────────────────────────────────

    attachment #2: video (video/webm) ──────────────────────────────────────────────────────────────
    ../../test-results/rbac-comprehensive-🎨-UI-C-12201-rd-Components-Based-on-Role-chromium/video.webm
    ────────────────────────────────────────────────────────────────────────────────────────────────

    Error Context: ../../test-results/rbac-comprehensive-🎨-UI-C-12201-rd-Components-Based-on-Role-chromium/error-context.md
]]>
</failure>
<system-out>
<![CDATA[
[[ATTACHMENT|test-results/rbac-comprehensive-🎨-UI-C-12201-rd-Components-Based-on-Role-chromium/test-failed-1.png]]

[[ATTACHMENT|test-results/rbac-comprehensive-🎨-UI-C-12201-rd-Components-Based-on-Role-chromium/video.webm]]

[[ATTACHMENT|test-results/rbac-comprehensive-🎨-UI-C-12201-rd-Components-Based-on-Role-chromium/error-context.md]]
]]>
</system-out>
</testcase>
<testcase name="🎨 UI Component Visibility Tests › Navigation Menu Based on Role" classname="rbac-comprehensive.spec.ts" time="78.669">
<failure message="rbac-comprehensive.spec.ts:525:7 Navigation Menu Based on Role" type="FAILURE">
<![CDATA[  [chromium] › rbac-comprehensive.spec.ts:525:7 › 🎨 UI Component Visibility Tests › Navigation Menu Based on Role 

    TimeoutError: page.fill: Timeout 60000ms exceeded.
    Call log:
      - waiting for locator('input[name="email"]')


      50 |   const user = testUsers[role];
      51 |   await page.goto('/auth/signin');
    > 52 |   await page.fill('input[name="email"]', user.email);
         |              ^
      53 |   await page.fill('input[name="password"]', user.password);
      54 |   await page.click('button[type="submit"]');
      55 |   await expect(page).toHaveURL(/\/dashboard/);
        at loginAsRole (/Users/asithalakmal/Documents/web/final project/WeddingLK-next copy/tests/e2e/rbac-comprehensive.spec.ts:52:14)
        at /Users/asithalakmal/Documents/web/final project/WeddingLK-next copy/tests/e2e/rbac-comprehensive.spec.ts:527:5

    attachment #1: screenshot (image/png) ──────────────────────────────────────────────────────────
    ../../test-results/rbac-comprehensive-🎨-UI-C-60cb7-vigation-Menu-Based-on-Role-chromium/test-failed-1.png
    ────────────────────────────────────────────────────────────────────────────────────────────────

    attachment #2: video (video/webm) ──────────────────────────────────────────────────────────────
    ../../test-results/rbac-comprehensive-🎨-UI-C-60cb7-vigation-Menu-Based-on-Role-chromium/video.webm
    ────────────────────────────────────────────────────────────────────────────────────────────────

    Error Context: ../../test-results/rbac-comprehensive-🎨-UI-C-60cb7-vigation-Menu-Based-on-Role-chromium/error-context.md
]]>
</failure>
<system-out>
<![CDATA[
[[ATTACHMENT|test-results/rbac-comprehensive-🎨-UI-C-60cb7-vigation-Menu-Based-on-Role-chromium/test-failed-1.png]]

[[ATTACHMENT|test-results/rbac-comprehensive-🎨-UI-C-60cb7-vigation-Menu-Based-on-Role-chromium/video.webm]]

[[ATTACHMENT|test-results/rbac-comprehensive-🎨-UI-C-60cb7-vigation-Menu-Based-on-Role-chromium/error-context.md]]
]]>
</system-out>
</testcase>
<testcase name="🎨 UI Component Visibility Tests › Action Buttons Based on Permissions" classname="rbac-comprehensive.spec.ts" time="77.176">
<failure message="rbac-comprehensive.spec.ts:539:7 Action Buttons Based on Permissions" type="FAILURE">
<![CDATA[  [chromium] › rbac-comprehensive.spec.ts:539:7 › 🎨 UI Component Visibility Tests › Action Buttons Based on Permissions 

    TimeoutError: page.fill: Timeout 60000ms exceeded.
    Call log:
      - waiting for locator('input[name="email"]')


      50 |   const user = testUsers[role];
      51 |   await page.goto('/auth/signin');
    > 52 |   await page.fill('input[name="email"]', user.email);
         |              ^
      53 |   await page.fill('input[name="password"]', user.password);
      54 |   await page.click('button[type="submit"]');
      55 |   await expect(page).toHaveURL(/\/dashboard/);
        at loginAsRole (/Users/asithalakmal/Documents/web/final project/WeddingLK-next copy/tests/e2e/rbac-comprehensive.spec.ts:52:14)
        at /Users/asithalakmal/Documents/web/final project/WeddingLK-next copy/tests/e2e/rbac-comprehensive.spec.ts:541:5

    attachment #1: screenshot (image/png) ──────────────────────────────────────────────────────────
    ../../test-results/rbac-comprehensive-🎨-UI-C-06271-uttons-Based-on-Permissions-chromium/test-failed-1.png
    ────────────────────────────────────────────────────────────────────────────────────────────────

    attachment #2: video (video/webm) ──────────────────────────────────────────────────────────────
    ../../test-results/rbac-comprehensive-🎨-UI-C-06271-uttons-Based-on-Permissions-chromium/video.webm
    ────────────────────────────────────────────────────────────────────────────────────────────────

    Error Context: ../../test-results/rbac-comprehensive-🎨-UI-C-06271-uttons-Based-on-Permissions-chromium/error-context.md
]]>
</failure>
<system-out>
<![CDATA[
[[ATTACHMENT|test-results/rbac-comprehensive-🎨-UI-C-06271-uttons-Based-on-Permissions-chromium/test-failed-1.png]]

[[ATTACHMENT|test-results/rbac-comprehensive-🎨-UI-C-06271-uttons-Based-on-Permissions-chromium/video.webm]]

[[ATTACHMENT|test-results/rbac-comprehensive-🎨-UI-C-06271-uttons-Based-on-Permissions-chromium/error-context.md]]
]]>
</system-out>
</testcase>
<testcase name="🔄 Role Switching and Session Management › Role-Based Session Persistence" classname="rbac-comprehensive.spec.ts" time="76.367">
<failure message="rbac-comprehensive.spec.ts:558:7 Role-Based Session Persistence" type="FAILURE">
<![CDATA[  [chromium] › rbac-comprehensive.spec.ts:558:7 › 🔄 Role Switching and Session Management › Role-Based Session Persistence 

    TimeoutError: page.fill: Timeout 60000ms exceeded.
    Call log:
      - waiting for locator('input[name="email"]')


      50 |   const user = testUsers[role];
      51 |   await page.goto('/auth/signin');
    > 52 |   await page.fill('input[name="email"]', user.email);
         |              ^
      53 |   await page.fill('input[name="password"]', user.password);
      54 |   await page.click('button[type="submit"]');
      55 |   await expect(page).toHaveURL(/\/dashboard/);
        at loginAsRole (/Users/asithalakmal/Documents/web/final project/WeddingLK-next copy/tests/e2e/rbac-comprehensive.spec.ts:52:14)
        at /Users/asithalakmal/Documents/web/final project/WeddingLK-next copy/tests/e2e/rbac-comprehensive.spec.ts:560:5

    attachment #1: screenshot (image/png) ──────────────────────────────────────────────────────────
    ../../test-results/rbac-comprehensive-🔄-Role-ddb92-e-Based-Session-Persistence-chromium/test-failed-1.png
    ────────────────────────────────────────────────────────────────────────────────────────────────

    attachment #2: video (video/webm) ──────────────────────────────────────────────────────────────
    ../../test-results/rbac-comprehensive-🔄-Role-ddb92-e-Based-Session-Persistence-chromium/video.webm
    ────────────────────────────────────────────────────────────────────────────────────────────────

    Error Context: ../../test-results/rbac-comprehensive-🔄-Role-ddb92-e-Based-Session-Persistence-chromium/error-context.md
]]>
</failure>
<system-out>
<![CDATA[
[[ATTACHMENT|test-results/rbac-comprehensive-🔄-Role-ddb92-e-Based-Session-Persistence-chromium/test-failed-1.png]]

[[ATTACHMENT|test-results/rbac-comprehensive-🔄-Role-ddb92-e-Based-Session-Persistence-chromium/video.webm]]

[[ATTACHMENT|test-results/rbac-comprehensive-🔄-Role-ddb92-e-Based-Session-Persistence-chromium/error-context.md]]
]]>
</system-out>
</testcase>
<testcase name="🔄 Role Switching and Session Management › Role-Based Data Filtering" classname="rbac-comprehensive.spec.ts" time="76.579">
<failure message="rbac-comprehensive.spec.ts:575:7 Role-Based Data Filtering" type="FAILURE">
<![CDATA[  [chromium] › rbac-comprehensive.spec.ts:575:7 › 🔄 Role Switching and Session Management › Role-Based Data Filtering 

    TimeoutError: page.fill: Timeout 60000ms exceeded.
    Call log:
      - waiting for locator('input[name="email"]')


      50 |   const user = testUsers[role];
      51 |   await page.goto('/auth/signin');
    > 52 |   await page.fill('input[name="email"]', user.email);
         |              ^
      53 |   await page.fill('input[name="password"]', user.password);
      54 |   await page.click('button[type="submit"]');
      55 |   await expect(page).toHaveURL(/\/dashboard/);
        at loginAsRole (/Users/asithalakmal/Documents/web/final project/WeddingLK-next copy/tests/e2e/rbac-comprehensive.spec.ts:52:14)
        at /Users/asithalakmal/Documents/web/final project/WeddingLK-next copy/tests/e2e/rbac-comprehensive.spec.ts:577:5

    attachment #1: screenshot (image/png) ──────────────────────────────────────────────────────────
    ../../test-results/rbac-comprehensive-🔄-Role-b4167-t-Role-Based-Data-Filtering-chromium/test-failed-1.png
    ────────────────────────────────────────────────────────────────────────────────────────────────

    attachment #2: video (video/webm) ──────────────────────────────────────────────────────────────
    ../../test-results/rbac-comprehensive-🔄-Role-b4167-t-Role-Based-Data-Filtering-chromium/video.webm
    ────────────────────────────────────────────────────────────────────────────────────────────────

    Error Context: ../../test-results/rbac-comprehensive-🔄-Role-b4167-t-Role-Based-Data-Filtering-chromium/error-context.md
]]>
</failure>
<system-out>
<![CDATA[
[[ATTACHMENT|test-results/rbac-comprehensive-🔄-Role-b4167-t-Role-Based-Data-Filtering-chromium/test-failed-1.png]]

[[ATTACHMENT|test-results/rbac-comprehensive-🔄-Role-b4167-t-Role-Based-Data-Filtering-chromium/video.webm]]

[[ATTACHMENT|test-results/rbac-comprehensive-🔄-Role-b4167-t-Role-Based-Data-Filtering-chromium/error-context.md]]
]]>
</system-out>
</testcase>
<testcase name="🚨 Security and Error Handling › Unauthorized Access Attempts" classname="rbac-comprehensive.spec.ts" time="43.475">
<failure message="rbac-comprehensive.spec.ts:589:7 Unauthorized Access Attempts" type="FAILURE">
<![CDATA[  [chromium] › rbac-comprehensive.spec.ts:589:7 › 🚨 Security and Error Handling › Unauthorized Access Attempts 

    Error: expect(page).toHaveURL(expected) failed

    Expected pattern: /\/auth\/signin/
    Received string:  "https://wedding-lk.vercel.app/login?callbackUrl=%2Fdashboard%2Fadmin"
    Timeout: 30000ms

    Call log:
      - Expect "toHaveURL" with timeout 30000ms
        33 × unexpected value "https://wedding-lk.vercel.app/login?callbackUrl=%2Fdashboard%2Fadmin"


      590 |     // Test direct URL access without authentication
      591 |     await page.goto('/dashboard/admin/users');
    > 592 |     await expect(page).toHaveURL(/\/auth\/signin/);
          |                        ^
      593 |     
      594 |     // Test role escalation attempts
      595 |     await loginAsRole(page, 'user');
        at /Users/asithalakmal/Documents/web/final project/WeddingLK-next copy/tests/e2e/rbac-comprehensive.spec.ts:592:24

    attachment #1: screenshot (image/png) ──────────────────────────────────────────────────────────
    ../../test-results/rbac-comprehensive-🚨-Secu-f1efc-nauthorized-Access-Attempts-chromium/test-failed-1.png
    ────────────────────────────────────────────────────────────────────────────────────────────────

    attachment #2: video (video/webm) ──────────────────────────────────────────────────────────────
    ../../test-results/rbac-comprehensive-🚨-Secu-f1efc-nauthorized-Access-Attempts-chromium/video.webm
    ────────────────────────────────────────────────────────────────────────────────────────────────

    Error Context: ../../test-results/rbac-comprehensive-🚨-Secu-f1efc-nauthorized-Access-Attempts-chromium/error-context.md
]]>
</failure>
<system-out>
<![CDATA[
[[ATTACHMENT|test-results/rbac-comprehensive-🚨-Secu-f1efc-nauthorized-Access-Attempts-chromium/test-failed-1.png]]

[[ATTACHMENT|test-results/rbac-comprehensive-🚨-Secu-f1efc-nauthorized-Access-Attempts-chromium/video.webm]]

[[ATTACHMENT|test-results/rbac-comprehensive-🚨-Secu-f1efc-nauthorized-Access-Attempts-chromium/error-context.md]]
]]>
</system-out>
</testcase>
<testcase name="🚨 Security and Error Handling › Permission Denied Handling" classname="rbac-comprehensive.spec.ts" time="80.458">
<failure message="rbac-comprehensive.spec.ts:600:7 Permission Denied Handling" type="FAILURE">
<![CDATA[  [chromium] › rbac-comprehensive.spec.ts:600:7 › 🚨 Security and Error Handling › Permission Denied Handling 

    TimeoutError: page.fill: Timeout 60000ms exceeded.
    Call log:
      - waiting for locator('input[name="email"]')


      50 |   const user = testUsers[role];
      51 |   await page.goto('/auth/signin');
    > 52 |   await page.fill('input[name="email"]', user.email);
         |              ^
      53 |   await page.fill('input[name="password"]', user.password);
      54 |   await page.click('button[type="submit"]');
      55 |   await expect(page).toHaveURL(/\/dashboard/);
        at loginAsRole (/Users/asithalakmal/Documents/web/final project/WeddingLK-next copy/tests/e2e/rbac-comprehensive.spec.ts:52:14)
        at /Users/asithalakmal/Documents/web/final project/WeddingLK-next copy/tests/e2e/rbac-comprehensive.spec.ts:602:5

    attachment #1: screenshot (image/png) ──────────────────────────────────────────────────────────
    ../../test-results/rbac-comprehensive-🚨-Secu-133ab--Permission-Denied-Handling-chromium/test-failed-1.png
    ────────────────────────────────────────────────────────────────────────────────────────────────

    attachment #2: video (video/webm) ──────────────────────────────────────────────────────────────
    ../../test-results/rbac-comprehensive-🚨-Secu-133ab--Permission-Denied-Handling-chromium/video.webm
    ────────────────────────────────────────────────────────────────────────────────────────────────

    Error Context: ../../test-results/rbac-comprehensive-🚨-Secu-133ab--Permission-Denied-Handling-chromium/error-context.md
]]>
</failure>
<system-out>
<![CDATA[
[[ATTACHMENT|test-results/rbac-comprehensive-🚨-Secu-133ab--Permission-Denied-Handling-chromium/test-failed-1.png]]

[[ATTACHMENT|test-results/rbac-comprehensive-🚨-Secu-133ab--Permission-Denied-Handling-chromium/video.webm]]

[[ATTACHMENT|test-results/rbac-comprehensive-🚨-Secu-133ab--Permission-Denied-Handling-chromium/error-context.md]]
]]>
</system-out>
</testcase>
<testcase name="📊 Analytics and Reporting RBAC › Role-Based Analytics Access" classname="rbac-comprehensive.spec.ts" time="84.745">
<failure message="rbac-comprehensive.spec.ts:615:7 Role-Based Analytics Access" type="FAILURE">
<![CDATA[  [chromium] › rbac-comprehensive.spec.ts:615:7 › 📊 Analytics and Reporting RBAC › Role-Based Analytics Access 

    TimeoutError: page.fill: Timeout 60000ms exceeded.
    Call log:
      - waiting for locator('input[name="email"]')


      50 |   const user = testUsers[role];
      51 |   await page.goto('/auth/signin');
    > 52 |   await page.fill('input[name="email"]', user.email);
         |              ^
      53 |   await page.fill('input[name="password"]', user.password);
      54 |   await page.click('button[type="submit"]');
      55 |   await expect(page).toHaveURL(/\/dashboard/);
        at loginAsRole (/Users/asithalakmal/Documents/web/final project/WeddingLK-next copy/tests/e2e/rbac-comprehensive.spec.ts:52:14)
        at /Users/asithalakmal/Documents/web/final project/WeddingLK-next copy/tests/e2e/rbac-comprehensive.spec.ts:617:5

    attachment #1: screenshot (image/png) ──────────────────────────────────────────────────────────
    ../../test-results/rbac-comprehensive-📊-Anal-803d8-Role-Based-Analytics-Access-chromium/test-failed-1.png
    ────────────────────────────────────────────────────────────────────────────────────────────────

    attachment #2: video (video/webm) ──────────────────────────────────────────────────────────────
    ../../test-results/rbac-comprehensive-📊-Anal-803d8-Role-Based-Analytics-Access-chromium/video.webm
    ────────────────────────────────────────────────────────────────────────────────────────────────

    Error Context: ../../test-results/rbac-comprehensive-📊-Anal-803d8-Role-Based-Analytics-Access-chromium/error-context.md
]]>
</failure>
<system-out>
<![CDATA[
[[ATTACHMENT|test-results/rbac-comprehensive-📊-Anal-803d8-Role-Based-Analytics-Access-chromium/test-failed-1.png]]

[[ATTACHMENT|test-results/rbac-comprehensive-📊-Anal-803d8-Role-Based-Analytics-Access-chromium/video.webm]]

[[ATTACHMENT|test-results/rbac-comprehensive-📊-Anal-803d8-Role-Based-Analytics-Access-chromium/error-context.md]]
]]>
</system-out>
</testcase>
<testcase name="📊 Analytics and Reporting RBAC › Data Visibility Based on Role" classname="rbac-comprehensive.spec.ts" time="87.385">
<failure message="rbac-comprehensive.spec.ts:635:7 Data Visibility Based on Role" type="FAILURE">
<![CDATA[  [chromium] › rbac-comprehensive.spec.ts:635:7 › 📊 Analytics and Reporting RBAC › Data Visibility Based on Role 

    TimeoutError: page.fill: Timeout 60000ms exceeded.
    Call log:
      - waiting for locator('input[name="email"]')


      50 |   const user = testUsers[role];
      51 |   await page.goto('/auth/signin');
    > 52 |   await page.fill('input[name="email"]', user.email);
         |              ^
      53 |   await page.fill('input[name="password"]', user.password);
      54 |   await page.click('button[type="submit"]');
      55 |   await expect(page).toHaveURL(/\/dashboard/);
        at loginAsRole (/Users/asithalakmal/Documents/web/final project/WeddingLK-next copy/tests/e2e/rbac-comprehensive.spec.ts:52:14)
        at /Users/asithalakmal/Documents/web/final project/WeddingLK-next copy/tests/e2e/rbac-comprehensive.spec.ts:637:5

    attachment #1: screenshot (image/png) ──────────────────────────────────────────────────────────
    ../../test-results/rbac-comprehensive-📊-Anal-f385e-ta-Visibility-Based-on-Role-chromium/test-failed-1.png
    ────────────────────────────────────────────────────────────────────────────────────────────────

    attachment #2: video (video/webm) ──────────────────────────────────────────────────────────────
    ../../test-results/rbac-comprehensive-📊-Anal-f385e-ta-Visibility-Based-on-Role-chromium/video.webm
    ────────────────────────────────────────────────────────────────────────────────────────────────

    Error Context: ../../test-results/rbac-comprehensive-📊-Anal-f385e-ta-Visibility-Based-on-Role-chromium/error-context.md
]]>
</failure>
<system-out>
<![CDATA[
[[ATTACHMENT|test-results/rbac-comprehensive-📊-Anal-f385e-ta-Visibility-Based-on-Role-chromium/test-failed-1.png]]

[[ATTACHMENT|test-results/rbac-comprehensive-📊-Anal-f385e-ta-Visibility-Based-on-Role-chromium/video.webm]]

[[ATTACHMENT|test-results/rbac-comprehensive-📊-Anal-f385e-ta-Visibility-Based-on-Role-chromium/error-context.md]]
]]>
</system-out>
</testcase>
</testsuite>
<testsuite name="realistic-live-deployment.spec.ts" timestamp="2025-10-23T12:57:57.279Z" hostname="chromium" tests="14" failures="3" skipped="0" time="506.505" errors="0">
<testcase name="🚀 REALISTIC LIVE DEPLOYMENT TESTING › 🏠 HOMEPAGE - Realistic Frontend Testing" classname="realistic-live-deployment.spec.ts" time="21.982">
<system-out>
<![CDATA[🏠 Testing Homepage Components...
✅ Homepage testing completed successfully
]]>
</system-out>
</testcase>
<testcase name="🚀 REALISTIC LIVE DEPLOYMENT TESTING › 🔐 AUTHENTICATION - Realistic Auth Flow Testing" classname="realistic-live-deployment.spec.ts" time="20.036">
<system-out>
<![CDATA[🔐 Testing Authentication System...
ℹ️ Login page structure different than expected
ℹ️ Registration page structure different than expected
✅ Authentication testing completed
]]>
</system-out>
</testcase>
<testcase name="🚀 REALISTIC LIVE DEPLOYMENT TESTING › 🏢 VENUES - Realistic Venue Testing" classname="realistic-live-deployment.spec.ts" time="18.875">
<system-out>
<![CDATA[🏢 Testing Venues System...
ℹ️ Venues page structure different than expected
✅ Venues testing completed
]]>
</system-out>
</testcase>
<testcase name="🚀 REALISTIC LIVE DEPLOYMENT TESTING › 🏪 VENDORS - Realistic Vendor Testing" classname="realistic-live-deployment.spec.ts" time="24.152">
<system-out>
<![CDATA[🏪 Testing Vendors System...
ℹ️ Vendors page structure different than expected
✅ Vendors testing completed
]]>
</system-out>
</testcase>
<testcase name="🚀 REALISTIC LIVE DEPLOYMENT TESTING › 📱 FEED - Realistic Social Feed Testing" classname="realistic-live-deployment.spec.ts" time="32.706">
<system-out>
<![CDATA[📱 Testing Social Feed System...
ℹ️ Feed page structure different than expected
✅ Feed testing completed
]]>
</system-out>
</testcase>
<testcase name="🚀 REALISTIC LIVE DEPLOYMENT TESTING › 🖼️ GALLERY - Realistic Gallery Testing" classname="realistic-live-deployment.spec.ts" time="35.446">
<system-out>
<![CDATA[🖼️ Testing Gallery System...
✅ Gallery page found
✅ Found 5 gallery filters
✅ Gallery testing completed
]]>
</system-out>
</testcase>
<testcase name="🚀 REALISTIC LIVE DEPLOYMENT TESTING › 📊 DASHBOARD - Realistic Dashboard Testing" classname="realistic-live-deployment.spec.ts" time="22.988">
<system-out>
<![CDATA[📊 Testing Dashboard System...
✅ Dashboard correctly redirects to login when not authenticated
✅ Dashboard testing completed
]]>
</system-out>
</testcase>
<testcase name="🚀 REALISTIC LIVE DEPLOYMENT TESTING › 🔧 API ENDPOINTS - Realistic API Testing" classname="realistic-live-deployment.spec.ts" time="61.879">
<failure message="realistic-live-deployment.spec.ts:273:7 🔧 API ENDPOINTS - Realistic API Testing" type="FAILURE">
<![CDATA[  [chromium] › realistic-live-deployment.spec.ts:273:7 › 🚀 REALISTIC LIVE DEPLOYMENT TESTING › 🔧 API ENDPOINTS - Realistic API Testing 

    Test timeout of 60000ms exceeded.

    attachment #1: screenshot (image/png) ──────────────────────────────────────────────────────────
    ../../test-results/realistic-live-deployment--c664b-NTS---Realistic-API-Testing-chromium/test-failed-1.png
    ────────────────────────────────────────────────────────────────────────────────────────────────

    attachment #2: video (video/webm) ──────────────────────────────────────────────────────────────
    ../../test-results/realistic-live-deployment--c664b-NTS---Realistic-API-Testing-chromium/video.webm
    ────────────────────────────────────────────────────────────────────────────────────────────────

    Error Context: ../../test-results/realistic-live-deployment--c664b-NTS---Realistic-API-Testing-chromium/error-context.md
]]>
</failure>
<system-out>
<![CDATA[🔧 Testing API Endpoints...
❌ /api/health: Error - apiRequestContext.get: Target page, context or browser has been closed
Call log:
[2m  - → GET https://wedding-lk.vercel.app/api/health[22m
[2m    - user-agent: Mozilla/5.0 (Windows NT 10.0; Win64; x64) AppleWebKit/537.36 (KHTML, like Gecko) Chrome/141.0.7390.37 Safari/537.36[22m
[2m    - accept: */*[22m
[2m    - accept-encoding: gzip,deflate,br[22m

❌ /api/venues: Error - apiRequestContext.get: Test timeout of 60000ms exceeded.
❌ /api/vendors: Error - apiRequestContext.get: Test timeout of 60000ms exceeded.
❌ /api/posts: Error - apiRequestContext.get: Test timeout of 60000ms exceeded.
❌ /api/analytics: Error - apiRequestContext.get: Test timeout of 60000ms exceeded.
✅ API endpoints testing completed

[[ATTACHMENT|test-results/realistic-live-deployment--c664b-NTS---Realistic-API-Testing-chromium/test-failed-1.png]]

[[ATTACHMENT|test-results/realistic-live-deployment--c664b-NTS---Realistic-API-Testing-chromium/video.webm]]

[[ATTACHMENT|test-results/realistic-live-deployment--c664b-NTS---Realistic-API-Testing-chromium/error-context.md]]
]]>
</system-out>
</testcase>
<testcase name="🚀 REALISTIC LIVE DEPLOYMENT TESTING › 📱 RESPONSIVE DESIGN - Realistic Mobile Testing" classname="realistic-live-deployment.spec.ts" time="36.978">
<system-out>
<![CDATA[📱 Testing Responsive Design...
✅ Tablet viewport tested
✅ Desktop viewport tested
✅ Responsive design testing completed
]]>
</system-out>
</testcase>
<testcase name="🚀 REALISTIC LIVE DEPLOYMENT TESTING › 🎨 UI COMPONENTS - Realistic Component Testing" classname="realistic-live-deployment.spec.ts" time="33.907">
<system-out>
<![CDATA[🎨 Testing UI Components...
Found 28 buttons
Found 3 input fields
Found 18 links
Found 0 images
✅ UI components testing completed
]]>
</system-out>
</testcase>
<testcase name="🚀 REALISTIC LIVE DEPLOYMENT TESTING › ⚡ PERFORMANCE - Realistic Performance Testing" classname="realistic-live-deployment.spec.ts" time="30">
<system-out>
<![CDATA[⚡ Testing Performance...
Page load time: 4304ms
✅ Page loads within acceptable time
✅ Theme toggle responsive
✅ Performance testing completed
]]>
</system-out>
</testcase>
<testcase name="🚀 REALISTIC LIVE DEPLOYMENT TESTING › 🔍 ERROR HANDLING - Realistic Error Testing" classname="realistic-live-deployment.spec.ts" time="41.37">
<system-out>
<![CDATA[🔍 Testing Error Handling...
ℹ️ 404 page behavior different than expected
Invalid API endpoint status: 404
✅ Error handling testing completed
]]>
</system-out>
</testcase>
<testcase name="🚀 REALISTIC LIVE DEPLOYMENT TESTING › 🎯 FINAL INTEGRATION - Realistic System Integration" classname="realistic-live-deployment.spec.ts" time="62.779">
<failure message="realistic-live-deployment.spec.ts:433:7 🎯 FINAL INTEGRATION - Realistic System Integration" type="FAILURE">
<![CDATA[  [chromium] › realistic-live-deployment.spec.ts:433:7 › 🚀 REALISTIC LIVE DEPLOYMENT TESTING › 🎯 FINAL INTEGRATION - Realistic System Integration 

    Test timeout of 60000ms exceeded.

    Error: page.waitForLoadState: Test timeout of 60000ms exceeded.

      444 |       console.log(`Testing section: ${section}`);
      445 |       await page.goto(`${BASE_URL}${section}`);
    > 446 |       await page.waitForLoadState('networkidle');
          |                  ^
      447 |       
      448 |       // Verify page loaded successfully
      449 |       const pageTitle = await page.title();
        at /Users/asithalakmal/Documents/web/final project/WeddingLK-next copy/tests/e2e/realistic-live-deployment.spec.ts:446:18

    attachment #1: screenshot (image/png) ──────────────────────────────────────────────────────────
    ../../test-results/realistic-live-deployment--acc1c-ealistic-System-Integration-chromium/test-failed-1.png
    ────────────────────────────────────────────────────────────────────────────────────────────────

    attachment #2: video (video/webm) ──────────────────────────────────────────────────────────────
    ../../test-results/realistic-live-deployment--acc1c-ealistic-System-Integration-chromium/video.webm
    ────────────────────────────────────────────────────────────────────────────────────────────────

    Error Context: ../../test-results/realistic-live-deployment--acc1c-ealistic-System-Integration-chromium/error-context.md
]]>
</failure>
<system-out>
<![CDATA[🎯 Testing Complete System Integration...
Testing section: /venues
Page title: WeddingLK - Sri Lanka's Premier Wedding Planning Platform
Testing section: /vendors
Page title: WeddingLK - Sri Lanka's Premier Wedding Planning Platform
Testing section: /feed
Page title: WeddingLK - Sri Lanka's Premier Wedding Planning Platform
Testing section: /gallery
Page title: WeddingLK - Sri Lanka's Premier Wedding Planning Platform
Testing section: /about

[[ATTACHMENT|test-results/realistic-live-deployment--acc1c-ealistic-System-Integration-chromium/test-failed-1.png]]

[[ATTACHMENT|test-results/realistic-live-deployment--acc1c-ealistic-System-Integration-chromium/video.webm]]

[[ATTACHMENT|test-results/realistic-live-deployment--acc1c-ealistic-System-Integration-chromium/error-context.md]]
]]>
</system-out>
</testcase>
<testcase name="🚀 REALISTIC LIVE DEPLOYMENT TESTING › 📊 LIVE DEPLOYMENT STATUS REPORT" classname="realistic-live-deployment.spec.ts" time="63.407">
<failure message="realistic-live-deployment.spec.ts:463:7 📊 LIVE DEPLOYMENT STATUS REPORT" type="FAILURE">
<![CDATA[  [chromium] › realistic-live-deployment.spec.ts:463:7 › 🚀 REALISTIC LIVE DEPLOYMENT TESTING › 📊 LIVE DEPLOYMENT STATUS REPORT 

    Test timeout of 60000ms exceeded.

    attachment #1: screenshot (image/png) ──────────────────────────────────────────────────────────
    ../../test-results/realistic-live-deployment--2c52c-VE-DEPLOYMENT-STATUS-REPORT-chromium/test-failed-1.png
    ────────────────────────────────────────────────────────────────────────────────────────────────

    attachment #2: video (video/webm) ──────────────────────────────────────────────────────────────
    ../../test-results/realistic-live-deployment--2c52c-VE-DEPLOYMENT-STATUS-REPORT-chromium/video.webm
    ────────────────────────────────────────────────────────────────────────────────────────────────

    Error Context: ../../test-results/realistic-live-deployment--2c52c-VE-DEPLOYMENT-STATUS-REPORT-chromium/error-context.md
]]>
</failure>
<system-out>
<![CDATA[📊 Generating Live Deployment Status Report...
📊 LIVE DEPLOYMENT STATUS REPORT:
{
  "timestamp": "2025-10-23T14:10:05.420Z",
  "baseUrl": "https://wedding-lk.vercel.app",
  "tests": [
    {
      "name": "Homepage",
      "status": "PASS",
      "details": {
        "title": "WeddingLK - Sri Lanka's Premier Wedding Planning Platform",
        "url": "https://wedding-lk.vercel.app/",
        "hasNavigation": true,
        "hasHero": true,
        "hasFooter": true
      }
    },
    {
      "name": "Venues",
      "status": "PASS",
      "details": {
        "title": "WeddingLK - Sri Lanka's Premier Wedding Planning Platform",
        "url": "https://wedding-lk.vercel.app/venues",
        "hasContent": true
      }
    },
    {
      "name": "Vendors",
      "status": "PASS",
      "details": {
        "title": "WeddingLK - Sri Lanka's Premier Wedding Planning Platform",
        "url": "https://wedding-lk.vercel.app/vendors",
        "hasContent": true
      }
    },
    {
      "name": "Feed",
      "status": "PASS",
      "details": {
        "title": "WeddingLK - Sri Lanka's Premier Wedding Planning Platform",
        "url": "https://wedding-lk.vercel.app/feed",
        "hasContent": true
      }
    },
    {
      "name": "Gallery",
      "status": "PASS",
      "details": {
        "title": "WeddingLK - Sri Lanka's Premier Wedding Planning Platform",
        "url": "https://wedding-lk.vercel.app/gallery",
        "hasContent": true
      }
    },
    {
      "name": "Dashboard",
      "status": "PASS",
      "details": {
        "title": "WeddingLK - Sri Lanka's Premier Wedding Planning Platform",
        "url": "https://wedding-lk.vercel.app/login?callbackUrl=%2Fdashboard",
        "redirected": false
      }
    },
    {
      "name": "API Endpoints",
      "status": "MIXED",
      "details": {
        "/api/health": "ERROR",
        "/api/venues": "ERROR",
        "/api/vendors": "ERROR",
        "/api/posts": "ERROR"
      }
    }
  ]
}
✅ Live deployment status report generated

[[ATTACHMENT|test-results/realistic-live-deployment--2c52c-VE-DEPLOYMENT-STATUS-REPORT-chromium/test-failed-1.png]]

[[ATTACHMENT|test-results/realistic-live-deployment--2c52c-VE-DEPLOYMENT-STATUS-REPORT-chromium/video.webm]]

[[ATTACHMENT|test-results/realistic-live-deployment--2c52c-VE-DEPLOYMENT-STATUS-REPORT-chromium/error-context.md]]
]]>
</system-out>
</testcase>
</testsuite>
<testsuite name="simple.spec.ts" timestamp="2025-10-23T12:57:57.279Z" hostname="chromium" tests="5" failures="3" skipped="0" time="88.122" errors="0">
<testcase name="Simple Production Tests › Homepage loads and has basic content" classname="simple.spec.ts" time="23.41">
<failure message="simple.spec.ts:4:7 Homepage loads and has basic content" type="FAILURE">
<![CDATA[  [chromium] › simple.spec.ts:4:7 › Simple Production Tests › Homepage loads and has basic content ─

    Error: expect(locator).toBeVisible() failed

    Locator: locator('text=Wedding.lk')
    Expected: visible
    Error: strict mode violation: locator('text=Wedding.lk') resolved to 3 elements:
        1) <span class="text-xl font-bold text-gray-900 dark:text-white">Wedding.lk</span> aka getByRole('banner').getByRole('link', { name: 'Wedding.lk' })
        2) <span class="text-xl font-bold text-white">Wedding.lk</span> aka getByRole('main').getByRole('link', { name: 'Wedding.lk' })
        3) <p>© 2024 Wedding.lk. All rights reserved.</p> aka getByText('© 2024 Wedding.lk. All rights')

    Call log:
      - Expect "toBeVisible" with timeout 30000ms
      - waiting for locator('text=Wedding.lk')


      12 |     
      13 |     // Check that the Wedding.lk logo is visible somewhere on the page
    > 14 |     await expect(page.locator('text=Wedding.lk')).toBeVisible();
         |                                                   ^
      15 |   });
      16 |
      17 |   test('Page has navigation elements', async ({ page }) => {
        at /Users/asithalakmal/Documents/web/final project/WeddingLK-next copy/tests/e2e/simple.spec.ts:14:51

    attachment #1: screenshot (image/png) ──────────────────────────────────────────────────────────
    ../../test-results/simple-Simple-Production-T-a7c1e-loads-and-has-basic-content-chromium/test-failed-1.png
    ────────────────────────────────────────────────────────────────────────────────────────────────

    attachment #2: video (video/webm) ──────────────────────────────────────────────────────────────
    ../../test-results/simple-Simple-Production-T-a7c1e-loads-and-has-basic-content-chromium/video.webm
    ────────────────────────────────────────────────────────────────────────────────────────────────

    Error Context: ../../test-results/simple-Simple-Production-T-a7c1e-loads-and-has-basic-content-chromium/error-context.md
]]>
</failure>
<system-out>
<![CDATA[
[[ATTACHMENT|test-results/simple-Simple-Production-T-a7c1e-loads-and-has-basic-content-chromium/test-failed-1.png]]

[[ATTACHMENT|test-results/simple-Simple-Production-T-a7c1e-loads-and-has-basic-content-chromium/video.webm]]

[[ATTACHMENT|test-results/simple-Simple-Production-T-a7c1e-loads-and-has-basic-content-chromium/error-context.md]]
]]>
</system-out>
</testcase>
<testcase name="Simple Production Tests › Page has navigation elements" classname="simple.spec.ts" time="18.883">
<failure message="simple.spec.ts:17:7 Page has navigation elements" type="FAILURE">
<![CDATA[  [chromium] › simple.spec.ts:17:7 › Simple Production Tests › Page has navigation elements ────────

    Error: expect(locator).toBeVisible() failed

    Locator: locator('a[href="/venues"]')
    Expected: visible
    Error: strict mode violation: locator('a[href="/venues"]') resolved to 2 elements:
        1) <a href="/venues" class="text-gray-700 hover:text-rose-500 dark:text-gray-300 dark:hover:text-rose-400 font-medium transition-colors">Venues</a> aka getByRole('navigation').getByRole('link', { name: 'Venues' })
        2) <a href="/venues" class="hover:text-white transition-colors">Venues</a> aka getByRole('main').getByRole('link', { name: 'Venues' })

    Call log:
      - Expect "toBeVisible" with timeout 30000ms
      - waiting for locator('a[href="/venues"]')


      19 |     
      20 |     // Check that navigation elements exist (may be in different locations)
    > 21 |     await expect(page.locator('a[href="/venues"]')).toBeVisible();
         |                                                     ^
      22 |     await expect(page.locator('a[href="/gallery"]')).toBeVisible();
      23 |   });
      24 |
        at /Users/asithalakmal/Documents/web/final project/WeddingLK-next copy/tests/e2e/simple.spec.ts:21:53

    attachment #1: screenshot (image/png) ──────────────────────────────────────────────────────────
    ../../test-results/simple-Simple-Production-Tests-Page-has-navigation-elements-chromium/test-failed-1.png
    ────────────────────────────────────────────────────────────────────────────────────────────────

    attachment #2: video (video/webm) ──────────────────────────────────────────────────────────────
    ../../test-results/simple-Simple-Production-Tests-Page-has-navigation-elements-chromium/video.webm
    ────────────────────────────────────────────────────────────────────────────────────────────────

    Error Context: ../../test-results/simple-Simple-Production-Tests-Page-has-navigation-elements-chromium/error-context.md
]]>
</failure>
<system-out>
<![CDATA[
[[ATTACHMENT|test-results/simple-Simple-Production-Tests-Page-has-navigation-elements-chromium/test-failed-1.png]]

[[ATTACHMENT|test-results/simple-Simple-Production-Tests-Page-has-navigation-elements-chromium/video.webm]]

[[ATTACHMENT|test-results/simple-Simple-Production-Tests-Page-has-navigation-elements-chromium/error-context.md]]
]]>
</system-out>
</testcase>
<testcase name="Simple Production Tests › Page has footer content" classname="simple.spec.ts" time="20.684">
<failure message="simple.spec.ts:25:7 Page has footer content" type="FAILURE">
<![CDATA[  [chromium] › simple.spec.ts:25:7 › Simple Production Tests › Page has footer content ─────────────

    Error: expect(locator).toBeVisible() failed

    Locator: locator('text=Wedding.lk')
    Expected: visible
    Error: strict mode violation: locator('text=Wedding.lk') resolved to 3 elements:
        1) <span class="text-xl font-bold text-gray-900 dark:text-white">Wedding.lk</span> aka getByRole('banner').getByRole('link', { name: 'Wedding.lk' })
        2) <span class="text-xl font-bold text-white">Wedding.lk</span> aka getByRole('main').getByRole('link', { name: 'Wedding.lk' })
        3) <p>© 2024 Wedding.lk. All rights reserved.</p> aka getByText('© 2024 Wedding.lk. All rights')

    Call log:
      - Expect "toBeVisible" with timeout 30000ms
      - waiting for locator('text=Wedding.lk')


      30 |     
      31 |     // Check that footer content exists
    > 32 |     await expect(page.locator('text=Wedding.lk')).toBeVisible();
         |                                                   ^
      33 |     await expect(page.locator('text=2024')).toBeVisible();
      34 |   });
      35 |
        at /Users/asithalakmal/Documents/web/final project/WeddingLK-next copy/tests/e2e/simple.spec.ts:32:51

    attachment #1: screenshot (image/png) ──────────────────────────────────────────────────────────
    ../../test-results/simple-Simple-Production-Tests-Page-has-footer-content-chromium/test-failed-1.png
    ────────────────────────────────────────────────────────────────────────────────────────────────

    attachment #2: video (video/webm) ──────────────────────────────────────────────────────────────
    ../../test-results/simple-Simple-Production-Tests-Page-has-footer-content-chromium/video.webm
    ────────────────────────────────────────────────────────────────────────────────────────────────

    Error Context: ../../test-results/simple-Simple-Production-Tests-Page-has-footer-content-chromium/error-context.md
]]>
</failure>
<system-out>
<![CDATA[
[[ATTACHMENT|test-results/simple-Simple-Production-Tests-Page-has-footer-content-chromium/test-failed-1.png]]

[[ATTACHMENT|test-results/simple-Simple-Production-Tests-Page-has-footer-content-chromium/video.webm]]

[[ATTACHMENT|test-results/simple-Simple-Production-Tests-Page-has-footer-content-chromium/error-context.md]]
]]>
</system-out>
</testcase>
<testcase name="Simple Production Tests › Page is responsive" classname="simple.spec.ts" time="14.67">
</testcase>
<testcase name="Simple Production Tests › Page has correct metadata" classname="simple.spec.ts" time="10.475">
</testcase>
</testsuite>
<testsuite name="user-journey.spec.ts" timestamp="2025-10-23T12:57:57.279Z" hostname="chromium" tests="6" failures="6" skipped="0" time="447.523" errors="0">
<testcase name="💑 Complete Couple Wedding Planning Journey › End-to-End Wedding Planning Journey" classname="user-journey.spec.ts" time="79.433">
<failure message="user-journey.spec.ts:43:7 End-to-End Wedding Planning Journey" type="FAILURE">
<![CDATA[  [chromium] › user-journey.spec.ts:43:7 › 💑 Complete Couple Wedding Planning Journey › End-to-End Wedding Planning Journey 

    TimeoutError: page.fill: Timeout 60000ms exceeded.
    Call log:
      - waiting for locator('input[name="name"]')


      44 |     // Step 1: Registration and Profile Setup
      45 |     await page.goto('/auth/signup');
    > 46 |     await page.fill('input[name="name"]', journeyData.couple.name);
         |                ^
      47 |     await page.fill('input[name="email"]', journeyData.couple.email);
      48 |     await page.fill('input[name="password"]', journeyData.couple.password);
      49 |     await page.fill('input[name="confirmPassword"]', journeyData.couple.password);
        at /Users/asithalakmal/Documents/web/final project/WeddingLK-next copy/tests/e2e/user-journey.spec.ts:46:16

    attachment #1: screenshot (image/png) ──────────────────────────────────────────────────────────
    ../../test-results/user-journey-💑-Complete-C-f3f75-nd-Wedding-Planning-Journey-chromium/test-failed-1.png
    ────────────────────────────────────────────────────────────────────────────────────────────────

    attachment #2: video (video/webm) ──────────────────────────────────────────────────────────────
    ../../test-results/user-journey-💑-Complete-C-f3f75-nd-Wedding-Planning-Journey-chromium/video.webm
    ────────────────────────────────────────────────────────────────────────────────────────────────

    Error Context: ../../test-results/user-journey-💑-Complete-C-f3f75-nd-Wedding-Planning-Journey-chromium/error-context.md
]]>
</failure>
<system-out>
<![CDATA[
[[ATTACHMENT|test-results/user-journey-💑-Complete-C-f3f75-nd-Wedding-Planning-Journey-chromium/test-failed-1.png]]

[[ATTACHMENT|test-results/user-journey-💑-Complete-C-f3f75-nd-Wedding-Planning-Journey-chromium/video.webm]]

[[ATTACHMENT|test-results/user-journey-💑-Complete-C-f3f75-nd-Wedding-Planning-Journey-chromium/error-context.md]]
]]>
</system-out>
</testcase>
<testcase name="📸 Vendor Business Journey › Complete Vendor Onboarding and Management Journey" classname="user-journey.spec.ts" time="88.285">
<failure message="user-journey.spec.ts:186:7 Complete Vendor Onboarding and Management Journey" type="FAILURE">
<![CDATA[  [chromium] › user-journey.spec.ts:186:7 › 📸 Vendor Business Journey › Complete Vendor Onboarding and Management Journey 

    TimeoutError: page.fill: Timeout 60000ms exceeded.
    Call log:
      - waiting for locator('input[name="businessName"]')


      187 |     // Step 1: Vendor Registration
      188 |     await page.goto('/vendor/register');
    > 189 |     await page.fill('input[name="businessName"]', journeyData.photographer.businessName);
          |                ^
      190 |     await page.fill('input[name="email"]', journeyData.photographer.email);
      191 |     await page.fill('input[name="password"]', journeyData.photographer.password);
      192 |     await page.fill('input[name="phone"]', journeyData.photographer.phone);
        at /Users/asithalakmal/Documents/web/final project/WeddingLK-next copy/tests/e2e/user-journey.spec.ts:189:16

    attachment #1: screenshot (image/png) ──────────────────────────────────────────────────────────
    ../../test-results/user-journey-📸-Vendor-Bus-f59b2-ding-and-Management-Journey-chromium/test-failed-1.png
    ────────────────────────────────────────────────────────────────────────────────────────────────

    attachment #2: video (video/webm) ──────────────────────────────────────────────────────────────
    ../../test-results/user-journey-📸-Vendor-Bus-f59b2-ding-and-Management-Journey-chromium/video.webm
    ────────────────────────────────────────────────────────────────────────────────────────────────

    Error Context: ../../test-results/user-journey-📸-Vendor-Bus-f59b2-ding-and-Management-Journey-chromium/error-context.md
]]>
</failure>
<system-out>
<![CDATA[
[[ATTACHMENT|test-results/user-journey-📸-Vendor-Bus-f59b2-ding-and-Management-Journey-chromium/test-failed-1.png]]

[[ATTACHMENT|test-results/user-journey-📸-Vendor-Bus-f59b2-ding-and-Management-Journey-chromium/video.webm]]

[[ATTACHMENT|test-results/user-journey-📸-Vendor-Bus-f59b2-ding-and-Management-Journey-chromium/error-context.md]]
]]>
</system-out>
</testcase>
<testcase name="👰 Wedding Planner Professional Journey › Complete Wedding Planner Workflow" classname="user-journey.spec.ts" time="81.966">
<failure message="user-journey.spec.ts:308:7 Complete Wedding Planner Workflow" type="FAILURE">
<![CDATA[  [chromium] › user-journey.spec.ts:308:7 › 👰 Wedding Planner Professional Journey › Complete Wedding Planner Workflow 

    TimeoutError: page.fill: Timeout 60000ms exceeded.
    Call log:
      - waiting for locator('input[name="name"]')


      309 |     // Step 1: Planner Registration and Setup
      310 |     await page.goto('/auth/signup');
    > 311 |     await page.fill('input[name="name"]', 'Emma Wedding Planner');
          |                ^
      312 |     await page.fill('input[name="email"]', 'planner@test.com');
      313 |     await page.fill('input[name="password"]', 'PlannerPass123!');
      314 |     await page.fill('input[name="confirmPassword"]', 'PlannerPass123!');
        at /Users/asithalakmal/Documents/web/final project/WeddingLK-next copy/tests/e2e/user-journey.spec.ts:311:16

    attachment #1: screenshot (image/png) ──────────────────────────────────────────────────────────
    ../../test-results/user-journey-👰-Wedding-Pl-e1fa7-te-Wedding-Planner-Workflow-chromium/test-failed-1.png
    ────────────────────────────────────────────────────────────────────────────────────────────────

    attachment #2: video (video/webm) ──────────────────────────────────────────────────────────────
    ../../test-results/user-journey-👰-Wedding-Pl-e1fa7-te-Wedding-Planner-Workflow-chromium/video.webm
    ────────────────────────────────────────────────────────────────────────────────────────────────

    Error Context: ../../test-results/user-journey-👰-Wedding-Pl-e1fa7-te-Wedding-Planner-Workflow-chromium/error-context.md
]]>
</failure>
<system-out>
<![CDATA[
[[ATTACHMENT|test-results/user-journey-👰-Wedding-Pl-e1fa7-te-Wedding-Planner-Workflow-chromium/test-failed-1.png]]

[[ATTACHMENT|test-results/user-journey-👰-Wedding-Pl-e1fa7-te-Wedding-Planner-Workflow-chromium/video.webm]]

[[ATTACHMENT|test-results/user-journey-👰-Wedding-Pl-e1fa7-te-Wedding-Planner-Workflow-chromium/error-context.md]]
]]>
</system-out>
</testcase>
<testcase name="👑 Admin Platform Management Journey › Complete Admin Platform Management" classname="user-journey.spec.ts" time="81.629">
<failure message="user-journey.spec.ts:442:7 Complete Admin Platform Management" type="FAILURE">
<![CDATA[  [chromium] › user-journey.spec.ts:442:7 › 👑 Admin Platform Management Journey › Complete Admin Platform Management 

    TimeoutError: page.fill: Timeout 60000ms exceeded.
    Call log:
      - waiting for locator('input[name="email"]')


      443 |     // Step 1: Admin Login
      444 |     await page.goto('/auth/signin');
    > 445 |     await page.fill('input[name="email"]', 'admin@test.com');
          |                ^
      446 |     await page.fill('input[name="password"]', 'AdminPass123!');
      447 |     await page.click('button[type="submit"]');
      448 |     await expect(page).toHaveURL(/\/dashboard/);
        at /Users/asithalakmal/Documents/web/final project/WeddingLK-next copy/tests/e2e/user-journey.spec.ts:445:16

    attachment #1: screenshot (image/png) ──────────────────────────────────────────────────────────
    ../../test-results/user-journey-👑-Admin-Plat-9a1c7-e-Admin-Platform-Management-chromium/test-failed-1.png
    ────────────────────────────────────────────────────────────────────────────────────────────────

    attachment #2: video (video/webm) ──────────────────────────────────────────────────────────────
    ../../test-results/user-journey-👑-Admin-Plat-9a1c7-e-Admin-Platform-Management-chromium/video.webm
    ────────────────────────────────────────────────────────────────────────────────────────────────

    Error Context: ../../test-results/user-journey-👑-Admin-Plat-9a1c7-e-Admin-Platform-Management-chromium/error-context.md
]]>
</failure>
<system-out>
<![CDATA[
[[ATTACHMENT|test-results/user-journey-👑-Admin-Plat-9a1c7-e-Admin-Platform-Management-chromium/test-failed-1.png]]

[[ATTACHMENT|test-results/user-journey-👑-Admin-Plat-9a1c7-e-Admin-Platform-Management-chromium/video.webm]]

[[ATTACHMENT|test-results/user-journey-👑-Admin-Plat-9a1c7-e-Admin-Platform-Management-chromium/error-context.md]]
]]>
</system-out>
</testcase>
<testcase name="🔄 Cross-Platform Integration Journey › Mobile and Web Integration" classname="user-journey.spec.ts" time="77.393">
<failure message="user-journey.spec.ts:555:7 Mobile and Web Integration" type="FAILURE">
<![CDATA[  [chromium] › user-journey.spec.ts:555:7 › 🔄 Cross-Platform Integration Journey › Mobile and Web Integration 

    TimeoutError: page.fill: Timeout 60000ms exceeded.
    Call log:
      - waiting for locator('input[name="email"]')


      559 |     // Mobile login
      560 |     await page.goto('/auth/signin');
    > 561 |     await page.fill('input[name="email"]', journeyData.couple.email);
          |                ^
      562 |     await page.fill('input[name="password"]', journeyData.couple.password);
      563 |     await page.click('button[type="submit"]');
      564 |     await expect(page).toHaveURL(/\/dashboard/);
        at /Users/asithalakmal/Documents/web/final project/WeddingLK-next copy/tests/e2e/user-journey.spec.ts:561:16

    attachment #1: screenshot (image/png) ──────────────────────────────────────────────────────────
    ../../test-results/user-journey-🔄-Cross-Plat-3bd25--Mobile-and-Web-Integration-chromium/test-failed-1.png
    ────────────────────────────────────────────────────────────────────────────────────────────────

    attachment #2: video (video/webm) ──────────────────────────────────────────────────────────────
    ../../test-results/user-journey-🔄-Cross-Plat-3bd25--Mobile-and-Web-Integration-chromium/video.webm
    ────────────────────────────────────────────────────────────────────────────────────────────────

    Error Context: ../../test-results/user-journey-🔄-Cross-Plat-3bd25--Mobile-and-Web-Integration-chromium/error-context.md
]]>
</failure>
<system-out>
<![CDATA[
[[ATTACHMENT|test-results/user-journey-🔄-Cross-Plat-3bd25--Mobile-and-Web-Integration-chromium/test-failed-1.png]]

[[ATTACHMENT|test-results/user-journey-🔄-Cross-Plat-3bd25--Mobile-and-Web-Integration-chromium/video.webm]]

[[ATTACHMENT|test-results/user-journey-🔄-Cross-Plat-3bd25--Mobile-and-Web-Integration-chromium/error-context.md]]
]]>
</system-out>
</testcase>
<testcase name="🚨 Error Handling and Recovery Journey › Application Error Recovery" classname="user-journey.spec.ts" time="38.817">
<failure message="user-journey.spec.ts:597:7 Application Error Recovery" type="FAILURE">
<![CDATA[  [chromium] › user-journey.spec.ts:597:7 › 🚨 Error Handling and Recovery Journey › Application Error Recovery 

    Error: expect(locator).toBeVisible() failed

    Locator: locator('text=Unable to load venues')
    Expected: visible
    Timeout: 30000ms
    Error: element(s) not found

    Call log:
      - Expect "toBeVisible" with timeout 30000ms
      - waiting for locator('text=Unable to load venues')


      600 |     
      601 |     await page.goto('/venues');
    > 602 |     await expect(page.locator('text=Unable to load venues')).toBeVisible();
          |                                                              ^
      603 |     await expect(page.locator('button:has-text("Retry")')).toBeVisible();
      604 |     
      605 |     // Test retry functionality
        at /Users/asithalakmal/Documents/web/final project/WeddingLK-next copy/tests/e2e/user-journey.spec.ts:602:62

    attachment #1: screenshot (image/png) ──────────────────────────────────────────────────────────
    ../../test-results/user-journey-🚨-Error-Hand-919af--Application-Error-Recovery-chromium/test-failed-1.png
    ────────────────────────────────────────────────────────────────────────────────────────────────

    attachment #2: video (video/webm) ──────────────────────────────────────────────────────────────
    ../../test-results/user-journey-🚨-Error-Hand-919af--Application-Error-Recovery-chromium/video.webm
    ────────────────────────────────────────────────────────────────────────────────────────────────

    Error Context: ../../test-results/user-journey-🚨-Error-Hand-919af--Application-Error-Recovery-chromium/error-context.md
]]>
</failure>
<system-out>
<![CDATA[
[[ATTACHMENT|test-results/user-journey-🚨-Error-Hand-919af--Application-Error-Recovery-chromium/test-failed-1.png]]

[[ATTACHMENT|test-results/user-journey-🚨-Error-Hand-919af--Application-Error-Recovery-chromium/video.webm]]

[[ATTACHMENT|test-results/user-journey-🚨-Error-Hand-919af--Application-Error-Recovery-chromium/error-context.md]]
]]>
</system-out>
</testcase>
</testsuite>
<testsuite name="vendor.spec.ts" timestamp="2025-10-23T12:57:57.279Z" hostname="chromium" tests="5" failures="5" skipped="0" time="390.532" errors="0">
<testcase name="Vendor Management › Vendor registration and onboarding" classname="vendor.spec.ts" time="75.735">
<failure message="vendor.spec.ts:5:7 Vendor registration and onboarding" type="FAILURE">
<![CDATA[  [chromium] › vendor.spec.ts:5:7 › Vendor Management › Vendor registration and onboarding ─────────

    TimeoutError: page.fill: Timeout 60000ms exceeded.
    Call log:
      - waiting for locator('input[name="name"]')


      14 |     // Register as vendor
      15 |     await page.goto('/vendor/register');
    > 16 |     await page.fill('input[name="name"]', vendor.name);
         |                ^
      17 |     await page.fill('input[name="email"]', vendor.email);
      18 |     await page.fill('input[name="businessName"]', vendor.businessName);
      19 |     await page.fill('input[name="phone"]', vendor.phone);
        at /Users/asithalakmal/Documents/web/final project/WeddingLK-next copy/tests/e2e/vendor.spec.ts:16:16

    attachment #1: screenshot (image/png) ──────────────────────────────────────────────────────────
    ../../test-results/vendor-Vendor-Management-Vendor-registration-and-onboarding-chromium/test-failed-1.png
    ────────────────────────────────────────────────────────────────────────────────────────────────

    attachment #2: video (video/webm) ──────────────────────────────────────────────────────────────
    ../../test-results/vendor-Vendor-Management-Vendor-registration-and-onboarding-chromium/video.webm
    ────────────────────────────────────────────────────────────────────────────────────────────────

    Error Context: ../../test-results/vendor-Vendor-Management-Vendor-registration-and-onboarding-chromium/error-context.md
]]>
</failure>
<system-out>
<![CDATA[
[[ATTACHMENT|test-results/vendor-Vendor-Management-Vendor-registration-and-onboarding-chromium/test-failed-1.png]]

[[ATTACHMENT|test-results/vendor-Vendor-Management-Vendor-registration-and-onboarding-chromium/video.webm]]

[[ATTACHMENT|test-results/vendor-Vendor-Management-Vendor-registration-and-onboarding-chromium/error-context.md]]
]]>
</system-out>
</testcase>
<testcase name="Vendor Management › Vendor service creation and portfolio upload" classname="vendor.spec.ts" time="77.816">
<failure message="vendor.spec.ts:39:7 Vendor service creation and portfolio upload" type="FAILURE">
<![CDATA[  [chromium] › vendor.spec.ts:39:7 › Vendor Management › Vendor service creation and portfolio upload 

    TimeoutError: page.fill: Timeout 60000ms exceeded.
    Call log:
      - waiting for locator('input[name="email"]')


      40 |     // Login as vendor
      41 |     await page.goto('/auth/signin');
    > 42 |     await page.fill('input[name="email"]', process.env.TEST_VENDOR_EMAIL || 'vendor@test.local');
         |                ^
      43 |     await page.fill('input[name="password"]', process.env.TEST_VENDOR_PASSWORD || 'VendorPass123!');
      44 |     await page.click('button[type="submit"]');
      45 |     await expect(page).toHaveURL(/\/dashboard/);
        at /Users/asithalakmal/Documents/web/final project/WeddingLK-next copy/tests/e2e/vendor.spec.ts:42:16

    attachment #1: screenshot (image/png) ──────────────────────────────────────────────────────────
    ../../test-results/vendor-Vendor-Management-V-1cf6a-eation-and-portfolio-upload-chromium/test-failed-1.png
    ────────────────────────────────────────────────────────────────────────────────────────────────

    attachment #2: video (video/webm) ──────────────────────────────────────────────────────────────
    ../../test-results/vendor-Vendor-Management-V-1cf6a-eation-and-portfolio-upload-chromium/video.webm
    ────────────────────────────────────────────────────────────────────────────────────────────────

    Error Context: ../../test-results/vendor-Vendor-Management-V-1cf6a-eation-and-portfolio-upload-chromium/error-context.md
]]>
</failure>
<system-out>
<![CDATA[
[[ATTACHMENT|test-results/vendor-Vendor-Management-V-1cf6a-eation-and-portfolio-upload-chromium/test-failed-1.png]]

[[ATTACHMENT|test-results/vendor-Vendor-Management-V-1cf6a-eation-and-portfolio-upload-chromium/video.webm]]

[[ATTACHMENT|test-results/vendor-Vendor-Management-V-1cf6a-eation-and-portfolio-upload-chromium/error-context.md]]
]]>
</system-out>
</testcase>
<testcase name="Vendor Management › Vendor booking management" classname="vendor.spec.ts" time="78.041">
<failure message="vendor.spec.ts:67:7 Vendor booking management" type="FAILURE">
<![CDATA[  [chromium] › vendor.spec.ts:67:7 › Vendor Management › Vendor booking management ─────────────────

    TimeoutError: page.fill: Timeout 60000ms exceeded.
    Call log:
      - waiting for locator('input[name="email"]')


      68 |     // Login as vendor
      69 |     await page.goto('/auth/signin');
    > 70 |     await page.fill('input[name="email"]', process.env.TEST_VENDOR_EMAIL || 'vendor@test.local');
         |                ^
      71 |     await page.fill('input[name="password"]', process.env.TEST_VENDOR_PASSWORD || 'VendorPass123!');
      72 |     await page.click('button[type="submit"]');
      73 |     await expect(page).toHaveURL(/\/dashboard/);
        at /Users/asithalakmal/Documents/web/final project/WeddingLK-next copy/tests/e2e/vendor.spec.ts:70:16

    attachment #1: screenshot (image/png) ──────────────────────────────────────────────────────────
    ../../test-results/vendor-Vendor-Management-Vendor-booking-management-chromium/test-failed-1.png
    ────────────────────────────────────────────────────────────────────────────────────────────────

    attachment #2: video (video/webm) ──────────────────────────────────────────────────────────────
    ../../test-results/vendor-Vendor-Management-Vendor-booking-management-chromium/video.webm
    ────────────────────────────────────────────────────────────────────────────────────────────────

    Error Context: ../../test-results/vendor-Vendor-Management-Vendor-booking-management-chromium/error-context.md
]]>
</failure>
<system-out>
<![CDATA[
[[ATTACHMENT|test-results/vendor-Vendor-Management-Vendor-booking-management-chromium/test-failed-1.png]]

[[ATTACHMENT|test-results/vendor-Vendor-Management-Vendor-booking-management-chromium/video.webm]]

[[ATTACHMENT|test-results/vendor-Vendor-Management-Vendor-booking-management-chromium/error-context.md]]
]]>
</system-out>
</testcase>
<testcase name="Vendor Management › Vendor profile and portfolio management" classname="vendor.spec.ts" time="81.687">
<failure message="vendor.spec.ts:106:7 Vendor profile and portfolio management" type="FAILURE">
<![CDATA[  [chromium] › vendor.spec.ts:106:7 › Vendor Management › Vendor profile and portfolio management ──

    TimeoutError: page.fill: Timeout 60000ms exceeded.
    Call log:
      - waiting for locator('input[name="email"]')


      107 |     // Login as vendor
      108 |     await page.goto('/auth/signin');
    > 109 |     await page.fill('input[name="email"]', process.env.TEST_VENDOR_EMAIL || 'vendor@test.local');
          |                ^
      110 |     await page.fill('input[name="password"]', process.env.TEST_VENDOR_PASSWORD || 'VendorPass123!');
      111 |     await page.click('button[type="submit"]');
      112 |     await expect(page).toHaveURL(/\/dashboard/);
        at /Users/asithalakmal/Documents/web/final project/WeddingLK-next copy/tests/e2e/vendor.spec.ts:109:16

    attachment #1: screenshot (image/png) ──────────────────────────────────────────────────────────
    ../../test-results/vendor-Vendor-Management-V-1bdb8-le-and-portfolio-management-chromium/test-failed-1.png
    ────────────────────────────────────────────────────────────────────────────────────────────────

    attachment #2: video (video/webm) ──────────────────────────────────────────────────────────────
    ../../test-results/vendor-Vendor-Management-V-1bdb8-le-and-portfolio-management-chromium/video.webm
    ────────────────────────────────────────────────────────────────────────────────────────────────

    Error Context: ../../test-results/vendor-Vendor-Management-V-1bdb8-le-and-portfolio-management-chromium/error-context.md
]]>
</failure>
<system-out>
<![CDATA[
[[ATTACHMENT|test-results/vendor-Vendor-Management-V-1bdb8-le-and-portfolio-management-chromium/test-failed-1.png]]

[[ATTACHMENT|test-results/vendor-Vendor-Management-V-1bdb8-le-and-portfolio-management-chromium/video.webm]]

[[ATTACHMENT|test-results/vendor-Vendor-Management-V-1bdb8-le-and-portfolio-management-chromium/error-context.md]]
]]>
</system-out>
</testcase>
<testcase name="Vendor Management › Vendor analytics and performance tracking" classname="vendor.spec.ts" time="77.253">
<failure message="vendor.spec.ts:127:7 Vendor analytics and performance tracking" type="FAILURE">
<![CDATA[  [chromium] › vendor.spec.ts:127:7 › Vendor Management › Vendor analytics and performance tracking 

    TimeoutError: page.fill: Timeout 60000ms exceeded.
    Call log:
      - waiting for locator('input[name="email"]')


      128 |     // Login as vendor
      129 |     await page.goto('/auth/signin');
    > 130 |     await page.fill('input[name="email"]', process.env.TEST_VENDOR_EMAIL || 'vendor@test.local');
          |                ^
      131 |     await page.fill('input[name="password"]', process.env.TEST_VENDOR_PASSWORD || 'VendorPass123!');
      132 |     await page.click('button[type="submit"]');
      133 |     await expect(page).toHaveURL(/\/dashboard/);
        at /Users/asithalakmal/Documents/web/final project/WeddingLK-next copy/tests/e2e/vendor.spec.ts:130:16

    attachment #1: screenshot (image/png) ──────────────────────────────────────────────────────────
    ../../test-results/vendor-Vendor-Management-V-453fa-cs-and-performance-tracking-chromium/test-failed-1.png
    ────────────────────────────────────────────────────────────────────────────────────────────────

    attachment #2: video (video/webm) ──────────────────────────────────────────────────────────────
    ../../test-results/vendor-Vendor-Management-V-453fa-cs-and-performance-tracking-chromium/video.webm
    ────────────────────────────────────────────────────────────────────────────────────────────────

    Error Context: ../../test-results/vendor-Vendor-Management-V-453fa-cs-and-performance-tracking-chromium/error-context.md
]]>
</failure>
<system-out>
<![CDATA[
[[ATTACHMENT|test-results/vendor-Vendor-Management-V-453fa-cs-and-performance-tracking-chromium/test-failed-1.png]]

[[ATTACHMENT|test-results/vendor-Vendor-Management-V-453fa-cs-and-performance-tracking-chromium/video.webm]]

[[ATTACHMENT|test-results/vendor-Vendor-Management-V-453fa-cs-and-performance-tracking-chromium/error-context.md]]
]]>
</system-out>
</testcase>
</testsuite>
<testsuite name="venue.spec.ts" timestamp="2025-10-23T12:57:57.279Z" hostname="chromium" tests="6" failures="6" skipped="0" time="474.693" errors="0">
<testcase name="Venue Management › Venue search and filtering" classname="venue.spec.ts" time="79.837">
<failure message="venue.spec.ts:5:7 Venue search and filtering" type="FAILURE">
<![CDATA[  [chromium] › venue.spec.ts:5:7 › Venue Management › Venue search and filtering ───────────────────

    TimeoutError: page.fill: Timeout 60000ms exceeded.
    Call log:
      - waiting for locator('input[placeholder*="Search venues"], input[name="search"]')


       7 |     
       8 |     // Search for venues
    >  9 |     await page.fill('input[placeholder*="Search venues"], input[name="search"]', 'Colombo');
         |                ^
      10 |     await page.click('button[type="submit"], button:has-text("Search")');
      11 |     
      12 |     // Apply filters
        at /Users/asithalakmal/Documents/web/final project/WeddingLK-next copy/tests/e2e/venue.spec.ts:9:16

    attachment #1: screenshot (image/png) ──────────────────────────────────────────────────────────
    ../../test-results/venue-Venue-Management-Venue-search-and-filtering-chromium/test-failed-1.png
    ────────────────────────────────────────────────────────────────────────────────────────────────

    attachment #2: video (video/webm) ──────────────────────────────────────────────────────────────
    ../../test-results/venue-Venue-Management-Venue-search-and-filtering-chromium/video.webm
    ────────────────────────────────────────────────────────────────────────────────────────────────

    Error Context: ../../test-results/venue-Venue-Management-Venue-search-and-filtering-chromium/error-context.md
]]>
</failure>
<system-out>
<![CDATA[
[[ATTACHMENT|test-results/venue-Venue-Management-Venue-search-and-filtering-chromium/test-failed-1.png]]

[[ATTACHMENT|test-results/venue-Venue-Management-Venue-search-and-filtering-chromium/video.webm]]

[[ATTACHMENT|test-results/venue-Venue-Management-Venue-search-and-filtering-chromium/error-context.md]]
]]>
</system-out>
</testcase>
<testcase name="Venue Management › Venue details and booking inquiry" classname="venue.spec.ts" time="77.723">
<failure message="venue.spec.ts:24:7 Venue details and booking inquiry" type="FAILURE">
<![CDATA[  [chromium] › venue.spec.ts:24:7 › Venue Management › Venue details and booking inquiry ───────────

    TimeoutError: page.click: Timeout 60000ms exceeded.
    Call log:
      - waiting for locator('.venue-card:first-child, [data-testid="venue-card"]:first-child')


      26 |     
      27 |     // Click on first venue
    > 28 |     await page.click('.venue-card:first-child, [data-testid="venue-card"]:first-child');
         |                ^
      29 |     await expect(page).toHaveURL(/\/venues\/\d+/);
      30 |     
      31 |     // Check venue details
        at /Users/asithalakmal/Documents/web/final project/WeddingLK-next copy/tests/e2e/venue.spec.ts:28:16

    attachment #1: screenshot (image/png) ──────────────────────────────────────────────────────────
    ../../test-results/venue-Venue-Management-Venue-details-and-booking-inquiry-chromium/test-failed-1.png
    ────────────────────────────────────────────────────────────────────────────────────────────────

    attachment #2: video (video/webm) ──────────────────────────────────────────────────────────────
    ../../test-results/venue-Venue-Management-Venue-details-and-booking-inquiry-chromium/video.webm
    ────────────────────────────────────────────────────────────────────────────────────────────────

    Error Context: ../../test-results/venue-Venue-Management-Venue-details-and-booking-inquiry-chromium/error-context.md
]]>
</failure>
<system-out>
<![CDATA[
[[ATTACHMENT|test-results/venue-Venue-Management-Venue-details-and-booking-inquiry-chromium/test-failed-1.png]]

[[ATTACHMENT|test-results/venue-Venue-Management-Venue-details-and-booking-inquiry-chromium/video.webm]]

[[ATTACHMENT|test-results/venue-Venue-Management-Venue-details-and-booking-inquiry-chromium/error-context.md]]
]]>
</system-out>
</testcase>
<testcase name="Venue Management › Venue availability calendar" classname="venue.spec.ts" time="77.855">
<failure message="venue.spec.ts:60:7 Venue availability calendar" type="FAILURE">
<![CDATA[  [chromium] › venue.spec.ts:60:7 › Venue Management › Venue availability calendar ─────────────────

    TimeoutError: page.click: Timeout 60000ms exceeded.
    Call log:
      - waiting for locator('.venue-card:first-child, [data-testid="venue-card"]:first-child')


      60 |   test('Venue availability calendar', async ({ page }) => {
      61 |     await page.goto('/venues');
    > 62 |     await page.click('.venue-card:first-child, [data-testid="venue-card"]:first-child');
         |                ^
      63 |     
      64 |     // Check availability calendar
      65 |     await page.click('text=Check Availability, [data-testid="availability-button"]');
        at /Users/asithalakmal/Documents/web/final project/WeddingLK-next copy/tests/e2e/venue.spec.ts:62:16

    attachment #1: screenshot (image/png) ──────────────────────────────────────────────────────────
    ../../test-results/venue-Venue-Management-Venue-availability-calendar-chromium/test-failed-1.png
    ────────────────────────────────────────────────────────────────────────────────────────────────

    attachment #2: video (video/webm) ──────────────────────────────────────────────────────────────
    ../../test-results/venue-Venue-Management-Venue-availability-calendar-chromium/video.webm
    ────────────────────────────────────────────────────────────────────────────────────────────────

    Error Context: ../../test-results/venue-Venue-Management-Venue-availability-calendar-chromium/error-context.md
]]>
</failure>
<system-out>
<![CDATA[
[[ATTACHMENT|test-results/venue-Venue-Management-Venue-availability-calendar-chromium/test-failed-1.png]]

[[ATTACHMENT|test-results/venue-Venue-Management-Venue-availability-calendar-chromium/video.webm]]

[[ATTACHMENT|test-results/venue-Venue-Management-Venue-availability-calendar-chromium/error-context.md]]
]]>
</system-out>
</testcase>
<testcase name="Venue Management › Venue reviews and ratings" classname="venue.spec.ts" time="76.093">
<failure message="venue.spec.ts:73:7 Venue reviews and ratings" type="FAILURE">
<![CDATA[  [chromium] › venue.spec.ts:73:7 › Venue Management › Venue reviews and ratings ───────────────────

    TimeoutError: page.click: Timeout 60000ms exceeded.
    Call log:
      - waiting for locator('.venue-card:first-child, [data-testid="venue-card"]:first-child')


      73 |   test('Venue reviews and ratings', async ({ page }) => {
      74 |     await page.goto('/venues');
    > 75 |     await page.click('.venue-card:first-child, [data-testid="venue-card"]:first-child');
         |                ^
      76 |     
      77 |     // Check reviews section
      78 |     await page.click('text=Reviews, [data-testid="reviews-tab"]');
        at /Users/asithalakmal/Documents/web/final project/WeddingLK-next copy/tests/e2e/venue.spec.ts:75:16

    attachment #1: screenshot (image/png) ──────────────────────────────────────────────────────────
    ../../test-results/venue-Venue-Management-Venue-reviews-and-ratings-chromium/test-failed-1.png
    ────────────────────────────────────────────────────────────────────────────────────────────────

    attachment #2: video (video/webm) ──────────────────────────────────────────────────────────────
    ../../test-results/venue-Venue-Management-Venue-reviews-and-ratings-chromium/video.webm
    ────────────────────────────────────────────────────────────────────────────────────────────────

    Error Context: ../../test-results/venue-Venue-Management-Venue-reviews-and-ratings-chromium/error-context.md
]]>
</failure>
<system-out>
<![CDATA[
[[ATTACHMENT|test-results/venue-Venue-Management-Venue-reviews-and-ratings-chromium/test-failed-1.png]]

[[ATTACHMENT|test-results/venue-Venue-Management-Venue-reviews-and-ratings-chromium/video.webm]]

[[ATTACHMENT|test-results/venue-Venue-Management-Venue-reviews-and-ratings-chromium/error-context.md]]
]]>
</system-out>
</testcase>
<testcase name="Venue Management › Venue owner management" classname="venue.spec.ts" time="77.791">
<failure message="venue.spec.ts:85:7 Venue owner management" type="FAILURE">
<![CDATA[  [chromium] › venue.spec.ts:85:7 › Venue Management › Venue owner management ──────────────────────

    TimeoutError: page.fill: Timeout 60000ms exceeded.
    Call log:
      - waiting for locator('input[name="email"]')


      86 |     // Login as venue owner
      87 |     await page.goto('/auth/signin');
    > 88 |     await page.fill('input[name="email"]', process.env.TEST_VENUE_OWNER_EMAIL || 'venue@test.local');
         |                ^
      89 |     await page.fill('input[name="password"]', process.env.TEST_VENUE_OWNER_PASSWORD || 'VenuePass123!');
      90 |     await page.click('button[type="submit"]');
      91 |     await expect(page).toHaveURL(/\/dashboard/);
        at /Users/asithalakmal/Documents/web/final project/WeddingLK-next copy/tests/e2e/venue.spec.ts:88:16

    attachment #1: screenshot (image/png) ──────────────────────────────────────────────────────────
    ../../test-results/venue-Venue-Management-Venue-owner-management-chromium/test-failed-1.png
    ────────────────────────────────────────────────────────────────────────────────────────────────

    attachment #2: video (video/webm) ──────────────────────────────────────────────────────────────
    ../../test-results/venue-Venue-Management-Venue-owner-management-chromium/video.webm
    ────────────────────────────────────────────────────────────────────────────────────────────────

    Error Context: ../../test-results/venue-Venue-Management-Venue-owner-management-chromium/error-context.md
]]>
</failure>
<system-out>
<![CDATA[
[[ATTACHMENT|test-results/venue-Venue-Management-Venue-owner-management-chromium/test-failed-1.png]]

[[ATTACHMENT|test-results/venue-Venue-Management-Venue-owner-management-chromium/video.webm]]

[[ATTACHMENT|test-results/venue-Venue-Management-Venue-owner-management-chromium/error-context.md]]
]]>
</system-out>
</testcase>
<testcase name="Venue Management › Venue booking management" classname="venue.spec.ts" time="85.394">
<failure message="venue.spec.ts:123:7 Venue booking management" type="FAILURE">
<![CDATA[  [chromium] › venue.spec.ts:123:7 › Venue Management › Venue booking management ───────────────────

    TimeoutError: page.fill: Timeout 60000ms exceeded.
    Call log:
      - waiting for locator('input[name="email"]')


      124 |     // Login as venue owner
      125 |     await page.goto('/auth/signin');
    > 126 |     await page.fill('input[name="email"]', process.env.TEST_VENUE_OWNER_EMAIL || 'venue@test.local');
          |                ^
      127 |     await page.fill('input[name="password"]', process.env.TEST_VENUE_OWNER_PASSWORD || 'VenuePass123!');
      128 |     await page.click('button[type="submit"]');
      129 |     await expect(page).toHaveURL(/\/dashboard/);
        at /Users/asithalakmal/Documents/web/final project/WeddingLK-next copy/tests/e2e/venue.spec.ts:126:16

    attachment #1: screenshot (image/png) ──────────────────────────────────────────────────────────
    ../../test-results/venue-Venue-Management-Venue-booking-management-chromium/test-failed-1.png
    ────────────────────────────────────────────────────────────────────────────────────────────────

    attachment #2: video (video/webm) ──────────────────────────────────────────────────────────────
    ../../test-results/venue-Venue-Management-Venue-booking-management-chromium/video.webm
    ────────────────────────────────────────────────────────────────────────────────────────────────

    Error Context: ../../test-results/venue-Venue-Management-Venue-booking-management-chromium/error-context.md
]]>
</failure>
<system-out>
<![CDATA[
[[ATTACHMENT|test-results/venue-Venue-Management-Venue-booking-management-chromium/test-failed-1.png]]

[[ATTACHMENT|test-results/venue-Venue-Management-Venue-booking-management-chromium/video.webm]]

[[ATTACHMENT|test-results/venue-Venue-Management-Venue-booking-management-chromium/error-context.md]]
]]>
</system-out>
</testcase>
</testsuite>
<testsuite name="api-integration.spec.ts" timestamp="2025-10-23T12:57:57.279Z" hostname="firefox" tests="55" failures="49" skipped="0" time="474.417" errors="0">
<testcase name="🔐 Authentication API Tests › User Registration API" classname="api-integration.spec.ts" time="8.933">
<failure message="api-integration.spec.ts:56:7 User Registration API" type="FAILURE">
<![CDATA[  [firefox] › api-integration.spec.ts:56:7 › 🔐 Authentication API Tests › User Registration API ───

    Error: expect(received).toBe(expected) // Object.is equality

    Expected: 201
    Received: 400

      64 |     });
      65 |     
    > 66 |     expect(response.status()).toBe(201);
         |                               ^
      67 |     const data = await response.json();
      68 |     expect(data.success).toBe(true);
      69 |     expect(data.message).toContain('User registered successfully');
        at /Users/asithalakmal/Documents/web/final project/WeddingLK-next copy/tests/e2e/api-integration.spec.ts:66:31

    attachment #1: screenshot (image/png) ──────────────────────────────────────────────────────────
    ../../test-results/api-integration-🔐-Authent-2e205-Tests-User-Registration-API-firefox/test-failed-1.png
    ────────────────────────────────────────────────────────────────────────────────────────────────

    attachment #2: video (video/webm) ──────────────────────────────────────────────────────────────
    ../../test-results/api-integration-🔐-Authent-2e205-Tests-User-Registration-API-firefox/video.webm
    ────────────────────────────────────────────────────────────────────────────────────────────────
]]>
</failure>
<system-out>
<![CDATA[
[[ATTACHMENT|test-results/api-integration-🔐-Authent-2e205-Tests-User-Registration-API-firefox/test-failed-1.png]]

[[ATTACHMENT|test-results/api-integration-🔐-Authent-2e205-Tests-User-Registration-API-firefox/video.webm]]
]]>
</system-out>
</testcase>
<testcase name="🔐 Authentication API Tests › User Login API" classname="api-integration.spec.ts" time="6.377">
<failure message="api-integration.spec.ts:72:7 User Login API" type="FAILURE">
<![CDATA[  [firefox] › api-integration.spec.ts:72:7 › 🔐 Authentication API Tests › User Login API ──────────

    Error: expect(received).toBe(expected) // Object.is equality

    Expected: 200
    Received: 400

      78 |     });
      79 |     
    > 80 |     expect(response.status()).toBe(200);
         |                               ^
      81 |     const data = await response.json();
      82 |     expect(data.success).toBe(true);
      83 |     expect(data.token).toBeDefined();
        at /Users/asithalakmal/Documents/web/final project/WeddingLK-next copy/tests/e2e/api-integration.spec.ts:80:31

    attachment #1: screenshot (image/png) ──────────────────────────────────────────────────────────
    ../../test-results/api-integration-🔐-Authentication-API-Tests-User-Login-API-firefox/test-failed-1.png
    ────────────────────────────────────────────────────────────────────────────────────────────────

    attachment #2: video (video/webm) ──────────────────────────────────────────────────────────────
    ../../test-results/api-integration-🔐-Authentication-API-Tests-User-Login-API-firefox/video.webm
    ────────────────────────────────────────────────────────────────────────────────────────────────
]]>
</failure>
<system-out>
<![CDATA[
[[ATTACHMENT|test-results/api-integration-🔐-Authentication-API-Tests-User-Login-API-firefox/test-failed-1.png]]

[[ATTACHMENT|test-results/api-integration-🔐-Authentication-API-Tests-User-Login-API-firefox/video.webm]]
]]>
</system-out>
</testcase>
<testcase name="🔐 Authentication API Tests › Invalid Login API" classname="api-integration.spec.ts" time="6.453">
<failure message="api-integration.spec.ts:87:7 Invalid Login API" type="FAILURE">
<![CDATA[  [firefox] › api-integration.spec.ts:87:7 › 🔐 Authentication API Tests › Invalid Login API ───────

    Error: expect(received).toBe(expected) // Object.is equality

    Expected: 401
    Received: 400

      93 |     });
      94 |     
    > 95 |     expect(response.status()).toBe(401);
         |                               ^
      96 |     const data = await response.json();
      97 |     expect(data.success).toBe(false);
      98 |     expect(data.message).toContain('Invalid credentials');
        at /Users/asithalakmal/Documents/web/final project/WeddingLK-next copy/tests/e2e/api-integration.spec.ts:95:31

    attachment #1: screenshot (image/png) ──────────────────────────────────────────────────────────
    ../../test-results/api-integration-🔐-Authent-4b7fb-API-Tests-Invalid-Login-API-firefox/test-failed-1.png
    ────────────────────────────────────────────────────────────────────────────────────────────────

    attachment #2: video (video/webm) ──────────────────────────────────────────────────────────────
    ../../test-results/api-integration-🔐-Authent-4b7fb-API-Tests-Invalid-Login-API-firefox/video.webm
    ────────────────────────────────────────────────────────────────────────────────────────────────
]]>
</failure>
<system-out>
<![CDATA[
[[ATTACHMENT|test-results/api-integration-🔐-Authent-4b7fb-API-Tests-Invalid-Login-API-firefox/test-failed-1.png]]

[[ATTACHMENT|test-results/api-integration-🔐-Authent-4b7fb-API-Tests-Invalid-Login-API-firefox/video.webm]]
]]>
</system-out>
</testcase>
<testcase name="🔐 Authentication API Tests › Password Reset API" classname="api-integration.spec.ts" time="7.143">
<failure message="api-integration.spec.ts:101:7 Password Reset API" type="FAILURE">
<![CDATA[  [firefox] › api-integration.spec.ts:101:7 › 🔐 Authentication API Tests › Password Reset API ─────

    Error: expect(received).toContain(expected) // indexOf

    Expected substring: "Password reset email sent"
    Received string:    "If an account with that email exists, a password reset link has been sent."

      107 |     const data = await response.json();
      108 |     expect(data.success).toBe(true);
    > 109 |     expect(data.message).toContain('Password reset email sent');
          |                          ^
      110 |   });
      111 |
      112 |   test('Email Verification API', async ({ page }) => {
        at /Users/asithalakmal/Documents/web/final project/WeddingLK-next copy/tests/e2e/api-integration.spec.ts:109:26

    attachment #1: screenshot (image/png) ──────────────────────────────────────────────────────────
    ../../test-results/api-integration-🔐-Authent-64b4c-PI-Tests-Password-Reset-API-firefox/test-failed-1.png
    ────────────────────────────────────────────────────────────────────────────────────────────────

    attachment #2: video (video/webm) ──────────────────────────────────────────────────────────────
    ../../test-results/api-integration-🔐-Authent-64b4c-PI-Tests-Password-Reset-API-firefox/video.webm
    ────────────────────────────────────────────────────────────────────────────────────────────────
]]>
</failure>
<system-out>
<![CDATA[
[[ATTACHMENT|test-results/api-integration-🔐-Authent-64b4c-PI-Tests-Password-Reset-API-firefox/test-failed-1.png]]

[[ATTACHMENT|test-results/api-integration-🔐-Authent-64b4c-PI-Tests-Password-Reset-API-firefox/video.webm]]
]]>
</system-out>
</testcase>
<testcase name="🔐 Authentication API Tests › Email Verification API" classname="api-integration.spec.ts" time="8.279">
<failure message="api-integration.spec.ts:112:7 Email Verification API" type="FAILURE">
<![CDATA[  [firefox] › api-integration.spec.ts:112:7 › 🔐 Authentication API Tests › Email Verification API ─

    Error: expect(received).toBe(expected) // Object.is equality

    Expected: 200
    Received: 400

      115 |     });
      116 |     
    > 117 |     expect(response.status()).toBe(200);
          |                               ^
      118 |     const data = await response.json();
      119 |     expect(data.success).toBe(true);
      120 |   });
        at /Users/asithalakmal/Documents/web/final project/WeddingLK-next copy/tests/e2e/api-integration.spec.ts:117:31

    attachment #1: screenshot (image/png) ──────────────────────────────────────────────────────────
    ../../test-results/api-integration-🔐-Authent-28344-ests-Email-Verification-API-firefox/test-failed-1.png
    ────────────────────────────────────────────────────────────────────────────────────────────────

    attachment #2: video (video/webm) ──────────────────────────────────────────────────────────────
    ../../test-results/api-integration-🔐-Authent-28344-ests-Email-Verification-API-firefox/video.webm
    ────────────────────────────────────────────────────────────────────────────────────────────────
]]>
</failure>
<system-out>
<![CDATA[
[[ATTACHMENT|test-results/api-integration-🔐-Authent-28344-ests-Email-Verification-API-firefox/test-failed-1.png]]

[[ATTACHMENT|test-results/api-integration-🔐-Authent-28344-ests-Email-Verification-API-firefox/video.webm]]
]]>
</system-out>
</testcase>
<testcase name="👤 User Management API Tests › Get User Profile API" classname="api-integration.spec.ts" time="7.767">
<failure message="api-integration.spec.ts:124:7 Get User Profile API" type="FAILURE">
<![CDATA[  [firefox] › api-integration.spec.ts:124:7 › 👤 User Management API Tests › Get User Profile API ──

    SyntaxError: Unexpected token 'E', "Error: Thi"... is not valid JSON

      43 |     data: { email, password }
      44 |   });
    > 45 |   const data = await response.json();
         |                ^
      46 |   return data.token;
      47 | }
      48 |
        at getAuthToken (/Users/asithalakmal/Documents/web/final project/WeddingLK-next copy/tests/e2e/api-integration.spec.ts:45:16)
        at /Users/asithalakmal/Documents/web/final project/WeddingLK-next copy/tests/e2e/api-integration.spec.ts:125:19

    attachment #1: screenshot (image/png) ──────────────────────────────────────────────────────────
    ../../test-results/api-integration-👤-User-Ma-c1c93--Tests-Get-User-Profile-API-firefox/test-failed-1.png
    ────────────────────────────────────────────────────────────────────────────────────────────────

    attachment #2: video (video/webm) ──────────────────────────────────────────────────────────────
    ../../test-results/api-integration-👤-User-Ma-c1c93--Tests-Get-User-Profile-API-firefox/video.webm
    ────────────────────────────────────────────────────────────────────────────────────────────────
]]>
</failure>
<system-out>
<![CDATA[
[[ATTACHMENT|test-results/api-integration-👤-User-Ma-c1c93--Tests-Get-User-Profile-API-firefox/test-failed-1.png]]

[[ATTACHMENT|test-results/api-integration-👤-User-Ma-c1c93--Tests-Get-User-Profile-API-firefox/video.webm]]
]]>
</system-out>
</testcase>
<testcase name="👤 User Management API Tests › Update User Profile API" classname="api-integration.spec.ts" time="6.911">
<failure message="api-integration.spec.ts:136:7 Update User Profile API" type="FAILURE">
<![CDATA[  [firefox] › api-integration.spec.ts:136:7 › 👤 User Management API Tests › Update User Profile API 

    SyntaxError: Unexpected token 'E', "Error: Thi"... is not valid JSON

      43 |     data: { email, password }
      44 |   });
    > 45 |   const data = await response.json();
         |                ^
      46 |   return data.token;
      47 | }
      48 |
        at getAuthToken (/Users/asithalakmal/Documents/web/final project/WeddingLK-next copy/tests/e2e/api-integration.spec.ts:45:16)
        at /Users/asithalakmal/Documents/web/final project/WeddingLK-next copy/tests/e2e/api-integration.spec.ts:137:19

    attachment #1: screenshot (image/png) ──────────────────────────────────────────────────────────
    ../../test-results/api-integration-👤-User-Ma-6e586-sts-Update-User-Profile-API-firefox/test-failed-1.png
    ────────────────────────────────────────────────────────────────────────────────────────────────

    attachment #2: video (video/webm) ──────────────────────────────────────────────────────────────
    ../../test-results/api-integration-👤-User-Ma-6e586-sts-Update-User-Profile-API-firefox/video.webm
    ────────────────────────────────────────────────────────────────────────────────────────────────
]]>
</failure>
<system-out>
<![CDATA[
[[ATTACHMENT|test-results/api-integration-👤-User-Ma-6e586-sts-Update-User-Profile-API-firefox/test-failed-1.png]]

[[ATTACHMENT|test-results/api-integration-👤-User-Ma-6e586-sts-Update-User-Profile-API-firefox/video.webm]]
]]>
</system-out>
</testcase>
<testcase name="👤 User Management API Tests › Get User Favorites API" classname="api-integration.spec.ts" time="7.116">
<failure message="api-integration.spec.ts:150:7 Get User Favorites API" type="FAILURE">
<![CDATA[  [firefox] › api-integration.spec.ts:150:7 › 👤 User Management API Tests › Get User Favorites API 

    SyntaxError: Unexpected token 'E', "Error: Thi"... is not valid JSON

      43 |     data: { email, password }
      44 |   });
    > 45 |   const data = await response.json();
         |                ^
      46 |   return data.token;
      47 | }
      48 |
        at getAuthToken (/Users/asithalakmal/Documents/web/final project/WeddingLK-next copy/tests/e2e/api-integration.spec.ts:45:16)
        at /Users/asithalakmal/Documents/web/final project/WeddingLK-next copy/tests/e2e/api-integration.spec.ts:151:19

    attachment #1: screenshot (image/png) ──────────────────────────────────────────────────────────
    ../../test-results/api-integration-👤-User-Ma-2df14-ests-Get-User-Favorites-API-firefox/test-failed-1.png
    ────────────────────────────────────────────────────────────────────────────────────────────────

    attachment #2: video (video/webm) ──────────────────────────────────────────────────────────────
    ../../test-results/api-integration-👤-User-Ma-2df14-ests-Get-User-Favorites-API-firefox/video.webm
    ────────────────────────────────────────────────────────────────────────────────────────────────
]]>
</failure>
<system-out>
<![CDATA[
[[ATTACHMENT|test-results/api-integration-👤-User-Ma-2df14-ests-Get-User-Favorites-API-firefox/test-failed-1.png]]

[[ATTACHMENT|test-results/api-integration-👤-User-Ma-2df14-ests-Get-User-Favorites-API-firefox/video.webm]]
]]>
</system-out>
</testcase>
<testcase name="👤 User Management API Tests › Add User Favorite API" classname="api-integration.spec.ts" time="6.761">
<failure message="api-integration.spec.ts:161:7 Add User Favorite API" type="FAILURE">
<![CDATA[  [firefox] › api-integration.spec.ts:161:7 › 👤 User Management API Tests › Add User Favorite API ─

    SyntaxError: Unexpected token 'E', "Error: Thi"... is not valid JSON

      43 |     data: { email, password }
      44 |   });
    > 45 |   const data = await response.json();
         |                ^
      46 |   return data.token;
      47 | }
      48 |
        at getAuthToken (/Users/asithalakmal/Documents/web/final project/WeddingLK-next copy/tests/e2e/api-integration.spec.ts:45:16)
        at /Users/asithalakmal/Documents/web/final project/WeddingLK-next copy/tests/e2e/api-integration.spec.ts:162:19

    attachment #1: screenshot (image/png) ──────────────────────────────────────────────────────────
    ../../test-results/api-integration-👤-User-Ma-0917f-Tests-Add-User-Favorite-API-firefox/test-failed-1.png
    ────────────────────────────────────────────────────────────────────────────────────────────────

    attachment #2: video (video/webm) ──────────────────────────────────────────────────────────────
    ../../test-results/api-integration-👤-User-Ma-0917f-Tests-Add-User-Favorite-API-firefox/video.webm
    ────────────────────────────────────────────────────────────────────────────────────────────────
]]>
</failure>
<system-out>
<![CDATA[
[[ATTACHMENT|test-results/api-integration-👤-User-Ma-0917f-Tests-Add-User-Favorite-API-firefox/test-failed-1.png]]

[[ATTACHMENT|test-results/api-integration-👤-User-Ma-0917f-Tests-Add-User-Favorite-API-firefox/video.webm]]
]]>
</system-out>
</testcase>
<testcase name="🏢 Vendor Management API Tests › Vendor Registration API" classname="api-integration.spec.ts" time="6.352">
<failure message="api-integration.spec.ts:177:7 Vendor Registration API" type="FAILURE">
<![CDATA[  [firefox] › api-integration.spec.ts:177:7 › 🏢 Vendor Management API Tests › Vendor Registration API 

    Error: expect(received).toBe(expected) // Object.is equality

    Expected: 201
    Received: 401

      186 |     });
      187 |     
    > 188 |     expect(response.status()).toBe(201);
          |                               ^
      189 |     const data = await response.json();
      190 |     expect(data.success).toBe(true);
      191 |     expect(data.message).toContain('Vendor registration submitted');
        at /Users/asithalakmal/Documents/web/final project/WeddingLK-next copy/tests/e2e/api-integration.spec.ts:188:31

    attachment #1: screenshot (image/png) ──────────────────────────────────────────────────────────
    ../../test-results/api-integration-🏢-Vendor--a5f85-sts-Vendor-Registration-API-firefox/test-failed-1.png
    ────────────────────────────────────────────────────────────────────────────────────────────────

    attachment #2: video (video/webm) ──────────────────────────────────────────────────────────────
    ../../test-results/api-integration-🏢-Vendor--a5f85-sts-Vendor-Registration-API-firefox/video.webm
    ────────────────────────────────────────────────────────────────────────────────────────────────
]]>
</failure>
<system-out>
<![CDATA[
[[ATTACHMENT|test-results/api-integration-🏢-Vendor--a5f85-sts-Vendor-Registration-API-firefox/test-failed-1.png]]

[[ATTACHMENT|test-results/api-integration-🏢-Vendor--a5f85-sts-Vendor-Registration-API-firefox/video.webm]]
]]>
</system-out>
</testcase>
<testcase name="🏢 Vendor Management API Tests › Get Vendor Services API" classname="api-integration.spec.ts" time="7.078">
<failure message="api-integration.spec.ts:194:7 Get Vendor Services API" type="FAILURE">
<![CDATA[  [firefox] › api-integration.spec.ts:194:7 › 🏢 Vendor Management API Tests › Get Vendor Services API 

    SyntaxError: Unexpected token 'E', "Error: Thi"... is not valid JSON

      43 |     data: { email, password }
      44 |   });
    > 45 |   const data = await response.json();
         |                ^
      46 |   return data.token;
      47 | }
      48 |
        at getAuthToken (/Users/asithalakmal/Documents/web/final project/WeddingLK-next copy/tests/e2e/api-integration.spec.ts:45:16)
        at /Users/asithalakmal/Documents/web/final project/WeddingLK-next copy/tests/e2e/api-integration.spec.ts:195:19

    attachment #1: screenshot (image/png) ──────────────────────────────────────────────────────────
    ../../test-results/api-integration-🏢-Vendor--4dc71-sts-Get-Vendor-Services-API-firefox/test-failed-1.png
    ────────────────────────────────────────────────────────────────────────────────────────────────

    attachment #2: video (video/webm) ──────────────────────────────────────────────────────────────
    ../../test-results/api-integration-🏢-Vendor--4dc71-sts-Get-Vendor-Services-API-firefox/video.webm
    ────────────────────────────────────────────────────────────────────────────────────────────────
]]>
</failure>
<system-out>
<![CDATA[
[[ATTACHMENT|test-results/api-integration-🏢-Vendor--4dc71-sts-Get-Vendor-Services-API-firefox/test-failed-1.png]]

[[ATTACHMENT|test-results/api-integration-🏢-Vendor--4dc71-sts-Get-Vendor-Services-API-firefox/video.webm]]
]]>
</system-out>
</testcase>
<testcase name="🏢 Vendor Management API Tests › Create Vendor Service API" classname="api-integration.spec.ts" time="7.032">
<failure message="api-integration.spec.ts:205:7 Create Vendor Service API" type="FAILURE">
<![CDATA[  [firefox] › api-integration.spec.ts:205:7 › 🏢 Vendor Management API Tests › Create Vendor Service API 

    SyntaxError: Unexpected token 'E', "Error: Thi"... is not valid JSON

      43 |     data: { email, password }
      44 |   });
    > 45 |   const data = await response.json();
         |                ^
      46 |   return data.token;
      47 | }
      48 |
        at getAuthToken (/Users/asithalakmal/Documents/web/final project/WeddingLK-next copy/tests/e2e/api-integration.spec.ts:45:16)
        at /Users/asithalakmal/Documents/web/final project/WeddingLK-next copy/tests/e2e/api-integration.spec.ts:206:19

    attachment #1: screenshot (image/png) ──────────────────────────────────────────────────────────
    ../../test-results/api-integration-🏢-Vendor--32b06-s-Create-Vendor-Service-API-firefox/test-failed-1.png
    ────────────────────────────────────────────────────────────────────────────────────────────────

    attachment #2: video (video/webm) ──────────────────────────────────────────────────────────────
    ../../test-results/api-integration-🏢-Vendor--32b06-s-Create-Vendor-Service-API-firefox/video.webm
    ────────────────────────────────────────────────────────────────────────────────────────────────
]]>
</failure>
<system-out>
<![CDATA[
[[ATTACHMENT|test-results/api-integration-🏢-Vendor--32b06-s-Create-Vendor-Service-API-firefox/test-failed-1.png]]

[[ATTACHMENT|test-results/api-integration-🏢-Vendor--32b06-s-Create-Vendor-Service-API-firefox/video.webm]]
]]>
</system-out>
</testcase>
<testcase name="🏢 Vendor Management API Tests › Update Vendor Service API" classname="api-integration.spec.ts" time="7.862">
<failure message="api-integration.spec.ts:221:7 Update Vendor Service API" type="FAILURE">
<![CDATA[  [firefox] › api-integration.spec.ts:221:7 › 🏢 Vendor Management API Tests › Update Vendor Service API 

    SyntaxError: Unexpected token 'E', "Error: Thi"... is not valid JSON

      43 |     data: { email, password }
      44 |   });
    > 45 |   const data = await response.json();
         |                ^
      46 |   return data.token;
      47 | }
      48 |
        at getAuthToken (/Users/asithalakmal/Documents/web/final project/WeddingLK-next copy/tests/e2e/api-integration.spec.ts:45:16)
        at /Users/asithalakmal/Documents/web/final project/WeddingLK-next copy/tests/e2e/api-integration.spec.ts:222:19

    attachment #1: screenshot (image/png) ──────────────────────────────────────────────────────────
    ../../test-results/api-integration-🏢-Vendor--8ad41-s-Update-Vendor-Service-API-firefox/test-failed-1.png
    ────────────────────────────────────────────────────────────────────────────────────────────────

    attachment #2: video (video/webm) ──────────────────────────────────────────────────────────────
    ../../test-results/api-integration-🏢-Vendor--8ad41-s-Update-Vendor-Service-API-firefox/video.webm
    ────────────────────────────────────────────────────────────────────────────────────────────────
]]>
</failure>
<system-out>
<![CDATA[
[[ATTACHMENT|test-results/api-integration-🏢-Vendor--8ad41-s-Update-Vendor-Service-API-firefox/test-failed-1.png]]

[[ATTACHMENT|test-results/api-integration-🏢-Vendor--8ad41-s-Update-Vendor-Service-API-firefox/video.webm]]
]]>
</system-out>
</testcase>
<testcase name="🏢 Vendor Management API Tests › Delete Vendor Service API" classname="api-integration.spec.ts" time="6.667">
<failure message="api-integration.spec.ts:235:7 Delete Vendor Service API" type="FAILURE">
<![CDATA[  [firefox] › api-integration.spec.ts:235:7 › 🏢 Vendor Management API Tests › Delete Vendor Service API 

    SyntaxError: Unexpected token 'E', "Error: Thi"... is not valid JSON

      43 |     data: { email, password }
      44 |   });
    > 45 |   const data = await response.json();
         |                ^
      46 |   return data.token;
      47 | }
      48 |
        at getAuthToken (/Users/asithalakmal/Documents/web/final project/WeddingLK-next copy/tests/e2e/api-integration.spec.ts:45:16)
        at /Users/asithalakmal/Documents/web/final project/WeddingLK-next copy/tests/e2e/api-integration.spec.ts:236:19

    attachment #1: screenshot (image/png) ──────────────────────────────────────────────────────────
    ../../test-results/api-integration-🏢-Vendor--3ac39-s-Delete-Vendor-Service-API-firefox/test-failed-1.png
    ────────────────────────────────────────────────────────────────────────────────────────────────

    attachment #2: video (video/webm) ──────────────────────────────────────────────────────────────
    ../../test-results/api-integration-🏢-Vendor--3ac39-s-Delete-Vendor-Service-API-firefox/video.webm
    ────────────────────────────────────────────────────────────────────────────────────────────────
]]>
</failure>
<system-out>
<![CDATA[
[[ATTACHMENT|test-results/api-integration-🏢-Vendor--3ac39-s-Delete-Vendor-Service-API-firefox/test-failed-1.png]]

[[ATTACHMENT|test-results/api-integration-🏢-Vendor--3ac39-s-Delete-Vendor-Service-API-firefox/video.webm]]
]]>
</system-out>
</testcase>
<testcase name="🏢 Vendor Management API Tests › Get Vendor Analytics API" classname="api-integration.spec.ts" time="6.764">
<failure message="api-integration.spec.ts:246:7 Get Vendor Analytics API" type="FAILURE">
<![CDATA[  [firefox] › api-integration.spec.ts:246:7 › 🏢 Vendor Management API Tests › Get Vendor Analytics API 

    SyntaxError: Unexpected token 'E', "Error: Thi"... is not valid JSON

      43 |     data: { email, password }
      44 |   });
    > 45 |   const data = await response.json();
         |                ^
      46 |   return data.token;
      47 | }
      48 |
        at getAuthToken (/Users/asithalakmal/Documents/web/final project/WeddingLK-next copy/tests/e2e/api-integration.spec.ts:45:16)
        at /Users/asithalakmal/Documents/web/final project/WeddingLK-next copy/tests/e2e/api-integration.spec.ts:247:19

    attachment #1: screenshot (image/png) ──────────────────────────────────────────────────────────
    ../../test-results/api-integration-🏢-Vendor--6b8fc-ts-Get-Vendor-Analytics-API-firefox/test-failed-1.png
    ────────────────────────────────────────────────────────────────────────────────────────────────

    attachment #2: video (video/webm) ──────────────────────────────────────────────────────────────
    ../../test-results/api-integration-🏢-Vendor--6b8fc-ts-Get-Vendor-Analytics-API-firefox/video.webm
    ────────────────────────────────────────────────────────────────────────────────────────────────
]]>
</failure>
<system-out>
<![CDATA[
[[ATTACHMENT|test-results/api-integration-🏢-Vendor--6b8fc-ts-Get-Vendor-Analytics-API-firefox/test-failed-1.png]]

[[ATTACHMENT|test-results/api-integration-🏢-Vendor--6b8fc-ts-Get-Vendor-Analytics-API-firefox/video.webm]]
]]>
</system-out>
</testcase>
<testcase name="📅 Booking Management API Tests › Create Booking API" classname="api-integration.spec.ts" time="6.695">
<failure message="api-integration.spec.ts:261:7 Create Booking API" type="FAILURE">
<![CDATA[  [firefox] › api-integration.spec.ts:261:7 › 📅 Booking Management API Tests › Create Booking API ─

    SyntaxError: Unexpected token 'E', "Error: Thi"... is not valid JSON

      43 |     data: { email, password }
      44 |   });
    > 45 |   const data = await response.json();
         |                ^
      46 |   return data.token;
      47 | }
      48 |
        at getAuthToken (/Users/asithalakmal/Documents/web/final project/WeddingLK-next copy/tests/e2e/api-integration.spec.ts:45:16)
        at /Users/asithalakmal/Documents/web/final project/WeddingLK-next copy/tests/e2e/api-integration.spec.ts:262:19

    attachment #1: screenshot (image/png) ──────────────────────────────────────────────────────────
    ../../test-results/api-integration-📅-Booking-f6016-PI-Tests-Create-Booking-API-firefox/test-failed-1.png
    ────────────────────────────────────────────────────────────────────────────────────────────────

    attachment #2: video (video/webm) ──────────────────────────────────────────────────────────────
    ../../test-results/api-integration-📅-Booking-f6016-PI-Tests-Create-Booking-API-firefox/video.webm
    ────────────────────────────────────────────────────────────────────────────────────────────────
]]>
</failure>
<system-out>
<![CDATA[
[[ATTACHMENT|test-results/api-integration-📅-Booking-f6016-PI-Tests-Create-Booking-API-firefox/test-failed-1.png]]

[[ATTACHMENT|test-results/api-integration-📅-Booking-f6016-PI-Tests-Create-Booking-API-firefox/video.webm]]
]]>
</system-out>
</testcase>
<testcase name="📅 Booking Management API Tests › Get User Bookings API" classname="api-integration.spec.ts" time="8.375">
<failure message="api-integration.spec.ts:279:7 Get User Bookings API" type="FAILURE">
<![CDATA[  [firefox] › api-integration.spec.ts:279:7 › 📅 Booking Management API Tests › Get User Bookings API 

    SyntaxError: Unexpected token 'E', "Error: Thi"... is not valid JSON

      43 |     data: { email, password }
      44 |   });
    > 45 |   const data = await response.json();
         |                ^
      46 |   return data.token;
      47 | }
      48 |
        at getAuthToken (/Users/asithalakmal/Documents/web/final project/WeddingLK-next copy/tests/e2e/api-integration.spec.ts:45:16)
        at /Users/asithalakmal/Documents/web/final project/WeddingLK-next copy/tests/e2e/api-integration.spec.ts:280:19

    attachment #1: screenshot (image/png) ──────────────────────────────────────────────────────────
    ../../test-results/api-integration-📅-Booking-0e3ce-Tests-Get-User-Bookings-API-firefox/test-failed-1.png
    ────────────────────────────────────────────────────────────────────────────────────────────────

    attachment #2: video (video/webm) ──────────────────────────────────────────────────────────────
    ../../test-results/api-integration-📅-Booking-0e3ce-Tests-Get-User-Bookings-API-firefox/video.webm
    ────────────────────────────────────────────────────────────────────────────────────────────────
]]>
</failure>
<system-out>
<![CDATA[
[[ATTACHMENT|test-results/api-integration-📅-Booking-0e3ce-Tests-Get-User-Bookings-API-firefox/test-failed-1.png]]

[[ATTACHMENT|test-results/api-integration-📅-Booking-0e3ce-Tests-Get-User-Bookings-API-firefox/video.webm]]
]]>
</system-out>
</testcase>
<testcase name="📅 Booking Management API Tests › Update Booking API" classname="api-integration.spec.ts" time="9.294">
<failure message="api-integration.spec.ts:290:7 Update Booking API" type="FAILURE">
<![CDATA[  [firefox] › api-integration.spec.ts:290:7 › 📅 Booking Management API Tests › Update Booking API ─

    SyntaxError: Unexpected token 'E', "Error: Thi"... is not valid JSON

      43 |     data: { email, password }
      44 |   });
    > 45 |   const data = await response.json();
         |                ^
      46 |   return data.token;
      47 | }
      48 |
        at getAuthToken (/Users/asithalakmal/Documents/web/final project/WeddingLK-next copy/tests/e2e/api-integration.spec.ts:45:16)
        at /Users/asithalakmal/Documents/web/final project/WeddingLK-next copy/tests/e2e/api-integration.spec.ts:291:19

    attachment #1: screenshot (image/png) ──────────────────────────────────────────────────────────
    ../../test-results/api-integration-📅-Booking-a7a44-PI-Tests-Update-Booking-API-firefox/test-failed-1.png
    ────────────────────────────────────────────────────────────────────────────────────────────────

    attachment #2: video (video/webm) ──────────────────────────────────────────────────────────────
    ../../test-results/api-integration-📅-Booking-a7a44-PI-Tests-Update-Booking-API-firefox/video.webm
    ────────────────────────────────────────────────────────────────────────────────────────────────
]]>
</failure>
<system-out>
<![CDATA[
[[ATTACHMENT|test-results/api-integration-📅-Booking-a7a44-PI-Tests-Update-Booking-API-firefox/test-failed-1.png]]

[[ATTACHMENT|test-results/api-integration-📅-Booking-a7a44-PI-Tests-Update-Booking-API-firefox/video.webm]]
]]>
</system-out>
</testcase>
<testcase name="📅 Booking Management API Tests › Cancel Booking API" classname="api-integration.spec.ts" time="8.076">
<failure message="api-integration.spec.ts:304:7 Cancel Booking API" type="FAILURE">
<![CDATA[  [firefox] › api-integration.spec.ts:304:7 › 📅 Booking Management API Tests › Cancel Booking API ─

    SyntaxError: Unexpected token 'E', "Error: Thi"... is not valid JSON

      43 |     data: { email, password }
      44 |   });
    > 45 |   const data = await response.json();
         |                ^
      46 |   return data.token;
      47 | }
      48 |
        at getAuthToken (/Users/asithalakmal/Documents/web/final project/WeddingLK-next copy/tests/e2e/api-integration.spec.ts:45:16)
        at /Users/asithalakmal/Documents/web/final project/WeddingLK-next copy/tests/e2e/api-integration.spec.ts:305:19

    attachment #1: screenshot (image/png) ──────────────────────────────────────────────────────────
    ../../test-results/api-integration-📅-Booking-7c911-PI-Tests-Cancel-Booking-API-firefox/test-failed-1.png
    ────────────────────────────────────────────────────────────────────────────────────────────────

    attachment #2: video (video/webm) ──────────────────────────────────────────────────────────────
    ../../test-results/api-integration-📅-Booking-7c911-PI-Tests-Cancel-Booking-API-firefox/video.webm
    ────────────────────────────────────────────────────────────────────────────────────────────────
]]>
</failure>
<system-out>
<![CDATA[
[[ATTACHMENT|test-results/api-integration-📅-Booking-7c911-PI-Tests-Cancel-Booking-API-firefox/test-failed-1.png]]

[[ATTACHMENT|test-results/api-integration-📅-Booking-7c911-PI-Tests-Cancel-Booking-API-firefox/video.webm]]
]]>
</system-out>
</testcase>
<testcase name="📅 Booking Management API Tests › Get Vendor Bookings API" classname="api-integration.spec.ts" time="9.954">
<failure message="api-integration.spec.ts:315:7 Get Vendor Bookings API" type="FAILURE">
<![CDATA[  [firefox] › api-integration.spec.ts:315:7 › 📅 Booking Management API Tests › Get Vendor Bookings API 

    SyntaxError: Unexpected token 'E', "Error: Thi"... is not valid JSON

      43 |     data: { email, password }
      44 |   });
    > 45 |   const data = await response.json();
         |                ^
      46 |   return data.token;
      47 | }
      48 |
        at getAuthToken (/Users/asithalakmal/Documents/web/final project/WeddingLK-next copy/tests/e2e/api-integration.spec.ts:45:16)
        at /Users/asithalakmal/Documents/web/final project/WeddingLK-next copy/tests/e2e/api-integration.spec.ts:316:19

    attachment #1: screenshot (image/png) ──────────────────────────────────────────────────────────
    ../../test-results/api-integration-📅-Booking-a710b-sts-Get-Vendor-Bookings-API-firefox/test-failed-1.png
    ────────────────────────────────────────────────────────────────────────────────────────────────

    attachment #2: video (video/webm) ──────────────────────────────────────────────────────────────
    ../../test-results/api-integration-📅-Booking-a710b-sts-Get-Vendor-Bookings-API-firefox/video.webm
    ────────────────────────────────────────────────────────────────────────────────────────────────
]]>
</failure>
<system-out>
<![CDATA[
[[ATTACHMENT|test-results/api-integration-📅-Booking-a710b-sts-Get-Vendor-Bookings-API-firefox/test-failed-1.png]]

[[ATTACHMENT|test-results/api-integration-📅-Booking-a710b-sts-Get-Vendor-Bookings-API-firefox/video.webm]]
]]>
</system-out>
</testcase>
<testcase name="📅 Booking Management API Tests › Update Booking Status API" classname="api-integration.spec.ts" time="6.987">
<failure message="api-integration.spec.ts:326:7 Update Booking Status API" type="FAILURE">
<![CDATA[  [firefox] › api-integration.spec.ts:326:7 › 📅 Booking Management API Tests › Update Booking Status API 

    SyntaxError: Unexpected token 'E', "Error: Thi"... is not valid JSON

      43 |     data: { email, password }
      44 |   });
    > 45 |   const data = await response.json();
         |                ^
      46 |   return data.token;
      47 | }
      48 |
        at getAuthToken (/Users/asithalakmal/Documents/web/final project/WeddingLK-next copy/tests/e2e/api-integration.spec.ts:45:16)
        at /Users/asithalakmal/Documents/web/final project/WeddingLK-next copy/tests/e2e/api-integration.spec.ts:327:19

    attachment #1: screenshot (image/png) ──────────────────────────────────────────────────────────
    ../../test-results/api-integration-📅-Booking-458f2-s-Update-Booking-Status-API-firefox/test-failed-1.png
    ────────────────────────────────────────────────────────────────────────────────────────────────

    attachment #2: video (video/webm) ──────────────────────────────────────────────────────────────
    ../../test-results/api-integration-📅-Booking-458f2-s-Update-Booking-Status-API-firefox/video.webm
    ────────────────────────────────────────────────────────────────────────────────────────────────
]]>
</failure>
<system-out>
<![CDATA[
[[ATTACHMENT|test-results/api-integration-📅-Booking-458f2-s-Update-Booking-Status-API-firefox/test-failed-1.png]]

[[ATTACHMENT|test-results/api-integration-📅-Booking-458f2-s-Update-Booking-Status-API-firefox/video.webm]]
]]>
</system-out>
</testcase>
<testcase name="🏛️ Venue Management API Tests › Get Venues API" classname="api-integration.spec.ts" time="7.355">
</testcase>
<testcase name="🏛️ Venue Management API Tests › Get Venue by ID API" classname="api-integration.spec.ts" time="7.208">
<failure message="api-integration.spec.ts:350:7 Get Venue by ID API" type="FAILURE">
<![CDATA[  [firefox] › api-integration.spec.ts:350:7 › 🏛️ Venue Management API Tests › Get Venue by ID API ─

    Error: expect(received).toBe(expected) // Object.is equality

    Expected: 200
    Received: 500

      350 |   test('Get Venue by ID API', async ({ page }) => {
      351 |     const response = await page.request.get('/api/venues/test-venue-id');
    > 352 |     expect(response.status()).toBe(200);
          |                               ^
      353 |     
      354 |     const data = await response.json();
      355 |     expect(data.success).toBe(true);
        at /Users/asithalakmal/Documents/web/final project/WeddingLK-next copy/tests/e2e/api-integration.spec.ts:352:31

    attachment #1: screenshot (image/png) ──────────────────────────────────────────────────────────
    ../../test-results/api-integration-🏛️-Venue--f15e9-I-Tests-Get-Venue-by-ID-API-firefox/test-failed-1.png
    ────────────────────────────────────────────────────────────────────────────────────────────────

    attachment #2: video (video/webm) ──────────────────────────────────────────────────────────────
    ../../test-results/api-integration-🏛️-Venue--f15e9-I-Tests-Get-Venue-by-ID-API-firefox/video.webm
    ────────────────────────────────────────────────────────────────────────────────────────────────
]]>
</failure>
<system-out>
<![CDATA[
[[ATTACHMENT|test-results/api-integration-🏛️-Venue--f15e9-I-Tests-Get-Venue-by-ID-API-firefox/test-failed-1.png]]

[[ATTACHMENT|test-results/api-integration-🏛️-Venue--f15e9-I-Tests-Get-Venue-by-ID-API-firefox/video.webm]]
]]>
</system-out>
</testcase>
<testcase name="🏛️ Venue Management API Tests › Search Venues API" classname="api-integration.spec.ts" time="2.885">
</testcase>
<testcase name="🏛️ Venue Management API Tests › Get Venue Availability API" classname="api-integration.spec.ts" time="2.804">
<failure message="api-integration.spec.ts:368:7 Get Venue Availability API" type="FAILURE">
<![CDATA[  [firefox] › api-integration.spec.ts:368:7 › 🏛️ Venue Management API Tests › Get Venue Availability API 

    Error: expect(received).toBe(expected) // Object.is equality

    Expected: 200
    Received: 500

      368 |   test('Get Venue Availability API', async ({ page }) => {
      369 |     const response = await page.request.get('/api/venues/availability?venueId=test-venue-id&date=2024-12-25');
    > 370 |     expect(response.status()).toBe(200);
          |                               ^
      371 |     
      372 |     const data = await response.json();
      373 |     expect(data.success).toBe(true);
        at /Users/asithalakmal/Documents/web/final project/WeddingLK-next copy/tests/e2e/api-integration.spec.ts:370:31

    attachment #1: screenshot (image/png) ──────────────────────────────────────────────────────────
    ../../test-results/api-integration-🏛️-Venue--1dc52--Get-Venue-Availability-API-firefox/test-failed-1.png
    ────────────────────────────────────────────────────────────────────────────────────────────────

    attachment #2: video (video/webm) ──────────────────────────────────────────────────────────────
    ../../test-results/api-integration-🏛️-Venue--1dc52--Get-Venue-Availability-API-firefox/video.webm
    ────────────────────────────────────────────────────────────────────────────────────────────────
]]>
</failure>
<system-out>
<![CDATA[
[[ATTACHMENT|test-results/api-integration-🏛️-Venue--1dc52--Get-Venue-Availability-API-firefox/test-failed-1.png]]

[[ATTACHMENT|test-results/api-integration-🏛️-Venue--1dc52--Get-Venue-Availability-API-firefox/video.webm]]
]]>
</system-out>
</testcase>
<testcase name="💳 Payment API Tests › Create Payment Intent API" classname="api-integration.spec.ts" time="8.656">
<failure message="api-integration.spec.ts:379:7 Create Payment Intent API" type="FAILURE">
<![CDATA[  [firefox] › api-integration.spec.ts:379:7 › 💳 Payment API Tests › Create Payment Intent API ─────

    SyntaxError: Unexpected token 'E', "Error: Thi"... is not valid JSON

      43 |     data: { email, password }
      44 |   });
    > 45 |   const data = await response.json();
         |                ^
      46 |   return data.token;
      47 | }
      48 |
        at getAuthToken (/Users/asithalakmal/Documents/web/final project/WeddingLK-next copy/tests/e2e/api-integration.spec.ts:45:16)
        at /Users/asithalakmal/Documents/web/final project/WeddingLK-next copy/tests/e2e/api-integration.spec.ts:380:19

    attachment #1: screenshot (image/png) ──────────────────────────────────────────────────────────
    ../../test-results/api-integration-💳-Payment-a4c14-s-Create-Payment-Intent-API-firefox/test-failed-1.png
    ────────────────────────────────────────────────────────────────────────────────────────────────

    attachment #2: video (video/webm) ──────────────────────────────────────────────────────────────
    ../../test-results/api-integration-💳-Payment-a4c14-s-Create-Payment-Intent-API-firefox/video.webm
    ────────────────────────────────────────────────────────────────────────────────────────────────
]]>
</failure>
<system-out>
<![CDATA[
[[ATTACHMENT|test-results/api-integration-💳-Payment-a4c14-s-Create-Payment-Intent-API-firefox/test-failed-1.png]]

[[ATTACHMENT|test-results/api-integration-💳-Payment-a4c14-s-Create-Payment-Intent-API-firefox/video.webm]]
]]>
</system-out>
</testcase>
<testcase name="💳 Payment API Tests › Get Payment History API" classname="api-integration.spec.ts" time="9.091">
<failure message="api-integration.spec.ts:394:7 Get Payment History API" type="FAILURE">
<![CDATA[  [firefox] › api-integration.spec.ts:394:7 › 💳 Payment API Tests › Get Payment History API ───────

    SyntaxError: Unexpected token 'E', "Error: Thi"... is not valid JSON

      43 |     data: { email, password }
      44 |   });
    > 45 |   const data = await response.json();
         |                ^
      46 |   return data.token;
      47 | }
      48 |
        at getAuthToken (/Users/asithalakmal/Documents/web/final project/WeddingLK-next copy/tests/e2e/api-integration.spec.ts:45:16)
        at /Users/asithalakmal/Documents/web/final project/WeddingLK-next copy/tests/e2e/api-integration.spec.ts:395:19

    attachment #1: screenshot (image/png) ──────────────────────────────────────────────────────────
    ../../test-results/api-integration-💳-Payment-API-Tests-Get-Payment-History-API-firefox/test-failed-1.png
    ────────────────────────────────────────────────────────────────────────────────────────────────

    attachment #2: video (video/webm) ──────────────────────────────────────────────────────────────
    ../../test-results/api-integration-💳-Payment-API-Tests-Get-Payment-History-API-firefox/video.webm
    ────────────────────────────────────────────────────────────────────────────────────────────────
]]>
</failure>
<system-out>
<![CDATA[
[[ATTACHMENT|test-results/api-integration-💳-Payment-API-Tests-Get-Payment-History-API-firefox/test-failed-1.png]]

[[ATTACHMENT|test-results/api-integration-💳-Payment-API-Tests-Get-Payment-History-API-firefox/video.webm]]
]]>
</system-out>
</testcase>
<testcase name="💳 Payment API Tests › Get Payment by ID API" classname="api-integration.spec.ts" time="6.923">
<failure message="api-integration.spec.ts:405:7 Get Payment by ID API" type="FAILURE">
<![CDATA[  [firefox] › api-integration.spec.ts:405:7 › 💳 Payment API Tests › Get Payment by ID API ─────────

    SyntaxError: Unexpected token 'E', "Error: Thi"... is not valid JSON

      43 |     data: { email, password }
      44 |   });
    > 45 |   const data = await response.json();
         |                ^
      46 |   return data.token;
      47 | }
      48 |
        at getAuthToken (/Users/asithalakmal/Documents/web/final project/WeddingLK-next copy/tests/e2e/api-integration.spec.ts:45:16)
        at /Users/asithalakmal/Documents/web/final project/WeddingLK-next copy/tests/e2e/api-integration.spec.ts:406:19

    attachment #1: screenshot (image/png) ──────────────────────────────────────────────────────────
    ../../test-results/api-integration-💳-Payment-API-Tests-Get-Payment-by-ID-API-firefox/test-failed-1.png
    ────────────────────────────────────────────────────────────────────────────────────────────────

    attachment #2: video (video/webm) ──────────────────────────────────────────────────────────────
    ../../test-results/api-integration-💳-Payment-API-Tests-Get-Payment-by-ID-API-firefox/video.webm
    ────────────────────────────────────────────────────────────────────────────────────────────────
]]>
</failure>
<system-out>
<![CDATA[
[[ATTACHMENT|test-results/api-integration-💳-Payment-API-Tests-Get-Payment-by-ID-API-firefox/test-failed-1.png]]

[[ATTACHMENT|test-results/api-integration-💳-Payment-API-Tests-Get-Payment-by-ID-API-firefox/video.webm]]
]]>
</system-out>
</testcase>
<testcase name="📊 Dashboard API Tests › Get Dashboard Stats API" classname="api-integration.spec.ts" time="8.005">
<failure message="api-integration.spec.ts:418:7 Get Dashboard Stats API" type="FAILURE">
<![CDATA[  [firefox] › api-integration.spec.ts:418:7 › 📊 Dashboard API Tests › Get Dashboard Stats API ─────

    SyntaxError: Unexpected token 'E', "Error: Thi"... is not valid JSON

      43 |     data: { email, password }
      44 |   });
    > 45 |   const data = await response.json();
         |                ^
      46 |   return data.token;
      47 | }
      48 |
        at getAuthToken (/Users/asithalakmal/Documents/web/final project/WeddingLK-next copy/tests/e2e/api-integration.spec.ts:45:16)
        at /Users/asithalakmal/Documents/web/final project/WeddingLK-next copy/tests/e2e/api-integration.spec.ts:419:19

    attachment #1: screenshot (image/png) ──────────────────────────────────────────────────────────
    ../../test-results/api-integration-📊-Dashboa-bf9ef-sts-Get-Dashboard-Stats-API-firefox/test-failed-1.png
    ────────────────────────────────────────────────────────────────────────────────────────────────

    attachment #2: video (video/webm) ──────────────────────────────────────────────────────────────
    ../../test-results/api-integration-📊-Dashboa-bf9ef-sts-Get-Dashboard-Stats-API-firefox/video.webm
    ────────────────────────────────────────────────────────────────────────────────────────────────
]]>
</failure>
<system-out>
<![CDATA[
[[ATTACHMENT|test-results/api-integration-📊-Dashboa-bf9ef-sts-Get-Dashboard-Stats-API-firefox/test-failed-1.png]]

[[ATTACHMENT|test-results/api-integration-📊-Dashboa-bf9ef-sts-Get-Dashboard-Stats-API-firefox/video.webm]]
]]>
</system-out>
</testcase>
<testcase name="📊 Dashboard API Tests › Get Dashboard Activity API" classname="api-integration.spec.ts" time="7.555">
<failure message="api-integration.spec.ts:431:7 Get Dashboard Activity API" type="FAILURE">
<![CDATA[  [firefox] › api-integration.spec.ts:431:7 › 📊 Dashboard API Tests › Get Dashboard Activity API ──

    SyntaxError: Unexpected token 'E', "Error: Thi"... is not valid JSON

      43 |     data: { email, password }
      44 |   });
    > 45 |   const data = await response.json();
         |                ^
      46 |   return data.token;
      47 | }
      48 |
        at getAuthToken (/Users/asithalakmal/Documents/web/final project/WeddingLK-next copy/tests/e2e/api-integration.spec.ts:45:16)
        at /Users/asithalakmal/Documents/web/final project/WeddingLK-next copy/tests/e2e/api-integration.spec.ts:432:19

    attachment #1: screenshot (image/png) ──────────────────────────────────────────────────────────
    ../../test-results/api-integration-📊-Dashboa-0cd31--Get-Dashboard-Activity-API-firefox/test-failed-1.png
    ────────────────────────────────────────────────────────────────────────────────────────────────

    attachment #2: video (video/webm) ──────────────────────────────────────────────────────────────
    ../../test-results/api-integration-📊-Dashboa-0cd31--Get-Dashboard-Activity-API-firefox/video.webm
    ────────────────────────────────────────────────────────────────────────────────────────────────
]]>
</failure>
<system-out>
<![CDATA[
[[ATTACHMENT|test-results/api-integration-📊-Dashboa-0cd31--Get-Dashboard-Activity-API-firefox/test-failed-1.png]]

[[ATTACHMENT|test-results/api-integration-📊-Dashboa-0cd31--Get-Dashboard-Activity-API-firefox/video.webm]]
]]>
</system-out>
</testcase>
<testcase name="📊 Dashboard API Tests › Get User Dashboard Stats API" classname="api-integration.spec.ts" time="8.279">
<failure message="api-integration.spec.ts:442:7 Get User Dashboard Stats API" type="FAILURE">
<![CDATA[  [firefox] › api-integration.spec.ts:442:7 › 📊 Dashboard API Tests › Get User Dashboard Stats API 

    SyntaxError: Unexpected token 'E', "Error: Thi"... is not valid JSON

      43 |     data: { email, password }
      44 |   });
    > 45 |   const data = await response.json();
         |                ^
      46 |   return data.token;
      47 | }
      48 |
        at getAuthToken (/Users/asithalakmal/Documents/web/final project/WeddingLK-next copy/tests/e2e/api-integration.spec.ts:45:16)
        at /Users/asithalakmal/Documents/web/final project/WeddingLK-next copy/tests/e2e/api-integration.spec.ts:443:19

    attachment #1: screenshot (image/png) ──────────────────────────────────────────────────────────
    ../../test-results/api-integration-📊-Dashboa-f50b7-et-User-Dashboard-Stats-API-firefox/test-failed-1.png
    ────────────────────────────────────────────────────────────────────────────────────────────────

    attachment #2: video (video/webm) ──────────────────────────────────────────────────────────────
    ../../test-results/api-integration-📊-Dashboa-f50b7-et-User-Dashboard-Stats-API-firefox/video.webm
    ────────────────────────────────────────────────────────────────────────────────────────────────
]]>
</failure>
<system-out>
<![CDATA[
[[ATTACHMENT|test-results/api-integration-📊-Dashboa-f50b7-et-User-Dashboard-Stats-API-firefox/test-failed-1.png]]

[[ATTACHMENT|test-results/api-integration-📊-Dashboa-f50b7-et-User-Dashboard-Stats-API-firefox/video.webm]]
]]>
</system-out>
</testcase>
<testcase name="📊 Dashboard API Tests › Get Vendor Dashboard Stats API" classname="api-integration.spec.ts" time="10.548">
<failure message="api-integration.spec.ts:453:7 Get Vendor Dashboard Stats API" type="FAILURE">
<![CDATA[  [firefox] › api-integration.spec.ts:453:7 › 📊 Dashboard API Tests › Get Vendor Dashboard Stats API 

    SyntaxError: Unexpected token 'E', "Error: Thi"... is not valid JSON

      43 |     data: { email, password }
      44 |   });
    > 45 |   const data = await response.json();
         |                ^
      46 |   return data.token;
      47 | }
      48 |
        at getAuthToken (/Users/asithalakmal/Documents/web/final project/WeddingLK-next copy/tests/e2e/api-integration.spec.ts:45:16)
        at /Users/asithalakmal/Documents/web/final project/WeddingLK-next copy/tests/e2e/api-integration.spec.ts:454:19

    attachment #1: screenshot (image/png) ──────────────────────────────────────────────────────────
    ../../test-results/api-integration-📊-Dashboa-87572--Vendor-Dashboard-Stats-API-firefox/test-failed-1.png
    ────────────────────────────────────────────────────────────────────────────────────────────────

    attachment #2: video (video/webm) ──────────────────────────────────────────────────────────────
    ../../test-results/api-integration-📊-Dashboa-87572--Vendor-Dashboard-Stats-API-firefox/video.webm
    ────────────────────────────────────────────────────────────────────────────────────────────────
]]>
</failure>
<system-out>
<![CDATA[
[[ATTACHMENT|test-results/api-integration-📊-Dashboa-87572--Vendor-Dashboard-Stats-API-firefox/test-failed-1.png]]

[[ATTACHMENT|test-results/api-integration-📊-Dashboa-87572--Vendor-Dashboard-Stats-API-firefox/video.webm]]
]]>
</system-out>
</testcase>
<testcase name="📊 Dashboard API Tests › Get Admin Dashboard Stats API" classname="api-integration.spec.ts" time="10.383">
<failure message="api-integration.spec.ts:464:7 Get Admin Dashboard Stats API" type="FAILURE">
<![CDATA[  [firefox] › api-integration.spec.ts:464:7 › 📊 Dashboard API Tests › Get Admin Dashboard Stats API 

    SyntaxError: Unexpected token 'E', "Error: Thi"... is not valid JSON

      43 |     data: { email, password }
      44 |   });
    > 45 |   const data = await response.json();
         |                ^
      46 |   return data.token;
      47 | }
      48 |
        at getAuthToken (/Users/asithalakmal/Documents/web/final project/WeddingLK-next copy/tests/e2e/api-integration.spec.ts:45:16)
        at /Users/asithalakmal/Documents/web/final project/WeddingLK-next copy/tests/e2e/api-integration.spec.ts:465:19

    attachment #1: screenshot (image/png) ──────────────────────────────────────────────────────────
    ../../test-results/api-integration-📊-Dashboa-9ac1f-t-Admin-Dashboard-Stats-API-firefox/test-failed-1.png
    ────────────────────────────────────────────────────────────────────────────────────────────────

    attachment #2: video (video/webm) ──────────────────────────────────────────────────────────────
    ../../test-results/api-integration-📊-Dashboa-9ac1f-t-Admin-Dashboard-Stats-API-firefox/video.webm
    ────────────────────────────────────────────────────────────────────────────────────────────────
]]>
</failure>
<system-out>
<![CDATA[
[[ATTACHMENT|test-results/api-integration-📊-Dashboa-9ac1f-t-Admin-Dashboard-Stats-API-firefox/test-failed-1.png]]

[[ATTACHMENT|test-results/api-integration-📊-Dashboa-9ac1f-t-Admin-Dashboard-Stats-API-firefox/video.webm]]
]]>
</system-out>
</testcase>
<testcase name="👥 Wedding Planner API Tests › Get Planner Clients API" classname="api-integration.spec.ts" time="7.838">
<failure message="api-integration.spec.ts:477:7 Get Planner Clients API" type="FAILURE">
<![CDATA[  [firefox] › api-integration.spec.ts:477:7 › 👥 Wedding Planner API Tests › Get Planner Clients API 

    SyntaxError: Unexpected token 'E', "Error: Thi"... is not valid JSON

      43 |     data: { email, password }
      44 |   });
    > 45 |   const data = await response.json();
         |                ^
      46 |   return data.token;
      47 | }
      48 |
        at getAuthToken (/Users/asithalakmal/Documents/web/final project/WeddingLK-next copy/tests/e2e/api-integration.spec.ts:45:16)
        at /Users/asithalakmal/Documents/web/final project/WeddingLK-next copy/tests/e2e/api-integration.spec.ts:478:19

    attachment #1: screenshot (image/png) ──────────────────────────────────────────────────────────
    ../../test-results/api-integration-👥-Wedding-2c0a3-sts-Get-Planner-Clients-API-firefox/test-failed-1.png
    ────────────────────────────────────────────────────────────────────────────────────────────────

    attachment #2: video (video/webm) ──────────────────────────────────────────────────────────────
    ../../test-results/api-integration-👥-Wedding-2c0a3-sts-Get-Planner-Clients-API-firefox/video.webm
    ────────────────────────────────────────────────────────────────────────────────────────────────
]]>
</failure>
<system-out>
<![CDATA[
[[ATTACHMENT|test-results/api-integration-👥-Wedding-2c0a3-sts-Get-Planner-Clients-API-firefox/test-failed-1.png]]

[[ATTACHMENT|test-results/api-integration-👥-Wedding-2c0a3-sts-Get-Planner-Clients-API-firefox/video.webm]]
]]>
</system-out>
</testcase>
<testcase name="👥 Wedding Planner API Tests › Create Planner Client API" classname="api-integration.spec.ts" time="8.668">
<failure message="api-integration.spec.ts:488:7 Create Planner Client API" type="FAILURE">
<![CDATA[  [firefox] › api-integration.spec.ts:488:7 › 👥 Wedding Planner API Tests › Create Planner Client API 

    SyntaxError: Unexpected token 'E', "Error: Thi"... is not valid JSON

      43 |     data: { email, password }
      44 |   });
    > 45 |   const data = await response.json();
         |                ^
      46 |   return data.token;
      47 | }
      48 |
        at getAuthToken (/Users/asithalakmal/Documents/web/final project/WeddingLK-next copy/tests/e2e/api-integration.spec.ts:45:16)
        at /Users/asithalakmal/Documents/web/final project/WeddingLK-next copy/tests/e2e/api-integration.spec.ts:489:19

    attachment #1: screenshot (image/png) ──────────────────────────────────────────────────────────
    ../../test-results/api-integration-👥-Wedding-61866-s-Create-Planner-Client-API-firefox/test-failed-1.png
    ────────────────────────────────────────────────────────────────────────────────────────────────

    attachment #2: video (video/webm) ──────────────────────────────────────────────────────────────
    ../../test-results/api-integration-👥-Wedding-61866-s-Create-Planner-Client-API-firefox/video.webm
    ────────────────────────────────────────────────────────────────────────────────────────────────
]]>
</failure>
<system-out>
<![CDATA[
[[ATTACHMENT|test-results/api-integration-👥-Wedding-61866-s-Create-Planner-Client-API-firefox/test-failed-1.png]]

[[ATTACHMENT|test-results/api-integration-👥-Wedding-61866-s-Create-Planner-Client-API-firefox/video.webm]]
]]>
</system-out>
</testcase>
<testcase name="👥 Wedding Planner API Tests › Get Planner Tasks API" classname="api-integration.spec.ts" time="7.059">
<failure message="api-integration.spec.ts:504:7 Get Planner Tasks API" type="FAILURE">
<![CDATA[  [firefox] › api-integration.spec.ts:504:7 › 👥 Wedding Planner API Tests › Get Planner Tasks API ─

    SyntaxError: Unexpected token 'E', "Error: Thi"... is not valid JSON

      43 |     data: { email, password }
      44 |   });
    > 45 |   const data = await response.json();
         |                ^
      46 |   return data.token;
      47 | }
      48 |
        at getAuthToken (/Users/asithalakmal/Documents/web/final project/WeddingLK-next copy/tests/e2e/api-integration.spec.ts:45:16)
        at /Users/asithalakmal/Documents/web/final project/WeddingLK-next copy/tests/e2e/api-integration.spec.ts:505:19

    attachment #1: screenshot (image/png) ──────────────────────────────────────────────────────────
    ../../test-results/api-integration-👥-Wedding-8c90f-Tests-Get-Planner-Tasks-API-firefox/test-failed-1.png
    ────────────────────────────────────────────────────────────────────────────────────────────────

    attachment #2: video (video/webm) ──────────────────────────────────────────────────────────────
    ../../test-results/api-integration-👥-Wedding-8c90f-Tests-Get-Planner-Tasks-API-firefox/video.webm
    ────────────────────────────────────────────────────────────────────────────────────────────────
]]>
</failure>
<system-out>
<![CDATA[
[[ATTACHMENT|test-results/api-integration-👥-Wedding-8c90f-Tests-Get-Planner-Tasks-API-firefox/test-failed-1.png]]

[[ATTACHMENT|test-results/api-integration-👥-Wedding-8c90f-Tests-Get-Planner-Tasks-API-firefox/video.webm]]
]]>
</system-out>
</testcase>
<testcase name="👥 Wedding Planner API Tests › Create Planner Task API" classname="api-integration.spec.ts" time="7.23">
<failure message="api-integration.spec.ts:515:7 Create Planner Task API" type="FAILURE">
<![CDATA[  [firefox] › api-integration.spec.ts:515:7 › 👥 Wedding Planner API Tests › Create Planner Task API 

    SyntaxError: Unexpected token 'E', "Error: Thi"... is not valid JSON

      43 |     data: { email, password }
      44 |   });
    > 45 |   const data = await response.json();
         |                ^
      46 |   return data.token;
      47 | }
      48 |
        at getAuthToken (/Users/asithalakmal/Documents/web/final project/WeddingLK-next copy/tests/e2e/api-integration.spec.ts:45:16)
        at /Users/asithalakmal/Documents/web/final project/WeddingLK-next copy/tests/e2e/api-integration.spec.ts:516:19

    attachment #1: screenshot (image/png) ──────────────────────────────────────────────────────────
    ../../test-results/api-integration-👥-Wedding-2690c-sts-Create-Planner-Task-API-firefox/test-failed-1.png
    ────────────────────────────────────────────────────────────────────────────────────────────────

    attachment #2: video (video/webm) ──────────────────────────────────────────────────────────────
    ../../test-results/api-integration-👥-Wedding-2690c-sts-Create-Planner-Task-API-firefox/video.webm
    ────────────────────────────────────────────────────────────────────────────────────────────────
]]>
</failure>
<system-out>
<![CDATA[
[[ATTACHMENT|test-results/api-integration-👥-Wedding-2690c-sts-Create-Planner-Task-API-firefox/test-failed-1.png]]

[[ATTACHMENT|test-results/api-integration-👥-Wedding-2690c-sts-Create-Planner-Task-API-firefox/video.webm]]
]]>
</system-out>
</testcase>
<testcase name="👑 Admin Management API Tests › Get All Users API" classname="api-integration.spec.ts" time="6.844">
<failure message="api-integration.spec.ts:534:7 Get All Users API" type="FAILURE">
<![CDATA[  [firefox] › api-integration.spec.ts:534:7 › 👑 Admin Management API Tests › Get All Users API ────

    SyntaxError: Unexpected token 'E', "Error: Thi"... is not valid JSON

      43 |     data: { email, password }
      44 |   });
    > 45 |   const data = await response.json();
         |                ^
      46 |   return data.token;
      47 | }
      48 |
        at getAuthToken (/Users/asithalakmal/Documents/web/final project/WeddingLK-next copy/tests/e2e/api-integration.spec.ts:45:16)
        at /Users/asithalakmal/Documents/web/final project/WeddingLK-next copy/tests/e2e/api-integration.spec.ts:535:19

    attachment #1: screenshot (image/png) ──────────────────────────────────────────────────────────
    ../../test-results/api-integration-👑-Admin-M-2be62-API-Tests-Get-All-Users-API-firefox/test-failed-1.png
    ────────────────────────────────────────────────────────────────────────────────────────────────

    attachment #2: video (video/webm) ──────────────────────────────────────────────────────────────
    ../../test-results/api-integration-👑-Admin-M-2be62-API-Tests-Get-All-Users-API-firefox/video.webm
    ────────────────────────────────────────────────────────────────────────────────────────────────
]]>
</failure>
<system-out>
<![CDATA[
[[ATTACHMENT|test-results/api-integration-👑-Admin-M-2be62-API-Tests-Get-All-Users-API-firefox/test-failed-1.png]]

[[ATTACHMENT|test-results/api-integration-👑-Admin-M-2be62-API-Tests-Get-All-Users-API-firefox/video.webm]]
]]>
</system-out>
</testcase>
<testcase name="👑 Admin Management API Tests › Get All Vendors API" classname="api-integration.spec.ts" time="6.977">
<failure message="api-integration.spec.ts:545:7 Get All Vendors API" type="FAILURE">
<![CDATA[  [firefox] › api-integration.spec.ts:545:7 › 👑 Admin Management API Tests › Get All Vendors API ──

    SyntaxError: Unexpected token 'E', "Error: Thi"... is not valid JSON

      43 |     data: { email, password }
      44 |   });
    > 45 |   const data = await response.json();
         |                ^
      46 |   return data.token;
      47 | }
      48 |
        at getAuthToken (/Users/asithalakmal/Documents/web/final project/WeddingLK-next copy/tests/e2e/api-integration.spec.ts:45:16)
        at /Users/asithalakmal/Documents/web/final project/WeddingLK-next copy/tests/e2e/api-integration.spec.ts:546:19

    attachment #1: screenshot (image/png) ──────────────────────────────────────────────────────────
    ../../test-results/api-integration-👑-Admin-M-588b2-I-Tests-Get-All-Vendors-API-firefox/test-failed-1.png
    ────────────────────────────────────────────────────────────────────────────────────────────────

    attachment #2: video (video/webm) ──────────────────────────────────────────────────────────────
    ../../test-results/api-integration-👑-Admin-M-588b2-I-Tests-Get-All-Vendors-API-firefox/video.webm
    ────────────────────────────────────────────────────────────────────────────────────────────────
]]>
</failure>
<system-out>
<![CDATA[
[[ATTACHMENT|test-results/api-integration-👑-Admin-M-588b2-I-Tests-Get-All-Vendors-API-firefox/test-failed-1.png]]

[[ATTACHMENT|test-results/api-integration-👑-Admin-M-588b2-I-Tests-Get-All-Vendors-API-firefox/video.webm]]
]]>
</system-out>
</testcase>
<testcase name="👑 Admin Management API Tests › Update User Role API" classname="api-integration.spec.ts" time="9.244">
<failure message="api-integration.spec.ts:556:7 Update User Role API" type="FAILURE">
<![CDATA[  [firefox] › api-integration.spec.ts:556:7 › 👑 Admin Management API Tests › Update User Role API ─

    SyntaxError: Unexpected token 'E', "Error: Thi"... is not valid JSON

      43 |     data: { email, password }
      44 |   });
    > 45 |   const data = await response.json();
         |                ^
      46 |   return data.token;
      47 | }
      48 |
        at getAuthToken (/Users/asithalakmal/Documents/web/final project/WeddingLK-next copy/tests/e2e/api-integration.spec.ts:45:16)
        at /Users/asithalakmal/Documents/web/final project/WeddingLK-next copy/tests/e2e/api-integration.spec.ts:557:19

    attachment #1: screenshot (image/png) ──────────────────────────────────────────────────────────
    ../../test-results/api-integration-👑-Admin-M-426c4--Tests-Update-User-Role-API-firefox/test-failed-1.png
    ────────────────────────────────────────────────────────────────────────────────────────────────

    attachment #2: video (video/webm) ──────────────────────────────────────────────────────────────
    ../../test-results/api-integration-👑-Admin-M-426c4--Tests-Update-User-Role-API-firefox/video.webm
    ────────────────────────────────────────────────────────────────────────────────────────────────
]]>
</failure>
<system-out>
<![CDATA[
[[ATTACHMENT|test-results/api-integration-👑-Admin-M-426c4--Tests-Update-User-Role-API-firefox/test-failed-1.png]]

[[ATTACHMENT|test-results/api-integration-👑-Admin-M-426c4--Tests-Update-User-Role-API-firefox/video.webm]]
]]>
</system-out>
</testcase>
<testcase name="👑 Admin Management API Tests › Get Admin Reports API" classname="api-integration.spec.ts" time="8.371">
<failure message="api-integration.spec.ts:569:7 Get Admin Reports API" type="FAILURE">
<![CDATA[  [firefox] › api-integration.spec.ts:569:7 › 👑 Admin Management API Tests › Get Admin Reports API 

    SyntaxError: Unexpected token 'E', "Error: Thi"... is not valid JSON

      43 |     data: { email, password }
      44 |   });
    > 45 |   const data = await response.json();
         |                ^
      46 |   return data.token;
      47 | }
      48 |
        at getAuthToken (/Users/asithalakmal/Documents/web/final project/WeddingLK-next copy/tests/e2e/api-integration.spec.ts:45:16)
        at /Users/asithalakmal/Documents/web/final project/WeddingLK-next copy/tests/e2e/api-integration.spec.ts:570:19

    attachment #1: screenshot (image/png) ──────────────────────────────────────────────────────────
    ../../test-results/api-integration-👑-Admin-M-bc282-Tests-Get-Admin-Reports-API-firefox/test-failed-1.png
    ────────────────────────────────────────────────────────────────────────────────────────────────

    attachment #2: video (video/webm) ──────────────────────────────────────────────────────────────
    ../../test-results/api-integration-👑-Admin-M-bc282-Tests-Get-Admin-Reports-API-firefox/video.webm
    ────────────────────────────────────────────────────────────────────────────────────────────────
]]>
</failure>
<system-out>
<![CDATA[
[[ATTACHMENT|test-results/api-integration-👑-Admin-M-bc282-Tests-Get-Admin-Reports-API-firefox/test-failed-1.png]]

[[ATTACHMENT|test-results/api-integration-👑-Admin-M-bc282-Tests-Get-Admin-Reports-API-firefox/video.webm]]
]]>
</system-out>
</testcase>
<testcase name="🔍 Search and Filter API Tests › Search Venues API" classname="api-integration.spec.ts" time="7.347">
</testcase>
<testcase name="🔍 Search and Filter API Tests › Search Vendors API" classname="api-integration.spec.ts" time="8.173">
</testcase>
<testcase name="🔍 Search and Filter API Tests › Filter Venues by Price API" classname="api-integration.spec.ts" time="3.998">
</testcase>
<testcase name="📱 Mobile API Tests › Mobile App Data API" classname="api-integration.spec.ts" time="3.561">
<failure message="api-integration.spec.ts:611:7 Mobile App Data API" type="FAILURE">
<![CDATA[  [firefox] › api-integration.spec.ts:611:7 › 📱 Mobile API Tests › Mobile App Data API ────────────

    SyntaxError: Unexpected token 'E', "Error: Thi"... is not valid JSON

      43 |     data: { email, password }
      44 |   });
    > 45 |   const data = await response.json();
         |                ^
      46 |   return data.token;
      47 | }
      48 |
        at getAuthToken (/Users/asithalakmal/Documents/web/final project/WeddingLK-next copy/tests/e2e/api-integration.spec.ts:45:16)
        at /Users/asithalakmal/Documents/web/final project/WeddingLK-next copy/tests/e2e/api-integration.spec.ts:612:19

    attachment #1: screenshot (image/png) ──────────────────────────────────────────────────────────
    ../../test-results/api-integration-📱-Mobile-API-Tests-Mobile-App-Data-API-firefox/test-failed-1.png
    ────────────────────────────────────────────────────────────────────────────────────────────────

    attachment #2: video (video/webm) ──────────────────────────────────────────────────────────────
    ../../test-results/api-integration-📱-Mobile-API-Tests-Mobile-App-Data-API-firefox/video.webm
    ────────────────────────────────────────────────────────────────────────────────────────────────
]]>
</failure>
<system-out>
<![CDATA[
[[ATTACHMENT|test-results/api-integration-📱-Mobile-API-Tests-Mobile-App-Data-API-firefox/test-failed-1.png]]

[[ATTACHMENT|test-results/api-integration-📱-Mobile-API-Tests-Mobile-App-Data-API-firefox/video.webm]]
]]>
</system-out>
</testcase>
<testcase name="📱 Mobile API Tests › Mobile Venues API" classname="api-integration.spec.ts" time="3.762">
<failure message="api-integration.spec.ts:625:7 Mobile Venues API" type="FAILURE">
<![CDATA[  [firefox] › api-integration.spec.ts:625:7 › 📱 Mobile API Tests › Mobile Venues API ──────────────

    SyntaxError: Unexpected token 'E', "Error: Thi"... is not valid JSON

      43 |     data: { email, password }
      44 |   });
    > 45 |   const data = await response.json();
         |                ^
      46 |   return data.token;
      47 | }
      48 |
        at getAuthToken (/Users/asithalakmal/Documents/web/final project/WeddingLK-next copy/tests/e2e/api-integration.spec.ts:45:16)
        at /Users/asithalakmal/Documents/web/final project/WeddingLK-next copy/tests/e2e/api-integration.spec.ts:626:19

    attachment #1: screenshot (image/png) ──────────────────────────────────────────────────────────
    ../../test-results/api-integration-📱-Mobile-API-Tests-Mobile-Venues-API-firefox/test-failed-1.png
    ────────────────────────────────────────────────────────────────────────────────────────────────

    attachment #2: video (video/webm) ──────────────────────────────────────────────────────────────
    ../../test-results/api-integration-📱-Mobile-API-Tests-Mobile-Venues-API-firefox/video.webm
    ────────────────────────────────────────────────────────────────────────────────────────────────
]]>
</failure>
<system-out>
<![CDATA[
[[ATTACHMENT|test-results/api-integration-📱-Mobile-API-Tests-Mobile-Venues-API-firefox/test-failed-1.png]]

[[ATTACHMENT|test-results/api-integration-📱-Mobile-API-Tests-Mobile-Venues-API-firefox/video.webm]]
]]>
</system-out>
</testcase>
<testcase name="🔔 Notification API Tests › Get Notifications API" classname="api-integration.spec.ts" time="7.666">
<failure message="api-integration.spec.ts:641:7 Get Notifications API" type="FAILURE">
<![CDATA[  [firefox] › api-integration.spec.ts:641:7 › 🔔 Notification API Tests › Get Notifications API ────

    SyntaxError: Unexpected token 'E', "Error: Thi"... is not valid JSON

      43 |     data: { email, password }
      44 |   });
    > 45 |   const data = await response.json();
         |                ^
      46 |   return data.token;
      47 | }
      48 |
        at getAuthToken (/Users/asithalakmal/Documents/web/final project/WeddingLK-next copy/tests/e2e/api-integration.spec.ts:45:16)
        at /Users/asithalakmal/Documents/web/final project/WeddingLK-next copy/tests/e2e/api-integration.spec.ts:642:19

    attachment #1: screenshot (image/png) ──────────────────────────────────────────────────────────
    ../../test-results/api-integration-🔔-Notific-9b174-Tests-Get-Notifications-API-firefox/test-failed-1.png
    ────────────────────────────────────────────────────────────────────────────────────────────────

    attachment #2: video (video/webm) ──────────────────────────────────────────────────────────────
    ../../test-results/api-integration-🔔-Notific-9b174-Tests-Get-Notifications-API-firefox/video.webm
    ────────────────────────────────────────────────────────────────────────────────────────────────
]]>
</failure>
<system-out>
<![CDATA[
[[ATTACHMENT|test-results/api-integration-🔔-Notific-9b174-Tests-Get-Notifications-API-firefox/test-failed-1.png]]

[[ATTACHMENT|test-results/api-integration-🔔-Notific-9b174-Tests-Get-Notifications-API-firefox/video.webm]]
]]>
</system-out>
</testcase>
<testcase name="🔔 Notification API Tests › Mark Notification as Read API" classname="api-integration.spec.ts" time="7.331">
<failure message="api-integration.spec.ts:652:7 Mark Notification as Read API" type="FAILURE">
<![CDATA[  [firefox] › api-integration.spec.ts:652:7 › 🔔 Notification API Tests › Mark Notification as Read API 

    SyntaxError: Unexpected token 'E', "Error: Thi"... is not valid JSON

      43 |     data: { email, password }
      44 |   });
    > 45 |   const data = await response.json();
         |                ^
      46 |   return data.token;
      47 | }
      48 |
        at getAuthToken (/Users/asithalakmal/Documents/web/final project/WeddingLK-next copy/tests/e2e/api-integration.spec.ts:45:16)
        at /Users/asithalakmal/Documents/web/final project/WeddingLK-next copy/tests/e2e/api-integration.spec.ts:653:19

    attachment #1: screenshot (image/png) ──────────────────────────────────────────────────────────
    ../../test-results/api-integration-🔔-Notific-6938f-rk-Notification-as-Read-API-firefox/test-failed-1.png
    ────────────────────────────────────────────────────────────────────────────────────────────────

    attachment #2: video (video/webm) ──────────────────────────────────────────────────────────────
    ../../test-results/api-integration-🔔-Notific-6938f-rk-Notification-as-Read-API-firefox/video.webm
    ────────────────────────────────────────────────────────────────────────────────────────────────
]]>
</failure>
<system-out>
<![CDATA[
[[ATTACHMENT|test-results/api-integration-🔔-Notific-6938f-rk-Notification-as-Read-API-firefox/test-failed-1.png]]

[[ATTACHMENT|test-results/api-integration-🔔-Notific-6938f-rk-Notification-as-Read-API-firefox/video.webm]]
]]>
</system-out>
</testcase>
<testcase name="🛡️ Security and Error Handling API Tests › Unauthorized API Access" classname="api-integration.spec.ts" time="9.203">
<failure message="api-integration.spec.ts:665:7 Unauthorized API Access" type="FAILURE">
<![CDATA[  [firefox] › api-integration.spec.ts:665:7 › 🛡️ Security and Error Handling API Tests › Unauthorized API Access 

    Error: expect(received).toContain(expected) // indexOf

    Expected substring: "Unauthorized"
    Received string:    "Authentication required"

      668 |     
      669 |     const data = await response.json();
    > 670 |     expect(data.error).toContain('Unauthorized');
          |                        ^
      671 |   });
      672 |
      673 |   test('Invalid Token API Access', async ({ page }) => {
        at /Users/asithalakmal/Documents/web/final project/WeddingLK-next copy/tests/e2e/api-integration.spec.ts:670:24

    attachment #1: screenshot (image/png) ──────────────────────────────────────────────────────────
    ../../test-results/api-integration-🛡️-Securi-b5273-sts-Unauthorized-API-Access-firefox/test-failed-1.png
    ────────────────────────────────────────────────────────────────────────────────────────────────

    attachment #2: video (video/webm) ──────────────────────────────────────────────────────────────
    ../../test-results/api-integration-🛡️-Securi-b5273-sts-Unauthorized-API-Access-firefox/video.webm
    ────────────────────────────────────────────────────────────────────────────────────────────────
]]>
</failure>
<system-out>
<![CDATA[
[[ATTACHMENT|test-results/api-integration-🛡️-Securi-b5273-sts-Unauthorized-API-Access-firefox/test-failed-1.png]]

[[ATTACHMENT|test-results/api-integration-🛡️-Securi-b5273-sts-Unauthorized-API-Access-firefox/video.webm]]
]]>
</system-out>
</testcase>
<testcase name="🛡️ Security and Error Handling API Tests › Invalid Token API Access" classname="api-integration.spec.ts" time="9.712">
</testcase>
<testcase name="🛡️ Security and Error Handling API Tests › Rate Limiting API" classname="api-integration.spec.ts" time="14.815">
<failure message="api-integration.spec.ts:680:7 Rate Limiting API" type="FAILURE">
<![CDATA[  [firefox] › api-integration.spec.ts:680:7 › 🛡️ Security and Error Handling API Tests › Rate Limiting API 

    Error: expect(received).toBeGreaterThan(expected)

    Expected: > 0
    Received:   0

      688 |     
      689 |     // At least one request should be rate limited
    > 690 |     expect(rateLimitedResponses.length).toBeGreaterThan(0);
          |                                         ^
      691 |   });
      692 |
      693 |   test('Input Validation API', async ({ page }) => {
        at /Users/asithalakmal/Documents/web/final project/WeddingLK-next copy/tests/e2e/api-integration.spec.ts:690:41

    attachment #1: screenshot (image/png) ──────────────────────────────────────────────────────────
    ../../test-results/api-integration-🛡️-Securi-733b3-API-Tests-Rate-Limiting-API-firefox/test-failed-1.png
    ────────────────────────────────────────────────────────────────────────────────────────────────

    attachment #2: video (video/webm) ──────────────────────────────────────────────────────────────
    ../../test-results/api-integration-🛡️-Securi-733b3-API-Tests-Rate-Limiting-API-firefox/video.webm
    ────────────────────────────────────────────────────────────────────────────────────────────────
]]>
</failure>
<system-out>
<![CDATA[
[[ATTACHMENT|test-results/api-integration-🛡️-Securi-733b3-API-Tests-Rate-Limiting-API-firefox/test-failed-1.png]]

[[ATTACHMENT|test-results/api-integration-🛡️-Securi-733b3-API-Tests-Rate-Limiting-API-firefox/video.webm]]
]]>
</system-out>
</testcase>
<testcase name="🛡️ Security and Error Handling API Tests › Input Validation API" classname="api-integration.spec.ts" time="3.524">
<failure message="api-integration.spec.ts:693:7 Input Validation API" type="FAILURE">
<![CDATA[  [firefox] › api-integration.spec.ts:693:7 › 🛡️ Security and Error Handling API Tests › Input Validation API 

    Error: expect(received).toBeDefined()

    Received: undefined

      702 |     expect(response.status()).toBe(400);
      703 |     const data = await response.json();
    > 704 |     expect(data.errors).toBeDefined();
          |                         ^
      705 |   });
      706 | });
      707 |
        at /Users/asithalakmal/Documents/web/final project/WeddingLK-next copy/tests/e2e/api-integration.spec.ts:704:25

    attachment #1: screenshot (image/png) ──────────────────────────────────────────────────────────
    ../../test-results/api-integration-🛡️-Securi-8d139--Tests-Input-Validation-API-firefox/test-failed-1.png
    ────────────────────────────────────────────────────────────────────────────────────────────────

    attachment #2: video (video/webm) ──────────────────────────────────────────────────────────────
    ../../test-results/api-integration-🛡️-Securi-8d139--Tests-Input-Validation-API-firefox/video.webm
    ────────────────────────────────────────────────────────────────────────────────────────────────
]]>
</failure>
<system-out>
<![CDATA[
[[ATTACHMENT|test-results/api-integration-🛡️-Securi-8d139--Tests-Input-Validation-API-firefox/test-failed-1.png]]

[[ATTACHMENT|test-results/api-integration-🛡️-Securi-8d139--Tests-Input-Validation-API-firefox/video.webm]]
]]>
</system-out>
</testcase>
<testcase name="📊 Analytics and Monitoring API Tests › Performance Monitoring API" classname="api-integration.spec.ts" time="8.506">
<failure message="api-integration.spec.ts:709:7 Performance Monitoring API" type="FAILURE">
<![CDATA[  [firefox] › api-integration.spec.ts:709:7 › 📊 Analytics and Monitoring API Tests › Performance Monitoring API 

    Error: expect(received).toBeDefined()

    Received: undefined

      713 |     const data = await response.json();
      714 |     expect(data.success).toBe(true);
    > 715 |     expect(data.metrics).toBeDefined();
          |                          ^
      716 |   });
      717 |
      718 |   test('Health Check API', async ({ page }) => {
        at /Users/asithalakmal/Documents/web/final project/WeddingLK-next copy/tests/e2e/api-integration.spec.ts:715:26

    attachment #1: screenshot (image/png) ──────────────────────────────────────────────────────────
    ../../test-results/api-integration-📊-Analyti-8d4fe--Performance-Monitoring-API-firefox/test-failed-1.png
    ────────────────────────────────────────────────────────────────────────────────────────────────

    attachment #2: video (video/webm) ──────────────────────────────────────────────────────────────
    ../../test-results/api-integration-📊-Analyti-8d4fe--Performance-Monitoring-API-firefox/video.webm
    ────────────────────────────────────────────────────────────────────────────────────────────────
]]>
</failure>
<system-out>
<![CDATA[
[[ATTACHMENT|test-results/api-integration-📊-Analyti-8d4fe--Performance-Monitoring-API-firefox/test-failed-1.png]]

[[ATTACHMENT|test-results/api-integration-📊-Analyti-8d4fe--Performance-Monitoring-API-firefox/video.webm]]
]]>
</system-out>
</testcase>
<testcase name="📊 Analytics and Monitoring API Tests › Health Check API" classname="api-integration.spec.ts" time="66.546">
<failure message="api-integration.spec.ts:718:7 Health Check API" type="FAILURE">
<![CDATA[  [firefox] › api-integration.spec.ts:718:7 › 📊 Analytics and Monitoring API Tests › Health Check API 

    TimeoutError: apiRequestContext.get: Timeout 60000ms exceeded.
    Call log:
      - → GET https://wedding-lk.vercel.app/api/health
        - user-agent: Mozilla/5.0 (Windows NT 10.0; Win64; x64; rv:142.0.1) Gecko/20100101 Firefox/142.0.1
        - accept: */*
        - accept-encoding: gzip,deflate,br


      717 |
      718 |   test('Health Check API', async ({ page }) => {
    > 719 |     const response = await page.request.get('/api/health');
          |                                         ^
      720 |     expect(response.status()).toBe(200);
      721 |     
      722 |     const data = await response.json();
        at /Users/asithalakmal/Documents/web/final project/WeddingLK-next copy/tests/e2e/api-integration.spec.ts:719:41

    attachment #1: screenshot (image/png) ──────────────────────────────────────────────────────────
    ../../test-results/api-integration-📊-Analyti-e1193--API-Tests-Health-Check-API-firefox/test-failed-1.png
    ────────────────────────────────────────────────────────────────────────────────────────────────

    attachment #2: video (video/webm) ──────────────────────────────────────────────────────────────
    ../../test-results/api-integration-📊-Analyti-e1193--API-Tests-Health-Check-API-firefox/video.webm
    ────────────────────────────────────────────────────────────────────────────────────────────────
]]>
</failure>
<system-out>
<![CDATA[
[[ATTACHMENT|test-results/api-integration-📊-Analyti-e1193--API-Tests-Health-Check-API-firefox/test-failed-1.png]]

[[ATTACHMENT|test-results/api-integration-📊-Analyti-e1193--API-Tests-Health-Check-API-firefox/video.webm]]
]]>
</system-out>
</testcase>
<testcase name="📊 Analytics and Monitoring API Tests › Error Tracking API" classname="api-integration.spec.ts" time="11.474">
<failure message="api-integration.spec.ts:727:7 Error Tracking API" type="FAILURE">
<![CDATA[  [firefox] › api-integration.spec.ts:727:7 › 📊 Analytics and Monitoring API Tests › Error Tracking API 

    Error: expect(received).toBe(expected) // Object.is equality

    Expected: 200
    Received: 401

      727 |   test('Error Tracking API', async ({ page }) => {
      728 |     const response = await page.request.get('/api/errors');
    > 729 |     expect(response.status()).toBe(200);
          |                               ^
      730 |     
      731 |     const data = await response.json();
      732 |     expect(data.success).toBe(true);
        at /Users/asithalakmal/Documents/web/final project/WeddingLK-next copy/tests/e2e/api-integration.spec.ts:729:31

    attachment #1: screenshot (image/png) ──────────────────────────────────────────────────────────
    ../../test-results/api-integration-📊-Analyti-cbfaa-PI-Tests-Error-Tracking-API-firefox/test-failed-1.png
    ────────────────────────────────────────────────────────────────────────────────────────────────

    attachment #2: video (video/webm) ──────────────────────────────────────────────────────────────
    ../../test-results/api-integration-📊-Analyti-cbfaa-PI-Tests-Error-Tracking-API-firefox/video.webm
    ────────────────────────────────────────────────────────────────────────────────────────────────
]]>
</failure>
<system-out>
<![CDATA[
[[ATTACHMENT|test-results/api-integration-📊-Analyti-cbfaa-PI-Tests-Error-Tracking-API-firefox/test-failed-1.png]]

[[ATTACHMENT|test-results/api-integration-📊-Analyti-cbfaa-PI-Tests-Error-Tracking-API-firefox/video.webm]]
]]>
</system-out>
</testcase>
</testsuite>
<testsuite name="auth.spec.ts" timestamp="2025-10-23T12:57:57.279Z" hostname="firefox" tests="8" failures="8" skipped="0" time="584.723" errors="0">
<testcase name="Authentication Flows › User registration -&gt; email verification -&gt; login -&gt; logout" classname="auth.spec.ts" time="68.315">
<failure message="auth.spec.ts:10:7 User registration -&gt; email verification -&gt; login -&gt; logout" type="FAILURE">
<![CDATA[  [firefox] › auth.spec.ts:10:7 › Authentication Flows › User registration -> email verification -> login -> logout 

    TimeoutError: page.fill: Timeout 60000ms exceeded.
    Call log:
      - waiting for locator('input[name="name"]')


      17 |     // Go to signup
      18 |     await page.goto('/auth/signup');
    > 19 |     await page.fill('input[name="name"]', user.name);
         |                ^
      20 |     await page.fill('input[name="email"]', user.email);
      21 |     await page.fill('input[name="password"]', user.password);
      22 |     await page.fill('input[name="confirmPassword"]', user.password);
        at /Users/asithalakmal/Documents/web/final project/WeddingLK-next copy/tests/e2e/auth.spec.ts:19:16

    attachment #1: screenshot (image/png) ──────────────────────────────────────────────────────────
    ../../test-results/auth-Authentication-Flows--b45f1-rification---login---logout-firefox/test-failed-1.png
    ────────────────────────────────────────────────────────────────────────────────────────────────

    attachment #2: video (video/webm) ──────────────────────────────────────────────────────────────
    ../../test-results/auth-Authentication-Flows--b45f1-rification---login---logout-firefox/video.webm
    ────────────────────────────────────────────────────────────────────────────────────────────────

    Error Context: ../../test-results/auth-Authentication-Flows--b45f1-rification---login---logout-firefox/error-context.md
]]>
</failure>
<system-out>
<![CDATA[
[[ATTACHMENT|test-results/auth-Authentication-Flows--b45f1-rification---login---logout-firefox/test-failed-1.png]]

[[ATTACHMENT|test-results/auth-Authentication-Flows--b45f1-rification---login---logout-firefox/video.webm]]

[[ATTACHMENT|test-results/auth-Authentication-Flows--b45f1-rification---login---logout-firefox/error-context.md]]
]]>
</system-out>
<system-err>
<![CDATA[Failed to seed test data: 
]]>
</system-err>
</testcase>
<testcase name="Authentication Flows › Login with invalid credentials should show error" classname="auth.spec.ts" time="69.764">
<failure message="auth.spec.ts:50:7 Login with invalid credentials should show error" type="FAILURE">
<![CDATA[  [firefox] › auth.spec.ts:50:7 › Authentication Flows › Login with invalid credentials should show error 

    TimeoutError: page.fill: Timeout 60000ms exceeded.
    Call log:
      - waiting for locator('input[name="email"]')


      50 |   test('Login with invalid credentials should show error', async ({ page }) => {
      51 |     await page.goto('/auth/signin');
    > 52 |     await page.fill('input[name="email"]', 'invalid@example.com');
         |                ^
      53 |     await page.fill('input[name="password"]', 'wrongpassword');
      54 |     await page.click('button[type="submit"]');
      55 |
        at /Users/asithalakmal/Documents/web/final project/WeddingLK-next copy/tests/e2e/auth.spec.ts:52:16

    attachment #1: screenshot (image/png) ──────────────────────────────────────────────────────────
    ../../test-results/auth-Authentication-Flows--2b2a9-edentials-should-show-error-firefox/test-failed-1.png
    ────────────────────────────────────────────────────────────────────────────────────────────────

    attachment #2: video (video/webm) ──────────────────────────────────────────────────────────────
    ../../test-results/auth-Authentication-Flows--2b2a9-edentials-should-show-error-firefox/video.webm
    ────────────────────────────────────────────────────────────────────────────────────────────────

    Error Context: ../../test-results/auth-Authentication-Flows--2b2a9-edentials-should-show-error-firefox/error-context.md
]]>
</failure>
<system-out>
<![CDATA[
[[ATTACHMENT|test-results/auth-Authentication-Flows--2b2a9-edentials-should-show-error-firefox/test-failed-1.png]]

[[ATTACHMENT|test-results/auth-Authentication-Flows--2b2a9-edentials-should-show-error-firefox/video.webm]]

[[ATTACHMENT|test-results/auth-Authentication-Flows--2b2a9-edentials-should-show-error-firefox/error-context.md]]
]]>
</system-out>
<system-err>
<![CDATA[Failed to seed test data: 
]]>
</system-err>
</testcase>
<testcase name="Authentication Flows › Forgot password flow" classname="auth.spec.ts" time="73.009">
<failure message="auth.spec.ts:59:7 Forgot password flow" type="FAILURE">
<![CDATA[  [firefox] › auth.spec.ts:59:7 › Authentication Flows › Forgot password flow ──────────────────────

    TimeoutError: page.fill: Timeout 60000ms exceeded.
    Call log:
      - waiting for locator('input[name="email"]')


      61 |     
      62 |     await page.goto('/auth/forgot-password');
    > 63 |     await page.fill('input[name="email"]', email);
         |                ^
      64 |     await page.click('button[type="submit"]');
      65 |
      66 |     await expect(page.locator('.success, .toast-success, [data-testid="success-message"]')).toBeVisible();
        at /Users/asithalakmal/Documents/web/final project/WeddingLK-next copy/tests/e2e/auth.spec.ts:63:16

    attachment #1: screenshot (image/png) ──────────────────────────────────────────────────────────
    ../../test-results/auth-Authentication-Flows-Forgot-password-flow-firefox/test-failed-1.png
    ────────────────────────────────────────────────────────────────────────────────────────────────

    attachment #2: video (video/webm) ──────────────────────────────────────────────────────────────
    ../../test-results/auth-Authentication-Flows-Forgot-password-flow-firefox/video.webm
    ────────────────────────────────────────────────────────────────────────────────────────────────

    Error Context: ../../test-results/auth-Authentication-Flows-Forgot-password-flow-firefox/error-context.md
]]>
</failure>
<system-out>
<![CDATA[
[[ATTACHMENT|test-results/auth-Authentication-Flows-Forgot-password-flow-firefox/test-failed-1.png]]

[[ATTACHMENT|test-results/auth-Authentication-Flows-Forgot-password-flow-firefox/video.webm]]

[[ATTACHMENT|test-results/auth-Authentication-Flows-Forgot-password-flow-firefox/error-context.md]]
]]>
</system-out>
<system-err>
<![CDATA[Failed to seed test data: 
]]>
</system-err>
</testcase>
<testcase name="Authentication Flows › Social login with Google" classname="auth.spec.ts" time="72.68">
<failure message="auth.spec.ts:75:7 Social login with Google" type="FAILURE">
<![CDATA[  [firefox] › auth.spec.ts:75:7 › Authentication Flows › Social login with Google ──────────────────

    TimeoutError: page.click: Timeout 60000ms exceeded.
    Call log:
      - waiting for locator('button[data-testid="google-login"], .google-login-button')


      92 |     });
      93 |
    > 94 |     await page.click('button[data-testid="google-login"], .google-login-button');
         |                ^
      95 |     await expect(page).toHaveURL(/\/dashboard/);
      96 |   });
      97 |
        at /Users/asithalakmal/Documents/web/final project/WeddingLK-next copy/tests/e2e/auth.spec.ts:94:16

    attachment #1: screenshot (image/png) ──────────────────────────────────────────────────────────
    ../../test-results/auth-Authentication-Flows-Social-login-with-Google-firefox/test-failed-1.png
    ────────────────────────────────────────────────────────────────────────────────────────────────

    attachment #2: video (video/webm) ──────────────────────────────────────────────────────────────
    ../../test-results/auth-Authentication-Flows-Social-login-with-Google-firefox/video.webm
    ────────────────────────────────────────────────────────────────────────────────────────────────

    Error Context: ../../test-results/auth-Authentication-Flows-Social-login-with-Google-firefox/error-context.md
]]>
</failure>
<system-out>
<![CDATA[
[[ATTACHMENT|test-results/auth-Authentication-Flows-Social-login-with-Google-firefox/test-failed-1.png]]

[[ATTACHMENT|test-results/auth-Authentication-Flows-Social-login-with-Google-firefox/video.webm]]

[[ATTACHMENT|test-results/auth-Authentication-Flows-Social-login-with-Google-firefox/error-context.md]]
]]>
</system-out>
<system-err>
<![CDATA[Failed to seed test data: 
]]>
</system-err>
</testcase>
<testcase name="Authentication Flows › Two-factor authentication setup" classname="auth.spec.ts" time="97.284">
<failure message="auth.spec.ts:98:7 Two-factor authentication setup" type="FAILURE">
<![CDATA[  [firefox] › auth.spec.ts:98:7 › Authentication Flows › Two-factor authentication setup ───────────

    TimeoutError: page.fill: Timeout 60000ms exceeded.
    Call log:
      - waiting for locator('input[name="email"]')


       99 |     // Login first
      100 |     await page.goto('/auth/signin');
    > 101 |     await page.fill('input[name="email"]', process.env.TEST_USER_EMAIL || 'test@example.com');
          |                ^
      102 |     await page.fill('input[name="password"]', process.env.TEST_USER_PASSWORD || 'TestPass123!');
      103 |     await page.click('button[type="submit"]');
      104 |     await expect(page).toHaveURL(/\/dashboard/);
        at /Users/asithalakmal/Documents/web/final project/WeddingLK-next copy/tests/e2e/auth.spec.ts:101:16

    attachment #1: screenshot (image/png) ──────────────────────────────────────────────────────────
    ../../test-results/auth-Authentication-Flows-Two-factor-authentication-setup-firefox/test-failed-1.png
    ────────────────────────────────────────────────────────────────────────────────────────────────

    attachment #2: video (video/webm) ──────────────────────────────────────────────────────────────
    ../../test-results/auth-Authentication-Flows-Two-factor-authentication-setup-firefox/video.webm
    ────────────────────────────────────────────────────────────────────────────────────────────────

    Error Context: ../../test-results/auth-Authentication-Flows-Two-factor-authentication-setup-firefox/error-context.md
]]>
</failure>
<system-out>
<![CDATA[
[[ATTACHMENT|test-results/auth-Authentication-Flows-Two-factor-authentication-setup-firefox/test-failed-1.png]]

[[ATTACHMENT|test-results/auth-Authentication-Flows-Two-factor-authentication-setup-firefox/video.webm]]

[[ATTACHMENT|test-results/auth-Authentication-Flows-Two-factor-authentication-setup-firefox/error-context.md]]
]]>
</system-out>
<system-err>
<![CDATA[Failed to seed test data: 
]]>
</system-err>
</testcase>
<testcase name="Authentication Flows › Login with test user credentials" classname="auth.spec.ts" time="66.944">
<failure message="auth.spec.ts:125:7 Login with test user credentials" type="FAILURE">
<![CDATA[  [firefox] › auth.spec.ts:125:7 › Authentication Flows › Login with test user credentials ─────────

    TimeoutError: page.fill: Timeout 60000ms exceeded.
    Call log:
      - waiting for locator('input[name="email"]')


       at ../helpers/auth-helper.ts:43

      41 |   const user = TEST_USERS[userType];
      42 |   await page.goto('/auth/signin');
    > 43 |   await page.fill('input[name="email"]', user.email);
         |              ^
      44 |   await page.fill('input[name="password"]', user.password);
      45 |   await page.click('button[type="submit"]');
      46 |   await page.waitForURL(/\/dashboard/);
        at loginAsUser (/Users/asithalakmal/Documents/web/final project/WeddingLK-next copy/tests/helpers/auth-helper.ts:43:14)
        at /Users/asithalakmal/Documents/web/final project/WeddingLK-next copy/tests/e2e/auth.spec.ts:127:5

    attachment #1: screenshot (image/png) ──────────────────────────────────────────────────────────
    ../../test-results/auth-Authentication-Flows-Login-with-test-user-credentials-firefox/test-failed-1.png
    ────────────────────────────────────────────────────────────────────────────────────────────────

    attachment #2: video (video/webm) ──────────────────────────────────────────────────────────────
    ../../test-results/auth-Authentication-Flows-Login-with-test-user-credentials-firefox/video.webm
    ────────────────────────────────────────────────────────────────────────────────────────────────

    Error Context: ../../test-results/auth-Authentication-Flows-Login-with-test-user-credentials-firefox/error-context.md
]]>
</failure>
<system-out>
<![CDATA[
[[ATTACHMENT|test-results/auth-Authentication-Flows-Login-with-test-user-credentials-firefox/test-failed-1.png]]

[[ATTACHMENT|test-results/auth-Authentication-Flows-Login-with-test-user-credentials-firefox/video.webm]]

[[ATTACHMENT|test-results/auth-Authentication-Flows-Login-with-test-user-credentials-firefox/error-context.md]]
]]>
</system-out>
<system-err>
<![CDATA[Failed to seed test data: 
]]>
</system-err>
</testcase>
<testcase name="Authentication Flows › Login with test vendor credentials" classname="auth.spec.ts" time="67.147">
<failure message="auth.spec.ts:132:7 Login with test vendor credentials" type="FAILURE">
<![CDATA[  [firefox] › auth.spec.ts:132:7 › Authentication Flows › Login with test vendor credentials ───────

    TimeoutError: page.fill: Timeout 60000ms exceeded.
    Call log:
      - waiting for locator('input[name="email"]')


       at ../helpers/auth-helper.ts:43

      41 |   const user = TEST_USERS[userType];
      42 |   await page.goto('/auth/signin');
    > 43 |   await page.fill('input[name="email"]', user.email);
         |              ^
      44 |   await page.fill('input[name="password"]', user.password);
      45 |   await page.click('button[type="submit"]');
      46 |   await page.waitForURL(/\/dashboard/);
        at loginAsUser (/Users/asithalakmal/Documents/web/final project/WeddingLK-next copy/tests/helpers/auth-helper.ts:43:14)
        at /Users/asithalakmal/Documents/web/final project/WeddingLK-next copy/tests/e2e/auth.spec.ts:134:5

    attachment #1: screenshot (image/png) ──────────────────────────────────────────────────────────
    ../../test-results/auth-Authentication-Flows-Login-with-test-vendor-credentials-firefox/test-failed-1.png
    ────────────────────────────────────────────────────────────────────────────────────────────────

    attachment #2: video (video/webm) ──────────────────────────────────────────────────────────────
    ../../test-results/auth-Authentication-Flows-Login-with-test-vendor-credentials-firefox/video.webm
    ────────────────────────────────────────────────────────────────────────────────────────────────

    Error Context: ../../test-results/auth-Authentication-Flows-Login-with-test-vendor-credentials-firefox/error-context.md
]]>
</failure>
<system-out>
<![CDATA[
[[ATTACHMENT|test-results/auth-Authentication-Flows-Login-with-test-vendor-credentials-firefox/test-failed-1.png]]

[[ATTACHMENT|test-results/auth-Authentication-Flows-Login-with-test-vendor-credentials-firefox/video.webm]]

[[ATTACHMENT|test-results/auth-Authentication-Flows-Login-with-test-vendor-credentials-firefox/error-context.md]]
]]>
</system-out>
<system-err>
<![CDATA[Failed to seed test data: 
]]>
</system-err>
</testcase>
<testcase name="Authentication Flows › Login with test admin credentials" classname="auth.spec.ts" time="69.58">
<failure message="auth.spec.ts:139:7 Login with test admin credentials" type="FAILURE">
<![CDATA[  [firefox] › auth.spec.ts:139:7 › Authentication Flows › Login with test admin credentials ────────

    TimeoutError: page.fill: Timeout 60000ms exceeded.
    Call log:
      - waiting for locator('input[name="email"]')


       at ../helpers/auth-helper.ts:43

      41 |   const user = TEST_USERS[userType];
      42 |   await page.goto('/auth/signin');
    > 43 |   await page.fill('input[name="email"]', user.email);
         |              ^
      44 |   await page.fill('input[name="password"]', user.password);
      45 |   await page.click('button[type="submit"]');
      46 |   await page.waitForURL(/\/dashboard/);
        at loginAsUser (/Users/asithalakmal/Documents/web/final project/WeddingLK-next copy/tests/helpers/auth-helper.ts:43:14)
        at /Users/asithalakmal/Documents/web/final project/WeddingLK-next copy/tests/e2e/auth.spec.ts:141:5

    attachment #1: screenshot (image/png) ──────────────────────────────────────────────────────────
    ../../test-results/auth-Authentication-Flows-Login-with-test-admin-credentials-firefox/test-failed-1.png
    ────────────────────────────────────────────────────────────────────────────────────────────────

    attachment #2: video (video/webm) ──────────────────────────────────────────────────────────────
    ../../test-results/auth-Authentication-Flows-Login-with-test-admin-credentials-firefox/video.webm
    ────────────────────────────────────────────────────────────────────────────────────────────────

    Error Context: ../../test-results/auth-Authentication-Flows-Login-with-test-admin-credentials-firefox/error-context.md
]]>
</failure>
<system-out>
<![CDATA[
[[ATTACHMENT|test-results/auth-Authentication-Flows-Login-with-test-admin-credentials-firefox/test-failed-1.png]]

[[ATTACHMENT|test-results/auth-Authentication-Flows-Login-with-test-admin-credentials-firefox/video.webm]]

[[ATTACHMENT|test-results/auth-Authentication-Flows-Login-with-test-admin-credentials-firefox/error-context.md]]
]]>
</system-out>
<system-err>
<![CDATA[Failed to seed test data: 
]]>
</system-err>
</testcase>
</testsuite>
<testsuite name="booking.spec.ts" timestamp="2025-10-23T12:57:57.279Z" hostname="firefox" tests="6" failures="6" skipped="0" time="483.597" errors="0">
<testcase name="Booking System › Complete booking flow with payment mock" classname="booking.spec.ts" time="78.911">
<failure message="booking.spec.ts:5:7 Complete booking flow with payment mock" type="FAILURE">
<![CDATA[  [firefox] › booking.spec.ts:5:7 › Booking System › Complete booking flow with payment mock ───────

    TimeoutError: page.fill: Timeout 60000ms exceeded.
    Call log:
      - waiting for locator('input[placeholder*="Search"], input[name="search"]')


      13 |
      14 |     // Search for vendors/venues
    > 15 |     await page.fill('input[placeholder*="Search"], input[name="search"]', 'photography');
         |                ^
      16 |     await page.click('button:has-text("Search"), button[type="submit"]');
      17 |
      18 |     // Select a vendor
        at /Users/asithalakmal/Documents/web/final project/WeddingLK-next copy/tests/e2e/booking.spec.ts:15:16

    attachment #1: screenshot (image/png) ──────────────────────────────────────────────────────────
    ../../test-results/booking-Booking-System-Com-f0892-king-flow-with-payment-mock-firefox/test-failed-1.png
    ────────────────────────────────────────────────────────────────────────────────────────────────

    attachment #2: video (video/webm) ──────────────────────────────────────────────────────────────
    ../../test-results/booking-Booking-System-Com-f0892-king-flow-with-payment-mock-firefox/video.webm
    ────────────────────────────────────────────────────────────────────────────────────────────────

    Error Context: ../../test-results/booking-Booking-System-Com-f0892-king-flow-with-payment-mock-firefox/error-context.md
]]>
</failure>
<system-out>
<![CDATA[
[[ATTACHMENT|test-results/booking-Booking-System-Com-f0892-king-flow-with-payment-mock-firefox/test-failed-1.png]]

[[ATTACHMENT|test-results/booking-Booking-System-Com-f0892-king-flow-with-payment-mock-firefox/video.webm]]

[[ATTACHMENT|test-results/booking-Booking-System-Com-f0892-king-flow-with-payment-mock-firefox/error-context.md]]
]]>
</system-out>
</testcase>
<testcase name="Booking System › Booking modification and cancellation" classname="booking.spec.ts" time="76.985">
<failure message="booking.spec.ts:64:7 Booking modification and cancellation" type="FAILURE">
<![CDATA[  [firefox] › booking.spec.ts:64:7 › Booking System › Booking modification and cancellation ────────

    TimeoutError: page.fill: Timeout 60000ms exceeded.
    Call log:
      - waiting for locator('input[name="email"]')


      65 |     // Login as customer
      66 |     await page.goto('/auth/signin');
    > 67 |     await page.fill('input[name="email"]', process.env.TEST_CUSTOMER_EMAIL || 'customer@test.local');
         |                ^
      68 |     await page.fill('input[name="password"]', process.env.TEST_CUSTOMER_PASSWORD || 'CustomerPass123!');
      69 |     await page.click('button[type="submit"]');
      70 |     await expect(page).toHaveURL(/\/dashboard/);
        at /Users/asithalakmal/Documents/web/final project/WeddingLK-next copy/tests/e2e/booking.spec.ts:67:16

    attachment #1: screenshot (image/png) ──────────────────────────────────────────────────────────
    ../../test-results/booking-Booking-System-Booking-modification-and-cancellation-firefox/test-failed-1.png
    ────────────────────────────────────────────────────────────────────────────────────────────────

    attachment #2: video (video/webm) ──────────────────────────────────────────────────────────────
    ../../test-results/booking-Booking-System-Booking-modification-and-cancellation-firefox/video.webm
    ────────────────────────────────────────────────────────────────────────────────────────────────

    Error Context: ../../test-results/booking-Booking-System-Booking-modification-and-cancellation-firefox/error-context.md
]]>
</failure>
<system-out>
<![CDATA[
[[ATTACHMENT|test-results/booking-Booking-System-Booking-modification-and-cancellation-firefox/test-failed-1.png]]

[[ATTACHMENT|test-results/booking-Booking-System-Booking-modification-and-cancellation-firefox/video.webm]]

[[ATTACHMENT|test-results/booking-Booking-System-Booking-modification-and-cancellation-firefox/error-context.md]]
]]>
</system-out>
</testcase>
<testcase name="Booking System › Booking status tracking" classname="booking.spec.ts" time="69.747">
<failure message="booking.spec.ts:110:7 Booking status tracking" type="FAILURE">
<![CDATA[  [firefox] › booking.spec.ts:110:7 › Booking System › Booking status tracking ─────────────────────

    TimeoutError: page.fill: Timeout 60000ms exceeded.
    Call log:
      - waiting for locator('input[name="email"]')


      111 |     // Login as customer
      112 |     await page.goto('/auth/signin');
    > 113 |     await page.fill('input[name="email"]', process.env.TEST_CUSTOMER_EMAIL || 'customer@test.local');
          |                ^
      114 |     await page.fill('input[name="password"]', process.env.TEST_CUSTOMER_PASSWORD || 'CustomerPass123!');
      115 |     await page.click('button[type="submit"]');
      116 |     await expect(page).toHaveURL(/\/dashboard/);
        at /Users/asithalakmal/Documents/web/final project/WeddingLK-next copy/tests/e2e/booking.spec.ts:113:16

    attachment #1: screenshot (image/png) ──────────────────────────────────────────────────────────
    ../../test-results/booking-Booking-System-Booking-status-tracking-firefox/test-failed-1.png
    ────────────────────────────────────────────────────────────────────────────────────────────────

    attachment #2: video (video/webm) ──────────────────────────────────────────────────────────────
    ../../test-results/booking-Booking-System-Booking-status-tracking-firefox/video.webm
    ────────────────────────────────────────────────────────────────────────────────────────────────

    Error Context: ../../test-results/booking-Booking-System-Booking-status-tracking-firefox/error-context.md
]]>
</failure>
<system-out>
<![CDATA[
[[ATTACHMENT|test-results/booking-Booking-System-Booking-status-tracking-firefox/test-failed-1.png]]

[[ATTACHMENT|test-results/booking-Booking-System-Booking-status-tracking-firefox/video.webm]]

[[ATTACHMENT|test-results/booking-Booking-System-Booking-status-tracking-firefox/error-context.md]]
]]>
</system-out>
</testcase>
<testcase name="Booking System › Vendor booking acceptance workflow" classname="booking.spec.ts" time="69.168">
<failure message="booking.spec.ts:131:7 Vendor booking acceptance workflow" type="FAILURE">
<![CDATA[  [firefox] › booking.spec.ts:131:7 › Booking System › Vendor booking acceptance workflow ──────────

    TimeoutError: page.fill: Timeout 60000ms exceeded.
    Call log:
      - waiting for locator('input[name="email"]')


      132 |     // Login as vendor
      133 |     await page.goto('/auth/signin');
    > 134 |     await page.fill('input[name="email"]', process.env.TEST_VENDOR_EMAIL || 'vendor@test.local');
          |                ^
      135 |     await page.fill('input[name="password"]', process.env.TEST_VENDOR_PASSWORD || 'VendorPass123!');
      136 |     await page.click('button[type="submit"]');
      137 |     await expect(page).toHaveURL(/\/dashboard/);
        at /Users/asithalakmal/Documents/web/final project/WeddingLK-next copy/tests/e2e/booking.spec.ts:134:16

    attachment #1: screenshot (image/png) ──────────────────────────────────────────────────────────
    ../../test-results/booking-Booking-System-Vendor-booking-acceptance-workflow-firefox/test-failed-1.png
    ────────────────────────────────────────────────────────────────────────────────────────────────

    attachment #2: video (video/webm) ──────────────────────────────────────────────────────────────
    ../../test-results/booking-Booking-System-Vendor-booking-acceptance-workflow-firefox/video.webm
    ────────────────────────────────────────────────────────────────────────────────────────────────

    Error Context: ../../test-results/booking-Booking-System-Vendor-booking-acceptance-workflow-firefox/error-context.md
]]>
</failure>
<system-out>
<![CDATA[
[[ATTACHMENT|test-results/booking-Booking-System-Vendor-booking-acceptance-workflow-firefox/test-failed-1.png]]

[[ATTACHMENT|test-results/booking-Booking-System-Vendor-booking-acceptance-workflow-firefox/video.webm]]

[[ATTACHMENT|test-results/booking-Booking-System-Vendor-booking-acceptance-workflow-firefox/error-context.md]]
]]>
</system-out>
</testcase>
<testcase name="Booking System › Booking communication and messaging" classname="booking.spec.ts" time="83.512">
<failure message="booking.spec.ts:170:7 Booking communication and messaging" type="FAILURE">
<![CDATA[  [firefox] › booking.spec.ts:170:7 › Booking System › Booking communication and messaging ─────────

    TimeoutError: page.fill: Timeout 60000ms exceeded.
    Call log:
      - waiting for locator('input[name="email"]')


      171 |     // Login as customer
      172 |     await page.goto('/auth/signin');
    > 173 |     await page.fill('input[name="email"]', process.env.TEST_CUSTOMER_EMAIL || 'customer@test.local');
          |                ^
      174 |     await page.fill('input[name="password"]', process.env.TEST_CUSTOMER_PASSWORD || 'CustomerPass123!');
      175 |     await page.click('button[type="submit"]');
      176 |     await expect(page).toHaveURL(/\/dashboard/);
        at /Users/asithalakmal/Documents/web/final project/WeddingLK-next copy/tests/e2e/booking.spec.ts:173:16

    attachment #1: screenshot (image/png) ──────────────────────────────────────────────────────────
    ../../test-results/booking-Booking-System-Booking-communication-and-messaging-firefox/test-failed-1.png
    ────────────────────────────────────────────────────────────────────────────────────────────────

    attachment #2: video (video/webm) ──────────────────────────────────────────────────────────────
    ../../test-results/booking-Booking-System-Booking-communication-and-messaging-firefox/video.webm
    ────────────────────────────────────────────────────────────────────────────────────────────────

    Error Context: ../../test-results/booking-Booking-System-Booking-communication-and-messaging-firefox/error-context.md
]]>
</failure>
<system-out>
<![CDATA[
[[ATTACHMENT|test-results/booking-Booking-System-Booking-communication-and-messaging-firefox/test-failed-1.png]]

[[ATTACHMENT|test-results/booking-Booking-System-Booking-communication-and-messaging-firefox/video.webm]]

[[ATTACHMENT|test-results/booking-Booking-System-Booking-communication-and-messaging-firefox/error-context.md]]
]]>
</system-out>
</testcase>
<testcase name="Booking System › Booking payment and refund processing" classname="booking.spec.ts" time="105.274">
<failure message="booking.spec.ts:191:7 Booking payment and refund processing" type="FAILURE">
<![CDATA[  [firefox] › booking.spec.ts:191:7 › Booking System › Booking payment and refund processing ───────

    TimeoutError: page.fill: Timeout 60000ms exceeded.
    Call log:
      - waiting for locator('input[name="email"]')


      192 |     // Login as customer
      193 |     await page.goto('/auth/signin');
    > 194 |     await page.fill('input[name="email"]', process.env.TEST_CUSTOMER_EMAIL || 'customer@test.local');
          |                ^
      195 |     await page.fill('input[name="password"]', process.env.TEST_CUSTOMER_PASSWORD || 'CustomerPass123!');
      196 |     await page.click('button[type="submit"]');
      197 |     await expect(page).toHaveURL(/\/dashboard/);
        at /Users/asithalakmal/Documents/web/final project/WeddingLK-next copy/tests/e2e/booking.spec.ts:194:16

    attachment #1: screenshot (image/png) ──────────────────────────────────────────────────────────
    ../../test-results/booking-Booking-System-Booking-payment-and-refund-processing-firefox/test-failed-1.png
    ────────────────────────────────────────────────────────────────────────────────────────────────

    attachment #2: video (video/webm) ──────────────────────────────────────────────────────────────
    ../../test-results/booking-Booking-System-Booking-payment-and-refund-processing-firefox/video.webm
    ────────────────────────────────────────────────────────────────────────────────────────────────

    Error Context: ../../test-results/booking-Booking-System-Booking-payment-and-refund-processing-firefox/error-context.md
]]>
</failure>
<system-out>
<![CDATA[
[[ATTACHMENT|test-results/booking-Booking-System-Booking-payment-and-refund-processing-firefox/test-failed-1.png]]

[[ATTACHMENT|test-results/booking-Booking-System-Booking-payment-and-refund-processing-firefox/video.webm]]

[[ATTACHMENT|test-results/booking-Booking-System-Booking-payment-and-refund-processing-firefox/error-context.md]]
]]>
</system-out>
</testcase>
</testsuite>
<testsuite name="comprehensive-crud.spec.ts" timestamp="2025-10-23T12:57:57.279Z" hostname="firefox" tests="28" failures="28" skipped="0" time="2197.718" errors="0">
<testcase name="🔐 Authentication &amp; User Management CRUD › User Registration Flow" classname="comprehensive-crud.spec.ts" time="85.432">
<failure message="comprehensive-crud.spec.ts:52:7 User Registration Flow" type="FAILURE">
<![CDATA[  [firefox] › comprehensive-crud.spec.ts:52:7 › 🔐 Authentication & User Management CRUD › User Registration Flow 

    TimeoutError: page.fill: Timeout 60000ms exceeded.
    Call log:
      - waiting for locator('input[name="name"]')


      54 |     
      55 |     // Fill registration form
    > 56 |     await page.fill('input[name="name"]', testUsers.regularUser.name);
         |                ^
      57 |     await page.fill('input[name="email"]', testUsers.regularUser.email);
      58 |     await page.fill('input[name="password"]', testUsers.regularUser.password);
      59 |     await page.fill('input[name="confirmPassword"]', testUsers.regularUser.password);
        at /Users/asithalakmal/Documents/web/final project/WeddingLK-next copy/tests/e2e/comprehensive-crud.spec.ts:56:16

    attachment #1: screenshot (image/png) ──────────────────────────────────────────────────────────
    ../../test-results/comprehensive-crud-🔐-Auth-d5d79-CRUD-User-Registration-Flow-firefox/test-failed-1.png
    ────────────────────────────────────────────────────────────────────────────────────────────────

    attachment #2: video (video/webm) ──────────────────────────────────────────────────────────────
    ../../test-results/comprehensive-crud-🔐-Auth-d5d79-CRUD-User-Registration-Flow-firefox/video.webm
    ────────────────────────────────────────────────────────────────────────────────────────────────

    Error Context: ../../test-results/comprehensive-crud-🔐-Auth-d5d79-CRUD-User-Registration-Flow-firefox/error-context.md
]]>
</failure>
<system-out>
<![CDATA[
[[ATTACHMENT|test-results/comprehensive-crud-🔐-Auth-d5d79-CRUD-User-Registration-Flow-firefox/test-failed-1.png]]

[[ATTACHMENT|test-results/comprehensive-crud-🔐-Auth-d5d79-CRUD-User-Registration-Flow-firefox/video.webm]]

[[ATTACHMENT|test-results/comprehensive-crud-🔐-Auth-d5d79-CRUD-User-Registration-Flow-firefox/error-context.md]]
]]>
</system-out>
</testcase>
<testcase name="🔐 Authentication &amp; User Management CRUD › User Login Flow" classname="comprehensive-crud.spec.ts" time="83.709">
<failure message="comprehensive-crud.spec.ts:68:7 User Login Flow" type="FAILURE">
<![CDATA[  [firefox] › comprehensive-crud.spec.ts:68:7 › 🔐 Authentication & User Management CRUD › User Login Flow 

    TimeoutError: page.fill: Timeout 60000ms exceeded.
    Call log:
      - waiting for locator('input[name="email"]')


      70 |     
      71 |     // Fill login form
    > 72 |     await page.fill('input[name="email"]', testUsers.regularUser.email);
         |                ^
      73 |     await page.fill('input[name="password"]', testUsers.regularUser.password);
      74 |     
      75 |     // Submit login
        at /Users/asithalakmal/Documents/web/final project/WeddingLK-next copy/tests/e2e/comprehensive-crud.spec.ts:72:16

    attachment #1: screenshot (image/png) ──────────────────────────────────────────────────────────
    ../../test-results/comprehensive-crud-🔐-Auth-b3a02-gement-CRUD-User-Login-Flow-firefox/test-failed-1.png
    ────────────────────────────────────────────────────────────────────────────────────────────────

    attachment #2: video (video/webm) ──────────────────────────────────────────────────────────────
    ../../test-results/comprehensive-crud-🔐-Auth-b3a02-gement-CRUD-User-Login-Flow-firefox/video.webm
    ────────────────────────────────────────────────────────────────────────────────────────────────

    Error Context: ../../test-results/comprehensive-crud-🔐-Auth-b3a02-gement-CRUD-User-Login-Flow-firefox/error-context.md
]]>
</failure>
<system-out>
<![CDATA[
[[ATTACHMENT|test-results/comprehensive-crud-🔐-Auth-b3a02-gement-CRUD-User-Login-Flow-firefox/test-failed-1.png]]

[[ATTACHMENT|test-results/comprehensive-crud-🔐-Auth-b3a02-gement-CRUD-User-Login-Flow-firefox/video.webm]]

[[ATTACHMENT|test-results/comprehensive-crud-🔐-Auth-b3a02-gement-CRUD-User-Login-Flow-firefox/error-context.md]]
]]>
</system-out>
</testcase>
<testcase name="🔐 Authentication &amp; User Management CRUD › User Profile CRUD Operations" classname="comprehensive-crud.spec.ts" time="70.207">
<failure message="comprehensive-crud.spec.ts:82:7 User Profile CRUD Operations" type="FAILURE">
<![CDATA[  [firefox] › comprehensive-crud.spec.ts:82:7 › 🔐 Authentication & User Management CRUD › User Profile CRUD Operations 

    TimeoutError: page.fill: Timeout 60000ms exceeded.
    Call log:
      - waiting for locator('input[name="email"]')


      83 |     // Login first
      84 |     await page.goto('/auth/signin');
    > 85 |     await page.fill('input[name="email"]', testUsers.regularUser.email);
         |                ^
      86 |     await page.fill('input[name="password"]', testUsers.regularUser.password);
      87 |     await page.click('button[type="submit"]');
      88 |     await expect(page).toHaveURL(/\/dashboard/);
        at /Users/asithalakmal/Documents/web/final project/WeddingLK-next copy/tests/e2e/comprehensive-crud.spec.ts:85:16

    attachment #1: screenshot (image/png) ──────────────────────────────────────────────────────────
    ../../test-results/comprehensive-crud-🔐-Auth-7a9a3-ser-Profile-CRUD-Operations-firefox/test-failed-1.png
    ────────────────────────────────────────────────────────────────────────────────────────────────

    attachment #2: video (video/webm) ──────────────────────────────────────────────────────────────
    ../../test-results/comprehensive-crud-🔐-Auth-7a9a3-ser-Profile-CRUD-Operations-firefox/video.webm
    ────────────────────────────────────────────────────────────────────────────────────────────────

    Error Context: ../../test-results/comprehensive-crud-🔐-Auth-7a9a3-ser-Profile-CRUD-Operations-firefox/error-context.md
]]>
</failure>
<system-out>
<![CDATA[
[[ATTACHMENT|test-results/comprehensive-crud-🔐-Auth-7a9a3-ser-Profile-CRUD-Operations-firefox/test-failed-1.png]]

[[ATTACHMENT|test-results/comprehensive-crud-🔐-Auth-7a9a3-ser-Profile-CRUD-Operations-firefox/video.webm]]

[[ATTACHMENT|test-results/comprehensive-crud-🔐-Auth-7a9a3-ser-Profile-CRUD-Operations-firefox/error-context.md]]
]]>
</system-out>
</testcase>
<testcase name="🔐 Authentication &amp; User Management CRUD › User Settings CRUD Operations" classname="comprehensive-crud.spec.ts" time="71.903">
<failure message="comprehensive-crud.spec.ts:106:7 User Settings CRUD Operations" type="FAILURE">
<![CDATA[  [firefox] › comprehensive-crud.spec.ts:106:7 › 🔐 Authentication & User Management CRUD › User Settings CRUD Operations 

    TimeoutError: page.fill: Timeout 60000ms exceeded.
    Call log:
      - waiting for locator('input[name="email"]')


      107 |     // Login first
      108 |     await page.goto('/auth/signin');
    > 109 |     await page.fill('input[name="email"]', testUsers.regularUser.email);
          |                ^
      110 |     await page.fill('input[name="password"]', testUsers.regularUser.password);
      111 |     await page.click('button[type="submit"]');
      112 |     await expect(page).toHaveURL(/\/dashboard/);
        at /Users/asithalakmal/Documents/web/final project/WeddingLK-next copy/tests/e2e/comprehensive-crud.spec.ts:109:16

    attachment #1: screenshot (image/png) ──────────────────────────────────────────────────────────
    ../../test-results/comprehensive-crud-🔐-Auth-e8e4d-er-Settings-CRUD-Operations-firefox/test-failed-1.png
    ────────────────────────────────────────────────────────────────────────────────────────────────

    attachment #2: video (video/webm) ──────────────────────────────────────────────────────────────
    ../../test-results/comprehensive-crud-🔐-Auth-e8e4d-er-Settings-CRUD-Operations-firefox/video.webm
    ────────────────────────────────────────────────────────────────────────────────────────────────

    Error Context: ../../test-results/comprehensive-crud-🔐-Auth-e8e4d-er-Settings-CRUD-Operations-firefox/error-context.md
]]>
</failure>
<system-out>
<![CDATA[
[[ATTACHMENT|test-results/comprehensive-crud-🔐-Auth-e8e4d-er-Settings-CRUD-Operations-firefox/test-failed-1.png]]

[[ATTACHMENT|test-results/comprehensive-crud-🔐-Auth-e8e4d-er-Settings-CRUD-Operations-firefox/video.webm]]

[[ATTACHMENT|test-results/comprehensive-crud-🔐-Auth-e8e4d-er-Settings-CRUD-Operations-firefox/error-context.md]]
]]>
</system-out>
</testcase>
<testcase name="🏢 Vendor Management CRUD › Vendor Registration Flow" classname="comprehensive-crud.spec.ts" time="72.447">
<failure message="comprehensive-crud.spec.ts:131:7 Vendor Registration Flow" type="FAILURE">
<![CDATA[  [firefox] › comprehensive-crud.spec.ts:131:7 › 🏢 Vendor Management CRUD › Vendor Registration Flow 

    TimeoutError: page.fill: Timeout 60000ms exceeded.
    Call log:
      - waiting for locator('input[name="businessName"]')


      133 |     
      134 |     // Fill vendor registration form
    > 135 |     await page.fill('input[name="businessName"]', testUsers.vendor.name);
          |                ^
      136 |     await page.fill('input[name="email"]', testUsers.vendor.email);
      137 |     await page.fill('input[name="password"]', testUsers.vendor.password);
      138 |     await page.fill('input[name="phone"]', '+94771234567');
        at /Users/asithalakmal/Documents/web/final project/WeddingLK-next copy/tests/e2e/comprehensive-crud.spec.ts:135:16

    attachment #1: screenshot (image/png) ──────────────────────────────────────────────────────────
    ../../test-results/comprehensive-crud-🏢-Vend-4884e-UD-Vendor-Registration-Flow-firefox/test-failed-1.png
    ────────────────────────────────────────────────────────────────────────────────────────────────

    attachment #2: video (video/webm) ──────────────────────────────────────────────────────────────
    ../../test-results/comprehensive-crud-🏢-Vend-4884e-UD-Vendor-Registration-Flow-firefox/video.webm
    ────────────────────────────────────────────────────────────────────────────────────────────────

    Error Context: ../../test-results/comprehensive-crud-🏢-Vend-4884e-UD-Vendor-Registration-Flow-firefox/error-context.md
]]>
</failure>
<system-out>
<![CDATA[
[[ATTACHMENT|test-results/comprehensive-crud-🏢-Vend-4884e-UD-Vendor-Registration-Flow-firefox/test-failed-1.png]]

[[ATTACHMENT|test-results/comprehensive-crud-🏢-Vend-4884e-UD-Vendor-Registration-Flow-firefox/video.webm]]

[[ATTACHMENT|test-results/comprehensive-crud-🏢-Vend-4884e-UD-Vendor-Registration-Flow-firefox/error-context.md]]
]]>
</system-out>
</testcase>
<testcase name="🏢 Vendor Management CRUD › Vendor Services CRUD Operations" classname="comprehensive-crud.spec.ts" time="72.855">
<failure message="comprehensive-crud.spec.ts:148:7 Vendor Services CRUD Operations" type="FAILURE">
<![CDATA[  [firefox] › comprehensive-crud.spec.ts:148:7 › 🏢 Vendor Management CRUD › Vendor Services CRUD Operations 

    TimeoutError: page.fill: Timeout 60000ms exceeded.
    Call log:
      - waiting for locator('input[name="email"]')


      149 |     // Login as vendor
      150 |     await page.goto('/auth/signin');
    > 151 |     await page.fill('input[name="email"]', testUsers.vendor.email);
          |                ^
      152 |     await page.fill('input[name="password"]', testUsers.vendor.password);
      153 |     await page.click('button[type="submit"]');
      154 |     await expect(page).toHaveURL(/\/dashboard/);
        at /Users/asithalakmal/Documents/web/final project/WeddingLK-next copy/tests/e2e/comprehensive-crud.spec.ts:151:16

    attachment #1: screenshot (image/png) ──────────────────────────────────────────────────────────
    ../../test-results/comprehensive-crud-🏢-Vend-64218-or-Services-CRUD-Operations-firefox/test-failed-1.png
    ────────────────────────────────────────────────────────────────────────────────────────────────

    attachment #2: video (video/webm) ──────────────────────────────────────────────────────────────
    ../../test-results/comprehensive-crud-🏢-Vend-64218-or-Services-CRUD-Operations-firefox/video.webm
    ────────────────────────────────────────────────────────────────────────────────────────────────

    Error Context: ../../test-results/comprehensive-crud-🏢-Vend-64218-or-Services-CRUD-Operations-firefox/error-context.md
]]>
</failure>
<system-out>
<![CDATA[
[[ATTACHMENT|test-results/comprehensive-crud-🏢-Vend-64218-or-Services-CRUD-Operations-firefox/test-failed-1.png]]

[[ATTACHMENT|test-results/comprehensive-crud-🏢-Vend-64218-or-Services-CRUD-Operations-firefox/video.webm]]

[[ATTACHMENT|test-results/comprehensive-crud-🏢-Vend-64218-or-Services-CRUD-Operations-firefox/error-context.md]]
]]>
</system-out>
</testcase>
<testcase name="🏢 Vendor Management CRUD › Vendor Analytics &amp; Reports" classname="comprehensive-crud.spec.ts" time="77.544">
<failure message="comprehensive-crud.spec.ts:182:7 Vendor Analytics &amp; Reports" type="FAILURE">
<![CDATA[  [firefox] › comprehensive-crud.spec.ts:182:7 › 🏢 Vendor Management CRUD › Vendor Analytics & Reports 

    TimeoutError: page.fill: Timeout 60000ms exceeded.
    Call log:
      - waiting for locator('input[name="email"]')


      183 |     // Login as vendor
      184 |     await page.goto('/auth/signin');
    > 185 |     await page.fill('input[name="email"]', testUsers.vendor.email);
          |                ^
      186 |     await page.fill('input[name="password"]', testUsers.vendor.password);
      187 |     await page.click('button[type="submit"]');
      188 |     await expect(page).toHaveURL(/\/dashboard/);
        at /Users/asithalakmal/Documents/web/final project/WeddingLK-next copy/tests/e2e/comprehensive-crud.spec.ts:185:16

    attachment #1: screenshot (image/png) ──────────────────────────────────────────────────────────
    ../../test-results/comprehensive-crud-🏢-Vend-1244e-UD-Vendor-Analytics-Reports-firefox/test-failed-1.png
    ────────────────────────────────────────────────────────────────────────────────────────────────

    attachment #2: video (video/webm) ──────────────────────────────────────────────────────────────
    ../../test-results/comprehensive-crud-🏢-Vend-1244e-UD-Vendor-Analytics-Reports-firefox/video.webm
    ────────────────────────────────────────────────────────────────────────────────────────────────

    Error Context: ../../test-results/comprehensive-crud-🏢-Vend-1244e-UD-Vendor-Analytics-Reports-firefox/error-context.md
]]>
</failure>
<system-out>
<![CDATA[
[[ATTACHMENT|test-results/comprehensive-crud-🏢-Vend-1244e-UD-Vendor-Analytics-Reports-firefox/test-failed-1.png]]

[[ATTACHMENT|test-results/comprehensive-crud-🏢-Vend-1244e-UD-Vendor-Analytics-Reports-firefox/video.webm]]

[[ATTACHMENT|test-results/comprehensive-crud-🏢-Vend-1244e-UD-Vendor-Analytics-Reports-firefox/error-context.md]]
]]>
</system-out>
</testcase>
<testcase name="📅 Booking System CRUD › Create Booking Flow" classname="comprehensive-crud.spec.ts" time="75.893">
<failure message="comprehensive-crud.spec.ts:201:7 Create Booking Flow" type="FAILURE">
<![CDATA[  [firefox] › comprehensive-crud.spec.ts:201:7 › 📅 Booking System CRUD › Create Booking Flow ──────

    TimeoutError: page.fill: Timeout 60000ms exceeded.
    Call log:
      - waiting for locator('input[name="email"]')


      202 |     // Login as regular user
      203 |     await page.goto('/auth/signin');
    > 204 |     await page.fill('input[name="email"]', testUsers.regularUser.email);
          |                ^
      205 |     await page.fill('input[name="password"]', testUsers.regularUser.password);
      206 |     await page.click('button[type="submit"]');
      207 |     await expect(page).toHaveURL(/\/dashboard/);
        at /Users/asithalakmal/Documents/web/final project/WeddingLK-next copy/tests/e2e/comprehensive-crud.spec.ts:204:16

    attachment #1: screenshot (image/png) ──────────────────────────────────────────────────────────
    ../../test-results/comprehensive-crud-📅-Book-32257-em-CRUD-Create-Booking-Flow-firefox/test-failed-1.png
    ────────────────────────────────────────────────────────────────────────────────────────────────

    attachment #2: video (video/webm) ──────────────────────────────────────────────────────────────
    ../../test-results/comprehensive-crud-📅-Book-32257-em-CRUD-Create-Booking-Flow-firefox/video.webm
    ────────────────────────────────────────────────────────────────────────────────────────────────

    Error Context: ../../test-results/comprehensive-crud-📅-Book-32257-em-CRUD-Create-Booking-Flow-firefox/error-context.md
]]>
</failure>
<system-out>
<![CDATA[
[[ATTACHMENT|test-results/comprehensive-crud-📅-Book-32257-em-CRUD-Create-Booking-Flow-firefox/test-failed-1.png]]

[[ATTACHMENT|test-results/comprehensive-crud-📅-Book-32257-em-CRUD-Create-Booking-Flow-firefox/video.webm]]

[[ATTACHMENT|test-results/comprehensive-crud-📅-Book-32257-em-CRUD-Create-Booking-Flow-firefox/error-context.md]]
]]>
</system-out>
</testcase>
<testcase name="📅 Booking System CRUD › Booking Management CRUD" classname="comprehensive-crud.spec.ts" time="69.394">
<failure message="comprehensive-crud.spec.ts:228:7 Booking Management CRUD" type="FAILURE">
<![CDATA[  [firefox] › comprehensive-crud.spec.ts:228:7 › 📅 Booking System CRUD › Booking Management CRUD ──

    TimeoutError: page.fill: Timeout 60000ms exceeded.
    Call log:
      - waiting for locator('input[name="email"]')


      229 |     // Login as user
      230 |     await page.goto('/auth/signin');
    > 231 |     await page.fill('input[name="email"]', testUsers.regularUser.email);
          |                ^
      232 |     await page.fill('input[name="password"]', testUsers.regularUser.password);
      233 |     await page.click('button[type="submit"]');
      234 |     await expect(page).toHaveURL(/\/dashboard/);
        at /Users/asithalakmal/Documents/web/final project/WeddingLK-next copy/tests/e2e/comprehensive-crud.spec.ts:231:16

    attachment #1: screenshot (image/png) ──────────────────────────────────────────────────────────
    ../../test-results/comprehensive-crud-📅-Book-0046c-RUD-Booking-Management-CRUD-firefox/test-failed-1.png
    ────────────────────────────────────────────────────────────────────────────────────────────────

    attachment #2: video (video/webm) ──────────────────────────────────────────────────────────────
    ../../test-results/comprehensive-crud-📅-Book-0046c-RUD-Booking-Management-CRUD-firefox/video.webm
    ────────────────────────────────────────────────────────────────────────────────────────────────

    Error Context: ../../test-results/comprehensive-crud-📅-Book-0046c-RUD-Booking-Management-CRUD-firefox/error-context.md
]]>
</failure>
<system-out>
<![CDATA[
[[ATTACHMENT|test-results/comprehensive-crud-📅-Book-0046c-RUD-Booking-Management-CRUD-firefox/test-failed-1.png]]

[[ATTACHMENT|test-results/comprehensive-crud-📅-Book-0046c-RUD-Booking-Management-CRUD-firefox/video.webm]]

[[ATTACHMENT|test-results/comprehensive-crud-📅-Book-0046c-RUD-Booking-Management-CRUD-firefox/error-context.md]]
]]>
</system-out>
</testcase>
<testcase name="📅 Booking System CRUD › Booking Status Tracking" classname="comprehensive-crud.spec.ts" time="94.532">
<failure message="comprehensive-crud.spec.ts:258:7 Booking Status Tracking" type="FAILURE">
<![CDATA[  [firefox] › comprehensive-crud.spec.ts:258:7 › 📅 Booking System CRUD › Booking Status Tracking ──

    TimeoutError: page.fill: Timeout 60000ms exceeded.
    Call log:
      - waiting for locator('input[name="email"]')


      259 |     // Login as vendor
      260 |     await page.goto('/auth/signin');
    > 261 |     await page.fill('input[name="email"]', testUsers.vendor.email);
          |                ^
      262 |     await page.fill('input[name="password"]', testUsers.vendor.password);
      263 |     await page.click('button[type="submit"]');
      264 |     await expect(page).toHaveURL(/\/dashboard/);
        at /Users/asithalakmal/Documents/web/final project/WeddingLK-next copy/tests/e2e/comprehensive-crud.spec.ts:261:16

    attachment #1: screenshot (image/png) ──────────────────────────────────────────────────────────
    ../../test-results/comprehensive-crud-📅-Book-6532e-RUD-Booking-Status-Tracking-firefox/test-failed-1.png
    ────────────────────────────────────────────────────────────────────────────────────────────────

    attachment #2: video (video/webm) ──────────────────────────────────────────────────────────────
    ../../test-results/comprehensive-crud-📅-Book-6532e-RUD-Booking-Status-Tracking-firefox/video.webm
    ────────────────────────────────────────────────────────────────────────────────────────────────

    Error Context: ../../test-results/comprehensive-crud-📅-Book-6532e-RUD-Booking-Status-Tracking-firefox/error-context.md
]]>
</failure>
<system-out>
<![CDATA[
[[ATTACHMENT|test-results/comprehensive-crud-📅-Book-6532e-RUD-Booking-Status-Tracking-firefox/test-failed-1.png]]

[[ATTACHMENT|test-results/comprehensive-crud-📅-Book-6532e-RUD-Booking-Status-Tracking-firefox/video.webm]]

[[ATTACHMENT|test-results/comprehensive-crud-📅-Book-6532e-RUD-Booking-Status-Tracking-firefox/error-context.md]]
]]>
</system-out>
</testcase>
<testcase name="👥 Wedding Planner CRUD Operations › Planner Client Management" classname="comprehensive-crud.spec.ts" time="77.21">
<failure message="comprehensive-crud.spec.ts:283:7 Planner Client Management" type="FAILURE">
<![CDATA[  [firefox] › comprehensive-crud.spec.ts:283:7 › 👥 Wedding Planner CRUD Operations › Planner Client Management 

    TimeoutError: page.fill: Timeout 60000ms exceeded.
    Call log:
      - waiting for locator('input[name="email"]')


      284 |     // Login as wedding planner
      285 |     await page.goto('/auth/signin');
    > 286 |     await page.fill('input[name="email"]', testUsers.weddingPlanner.email);
          |                ^
      287 |     await page.fill('input[name="password"]', testUsers.weddingPlanner.password);
      288 |     await page.click('button[type="submit"]');
      289 |     await expect(page).toHaveURL(/\/dashboard/);
        at /Users/asithalakmal/Documents/web/final project/WeddingLK-next copy/tests/e2e/comprehensive-crud.spec.ts:286:16

    attachment #1: screenshot (image/png) ──────────────────────────────────────────────────────────
    ../../test-results/comprehensive-crud-👥-Wedd-6d749-s-Planner-Client-Management-firefox/test-failed-1.png
    ────────────────────────────────────────────────────────────────────────────────────────────────

    attachment #2: video (video/webm) ──────────────────────────────────────────────────────────────
    ../../test-results/comprehensive-crud-👥-Wedd-6d749-s-Planner-Client-Management-firefox/video.webm
    ────────────────────────────────────────────────────────────────────────────────────────────────

    Error Context: ../../test-results/comprehensive-crud-👥-Wedd-6d749-s-Planner-Client-Management-firefox/error-context.md
]]>
</failure>
<system-out>
<![CDATA[
[[ATTACHMENT|test-results/comprehensive-crud-👥-Wedd-6d749-s-Planner-Client-Management-firefox/test-failed-1.png]]

[[ATTACHMENT|test-results/comprehensive-crud-👥-Wedd-6d749-s-Planner-Client-Management-firefox/video.webm]]

[[ATTACHMENT|test-results/comprehensive-crud-👥-Wedd-6d749-s-Planner-Client-Management-firefox/error-context.md]]
]]>
</system-out>
</testcase>
<testcase name="👥 Wedding Planner CRUD Operations › Planner Task Management" classname="comprehensive-crud.spec.ts" time="89.812">
<failure message="comprehensive-crud.spec.ts:313:7 Planner Task Management" type="FAILURE">
<![CDATA[  [firefox] › comprehensive-crud.spec.ts:313:7 › 👥 Wedding Planner CRUD Operations › Planner Task Management 

    TimeoutError: page.fill: Timeout 60000ms exceeded.
    Call log:
      - waiting for locator('input[name="email"]')


      314 |     // Login as wedding planner
      315 |     await page.goto('/auth/signin');
    > 316 |     await page.fill('input[name="email"]', testUsers.weddingPlanner.email);
          |                ^
      317 |     await page.fill('input[name="password"]', testUsers.weddingPlanner.password);
      318 |     await page.click('button[type="submit"]');
      319 |     await expect(page).toHaveURL(/\/dashboard/);
        at /Users/asithalakmal/Documents/web/final project/WeddingLK-next copy/tests/e2e/comprehensive-crud.spec.ts:316:16

    attachment #1: screenshot (image/png) ──────────────────────────────────────────────────────────
    ../../test-results/comprehensive-crud-👥-Wedd-50ee2-ons-Planner-Task-Management-firefox/test-failed-1.png
    ────────────────────────────────────────────────────────────────────────────────────────────────

    attachment #2: video (video/webm) ──────────────────────────────────────────────────────────────
    ../../test-results/comprehensive-crud-👥-Wedd-50ee2-ons-Planner-Task-Management-firefox/video.webm
    ────────────────────────────────────────────────────────────────────────────────────────────────

    Error Context: ../../test-results/comprehensive-crud-👥-Wedd-50ee2-ons-Planner-Task-Management-firefox/error-context.md
]]>
</failure>
<system-out>
<![CDATA[
[[ATTACHMENT|test-results/comprehensive-crud-👥-Wedd-50ee2-ons-Planner-Task-Management-firefox/test-failed-1.png]]

[[ATTACHMENT|test-results/comprehensive-crud-👥-Wedd-50ee2-ons-Planner-Task-Management-firefox/video.webm]]

[[ATTACHMENT|test-results/comprehensive-crud-👥-Wedd-50ee2-ons-Planner-Task-Management-firefox/error-context.md]]
]]>
</system-out>
</testcase>
<testcase name="🛡️ RBAC (Role-Based Access Control) Tests › User Role Access Control" classname="comprehensive-crud.spec.ts" time="87.064">
<failure message="comprehensive-crud.spec.ts:342:7 User Role Access Control" type="FAILURE">
<![CDATA[  [firefox] › comprehensive-crud.spec.ts:342:7 › 🛡️ RBAC (Role-Based Access Control) Tests › User Role Access Control 

    TimeoutError: page.fill: Timeout 60000ms exceeded.
    Call log:
      - waiting for locator('input[name="email"]')


      343 |     // Login as regular user
      344 |     await page.goto('/auth/signin');
    > 345 |     await page.fill('input[name="email"]', testUsers.regularUser.email);
          |                ^
      346 |     await page.fill('input[name="password"]', testUsers.regularUser.password);
      347 |     await page.click('button[type="submit"]');
      348 |     await expect(page).toHaveURL(/\/dashboard/);
        at /Users/asithalakmal/Documents/web/final project/WeddingLK-next copy/tests/e2e/comprehensive-crud.spec.ts:345:16

    attachment #1: screenshot (image/png) ──────────────────────────────────────────────────────────
    ../../test-results/comprehensive-crud-🛡️-RBA-b8846-ts-User-Role-Access-Control-firefox/test-failed-1.png
    ────────────────────────────────────────────────────────────────────────────────────────────────

    attachment #2: video (video/webm) ──────────────────────────────────────────────────────────────
    ../../test-results/comprehensive-crud-🛡️-RBA-b8846-ts-User-Role-Access-Control-firefox/video.webm
    ────────────────────────────────────────────────────────────────────────────────────────────────

    Error Context: ../../test-results/comprehensive-crud-🛡️-RBA-b8846-ts-User-Role-Access-Control-firefox/error-context.md
]]>
</failure>
<system-out>
<![CDATA[
[[ATTACHMENT|test-results/comprehensive-crud-🛡️-RBA-b8846-ts-User-Role-Access-Control-firefox/test-failed-1.png]]

[[ATTACHMENT|test-results/comprehensive-crud-🛡️-RBA-b8846-ts-User-Role-Access-Control-firefox/video.webm]]

[[ATTACHMENT|test-results/comprehensive-crud-🛡️-RBA-b8846-ts-User-Role-Access-Control-firefox/error-context.md]]
]]>
</system-out>
</testcase>
<testcase name="🛡️ RBAC (Role-Based Access Control) Tests › Vendor Role Access Control" classname="comprehensive-crud.spec.ts" time="75.56">
<failure message="comprehensive-crud.spec.ts:366:7 Vendor Role Access Control" type="FAILURE">
<![CDATA[  [firefox] › comprehensive-crud.spec.ts:366:7 › 🛡️ RBAC (Role-Based Access Control) Tests › Vendor Role Access Control 

    TimeoutError: page.fill: Timeout 60000ms exceeded.
    Call log:
      - waiting for locator('input[name="email"]')


      367 |     // Login as vendor
      368 |     await page.goto('/auth/signin');
    > 369 |     await page.fill('input[name="email"]', testUsers.vendor.email);
          |                ^
      370 |     await page.fill('input[name="password"]', testUsers.vendor.password);
      371 |     await page.click('button[type="submit"]');
      372 |     await expect(page).toHaveURL(/\/dashboard/);
        at /Users/asithalakmal/Documents/web/final project/WeddingLK-next copy/tests/e2e/comprehensive-crud.spec.ts:369:16

    attachment #1: screenshot (image/png) ──────────────────────────────────────────────────────────
    ../../test-results/comprehensive-crud-🛡️-RBA-76435--Vendor-Role-Access-Control-firefox/test-failed-1.png
    ────────────────────────────────────────────────────────────────────────────────────────────────

    attachment #2: video (video/webm) ──────────────────────────────────────────────────────────────
    ../../test-results/comprehensive-crud-🛡️-RBA-76435--Vendor-Role-Access-Control-firefox/video.webm
    ────────────────────────────────────────────────────────────────────────────────────────────────

    Error Context: ../../test-results/comprehensive-crud-🛡️-RBA-76435--Vendor-Role-Access-Control-firefox/error-context.md
]]>
</failure>
<system-out>
<![CDATA[
[[ATTACHMENT|test-results/comprehensive-crud-🛡️-RBA-76435--Vendor-Role-Access-Control-firefox/test-failed-1.png]]

[[ATTACHMENT|test-results/comprehensive-crud-🛡️-RBA-76435--Vendor-Role-Access-Control-firefox/video.webm]]

[[ATTACHMENT|test-results/comprehensive-crud-🛡️-RBA-76435--Vendor-Role-Access-Control-firefox/error-context.md]]
]]>
</system-out>
</testcase>
<testcase name="🛡️ RBAC (Role-Based Access Control) Tests › Admin Role Access Control" classname="comprehensive-crud.spec.ts" time="87.583">
<failure message="comprehensive-crud.spec.ts:390:7 Admin Role Access Control" type="FAILURE">
<![CDATA[  [firefox] › comprehensive-crud.spec.ts:390:7 › 🛡️ RBAC (Role-Based Access Control) Tests › Admin Role Access Control 

    TimeoutError: page.fill: Timeout 60000ms exceeded.
    Call log:
      - waiting for locator('input[name="email"]')


      391 |     // Login as admin
      392 |     await page.goto('/auth/signin');
    > 393 |     await page.fill('input[name="email"]', testUsers.admin.email);
          |                ^
      394 |     await page.fill('input[name="password"]', testUsers.admin.password);
      395 |     await page.click('button[type="submit"]');
      396 |     await expect(page).toHaveURL(/\/dashboard/);
        at /Users/asithalakmal/Documents/web/final project/WeddingLK-next copy/tests/e2e/comprehensive-crud.spec.ts:393:16

    attachment #1: screenshot (image/png) ──────────────────────────────────────────────────────────
    ../../test-results/comprehensive-crud-🛡️-RBA-d2e91-s-Admin-Role-Access-Control-firefox/test-failed-1.png
    ────────────────────────────────────────────────────────────────────────────────────────────────

    attachment #2: video (video/webm) ──────────────────────────────────────────────────────────────
    ../../test-results/comprehensive-crud-🛡️-RBA-d2e91-s-Admin-Role-Access-Control-firefox/video.webm
    ────────────────────────────────────────────────────────────────────────────────────────────────

    Error Context: ../../test-results/comprehensive-crud-🛡️-RBA-d2e91-s-Admin-Role-Access-Control-firefox/error-context.md
]]>
</failure>
<system-out>
<![CDATA[
[[ATTACHMENT|test-results/comprehensive-crud-🛡️-RBA-d2e91-s-Admin-Role-Access-Control-firefox/test-failed-1.png]]

[[ATTACHMENT|test-results/comprehensive-crud-🛡️-RBA-d2e91-s-Admin-Role-Access-Control-firefox/video.webm]]

[[ATTACHMENT|test-results/comprehensive-crud-🛡️-RBA-d2e91-s-Admin-Role-Access-Control-firefox/error-context.md]]
]]>
</system-out>
</testcase>
<testcase name="🛡️ RBAC (Role-Based Access Control) Tests › Middleware Route Protection" classname="comprehensive-crud.spec.ts" time="50.364">
<failure message="comprehensive-crud.spec.ts:412:7 Middleware Route Protection" type="FAILURE">
<![CDATA[  [firefox] › comprehensive-crud.spec.ts:412:7 › 🛡️ RBAC (Role-Based Access Control) Tests › Middleware Route Protection 

    Error: expect(page).toHaveURL(expected) failed

    Expected pattern: /\/auth\/signin/
    Received string:  "https://wedding-lk.vercel.app/login?callbackUrl=%2Fdashboard"
    Timeout: 30000ms

    Call log:
      - Expect "toHaveURL" with timeout 30000ms
        33 × unexpected value "https://wedding-lk.vercel.app/login?callbackUrl=%2Fdashboard"


      413 |     // Test unauthenticated access to protected routes
      414 |     await page.goto('/dashboard');
    > 415 |     await expect(page).toHaveURL(/\/auth\/signin/);
          |                        ^
      416 |     
      417 |     await page.goto('/dashboard/profile');
      418 |     await expect(page).toHaveURL(/\/auth\/signin/);
        at /Users/asithalakmal/Documents/web/final project/WeddingLK-next copy/tests/e2e/comprehensive-crud.spec.ts:415:24

    attachment #1: screenshot (image/png) ──────────────────────────────────────────────────────────
    ../../test-results/comprehensive-crud-🛡️-RBA-c8703-Middleware-Route-Protection-firefox/test-failed-1.png
    ────────────────────────────────────────────────────────────────────────────────────────────────

    attachment #2: video (video/webm) ──────────────────────────────────────────────────────────────
    ../../test-results/comprehensive-crud-🛡️-RBA-c8703-Middleware-Route-Protection-firefox/video.webm
    ────────────────────────────────────────────────────────────────────────────────────────────────

    Error Context: ../../test-results/comprehensive-crud-🛡️-RBA-c8703-Middleware-Route-Protection-firefox/error-context.md
]]>
</failure>
<system-out>
<![CDATA[
[[ATTACHMENT|test-results/comprehensive-crud-🛡️-RBA-c8703-Middleware-Route-Protection-firefox/test-failed-1.png]]

[[ATTACHMENT|test-results/comprehensive-crud-🛡️-RBA-c8703-Middleware-Route-Protection-firefox/video.webm]]

[[ATTACHMENT|test-results/comprehensive-crud-🛡️-RBA-c8703-Middleware-Route-Protection-firefox/error-context.md]]
]]>
</system-out>
</testcase>
<testcase name="💳 Payment &amp; Financial CRUD › Payment Processing Flow" classname="comprehensive-crud.spec.ts" time="76">
<failure message="comprehensive-crud.spec.ts:426:7 Payment Processing Flow" type="FAILURE">
<![CDATA[  [firefox] › comprehensive-crud.spec.ts:426:7 › 💳 Payment & Financial CRUD › Payment Processing Flow 

    TimeoutError: page.fill: Timeout 60000ms exceeded.
    Call log:
      - waiting for locator('input[name="email"]')


      427 |     // Login as user
      428 |     await page.goto('/auth/signin');
    > 429 |     await page.fill('input[name="email"]', testUsers.regularUser.email);
          |                ^
      430 |     await page.fill('input[name="password"]', testUsers.regularUser.password);
      431 |     await page.click('button[type="submit"]');
      432 |     await expect(page).toHaveURL(/\/dashboard/);
        at /Users/asithalakmal/Documents/web/final project/WeddingLK-next copy/tests/e2e/comprehensive-crud.spec.ts:429:16

    attachment #1: screenshot (image/png) ──────────────────────────────────────────────────────────
    ../../test-results/comprehensive-crud-💳-Paym-6f1ed-RUD-Payment-Processing-Flow-firefox/test-failed-1.png
    ────────────────────────────────────────────────────────────────────────────────────────────────

    attachment #2: video (video/webm) ──────────────────────────────────────────────────────────────
    ../../test-results/comprehensive-crud-💳-Paym-6f1ed-RUD-Payment-Processing-Flow-firefox/video.webm
    ────────────────────────────────────────────────────────────────────────────────────────────────

    Error Context: ../../test-results/comprehensive-crud-💳-Paym-6f1ed-RUD-Payment-Processing-Flow-firefox/error-context.md
]]>
</failure>
<system-out>
<![CDATA[
[[ATTACHMENT|test-results/comprehensive-crud-💳-Paym-6f1ed-RUD-Payment-Processing-Flow-firefox/test-failed-1.png]]

[[ATTACHMENT|test-results/comprehensive-crud-💳-Paym-6f1ed-RUD-Payment-Processing-Flow-firefox/video.webm]]

[[ATTACHMENT|test-results/comprehensive-crud-💳-Paym-6f1ed-RUD-Payment-Processing-Flow-firefox/error-context.md]]
]]>
</system-out>
</testcase>
<testcase name="💳 Payment &amp; Financial CRUD › Payment History &amp; Management" classname="comprehensive-crud.spec.ts" time="71.916">
<failure message="comprehensive-crud.spec.ts:450:7 Payment History &amp; Management" type="FAILURE">
<![CDATA[  [firefox] › comprehensive-crud.spec.ts:450:7 › 💳 Payment & Financial CRUD › Payment History & Management 

    TimeoutError: page.fill: Timeout 60000ms exceeded.
    Call log:
      - waiting for locator('input[name="email"]')


      451 |     // Login as user
      452 |     await page.goto('/auth/signin');
    > 453 |     await page.fill('input[name="email"]', testUsers.regularUser.email);
          |                ^
      454 |     await page.fill('input[name="password"]', testUsers.regularUser.password);
      455 |     await page.click('button[type="submit"]');
      456 |     await expect(page).toHaveURL(/\/dashboard/);
        at /Users/asithalakmal/Documents/web/final project/WeddingLK-next copy/tests/e2e/comprehensive-crud.spec.ts:453:16

    attachment #1: screenshot (image/png) ──────────────────────────────────────────────────────────
    ../../test-results/comprehensive-crud-💳-Paym-d962d--Payment-History-Management-firefox/test-failed-1.png
    ────────────────────────────────────────────────────────────────────────────────────────────────

    attachment #2: video (video/webm) ──────────────────────────────────────────────────────────────
    ../../test-results/comprehensive-crud-💳-Paym-d962d--Payment-History-Management-firefox/video.webm
    ────────────────────────────────────────────────────────────────────────────────────────────────

    Error Context: ../../test-results/comprehensive-crud-💳-Paym-d962d--Payment-History-Management-firefox/error-context.md
]]>
</failure>
<system-out>
<![CDATA[
[[ATTACHMENT|test-results/comprehensive-crud-💳-Paym-d962d--Payment-History-Management-firefox/test-failed-1.png]]

[[ATTACHMENT|test-results/comprehensive-crud-💳-Paym-d962d--Payment-History-Management-firefox/video.webm]]

[[ATTACHMENT|test-results/comprehensive-crud-💳-Paym-d962d--Payment-History-Management-firefox/error-context.md]]
]]>
</system-out>
</testcase>
<testcase name="📱 Mobile &amp; Responsive CRUD › Mobile Navigation &amp; CRUD Operations" classname="comprehensive-crud.spec.ts" time="73.084">
<failure message="comprehensive-crud.spec.ts:471:7 Mobile Navigation &amp; CRUD Operations" type="FAILURE">
<![CDATA[  [firefox] › comprehensive-crud.spec.ts:471:7 › 📱 Mobile & Responsive CRUD › Mobile Navigation & CRUD Operations 

    TimeoutError: page.fill: Timeout 60000ms exceeded.
    Call log:
      - waiting for locator('input[name="email"]')


      475 |     // Login as user
      476 |     await page.goto('/auth/signin');
    > 477 |     await page.fill('input[name="email"]', testUsers.regularUser.email);
          |                ^
      478 |     await page.fill('input[name="password"]', testUsers.regularUser.password);
      479 |     await page.click('button[type="submit"]');
      480 |     await expect(page).toHaveURL(/\/dashboard/);
        at /Users/asithalakmal/Documents/web/final project/WeddingLK-next copy/tests/e2e/comprehensive-crud.spec.ts:477:16

    attachment #1: screenshot (image/png) ──────────────────────────────────────────────────────────
    ../../test-results/comprehensive-crud-📱-Mobi-c12a8--Navigation-CRUD-Operations-firefox/test-failed-1.png
    ────────────────────────────────────────────────────────────────────────────────────────────────

    attachment #2: video (video/webm) ──────────────────────────────────────────────────────────────
    ../../test-results/comprehensive-crud-📱-Mobi-c12a8--Navigation-CRUD-Operations-firefox/video.webm
    ────────────────────────────────────────────────────────────────────────────────────────────────

    Error Context: ../../test-results/comprehensive-crud-📱-Mobi-c12a8--Navigation-CRUD-Operations-firefox/error-context.md
]]>
</failure>
<system-out>
<![CDATA[
[[ATTACHMENT|test-results/comprehensive-crud-📱-Mobi-c12a8--Navigation-CRUD-Operations-firefox/test-failed-1.png]]

[[ATTACHMENT|test-results/comprehensive-crud-📱-Mobi-c12a8--Navigation-CRUD-Operations-firefox/video.webm]]

[[ATTACHMENT|test-results/comprehensive-crud-📱-Mobi-c12a8--Navigation-CRUD-Operations-firefox/error-context.md]]
]]>
</system-out>
</testcase>
<testcase name="🔍 Search &amp; Filter CRUD › Venue Search &amp; Filter Operations" classname="comprehensive-crud.spec.ts" time="79.756">
<failure message="comprehensive-crud.spec.ts:501:7 Venue Search &amp; Filter Operations" type="FAILURE">
<![CDATA[  [firefox] › comprehensive-crud.spec.ts:501:7 › 🔍 Search & Filter CRUD › Venue Search & Filter Operations 

    TimeoutError: page.fill: Timeout 60000ms exceeded.
    Call log:
      - waiting for locator('input[placeholder*="Search venues"]')


      503 |     
      504 |     // Search for venues
    > 505 |     await page.fill('input[placeholder*="Search venues"]', 'Colombo');
          |                ^
      506 |     await page.click('button:has-text("Search")');
      507 |     
      508 |     // Apply filters
        at /Users/asithalakmal/Documents/web/final project/WeddingLK-next copy/tests/e2e/comprehensive-crud.spec.ts:505:16

    attachment #1: screenshot (image/png) ──────────────────────────────────────────────────────────
    ../../test-results/comprehensive-crud-🔍-Sear-77ac3-ue-Search-Filter-Operations-firefox/test-failed-1.png
    ────────────────────────────────────────────────────────────────────────────────────────────────

    attachment #2: video (video/webm) ──────────────────────────────────────────────────────────────
    ../../test-results/comprehensive-crud-🔍-Sear-77ac3-ue-Search-Filter-Operations-firefox/video.webm
    ────────────────────────────────────────────────────────────────────────────────────────────────

    Error Context: ../../test-results/comprehensive-crud-🔍-Sear-77ac3-ue-Search-Filter-Operations-firefox/error-context.md
]]>
</failure>
<system-out>
<![CDATA[
[[ATTACHMENT|test-results/comprehensive-crud-🔍-Sear-77ac3-ue-Search-Filter-Operations-firefox/test-failed-1.png]]

[[ATTACHMENT|test-results/comprehensive-crud-🔍-Sear-77ac3-ue-Search-Filter-Operations-firefox/video.webm]]

[[ATTACHMENT|test-results/comprehensive-crud-🔍-Sear-77ac3-ue-Search-Filter-Operations-firefox/error-context.md]]
]]>
</system-out>
</testcase>
<testcase name="🔍 Search &amp; Filter CRUD › Vendor Search &amp; Filter Operations" classname="comprehensive-crud.spec.ts" time="77.463">
<failure message="comprehensive-crud.spec.ts:518:7 Vendor Search &amp; Filter Operations" type="FAILURE">
<![CDATA[  [firefox] › comprehensive-crud.spec.ts:518:7 › 🔍 Search & Filter CRUD › Vendor Search & Filter Operations 

    TimeoutError: page.fill: Timeout 60000ms exceeded.
    Call log:
      - waiting for locator('input[placeholder*="Search vendors"]')


      520 |     
      521 |     // Search for vendors
    > 522 |     await page.fill('input[placeholder*="Search vendors"]', 'photography');
          |                ^
      523 |     await page.click('button:has-text("Search")');
      524 |     
      525 |     // Apply category filters
        at /Users/asithalakmal/Documents/web/final project/WeddingLK-next copy/tests/e2e/comprehensive-crud.spec.ts:522:16

    attachment #1: screenshot (image/png) ──────────────────────────────────────────────────────────
    ../../test-results/comprehensive-crud-🔍-Sear-8b262-or-Search-Filter-Operations-firefox/test-failed-1.png
    ────────────────────────────────────────────────────────────────────────────────────────────────

    attachment #2: video (video/webm) ──────────────────────────────────────────────────────────────
    ../../test-results/comprehensive-crud-🔍-Sear-8b262-or-Search-Filter-Operations-firefox/video.webm
    ────────────────────────────────────────────────────────────────────────────────────────────────

    Error Context: ../../test-results/comprehensive-crud-🔍-Sear-8b262-or-Search-Filter-Operations-firefox/error-context.md
]]>
</failure>
<system-out>
<![CDATA[
[[ATTACHMENT|test-results/comprehensive-crud-🔍-Sear-8b262-or-Search-Filter-Operations-firefox/test-failed-1.png]]

[[ATTACHMENT|test-results/comprehensive-crud-🔍-Sear-8b262-or-Search-Filter-Operations-firefox/video.webm]]

[[ATTACHMENT|test-results/comprehensive-crud-🔍-Sear-8b262-or-Search-Filter-Operations-firefox/error-context.md]]
]]>
</system-out>
</testcase>
<testcase name="📊 Analytics &amp; Reporting CRUD › User Analytics Dashboard" classname="comprehensive-crud.spec.ts" time="76.865">
<failure message="comprehensive-crud.spec.ts:535:7 User Analytics Dashboard" type="FAILURE">
<![CDATA[  [firefox] › comprehensive-crud.spec.ts:535:7 › 📊 Analytics & Reporting CRUD › User Analytics Dashboard 

    TimeoutError: page.fill: Timeout 60000ms exceeded.
    Call log:
      - waiting for locator('input[name="email"]')


      536 |     // Login as user
      537 |     await page.goto('/auth/signin');
    > 538 |     await page.fill('input[name="email"]', testUsers.regularUser.email);
          |                ^
      539 |     await page.fill('input[name="password"]', testUsers.regularUser.password);
      540 |     await page.click('button[type="submit"]');
      541 |     await expect(page).toHaveURL(/\/dashboard/);
        at /Users/asithalakmal/Documents/web/final project/WeddingLK-next copy/tests/e2e/comprehensive-crud.spec.ts:538:16

    attachment #1: screenshot (image/png) ──────────────────────────────────────────────────────────
    ../../test-results/comprehensive-crud-📊-Anal-bd0f7-UD-User-Analytics-Dashboard-firefox/test-failed-1.png
    ────────────────────────────────────────────────────────────────────────────────────────────────

    attachment #2: video (video/webm) ──────────────────────────────────────────────────────────────
    ../../test-results/comprehensive-crud-📊-Anal-bd0f7-UD-User-Analytics-Dashboard-firefox/video.webm
    ────────────────────────────────────────────────────────────────────────────────────────────────

    Error Context: ../../test-results/comprehensive-crud-📊-Anal-bd0f7-UD-User-Analytics-Dashboard-firefox/error-context.md
]]>
</failure>
<system-out>
<![CDATA[
[[ATTACHMENT|test-results/comprehensive-crud-📊-Anal-bd0f7-UD-User-Analytics-Dashboard-firefox/test-failed-1.png]]

[[ATTACHMENT|test-results/comprehensive-crud-📊-Anal-bd0f7-UD-User-Analytics-Dashboard-firefox/video.webm]]

[[ATTACHMENT|test-results/comprehensive-crud-📊-Anal-bd0f7-UD-User-Analytics-Dashboard-firefox/error-context.md]]
]]>
</system-out>
</testcase>
<testcase name="📊 Analytics &amp; Reporting CRUD › Admin Analytics &amp; Reports" classname="comprehensive-crud.spec.ts" time="73.526">
<failure message="comprehensive-crud.spec.ts:552:7 Admin Analytics &amp; Reports" type="FAILURE">
<![CDATA[  [firefox] › comprehensive-crud.spec.ts:552:7 › 📊 Analytics & Reporting CRUD › Admin Analytics & Reports 

    TimeoutError: page.fill: Timeout 60000ms exceeded.
    Call log:
      - waiting for locator('input[name="email"]')


      553 |     // Login as admin
      554 |     await page.goto('/auth/signin');
    > 555 |     await page.fill('input[name="email"]', testUsers.admin.email);
          |                ^
      556 |     await page.fill('input[name="password"]', testUsers.admin.password);
      557 |     await page.click('button[type="submit"]');
      558 |     await expect(page).toHaveURL(/\/dashboard/);
        at /Users/asithalakmal/Documents/web/final project/WeddingLK-next copy/tests/e2e/comprehensive-crud.spec.ts:555:16

    attachment #1: screenshot (image/png) ──────────────────────────────────────────────────────────
    ../../test-results/comprehensive-crud-📊-Anal-de256-RUD-Admin-Analytics-Reports-firefox/test-failed-1.png
    ────────────────────────────────────────────────────────────────────────────────────────────────

    attachment #2: video (video/webm) ──────────────────────────────────────────────────────────────
    ../../test-results/comprehensive-crud-📊-Anal-de256-RUD-Admin-Analytics-Reports-firefox/video.webm
    ────────────────────────────────────────────────────────────────────────────────────────────────

    Error Context: ../../test-results/comprehensive-crud-📊-Anal-de256-RUD-Admin-Analytics-Reports-firefox/error-context.md
]]>
</failure>
<system-out>
<![CDATA[
[[ATTACHMENT|test-results/comprehensive-crud-📊-Anal-de256-RUD-Admin-Analytics-Reports-firefox/test-failed-1.png]]

[[ATTACHMENT|test-results/comprehensive-crud-📊-Anal-de256-RUD-Admin-Analytics-Reports-firefox/video.webm]]

[[ATTACHMENT|test-results/comprehensive-crud-📊-Anal-de256-RUD-Admin-Analytics-Reports-firefox/error-context.md]]
]]>
</system-out>
</testcase>
<testcase name="🔔 Notification &amp; Communication CRUD › Notification Management" classname="comprehensive-crud.spec.ts" time="75.539">
<failure message="comprehensive-crud.spec.ts:581:7 Notification Management" type="FAILURE">
<![CDATA[  [firefox] › comprehensive-crud.spec.ts:581:7 › 🔔 Notification & Communication CRUD › Notification Management 

    TimeoutError: page.fill: Timeout 60000ms exceeded.
    Call log:
      - waiting for locator('input[name="email"]')


      582 |     // Login as user
      583 |     await page.goto('/auth/signin');
    > 584 |     await page.fill('input[name="email"]', testUsers.regularUser.email);
          |                ^
      585 |     await page.fill('input[name="password"]', testUsers.regularUser.password);
      586 |     await page.click('button[type="submit"]');
      587 |     await expect(page).toHaveURL(/\/dashboard/);
        at /Users/asithalakmal/Documents/web/final project/WeddingLK-next copy/tests/e2e/comprehensive-crud.spec.ts:584:16

    attachment #1: screenshot (image/png) ──────────────────────────────────────────────────────────
    ../../test-results/comprehensive-crud-🔔-Noti-e4267-RUD-Notification-Management-firefox/test-failed-1.png
    ────────────────────────────────────────────────────────────────────────────────────────────────

    attachment #2: video (video/webm) ──────────────────────────────────────────────────────────────
    ../../test-results/comprehensive-crud-🔔-Noti-e4267-RUD-Notification-Management-firefox/video.webm
    ────────────────────────────────────────────────────────────────────────────────────────────────

    Error Context: ../../test-results/comprehensive-crud-🔔-Noti-e4267-RUD-Notification-Management-firefox/error-context.md
]]>
</failure>
<system-out>
<![CDATA[
[[ATTACHMENT|test-results/comprehensive-crud-🔔-Noti-e4267-RUD-Notification-Management-firefox/test-failed-1.png]]

[[ATTACHMENT|test-results/comprehensive-crud-🔔-Noti-e4267-RUD-Notification-Management-firefox/video.webm]]

[[ATTACHMENT|test-results/comprehensive-crud-🔔-Noti-e4267-RUD-Notification-Management-firefox/error-context.md]]
]]>
</system-out>
</testcase>
<testcase name="🔔 Notification &amp; Communication CRUD › Message System CRUD" classname="comprehensive-crud.spec.ts" time="99.132">
<failure message="comprehensive-crud.spec.ts:605:7 Message System CRUD" type="FAILURE">
<![CDATA[  [firefox] › comprehensive-crud.spec.ts:605:7 › 🔔 Notification & Communication CRUD › Message System CRUD 

    TimeoutError: page.fill: Timeout 60000ms exceeded.
    Call log:
      - waiting for locator('input[name="email"]')


      606 |     // Login as user
      607 |     await page.goto('/auth/signin');
    > 608 |     await page.fill('input[name="email"]', testUsers.regularUser.email);
          |                ^
      609 |     await page.fill('input[name="password"]', testUsers.regularUser.password);
      610 |     await page.click('button[type="submit"]');
      611 |     await expect(page).toHaveURL(/\/dashboard/);
        at /Users/asithalakmal/Documents/web/final project/WeddingLK-next copy/tests/e2e/comprehensive-crud.spec.ts:608:16

    attachment #1: screenshot (image/png) ──────────────────────────────────────────────────────────
    ../../test-results/comprehensive-crud-🔔-Noti-e1c21-on-CRUD-Message-System-CRUD-firefox/test-failed-1.png
    ────────────────────────────────────────────────────────────────────────────────────────────────

    attachment #2: video (video/webm) ──────────────────────────────────────────────────────────────
    ../../test-results/comprehensive-crud-🔔-Noti-e1c21-on-CRUD-Message-System-CRUD-firefox/video.webm
    ────────────────────────────────────────────────────────────────────────────────────────────────

    Error Context: ../../test-results/comprehensive-crud-🔔-Noti-e1c21-on-CRUD-Message-System-CRUD-firefox/error-context.md
]]>
</failure>
<system-out>
<![CDATA[
[[ATTACHMENT|test-results/comprehensive-crud-🔔-Noti-e1c21-on-CRUD-Message-System-CRUD-firefox/test-failed-1.png]]

[[ATTACHMENT|test-results/comprehensive-crud-🔔-Noti-e1c21-on-CRUD-Message-System-CRUD-firefox/video.webm]]

[[ATTACHMENT|test-results/comprehensive-crud-🔔-Noti-e1c21-on-CRUD-Message-System-CRUD-firefox/error-context.md]]
]]>
</system-out>
</testcase>
<testcase name="🔄 Data Synchronization &amp; Cache CRUD › Data Cache Management" classname="comprehensive-crud.spec.ts" time="77.251">
<failure message="comprehensive-crud.spec.ts:633:7 Data Cache Management" type="FAILURE">
<![CDATA[  [firefox] › comprehensive-crud.spec.ts:633:7 › 🔄 Data Synchronization & Cache CRUD › Data Cache Management 

    TimeoutError: page.fill: Timeout 60000ms exceeded.
    Call log:
      - waiting for locator('input[name="email"]')


      634 |     // Login as admin
      635 |     await page.goto('/auth/signin');
    > 636 |     await page.fill('input[name="email"]', testUsers.admin.email);
          |                ^
      637 |     await page.fill('input[name="password"]', testUsers.admin.password);
      638 |     await page.click('button[type="submit"]');
      639 |     await expect(page).toHaveURL(/\/dashboard/);
        at /Users/asithalakmal/Documents/web/final project/WeddingLK-next copy/tests/e2e/comprehensive-crud.spec.ts:636:16

    attachment #1: screenshot (image/png) ──────────────────────────────────────────────────────────
    ../../test-results/comprehensive-crud-🔄-Data-ae5cf--CRUD-Data-Cache-Management-firefox/test-failed-1.png
    ────────────────────────────────────────────────────────────────────────────────────────────────

    attachment #2: video (video/webm) ──────────────────────────────────────────────────────────────
    ../../test-results/comprehensive-crud-🔄-Data-ae5cf--CRUD-Data-Cache-Management-firefox/video.webm
    ────────────────────────────────────────────────────────────────────────────────────────────────

    Error Context: ../../test-results/comprehensive-crud-🔄-Data-ae5cf--CRUD-Data-Cache-Management-firefox/error-context.md
]]>
</failure>
<system-out>
<![CDATA[
[[ATTACHMENT|test-results/comprehensive-crud-🔄-Data-ae5cf--CRUD-Data-Cache-Management-firefox/test-failed-1.png]]

[[ATTACHMENT|test-results/comprehensive-crud-🔄-Data-ae5cf--CRUD-Data-Cache-Management-firefox/video.webm]]

[[ATTACHMENT|test-results/comprehensive-crud-🔄-Data-ae5cf--CRUD-Data-Cache-Management-firefox/error-context.md]]
]]>
</system-out>
</testcase>
<testcase name="🛠️ System Administration CRUD › User Management Operations" classname="comprehensive-crud.spec.ts" time="87.499">
<failure message="comprehensive-crud.spec.ts:658:7 User Management Operations" type="FAILURE">
<![CDATA[  [firefox] › comprehensive-crud.spec.ts:658:7 › 🛠️ System Administration CRUD › User Management Operations 

    TimeoutError: page.fill: Timeout 60000ms exceeded.
    Call log:
      - waiting for locator('input[name="email"]')


      659 |     // Login as admin
      660 |     await page.goto('/auth/signin');
    > 661 |     await page.fill('input[name="email"]', testUsers.admin.email);
          |                ^
      662 |     await page.fill('input[name="password"]', testUsers.admin.password);
      663 |     await page.click('button[type="submit"]');
      664 |     await expect(page).toHaveURL(/\/dashboard/);
        at /Users/asithalakmal/Documents/web/final project/WeddingLK-next copy/tests/e2e/comprehensive-crud.spec.ts:661:16

    attachment #1: screenshot (image/png) ──────────────────────────────────────────────────────────
    ../../test-results/comprehensive-crud-🛠️-Sys-e1e93--User-Management-Operations-firefox/test-failed-1.png
    ────────────────────────────────────────────────────────────────────────────────────────────────

    attachment #2: video (video/webm) ──────────────────────────────────────────────────────────────
    ../../test-results/comprehensive-crud-🛠️-Sys-e1e93--User-Management-Operations-firefox/video.webm
    ────────────────────────────────────────────────────────────────────────────────────────────────

    Error Context: ../../test-results/comprehensive-crud-🛠️-Sys-e1e93--User-Management-Operations-firefox/error-context.md
]]>
</failure>
<system-out>
<![CDATA[
[[ATTACHMENT|test-results/comprehensive-crud-🛠️-Sys-e1e93--User-Management-Operations-firefox/test-failed-1.png]]

[[ATTACHMENT|test-results/comprehensive-crud-🛠️-Sys-e1e93--User-Management-Operations-firefox/video.webm]]

[[ATTACHMENT|test-results/comprehensive-crud-🛠️-Sys-e1e93--User-Management-Operations-firefox/error-context.md]]
]]>
</system-out>
</testcase>
<testcase name="🛠️ System Administration CRUD › System Settings Management" classname="comprehensive-crud.spec.ts" time="88.178">
<failure message="comprehensive-crud.spec.ts:686:7 System Settings Management" type="FAILURE">
<![CDATA[  [firefox] › comprehensive-crud.spec.ts:686:7 › 🛠️ System Administration CRUD › System Settings Management 

    TimeoutError: page.fill: Timeout 60000ms exceeded.
    Call log:
      - waiting for locator('input[name="email"]')


      687 |     // Login as admin
      688 |     await page.goto('/auth/signin');
    > 689 |     await page.fill('input[name="email"]', testUsers.admin.email);
          |                ^
      690 |     await page.fill('input[name="password"]', testUsers.admin.password);
      691 |     await page.click('button[type="submit"]');
      692 |     await expect(page).toHaveURL(/\/dashboard/);
        at /Users/asithalakmal/Documents/web/final project/WeddingLK-next copy/tests/e2e/comprehensive-crud.spec.ts:689:16

    attachment #1: screenshot (image/png) ──────────────────────────────────────────────────────────
    ../../test-results/comprehensive-crud-🛠️-Sys-350da--System-Settings-Management-firefox/test-failed-1.png
    ────────────────────────────────────────────────────────────────────────────────────────────────

    attachment #2: video (video/webm) ──────────────────────────────────────────────────────────────
    ../../test-results/comprehensive-crud-🛠️-Sys-350da--System-Settings-Management-firefox/video.webm
    ────────────────────────────────────────────────────────────────────────────────────────────────

    Error Context: ../../test-results/comprehensive-crud-🛠️-Sys-350da--System-Settings-Management-firefox/error-context.md
]]>
</failure>
<system-out>
<![CDATA[
[[ATTACHMENT|test-results/comprehensive-crud-🛠️-Sys-350da--System-Settings-Management-firefox/test-failed-1.png]]

[[ATTACHMENT|test-results/comprehensive-crud-🛠️-Sys-350da--System-Settings-Management-firefox/video.webm]]

[[ATTACHMENT|test-results/comprehensive-crud-🛠️-Sys-350da--System-Settings-Management-firefox/error-context.md]]
]]>
</system-out>
</testcase>
</testsuite>
<testsuite name="comprehensive-live-deployment.spec.ts" timestamp="2025-10-23T12:57:57.279Z" hostname="firefox" tests="14" failures="14" skipped="0" time="565.082" errors="0">
<testcase name="🚀 COMPREHENSIVE LIVE DEPLOYMENT TESTING › 🏠 HOMEPAGE - Complete Frontend Testing" classname="comprehensive-live-deployment.spec.ts" time="31.558">
<failure message="comprehensive-live-deployment.spec.ts:39:7 🏠 HOMEPAGE - Complete Frontend Testing" type="FAILURE">
<![CDATA[  [firefox] › comprehensive-live-deployment.spec.ts:39:7 › 🚀 COMPREHENSIVE LIVE DEPLOYMENT TESTING › 🏠 HOMEPAGE - Complete Frontend Testing 

    Test timeout of 30000ms exceeded while running "beforeEach" hook.

      23 |
      24 | test.describe('🚀 COMPREHENSIVE LIVE DEPLOYMENT TESTING', () => {
    > 25 |   test.beforeEach(async ({ page }) => {
         |        ^
      26 |     // Set longer timeout for live testing
      27 |     test.setTimeout(TEST_TIMEOUT);
      28 |     
        at /Users/asithalakmal/Documents/web/final project/WeddingLK-next copy/tests/e2e/comprehensive-live-deployment.spec.ts:25:8

    Error: page.screenshot: Test timeout of 30000ms exceeded.
    Call log:
      - taking page screenshot


      34 |     
      35 |     // Take screenshot of initial page
    > 36 |     await page.screenshot({ path: 'test-results/live-deployment-initial.png' });
         |                ^
      37 |   });
      38 |
      39 |   test('🏠 HOMEPAGE - Complete Frontend Testing', async ({ page }) => {
        at /Users/asithalakmal/Documents/web/final project/WeddingLK-next copy/tests/e2e/comprehensive-live-deployment.spec.ts:36:16

    attachment #1: screenshot (image/png) ──────────────────────────────────────────────────────────
    ../../test-results/comprehensive-live-deploym-6fa0d---Complete-Frontend-Testing-firefox/test-failed-1.png
    ────────────────────────────────────────────────────────────────────────────────────────────────

    attachment #2: video (video/webm) ──────────────────────────────────────────────────────────────
    ../../test-results/comprehensive-live-deploym-6fa0d---Complete-Frontend-Testing-firefox/video.webm
    ────────────────────────────────────────────────────────────────────────────────────────────────

    Error Context: ../../test-results/comprehensive-live-deploym-6fa0d---Complete-Frontend-Testing-firefox/error-context.md
]]>
</failure>
<system-out>
<![CDATA[
[[ATTACHMENT|test-results/comprehensive-live-deploym-6fa0d---Complete-Frontend-Testing-firefox/test-failed-1.png]]

[[ATTACHMENT|test-results/comprehensive-live-deploym-6fa0d---Complete-Frontend-Testing-firefox/video.webm]]

[[ATTACHMENT|test-results/comprehensive-live-deploym-6fa0d---Complete-Frontend-Testing-firefox/error-context.md]]
]]>
</system-out>
</testcase>
<testcase name="🚀 COMPREHENSIVE LIVE DEPLOYMENT TESTING › 🔐 AUTHENTICATION - Complete Auth Flow Testing" classname="comprehensive-live-deployment.spec.ts" time="32.744">
<failure message="comprehensive-live-deployment.spec.ts:132:7 🔐 AUTHENTICATION - Complete Auth Flow Testing" type="FAILURE">
<![CDATA[  [firefox] › comprehensive-live-deployment.spec.ts:132:7 › 🚀 COMPREHENSIVE LIVE DEPLOYMENT TESTING › 🔐 AUTHENTICATION - Complete Auth Flow Testing 

    Test timeout of 30000ms exceeded while running "beforeEach" hook.

      23 |
      24 | test.describe('🚀 COMPREHENSIVE LIVE DEPLOYMENT TESTING', () => {
    > 25 |   test.beforeEach(async ({ page }) => {
         |        ^
      26 |     // Set longer timeout for live testing
      27 |     test.setTimeout(TEST_TIMEOUT);
      28 |     
        at /Users/asithalakmal/Documents/web/final project/WeddingLK-next copy/tests/e2e/comprehensive-live-deployment.spec.ts:25:8

    Error: page.goto: Test timeout of 30000ms exceeded.
    Call log:
      - navigating to "https://wedding-lk.vercel.app/", waiting until "load"


      28 |     
      29 |     // Navigate to live deployment
    > 30 |     await page.goto(BASE_URL);
         |                ^
      31 |     
      32 |     // Wait for page to load completely
      33 |     await page.waitForLoadState('networkidle');
        at /Users/asithalakmal/Documents/web/final project/WeddingLK-next copy/tests/e2e/comprehensive-live-deployment.spec.ts:30:16

    attachment #1: screenshot (image/png) ──────────────────────────────────────────────────────────
    ../../test-results/comprehensive-live-deploym-f8c4e--Complete-Auth-Flow-Testing-firefox/test-failed-1.png
    ────────────────────────────────────────────────────────────────────────────────────────────────

    attachment #2: video (video/webm) ──────────────────────────────────────────────────────────────
    ../../test-results/comprehensive-live-deploym-f8c4e--Complete-Auth-Flow-Testing-firefox/video.webm
    ────────────────────────────────────────────────────────────────────────────────────────────────

    Error Context: ../../test-results/comprehensive-live-deploym-f8c4e--Complete-Auth-Flow-Testing-firefox/error-context.md
]]>
</failure>
<system-out>
<![CDATA[
[[ATTACHMENT|test-results/comprehensive-live-deploym-f8c4e--Complete-Auth-Flow-Testing-firefox/test-failed-1.png]]

[[ATTACHMENT|test-results/comprehensive-live-deploym-f8c4e--Complete-Auth-Flow-Testing-firefox/video.webm]]

[[ATTACHMENT|test-results/comprehensive-live-deploym-f8c4e--Complete-Auth-Flow-Testing-firefox/error-context.md]]
]]>
</system-out>
</testcase>
<testcase name="🚀 COMPREHENSIVE LIVE DEPLOYMENT TESTING › 🏢 VENUES - Complete Venue CRUD Testing" classname="comprehensive-live-deployment.spec.ts" time="35.902">
<failure message="comprehensive-live-deployment.spec.ts:161:7 🏢 VENUES - Complete Venue CRUD Testing" type="FAILURE">
<![CDATA[  [firefox] › comprehensive-live-deployment.spec.ts:161:7 › 🚀 COMPREHENSIVE LIVE DEPLOYMENT TESTING › 🏢 VENUES - Complete Venue CRUD Testing 

    Test timeout of 30000ms exceeded while running "beforeEach" hook.

      23 |
      24 | test.describe('🚀 COMPREHENSIVE LIVE DEPLOYMENT TESTING', () => {
    > 25 |   test.beforeEach(async ({ page }) => {
         |        ^
      26 |     // Set longer timeout for live testing
      27 |     test.setTimeout(TEST_TIMEOUT);
      28 |     
        at /Users/asithalakmal/Documents/web/final project/WeddingLK-next copy/tests/e2e/comprehensive-live-deployment.spec.ts:25:8

    Error: page.goto: Test timeout of 30000ms exceeded.
    Call log:
      - navigating to "https://wedding-lk.vercel.app/", waiting until "load"


      28 |     
      29 |     // Navigate to live deployment
    > 30 |     await page.goto(BASE_URL);
         |                ^
      31 |     
      32 |     // Wait for page to load completely
      33 |     await page.waitForLoadState('networkidle');
        at /Users/asithalakmal/Documents/web/final project/WeddingLK-next copy/tests/e2e/comprehensive-live-deployment.spec.ts:30:16

    attachment #1: video (video/webm) ──────────────────────────────────────────────────────────────
    ../../test-results/comprehensive-live-deploym-ef612-Complete-Venue-CRUD-Testing-firefox/video.webm
    ────────────────────────────────────────────────────────────────────────────────────────────────

    Error Context: ../../test-results/comprehensive-live-deploym-ef612-Complete-Venue-CRUD-Testing-firefox/error-context.md
]]>
</failure>
<system-out>
<![CDATA[
[[ATTACHMENT|test-results/comprehensive-live-deploym-ef612-Complete-Venue-CRUD-Testing-firefox/video.webm]]

[[ATTACHMENT|test-results/comprehensive-live-deploym-ef612-Complete-Venue-CRUD-Testing-firefox/error-context.md]]
]]>
</system-out>
</testcase>
<testcase name="🚀 COMPREHENSIVE LIVE DEPLOYMENT TESTING › 🏪 VENDORS - Complete Vendor CRUD Testing" classname="comprehensive-live-deployment.spec.ts" time="38.966">
<failure message="comprehensive-live-deployment.spec.ts:206:7 🏪 VENDORS - Complete Vendor CRUD Testing" type="FAILURE">
<![CDATA[  [firefox] › comprehensive-live-deployment.spec.ts:206:7 › 🚀 COMPREHENSIVE LIVE DEPLOYMENT TESTING › 🏪 VENDORS - Complete Vendor CRUD Testing 

    Test timeout of 30000ms exceeded while running "beforeEach" hook.

      23 |
      24 | test.describe('🚀 COMPREHENSIVE LIVE DEPLOYMENT TESTING', () => {
    > 25 |   test.beforeEach(async ({ page }) => {
         |        ^
      26 |     // Set longer timeout for live testing
      27 |     test.setTimeout(TEST_TIMEOUT);
      28 |     
        at /Users/asithalakmal/Documents/web/final project/WeddingLK-next copy/tests/e2e/comprehensive-live-deployment.spec.ts:25:8

    Error: page.goto: Test timeout of 30000ms exceeded.
    Call log:
      - navigating to "https://wedding-lk.vercel.app/", waiting until "load"


      28 |     
      29 |     // Navigate to live deployment
    > 30 |     await page.goto(BASE_URL);
         |                ^
      31 |     
      32 |     // Wait for page to load completely
      33 |     await page.waitForLoadState('networkidle');
        at /Users/asithalakmal/Documents/web/final project/WeddingLK-next copy/tests/e2e/comprehensive-live-deployment.spec.ts:30:16

    attachment #1: video (video/webm) ──────────────────────────────────────────────────────────────
    ../../test-results/comprehensive-live-deploym-d944a-omplete-Vendor-CRUD-Testing-firefox/video.webm
    ────────────────────────────────────────────────────────────────────────────────────────────────

    Error Context: ../../test-results/comprehensive-live-deploym-d944a-omplete-Vendor-CRUD-Testing-firefox/error-context.md
]]>
</failure>
<system-out>
<![CDATA[
[[ATTACHMENT|test-results/comprehensive-live-deploym-d944a-omplete-Vendor-CRUD-Testing-firefox/video.webm]]

[[ATTACHMENT|test-results/comprehensive-live-deploym-d944a-omplete-Vendor-CRUD-Testing-firefox/error-context.md]]
]]>
</system-out>
</testcase>
<testcase name="🚀 COMPREHENSIVE LIVE DEPLOYMENT TESTING › 📱 FEED - Complete Social Feed Testing" classname="comprehensive-live-deployment.spec.ts" time="35.782">
<failure message="comprehensive-live-deployment.spec.ts:251:7 📱 FEED - Complete Social Feed Testing" type="FAILURE">
<![CDATA[  [firefox] › comprehensive-live-deployment.spec.ts:251:7 › 🚀 COMPREHENSIVE LIVE DEPLOYMENT TESTING › 📱 FEED - Complete Social Feed Testing 

    Test timeout of 30000ms exceeded while running "beforeEach" hook.

      23 |
      24 | test.describe('🚀 COMPREHENSIVE LIVE DEPLOYMENT TESTING', () => {
    > 25 |   test.beforeEach(async ({ page }) => {
         |        ^
      26 |     // Set longer timeout for live testing
      27 |     test.setTimeout(TEST_TIMEOUT);
      28 |     
        at /Users/asithalakmal/Documents/web/final project/WeddingLK-next copy/tests/e2e/comprehensive-live-deployment.spec.ts:25:8

    Error: page.goto: Test timeout of 30000ms exceeded.
    Call log:
      - navigating to "https://wedding-lk.vercel.app/", waiting until "load"


      28 |     
      29 |     // Navigate to live deployment
    > 30 |     await page.goto(BASE_URL);
         |                ^
      31 |     
      32 |     // Wait for page to load completely
      33 |     await page.waitForLoadState('networkidle');
        at /Users/asithalakmal/Documents/web/final project/WeddingLK-next copy/tests/e2e/comprehensive-live-deployment.spec.ts:30:16

    attachment #1: video (video/webm) ──────────────────────────────────────────────────────────────
    ../../test-results/comprehensive-live-deploym-b9f37-omplete-Social-Feed-Testing-firefox/video.webm
    ────────────────────────────────────────────────────────────────────────────────────────────────

    Error Context: ../../test-results/comprehensive-live-deploym-b9f37-omplete-Social-Feed-Testing-firefox/error-context.md
]]>
</failure>
<system-out>
<![CDATA[
[[ATTACHMENT|test-results/comprehensive-live-deploym-b9f37-omplete-Social-Feed-Testing-firefox/video.webm]]

[[ATTACHMENT|test-results/comprehensive-live-deploym-b9f37-omplete-Social-Feed-Testing-firefox/error-context.md]]
]]>
</system-out>
</testcase>
<testcase name="🚀 COMPREHENSIVE LIVE DEPLOYMENT TESTING › 🖼️ GALLERY - Complete Gallery Testing" classname="comprehensive-live-deployment.spec.ts" time="30.436">
<failure message="comprehensive-live-deployment.spec.ts:295:7 🖼️ GALLERY - Complete Gallery Testing" type="FAILURE">
<![CDATA[  [firefox] › comprehensive-live-deployment.spec.ts:295:7 › 🚀 COMPREHENSIVE LIVE DEPLOYMENT TESTING › 🖼️ GALLERY - Complete Gallery Testing 

    Test timeout of 30000ms exceeded while running "beforeEach" hook.

      23 |
      24 | test.describe('🚀 COMPREHENSIVE LIVE DEPLOYMENT TESTING', () => {
    > 25 |   test.beforeEach(async ({ page }) => {
         |        ^
      26 |     // Set longer timeout for live testing
      27 |     test.setTimeout(TEST_TIMEOUT);
      28 |     
        at /Users/asithalakmal/Documents/web/final project/WeddingLK-next copy/tests/e2e/comprehensive-live-deployment.spec.ts:25:8

    Error: page.goto: Test timeout of 30000ms exceeded.
    Call log:
      - navigating to "https://wedding-lk.vercel.app/", waiting until "load"


      28 |     
      29 |     // Navigate to live deployment
    > 30 |     await page.goto(BASE_URL);
         |                ^
      31 |     
      32 |     // Wait for page to load completely
      33 |     await page.waitForLoadState('networkidle');
        at /Users/asithalakmal/Documents/web/final project/WeddingLK-next copy/tests/e2e/comprehensive-live-deployment.spec.ts:30:16

    attachment #1: screenshot (image/png) ──────────────────────────────────────────────────────────
    ../../test-results/comprehensive-live-deploym-caa8a----Complete-Gallery-Testing-firefox/test-failed-1.png
    ────────────────────────────────────────────────────────────────────────────────────────────────

    attachment #2: video (video/webm) ──────────────────────────────────────────────────────────────
    ../../test-results/comprehensive-live-deploym-caa8a----Complete-Gallery-Testing-firefox/video.webm
    ────────────────────────────────────────────────────────────────────────────────────────────────
]]>
</failure>
<system-out>
<![CDATA[
[[ATTACHMENT|test-results/comprehensive-live-deploym-caa8a----Complete-Gallery-Testing-firefox/test-failed-1.png]]

[[ATTACHMENT|test-results/comprehensive-live-deploym-caa8a----Complete-Gallery-Testing-firefox/video.webm]]
]]>
</system-out>
</testcase>
<testcase name="🚀 COMPREHENSIVE LIVE DEPLOYMENT TESTING › 📊 DASHBOARD - Complete Dashboard Testing" classname="comprehensive-live-deployment.spec.ts" time="30.492">
<failure message="comprehensive-live-deployment.spec.ts:329:7 📊 DASHBOARD - Complete Dashboard Testing" type="FAILURE">
<![CDATA[  [firefox] › comprehensive-live-deployment.spec.ts:329:7 › 🚀 COMPREHENSIVE LIVE DEPLOYMENT TESTING › 📊 DASHBOARD - Complete Dashboard Testing 

    Test timeout of 30000ms exceeded while running "beforeEach" hook.

      23 |
      24 | test.describe('🚀 COMPREHENSIVE LIVE DEPLOYMENT TESTING', () => {
    > 25 |   test.beforeEach(async ({ page }) => {
         |        ^
      26 |     // Set longer timeout for live testing
      27 |     test.setTimeout(TEST_TIMEOUT);
      28 |     
        at /Users/asithalakmal/Documents/web/final project/WeddingLK-next copy/tests/e2e/comprehensive-live-deployment.spec.ts:25:8

    Error: page.goto: Test timeout of 30000ms exceeded.
    Call log:
      - navigating to "https://wedding-lk.vercel.app/", waiting until "load"


      28 |     
      29 |     // Navigate to live deployment
    > 30 |     await page.goto(BASE_URL);
         |                ^
      31 |     
      32 |     // Wait for page to load completely
      33 |     await page.waitForLoadState('networkidle');
        at /Users/asithalakmal/Documents/web/final project/WeddingLK-next copy/tests/e2e/comprehensive-live-deployment.spec.ts:30:16

    attachment #1: screenshot (image/png) ──────────────────────────────────────────────────────────
    ../../test-results/comprehensive-live-deploym-06825--Complete-Dashboard-Testing-firefox/test-failed-1.png
    ────────────────────────────────────────────────────────────────────────────────────────────────

    attachment #2: video (video/webm) ──────────────────────────────────────────────────────────────
    ../../test-results/comprehensive-live-deploym-06825--Complete-Dashboard-Testing-firefox/video.webm
    ────────────────────────────────────────────────────────────────────────────────────────────────
]]>
</failure>
<system-out>
<![CDATA[
[[ATTACHMENT|test-results/comprehensive-live-deploym-06825--Complete-Dashboard-Testing-firefox/test-failed-1.png]]

[[ATTACHMENT|test-results/comprehensive-live-deploym-06825--Complete-Dashboard-Testing-firefox/video.webm]]
]]>
</system-out>
</testcase>
<testcase name="🚀 COMPREHENSIVE LIVE DEPLOYMENT TESTING › 🔧 API ENDPOINTS - Complete API Testing" classname="comprehensive-live-deployment.spec.ts" time="34.643">
<failure message="comprehensive-live-deployment.spec.ts:388:7 🔧 API ENDPOINTS - Complete API Testing" type="FAILURE">
<![CDATA[  [firefox] › comprehensive-live-deployment.spec.ts:388:7 › 🚀 COMPREHENSIVE LIVE DEPLOYMENT TESTING › 🔧 API ENDPOINTS - Complete API Testing 

    Test timeout of 30000ms exceeded while running "beforeEach" hook.

      23 |
      24 | test.describe('🚀 COMPREHENSIVE LIVE DEPLOYMENT TESTING', () => {
    > 25 |   test.beforeEach(async ({ page }) => {
         |        ^
      26 |     // Set longer timeout for live testing
      27 |     test.setTimeout(TEST_TIMEOUT);
      28 |     
        at /Users/asithalakmal/Documents/web/final project/WeddingLK-next copy/tests/e2e/comprehensive-live-deployment.spec.ts:25:8

    Error: page.goto: Test timeout of 30000ms exceeded.
    Call log:
      - navigating to "https://wedding-lk.vercel.app/", waiting until "load"


      28 |     
      29 |     // Navigate to live deployment
    > 30 |     await page.goto(BASE_URL);
         |                ^
      31 |     
      32 |     // Wait for page to load completely
      33 |     await page.waitForLoadState('networkidle');
        at /Users/asithalakmal/Documents/web/final project/WeddingLK-next copy/tests/e2e/comprehensive-live-deployment.spec.ts:30:16

    attachment #1: screenshot (image/png) ──────────────────────────────────────────────────────────
    ../../test-results/comprehensive-live-deploym-3e5dc-INTS---Complete-API-Testing-firefox/test-failed-1.png
    ────────────────────────────────────────────────────────────────────────────────────────────────

    attachment #2: video (video/webm) ──────────────────────────────────────────────────────────────
    ../../test-results/comprehensive-live-deploym-3e5dc-INTS---Complete-API-Testing-firefox/video.webm
    ────────────────────────────────────────────────────────────────────────────────────────────────

    Error Context: ../../test-results/comprehensive-live-deploym-3e5dc-INTS---Complete-API-Testing-firefox/error-context.md
]]>
</failure>
<system-out>
<![CDATA[
[[ATTACHMENT|test-results/comprehensive-live-deploym-3e5dc-INTS---Complete-API-Testing-firefox/test-failed-1.png]]

[[ATTACHMENT|test-results/comprehensive-live-deploym-3e5dc-INTS---Complete-API-Testing-firefox/video.webm]]

[[ATTACHMENT|test-results/comprehensive-live-deploym-3e5dc-INTS---Complete-API-Testing-firefox/error-context.md]]
]]>
</system-out>
</testcase>
<testcase name="🚀 COMPREHENSIVE LIVE DEPLOYMENT TESTING › 📱 RESPONSIVE DESIGN - Complete Mobile Testing" classname="comprehensive-live-deployment.spec.ts" time="36.007">
<failure message="comprehensive-live-deployment.spec.ts:414:7 📱 RESPONSIVE DESIGN - Complete Mobile Testing" type="FAILURE">
<![CDATA[  [firefox] › comprehensive-live-deployment.spec.ts:414:7 › 🚀 COMPREHENSIVE LIVE DEPLOYMENT TESTING › 📱 RESPONSIVE DESIGN - Complete Mobile Testing 

    Test timeout of 30000ms exceeded while running "beforeEach" hook.

      23 |
      24 | test.describe('🚀 COMPREHENSIVE LIVE DEPLOYMENT TESTING', () => {
    > 25 |   test.beforeEach(async ({ page }) => {
         |        ^
      26 |     // Set longer timeout for live testing
      27 |     test.setTimeout(TEST_TIMEOUT);
      28 |     
        at /Users/asithalakmal/Documents/web/final project/WeddingLK-next copy/tests/e2e/comprehensive-live-deployment.spec.ts:25:8

    Error: page.goto: Test timeout of 30000ms exceeded.
    Call log:
      - navigating to "https://wedding-lk.vercel.app/", waiting until "load"


      28 |     
      29 |     // Navigate to live deployment
    > 30 |     await page.goto(BASE_URL);
         |                ^
      31 |     
      32 |     // Wait for page to load completely
      33 |     await page.waitForLoadState('networkidle');
        at /Users/asithalakmal/Documents/web/final project/WeddingLK-next copy/tests/e2e/comprehensive-live-deployment.spec.ts:30:16

    attachment #1: video (video/webm) ──────────────────────────────────────────────────────────────
    ../../test-results/comprehensive-live-deploym-279a2-N---Complete-Mobile-Testing-firefox/video.webm
    ────────────────────────────────────────────────────────────────────────────────────────────────

    Error Context: ../../test-results/comprehensive-live-deploym-279a2-N---Complete-Mobile-Testing-firefox/error-context.md
]]>
</failure>
<system-out>
<![CDATA[
[[ATTACHMENT|test-results/comprehensive-live-deploym-279a2-N---Complete-Mobile-Testing-firefox/video.webm]]

[[ATTACHMENT|test-results/comprehensive-live-deploym-279a2-N---Complete-Mobile-Testing-firefox/error-context.md]]
]]>
</system-out>
</testcase>
<testcase name="🚀 COMPREHENSIVE LIVE DEPLOYMENT TESTING › 🎨 UI COMPONENTS - Complete Component Testing" classname="comprehensive-live-deployment.spec.ts" time="30.727">
<failure message="comprehensive-live-deployment.spec.ts:450:7 🎨 UI COMPONENTS - Complete Component Testing" type="FAILURE">
<![CDATA[  [firefox] › comprehensive-live-deployment.spec.ts:450:7 › 🚀 COMPREHENSIVE LIVE DEPLOYMENT TESTING › 🎨 UI COMPONENTS - Complete Component Testing 

    Test timeout of 30000ms exceeded while running "beforeEach" hook.

      23 |
      24 | test.describe('🚀 COMPREHENSIVE LIVE DEPLOYMENT TESTING', () => {
    > 25 |   test.beforeEach(async ({ page }) => {
         |        ^
      26 |     // Set longer timeout for live testing
      27 |     test.setTimeout(TEST_TIMEOUT);
      28 |     
        at /Users/asithalakmal/Documents/web/final project/WeddingLK-next copy/tests/e2e/comprehensive-live-deployment.spec.ts:25:8

    Error: page.goto: Test timeout of 30000ms exceeded.
    Call log:
      - navigating to "https://wedding-lk.vercel.app/", waiting until "load"


      28 |     
      29 |     // Navigate to live deployment
    > 30 |     await page.goto(BASE_URL);
         |                ^
      31 |     
      32 |     // Wait for page to load completely
      33 |     await page.waitForLoadState('networkidle');
        at /Users/asithalakmal/Documents/web/final project/WeddingLK-next copy/tests/e2e/comprehensive-live-deployment.spec.ts:30:16

    attachment #1: screenshot (image/png) ──────────────────────────────────────────────────────────
    ../../test-results/comprehensive-live-deploym-87362--Complete-Component-Testing-firefox/test-failed-1.png
    ────────────────────────────────────────────────────────────────────────────────────────────────

    attachment #2: video (video/webm) ──────────────────────────────────────────────────────────────
    ../../test-results/comprehensive-live-deploym-87362--Complete-Component-Testing-firefox/video.webm
    ────────────────────────────────────────────────────────────────────────────────────────────────
]]>
</failure>
<system-out>
<![CDATA[
[[ATTACHMENT|test-results/comprehensive-live-deploym-87362--Complete-Component-Testing-firefox/test-failed-1.png]]

[[ATTACHMENT|test-results/comprehensive-live-deploym-87362--Complete-Component-Testing-firefox/video.webm]]
]]>
</system-out>
</testcase>
<testcase name="🚀 COMPREHENSIVE LIVE DEPLOYMENT TESTING › ⚡ PERFORMANCE - Complete Performance Testing" classname="comprehensive-live-deployment.spec.ts" time="32.327">
<failure message="comprehensive-live-deployment.spec.ts:485:7 ⚡ PERFORMANCE - Complete Performance Testing" type="FAILURE">
<![CDATA[  [firefox] › comprehensive-live-deployment.spec.ts:485:7 › 🚀 COMPREHENSIVE LIVE DEPLOYMENT TESTING › ⚡ PERFORMANCE - Complete Performance Testing 

    Test timeout of 30000ms exceeded while running "beforeEach" hook.

      23 |
      24 | test.describe('🚀 COMPREHENSIVE LIVE DEPLOYMENT TESTING', () => {
    > 25 |   test.beforeEach(async ({ page }) => {
         |        ^
      26 |     // Set longer timeout for live testing
      27 |     test.setTimeout(TEST_TIMEOUT);
      28 |     
        at /Users/asithalakmal/Documents/web/final project/WeddingLK-next copy/tests/e2e/comprehensive-live-deployment.spec.ts:25:8

    Error: page.goto: Test timeout of 30000ms exceeded.
    Call log:
      - navigating to "https://wedding-lk.vercel.app/", waiting until "load"


      28 |     
      29 |     // Navigate to live deployment
    > 30 |     await page.goto(BASE_URL);
         |                ^
      31 |     
      32 |     // Wait for page to load completely
      33 |     await page.waitForLoadState('networkidle');
        at /Users/asithalakmal/Documents/web/final project/WeddingLK-next copy/tests/e2e/comprehensive-live-deployment.spec.ts:30:16

    attachment #1: screenshot (image/png) ──────────────────────────────────────────────────────────
    ../../test-results/comprehensive-live-deploym-d0375-omplete-Performance-Testing-firefox/test-failed-1.png
    ────────────────────────────────────────────────────────────────────────────────────────────────

    attachment #2: video (video/webm) ──────────────────────────────────────────────────────────────
    ../../test-results/comprehensive-live-deploym-d0375-omplete-Performance-Testing-firefox/video.webm
    ────────────────────────────────────────────────────────────────────────────────────────────────

    Error Context: ../../test-results/comprehensive-live-deploym-d0375-omplete-Performance-Testing-firefox/error-context.md
]]>
</failure>
<system-out>
<![CDATA[
[[ATTACHMENT|test-results/comprehensive-live-deploym-d0375-omplete-Performance-Testing-firefox/test-failed-1.png]]

[[ATTACHMENT|test-results/comprehensive-live-deploym-d0375-omplete-Performance-Testing-firefox/video.webm]]

[[ATTACHMENT|test-results/comprehensive-live-deploym-d0375-omplete-Performance-Testing-firefox/error-context.md]]
]]>
</system-out>
</testcase>
<testcase name="🚀 COMPREHENSIVE LIVE DEPLOYMENT TESTING › 🔍 ERROR HANDLING - Complete Error Testing" classname="comprehensive-live-deployment.spec.ts" time="36.819">
<failure message="comprehensive-live-deployment.spec.ts:513:7 🔍 ERROR HANDLING - Complete Error Testing" type="FAILURE">
<![CDATA[  [firefox] › comprehensive-live-deployment.spec.ts:513:7 › 🚀 COMPREHENSIVE LIVE DEPLOYMENT TESTING › 🔍 ERROR HANDLING - Complete Error Testing 

    Test timeout of 30000ms exceeded while running "beforeEach" hook.

      23 |
      24 | test.describe('🚀 COMPREHENSIVE LIVE DEPLOYMENT TESTING', () => {
    > 25 |   test.beforeEach(async ({ page }) => {
         |        ^
      26 |     // Set longer timeout for live testing
      27 |     test.setTimeout(TEST_TIMEOUT);
      28 |     
        at /Users/asithalakmal/Documents/web/final project/WeddingLK-next copy/tests/e2e/comprehensive-live-deployment.spec.ts:25:8

    Error: page.goto: Test timeout of 30000ms exceeded.
    Call log:
      - navigating to "https://wedding-lk.vercel.app/", waiting until "load"


      28 |     
      29 |     // Navigate to live deployment
    > 30 |     await page.goto(BASE_URL);
         |                ^
      31 |     
      32 |     // Wait for page to load completely
      33 |     await page.waitForLoadState('networkidle');
        at /Users/asithalakmal/Documents/web/final project/WeddingLK-next copy/tests/e2e/comprehensive-live-deployment.spec.ts:30:16

    attachment #1: video (video/webm) ──────────────────────────────────────────────────────────────
    ../../test-results/comprehensive-live-deploym-608d6-NG---Complete-Error-Testing-firefox/video.webm
    ────────────────────────────────────────────────────────────────────────────────────────────────

    Error Context: ../../test-results/comprehensive-live-deploym-608d6-NG---Complete-Error-Testing-firefox/error-context.md
]]>
</failure>
<system-out>
<![CDATA[
[[ATTACHMENT|test-results/comprehensive-live-deploym-608d6-NG---Complete-Error-Testing-firefox/video.webm]]

[[ATTACHMENT|test-results/comprehensive-live-deploym-608d6-NG---Complete-Error-Testing-firefox/error-context.md]]
]]>
</system-out>
</testcase>
<testcase name="🚀 COMPREHENSIVE LIVE DEPLOYMENT TESTING › 🎯 FINAL INTEGRATION - Complete System Integration" classname="comprehensive-live-deployment.spec.ts" time="37.873">
<failure message="comprehensive-live-deployment.spec.ts:544:7 🎯 FINAL INTEGRATION - Complete System Integration" type="FAILURE">
<![CDATA[  [firefox] › comprehensive-live-deployment.spec.ts:544:7 › 🚀 COMPREHENSIVE LIVE DEPLOYMENT TESTING › 🎯 FINAL INTEGRATION - Complete System Integration 

    Test timeout of 30000ms exceeded while running "beforeEach" hook.

      23 |
      24 | test.describe('🚀 COMPREHENSIVE LIVE DEPLOYMENT TESTING', () => {
    > 25 |   test.beforeEach(async ({ page }) => {
         |        ^
      26 |     // Set longer timeout for live testing
      27 |     test.setTimeout(TEST_TIMEOUT);
      28 |     
        at /Users/asithalakmal/Documents/web/final project/WeddingLK-next copy/tests/e2e/comprehensive-live-deployment.spec.ts:25:8

    Error: page.goto: Test timeout of 30000ms exceeded.
    Call log:
      - navigating to "https://wedding-lk.vercel.app/", waiting until "load"


      28 |     
      29 |     // Navigate to live deployment
    > 30 |     await page.goto(BASE_URL);
         |                ^
      31 |     
      32 |     // Wait for page to load completely
      33 |     await page.waitForLoadState('networkidle');
        at /Users/asithalakmal/Documents/web/final project/WeddingLK-next copy/tests/e2e/comprehensive-live-deployment.spec.ts:30:16

    attachment #1: video (video/webm) ──────────────────────────────────────────────────────────────
    ../../test-results/comprehensive-live-deploym-c7c0a-Complete-System-Integration-firefox/video.webm
    ────────────────────────────────────────────────────────────────────────────────────────────────

    Error Context: ../../test-results/comprehensive-live-deploym-c7c0a-Complete-System-Integration-firefox/error-context.md
]]>
</failure>
<system-out>
<![CDATA[
[[ATTACHMENT|test-results/comprehensive-live-deploym-c7c0a-Complete-System-Integration-firefox/video.webm]]

[[ATTACHMENT|test-results/comprehensive-live-deploym-c7c0a-Complete-System-Integration-firefox/error-context.md]]
]]>
</system-out>
</testcase>
<testcase name="🚀 LIVE DEPLOYMENT STRESS TESTING › ⚡ STRESS TEST - Multiple Concurrent Operations" classname="comprehensive-live-deployment.spec.ts" time="120.806">
<failure message="comprehensive-live-deployment.spec.ts:584:7 ⚡ STRESS TEST - Multiple Concurrent Operations" type="FAILURE">
<![CDATA[  [firefox] › comprehensive-live-deployment.spec.ts:584:7 › 🚀 LIVE DEPLOYMENT STRESS TESTING › ⚡ STRESS TEST - Multiple Concurrent Operations 

    Test timeout of 120000ms exceeded.

    Error: page.waitForLoadState: Test timeout of 120000ms exceeded.

      591 |       for (const pagePath of pages) {
      592 |         await page.goto(`${BASE_URL}${pagePath}`);
    > 593 |         await page.waitForLoadState('networkidle');
          |                    ^
      594 |         await page.waitForTimeout(500);
      595 |       }
      596 |     }
        at /Users/asithalakmal/Documents/web/final project/WeddingLK-next copy/tests/e2e/comprehensive-live-deployment.spec.ts:593:20

    attachment #1: screenshot (image/png) ──────────────────────────────────────────────────────────
    ../../test-results/comprehensive-live-deploym-5eba8-tiple-Concurrent-Operations-firefox/test-failed-1.png
    ────────────────────────────────────────────────────────────────────────────────────────────────

    attachment #2: video (video/webm) ──────────────────────────────────────────────────────────────
    ../../test-results/comprehensive-live-deploym-5eba8-tiple-Concurrent-Operations-firefox/video.webm
    ────────────────────────────────────────────────────────────────────────────────────────────────

    Error Context: ../../test-results/comprehensive-live-deploym-5eba8-tiple-Concurrent-Operations-firefox/error-context.md
]]>
</failure>
<system-out>
<![CDATA[⚡ Running Stress Tests...

[[ATTACHMENT|test-results/comprehensive-live-deploym-5eba8-tiple-Concurrent-Operations-firefox/test-failed-1.png]]

[[ATTACHMENT|test-results/comprehensive-live-deploym-5eba8-tiple-Concurrent-Operations-firefox/video.webm]]

[[ATTACHMENT|test-results/comprehensive-live-deploym-5eba8-tiple-Concurrent-Operations-firefox/error-context.md]]
]]>
</system-out>
</testcase>
</testsuite>
<testsuite name="payment.spec.ts" timestamp="2025-10-23T12:57:57.279Z" hostname="firefox" tests="7" failures="7" skipped="0" time="490.918" errors="0">
<testcase name="Payment System › Stripe payment integration with mock" classname="payment.spec.ts" time="102.381">
<failure message="payment.spec.ts:5:7 Stripe payment integration with mock" type="FAILURE">
<![CDATA[  [firefox] › payment.spec.ts:5:7 › Payment System › Stripe payment integration with mock ──────────

    TimeoutError: page.fill: Timeout 60000ms exceeded.
    Call log:
      - waiting for locator('input[name="customerName"]')


      13 |     
      14 |     // Fill checkout form
    > 15 |     await page.fill('input[name="customerName"]', customer.name);
         |                ^
      16 |     await page.fill('input[name="customerEmail"]', customer.email);
      17 |     await page.fill('input[name="customerPhone"]', customer.phone);
      18 |     await page.fill('input[name="billingAddress"]', faker.location.streetAddress());
        at /Users/asithalakmal/Documents/web/final project/WeddingLK-next copy/tests/e2e/payment.spec.ts:15:16

    attachment #1: screenshot (image/png) ──────────────────────────────────────────────────────────
    ../../test-results/payment-Payment-System-Stripe-payment-integration-with-mock-firefox/test-failed-1.png
    ────────────────────────────────────────────────────────────────────────────────────────────────

    attachment #2: video (video/webm) ──────────────────────────────────────────────────────────────
    ../../test-results/payment-Payment-System-Stripe-payment-integration-with-mock-firefox/video.webm
    ────────────────────────────────────────────────────────────────────────────────────────────────

    Error Context: ../../test-results/payment-Payment-System-Stripe-payment-integration-with-mock-firefox/error-context.md
]]>
</failure>
<system-out>
<![CDATA[
[[ATTACHMENT|test-results/payment-Payment-System-Stripe-payment-integration-with-mock-firefox/test-failed-1.png]]

[[ATTACHMENT|test-results/payment-Payment-System-Stripe-payment-integration-with-mock-firefox/video.webm]]

[[ATTACHMENT|test-results/payment-Payment-System-Stripe-payment-integration-with-mock-firefox/error-context.md]]
]]>
</system-out>
</testcase>
<testcase name="Payment System › PayHere payment integration" classname="payment.spec.ts" time="74.654">
<failure message="payment.spec.ts:62:7 PayHere payment integration" type="FAILURE">
<![CDATA[  [firefox] › payment.spec.ts:62:7 › Payment System › PayHere payment integration ──────────────────

    TimeoutError: page.click: Timeout 60000ms exceeded.
    Call log:
      - waiting for locator('input[name="paymentMethod"][value="payhere"]')


      64 |     
      65 |     // Select PayHere payment method
    > 66 |     await page.click('input[name="paymentMethod"][value="payhere"]');
         |                ^
      67 |     
      68 |     // Mock PayHere payment
      69 |     await page.route('**/api/payments/payhere/create', route => {
        at /Users/asithalakmal/Documents/web/final project/WeddingLK-next copy/tests/e2e/payment.spec.ts:66:16

    attachment #1: screenshot (image/png) ──────────────────────────────────────────────────────────
    ../../test-results/payment-Payment-System-PayHere-payment-integration-firefox/test-failed-1.png
    ────────────────────────────────────────────────────────────────────────────────────────────────

    attachment #2: video (video/webm) ──────────────────────────────────────────────────────────────
    ../../test-results/payment-Payment-System-PayHere-payment-integration-firefox/video.webm
    ────────────────────────────────────────────────────────────────────────────────────────────────

    Error Context: ../../test-results/payment-Payment-System-PayHere-payment-integration-firefox/error-context.md
]]>
</failure>
<system-out>
<![CDATA[
[[ATTACHMENT|test-results/payment-Payment-System-PayHere-payment-integration-firefox/test-failed-1.png]]

[[ATTACHMENT|test-results/payment-Payment-System-PayHere-payment-integration-firefox/video.webm]]

[[ATTACHMENT|test-results/payment-Payment-System-PayHere-payment-integration-firefox/error-context.md]]
]]>
</system-out>
</testcase>
<testcase name="Payment System › Payment failure handling" classname="payment.spec.ts" time="83.494">
<failure message="payment.spec.ts:101:7 Payment failure handling" type="FAILURE">
<![CDATA[  [firefox] › payment.spec.ts:101:7 › Payment System › Payment failure handling ────────────────────

    TimeoutError: page.fill: Timeout 60000ms exceeded.
    Call log:
      - waiting for locator('input[name="cardNumber"]')


      114 |     });
      115 |
    > 116 |     await page.fill('input[name="cardNumber"]', '4000000000000002'); // Declined card
          |                ^
      117 |     await page.fill('input[name="expiryDate"]', '12/25');
      118 |     await page.fill('input[name="cvv"]', '123');
      119 |     
        at /Users/asithalakmal/Documents/web/final project/WeddingLK-next copy/tests/e2e/payment.spec.ts:116:16

    attachment #1: screenshot (image/png) ──────────────────────────────────────────────────────────
    ../../test-results/payment-Payment-System-Payment-failure-handling-firefox/test-failed-1.png
    ────────────────────────────────────────────────────────────────────────────────────────────────

    attachment #2: video (video/webm) ──────────────────────────────────────────────────────────────
    ../../test-results/payment-Payment-System-Payment-failure-handling-firefox/video.webm
    ────────────────────────────────────────────────────────────────────────────────────────────────

    Error Context: ../../test-results/payment-Payment-System-Payment-failure-handling-firefox/error-context.md
]]>
</failure>
<system-out>
<![CDATA[
[[ATTACHMENT|test-results/payment-Payment-System-Payment-failure-handling-firefox/test-failed-1.png]]

[[ATTACHMENT|test-results/payment-Payment-System-Payment-failure-handling-firefox/video.webm]]

[[ATTACHMENT|test-results/payment-Payment-System-Payment-failure-handling-firefox/error-context.md]]
]]>
</system-out>
</testcase>
<testcase name="Payment System › Payment refund processing" classname="payment.spec.ts" time="71.493">
<failure message="payment.spec.ts:126:7 Payment refund processing" type="FAILURE">
<![CDATA[  [firefox] › payment.spec.ts:126:7 › Payment System › Payment refund processing ───────────────────

    TimeoutError: page.fill: Timeout 60000ms exceeded.
    Call log:
      - waiting for locator('input[name="email"]')


      127 |     // Login as admin
      128 |     await page.goto('/auth/signin');
    > 129 |     await page.fill('input[name="email"]', process.env.TEST_ADMIN_EMAIL || 'admin@test.local');
          |                ^
      130 |     await page.fill('input[name="password"]', process.env.TEST_ADMIN_PASSWORD || 'AdminPass123!');
      131 |     await page.click('button[type="submit"]');
      132 |     await expect(page).toHaveURL(/\/dashboard/);
        at /Users/asithalakmal/Documents/web/final project/WeddingLK-next copy/tests/e2e/payment.spec.ts:129:16

    attachment #1: screenshot (image/png) ──────────────────────────────────────────────────────────
    ../../test-results/payment-Payment-System-Payment-refund-processing-firefox/test-failed-1.png
    ────────────────────────────────────────────────────────────────────────────────────────────────

    attachment #2: video (video/webm) ──────────────────────────────────────────────────────────────
    ../../test-results/payment-Payment-System-Payment-refund-processing-firefox/video.webm
    ────────────────────────────────────────────────────────────────────────────────────────────────

    Error Context: ../../test-results/payment-Payment-System-Payment-refund-processing-firefox/error-context.md
]]>
</failure>
<system-out>
<![CDATA[
[[ATTACHMENT|test-results/payment-Payment-System-Payment-refund-processing-firefox/test-failed-1.png]]

[[ATTACHMENT|test-results/payment-Payment-System-Payment-refund-processing-firefox/video.webm]]

[[ATTACHMENT|test-results/payment-Payment-System-Payment-refund-processing-firefox/error-context.md]]
]]>
</system-out>
</testcase>
<testcase name="Payment System › Payment history and analytics" classname="payment.spec.ts" time="73.32">
<failure message="payment.spec.ts:173:7 Payment history and analytics" type="FAILURE">
<![CDATA[  [firefox] › payment.spec.ts:173:7 › Payment System › Payment history and analytics ───────────────

    TimeoutError: page.fill: Timeout 60000ms exceeded.
    Call log:
      - waiting for locator('input[name="email"]')


      174 |     // Login as customer
      175 |     await page.goto('/auth/signin');
    > 176 |     await page.fill('input[name="email"]', process.env.TEST_CUSTOMER_EMAIL || 'customer@test.local');
          |                ^
      177 |     await page.fill('input[name="password"]', process.env.TEST_CUSTOMER_PASSWORD || 'CustomerPass123!');
      178 |     await page.click('button[type="submit"]');
      179 |     await expect(page).toHaveURL(/\/dashboard/);
        at /Users/asithalakmal/Documents/web/final project/WeddingLK-next copy/tests/e2e/payment.spec.ts:176:16

    attachment #1: screenshot (image/png) ──────────────────────────────────────────────────────────
    ../../test-results/payment-Payment-System-Payment-history-and-analytics-firefox/test-failed-1.png
    ────────────────────────────────────────────────────────────────────────────────────────────────

    attachment #2: video (video/webm) ──────────────────────────────────────────────────────────────
    ../../test-results/payment-Payment-System-Payment-history-and-analytics-firefox/video.webm
    ────────────────────────────────────────────────────────────────────────────────────────────────

    Error Context: ../../test-results/payment-Payment-System-Payment-history-and-analytics-firefox/error-context.md
]]>
</failure>
<system-out>
<![CDATA[
[[ATTACHMENT|test-results/payment-Payment-System-Payment-history-and-analytics-firefox/test-failed-1.png]]

[[ATTACHMENT|test-results/payment-Payment-System-Payment-history-and-analytics-firefox/video.webm]]

[[ATTACHMENT|test-results/payment-Payment-System-Payment-history-and-analytics-firefox/error-context.md]]
]]>
</system-out>
</testcase>
<testcase name="Payment System › Subscription payment management" classname="payment.spec.ts" time="73.459">
<failure message="payment.spec.ts:195:7 Subscription payment management" type="FAILURE">
<![CDATA[  [firefox] › payment.spec.ts:195:7 › Payment System › Subscription payment management ─────────────

    TimeoutError: page.fill: Timeout 60000ms exceeded.
    Call log:
      - waiting for locator('input[name="email"]')


      196 |     // Login as vendor
      197 |     await page.goto('/auth/signin');
    > 198 |     await page.fill('input[name="email"]', process.env.TEST_VENDOR_EMAIL || 'vendor@test.local');
          |                ^
      199 |     await page.fill('input[name="password"]', process.env.TEST_VENDOR_PASSWORD || 'VendorPass123!');
      200 |     await page.click('button[type="submit"]');
      201 |     await expect(page).toHaveURL(/\/dashboard/);
        at /Users/asithalakmal/Documents/web/final project/WeddingLK-next copy/tests/e2e/payment.spec.ts:198:16

    attachment #1: screenshot (image/png) ──────────────────────────────────────────────────────────
    ../../test-results/payment-Payment-System-Subscription-payment-management-firefox/test-failed-1.png
    ────────────────────────────────────────────────────────────────────────────────────────────────

    attachment #2: video (video/webm) ──────────────────────────────────────────────────────────────
    ../../test-results/payment-Payment-System-Subscription-payment-management-firefox/video.webm
    ────────────────────────────────────────────────────────────────────────────────────────────────

    Error Context: ../../test-results/payment-Payment-System-Subscription-payment-management-firefox/error-context.md
]]>
</failure>
<system-out>
<![CDATA[
[[ATTACHMENT|test-results/payment-Payment-System-Subscription-payment-management-firefox/test-failed-1.png]]

[[ATTACHMENT|test-results/payment-Payment-System-Subscription-payment-management-firefox/video.webm]]

[[ATTACHMENT|test-results/payment-Payment-System-Subscription-payment-management-firefox/error-context.md]]
]]>
</system-out>
</testcase>
<testcase name="Payment System › Payment webhook handling" classname="payment.spec.ts" time="12.117">
<failure message="payment.spec.ts:231:7 Payment webhook handling" type="FAILURE">
<![CDATA[  [firefox] › payment.spec.ts:231:7 › Payment System › Payment webhook handling ────────────────────

    Error: expect(received).toBeTruthy()

    Received: false

      245 |     });
      246 |     
    > 247 |     expect(webhookResponse.ok()).toBeTruthy();
          |                                  ^
      248 |   });
      249 | });
      250 |
        at /Users/asithalakmal/Documents/web/final project/WeddingLK-next copy/tests/e2e/payment.spec.ts:247:34

    attachment #1: screenshot (image/png) ──────────────────────────────────────────────────────────
    ../../test-results/payment-Payment-System-Payment-webhook-handling-firefox/test-failed-1.png
    ────────────────────────────────────────────────────────────────────────────────────────────────

    attachment #2: video (video/webm) ──────────────────────────────────────────────────────────────
    ../../test-results/payment-Payment-System-Payment-webhook-handling-firefox/video.webm
    ────────────────────────────────────────────────────────────────────────────────────────────────
]]>
</failure>
<system-out>
<![CDATA[
[[ATTACHMENT|test-results/payment-Payment-System-Payment-webhook-handling-firefox/test-failed-1.png]]

[[ATTACHMENT|test-results/payment-Payment-System-Payment-webhook-handling-firefox/video.webm]]
]]>
</system-out>
</testcase>
</testsuite>
<testsuite name="production.spec.ts" timestamp="2025-10-23T12:57:57.279Z" hostname="firefox" tests="6" failures="2" skipped="0" time="137.635" errors="0">
<testcase name="Production Site Tests › Homepage loads correctly" classname="production.spec.ts" time="19.815">
</testcase>
<testcase name="Production Site Tests › Navigation works correctly" classname="production.spec.ts" time="25.896">
</testcase>
<testcase name="Production Site Tests › Search functionality is present" classname="production.spec.ts" time="51.58">
<failure message="production.spec.ts:37:7 Search functionality is present" type="FAILURE">
<![CDATA[  [firefox] › production.spec.ts:37:7 › Production Site Tests › Search functionality is present ────

    Error: expect(locator).toBeVisible() failed

    Locator: locator('input[placeholder*="dream wedding"]')
    Expected: visible
    Timeout: 30000ms
    Error: element(s) not found

    Call log:
      - Expect "toBeVisible" with timeout 30000ms
      - waiting for locator('input[placeholder*="dream wedding"]')


      39 |     
      40 |     // Check that the search input is present (try different placeholder text)
    > 41 |     await expect(page.locator('input[placeholder*="dream wedding"]')).toBeVisible();
         |                                                                       ^
      42 |     
      43 |     // Check that the search button is present
      44 |     await expect(page.locator('button:has-text("Find My Perfect Wedding")')).toBeVisible();
        at /Users/asithalakmal/Documents/web/final project/WeddingLK-next copy/tests/e2e/production.spec.ts:41:71

    attachment #1: screenshot (image/png) ──────────────────────────────────────────────────────────
    ../../test-results/production-Production-Site-101a3-ch-functionality-is-present-firefox/test-failed-1.png
    ────────────────────────────────────────────────────────────────────────────────────────────────

    attachment #2: video (video/webm) ──────────────────────────────────────────────────────────────
    ../../test-results/production-Production-Site-101a3-ch-functionality-is-present-firefox/video.webm
    ────────────────────────────────────────────────────────────────────────────────────────────────

    Error Context: ../../test-results/production-Production-Site-101a3-ch-functionality-is-present-firefox/error-context.md
]]>
</failure>
<system-out>
<![CDATA[
[[ATTACHMENT|test-results/production-Production-Site-101a3-ch-functionality-is-present-firefox/test-failed-1.png]]

[[ATTACHMENT|test-results/production-Production-Site-101a3-ch-functionality-is-present-firefox/video.webm]]

[[ATTACHMENT|test-results/production-Production-Site-101a3-ch-functionality-is-present-firefox/error-context.md]]
]]>
</system-out>
</testcase>
<testcase name="Production Site Tests › Footer links are present" classname="production.spec.ts" time="12.053">
<failure message="production.spec.ts:47:7 Footer links are present" type="FAILURE">
<![CDATA[  [firefox] › production.spec.ts:47:7 › Production Site Tests › Footer links are present ───────────

    Error: expect(locator).toBeVisible() failed

    Locator: locator('footer a[href="/about"], footer a[href="/contact"]')
    Expected: visible
    Error: strict mode violation: locator('footer a[href="/about"], footer a[href="/contact"]') resolved to 2 elements:
        1) <a href="/about" class="hover:text-white transition-colors">About</a> aka getByRole('main').getByRole('link', { name: 'About' })
        2) <a href="/contact" class="hover:text-white transition-colors">Contact</a> aka getByRole('link', { name: 'Contact', exact: true })

    Call log:
      - Expect "toBeVisible" with timeout 30000ms
      - waiting for locator('footer a[href="/about"], footer a[href="/contact"]')


      56 |     await expect(page.locator('footer a[href="/gallery"]')).toBeVisible();
      57 |     // Check for about link in footer (may be in different section)
    > 58 |     await expect(page.locator('footer a[href="/about"], footer a[href="/contact"]')).toBeVisible();
         |                                                                                      ^
      59 |   });
      60 |
      61 |   test('Responsive design works', async ({ page }) => {
        at /Users/asithalakmal/Documents/web/final project/WeddingLK-next copy/tests/e2e/production.spec.ts:58:86

    attachment #1: screenshot (image/png) ──────────────────────────────────────────────────────────
    ../../test-results/production-Production-Site-Tests-Footer-links-are-present-firefox/test-failed-1.png
    ────────────────────────────────────────────────────────────────────────────────────────────────

    attachment #2: video (video/webm) ──────────────────────────────────────────────────────────────
    ../../test-results/production-Production-Site-Tests-Footer-links-are-present-firefox/video.webm
    ────────────────────────────────────────────────────────────────────────────────────────────────

    Error Context: ../../test-results/production-Production-Site-Tests-Footer-links-are-present-firefox/error-context.md
]]>
</failure>
<system-out>
<![CDATA[
[[ATTACHMENT|test-results/production-Production-Site-Tests-Footer-links-are-present-firefox/test-failed-1.png]]

[[ATTACHMENT|test-results/production-Production-Site-Tests-Footer-links-are-present-firefox/video.webm]]

[[ATTACHMENT|test-results/production-Production-Site-Tests-Footer-links-are-present-firefox/error-context.md]]
]]>
</system-out>
</testcase>
<testcase name="Production Site Tests › Responsive design works" classname="production.spec.ts" time="19.574">
</testcase>
<testcase name="Production Site Tests › Page metadata is correct" classname="production.spec.ts" time="8.717">
</testcase>
</testsuite>
<testsuite name="quick-verification.spec.ts" timestamp="2025-10-23T12:57:57.279Z" hostname="firefox" tests="6" failures="1" skipped="0" time="55.11" errors="0">
<testcase name="🚀 Quick Production Verification › Homepage loads and basic functionality works" classname="quick-verification.spec.ts" time="9.498">
</testcase>
<testcase name="🚀 Quick Production Verification › API endpoints are responding" classname="quick-verification.spec.ts" time="2.336">
</testcase>
<testcase name="🚀 Quick Production Verification › Database connection is working" classname="quick-verification.spec.ts" time="11.842">
</testcase>
<testcase name="🚀 Quick Production Verification › Navigation works correctly" classname="quick-verification.spec.ts" time="7.65">
</testcase>
<testcase name="🚀 Quick Production Verification › Page is responsive" classname="quick-verification.spec.ts" time="9.605">
</testcase>
<testcase name="🚀 Quick Production Verification › No critical JavaScript errors" classname="quick-verification.spec.ts" time="14.179">
<failure message="quick-verification.spec.ts:71:7 No critical JavaScript errors" type="FAILURE">
<![CDATA[  [firefox] › quick-verification.spec.ts:71:7 › 🚀 Quick Production Verification › No critical JavaScript errors 

    Error: expect(received).toHaveLength(expected)

    Expected length: 0
    Received length: 1
    Received array:  ["Error"]

       97 |         );
       98 |     
    >  99 |     expect(criticalErrors).toHaveLength(0);
          |                            ^
      100 |   });
      101 | });
      102 |
        at /Users/asithalakmal/Documents/web/final project/WeddingLK-next copy/tests/e2e/quick-verification.spec.ts:99:28

    attachment #1: screenshot (image/png) ──────────────────────────────────────────────────────────
    ../../test-results/quick-verification-🚀-Quic-e0dbb--critical-JavaScript-errors-firefox/test-failed-1.png
    ────────────────────────────────────────────────────────────────────────────────────────────────

    attachment #2: video (video/webm) ──────────────────────────────────────────────────────────────
    ../../test-results/quick-verification-🚀-Quic-e0dbb--critical-JavaScript-errors-firefox/video.webm
    ────────────────────────────────────────────────────────────────────────────────────────────────

    Error Context: ../../test-results/quick-verification-🚀-Quic-e0dbb--critical-JavaScript-errors-firefox/error-context.md
]]>
</failure>
<system-out>
<![CDATA[
[[ATTACHMENT|test-results/quick-verification-🚀-Quic-e0dbb--critical-JavaScript-errors-firefox/test-failed-1.png]]

[[ATTACHMENT|test-results/quick-verification-🚀-Quic-e0dbb--critical-JavaScript-errors-firefox/video.webm]]

[[ATTACHMENT|test-results/quick-verification-🚀-Quic-e0dbb--critical-JavaScript-errors-firefox/error-context.md]]
]]>
</system-out>
</testcase>
</testsuite>
<testsuite name="rbac-comprehensive.spec.ts" timestamp="2025-10-23T12:57:57.279Z" hostname="firefox" tests="28" failures="28" skipped="0" time="2227.847" errors="0">
<testcase name="🔐 User Role RBAC Tests › User Role - Allowed Access" classname="rbac-comprehensive.spec.ts" time="68.55">
<failure message="rbac-comprehensive.spec.ts:76:7 User Role - Allowed Access" type="FAILURE">
<![CDATA[  [firefox] › rbac-comprehensive.spec.ts:76:7 › 🔐 User Role RBAC Tests › User Role - Allowed Access 

    TimeoutError: page.fill: Timeout 60000ms exceeded.
    Call log:
      - waiting for locator('input[name="email"]')


      50 |   const user = testUsers[role];
      51 |   await page.goto('/auth/signin');
    > 52 |   await page.fill('input[name="email"]', user.email);
         |              ^
      53 |   await page.fill('input[name="password"]', user.password);
      54 |   await page.click('button[type="submit"]');
      55 |   await expect(page).toHaveURL(/\/dashboard/);
        at loginAsRole (/Users/asithalakmal/Documents/web/final project/WeddingLK-next copy/tests/e2e/rbac-comprehensive.spec.ts:52:14)
        at /Users/asithalakmal/Documents/web/final project/WeddingLK-next copy/tests/e2e/rbac-comprehensive.spec.ts:77:5

    attachment #1: screenshot (image/png) ──────────────────────────────────────────────────────────
    ../../test-results/rbac-comprehensive-🔐-User-6e635--User-Role---Allowed-Access-firefox/test-failed-1.png
    ────────────────────────────────────────────────────────────────────────────────────────────────

    attachment #2: video (video/webm) ──────────────────────────────────────────────────────────────
    ../../test-results/rbac-comprehensive-🔐-User-6e635--User-Role---Allowed-Access-firefox/video.webm
    ────────────────────────────────────────────────────────────────────────────────────────────────

    Error Context: ../../test-results/rbac-comprehensive-🔐-User-6e635--User-Role---Allowed-Access-firefox/error-context.md
]]>
</failure>
<system-out>
<![CDATA[
[[ATTACHMENT|test-results/rbac-comprehensive-🔐-User-6e635--User-Role---Allowed-Access-firefox/test-failed-1.png]]

[[ATTACHMENT|test-results/rbac-comprehensive-🔐-User-6e635--User-Role---Allowed-Access-firefox/video.webm]]

[[ATTACHMENT|test-results/rbac-comprehensive-🔐-User-6e635--User-Role---Allowed-Access-firefox/error-context.md]]
]]>
</system-out>
</testcase>
<testcase name="🔐 User Role RBAC Tests › User Role - Navigation Items Visibility" classname="rbac-comprehensive.spec.ts" time="70.834">
<failure message="rbac-comprehensive.spec.ts:106:7 User Role - Navigation Items Visibility" type="FAILURE">
<![CDATA[  [firefox] › rbac-comprehensive.spec.ts:106:7 › 🔐 User Role RBAC Tests › User Role - Navigation Items Visibility 

    TimeoutError: page.fill: Timeout 60000ms exceeded.
    Call log:
      - waiting for locator('input[name="email"]')


      50 |   const user = testUsers[role];
      51 |   await page.goto('/auth/signin');
    > 52 |   await page.fill('input[name="email"]', user.email);
         |              ^
      53 |   await page.fill('input[name="password"]', user.password);
      54 |   await page.click('button[type="submit"]');
      55 |   await expect(page).toHaveURL(/\/dashboard/);
        at loginAsRole (/Users/asithalakmal/Documents/web/final project/WeddingLK-next copy/tests/e2e/rbac-comprehensive.spec.ts:52:14)
        at /Users/asithalakmal/Documents/web/final project/WeddingLK-next copy/tests/e2e/rbac-comprehensive.spec.ts:107:5

    attachment #1: screenshot (image/png) ──────────────────────────────────────────────────────────
    ../../test-results/rbac-comprehensive-🔐-User-608d2-Navigation-Items-Visibility-firefox/test-failed-1.png
    ────────────────────────────────────────────────────────────────────────────────────────────────

    attachment #2: video (video/webm) ──────────────────────────────────────────────────────────────
    ../../test-results/rbac-comprehensive-🔐-User-608d2-Navigation-Items-Visibility-firefox/video.webm
    ────────────────────────────────────────────────────────────────────────────────────────────────

    Error Context: ../../test-results/rbac-comprehensive-🔐-User-608d2-Navigation-Items-Visibility-firefox/error-context.md
]]>
</failure>
<system-out>
<![CDATA[
[[ATTACHMENT|test-results/rbac-comprehensive-🔐-User-608d2-Navigation-Items-Visibility-firefox/test-failed-1.png]]

[[ATTACHMENT|test-results/rbac-comprehensive-🔐-User-608d2-Navigation-Items-Visibility-firefox/video.webm]]

[[ATTACHMENT|test-results/rbac-comprehensive-🔐-User-608d2-Navigation-Items-Visibility-firefox/error-context.md]]
]]>
</system-out>
</testcase>
<testcase name="🔐 User Role RBAC Tests › User Role - Feature Access Control" classname="rbac-comprehensive.spec.ts" time="69.508">
<failure message="rbac-comprehensive.spec.ts:126:7 User Role - Feature Access Control" type="FAILURE">
<![CDATA[  [firefox] › rbac-comprehensive.spec.ts:126:7 › 🔐 User Role RBAC Tests › User Role - Feature Access Control 

    TimeoutError: page.fill: Timeout 60000ms exceeded.
    Call log:
      - waiting for locator('input[name="email"]')


      50 |   const user = testUsers[role];
      51 |   await page.goto('/auth/signin');
    > 52 |   await page.fill('input[name="email"]', user.email);
         |              ^
      53 |   await page.fill('input[name="password"]', user.password);
      54 |   await page.click('button[type="submit"]');
      55 |   await expect(page).toHaveURL(/\/dashboard/);
        at loginAsRole (/Users/asithalakmal/Documents/web/final project/WeddingLK-next copy/tests/e2e/rbac-comprehensive.spec.ts:52:14)
        at /Users/asithalakmal/Documents/web/final project/WeddingLK-next copy/tests/e2e/rbac-comprehensive.spec.ts:127:5

    attachment #1: screenshot (image/png) ──────────────────────────────────────────────────────────
    ../../test-results/rbac-comprehensive-🔐-User-8f46f-le---Feature-Access-Control-firefox/test-failed-1.png
    ────────────────────────────────────────────────────────────────────────────────────────────────

    attachment #2: video (video/webm) ──────────────────────────────────────────────────────────────
    ../../test-results/rbac-comprehensive-🔐-User-8f46f-le---Feature-Access-Control-firefox/video.webm
    ────────────────────────────────────────────────────────────────────────────────────────────────

    Error Context: ../../test-results/rbac-comprehensive-🔐-User-8f46f-le---Feature-Access-Control-firefox/error-context.md
]]>
</failure>
<system-out>
<![CDATA[
[[ATTACHMENT|test-results/rbac-comprehensive-🔐-User-8f46f-le---Feature-Access-Control-firefox/test-failed-1.png]]

[[ATTACHMENT|test-results/rbac-comprehensive-🔐-User-8f46f-le---Feature-Access-Control-firefox/video.webm]]

[[ATTACHMENT|test-results/rbac-comprehensive-🔐-User-8f46f-le---Feature-Access-Control-firefox/error-context.md]]
]]>
</system-out>
</testcase>
<testcase name="🏢 Vendor Role RBAC Tests › Vendor Role - Allowed Access" classname="rbac-comprehensive.spec.ts" time="70.106">
<failure message="rbac-comprehensive.spec.ts:146:7 Vendor Role - Allowed Access" type="FAILURE">
<![CDATA[  [firefox] › rbac-comprehensive.spec.ts:146:7 › 🏢 Vendor Role RBAC Tests › Vendor Role - Allowed Access 

    TimeoutError: page.fill: Timeout 60000ms exceeded.
    Call log:
      - waiting for locator('input[name="email"]')


      50 |   const user = testUsers[role];
      51 |   await page.goto('/auth/signin');
    > 52 |   await page.fill('input[name="email"]', user.email);
         |              ^
      53 |   await page.fill('input[name="password"]', user.password);
      54 |   await page.click('button[type="submit"]');
      55 |   await expect(page).toHaveURL(/\/dashboard/);
        at loginAsRole (/Users/asithalakmal/Documents/web/final project/WeddingLK-next copy/tests/e2e/rbac-comprehensive.spec.ts:52:14)
        at /Users/asithalakmal/Documents/web/final project/WeddingLK-next copy/tests/e2e/rbac-comprehensive.spec.ts:147:5

    attachment #1: screenshot (image/png) ──────────────────────────────────────────────────────────
    ../../test-results/rbac-comprehensive-🏢-Vend-c71ca-endor-Role---Allowed-Access-firefox/test-failed-1.png
    ────────────────────────────────────────────────────────────────────────────────────────────────

    attachment #2: video (video/webm) ──────────────────────────────────────────────────────────────
    ../../test-results/rbac-comprehensive-🏢-Vend-c71ca-endor-Role---Allowed-Access-firefox/video.webm
    ────────────────────────────────────────────────────────────────────────────────────────────────

    Error Context: ../../test-results/rbac-comprehensive-🏢-Vend-c71ca-endor-Role---Allowed-Access-firefox/error-context.md
]]>
</failure>
<system-out>
<![CDATA[
[[ATTACHMENT|test-results/rbac-comprehensive-🏢-Vend-c71ca-endor-Role---Allowed-Access-firefox/test-failed-1.png]]

[[ATTACHMENT|test-results/rbac-comprehensive-🏢-Vend-c71ca-endor-Role---Allowed-Access-firefox/video.webm]]

[[ATTACHMENT|test-results/rbac-comprehensive-🏢-Vend-c71ca-endor-Role---Allowed-Access-firefox/error-context.md]]
]]>
</system-out>
</testcase>
<testcase name="🏢 Vendor Role RBAC Tests › Vendor Role - Navigation Items Visibility" classname="rbac-comprehensive.spec.ts" time="73.628">
<failure message="rbac-comprehensive.spec.ts:175:7 Vendor Role - Navigation Items Visibility" type="FAILURE">
<![CDATA[  [firefox] › rbac-comprehensive.spec.ts:175:7 › 🏢 Vendor Role RBAC Tests › Vendor Role - Navigation Items Visibility 

    TimeoutError: page.fill: Timeout 60000ms exceeded.
    Call log:
      - waiting for locator('input[name="email"]')


      50 |   const user = testUsers[role];
      51 |   await page.goto('/auth/signin');
    > 52 |   await page.fill('input[name="email"]', user.email);
         |              ^
      53 |   await page.fill('input[name="password"]', user.password);
      54 |   await page.click('button[type="submit"]');
      55 |   await expect(page).toHaveURL(/\/dashboard/);
        at loginAsRole (/Users/asithalakmal/Documents/web/final project/WeddingLK-next copy/tests/e2e/rbac-comprehensive.spec.ts:52:14)
        at /Users/asithalakmal/Documents/web/final project/WeddingLK-next copy/tests/e2e/rbac-comprehensive.spec.ts:176:5

    attachment #1: screenshot (image/png) ──────────────────────────────────────────────────────────
    ../../test-results/rbac-comprehensive-🏢-Vend-6301d-Navigation-Items-Visibility-firefox/test-failed-1.png
    ────────────────────────────────────────────────────────────────────────────────────────────────

    attachment #2: video (video/webm) ──────────────────────────────────────────────────────────────
    ../../test-results/rbac-comprehensive-🏢-Vend-6301d-Navigation-Items-Visibility-firefox/video.webm
    ────────────────────────────────────────────────────────────────────────────────────────────────

    Error Context: ../../test-results/rbac-comprehensive-🏢-Vend-6301d-Navigation-Items-Visibility-firefox/error-context.md
]]>
</failure>
<system-out>
<![CDATA[
[[ATTACHMENT|test-results/rbac-comprehensive-🏢-Vend-6301d-Navigation-Items-Visibility-firefox/test-failed-1.png]]

[[ATTACHMENT|test-results/rbac-comprehensive-🏢-Vend-6301d-Navigation-Items-Visibility-firefox/video.webm]]

[[ATTACHMENT|test-results/rbac-comprehensive-🏢-Vend-6301d-Navigation-Items-Visibility-firefox/error-context.md]]
]]>
</system-out>
</testcase>
<testcase name="🏢 Vendor Role RBAC Tests › Vendor Role - Feature Access Control" classname="rbac-comprehensive.spec.ts" time="73.365">
<failure message="rbac-comprehensive.spec.ts:196:7 Vendor Role - Feature Access Control" type="FAILURE">
<![CDATA[  [firefox] › rbac-comprehensive.spec.ts:196:7 › 🏢 Vendor Role RBAC Tests › Vendor Role - Feature Access Control 

    TimeoutError: page.fill: Timeout 60000ms exceeded.
    Call log:
      - waiting for locator('input[name="email"]')


      50 |   const user = testUsers[role];
      51 |   await page.goto('/auth/signin');
    > 52 |   await page.fill('input[name="email"]', user.email);
         |              ^
      53 |   await page.fill('input[name="password"]', user.password);
      54 |   await page.click('button[type="submit"]');
      55 |   await expect(page).toHaveURL(/\/dashboard/);
        at loginAsRole (/Users/asithalakmal/Documents/web/final project/WeddingLK-next copy/tests/e2e/rbac-comprehensive.spec.ts:52:14)
        at /Users/asithalakmal/Documents/web/final project/WeddingLK-next copy/tests/e2e/rbac-comprehensive.spec.ts:197:5

    attachment #1: screenshot (image/png) ──────────────────────────────────────────────────────────
    ../../test-results/rbac-comprehensive-🏢-Vend-6d7ff-le---Feature-Access-Control-firefox/test-failed-1.png
    ────────────────────────────────────────────────────────────────────────────────────────────────

    attachment #2: video (video/webm) ──────────────────────────────────────────────────────────────
    ../../test-results/rbac-comprehensive-🏢-Vend-6d7ff-le---Feature-Access-Control-firefox/video.webm
    ────────────────────────────────────────────────────────────────────────────────────────────────

    Error Context: ../../test-results/rbac-comprehensive-🏢-Vend-6d7ff-le---Feature-Access-Control-firefox/error-context.md
]]>
</failure>
<system-out>
<![CDATA[
[[ATTACHMENT|test-results/rbac-comprehensive-🏢-Vend-6d7ff-le---Feature-Access-Control-firefox/test-failed-1.png]]

[[ATTACHMENT|test-results/rbac-comprehensive-🏢-Vend-6d7ff-le---Feature-Access-Control-firefox/video.webm]]

[[ATTACHMENT|test-results/rbac-comprehensive-🏢-Vend-6d7ff-le---Feature-Access-Control-firefox/error-context.md]]
]]>
</system-out>
</testcase>
<testcase name="👥 Wedding Planner Role RBAC Tests › Wedding Planner Role - Allowed Access" classname="rbac-comprehensive.spec.ts" time="81.263">
<failure message="rbac-comprehensive.spec.ts:220:7 Wedding Planner Role - Allowed Access" type="FAILURE">
<![CDATA[  [firefox] › rbac-comprehensive.spec.ts:220:7 › 👥 Wedding Planner Role RBAC Tests › Wedding Planner Role - Allowed Access 

    TimeoutError: page.fill: Timeout 60000ms exceeded.
    Call log:
      - waiting for locator('input[name="email"]')


      50 |   const user = testUsers[role];
      51 |   await page.goto('/auth/signin');
    > 52 |   await page.fill('input[name="email"]', user.email);
         |              ^
      53 |   await page.fill('input[name="password"]', user.password);
      54 |   await page.click('button[type="submit"]');
      55 |   await expect(page).toHaveURL(/\/dashboard/);
        at loginAsRole (/Users/asithalakmal/Documents/web/final project/WeddingLK-next copy/tests/e2e/rbac-comprehensive.spec.ts:52:14)
        at /Users/asithalakmal/Documents/web/final project/WeddingLK-next copy/tests/e2e/rbac-comprehensive.spec.ts:221:5

    attachment #1: screenshot (image/png) ──────────────────────────────────────────────────────────
    ../../test-results/rbac-comprehensive-👥-Wedd-e2018-anner-Role---Allowed-Access-firefox/test-failed-1.png
    ────────────────────────────────────────────────────────────────────────────────────────────────

    attachment #2: video (video/webm) ──────────────────────────────────────────────────────────────
    ../../test-results/rbac-comprehensive-👥-Wedd-e2018-anner-Role---Allowed-Access-firefox/video.webm
    ────────────────────────────────────────────────────────────────────────────────────────────────

    Error Context: ../../test-results/rbac-comprehensive-👥-Wedd-e2018-anner-Role---Allowed-Access-firefox/error-context.md
]]>
</failure>
<system-out>
<![CDATA[
[[ATTACHMENT|test-results/rbac-comprehensive-👥-Wedd-e2018-anner-Role---Allowed-Access-firefox/test-failed-1.png]]

[[ATTACHMENT|test-results/rbac-comprehensive-👥-Wedd-e2018-anner-Role---Allowed-Access-firefox/video.webm]]

[[ATTACHMENT|test-results/rbac-comprehensive-👥-Wedd-e2018-anner-Role---Allowed-Access-firefox/error-context.md]]
]]>
</system-out>
</testcase>
<testcase name="👥 Wedding Planner Role RBAC Tests › Wedding Planner Role - Navigation Items Visibility" classname="rbac-comprehensive.spec.ts" time="113.273">
<failure message="rbac-comprehensive.spec.ts:249:7 Wedding Planner Role - Navigation Items Visibility" type="FAILURE">
<![CDATA[  [firefox] › rbac-comprehensive.spec.ts:249:7 › 👥 Wedding Planner Role RBAC Tests › Wedding Planner Role - Navigation Items Visibility 

    TimeoutError: page.fill: Timeout 60000ms exceeded.
    Call log:
      - waiting for locator('input[name="email"]')


      50 |   const user = testUsers[role];
      51 |   await page.goto('/auth/signin');
    > 52 |   await page.fill('input[name="email"]', user.email);
         |              ^
      53 |   await page.fill('input[name="password"]', user.password);
      54 |   await page.click('button[type="submit"]');
      55 |   await expect(page).toHaveURL(/\/dashboard/);
        at loginAsRole (/Users/asithalakmal/Documents/web/final project/WeddingLK-next copy/tests/e2e/rbac-comprehensive.spec.ts:52:14)
        at /Users/asithalakmal/Documents/web/final project/WeddingLK-next copy/tests/e2e/rbac-comprehensive.spec.ts:250:5

    attachment #1: screenshot (image/png) ──────────────────────────────────────────────────────────
    ../../test-results/rbac-comprehensive-👥-Wedd-a3027-Navigation-Items-Visibility-firefox/test-failed-1.png
    ────────────────────────────────────────────────────────────────────────────────────────────────

    attachment #2: video (video/webm) ──────────────────────────────────────────────────────────────
    ../../test-results/rbac-comprehensive-👥-Wedd-a3027-Navigation-Items-Visibility-firefox/video.webm
    ────────────────────────────────────────────────────────────────────────────────────────────────

    Error Context: ../../test-results/rbac-comprehensive-👥-Wedd-a3027-Navigation-Items-Visibility-firefox/error-context.md
]]>
</failure>
<system-out>
<![CDATA[
[[ATTACHMENT|test-results/rbac-comprehensive-👥-Wedd-a3027-Navigation-Items-Visibility-firefox/test-failed-1.png]]

[[ATTACHMENT|test-results/rbac-comprehensive-👥-Wedd-a3027-Navigation-Items-Visibility-firefox/video.webm]]

[[ATTACHMENT|test-results/rbac-comprehensive-👥-Wedd-a3027-Navigation-Items-Visibility-firefox/error-context.md]]
]]>
</system-out>
</testcase>
<testcase name="👥 Wedding Planner Role RBAC Tests › Wedding Planner Role - Feature Access Control" classname="rbac-comprehensive.spec.ts" time="89.1">
<failure message="rbac-comprehensive.spec.ts:270:7 Wedding Planner Role - Feature Access Control" type="FAILURE">
<![CDATA[  [firefox] › rbac-comprehensive.spec.ts:270:7 › 👥 Wedding Planner Role RBAC Tests › Wedding Planner Role - Feature Access Control 

    TimeoutError: page.fill: Timeout 60000ms exceeded.
    Call log:
      - waiting for locator('input[name="email"]')


      50 |   const user = testUsers[role];
      51 |   await page.goto('/auth/signin');
    > 52 |   await page.fill('input[name="email"]', user.email);
         |              ^
      53 |   await page.fill('input[name="password"]', user.password);
      54 |   await page.click('button[type="submit"]');
      55 |   await expect(page).toHaveURL(/\/dashboard/);
        at loginAsRole (/Users/asithalakmal/Documents/web/final project/WeddingLK-next copy/tests/e2e/rbac-comprehensive.spec.ts:52:14)
        at /Users/asithalakmal/Documents/web/final project/WeddingLK-next copy/tests/e2e/rbac-comprehensive.spec.ts:271:5

    attachment #1: screenshot (image/png) ──────────────────────────────────────────────────────────
    ../../test-results/rbac-comprehensive-👥-Wedd-afe80-le---Feature-Access-Control-firefox/test-failed-1.png
    ────────────────────────────────────────────────────────────────────────────────────────────────

    attachment #2: video (video/webm) ──────────────────────────────────────────────────────────────
    ../../test-results/rbac-comprehensive-👥-Wedd-afe80-le---Feature-Access-Control-firefox/video.webm
    ────────────────────────────────────────────────────────────────────────────────────────────────

    Error Context: ../../test-results/rbac-comprehensive-👥-Wedd-afe80-le---Feature-Access-Control-firefox/error-context.md
]]>
</failure>
<system-out>
<![CDATA[
[[ATTACHMENT|test-results/rbac-comprehensive-👥-Wedd-afe80-le---Feature-Access-Control-firefox/test-failed-1.png]]

[[ATTACHMENT|test-results/rbac-comprehensive-👥-Wedd-afe80-le---Feature-Access-Control-firefox/video.webm]]

[[ATTACHMENT|test-results/rbac-comprehensive-👥-Wedd-afe80-le---Feature-Access-Control-firefox/error-context.md]]
]]>
</system-out>
</testcase>
<testcase name="👑 Admin Role RBAC Tests › Admin Role - Allowed Access" classname="rbac-comprehensive.spec.ts" time="75.563">
<failure message="rbac-comprehensive.spec.ts:294:7 Admin Role - Allowed Access" type="FAILURE">
<![CDATA[  [firefox] › rbac-comprehensive.spec.ts:294:7 › 👑 Admin Role RBAC Tests › Admin Role - Allowed Access 

    TimeoutError: page.fill: Timeout 60000ms exceeded.
    Call log:
      - waiting for locator('input[name="email"]')


      50 |   const user = testUsers[role];
      51 |   await page.goto('/auth/signin');
    > 52 |   await page.fill('input[name="email"]', user.email);
         |              ^
      53 |   await page.fill('input[name="password"]', user.password);
      54 |   await page.click('button[type="submit"]');
      55 |   await expect(page).toHaveURL(/\/dashboard/);
        at loginAsRole (/Users/asithalakmal/Documents/web/final project/WeddingLK-next copy/tests/e2e/rbac-comprehensive.spec.ts:52:14)
        at /Users/asithalakmal/Documents/web/final project/WeddingLK-next copy/tests/e2e/rbac-comprehensive.spec.ts:295:5

    attachment #1: screenshot (image/png) ──────────────────────────────────────────────────────────
    ../../test-results/rbac-comprehensive-👑-Admi-1dca0-Admin-Role---Allowed-Access-firefox/test-failed-1.png
    ────────────────────────────────────────────────────────────────────────────────────────────────

    attachment #2: video (video/webm) ──────────────────────────────────────────────────────────────
    ../../test-results/rbac-comprehensive-👑-Admi-1dca0-Admin-Role---Allowed-Access-firefox/video.webm
    ────────────────────────────────────────────────────────────────────────────────────────────────

    Error Context: ../../test-results/rbac-comprehensive-👑-Admi-1dca0-Admin-Role---Allowed-Access-firefox/error-context.md
]]>
</failure>
<system-out>
<![CDATA[
[[ATTACHMENT|test-results/rbac-comprehensive-👑-Admi-1dca0-Admin-Role---Allowed-Access-firefox/test-failed-1.png]]

[[ATTACHMENT|test-results/rbac-comprehensive-👑-Admi-1dca0-Admin-Role---Allowed-Access-firefox/video.webm]]

[[ATTACHMENT|test-results/rbac-comprehensive-👑-Admi-1dca0-Admin-Role---Allowed-Access-firefox/error-context.md]]
]]>
</system-out>
</testcase>
<testcase name="👑 Admin Role RBAC Tests › Admin Role - Navigation Items Visibility" classname="rbac-comprehensive.spec.ts" time="70.791">
<failure message="rbac-comprehensive.spec.ts:323:7 Admin Role - Navigation Items Visibility" type="FAILURE">
<![CDATA[  [firefox] › rbac-comprehensive.spec.ts:323:7 › 👑 Admin Role RBAC Tests › Admin Role - Navigation Items Visibility 

    TimeoutError: page.fill: Timeout 60000ms exceeded.
    Call log:
      - waiting for locator('input[name="email"]')


      50 |   const user = testUsers[role];
      51 |   await page.goto('/auth/signin');
    > 52 |   await page.fill('input[name="email"]', user.email);
         |              ^
      53 |   await page.fill('input[name="password"]', user.password);
      54 |   await page.click('button[type="submit"]');
      55 |   await expect(page).toHaveURL(/\/dashboard/);
        at loginAsRole (/Users/asithalakmal/Documents/web/final project/WeddingLK-next copy/tests/e2e/rbac-comprehensive.spec.ts:52:14)
        at /Users/asithalakmal/Documents/web/final project/WeddingLK-next copy/tests/e2e/rbac-comprehensive.spec.ts:324:5

    attachment #1: screenshot (image/png) ──────────────────────────────────────────────────────────
    ../../test-results/rbac-comprehensive-👑-Admi-df4c3-Navigation-Items-Visibility-firefox/test-failed-1.png
    ────────────────────────────────────────────────────────────────────────────────────────────────

    attachment #2: video (video/webm) ──────────────────────────────────────────────────────────────
    ../../test-results/rbac-comprehensive-👑-Admi-df4c3-Navigation-Items-Visibility-firefox/video.webm
    ────────────────────────────────────────────────────────────────────────────────────────────────

    Error Context: ../../test-results/rbac-comprehensive-👑-Admi-df4c3-Navigation-Items-Visibility-firefox/error-context.md
]]>
</failure>
<system-out>
<![CDATA[
[[ATTACHMENT|test-results/rbac-comprehensive-👑-Admi-df4c3-Navigation-Items-Visibility-firefox/test-failed-1.png]]

[[ATTACHMENT|test-results/rbac-comprehensive-👑-Admi-df4c3-Navigation-Items-Visibility-firefox/video.webm]]

[[ATTACHMENT|test-results/rbac-comprehensive-👑-Admi-df4c3-Navigation-Items-Visibility-firefox/error-context.md]]
]]>
</system-out>
</testcase>
<testcase name="👑 Admin Role RBAC Tests › Admin Role - Feature Access Control" classname="rbac-comprehensive.spec.ts" time="84.271">
<failure message="rbac-comprehensive.spec.ts:346:7 Admin Role - Feature Access Control" type="FAILURE">
<![CDATA[  [firefox] › rbac-comprehensive.spec.ts:346:7 › 👑 Admin Role RBAC Tests › Admin Role - Feature Access Control 

    TimeoutError: page.fill: Timeout 60000ms exceeded.
    Call log:
      - waiting for locator('input[name="email"]')


      50 |   const user = testUsers[role];
      51 |   await page.goto('/auth/signin');
    > 52 |   await page.fill('input[name="email"]', user.email);
         |              ^
      53 |   await page.fill('input[name="password"]', user.password);
      54 |   await page.click('button[type="submit"]');
      55 |   await expect(page).toHaveURL(/\/dashboard/);
        at loginAsRole (/Users/asithalakmal/Documents/web/final project/WeddingLK-next copy/tests/e2e/rbac-comprehensive.spec.ts:52:14)
        at /Users/asithalakmal/Documents/web/final project/WeddingLK-next copy/tests/e2e/rbac-comprehensive.spec.ts:347:5

    attachment #1: screenshot (image/png) ──────────────────────────────────────────────────────────
    ../../test-results/rbac-comprehensive-👑-Admi-503af-le---Feature-Access-Control-firefox/test-failed-1.png
    ────────────────────────────────────────────────────────────────────────────────────────────────

    attachment #2: video (video/webm) ──────────────────────────────────────────────────────────────
    ../../test-results/rbac-comprehensive-👑-Admi-503af-le---Feature-Access-Control-firefox/video.webm
    ────────────────────────────────────────────────────────────────────────────────────────────────

    Error Context: ../../test-results/rbac-comprehensive-👑-Admi-503af-le---Feature-Access-Control-firefox/error-context.md
]]>
</failure>
<system-out>
<![CDATA[
[[ATTACHMENT|test-results/rbac-comprehensive-👑-Admi-503af-le---Feature-Access-Control-firefox/test-failed-1.png]]

[[ATTACHMENT|test-results/rbac-comprehensive-👑-Admi-503af-le---Feature-Access-Control-firefox/video.webm]]

[[ATTACHMENT|test-results/rbac-comprehensive-👑-Admi-503af-le---Feature-Access-Control-firefox/error-context.md]]
]]>
</system-out>
</testcase>
<testcase name="🔧 Maintainer Role RBAC Tests › Maintainer Role - Allowed Access" classname="rbac-comprehensive.spec.ts" time="103.251">
<failure message="rbac-comprehensive.spec.ts:372:7 Maintainer Role - Allowed Access" type="FAILURE">
<![CDATA[  [firefox] › rbac-comprehensive.spec.ts:372:7 › 🔧 Maintainer Role RBAC Tests › Maintainer Role - Allowed Access 

    TimeoutError: page.fill: Timeout 60000ms exceeded.
    Call log:
      - waiting for locator('input[name="email"]')


      50 |   const user = testUsers[role];
      51 |   await page.goto('/auth/signin');
    > 52 |   await page.fill('input[name="email"]', user.email);
         |              ^
      53 |   await page.fill('input[name="password"]', user.password);
      54 |   await page.click('button[type="submit"]');
      55 |   await expect(page).toHaveURL(/\/dashboard/);
        at loginAsRole (/Users/asithalakmal/Documents/web/final project/WeddingLK-next copy/tests/e2e/rbac-comprehensive.spec.ts:52:14)
        at /Users/asithalakmal/Documents/web/final project/WeddingLK-next copy/tests/e2e/rbac-comprehensive.spec.ts:373:5

    attachment #1: screenshot (image/png) ──────────────────────────────────────────────────────────
    ../../test-results/rbac-comprehensive-🔧-Main-a39b7-ainer-Role---Allowed-Access-firefox/test-failed-1.png
    ────────────────────────────────────────────────────────────────────────────────────────────────

    attachment #2: video (video/webm) ──────────────────────────────────────────────────────────────
    ../../test-results/rbac-comprehensive-🔧-Main-a39b7-ainer-Role---Allowed-Access-firefox/video.webm
    ────────────────────────────────────────────────────────────────────────────────────────────────

    Error Context: ../../test-results/rbac-comprehensive-🔧-Main-a39b7-ainer-Role---Allowed-Access-firefox/error-context.md
]]>
</failure>
<system-out>
<![CDATA[
[[ATTACHMENT|test-results/rbac-comprehensive-🔧-Main-a39b7-ainer-Role---Allowed-Access-firefox/test-failed-1.png]]

[[ATTACHMENT|test-results/rbac-comprehensive-🔧-Main-a39b7-ainer-Role---Allowed-Access-firefox/video.webm]]

[[ATTACHMENT|test-results/rbac-comprehensive-🔧-Main-a39b7-ainer-Role---Allowed-Access-firefox/error-context.md]]
]]>
</system-out>
</testcase>
<testcase name="🔧 Maintainer Role RBAC Tests › Maintainer Role - Debug Access" classname="rbac-comprehensive.spec.ts" time="78.812">
<failure message="rbac-comprehensive.spec.ts:406:7 Maintainer Role - Debug Access" type="FAILURE">
<![CDATA[  [firefox] › rbac-comprehensive.spec.ts:406:7 › 🔧 Maintainer Role RBAC Tests › Maintainer Role - Debug Access 

    TimeoutError: page.fill: Timeout 60000ms exceeded.
    Call log:
      - waiting for locator('input[name="email"]')


      50 |   const user = testUsers[role];
      51 |   await page.goto('/auth/signin');
    > 52 |   await page.fill('input[name="email"]', user.email);
         |              ^
      53 |   await page.fill('input[name="password"]', user.password);
      54 |   await page.click('button[type="submit"]');
      55 |   await expect(page).toHaveURL(/\/dashboard/);
        at loginAsRole (/Users/asithalakmal/Documents/web/final project/WeddingLK-next copy/tests/e2e/rbac-comprehensive.spec.ts:52:14)
        at /Users/asithalakmal/Documents/web/final project/WeddingLK-next copy/tests/e2e/rbac-comprehensive.spec.ts:407:5

    attachment #1: screenshot (image/png) ──────────────────────────────────────────────────────────
    ../../test-results/rbac-comprehensive-🔧-Main-5e06e-ntainer-Role---Debug-Access-firefox/test-failed-1.png
    ────────────────────────────────────────────────────────────────────────────────────────────────

    attachment #2: video (video/webm) ──────────────────────────────────────────────────────────────
    ../../test-results/rbac-comprehensive-🔧-Main-5e06e-ntainer-Role---Debug-Access-firefox/video.webm
    ────────────────────────────────────────────────────────────────────────────────────────────────

    Error Context: ../../test-results/rbac-comprehensive-🔧-Main-5e06e-ntainer-Role---Debug-Access-firefox/error-context.md
]]>
</failure>
<system-out>
<![CDATA[
[[ATTACHMENT|test-results/rbac-comprehensive-🔧-Main-5e06e-ntainer-Role---Debug-Access-firefox/test-failed-1.png]]

[[ATTACHMENT|test-results/rbac-comprehensive-🔧-Main-5e06e-ntainer-Role---Debug-Access-firefox/video.webm]]

[[ATTACHMENT|test-results/rbac-comprehensive-🔧-Main-5e06e-ntainer-Role---Debug-Access-firefox/error-context.md]]
]]>
</system-out>
</testcase>
<testcase name="🛡️ Middleware Route Protection Tests › Unauthenticated Access Protection" classname="rbac-comprehensive.spec.ts" time="72.475">
<failure message="rbac-comprehensive.spec.ts:420:7 Unauthenticated Access Protection" type="FAILURE">
<![CDATA[  [firefox] › rbac-comprehensive.spec.ts:420:7 › 🛡️ Middleware Route Protection Tests › Unauthenticated Access Protection 

    Error: expect(page).toHaveURL(expected) failed

    Expected pattern: /\/auth\/signin/
    Received string:  "https://wedding-lk.vercel.app/login?callbackUrl=%2Fdashboard"
    Timeout: 30000ms

    Call log:
      - Expect "toHaveURL" with timeout 30000ms
        33 × unexpected value "https://wedding-lk.vercel.app/login?callbackUrl=%2Fdashboard"


      431 |     for (const route of protectedRoutes) {
      432 |       await page.goto(route);
    > 433 |       await expect(page).toHaveURL(/\/auth\/signin/);
          |                          ^
      434 |     }
      435 |   });
      436 |
        at /Users/asithalakmal/Documents/web/final project/WeddingLK-next copy/tests/e2e/rbac-comprehensive.spec.ts:433:26

    attachment #1: screenshot (image/png) ──────────────────────────────────────────────────────────
    ../../test-results/rbac-comprehensive-🛡️-Mid-97211-enticated-Access-Protection-firefox/test-failed-1.png
    ────────────────────────────────────────────────────────────────────────────────────────────────

    attachment #2: video (video/webm) ──────────────────────────────────────────────────────────────
    ../../test-results/rbac-comprehensive-🛡️-Mid-97211-enticated-Access-Protection-firefox/video.webm
    ────────────────────────────────────────────────────────────────────────────────────────────────

    Error Context: ../../test-results/rbac-comprehensive-🛡️-Mid-97211-enticated-Access-Protection-firefox/error-context.md
]]>
</failure>
<system-out>
<![CDATA[
[[ATTACHMENT|test-results/rbac-comprehensive-🛡️-Mid-97211-enticated-Access-Protection-firefox/test-failed-1.png]]

[[ATTACHMENT|test-results/rbac-comprehensive-🛡️-Mid-97211-enticated-Access-Protection-firefox/video.webm]]

[[ATTACHMENT|test-results/rbac-comprehensive-🛡️-Mid-97211-enticated-Access-Protection-firefox/error-context.md]]
]]>
</system-out>
</testcase>
<testcase name="🛡️ Middleware Route Protection Tests › Role-Based Route Protection" classname="rbac-comprehensive.spec.ts" time="96.688">
<failure message="rbac-comprehensive.spec.ts:437:7 Role-Based Route Protection" type="FAILURE">
<![CDATA[  [firefox] › rbac-comprehensive.spec.ts:437:7 › 🛡️ Middleware Route Protection Tests › Role-Based Route Protection 

    TimeoutError: page.fill: Timeout 60000ms exceeded.
    Call log:
      - waiting for locator('input[name="email"]')


      50 |   const user = testUsers[role];
      51 |   await page.goto('/auth/signin');
    > 52 |   await page.fill('input[name="email"]', user.email);
         |              ^
      53 |   await page.fill('input[name="password"]', user.password);
      54 |   await page.click('button[type="submit"]');
      55 |   await expect(page).toHaveURL(/\/dashboard/);
        at loginAsRole (/Users/asithalakmal/Documents/web/final project/WeddingLK-next copy/tests/e2e/rbac-comprehensive.spec.ts:52:14)
        at /Users/asithalakmal/Documents/web/final project/WeddingLK-next copy/tests/e2e/rbac-comprehensive.spec.ts:439:5

    attachment #1: screenshot (image/png) ──────────────────────────────────────────────────────────
    ../../test-results/rbac-comprehensive-🛡️-Mid-4d0bc-Role-Based-Route-Protection-firefox/test-failed-1.png
    ────────────────────────────────────────────────────────────────────────────────────────────────

    attachment #2: video (video/webm) ──────────────────────────────────────────────────────────────
    ../../test-results/rbac-comprehensive-🛡️-Mid-4d0bc-Role-Based-Route-Protection-firefox/video.webm
    ────────────────────────────────────────────────────────────────────────────────────────────────

    Error Context: ../../test-results/rbac-comprehensive-🛡️-Mid-4d0bc-Role-Based-Route-Protection-firefox/error-context.md
]]>
</failure>
<system-out>
<![CDATA[
[[ATTACHMENT|test-results/rbac-comprehensive-🛡️-Mid-4d0bc-Role-Based-Route-Protection-firefox/test-failed-1.png]]

[[ATTACHMENT|test-results/rbac-comprehensive-🛡️-Mid-4d0bc-Role-Based-Route-Protection-firefox/video.webm]]

[[ATTACHMENT|test-results/rbac-comprehensive-🛡️-Mid-4d0bc-Role-Based-Route-Protection-firefox/error-context.md]]
]]>
</system-out>
</testcase>
<testcase name="🔌 API Endpoint Authorization Tests › API Authentication Requirements" classname="rbac-comprehensive.spec.ts" time="6.502">
<failure message="rbac-comprehensive.spec.ts:461:7 API Authentication Requirements" type="FAILURE">
<![CDATA[  [firefox] › rbac-comprehensive.spec.ts:461:7 › 🔌 API Endpoint Authorization Tests › API Authentication Requirements 

    Error: expect(received).toBe(expected) // Object.is equality

    Expected: 401
    Received: 200

      471 |     for (const endpoint of apiEndpoints) {
      472 |       const response = await page.request.get(endpoint);
    > 473 |       expect(response.status()).toBe(401);
          |                                 ^
      474 |     }
      475 |   });
      476 |
        at /Users/asithalakmal/Documents/web/final project/WeddingLK-next copy/tests/e2e/rbac-comprehensive.spec.ts:473:33

    attachment #1: screenshot (image/png) ──────────────────────────────────────────────────────────
    ../../test-results/rbac-comprehensive-🔌-API--57edd-Authentication-Requirements-firefox/test-failed-1.png
    ────────────────────────────────────────────────────────────────────────────────────────────────

    attachment #2: video (video/webm) ──────────────────────────────────────────────────────────────
    ../../test-results/rbac-comprehensive-🔌-API--57edd-Authentication-Requirements-firefox/video.webm
    ────────────────────────────────────────────────────────────────────────────────────────────────
]]>
</failure>
<system-out>
<![CDATA[
[[ATTACHMENT|test-results/rbac-comprehensive-🔌-API--57edd-Authentication-Requirements-firefox/test-failed-1.png]]

[[ATTACHMENT|test-results/rbac-comprehensive-🔌-API--57edd-Authentication-Requirements-firefox/video.webm]]
]]>
</system-out>
</testcase>
<testcase name="🔌 API Endpoint Authorization Tests › API Role-Based Authorization" classname="rbac-comprehensive.spec.ts" time="97.353">
<failure message="rbac-comprehensive.spec.ts:477:7 API Role-Based Authorization" type="FAILURE">
<![CDATA[  [firefox] › rbac-comprehensive.spec.ts:477:7 › 🔌 API Endpoint Authorization Tests › API Role-Based Authorization 

    TimeoutError: page.fill: Timeout 60000ms exceeded.
    Call log:
      - waiting for locator('input[name="email"]')


      50 |   const user = testUsers[role];
      51 |   await page.goto('/auth/signin');
    > 52 |   await page.fill('input[name="email"]', user.email);
         |              ^
      53 |   await page.fill('input[name="password"]', user.password);
      54 |   await page.click('button[type="submit"]');
      55 |   await expect(page).toHaveURL(/\/dashboard/);
        at loginAsRole (/Users/asithalakmal/Documents/web/final project/WeddingLK-next copy/tests/e2e/rbac-comprehensive.spec.ts:52:14)
        at /Users/asithalakmal/Documents/web/final project/WeddingLK-next copy/tests/e2e/rbac-comprehensive.spec.ts:479:5

    attachment #1: screenshot (image/png) ──────────────────────────────────────────────────────────
    ../../test-results/rbac-comprehensive-🔌-API--a5bf9-PI-Role-Based-Authorization-firefox/test-failed-1.png
    ────────────────────────────────────────────────────────────────────────────────────────────────

    attachment #2: video (video/webm) ──────────────────────────────────────────────────────────────
    ../../test-results/rbac-comprehensive-🔌-API--a5bf9-PI-Role-Based-Authorization-firefox/video.webm
    ────────────────────────────────────────────────────────────────────────────────────────────────

    Error Context: ../../test-results/rbac-comprehensive-🔌-API--a5bf9-PI-Role-Based-Authorization-firefox/error-context.md
]]>
</failure>
<system-out>
<![CDATA[
[[ATTACHMENT|test-results/rbac-comprehensive-🔌-API--a5bf9-PI-Role-Based-Authorization-firefox/test-failed-1.png]]

[[ATTACHMENT|test-results/rbac-comprehensive-🔌-API--a5bf9-PI-Role-Based-Authorization-firefox/video.webm]]

[[ATTACHMENT|test-results/rbac-comprehensive-🔌-API--a5bf9-PI-Role-Based-Authorization-firefox/error-context.md]]
]]>
</system-out>
</testcase>
<testcase name="🔌 API Endpoint Authorization Tests › API Permission-Based Authorization" classname="rbac-comprehensive.spec.ts" time="70.784">
<failure message="rbac-comprehensive.spec.ts:494:7 API Permission-Based Authorization" type="FAILURE">
<![CDATA[  [firefox] › rbac-comprehensive.spec.ts:494:7 › 🔌 API Endpoint Authorization Tests › API Permission-Based Authorization 

    TimeoutError: page.goto: Timeout 60000ms exceeded.
    Call log:
      - navigating to "https://wedding-lk.vercel.app/auth/signin", waiting until "load"


      49 | async function loginAsRole(page: any, role: keyof typeof testUsers) {
      50 |   const user = testUsers[role];
    > 51 |   await page.goto('/auth/signin');
         |              ^
      52 |   await page.fill('input[name="email"]', user.email);
      53 |   await page.fill('input[name="password"]', user.password);
      54 |   await page.click('button[type="submit"]');
        at loginAsRole (/Users/asithalakmal/Documents/web/final project/WeddingLK-next copy/tests/e2e/rbac-comprehensive.spec.ts:51:14)
        at /Users/asithalakmal/Documents/web/final project/WeddingLK-next copy/tests/e2e/rbac-comprehensive.spec.ts:496:11

    attachment #1: video (video/webm) ──────────────────────────────────────────────────────────────
    ../../test-results/rbac-comprehensive-🔌-API--eb92c-mission-Based-Authorization-firefox/video.webm
    ────────────────────────────────────────────────────────────────────────────────────────────────

    Error Context: ../../test-results/rbac-comprehensive-🔌-API--eb92c-mission-Based-Authorization-firefox/error-context.md
]]>
</failure>
<system-out>
<![CDATA[
[[ATTACHMENT|test-results/rbac-comprehensive-🔌-API--eb92c-mission-Based-Authorization-firefox/video.webm]]

[[ATTACHMENT|test-results/rbac-comprehensive-🔌-API--eb92c-mission-Based-Authorization-firefox/error-context.md]]
]]>
</system-out>
</testcase>
<testcase name="🎨 UI Component Visibility Tests › Dashboard Components Based on Role" classname="rbac-comprehensive.spec.ts" time="97.984">
<failure message="rbac-comprehensive.spec.ts:511:7 Dashboard Components Based on Role" type="FAILURE">
<![CDATA[  [firefox] › rbac-comprehensive.spec.ts:511:7 › 🎨 UI Component Visibility Tests › Dashboard Components Based on Role 

    TimeoutError: page.fill: Timeout 60000ms exceeded.
    Call log:
      - waiting for locator('input[name="email"]')


      50 |   const user = testUsers[role];
      51 |   await page.goto('/auth/signin');
    > 52 |   await page.fill('input[name="email"]', user.email);
         |              ^
      53 |   await page.fill('input[name="password"]', user.password);
      54 |   await page.click('button[type="submit"]');
      55 |   await expect(page).toHaveURL(/\/dashboard/);
        at loginAsRole (/Users/asithalakmal/Documents/web/final project/WeddingLK-next copy/tests/e2e/rbac-comprehensive.spec.ts:52:14)
        at /Users/asithalakmal/Documents/web/final project/WeddingLK-next copy/tests/e2e/rbac-comprehensive.spec.ts:513:5

    attachment #1: screenshot (image/png) ──────────────────────────────────────────────────────────
    ../../test-results/rbac-comprehensive-🎨-UI-C-12201-rd-Components-Based-on-Role-firefox/test-failed-1.png
    ────────────────────────────────────────────────────────────────────────────────────────────────

    attachment #2: video (video/webm) ──────────────────────────────────────────────────────────────
    ../../test-results/rbac-comprehensive-🎨-UI-C-12201-rd-Components-Based-on-Role-firefox/video.webm
    ────────────────────────────────────────────────────────────────────────────────────────────────

    Error Context: ../../test-results/rbac-comprehensive-🎨-UI-C-12201-rd-Components-Based-on-Role-firefox/error-context.md
]]>
</failure>
<system-out>
<![CDATA[
[[ATTACHMENT|test-results/rbac-comprehensive-🎨-UI-C-12201-rd-Components-Based-on-Role-firefox/test-failed-1.png]]

[[ATTACHMENT|test-results/rbac-comprehensive-🎨-UI-C-12201-rd-Components-Based-on-Role-firefox/video.webm]]

[[ATTACHMENT|test-results/rbac-comprehensive-🎨-UI-C-12201-rd-Components-Based-on-Role-firefox/error-context.md]]
]]>
</system-out>
</testcase>
<testcase name="🎨 UI Component Visibility Tests › Navigation Menu Based on Role" classname="rbac-comprehensive.spec.ts" time="86.536">
<failure message="rbac-comprehensive.spec.ts:525:7 Navigation Menu Based on Role" type="FAILURE">
<![CDATA[  [firefox] › rbac-comprehensive.spec.ts:525:7 › 🎨 UI Component Visibility Tests › Navigation Menu Based on Role 

    TimeoutError: page.fill: Timeout 60000ms exceeded.
    Call log:
      - waiting for locator('input[name="email"]')


      50 |   const user = testUsers[role];
      51 |   await page.goto('/auth/signin');
    > 52 |   await page.fill('input[name="email"]', user.email);
         |              ^
      53 |   await page.fill('input[name="password"]', user.password);
      54 |   await page.click('button[type="submit"]');
      55 |   await expect(page).toHaveURL(/\/dashboard/);
        at loginAsRole (/Users/asithalakmal/Documents/web/final project/WeddingLK-next copy/tests/e2e/rbac-comprehensive.spec.ts:52:14)
        at /Users/asithalakmal/Documents/web/final project/WeddingLK-next copy/tests/e2e/rbac-comprehensive.spec.ts:527:5

    attachment #1: screenshot (image/png) ──────────────────────────────────────────────────────────
    ../../test-results/rbac-comprehensive-🎨-UI-C-60cb7-vigation-Menu-Based-on-Role-firefox/test-failed-1.png
    ────────────────────────────────────────────────────────────────────────────────────────────────

    attachment #2: video (video/webm) ──────────────────────────────────────────────────────────────
    ../../test-results/rbac-comprehensive-🎨-UI-C-60cb7-vigation-Menu-Based-on-Role-firefox/video.webm
    ────────────────────────────────────────────────────────────────────────────────────────────────

    Error Context: ../../test-results/rbac-comprehensive-🎨-UI-C-60cb7-vigation-Menu-Based-on-Role-firefox/error-context.md
]]>
</failure>
<system-out>
<![CDATA[
[[ATTACHMENT|test-results/rbac-comprehensive-🎨-UI-C-60cb7-vigation-Menu-Based-on-Role-firefox/test-failed-1.png]]

[[ATTACHMENT|test-results/rbac-comprehensive-🎨-UI-C-60cb7-vigation-Menu-Based-on-Role-firefox/video.webm]]

[[ATTACHMENT|test-results/rbac-comprehensive-🎨-UI-C-60cb7-vigation-Menu-Based-on-Role-firefox/error-context.md]]
]]>
</system-out>
</testcase>
<testcase name="🎨 UI Component Visibility Tests › Action Buttons Based on Permissions" classname="rbac-comprehensive.spec.ts" time="103.424">
<failure message="rbac-comprehensive.spec.ts:539:7 Action Buttons Based on Permissions" type="FAILURE">
<![CDATA[  [firefox] › rbac-comprehensive.spec.ts:539:7 › 🎨 UI Component Visibility Tests › Action Buttons Based on Permissions 

    TimeoutError: page.fill: Timeout 60000ms exceeded.
    Call log:
      - waiting for locator('input[name="email"]')


      50 |   const user = testUsers[role];
      51 |   await page.goto('/auth/signin');
    > 52 |   await page.fill('input[name="email"]', user.email);
         |              ^
      53 |   await page.fill('input[name="password"]', user.password);
      54 |   await page.click('button[type="submit"]');
      55 |   await expect(page).toHaveURL(/\/dashboard/);
        at loginAsRole (/Users/asithalakmal/Documents/web/final project/WeddingLK-next copy/tests/e2e/rbac-comprehensive.spec.ts:52:14)
        at /Users/asithalakmal/Documents/web/final project/WeddingLK-next copy/tests/e2e/rbac-comprehensive.spec.ts:541:5

    attachment #1: screenshot (image/png) ──────────────────────────────────────────────────────────
    ../../test-results/rbac-comprehensive-🎨-UI-C-06271-uttons-Based-on-Permissions-firefox/test-failed-1.png
    ────────────────────────────────────────────────────────────────────────────────────────────────

    attachment #2: video (video/webm) ──────────────────────────────────────────────────────────────
    ../../test-results/rbac-comprehensive-🎨-UI-C-06271-uttons-Based-on-Permissions-firefox/video.webm
    ────────────────────────────────────────────────────────────────────────────────────────────────

    Error Context: ../../test-results/rbac-comprehensive-🎨-UI-C-06271-uttons-Based-on-Permissions-firefox/error-context.md
]]>
</failure>
<system-out>
<![CDATA[
[[ATTACHMENT|test-results/rbac-comprehensive-🎨-UI-C-06271-uttons-Based-on-Permissions-firefox/test-failed-1.png]]

[[ATTACHMENT|test-results/rbac-comprehensive-🎨-UI-C-06271-uttons-Based-on-Permissions-firefox/video.webm]]

[[ATTACHMENT|test-results/rbac-comprehensive-🎨-UI-C-06271-uttons-Based-on-Permissions-firefox/error-context.md]]
]]>
</system-out>
</testcase>
<testcase name="🔄 Role Switching and Session Management › Role-Based Session Persistence" classname="rbac-comprehensive.spec.ts" time="120.442">
<failure message="rbac-comprehensive.spec.ts:558:7 Role-Based Session Persistence" type="FAILURE">
<![CDATA[  [firefox] › rbac-comprehensive.spec.ts:558:7 › 🔄 Role Switching and Session Management › Role-Based Session Persistence 

    Test timeout of 120000ms exceeded.

    Error: page.fill: Test timeout of 120000ms exceeded.
    Call log:
      - waiting for locator('input[name="email"]')


      50 |   const user = testUsers[role];
      51 |   await page.goto('/auth/signin');
    > 52 |   await page.fill('input[name="email"]', user.email);
         |              ^
      53 |   await page.fill('input[name="password"]', user.password);
      54 |   await page.click('button[type="submit"]');
      55 |   await expect(page).toHaveURL(/\/dashboard/);
        at loginAsRole (/Users/asithalakmal/Documents/web/final project/WeddingLK-next copy/tests/e2e/rbac-comprehensive.spec.ts:52:14)
        at /Users/asithalakmal/Documents/web/final project/WeddingLK-next copy/tests/e2e/rbac-comprehensive.spec.ts:560:5

    attachment #1: screenshot (image/png) ──────────────────────────────────────────────────────────
    ../../test-results/rbac-comprehensive-🔄-Role-ddb92-e-Based-Session-Persistence-firefox/test-failed-1.png
    ────────────────────────────────────────────────────────────────────────────────────────────────

    attachment #2: video (video/webm) ──────────────────────────────────────────────────────────────
    ../../test-results/rbac-comprehensive-🔄-Role-ddb92-e-Based-Session-Persistence-firefox/video.webm
    ────────────────────────────────────────────────────────────────────────────────────────────────

    Error Context: ../../test-results/rbac-comprehensive-🔄-Role-ddb92-e-Based-Session-Persistence-firefox/error-context.md
]]>
</failure>
<system-out>
<![CDATA[
[[ATTACHMENT|test-results/rbac-comprehensive-🔄-Role-ddb92-e-Based-Session-Persistence-firefox/test-failed-1.png]]

[[ATTACHMENT|test-results/rbac-comprehensive-🔄-Role-ddb92-e-Based-Session-Persistence-firefox/video.webm]]

[[ATTACHMENT|test-results/rbac-comprehensive-🔄-Role-ddb92-e-Based-Session-Persistence-firefox/error-context.md]]
]]>
</system-out>
</testcase>
<testcase name="🔄 Role Switching and Session Management › Role-Based Data Filtering" classname="rbac-comprehensive.spec.ts" time="85.458">
<failure message="rbac-comprehensive.spec.ts:575:7 Role-Based Data Filtering" type="FAILURE">
<![CDATA[  [firefox] › rbac-comprehensive.spec.ts:575:7 › 🔄 Role Switching and Session Management › Role-Based Data Filtering 

    TimeoutError: page.fill: Timeout 60000ms exceeded.
    Call log:
      - waiting for locator('input[name="email"]')


      50 |   const user = testUsers[role];
      51 |   await page.goto('/auth/signin');
    > 52 |   await page.fill('input[name="email"]', user.email);
         |              ^
      53 |   await page.fill('input[name="password"]', user.password);
      54 |   await page.click('button[type="submit"]');
      55 |   await expect(page).toHaveURL(/\/dashboard/);
        at loginAsRole (/Users/asithalakmal/Documents/web/final project/WeddingLK-next copy/tests/e2e/rbac-comprehensive.spec.ts:52:14)
        at /Users/asithalakmal/Documents/web/final project/WeddingLK-next copy/tests/e2e/rbac-comprehensive.spec.ts:577:5

    attachment #1: screenshot (image/png) ──────────────────────────────────────────────────────────
    ../../test-results/rbac-comprehensive-🔄-Role-b4167-t-Role-Based-Data-Filtering-firefox/test-failed-1.png
    ────────────────────────────────────────────────────────────────────────────────────────────────

    attachment #2: video (video/webm) ──────────────────────────────────────────────────────────────
    ../../test-results/rbac-comprehensive-🔄-Role-b4167-t-Role-Based-Data-Filtering-firefox/video.webm
    ────────────────────────────────────────────────────────────────────────────────────────────────

    Error Context: ../../test-results/rbac-comprehensive-🔄-Role-b4167-t-Role-Based-Data-Filtering-firefox/error-context.md
]]>
</failure>
<system-out>
<![CDATA[
[[ATTACHMENT|test-results/rbac-comprehensive-🔄-Role-b4167-t-Role-Based-Data-Filtering-firefox/test-failed-1.png]]

[[ATTACHMENT|test-results/rbac-comprehensive-🔄-Role-b4167-t-Role-Based-Data-Filtering-firefox/video.webm]]

[[ATTACHMENT|test-results/rbac-comprehensive-🔄-Role-b4167-t-Role-Based-Data-Filtering-firefox/error-context.md]]
]]>
</system-out>
</testcase>
<testcase name="🚨 Security and Error Handling › Unauthorized Access Attempts" classname="rbac-comprehensive.spec.ts" time="48.083">
<failure message="rbac-comprehensive.spec.ts:589:7 Unauthorized Access Attempts" type="FAILURE">
<![CDATA[  [firefox] › rbac-comprehensive.spec.ts:589:7 › 🚨 Security and Error Handling › Unauthorized Access Attempts 

    Error: expect(page).toHaveURL(expected) failed

    Expected pattern: /\/auth\/signin/
    Received string:  "https://wedding-lk.vercel.app/login?callbackUrl=%2Fdashboard%2Fadmin"
    Timeout: 30000ms

    Call log:
      - Expect "toHaveURL" with timeout 30000ms
        33 × unexpected value "https://wedding-lk.vercel.app/login?callbackUrl=%2Fdashboard%2Fadmin"


      590 |     // Test direct URL access without authentication
      591 |     await page.goto('/dashboard/admin/users');
    > 592 |     await expect(page).toHaveURL(/\/auth\/signin/);
          |                        ^
      593 |     
      594 |     // Test role escalation attempts
      595 |     await loginAsRole(page, 'user');
        at /Users/asithalakmal/Documents/web/final project/WeddingLK-next copy/tests/e2e/rbac-comprehensive.spec.ts:592:24

    attachment #1: screenshot (image/png) ──────────────────────────────────────────────────────────
    ../../test-results/rbac-comprehensive-🚨-Secu-f1efc-nauthorized-Access-Attempts-firefox/test-failed-1.png
    ────────────────────────────────────────────────────────────────────────────────────────────────

    attachment #2: video (video/webm) ──────────────────────────────────────────────────────────────
    ../../test-results/rbac-comprehensive-🚨-Secu-f1efc-nauthorized-Access-Attempts-firefox/video.webm
    ────────────────────────────────────────────────────────────────────────────────────────────────

    Error Context: ../../test-results/rbac-comprehensive-🚨-Secu-f1efc-nauthorized-Access-Attempts-firefox/error-context.md
]]>
</failure>
<system-out>
<![CDATA[
[[ATTACHMENT|test-results/rbac-comprehensive-🚨-Secu-f1efc-nauthorized-Access-Attempts-firefox/test-failed-1.png]]

[[ATTACHMENT|test-results/rbac-comprehensive-🚨-Secu-f1efc-nauthorized-Access-Attempts-firefox/video.webm]]

[[ATTACHMENT|test-results/rbac-comprehensive-🚨-Secu-f1efc-nauthorized-Access-Attempts-firefox/error-context.md]]
]]>
</system-out>
</testcase>
<testcase name="🚨 Security and Error Handling › Permission Denied Handling" classname="rbac-comprehensive.spec.ts" time="73.026">
<failure message="rbac-comprehensive.spec.ts:600:7 Permission Denied Handling" type="FAILURE">
<![CDATA[  [firefox] › rbac-comprehensive.spec.ts:600:7 › 🚨 Security and Error Handling › Permission Denied Handling 

    TimeoutError: page.fill: Timeout 60000ms exceeded.
    Call log:
      - waiting for locator('input[name="email"]')


      50 |   const user = testUsers[role];
      51 |   await page.goto('/auth/signin');
    > 52 |   await page.fill('input[name="email"]', user.email);
         |              ^
      53 |   await page.fill('input[name="password"]', user.password);
      54 |   await page.click('button[type="submit"]');
      55 |   await expect(page).toHaveURL(/\/dashboard/);
        at loginAsRole (/Users/asithalakmal/Documents/web/final project/WeddingLK-next copy/tests/e2e/rbac-comprehensive.spec.ts:52:14)
        at /Users/asithalakmal/Documents/web/final project/WeddingLK-next copy/tests/e2e/rbac-comprehensive.spec.ts:602:5

    attachment #1: screenshot (image/png) ──────────────────────────────────────────────────────────
    ../../test-results/rbac-comprehensive-🚨-Secu-133ab--Permission-Denied-Handling-firefox/test-failed-1.png
    ────────────────────────────────────────────────────────────────────────────────────────────────

    attachment #2: video (video/webm) ──────────────────────────────────────────────────────────────
    ../../test-results/rbac-comprehensive-🚨-Secu-133ab--Permission-Denied-Handling-firefox/video.webm
    ────────────────────────────────────────────────────────────────────────────────────────────────

    Error Context: ../../test-results/rbac-comprehensive-🚨-Secu-133ab--Permission-Denied-Handling-firefox/error-context.md
]]>
</failure>
<system-out>
<![CDATA[
[[ATTACHMENT|test-results/rbac-comprehensive-🚨-Secu-133ab--Permission-Denied-Handling-firefox/test-failed-1.png]]

[[ATTACHMENT|test-results/rbac-comprehensive-🚨-Secu-133ab--Permission-Denied-Handling-firefox/video.webm]]

[[ATTACHMENT|test-results/rbac-comprehensive-🚨-Secu-133ab--Permission-Denied-Handling-firefox/error-context.md]]
]]>
</system-out>
</testcase>
<testcase name="📊 Analytics and Reporting RBAC › Role-Based Analytics Access" classname="rbac-comprehensive.spec.ts" time="72.405">
<failure message="rbac-comprehensive.spec.ts:615:7 Role-Based Analytics Access" type="FAILURE">
<![CDATA[  [firefox] › rbac-comprehensive.spec.ts:615:7 › 📊 Analytics and Reporting RBAC › Role-Based Analytics Access 

    TimeoutError: page.fill: Timeout 60000ms exceeded.
    Call log:
      - waiting for locator('input[name="email"]')


      50 |   const user = testUsers[role];
      51 |   await page.goto('/auth/signin');
    > 52 |   await page.fill('input[name="email"]', user.email);
         |              ^
      53 |   await page.fill('input[name="password"]', user.password);
      54 |   await page.click('button[type="submit"]');
      55 |   await expect(page).toHaveURL(/\/dashboard/);
        at loginAsRole (/Users/asithalakmal/Documents/web/final project/WeddingLK-next copy/tests/e2e/rbac-comprehensive.spec.ts:52:14)
        at /Users/asithalakmal/Documents/web/final project/WeddingLK-next copy/tests/e2e/rbac-comprehensive.spec.ts:617:5

    attachment #1: screenshot (image/png) ──────────────────────────────────────────────────────────
    ../../test-results/rbac-comprehensive-📊-Anal-803d8-Role-Based-Analytics-Access-firefox/test-failed-1.png
    ────────────────────────────────────────────────────────────────────────────────────────────────

    attachment #2: video (video/webm) ──────────────────────────────────────────────────────────────
    ../../test-results/rbac-comprehensive-📊-Anal-803d8-Role-Based-Analytics-Access-firefox/video.webm
    ────────────────────────────────────────────────────────────────────────────────────────────────

    Error Context: ../../test-results/rbac-comprehensive-📊-Anal-803d8-Role-Based-Analytics-Access-firefox/error-context.md
]]>
</failure>
<system-out>
<![CDATA[
[[ATTACHMENT|test-results/rbac-comprehensive-📊-Anal-803d8-Role-Based-Analytics-Access-firefox/test-failed-1.png]]

[[ATTACHMENT|test-results/rbac-comprehensive-📊-Anal-803d8-Role-Based-Analytics-Access-firefox/video.webm]]

[[ATTACHMENT|test-results/rbac-comprehensive-📊-Anal-803d8-Role-Based-Analytics-Access-firefox/error-context.md]]
]]>
</system-out>
</testcase>
<testcase name="📊 Analytics and Reporting RBAC › Data Visibility Based on Role" classname="rbac-comprehensive.spec.ts" time="74.372">
<failure message="rbac-comprehensive.spec.ts:635:7 Data Visibility Based on Role" type="FAILURE">
<![CDATA[  [firefox] › rbac-comprehensive.spec.ts:635:7 › 📊 Analytics and Reporting RBAC › Data Visibility Based on Role 

    TimeoutError: page.fill: Timeout 60000ms exceeded.
    Call log:
      - waiting for locator('input[name="email"]')


      50 |   const user = testUsers[role];
      51 |   await page.goto('/auth/signin');
    > 52 |   await page.fill('input[name="email"]', user.email);
         |              ^
      53 |   await page.fill('input[name="password"]', user.password);
      54 |   await page.click('button[type="submit"]');
      55 |   await expect(page).toHaveURL(/\/dashboard/);
        at loginAsRole (/Users/asithalakmal/Documents/web/final project/WeddingLK-next copy/tests/e2e/rbac-comprehensive.spec.ts:52:14)
        at /Users/asithalakmal/Documents/web/final project/WeddingLK-next copy/tests/e2e/rbac-comprehensive.spec.ts:637:5

    attachment #1: screenshot (image/png) ──────────────────────────────────────────────────────────
    ../../test-results/rbac-comprehensive-📊-Anal-f385e-ta-Visibility-Based-on-Role-firefox/test-failed-1.png
    ────────────────────────────────────────────────────────────────────────────────────────────────

    attachment #2: video (video/webm) ──────────────────────────────────────────────────────────────
    ../../test-results/rbac-comprehensive-📊-Anal-f385e-ta-Visibility-Based-on-Role-firefox/video.webm
    ────────────────────────────────────────────────────────────────────────────────────────────────

    Error Context: ../../test-results/rbac-comprehensive-📊-Anal-f385e-ta-Visibility-Based-on-Role-firefox/error-context.md
]]>
</failure>
<system-out>
<![CDATA[
[[ATTACHMENT|test-results/rbac-comprehensive-📊-Anal-f385e-ta-Visibility-Based-on-Role-firefox/test-failed-1.png]]

[[ATTACHMENT|test-results/rbac-comprehensive-📊-Anal-f385e-ta-Visibility-Based-on-Role-firefox/video.webm]]

[[ATTACHMENT|test-results/rbac-comprehensive-📊-Anal-f385e-ta-Visibility-Based-on-Role-firefox/error-context.md]]
]]>
</system-out>
</testcase>
</testsuite>
<testsuite name="realistic-live-deployment.spec.ts" timestamp="2025-10-23T12:57:57.279Z" hostname="firefox" tests="14" failures="10" skipped="0" time="767.786" errors="0">
<testcase name="🚀 REALISTIC LIVE DEPLOYMENT TESTING › 🏠 HOMEPAGE - Realistic Frontend Testing" classname="realistic-live-deployment.spec.ts" time="29.488">
<system-out>
<![CDATA[🏠 Testing Homepage Components...
✅ Homepage testing completed successfully
]]>
</system-out>
</testcase>
<testcase name="🚀 REALISTIC LIVE DEPLOYMENT TESTING › 🔐 AUTHENTICATION - Realistic Auth Flow Testing" classname="realistic-live-deployment.spec.ts" time="32.558">
<system-out>
<![CDATA[🔐 Testing Authentication System...
ℹ️ Login page structure different than expected
ℹ️ Registration page structure different than expected
✅ Authentication testing completed
]]>
</system-out>
</testcase>
<testcase name="🚀 REALISTIC LIVE DEPLOYMENT TESTING › 🏢 VENUES - Realistic Venue Testing" classname="realistic-live-deployment.spec.ts" time="63.273">
<failure message="realistic-live-deployment.spec.ts:122:7 🏢 VENUES - Realistic Venue Testing" type="FAILURE">
<![CDATA[  [firefox] › realistic-live-deployment.spec.ts:122:7 › 🚀 REALISTIC LIVE DEPLOYMENT TESTING › 🏢 VENUES - Realistic Venue Testing 

    Test timeout of 60000ms exceeded while running "beforeEach" hook.

       6 |
       7 | test.describe('🚀 REALISTIC LIVE DEPLOYMENT TESTING', () => {
    >  8 |   test.beforeEach(async ({ page }) => {
         |        ^
       9 |     // Set longer timeout for live testing
      10 |     test.setTimeout(60000);
      11 |     
        at /Users/asithalakmal/Documents/web/final project/WeddingLK-next copy/tests/e2e/realistic-live-deployment.spec.ts:8:8

    attachment #1: screenshot (image/png) ──────────────────────────────────────────────────────────
    ../../test-results/realistic-live-deployment--beeef-S---Realistic-Venue-Testing-firefox/test-failed-1.png
    ────────────────────────────────────────────────────────────────────────────────────────────────

    attachment #2: video (video/webm) ──────────────────────────────────────────────────────────────
    ../../test-results/realistic-live-deployment--beeef-S---Realistic-Venue-Testing-firefox/video.webm
    ────────────────────────────────────────────────────────────────────────────────────────────────

    Error Context: ../../test-results/realistic-live-deployment--beeef-S---Realistic-Venue-Testing-firefox/error-context.md
]]>
</failure>
<system-out>
<![CDATA[
[[ATTACHMENT|test-results/realistic-live-deployment--beeef-S---Realistic-Venue-Testing-firefox/test-failed-1.png]]

[[ATTACHMENT|test-results/realistic-live-deployment--beeef-S---Realistic-Venue-Testing-firefox/video.webm]]

[[ATTACHMENT|test-results/realistic-live-deployment--beeef-S---Realistic-Venue-Testing-firefox/error-context.md]]
]]>
</system-out>
</testcase>
<testcase name="🚀 REALISTIC LIVE DEPLOYMENT TESTING › 🏪 VENDORS - Realistic Vendor Testing" classname="realistic-live-deployment.spec.ts" time="62.185">
<failure message="realistic-live-deployment.spec.ts:154:7 🏪 VENDORS - Realistic Vendor Testing" type="FAILURE">
<![CDATA[  [firefox] › realistic-live-deployment.spec.ts:154:7 › 🚀 REALISTIC LIVE DEPLOYMENT TESTING › 🏪 VENDORS - Realistic Vendor Testing 

    Test timeout of 60000ms exceeded while running "beforeEach" hook.

       6 |
       7 | test.describe('🚀 REALISTIC LIVE DEPLOYMENT TESTING', () => {
    >  8 |   test.beforeEach(async ({ page }) => {
         |        ^
       9 |     // Set longer timeout for live testing
      10 |     test.setTimeout(60000);
      11 |     
        at /Users/asithalakmal/Documents/web/final project/WeddingLK-next copy/tests/e2e/realistic-live-deployment.spec.ts:8:8

    TimeoutError: page.goto: Timeout 60000ms exceeded.
    Call log:
      - navigating to "https://wedding-lk.vercel.app/", waiting until "load"


      11 |     
      12 |     // Navigate to live deployment
    > 13 |     await page.goto(BASE_URL);
         |                ^
      14 |     
      15 |     // Wait for page to load completely
      16 |     await page.waitForLoadState('networkidle');
        at /Users/asithalakmal/Documents/web/final project/WeddingLK-next copy/tests/e2e/realistic-live-deployment.spec.ts:13:16

    attachment #1: screenshot (image/png) ──────────────────────────────────────────────────────────
    ../../test-results/realistic-live-deployment--4a189----Realistic-Vendor-Testing-firefox/test-failed-1.png
    ────────────────────────────────────────────────────────────────────────────────────────────────

    attachment #2: video (video/webm) ──────────────────────────────────────────────────────────────
    ../../test-results/realistic-live-deployment--4a189----Realistic-Vendor-Testing-firefox/video.webm
    ────────────────────────────────────────────────────────────────────────────────────────────────

    Error Context: ../../test-results/realistic-live-deployment--4a189----Realistic-Vendor-Testing-firefox/error-context.md
]]>
</failure>
<system-out>
<![CDATA[
[[ATTACHMENT|test-results/realistic-live-deployment--4a189----Realistic-Vendor-Testing-firefox/test-failed-1.png]]

[[ATTACHMENT|test-results/realistic-live-deployment--4a189----Realistic-Vendor-Testing-firefox/video.webm]]

[[ATTACHMENT|test-results/realistic-live-deployment--4a189----Realistic-Vendor-Testing-firefox/error-context.md]]
]]>
</system-out>
</testcase>
<testcase name="🚀 REALISTIC LIVE DEPLOYMENT TESTING › 📱 FEED - Realistic Social Feed Testing" classname="realistic-live-deployment.spec.ts" time="63.038">
<failure message="realistic-live-deployment.spec.ts:178:7 📱 FEED - Realistic Social Feed Testing" type="FAILURE">
<![CDATA[  [firefox] › realistic-live-deployment.spec.ts:178:7 › 🚀 REALISTIC LIVE DEPLOYMENT TESTING › 📱 FEED - Realistic Social Feed Testing 

    Test timeout of 60000ms exceeded.

    Error: page.waitForLoadState: Test timeout of 60000ms exceeded.

      180 |     
      181 |     await page.goto(`${BASE_URL}/feed`);
    > 182 |     await page.waitForLoadState('networkidle');
          |                ^
      183 |     
      184 |     // Test feed page exists
      185 |     const feedTitle = page.locator('h1, h2, h3').filter({ hasText: /feed|social|post/i });
        at /Users/asithalakmal/Documents/web/final project/WeddingLK-next copy/tests/e2e/realistic-live-deployment.spec.ts:182:16

    attachment #1: screenshot (image/png) ──────────────────────────────────────────────────────────
    ../../test-results/realistic-live-deployment--cc334-alistic-Social-Feed-Testing-firefox/test-failed-1.png
    ────────────────────────────────────────────────────────────────────────────────────────────────

    attachment #2: video (video/webm) ──────────────────────────────────────────────────────────────
    ../../test-results/realistic-live-deployment--cc334-alistic-Social-Feed-Testing-firefox/video.webm
    ────────────────────────────────────────────────────────────────────────────────────────────────

    Error Context: ../../test-results/realistic-live-deployment--cc334-alistic-Social-Feed-Testing-firefox/error-context.md
]]>
</failure>
<system-out>
<![CDATA[📱 Testing Social Feed System...

[[ATTACHMENT|test-results/realistic-live-deployment--cc334-alistic-Social-Feed-Testing-firefox/test-failed-1.png]]

[[ATTACHMENT|test-results/realistic-live-deployment--cc334-alistic-Social-Feed-Testing-firefox/video.webm]]

[[ATTACHMENT|test-results/realistic-live-deployment--cc334-alistic-Social-Feed-Testing-firefox/error-context.md]]
]]>
</system-out>
</testcase>
<testcase name="🚀 REALISTIC LIVE DEPLOYMENT TESTING › 🖼️ GALLERY - Realistic Gallery Testing" classname="realistic-live-deployment.spec.ts" time="62.279">
<failure message="realistic-live-deployment.spec.ts:204:7 🖼️ GALLERY - Realistic Gallery Testing" type="FAILURE">
<![CDATA[  [firefox] › realistic-live-deployment.spec.ts:204:7 › 🚀 REALISTIC LIVE DEPLOYMENT TESTING › 🖼️ GALLERY - Realistic Gallery Testing 

    Test timeout of 60000ms exceeded.

    Error: page.goto: Test timeout of 60000ms exceeded.
    Call log:
      - navigating to "https://wedding-lk.vercel.app/gallery", waiting until "load"


      205 |     console.log('🖼️ Testing Gallery System...');
      206 |     
    > 207 |     await page.goto(`${BASE_URL}/gallery`);
          |                ^
      208 |     await page.waitForLoadState('networkidle');
      209 |     
      210 |     // Test gallery page exists - check for main gallery heading specifically
        at /Users/asithalakmal/Documents/web/final project/WeddingLK-next copy/tests/e2e/realistic-live-deployment.spec.ts:207:16

    attachment #1: screenshot (image/png) ──────────────────────────────────────────────────────────
    ../../test-results/realistic-live-deployment--c1803---Realistic-Gallery-Testing-firefox/test-failed-1.png
    ────────────────────────────────────────────────────────────────────────────────────────────────

    attachment #2: video (video/webm) ──────────────────────────────────────────────────────────────
    ../../test-results/realistic-live-deployment--c1803---Realistic-Gallery-Testing-firefox/video.webm
    ────────────────────────────────────────────────────────────────────────────────────────────────

    Error Context: ../../test-results/realistic-live-deployment--c1803---Realistic-Gallery-Testing-firefox/error-context.md
]]>
</failure>
<system-out>
<![CDATA[🖼️ Testing Gallery System...

[[ATTACHMENT|test-results/realistic-live-deployment--c1803---Realistic-Gallery-Testing-firefox/test-failed-1.png]]

[[ATTACHMENT|test-results/realistic-live-deployment--c1803---Realistic-Gallery-Testing-firefox/video.webm]]

[[ATTACHMENT|test-results/realistic-live-deployment--c1803---Realistic-Gallery-Testing-firefox/error-context.md]]
]]>
</system-out>
</testcase>
<testcase name="🚀 REALISTIC LIVE DEPLOYMENT TESTING › 📊 DASHBOARD - Realistic Dashboard Testing" classname="realistic-live-deployment.spec.ts" time="60.682">
<failure message="realistic-live-deployment.spec.ts:237:7 📊 DASHBOARD - Realistic Dashboard Testing" type="FAILURE">
<![CDATA[  [firefox] › realistic-live-deployment.spec.ts:237:7 › 🚀 REALISTIC LIVE DEPLOYMENT TESTING › 📊 DASHBOARD - Realistic Dashboard Testing 

    Test timeout of 60000ms exceeded.

    Error: page.waitForLoadState: Test timeout of 60000ms exceeded.

      240 |     // Test dashboard access
      241 |     await page.goto(`${BASE_URL}/dashboard`);
    > 242 |     await page.waitForLoadState('networkidle');
          |                ^
      243 |     
      244 |     // Check if redirected to login or dashboard is accessible
      245 |     const currentUrl = page.url();
        at /Users/asithalakmal/Documents/web/final project/WeddingLK-next copy/tests/e2e/realistic-live-deployment.spec.ts:242:16

    attachment #1: screenshot (image/png) ──────────────────────────────────────────────────────────
    ../../test-results/realistic-live-deployment--e2343-Realistic-Dashboard-Testing-firefox/test-failed-1.png
    ────────────────────────────────────────────────────────────────────────────────────────────────

    attachment #2: video (video/webm) ──────────────────────────────────────────────────────────────
    ../../test-results/realistic-live-deployment--e2343-Realistic-Dashboard-Testing-firefox/video.webm
    ────────────────────────────────────────────────────────────────────────────────────────────────

    Error Context: ../../test-results/realistic-live-deployment--e2343-Realistic-Dashboard-Testing-firefox/error-context.md
]]>
</failure>
<system-out>
<![CDATA[📊 Testing Dashboard System...

[[ATTACHMENT|test-results/realistic-live-deployment--e2343-Realistic-Dashboard-Testing-firefox/test-failed-1.png]]

[[ATTACHMENT|test-results/realistic-live-deployment--e2343-Realistic-Dashboard-Testing-firefox/video.webm]]

[[ATTACHMENT|test-results/realistic-live-deployment--e2343-Realistic-Dashboard-Testing-firefox/error-context.md]]
]]>
</system-out>
</testcase>
<testcase name="🚀 REALISTIC LIVE DEPLOYMENT TESTING › 🔧 API ENDPOINTS - Realistic API Testing" classname="realistic-live-deployment.spec.ts" time="63.851">
<failure message="realistic-live-deployment.spec.ts:273:7 🔧 API ENDPOINTS - Realistic API Testing" type="FAILURE">
<![CDATA[  [firefox] › realistic-live-deployment.spec.ts:273:7 › 🚀 REALISTIC LIVE DEPLOYMENT TESTING › 🔧 API ENDPOINTS - Realistic API Testing 

    Test timeout of 60000ms exceeded while running "beforeEach" hook.

       6 |
       7 | test.describe('🚀 REALISTIC LIVE DEPLOYMENT TESTING', () => {
    >  8 |   test.beforeEach(async ({ page }) => {
         |        ^
       9 |     // Set longer timeout for live testing
      10 |     test.setTimeout(60000);
      11 |     
        at /Users/asithalakmal/Documents/web/final project/WeddingLK-next copy/tests/e2e/realistic-live-deployment.spec.ts:8:8

    attachment #1: screenshot (image/png) ──────────────────────────────────────────────────────────
    ../../test-results/realistic-live-deployment--c664b-NTS---Realistic-API-Testing-firefox/test-failed-1.png
    ────────────────────────────────────────────────────────────────────────────────────────────────

    attachment #2: video (video/webm) ──────────────────────────────────────────────────────────────
    ../../test-results/realistic-live-deployment--c664b-NTS---Realistic-API-Testing-firefox/video.webm
    ────────────────────────────────────────────────────────────────────────────────────────────────

    Error Context: ../../test-results/realistic-live-deployment--c664b-NTS---Realistic-API-Testing-firefox/error-context.md
]]>
</failure>
<system-out>
<![CDATA[
[[ATTACHMENT|test-results/realistic-live-deployment--c664b-NTS---Realistic-API-Testing-firefox/test-failed-1.png]]

[[ATTACHMENT|test-results/realistic-live-deployment--c664b-NTS---Realistic-API-Testing-firefox/video.webm]]

[[ATTACHMENT|test-results/realistic-live-deployment--c664b-NTS---Realistic-API-Testing-firefox/error-context.md]]
]]>
</system-out>
</testcase>
<testcase name="🚀 REALISTIC LIVE DEPLOYMENT TESTING › 📱 RESPONSIVE DESIGN - Realistic Mobile Testing" classname="realistic-live-deployment.spec.ts" time="63.121">
<failure message="realistic-live-deployment.spec.ts:302:7 📱 RESPONSIVE DESIGN - Realistic Mobile Testing" type="FAILURE">
<![CDATA[  [firefox] › realistic-live-deployment.spec.ts:302:7 › 🚀 REALISTIC LIVE DEPLOYMENT TESTING › 📱 RESPONSIVE DESIGN - Realistic Mobile Testing 

    Test timeout of 60000ms exceeded.

    Error: page.waitForLoadState: Test timeout of 60000ms exceeded.

      319 |     await page.setViewportSize({ width: 768, height: 1024 });
      320 |     await page.reload();
    > 321 |     await page.waitForLoadState('networkidle');
          |                ^
      322 |     console.log('✅ Tablet viewport tested');
      323 |     
      324 |     // Test desktop viewport
        at /Users/asithalakmal/Documents/web/final project/WeddingLK-next copy/tests/e2e/realistic-live-deployment.spec.ts:321:16

    attachment #1: screenshot (image/png) ──────────────────────────────────────────────────────────
    ../../test-results/realistic-live-deployment--e1510----Realistic-Mobile-Testing-firefox/test-failed-1.png
    ────────────────────────────────────────────────────────────────────────────────────────────────

    attachment #2: video (video/webm) ──────────────────────────────────────────────────────────────
    ../../test-results/realistic-live-deployment--e1510----Realistic-Mobile-Testing-firefox/video.webm
    ────────────────────────────────────────────────────────────────────────────────────────────────

    Error Context: ../../test-results/realistic-live-deployment--e1510----Realistic-Mobile-Testing-firefox/error-context.md
]]>
</failure>
<system-out>
<![CDATA[📱 Testing Responsive Design...

[[ATTACHMENT|test-results/realistic-live-deployment--e1510----Realistic-Mobile-Testing-firefox/test-failed-1.png]]

[[ATTACHMENT|test-results/realistic-live-deployment--e1510----Realistic-Mobile-Testing-firefox/video.webm]]

[[ATTACHMENT|test-results/realistic-live-deployment--e1510----Realistic-Mobile-Testing-firefox/error-context.md]]
]]>
</system-out>
</testcase>
<testcase name="🚀 REALISTIC LIVE DEPLOYMENT TESTING › 🎨 UI COMPONENTS - Realistic Component Testing" classname="realistic-live-deployment.spec.ts" time="39.524">
<system-out>
<![CDATA[🎨 Testing UI Components...
Found 28 buttons
Found 3 input fields
Found 18 links
Found 0 images
✅ UI components testing completed
]]>
</system-out>
</testcase>
<testcase name="🚀 REALISTIC LIVE DEPLOYMENT TESTING › ⚡ PERFORMANCE - Realistic Performance Testing" classname="realistic-live-deployment.spec.ts" time="23.423">
<system-out>
<![CDATA[⚡ Testing Performance...
Page load time: 5542ms
✅ Page loads within acceptable time
✅ Theme toggle responsive
✅ Performance testing completed
]]>
</system-out>
</testcase>
<testcase name="🚀 REALISTIC LIVE DEPLOYMENT TESTING › 🔍 ERROR HANDLING - Realistic Error Testing" classname="realistic-live-deployment.spec.ts" time="66.884">
<failure message="realistic-live-deployment.spec.ts:407:7 🔍 ERROR HANDLING - Realistic Error Testing" type="FAILURE">
<![CDATA[  [firefox] › realistic-live-deployment.spec.ts:407:7 › 🚀 REALISTIC LIVE DEPLOYMENT TESTING › 🔍 ERROR HANDLING - Realistic Error Testing 

    Test timeout of 60000ms exceeded while running "beforeEach" hook.

       6 |
       7 | test.describe('🚀 REALISTIC LIVE DEPLOYMENT TESTING', () => {
    >  8 |   test.beforeEach(async ({ page }) => {
         |        ^
       9 |     // Set longer timeout for live testing
      10 |     test.setTimeout(60000);
      11 |     
        at /Users/asithalakmal/Documents/web/final project/WeddingLK-next copy/tests/e2e/realistic-live-deployment.spec.ts:8:8

    TimeoutError: page.goto: Timeout 60000ms exceeded.
    Call log:
      - navigating to "https://wedding-lk.vercel.app/", waiting until "load"


      11 |     
      12 |     // Navigate to live deployment
    > 13 |     await page.goto(BASE_URL);
         |                ^
      14 |     
      15 |     // Wait for page to load completely
      16 |     await page.waitForLoadState('networkidle');
        at /Users/asithalakmal/Documents/web/final project/WeddingLK-next copy/tests/e2e/realistic-live-deployment.spec.ts:13:16

    attachment #1: screenshot (image/png) ──────────────────────────────────────────────────────────
    ../../test-results/realistic-live-deployment--45aee-G---Realistic-Error-Testing-firefox/test-failed-1.png
    ────────────────────────────────────────────────────────────────────────────────────────────────

    attachment #2: video (video/webm) ──────────────────────────────────────────────────────────────
    ../../test-results/realistic-live-deployment--45aee-G---Realistic-Error-Testing-firefox/video.webm
    ────────────────────────────────────────────────────────────────────────────────────────────────

    Error Context: ../../test-results/realistic-live-deployment--45aee-G---Realistic-Error-Testing-firefox/error-context.md
]]>
</failure>
<system-out>
<![CDATA[
[[ATTACHMENT|test-results/realistic-live-deployment--45aee-G---Realistic-Error-Testing-firefox/test-failed-1.png]]

[[ATTACHMENT|test-results/realistic-live-deployment--45aee-G---Realistic-Error-Testing-firefox/video.webm]]

[[ATTACHMENT|test-results/realistic-live-deployment--45aee-G---Realistic-Error-Testing-firefox/error-context.md]]
]]>
</system-out>
</testcase>
<testcase name="🚀 REALISTIC LIVE DEPLOYMENT TESTING › 🎯 FINAL INTEGRATION - Realistic System Integration" classname="realistic-live-deployment.spec.ts" time="66.517">
<failure message="realistic-live-deployment.spec.ts:433:7 🎯 FINAL INTEGRATION - Realistic System Integration" type="FAILURE">
<![CDATA[  [firefox] › realistic-live-deployment.spec.ts:433:7 › 🚀 REALISTIC LIVE DEPLOYMENT TESTING › 🎯 FINAL INTEGRATION - Realistic System Integration 

    Test timeout of 60000ms exceeded.

    Error: page.waitForLoadState: Test timeout of 60000ms exceeded.

      436 |     // Test complete user journey
      437 |     await page.goto(BASE_URL);
    > 438 |     await page.waitForLoadState('networkidle');
          |                ^
      439 |     
      440 |     // Navigate through all main sections
      441 |     const mainSections = ['/venues', '/vendors', '/feed', '/gallery', '/about'];
        at /Users/asithalakmal/Documents/web/final project/WeddingLK-next copy/tests/e2e/realistic-live-deployment.spec.ts:438:16

    attachment #1: screenshot (image/png) ──────────────────────────────────────────────────────────
    ../../test-results/realistic-live-deployment--acc1c-ealistic-System-Integration-firefox/test-failed-1.png
    ────────────────────────────────────────────────────────────────────────────────────────────────

    attachment #2: video (video/webm) ──────────────────────────────────────────────────────────────
    ../../test-results/realistic-live-deployment--acc1c-ealistic-System-Integration-firefox/video.webm
    ────────────────────────────────────────────────────────────────────────────────────────────────

    Error Context: ../../test-results/realistic-live-deployment--acc1c-ealistic-System-Integration-firefox/error-context.md
]]>
</failure>
<system-out>
<![CDATA[🎯 Testing Complete System Integration...

[[ATTACHMENT|test-results/realistic-live-deployment--acc1c-ealistic-System-Integration-firefox/test-failed-1.png]]

[[ATTACHMENT|test-results/realistic-live-deployment--acc1c-ealistic-System-Integration-firefox/video.webm]]

[[ATTACHMENT|test-results/realistic-live-deployment--acc1c-ealistic-System-Integration-firefox/error-context.md]]
]]>
</system-out>
</testcase>
<testcase name="🚀 REALISTIC LIVE DEPLOYMENT TESTING › 📊 LIVE DEPLOYMENT STATUS REPORT" classname="realistic-live-deployment.spec.ts" time="70.963">
<failure message="realistic-live-deployment.spec.ts:463:7 📊 LIVE DEPLOYMENT STATUS REPORT" type="FAILURE">
<![CDATA[  [firefox] › realistic-live-deployment.spec.ts:463:7 › 🚀 REALISTIC LIVE DEPLOYMENT TESTING › 📊 LIVE DEPLOYMENT STATUS REPORT 

    Test timeout of 60000ms exceeded while running "beforeEach" hook.

       6 |
       7 | test.describe('🚀 REALISTIC LIVE DEPLOYMENT TESTING', () => {
    >  8 |   test.beforeEach(async ({ page }) => {
         |        ^
       9 |     // Set longer timeout for live testing
      10 |     test.setTimeout(60000);
      11 |     
        at /Users/asithalakmal/Documents/web/final project/WeddingLK-next copy/tests/e2e/realistic-live-deployment.spec.ts:8:8

    TimeoutError: page.goto: Timeout 60000ms exceeded.
    Call log:
      - navigating to "https://wedding-lk.vercel.app/", waiting until "load"


      11 |     
      12 |     // Navigate to live deployment
    > 13 |     await page.goto(BASE_URL);
         |                ^
      14 |     
      15 |     // Wait for page to load completely
      16 |     await page.waitForLoadState('networkidle');
        at /Users/asithalakmal/Documents/web/final project/WeddingLK-next copy/tests/e2e/realistic-live-deployment.spec.ts:13:16

    attachment #1: video (video/webm) ──────────────────────────────────────────────────────────────
    ../../test-results/realistic-live-deployment--2c52c-VE-DEPLOYMENT-STATUS-REPORT-firefox/video.webm
    ────────────────────────────────────────────────────────────────────────────────────────────────
]]>
</failure>
<system-out>
<![CDATA[
[[ATTACHMENT|test-results/realistic-live-deployment--2c52c-VE-DEPLOYMENT-STATUS-REPORT-firefox/video.webm]]
]]>
</system-out>
</testcase>
</testsuite>
<testsuite name="simple.spec.ts" timestamp="2025-10-23T12:57:57.279Z" hostname="firefox" tests="5" failures="5" skipped="0" time="372.589" errors="0">
<testcase name="Simple Production Tests › Homepage loads and has basic content" classname="simple.spec.ts" time="80.197">
<failure message="simple.spec.ts:4:7 Homepage loads and has basic content" type="FAILURE">
<![CDATA[  [firefox] › simple.spec.ts:4:7 › Simple Production Tests › Homepage loads and has basic content ──

    TimeoutError: page.goto: Timeout 60000ms exceeded.
    Call log:
      - navigating to "https://wedding-lk.vercel.app/", waiting until "load"


      3 | test.describe('Simple Production Tests', () => {
      4 |   test('Homepage loads and has basic content', async ({ page }) => {
    > 5 |     await page.goto('/');
        |                ^
      6 |     
      7 |     // Check that the page loads
      8 |     await expect(page).toHaveTitle(/WeddingLK/);
        at /Users/asithalakmal/Documents/web/final project/WeddingLK-next copy/tests/e2e/simple.spec.ts:5:16

    attachment #1: video (video/webm) ──────────────────────────────────────────────────────────────
    ../../test-results/simple-Simple-Production-T-a7c1e-loads-and-has-basic-content-firefox/video.webm
    ────────────────────────────────────────────────────────────────────────────────────────────────
]]>
</failure>
<system-out>
<![CDATA[
[[ATTACHMENT|test-results/simple-Simple-Production-T-a7c1e-loads-and-has-basic-content-firefox/video.webm]]
]]>
</system-out>
</testcase>
<testcase name="Simple Production Tests › Page has navigation elements" classname="simple.spec.ts" time="73.621">
<failure message="simple.spec.ts:17:7 Page has navigation elements" type="FAILURE">
<![CDATA[  [firefox] › simple.spec.ts:17:7 › Simple Production Tests › Page has navigation elements ─────────

    TimeoutError: page.goto: Timeout 60000ms exceeded.
    Call log:
      - navigating to "https://wedding-lk.vercel.app/", waiting until "load"


      16 |
      17 |   test('Page has navigation elements', async ({ page }) => {
    > 18 |     await page.goto('/');
         |                ^
      19 |     
      20 |     // Check that navigation elements exist (may be in different locations)
      21 |     await expect(page.locator('a[href="/venues"]')).toBeVisible();
        at /Users/asithalakmal/Documents/web/final project/WeddingLK-next copy/tests/e2e/simple.spec.ts:18:16

    attachment #1: video (video/webm) ──────────────────────────────────────────────────────────────
    ../../test-results/simple-Simple-Production-Tests-Page-has-navigation-elements-firefox/video.webm
    ────────────────────────────────────────────────────────────────────────────────────────────────

    Error Context: ../../test-results/simple-Simple-Production-Tests-Page-has-navigation-elements-firefox/error-context.md
]]>
</failure>
<system-out>
<![CDATA[
[[ATTACHMENT|test-results/simple-Simple-Production-Tests-Page-has-navigation-elements-firefox/video.webm]]

[[ATTACHMENT|test-results/simple-Simple-Production-Tests-Page-has-navigation-elements-firefox/error-context.md]]
]]>
</system-out>
</testcase>
<testcase name="Simple Production Tests › Page has footer content" classname="simple.spec.ts" time="76.923">
<failure message="simple.spec.ts:25:7 Page has footer content" type="FAILURE">
<![CDATA[  [firefox] › simple.spec.ts:25:7 › Simple Production Tests › Page has footer content ──────────────

    TimeoutError: page.goto: Timeout 60000ms exceeded.
    Call log:
      - navigating to "https://wedding-lk.vercel.app/", waiting until "load"


      24 |
      25 |   test('Page has footer content', async ({ page }) => {
    > 26 |     await page.goto('/');
         |                ^
      27 |     
      28 |     // Scroll to footer
      29 |     await page.evaluate(() => window.scrollTo(0, document.body.scrollHeight));
        at /Users/asithalakmal/Documents/web/final project/WeddingLK-next copy/tests/e2e/simple.spec.ts:26:16

    attachment #1: video (video/webm) ──────────────────────────────────────────────────────────────
    ../../test-results/simple-Simple-Production-Tests-Page-has-footer-content-firefox/video.webm
    ────────────────────────────────────────────────────────────────────────────────────────────────

    Error Context: ../../test-results/simple-Simple-Production-Tests-Page-has-footer-content-firefox/error-context.md
]]>
</failure>
<system-out>
<![CDATA[
[[ATTACHMENT|test-results/simple-Simple-Production-Tests-Page-has-footer-content-firefox/video.webm]]

[[ATTACHMENT|test-results/simple-Simple-Production-Tests-Page-has-footer-content-firefox/error-context.md]]
]]>
</system-out>
</testcase>
<testcase name="Simple Production Tests › Page is responsive" classname="simple.spec.ts" time="71.31">
<failure message="simple.spec.ts:36:7 Page is responsive" type="FAILURE">
<![CDATA[  [firefox] › simple.spec.ts:36:7 › Simple Production Tests › Page is responsive ───────────────────

    TimeoutError: page.goto: Timeout 60000ms exceeded.
    Call log:
      - navigating to "https://wedding-lk.vercel.app/", waiting until "load"


      37 |     // Test mobile viewport
      38 |     await page.setViewportSize({ width: 375, height: 667 });
    > 39 |     await page.goto('/');
         |                ^
      40 |     
      41 |     // Check that page loads on mobile
      42 |     await expect(page.locator('h1')).toContainText('Find Your Perfect');
        at /Users/asithalakmal/Documents/web/final project/WeddingLK-next copy/tests/e2e/simple.spec.ts:39:16

    attachment #1: video (video/webm) ──────────────────────────────────────────────────────────────
    ../../test-results/simple-Simple-Production-Tests-Page-is-responsive-firefox/video.webm
    ────────────────────────────────────────────────────────────────────────────────────────────────

    Error Context: ../../test-results/simple-Simple-Production-Tests-Page-is-responsive-firefox/error-context.md
]]>
</failure>
<system-out>
<![CDATA[
[[ATTACHMENT|test-results/simple-Simple-Production-Tests-Page-is-responsive-firefox/video.webm]]

[[ATTACHMENT|test-results/simple-Simple-Production-Tests-Page-is-responsive-firefox/error-context.md]]
]]>
</system-out>
</testcase>
<testcase name="Simple Production Tests › Page has correct metadata" classname="simple.spec.ts" time="70.538">
<failure message="simple.spec.ts:52:7 Page has correct metadata" type="FAILURE">
<![CDATA[  [firefox] › simple.spec.ts:52:7 › Simple Production Tests › Page has correct metadata ────────────

    TimeoutError: page.goto: Timeout 60000ms exceeded.
    Call log:
      - navigating to "https://wedding-lk.vercel.app/", waiting until "load"


      51 |
      52 |   test('Page has correct metadata', async ({ page }) => {
    > 53 |     await page.goto('/');
         |                ^
      54 |     
      55 |     // Check title
      56 |     await expect(page).toHaveTitle(/WeddingLK/);
        at /Users/asithalakmal/Documents/web/final project/WeddingLK-next copy/tests/e2e/simple.spec.ts:53:16

    attachment #1: video (video/webm) ──────────────────────────────────────────────────────────────
    ../../test-results/simple-Simple-Production-Tests-Page-has-correct-metadata-firefox/video.webm
    ────────────────────────────────────────────────────────────────────────────────────────────────

    Error Context: ../../test-results/simple-Simple-Production-Tests-Page-has-correct-metadata-firefox/error-context.md
]]>
</failure>
<system-out>
<![CDATA[
[[ATTACHMENT|test-results/simple-Simple-Production-Tests-Page-has-correct-metadata-firefox/video.webm]]

[[ATTACHMENT|test-results/simple-Simple-Production-Tests-Page-has-correct-metadata-firefox/error-context.md]]
]]>
</system-out>
</testcase>
</testsuite>
<testsuite name="user-journey.spec.ts" timestamp="2025-10-23T12:57:57.279Z" hostname="firefox" tests="6" failures="6" skipped="0" time="384.658" errors="0">
<testcase name="💑 Complete Couple Wedding Planning Journey › End-to-End Wedding Planning Journey" classname="user-journey.spec.ts" time="71.197">
<failure message="user-journey.spec.ts:43:7 End-to-End Wedding Planning Journey" type="FAILURE">
<![CDATA[  [firefox] › user-journey.spec.ts:43:7 › 💑 Complete Couple Wedding Planning Journey › End-to-End Wedding Planning Journey 

    TimeoutError: page.goto: Timeout 60000ms exceeded.
    Call log:
      - navigating to "https://wedding-lk.vercel.app/auth/signup", waiting until "load"


      43 |   test('End-to-End Wedding Planning Journey', async ({ page }) => {
      44 |     // Step 1: Registration and Profile Setup
    > 45 |     await page.goto('/auth/signup');
         |                ^
      46 |     await page.fill('input[name="name"]', journeyData.couple.name);
      47 |     await page.fill('input[name="email"]', journeyData.couple.email);
      48 |     await page.fill('input[name="password"]', journeyData.couple.password);
        at /Users/asithalakmal/Documents/web/final project/WeddingLK-next copy/tests/e2e/user-journey.spec.ts:45:16

    attachment #1: video (video/webm) ──────────────────────────────────────────────────────────────
    ../../test-results/user-journey-💑-Complete-C-f3f75-nd-Wedding-Planning-Journey-firefox/video.webm
    ────────────────────────────────────────────────────────────────────────────────────────────────

    Error Context: ../../test-results/user-journey-💑-Complete-C-f3f75-nd-Wedding-Planning-Journey-firefox/error-context.md
]]>
</failure>
<system-out>
<![CDATA[
[[ATTACHMENT|test-results/user-journey-💑-Complete-C-f3f75-nd-Wedding-Planning-Journey-firefox/video.webm]]

[[ATTACHMENT|test-results/user-journey-💑-Complete-C-f3f75-nd-Wedding-Planning-Journey-firefox/error-context.md]]
]]>
</system-out>
</testcase>
<testcase name="📸 Vendor Business Journey › Complete Vendor Onboarding and Management Journey" classname="user-journey.spec.ts" time="72.616">
<failure message="user-journey.spec.ts:186:7 Complete Vendor Onboarding and Management Journey" type="FAILURE">
<![CDATA[  [firefox] › user-journey.spec.ts:186:7 › 📸 Vendor Business Journey › Complete Vendor Onboarding and Management Journey 

    TimeoutError: page.goto: Timeout 60000ms exceeded.
    Call log:
      - navigating to "https://wedding-lk.vercel.app/vendor/register", waiting until "load"


      186 |   test('Complete Vendor Onboarding and Management Journey', async ({ page }) => {
      187 |     // Step 1: Vendor Registration
    > 188 |     await page.goto('/vendor/register');
          |                ^
      189 |     await page.fill('input[name="businessName"]', journeyData.photographer.businessName);
      190 |     await page.fill('input[name="email"]', journeyData.photographer.email);
      191 |     await page.fill('input[name="password"]', journeyData.photographer.password);
        at /Users/asithalakmal/Documents/web/final project/WeddingLK-next copy/tests/e2e/user-journey.spec.ts:188:16

    attachment #1: video (video/webm) ──────────────────────────────────────────────────────────────
    ../../test-results/user-journey-📸-Vendor-Bus-f59b2-ding-and-Management-Journey-firefox/video.webm
    ────────────────────────────────────────────────────────────────────────────────────────────────
]]>
</failure>
<system-out>
<![CDATA[
[[ATTACHMENT|test-results/user-journey-📸-Vendor-Bus-f59b2-ding-and-Management-Journey-firefox/video.webm]]
]]>
</system-out>
</testcase>
<testcase name="👰 Wedding Planner Professional Journey › Complete Wedding Planner Workflow" classname="user-journey.spec.ts" time="66.33">
<failure message="user-journey.spec.ts:308:7 Complete Wedding Planner Workflow" type="FAILURE">
<![CDATA[  [firefox] › user-journey.spec.ts:308:7 › 👰 Wedding Planner Professional Journey › Complete Wedding Planner Workflow 

    TimeoutError: page.goto: Timeout 60000ms exceeded.
    Call log:
      - navigating to "https://wedding-lk.vercel.app/auth/signup", waiting until "load"


      308 |   test('Complete Wedding Planner Workflow', async ({ page }) => {
      309 |     // Step 1: Planner Registration and Setup
    > 310 |     await page.goto('/auth/signup');
          |                ^
      311 |     await page.fill('input[name="name"]', 'Emma Wedding Planner');
      312 |     await page.fill('input[name="email"]', 'planner@test.com');
      313 |     await page.fill('input[name="password"]', 'PlannerPass123!');
        at /Users/asithalakmal/Documents/web/final project/WeddingLK-next copy/tests/e2e/user-journey.spec.ts:310:16

    attachment #1: screenshot (image/png) ──────────────────────────────────────────────────────────
    ../../test-results/user-journey-👰-Wedding-Pl-e1fa7-te-Wedding-Planner-Workflow-firefox/test-failed-1.png
    ────────────────────────────────────────────────────────────────────────────────────────────────

    attachment #2: video (video/webm) ──────────────────────────────────────────────────────────────
    ../../test-results/user-journey-👰-Wedding-Pl-e1fa7-te-Wedding-Planner-Workflow-firefox/video.webm
    ────────────────────────────────────────────────────────────────────────────────────────────────
]]>
</failure>
<system-out>
<![CDATA[
[[ATTACHMENT|test-results/user-journey-👰-Wedding-Pl-e1fa7-te-Wedding-Planner-Workflow-firefox/test-failed-1.png]]

[[ATTACHMENT|test-results/user-journey-👰-Wedding-Pl-e1fa7-te-Wedding-Planner-Workflow-firefox/video.webm]]
]]>
</system-out>
</testcase>
<testcase name="👑 Admin Platform Management Journey › Complete Admin Platform Management" classname="user-journey.spec.ts" time="72.015">
<failure message="user-journey.spec.ts:442:7 Complete Admin Platform Management" type="FAILURE">
<![CDATA[  [firefox] › user-journey.spec.ts:442:7 › 👑 Admin Platform Management Journey › Complete Admin Platform Management 

    TimeoutError: page.goto: Timeout 60000ms exceeded.
    Call log:
      - navigating to "https://wedding-lk.vercel.app/auth/signin", waiting until "load"


      442 |   test('Complete Admin Platform Management', async ({ page }) => {
      443 |     // Step 1: Admin Login
    > 444 |     await page.goto('/auth/signin');
          |                ^
      445 |     await page.fill('input[name="email"]', 'admin@test.com');
      446 |     await page.fill('input[name="password"]', 'AdminPass123!');
      447 |     await page.click('button[type="submit"]');
        at /Users/asithalakmal/Documents/web/final project/WeddingLK-next copy/tests/e2e/user-journey.spec.ts:444:16

    attachment #1: video (video/webm) ──────────────────────────────────────────────────────────────
    ../../test-results/user-journey-👑-Admin-Plat-9a1c7-e-Admin-Platform-Management-firefox/video.webm
    ────────────────────────────────────────────────────────────────────────────────────────────────
]]>
</failure>
<system-out>
<![CDATA[
[[ATTACHMENT|test-results/user-journey-👑-Admin-Plat-9a1c7-e-Admin-Platform-Management-firefox/video.webm]]
]]>
</system-out>
</testcase>
<testcase name="🔄 Cross-Platform Integration Journey › Mobile and Web Integration" classname="user-journey.spec.ts" time="36.604">
<failure message="user-journey.spec.ts:555:7 Mobile and Web Integration" type="FAILURE">
<![CDATA[  [firefox] › user-journey.spec.ts:555:7 › 🔄 Cross-Platform Integration Journey › Mobile and Web Integration 

    Error: page.goto: NS_ERROR_NET_TIMEOUT
    Call log:
      - navigating to "https://wedding-lk.vercel.app/auth/signin", waiting until "load"


      558 |     
      559 |     // Mobile login
    > 560 |     await page.goto('/auth/signin');
          |                ^
      561 |     await page.fill('input[name="email"]', journeyData.couple.email);
      562 |     await page.fill('input[name="password"]', journeyData.couple.password);
      563 |     await page.click('button[type="submit"]');
        at /Users/asithalakmal/Documents/web/final project/WeddingLK-next copy/tests/e2e/user-journey.spec.ts:560:16

    attachment #1: screenshot (image/png) ──────────────────────────────────────────────────────────
    ../../test-results/user-journey-🔄-Cross-Plat-3bd25--Mobile-and-Web-Integration-firefox/test-failed-1.png
    ────────────────────────────────────────────────────────────────────────────────────────────────

    attachment #2: video (video/webm) ──────────────────────────────────────────────────────────────
    ../../test-results/user-journey-🔄-Cross-Plat-3bd25--Mobile-and-Web-Integration-firefox/video.webm
    ────────────────────────────────────────────────────────────────────────────────────────────────

    Error Context: ../../test-results/user-journey-🔄-Cross-Plat-3bd25--Mobile-and-Web-Integration-firefox/error-context.md
]]>
</failure>
<system-out>
<![CDATA[
[[ATTACHMENT|test-results/user-journey-🔄-Cross-Plat-3bd25--Mobile-and-Web-Integration-firefox/test-failed-1.png]]

[[ATTACHMENT|test-results/user-journey-🔄-Cross-Plat-3bd25--Mobile-and-Web-Integration-firefox/video.webm]]

[[ATTACHMENT|test-results/user-journey-🔄-Cross-Plat-3bd25--Mobile-and-Web-Integration-firefox/error-context.md]]
]]>
</system-out>
</testcase>
<testcase name="🚨 Error Handling and Recovery Journey › Application Error Recovery" classname="user-journey.spec.ts" time="65.896">
<failure message="user-journey.spec.ts:597:7 Application Error Recovery" type="FAILURE">
<![CDATA[  [firefox] › user-journey.spec.ts:597:7 › 🚨 Error Handling and Recovery Journey › Application Error Recovery 

    TimeoutError: page.goto: Timeout 60000ms exceeded.
    Call log:
      - navigating to "https://wedding-lk.vercel.app/venues", waiting until "load"


      599 |     await page.route('**/api/venues', route => route.abort());
      600 |     
    > 601 |     await page.goto('/venues');
          |                ^
      602 |     await expect(page.locator('text=Unable to load venues')).toBeVisible();
      603 |     await expect(page.locator('button:has-text("Retry")')).toBeVisible();
      604 |     
        at /Users/asithalakmal/Documents/web/final project/WeddingLK-next copy/tests/e2e/user-journey.spec.ts:601:16

    attachment #1: screenshot (image/png) ──────────────────────────────────────────────────────────
    ../../test-results/user-journey-🚨-Error-Hand-919af--Application-Error-Recovery-firefox/test-failed-1.png
    ────────────────────────────────────────────────────────────────────────────────────────────────

    attachment #2: video (video/webm) ──────────────────────────────────────────────────────────────
    ../../test-results/user-journey-🚨-Error-Hand-919af--Application-Error-Recovery-firefox/video.webm
    ────────────────────────────────────────────────────────────────────────────────────────────────
]]>
</failure>
<system-out>
<![CDATA[
[[ATTACHMENT|test-results/user-journey-🚨-Error-Hand-919af--Application-Error-Recovery-firefox/test-failed-1.png]]

[[ATTACHMENT|test-results/user-journey-🚨-Error-Hand-919af--Application-Error-Recovery-firefox/video.webm]]
]]>
</system-out>
</testcase>
</testsuite>
<testsuite name="vendor.spec.ts" timestamp="2025-10-23T12:57:57.279Z" hostname="firefox" tests="5" failures="5" skipped="0" time="329.467" errors="0">
<testcase name="Vendor Management › Vendor registration and onboarding" classname="vendor.spec.ts" time="65.58">
<failure message="vendor.spec.ts:5:7 Vendor registration and onboarding" type="FAILURE">
<![CDATA[  [firefox] › vendor.spec.ts:5:7 › Vendor Management › Vendor registration and onboarding ──────────

    TimeoutError: page.goto: Timeout 60000ms exceeded.
    Call log:
      - navigating to "https://wedding-lk.vercel.app/vendor/register", waiting until "load"


      13 |
      14 |     // Register as vendor
    > 15 |     await page.goto('/vendor/register');
         |                ^
      16 |     await page.fill('input[name="name"]', vendor.name);
      17 |     await page.fill('input[name="email"]', vendor.email);
      18 |     await page.fill('input[name="businessName"]', vendor.businessName);
        at /Users/asithalakmal/Documents/web/final project/WeddingLK-next copy/tests/e2e/vendor.spec.ts:15:16

    attachment #1: screenshot (image/png) ──────────────────────────────────────────────────────────
    ../../test-results/vendor-Vendor-Management-Vendor-registration-and-onboarding-firefox/test-failed-1.png
    ────────────────────────────────────────────────────────────────────────────────────────────────

    attachment #2: video (video/webm) ──────────────────────────────────────────────────────────────
    ../../test-results/vendor-Vendor-Management-Vendor-registration-and-onboarding-firefox/video.webm
    ────────────────────────────────────────────────────────────────────────────────────────────────
]]>
</failure>
<system-out>
<![CDATA[
[[ATTACHMENT|test-results/vendor-Vendor-Management-Vendor-registration-and-onboarding-firefox/test-failed-1.png]]

[[ATTACHMENT|test-results/vendor-Vendor-Management-Vendor-registration-and-onboarding-firefox/video.webm]]
]]>
</system-out>
</testcase>
<testcase name="Vendor Management › Vendor service creation and portfolio upload" classname="vendor.spec.ts" time="69.71">
<failure message="vendor.spec.ts:39:7 Vendor service creation and portfolio upload" type="FAILURE">
<![CDATA[  [firefox] › vendor.spec.ts:39:7 › Vendor Management › Vendor service creation and portfolio upload 

    TimeoutError: page.goto: Timeout 60000ms exceeded.
    Call log:
      - navigating to "https://wedding-lk.vercel.app/auth/signin", waiting until "load"


      39 |   test('Vendor service creation and portfolio upload', async ({ page }) => {
      40 |     // Login as vendor
    > 41 |     await page.goto('/auth/signin');
         |                ^
      42 |     await page.fill('input[name="email"]', process.env.TEST_VENDOR_EMAIL || 'vendor@test.local');
      43 |     await page.fill('input[name="password"]', process.env.TEST_VENDOR_PASSWORD || 'VendorPass123!');
      44 |     await page.click('button[type="submit"]');
        at /Users/asithalakmal/Documents/web/final project/WeddingLK-next copy/tests/e2e/vendor.spec.ts:41:16

    attachment #1: screenshot (image/png) ──────────────────────────────────────────────────────────
    ../../test-results/vendor-Vendor-Management-V-1cf6a-eation-and-portfolio-upload-firefox/test-failed-1.png
    ────────────────────────────────────────────────────────────────────────────────────────────────

    attachment #2: video (video/webm) ──────────────────────────────────────────────────────────────
    ../../test-results/vendor-Vendor-Management-V-1cf6a-eation-and-portfolio-upload-firefox/video.webm
    ────────────────────────────────────────────────────────────────────────────────────────────────
]]>
</failure>
<system-out>
<![CDATA[
[[ATTACHMENT|test-results/vendor-Vendor-Management-V-1cf6a-eation-and-portfolio-upload-firefox/test-failed-1.png]]

[[ATTACHMENT|test-results/vendor-Vendor-Management-V-1cf6a-eation-and-portfolio-upload-firefox/video.webm]]
]]>
</system-out>
</testcase>
<testcase name="Vendor Management › Vendor booking management" classname="vendor.spec.ts" time="64.692">
<failure message="vendor.spec.ts:67:7 Vendor booking management" type="FAILURE">
<![CDATA[  [firefox] › vendor.spec.ts:67:7 › Vendor Management › Vendor booking management ──────────────────

    TimeoutError: page.goto: Timeout 60000ms exceeded.
    Call log:
      - navigating to "https://wedding-lk.vercel.app/auth/signin", waiting until "load"


      67 |   test('Vendor booking management', async ({ page }) => {
      68 |     // Login as vendor
    > 69 |     await page.goto('/auth/signin');
         |                ^
      70 |     await page.fill('input[name="email"]', process.env.TEST_VENDOR_EMAIL || 'vendor@test.local');
      71 |     await page.fill('input[name="password"]', process.env.TEST_VENDOR_PASSWORD || 'VendorPass123!');
      72 |     await page.click('button[type="submit"]');
        at /Users/asithalakmal/Documents/web/final project/WeddingLK-next copy/tests/e2e/vendor.spec.ts:69:16

    attachment #1: screenshot (image/png) ──────────────────────────────────────────────────────────
    ../../test-results/vendor-Vendor-Management-Vendor-booking-management-firefox/test-failed-1.png
    ────────────────────────────────────────────────────────────────────────────────────────────────

    attachment #2: video (video/webm) ──────────────────────────────────────────────────────────────
    ../../test-results/vendor-Vendor-Management-Vendor-booking-management-firefox/video.webm
    ────────────────────────────────────────────────────────────────────────────────────────────────
]]>
</failure>
<system-out>
<![CDATA[
[[ATTACHMENT|test-results/vendor-Vendor-Management-Vendor-booking-management-firefox/test-failed-1.png]]

[[ATTACHMENT|test-results/vendor-Vendor-Management-Vendor-booking-management-firefox/video.webm]]
]]>
</system-out>
</testcase>
<testcase name="Vendor Management › Vendor profile and portfolio management" classname="vendor.spec.ts" time="65.11">
<failure message="vendor.spec.ts:106:7 Vendor profile and portfolio management" type="FAILURE">
<![CDATA[  [firefox] › vendor.spec.ts:106:7 › Vendor Management › Vendor profile and portfolio management ───

    TimeoutError: page.goto: Timeout 60000ms exceeded.
    Call log:
      - navigating to "https://wedding-lk.vercel.app/auth/signin", waiting until "load"


      106 |   test('Vendor profile and portfolio management', async ({ page }) => {
      107 |     // Login as vendor
    > 108 |     await page.goto('/auth/signin');
          |                ^
      109 |     await page.fill('input[name="email"]', process.env.TEST_VENDOR_EMAIL || 'vendor@test.local');
      110 |     await page.fill('input[name="password"]', process.env.TEST_VENDOR_PASSWORD || 'VendorPass123!');
      111 |     await page.click('button[type="submit"]');
        at /Users/asithalakmal/Documents/web/final project/WeddingLK-next copy/tests/e2e/vendor.spec.ts:108:16

    attachment #1: screenshot (image/png) ──────────────────────────────────────────────────────────
    ../../test-results/vendor-Vendor-Management-V-1bdb8-le-and-portfolio-management-firefox/test-failed-1.png
    ────────────────────────────────────────────────────────────────────────────────────────────────

    attachment #2: video (video/webm) ──────────────────────────────────────────────────────────────
    ../../test-results/vendor-Vendor-Management-V-1bdb8-le-and-portfolio-management-firefox/video.webm
    ────────────────────────────────────────────────────────────────────────────────────────────────
]]>
</failure>
<system-out>
<![CDATA[
[[ATTACHMENT|test-results/vendor-Vendor-Management-V-1bdb8-le-and-portfolio-management-firefox/test-failed-1.png]]

[[ATTACHMENT|test-results/vendor-Vendor-Management-V-1bdb8-le-and-portfolio-management-firefox/video.webm]]
]]>
</system-out>
</testcase>
<testcase name="Vendor Management › Vendor analytics and performance tracking" classname="vendor.spec.ts" time="64.375">
<failure message="vendor.spec.ts:127:7 Vendor analytics and performance tracking" type="FAILURE">
<![CDATA[  [firefox] › vendor.spec.ts:127:7 › Vendor Management › Vendor analytics and performance tracking ─

    TimeoutError: page.goto: Timeout 60000ms exceeded.
    Call log:
      - navigating to "https://wedding-lk.vercel.app/auth/signin", waiting until "load"


      127 |   test('Vendor analytics and performance tracking', async ({ page }) => {
      128 |     // Login as vendor
    > 129 |     await page.goto('/auth/signin');
          |                ^
      130 |     await page.fill('input[name="email"]', process.env.TEST_VENDOR_EMAIL || 'vendor@test.local');
      131 |     await page.fill('input[name="password"]', process.env.TEST_VENDOR_PASSWORD || 'VendorPass123!');
      132 |     await page.click('button[type="submit"]');
        at /Users/asithalakmal/Documents/web/final project/WeddingLK-next copy/tests/e2e/vendor.spec.ts:129:16

    attachment #1: screenshot (image/png) ──────────────────────────────────────────────────────────
    ../../test-results/vendor-Vendor-Management-V-453fa-cs-and-performance-tracking-firefox/test-failed-1.png
    ────────────────────────────────────────────────────────────────────────────────────────────────

    attachment #2: video (video/webm) ──────────────────────────────────────────────────────────────
    ../../test-results/vendor-Vendor-Management-V-453fa-cs-and-performance-tracking-firefox/video.webm
    ────────────────────────────────────────────────────────────────────────────────────────────────
]]>
</failure>
<system-out>
<![CDATA[
[[ATTACHMENT|test-results/vendor-Vendor-Management-V-453fa-cs-and-performance-tracking-firefox/test-failed-1.png]]

[[ATTACHMENT|test-results/vendor-Vendor-Management-V-453fa-cs-and-performance-tracking-firefox/video.webm]]
]]>
</system-out>
</testcase>
</testsuite>
<testsuite name="venue.spec.ts" timestamp="2025-10-23T12:57:57.279Z" hostname="firefox" tests="6" failures="6" skipped="0" time="485.326" errors="0">
<testcase name="Venue Management › Venue search and filtering" classname="venue.spec.ts" time="69.303">
<failure message="venue.spec.ts:5:7 Venue search and filtering" type="FAILURE">
<![CDATA[  [firefox] › venue.spec.ts:5:7 › Venue Management › Venue search and filtering ────────────────────

    TimeoutError: page.goto: Timeout 60000ms exceeded.
    Call log:
      - navigating to "https://wedding-lk.vercel.app/venues", waiting until "load"


      4 | test.describe('Venue Management', () => {
      5 |   test('Venue search and filtering', async ({ page }) => {
    > 6 |     await page.goto('/venues');
        |                ^
      7 |     
      8 |     // Search for venues
      9 |     await page.fill('input[placeholder*="Search venues"], input[name="search"]', 'Colombo');
        at /Users/asithalakmal/Documents/web/final project/WeddingLK-next copy/tests/e2e/venue.spec.ts:6:16

    attachment #1: video (video/webm) ──────────────────────────────────────────────────────────────
    ../../test-results/venue-Venue-Management-Venue-search-and-filtering-firefox/video.webm
    ────────────────────────────────────────────────────────────────────────────────────────────────

    Error Context: ../../test-results/venue-Venue-Management-Venue-search-and-filtering-firefox/error-context.md
]]>
</failure>
<system-out>
<![CDATA[
[[ATTACHMENT|test-results/venue-Venue-Management-Venue-search-and-filtering-firefox/video.webm]]

[[ATTACHMENT|test-results/venue-Venue-Management-Venue-search-and-filtering-firefox/error-context.md]]
]]>
</system-out>
</testcase>
<testcase name="Venue Management › Venue details and booking inquiry" classname="venue.spec.ts" time="120.407">
<failure message="venue.spec.ts:24:7 Venue details and booking inquiry" type="FAILURE">
<![CDATA[  [firefox] › venue.spec.ts:24:7 › Venue Management › Venue details and booking inquiry ────────────

    Test timeout of 120000ms exceeded.

    Error: page.click: Test timeout of 120000ms exceeded.
    Call log:
      - waiting for locator('.venue-card:first-child, [data-testid="venue-card"]:first-child')


      26 |     
      27 |     // Click on first venue
    > 28 |     await page.click('.venue-card:first-child, [data-testid="venue-card"]:first-child');
         |                ^
      29 |     await expect(page).toHaveURL(/\/venues\/\d+/);
      30 |     
      31 |     // Check venue details
        at /Users/asithalakmal/Documents/web/final project/WeddingLK-next copy/tests/e2e/venue.spec.ts:28:16

    attachment #1: screenshot (image/png) ──────────────────────────────────────────────────────────
    ../../test-results/venue-Venue-Management-Venue-details-and-booking-inquiry-firefox/test-failed-1.png
    ────────────────────────────────────────────────────────────────────────────────────────────────

    attachment #2: video (video/webm) ──────────────────────────────────────────────────────────────
    ../../test-results/venue-Venue-Management-Venue-details-and-booking-inquiry-firefox/video.webm
    ────────────────────────────────────────────────────────────────────────────────────────────────

    Error Context: ../../test-results/venue-Venue-Management-Venue-details-and-booking-inquiry-firefox/error-context.md
]]>
</failure>
<system-out>
<![CDATA[
[[ATTACHMENT|test-results/venue-Venue-Management-Venue-details-and-booking-inquiry-firefox/test-failed-1.png]]

[[ATTACHMENT|test-results/venue-Venue-Management-Venue-details-and-booking-inquiry-firefox/video.webm]]

[[ATTACHMENT|test-results/venue-Venue-Management-Venue-details-and-booking-inquiry-firefox/error-context.md]]
]]>
</system-out>
</testcase>
<testcase name="Venue Management › Venue availability calendar" classname="venue.spec.ts" time="77.382">
<failure message="venue.spec.ts:60:7 Venue availability calendar" type="FAILURE">
<![CDATA[  [firefox] › venue.spec.ts:60:7 › Venue Management › Venue availability calendar ──────────────────

    TimeoutError: page.click: Timeout 60000ms exceeded.
    Call log:
      - waiting for locator('.venue-card:first-child, [data-testid="venue-card"]:first-child')


      60 |   test('Venue availability calendar', async ({ page }) => {
      61 |     await page.goto('/venues');
    > 62 |     await page.click('.venue-card:first-child, [data-testid="venue-card"]:first-child');
         |                ^
      63 |     
      64 |     // Check availability calendar
      65 |     await page.click('text=Check Availability, [data-testid="availability-button"]');
        at /Users/asithalakmal/Documents/web/final project/WeddingLK-next copy/tests/e2e/venue.spec.ts:62:16

    attachment #1: screenshot (image/png) ──────────────────────────────────────────────────────────
    ../../test-results/venue-Venue-Management-Venue-availability-calendar-firefox/test-failed-1.png
    ────────────────────────────────────────────────────────────────────────────────────────────────

    attachment #2: video (video/webm) ──────────────────────────────────────────────────────────────
    ../../test-results/venue-Venue-Management-Venue-availability-calendar-firefox/video.webm
    ────────────────────────────────────────────────────────────────────────────────────────────────

    Error Context: ../../test-results/venue-Venue-Management-Venue-availability-calendar-firefox/error-context.md
]]>
</failure>
<system-out>
<![CDATA[
[[ATTACHMENT|test-results/venue-Venue-Management-Venue-availability-calendar-firefox/test-failed-1.png]]

[[ATTACHMENT|test-results/venue-Venue-Management-Venue-availability-calendar-firefox/video.webm]]

[[ATTACHMENT|test-results/venue-Venue-Management-Venue-availability-calendar-firefox/error-context.md]]
]]>
</system-out>
</testcase>
<testcase name="Venue Management › Venue reviews and ratings" classname="venue.spec.ts" time="76.42">
<failure message="venue.spec.ts:73:7 Venue reviews and ratings" type="FAILURE">
<![CDATA[  [firefox] › venue.spec.ts:73:7 › Venue Management › Venue reviews and ratings ────────────────────

    TimeoutError: page.click: Timeout 60000ms exceeded.
    Call log:
      - waiting for locator('.venue-card:first-child, [data-testid="venue-card"]:first-child')


      73 |   test('Venue reviews and ratings', async ({ page }) => {
      74 |     await page.goto('/venues');
    > 75 |     await page.click('.venue-card:first-child, [data-testid="venue-card"]:first-child');
         |                ^
      76 |     
      77 |     // Check reviews section
      78 |     await page.click('text=Reviews, [data-testid="reviews-tab"]');
        at /Users/asithalakmal/Documents/web/final project/WeddingLK-next copy/tests/e2e/venue.spec.ts:75:16

    attachment #1: screenshot (image/png) ──────────────────────────────────────────────────────────
    ../../test-results/venue-Venue-Management-Venue-reviews-and-ratings-firefox/test-failed-1.png
    ────────────────────────────────────────────────────────────────────────────────────────────────

    attachment #2: video (video/webm) ──────────────────────────────────────────────────────────────
    ../../test-results/venue-Venue-Management-Venue-reviews-and-ratings-firefox/video.webm
    ────────────────────────────────────────────────────────────────────────────────────────────────

    Error Context: ../../test-results/venue-Venue-Management-Venue-reviews-and-ratings-firefox/error-context.md
]]>
</failure>
<system-out>
<![CDATA[
[[ATTACHMENT|test-results/venue-Venue-Management-Venue-reviews-and-ratings-firefox/test-failed-1.png]]

[[ATTACHMENT|test-results/venue-Venue-Management-Venue-reviews-and-ratings-firefox/video.webm]]

[[ATTACHMENT|test-results/venue-Venue-Management-Venue-reviews-and-ratings-firefox/error-context.md]]
]]>
</system-out>
</testcase>
<testcase name="Venue Management › Venue owner management" classname="venue.spec.ts" time="69.312">
<failure message="venue.spec.ts:85:7 Venue owner management" type="FAILURE">
<![CDATA[  [firefox] › venue.spec.ts:85:7 › Venue Management › Venue owner management ───────────────────────

    TimeoutError: page.fill: Timeout 60000ms exceeded.
    Call log:
      - waiting for locator('input[name="email"]')


      86 |     // Login as venue owner
      87 |     await page.goto('/auth/signin');
    > 88 |     await page.fill('input[name="email"]', process.env.TEST_VENUE_OWNER_EMAIL || 'venue@test.local');
         |                ^
      89 |     await page.fill('input[name="password"]', process.env.TEST_VENUE_OWNER_PASSWORD || 'VenuePass123!');
      90 |     await page.click('button[type="submit"]');
      91 |     await expect(page).toHaveURL(/\/dashboard/);
        at /Users/asithalakmal/Documents/web/final project/WeddingLK-next copy/tests/e2e/venue.spec.ts:88:16

    attachment #1: screenshot (image/png) ──────────────────────────────────────────────────────────
    ../../test-results/venue-Venue-Management-Venue-owner-management-firefox/test-failed-1.png
    ────────────────────────────────────────────────────────────────────────────────────────────────

    attachment #2: video (video/webm) ──────────────────────────────────────────────────────────────
    ../../test-results/venue-Venue-Management-Venue-owner-management-firefox/video.webm
    ────────────────────────────────────────────────────────────────────────────────────────────────

    Error Context: ../../test-results/venue-Venue-Management-Venue-owner-management-firefox/error-context.md
]]>
</failure>
<system-out>
<![CDATA[
[[ATTACHMENT|test-results/venue-Venue-Management-Venue-owner-management-firefox/test-failed-1.png]]

[[ATTACHMENT|test-results/venue-Venue-Management-Venue-owner-management-firefox/video.webm]]

[[ATTACHMENT|test-results/venue-Venue-Management-Venue-owner-management-firefox/error-context.md]]
]]>
</system-out>
</testcase>
<testcase name="Venue Management › Venue booking management" classname="venue.spec.ts" time="72.502">
<failure message="venue.spec.ts:123:7 Venue booking management" type="FAILURE">
<![CDATA[  [firefox] › venue.spec.ts:123:7 › Venue Management › Venue booking management ────────────────────

    TimeoutError: page.fill: Timeout 60000ms exceeded.
    Call log:
      - waiting for locator('input[name="email"]')


      124 |     // Login as venue owner
      125 |     await page.goto('/auth/signin');
    > 126 |     await page.fill('input[name="email"]', process.env.TEST_VENUE_OWNER_EMAIL || 'venue@test.local');
          |                ^
      127 |     await page.fill('input[name="password"]', process.env.TEST_VENUE_OWNER_PASSWORD || 'VenuePass123!');
      128 |     await page.click('button[type="submit"]');
      129 |     await expect(page).toHaveURL(/\/dashboard/);
        at /Users/asithalakmal/Documents/web/final project/WeddingLK-next copy/tests/e2e/venue.spec.ts:126:16

    attachment #1: screenshot (image/png) ──────────────────────────────────────────────────────────
    ../../test-results/venue-Venue-Management-Venue-booking-management-firefox/test-failed-1.png
    ────────────────────────────────────────────────────────────────────────────────────────────────

    attachment #2: video (video/webm) ──────────────────────────────────────────────────────────────
    ../../test-results/venue-Venue-Management-Venue-booking-management-firefox/video.webm
    ────────────────────────────────────────────────────────────────────────────────────────────────

    Error Context: ../../test-results/venue-Venue-Management-Venue-booking-management-firefox/error-context.md
]]>
</failure>
<system-out>
<![CDATA[
[[ATTACHMENT|test-results/venue-Venue-Management-Venue-booking-management-firefox/test-failed-1.png]]

[[ATTACHMENT|test-results/venue-Venue-Management-Venue-booking-management-firefox/video.webm]]

[[ATTACHMENT|test-results/venue-Venue-Management-Venue-booking-management-firefox/error-context.md]]
]]>
</system-out>
</testcase>
</testsuite>
<testsuite name="api-integration.spec.ts" timestamp="2025-10-23T12:57:57.279Z" hostname="Mobile Chrome" tests="55" failures="49" skipped="0" time="292.184" errors="0">
<testcase name="🔐 Authentication API Tests › User Registration API" classname="api-integration.spec.ts" time="2.718">
<failure message="api-integration.spec.ts:56:7 User Registration API" type="FAILURE">
<![CDATA[  [Mobile Chrome] › api-integration.spec.ts:56:7 › 🔐 Authentication API Tests › User Registration API 

    Error: expect(received).toBe(expected) // Object.is equality

    Expected: 201
    Received: 400

      64 |     });
      65 |     
    > 66 |     expect(response.status()).toBe(201);
         |                               ^
      67 |     const data = await response.json();
      68 |     expect(data.success).toBe(true);
      69 |     expect(data.message).toContain('User registered successfully');
        at /Users/asithalakmal/Documents/web/final project/WeddingLK-next copy/tests/e2e/api-integration.spec.ts:66:31

    attachment #1: screenshot (image/png) ──────────────────────────────────────────────────────────
    ../../test-results/api-integration-🔐-Authent-2e205-Tests-User-Registration-API-Mobile-Chrome/test-failed-1.png
    ────────────────────────────────────────────────────────────────────────────────────────────────

    attachment #2: video (video/webm) ──────────────────────────────────────────────────────────────
    ../../test-results/api-integration-🔐-Authent-2e205-Tests-User-Registration-API-Mobile-Chrome/video.webm
    ────────────────────────────────────────────────────────────────────────────────────────────────
]]>
</failure>
<system-out>
<![CDATA[
[[ATTACHMENT|test-results/api-integration-🔐-Authent-2e205-Tests-User-Registration-API-Mobile-Chrome/test-failed-1.png]]

[[ATTACHMENT|test-results/api-integration-🔐-Authent-2e205-Tests-User-Registration-API-Mobile-Chrome/video.webm]]
]]>
</system-out>
</testcase>
<testcase name="🔐 Authentication API Tests › User Login API" classname="api-integration.spec.ts" time="2.617">
<failure message="api-integration.spec.ts:72:7 User Login API" type="FAILURE">
<![CDATA[  [Mobile Chrome] › api-integration.spec.ts:72:7 › 🔐 Authentication API Tests › User Login API ────

    Error: expect(received).toBe(expected) // Object.is equality

    Expected: 200
    Received: 400

      78 |     });
      79 |     
    > 80 |     expect(response.status()).toBe(200);
         |                               ^
      81 |     const data = await response.json();
      82 |     expect(data.success).toBe(true);
      83 |     expect(data.token).toBeDefined();
        at /Users/asithalakmal/Documents/web/final project/WeddingLK-next copy/tests/e2e/api-integration.spec.ts:80:31

    attachment #1: screenshot (image/png) ──────────────────────────────────────────────────────────
    ../../test-results/api-integration-🔐-Authentication-API-Tests-User-Login-API-Mobile-Chrome/test-failed-1.png
    ────────────────────────────────────────────────────────────────────────────────────────────────

    attachment #2: video (video/webm) ──────────────────────────────────────────────────────────────
    ../../test-results/api-integration-🔐-Authentication-API-Tests-User-Login-API-Mobile-Chrome/video.webm
    ────────────────────────────────────────────────────────────────────────────────────────────────
]]>
</failure>
<system-out>
<![CDATA[
[[ATTACHMENT|test-results/api-integration-🔐-Authentication-API-Tests-User-Login-API-Mobile-Chrome/test-failed-1.png]]

[[ATTACHMENT|test-results/api-integration-🔐-Authentication-API-Tests-User-Login-API-Mobile-Chrome/video.webm]]
]]>
</system-out>
</testcase>
<testcase name="🔐 Authentication API Tests › Invalid Login API" classname="api-integration.spec.ts" time="2.567">
<failure message="api-integration.spec.ts:87:7 Invalid Login API" type="FAILURE">
<![CDATA[  [Mobile Chrome] › api-integration.spec.ts:87:7 › 🔐 Authentication API Tests › Invalid Login API ─

    Error: expect(received).toBe(expected) // Object.is equality

    Expected: 401
    Received: 400

      93 |     });
      94 |     
    > 95 |     expect(response.status()).toBe(401);
         |                               ^
      96 |     const data = await response.json();
      97 |     expect(data.success).toBe(false);
      98 |     expect(data.message).toContain('Invalid credentials');
        at /Users/asithalakmal/Documents/web/final project/WeddingLK-next copy/tests/e2e/api-integration.spec.ts:95:31

    attachment #1: screenshot (image/png) ──────────────────────────────────────────────────────────
    ../../test-results/api-integration-🔐-Authent-4b7fb-API-Tests-Invalid-Login-API-Mobile-Chrome/test-failed-1.png
    ────────────────────────────────────────────────────────────────────────────────────────────────

    attachment #2: video (video/webm) ──────────────────────────────────────────────────────────────
    ../../test-results/api-integration-🔐-Authent-4b7fb-API-Tests-Invalid-Login-API-Mobile-Chrome/video.webm
    ────────────────────────────────────────────────────────────────────────────────────────────────
]]>
</failure>
<system-out>
<![CDATA[
[[ATTACHMENT|test-results/api-integration-🔐-Authent-4b7fb-API-Tests-Invalid-Login-API-Mobile-Chrome/test-failed-1.png]]

[[ATTACHMENT|test-results/api-integration-🔐-Authent-4b7fb-API-Tests-Invalid-Login-API-Mobile-Chrome/video.webm]]
]]>
</system-out>
</testcase>
<testcase name="🔐 Authentication API Tests › Password Reset API" classname="api-integration.spec.ts" time="4.476">
<failure message="api-integration.spec.ts:101:7 Password Reset API" type="FAILURE">
<![CDATA[  [Mobile Chrome] › api-integration.spec.ts:101:7 › 🔐 Authentication API Tests › Password Reset API 

    Error: expect(received).toContain(expected) // indexOf

    Expected substring: "Password reset email sent"
    Received string:    "If an account with that email exists, a password reset link has been sent."

      107 |     const data = await response.json();
      108 |     expect(data.success).toBe(true);
    > 109 |     expect(data.message).toContain('Password reset email sent');
          |                          ^
      110 |   });
      111 |
      112 |   test('Email Verification API', async ({ page }) => {
        at /Users/asithalakmal/Documents/web/final project/WeddingLK-next copy/tests/e2e/api-integration.spec.ts:109:26

    attachment #1: screenshot (image/png) ──────────────────────────────────────────────────────────
    ../../test-results/api-integration-🔐-Authent-64b4c-PI-Tests-Password-Reset-API-Mobile-Chrome/test-failed-1.png
    ────────────────────────────────────────────────────────────────────────────────────────────────

    attachment #2: video (video/webm) ──────────────────────────────────────────────────────────────
    ../../test-results/api-integration-🔐-Authent-64b4c-PI-Tests-Password-Reset-API-Mobile-Chrome/video.webm
    ────────────────────────────────────────────────────────────────────────────────────────────────
]]>
</failure>
<system-out>
<![CDATA[
[[ATTACHMENT|test-results/api-integration-🔐-Authent-64b4c-PI-Tests-Password-Reset-API-Mobile-Chrome/test-failed-1.png]]

[[ATTACHMENT|test-results/api-integration-🔐-Authent-64b4c-PI-Tests-Password-Reset-API-Mobile-Chrome/video.webm]]
]]>
</system-out>
</testcase>
<testcase name="🔐 Authentication API Tests › Email Verification API" classname="api-integration.spec.ts" time="3.499">
<failure message="api-integration.spec.ts:112:7 Email Verification API" type="FAILURE">
<![CDATA[  [Mobile Chrome] › api-integration.spec.ts:112:7 › 🔐 Authentication API Tests › Email Verification API 

    Error: expect(received).toBe(expected) // Object.is equality

    Expected: 200
    Received: 400

      115 |     });
      116 |     
    > 117 |     expect(response.status()).toBe(200);
          |                               ^
      118 |     const data = await response.json();
      119 |     expect(data.success).toBe(true);
      120 |   });
        at /Users/asithalakmal/Documents/web/final project/WeddingLK-next copy/tests/e2e/api-integration.spec.ts:117:31

    attachment #1: screenshot (image/png) ──────────────────────────────────────────────────────────
    ../../test-results/api-integration-🔐-Authent-28344-ests-Email-Verification-API-Mobile-Chrome/test-failed-1.png
    ────────────────────────────────────────────────────────────────────────────────────────────────

    attachment #2: video (video/webm) ──────────────────────────────────────────────────────────────
    ../../test-results/api-integration-🔐-Authent-28344-ests-Email-Verification-API-Mobile-Chrome/video.webm
    ────────────────────────────────────────────────────────────────────────────────────────────────
]]>
</failure>
<system-out>
<![CDATA[
[[ATTACHMENT|test-results/api-integration-🔐-Authent-28344-ests-Email-Verification-API-Mobile-Chrome/test-failed-1.png]]

[[ATTACHMENT|test-results/api-integration-🔐-Authent-28344-ests-Email-Verification-API-Mobile-Chrome/video.webm]]
]]>
</system-out>
</testcase>
<testcase name="👤 User Management API Tests › Get User Profile API" classname="api-integration.spec.ts" time="2.702">
<failure message="api-integration.spec.ts:124:7 Get User Profile API" type="FAILURE">
<![CDATA[  [Mobile Chrome] › api-integration.spec.ts:124:7 › 👤 User Management API Tests › Get User Profile API 

    SyntaxError: Unexpected token 'E', "Error: Thi"... is not valid JSON

      43 |     data: { email, password }
      44 |   });
    > 45 |   const data = await response.json();
         |                ^
      46 |   return data.token;
      47 | }
      48 |
        at getAuthToken (/Users/asithalakmal/Documents/web/final project/WeddingLK-next copy/tests/e2e/api-integration.spec.ts:45:16)
        at /Users/asithalakmal/Documents/web/final project/WeddingLK-next copy/tests/e2e/api-integration.spec.ts:125:19

    attachment #1: screenshot (image/png) ──────────────────────────────────────────────────────────
    ../../test-results/api-integration-👤-User-Ma-c1c93--Tests-Get-User-Profile-API-Mobile-Chrome/test-failed-1.png
    ────────────────────────────────────────────────────────────────────────────────────────────────

    attachment #2: video (video/webm) ──────────────────────────────────────────────────────────────
    ../../test-results/api-integration-👤-User-Ma-c1c93--Tests-Get-User-Profile-API-Mobile-Chrome/video.webm
    ────────────────────────────────────────────────────────────────────────────────────────────────
]]>
</failure>
<system-out>
<![CDATA[
[[ATTACHMENT|test-results/api-integration-👤-User-Ma-c1c93--Tests-Get-User-Profile-API-Mobile-Chrome/test-failed-1.png]]

[[ATTACHMENT|test-results/api-integration-👤-User-Ma-c1c93--Tests-Get-User-Profile-API-Mobile-Chrome/video.webm]]
]]>
</system-out>
</testcase>
<testcase name="👤 User Management API Tests › Update User Profile API" classname="api-integration.spec.ts" time="2.353">
<failure message="api-integration.spec.ts:136:7 Update User Profile API" type="FAILURE">
<![CDATA[  [Mobile Chrome] › api-integration.spec.ts:136:7 › 👤 User Management API Tests › Update User Profile API 

    SyntaxError: Unexpected token 'E', "Error: Thi"... is not valid JSON

      43 |     data: { email, password }
      44 |   });
    > 45 |   const data = await response.json();
         |                ^
      46 |   return data.token;
      47 | }
      48 |
        at getAuthToken (/Users/asithalakmal/Documents/web/final project/WeddingLK-next copy/tests/e2e/api-integration.spec.ts:45:16)
        at /Users/asithalakmal/Documents/web/final project/WeddingLK-next copy/tests/e2e/api-integration.spec.ts:137:19

    attachment #1: screenshot (image/png) ──────────────────────────────────────────────────────────
    ../../test-results/api-integration-👤-User-Ma-6e586-sts-Update-User-Profile-API-Mobile-Chrome/test-failed-1.png
    ────────────────────────────────────────────────────────────────────────────────────────────────

    attachment #2: video (video/webm) ──────────────────────────────────────────────────────────────
    ../../test-results/api-integration-👤-User-Ma-6e586-sts-Update-User-Profile-API-Mobile-Chrome/video.webm
    ────────────────────────────────────────────────────────────────────────────────────────────────
]]>
</failure>
<system-out>
<![CDATA[
[[ATTACHMENT|test-results/api-integration-👤-User-Ma-6e586-sts-Update-User-Profile-API-Mobile-Chrome/test-failed-1.png]]

[[ATTACHMENT|test-results/api-integration-👤-User-Ma-6e586-sts-Update-User-Profile-API-Mobile-Chrome/video.webm]]
]]>
</system-out>
</testcase>
<testcase name="👤 User Management API Tests › Get User Favorites API" classname="api-integration.spec.ts" time="2.564">
<failure message="api-integration.spec.ts:150:7 Get User Favorites API" type="FAILURE">
<![CDATA[  [Mobile Chrome] › api-integration.spec.ts:150:7 › 👤 User Management API Tests › Get User Favorites API 

    SyntaxError: Unexpected token 'E', "Error: Thi"... is not valid JSON

      43 |     data: { email, password }
      44 |   });
    > 45 |   const data = await response.json();
         |                ^
      46 |   return data.token;
      47 | }
      48 |
        at getAuthToken (/Users/asithalakmal/Documents/web/final project/WeddingLK-next copy/tests/e2e/api-integration.spec.ts:45:16)
        at /Users/asithalakmal/Documents/web/final project/WeddingLK-next copy/tests/e2e/api-integration.spec.ts:151:19

    attachment #1: screenshot (image/png) ──────────────────────────────────────────────────────────
    ../../test-results/api-integration-👤-User-Ma-2df14-ests-Get-User-Favorites-API-Mobile-Chrome/test-failed-1.png
    ────────────────────────────────────────────────────────────────────────────────────────────────

    attachment #2: video (video/webm) ──────────────────────────────────────────────────────────────
    ../../test-results/api-integration-👤-User-Ma-2df14-ests-Get-User-Favorites-API-Mobile-Chrome/video.webm
    ────────────────────────────────────────────────────────────────────────────────────────────────
]]>
</failure>
<system-out>
<![CDATA[
[[ATTACHMENT|test-results/api-integration-👤-User-Ma-2df14-ests-Get-User-Favorites-API-Mobile-Chrome/test-failed-1.png]]

[[ATTACHMENT|test-results/api-integration-👤-User-Ma-2df14-ests-Get-User-Favorites-API-Mobile-Chrome/video.webm]]
]]>
</system-out>
</testcase>
<testcase name="👤 User Management API Tests › Add User Favorite API" classname="api-integration.spec.ts" time="2.517">
<failure message="api-integration.spec.ts:161:7 Add User Favorite API" type="FAILURE">
<![CDATA[  [Mobile Chrome] › api-integration.spec.ts:161:7 › 👤 User Management API Tests › Add User Favorite API 

    SyntaxError: Unexpected token 'E', "Error: Thi"... is not valid JSON

      43 |     data: { email, password }
      44 |   });
    > 45 |   const data = await response.json();
         |                ^
      46 |   return data.token;
      47 | }
      48 |
        at getAuthToken (/Users/asithalakmal/Documents/web/final project/WeddingLK-next copy/tests/e2e/api-integration.spec.ts:45:16)
        at /Users/asithalakmal/Documents/web/final project/WeddingLK-next copy/tests/e2e/api-integration.spec.ts:162:19

    attachment #1: screenshot (image/png) ──────────────────────────────────────────────────────────
    ../../test-results/api-integration-👤-User-Ma-0917f-Tests-Add-User-Favorite-API-Mobile-Chrome/test-failed-1.png
    ────────────────────────────────────────────────────────────────────────────────────────────────

    attachment #2: video (video/webm) ──────────────────────────────────────────────────────────────
    ../../test-results/api-integration-👤-User-Ma-0917f-Tests-Add-User-Favorite-API-Mobile-Chrome/video.webm
    ────────────────────────────────────────────────────────────────────────────────────────────────
]]>
</failure>
<system-out>
<![CDATA[
[[ATTACHMENT|test-results/api-integration-👤-User-Ma-0917f-Tests-Add-User-Favorite-API-Mobile-Chrome/test-failed-1.png]]

[[ATTACHMENT|test-results/api-integration-👤-User-Ma-0917f-Tests-Add-User-Favorite-API-Mobile-Chrome/video.webm]]
]]>
</system-out>
</testcase>
<testcase name="🏢 Vendor Management API Tests › Vendor Registration API" classname="api-integration.spec.ts" time="2.965">
<failure message="api-integration.spec.ts:177:7 Vendor Registration API" type="FAILURE">
<![CDATA[  [Mobile Chrome] › api-integration.spec.ts:177:7 › 🏢 Vendor Management API Tests › Vendor Registration API 

    Error: expect(received).toBe(expected) // Object.is equality

    Expected: 201
    Received: 401

      186 |     });
      187 |     
    > 188 |     expect(response.status()).toBe(201);
          |                               ^
      189 |     const data = await response.json();
      190 |     expect(data.success).toBe(true);
      191 |     expect(data.message).toContain('Vendor registration submitted');
        at /Users/asithalakmal/Documents/web/final project/WeddingLK-next copy/tests/e2e/api-integration.spec.ts:188:31

    attachment #1: screenshot (image/png) ──────────────────────────────────────────────────────────
    ../../test-results/api-integration-🏢-Vendor--a5f85-sts-Vendor-Registration-API-Mobile-Chrome/test-failed-1.png
    ────────────────────────────────────────────────────────────────────────────────────────────────

    attachment #2: video (video/webm) ──────────────────────────────────────────────────────────────
    ../../test-results/api-integration-🏢-Vendor--a5f85-sts-Vendor-Registration-API-Mobile-Chrome/video.webm
    ────────────────────────────────────────────────────────────────────────────────────────────────
]]>
</failure>
<system-out>
<![CDATA[
[[ATTACHMENT|test-results/api-integration-🏢-Vendor--a5f85-sts-Vendor-Registration-API-Mobile-Chrome/test-failed-1.png]]

[[ATTACHMENT|test-results/api-integration-🏢-Vendor--a5f85-sts-Vendor-Registration-API-Mobile-Chrome/video.webm]]
]]>
</system-out>
</testcase>
<testcase name="🏢 Vendor Management API Tests › Get Vendor Services API" classname="api-integration.spec.ts" time="2.31">
<failure message="api-integration.spec.ts:194:7 Get Vendor Services API" type="FAILURE">
<![CDATA[  [Mobile Chrome] › api-integration.spec.ts:194:7 › 🏢 Vendor Management API Tests › Get Vendor Services API 

    SyntaxError: Unexpected token 'E', "Error: Thi"... is not valid JSON

      43 |     data: { email, password }
      44 |   });
    > 45 |   const data = await response.json();
         |                ^
      46 |   return data.token;
      47 | }
      48 |
        at getAuthToken (/Users/asithalakmal/Documents/web/final project/WeddingLK-next copy/tests/e2e/api-integration.spec.ts:45:16)
        at /Users/asithalakmal/Documents/web/final project/WeddingLK-next copy/tests/e2e/api-integration.spec.ts:195:19

    attachment #1: screenshot (image/png) ──────────────────────────────────────────────────────────
    ../../test-results/api-integration-🏢-Vendor--4dc71-sts-Get-Vendor-Services-API-Mobile-Chrome/test-failed-1.png
    ────────────────────────────────────────────────────────────────────────────────────────────────

    attachment #2: video (video/webm) ──────────────────────────────────────────────────────────────
    ../../test-results/api-integration-🏢-Vendor--4dc71-sts-Get-Vendor-Services-API-Mobile-Chrome/video.webm
    ────────────────────────────────────────────────────────────────────────────────────────────────
]]>
</failure>
<system-out>
<![CDATA[
[[ATTACHMENT|test-results/api-integration-🏢-Vendor--4dc71-sts-Get-Vendor-Services-API-Mobile-Chrome/test-failed-1.png]]

[[ATTACHMENT|test-results/api-integration-🏢-Vendor--4dc71-sts-Get-Vendor-Services-API-Mobile-Chrome/video.webm]]
]]>
</system-out>
</testcase>
<testcase name="🏢 Vendor Management API Tests › Create Vendor Service API" classname="api-integration.spec.ts" time="4.976">
<failure message="api-integration.spec.ts:205:7 Create Vendor Service API" type="FAILURE">
<![CDATA[  [Mobile Chrome] › api-integration.spec.ts:205:7 › 🏢 Vendor Management API Tests › Create Vendor Service API 

    SyntaxError: Unexpected token 'E', "Error: Thi"... is not valid JSON

      43 |     data: { email, password }
      44 |   });
    > 45 |   const data = await response.json();
         |                ^
      46 |   return data.token;
      47 | }
      48 |
        at getAuthToken (/Users/asithalakmal/Documents/web/final project/WeddingLK-next copy/tests/e2e/api-integration.spec.ts:45:16)
        at /Users/asithalakmal/Documents/web/final project/WeddingLK-next copy/tests/e2e/api-integration.spec.ts:206:19

    attachment #1: screenshot (image/png) ──────────────────────────────────────────────────────────
    ../../test-results/api-integration-🏢-Vendor--32b06-s-Create-Vendor-Service-API-Mobile-Chrome/test-failed-1.png
    ────────────────────────────────────────────────────────────────────────────────────────────────

    attachment #2: video (video/webm) ──────────────────────────────────────────────────────────────
    ../../test-results/api-integration-🏢-Vendor--32b06-s-Create-Vendor-Service-API-Mobile-Chrome/video.webm
    ────────────────────────────────────────────────────────────────────────────────────────────────
]]>
</failure>
<system-out>
<![CDATA[
[[ATTACHMENT|test-results/api-integration-🏢-Vendor--32b06-s-Create-Vendor-Service-API-Mobile-Chrome/test-failed-1.png]]

[[ATTACHMENT|test-results/api-integration-🏢-Vendor--32b06-s-Create-Vendor-Service-API-Mobile-Chrome/video.webm]]
]]>
</system-out>
</testcase>
<testcase name="🏢 Vendor Management API Tests › Update Vendor Service API" classname="api-integration.spec.ts" time="3.691">
<failure message="api-integration.spec.ts:221:7 Update Vendor Service API" type="FAILURE">
<![CDATA[  [Mobile Chrome] › api-integration.spec.ts:221:7 › 🏢 Vendor Management API Tests › Update Vendor Service API 

    SyntaxError: Unexpected token 'E', "Error: Thi"... is not valid JSON

      43 |     data: { email, password }
      44 |   });
    > 45 |   const data = await response.json();
         |                ^
      46 |   return data.token;
      47 | }
      48 |
        at getAuthToken (/Users/asithalakmal/Documents/web/final project/WeddingLK-next copy/tests/e2e/api-integration.spec.ts:45:16)
        at /Users/asithalakmal/Documents/web/final project/WeddingLK-next copy/tests/e2e/api-integration.spec.ts:222:19

    attachment #1: screenshot (image/png) ──────────────────────────────────────────────────────────
    ../../test-results/api-integration-🏢-Vendor--8ad41-s-Update-Vendor-Service-API-Mobile-Chrome/test-failed-1.png
    ────────────────────────────────────────────────────────────────────────────────────────────────

    attachment #2: video (video/webm) ──────────────────────────────────────────────────────────────
    ../../test-results/api-integration-🏢-Vendor--8ad41-s-Update-Vendor-Service-API-Mobile-Chrome/video.webm
    ────────────────────────────────────────────────────────────────────────────────────────────────
]]>
</failure>
<system-out>
<![CDATA[
[[ATTACHMENT|test-results/api-integration-🏢-Vendor--8ad41-s-Update-Vendor-Service-API-Mobile-Chrome/test-failed-1.png]]

[[ATTACHMENT|test-results/api-integration-🏢-Vendor--8ad41-s-Update-Vendor-Service-API-Mobile-Chrome/video.webm]]
]]>
</system-out>
</testcase>
<testcase name="🏢 Vendor Management API Tests › Delete Vendor Service API" classname="api-integration.spec.ts" time="3.191">
<failure message="api-integration.spec.ts:235:7 Delete Vendor Service API" type="FAILURE">
<![CDATA[  [Mobile Chrome] › api-integration.spec.ts:235:7 › 🏢 Vendor Management API Tests › Delete Vendor Service API 

    SyntaxError: Unexpected token 'E', "Error: Thi"... is not valid JSON

      43 |     data: { email, password }
      44 |   });
    > 45 |   const data = await response.json();
         |                ^
      46 |   return data.token;
      47 | }
      48 |
        at getAuthToken (/Users/asithalakmal/Documents/web/final project/WeddingLK-next copy/tests/e2e/api-integration.spec.ts:45:16)
        at /Users/asithalakmal/Documents/web/final project/WeddingLK-next copy/tests/e2e/api-integration.spec.ts:236:19

    attachment #1: screenshot (image/png) ──────────────────────────────────────────────────────────
    ../../test-results/api-integration-🏢-Vendor--3ac39-s-Delete-Vendor-Service-API-Mobile-Chrome/test-failed-1.png
    ────────────────────────────────────────────────────────────────────────────────────────────────

    attachment #2: video (video/webm) ──────────────────────────────────────────────────────────────
    ../../test-results/api-integration-🏢-Vendor--3ac39-s-Delete-Vendor-Service-API-Mobile-Chrome/video.webm
    ────────────────────────────────────────────────────────────────────────────────────────────────
]]>
</failure>
<system-out>
<![CDATA[
[[ATTACHMENT|test-results/api-integration-🏢-Vendor--3ac39-s-Delete-Vendor-Service-API-Mobile-Chrome/test-failed-1.png]]

[[ATTACHMENT|test-results/api-integration-🏢-Vendor--3ac39-s-Delete-Vendor-Service-API-Mobile-Chrome/video.webm]]
]]>
</system-out>
</testcase>
<testcase name="🏢 Vendor Management API Tests › Get Vendor Analytics API" classname="api-integration.spec.ts" time="2.548">
<failure message="api-integration.spec.ts:246:7 Get Vendor Analytics API" type="FAILURE">
<![CDATA[  [Mobile Chrome] › api-integration.spec.ts:246:7 › 🏢 Vendor Management API Tests › Get Vendor Analytics API 

    SyntaxError: Unexpected token 'E', "Error: Thi"... is not valid JSON

      43 |     data: { email, password }
      44 |   });
    > 45 |   const data = await response.json();
         |                ^
      46 |   return data.token;
      47 | }
      48 |
        at getAuthToken (/Users/asithalakmal/Documents/web/final project/WeddingLK-next copy/tests/e2e/api-integration.spec.ts:45:16)
        at /Users/asithalakmal/Documents/web/final project/WeddingLK-next copy/tests/e2e/api-integration.spec.ts:247:19

    attachment #1: screenshot (image/png) ──────────────────────────────────────────────────────────
    ../../test-results/api-integration-🏢-Vendor--6b8fc-ts-Get-Vendor-Analytics-API-Mobile-Chrome/test-failed-1.png
    ────────────────────────────────────────────────────────────────────────────────────────────────

    attachment #2: video (video/webm) ──────────────────────────────────────────────────────────────
    ../../test-results/api-integration-🏢-Vendor--6b8fc-ts-Get-Vendor-Analytics-API-Mobile-Chrome/video.webm
    ────────────────────────────────────────────────────────────────────────────────────────────────
]]>
</failure>
<system-out>
<![CDATA[
[[ATTACHMENT|test-results/api-integration-🏢-Vendor--6b8fc-ts-Get-Vendor-Analytics-API-Mobile-Chrome/test-failed-1.png]]

[[ATTACHMENT|test-results/api-integration-🏢-Vendor--6b8fc-ts-Get-Vendor-Analytics-API-Mobile-Chrome/video.webm]]
]]>
</system-out>
</testcase>
<testcase name="📅 Booking Management API Tests › Create Booking API" classname="api-integration.spec.ts" time="2.512">
<failure message="api-integration.spec.ts:261:7 Create Booking API" type="FAILURE">
<![CDATA[  [Mobile Chrome] › api-integration.spec.ts:261:7 › 📅 Booking Management API Tests › Create Booking API 

    SyntaxError: Unexpected token 'E', "Error: Thi"... is not valid JSON

      43 |     data: { email, password }
      44 |   });
    > 45 |   const data = await response.json();
         |                ^
      46 |   return data.token;
      47 | }
      48 |
        at getAuthToken (/Users/asithalakmal/Documents/web/final project/WeddingLK-next copy/tests/e2e/api-integration.spec.ts:45:16)
        at /Users/asithalakmal/Documents/web/final project/WeddingLK-next copy/tests/e2e/api-integration.spec.ts:262:19

    attachment #1: screenshot (image/png) ──────────────────────────────────────────────────────────
    ../../test-results/api-integration-📅-Booking-f6016-PI-Tests-Create-Booking-API-Mobile-Chrome/test-failed-1.png
    ────────────────────────────────────────────────────────────────────────────────────────────────

    attachment #2: video (video/webm) ──────────────────────────────────────────────────────────────
    ../../test-results/api-integration-📅-Booking-f6016-PI-Tests-Create-Booking-API-Mobile-Chrome/video.webm
    ────────────────────────────────────────────────────────────────────────────────────────────────
]]>
</failure>
<system-out>
<![CDATA[
[[ATTACHMENT|test-results/api-integration-📅-Booking-f6016-PI-Tests-Create-Booking-API-Mobile-Chrome/test-failed-1.png]]

[[ATTACHMENT|test-results/api-integration-📅-Booking-f6016-PI-Tests-Create-Booking-API-Mobile-Chrome/video.webm]]
]]>
</system-out>
</testcase>
<testcase name="📅 Booking Management API Tests › Get User Bookings API" classname="api-integration.spec.ts" time="3.002">
<failure message="api-integration.spec.ts:279:7 Get User Bookings API" type="FAILURE">
<![CDATA[  [Mobile Chrome] › api-integration.spec.ts:279:7 › 📅 Booking Management API Tests › Get User Bookings API 

    SyntaxError: Unexpected token 'E', "Error: Thi"... is not valid JSON

      43 |     data: { email, password }
      44 |   });
    > 45 |   const data = await response.json();
         |                ^
      46 |   return data.token;
      47 | }
      48 |
        at getAuthToken (/Users/asithalakmal/Documents/web/final project/WeddingLK-next copy/tests/e2e/api-integration.spec.ts:45:16)
        at /Users/asithalakmal/Documents/web/final project/WeddingLK-next copy/tests/e2e/api-integration.spec.ts:280:19

    attachment #1: screenshot (image/png) ──────────────────────────────────────────────────────────
    ../../test-results/api-integration-📅-Booking-0e3ce-Tests-Get-User-Bookings-API-Mobile-Chrome/test-failed-1.png
    ────────────────────────────────────────────────────────────────────────────────────────────────

    attachment #2: video (video/webm) ──────────────────────────────────────────────────────────────
    ../../test-results/api-integration-📅-Booking-0e3ce-Tests-Get-User-Bookings-API-Mobile-Chrome/video.webm
    ────────────────────────────────────────────────────────────────────────────────────────────────
]]>
</failure>
<system-out>
<![CDATA[
[[ATTACHMENT|test-results/api-integration-📅-Booking-0e3ce-Tests-Get-User-Bookings-API-Mobile-Chrome/test-failed-1.png]]

[[ATTACHMENT|test-results/api-integration-📅-Booking-0e3ce-Tests-Get-User-Bookings-API-Mobile-Chrome/video.webm]]
]]>
</system-out>
</testcase>
<testcase name="📅 Booking Management API Tests › Update Booking API" classname="api-integration.spec.ts" time="2.761">
<failure message="api-integration.spec.ts:290:7 Update Booking API" type="FAILURE">
<![CDATA[  [Mobile Chrome] › api-integration.spec.ts:290:7 › 📅 Booking Management API Tests › Update Booking API 

    SyntaxError: Unexpected token 'E', "Error: Thi"... is not valid JSON

      43 |     data: { email, password }
      44 |   });
    > 45 |   const data = await response.json();
         |                ^
      46 |   return data.token;
      47 | }
      48 |
        at getAuthToken (/Users/asithalakmal/Documents/web/final project/WeddingLK-next copy/tests/e2e/api-integration.spec.ts:45:16)
        at /Users/asithalakmal/Documents/web/final project/WeddingLK-next copy/tests/e2e/api-integration.spec.ts:291:19

    attachment #1: screenshot (image/png) ──────────────────────────────────────────────────────────
    ../../test-results/api-integration-📅-Booking-a7a44-PI-Tests-Update-Booking-API-Mobile-Chrome/test-failed-1.png
    ────────────────────────────────────────────────────────────────────────────────────────────────

    attachment #2: video (video/webm) ──────────────────────────────────────────────────────────────
    ../../test-results/api-integration-📅-Booking-a7a44-PI-Tests-Update-Booking-API-Mobile-Chrome/video.webm
    ────────────────────────────────────────────────────────────────────────────────────────────────
]]>
</failure>
<system-out>
<![CDATA[
[[ATTACHMENT|test-results/api-integration-📅-Booking-a7a44-PI-Tests-Update-Booking-API-Mobile-Chrome/test-failed-1.png]]

[[ATTACHMENT|test-results/api-integration-📅-Booking-a7a44-PI-Tests-Update-Booking-API-Mobile-Chrome/video.webm]]
]]>
</system-out>
</testcase>
<testcase name="📅 Booking Management API Tests › Cancel Booking API" classname="api-integration.spec.ts" time="3.204">
<failure message="api-integration.spec.ts:304:7 Cancel Booking API" type="FAILURE">
<![CDATA[  [Mobile Chrome] › api-integration.spec.ts:304:7 › 📅 Booking Management API Tests › Cancel Booking API 

    SyntaxError: Unexpected token 'E', "Error: Thi"... is not valid JSON

      43 |     data: { email, password }
      44 |   });
    > 45 |   const data = await response.json();
         |                ^
      46 |   return data.token;
      47 | }
      48 |
        at getAuthToken (/Users/asithalakmal/Documents/web/final project/WeddingLK-next copy/tests/e2e/api-integration.spec.ts:45:16)
        at /Users/asithalakmal/Documents/web/final project/WeddingLK-next copy/tests/e2e/api-integration.spec.ts:305:19

    attachment #1: screenshot (image/png) ──────────────────────────────────────────────────────────
    ../../test-results/api-integration-📅-Booking-7c911-PI-Tests-Cancel-Booking-API-Mobile-Chrome/test-failed-1.png
    ────────────────────────────────────────────────────────────────────────────────────────────────

    attachment #2: video (video/webm) ──────────────────────────────────────────────────────────────
    ../../test-results/api-integration-📅-Booking-7c911-PI-Tests-Cancel-Booking-API-Mobile-Chrome/video.webm
    ────────────────────────────────────────────────────────────────────────────────────────────────
]]>
</failure>
<system-out>
<![CDATA[
[[ATTACHMENT|test-results/api-integration-📅-Booking-7c911-PI-Tests-Cancel-Booking-API-Mobile-Chrome/test-failed-1.png]]

[[ATTACHMENT|test-results/api-integration-📅-Booking-7c911-PI-Tests-Cancel-Booking-API-Mobile-Chrome/video.webm]]
]]>
</system-out>
</testcase>
<testcase name="📅 Booking Management API Tests › Get Vendor Bookings API" classname="api-integration.spec.ts" time="2.409">
<failure message="api-integration.spec.ts:315:7 Get Vendor Bookings API" type="FAILURE">
<![CDATA[  [Mobile Chrome] › api-integration.spec.ts:315:7 › 📅 Booking Management API Tests › Get Vendor Bookings API 

    SyntaxError: Unexpected token 'E', "Error: Thi"... is not valid JSON

      43 |     data: { email, password }
      44 |   });
    > 45 |   const data = await response.json();
         |                ^
      46 |   return data.token;
      47 | }
      48 |
        at getAuthToken (/Users/asithalakmal/Documents/web/final project/WeddingLK-next copy/tests/e2e/api-integration.spec.ts:45:16)
        at /Users/asithalakmal/Documents/web/final project/WeddingLK-next copy/tests/e2e/api-integration.spec.ts:316:19

    attachment #1: screenshot (image/png) ──────────────────────────────────────────────────────────
    ../../test-results/api-integration-📅-Booking-a710b-sts-Get-Vendor-Bookings-API-Mobile-Chrome/test-failed-1.png
    ────────────────────────────────────────────────────────────────────────────────────────────────

    attachment #2: video (video/webm) ──────────────────────────────────────────────────────────────
    ../../test-results/api-integration-📅-Booking-a710b-sts-Get-Vendor-Bookings-API-Mobile-Chrome/video.webm
    ────────────────────────────────────────────────────────────────────────────────────────────────
]]>
</failure>
<system-out>
<![CDATA[
[[ATTACHMENT|test-results/api-integration-📅-Booking-a710b-sts-Get-Vendor-Bookings-API-Mobile-Chrome/test-failed-1.png]]

[[ATTACHMENT|test-results/api-integration-📅-Booking-a710b-sts-Get-Vendor-Bookings-API-Mobile-Chrome/video.webm]]
]]>
</system-out>
</testcase>
<testcase name="📅 Booking Management API Tests › Update Booking Status API" classname="api-integration.spec.ts" time="3.562">
<failure message="api-integration.spec.ts:326:7 Update Booking Status API" type="FAILURE">
<![CDATA[  [Mobile Chrome] › api-integration.spec.ts:326:7 › 📅 Booking Management API Tests › Update Booking Status API 

    SyntaxError: Unexpected token 'E', "Error: Thi"... is not valid JSON

      43 |     data: { email, password }
      44 |   });
    > 45 |   const data = await response.json();
         |                ^
      46 |   return data.token;
      47 | }
      48 |
        at getAuthToken (/Users/asithalakmal/Documents/web/final project/WeddingLK-next copy/tests/e2e/api-integration.spec.ts:45:16)
        at /Users/asithalakmal/Documents/web/final project/WeddingLK-next copy/tests/e2e/api-integration.spec.ts:327:19

    attachment #1: screenshot (image/png) ──────────────────────────────────────────────────────────
    ../../test-results/api-integration-📅-Booking-458f2-s-Update-Booking-Status-API-Mobile-Chrome/test-failed-1.png
    ────────────────────────────────────────────────────────────────────────────────────────────────

    attachment #2: video (video/webm) ──────────────────────────────────────────────────────────────
    ../../test-results/api-integration-📅-Booking-458f2-s-Update-Booking-Status-API-Mobile-Chrome/video.webm
    ────────────────────────────────────────────────────────────────────────────────────────────────
]]>
</failure>
<system-out>
<![CDATA[
[[ATTACHMENT|test-results/api-integration-📅-Booking-458f2-s-Update-Booking-Status-API-Mobile-Chrome/test-failed-1.png]]

[[ATTACHMENT|test-results/api-integration-📅-Booking-458f2-s-Update-Booking-Status-API-Mobile-Chrome/video.webm]]
]]>
</system-out>
</testcase>
<testcase name="🏛️ Venue Management API Tests › Get Venues API" classname="api-integration.spec.ts" time="2.941">
</testcase>
<testcase name="🏛️ Venue Management API Tests › Get Venue by ID API" classname="api-integration.spec.ts" time="1.155">
<failure message="api-integration.spec.ts:350:7 Get Venue by ID API" type="FAILURE">
<![CDATA[  [Mobile Chrome] › api-integration.spec.ts:350:7 › 🏛️ Venue Management API Tests › Get Venue by ID API 

    Error: expect(received).toBe(expected) // Object.is equality

    Expected: 200
    Received: 500

      350 |   test('Get Venue by ID API', async ({ page }) => {
      351 |     const response = await page.request.get('/api/venues/test-venue-id');
    > 352 |     expect(response.status()).toBe(200);
          |                               ^
      353 |     
      354 |     const data = await response.json();
      355 |     expect(data.success).toBe(true);
        at /Users/asithalakmal/Documents/web/final project/WeddingLK-next copy/tests/e2e/api-integration.spec.ts:352:31

    attachment #1: screenshot (image/png) ──────────────────────────────────────────────────────────
    ../../test-results/api-integration-🏛️-Venue--f15e9-I-Tests-Get-Venue-by-ID-API-Mobile-Chrome/test-failed-1.png
    ────────────────────────────────────────────────────────────────────────────────────────────────

    attachment #2: video (video/webm) ──────────────────────────────────────────────────────────────
    ../../test-results/api-integration-🏛️-Venue--f15e9-I-Tests-Get-Venue-by-ID-API-Mobile-Chrome/video.webm
    ────────────────────────────────────────────────────────────────────────────────────────────────
]]>
</failure>
<system-out>
<![CDATA[
[[ATTACHMENT|test-results/api-integration-🏛️-Venue--f15e9-I-Tests-Get-Venue-by-ID-API-Mobile-Chrome/test-failed-1.png]]

[[ATTACHMENT|test-results/api-integration-🏛️-Venue--f15e9-I-Tests-Get-Venue-by-ID-API-Mobile-Chrome/video.webm]]
]]>
</system-out>
</testcase>
<testcase name="🏛️ Venue Management API Tests › Search Venues API" classname="api-integration.spec.ts" time="3.582">
</testcase>
<testcase name="🏛️ Venue Management API Tests › Get Venue Availability API" classname="api-integration.spec.ts" time="3.353">
<failure message="api-integration.spec.ts:368:7 Get Venue Availability API" type="FAILURE">
<![CDATA[  [Mobile Chrome] › api-integration.spec.ts:368:7 › 🏛️ Venue Management API Tests › Get Venue Availability API 

    Error: expect(received).toBe(expected) // Object.is equality

    Expected: 200
    Received: 500

      368 |   test('Get Venue Availability API', async ({ page }) => {
      369 |     const response = await page.request.get('/api/venues/availability?venueId=test-venue-id&date=2024-12-25');
    > 370 |     expect(response.status()).toBe(200);
          |                               ^
      371 |     
      372 |     const data = await response.json();
      373 |     expect(data.success).toBe(true);
        at /Users/asithalakmal/Documents/web/final project/WeddingLK-next copy/tests/e2e/api-integration.spec.ts:370:31

    attachment #1: screenshot (image/png) ──────────────────────────────────────────────────────────
    ../../test-results/api-integration-🏛️-Venue--1dc52--Get-Venue-Availability-API-Mobile-Chrome/test-failed-1.png
    ────────────────────────────────────────────────────────────────────────────────────────────────

    attachment #2: video (video/webm) ──────────────────────────────────────────────────────────────
    ../../test-results/api-integration-🏛️-Venue--1dc52--Get-Venue-Availability-API-Mobile-Chrome/video.webm
    ────────────────────────────────────────────────────────────────────────────────────────────────
]]>
</failure>
<system-out>
<![CDATA[
[[ATTACHMENT|test-results/api-integration-🏛️-Venue--1dc52--Get-Venue-Availability-API-Mobile-Chrome/test-failed-1.png]]

[[ATTACHMENT|test-results/api-integration-🏛️-Venue--1dc52--Get-Venue-Availability-API-Mobile-Chrome/video.webm]]
]]>
</system-out>
</testcase>
<testcase name="💳 Payment API Tests › Create Payment Intent API" classname="api-integration.spec.ts" time="1.569">
<failure message="api-integration.spec.ts:379:7 Create Payment Intent API" type="FAILURE">
<![CDATA[  [Mobile Chrome] › api-integration.spec.ts:379:7 › 💳 Payment API Tests › Create Payment Intent API 

    SyntaxError: Unexpected token 'E', "Error: Thi"... is not valid JSON

      43 |     data: { email, password }
      44 |   });
    > 45 |   const data = await response.json();
         |                ^
      46 |   return data.token;
      47 | }
      48 |
        at getAuthToken (/Users/asithalakmal/Documents/web/final project/WeddingLK-next copy/tests/e2e/api-integration.spec.ts:45:16)
        at /Users/asithalakmal/Documents/web/final project/WeddingLK-next copy/tests/e2e/api-integration.spec.ts:380:19

    attachment #1: screenshot (image/png) ──────────────────────────────────────────────────────────
    ../../test-results/api-integration-💳-Payment-a4c14-s-Create-Payment-Intent-API-Mobile-Chrome/test-failed-1.png
    ────────────────────────────────────────────────────────────────────────────────────────────────

    attachment #2: video (video/webm) ──────────────────────────────────────────────────────────────
    ../../test-results/api-integration-💳-Payment-a4c14-s-Create-Payment-Intent-API-Mobile-Chrome/video.webm
    ────────────────────────────────────────────────────────────────────────────────────────────────
]]>
</failure>
<system-out>
<![CDATA[
[[ATTACHMENT|test-results/api-integration-💳-Payment-a4c14-s-Create-Payment-Intent-API-Mobile-Chrome/test-failed-1.png]]

[[ATTACHMENT|test-results/api-integration-💳-Payment-a4c14-s-Create-Payment-Intent-API-Mobile-Chrome/video.webm]]
]]>
</system-out>
</testcase>
<testcase name="💳 Payment API Tests › Get Payment History API" classname="api-integration.spec.ts" time="11.66">
<failure message="api-integration.spec.ts:394:7 Get Payment History API" type="FAILURE">
<![CDATA[  [Mobile Chrome] › api-integration.spec.ts:394:7 › 💳 Payment API Tests › Get Payment History API ─

    SyntaxError: Unexpected token 'E', "Error: Thi"... is not valid JSON

      43 |     data: { email, password }
      44 |   });
    > 45 |   const data = await response.json();
         |                ^
      46 |   return data.token;
      47 | }
      48 |
        at getAuthToken (/Users/asithalakmal/Documents/web/final project/WeddingLK-next copy/tests/e2e/api-integration.spec.ts:45:16)
        at /Users/asithalakmal/Documents/web/final project/WeddingLK-next copy/tests/e2e/api-integration.spec.ts:395:19

    attachment #1: screenshot (image/png) ──────────────────────────────────────────────────────────
    ../../test-results/api-integration-💳-Payment-API-Tests-Get-Payment-History-API-Mobile-Chrome/test-failed-1.png
    ────────────────────────────────────────────────────────────────────────────────────────────────

    attachment #2: video (video/webm) ──────────────────────────────────────────────────────────────
    ../../test-results/api-integration-💳-Payment-API-Tests-Get-Payment-History-API-Mobile-Chrome/video.webm
    ────────────────────────────────────────────────────────────────────────────────────────────────
]]>
</failure>
<system-out>
<![CDATA[
[[ATTACHMENT|test-results/api-integration-💳-Payment-API-Tests-Get-Payment-History-API-Mobile-Chrome/test-failed-1.png]]

[[ATTACHMENT|test-results/api-integration-💳-Payment-API-Tests-Get-Payment-History-API-Mobile-Chrome/video.webm]]
]]>
</system-out>
</testcase>
<testcase name="💳 Payment API Tests › Get Payment by ID API" classname="api-integration.spec.ts" time="10.107">
<failure message="api-integration.spec.ts:405:7 Get Payment by ID API" type="FAILURE">
<![CDATA[  [Mobile Chrome] › api-integration.spec.ts:405:7 › 💳 Payment API Tests › Get Payment by ID API ───

    Error: apiRequestContext.post: read ECONNRESET
    Call log:
      - → POST https://wedding-lk.vercel.app/api/auth/login
        - user-agent: Mozilla/5.0 (Linux; Android 11; Pixel 5) AppleWebKit/537.36 (KHTML, like Gecko) Chrome/141.0.7390.37 Mobile Safari/537.36
        - accept: */*
        - accept-encoding: gzip,deflate,br
        - content-type: application/json
        - content-length: 56


      40 | // Helper function to get auth token
      41 | async function getAuthToken(page: any, email: string, password: string) {
    > 42 |   const response = await page.request.post('/api/auth/login', {
         |                                       ^
      43 |     data: { email, password }
      44 |   });
      45 |   const data = await response.json();
        at getAuthToken (/Users/asithalakmal/Documents/web/final project/WeddingLK-next copy/tests/e2e/api-integration.spec.ts:42:39)
        at /Users/asithalakmal/Documents/web/final project/WeddingLK-next copy/tests/e2e/api-integration.spec.ts:406:25

    attachment #1: screenshot (image/png) ──────────────────────────────────────────────────────────
    ../../test-results/api-integration-💳-Payment-API-Tests-Get-Payment-by-ID-API-Mobile-Chrome/test-failed-1.png
    ────────────────────────────────────────────────────────────────────────────────────────────────

    attachment #2: video (video/webm) ──────────────────────────────────────────────────────────────
    ../../test-results/api-integration-💳-Payment-API-Tests-Get-Payment-by-ID-API-Mobile-Chrome/video.webm
    ────────────────────────────────────────────────────────────────────────────────────────────────
]]>
</failure>
<system-out>
<![CDATA[
[[ATTACHMENT|test-results/api-integration-💳-Payment-API-Tests-Get-Payment-by-ID-API-Mobile-Chrome/test-failed-1.png]]

[[ATTACHMENT|test-results/api-integration-💳-Payment-API-Tests-Get-Payment-by-ID-API-Mobile-Chrome/video.webm]]
]]>
</system-out>
</testcase>
<testcase name="📊 Dashboard API Tests › Get Dashboard Stats API" classname="api-integration.spec.ts" time="4.537">
<failure message="api-integration.spec.ts:418:7 Get Dashboard Stats API" type="FAILURE">
<![CDATA[  [Mobile Chrome] › api-integration.spec.ts:418:7 › 📊 Dashboard API Tests › Get Dashboard Stats API 

    SyntaxError: Unexpected token 'E', "Error: Thi"... is not valid JSON

      43 |     data: { email, password }
      44 |   });
    > 45 |   const data = await response.json();
         |                ^
      46 |   return data.token;
      47 | }
      48 |
        at getAuthToken (/Users/asithalakmal/Documents/web/final project/WeddingLK-next copy/tests/e2e/api-integration.spec.ts:45:16)
        at /Users/asithalakmal/Documents/web/final project/WeddingLK-next copy/tests/e2e/api-integration.spec.ts:419:19

    attachment #1: screenshot (image/png) ──────────────────────────────────────────────────────────
    ../../test-results/api-integration-📊-Dashboa-bf9ef-sts-Get-Dashboard-Stats-API-Mobile-Chrome/test-failed-1.png
    ────────────────────────────────────────────────────────────────────────────────────────────────

    attachment #2: video (video/webm) ──────────────────────────────────────────────────────────────
    ../../test-results/api-integration-📊-Dashboa-bf9ef-sts-Get-Dashboard-Stats-API-Mobile-Chrome/video.webm
    ────────────────────────────────────────────────────────────────────────────────────────────────
]]>
</failure>
<system-out>
<![CDATA[
[[ATTACHMENT|test-results/api-integration-📊-Dashboa-bf9ef-sts-Get-Dashboard-Stats-API-Mobile-Chrome/test-failed-1.png]]

[[ATTACHMENT|test-results/api-integration-📊-Dashboa-bf9ef-sts-Get-Dashboard-Stats-API-Mobile-Chrome/video.webm]]
]]>
</system-out>
</testcase>
<testcase name="📊 Dashboard API Tests › Get Dashboard Activity API" classname="api-integration.spec.ts" time="3.639">
<failure message="api-integration.spec.ts:431:7 Get Dashboard Activity API" type="FAILURE">
<![CDATA[  [Mobile Chrome] › api-integration.spec.ts:431:7 › 📊 Dashboard API Tests › Get Dashboard Activity API 

    SyntaxError: Unexpected token 'E', "Error: Thi"... is not valid JSON

      43 |     data: { email, password }
      44 |   });
    > 45 |   const data = await response.json();
         |                ^
      46 |   return data.token;
      47 | }
      48 |
        at getAuthToken (/Users/asithalakmal/Documents/web/final project/WeddingLK-next copy/tests/e2e/api-integration.spec.ts:45:16)
        at /Users/asithalakmal/Documents/web/final project/WeddingLK-next copy/tests/e2e/api-integration.spec.ts:432:19

    attachment #1: screenshot (image/png) ──────────────────────────────────────────────────────────
    ../../test-results/api-integration-📊-Dashboa-0cd31--Get-Dashboard-Activity-API-Mobile-Chrome/test-failed-1.png
    ────────────────────────────────────────────────────────────────────────────────────────────────

    attachment #2: video (video/webm) ──────────────────────────────────────────────────────────────
    ../../test-results/api-integration-📊-Dashboa-0cd31--Get-Dashboard-Activity-API-Mobile-Chrome/video.webm
    ────────────────────────────────────────────────────────────────────────────────────────────────
]]>
</failure>
<system-out>
<![CDATA[
[[ATTACHMENT|test-results/api-integration-📊-Dashboa-0cd31--Get-Dashboard-Activity-API-Mobile-Chrome/test-failed-1.png]]

[[ATTACHMENT|test-results/api-integration-📊-Dashboa-0cd31--Get-Dashboard-Activity-API-Mobile-Chrome/video.webm]]
]]>
</system-out>
</testcase>
<testcase name="📊 Dashboard API Tests › Get User Dashboard Stats API" classname="api-integration.spec.ts" time="3.91">
<failure message="api-integration.spec.ts:442:7 Get User Dashboard Stats API" type="FAILURE">
<![CDATA[  [Mobile Chrome] › api-integration.spec.ts:442:7 › 📊 Dashboard API Tests › Get User Dashboard Stats API 

    SyntaxError: Unexpected token 'E', "Error: Thi"... is not valid JSON

      43 |     data: { email, password }
      44 |   });
    > 45 |   const data = await response.json();
         |                ^
      46 |   return data.token;
      47 | }
      48 |
        at getAuthToken (/Users/asithalakmal/Documents/web/final project/WeddingLK-next copy/tests/e2e/api-integration.spec.ts:45:16)
        at /Users/asithalakmal/Documents/web/final project/WeddingLK-next copy/tests/e2e/api-integration.spec.ts:443:19

    attachment #1: screenshot (image/png) ──────────────────────────────────────────────────────────
    ../../test-results/api-integration-📊-Dashboa-f50b7-et-User-Dashboard-Stats-API-Mobile-Chrome/test-failed-1.png
    ────────────────────────────────────────────────────────────────────────────────────────────────

    attachment #2: video (video/webm) ──────────────────────────────────────────────────────────────
    ../../test-results/api-integration-📊-Dashboa-f50b7-et-User-Dashboard-Stats-API-Mobile-Chrome/video.webm
    ────────────────────────────────────────────────────────────────────────────────────────────────
]]>
</failure>
<system-out>
<![CDATA[
[[ATTACHMENT|test-results/api-integration-📊-Dashboa-f50b7-et-User-Dashboard-Stats-API-Mobile-Chrome/test-failed-1.png]]

[[ATTACHMENT|test-results/api-integration-📊-Dashboa-f50b7-et-User-Dashboard-Stats-API-Mobile-Chrome/video.webm]]
]]>
</system-out>
</testcase>
<testcase name="📊 Dashboard API Tests › Get Vendor Dashboard Stats API" classname="api-integration.spec.ts" time="4.277">
<failure message="api-integration.spec.ts:453:7 Get Vendor Dashboard Stats API" type="FAILURE">
<![CDATA[  [Mobile Chrome] › api-integration.spec.ts:453:7 › 📊 Dashboard API Tests › Get Vendor Dashboard Stats API 

    SyntaxError: Unexpected token 'E', "Error: Thi"... is not valid JSON

      43 |     data: { email, password }
      44 |   });
    > 45 |   const data = await response.json();
         |                ^
      46 |   return data.token;
      47 | }
      48 |
        at getAuthToken (/Users/asithalakmal/Documents/web/final project/WeddingLK-next copy/tests/e2e/api-integration.spec.ts:45:16)
        at /Users/asithalakmal/Documents/web/final project/WeddingLK-next copy/tests/e2e/api-integration.spec.ts:454:19

    attachment #1: screenshot (image/png) ──────────────────────────────────────────────────────────
    ../../test-results/api-integration-📊-Dashboa-87572--Vendor-Dashboard-Stats-API-Mobile-Chrome/test-failed-1.png
    ────────────────────────────────────────────────────────────────────────────────────────────────

    attachment #2: video (video/webm) ──────────────────────────────────────────────────────────────
    ../../test-results/api-integration-📊-Dashboa-87572--Vendor-Dashboard-Stats-API-Mobile-Chrome/video.webm
    ────────────────────────────────────────────────────────────────────────────────────────────────
]]>
</failure>
<system-out>
<![CDATA[
[[ATTACHMENT|test-results/api-integration-📊-Dashboa-87572--Vendor-Dashboard-Stats-API-Mobile-Chrome/test-failed-1.png]]

[[ATTACHMENT|test-results/api-integration-📊-Dashboa-87572--Vendor-Dashboard-Stats-API-Mobile-Chrome/video.webm]]
]]>
</system-out>
</testcase>
<testcase name="📊 Dashboard API Tests › Get Admin Dashboard Stats API" classname="api-integration.spec.ts" time="8.688">
<failure message="api-integration.spec.ts:464:7 Get Admin Dashboard Stats API" type="FAILURE">
<![CDATA[  [Mobile Chrome] › api-integration.spec.ts:464:7 › 📊 Dashboard API Tests › Get Admin Dashboard Stats API 

    SyntaxError: Unexpected token 'E', "Error: Thi"... is not valid JSON

      43 |     data: { email, password }
      44 |   });
    > 45 |   const data = await response.json();
         |                ^
      46 |   return data.token;
      47 | }
      48 |
        at getAuthToken (/Users/asithalakmal/Documents/web/final project/WeddingLK-next copy/tests/e2e/api-integration.spec.ts:45:16)
        at /Users/asithalakmal/Documents/web/final project/WeddingLK-next copy/tests/e2e/api-integration.spec.ts:465:19

    attachment #1: screenshot (image/png) ──────────────────────────────────────────────────────────
    ../../test-results/api-integration-📊-Dashboa-9ac1f-t-Admin-Dashboard-Stats-API-Mobile-Chrome/test-failed-1.png
    ────────────────────────────────────────────────────────────────────────────────────────────────

    attachment #2: video (video/webm) ──────────────────────────────────────────────────────────────
    ../../test-results/api-integration-📊-Dashboa-9ac1f-t-Admin-Dashboard-Stats-API-Mobile-Chrome/video.webm
    ────────────────────────────────────────────────────────────────────────────────────────────────
]]>
</failure>
<system-out>
<![CDATA[
[[ATTACHMENT|test-results/api-integration-📊-Dashboa-9ac1f-t-Admin-Dashboard-Stats-API-Mobile-Chrome/test-failed-1.png]]

[[ATTACHMENT|test-results/api-integration-📊-Dashboa-9ac1f-t-Admin-Dashboard-Stats-API-Mobile-Chrome/video.webm]]
]]>
</system-out>
</testcase>
<testcase name="👥 Wedding Planner API Tests › Get Planner Clients API" classname="api-integration.spec.ts" time="9.702">
<failure message="api-integration.spec.ts:477:7 Get Planner Clients API" type="FAILURE">
<![CDATA[  [Mobile Chrome] › api-integration.spec.ts:477:7 › 👥 Wedding Planner API Tests › Get Planner Clients API 

    SyntaxError: Unexpected token 'E', "Error: Thi"... is not valid JSON

      43 |     data: { email, password }
      44 |   });
    > 45 |   const data = await response.json();
         |                ^
      46 |   return data.token;
      47 | }
      48 |
        at getAuthToken (/Users/asithalakmal/Documents/web/final project/WeddingLK-next copy/tests/e2e/api-integration.spec.ts:45:16)
        at /Users/asithalakmal/Documents/web/final project/WeddingLK-next copy/tests/e2e/api-integration.spec.ts:478:19

    attachment #1: screenshot (image/png) ──────────────────────────────────────────────────────────
    ../../test-results/api-integration-👥-Wedding-2c0a3-sts-Get-Planner-Clients-API-Mobile-Chrome/test-failed-1.png
    ────────────────────────────────────────────────────────────────────────────────────────────────

    attachment #2: video (video/webm) ──────────────────────────────────────────────────────────────
    ../../test-results/api-integration-👥-Wedding-2c0a3-sts-Get-Planner-Clients-API-Mobile-Chrome/video.webm
    ────────────────────────────────────────────────────────────────────────────────────────────────
]]>
</failure>
<system-out>
<![CDATA[
[[ATTACHMENT|test-results/api-integration-👥-Wedding-2c0a3-sts-Get-Planner-Clients-API-Mobile-Chrome/test-failed-1.png]]

[[ATTACHMENT|test-results/api-integration-👥-Wedding-2c0a3-sts-Get-Planner-Clients-API-Mobile-Chrome/video.webm]]
]]>
</system-out>
</testcase>
<testcase name="👥 Wedding Planner API Tests › Create Planner Client API" classname="api-integration.spec.ts" time="8.203">
<failure message="api-integration.spec.ts:488:7 Create Planner Client API" type="FAILURE">
<![CDATA[  [Mobile Chrome] › api-integration.spec.ts:488:7 › 👥 Wedding Planner API Tests › Create Planner Client API 

    SyntaxError: Unexpected token 'E', "Error: Thi"... is not valid JSON

      43 |     data: { email, password }
      44 |   });
    > 45 |   const data = await response.json();
         |                ^
      46 |   return data.token;
      47 | }
      48 |
        at getAuthToken (/Users/asithalakmal/Documents/web/final project/WeddingLK-next copy/tests/e2e/api-integration.spec.ts:45:16)
        at /Users/asithalakmal/Documents/web/final project/WeddingLK-next copy/tests/e2e/api-integration.spec.ts:489:19

    attachment #1: screenshot (image/png) ──────────────────────────────────────────────────────────
    ../../test-results/api-integration-👥-Wedding-61866-s-Create-Planner-Client-API-Mobile-Chrome/test-failed-1.png
    ────────────────────────────────────────────────────────────────────────────────────────────────

    attachment #2: video (video/webm) ──────────────────────────────────────────────────────────────
    ../../test-results/api-integration-👥-Wedding-61866-s-Create-Planner-Client-API-Mobile-Chrome/video.webm
    ────────────────────────────────────────────────────────────────────────────────────────────────
]]>
</failure>
<system-out>
<![CDATA[
[[ATTACHMENT|test-results/api-integration-👥-Wedding-61866-s-Create-Planner-Client-API-Mobile-Chrome/test-failed-1.png]]

[[ATTACHMENT|test-results/api-integration-👥-Wedding-61866-s-Create-Planner-Client-API-Mobile-Chrome/video.webm]]
]]>
</system-out>
</testcase>
<testcase name="👥 Wedding Planner API Tests › Get Planner Tasks API" classname="api-integration.spec.ts" time="11.257">
<failure message="api-integration.spec.ts:504:7 Get Planner Tasks API" type="FAILURE">
<![CDATA[  [Mobile Chrome] › api-integration.spec.ts:504:7 › 👥 Wedding Planner API Tests › Get Planner Tasks API 

    SyntaxError: Unexpected token 'E', "Error: Thi"... is not valid JSON

      43 |     data: { email, password }
      44 |   });
    > 45 |   const data = await response.json();
         |                ^
      46 |   return data.token;
      47 | }
      48 |
        at getAuthToken (/Users/asithalakmal/Documents/web/final project/WeddingLK-next copy/tests/e2e/api-integration.spec.ts:45:16)
        at /Users/asithalakmal/Documents/web/final project/WeddingLK-next copy/tests/e2e/api-integration.spec.ts:505:19

    attachment #1: screenshot (image/png) ──────────────────────────────────────────────────────────
    ../../test-results/api-integration-👥-Wedding-8c90f-Tests-Get-Planner-Tasks-API-Mobile-Chrome/test-failed-1.png
    ────────────────────────────────────────────────────────────────────────────────────────────────

    attachment #2: video (video/webm) ──────────────────────────────────────────────────────────────
    ../../test-results/api-integration-👥-Wedding-8c90f-Tests-Get-Planner-Tasks-API-Mobile-Chrome/video.webm
    ────────────────────────────────────────────────────────────────────────────────────────────────
]]>
</failure>
<system-out>
<![CDATA[
[[ATTACHMENT|test-results/api-integration-👥-Wedding-8c90f-Tests-Get-Planner-Tasks-API-Mobile-Chrome/test-failed-1.png]]

[[ATTACHMENT|test-results/api-integration-👥-Wedding-8c90f-Tests-Get-Planner-Tasks-API-Mobile-Chrome/video.webm]]
]]>
</system-out>
</testcase>
<testcase name="👥 Wedding Planner API Tests › Create Planner Task API" classname="api-integration.spec.ts" time="6.008">
<failure message="api-integration.spec.ts:515:7 Create Planner Task API" type="FAILURE">
<![CDATA[  [Mobile Chrome] › api-integration.spec.ts:515:7 › 👥 Wedding Planner API Tests › Create Planner Task API 

    SyntaxError: Unexpected token 'E', "Error: Thi"... is not valid JSON

      43 |     data: { email, password }
      44 |   });
    > 45 |   const data = await response.json();
         |                ^
      46 |   return data.token;
      47 | }
      48 |
        at getAuthToken (/Users/asithalakmal/Documents/web/final project/WeddingLK-next copy/tests/e2e/api-integration.spec.ts:45:16)
        at /Users/asithalakmal/Documents/web/final project/WeddingLK-next copy/tests/e2e/api-integration.spec.ts:516:19

    attachment #1: screenshot (image/png) ──────────────────────────────────────────────────────────
    ../../test-results/api-integration-👥-Wedding-2690c-sts-Create-Planner-Task-API-Mobile-Chrome/test-failed-1.png
    ────────────────────────────────────────────────────────────────────────────────────────────────

    attachment #2: video (video/webm) ──────────────────────────────────────────────────────────────
    ../../test-results/api-integration-👥-Wedding-2690c-sts-Create-Planner-Task-API-Mobile-Chrome/video.webm
    ────────────────────────────────────────────────────────────────────────────────────────────────
]]>
</failure>
<system-out>
<![CDATA[
[[ATTACHMENT|test-results/api-integration-👥-Wedding-2690c-sts-Create-Planner-Task-API-Mobile-Chrome/test-failed-1.png]]

[[ATTACHMENT|test-results/api-integration-👥-Wedding-2690c-sts-Create-Planner-Task-API-Mobile-Chrome/video.webm]]
]]>
</system-out>
</testcase>
<testcase name="👑 Admin Management API Tests › Get All Users API" classname="api-integration.spec.ts" time="4.243">
<failure message="api-integration.spec.ts:534:7 Get All Users API" type="FAILURE">
<![CDATA[  [Mobile Chrome] › api-integration.spec.ts:534:7 › 👑 Admin Management API Tests › Get All Users API 

    SyntaxError: Unexpected token 'E', "Error: Thi"... is not valid JSON

      43 |     data: { email, password }
      44 |   });
    > 45 |   const data = await response.json();
         |                ^
      46 |   return data.token;
      47 | }
      48 |
        at getAuthToken (/Users/asithalakmal/Documents/web/final project/WeddingLK-next copy/tests/e2e/api-integration.spec.ts:45:16)
        at /Users/asithalakmal/Documents/web/final project/WeddingLK-next copy/tests/e2e/api-integration.spec.ts:535:19

    attachment #1: screenshot (image/png) ──────────────────────────────────────────────────────────
    ../../test-results/api-integration-👑-Admin-M-2be62-API-Tests-Get-All-Users-API-Mobile-Chrome/test-failed-1.png
    ────────────────────────────────────────────────────────────────────────────────────────────────

    attachment #2: video (video/webm) ──────────────────────────────────────────────────────────────
    ../../test-results/api-integration-👑-Admin-M-2be62-API-Tests-Get-All-Users-API-Mobile-Chrome/video.webm
    ────────────────────────────────────────────────────────────────────────────────────────────────
]]>
</failure>
<system-out>
<![CDATA[
[[ATTACHMENT|test-results/api-integration-👑-Admin-M-2be62-API-Tests-Get-All-Users-API-Mobile-Chrome/test-failed-1.png]]

[[ATTACHMENT|test-results/api-integration-👑-Admin-M-2be62-API-Tests-Get-All-Users-API-Mobile-Chrome/video.webm]]
]]>
</system-out>
</testcase>
<testcase name="👑 Admin Management API Tests › Get All Vendors API" classname="api-integration.spec.ts" time="3.004">
<failure message="api-integration.spec.ts:545:7 Get All Vendors API" type="FAILURE">
<![CDATA[  [Mobile Chrome] › api-integration.spec.ts:545:7 › 👑 Admin Management API Tests › Get All Vendors API 

    SyntaxError: Unexpected token 'E', "Error: Thi"... is not valid JSON

      43 |     data: { email, password }
      44 |   });
    > 45 |   const data = await response.json();
         |                ^
      46 |   return data.token;
      47 | }
      48 |
        at getAuthToken (/Users/asithalakmal/Documents/web/final project/WeddingLK-next copy/tests/e2e/api-integration.spec.ts:45:16)
        at /Users/asithalakmal/Documents/web/final project/WeddingLK-next copy/tests/e2e/api-integration.spec.ts:546:19

    attachment #1: screenshot (image/png) ──────────────────────────────────────────────────────────
    ../../test-results/api-integration-👑-Admin-M-588b2-I-Tests-Get-All-Vendors-API-Mobile-Chrome/test-failed-1.png
    ────────────────────────────────────────────────────────────────────────────────────────────────

    attachment #2: video (video/webm) ──────────────────────────────────────────────────────────────
    ../../test-results/api-integration-👑-Admin-M-588b2-I-Tests-Get-All-Vendors-API-Mobile-Chrome/video.webm
    ────────────────────────────────────────────────────────────────────────────────────────────────
]]>
</failure>
<system-out>
<![CDATA[
[[ATTACHMENT|test-results/api-integration-👑-Admin-M-588b2-I-Tests-Get-All-Vendors-API-Mobile-Chrome/test-failed-1.png]]

[[ATTACHMENT|test-results/api-integration-👑-Admin-M-588b2-I-Tests-Get-All-Vendors-API-Mobile-Chrome/video.webm]]
]]>
</system-out>
</testcase>
<testcase name="👑 Admin Management API Tests › Update User Role API" classname="api-integration.spec.ts" time="2.643">
<failure message="api-integration.spec.ts:556:7 Update User Role API" type="FAILURE">
<![CDATA[  [Mobile Chrome] › api-integration.spec.ts:556:7 › 👑 Admin Management API Tests › Update User Role API 

    SyntaxError: Unexpected token 'E', "Error: Thi"... is not valid JSON

      43 |     data: { email, password }
      44 |   });
    > 45 |   const data = await response.json();
         |                ^
      46 |   return data.token;
      47 | }
      48 |
        at getAuthToken (/Users/asithalakmal/Documents/web/final project/WeddingLK-next copy/tests/e2e/api-integration.spec.ts:45:16)
        at /Users/asithalakmal/Documents/web/final project/WeddingLK-next copy/tests/e2e/api-integration.spec.ts:557:19

    attachment #1: screenshot (image/png) ──────────────────────────────────────────────────────────
    ../../test-results/api-integration-👑-Admin-M-426c4--Tests-Update-User-Role-API-Mobile-Chrome/test-failed-1.png
    ────────────────────────────────────────────────────────────────────────────────────────────────

    attachment #2: video (video/webm) ──────────────────────────────────────────────────────────────
    ../../test-results/api-integration-👑-Admin-M-426c4--Tests-Update-User-Role-API-Mobile-Chrome/video.webm
    ────────────────────────────────────────────────────────────────────────────────────────────────
]]>
</failure>
<system-out>
<![CDATA[
[[ATTACHMENT|test-results/api-integration-👑-Admin-M-426c4--Tests-Update-User-Role-API-Mobile-Chrome/test-failed-1.png]]

[[ATTACHMENT|test-results/api-integration-👑-Admin-M-426c4--Tests-Update-User-Role-API-Mobile-Chrome/video.webm]]
]]>
</system-out>
</testcase>
<testcase name="👑 Admin Management API Tests › Get Admin Reports API" classname="api-integration.spec.ts" time="2.987">
<failure message="api-integration.spec.ts:569:7 Get Admin Reports API" type="FAILURE">
<![CDATA[  [Mobile Chrome] › api-integration.spec.ts:569:7 › 👑 Admin Management API Tests › Get Admin Reports API 

    SyntaxError: Unexpected token 'E', "Error: Thi"... is not valid JSON

      43 |     data: { email, password }
      44 |   });
    > 45 |   const data = await response.json();
         |                ^
      46 |   return data.token;
      47 | }
      48 |
        at getAuthToken (/Users/asithalakmal/Documents/web/final project/WeddingLK-next copy/tests/e2e/api-integration.spec.ts:45:16)
        at /Users/asithalakmal/Documents/web/final project/WeddingLK-next copy/tests/e2e/api-integration.spec.ts:570:19

    attachment #1: screenshot (image/png) ──────────────────────────────────────────────────────────
    ../../test-results/api-integration-👑-Admin-M-bc282-Tests-Get-Admin-Reports-API-Mobile-Chrome/test-failed-1.png
    ────────────────────────────────────────────────────────────────────────────────────────────────

    attachment #2: video (video/webm) ──────────────────────────────────────────────────────────────
    ../../test-results/api-integration-👑-Admin-M-bc282-Tests-Get-Admin-Reports-API-Mobile-Chrome/video.webm
    ────────────────────────────────────────────────────────────────────────────────────────────────
]]>
</failure>
<system-out>
<![CDATA[
[[ATTACHMENT|test-results/api-integration-👑-Admin-M-bc282-Tests-Get-Admin-Reports-API-Mobile-Chrome/test-failed-1.png]]

[[ATTACHMENT|test-results/api-integration-👑-Admin-M-bc282-Tests-Get-Admin-Reports-API-Mobile-Chrome/video.webm]]
]]>
</system-out>
</testcase>
<testcase name="🔍 Search and Filter API Tests › Search Venues API" classname="api-integration.spec.ts" time="11.742">
</testcase>
<testcase name="🔍 Search and Filter API Tests › Search Vendors API" classname="api-integration.spec.ts" time="8.535">
</testcase>
<testcase name="🔍 Search and Filter API Tests › Filter Venues by Price API" classname="api-integration.spec.ts" time="1.782">
</testcase>
<testcase name="📱 Mobile API Tests › Mobile App Data API" classname="api-integration.spec.ts" time="1.167">
<failure message="api-integration.spec.ts:611:7 Mobile App Data API" type="FAILURE">
<![CDATA[  [Mobile Chrome] › api-integration.spec.ts:611:7 › 📱 Mobile API Tests › Mobile App Data API ──────

    SyntaxError: Unexpected token 'E', "Error: Thi"... is not valid JSON

      43 |     data: { email, password }
      44 |   });
    > 45 |   const data = await response.json();
         |                ^
      46 |   return data.token;
      47 | }
      48 |
        at getAuthToken (/Users/asithalakmal/Documents/web/final project/WeddingLK-next copy/tests/e2e/api-integration.spec.ts:45:16)
        at /Users/asithalakmal/Documents/web/final project/WeddingLK-next copy/tests/e2e/api-integration.spec.ts:612:19

    attachment #1: screenshot (image/png) ──────────────────────────────────────────────────────────
    ../../test-results/api-integration-📱-Mobile-API-Tests-Mobile-App-Data-API-Mobile-Chrome/test-failed-1.png
    ────────────────────────────────────────────────────────────────────────────────────────────────

    attachment #2: video (video/webm) ──────────────────────────────────────────────────────────────
    ../../test-results/api-integration-📱-Mobile-API-Tests-Mobile-App-Data-API-Mobile-Chrome/video.webm
    ────────────────────────────────────────────────────────────────────────────────────────────────
]]>
</failure>
<system-out>
<![CDATA[
[[ATTACHMENT|test-results/api-integration-📱-Mobile-API-Tests-Mobile-App-Data-API-Mobile-Chrome/test-failed-1.png]]

[[ATTACHMENT|test-results/api-integration-📱-Mobile-API-Tests-Mobile-App-Data-API-Mobile-Chrome/video.webm]]
]]>
</system-out>
</testcase>
<testcase name="📱 Mobile API Tests › Mobile Venues API" classname="api-integration.spec.ts" time="1.346">
<failure message="api-integration.spec.ts:625:7 Mobile Venues API" type="FAILURE">
<![CDATA[  [Mobile Chrome] › api-integration.spec.ts:625:7 › 📱 Mobile API Tests › Mobile Venues API ────────

    SyntaxError: Unexpected token 'E', "Error: Thi"... is not valid JSON

      43 |     data: { email, password }
      44 |   });
    > 45 |   const data = await response.json();
         |                ^
      46 |   return data.token;
      47 | }
      48 |
        at getAuthToken (/Users/asithalakmal/Documents/web/final project/WeddingLK-next copy/tests/e2e/api-integration.spec.ts:45:16)
        at /Users/asithalakmal/Documents/web/final project/WeddingLK-next copy/tests/e2e/api-integration.spec.ts:626:19

    attachment #1: screenshot (image/png) ──────────────────────────────────────────────────────────
    ../../test-results/api-integration-📱-Mobile-API-Tests-Mobile-Venues-API-Mobile-Chrome/test-failed-1.png
    ────────────────────────────────────────────────────────────────────────────────────────────────

    attachment #2: video (video/webm) ──────────────────────────────────────────────────────────────
    ../../test-results/api-integration-📱-Mobile-API-Tests-Mobile-Venues-API-Mobile-Chrome/video.webm
    ────────────────────────────────────────────────────────────────────────────────────────────────
]]>
</failure>
<system-out>
<![CDATA[
[[ATTACHMENT|test-results/api-integration-📱-Mobile-API-Tests-Mobile-Venues-API-Mobile-Chrome/test-failed-1.png]]

[[ATTACHMENT|test-results/api-integration-📱-Mobile-API-Tests-Mobile-Venues-API-Mobile-Chrome/video.webm]]
]]>
</system-out>
</testcase>
<testcase name="🔔 Notification API Tests › Get Notifications API" classname="api-integration.spec.ts" time="3.606">
<failure message="api-integration.spec.ts:641:7 Get Notifications API" type="FAILURE">
<![CDATA[  [Mobile Chrome] › api-integration.spec.ts:641:7 › 🔔 Notification API Tests › Get Notifications API 

    SyntaxError: Unexpected token 'E', "Error: Thi"... is not valid JSON

      43 |     data: { email, password }
      44 |   });
    > 45 |   const data = await response.json();
         |                ^
      46 |   return data.token;
      47 | }
      48 |
        at getAuthToken (/Users/asithalakmal/Documents/web/final project/WeddingLK-next copy/tests/e2e/api-integration.spec.ts:45:16)
        at /Users/asithalakmal/Documents/web/final project/WeddingLK-next copy/tests/e2e/api-integration.spec.ts:642:19

    attachment #1: screenshot (image/png) ──────────────────────────────────────────────────────────
    ../../test-results/api-integration-🔔-Notific-9b174-Tests-Get-Notifications-API-Mobile-Chrome/test-failed-1.png
    ────────────────────────────────────────────────────────────────────────────────────────────────

    attachment #2: video (video/webm) ──────────────────────────────────────────────────────────────
    ../../test-results/api-integration-🔔-Notific-9b174-Tests-Get-Notifications-API-Mobile-Chrome/video.webm
    ────────────────────────────────────────────────────────────────────────────────────────────────
]]>
</failure>
<system-out>
<![CDATA[
[[ATTACHMENT|test-results/api-integration-🔔-Notific-9b174-Tests-Get-Notifications-API-Mobile-Chrome/test-failed-1.png]]

[[ATTACHMENT|test-results/api-integration-🔔-Notific-9b174-Tests-Get-Notifications-API-Mobile-Chrome/video.webm]]
]]>
</system-out>
</testcase>
<testcase name="🔔 Notification API Tests › Mark Notification as Read API" classname="api-integration.spec.ts" time="2.734">
<failure message="api-integration.spec.ts:652:7 Mark Notification as Read API" type="FAILURE">
<![CDATA[  [Mobile Chrome] › api-integration.spec.ts:652:7 › 🔔 Notification API Tests › Mark Notification as Read API 

    SyntaxError: Unexpected token 'E', "Error: Thi"... is not valid JSON

      43 |     data: { email, password }
      44 |   });
    > 45 |   const data = await response.json();
         |                ^
      46 |   return data.token;
      47 | }
      48 |
        at getAuthToken (/Users/asithalakmal/Documents/web/final project/WeddingLK-next copy/tests/e2e/api-integration.spec.ts:45:16)
        at /Users/asithalakmal/Documents/web/final project/WeddingLK-next copy/tests/e2e/api-integration.spec.ts:653:19

    attachment #1: screenshot (image/png) ──────────────────────────────────────────────────────────
    ../../test-results/api-integration-🔔-Notific-6938f-rk-Notification-as-Read-API-Mobile-Chrome/test-failed-1.png
    ────────────────────────────────────────────────────────────────────────────────────────────────

    attachment #2: video (video/webm) ──────────────────────────────────────────────────────────────
    ../../test-results/api-integration-🔔-Notific-6938f-rk-Notification-as-Read-API-Mobile-Chrome/video.webm
    ────────────────────────────────────────────────────────────────────────────────────────────────
]]>
</failure>
<system-out>
<![CDATA[
[[ATTACHMENT|test-results/api-integration-🔔-Notific-6938f-rk-Notification-as-Read-API-Mobile-Chrome/test-failed-1.png]]

[[ATTACHMENT|test-results/api-integration-🔔-Notific-6938f-rk-Notification-as-Read-API-Mobile-Chrome/video.webm]]
]]>
</system-out>
</testcase>
<testcase name="🛡️ Security and Error Handling API Tests › Unauthorized API Access" classname="api-integration.spec.ts" time="3.351">
<failure message="api-integration.spec.ts:665:7 Unauthorized API Access" type="FAILURE">
<![CDATA[  [Mobile Chrome] › api-integration.spec.ts:665:7 › 🛡️ Security and Error Handling API Tests › Unauthorized API Access 

    Error: expect(received).toContain(expected) // indexOf

    Expected substring: "Unauthorized"
    Received string:    "Authentication required"

      668 |     
      669 |     const data = await response.json();
    > 670 |     expect(data.error).toContain('Unauthorized');
          |                        ^
      671 |   });
      672 |
      673 |   test('Invalid Token API Access', async ({ page }) => {
        at /Users/asithalakmal/Documents/web/final project/WeddingLK-next copy/tests/e2e/api-integration.spec.ts:670:24

    attachment #1: screenshot (image/png) ──────────────────────────────────────────────────────────
    ../../test-results/api-integration-🛡️-Securi-b5273-sts-Unauthorized-API-Access-Mobile-Chrome/test-failed-1.png
    ────────────────────────────────────────────────────────────────────────────────────────────────

    attachment #2: video (video/webm) ──────────────────────────────────────────────────────────────
    ../../test-results/api-integration-🛡️-Securi-b5273-sts-Unauthorized-API-Access-Mobile-Chrome/video.webm
    ────────────────────────────────────────────────────────────────────────────────────────────────
]]>
</failure>
<system-out>
<![CDATA[
[[ATTACHMENT|test-results/api-integration-🛡️-Securi-b5273-sts-Unauthorized-API-Access-Mobile-Chrome/test-failed-1.png]]

[[ATTACHMENT|test-results/api-integration-🛡️-Securi-b5273-sts-Unauthorized-API-Access-Mobile-Chrome/video.webm]]
]]>
</system-out>
</testcase>
<testcase name="🛡️ Security and Error Handling API Tests › Invalid Token API Access" classname="api-integration.spec.ts" time="2.913">
</testcase>
<testcase name="🛡️ Security and Error Handling API Tests › Rate Limiting API" classname="api-integration.spec.ts" time="2.933">
<failure message="api-integration.spec.ts:680:7 Rate Limiting API" type="FAILURE">
<![CDATA[  [Mobile Chrome] › api-integration.spec.ts:680:7 › 🛡️ Security and Error Handling API Tests › Rate Limiting API 

    Error: expect(received).toBeGreaterThan(expected)

    Expected: > 0
    Received:   0

      688 |     
      689 |     // At least one request should be rate limited
    > 690 |     expect(rateLimitedResponses.length).toBeGreaterThan(0);
          |                                         ^
      691 |   });
      692 |
      693 |   test('Input Validation API', async ({ page }) => {
        at /Users/asithalakmal/Documents/web/final project/WeddingLK-next copy/tests/e2e/api-integration.spec.ts:690:41

    attachment #1: screenshot (image/png) ──────────────────────────────────────────────────────────
    ../../test-results/api-integration-🛡️-Securi-733b3-API-Tests-Rate-Limiting-API-Mobile-Chrome/test-failed-1.png
    ────────────────────────────────────────────────────────────────────────────────────────────────

    attachment #2: video (video/webm) ──────────────────────────────────────────────────────────────
    ../../test-results/api-integration-🛡️-Securi-733b3-API-Tests-Rate-Limiting-API-Mobile-Chrome/video.webm
    ────────────────────────────────────────────────────────────────────────────────────────────────
]]>
</failure>
<system-out>
<![CDATA[
[[ATTACHMENT|test-results/api-integration-🛡️-Securi-733b3-API-Tests-Rate-Limiting-API-Mobile-Chrome/test-failed-1.png]]

[[ATTACHMENT|test-results/api-integration-🛡️-Securi-733b3-API-Tests-Rate-Limiting-API-Mobile-Chrome/video.webm]]
]]>
</system-out>
</testcase>
<testcase name="🛡️ Security and Error Handling API Tests › Input Validation API" classname="api-integration.spec.ts" time="4.444">
<failure message="api-integration.spec.ts:693:7 Input Validation API" type="FAILURE">
<![CDATA[  [Mobile Chrome] › api-integration.spec.ts:693:7 › 🛡️ Security and Error Handling API Tests › Input Validation API 

    Error: expect(received).toBeDefined()

    Received: undefined

      702 |     expect(response.status()).toBe(400);
      703 |     const data = await response.json();
    > 704 |     expect(data.errors).toBeDefined();
          |                         ^
      705 |   });
      706 | });
      707 |
        at /Users/asithalakmal/Documents/web/final project/WeddingLK-next copy/tests/e2e/api-integration.spec.ts:704:25

    attachment #1: screenshot (image/png) ──────────────────────────────────────────────────────────
    ../../test-results/api-integration-🛡️-Securi-8d139--Tests-Input-Validation-API-Mobile-Chrome/test-failed-1.png
    ────────────────────────────────────────────────────────────────────────────────────────────────

    attachment #2: video (video/webm) ──────────────────────────────────────────────────────────────
    ../../test-results/api-integration-🛡️-Securi-8d139--Tests-Input-Validation-API-Mobile-Chrome/video.webm
    ────────────────────────────────────────────────────────────────────────────────────────────────
]]>
</failure>
<system-out>
<![CDATA[
[[ATTACHMENT|test-results/api-integration-🛡️-Securi-8d139--Tests-Input-Validation-API-Mobile-Chrome/test-failed-1.png]]

[[ATTACHMENT|test-results/api-integration-🛡️-Securi-8d139--Tests-Input-Validation-API-Mobile-Chrome/video.webm]]
]]>
</system-out>
</testcase>
<testcase name="📊 Analytics and Monitoring API Tests › Performance Monitoring API" classname="api-integration.spec.ts" time="3.869">
<failure message="api-integration.spec.ts:709:7 Performance Monitoring API" type="FAILURE">
<![CDATA[  [Mobile Chrome] › api-integration.spec.ts:709:7 › 📊 Analytics and Monitoring API Tests › Performance Monitoring API 

    Error: expect(received).toBeDefined()

    Received: undefined

      713 |     const data = await response.json();
      714 |     expect(data.success).toBe(true);
    > 715 |     expect(data.metrics).toBeDefined();
          |                          ^
      716 |   });
      717 |
      718 |   test('Health Check API', async ({ page }) => {
        at /Users/asithalakmal/Documents/web/final project/WeddingLK-next copy/tests/e2e/api-integration.spec.ts:715:26

    attachment #1: screenshot (image/png) ──────────────────────────────────────────────────────────
    ../../test-results/api-integration-📊-Analyti-8d4fe--Performance-Monitoring-API-Mobile-Chrome/test-failed-1.png
    ────────────────────────────────────────────────────────────────────────────────────────────────

    attachment #2: video (video/webm) ──────────────────────────────────────────────────────────────
    ../../test-results/api-integration-📊-Analyti-8d4fe--Performance-Monitoring-API-Mobile-Chrome/video.webm
    ────────────────────────────────────────────────────────────────────────────────────────────────
]]>
</failure>
<system-out>
<![CDATA[
[[ATTACHMENT|test-results/api-integration-📊-Analyti-8d4fe--Performance-Monitoring-API-Mobile-Chrome/test-failed-1.png]]

[[ATTACHMENT|test-results/api-integration-📊-Analyti-8d4fe--Performance-Monitoring-API-Mobile-Chrome/video.webm]]
]]>
</system-out>
</testcase>
<testcase name="📊 Analytics and Monitoring API Tests › Health Check API" classname="api-integration.spec.ts" time="70.566">
<failure message="api-integration.spec.ts:718:7 Health Check API" type="FAILURE">
<![CDATA[  [Mobile Chrome] › api-integration.spec.ts:718:7 › 📊 Analytics and Monitoring API Tests › Health Check API 

    TimeoutError: apiRequestContext.get: Timeout 60000ms exceeded.
    Call log:
      - → GET https://wedding-lk.vercel.app/api/health
        - user-agent: Mozilla/5.0 (Linux; Android 11; Pixel 5) AppleWebKit/537.36 (KHTML, like Gecko) Chrome/141.0.7390.37 Mobile Safari/537.36
        - accept: */*
        - accept-encoding: gzip,deflate,br


      717 |
      718 |   test('Health Check API', async ({ page }) => {
    > 719 |     const response = await page.request.get('/api/health');
          |                                         ^
      720 |     expect(response.status()).toBe(200);
      721 |     
      722 |     const data = await response.json();
        at /Users/asithalakmal/Documents/web/final project/WeddingLK-next copy/tests/e2e/api-integration.spec.ts:719:41

    attachment #1: screenshot (image/png) ──────────────────────────────────────────────────────────
    ../../test-results/api-integration-📊-Analyti-e1193--API-Tests-Health-Check-API-Mobile-Chrome/test-failed-1.png
    ────────────────────────────────────────────────────────────────────────────────────────────────

    attachment #2: video (video/webm) ──────────────────────────────────────────────────────────────
    ../../test-results/api-integration-📊-Analyti-e1193--API-Tests-Health-Check-API-Mobile-Chrome/video.webm
    ────────────────────────────────────────────────────────────────────────────────────────────────
]]>
</failure>
<system-out>
<![CDATA[
[[ATTACHMENT|test-results/api-integration-📊-Analyti-e1193--API-Tests-Health-Check-API-Mobile-Chrome/test-failed-1.png]]

[[ATTACHMENT|test-results/api-integration-📊-Analyti-e1193--API-Tests-Health-Check-API-Mobile-Chrome/video.webm]]
]]>
</system-out>
</testcase>
<testcase name="📊 Analytics and Monitoring API Tests › Error Tracking API" classname="api-integration.spec.ts" time="2.587">
<failure message="api-integration.spec.ts:727:7 Error Tracking API" type="FAILURE">
<![CDATA[  [Mobile Chrome] › api-integration.spec.ts:727:7 › 📊 Analytics and Monitoring API Tests › Error Tracking API 

    Error: expect(received).toBe(expected) // Object.is equality

    Expected: 200
    Received: 401

      727 |   test('Error Tracking API', async ({ page }) => {
      728 |     const response = await page.request.get('/api/errors');
    > 729 |     expect(response.status()).toBe(200);
          |                               ^
      730 |     
      731 |     const data = await response.json();
      732 |     expect(data.success).toBe(true);
        at /Users/asithalakmal/Documents/web/final project/WeddingLK-next copy/tests/e2e/api-integration.spec.ts:729:31

    attachment #1: screenshot (image/png) ──────────────────────────────────────────────────────────
    ../../test-results/api-integration-📊-Analyti-cbfaa-PI-Tests-Error-Tracking-API-Mobile-Chrome/test-failed-1.png
    ────────────────────────────────────────────────────────────────────────────────────────────────

    attachment #2: video (video/webm) ──────────────────────────────────────────────────────────────
    ../../test-results/api-integration-📊-Analyti-cbfaa-PI-Tests-Error-Tracking-API-Mobile-Chrome/video.webm
    ────────────────────────────────────────────────────────────────────────────────────────────────
]]>
</failure>
<system-out>
<![CDATA[
[[ATTACHMENT|test-results/api-integration-📊-Analyti-cbfaa-PI-Tests-Error-Tracking-API-Mobile-Chrome/test-failed-1.png]]

[[ATTACHMENT|test-results/api-integration-📊-Analyti-cbfaa-PI-Tests-Error-Tracking-API-Mobile-Chrome/video.webm]]
]]>
</system-out>
</testcase>
</testsuite>
<testsuite name="auth.spec.ts" timestamp="2025-10-23T12:57:57.279Z" hostname="Mobile Chrome" tests="8" failures="8" skipped="0" time="703.875" errors="0">
<testcase name="Authentication Flows › User registration -&gt; email verification -&gt; login -&gt; logout" classname="auth.spec.ts" time="79.812">
<failure message="auth.spec.ts:10:7 User registration -&gt; email verification -&gt; login -&gt; logout" type="FAILURE">
<![CDATA[  [Mobile Chrome] › auth.spec.ts:10:7 › Authentication Flows › User registration -> email verification -> login -> logout 

    TimeoutError: page.fill: Timeout 60000ms exceeded.
    Call log:
      - waiting for locator('input[name="name"]')


      17 |     // Go to signup
      18 |     await page.goto('/auth/signup');
    > 19 |     await page.fill('input[name="name"]', user.name);
         |                ^
      20 |     await page.fill('input[name="email"]', user.email);
      21 |     await page.fill('input[name="password"]', user.password);
      22 |     await page.fill('input[name="confirmPassword"]', user.password);
        at /Users/asithalakmal/Documents/web/final project/WeddingLK-next copy/tests/e2e/auth.spec.ts:19:16

    attachment #1: screenshot (image/png) ──────────────────────────────────────────────────────────
    ../../test-results/auth-Authentication-Flows--b45f1-rification---login---logout-Mobile-Chrome/test-failed-1.png
    ────────────────────────────────────────────────────────────────────────────────────────────────

    attachment #2: video (video/webm) ──────────────────────────────────────────────────────────────
    ../../test-results/auth-Authentication-Flows--b45f1-rification---login---logout-Mobile-Chrome/video.webm
    ────────────────────────────────────────────────────────────────────────────────────────────────

    Error Context: ../../test-results/auth-Authentication-Flows--b45f1-rification---login---logout-Mobile-Chrome/error-context.md
]]>
</failure>
<system-out>
<![CDATA[
[[ATTACHMENT|test-results/auth-Authentication-Flows--b45f1-rification---login---logout-Mobile-Chrome/test-failed-1.png]]

[[ATTACHMENT|test-results/auth-Authentication-Flows--b45f1-rification---login---logout-Mobile-Chrome/video.webm]]

[[ATTACHMENT|test-results/auth-Authentication-Flows--b45f1-rification---login---logout-Mobile-Chrome/error-context.md]]
]]>
</system-out>
<system-err>
<![CDATA[Failed to seed test data: 
]]>
</system-err>
</testcase>
<testcase name="Authentication Flows › Login with invalid credentials should show error" classname="auth.spec.ts" time="78.581">
<failure message="auth.spec.ts:50:7 Login with invalid credentials should show error" type="FAILURE">
<![CDATA[  [Mobile Chrome] › auth.spec.ts:50:7 › Authentication Flows › Login with invalid credentials should show error 

    TimeoutError: page.fill: Timeout 60000ms exceeded.
    Call log:
      - waiting for locator('input[name="email"]')


      50 |   test('Login with invalid credentials should show error', async ({ page }) => {
      51 |     await page.goto('/auth/signin');
    > 52 |     await page.fill('input[name="email"]', 'invalid@example.com');
         |                ^
      53 |     await page.fill('input[name="password"]', 'wrongpassword');
      54 |     await page.click('button[type="submit"]');
      55 |
        at /Users/asithalakmal/Documents/web/final project/WeddingLK-next copy/tests/e2e/auth.spec.ts:52:16

    attachment #1: screenshot (image/png) ──────────────────────────────────────────────────────────
    ../../test-results/auth-Authentication-Flows--2b2a9-edentials-should-show-error-Mobile-Chrome/test-failed-1.png
    ────────────────────────────────────────────────────────────────────────────────────────────────

    attachment #2: video (video/webm) ──────────────────────────────────────────────────────────────
    ../../test-results/auth-Authentication-Flows--2b2a9-edentials-should-show-error-Mobile-Chrome/video.webm
    ────────────────────────────────────────────────────────────────────────────────────────────────

    Error Context: ../../test-results/auth-Authentication-Flows--2b2a9-edentials-should-show-error-Mobile-Chrome/error-context.md
]]>
</failure>
<system-out>
<![CDATA[
[[ATTACHMENT|test-results/auth-Authentication-Flows--2b2a9-edentials-should-show-error-Mobile-Chrome/test-failed-1.png]]

[[ATTACHMENT|test-results/auth-Authentication-Flows--2b2a9-edentials-should-show-error-Mobile-Chrome/video.webm]]

[[ATTACHMENT|test-results/auth-Authentication-Flows--2b2a9-edentials-should-show-error-Mobile-Chrome/error-context.md]]
]]>
</system-out>
<system-err>
<![CDATA[Failed to seed test data: 
]]>
</system-err>
</testcase>
<testcase name="Authentication Flows › Forgot password flow" classname="auth.spec.ts" time="77.58">
<failure message="auth.spec.ts:59:7 Forgot password flow" type="FAILURE">
<![CDATA[  [Mobile Chrome] › auth.spec.ts:59:7 › Authentication Flows › Forgot password flow ────────────────

    TimeoutError: page.fill: Timeout 60000ms exceeded.
    Call log:
      - waiting for locator('input[name="email"]')


      61 |     
      62 |     await page.goto('/auth/forgot-password');
    > 63 |     await page.fill('input[name="email"]', email);
         |                ^
      64 |     await page.click('button[type="submit"]');
      65 |
      66 |     await expect(page.locator('.success, .toast-success, [data-testid="success-message"]')).toBeVisible();
        at /Users/asithalakmal/Documents/web/final project/WeddingLK-next copy/tests/e2e/auth.spec.ts:63:16

    attachment #1: screenshot (image/png) ──────────────────────────────────────────────────────────
    ../../test-results/auth-Authentication-Flows-Forgot-password-flow-Mobile-Chrome/test-failed-1.png
    ────────────────────────────────────────────────────────────────────────────────────────────────

    attachment #2: video (video/webm) ──────────────────────────────────────────────────────────────
    ../../test-results/auth-Authentication-Flows-Forgot-password-flow-Mobile-Chrome/video.webm
    ────────────────────────────────────────────────────────────────────────────────────────────────

    Error Context: ../../test-results/auth-Authentication-Flows-Forgot-password-flow-Mobile-Chrome/error-context.md
]]>
</failure>
<system-out>
<![CDATA[
[[ATTACHMENT|test-results/auth-Authentication-Flows-Forgot-password-flow-Mobile-Chrome/test-failed-1.png]]

[[ATTACHMENT|test-results/auth-Authentication-Flows-Forgot-password-flow-Mobile-Chrome/video.webm]]

[[ATTACHMENT|test-results/auth-Authentication-Flows-Forgot-password-flow-Mobile-Chrome/error-context.md]]
]]>
</system-out>
<system-err>
<![CDATA[Failed to seed test data: 
]]>
</system-err>
</testcase>
<testcase name="Authentication Flows › Social login with Google" classname="auth.spec.ts" time="88.462">
<failure message="auth.spec.ts:75:7 Social login with Google" type="FAILURE">
<![CDATA[  [Mobile Chrome] › auth.spec.ts:75:7 › Authentication Flows › Social login with Google ────────────

    TimeoutError: page.click: Timeout 60000ms exceeded.
    Call log:
      - waiting for locator('button[data-testid="google-login"], .google-login-button')


      92 |     });
      93 |
    > 94 |     await page.click('button[data-testid="google-login"], .google-login-button');
         |                ^
      95 |     await expect(page).toHaveURL(/\/dashboard/);
      96 |   });
      97 |
        at /Users/asithalakmal/Documents/web/final project/WeddingLK-next copy/tests/e2e/auth.spec.ts:94:16

    attachment #1: screenshot (image/png) ──────────────────────────────────────────────────────────
    ../../test-results/auth-Authentication-Flows-Social-login-with-Google-Mobile-Chrome/test-failed-1.png
    ────────────────────────────────────────────────────────────────────────────────────────────────

    attachment #2: video (video/webm) ──────────────────────────────────────────────────────────────
    ../../test-results/auth-Authentication-Flows-Social-login-with-Google-Mobile-Chrome/video.webm
    ────────────────────────────────────────────────────────────────────────────────────────────────

    Error Context: ../../test-results/auth-Authentication-Flows-Social-login-with-Google-Mobile-Chrome/error-context.md
]]>
</failure>
<system-out>
<![CDATA[
[[ATTACHMENT|test-results/auth-Authentication-Flows-Social-login-with-Google-Mobile-Chrome/test-failed-1.png]]

[[ATTACHMENT|test-results/auth-Authentication-Flows-Social-login-with-Google-Mobile-Chrome/video.webm]]

[[ATTACHMENT|test-results/auth-Authentication-Flows-Social-login-with-Google-Mobile-Chrome/error-context.md]]
]]>
</system-out>
<system-err>
<![CDATA[Failed to seed test data: 
]]>
</system-err>
</testcase>
<testcase name="Authentication Flows › Two-factor authentication setup" classname="auth.spec.ts" time="87.534">
<failure message="auth.spec.ts:98:7 Two-factor authentication setup" type="FAILURE">
<![CDATA[  [Mobile Chrome] › auth.spec.ts:98:7 › Authentication Flows › Two-factor authentication setup ─────

    TimeoutError: page.fill: Timeout 60000ms exceeded.
    Call log:
      - waiting for locator('input[name="email"]')


       99 |     // Login first
      100 |     await page.goto('/auth/signin');
    > 101 |     await page.fill('input[name="email"]', process.env.TEST_USER_EMAIL || 'test@example.com');
          |                ^
      102 |     await page.fill('input[name="password"]', process.env.TEST_USER_PASSWORD || 'TestPass123!');
      103 |     await page.click('button[type="submit"]');
      104 |     await expect(page).toHaveURL(/\/dashboard/);
        at /Users/asithalakmal/Documents/web/final project/WeddingLK-next copy/tests/e2e/auth.spec.ts:101:16

    attachment #1: screenshot (image/png) ──────────────────────────────────────────────────────────
    ../../test-results/auth-Authentication-Flows-Two-factor-authentication-setup-Mobile-Chrome/test-failed-1.png
    ────────────────────────────────────────────────────────────────────────────────────────────────

    attachment #2: video (video/webm) ──────────────────────────────────────────────────────────────
    ../../test-results/auth-Authentication-Flows-Two-factor-authentication-setup-Mobile-Chrome/video.webm
    ────────────────────────────────────────────────────────────────────────────────────────────────

    Error Context: ../../test-results/auth-Authentication-Flows-Two-factor-authentication-setup-Mobile-Chrome/error-context.md
]]>
</failure>
<system-out>
<![CDATA[
[[ATTACHMENT|test-results/auth-Authentication-Flows-Two-factor-authentication-setup-Mobile-Chrome/test-failed-1.png]]

[[ATTACHMENT|test-results/auth-Authentication-Flows-Two-factor-authentication-setup-Mobile-Chrome/video.webm]]

[[ATTACHMENT|test-results/auth-Authentication-Flows-Two-factor-authentication-setup-Mobile-Chrome/error-context.md]]
]]>
</system-out>
<system-err>
<![CDATA[Failed to seed test data: 
]]>
</system-err>
</testcase>
<testcase name="Authentication Flows › Login with test user credentials" classname="auth.spec.ts" time="101.199">
<failure message="auth.spec.ts:125:7 Login with test user credentials" type="FAILURE">
<![CDATA[  [Mobile Chrome] › auth.spec.ts:125:7 › Authentication Flows › Login with test user credentials ───

    TimeoutError: page.fill: Timeout 60000ms exceeded.
    Call log:
      - waiting for locator('input[name="email"]')


       at ../helpers/auth-helper.ts:43

      41 |   const user = TEST_USERS[userType];
      42 |   await page.goto('/auth/signin');
    > 43 |   await page.fill('input[name="email"]', user.email);
         |              ^
      44 |   await page.fill('input[name="password"]', user.password);
      45 |   await page.click('button[type="submit"]');
      46 |   await page.waitForURL(/\/dashboard/);
        at loginAsUser (/Users/asithalakmal/Documents/web/final project/WeddingLK-next copy/tests/helpers/auth-helper.ts:43:14)
        at /Users/asithalakmal/Documents/web/final project/WeddingLK-next copy/tests/e2e/auth.spec.ts:127:5

    attachment #1: screenshot (image/png) ──────────────────────────────────────────────────────────
    ../../test-results/auth-Authentication-Flows-Login-with-test-user-credentials-Mobile-Chrome/test-failed-1.png
    ────────────────────────────────────────────────────────────────────────────────────────────────

    attachment #2: video (video/webm) ──────────────────────────────────────────────────────────────
    ../../test-results/auth-Authentication-Flows-Login-with-test-user-credentials-Mobile-Chrome/video.webm
    ────────────────────────────────────────────────────────────────────────────────────────────────

    Error Context: ../../test-results/auth-Authentication-Flows-Login-with-test-user-credentials-Mobile-Chrome/error-context.md
]]>
</failure>
<system-out>
<![CDATA[
[[ATTACHMENT|test-results/auth-Authentication-Flows-Login-with-test-user-credentials-Mobile-Chrome/test-failed-1.png]]

[[ATTACHMENT|test-results/auth-Authentication-Flows-Login-with-test-user-credentials-Mobile-Chrome/video.webm]]

[[ATTACHMENT|test-results/auth-Authentication-Flows-Login-with-test-user-credentials-Mobile-Chrome/error-context.md]]
]]>
</system-out>
<system-err>
<![CDATA[Failed to seed test data: 
]]>
</system-err>
</testcase>
<testcase name="Authentication Flows › Login with test vendor credentials" classname="auth.spec.ts" time="102.368">
<failure message="auth.spec.ts:132:7 Login with test vendor credentials" type="FAILURE">
<![CDATA[  [Mobile Chrome] › auth.spec.ts:132:7 › Authentication Flows › Login with test vendor credentials ─

    TimeoutError: page.fill: Timeout 60000ms exceeded.
    Call log:
      - waiting for locator('input[name="email"]')


       at ../helpers/auth-helper.ts:43

      41 |   const user = TEST_USERS[userType];
      42 |   await page.goto('/auth/signin');
    > 43 |   await page.fill('input[name="email"]', user.email);
         |              ^
      44 |   await page.fill('input[name="password"]', user.password);
      45 |   await page.click('button[type="submit"]');
      46 |   await page.waitForURL(/\/dashboard/);
        at loginAsUser (/Users/asithalakmal/Documents/web/final project/WeddingLK-next copy/tests/helpers/auth-helper.ts:43:14)
        at /Users/asithalakmal/Documents/web/final project/WeddingLK-next copy/tests/e2e/auth.spec.ts:134:5

    attachment #1: screenshot (image/png) ──────────────────────────────────────────────────────────
    ../../test-results/auth-Authentication-Flows-Login-with-test-vendor-credentials-Mobile-Chrome/test-failed-1.png
    ────────────────────────────────────────────────────────────────────────────────────────────────

    attachment #2: video (video/webm) ──────────────────────────────────────────────────────────────
    ../../test-results/auth-Authentication-Flows-Login-with-test-vendor-credentials-Mobile-Chrome/video.webm
    ────────────────────────────────────────────────────────────────────────────────────────────────

    Error Context: ../../test-results/auth-Authentication-Flows-Login-with-test-vendor-credentials-Mobile-Chrome/error-context.md
]]>
</failure>
<system-out>
<![CDATA[
[[ATTACHMENT|test-results/auth-Authentication-Flows-Login-with-test-vendor-credentials-Mobile-Chrome/test-failed-1.png]]

[[ATTACHMENT|test-results/auth-Authentication-Flows-Login-with-test-vendor-credentials-Mobile-Chrome/video.webm]]

[[ATTACHMENT|test-results/auth-Authentication-Flows-Login-with-test-vendor-credentials-Mobile-Chrome/error-context.md]]
]]>
</system-out>
<system-err>
<![CDATA[Failed to seed test data: 
]]>
</system-err>
</testcase>
<testcase name="Authentication Flows › Login with test admin credentials" classname="auth.spec.ts" time="88.339">
<failure message="auth.spec.ts:139:7 Login with test admin credentials" type="FAILURE">
<![CDATA[  [Mobile Chrome] › auth.spec.ts:139:7 › Authentication Flows › Login with test admin credentials ──

    TimeoutError: page.fill: Timeout 60000ms exceeded.
    Call log:
      - waiting for locator('input[name="email"]')


       at ../helpers/auth-helper.ts:43

      41 |   const user = TEST_USERS[userType];
      42 |   await page.goto('/auth/signin');
    > 43 |   await page.fill('input[name="email"]', user.email);
         |              ^
      44 |   await page.fill('input[name="password"]', user.password);
      45 |   await page.click('button[type="submit"]');
      46 |   await page.waitForURL(/\/dashboard/);
        at loginAsUser (/Users/asithalakmal/Documents/web/final project/WeddingLK-next copy/tests/helpers/auth-helper.ts:43:14)
        at /Users/asithalakmal/Documents/web/final project/WeddingLK-next copy/tests/e2e/auth.spec.ts:141:5

    attachment #1: screenshot (image/png) ──────────────────────────────────────────────────────────
    ../../test-results/auth-Authentication-Flows-Login-with-test-admin-credentials-Mobile-Chrome/test-failed-1.png
    ────────────────────────────────────────────────────────────────────────────────────────────────

    attachment #2: video (video/webm) ──────────────────────────────────────────────────────────────
    ../../test-results/auth-Authentication-Flows-Login-with-test-admin-credentials-Mobile-Chrome/video.webm
    ────────────────────────────────────────────────────────────────────────────────────────────────

    Error Context: ../../test-results/auth-Authentication-Flows-Login-with-test-admin-credentials-Mobile-Chrome/error-context.md
]]>
</failure>
<system-out>
<![CDATA[
[[ATTACHMENT|test-results/auth-Authentication-Flows-Login-with-test-admin-credentials-Mobile-Chrome/test-failed-1.png]]

[[ATTACHMENT|test-results/auth-Authentication-Flows-Login-with-test-admin-credentials-Mobile-Chrome/video.webm]]

[[ATTACHMENT|test-results/auth-Authentication-Flows-Login-with-test-admin-credentials-Mobile-Chrome/error-context.md]]
]]>
</system-out>
<system-err>
<![CDATA[Failed to seed test data: 
]]>
</system-err>
</testcase>
</testsuite>
<testsuite name="booking.spec.ts" timestamp="2025-10-23T12:57:57.279Z" hostname="Mobile Chrome" tests="6" failures="6" skipped="0" time="511.519" errors="0">
<testcase name="Booking System › Complete booking flow with payment mock" classname="booking.spec.ts" time="79.871">
<failure message="booking.spec.ts:5:7 Complete booking flow with payment mock" type="FAILURE">
<![CDATA[  [Mobile Chrome] › booking.spec.ts:5:7 › Booking System › Complete booking flow with payment mock ─

    TimeoutError: page.fill: Timeout 60000ms exceeded.
    Call log:
      - waiting for locator('input[placeholder*="Search"], input[name="search"]')


      13 |
      14 |     // Search for vendors/venues
    > 15 |     await page.fill('input[placeholder*="Search"], input[name="search"]', 'photography');
         |                ^
      16 |     await page.click('button:has-text("Search"), button[type="submit"]');
      17 |
      18 |     // Select a vendor
        at /Users/asithalakmal/Documents/web/final project/WeddingLK-next copy/tests/e2e/booking.spec.ts:15:16

    attachment #1: screenshot (image/png) ──────────────────────────────────────────────────────────
    ../../test-results/booking-Booking-System-Com-f0892-king-flow-with-payment-mock-Mobile-Chrome/test-failed-1.png
    ────────────────────────────────────────────────────────────────────────────────────────────────

    attachment #2: video (video/webm) ──────────────────────────────────────────────────────────────
    ../../test-results/booking-Booking-System-Com-f0892-king-flow-with-payment-mock-Mobile-Chrome/video.webm
    ────────────────────────────────────────────────────────────────────────────────────────────────

    Error Context: ../../test-results/booking-Booking-System-Com-f0892-king-flow-with-payment-mock-Mobile-Chrome/error-context.md
]]>
</failure>
<system-out>
<![CDATA[
[[ATTACHMENT|test-results/booking-Booking-System-Com-f0892-king-flow-with-payment-mock-Mobile-Chrome/test-failed-1.png]]

[[ATTACHMENT|test-results/booking-Booking-System-Com-f0892-king-flow-with-payment-mock-Mobile-Chrome/video.webm]]

[[ATTACHMENT|test-results/booking-Booking-System-Com-f0892-king-flow-with-payment-mock-Mobile-Chrome/error-context.md]]
]]>
</system-out>
</testcase>
<testcase name="Booking System › Booking modification and cancellation" classname="booking.spec.ts" time="62.962">
<failure message="booking.spec.ts:64:7 Booking modification and cancellation" type="FAILURE">
<![CDATA[  [Mobile Chrome] › booking.spec.ts:64:7 › Booking System › Booking modification and cancellation ──

    TimeoutError: page.goto: Timeout 60000ms exceeded.
    Call log:
      - navigating to "https://wedding-lk.vercel.app/auth/signin", waiting until "load"


      64 |   test('Booking modification and cancellation', async ({ page }) => {
      65 |     // Login as customer
    > 66 |     await page.goto('/auth/signin');
         |                ^
      67 |     await page.fill('input[name="email"]', process.env.TEST_CUSTOMER_EMAIL || 'customer@test.local');
      68 |     await page.fill('input[name="password"]', process.env.TEST_CUSTOMER_PASSWORD || 'CustomerPass123!');
      69 |     await page.click('button[type="submit"]');
        at /Users/asithalakmal/Documents/web/final project/WeddingLK-next copy/tests/e2e/booking.spec.ts:66:16

    attachment #1: screenshot (image/png) ──────────────────────────────────────────────────────────
    ../../test-results/booking-Booking-System-Booking-modification-and-cancellation-Mobile-Chrome/test-failed-1.png
    ────────────────────────────────────────────────────────────────────────────────────────────────

    attachment #2: video (video/webm) ──────────────────────────────────────────────────────────────
    ../../test-results/booking-Booking-System-Booking-modification-and-cancellation-Mobile-Chrome/video.webm
    ────────────────────────────────────────────────────────────────────────────────────────────────

    Error Context: ../../test-results/booking-Booking-System-Booking-modification-and-cancellation-Mobile-Chrome/error-context.md
]]>
</failure>
<system-out>
<![CDATA[
[[ATTACHMENT|test-results/booking-Booking-System-Booking-modification-and-cancellation-Mobile-Chrome/test-failed-1.png]]

[[ATTACHMENT|test-results/booking-Booking-System-Booking-modification-and-cancellation-Mobile-Chrome/video.webm]]

[[ATTACHMENT|test-results/booking-Booking-System-Booking-modification-and-cancellation-Mobile-Chrome/error-context.md]]
]]>
</system-out>
</testcase>
<testcase name="Booking System › Booking status tracking" classname="booking.spec.ts" time="117.766">
<failure message="booking.spec.ts:110:7 Booking status tracking" type="FAILURE">
<![CDATA[  [Mobile Chrome] › booking.spec.ts:110:7 › Booking System › Booking status tracking ───────────────

    TimeoutError: page.fill: Timeout 60000ms exceeded.
    Call log:
      - waiting for locator('input[name="email"]')


      111 |     // Login as customer
      112 |     await page.goto('/auth/signin');
    > 113 |     await page.fill('input[name="email"]', process.env.TEST_CUSTOMER_EMAIL || 'customer@test.local');
          |                ^
      114 |     await page.fill('input[name="password"]', process.env.TEST_CUSTOMER_PASSWORD || 'CustomerPass123!');
      115 |     await page.click('button[type="submit"]');
      116 |     await expect(page).toHaveURL(/\/dashboard/);
        at /Users/asithalakmal/Documents/web/final project/WeddingLK-next copy/tests/e2e/booking.spec.ts:113:16

    attachment #1: screenshot (image/png) ──────────────────────────────────────────────────────────
    ../../test-results/booking-Booking-System-Booking-status-tracking-Mobile-Chrome/test-failed-1.png
    ────────────────────────────────────────────────────────────────────────────────────────────────

    attachment #2: video (video/webm) ──────────────────────────────────────────────────────────────
    ../../test-results/booking-Booking-System-Booking-status-tracking-Mobile-Chrome/video.webm
    ────────────────────────────────────────────────────────────────────────────────────────────────

    Error Context: ../../test-results/booking-Booking-System-Booking-status-tracking-Mobile-Chrome/error-context.md
]]>
</failure>
<system-out>
<![CDATA[
[[ATTACHMENT|test-results/booking-Booking-System-Booking-status-tracking-Mobile-Chrome/test-failed-1.png]]

[[ATTACHMENT|test-results/booking-Booking-System-Booking-status-tracking-Mobile-Chrome/video.webm]]

[[ATTACHMENT|test-results/booking-Booking-System-Booking-status-tracking-Mobile-Chrome/error-context.md]]
]]>
</system-out>
</testcase>
<testcase name="Booking System › Vendor booking acceptance workflow" classname="booking.spec.ts" time="92.122">
<failure message="booking.spec.ts:131:7 Vendor booking acceptance workflow" type="FAILURE">
<![CDATA[  [Mobile Chrome] › booking.spec.ts:131:7 › Booking System › Vendor booking acceptance workflow ────

    TimeoutError: page.fill: Timeout 60000ms exceeded.
    Call log:
      - waiting for locator('input[name="email"]')


      132 |     // Login as vendor
      133 |     await page.goto('/auth/signin');
    > 134 |     await page.fill('input[name="email"]', process.env.TEST_VENDOR_EMAIL || 'vendor@test.local');
          |                ^
      135 |     await page.fill('input[name="password"]', process.env.TEST_VENDOR_PASSWORD || 'VendorPass123!');
      136 |     await page.click('button[type="submit"]');
      137 |     await expect(page).toHaveURL(/\/dashboard/);
        at /Users/asithalakmal/Documents/web/final project/WeddingLK-next copy/tests/e2e/booking.spec.ts:134:16

    attachment #1: screenshot (image/png) ──────────────────────────────────────────────────────────
    ../../test-results/booking-Booking-System-Vendor-booking-acceptance-workflow-Mobile-Chrome/test-failed-1.png
    ────────────────────────────────────────────────────────────────────────────────────────────────

    attachment #2: video (video/webm) ──────────────────────────────────────────────────────────────
    ../../test-results/booking-Booking-System-Vendor-booking-acceptance-workflow-Mobile-Chrome/video.webm
    ────────────────────────────────────────────────────────────────────────────────────────────────

    Error Context: ../../test-results/booking-Booking-System-Vendor-booking-acceptance-workflow-Mobile-Chrome/error-context.md
]]>
</failure>
<system-out>
<![CDATA[
[[ATTACHMENT|test-results/booking-Booking-System-Vendor-booking-acceptance-workflow-Mobile-Chrome/test-failed-1.png]]

[[ATTACHMENT|test-results/booking-Booking-System-Vendor-booking-acceptance-workflow-Mobile-Chrome/video.webm]]

[[ATTACHMENT|test-results/booking-Booking-System-Vendor-booking-acceptance-workflow-Mobile-Chrome/error-context.md]]
]]>
</system-out>
</testcase>
<testcase name="Booking System › Booking communication and messaging" classname="booking.spec.ts" time="84.137">
<failure message="booking.spec.ts:170:7 Booking communication and messaging" type="FAILURE">
<![CDATA[  [Mobile Chrome] › booking.spec.ts:170:7 › Booking System › Booking communication and messaging ───

    TimeoutError: page.fill: Timeout 60000ms exceeded.
    Call log:
      - waiting for locator('input[name="email"]')


      171 |     // Login as customer
      172 |     await page.goto('/auth/signin');
    > 173 |     await page.fill('input[name="email"]', process.env.TEST_CUSTOMER_EMAIL || 'customer@test.local');
          |                ^
      174 |     await page.fill('input[name="password"]', process.env.TEST_CUSTOMER_PASSWORD || 'CustomerPass123!');
      175 |     await page.click('button[type="submit"]');
      176 |     await expect(page).toHaveURL(/\/dashboard/);
        at /Users/asithalakmal/Documents/web/final project/WeddingLK-next copy/tests/e2e/booking.spec.ts:173:16

    attachment #1: screenshot (image/png) ──────────────────────────────────────────────────────────
    ../../test-results/booking-Booking-System-Booking-communication-and-messaging-Mobile-Chrome/test-failed-1.png
    ────────────────────────────────────────────────────────────────────────────────────────────────

    attachment #2: video (video/webm) ──────────────────────────────────────────────────────────────
    ../../test-results/booking-Booking-System-Booking-communication-and-messaging-Mobile-Chrome/video.webm
    ────────────────────────────────────────────────────────────────────────────────────────────────

    Error Context: ../../test-results/booking-Booking-System-Booking-communication-and-messaging-Mobile-Chrome/error-context.md
]]>
</failure>
<system-out>
<![CDATA[
[[ATTACHMENT|test-results/booking-Booking-System-Booking-communication-and-messaging-Mobile-Chrome/test-failed-1.png]]

[[ATTACHMENT|test-results/booking-Booking-System-Booking-communication-and-messaging-Mobile-Chrome/video.webm]]

[[ATTACHMENT|test-results/booking-Booking-System-Booking-communication-and-messaging-Mobile-Chrome/error-context.md]]
]]>
</system-out>
</testcase>
<testcase name="Booking System › Booking payment and refund processing" classname="booking.spec.ts" time="74.661">
<failure message="booking.spec.ts:191:7 Booking payment and refund processing" type="FAILURE">
<![CDATA[  [Mobile Chrome] › booking.spec.ts:191:7 › Booking System › Booking payment and refund processing ─

    TimeoutError: page.fill: Timeout 60000ms exceeded.
    Call log:
      - waiting for locator('input[name="email"]')


      192 |     // Login as customer
      193 |     await page.goto('/auth/signin');
    > 194 |     await page.fill('input[name="email"]', process.env.TEST_CUSTOMER_EMAIL || 'customer@test.local');
          |                ^
      195 |     await page.fill('input[name="password"]', process.env.TEST_CUSTOMER_PASSWORD || 'CustomerPass123!');
      196 |     await page.click('button[type="submit"]');
      197 |     await expect(page).toHaveURL(/\/dashboard/);
        at /Users/asithalakmal/Documents/web/final project/WeddingLK-next copy/tests/e2e/booking.spec.ts:194:16

    attachment #1: screenshot (image/png) ──────────────────────────────────────────────────────────
    ../../test-results/booking-Booking-System-Booking-payment-and-refund-processing-Mobile-Chrome/test-failed-1.png
    ────────────────────────────────────────────────────────────────────────────────────────────────

    attachment #2: video (video/webm) ──────────────────────────────────────────────────────────────
    ../../test-results/booking-Booking-System-Booking-payment-and-refund-processing-Mobile-Chrome/video.webm
    ────────────────────────────────────────────────────────────────────────────────────────────────

    Error Context: ../../test-results/booking-Booking-System-Booking-payment-and-refund-processing-Mobile-Chrome/error-context.md
]]>
</failure>
<system-out>
<![CDATA[
[[ATTACHMENT|test-results/booking-Booking-System-Booking-payment-and-refund-processing-Mobile-Chrome/test-failed-1.png]]

[[ATTACHMENT|test-results/booking-Booking-System-Booking-payment-and-refund-processing-Mobile-Chrome/video.webm]]

[[ATTACHMENT|test-results/booking-Booking-System-Booking-payment-and-refund-processing-Mobile-Chrome/error-context.md]]
]]>
</system-out>
</testcase>
</testsuite>
<testsuite name="comprehensive-crud.spec.ts" timestamp="2025-10-23T12:57:57.279Z" hostname="Mobile Chrome" tests="28" failures="28" skipped="0" time="2484.254" errors="0">
<testcase name="🔐 Authentication &amp; User Management CRUD › User Registration Flow" classname="comprehensive-crud.spec.ts" time="77.609">
<failure message="comprehensive-crud.spec.ts:52:7 User Registration Flow" type="FAILURE">
<![CDATA[  [Mobile Chrome] › comprehensive-crud.spec.ts:52:7 › 🔐 Authentication & User Management CRUD › User Registration Flow 

    TimeoutError: page.fill: Timeout 60000ms exceeded.
    Call log:
      - waiting for locator('input[name="name"]')


      54 |     
      55 |     // Fill registration form
    > 56 |     await page.fill('input[name="name"]', testUsers.regularUser.name);
         |                ^
      57 |     await page.fill('input[name="email"]', testUsers.regularUser.email);
      58 |     await page.fill('input[name="password"]', testUsers.regularUser.password);
      59 |     await page.fill('input[name="confirmPassword"]', testUsers.regularUser.password);
        at /Users/asithalakmal/Documents/web/final project/WeddingLK-next copy/tests/e2e/comprehensive-crud.spec.ts:56:16

    attachment #1: screenshot (image/png) ──────────────────────────────────────────────────────────
    ../../test-results/comprehensive-crud-🔐-Auth-d5d79-CRUD-User-Registration-Flow-Mobile-Chrome/test-failed-1.png
    ────────────────────────────────────────────────────────────────────────────────────────────────

    attachment #2: video (video/webm) ──────────────────────────────────────────────────────────────
    ../../test-results/comprehensive-crud-🔐-Auth-d5d79-CRUD-User-Registration-Flow-Mobile-Chrome/video.webm
    ────────────────────────────────────────────────────────────────────────────────────────────────

    Error Context: ../../test-results/comprehensive-crud-🔐-Auth-d5d79-CRUD-User-Registration-Flow-Mobile-Chrome/error-context.md
]]>
</failure>
<system-out>
<![CDATA[
[[ATTACHMENT|test-results/comprehensive-crud-🔐-Auth-d5d79-CRUD-User-Registration-Flow-Mobile-Chrome/test-failed-1.png]]

[[ATTACHMENT|test-results/comprehensive-crud-🔐-Auth-d5d79-CRUD-User-Registration-Flow-Mobile-Chrome/video.webm]]

[[ATTACHMENT|test-results/comprehensive-crud-🔐-Auth-d5d79-CRUD-User-Registration-Flow-Mobile-Chrome/error-context.md]]
]]>
</system-out>
</testcase>
<testcase name="🔐 Authentication &amp; User Management CRUD › User Login Flow" classname="comprehensive-crud.spec.ts" time="76.342">
<failure message="comprehensive-crud.spec.ts:68:7 User Login Flow" type="FAILURE">
<![CDATA[  [Mobile Chrome] › comprehensive-crud.spec.ts:68:7 › 🔐 Authentication & User Management CRUD › User Login Flow 

    TimeoutError: page.fill: Timeout 60000ms exceeded.
    Call log:
      - waiting for locator('input[name="email"]')


      70 |     
      71 |     // Fill login form
    > 72 |     await page.fill('input[name="email"]', testUsers.regularUser.email);
         |                ^
      73 |     await page.fill('input[name="password"]', testUsers.regularUser.password);
      74 |     
      75 |     // Submit login
        at /Users/asithalakmal/Documents/web/final project/WeddingLK-next copy/tests/e2e/comprehensive-crud.spec.ts:72:16

    attachment #1: screenshot (image/png) ──────────────────────────────────────────────────────────
    ../../test-results/comprehensive-crud-🔐-Auth-b3a02-gement-CRUD-User-Login-Flow-Mobile-Chrome/test-failed-1.png
    ────────────────────────────────────────────────────────────────────────────────────────────────

    attachment #2: video (video/webm) ──────────────────────────────────────────────────────────────
    ../../test-results/comprehensive-crud-🔐-Auth-b3a02-gement-CRUD-User-Login-Flow-Mobile-Chrome/video.webm
    ────────────────────────────────────────────────────────────────────────────────────────────────

    Error Context: ../../test-results/comprehensive-crud-🔐-Auth-b3a02-gement-CRUD-User-Login-Flow-Mobile-Chrome/error-context.md
]]>
</failure>
<system-out>
<![CDATA[
[[ATTACHMENT|test-results/comprehensive-crud-🔐-Auth-b3a02-gement-CRUD-User-Login-Flow-Mobile-Chrome/test-failed-1.png]]

[[ATTACHMENT|test-results/comprehensive-crud-🔐-Auth-b3a02-gement-CRUD-User-Login-Flow-Mobile-Chrome/video.webm]]

[[ATTACHMENT|test-results/comprehensive-crud-🔐-Auth-b3a02-gement-CRUD-User-Login-Flow-Mobile-Chrome/error-context.md]]
]]>
</system-out>
</testcase>
<testcase name="🔐 Authentication &amp; User Management CRUD › User Profile CRUD Operations" classname="comprehensive-crud.spec.ts" time="89.436">
<failure message="comprehensive-crud.spec.ts:82:7 User Profile CRUD Operations" type="FAILURE">
<![CDATA[  [Mobile Chrome] › comprehensive-crud.spec.ts:82:7 › 🔐 Authentication & User Management CRUD › User Profile CRUD Operations 

    TimeoutError: page.fill: Timeout 60000ms exceeded.
    Call log:
      - waiting for locator('input[name="email"]')


      83 |     // Login first
      84 |     await page.goto('/auth/signin');
    > 85 |     await page.fill('input[name="email"]', testUsers.regularUser.email);
         |                ^
      86 |     await page.fill('input[name="password"]', testUsers.regularUser.password);
      87 |     await page.click('button[type="submit"]');
      88 |     await expect(page).toHaveURL(/\/dashboard/);
        at /Users/asithalakmal/Documents/web/final project/WeddingLK-next copy/tests/e2e/comprehensive-crud.spec.ts:85:16

    attachment #1: screenshot (image/png) ──────────────────────────────────────────────────────────
    ../../test-results/comprehensive-crud-🔐-Auth-7a9a3-ser-Profile-CRUD-Operations-Mobile-Chrome/test-failed-1.png
    ────────────────────────────────────────────────────────────────────────────────────────────────

    attachment #2: video (video/webm) ──────────────────────────────────────────────────────────────
    ../../test-results/comprehensive-crud-🔐-Auth-7a9a3-ser-Profile-CRUD-Operations-Mobile-Chrome/video.webm
    ────────────────────────────────────────────────────────────────────────────────────────────────

    Error Context: ../../test-results/comprehensive-crud-🔐-Auth-7a9a3-ser-Profile-CRUD-Operations-Mobile-Chrome/error-context.md
]]>
</failure>
<system-out>
<![CDATA[
[[ATTACHMENT|test-results/comprehensive-crud-🔐-Auth-7a9a3-ser-Profile-CRUD-Operations-Mobile-Chrome/test-failed-1.png]]

[[ATTACHMENT|test-results/comprehensive-crud-🔐-Auth-7a9a3-ser-Profile-CRUD-Operations-Mobile-Chrome/video.webm]]

[[ATTACHMENT|test-results/comprehensive-crud-🔐-Auth-7a9a3-ser-Profile-CRUD-Operations-Mobile-Chrome/error-context.md]]
]]>
</system-out>
</testcase>
<testcase name="🔐 Authentication &amp; User Management CRUD › User Settings CRUD Operations" classname="comprehensive-crud.spec.ts" time="85.143">
<failure message="comprehensive-crud.spec.ts:106:7 User Settings CRUD Operations" type="FAILURE">
<![CDATA[  [Mobile Chrome] › comprehensive-crud.spec.ts:106:7 › 🔐 Authentication & User Management CRUD › User Settings CRUD Operations 

    TimeoutError: page.fill: Timeout 60000ms exceeded.
    Call log:
      - waiting for locator('input[name="email"]')


      107 |     // Login first
      108 |     await page.goto('/auth/signin');
    > 109 |     await page.fill('input[name="email"]', testUsers.regularUser.email);
          |                ^
      110 |     await page.fill('input[name="password"]', testUsers.regularUser.password);
      111 |     await page.click('button[type="submit"]');
      112 |     await expect(page).toHaveURL(/\/dashboard/);
        at /Users/asithalakmal/Documents/web/final project/WeddingLK-next copy/tests/e2e/comprehensive-crud.spec.ts:109:16

    attachment #1: screenshot (image/png) ──────────────────────────────────────────────────────────
    ../../test-results/comprehensive-crud-🔐-Auth-e8e4d-er-Settings-CRUD-Operations-Mobile-Chrome/test-failed-1.png
    ────────────────────────────────────────────────────────────────────────────────────────────────

    attachment #2: video (video/webm) ──────────────────────────────────────────────────────────────
    ../../test-results/comprehensive-crud-🔐-Auth-e8e4d-er-Settings-CRUD-Operations-Mobile-Chrome/video.webm
    ────────────────────────────────────────────────────────────────────────────────────────────────

    Error Context: ../../test-results/comprehensive-crud-🔐-Auth-e8e4d-er-Settings-CRUD-Operations-Mobile-Chrome/error-context.md
]]>
</failure>
<system-out>
<![CDATA[
[[ATTACHMENT|test-results/comprehensive-crud-🔐-Auth-e8e4d-er-Settings-CRUD-Operations-Mobile-Chrome/test-failed-1.png]]

[[ATTACHMENT|test-results/comprehensive-crud-🔐-Auth-e8e4d-er-Settings-CRUD-Operations-Mobile-Chrome/video.webm]]

[[ATTACHMENT|test-results/comprehensive-crud-🔐-Auth-e8e4d-er-Settings-CRUD-Operations-Mobile-Chrome/error-context.md]]
]]>
</system-out>
</testcase>
<testcase name="🏢 Vendor Management CRUD › Vendor Registration Flow" classname="comprehensive-crud.spec.ts" time="88.534">
<failure message="comprehensive-crud.spec.ts:131:7 Vendor Registration Flow" type="FAILURE">
<![CDATA[  [Mobile Chrome] › comprehensive-crud.spec.ts:131:7 › 🏢 Vendor Management CRUD › Vendor Registration Flow 

    TimeoutError: page.fill: Timeout 60000ms exceeded.
    Call log:
      - waiting for locator('input[name="businessName"]')


      133 |     
      134 |     // Fill vendor registration form
    > 135 |     await page.fill('input[name="businessName"]', testUsers.vendor.name);
          |                ^
      136 |     await page.fill('input[name="email"]', testUsers.vendor.email);
      137 |     await page.fill('input[name="password"]', testUsers.vendor.password);
      138 |     await page.fill('input[name="phone"]', '+94771234567');
        at /Users/asithalakmal/Documents/web/final project/WeddingLK-next copy/tests/e2e/comprehensive-crud.spec.ts:135:16

    attachment #1: screenshot (image/png) ──────────────────────────────────────────────────────────
    ../../test-results/comprehensive-crud-🏢-Vend-4884e-UD-Vendor-Registration-Flow-Mobile-Chrome/test-failed-1.png
    ────────────────────────────────────────────────────────────────────────────────────────────────

    attachment #2: video (video/webm) ──────────────────────────────────────────────────────────────
    ../../test-results/comprehensive-crud-🏢-Vend-4884e-UD-Vendor-Registration-Flow-Mobile-Chrome/video.webm
    ────────────────────────────────────────────────────────────────────────────────────────────────

    Error Context: ../../test-results/comprehensive-crud-🏢-Vend-4884e-UD-Vendor-Registration-Flow-Mobile-Chrome/error-context.md
]]>
</failure>
<system-out>
<![CDATA[
[[ATTACHMENT|test-results/comprehensive-crud-🏢-Vend-4884e-UD-Vendor-Registration-Flow-Mobile-Chrome/test-failed-1.png]]

[[ATTACHMENT|test-results/comprehensive-crud-🏢-Vend-4884e-UD-Vendor-Registration-Flow-Mobile-Chrome/video.webm]]

[[ATTACHMENT|test-results/comprehensive-crud-🏢-Vend-4884e-UD-Vendor-Registration-Flow-Mobile-Chrome/error-context.md]]
]]>
</system-out>
</testcase>
<testcase name="🏢 Vendor Management CRUD › Vendor Services CRUD Operations" classname="comprehensive-crud.spec.ts" time="120.801">
<failure message="comprehensive-crud.spec.ts:148:7 Vendor Services CRUD Operations" type="FAILURE">
<![CDATA[  [Mobile Chrome] › comprehensive-crud.spec.ts:148:7 › 🏢 Vendor Management CRUD › Vendor Services CRUD Operations 

    TimeoutError: page.fill: Timeout 60000ms exceeded.
    Call log:
      - waiting for locator('input[name="email"]')


      149 |     // Login as vendor
      150 |     await page.goto('/auth/signin');
    > 151 |     await page.fill('input[name="email"]', testUsers.vendor.email);
          |                ^
      152 |     await page.fill('input[name="password"]', testUsers.vendor.password);
      153 |     await page.click('button[type="submit"]');
      154 |     await expect(page).toHaveURL(/\/dashboard/);
        at /Users/asithalakmal/Documents/web/final project/WeddingLK-next copy/tests/e2e/comprehensive-crud.spec.ts:151:16

    attachment #1: screenshot (image/png) ──────────────────────────────────────────────────────────
    ../../test-results/comprehensive-crud-🏢-Vend-64218-or-Services-CRUD-Operations-Mobile-Chrome/test-failed-1.png
    ────────────────────────────────────────────────────────────────────────────────────────────────

    attachment #2: video (video/webm) ──────────────────────────────────────────────────────────────
    ../../test-results/comprehensive-crud-🏢-Vend-64218-or-Services-CRUD-Operations-Mobile-Chrome/video.webm
    ────────────────────────────────────────────────────────────────────────────────────────────────

    Error Context: ../../test-results/comprehensive-crud-🏢-Vend-64218-or-Services-CRUD-Operations-Mobile-Chrome/error-context.md
]]>
</failure>
<system-out>
<![CDATA[
[[ATTACHMENT|test-results/comprehensive-crud-🏢-Vend-64218-or-Services-CRUD-Operations-Mobile-Chrome/test-failed-1.png]]

[[ATTACHMENT|test-results/comprehensive-crud-🏢-Vend-64218-or-Services-CRUD-Operations-Mobile-Chrome/video.webm]]

[[ATTACHMENT|test-results/comprehensive-crud-🏢-Vend-64218-or-Services-CRUD-Operations-Mobile-Chrome/error-context.md]]
]]>
</system-out>
</testcase>
<testcase name="🏢 Vendor Management CRUD › Vendor Analytics &amp; Reports" classname="comprehensive-crud.spec.ts" time="119.408">
<failure message="comprehensive-crud.spec.ts:182:7 Vendor Analytics &amp; Reports" type="FAILURE">
<![CDATA[  [Mobile Chrome] › comprehensive-crud.spec.ts:182:7 › 🏢 Vendor Management CRUD › Vendor Analytics & Reports 

    TimeoutError: page.fill: Timeout 60000ms exceeded.
    Call log:
      - waiting for locator('input[name="email"]')


      183 |     // Login as vendor
      184 |     await page.goto('/auth/signin');
    > 185 |     await page.fill('input[name="email"]', testUsers.vendor.email);
          |                ^
      186 |     await page.fill('input[name="password"]', testUsers.vendor.password);
      187 |     await page.click('button[type="submit"]');
      188 |     await expect(page).toHaveURL(/\/dashboard/);
        at /Users/asithalakmal/Documents/web/final project/WeddingLK-next copy/tests/e2e/comprehensive-crud.spec.ts:185:16

    attachment #1: screenshot (image/png) ──────────────────────────────────────────────────────────
    ../../test-results/comprehensive-crud-🏢-Vend-1244e-UD-Vendor-Analytics-Reports-Mobile-Chrome/test-failed-1.png
    ────────────────────────────────────────────────────────────────────────────────────────────────

    attachment #2: video (video/webm) ──────────────────────────────────────────────────────────────
    ../../test-results/comprehensive-crud-🏢-Vend-1244e-UD-Vendor-Analytics-Reports-Mobile-Chrome/video.webm
    ────────────────────────────────────────────────────────────────────────────────────────────────

    Error Context: ../../test-results/comprehensive-crud-🏢-Vend-1244e-UD-Vendor-Analytics-Reports-Mobile-Chrome/error-context.md
]]>
</failure>
<system-out>
<![CDATA[
[[ATTACHMENT|test-results/comprehensive-crud-🏢-Vend-1244e-UD-Vendor-Analytics-Reports-Mobile-Chrome/test-failed-1.png]]

[[ATTACHMENT|test-results/comprehensive-crud-🏢-Vend-1244e-UD-Vendor-Analytics-Reports-Mobile-Chrome/video.webm]]

[[ATTACHMENT|test-results/comprehensive-crud-🏢-Vend-1244e-UD-Vendor-Analytics-Reports-Mobile-Chrome/error-context.md]]
]]>
</system-out>
</testcase>
<testcase name="📅 Booking System CRUD › Create Booking Flow" classname="comprehensive-crud.spec.ts" time="96.227">
<failure message="comprehensive-crud.spec.ts:201:7 Create Booking Flow" type="FAILURE">
<![CDATA[  [Mobile Chrome] › comprehensive-crud.spec.ts:201:7 › 📅 Booking System CRUD › Create Booking Flow 

    TimeoutError: page.fill: Timeout 60000ms exceeded.
    Call log:
      - waiting for locator('input[name="email"]')


      202 |     // Login as regular user
      203 |     await page.goto('/auth/signin');
    > 204 |     await page.fill('input[name="email"]', testUsers.regularUser.email);
          |                ^
      205 |     await page.fill('input[name="password"]', testUsers.regularUser.password);
      206 |     await page.click('button[type="submit"]');
      207 |     await expect(page).toHaveURL(/\/dashboard/);
        at /Users/asithalakmal/Documents/web/final project/WeddingLK-next copy/tests/e2e/comprehensive-crud.spec.ts:204:16

    attachment #1: screenshot (image/png) ──────────────────────────────────────────────────────────
    ../../test-results/comprehensive-crud-📅-Book-32257-em-CRUD-Create-Booking-Flow-Mobile-Chrome/test-failed-1.png
    ────────────────────────────────────────────────────────────────────────────────────────────────

    attachment #2: video (video/webm) ──────────────────────────────────────────────────────────────
    ../../test-results/comprehensive-crud-📅-Book-32257-em-CRUD-Create-Booking-Flow-Mobile-Chrome/video.webm
    ────────────────────────────────────────────────────────────────────────────────────────────────

    Error Context: ../../test-results/comprehensive-crud-📅-Book-32257-em-CRUD-Create-Booking-Flow-Mobile-Chrome/error-context.md
]]>
</failure>
<system-out>
<![CDATA[
[[ATTACHMENT|test-results/comprehensive-crud-📅-Book-32257-em-CRUD-Create-Booking-Flow-Mobile-Chrome/test-failed-1.png]]

[[ATTACHMENT|test-results/comprehensive-crud-📅-Book-32257-em-CRUD-Create-Booking-Flow-Mobile-Chrome/video.webm]]

[[ATTACHMENT|test-results/comprehensive-crud-📅-Book-32257-em-CRUD-Create-Booking-Flow-Mobile-Chrome/error-context.md]]
]]>
</system-out>
</testcase>
<testcase name="📅 Booking System CRUD › Booking Management CRUD" classname="comprehensive-crud.spec.ts" time="41.026">
<failure message="comprehensive-crud.spec.ts:228:7 Booking Management CRUD" type="FAILURE">
<![CDATA[  [Mobile Chrome] › comprehensive-crud.spec.ts:228:7 › 📅 Booking System CRUD › Booking Management CRUD 

    Error: page.goto: net::ERR_TIMED_OUT at https://wedding-lk.vercel.app/auth/signin
    Call log:
      - navigating to "https://wedding-lk.vercel.app/auth/signin", waiting until "load"


      228 |   test('Booking Management CRUD', async ({ page }) => {
      229 |     // Login as user
    > 230 |     await page.goto('/auth/signin');
          |                ^
      231 |     await page.fill('input[name="email"]', testUsers.regularUser.email);
      232 |     await page.fill('input[name="password"]', testUsers.regularUser.password);
      233 |     await page.click('button[type="submit"]');
        at /Users/asithalakmal/Documents/web/final project/WeddingLK-next copy/tests/e2e/comprehensive-crud.spec.ts:230:16

    attachment #1: screenshot (image/png) ──────────────────────────────────────────────────────────
    ../../test-results/comprehensive-crud-📅-Book-0046c-RUD-Booking-Management-CRUD-Mobile-Chrome/test-failed-1.png
    ────────────────────────────────────────────────────────────────────────────────────────────────

    attachment #2: video (video/webm) ──────────────────────────────────────────────────────────────
    ../../test-results/comprehensive-crud-📅-Book-0046c-RUD-Booking-Management-CRUD-Mobile-Chrome/video.webm
    ────────────────────────────────────────────────────────────────────────────────────────────────
]]>
</failure>
<system-out>
<![CDATA[
[[ATTACHMENT|test-results/comprehensive-crud-📅-Book-0046c-RUD-Booking-Management-CRUD-Mobile-Chrome/test-failed-1.png]]

[[ATTACHMENT|test-results/comprehensive-crud-📅-Book-0046c-RUD-Booking-Management-CRUD-Mobile-Chrome/video.webm]]
]]>
</system-out>
</testcase>
<testcase name="📅 Booking System CRUD › Booking Status Tracking" classname="comprehensive-crud.spec.ts" time="83.546">
<failure message="comprehensive-crud.spec.ts:258:7 Booking Status Tracking" type="FAILURE">
<![CDATA[  [Mobile Chrome] › comprehensive-crud.spec.ts:258:7 › 📅 Booking System CRUD › Booking Status Tracking 

    TimeoutError: page.fill: Timeout 60000ms exceeded.
    Call log:
      - waiting for locator('input[name="email"]')


      259 |     // Login as vendor
      260 |     await page.goto('/auth/signin');
    > 261 |     await page.fill('input[name="email"]', testUsers.vendor.email);
          |                ^
      262 |     await page.fill('input[name="password"]', testUsers.vendor.password);
      263 |     await page.click('button[type="submit"]');
      264 |     await expect(page).toHaveURL(/\/dashboard/);
        at /Users/asithalakmal/Documents/web/final project/WeddingLK-next copy/tests/e2e/comprehensive-crud.spec.ts:261:16

    attachment #1: screenshot (image/png) ──────────────────────────────────────────────────────────
    ../../test-results/comprehensive-crud-📅-Book-6532e-RUD-Booking-Status-Tracking-Mobile-Chrome/test-failed-1.png
    ────────────────────────────────────────────────────────────────────────────────────────────────

    attachment #2: video (video/webm) ──────────────────────────────────────────────────────────────
    ../../test-results/comprehensive-crud-📅-Book-6532e-RUD-Booking-Status-Tracking-Mobile-Chrome/video.webm
    ────────────────────────────────────────────────────────────────────────────────────────────────

    Error Context: ../../test-results/comprehensive-crud-📅-Book-6532e-RUD-Booking-Status-Tracking-Mobile-Chrome/error-context.md
]]>
</failure>
<system-out>
<![CDATA[
[[ATTACHMENT|test-results/comprehensive-crud-📅-Book-6532e-RUD-Booking-Status-Tracking-Mobile-Chrome/test-failed-1.png]]

[[ATTACHMENT|test-results/comprehensive-crud-📅-Book-6532e-RUD-Booking-Status-Tracking-Mobile-Chrome/video.webm]]

[[ATTACHMENT|test-results/comprehensive-crud-📅-Book-6532e-RUD-Booking-Status-Tracking-Mobile-Chrome/error-context.md]]
]]>
</system-out>
</testcase>
<testcase name="👥 Wedding Planner CRUD Operations › Planner Client Management" classname="comprehensive-crud.spec.ts" time="93.845">
<failure message="comprehensive-crud.spec.ts:283:7 Planner Client Management" type="FAILURE">
<![CDATA[  [Mobile Chrome] › comprehensive-crud.spec.ts:283:7 › 👥 Wedding Planner CRUD Operations › Planner Client Management 

    TimeoutError: page.fill: Timeout 60000ms exceeded.
    Call log:
      - waiting for locator('input[name="email"]')


      284 |     // Login as wedding planner
      285 |     await page.goto('/auth/signin');
    > 286 |     await page.fill('input[name="email"]', testUsers.weddingPlanner.email);
          |                ^
      287 |     await page.fill('input[name="password"]', testUsers.weddingPlanner.password);
      288 |     await page.click('button[type="submit"]');
      289 |     await expect(page).toHaveURL(/\/dashboard/);
        at /Users/asithalakmal/Documents/web/final project/WeddingLK-next copy/tests/e2e/comprehensive-crud.spec.ts:286:16

    attachment #1: screenshot (image/png) ──────────────────────────────────────────────────────────
    ../../test-results/comprehensive-crud-👥-Wedd-6d749-s-Planner-Client-Management-Mobile-Chrome/test-failed-1.png
    ────────────────────────────────────────────────────────────────────────────────────────────────

    attachment #2: video (video/webm) ──────────────────────────────────────────────────────────────
    ../../test-results/comprehensive-crud-👥-Wedd-6d749-s-Planner-Client-Management-Mobile-Chrome/video.webm
    ────────────────────────────────────────────────────────────────────────────────────────────────

    Error Context: ../../test-results/comprehensive-crud-👥-Wedd-6d749-s-Planner-Client-Management-Mobile-Chrome/error-context.md
]]>
</failure>
<system-out>
<![CDATA[
[[ATTACHMENT|test-results/comprehensive-crud-👥-Wedd-6d749-s-Planner-Client-Management-Mobile-Chrome/test-failed-1.png]]

[[ATTACHMENT|test-results/comprehensive-crud-👥-Wedd-6d749-s-Planner-Client-Management-Mobile-Chrome/video.webm]]

[[ATTACHMENT|test-results/comprehensive-crud-👥-Wedd-6d749-s-Planner-Client-Management-Mobile-Chrome/error-context.md]]
]]>
</system-out>
</testcase>
<testcase name="👥 Wedding Planner CRUD Operations › Planner Task Management" classname="comprehensive-crud.spec.ts" time="108.221">
<failure message="comprehensive-crud.spec.ts:313:7 Planner Task Management" type="FAILURE">
<![CDATA[  [Mobile Chrome] › comprehensive-crud.spec.ts:313:7 › 👥 Wedding Planner CRUD Operations › Planner Task Management 

    TimeoutError: page.fill: Timeout 60000ms exceeded.
    Call log:
      - waiting for locator('input[name="email"]')


      314 |     // Login as wedding planner
      315 |     await page.goto('/auth/signin');
    > 316 |     await page.fill('input[name="email"]', testUsers.weddingPlanner.email);
          |                ^
      317 |     await page.fill('input[name="password"]', testUsers.weddingPlanner.password);
      318 |     await page.click('button[type="submit"]');
      319 |     await expect(page).toHaveURL(/\/dashboard/);
        at /Users/asithalakmal/Documents/web/final project/WeddingLK-next copy/tests/e2e/comprehensive-crud.spec.ts:316:16

    attachment #1: screenshot (image/png) ──────────────────────────────────────────────────────────
    ../../test-results/comprehensive-crud-👥-Wedd-50ee2-ons-Planner-Task-Management-Mobile-Chrome/test-failed-1.png
    ────────────────────────────────────────────────────────────────────────────────────────────────

    attachment #2: video (video/webm) ──────────────────────────────────────────────────────────────
    ../../test-results/comprehensive-crud-👥-Wedd-50ee2-ons-Planner-Task-Management-Mobile-Chrome/video.webm
    ────────────────────────────────────────────────────────────────────────────────────────────────

    Error Context: ../../test-results/comprehensive-crud-👥-Wedd-50ee2-ons-Planner-Task-Management-Mobile-Chrome/error-context.md
]]>
</failure>
<system-out>
<![CDATA[
[[ATTACHMENT|test-results/comprehensive-crud-👥-Wedd-50ee2-ons-Planner-Task-Management-Mobile-Chrome/test-failed-1.png]]

[[ATTACHMENT|test-results/comprehensive-crud-👥-Wedd-50ee2-ons-Planner-Task-Management-Mobile-Chrome/video.webm]]

[[ATTACHMENT|test-results/comprehensive-crud-👥-Wedd-50ee2-ons-Planner-Task-Management-Mobile-Chrome/error-context.md]]
]]>
</system-out>
</testcase>
<testcase name="🛡️ RBAC (Role-Based Access Control) Tests › User Role Access Control" classname="comprehensive-crud.spec.ts" time="87.701">
<failure message="comprehensive-crud.spec.ts:342:7 User Role Access Control" type="FAILURE">
<![CDATA[  [Mobile Chrome] › comprehensive-crud.spec.ts:342:7 › 🛡️ RBAC (Role-Based Access Control) Tests › User Role Access Control 

    TimeoutError: page.fill: Timeout 60000ms exceeded.
    Call log:
      - waiting for locator('input[name="email"]')


      343 |     // Login as regular user
      344 |     await page.goto('/auth/signin');
    > 345 |     await page.fill('input[name="email"]', testUsers.regularUser.email);
          |                ^
      346 |     await page.fill('input[name="password"]', testUsers.regularUser.password);
      347 |     await page.click('button[type="submit"]');
      348 |     await expect(page).toHaveURL(/\/dashboard/);
        at /Users/asithalakmal/Documents/web/final project/WeddingLK-next copy/tests/e2e/comprehensive-crud.spec.ts:345:16

    attachment #1: screenshot (image/png) ──────────────────────────────────────────────────────────
    ../../test-results/comprehensive-crud-🛡️-RBA-b8846-ts-User-Role-Access-Control-Mobile-Chrome/test-failed-1.png
    ────────────────────────────────────────────────────────────────────────────────────────────────

    attachment #2: video (video/webm) ──────────────────────────────────────────────────────────────
    ../../test-results/comprehensive-crud-🛡️-RBA-b8846-ts-User-Role-Access-Control-Mobile-Chrome/video.webm
    ────────────────────────────────────────────────────────────────────────────────────────────────

    Error Context: ../../test-results/comprehensive-crud-🛡️-RBA-b8846-ts-User-Role-Access-Control-Mobile-Chrome/error-context.md
]]>
</failure>
<system-out>
<![CDATA[
[[ATTACHMENT|test-results/comprehensive-crud-🛡️-RBA-b8846-ts-User-Role-Access-Control-Mobile-Chrome/test-failed-1.png]]

[[ATTACHMENT|test-results/comprehensive-crud-🛡️-RBA-b8846-ts-User-Role-Access-Control-Mobile-Chrome/video.webm]]

[[ATTACHMENT|test-results/comprehensive-crud-🛡️-RBA-b8846-ts-User-Role-Access-Control-Mobile-Chrome/error-context.md]]
]]>
</system-out>
</testcase>
<testcase name="🛡️ RBAC (Role-Based Access Control) Tests › Vendor Role Access Control" classname="comprehensive-crud.spec.ts" time="76.271">
<failure message="comprehensive-crud.spec.ts:366:7 Vendor Role Access Control" type="FAILURE">
<![CDATA[  [Mobile Chrome] › comprehensive-crud.spec.ts:366:7 › 🛡️ RBAC (Role-Based Access Control) Tests › Vendor Role Access Control 

    TimeoutError: page.fill: Timeout 60000ms exceeded.
    Call log:
      - waiting for locator('input[name="email"]')


      367 |     // Login as vendor
      368 |     await page.goto('/auth/signin');
    > 369 |     await page.fill('input[name="email"]', testUsers.vendor.email);
          |                ^
      370 |     await page.fill('input[name="password"]', testUsers.vendor.password);
      371 |     await page.click('button[type="submit"]');
      372 |     await expect(page).toHaveURL(/\/dashboard/);
        at /Users/asithalakmal/Documents/web/final project/WeddingLK-next copy/tests/e2e/comprehensive-crud.spec.ts:369:16

    attachment #1: screenshot (image/png) ──────────────────────────────────────────────────────────
    ../../test-results/comprehensive-crud-🛡️-RBA-76435--Vendor-Role-Access-Control-Mobile-Chrome/test-failed-1.png
    ────────────────────────────────────────────────────────────────────────────────────────────────

    attachment #2: video (video/webm) ──────────────────────────────────────────────────────────────
    ../../test-results/comprehensive-crud-🛡️-RBA-76435--Vendor-Role-Access-Control-Mobile-Chrome/video.webm
    ────────────────────────────────────────────────────────────────────────────────────────────────

    Error Context: ../../test-results/comprehensive-crud-🛡️-RBA-76435--Vendor-Role-Access-Control-Mobile-Chrome/error-context.md
]]>
</failure>
<system-out>
<![CDATA[
[[ATTACHMENT|test-results/comprehensive-crud-🛡️-RBA-76435--Vendor-Role-Access-Control-Mobile-Chrome/test-failed-1.png]]

[[ATTACHMENT|test-results/comprehensive-crud-🛡️-RBA-76435--Vendor-Role-Access-Control-Mobile-Chrome/video.webm]]

[[ATTACHMENT|test-results/comprehensive-crud-🛡️-RBA-76435--Vendor-Role-Access-Control-Mobile-Chrome/error-context.md]]
]]>
</system-out>
</testcase>
<testcase name="🛡️ RBAC (Role-Based Access Control) Tests › Admin Role Access Control" classname="comprehensive-crud.spec.ts" time="107.306">
<failure message="comprehensive-crud.spec.ts:390:7 Admin Role Access Control" type="FAILURE">
<![CDATA[  [Mobile Chrome] › comprehensive-crud.spec.ts:390:7 › 🛡️ RBAC (Role-Based Access Control) Tests › Admin Role Access Control 

    TimeoutError: page.fill: Timeout 60000ms exceeded.
    Call log:
      - waiting for locator('input[name="email"]')


      391 |     // Login as admin
      392 |     await page.goto('/auth/signin');
    > 393 |     await page.fill('input[name="email"]', testUsers.admin.email);
          |                ^
      394 |     await page.fill('input[name="password"]', testUsers.admin.password);
      395 |     await page.click('button[type="submit"]');
      396 |     await expect(page).toHaveURL(/\/dashboard/);
        at /Users/asithalakmal/Documents/web/final project/WeddingLK-next copy/tests/e2e/comprehensive-crud.spec.ts:393:16

    attachment #1: screenshot (image/png) ──────────────────────────────────────────────────────────
    ../../test-results/comprehensive-crud-🛡️-RBA-d2e91-s-Admin-Role-Access-Control-Mobile-Chrome/test-failed-1.png
    ────────────────────────────────────────────────────────────────────────────────────────────────

    attachment #2: video (video/webm) ──────────────────────────────────────────────────────────────
    ../../test-results/comprehensive-crud-🛡️-RBA-d2e91-s-Admin-Role-Access-Control-Mobile-Chrome/video.webm
    ────────────────────────────────────────────────────────────────────────────────────────────────

    Error Context: ../../test-results/comprehensive-crud-🛡️-RBA-d2e91-s-Admin-Role-Access-Control-Mobile-Chrome/error-context.md
]]>
</failure>
<system-out>
<![CDATA[
[[ATTACHMENT|test-results/comprehensive-crud-🛡️-RBA-d2e91-s-Admin-Role-Access-Control-Mobile-Chrome/test-failed-1.png]]

[[ATTACHMENT|test-results/comprehensive-crud-🛡️-RBA-d2e91-s-Admin-Role-Access-Control-Mobile-Chrome/video.webm]]

[[ATTACHMENT|test-results/comprehensive-crud-🛡️-RBA-d2e91-s-Admin-Role-Access-Control-Mobile-Chrome/error-context.md]]
]]>
</system-out>
</testcase>
<testcase name="🛡️ RBAC (Role-Based Access Control) Tests › Middleware Route Protection" classname="comprehensive-crud.spec.ts" time="50.702">
<failure message="comprehensive-crud.spec.ts:412:7 Middleware Route Protection" type="FAILURE">
<![CDATA[  [Mobile Chrome] › comprehensive-crud.spec.ts:412:7 › 🛡️ RBAC (Role-Based Access Control) Tests › Middleware Route Protection 

    Error: expect(page).toHaveURL(expected) failed

    Expected pattern: /\/auth\/signin/
    Received string:  "https://wedding-lk.vercel.app/login?callbackUrl=%2Fdashboard"
    Timeout: 30000ms

    Call log:
      - Expect "toHaveURL" with timeout 30000ms
        33 × unexpected value "https://wedding-lk.vercel.app/login?callbackUrl=%2Fdashboard"


      413 |     // Test unauthenticated access to protected routes
      414 |     await page.goto('/dashboard');
    > 415 |     await expect(page).toHaveURL(/\/auth\/signin/);
          |                        ^
      416 |     
      417 |     await page.goto('/dashboard/profile');
      418 |     await expect(page).toHaveURL(/\/auth\/signin/);
        at /Users/asithalakmal/Documents/web/final project/WeddingLK-next copy/tests/e2e/comprehensive-crud.spec.ts:415:24

    attachment #1: screenshot (image/png) ──────────────────────────────────────────────────────────
    ../../test-results/comprehensive-crud-🛡️-RBA-c8703-Middleware-Route-Protection-Mobile-Chrome/test-failed-1.png
    ────────────────────────────────────────────────────────────────────────────────────────────────

    attachment #2: video (video/webm) ──────────────────────────────────────────────────────────────
    ../../test-results/comprehensive-crud-🛡️-RBA-c8703-Middleware-Route-Protection-Mobile-Chrome/video.webm
    ────────────────────────────────────────────────────────────────────────────────────────────────

    Error Context: ../../test-results/comprehensive-crud-🛡️-RBA-c8703-Middleware-Route-Protection-Mobile-Chrome/error-context.md
]]>
</failure>
<system-out>
<![CDATA[
[[ATTACHMENT|test-results/comprehensive-crud-🛡️-RBA-c8703-Middleware-Route-Protection-Mobile-Chrome/test-failed-1.png]]

[[ATTACHMENT|test-results/comprehensive-crud-🛡️-RBA-c8703-Middleware-Route-Protection-Mobile-Chrome/video.webm]]

[[ATTACHMENT|test-results/comprehensive-crud-🛡️-RBA-c8703-Middleware-Route-Protection-Mobile-Chrome/error-context.md]]
]]>
</system-out>
</testcase>
<testcase name="💳 Payment &amp; Financial CRUD › Payment Processing Flow" classname="comprehensive-crud.spec.ts" time="79.091">
<failure message="comprehensive-crud.spec.ts:426:7 Payment Processing Flow" type="FAILURE">
<![CDATA[  [Mobile Chrome] › comprehensive-crud.spec.ts:426:7 › 💳 Payment & Financial CRUD › Payment Processing Flow 

    TimeoutError: page.fill: Timeout 60000ms exceeded.
    Call log:
      - waiting for locator('input[name="email"]')


      427 |     // Login as user
      428 |     await page.goto('/auth/signin');
    > 429 |     await page.fill('input[name="email"]', testUsers.regularUser.email);
          |                ^
      430 |     await page.fill('input[name="password"]', testUsers.regularUser.password);
      431 |     await page.click('button[type="submit"]');
      432 |     await expect(page).toHaveURL(/\/dashboard/);
        at /Users/asithalakmal/Documents/web/final project/WeddingLK-next copy/tests/e2e/comprehensive-crud.spec.ts:429:16

    attachment #1: screenshot (image/png) ──────────────────────────────────────────────────────────
    ../../test-results/comprehensive-crud-💳-Paym-6f1ed-RUD-Payment-Processing-Flow-Mobile-Chrome/test-failed-1.png
    ────────────────────────────────────────────────────────────────────────────────────────────────

    attachment #2: video (video/webm) ──────────────────────────────────────────────────────────────
    ../../test-results/comprehensive-crud-💳-Paym-6f1ed-RUD-Payment-Processing-Flow-Mobile-Chrome/video.webm
    ────────────────────────────────────────────────────────────────────────────────────────────────

    Error Context: ../../test-results/comprehensive-crud-💳-Paym-6f1ed-RUD-Payment-Processing-Flow-Mobile-Chrome/error-context.md
]]>
</failure>
<system-out>
<![CDATA[
[[ATTACHMENT|test-results/comprehensive-crud-💳-Paym-6f1ed-RUD-Payment-Processing-Flow-Mobile-Chrome/test-failed-1.png]]

[[ATTACHMENT|test-results/comprehensive-crud-💳-Paym-6f1ed-RUD-Payment-Processing-Flow-Mobile-Chrome/video.webm]]

[[ATTACHMENT|test-results/comprehensive-crud-💳-Paym-6f1ed-RUD-Payment-Processing-Flow-Mobile-Chrome/error-context.md]]
]]>
</system-out>
</testcase>
<testcase name="💳 Payment &amp; Financial CRUD › Payment History &amp; Management" classname="comprehensive-crud.spec.ts" time="83.385">
<failure message="comprehensive-crud.spec.ts:450:7 Payment History &amp; Management" type="FAILURE">
<![CDATA[  [Mobile Chrome] › comprehensive-crud.spec.ts:450:7 › 💳 Payment & Financial CRUD › Payment History & Management 

    TimeoutError: page.fill: Timeout 60000ms exceeded.
    Call log:
      - waiting for locator('input[name="email"]')


      451 |     // Login as user
      452 |     await page.goto('/auth/signin');
    > 453 |     await page.fill('input[name="email"]', testUsers.regularUser.email);
          |                ^
      454 |     await page.fill('input[name="password"]', testUsers.regularUser.password);
      455 |     await page.click('button[type="submit"]');
      456 |     await expect(page).toHaveURL(/\/dashboard/);
        at /Users/asithalakmal/Documents/web/final project/WeddingLK-next copy/tests/e2e/comprehensive-crud.spec.ts:453:16

    attachment #1: screenshot (image/png) ──────────────────────────────────────────────────────────
    ../../test-results/comprehensive-crud-💳-Paym-d962d--Payment-History-Management-Mobile-Chrome/test-failed-1.png
    ────────────────────────────────────────────────────────────────────────────────────────────────

    attachment #2: video (video/webm) ──────────────────────────────────────────────────────────────
    ../../test-results/comprehensive-crud-💳-Paym-d962d--Payment-History-Management-Mobile-Chrome/video.webm
    ────────────────────────────────────────────────────────────────────────────────────────────────

    Error Context: ../../test-results/comprehensive-crud-💳-Paym-d962d--Payment-History-Management-Mobile-Chrome/error-context.md
]]>
</failure>
<system-out>
<![CDATA[
[[ATTACHMENT|test-results/comprehensive-crud-💳-Paym-d962d--Payment-History-Management-Mobile-Chrome/test-failed-1.png]]

[[ATTACHMENT|test-results/comprehensive-crud-💳-Paym-d962d--Payment-History-Management-Mobile-Chrome/video.webm]]

[[ATTACHMENT|test-results/comprehensive-crud-💳-Paym-d962d--Payment-History-Management-Mobile-Chrome/error-context.md]]
]]>
</system-out>
</testcase>
<testcase name="📱 Mobile &amp; Responsive CRUD › Mobile Navigation &amp; CRUD Operations" classname="comprehensive-crud.spec.ts" time="79.938">
<failure message="comprehensive-crud.spec.ts:471:7 Mobile Navigation &amp; CRUD Operations" type="FAILURE">
<![CDATA[  [Mobile Chrome] › comprehensive-crud.spec.ts:471:7 › 📱 Mobile & Responsive CRUD › Mobile Navigation & CRUD Operations 

    TimeoutError: page.fill: Timeout 60000ms exceeded.
    Call log:
      - waiting for locator('input[name="email"]')


      475 |     // Login as user
      476 |     await page.goto('/auth/signin');
    > 477 |     await page.fill('input[name="email"]', testUsers.regularUser.email);
          |                ^
      478 |     await page.fill('input[name="password"]', testUsers.regularUser.password);
      479 |     await page.click('button[type="submit"]');
      480 |     await expect(page).toHaveURL(/\/dashboard/);
        at /Users/asithalakmal/Documents/web/final project/WeddingLK-next copy/tests/e2e/comprehensive-crud.spec.ts:477:16

    attachment #1: screenshot (image/png) ──────────────────────────────────────────────────────────
    ../../test-results/comprehensive-crud-📱-Mobi-c12a8--Navigation-CRUD-Operations-Mobile-Chrome/test-failed-1.png
    ────────────────────────────────────────────────────────────────────────────────────────────────

    attachment #2: video (video/webm) ──────────────────────────────────────────────────────────────
    ../../test-results/comprehensive-crud-📱-Mobi-c12a8--Navigation-CRUD-Operations-Mobile-Chrome/video.webm
    ────────────────────────────────────────────────────────────────────────────────────────────────

    Error Context: ../../test-results/comprehensive-crud-📱-Mobi-c12a8--Navigation-CRUD-Operations-Mobile-Chrome/error-context.md
]]>
</failure>
<system-out>
<![CDATA[
[[ATTACHMENT|test-results/comprehensive-crud-📱-Mobi-c12a8--Navigation-CRUD-Operations-Mobile-Chrome/test-failed-1.png]]

[[ATTACHMENT|test-results/comprehensive-crud-📱-Mobi-c12a8--Navigation-CRUD-Operations-Mobile-Chrome/video.webm]]

[[ATTACHMENT|test-results/comprehensive-crud-📱-Mobi-c12a8--Navigation-CRUD-Operations-Mobile-Chrome/error-context.md]]
]]>
</system-out>
</testcase>
<testcase name="🔍 Search &amp; Filter CRUD › Venue Search &amp; Filter Operations" classname="comprehensive-crud.spec.ts" time="77.646">
<failure message="comprehensive-crud.spec.ts:501:7 Venue Search &amp; Filter Operations" type="FAILURE">
<![CDATA[  [Mobile Chrome] › comprehensive-crud.spec.ts:501:7 › 🔍 Search & Filter CRUD › Venue Search & Filter Operations 

    TimeoutError: page.fill: Timeout 60000ms exceeded.
    Call log:
      - waiting for locator('input[placeholder*="Search venues"]')


      503 |     
      504 |     // Search for venues
    > 505 |     await page.fill('input[placeholder*="Search venues"]', 'Colombo');
          |                ^
      506 |     await page.click('button:has-text("Search")');
      507 |     
      508 |     // Apply filters
        at /Users/asithalakmal/Documents/web/final project/WeddingLK-next copy/tests/e2e/comprehensive-crud.spec.ts:505:16

    attachment #1: screenshot (image/png) ──────────────────────────────────────────────────────────
    ../../test-results/comprehensive-crud-🔍-Sear-77ac3-ue-Search-Filter-Operations-Mobile-Chrome/test-failed-1.png
    ────────────────────────────────────────────────────────────────────────────────────────────────

    attachment #2: video (video/webm) ──────────────────────────────────────────────────────────────
    ../../test-results/comprehensive-crud-🔍-Sear-77ac3-ue-Search-Filter-Operations-Mobile-Chrome/video.webm
    ────────────────────────────────────────────────────────────────────────────────────────────────

    Error Context: ../../test-results/comprehensive-crud-🔍-Sear-77ac3-ue-Search-Filter-Operations-Mobile-Chrome/error-context.md
]]>
</failure>
<system-out>
<![CDATA[
[[ATTACHMENT|test-results/comprehensive-crud-🔍-Sear-77ac3-ue-Search-Filter-Operations-Mobile-Chrome/test-failed-1.png]]

[[ATTACHMENT|test-results/comprehensive-crud-🔍-Sear-77ac3-ue-Search-Filter-Operations-Mobile-Chrome/video.webm]]

[[ATTACHMENT|test-results/comprehensive-crud-🔍-Sear-77ac3-ue-Search-Filter-Operations-Mobile-Chrome/error-context.md]]
]]>
</system-out>
</testcase>
<testcase name="🔍 Search &amp; Filter CRUD › Vendor Search &amp; Filter Operations" classname="comprehensive-crud.spec.ts" time="126.02">
<failure message="comprehensive-crud.spec.ts:518:7 Vendor Search &amp; Filter Operations" type="FAILURE">
<![CDATA[  [Mobile Chrome] › comprehensive-crud.spec.ts:518:7 › 🔍 Search & Filter CRUD › Vendor Search & Filter Operations 

    TimeoutError: page.fill: Timeout 60000ms exceeded.
    Call log:
      - waiting for locator('input[placeholder*="Search vendors"]')


      520 |     
      521 |     // Search for vendors
    > 522 |     await page.fill('input[placeholder*="Search vendors"]', 'photography');
          |                ^
      523 |     await page.click('button:has-text("Search")');
      524 |     
      525 |     // Apply category filters
        at /Users/asithalakmal/Documents/web/final project/WeddingLK-next copy/tests/e2e/comprehensive-crud.spec.ts:522:16

    attachment #1: screenshot (image/png) ──────────────────────────────────────────────────────────
    ../../test-results/comprehensive-crud-🔍-Sear-8b262-or-Search-Filter-Operations-Mobile-Chrome/test-failed-1.png
    ────────────────────────────────────────────────────────────────────────────────────────────────

    attachment #2: video (video/webm) ──────────────────────────────────────────────────────────────
    ../../test-results/comprehensive-crud-🔍-Sear-8b262-or-Search-Filter-Operations-Mobile-Chrome/video.webm
    ────────────────────────────────────────────────────────────────────────────────────────────────

    Error Context: ../../test-results/comprehensive-crud-🔍-Sear-8b262-or-Search-Filter-Operations-Mobile-Chrome/error-context.md
]]>
</failure>
<system-out>
<![CDATA[
[[ATTACHMENT|test-results/comprehensive-crud-🔍-Sear-8b262-or-Search-Filter-Operations-Mobile-Chrome/test-failed-1.png]]

[[ATTACHMENT|test-results/comprehensive-crud-🔍-Sear-8b262-or-Search-Filter-Operations-Mobile-Chrome/video.webm]]

[[ATTACHMENT|test-results/comprehensive-crud-🔍-Sear-8b262-or-Search-Filter-Operations-Mobile-Chrome/error-context.md]]
]]>
</system-out>
</testcase>
<testcase name="📊 Analytics &amp; Reporting CRUD › User Analytics Dashboard" classname="comprehensive-crud.spec.ts" time="26.377">
<failure message="comprehensive-crud.spec.ts:535:7 User Analytics Dashboard" type="FAILURE">
<![CDATA[  [Mobile Chrome] › comprehensive-crud.spec.ts:535:7 › 📊 Analytics & Reporting CRUD › User Analytics Dashboard 

    Error: page.goto: net::ERR_CONNECTION_RESET at https://wedding-lk.vercel.app/auth/signin
    Call log:
      - navigating to "https://wedding-lk.vercel.app/auth/signin", waiting until "load"


      535 |   test('User Analytics Dashboard', async ({ page }) => {
      536 |     // Login as user
    > 537 |     await page.goto('/auth/signin');
          |                ^
      538 |     await page.fill('input[name="email"]', testUsers.regularUser.email);
      539 |     await page.fill('input[name="password"]', testUsers.regularUser.password);
      540 |     await page.click('button[type="submit"]');
        at /Users/asithalakmal/Documents/web/final project/WeddingLK-next copy/tests/e2e/comprehensive-crud.spec.ts:537:16

    attachment #1: screenshot (image/png) ──────────────────────────────────────────────────────────
    ../../test-results/comprehensive-crud-📊-Anal-bd0f7-UD-User-Analytics-Dashboard-Mobile-Chrome/test-failed-1.png
    ────────────────────────────────────────────────────────────────────────────────────────────────

    attachment #2: video (video/webm) ──────────────────────────────────────────────────────────────
    ../../test-results/comprehensive-crud-📊-Anal-bd0f7-UD-User-Analytics-Dashboard-Mobile-Chrome/video.webm
    ────────────────────────────────────────────────────────────────────────────────────────────────
]]>
</failure>
<system-out>
<![CDATA[
[[ATTACHMENT|test-results/comprehensive-crud-📊-Anal-bd0f7-UD-User-Analytics-Dashboard-Mobile-Chrome/test-failed-1.png]]

[[ATTACHMENT|test-results/comprehensive-crud-📊-Anal-bd0f7-UD-User-Analytics-Dashboard-Mobile-Chrome/video.webm]]
]]>
</system-out>
</testcase>
<testcase name="📊 Analytics &amp; Reporting CRUD › Admin Analytics &amp; Reports" classname="comprehensive-crud.spec.ts" time="95.62">
<failure message="comprehensive-crud.spec.ts:552:7 Admin Analytics &amp; Reports" type="FAILURE">
<![CDATA[  [Mobile Chrome] › comprehensive-crud.spec.ts:552:7 › 📊 Analytics & Reporting CRUD › Admin Analytics & Reports 

    TimeoutError: page.fill: Timeout 60000ms exceeded.
    Call log:
      - waiting for locator('input[name="email"]')


      553 |     // Login as admin
      554 |     await page.goto('/auth/signin');
    > 555 |     await page.fill('input[name="email"]', testUsers.admin.email);
          |                ^
      556 |     await page.fill('input[name="password"]', testUsers.admin.password);
      557 |     await page.click('button[type="submit"]');
      558 |     await expect(page).toHaveURL(/\/dashboard/);
        at /Users/asithalakmal/Documents/web/final project/WeddingLK-next copy/tests/e2e/comprehensive-crud.spec.ts:555:16

    attachment #1: screenshot (image/png) ──────────────────────────────────────────────────────────
    ../../test-results/comprehensive-crud-📊-Anal-de256-RUD-Admin-Analytics-Reports-Mobile-Chrome/test-failed-1.png
    ────────────────────────────────────────────────────────────────────────────────────────────────

    attachment #2: video (video/webm) ──────────────────────────────────────────────────────────────
    ../../test-results/comprehensive-crud-📊-Anal-de256-RUD-Admin-Analytics-Reports-Mobile-Chrome/video.webm
    ────────────────────────────────────────────────────────────────────────────────────────────────

    Error Context: ../../test-results/comprehensive-crud-📊-Anal-de256-RUD-Admin-Analytics-Reports-Mobile-Chrome/error-context.md
]]>
</failure>
<system-out>
<![CDATA[
[[ATTACHMENT|test-results/comprehensive-crud-📊-Anal-de256-RUD-Admin-Analytics-Reports-Mobile-Chrome/test-failed-1.png]]

[[ATTACHMENT|test-results/comprehensive-crud-📊-Anal-de256-RUD-Admin-Analytics-Reports-Mobile-Chrome/video.webm]]

[[ATTACHMENT|test-results/comprehensive-crud-📊-Anal-de256-RUD-Admin-Analytics-Reports-Mobile-Chrome/error-context.md]]
]]>
</system-out>
</testcase>
<testcase name="🔔 Notification &amp; Communication CRUD › Notification Management" classname="comprehensive-crud.spec.ts" time="95.895">
<failure message="comprehensive-crud.spec.ts:581:7 Notification Management" type="FAILURE">
<![CDATA[  [Mobile Chrome] › comprehensive-crud.spec.ts:581:7 › 🔔 Notification & Communication CRUD › Notification Management 

    TimeoutError: page.fill: Timeout 60000ms exceeded.
    Call log:
      - waiting for locator('input[name="email"]')


      582 |     // Login as user
      583 |     await page.goto('/auth/signin');
    > 584 |     await page.fill('input[name="email"]', testUsers.regularUser.email);
          |                ^
      585 |     await page.fill('input[name="password"]', testUsers.regularUser.password);
      586 |     await page.click('button[type="submit"]');
      587 |     await expect(page).toHaveURL(/\/dashboard/);
        at /Users/asithalakmal/Documents/web/final project/WeddingLK-next copy/tests/e2e/comprehensive-crud.spec.ts:584:16

    attachment #1: screenshot (image/png) ──────────────────────────────────────────────────────────
    ../../test-results/comprehensive-crud-🔔-Noti-e4267-RUD-Notification-Management-Mobile-Chrome/test-failed-1.png
    ────────────────────────────────────────────────────────────────────────────────────────────────

    attachment #2: video (video/webm) ──────────────────────────────────────────────────────────────
    ../../test-results/comprehensive-crud-🔔-Noti-e4267-RUD-Notification-Management-Mobile-Chrome/video.webm
    ────────────────────────────────────────────────────────────────────────────────────────────────

    Error Context: ../../test-results/comprehensive-crud-🔔-Noti-e4267-RUD-Notification-Management-Mobile-Chrome/error-context.md
]]>
</failure>
<system-out>
<![CDATA[
[[ATTACHMENT|test-results/comprehensive-crud-🔔-Noti-e4267-RUD-Notification-Management-Mobile-Chrome/test-failed-1.png]]

[[ATTACHMENT|test-results/comprehensive-crud-🔔-Noti-e4267-RUD-Notification-Management-Mobile-Chrome/video.webm]]

[[ATTACHMENT|test-results/comprehensive-crud-🔔-Noti-e4267-RUD-Notification-Management-Mobile-Chrome/error-context.md]]
]]>
</system-out>
</testcase>
<testcase name="🔔 Notification &amp; Communication CRUD › Message System CRUD" classname="comprehensive-crud.spec.ts" time="88.684">
<failure message="comprehensive-crud.spec.ts:605:7 Message System CRUD" type="FAILURE">
<![CDATA[  [Mobile Chrome] › comprehensive-crud.spec.ts:605:7 › 🔔 Notification & Communication CRUD › Message System CRUD 

    TimeoutError: page.fill: Timeout 60000ms exceeded.
    Call log:
      - waiting for locator('input[name="email"]')


      606 |     // Login as user
      607 |     await page.goto('/auth/signin');
    > 608 |     await page.fill('input[name="email"]', testUsers.regularUser.email);
          |                ^
      609 |     await page.fill('input[name="password"]', testUsers.regularUser.password);
      610 |     await page.click('button[type="submit"]');
      611 |     await expect(page).toHaveURL(/\/dashboard/);
        at /Users/asithalakmal/Documents/web/final project/WeddingLK-next copy/tests/e2e/comprehensive-crud.spec.ts:608:16

    attachment #1: screenshot (image/png) ──────────────────────────────────────────────────────────
    ../../test-results/comprehensive-crud-🔔-Noti-e1c21-on-CRUD-Message-System-CRUD-Mobile-Chrome/test-failed-1.png
    ────────────────────────────────────────────────────────────────────────────────────────────────

    attachment #2: video (video/webm) ──────────────────────────────────────────────────────────────
    ../../test-results/comprehensive-crud-🔔-Noti-e1c21-on-CRUD-Message-System-CRUD-Mobile-Chrome/video.webm
    ────────────────────────────────────────────────────────────────────────────────────────────────

    Error Context: ../../test-results/comprehensive-crud-🔔-Noti-e1c21-on-CRUD-Message-System-CRUD-Mobile-Chrome/error-context.md
]]>
</failure>
<system-out>
<![CDATA[
[[ATTACHMENT|test-results/comprehensive-crud-🔔-Noti-e1c21-on-CRUD-Message-System-CRUD-Mobile-Chrome/test-failed-1.png]]

[[ATTACHMENT|test-results/comprehensive-crud-🔔-Noti-e1c21-on-CRUD-Message-System-CRUD-Mobile-Chrome/video.webm]]

[[ATTACHMENT|test-results/comprehensive-crud-🔔-Noti-e1c21-on-CRUD-Message-System-CRUD-Mobile-Chrome/error-context.md]]
]]>
</system-out>
</testcase>
<testcase name="🔄 Data Synchronization &amp; Cache CRUD › Data Cache Management" classname="comprehensive-crud.spec.ts" time="109.672">
<failure message="comprehensive-crud.spec.ts:633:7 Data Cache Management" type="FAILURE">
<![CDATA[  [Mobile Chrome] › comprehensive-crud.spec.ts:633:7 › 🔄 Data Synchronization & Cache CRUD › Data Cache Management 

    TimeoutError: page.fill: Timeout 60000ms exceeded.
    Call log:
      - waiting for locator('input[name="email"]')


      634 |     // Login as admin
      635 |     await page.goto('/auth/signin');
    > 636 |     await page.fill('input[name="email"]', testUsers.admin.email);
          |                ^
      637 |     await page.fill('input[name="password"]', testUsers.admin.password);
      638 |     await page.click('button[type="submit"]');
      639 |     await expect(page).toHaveURL(/\/dashboard/);
        at /Users/asithalakmal/Documents/web/final project/WeddingLK-next copy/tests/e2e/comprehensive-crud.spec.ts:636:16

    attachment #1: screenshot (image/png) ──────────────────────────────────────────────────────────
    ../../test-results/comprehensive-crud-🔄-Data-ae5cf--CRUD-Data-Cache-Management-Mobile-Chrome/test-failed-1.png
    ────────────────────────────────────────────────────────────────────────────────────────────────

    attachment #2: video (video/webm) ──────────────────────────────────────────────────────────────
    ../../test-results/comprehensive-crud-🔄-Data-ae5cf--CRUD-Data-Cache-Management-Mobile-Chrome/video.webm
    ────────────────────────────────────────────────────────────────────────────────────────────────

    Error Context: ../../test-results/comprehensive-crud-🔄-Data-ae5cf--CRUD-Data-Cache-Management-Mobile-Chrome/error-context.md
]]>
</failure>
<system-out>
<![CDATA[
[[ATTACHMENT|test-results/comprehensive-crud-🔄-Data-ae5cf--CRUD-Data-Cache-Management-Mobile-Chrome/test-failed-1.png]]

[[ATTACHMENT|test-results/comprehensive-crud-🔄-Data-ae5cf--CRUD-Data-Cache-Management-Mobile-Chrome/video.webm]]

[[ATTACHMENT|test-results/comprehensive-crud-🔄-Data-ae5cf--CRUD-Data-Cache-Management-Mobile-Chrome/error-context.md]]
]]>
</system-out>
</testcase>
<testcase name="🛠️ System Administration CRUD › User Management Operations" classname="comprehensive-crud.spec.ts" time="103.239">
<failure message="comprehensive-crud.spec.ts:658:7 User Management Operations" type="FAILURE">
<![CDATA[  [Mobile Chrome] › comprehensive-crud.spec.ts:658:7 › 🛠️ System Administration CRUD › User Management Operations 

    TimeoutError: page.fill: Timeout 60000ms exceeded.
    Call log:
      - waiting for locator('input[name="email"]')


      659 |     // Login as admin
      660 |     await page.goto('/auth/signin');
    > 661 |     await page.fill('input[name="email"]', testUsers.admin.email);
          |                ^
      662 |     await page.fill('input[name="password"]', testUsers.admin.password);
      663 |     await page.click('button[type="submit"]');
      664 |     await expect(page).toHaveURL(/\/dashboard/);
        at /Users/asithalakmal/Documents/web/final project/WeddingLK-next copy/tests/e2e/comprehensive-crud.spec.ts:661:16

    attachment #1: screenshot (image/png) ──────────────────────────────────────────────────────────
    ../../test-results/comprehensive-crud-🛠️-Sys-e1e93--User-Management-Operations-Mobile-Chrome/test-failed-1.png
    ────────────────────────────────────────────────────────────────────────────────────────────────

    attachment #2: video (video/webm) ──────────────────────────────────────────────────────────────
    ../../test-results/comprehensive-crud-🛠️-Sys-e1e93--User-Management-Operations-Mobile-Chrome/video.webm
    ────────────────────────────────────────────────────────────────────────────────────────────────

    Error Context: ../../test-results/comprehensive-crud-🛠️-Sys-e1e93--User-Management-Operations-Mobile-Chrome/error-context.md
]]>
</failure>
<system-out>
<![CDATA[
[[ATTACHMENT|test-results/comprehensive-crud-🛠️-Sys-e1e93--User-Management-Operations-Mobile-Chrome/test-failed-1.png]]

[[ATTACHMENT|test-results/comprehensive-crud-🛠️-Sys-e1e93--User-Management-Operations-Mobile-Chrome/video.webm]]

[[ATTACHMENT|test-results/comprehensive-crud-🛠️-Sys-e1e93--User-Management-Operations-Mobile-Chrome/error-context.md]]
]]>
</system-out>
</testcase>
<testcase name="🛠️ System Administration CRUD › System Settings Management" classname="comprehensive-crud.spec.ts" time="116.569">
<failure message="comprehensive-crud.spec.ts:686:7 System Settings Management" type="FAILURE">
<![CDATA[  [Mobile Chrome] › comprehensive-crud.spec.ts:686:7 › 🛠️ System Administration CRUD › System Settings Management 

    TimeoutError: page.fill: Timeout 60000ms exceeded.
    Call log:
      - waiting for locator('input[name="email"]')


      687 |     // Login as admin
      688 |     await page.goto('/auth/signin');
    > 689 |     await page.fill('input[name="email"]', testUsers.admin.email);
          |                ^
      690 |     await page.fill('input[name="password"]', testUsers.admin.password);
      691 |     await page.click('button[type="submit"]');
      692 |     await expect(page).toHaveURL(/\/dashboard/);
        at /Users/asithalakmal/Documents/web/final project/WeddingLK-next copy/tests/e2e/comprehensive-crud.spec.ts:689:16

    attachment #1: screenshot (image/png) ──────────────────────────────────────────────────────────
    ../../test-results/comprehensive-crud-🛠️-Sys-350da--System-Settings-Management-Mobile-Chrome/test-failed-1.png
    ────────────────────────────────────────────────────────────────────────────────────────────────

    attachment #2: video (video/webm) ──────────────────────────────────────────────────────────────
    ../../test-results/comprehensive-crud-🛠️-Sys-350da--System-Settings-Management-Mobile-Chrome/video.webm
    ────────────────────────────────────────────────────────────────────────────────────────────────

    Error Context: ../../test-results/comprehensive-crud-🛠️-Sys-350da--System-Settings-Management-Mobile-Chrome/error-context.md
]]>
</failure>
<system-out>
<![CDATA[
[[ATTACHMENT|test-results/comprehensive-crud-🛠️-Sys-350da--System-Settings-Management-Mobile-Chrome/test-failed-1.png]]

[[ATTACHMENT|test-results/comprehensive-crud-🛠️-Sys-350da--System-Settings-Management-Mobile-Chrome/video.webm]]

[[ATTACHMENT|test-results/comprehensive-crud-🛠️-Sys-350da--System-Settings-Management-Mobile-Chrome/error-context.md]]
]]>
</system-out>
</testcase>
</testsuite>
<testsuite name="comprehensive-live-deployment.spec.ts" timestamp="2025-10-23T12:57:57.279Z" hostname="Mobile Chrome" tests="14" failures="14" skipped="0" time="593.532" errors="0">
<testcase name="🚀 COMPREHENSIVE LIVE DEPLOYMENT TESTING › 🏠 HOMEPAGE - Complete Frontend Testing" classname="comprehensive-live-deployment.spec.ts" time="46.146">
<failure message="comprehensive-live-deployment.spec.ts:39:7 🏠 HOMEPAGE - Complete Frontend Testing" type="FAILURE">
<![CDATA[  [Mobile Chrome] › comprehensive-live-deployment.spec.ts:39:7 › 🚀 COMPREHENSIVE LIVE DEPLOYMENT TESTING › 🏠 HOMEPAGE - Complete Frontend Testing 

    Test timeout of 30000ms exceeded while running "beforeEach" hook.

      23 |
      24 | test.describe('🚀 COMPREHENSIVE LIVE DEPLOYMENT TESTING', () => {
    > 25 |   test.beforeEach(async ({ page }) => {
         |        ^
      26 |     // Set longer timeout for live testing
      27 |     test.setTimeout(TEST_TIMEOUT);
      28 |     
        at /Users/asithalakmal/Documents/web/final project/WeddingLK-next copy/tests/e2e/comprehensive-live-deployment.spec.ts:25:8

    Error: page.goto: Test timeout of 30000ms exceeded.
    Call log:
      - navigating to "https://wedding-lk.vercel.app/", waiting until "load"


      28 |     
      29 |     // Navigate to live deployment
    > 30 |     await page.goto(BASE_URL);
         |                ^
      31 |     
      32 |     // Wait for page to load completely
      33 |     await page.waitForLoadState('networkidle');
        at /Users/asithalakmal/Documents/web/final project/WeddingLK-next copy/tests/e2e/comprehensive-live-deployment.spec.ts:30:16

    attachment #1: video (video/webm) ──────────────────────────────────────────────────────────────
    ../../test-results/comprehensive-live-deploym-6fa0d---Complete-Frontend-Testing-Mobile-Chrome/video.webm
    ────────────────────────────────────────────────────────────────────────────────────────────────
]]>
</failure>
<system-out>
<![CDATA[
[[ATTACHMENT|test-results/comprehensive-live-deploym-6fa0d---Complete-Frontend-Testing-Mobile-Chrome/video.webm]]
]]>
</system-out>
</testcase>
<testcase name="🚀 COMPREHENSIVE LIVE DEPLOYMENT TESTING › 🔐 AUTHENTICATION - Complete Auth Flow Testing" classname="comprehensive-live-deployment.spec.ts" time="30.946">
<failure message="comprehensive-live-deployment.spec.ts:132:7 🔐 AUTHENTICATION - Complete Auth Flow Testing" type="FAILURE">
<![CDATA[  [Mobile Chrome] › comprehensive-live-deployment.spec.ts:132:7 › 🚀 COMPREHENSIVE LIVE DEPLOYMENT TESTING › 🔐 AUTHENTICATION - Complete Auth Flow Testing 

    Test timeout of 30000ms exceeded.

    Error: expect(locator).toBeVisible() failed

    Locator: locator('h1:has-text("Sign In")')
    Expected: visible
    Error: element(s) not found

    Call log:
      - Expect "toBeVisible" with timeout 30000ms
      - waiting for locator('h1:has-text("Sign In")')


      137 |     await page.waitForLoadState('networkidle');
      138 |     
    > 139 |     await expect(page.locator('h1:has-text("Sign In")')).toBeVisible();
          |                                                          ^
      140 |     await expect(page.locator('input[name="email"]')).toBeVisible();
      141 |     await expect(page.locator('input[name="password"]')).toBeVisible();
      142 |     await expect(page.locator('button[type="submit"]')).toBeVisible();
        at /Users/asithalakmal/Documents/web/final project/WeddingLK-next copy/tests/e2e/comprehensive-live-deployment.spec.ts:139:58

    attachment #1: screenshot (image/png) ──────────────────────────────────────────────────────────
    ../../test-results/comprehensive-live-deploym-f8c4e--Complete-Auth-Flow-Testing-Mobile-Chrome/test-failed-1.png
    ────────────────────────────────────────────────────────────────────────────────────────────────

    attachment #2: video (video/webm) ──────────────────────────────────────────────────────────────
    ../../test-results/comprehensive-live-deploym-f8c4e--Complete-Auth-Flow-Testing-Mobile-Chrome/video.webm
    ────────────────────────────────────────────────────────────────────────────────────────────────

    Error Context: ../../test-results/comprehensive-live-deploym-f8c4e--Complete-Auth-Flow-Testing-Mobile-Chrome/error-context.md
]]>
</failure>
<system-out>
<![CDATA[🔐 Testing Authentication System...

[[ATTACHMENT|test-results/comprehensive-live-deploym-f8c4e--Complete-Auth-Flow-Testing-Mobile-Chrome/test-failed-1.png]]

[[ATTACHMENT|test-results/comprehensive-live-deploym-f8c4e--Complete-Auth-Flow-Testing-Mobile-Chrome/video.webm]]

[[ATTACHMENT|test-results/comprehensive-live-deploym-f8c4e--Complete-Auth-Flow-Testing-Mobile-Chrome/error-context.md]]
]]>
</system-out>
</testcase>
<testcase name="🚀 COMPREHENSIVE LIVE DEPLOYMENT TESTING › 🏢 VENUES - Complete Venue CRUD Testing" classname="comprehensive-live-deployment.spec.ts" time="31.648">
<failure message="comprehensive-live-deployment.spec.ts:161:7 🏢 VENUES - Complete Venue CRUD Testing" type="FAILURE">
<![CDATA[  [Mobile Chrome] › comprehensive-live-deployment.spec.ts:161:7 › 🚀 COMPREHENSIVE LIVE DEPLOYMENT TESTING › 🏢 VENUES - Complete Venue CRUD Testing 

    Test timeout of 30000ms exceeded.

    Error: page.goto: Test timeout of 30000ms exceeded.
    Call log:
      - navigating to "https://wedding-lk.vercel.app/venues", waiting until "load"


      162 |     console.log('🏢 Testing Venues System...');
      163 |     
    > 164 |     await page.goto(`${BASE_URL}/venues`);
          |                ^
      165 |     await page.waitForLoadState('networkidle');
      166 |     
      167 |     // Test venue listing page
        at /Users/asithalakmal/Documents/web/final project/WeddingLK-next copy/tests/e2e/comprehensive-live-deployment.spec.ts:164:16

    attachment #1: screenshot (image/png) ──────────────────────────────────────────────────────────
    ../../test-results/comprehensive-live-deploym-ef612-Complete-Venue-CRUD-Testing-Mobile-Chrome/test-failed-1.png
    ────────────────────────────────────────────────────────────────────────────────────────────────

    attachment #2: video (video/webm) ──────────────────────────────────────────────────────────────
    ../../test-results/comprehensive-live-deploym-ef612-Complete-Venue-CRUD-Testing-Mobile-Chrome/video.webm
    ────────────────────────────────────────────────────────────────────────────────────────────────

    Error Context: ../../test-results/comprehensive-live-deploym-ef612-Complete-Venue-CRUD-Testing-Mobile-Chrome/error-context.md
]]>
</failure>
<system-out>
<![CDATA[🏢 Testing Venues System...

[[ATTACHMENT|test-results/comprehensive-live-deploym-ef612-Complete-Venue-CRUD-Testing-Mobile-Chrome/test-failed-1.png]]

[[ATTACHMENT|test-results/comprehensive-live-deploym-ef612-Complete-Venue-CRUD-Testing-Mobile-Chrome/video.webm]]

[[ATTACHMENT|test-results/comprehensive-live-deploym-ef612-Complete-Venue-CRUD-Testing-Mobile-Chrome/error-context.md]]
]]>
</system-out>
</testcase>
<testcase name="🚀 COMPREHENSIVE LIVE DEPLOYMENT TESTING › 🏪 VENDORS - Complete Vendor CRUD Testing" classname="comprehensive-live-deployment.spec.ts" time="31.184">
<failure message="comprehensive-live-deployment.spec.ts:206:7 🏪 VENDORS - Complete Vendor CRUD Testing" type="FAILURE">
<![CDATA[  [Mobile Chrome] › comprehensive-live-deployment.spec.ts:206:7 › 🚀 COMPREHENSIVE LIVE DEPLOYMENT TESTING › 🏪 VENDORS - Complete Vendor CRUD Testing 

    Test timeout of 30000ms exceeded.

    Error: page.goto: Test timeout of 30000ms exceeded.
    Call log:
      - navigating to "https://wedding-lk.vercel.app/vendors", waiting until "load"


      207 |     console.log('🏪 Testing Vendors System...');
      208 |     
    > 209 |     await page.goto(`${BASE_URL}/vendors`);
          |                ^
      210 |     await page.waitForLoadState('networkidle');
      211 |     
      212 |     // Test vendor listing page
        at /Users/asithalakmal/Documents/web/final project/WeddingLK-next copy/tests/e2e/comprehensive-live-deployment.spec.ts:209:16

    attachment #1: screenshot (image/png) ──────────────────────────────────────────────────────────
    ../../test-results/comprehensive-live-deploym-d944a-omplete-Vendor-CRUD-Testing-Mobile-Chrome/test-failed-1.png
    ────────────────────────────────────────────────────────────────────────────────────────────────

    attachment #2: video (video/webm) ──────────────────────────────────────────────────────────────
    ../../test-results/comprehensive-live-deploym-d944a-omplete-Vendor-CRUD-Testing-Mobile-Chrome/video.webm
    ────────────────────────────────────────────────────────────────────────────────────────────────

    Error Context: ../../test-results/comprehensive-live-deploym-d944a-omplete-Vendor-CRUD-Testing-Mobile-Chrome/error-context.md
]]>
</failure>
<system-out>
<![CDATA[🏪 Testing Vendors System...

[[ATTACHMENT|test-results/comprehensive-live-deploym-d944a-omplete-Vendor-CRUD-Testing-Mobile-Chrome/test-failed-1.png]]

[[ATTACHMENT|test-results/comprehensive-live-deploym-d944a-omplete-Vendor-CRUD-Testing-Mobile-Chrome/video.webm]]

[[ATTACHMENT|test-results/comprehensive-live-deploym-d944a-omplete-Vendor-CRUD-Testing-Mobile-Chrome/error-context.md]]
]]>
</system-out>
</testcase>
<testcase name="🚀 COMPREHENSIVE LIVE DEPLOYMENT TESTING › 📱 FEED - Complete Social Feed Testing" classname="comprehensive-live-deployment.spec.ts" time="31.28">
<failure message="comprehensive-live-deployment.spec.ts:251:7 📱 FEED - Complete Social Feed Testing" type="FAILURE">
<![CDATA[  [Mobile Chrome] › comprehensive-live-deployment.spec.ts:251:7 › 🚀 COMPREHENSIVE LIVE DEPLOYMENT TESTING › 📱 FEED - Complete Social Feed Testing 

    Test timeout of 30000ms exceeded.

    Error: page.waitForLoadState: Test timeout of 30000ms exceeded.

      253 |     
      254 |     await page.goto(`${BASE_URL}/feed`);
    > 255 |     await page.waitForLoadState('networkidle');
          |                ^
      256 |     
      257 |     // Test feed page
      258 |     await expect(page.locator('h1:has-text("Wedding Feed")')).toBeVisible();
        at /Users/asithalakmal/Documents/web/final project/WeddingLK-next copy/tests/e2e/comprehensive-live-deployment.spec.ts:255:16

    attachment #1: screenshot (image/png) ──────────────────────────────────────────────────────────
    ../../test-results/comprehensive-live-deploym-b9f37-omplete-Social-Feed-Testing-Mobile-Chrome/test-failed-1.png
    ────────────────────────────────────────────────────────────────────────────────────────────────

    attachment #2: video (video/webm) ──────────────────────────────────────────────────────────────
    ../../test-results/comprehensive-live-deploym-b9f37-omplete-Social-Feed-Testing-Mobile-Chrome/video.webm
    ────────────────────────────────────────────────────────────────────────────────────────────────

    Error Context: ../../test-results/comprehensive-live-deploym-b9f37-omplete-Social-Feed-Testing-Mobile-Chrome/error-context.md
]]>
</failure>
<system-out>
<![CDATA[📱 Testing Social Feed System...

[[ATTACHMENT|test-results/comprehensive-live-deploym-b9f37-omplete-Social-Feed-Testing-Mobile-Chrome/test-failed-1.png]]

[[ATTACHMENT|test-results/comprehensive-live-deploym-b9f37-omplete-Social-Feed-Testing-Mobile-Chrome/video.webm]]

[[ATTACHMENT|test-results/comprehensive-live-deploym-b9f37-omplete-Social-Feed-Testing-Mobile-Chrome/error-context.md]]
]]>
</system-out>
</testcase>
<testcase name="🚀 COMPREHENSIVE LIVE DEPLOYMENT TESTING › 🖼️ GALLERY - Complete Gallery Testing" classname="comprehensive-live-deployment.spec.ts" time="33.456">
<failure message="comprehensive-live-deployment.spec.ts:295:7 🖼️ GALLERY - Complete Gallery Testing" type="FAILURE">
<![CDATA[  [Mobile Chrome] › comprehensive-live-deployment.spec.ts:295:7 › 🚀 COMPREHENSIVE LIVE DEPLOYMENT TESTING › 🖼️ GALLERY - Complete Gallery Testing 

    Test timeout of 30000ms exceeded while running "beforeEach" hook.

      23 |
      24 | test.describe('🚀 COMPREHENSIVE LIVE DEPLOYMENT TESTING', () => {
    > 25 |   test.beforeEach(async ({ page }) => {
         |        ^
      26 |     // Set longer timeout for live testing
      27 |     test.setTimeout(TEST_TIMEOUT);
      28 |     
        at /Users/asithalakmal/Documents/web/final project/WeddingLK-next copy/tests/e2e/comprehensive-live-deployment.spec.ts:25:8

    Error: page.goto: Test timeout of 30000ms exceeded.
    Call log:
      - navigating to "https://wedding-lk.vercel.app/", waiting until "load"


      28 |     
      29 |     // Navigate to live deployment
    > 30 |     await page.goto(BASE_URL);
         |                ^
      31 |     
      32 |     // Wait for page to load completely
      33 |     await page.waitForLoadState('networkidle');
        at /Users/asithalakmal/Documents/web/final project/WeddingLK-next copy/tests/e2e/comprehensive-live-deployment.spec.ts:30:16

    attachment #1: screenshot (image/png) ──────────────────────────────────────────────────────────
    ../../test-results/comprehensive-live-deploym-caa8a----Complete-Gallery-Testing-Mobile-Chrome/test-failed-1.png
    ────────────────────────────────────────────────────────────────────────────────────────────────

    attachment #2: video (video/webm) ──────────────────────────────────────────────────────────────
    ../../test-results/comprehensive-live-deploym-caa8a----Complete-Gallery-Testing-Mobile-Chrome/video.webm
    ────────────────────────────────────────────────────────────────────────────────────────────────

    Error Context: ../../test-results/comprehensive-live-deploym-caa8a----Complete-Gallery-Testing-Mobile-Chrome/error-context.md
]]>
</failure>
<system-out>
<![CDATA[
[[ATTACHMENT|test-results/comprehensive-live-deploym-caa8a----Complete-Gallery-Testing-Mobile-Chrome/test-failed-1.png]]

[[ATTACHMENT|test-results/comprehensive-live-deploym-caa8a----Complete-Gallery-Testing-Mobile-Chrome/video.webm]]

[[ATTACHMENT|test-results/comprehensive-live-deploym-caa8a----Complete-Gallery-Testing-Mobile-Chrome/error-context.md]]
]]>
</system-out>
</testcase>
<testcase name="🚀 COMPREHENSIVE LIVE DEPLOYMENT TESTING › 📊 DASHBOARD - Complete Dashboard Testing" classname="comprehensive-live-deployment.spec.ts" time="34.185">
<failure message="comprehensive-live-deployment.spec.ts:329:7 📊 DASHBOARD - Complete Dashboard Testing" type="FAILURE">
<![CDATA[  [Mobile Chrome] › comprehensive-live-deployment.spec.ts:329:7 › 🚀 COMPREHENSIVE LIVE DEPLOYMENT TESTING › 📊 DASHBOARD - Complete Dashboard Testing 

    Test timeout of 30000ms exceeded while running "beforeEach" hook.

      23 |
      24 | test.describe('🚀 COMPREHENSIVE LIVE DEPLOYMENT TESTING', () => {
    > 25 |   test.beforeEach(async ({ page }) => {
         |        ^
      26 |     // Set longer timeout for live testing
      27 |     test.setTimeout(TEST_TIMEOUT);
      28 |     
        at /Users/asithalakmal/Documents/web/final project/WeddingLK-next copy/tests/e2e/comprehensive-live-deployment.spec.ts:25:8

    Error: page.goto: Test timeout of 30000ms exceeded.
    Call log:
      - navigating to "https://wedding-lk.vercel.app/", waiting until "load"


      28 |     
      29 |     // Navigate to live deployment
    > 30 |     await page.goto(BASE_URL);
         |                ^
      31 |     
      32 |     // Wait for page to load completely
      33 |     await page.waitForLoadState('networkidle');
        at /Users/asithalakmal/Documents/web/final project/WeddingLK-next copy/tests/e2e/comprehensive-live-deployment.spec.ts:30:16

    attachment #1: screenshot (image/png) ──────────────────────────────────────────────────────────
    ../../test-results/comprehensive-live-deploym-06825--Complete-Dashboard-Testing-Mobile-Chrome/test-failed-1.png
    ────────────────────────────────────────────────────────────────────────────────────────────────

    attachment #2: video (video/webm) ──────────────────────────────────────────────────────────────
    ../../test-results/comprehensive-live-deploym-06825--Complete-Dashboard-Testing-Mobile-Chrome/video.webm
    ────────────────────────────────────────────────────────────────────────────────────────────────

    Error Context: ../../test-results/comprehensive-live-deploym-06825--Complete-Dashboard-Testing-Mobile-Chrome/error-context.md
]]>
</failure>
<system-out>
<![CDATA[
[[ATTACHMENT|test-results/comprehensive-live-deploym-06825--Complete-Dashboard-Testing-Mobile-Chrome/test-failed-1.png]]

[[ATTACHMENT|test-results/comprehensive-live-deploym-06825--Complete-Dashboard-Testing-Mobile-Chrome/video.webm]]

[[ATTACHMENT|test-results/comprehensive-live-deploym-06825--Complete-Dashboard-Testing-Mobile-Chrome/error-context.md]]
]]>
</system-out>
</testcase>
<testcase name="🚀 COMPREHENSIVE LIVE DEPLOYMENT TESTING › 🔧 API ENDPOINTS - Complete API Testing" classname="comprehensive-live-deployment.spec.ts" time="33.388">
<failure message="comprehensive-live-deployment.spec.ts:388:7 🔧 API ENDPOINTS - Complete API Testing" type="FAILURE">
<![CDATA[  [Mobile Chrome] › comprehensive-live-deployment.spec.ts:388:7 › 🚀 COMPREHENSIVE LIVE DEPLOYMENT TESTING › 🔧 API ENDPOINTS - Complete API Testing 

    Test timeout of 30000ms exceeded while running "beforeEach" hook.

      23 |
      24 | test.describe('🚀 COMPREHENSIVE LIVE DEPLOYMENT TESTING', () => {
    > 25 |   test.beforeEach(async ({ page }) => {
         |        ^
      26 |     // Set longer timeout for live testing
      27 |     test.setTimeout(TEST_TIMEOUT);
      28 |     
        at /Users/asithalakmal/Documents/web/final project/WeddingLK-next copy/tests/e2e/comprehensive-live-deployment.spec.ts:25:8

    Error: page.goto: Test timeout of 30000ms exceeded.
    Call log:
      - navigating to "https://wedding-lk.vercel.app/", waiting until "load"


      28 |     
      29 |     // Navigate to live deployment
    > 30 |     await page.goto(BASE_URL);
         |                ^
      31 |     
      32 |     // Wait for page to load completely
      33 |     await page.waitForLoadState('networkidle');
        at /Users/asithalakmal/Documents/web/final project/WeddingLK-next copy/tests/e2e/comprehensive-live-deployment.spec.ts:30:16

    attachment #1: screenshot (image/png) ──────────────────────────────────────────────────────────
    ../../test-results/comprehensive-live-deploym-3e5dc-INTS---Complete-API-Testing-Mobile-Chrome/test-failed-1.png
    ────────────────────────────────────────────────────────────────────────────────────────────────

    attachment #2: video (video/webm) ──────────────────────────────────────────────────────────────
    ../../test-results/comprehensive-live-deploym-3e5dc-INTS---Complete-API-Testing-Mobile-Chrome/video.webm
    ────────────────────────────────────────────────────────────────────────────────────────────────

    Error Context: ../../test-results/comprehensive-live-deploym-3e5dc-INTS---Complete-API-Testing-Mobile-Chrome/error-context.md
]]>
</failure>
<system-out>
<![CDATA[
[[ATTACHMENT|test-results/comprehensive-live-deploym-3e5dc-INTS---Complete-API-Testing-Mobile-Chrome/test-failed-1.png]]

[[ATTACHMENT|test-results/comprehensive-live-deploym-3e5dc-INTS---Complete-API-Testing-Mobile-Chrome/video.webm]]

[[ATTACHMENT|test-results/comprehensive-live-deploym-3e5dc-INTS---Complete-API-Testing-Mobile-Chrome/error-context.md]]
]]>
</system-out>
</testcase>
<testcase name="🚀 COMPREHENSIVE LIVE DEPLOYMENT TESTING › 📱 RESPONSIVE DESIGN - Complete Mobile Testing" classname="comprehensive-live-deployment.spec.ts" time="33.501">
<failure message="comprehensive-live-deployment.spec.ts:414:7 📱 RESPONSIVE DESIGN - Complete Mobile Testing" type="FAILURE">
<![CDATA[  [Mobile Chrome] › comprehensive-live-deployment.spec.ts:414:7 › 🚀 COMPREHENSIVE LIVE DEPLOYMENT TESTING › 📱 RESPONSIVE DESIGN - Complete Mobile Testing 

    Test timeout of 30000ms exceeded while running "beforeEach" hook.

      23 |
      24 | test.describe('🚀 COMPREHENSIVE LIVE DEPLOYMENT TESTING', () => {
    > 25 |   test.beforeEach(async ({ page }) => {
         |        ^
      26 |     // Set longer timeout for live testing
      27 |     test.setTimeout(TEST_TIMEOUT);
      28 |     
        at /Users/asithalakmal/Documents/web/final project/WeddingLK-next copy/tests/e2e/comprehensive-live-deployment.spec.ts:25:8

    Error: page.goto: Test timeout of 30000ms exceeded.
    Call log:
      - navigating to "https://wedding-lk.vercel.app/", waiting until "load"


      28 |     
      29 |     // Navigate to live deployment
    > 30 |     await page.goto(BASE_URL);
         |                ^
      31 |     
      32 |     // Wait for page to load completely
      33 |     await page.waitForLoadState('networkidle');
        at /Users/asithalakmal/Documents/web/final project/WeddingLK-next copy/tests/e2e/comprehensive-live-deployment.spec.ts:30:16

    attachment #1: screenshot (image/png) ──────────────────────────────────────────────────────────
    ../../test-results/comprehensive-live-deploym-279a2-N---Complete-Mobile-Testing-Mobile-Chrome/test-failed-1.png
    ────────────────────────────────────────────────────────────────────────────────────────────────

    attachment #2: video (video/webm) ──────────────────────────────────────────────────────────────
    ../../test-results/comprehensive-live-deploym-279a2-N---Complete-Mobile-Testing-Mobile-Chrome/video.webm
    ────────────────────────────────────────────────────────────────────────────────────────────────

    Error Context: ../../test-results/comprehensive-live-deploym-279a2-N---Complete-Mobile-Testing-Mobile-Chrome/error-context.md
]]>
</failure>
<system-out>
<![CDATA[
[[ATTACHMENT|test-results/comprehensive-live-deploym-279a2-N---Complete-Mobile-Testing-Mobile-Chrome/test-failed-1.png]]

[[ATTACHMENT|test-results/comprehensive-live-deploym-279a2-N---Complete-Mobile-Testing-Mobile-Chrome/video.webm]]

[[ATTACHMENT|test-results/comprehensive-live-deploym-279a2-N---Complete-Mobile-Testing-Mobile-Chrome/error-context.md]]
]]>
</system-out>
</testcase>
<testcase name="🚀 COMPREHENSIVE LIVE DEPLOYMENT TESTING › 🎨 UI COMPONENTS - Complete Component Testing" classname="comprehensive-live-deployment.spec.ts" time="39.864">
<failure message="comprehensive-live-deployment.spec.ts:450:7 🎨 UI COMPONENTS - Complete Component Testing" type="FAILURE">
<![CDATA[  [Mobile Chrome] › comprehensive-live-deployment.spec.ts:450:7 › 🚀 COMPREHENSIVE LIVE DEPLOYMENT TESTING › 🎨 UI COMPONENTS - Complete Component Testing 

    Test timeout of 30000ms exceeded while running "beforeEach" hook.

      23 |
      24 | test.describe('🚀 COMPREHENSIVE LIVE DEPLOYMENT TESTING', () => {
    > 25 |   test.beforeEach(async ({ page }) => {
         |        ^
      26 |     // Set longer timeout for live testing
      27 |     test.setTimeout(TEST_TIMEOUT);
      28 |     
        at /Users/asithalakmal/Documents/web/final project/WeddingLK-next copy/tests/e2e/comprehensive-live-deployment.spec.ts:25:8

    attachment #1: video (video/webm) ──────────────────────────────────────────────────────────────
    ../../test-results/comprehensive-live-deploym-87362--Complete-Component-Testing-Mobile-Chrome/video.webm
    ────────────────────────────────────────────────────────────────────────────────────────────────

    Error Context: ../../test-results/comprehensive-live-deploym-87362--Complete-Component-Testing-Mobile-Chrome/error-context.md
]]>
</failure>
<system-out>
<![CDATA[
[[ATTACHMENT|test-results/comprehensive-live-deploym-87362--Complete-Component-Testing-Mobile-Chrome/video.webm]]

[[ATTACHMENT|test-results/comprehensive-live-deploym-87362--Complete-Component-Testing-Mobile-Chrome/error-context.md]]
]]>
</system-out>
</testcase>
<testcase name="🚀 COMPREHENSIVE LIVE DEPLOYMENT TESTING › ⚡ PERFORMANCE - Complete Performance Testing" classname="comprehensive-live-deployment.spec.ts" time="37.661">
<failure message="comprehensive-live-deployment.spec.ts:485:7 ⚡ PERFORMANCE - Complete Performance Testing" type="FAILURE">
<![CDATA[  [Mobile Chrome] › comprehensive-live-deployment.spec.ts:485:7 › 🚀 COMPREHENSIVE LIVE DEPLOYMENT TESTING › ⚡ PERFORMANCE - Complete Performance Testing 

    Test timeout of 30000ms exceeded while running "beforeEach" hook.

      23 |
      24 | test.describe('🚀 COMPREHENSIVE LIVE DEPLOYMENT TESTING', () => {
    > 25 |   test.beforeEach(async ({ page }) => {
         |        ^
      26 |     // Set longer timeout for live testing
      27 |     test.setTimeout(TEST_TIMEOUT);
      28 |     
        at /Users/asithalakmal/Documents/web/final project/WeddingLK-next copy/tests/e2e/comprehensive-live-deployment.spec.ts:25:8

    attachment #1: video (video/webm) ──────────────────────────────────────────────────────────────
    ../../test-results/comprehensive-live-deploym-d0375-omplete-Performance-Testing-Mobile-Chrome/video.webm
    ────────────────────────────────────────────────────────────────────────────────────────────────

    Error Context: ../../test-results/comprehensive-live-deploym-d0375-omplete-Performance-Testing-Mobile-Chrome/error-context.md
]]>
</failure>
<system-out>
<![CDATA[
[[ATTACHMENT|test-results/comprehensive-live-deploym-d0375-omplete-Performance-Testing-Mobile-Chrome/video.webm]]

[[ATTACHMENT|test-results/comprehensive-live-deploym-d0375-omplete-Performance-Testing-Mobile-Chrome/error-context.md]]
]]>
</system-out>
</testcase>
<testcase name="🚀 COMPREHENSIVE LIVE DEPLOYMENT TESTING › 🔍 ERROR HANDLING - Complete Error Testing" classname="comprehensive-live-deployment.spec.ts" time="42.728">
<failure message="comprehensive-live-deployment.spec.ts:513:7 🔍 ERROR HANDLING - Complete Error Testing" type="FAILURE">
<![CDATA[  [Mobile Chrome] › comprehensive-live-deployment.spec.ts:513:7 › 🚀 COMPREHENSIVE LIVE DEPLOYMENT TESTING › 🔍 ERROR HANDLING - Complete Error Testing 

    Test timeout of 30000ms exceeded while running "beforeEach" hook.

      23 |
      24 | test.describe('🚀 COMPREHENSIVE LIVE DEPLOYMENT TESTING', () => {
    > 25 |   test.beforeEach(async ({ page }) => {
         |        ^
      26 |     // Set longer timeout for live testing
      27 |     test.setTimeout(TEST_TIMEOUT);
      28 |     
        at /Users/asithalakmal/Documents/web/final project/WeddingLK-next copy/tests/e2e/comprehensive-live-deployment.spec.ts:25:8

    Error: page.screenshot: Test timeout of 30000ms exceeded.
    Call log:
      - taking page screenshot
      - waiting for fonts to load...
      - fonts loaded


      34 |     
      35 |     // Take screenshot of initial page
    > 36 |     await page.screenshot({ path: 'test-results/live-deployment-initial.png' });
         |                ^
      37 |   });
      38 |
      39 |   test('🏠 HOMEPAGE - Complete Frontend Testing', async ({ page }) => {
        at /Users/asithalakmal/Documents/web/final project/WeddingLK-next copy/tests/e2e/comprehensive-live-deployment.spec.ts:36:16

    attachment #1: video (video/webm) ──────────────────────────────────────────────────────────────
    ../../test-results/comprehensive-live-deploym-608d6-NG---Complete-Error-Testing-Mobile-Chrome/video.webm
    ────────────────────────────────────────────────────────────────────────────────────────────────

    Error Context: ../../test-results/comprehensive-live-deploym-608d6-NG---Complete-Error-Testing-Mobile-Chrome/error-context.md
]]>
</failure>
<system-out>
<![CDATA[
[[ATTACHMENT|test-results/comprehensive-live-deploym-608d6-NG---Complete-Error-Testing-Mobile-Chrome/video.webm]]

[[ATTACHMENT|test-results/comprehensive-live-deploym-608d6-NG---Complete-Error-Testing-Mobile-Chrome/error-context.md]]
]]>
</system-out>
</testcase>
<testcase name="🚀 COMPREHENSIVE LIVE DEPLOYMENT TESTING › 🎯 FINAL INTEGRATION - Complete System Integration" classname="comprehensive-live-deployment.spec.ts" time="44.804">
<failure message="comprehensive-live-deployment.spec.ts:544:7 🎯 FINAL INTEGRATION - Complete System Integration" type="FAILURE">
<![CDATA[  [Mobile Chrome] › comprehensive-live-deployment.spec.ts:544:7 › 🚀 COMPREHENSIVE LIVE DEPLOYMENT TESTING › 🎯 FINAL INTEGRATION - Complete System Integration 

    Test timeout of 30000ms exceeded while running "beforeEach" hook.

      23 |
      24 | test.describe('🚀 COMPREHENSIVE LIVE DEPLOYMENT TESTING', () => {
    > 25 |   test.beforeEach(async ({ page }) => {
         |        ^
      26 |     // Set longer timeout for live testing
      27 |     test.setTimeout(TEST_TIMEOUT);
      28 |     
        at /Users/asithalakmal/Documents/web/final project/WeddingLK-next copy/tests/e2e/comprehensive-live-deployment.spec.ts:25:8

    Error: page.goto: Test timeout of 30000ms exceeded.
    Call log:
      - navigating to "https://wedding-lk.vercel.app/", waiting until "load"


      28 |     
      29 |     // Navigate to live deployment
    > 30 |     await page.goto(BASE_URL);
         |                ^
      31 |     
      32 |     // Wait for page to load completely
      33 |     await page.waitForLoadState('networkidle');
        at /Users/asithalakmal/Documents/web/final project/WeddingLK-next copy/tests/e2e/comprehensive-live-deployment.spec.ts:30:16

    attachment #1: screenshot (image/png) ──────────────────────────────────────────────────────────
    ../../test-results/comprehensive-live-deploym-c7c0a-Complete-System-Integration-Mobile-Chrome/test-failed-1.png
    ────────────────────────────────────────────────────────────────────────────────────────────────

    attachment #2: video (video/webm) ──────────────────────────────────────────────────────────────
    ../../test-results/comprehensive-live-deploym-c7c0a-Complete-System-Integration-Mobile-Chrome/video.webm
    ────────────────────────────────────────────────────────────────────────────────────────────────

    Error Context: ../../test-results/comprehensive-live-deploym-c7c0a-Complete-System-Integration-Mobile-Chrome/error-context.md
]]>
</failure>
<system-out>
<![CDATA[
[[ATTACHMENT|test-results/comprehensive-live-deploym-c7c0a-Complete-System-Integration-Mobile-Chrome/test-failed-1.png]]

[[ATTACHMENT|test-results/comprehensive-live-deploym-c7c0a-Complete-System-Integration-Mobile-Chrome/video.webm]]

[[ATTACHMENT|test-results/comprehensive-live-deploym-c7c0a-Complete-System-Integration-Mobile-Chrome/error-context.md]]
]]>
</system-out>
</testcase>
<testcase name="🚀 LIVE DEPLOYMENT STRESS TESTING › ⚡ STRESS TEST - Multiple Concurrent Operations" classname="comprehensive-live-deployment.spec.ts" time="122.741">
<failure message="comprehensive-live-deployment.spec.ts:584:7 ⚡ STRESS TEST - Multiple Concurrent Operations" type="FAILURE">
<![CDATA[  [Mobile Chrome] › comprehensive-live-deployment.spec.ts:584:7 › 🚀 LIVE DEPLOYMENT STRESS TESTING › ⚡ STRESS TEST - Multiple Concurrent Operations 

    Test timeout of 120000ms exceeded.

    Error: page.goto: Test timeout of 120000ms exceeded.
    Call log:
      - navigating to "https://wedding-lk.vercel.app/vendors", waiting until "load"


      590 |     for (let i = 0; i < 3; i++) {
      591 |       for (const pagePath of pages) {
    > 592 |         await page.goto(`${BASE_URL}${pagePath}`);
          |                    ^
      593 |         await page.waitForLoadState('networkidle');
      594 |         await page.waitForTimeout(500);
      595 |       }
        at /Users/asithalakmal/Documents/web/final project/WeddingLK-next copy/tests/e2e/comprehensive-live-deployment.spec.ts:592:20

    attachment #1: screenshot (image/png) ──────────────────────────────────────────────────────────
    ../../test-results/comprehensive-live-deploym-5eba8-tiple-Concurrent-Operations-Mobile-Chrome/test-failed-1.png
    ────────────────────────────────────────────────────────────────────────────────────────────────

    attachment #2: video (video/webm) ──────────────────────────────────────────────────────────────
    ../../test-results/comprehensive-live-deploym-5eba8-tiple-Concurrent-Operations-Mobile-Chrome/video.webm
    ────────────────────────────────────────────────────────────────────────────────────────────────

    Error Context: ../../test-results/comprehensive-live-deploym-5eba8-tiple-Concurrent-Operations-Mobile-Chrome/error-context.md
]]>
</failure>
<system-out>
<![CDATA[⚡ Running Stress Tests...

[[ATTACHMENT|test-results/comprehensive-live-deploym-5eba8-tiple-Concurrent-Operations-Mobile-Chrome/test-failed-1.png]]

[[ATTACHMENT|test-results/comprehensive-live-deploym-5eba8-tiple-Concurrent-Operations-Mobile-Chrome/video.webm]]

[[ATTACHMENT|test-results/comprehensive-live-deploym-5eba8-tiple-Concurrent-Operations-Mobile-Chrome/error-context.md]]
]]>
</system-out>
</testcase>
</testsuite>
<testsuite name="payment.spec.ts" timestamp="2025-10-23T12:57:57.279Z" hostname="Mobile Chrome" tests="7" failures="7" skipped="0" time="606.576" errors="0">
<testcase name="Payment System › Stripe payment integration with mock" classname="payment.spec.ts" time="134.824">
<failure message="payment.spec.ts:5:7 Stripe payment integration with mock" type="FAILURE">
<![CDATA[  [Mobile Chrome] › payment.spec.ts:5:7 › Payment System › Stripe payment integration with mock ────

    TimeoutError: page.fill: Timeout 60000ms exceeded.
    Call log:
      - waiting for locator('input[name="customerName"]')


      13 |     
      14 |     // Fill checkout form
    > 15 |     await page.fill('input[name="customerName"]', customer.name);
         |                ^
      16 |     await page.fill('input[name="customerEmail"]', customer.email);
      17 |     await page.fill('input[name="customerPhone"]', customer.phone);
      18 |     await page.fill('input[name="billingAddress"]', faker.location.streetAddress());
        at /Users/asithalakmal/Documents/web/final project/WeddingLK-next copy/tests/e2e/payment.spec.ts:15:16

    attachment #1: screenshot (image/png) ──────────────────────────────────────────────────────────
    ../../test-results/payment-Payment-System-Stripe-payment-integration-with-mock-Mobile-Chrome/test-failed-1.png
    ────────────────────────────────────────────────────────────────────────────────────────────────

    attachment #2: video (video/webm) ──────────────────────────────────────────────────────────────
    ../../test-results/payment-Payment-System-Stripe-payment-integration-with-mock-Mobile-Chrome/video.webm
    ────────────────────────────────────────────────────────────────────────────────────────────────

    Error Context: ../../test-results/payment-Payment-System-Stripe-payment-integration-with-mock-Mobile-Chrome/error-context.md
]]>
</failure>
<system-out>
<![CDATA[
[[ATTACHMENT|test-results/payment-Payment-System-Stripe-payment-integration-with-mock-Mobile-Chrome/test-failed-1.png]]

[[ATTACHMENT|test-results/payment-Payment-System-Stripe-payment-integration-with-mock-Mobile-Chrome/video.webm]]

[[ATTACHMENT|test-results/payment-Payment-System-Stripe-payment-integration-with-mock-Mobile-Chrome/error-context.md]]
]]>
</system-out>
</testcase>
<testcase name="Payment System › PayHere payment integration" classname="payment.spec.ts" time="124.343">
<failure message="payment.spec.ts:62:7 PayHere payment integration" type="FAILURE">
<![CDATA[  [Mobile Chrome] › payment.spec.ts:62:7 › Payment System › PayHere payment integration ────────────

    TimeoutError: page.click: Timeout 60000ms exceeded.
    Call log:
      - waiting for locator('input[name="paymentMethod"][value="payhere"]')


      64 |     
      65 |     // Select PayHere payment method
    > 66 |     await page.click('input[name="paymentMethod"][value="payhere"]');
         |                ^
      67 |     
      68 |     // Mock PayHere payment
      69 |     await page.route('**/api/payments/payhere/create', route => {
        at /Users/asithalakmal/Documents/web/final project/WeddingLK-next copy/tests/e2e/payment.spec.ts:66:16

    attachment #1: screenshot (image/png) ──────────────────────────────────────────────────────────
    ../../test-results/payment-Payment-System-PayHere-payment-integration-Mobile-Chrome/test-failed-1.png
    ────────────────────────────────────────────────────────────────────────────────────────────────

    attachment #2: video (video/webm) ──────────────────────────────────────────────────────────────
    ../../test-results/payment-Payment-System-PayHere-payment-integration-Mobile-Chrome/video.webm
    ────────────────────────────────────────────────────────────────────────────────────────────────

    Error Context: ../../test-results/payment-Payment-System-PayHere-payment-integration-Mobile-Chrome/error-context.md
]]>
</failure>
<system-out>
<![CDATA[
[[ATTACHMENT|test-results/payment-Payment-System-PayHere-payment-integration-Mobile-Chrome/test-failed-1.png]]

[[ATTACHMENT|test-results/payment-Payment-System-PayHere-payment-integration-Mobile-Chrome/video.webm]]

[[ATTACHMENT|test-results/payment-Payment-System-PayHere-payment-integration-Mobile-Chrome/error-context.md]]
]]>
</system-out>
</testcase>
<testcase name="Payment System › Payment failure handling" classname="payment.spec.ts" time="66.5">
<failure message="payment.spec.ts:101:7 Payment failure handling" type="FAILURE">
<![CDATA[  [Mobile Chrome] › payment.spec.ts:101:7 › Payment System › Payment failure handling ──────────────

    TimeoutError: page.goto: Timeout 60000ms exceeded.
    Call log:
      - navigating to "https://wedding-lk.vercel.app/checkout", waiting until "load"


      100 |
      101 |   test('Payment failure handling', async ({ page }) => {
    > 102 |     await page.goto('/checkout');
          |                ^
      103 |     
      104 |     // Mock payment failure
      105 |     await page.route('**/api/payments/create-intent', route => {
        at /Users/asithalakmal/Documents/web/final project/WeddingLK-next copy/tests/e2e/payment.spec.ts:102:16

    attachment #1: screenshot (image/png) ──────────────────────────────────────────────────────────
    ../../test-results/payment-Payment-System-Payment-failure-handling-Mobile-Chrome/test-failed-1.png
    ────────────────────────────────────────────────────────────────────────────────────────────────

    attachment #2: video (video/webm) ──────────────────────────────────────────────────────────────
    ../../test-results/payment-Payment-System-Payment-failure-handling-Mobile-Chrome/video.webm
    ────────────────────────────────────────────────────────────────────────────────────────────────

    Error Context: ../../test-results/payment-Payment-System-Payment-failure-handling-Mobile-Chrome/error-context.md
]]>
</failure>
<system-out>
<![CDATA[
[[ATTACHMENT|test-results/payment-Payment-System-Payment-failure-handling-Mobile-Chrome/test-failed-1.png]]

[[ATTACHMENT|test-results/payment-Payment-System-Payment-failure-handling-Mobile-Chrome/video.webm]]

[[ATTACHMENT|test-results/payment-Payment-System-Payment-failure-handling-Mobile-Chrome/error-context.md]]
]]>
</system-out>
</testcase>
<testcase name="Payment System › Payment refund processing" classname="payment.spec.ts" time="69.706">
<failure message="payment.spec.ts:126:7 Payment refund processing" type="FAILURE">
<![CDATA[  [Mobile Chrome] › payment.spec.ts:126:7 › Payment System › Payment refund processing ─────────────

    TimeoutError: page.goto: Timeout 60000ms exceeded.
    Call log:
      - navigating to "https://wedding-lk.vercel.app/auth/signin", waiting until "load"


      126 |   test('Payment refund processing', async ({ page }) => {
      127 |     // Login as admin
    > 128 |     await page.goto('/auth/signin');
          |                ^
      129 |     await page.fill('input[name="email"]', process.env.TEST_ADMIN_EMAIL || 'admin@test.local');
      130 |     await page.fill('input[name="password"]', process.env.TEST_ADMIN_PASSWORD || 'AdminPass123!');
      131 |     await page.click('button[type="submit"]');
        at /Users/asithalakmal/Documents/web/final project/WeddingLK-next copy/tests/e2e/payment.spec.ts:128:16

    attachment #1: screenshot (image/png) ──────────────────────────────────────────────────────────
    ../../test-results/payment-Payment-System-Payment-refund-processing-Mobile-Chrome/test-failed-1.png
    ────────────────────────────────────────────────────────────────────────────────────────────────

    attachment #2: video (video/webm) ──────────────────────────────────────────────────────────────
    ../../test-results/payment-Payment-System-Payment-refund-processing-Mobile-Chrome/video.webm
    ────────────────────────────────────────────────────────────────────────────────────────────────

    Error Context: ../../test-results/payment-Payment-System-Payment-refund-processing-Mobile-Chrome/error-context.md
]]>
</failure>
<system-out>
<![CDATA[
[[ATTACHMENT|test-results/payment-Payment-System-Payment-refund-processing-Mobile-Chrome/test-failed-1.png]]

[[ATTACHMENT|test-results/payment-Payment-System-Payment-refund-processing-Mobile-Chrome/video.webm]]

[[ATTACHMENT|test-results/payment-Payment-System-Payment-refund-processing-Mobile-Chrome/error-context.md]]
]]>
</system-out>
</testcase>
<testcase name="Payment System › Payment history and analytics" classname="payment.spec.ts" time="63.415">
<failure message="payment.spec.ts:173:7 Payment history and analytics" type="FAILURE">
<![CDATA[  [Mobile Chrome] › payment.spec.ts:173:7 › Payment System › Payment history and analytics ─────────

    TimeoutError: page.goto: Timeout 60000ms exceeded.
    Call log:
      - navigating to "https://wedding-lk.vercel.app/auth/signin", waiting until "load"


      173 |   test('Payment history and analytics', async ({ page }) => {
      174 |     // Login as customer
    > 175 |     await page.goto('/auth/signin');
          |                ^
      176 |     await page.fill('input[name="email"]', process.env.TEST_CUSTOMER_EMAIL || 'customer@test.local');
      177 |     await page.fill('input[name="password"]', process.env.TEST_CUSTOMER_PASSWORD || 'CustomerPass123!');
      178 |     await page.click('button[type="submit"]');
        at /Users/asithalakmal/Documents/web/final project/WeddingLK-next copy/tests/e2e/payment.spec.ts:175:16

    attachment #1: screenshot (image/png) ──────────────────────────────────────────────────────────
    ../../test-results/payment-Payment-System-Payment-history-and-analytics-Mobile-Chrome/test-failed-1.png
    ────────────────────────────────────────────────────────────────────────────────────────────────

    attachment #2: video (video/webm) ──────────────────────────────────────────────────────────────
    ../../test-results/payment-Payment-System-Payment-history-and-analytics-Mobile-Chrome/video.webm
    ────────────────────────────────────────────────────────────────────────────────────────────────

    Error Context: ../../test-results/payment-Payment-System-Payment-history-and-analytics-Mobile-Chrome/error-context.md
]]>
</failure>
<system-out>
<![CDATA[
[[ATTACHMENT|test-results/payment-Payment-System-Payment-history-and-analytics-Mobile-Chrome/test-failed-1.png]]

[[ATTACHMENT|test-results/payment-Payment-System-Payment-history-and-analytics-Mobile-Chrome/video.webm]]

[[ATTACHMENT|test-results/payment-Payment-System-Payment-history-and-analytics-Mobile-Chrome/error-context.md]]
]]>
</system-out>
</testcase>
<testcase name="Payment System › Subscription payment management" classname="payment.spec.ts" time="138.325">
<failure message="payment.spec.ts:195:7 Subscription payment management" type="FAILURE">
<![CDATA[  [Mobile Chrome] › payment.spec.ts:195:7 › Payment System › Subscription payment management ───────

    TimeoutError: page.fill: Timeout 60000ms exceeded.
    Call log:
      - waiting for locator('input[name="email"]')


      196 |     // Login as vendor
      197 |     await page.goto('/auth/signin');
    > 198 |     await page.fill('input[name="email"]', process.env.TEST_VENDOR_EMAIL || 'vendor@test.local');
          |                ^
      199 |     await page.fill('input[name="password"]', process.env.TEST_VENDOR_PASSWORD || 'VendorPass123!');
      200 |     await page.click('button[type="submit"]');
      201 |     await expect(page).toHaveURL(/\/dashboard/);
        at /Users/asithalakmal/Documents/web/final project/WeddingLK-next copy/tests/e2e/payment.spec.ts:198:16

    attachment #1: screenshot (image/png) ──────────────────────────────────────────────────────────
    ../../test-results/payment-Payment-System-Subscription-payment-management-Mobile-Chrome/test-failed-1.png
    ────────────────────────────────────────────────────────────────────────────────────────────────

    attachment #2: video (video/webm) ──────────────────────────────────────────────────────────────
    ../../test-results/payment-Payment-System-Subscription-payment-management-Mobile-Chrome/video.webm
    ────────────────────────────────────────────────────────────────────────────────────────────────

    Error Context: ../../test-results/payment-Payment-System-Subscription-payment-management-Mobile-Chrome/error-context.md
]]>
</failure>
<system-out>
<![CDATA[
[[ATTACHMENT|test-results/payment-Payment-System-Subscription-payment-management-Mobile-Chrome/test-failed-1.png]]

[[ATTACHMENT|test-results/payment-Payment-System-Subscription-payment-management-Mobile-Chrome/video.webm]]

[[ATTACHMENT|test-results/payment-Payment-System-Subscription-payment-management-Mobile-Chrome/error-context.md]]
]]>
</system-out>
</testcase>
<testcase name="Payment System › Payment webhook handling" classname="payment.spec.ts" time="9.463">
<failure message="payment.spec.ts:231:7 Payment webhook handling" type="FAILURE">
<![CDATA[  [Mobile Chrome] › payment.spec.ts:231:7 › Payment System › Payment webhook handling ──────────────

    Error: expect(received).toBeTruthy()

    Received: false

      245 |     });
      246 |     
    > 247 |     expect(webhookResponse.ok()).toBeTruthy();
          |                                  ^
      248 |   });
      249 | });
      250 |
        at /Users/asithalakmal/Documents/web/final project/WeddingLK-next copy/tests/e2e/payment.spec.ts:247:34

    attachment #1: screenshot (image/png) ──────────────────────────────────────────────────────────
    ../../test-results/payment-Payment-System-Payment-webhook-handling-Mobile-Chrome/test-failed-1.png
    ────────────────────────────────────────────────────────────────────────────────────────────────

    attachment #2: video (video/webm) ──────────────────────────────────────────────────────────────
    ../../test-results/payment-Payment-System-Payment-webhook-handling-Mobile-Chrome/video.webm
    ────────────────────────────────────────────────────────────────────────────────────────────────
]]>
</failure>
<system-out>
<![CDATA[
[[ATTACHMENT|test-results/payment-Payment-System-Payment-webhook-handling-Mobile-Chrome/test-failed-1.png]]

[[ATTACHMENT|test-results/payment-Payment-System-Payment-webhook-handling-Mobile-Chrome/video.webm]]
]]>
</system-out>
</testcase>
</testsuite>
<testsuite name="production.spec.ts" timestamp="2025-10-23T12:57:57.279Z" hostname="Mobile Chrome" tests="6" failures="5" skipped="0" time="485.806" errors="0">
<testcase name="Production Site Tests › Homepage loads correctly" classname="production.spec.ts" time="69.561">
<failure message="production.spec.ts:4:7 Homepage loads correctly" type="FAILURE">
<![CDATA[  [Mobile Chrome] › production.spec.ts:4:7 › Production Site Tests › Homepage loads correctly ──────

    Error: expect(locator).toBeVisible() failed

    Locator:  locator('nav a[href="/venues"]')
    Expected: visible
    Received: hidden
    Timeout:  30000ms

    Call log:
      - Expect "toBeVisible" with timeout 30000ms
      - waiting for locator('nav a[href="/venues"]')
        32 × locator resolved to <a href="/venues" class="text-gray-700 hover:text-rose-500 dark:text-gray-300 dark:hover:text-rose-400 font-medium transition-colors">Venues</a>
           - unexpected value "hidden"


      12 |     
      13 |     // Check that navigation links are present
    > 14 |     await expect(page.locator('nav a[href="/venues"]')).toBeVisible();
         |                                                         ^
      15 |     await expect(page.locator('nav a[href="/vendors"]')).toBeVisible();
      16 |     await expect(page.locator('nav a[href="/gallery"]')).toBeVisible();
      17 |   });
        at /Users/asithalakmal/Documents/web/final project/WeddingLK-next copy/tests/e2e/production.spec.ts:14:57

    attachment #1: screenshot (image/png) ──────────────────────────────────────────────────────────
    ../../test-results/production-Production-Site-Tests-Homepage-loads-correctly-Mobile-Chrome/test-failed-1.png
    ────────────────────────────────────────────────────────────────────────────────────────────────

    attachment #2: video (video/webm) ──────────────────────────────────────────────────────────────
    ../../test-results/production-Production-Site-Tests-Homepage-loads-correctly-Mobile-Chrome/video.webm
    ────────────────────────────────────────────────────────────────────────────────────────────────

    Error Context: ../../test-results/production-Production-Site-Tests-Homepage-loads-correctly-Mobile-Chrome/error-context.md
]]>
</failure>
<system-out>
<![CDATA[
[[ATTACHMENT|test-results/production-Production-Site-Tests-Homepage-loads-correctly-Mobile-Chrome/test-failed-1.png]]

[[ATTACHMENT|test-results/production-Production-Site-Tests-Homepage-loads-correctly-Mobile-Chrome/video.webm]]

[[ATTACHMENT|test-results/production-Production-Site-Tests-Homepage-loads-correctly-Mobile-Chrome/error-context.md]]
]]>
</system-out>
</testcase>
<testcase name="Production Site Tests › Navigation works correctly" classname="production.spec.ts" time="107.703">
<failure message="production.spec.ts:19:7 Navigation works correctly" type="FAILURE">
<![CDATA[  [Mobile Chrome] › production.spec.ts:19:7 › Production Site Tests › Navigation works correctly ───

    TimeoutError: locator.click: Timeout 60000ms exceeded.
    Call log:
      - waiting for locator('nav a[href="/venues"]').first()
        - locator resolved to <a href="/venues" class="text-gray-700 hover:text-rose-500 dark:text-gray-300 dark:hover:text-rose-400 font-medium transition-colors">Venues</a>
      - attempting click action
        2 × waiting for element to be visible, enabled and stable
          - element is not visible
        - retrying click action
        - waiting 20ms
        2 × waiting for element to be visible, enabled and stable
          - element is not visible
        - retrying click action
          - waiting 100ms
        86 × waiting for element to be visible, enabled and stable
           - element is not visible
         - retrying click action
           - waiting 500ms


      21 |     
      22 |     // Test venues navigation - use a more robust approach
    > 23 |     await page.locator('nav a[href="/venues"]').first().click();
         |                                                         ^
      24 |     
      25 |     // Wait for navigation to complete
      26 |     await page.waitForLoadState('networkidle');
        at /Users/asithalakmal/Documents/web/final project/WeddingLK-next copy/tests/e2e/production.spec.ts:23:57

    attachment #1: video (video/webm) ──────────────────────────────────────────────────────────────
    ../../test-results/production-Production-Site-Tests-Navigation-works-correctly-Mobile-Chrome/video.webm
    ────────────────────────────────────────────────────────────────────────────────────────────────

    Error Context: ../../test-results/production-Production-Site-Tests-Navigation-works-correctly-Mobile-Chrome/error-context.md
]]>
</failure>
<system-out>
<![CDATA[
[[ATTACHMENT|test-results/production-Production-Site-Tests-Navigation-works-correctly-Mobile-Chrome/video.webm]]

[[ATTACHMENT|test-results/production-Production-Site-Tests-Navigation-works-correctly-Mobile-Chrome/error-context.md]]
]]>
</system-out>
</testcase>
<testcase name="Production Site Tests › Search functionality is present" classname="production.spec.ts" time="105.69">
<failure message="production.spec.ts:37:7 Search functionality is present" type="FAILURE">
<![CDATA[  [Mobile Chrome] › production.spec.ts:37:7 › Production Site Tests › Search functionality is present 

    Error: expect(locator).toBeVisible() failed

    Locator: locator('input[placeholder*="dream wedding"]')
    Expected: visible
    Timeout: 30000ms
    Error: element(s) not found

    Call log:
      - Expect "toBeVisible" with timeout 30000ms
      - waiting for locator('input[placeholder*="dream wedding"]')


      39 |     
      40 |     // Check that the search input is present (try different placeholder text)
    > 41 |     await expect(page.locator('input[placeholder*="dream wedding"]')).toBeVisible();
         |                                                                       ^
      42 |     
      43 |     // Check that the search button is present
      44 |     await expect(page.locator('button:has-text("Find My Perfect Wedding")')).toBeVisible();
        at /Users/asithalakmal/Documents/web/final project/WeddingLK-next copy/tests/e2e/production.spec.ts:41:71

    attachment #1: video (video/webm) ──────────────────────────────────────────────────────────────
    ../../test-results/production-Production-Site-101a3-ch-functionality-is-present-Mobile-Chrome/video.webm
    ────────────────────────────────────────────────────────────────────────────────────────────────

    Error Context: ../../test-results/production-Production-Site-101a3-ch-functionality-is-present-Mobile-Chrome/error-context.md
]]>
</failure>
<system-out>
<![CDATA[
[[ATTACHMENT|test-results/production-Production-Site-101a3-ch-functionality-is-present-Mobile-Chrome/video.webm]]

[[ATTACHMENT|test-results/production-Production-Site-101a3-ch-functionality-is-present-Mobile-Chrome/error-context.md]]
]]>
</system-out>
</testcase>
<testcase name="Production Site Tests › Footer links are present" classname="production.spec.ts" time="73">
<failure message="production.spec.ts:47:7 Footer links are present" type="FAILURE">
<![CDATA[  [Mobile Chrome] › production.spec.ts:47:7 › Production Site Tests › Footer links are present ─────

    TimeoutError: page.goto: Timeout 60000ms exceeded.
    Call log:
      - navigating to "https://wedding-lk.vercel.app/", waiting until "load"


      46 |
      47 |   test('Footer links are present', async ({ page }) => {
    > 48 |     await page.goto('/');
         |                ^
      49 |     
      50 |     // Scroll to footer
      51 |     await page.evaluate(() => window.scrollTo(0, document.body.scrollHeight));
        at /Users/asithalakmal/Documents/web/final project/WeddingLK-next copy/tests/e2e/production.spec.ts:48:16

    attachment #1: video (video/webm) ──────────────────────────────────────────────────────────────
    ../../test-results/production-Production-Site-Tests-Footer-links-are-present-Mobile-Chrome/video.webm
    ────────────────────────────────────────────────────────────────────────────────────────────────

    Error Context: ../../test-results/production-Production-Site-Tests-Footer-links-are-present-Mobile-Chrome/error-context.md
]]>
</failure>
<system-out>
<![CDATA[
[[ATTACHMENT|test-results/production-Production-Site-Tests-Footer-links-are-present-Mobile-Chrome/video.webm]]

[[ATTACHMENT|test-results/production-Production-Site-Tests-Footer-links-are-present-Mobile-Chrome/error-context.md]]
]]>
</system-out>
</testcase>
<testcase name="Production Site Tests › Responsive design works" classname="production.spec.ts" time="70.926">
<failure message="production.spec.ts:61:7 Responsive design works" type="FAILURE">
<![CDATA[  [Mobile Chrome] › production.spec.ts:61:7 › Production Site Tests › Responsive design works ──────

    TimeoutError: page.goto: Timeout 60000ms exceeded.
    Call log:
      - navigating to "https://wedding-lk.vercel.app/", waiting until "load"


      62 |     // Test mobile viewport
      63 |     await page.setViewportSize({ width: 375, height: 667 });
    > 64 |     await page.goto('/');
         |                ^
      65 |     
      66 |     // Check that mobile menu button is visible
      67 |     await expect(page.locator('button:has(svg.lucide-menu)')).toBeVisible();
        at /Users/asithalakmal/Documents/web/final project/WeddingLK-next copy/tests/e2e/production.spec.ts:64:16

    attachment #1: screenshot (image/png) ──────────────────────────────────────────────────────────
    ../../test-results/production-Production-Site-Tests-Responsive-design-works-Mobile-Chrome/test-failed-1.png
    ────────────────────────────────────────────────────────────────────────────────────────────────

    attachment #2: video (video/webm) ──────────────────────────────────────────────────────────────
    ../../test-results/production-Production-Site-Tests-Responsive-design-works-Mobile-Chrome/video.webm
    ────────────────────────────────────────────────────────────────────────────────────────────────

    Error Context: ../../test-results/production-Production-Site-Tests-Responsive-design-works-Mobile-Chrome/error-context.md
]]>
</failure>
<system-out>
<![CDATA[
[[ATTACHMENT|test-results/production-Production-Site-Tests-Responsive-design-works-Mobile-Chrome/test-failed-1.png]]

[[ATTACHMENT|test-results/production-Production-Site-Tests-Responsive-design-works-Mobile-Chrome/video.webm]]

[[ATTACHMENT|test-results/production-Production-Site-Tests-Responsive-design-works-Mobile-Chrome/error-context.md]]
]]>
</system-out>
</testcase>
<testcase name="Production Site Tests › Page metadata is correct" classname="production.spec.ts" time="58.926">
</testcase>
</testsuite>
<testsuite name="quick-verification.spec.ts" timestamp="2025-10-23T12:57:57.279Z" hostname="Mobile Chrome" tests="6" failures="2" skipped="0" time="272.624" errors="0">
<testcase name="🚀 Quick Production Verification › Homepage loads and basic functionality works" classname="quick-verification.spec.ts" time="80.866">
<failure message="quick-verification.spec.ts:4:7 Homepage loads and basic functionality works" type="FAILURE">
<![CDATA[  [Mobile Chrome] › quick-verification.spec.ts:4:7 › 🚀 Quick Production Verification › Homepage loads and basic functionality works 

    Error: expect(locator).toBeVisible() failed

    Locator:  locator('nav')
    Expected: visible
    Received: hidden
    Timeout:  30000ms

    Call log:
      - Expect "toBeVisible" with timeout 30000ms
      - waiting for locator('nav')
        33 × locator resolved to <nav class="flex justify-center space-x-8 px-4 sm:px-6 lg:px-8">…</nav>
           - unexpected value "hidden"


      17 |     
      18 |     // Check for navigation
    > 19 |     await expect(page.locator('nav')).toBeVisible();
         |                                       ^
      20 |     
      21 |     // Check for main content
      22 |     await expect(page.locator('main, [role="main"]')).toBeVisible();
        at /Users/asithalakmal/Documents/web/final project/WeddingLK-next copy/tests/e2e/quick-verification.spec.ts:19:39

    attachment #1: screenshot (image/png) ──────────────────────────────────────────────────────────
    ../../test-results/quick-verification-🚀-Quic-5d3be-d-basic-functionality-works-Mobile-Chrome/test-failed-1.png
    ────────────────────────────────────────────────────────────────────────────────────────────────

    attachment #2: video (video/webm) ──────────────────────────────────────────────────────────────
    ../../test-results/quick-verification-🚀-Quic-5d3be-d-basic-functionality-works-Mobile-Chrome/video.webm
    ────────────────────────────────────────────────────────────────────────────────────────────────

    Error Context: ../../test-results/quick-verification-🚀-Quic-5d3be-d-basic-functionality-works-Mobile-Chrome/error-context.md
]]>
</failure>
<system-out>
<![CDATA[
[[ATTACHMENT|test-results/quick-verification-🚀-Quic-5d3be-d-basic-functionality-works-Mobile-Chrome/test-failed-1.png]]

[[ATTACHMENT|test-results/quick-verification-🚀-Quic-5d3be-d-basic-functionality-works-Mobile-Chrome/video.webm]]

[[ATTACHMENT|test-results/quick-verification-🚀-Quic-5d3be-d-basic-functionality-works-Mobile-Chrome/error-context.md]]
]]>
</system-out>
</testcase>
<testcase name="🚀 Quick Production Verification › API endpoints are responding" classname="quick-verification.spec.ts" time="13.151">
</testcase>
<testcase name="🚀 Quick Production Verification › Database connection is working" classname="quick-verification.spec.ts" time="9.024">
</testcase>
<testcase name="🚀 Quick Production Verification › Navigation works correctly" classname="quick-verification.spec.ts" time="58.893">
<failure message="quick-verification.spec.ts:46:7 Navigation works correctly" type="FAILURE">
<![CDATA[  [Mobile Chrome] › quick-verification.spec.ts:46:7 › 🚀 Quick Production Verification › Navigation works correctly 

    Error: expect(locator).toBeVisible() failed

    Locator:  locator('nav a[href]').first()
    Expected: visible
    Received: hidden
    Timeout:  30000ms

    Call log:
      - Expect "toBeVisible" with timeout 30000ms
      - waiting for locator('nav a[href]').first()
        32 × locator resolved to <a href="/venues" class="text-gray-700 hover:text-rose-500 dark:text-gray-300 dark:hover:text-rose-400 font-medium transition-colors">Venues</a>
           - unexpected value "hidden"


      54 |     // Test that navigation is clickable
      55 |     const firstLink = navLinks.first();
    > 56 |     await expect(firstLink).toBeVisible();
         |                             ^
      57 |   });
      58 |
      59 |   test('Page is responsive', async ({ page }) => {
        at /Users/asithalakmal/Documents/web/final project/WeddingLK-next copy/tests/e2e/quick-verification.spec.ts:56:29

    attachment #1: video (video/webm) ──────────────────────────────────────────────────────────────
    ../../test-results/quick-verification-🚀-Quic-2078d--Navigation-works-correctly-Mobile-Chrome/video.webm
    ────────────────────────────────────────────────────────────────────────────────────────────────

    Error Context: ../../test-results/quick-verification-🚀-Quic-2078d--Navigation-works-correctly-Mobile-Chrome/error-context.md
]]>
</failure>
<system-out>
<![CDATA[
[[ATTACHMENT|test-results/quick-verification-🚀-Quic-2078d--Navigation-works-correctly-Mobile-Chrome/video.webm]]

[[ATTACHMENT|test-results/quick-verification-🚀-Quic-2078d--Navigation-works-correctly-Mobile-Chrome/error-context.md]]
]]>
</system-out>
</testcase>
<testcase name="🚀 Quick Production Verification › Page is responsive" classname="quick-verification.spec.ts" time="55.033">
</testcase>
<testcase name="🚀 Quick Production Verification › No critical JavaScript errors" classname="quick-verification.spec.ts" time="55.657">
</testcase>
</testsuite>
<testsuite name="rbac-comprehensive.spec.ts" timestamp="2025-10-23T12:57:57.279Z" hostname="Mobile Chrome" tests="28" failures="28" skipped="0" time="2341.43" errors="0">
<testcase name="🔐 User Role RBAC Tests › User Role - Allowed Access" classname="rbac-comprehensive.spec.ts" time="101.69">
<failure message="rbac-comprehensive.spec.ts:76:7 User Role - Allowed Access" type="FAILURE">
<![CDATA[  [Mobile Chrome] › rbac-comprehensive.spec.ts:76:7 › 🔐 User Role RBAC Tests › User Role - Allowed Access 

    TimeoutError: page.fill: Timeout 60000ms exceeded.
    Call log:
      - waiting for locator('input[name="email"]')


      50 |   const user = testUsers[role];
      51 |   await page.goto('/auth/signin');
    > 52 |   await page.fill('input[name="email"]', user.email);
         |              ^
      53 |   await page.fill('input[name="password"]', user.password);
      54 |   await page.click('button[type="submit"]');
      55 |   await expect(page).toHaveURL(/\/dashboard/);
        at loginAsRole (/Users/asithalakmal/Documents/web/final project/WeddingLK-next copy/tests/e2e/rbac-comprehensive.spec.ts:52:14)
        at /Users/asithalakmal/Documents/web/final project/WeddingLK-next copy/tests/e2e/rbac-comprehensive.spec.ts:77:5

    attachment #1: screenshot (image/png) ──────────────────────────────────────────────────────────
    ../../test-results/rbac-comprehensive-🔐-User-6e635--User-Role---Allowed-Access-Mobile-Chrome/test-failed-1.png
    ────────────────────────────────────────────────────────────────────────────────────────────────

    attachment #2: video (video/webm) ──────────────────────────────────────────────────────────────
    ../../test-results/rbac-comprehensive-🔐-User-6e635--User-Role---Allowed-Access-Mobile-Chrome/video.webm
    ────────────────────────────────────────────────────────────────────────────────────────────────

    Error Context: ../../test-results/rbac-comprehensive-🔐-User-6e635--User-Role---Allowed-Access-Mobile-Chrome/error-context.md
]]>
</failure>
<system-out>
<![CDATA[
[[ATTACHMENT|test-results/rbac-comprehensive-🔐-User-6e635--User-Role---Allowed-Access-Mobile-Chrome/test-failed-1.png]]

[[ATTACHMENT|test-results/rbac-comprehensive-🔐-User-6e635--User-Role---Allowed-Access-Mobile-Chrome/video.webm]]

[[ATTACHMENT|test-results/rbac-comprehensive-🔐-User-6e635--User-Role---Allowed-Access-Mobile-Chrome/error-context.md]]
]]>
</system-out>
</testcase>
<testcase name="🔐 User Role RBAC Tests › User Role - Navigation Items Visibility" classname="rbac-comprehensive.spec.ts" time="98.972">
<failure message="rbac-comprehensive.spec.ts:106:7 User Role - Navigation Items Visibility" type="FAILURE">
<![CDATA[  [Mobile Chrome] › rbac-comprehensive.spec.ts:106:7 › 🔐 User Role RBAC Tests › User Role - Navigation Items Visibility 

    TimeoutError: page.fill: Timeout 60000ms exceeded.
    Call log:
      - waiting for locator('input[name="email"]')


      50 |   const user = testUsers[role];
      51 |   await page.goto('/auth/signin');
    > 52 |   await page.fill('input[name="email"]', user.email);
         |              ^
      53 |   await page.fill('input[name="password"]', user.password);
      54 |   await page.click('button[type="submit"]');
      55 |   await expect(page).toHaveURL(/\/dashboard/);
        at loginAsRole (/Users/asithalakmal/Documents/web/final project/WeddingLK-next copy/tests/e2e/rbac-comprehensive.spec.ts:52:14)
        at /Users/asithalakmal/Documents/web/final project/WeddingLK-next copy/tests/e2e/rbac-comprehensive.spec.ts:107:5

    attachment #1: screenshot (image/png) ──────────────────────────────────────────────────────────
    ../../test-results/rbac-comprehensive-🔐-User-608d2-Navigation-Items-Visibility-Mobile-Chrome/test-failed-1.png
    ────────────────────────────────────────────────────────────────────────────────────────────────

    attachment #2: video (video/webm) ──────────────────────────────────────────────────────────────
    ../../test-results/rbac-comprehensive-🔐-User-608d2-Navigation-Items-Visibility-Mobile-Chrome/video.webm
    ────────────────────────────────────────────────────────────────────────────────────────────────

    Error Context: ../../test-results/rbac-comprehensive-🔐-User-608d2-Navigation-Items-Visibility-Mobile-Chrome/error-context.md
]]>
</failure>
<system-out>
<![CDATA[
[[ATTACHMENT|test-results/rbac-comprehensive-🔐-User-608d2-Navigation-Items-Visibility-Mobile-Chrome/test-failed-1.png]]

[[ATTACHMENT|test-results/rbac-comprehensive-🔐-User-608d2-Navigation-Items-Visibility-Mobile-Chrome/video.webm]]

[[ATTACHMENT|test-results/rbac-comprehensive-🔐-User-608d2-Navigation-Items-Visibility-Mobile-Chrome/error-context.md]]
]]>
</system-out>
</testcase>
<testcase name="🔐 User Role RBAC Tests › User Role - Feature Access Control" classname="rbac-comprehensive.spec.ts" time="85.925">
<failure message="rbac-comprehensive.spec.ts:126:7 User Role - Feature Access Control" type="FAILURE">
<![CDATA[  [Mobile Chrome] › rbac-comprehensive.spec.ts:126:7 › 🔐 User Role RBAC Tests › User Role - Feature Access Control 

    TimeoutError: page.fill: Timeout 60000ms exceeded.
    Call log:
      - waiting for locator('input[name="email"]')


      50 |   const user = testUsers[role];
      51 |   await page.goto('/auth/signin');
    > 52 |   await page.fill('input[name="email"]', user.email);
         |              ^
      53 |   await page.fill('input[name="password"]', user.password);
      54 |   await page.click('button[type="submit"]');
      55 |   await expect(page).toHaveURL(/\/dashboard/);
        at loginAsRole (/Users/asithalakmal/Documents/web/final project/WeddingLK-next copy/tests/e2e/rbac-comprehensive.spec.ts:52:14)
        at /Users/asithalakmal/Documents/web/final project/WeddingLK-next copy/tests/e2e/rbac-comprehensive.spec.ts:127:5

    attachment #1: screenshot (image/png) ──────────────────────────────────────────────────────────
    ../../test-results/rbac-comprehensive-🔐-User-8f46f-le---Feature-Access-Control-Mobile-Chrome/test-failed-1.png
    ────────────────────────────────────────────────────────────────────────────────────────────────

    attachment #2: video (video/webm) ──────────────────────────────────────────────────────────────
    ../../test-results/rbac-comprehensive-🔐-User-8f46f-le---Feature-Access-Control-Mobile-Chrome/video.webm
    ────────────────────────────────────────────────────────────────────────────────────────────────

    Error Context: ../../test-results/rbac-comprehensive-🔐-User-8f46f-le---Feature-Access-Control-Mobile-Chrome/error-context.md
]]>
</failure>
<system-out>
<![CDATA[
[[ATTACHMENT|test-results/rbac-comprehensive-🔐-User-8f46f-le---Feature-Access-Control-Mobile-Chrome/test-failed-1.png]]

[[ATTACHMENT|test-results/rbac-comprehensive-🔐-User-8f46f-le---Feature-Access-Control-Mobile-Chrome/video.webm]]

[[ATTACHMENT|test-results/rbac-comprehensive-🔐-User-8f46f-le---Feature-Access-Control-Mobile-Chrome/error-context.md]]
]]>
</system-out>
</testcase>
<testcase name="🏢 Vendor Role RBAC Tests › Vendor Role - Allowed Access" classname="rbac-comprehensive.spec.ts" time="85.841">
<failure message="rbac-comprehensive.spec.ts:146:7 Vendor Role - Allowed Access" type="FAILURE">
<![CDATA[  [Mobile Chrome] › rbac-comprehensive.spec.ts:146:7 › 🏢 Vendor Role RBAC Tests › Vendor Role - Allowed Access 

    TimeoutError: page.fill: Timeout 60000ms exceeded.
    Call log:
      - waiting for locator('input[name="email"]')


      50 |   const user = testUsers[role];
      51 |   await page.goto('/auth/signin');
    > 52 |   await page.fill('input[name="email"]', user.email);
         |              ^
      53 |   await page.fill('input[name="password"]', user.password);
      54 |   await page.click('button[type="submit"]');
      55 |   await expect(page).toHaveURL(/\/dashboard/);
        at loginAsRole (/Users/asithalakmal/Documents/web/final project/WeddingLK-next copy/tests/e2e/rbac-comprehensive.spec.ts:52:14)
        at /Users/asithalakmal/Documents/web/final project/WeddingLK-next copy/tests/e2e/rbac-comprehensive.spec.ts:147:5

    attachment #1: screenshot (image/png) ──────────────────────────────────────────────────────────
    ../../test-results/rbac-comprehensive-🏢-Vend-c71ca-endor-Role---Allowed-Access-Mobile-Chrome/test-failed-1.png
    ────────────────────────────────────────────────────────────────────────────────────────────────

    attachment #2: video (video/webm) ──────────────────────────────────────────────────────────────
    ../../test-results/rbac-comprehensive-🏢-Vend-c71ca-endor-Role---Allowed-Access-Mobile-Chrome/video.webm
    ────────────────────────────────────────────────────────────────────────────────────────────────

    Error Context: ../../test-results/rbac-comprehensive-🏢-Vend-c71ca-endor-Role---Allowed-Access-Mobile-Chrome/error-context.md
]]>
</failure>
<system-out>
<![CDATA[
[[ATTACHMENT|test-results/rbac-comprehensive-🏢-Vend-c71ca-endor-Role---Allowed-Access-Mobile-Chrome/test-failed-1.png]]

[[ATTACHMENT|test-results/rbac-comprehensive-🏢-Vend-c71ca-endor-Role---Allowed-Access-Mobile-Chrome/video.webm]]

[[ATTACHMENT|test-results/rbac-comprehensive-🏢-Vend-c71ca-endor-Role---Allowed-Access-Mobile-Chrome/error-context.md]]
]]>
</system-out>
</testcase>
<testcase name="🏢 Vendor Role RBAC Tests › Vendor Role - Navigation Items Visibility" classname="rbac-comprehensive.spec.ts" time="75.208">
<failure message="rbac-comprehensive.spec.ts:175:7 Vendor Role - Navigation Items Visibility" type="FAILURE">
<![CDATA[  [Mobile Chrome] › rbac-comprehensive.spec.ts:175:7 › 🏢 Vendor Role RBAC Tests › Vendor Role - Navigation Items Visibility 

    TimeoutError: page.fill: Timeout 60000ms exceeded.
    Call log:
      - waiting for locator('input[name="email"]')


      50 |   const user = testUsers[role];
      51 |   await page.goto('/auth/signin');
    > 52 |   await page.fill('input[name="email"]', user.email);
         |              ^
      53 |   await page.fill('input[name="password"]', user.password);
      54 |   await page.click('button[type="submit"]');
      55 |   await expect(page).toHaveURL(/\/dashboard/);
        at loginAsRole (/Users/asithalakmal/Documents/web/final project/WeddingLK-next copy/tests/e2e/rbac-comprehensive.spec.ts:52:14)
        at /Users/asithalakmal/Documents/web/final project/WeddingLK-next copy/tests/e2e/rbac-comprehensive.spec.ts:176:5

    attachment #1: screenshot (image/png) ──────────────────────────────────────────────────────────
    ../../test-results/rbac-comprehensive-🏢-Vend-6301d-Navigation-Items-Visibility-Mobile-Chrome/test-failed-1.png
    ────────────────────────────────────────────────────────────────────────────────────────────────

    attachment #2: video (video/webm) ──────────────────────────────────────────────────────────────
    ../../test-results/rbac-comprehensive-🏢-Vend-6301d-Navigation-Items-Visibility-Mobile-Chrome/video.webm
    ────────────────────────────────────────────────────────────────────────────────────────────────

    Error Context: ../../test-results/rbac-comprehensive-🏢-Vend-6301d-Navigation-Items-Visibility-Mobile-Chrome/error-context.md
]]>
</failure>
<system-out>
<![CDATA[
[[ATTACHMENT|test-results/rbac-comprehensive-🏢-Vend-6301d-Navigation-Items-Visibility-Mobile-Chrome/test-failed-1.png]]

[[ATTACHMENT|test-results/rbac-comprehensive-🏢-Vend-6301d-Navigation-Items-Visibility-Mobile-Chrome/video.webm]]

[[ATTACHMENT|test-results/rbac-comprehensive-🏢-Vend-6301d-Navigation-Items-Visibility-Mobile-Chrome/error-context.md]]
]]>
</system-out>
</testcase>
<testcase name="🏢 Vendor Role RBAC Tests › Vendor Role - Feature Access Control" classname="rbac-comprehensive.spec.ts" time="71.94">
<failure message="rbac-comprehensive.spec.ts:196:7 Vendor Role - Feature Access Control" type="FAILURE">
<![CDATA[  [Mobile Chrome] › rbac-comprehensive.spec.ts:196:7 › 🏢 Vendor Role RBAC Tests › Vendor Role - Feature Access Control 

    TimeoutError: page.fill: Timeout 60000ms exceeded.
    Call log:
      - waiting for locator('input[name="email"]')


      50 |   const user = testUsers[role];
      51 |   await page.goto('/auth/signin');
    > 52 |   await page.fill('input[name="email"]', user.email);
         |              ^
      53 |   await page.fill('input[name="password"]', user.password);
      54 |   await page.click('button[type="submit"]');
      55 |   await expect(page).toHaveURL(/\/dashboard/);
        at loginAsRole (/Users/asithalakmal/Documents/web/final project/WeddingLK-next copy/tests/e2e/rbac-comprehensive.spec.ts:52:14)
        at /Users/asithalakmal/Documents/web/final project/WeddingLK-next copy/tests/e2e/rbac-comprehensive.spec.ts:197:5

    attachment #1: screenshot (image/png) ──────────────────────────────────────────────────────────
    ../../test-results/rbac-comprehensive-🏢-Vend-6d7ff-le---Feature-Access-Control-Mobile-Chrome/test-failed-1.png
    ────────────────────────────────────────────────────────────────────────────────────────────────

    attachment #2: video (video/webm) ──────────────────────────────────────────────────────────────
    ../../test-results/rbac-comprehensive-🏢-Vend-6d7ff-le---Feature-Access-Control-Mobile-Chrome/video.webm
    ────────────────────────────────────────────────────────────────────────────────────────────────

    Error Context: ../../test-results/rbac-comprehensive-🏢-Vend-6d7ff-le---Feature-Access-Control-Mobile-Chrome/error-context.md
]]>
</failure>
<system-out>
<![CDATA[
[[ATTACHMENT|test-results/rbac-comprehensive-🏢-Vend-6d7ff-le---Feature-Access-Control-Mobile-Chrome/test-failed-1.png]]

[[ATTACHMENT|test-results/rbac-comprehensive-🏢-Vend-6d7ff-le---Feature-Access-Control-Mobile-Chrome/video.webm]]

[[ATTACHMENT|test-results/rbac-comprehensive-🏢-Vend-6d7ff-le---Feature-Access-Control-Mobile-Chrome/error-context.md]]
]]>
</system-out>
</testcase>
<testcase name="👥 Wedding Planner Role RBAC Tests › Wedding Planner Role - Allowed Access" classname="rbac-comprehensive.spec.ts" time="86.604">
<failure message="rbac-comprehensive.spec.ts:220:7 Wedding Planner Role - Allowed Access" type="FAILURE">
<![CDATA[  [Mobile Chrome] › rbac-comprehensive.spec.ts:220:7 › 👥 Wedding Planner Role RBAC Tests › Wedding Planner Role - Allowed Access 

    TimeoutError: page.fill: Timeout 60000ms exceeded.
    Call log:
      - waiting for locator('input[name="email"]')


      50 |   const user = testUsers[role];
      51 |   await page.goto('/auth/signin');
    > 52 |   await page.fill('input[name="email"]', user.email);
         |              ^
      53 |   await page.fill('input[name="password"]', user.password);
      54 |   await page.click('button[type="submit"]');
      55 |   await expect(page).toHaveURL(/\/dashboard/);
        at loginAsRole (/Users/asithalakmal/Documents/web/final project/WeddingLK-next copy/tests/e2e/rbac-comprehensive.spec.ts:52:14)
        at /Users/asithalakmal/Documents/web/final project/WeddingLK-next copy/tests/e2e/rbac-comprehensive.spec.ts:221:5

    attachment #1: screenshot (image/png) ──────────────────────────────────────────────────────────
    ../../test-results/rbac-comprehensive-👥-Wedd-e2018-anner-Role---Allowed-Access-Mobile-Chrome/test-failed-1.png
    ────────────────────────────────────────────────────────────────────────────────────────────────

    attachment #2: video (video/webm) ──────────────────────────────────────────────────────────────
    ../../test-results/rbac-comprehensive-👥-Wedd-e2018-anner-Role---Allowed-Access-Mobile-Chrome/video.webm
    ────────────────────────────────────────────────────────────────────────────────────────────────

    Error Context: ../../test-results/rbac-comprehensive-👥-Wedd-e2018-anner-Role---Allowed-Access-Mobile-Chrome/error-context.md
]]>
</failure>
<system-out>
<![CDATA[
[[ATTACHMENT|test-results/rbac-comprehensive-👥-Wedd-e2018-anner-Role---Allowed-Access-Mobile-Chrome/test-failed-1.png]]

[[ATTACHMENT|test-results/rbac-comprehensive-👥-Wedd-e2018-anner-Role---Allowed-Access-Mobile-Chrome/video.webm]]

[[ATTACHMENT|test-results/rbac-comprehensive-👥-Wedd-e2018-anner-Role---Allowed-Access-Mobile-Chrome/error-context.md]]
]]>
</system-out>
</testcase>
<testcase name="👥 Wedding Planner Role RBAC Tests › Wedding Planner Role - Navigation Items Visibility" classname="rbac-comprehensive.spec.ts" time="79.535">
<failure message="rbac-comprehensive.spec.ts:249:7 Wedding Planner Role - Navigation Items Visibility" type="FAILURE">
<![CDATA[  [Mobile Chrome] › rbac-comprehensive.spec.ts:249:7 › 👥 Wedding Planner Role RBAC Tests › Wedding Planner Role - Navigation Items Visibility 

    TimeoutError: page.fill: Timeout 60000ms exceeded.
    Call log:
      - waiting for locator('input[name="email"]')


      50 |   const user = testUsers[role];
      51 |   await page.goto('/auth/signin');
    > 52 |   await page.fill('input[name="email"]', user.email);
         |              ^
      53 |   await page.fill('input[name="password"]', user.password);
      54 |   await page.click('button[type="submit"]');
      55 |   await expect(page).toHaveURL(/\/dashboard/);
        at loginAsRole (/Users/asithalakmal/Documents/web/final project/WeddingLK-next copy/tests/e2e/rbac-comprehensive.spec.ts:52:14)
        at /Users/asithalakmal/Documents/web/final project/WeddingLK-next copy/tests/e2e/rbac-comprehensive.spec.ts:250:5

    attachment #1: screenshot (image/png) ──────────────────────────────────────────────────────────
    ../../test-results/rbac-comprehensive-👥-Wedd-a3027-Navigation-Items-Visibility-Mobile-Chrome/test-failed-1.png
    ────────────────────────────────────────────────────────────────────────────────────────────────

    attachment #2: video (video/webm) ──────────────────────────────────────────────────────────────
    ../../test-results/rbac-comprehensive-👥-Wedd-a3027-Navigation-Items-Visibility-Mobile-Chrome/video.webm
    ────────────────────────────────────────────────────────────────────────────────────────────────

    Error Context: ../../test-results/rbac-comprehensive-👥-Wedd-a3027-Navigation-Items-Visibility-Mobile-Chrome/error-context.md
]]>
</failure>
<system-out>
<![CDATA[
[[ATTACHMENT|test-results/rbac-comprehensive-👥-Wedd-a3027-Navigation-Items-Visibility-Mobile-Chrome/test-failed-1.png]]

[[ATTACHMENT|test-results/rbac-comprehensive-👥-Wedd-a3027-Navigation-Items-Visibility-Mobile-Chrome/video.webm]]

[[ATTACHMENT|test-results/rbac-comprehensive-👥-Wedd-a3027-Navigation-Items-Visibility-Mobile-Chrome/error-context.md]]
]]>
</system-out>
</testcase>
<testcase name="👥 Wedding Planner Role RBAC Tests › Wedding Planner Role - Feature Access Control" classname="rbac-comprehensive.spec.ts" time="82.425">
<failure message="rbac-comprehensive.spec.ts:270:7 Wedding Planner Role - Feature Access Control" type="FAILURE">
<![CDATA[  [Mobile Chrome] › rbac-comprehensive.spec.ts:270:7 › 👥 Wedding Planner Role RBAC Tests › Wedding Planner Role - Feature Access Control 

    TimeoutError: page.fill: Timeout 60000ms exceeded.
    Call log:
      - waiting for locator('input[name="email"]')


      50 |   const user = testUsers[role];
      51 |   await page.goto('/auth/signin');
    > 52 |   await page.fill('input[name="email"]', user.email);
         |              ^
      53 |   await page.fill('input[name="password"]', user.password);
      54 |   await page.click('button[type="submit"]');
      55 |   await expect(page).toHaveURL(/\/dashboard/);
        at loginAsRole (/Users/asithalakmal/Documents/web/final project/WeddingLK-next copy/tests/e2e/rbac-comprehensive.spec.ts:52:14)
        at /Users/asithalakmal/Documents/web/final project/WeddingLK-next copy/tests/e2e/rbac-comprehensive.spec.ts:271:5

    attachment #1: screenshot (image/png) ──────────────────────────────────────────────────────────
    ../../test-results/rbac-comprehensive-👥-Wedd-afe80-le---Feature-Access-Control-Mobile-Chrome/test-failed-1.png
    ────────────────────────────────────────────────────────────────────────────────────────────────

    attachment #2: video (video/webm) ──────────────────────────────────────────────────────────────
    ../../test-results/rbac-comprehensive-👥-Wedd-afe80-le---Feature-Access-Control-Mobile-Chrome/video.webm
    ────────────────────────────────────────────────────────────────────────────────────────────────

    Error Context: ../../test-results/rbac-comprehensive-👥-Wedd-afe80-le---Feature-Access-Control-Mobile-Chrome/error-context.md
]]>
</failure>
<system-out>
<![CDATA[
[[ATTACHMENT|test-results/rbac-comprehensive-👥-Wedd-afe80-le---Feature-Access-Control-Mobile-Chrome/test-failed-1.png]]

[[ATTACHMENT|test-results/rbac-comprehensive-👥-Wedd-afe80-le---Feature-Access-Control-Mobile-Chrome/video.webm]]

[[ATTACHMENT|test-results/rbac-comprehensive-👥-Wedd-afe80-le---Feature-Access-Control-Mobile-Chrome/error-context.md]]
]]>
</system-out>
</testcase>
<testcase name="👑 Admin Role RBAC Tests › Admin Role - Allowed Access" classname="rbac-comprehensive.spec.ts" time="79.567">
<failure message="rbac-comprehensive.spec.ts:294:7 Admin Role - Allowed Access" type="FAILURE">
<![CDATA[  [Mobile Chrome] › rbac-comprehensive.spec.ts:294:7 › 👑 Admin Role RBAC Tests › Admin Role - Allowed Access 

    TimeoutError: page.fill: Timeout 60000ms exceeded.
    Call log:
      - waiting for locator('input[name="email"]')


      50 |   const user = testUsers[role];
      51 |   await page.goto('/auth/signin');
    > 52 |   await page.fill('input[name="email"]', user.email);
         |              ^
      53 |   await page.fill('input[name="password"]', user.password);
      54 |   await page.click('button[type="submit"]');
      55 |   await expect(page).toHaveURL(/\/dashboard/);
        at loginAsRole (/Users/asithalakmal/Documents/web/final project/WeddingLK-next copy/tests/e2e/rbac-comprehensive.spec.ts:52:14)
        at /Users/asithalakmal/Documents/web/final project/WeddingLK-next copy/tests/e2e/rbac-comprehensive.spec.ts:295:5

    attachment #1: screenshot (image/png) ──────────────────────────────────────────────────────────
    ../../test-results/rbac-comprehensive-👑-Admi-1dca0-Admin-Role---Allowed-Access-Mobile-Chrome/test-failed-1.png
    ────────────────────────────────────────────────────────────────────────────────────────────────

    attachment #2: video (video/webm) ──────────────────────────────────────────────────────────────
    ../../test-results/rbac-comprehensive-👑-Admi-1dca0-Admin-Role---Allowed-Access-Mobile-Chrome/video.webm
    ────────────────────────────────────────────────────────────────────────────────────────────────

    Error Context: ../../test-results/rbac-comprehensive-👑-Admi-1dca0-Admin-Role---Allowed-Access-Mobile-Chrome/error-context.md
]]>
</failure>
<system-out>
<![CDATA[
[[ATTACHMENT|test-results/rbac-comprehensive-👑-Admi-1dca0-Admin-Role---Allowed-Access-Mobile-Chrome/test-failed-1.png]]

[[ATTACHMENT|test-results/rbac-comprehensive-👑-Admi-1dca0-Admin-Role---Allowed-Access-Mobile-Chrome/video.webm]]

[[ATTACHMENT|test-results/rbac-comprehensive-👑-Admi-1dca0-Admin-Role---Allowed-Access-Mobile-Chrome/error-context.md]]
]]>
</system-out>
</testcase>
<testcase name="👑 Admin Role RBAC Tests › Admin Role - Navigation Items Visibility" classname="rbac-comprehensive.spec.ts" time="82.492">
<failure message="rbac-comprehensive.spec.ts:323:7 Admin Role - Navigation Items Visibility" type="FAILURE">
<![CDATA[  [Mobile Chrome] › rbac-comprehensive.spec.ts:323:7 › 👑 Admin Role RBAC Tests › Admin Role - Navigation Items Visibility 

    TimeoutError: page.fill: Timeout 60000ms exceeded.
    Call log:
      - waiting for locator('input[name="email"]')


      50 |   const user = testUsers[role];
      51 |   await page.goto('/auth/signin');
    > 52 |   await page.fill('input[name="email"]', user.email);
         |              ^
      53 |   await page.fill('input[name="password"]', user.password);
      54 |   await page.click('button[type="submit"]');
      55 |   await expect(page).toHaveURL(/\/dashboard/);
        at loginAsRole (/Users/asithalakmal/Documents/web/final project/WeddingLK-next copy/tests/e2e/rbac-comprehensive.spec.ts:52:14)
        at /Users/asithalakmal/Documents/web/final project/WeddingLK-next copy/tests/e2e/rbac-comprehensive.spec.ts:324:5

    attachment #1: screenshot (image/png) ──────────────────────────────────────────────────────────
    ../../test-results/rbac-comprehensive-👑-Admi-df4c3-Navigation-Items-Visibility-Mobile-Chrome/test-failed-1.png
    ────────────────────────────────────────────────────────────────────────────────────────────────

    attachment #2: video (video/webm) ──────────────────────────────────────────────────────────────
    ../../test-results/rbac-comprehensive-👑-Admi-df4c3-Navigation-Items-Visibility-Mobile-Chrome/video.webm
    ────────────────────────────────────────────────────────────────────────────────────────────────

    Error Context: ../../test-results/rbac-comprehensive-👑-Admi-df4c3-Navigation-Items-Visibility-Mobile-Chrome/error-context.md
]]>
</failure>
<system-out>
<![CDATA[
[[ATTACHMENT|test-results/rbac-comprehensive-👑-Admi-df4c3-Navigation-Items-Visibility-Mobile-Chrome/test-failed-1.png]]

[[ATTACHMENT|test-results/rbac-comprehensive-👑-Admi-df4c3-Navigation-Items-Visibility-Mobile-Chrome/video.webm]]

[[ATTACHMENT|test-results/rbac-comprehensive-👑-Admi-df4c3-Navigation-Items-Visibility-Mobile-Chrome/error-context.md]]
]]>
</system-out>
</testcase>
<testcase name="👑 Admin Role RBAC Tests › Admin Role - Feature Access Control" classname="rbac-comprehensive.spec.ts" time="100.786">
<failure message="rbac-comprehensive.spec.ts:346:7 Admin Role - Feature Access Control" type="FAILURE">
<![CDATA[  [Mobile Chrome] › rbac-comprehensive.spec.ts:346:7 › 👑 Admin Role RBAC Tests › Admin Role - Feature Access Control 

    TimeoutError: page.fill: Timeout 60000ms exceeded.
    Call log:
      - waiting for locator('input[name="email"]')


      50 |   const user = testUsers[role];
      51 |   await page.goto('/auth/signin');
    > 52 |   await page.fill('input[name="email"]', user.email);
         |              ^
      53 |   await page.fill('input[name="password"]', user.password);
      54 |   await page.click('button[type="submit"]');
      55 |   await expect(page).toHaveURL(/\/dashboard/);
        at loginAsRole (/Users/asithalakmal/Documents/web/final project/WeddingLK-next copy/tests/e2e/rbac-comprehensive.spec.ts:52:14)
        at /Users/asithalakmal/Documents/web/final project/WeddingLK-next copy/tests/e2e/rbac-comprehensive.spec.ts:347:5

    attachment #1: screenshot (image/png) ──────────────────────────────────────────────────────────
    ../../test-results/rbac-comprehensive-👑-Admi-503af-le---Feature-Access-Control-Mobile-Chrome/test-failed-1.png
    ────────────────────────────────────────────────────────────────────────────────────────────────

    attachment #2: video (video/webm) ──────────────────────────────────────────────────────────────
    ../../test-results/rbac-comprehensive-👑-Admi-503af-le---Feature-Access-Control-Mobile-Chrome/video.webm
    ────────────────────────────────────────────────────────────────────────────────────────────────

    Error Context: ../../test-results/rbac-comprehensive-👑-Admi-503af-le---Feature-Access-Control-Mobile-Chrome/error-context.md
]]>
</failure>
<system-out>
<![CDATA[
[[ATTACHMENT|test-results/rbac-comprehensive-👑-Admi-503af-le---Feature-Access-Control-Mobile-Chrome/test-failed-1.png]]

[[ATTACHMENT|test-results/rbac-comprehensive-👑-Admi-503af-le---Feature-Access-Control-Mobile-Chrome/video.webm]]

[[ATTACHMENT|test-results/rbac-comprehensive-👑-Admi-503af-le---Feature-Access-Control-Mobile-Chrome/error-context.md]]
]]>
</system-out>
</testcase>
<testcase name="🔧 Maintainer Role RBAC Tests › Maintainer Role - Allowed Access" classname="rbac-comprehensive.spec.ts" time="95.902">
<failure message="rbac-comprehensive.spec.ts:372:7 Maintainer Role - Allowed Access" type="FAILURE">
<![CDATA[  [Mobile Chrome] › rbac-comprehensive.spec.ts:372:7 › 🔧 Maintainer Role RBAC Tests › Maintainer Role - Allowed Access 

    TimeoutError: page.fill: Timeout 60000ms exceeded.
    Call log:
      - waiting for locator('input[name="email"]')


      50 |   const user = testUsers[role];
      51 |   await page.goto('/auth/signin');
    > 52 |   await page.fill('input[name="email"]', user.email);
         |              ^
      53 |   await page.fill('input[name="password"]', user.password);
      54 |   await page.click('button[type="submit"]');
      55 |   await expect(page).toHaveURL(/\/dashboard/);
        at loginAsRole (/Users/asithalakmal/Documents/web/final project/WeddingLK-next copy/tests/e2e/rbac-comprehensive.spec.ts:52:14)
        at /Users/asithalakmal/Documents/web/final project/WeddingLK-next copy/tests/e2e/rbac-comprehensive.spec.ts:373:5

    attachment #1: screenshot (image/png) ──────────────────────────────────────────────────────────
    ../../test-results/rbac-comprehensive-🔧-Main-a39b7-ainer-Role---Allowed-Access-Mobile-Chrome/test-failed-1.png
    ────────────────────────────────────────────────────────────────────────────────────────────────

    attachment #2: video (video/webm) ──────────────────────────────────────────────────────────────
    ../../test-results/rbac-comprehensive-🔧-Main-a39b7-ainer-Role---Allowed-Access-Mobile-Chrome/video.webm
    ────────────────────────────────────────────────────────────────────────────────────────────────

    Error Context: ../../test-results/rbac-comprehensive-🔧-Main-a39b7-ainer-Role---Allowed-Access-Mobile-Chrome/error-context.md
]]>
</failure>
<system-out>
<![CDATA[
[[ATTACHMENT|test-results/rbac-comprehensive-🔧-Main-a39b7-ainer-Role---Allowed-Access-Mobile-Chrome/test-failed-1.png]]

[[ATTACHMENT|test-results/rbac-comprehensive-🔧-Main-a39b7-ainer-Role---Allowed-Access-Mobile-Chrome/video.webm]]

[[ATTACHMENT|test-results/rbac-comprehensive-🔧-Main-a39b7-ainer-Role---Allowed-Access-Mobile-Chrome/error-context.md]]
]]>
</system-out>
</testcase>
<testcase name="🔧 Maintainer Role RBAC Tests › Maintainer Role - Debug Access" classname="rbac-comprehensive.spec.ts" time="93.903">
<failure message="rbac-comprehensive.spec.ts:406:7 Maintainer Role - Debug Access" type="FAILURE">
<![CDATA[  [Mobile Chrome] › rbac-comprehensive.spec.ts:406:7 › 🔧 Maintainer Role RBAC Tests › Maintainer Role - Debug Access 

    TimeoutError: page.fill: Timeout 60000ms exceeded.
    Call log:
      - waiting for locator('input[name="email"]')


      50 |   const user = testUsers[role];
      51 |   await page.goto('/auth/signin');
    > 52 |   await page.fill('input[name="email"]', user.email);
         |              ^
      53 |   await page.fill('input[name="password"]', user.password);
      54 |   await page.click('button[type="submit"]');
      55 |   await expect(page).toHaveURL(/\/dashboard/);
        at loginAsRole (/Users/asithalakmal/Documents/web/final project/WeddingLK-next copy/tests/e2e/rbac-comprehensive.spec.ts:52:14)
        at /Users/asithalakmal/Documents/web/final project/WeddingLK-next copy/tests/e2e/rbac-comprehensive.spec.ts:407:5

    attachment #1: screenshot (image/png) ──────────────────────────────────────────────────────────
    ../../test-results/rbac-comprehensive-🔧-Main-5e06e-ntainer-Role---Debug-Access-Mobile-Chrome/test-failed-1.png
    ────────────────────────────────────────────────────────────────────────────────────────────────

    attachment #2: video (video/webm) ──────────────────────────────────────────────────────────────
    ../../test-results/rbac-comprehensive-🔧-Main-5e06e-ntainer-Role---Debug-Access-Mobile-Chrome/video.webm
    ────────────────────────────────────────────────────────────────────────────────────────────────

    Error Context: ../../test-results/rbac-comprehensive-🔧-Main-5e06e-ntainer-Role---Debug-Access-Mobile-Chrome/error-context.md
]]>
</failure>
<system-out>
<![CDATA[
[[ATTACHMENT|test-results/rbac-comprehensive-🔧-Main-5e06e-ntainer-Role---Debug-Access-Mobile-Chrome/test-failed-1.png]]

[[ATTACHMENT|test-results/rbac-comprehensive-🔧-Main-5e06e-ntainer-Role---Debug-Access-Mobile-Chrome/video.webm]]

[[ATTACHMENT|test-results/rbac-comprehensive-🔧-Main-5e06e-ntainer-Role---Debug-Access-Mobile-Chrome/error-context.md]]
]]>
</system-out>
</testcase>
<testcase name="🛡️ Middleware Route Protection Tests › Unauthenticated Access Protection" classname="rbac-comprehensive.spec.ts" time="51.311">
<failure message="rbac-comprehensive.spec.ts:420:7 Unauthenticated Access Protection" type="FAILURE">
<![CDATA[  [Mobile Chrome] › rbac-comprehensive.spec.ts:420:7 › 🛡️ Middleware Route Protection Tests › Unauthenticated Access Protection 

    Error: expect(page).toHaveURL(expected) failed

    Expected pattern: /\/auth\/signin/
    Received string:  "https://wedding-lk.vercel.app/login?callbackUrl=%2Fdashboard"
    Timeout: 30000ms

    Call log:
      - Expect "toHaveURL" with timeout 30000ms
        33 × unexpected value "https://wedding-lk.vercel.app/login?callbackUrl=%2Fdashboard"


      431 |     for (const route of protectedRoutes) {
      432 |       await page.goto(route);
    > 433 |       await expect(page).toHaveURL(/\/auth\/signin/);
          |                          ^
      434 |     }
      435 |   });
      436 |
        at /Users/asithalakmal/Documents/web/final project/WeddingLK-next copy/tests/e2e/rbac-comprehensive.spec.ts:433:26

    attachment #1: screenshot (image/png) ──────────────────────────────────────────────────────────
    ../../test-results/rbac-comprehensive-🛡️-Mid-97211-enticated-Access-Protection-Mobile-Chrome/test-failed-1.png
    ────────────────────────────────────────────────────────────────────────────────────────────────

    attachment #2: video (video/webm) ──────────────────────────────────────────────────────────────
    ../../test-results/rbac-comprehensive-🛡️-Mid-97211-enticated-Access-Protection-Mobile-Chrome/video.webm
    ────────────────────────────────────────────────────────────────────────────────────────────────

    Error Context: ../../test-results/rbac-comprehensive-🛡️-Mid-97211-enticated-Access-Protection-Mobile-Chrome/error-context.md
]]>
</failure>
<system-out>
<![CDATA[
[[ATTACHMENT|test-results/rbac-comprehensive-🛡️-Mid-97211-enticated-Access-Protection-Mobile-Chrome/test-failed-1.png]]

[[ATTACHMENT|test-results/rbac-comprehensive-🛡️-Mid-97211-enticated-Access-Protection-Mobile-Chrome/video.webm]]

[[ATTACHMENT|test-results/rbac-comprehensive-🛡️-Mid-97211-enticated-Access-Protection-Mobile-Chrome/error-context.md]]
]]>
</system-out>
</testcase>
<testcase name="🛡️ Middleware Route Protection Tests › Role-Based Route Protection" classname="rbac-comprehensive.spec.ts" time="79.16">
<failure message="rbac-comprehensive.spec.ts:437:7 Role-Based Route Protection" type="FAILURE">
<![CDATA[  [Mobile Chrome] › rbac-comprehensive.spec.ts:437:7 › 🛡️ Middleware Route Protection Tests › Role-Based Route Protection 

    TimeoutError: page.fill: Timeout 60000ms exceeded.
    Call log:
      - waiting for locator('input[name="email"]')


      50 |   const user = testUsers[role];
      51 |   await page.goto('/auth/signin');
    > 52 |   await page.fill('input[name="email"]', user.email);
         |              ^
      53 |   await page.fill('input[name="password"]', user.password);
      54 |   await page.click('button[type="submit"]');
      55 |   await expect(page).toHaveURL(/\/dashboard/);
        at loginAsRole (/Users/asithalakmal/Documents/web/final project/WeddingLK-next copy/tests/e2e/rbac-comprehensive.spec.ts:52:14)
        at /Users/asithalakmal/Documents/web/final project/WeddingLK-next copy/tests/e2e/rbac-comprehensive.spec.ts:439:5

    attachment #1: screenshot (image/png) ──────────────────────────────────────────────────────────
    ../../test-results/rbac-comprehensive-🛡️-Mid-4d0bc-Role-Based-Route-Protection-Mobile-Chrome/test-failed-1.png
    ────────────────────────────────────────────────────────────────────────────────────────────────

    attachment #2: video (video/webm) ──────────────────────────────────────────────────────────────
    ../../test-results/rbac-comprehensive-🛡️-Mid-4d0bc-Role-Based-Route-Protection-Mobile-Chrome/video.webm
    ────────────────────────────────────────────────────────────────────────────────────────────────

    Error Context: ../../test-results/rbac-comprehensive-🛡️-Mid-4d0bc-Role-Based-Route-Protection-Mobile-Chrome/error-context.md
]]>
</failure>
<system-out>
<![CDATA[
[[ATTACHMENT|test-results/rbac-comprehensive-🛡️-Mid-4d0bc-Role-Based-Route-Protection-Mobile-Chrome/test-failed-1.png]]

[[ATTACHMENT|test-results/rbac-comprehensive-🛡️-Mid-4d0bc-Role-Based-Route-Protection-Mobile-Chrome/video.webm]]

[[ATTACHMENT|test-results/rbac-comprehensive-🛡️-Mid-4d0bc-Role-Based-Route-Protection-Mobile-Chrome/error-context.md]]
]]>
</system-out>
</testcase>
<testcase name="🔌 API Endpoint Authorization Tests › API Authentication Requirements" classname="rbac-comprehensive.spec.ts" time="4.912">
<failure message="rbac-comprehensive.spec.ts:461:7 API Authentication Requirements" type="FAILURE">
<![CDATA[  [Mobile Chrome] › rbac-comprehensive.spec.ts:461:7 › 🔌 API Endpoint Authorization Tests › API Authentication Requirements 

    Error: expect(received).toBe(expected) // Object.is equality

    Expected: 401
    Received: 200

      471 |     for (const endpoint of apiEndpoints) {
      472 |       const response = await page.request.get(endpoint);
    > 473 |       expect(response.status()).toBe(401);
          |                                 ^
      474 |     }
      475 |   });
      476 |
        at /Users/asithalakmal/Documents/web/final project/WeddingLK-next copy/tests/e2e/rbac-comprehensive.spec.ts:473:33

    attachment #1: screenshot (image/png) ──────────────────────────────────────────────────────────
    ../../test-results/rbac-comprehensive-🔌-API--57edd-Authentication-Requirements-Mobile-Chrome/test-failed-1.png
    ────────────────────────────────────────────────────────────────────────────────────────────────

    attachment #2: video (video/webm) ──────────────────────────────────────────────────────────────
    ../../test-results/rbac-comprehensive-🔌-API--57edd-Authentication-Requirements-Mobile-Chrome/video.webm
    ────────────────────────────────────────────────────────────────────────────────────────────────
]]>
</failure>
<system-out>
<![CDATA[
[[ATTACHMENT|test-results/rbac-comprehensive-🔌-API--57edd-Authentication-Requirements-Mobile-Chrome/test-failed-1.png]]

[[ATTACHMENT|test-results/rbac-comprehensive-🔌-API--57edd-Authentication-Requirements-Mobile-Chrome/video.webm]]
]]>
</system-out>
</testcase>
<testcase name="🔌 API Endpoint Authorization Tests › API Role-Based Authorization" classname="rbac-comprehensive.spec.ts" time="83.006">
<failure message="rbac-comprehensive.spec.ts:477:7 API Role-Based Authorization" type="FAILURE">
<![CDATA[  [Mobile Chrome] › rbac-comprehensive.spec.ts:477:7 › 🔌 API Endpoint Authorization Tests › API Role-Based Authorization 

    TimeoutError: page.fill: Timeout 60000ms exceeded.
    Call log:
      - waiting for locator('input[name="email"]')


      50 |   const user = testUsers[role];
      51 |   await page.goto('/auth/signin');
    > 52 |   await page.fill('input[name="email"]', user.email);
         |              ^
      53 |   await page.fill('input[name="password"]', user.password);
      54 |   await page.click('button[type="submit"]');
      55 |   await expect(page).toHaveURL(/\/dashboard/);
        at loginAsRole (/Users/asithalakmal/Documents/web/final project/WeddingLK-next copy/tests/e2e/rbac-comprehensive.spec.ts:52:14)
        at /Users/asithalakmal/Documents/web/final project/WeddingLK-next copy/tests/e2e/rbac-comprehensive.spec.ts:479:5

    attachment #1: screenshot (image/png) ──────────────────────────────────────────────────────────
    ../../test-results/rbac-comprehensive-🔌-API--a5bf9-PI-Role-Based-Authorization-Mobile-Chrome/test-failed-1.png
    ────────────────────────────────────────────────────────────────────────────────────────────────

    attachment #2: video (video/webm) ──────────────────────────────────────────────────────────────
    ../../test-results/rbac-comprehensive-🔌-API--a5bf9-PI-Role-Based-Authorization-Mobile-Chrome/video.webm
    ────────────────────────────────────────────────────────────────────────────────────────────────

    Error Context: ../../test-results/rbac-comprehensive-🔌-API--a5bf9-PI-Role-Based-Authorization-Mobile-Chrome/error-context.md
]]>
</failure>
<system-out>
<![CDATA[
[[ATTACHMENT|test-results/rbac-comprehensive-🔌-API--a5bf9-PI-Role-Based-Authorization-Mobile-Chrome/test-failed-1.png]]

[[ATTACHMENT|test-results/rbac-comprehensive-🔌-API--a5bf9-PI-Role-Based-Authorization-Mobile-Chrome/video.webm]]

[[ATTACHMENT|test-results/rbac-comprehensive-🔌-API--a5bf9-PI-Role-Based-Authorization-Mobile-Chrome/error-context.md]]
]]>
</system-out>
</testcase>
<testcase name="🔌 API Endpoint Authorization Tests › API Permission-Based Authorization" classname="rbac-comprehensive.spec.ts" time="88.3">
<failure message="rbac-comprehensive.spec.ts:494:7 API Permission-Based Authorization" type="FAILURE">
<![CDATA[  [Mobile Chrome] › rbac-comprehensive.spec.ts:494:7 › 🔌 API Endpoint Authorization Tests › API Permission-Based Authorization 

    TimeoutError: page.fill: Timeout 60000ms exceeded.
    Call log:
      - waiting for locator('input[name="email"]')


      50 |   const user = testUsers[role];
      51 |   await page.goto('/auth/signin');
    > 52 |   await page.fill('input[name="email"]', user.email);
         |              ^
      53 |   await page.fill('input[name="password"]', user.password);
      54 |   await page.click('button[type="submit"]');
      55 |   await expect(page).toHaveURL(/\/dashboard/);
        at loginAsRole (/Users/asithalakmal/Documents/web/final project/WeddingLK-next copy/tests/e2e/rbac-comprehensive.spec.ts:52:14)
        at /Users/asithalakmal/Documents/web/final project/WeddingLK-next copy/tests/e2e/rbac-comprehensive.spec.ts:496:5

    attachment #1: screenshot (image/png) ──────────────────────────────────────────────────────────
    ../../test-results/rbac-comprehensive-🔌-API--eb92c-mission-Based-Authorization-Mobile-Chrome/test-failed-1.png
    ────────────────────────────────────────────────────────────────────────────────────────────────

    attachment #2: video (video/webm) ──────────────────────────────────────────────────────────────
    ../../test-results/rbac-comprehensive-🔌-API--eb92c-mission-Based-Authorization-Mobile-Chrome/video.webm
    ────────────────────────────────────────────────────────────────────────────────────────────────

    Error Context: ../../test-results/rbac-comprehensive-🔌-API--eb92c-mission-Based-Authorization-Mobile-Chrome/error-context.md
]]>
</failure>
<system-out>
<![CDATA[
[[ATTACHMENT|test-results/rbac-comprehensive-🔌-API--eb92c-mission-Based-Authorization-Mobile-Chrome/test-failed-1.png]]

[[ATTACHMENT|test-results/rbac-comprehensive-🔌-API--eb92c-mission-Based-Authorization-Mobile-Chrome/video.webm]]

[[ATTACHMENT|test-results/rbac-comprehensive-🔌-API--eb92c-mission-Based-Authorization-Mobile-Chrome/error-context.md]]
]]>
</system-out>
</testcase>
<testcase name="🎨 UI Component Visibility Tests › Dashboard Components Based on Role" classname="rbac-comprehensive.spec.ts" time="85.742">
<failure message="rbac-comprehensive.spec.ts:511:7 Dashboard Components Based on Role" type="FAILURE">
<![CDATA[  [Mobile Chrome] › rbac-comprehensive.spec.ts:511:7 › 🎨 UI Component Visibility Tests › Dashboard Components Based on Role 

    TimeoutError: page.fill: Timeout 60000ms exceeded.
    Call log:
      - waiting for locator('input[name="email"]')


      50 |   const user = testUsers[role];
      51 |   await page.goto('/auth/signin');
    > 52 |   await page.fill('input[name="email"]', user.email);
         |              ^
      53 |   await page.fill('input[name="password"]', user.password);
      54 |   await page.click('button[type="submit"]');
      55 |   await expect(page).toHaveURL(/\/dashboard/);
        at loginAsRole (/Users/asithalakmal/Documents/web/final project/WeddingLK-next copy/tests/e2e/rbac-comprehensive.spec.ts:52:14)
        at /Users/asithalakmal/Documents/web/final project/WeddingLK-next copy/tests/e2e/rbac-comprehensive.spec.ts:513:5

    attachment #1: screenshot (image/png) ──────────────────────────────────────────────────────────
    ../../test-results/rbac-comprehensive-🎨-UI-C-12201-rd-Components-Based-on-Role-Mobile-Chrome/test-failed-1.png
    ────────────────────────────────────────────────────────────────────────────────────────────────

    attachment #2: video (video/webm) ──────────────────────────────────────────────────────────────
    ../../test-results/rbac-comprehensive-🎨-UI-C-12201-rd-Components-Based-on-Role-Mobile-Chrome/video.webm
    ────────────────────────────────────────────────────────────────────────────────────────────────

    Error Context: ../../test-results/rbac-comprehensive-🎨-UI-C-12201-rd-Components-Based-on-Role-Mobile-Chrome/error-context.md
]]>
</failure>
<system-out>
<![CDATA[
[[ATTACHMENT|test-results/rbac-comprehensive-🎨-UI-C-12201-rd-Components-Based-on-Role-Mobile-Chrome/test-failed-1.png]]

[[ATTACHMENT|test-results/rbac-comprehensive-🎨-UI-C-12201-rd-Components-Based-on-Role-Mobile-Chrome/video.webm]]

[[ATTACHMENT|test-results/rbac-comprehensive-🎨-UI-C-12201-rd-Components-Based-on-Role-Mobile-Chrome/error-context.md]]
]]>
</system-out>
</testcase>
<testcase name="🎨 UI Component Visibility Tests › Navigation Menu Based on Role" classname="rbac-comprehensive.spec.ts" time="89.238">
<failure message="rbac-comprehensive.spec.ts:525:7 Navigation Menu Based on Role" type="FAILURE">
<![CDATA[  [Mobile Chrome] › rbac-comprehensive.spec.ts:525:7 › 🎨 UI Component Visibility Tests › Navigation Menu Based on Role 

    TimeoutError: page.fill: Timeout 60000ms exceeded.
    Call log:
      - waiting for locator('input[name="email"]')


      50 |   const user = testUsers[role];
      51 |   await page.goto('/auth/signin');
    > 52 |   await page.fill('input[name="email"]', user.email);
         |              ^
      53 |   await page.fill('input[name="password"]', user.password);
      54 |   await page.click('button[type="submit"]');
      55 |   await expect(page).toHaveURL(/\/dashboard/);
        at loginAsRole (/Users/asithalakmal/Documents/web/final project/WeddingLK-next copy/tests/e2e/rbac-comprehensive.spec.ts:52:14)
        at /Users/asithalakmal/Documents/web/final project/WeddingLK-next copy/tests/e2e/rbac-comprehensive.spec.ts:527:5

    attachment #1: screenshot (image/png) ──────────────────────────────────────────────────────────
    ../../test-results/rbac-comprehensive-🎨-UI-C-60cb7-vigation-Menu-Based-on-Role-Mobile-Chrome/test-failed-1.png
    ────────────────────────────────────────────────────────────────────────────────────────────────

    attachment #2: video (video/webm) ──────────────────────────────────────────────────────────────
    ../../test-results/rbac-comprehensive-🎨-UI-C-60cb7-vigation-Menu-Based-on-Role-Mobile-Chrome/video.webm
    ────────────────────────────────────────────────────────────────────────────────────────────────

    Error Context: ../../test-results/rbac-comprehensive-🎨-UI-C-60cb7-vigation-Menu-Based-on-Role-Mobile-Chrome/error-context.md
]]>
</failure>
<system-out>
<![CDATA[
[[ATTACHMENT|test-results/rbac-comprehensive-🎨-UI-C-60cb7-vigation-Menu-Based-on-Role-Mobile-Chrome/test-failed-1.png]]

[[ATTACHMENT|test-results/rbac-comprehensive-🎨-UI-C-60cb7-vigation-Menu-Based-on-Role-Mobile-Chrome/video.webm]]

[[ATTACHMENT|test-results/rbac-comprehensive-🎨-UI-C-60cb7-vigation-Menu-Based-on-Role-Mobile-Chrome/error-context.md]]
]]>
</system-out>
</testcase>
<testcase name="🎨 UI Component Visibility Tests › Action Buttons Based on Permissions" classname="rbac-comprehensive.spec.ts" time="99.635">
<failure message="rbac-comprehensive.spec.ts:539:7 Action Buttons Based on Permissions" type="FAILURE">
<![CDATA[  [Mobile Chrome] › rbac-comprehensive.spec.ts:539:7 › 🎨 UI Component Visibility Tests › Action Buttons Based on Permissions 

    TimeoutError: page.fill: Timeout 60000ms exceeded.
    Call log:
      - waiting for locator('input[name="email"]')


      50 |   const user = testUsers[role];
      51 |   await page.goto('/auth/signin');
    > 52 |   await page.fill('input[name="email"]', user.email);
         |              ^
      53 |   await page.fill('input[name="password"]', user.password);
      54 |   await page.click('button[type="submit"]');
      55 |   await expect(page).toHaveURL(/\/dashboard/);
        at loginAsRole (/Users/asithalakmal/Documents/web/final project/WeddingLK-next copy/tests/e2e/rbac-comprehensive.spec.ts:52:14)
        at /Users/asithalakmal/Documents/web/final project/WeddingLK-next copy/tests/e2e/rbac-comprehensive.spec.ts:541:5

    attachment #1: screenshot (image/png) ──────────────────────────────────────────────────────────
    ../../test-results/rbac-comprehensive-🎨-UI-C-06271-uttons-Based-on-Permissions-Mobile-Chrome/test-failed-1.png
    ────────────────────────────────────────────────────────────────────────────────────────────────

    attachment #2: video (video/webm) ──────────────────────────────────────────────────────────────
    ../../test-results/rbac-comprehensive-🎨-UI-C-06271-uttons-Based-on-Permissions-Mobile-Chrome/video.webm
    ────────────────────────────────────────────────────────────────────────────────────────────────

    Error Context: ../../test-results/rbac-comprehensive-🎨-UI-C-06271-uttons-Based-on-Permissions-Mobile-Chrome/error-context.md
]]>
</failure>
<system-out>
<![CDATA[
[[ATTACHMENT|test-results/rbac-comprehensive-🎨-UI-C-06271-uttons-Based-on-Permissions-Mobile-Chrome/test-failed-1.png]]

[[ATTACHMENT|test-results/rbac-comprehensive-🎨-UI-C-06271-uttons-Based-on-Permissions-Mobile-Chrome/video.webm]]

[[ATTACHMENT|test-results/rbac-comprehensive-🎨-UI-C-06271-uttons-Based-on-Permissions-Mobile-Chrome/error-context.md]]
]]>
</system-out>
</testcase>
<testcase name="🔄 Role Switching and Session Management › Role-Based Session Persistence" classname="rbac-comprehensive.spec.ts" time="94.845">
<failure message="rbac-comprehensive.spec.ts:558:7 Role-Based Session Persistence" type="FAILURE">
<![CDATA[  [Mobile Chrome] › rbac-comprehensive.spec.ts:558:7 › 🔄 Role Switching and Session Management › Role-Based Session Persistence 

    TimeoutError: page.fill: Timeout 60000ms exceeded.
    Call log:
      - waiting for locator('input[name="email"]')


      50 |   const user = testUsers[role];
      51 |   await page.goto('/auth/signin');
    > 52 |   await page.fill('input[name="email"]', user.email);
         |              ^
      53 |   await page.fill('input[name="password"]', user.password);
      54 |   await page.click('button[type="submit"]');
      55 |   await expect(page).toHaveURL(/\/dashboard/);
        at loginAsRole (/Users/asithalakmal/Documents/web/final project/WeddingLK-next copy/tests/e2e/rbac-comprehensive.spec.ts:52:14)
        at /Users/asithalakmal/Documents/web/final project/WeddingLK-next copy/tests/e2e/rbac-comprehensive.spec.ts:560:5

    attachment #1: screenshot (image/png) ──────────────────────────────────────────────────────────
    ../../test-results/rbac-comprehensive-🔄-Role-ddb92-e-Based-Session-Persistence-Mobile-Chrome/test-failed-1.png
    ────────────────────────────────────────────────────────────────────────────────────────────────

    attachment #2: video (video/webm) ──────────────────────────────────────────────────────────────
    ../../test-results/rbac-comprehensive-🔄-Role-ddb92-e-Based-Session-Persistence-Mobile-Chrome/video.webm
    ────────────────────────────────────────────────────────────────────────────────────────────────

    Error Context: ../../test-results/rbac-comprehensive-🔄-Role-ddb92-e-Based-Session-Persistence-Mobile-Chrome/error-context.md
]]>
</failure>
<system-out>
<![CDATA[
[[ATTACHMENT|test-results/rbac-comprehensive-🔄-Role-ddb92-e-Based-Session-Persistence-Mobile-Chrome/test-failed-1.png]]

[[ATTACHMENT|test-results/rbac-comprehensive-🔄-Role-ddb92-e-Based-Session-Persistence-Mobile-Chrome/video.webm]]

[[ATTACHMENT|test-results/rbac-comprehensive-🔄-Role-ddb92-e-Based-Session-Persistence-Mobile-Chrome/error-context.md]]
]]>
</system-out>
</testcase>
<testcase name="🔄 Role Switching and Session Management › Role-Based Data Filtering" classname="rbac-comprehensive.spec.ts" time="87.115">
<failure message="rbac-comprehensive.spec.ts:575:7 Role-Based Data Filtering" type="FAILURE">
<![CDATA[  [Mobile Chrome] › rbac-comprehensive.spec.ts:575:7 › 🔄 Role Switching and Session Management › Role-Based Data Filtering 

    TimeoutError: page.fill: Timeout 60000ms exceeded.
    Call log:
      - waiting for locator('input[name="email"]')


      50 |   const user = testUsers[role];
      51 |   await page.goto('/auth/signin');
    > 52 |   await page.fill('input[name="email"]', user.email);
         |              ^
      53 |   await page.fill('input[name="password"]', user.password);
      54 |   await page.click('button[type="submit"]');
      55 |   await expect(page).toHaveURL(/\/dashboard/);
        at loginAsRole (/Users/asithalakmal/Documents/web/final project/WeddingLK-next copy/tests/e2e/rbac-comprehensive.spec.ts:52:14)
        at /Users/asithalakmal/Documents/web/final project/WeddingLK-next copy/tests/e2e/rbac-comprehensive.spec.ts:577:5

    attachment #1: screenshot (image/png) ──────────────────────────────────────────────────────────
    ../../test-results/rbac-comprehensive-🔄-Role-b4167-t-Role-Based-Data-Filtering-Mobile-Chrome/test-failed-1.png
    ────────────────────────────────────────────────────────────────────────────────────────────────

    attachment #2: video (video/webm) ──────────────────────────────────────────────────────────────
    ../../test-results/rbac-comprehensive-🔄-Role-b4167-t-Role-Based-Data-Filtering-Mobile-Chrome/video.webm
    ────────────────────────────────────────────────────────────────────────────────────────────────

    Error Context: ../../test-results/rbac-comprehensive-🔄-Role-b4167-t-Role-Based-Data-Filtering-Mobile-Chrome/error-context.md
]]>
</failure>
<system-out>
<![CDATA[
[[ATTACHMENT|test-results/rbac-comprehensive-🔄-Role-b4167-t-Role-Based-Data-Filtering-Mobile-Chrome/test-failed-1.png]]

[[ATTACHMENT|test-results/rbac-comprehensive-🔄-Role-b4167-t-Role-Based-Data-Filtering-Mobile-Chrome/video.webm]]

[[ATTACHMENT|test-results/rbac-comprehensive-🔄-Role-b4167-t-Role-Based-Data-Filtering-Mobile-Chrome/error-context.md]]
]]>
</system-out>
</testcase>
<testcase name="🚨 Security and Error Handling › Unauthorized Access Attempts" classname="rbac-comprehensive.spec.ts" time="59.112">
<failure message="rbac-comprehensive.spec.ts:589:7 Unauthorized Access Attempts" type="FAILURE">
<![CDATA[  [Mobile Chrome] › rbac-comprehensive.spec.ts:589:7 › 🚨 Security and Error Handling › Unauthorized Access Attempts 

    Error: expect(page).toHaveURL(expected) failed

    Expected pattern: /\/auth\/signin/
    Received string:  "https://wedding-lk.vercel.app/login?callbackUrl=%2Fdashboard%2Fadmin"
    Timeout: 30000ms

    Call log:
      - Expect "toHaveURL" with timeout 30000ms
        33 × unexpected value "https://wedding-lk.vercel.app/login?callbackUrl=%2Fdashboard%2Fadmin"


      590 |     // Test direct URL access without authentication
      591 |     await page.goto('/dashboard/admin/users');
    > 592 |     await expect(page).toHaveURL(/\/auth\/signin/);
          |                        ^
      593 |     
      594 |     // Test role escalation attempts
      595 |     await loginAsRole(page, 'user');
        at /Users/asithalakmal/Documents/web/final project/WeddingLK-next copy/tests/e2e/rbac-comprehensive.spec.ts:592:24

    attachment #1: screenshot (image/png) ──────────────────────────────────────────────────────────
    ../../test-results/rbac-comprehensive-🚨-Secu-f1efc-nauthorized-Access-Attempts-Mobile-Chrome/test-failed-1.png
    ────────────────────────────────────────────────────────────────────────────────────────────────

    attachment #2: video (video/webm) ──────────────────────────────────────────────────────────────
    ../../test-results/rbac-comprehensive-🚨-Secu-f1efc-nauthorized-Access-Attempts-Mobile-Chrome/video.webm
    ────────────────────────────────────────────────────────────────────────────────────────────────

    Error Context: ../../test-results/rbac-comprehensive-🚨-Secu-f1efc-nauthorized-Access-Attempts-Mobile-Chrome/error-context.md
]]>
</failure>
<system-out>
<![CDATA[
[[ATTACHMENT|test-results/rbac-comprehensive-🚨-Secu-f1efc-nauthorized-Access-Attempts-Mobile-Chrome/test-failed-1.png]]

[[ATTACHMENT|test-results/rbac-comprehensive-🚨-Secu-f1efc-nauthorized-Access-Attempts-Mobile-Chrome/video.webm]]

[[ATTACHMENT|test-results/rbac-comprehensive-🚨-Secu-f1efc-nauthorized-Access-Attempts-Mobile-Chrome/error-context.md]]
]]>
</system-out>
</testcase>
<testcase name="🚨 Security and Error Handling › Permission Denied Handling" classname="rbac-comprehensive.spec.ts" time="103.477">
<failure message="rbac-comprehensive.spec.ts:600:7 Permission Denied Handling" type="FAILURE">
<![CDATA[  [Mobile Chrome] › rbac-comprehensive.spec.ts:600:7 › 🚨 Security and Error Handling › Permission Denied Handling 

    TimeoutError: page.fill: Timeout 60000ms exceeded.
    Call log:
      - waiting for locator('input[name="email"]')


      50 |   const user = testUsers[role];
      51 |   await page.goto('/auth/signin');
    > 52 |   await page.fill('input[name="email"]', user.email);
         |              ^
      53 |   await page.fill('input[name="password"]', user.password);
      54 |   await page.click('button[type="submit"]');
      55 |   await expect(page).toHaveURL(/\/dashboard/);
        at loginAsRole (/Users/asithalakmal/Documents/web/final project/WeddingLK-next copy/tests/e2e/rbac-comprehensive.spec.ts:52:14)
        at /Users/asithalakmal/Documents/web/final project/WeddingLK-next copy/tests/e2e/rbac-comprehensive.spec.ts:602:5

    attachment #1: screenshot (image/png) ──────────────────────────────────────────────────────────
    ../../test-results/rbac-comprehensive-🚨-Secu-133ab--Permission-Denied-Handling-Mobile-Chrome/test-failed-1.png
    ────────────────────────────────────────────────────────────────────────────────────────────────

    attachment #2: video (video/webm) ──────────────────────────────────────────────────────────────
    ../../test-results/rbac-comprehensive-🚨-Secu-133ab--Permission-Denied-Handling-Mobile-Chrome/video.webm
    ────────────────────────────────────────────────────────────────────────────────────────────────

    Error Context: ../../test-results/rbac-comprehensive-🚨-Secu-133ab--Permission-Denied-Handling-Mobile-Chrome/error-context.md
]]>
</failure>
<system-out>
<![CDATA[
[[ATTACHMENT|test-results/rbac-comprehensive-🚨-Secu-133ab--Permission-Denied-Handling-Mobile-Chrome/test-failed-1.png]]

[[ATTACHMENT|test-results/rbac-comprehensive-🚨-Secu-133ab--Permission-Denied-Handling-Mobile-Chrome/video.webm]]

[[ATTACHMENT|test-results/rbac-comprehensive-🚨-Secu-133ab--Permission-Denied-Handling-Mobile-Chrome/error-context.md]]
]]>
</system-out>
</testcase>
<testcase name="📊 Analytics and Reporting RBAC › Role-Based Analytics Access" classname="rbac-comprehensive.spec.ts" time="94.511">
<failure message="rbac-comprehensive.spec.ts:615:7 Role-Based Analytics Access" type="FAILURE">
<![CDATA[  [Mobile Chrome] › rbac-comprehensive.spec.ts:615:7 › 📊 Analytics and Reporting RBAC › Role-Based Analytics Access 

    TimeoutError: page.fill: Timeout 60000ms exceeded.
    Call log:
      - waiting for locator('input[name="email"]')


      50 |   const user = testUsers[role];
      51 |   await page.goto('/auth/signin');
    > 52 |   await page.fill('input[name="email"]', user.email);
         |              ^
      53 |   await page.fill('input[name="password"]', user.password);
      54 |   await page.click('button[type="submit"]');
      55 |   await expect(page).toHaveURL(/\/dashboard/);
        at loginAsRole (/Users/asithalakmal/Documents/web/final project/WeddingLK-next copy/tests/e2e/rbac-comprehensive.spec.ts:52:14)
        at /Users/asithalakmal/Documents/web/final project/WeddingLK-next copy/tests/e2e/rbac-comprehensive.spec.ts:617:5

    attachment #1: screenshot (image/png) ──────────────────────────────────────────────────────────
    ../../test-results/rbac-comprehensive-📊-Anal-803d8-Role-Based-Analytics-Access-Mobile-Chrome/test-failed-1.png
    ────────────────────────────────────────────────────────────────────────────────────────────────

    attachment #2: video (video/webm) ──────────────────────────────────────────────────────────────
    ../../test-results/rbac-comprehensive-📊-Anal-803d8-Role-Based-Analytics-Access-Mobile-Chrome/video.webm
    ────────────────────────────────────────────────────────────────────────────────────────────────

    Error Context: ../../test-results/rbac-comprehensive-📊-Anal-803d8-Role-Based-Analytics-Access-Mobile-Chrome/error-context.md
]]>
</failure>
<system-out>
<![CDATA[
[[ATTACHMENT|test-results/rbac-comprehensive-📊-Anal-803d8-Role-Based-Analytics-Access-Mobile-Chrome/test-failed-1.png]]

[[ATTACHMENT|test-results/rbac-comprehensive-📊-Anal-803d8-Role-Based-Analytics-Access-Mobile-Chrome/video.webm]]

[[ATTACHMENT|test-results/rbac-comprehensive-📊-Anal-803d8-Role-Based-Analytics-Access-Mobile-Chrome/error-context.md]]
]]>
</system-out>
</testcase>
<testcase name="📊 Analytics and Reporting RBAC › Data Visibility Based on Role" classname="rbac-comprehensive.spec.ts" time="100.276">
<failure message="rbac-comprehensive.spec.ts:635:7 Data Visibility Based on Role" type="FAILURE">
<![CDATA[  [Mobile Chrome] › rbac-comprehensive.spec.ts:635:7 › 📊 Analytics and Reporting RBAC › Data Visibility Based on Role 

    TimeoutError: page.fill: Timeout 60000ms exceeded.
    Call log:
      - waiting for locator('input[name="email"]')


      50 |   const user = testUsers[role];
      51 |   await page.goto('/auth/signin');
    > 52 |   await page.fill('input[name="email"]', user.email);
         |              ^
      53 |   await page.fill('input[name="password"]', user.password);
      54 |   await page.click('button[type="submit"]');
      55 |   await expect(page).toHaveURL(/\/dashboard/);
        at loginAsRole (/Users/asithalakmal/Documents/web/final project/WeddingLK-next copy/tests/e2e/rbac-comprehensive.spec.ts:52:14)
        at /Users/asithalakmal/Documents/web/final project/WeddingLK-next copy/tests/e2e/rbac-comprehensive.spec.ts:637:5

    attachment #1: screenshot (image/png) ──────────────────────────────────────────────────────────
    ../../test-results/rbac-comprehensive-📊-Anal-f385e-ta-Visibility-Based-on-Role-Mobile-Chrome/test-failed-1.png
    ────────────────────────────────────────────────────────────────────────────────────────────────

    attachment #2: video (video/webm) ──────────────────────────────────────────────────────────────
    ../../test-results/rbac-comprehensive-📊-Anal-f385e-ta-Visibility-Based-on-Role-Mobile-Chrome/video.webm
    ────────────────────────────────────────────────────────────────────────────────────────────────

    Error Context: ../../test-results/rbac-comprehensive-📊-Anal-f385e-ta-Visibility-Based-on-Role-Mobile-Chrome/error-context.md
]]>
</failure>
<system-out>
<![CDATA[
[[ATTACHMENT|test-results/rbac-comprehensive-📊-Anal-f385e-ta-Visibility-Based-on-Role-Mobile-Chrome/test-failed-1.png]]

[[ATTACHMENT|test-results/rbac-comprehensive-📊-Anal-f385e-ta-Visibility-Based-on-Role-Mobile-Chrome/video.webm]]

[[ATTACHMENT|test-results/rbac-comprehensive-📊-Anal-f385e-ta-Visibility-Based-on-Role-Mobile-Chrome/error-context.md]]
]]>
</system-out>
</testcase>
</testsuite>
<testsuite name="realistic-live-deployment.spec.ts" timestamp="2025-10-23T12:57:57.279Z" hostname="Mobile Chrome" tests="14" failures="4" skipped="0" time="576.144" errors="0">
<testcase name="🚀 REALISTIC LIVE DEPLOYMENT TESTING › 🏠 HOMEPAGE - Realistic Frontend Testing" classname="realistic-live-deployment.spec.ts" time="67.137">
<failure message="realistic-live-deployment.spec.ts:22:7 🏠 HOMEPAGE - Realistic Frontend Testing" type="FAILURE">
<![CDATA[  [Mobile Chrome] › realistic-live-deployment.spec.ts:22:7 › 🚀 REALISTIC LIVE DEPLOYMENT TESTING › 🏠 HOMEPAGE - Realistic Frontend Testing 

    Test timeout of 60000ms exceeded.

    Error: expect(locator).toBeVisible() failed

    Locator:  locator('a[href="/venues"]').first()
    Expected: visible
    Received: hidden

    Call log:
      - Expect "toBeVisible" with timeout 10000ms
      - waiting for locator('a[href="/venues"]').first()
        10 × locator resolved to <a href="/venues" class="text-gray-700 hover:text-rose-500 dark:text-gray-300 dark:hover:text-rose-400 font-medium transition-colors">Venues</a>
           - unexpected value "hidden"


      25 |     // Test main navigation - use more specific selectors
      26 |     await expect(page.locator('span:has-text("Wedding.lk")').first()).toBeVisible({ timeout: 10000 });
    > 27 |     await expect(page.locator('a[href="/venues"]').first()).toBeVisible({ timeout: 10000 });
         |                                                             ^
      28 |     await expect(page.locator('a[href="/vendors"]').first()).toBeVisible({ timeout: 10000 });
      29 |     await expect(page.locator('a[href="/feed"]').first()).toBeVisible({ timeout: 10000 });
      30 |     await expect(page.locator('a[href="/gallery"]').first()).toBeVisible({ timeout: 10000 });
        at /Users/asithalakmal/Documents/web/final project/WeddingLK-next copy/tests/e2e/realistic-live-deployment.spec.ts:27:61

    attachment #1: screenshot (image/png) ──────────────────────────────────────────────────────────
    ../../test-results/realistic-live-deployment--9563f--Realistic-Frontend-Testing-Mobile-Chrome/test-failed-1.png
    ────────────────────────────────────────────────────────────────────────────────────────────────

    attachment #2: video (video/webm) ──────────────────────────────────────────────────────────────
    ../../test-results/realistic-live-deployment--9563f--Realistic-Frontend-Testing-Mobile-Chrome/video.webm
    ────────────────────────────────────────────────────────────────────────────────────────────────

    Error Context: ../../test-results/realistic-live-deployment--9563f--Realistic-Frontend-Testing-Mobile-Chrome/error-context.md
]]>
</failure>
<system-out>
<![CDATA[🏠 Testing Homepage Components...

[[ATTACHMENT|test-results/realistic-live-deployment--9563f--Realistic-Frontend-Testing-Mobile-Chrome/test-failed-1.png]]

[[ATTACHMENT|test-results/realistic-live-deployment--9563f--Realistic-Frontend-Testing-Mobile-Chrome/video.webm]]

[[ATTACHMENT|test-results/realistic-live-deployment--9563f--Realistic-Frontend-Testing-Mobile-Chrome/error-context.md]]
]]>
</system-out>
</testcase>
<testcase name="🚀 REALISTIC LIVE DEPLOYMENT TESTING › 🔐 AUTHENTICATION - Realistic Auth Flow Testing" classname="realistic-live-deployment.spec.ts" time="46.332">
<system-out>
<![CDATA[🔐 Testing Authentication System...
ℹ️ Login page structure different than expected
ℹ️ Registration page structure different than expected
✅ Authentication testing completed
]]>
</system-out>
</testcase>
<testcase name="🚀 REALISTIC LIVE DEPLOYMENT TESTING › 🏢 VENUES - Realistic Venue Testing" classname="realistic-live-deployment.spec.ts" time="39.014">
<system-out>
<![CDATA[🏢 Testing Venues System...
ℹ️ Venues page structure different than expected
✅ Venues testing completed
]]>
</system-out>
</testcase>
<testcase name="🚀 REALISTIC LIVE DEPLOYMENT TESTING › 🏪 VENDORS - Realistic Vendor Testing" classname="realistic-live-deployment.spec.ts" time="24.904">
<system-out>
<![CDATA[🏪 Testing Vendors System...
ℹ️ Vendors page structure different than expected
✅ Vendors testing completed
]]>
</system-out>
</testcase>
<testcase name="🚀 REALISTIC LIVE DEPLOYMENT TESTING › 📱 FEED - Realistic Social Feed Testing" classname="realistic-live-deployment.spec.ts" time="28.076">
<system-out>
<![CDATA[📱 Testing Social Feed System...
ℹ️ Feed page structure different than expected
✅ Feed testing completed
]]>
</system-out>
</testcase>
<testcase name="🚀 REALISTIC LIVE DEPLOYMENT TESTING › 🖼️ GALLERY - Realistic Gallery Testing" classname="realistic-live-deployment.spec.ts" time="26.895">
<system-out>
<![CDATA[🖼️ Testing Gallery System...
✅ Gallery page found
✅ Found 5 gallery filters
✅ Gallery testing completed
]]>
</system-out>
</testcase>
<testcase name="🚀 REALISTIC LIVE DEPLOYMENT TESTING › 📊 DASHBOARD - Realistic Dashboard Testing" classname="realistic-live-deployment.spec.ts" time="21.522">
<system-out>
<![CDATA[📊 Testing Dashboard System...
✅ Dashboard correctly redirects to login when not authenticated
✅ Dashboard testing completed
]]>
</system-out>
</testcase>
<testcase name="🚀 REALISTIC LIVE DEPLOYMENT TESTING › 🔧 API ENDPOINTS - Realistic API Testing" classname="realistic-live-deployment.spec.ts" time="62.721">
<failure message="realistic-live-deployment.spec.ts:273:7 🔧 API ENDPOINTS - Realistic API Testing" type="FAILURE">
<![CDATA[  [Mobile Chrome] › realistic-live-deployment.spec.ts:273:7 › 🚀 REALISTIC LIVE DEPLOYMENT TESTING › 🔧 API ENDPOINTS - Realistic API Testing 

    Test timeout of 60000ms exceeded.

    attachment #1: screenshot (image/png) ──────────────────────────────────────────────────────────
    ../../test-results/realistic-live-deployment--c664b-NTS---Realistic-API-Testing-Mobile-Chrome/test-failed-1.png
    ────────────────────────────────────────────────────────────────────────────────────────────────

    attachment #2: video (video/webm) ──────────────────────────────────────────────────────────────
    ../../test-results/realistic-live-deployment--c664b-NTS---Realistic-API-Testing-Mobile-Chrome/video.webm
    ────────────────────────────────────────────────────────────────────────────────────────────────

    Error Context: ../../test-results/realistic-live-deployment--c664b-NTS---Realistic-API-Testing-Mobile-Chrome/error-context.md
]]>
</failure>
<system-out>
<![CDATA[🔧 Testing API Endpoints...
❌ /api/health: Error - apiRequestContext.get: Target page, context or browser has been closed
Call log:
[2m  - → GET https://wedding-lk.vercel.app/api/health[22m
[2m    - user-agent: Mozilla/5.0 (Linux; Android 11; Pixel 5) AppleWebKit/537.36 (KHTML, like Gecko) Chrome/141.0.7390.37 Mobile Safari/537.36[22m
[2m    - accept: */*[22m
[2m    - accept-encoding: gzip,deflate,br[22m

❌ /api/venues: Error - apiRequestContext.get: Test timeout of 60000ms exceeded.
❌ /api/vendors: Error - apiRequestContext.get: Test timeout of 60000ms exceeded.
❌ /api/posts: Error - apiRequestContext.get: Test timeout of 60000ms exceeded.
❌ /api/analytics: Error - apiRequestContext.get: Test timeout of 60000ms exceeded.
✅ API endpoints testing completed

[[ATTACHMENT|test-results/realistic-live-deployment--c664b-NTS---Realistic-API-Testing-Mobile-Chrome/test-failed-1.png]]

[[ATTACHMENT|test-results/realistic-live-deployment--c664b-NTS---Realistic-API-Testing-Mobile-Chrome/video.webm]]

[[ATTACHMENT|test-results/realistic-live-deployment--c664b-NTS---Realistic-API-Testing-Mobile-Chrome/error-context.md]]
]]>
</system-out>
</testcase>
<testcase name="🚀 REALISTIC LIVE DEPLOYMENT TESTING › 📱 RESPONSIVE DESIGN - Realistic Mobile Testing" classname="realistic-live-deployment.spec.ts" time="55.797">
<system-out>
<![CDATA[📱 Testing Responsive Design...
✅ Tablet viewport tested
✅ Desktop viewport tested
✅ Responsive design testing completed
]]>
</system-out>
</testcase>
<testcase name="🚀 REALISTIC LIVE DEPLOYMENT TESTING › 🎨 UI COMPONENTS - Realistic Component Testing" classname="realistic-live-deployment.spec.ts" time="25.24">
<system-out>
<![CDATA[🎨 Testing UI Components...
Found 28 buttons
Found 3 input fields
Found 18 links
Found 0 images
✅ UI components testing completed
]]>
</system-out>
</testcase>
<testcase name="🚀 REALISTIC LIVE DEPLOYMENT TESTING › ⚡ PERFORMANCE - Realistic Performance Testing" classname="realistic-live-deployment.spec.ts" time="22.115">
<system-out>
<![CDATA[⚡ Testing Performance...
Page load time: 2695ms
✅ Page loads within acceptable time
✅ Theme toggle responsive
✅ Performance testing completed
]]>
</system-out>
</testcase>
<testcase name="🚀 REALISTIC LIVE DEPLOYMENT TESTING › 🔍 ERROR HANDLING - Realistic Error Testing" classname="realistic-live-deployment.spec.ts" time="34.148">
<system-out>
<![CDATA[🔍 Testing Error Handling...
ℹ️ 404 page behavior different than expected
Invalid API endpoint status: 404
✅ Error handling testing completed
]]>
</system-out>
</testcase>
<testcase name="🚀 REALISTIC LIVE DEPLOYMENT TESTING › 🎯 FINAL INTEGRATION - Realistic System Integration" classname="realistic-live-deployment.spec.ts" time="60.936">
<failure message="realistic-live-deployment.spec.ts:433:7 🎯 FINAL INTEGRATION - Realistic System Integration" type="FAILURE">
<![CDATA[  [Mobile Chrome] › realistic-live-deployment.spec.ts:433:7 › 🚀 REALISTIC LIVE DEPLOYMENT TESTING › 🎯 FINAL INTEGRATION - Realistic System Integration 

    Test timeout of 60000ms exceeded.

    Error: page.goto: Test timeout of 60000ms exceeded.
    Call log:
      - navigating to "https://wedding-lk.vercel.app/gallery", waiting until "load"


      443 |     for (const section of mainSections) {
      444 |       console.log(`Testing section: ${section}`);
    > 445 |       await page.goto(`${BASE_URL}${section}`);
          |                  ^
      446 |       await page.waitForLoadState('networkidle');
      447 |       
      448 |       // Verify page loaded successfully
        at /Users/asithalakmal/Documents/web/final project/WeddingLK-next copy/tests/e2e/realistic-live-deployment.spec.ts:445:18

    attachment #1: screenshot (image/png) ──────────────────────────────────────────────────────────
    ../../test-results/realistic-live-deployment--acc1c-ealistic-System-Integration-Mobile-Chrome/test-failed-1.png
    ────────────────────────────────────────────────────────────────────────────────────────────────

    attachment #2: video (video/webm) ──────────────────────────────────────────────────────────────
    ../../test-results/realistic-live-deployment--acc1c-ealistic-System-Integration-Mobile-Chrome/video.webm
    ────────────────────────────────────────────────────────────────────────────────────────────────

    Error Context: ../../test-results/realistic-live-deployment--acc1c-ealistic-System-Integration-Mobile-Chrome/error-context.md
]]>
</failure>
<system-out>
<![CDATA[🎯 Testing Complete System Integration...
Testing section: /venues
Page title: WeddingLK - Sri Lanka's Premier Wedding Planning Platform
Testing section: /vendors
Page title: WeddingLK - Sri Lanka's Premier Wedding Planning Platform
Testing section: /feed
Page title: WeddingLK - Sri Lanka's Premier Wedding Planning Platform
Testing section: /gallery

[[ATTACHMENT|test-results/realistic-live-deployment--acc1c-ealistic-System-Integration-Mobile-Chrome/test-failed-1.png]]

[[ATTACHMENT|test-results/realistic-live-deployment--acc1c-ealistic-System-Integration-Mobile-Chrome/video.webm]]

[[ATTACHMENT|test-results/realistic-live-deployment--acc1c-ealistic-System-Integration-Mobile-Chrome/error-context.md]]
]]>
</system-out>
</testcase>
<testcase name="🚀 REALISTIC LIVE DEPLOYMENT TESTING › 📊 LIVE DEPLOYMENT STATUS REPORT" classname="realistic-live-deployment.spec.ts" time="61.307">
<failure message="realistic-live-deployment.spec.ts:463:7 📊 LIVE DEPLOYMENT STATUS REPORT" type="FAILURE">
<![CDATA[  [Mobile Chrome] › realistic-live-deployment.spec.ts:463:7 › 🚀 REALISTIC LIVE DEPLOYMENT TESTING › 📊 LIVE DEPLOYMENT STATUS REPORT 

    Test timeout of 60000ms exceeded.

    Error: page.waitForLoadState: Test timeout of 60000ms exceeded.

      519 |     // Test feed
      520 |     await page.goto(`${BASE_URL}/feed`);
    > 521 |     await page.waitForLoadState('networkidle');
          |                ^
      522 |     
      523 |     const feedStatus = {
      524 |       name: 'Feed',
        at /Users/asithalakmal/Documents/web/final project/WeddingLK-next copy/tests/e2e/realistic-live-deployment.spec.ts:521:16

    attachment #1: screenshot (image/png) ──────────────────────────────────────────────────────────
    ../../test-results/realistic-live-deployment--2c52c-VE-DEPLOYMENT-STATUS-REPORT-Mobile-Chrome/test-failed-1.png
    ────────────────────────────────────────────────────────────────────────────────────────────────

    attachment #2: video (video/webm) ──────────────────────────────────────────────────────────────
    ../../test-results/realistic-live-deployment--2c52c-VE-DEPLOYMENT-STATUS-REPORT-Mobile-Chrome/video.webm
    ────────────────────────────────────────────────────────────────────────────────────────────────

    Error Context: ../../test-results/realistic-live-deployment--2c52c-VE-DEPLOYMENT-STATUS-REPORT-Mobile-Chrome/error-context.md
]]>
</failure>
<system-out>
<![CDATA[📊 Generating Live Deployment Status Report...

[[ATTACHMENT|test-results/realistic-live-deployment--2c52c-VE-DEPLOYMENT-STATUS-REPORT-Mobile-Chrome/test-failed-1.png]]

[[ATTACHMENT|test-results/realistic-live-deployment--2c52c-VE-DEPLOYMENT-STATUS-REPORT-Mobile-Chrome/video.webm]]

[[ATTACHMENT|test-results/realistic-live-deployment--2c52c-VE-DEPLOYMENT-STATUS-REPORT-Mobile-Chrome/error-context.md]]
]]>
</system-out>
</testcase>
</testsuite>
<testsuite name="simple.spec.ts" timestamp="2025-10-23T12:57:57.279Z" hostname="Mobile Chrome" tests="5" failures="3" skipped="0" time="88.642" errors="0">
<testcase name="Simple Production Tests › Homepage loads and has basic content" classname="simple.spec.ts" time="35.157">
<failure message="simple.spec.ts:4:7 Homepage loads and has basic content" type="FAILURE">
<![CDATA[  [Mobile Chrome] › simple.spec.ts:4:7 › Simple Production Tests › Homepage loads and has basic content 

    Error: expect(locator).toBeVisible() failed

    Locator: locator('text=Wedding.lk')
    Expected: visible
    Error: strict mode violation: locator('text=Wedding.lk') resolved to 3 elements:
        1) <span class="text-xl font-bold text-gray-900 dark:text-white">Wedding.lk</span> aka getByRole('banner').getByRole('link', { name: 'Wedding.lk' })
        2) <span class="text-xl font-bold text-white">Wedding.lk</span> aka getByRole('main').getByRole('link', { name: 'Wedding.lk' })
        3) <p>© 2024 Wedding.lk. All rights reserved.</p> aka getByText('© 2024 Wedding.lk. All rights')

    Call log:
      - Expect "toBeVisible" with timeout 30000ms
      - waiting for locator('text=Wedding.lk')


      12 |     
      13 |     // Check that the Wedding.lk logo is visible somewhere on the page
    > 14 |     await expect(page.locator('text=Wedding.lk')).toBeVisible();
         |                                                   ^
      15 |   });
      16 |
      17 |   test('Page has navigation elements', async ({ page }) => {
        at /Users/asithalakmal/Documents/web/final project/WeddingLK-next copy/tests/e2e/simple.spec.ts:14:51

    attachment #1: screenshot (image/png) ──────────────────────────────────────────────────────────
    ../../test-results/simple-Simple-Production-T-a7c1e-loads-and-has-basic-content-Mobile-Chrome/test-failed-1.png
    ────────────────────────────────────────────────────────────────────────────────────────────────

    attachment #2: video (video/webm) ──────────────────────────────────────────────────────────────
    ../../test-results/simple-Simple-Production-T-a7c1e-loads-and-has-basic-content-Mobile-Chrome/video.webm
    ────────────────────────────────────────────────────────────────────────────────────────────────

    Error Context: ../../test-results/simple-Simple-Production-T-a7c1e-loads-and-has-basic-content-Mobile-Chrome/error-context.md
]]>
</failure>
<system-out>
<![CDATA[
[[ATTACHMENT|test-results/simple-Simple-Production-T-a7c1e-loads-and-has-basic-content-Mobile-Chrome/test-failed-1.png]]

[[ATTACHMENT|test-results/simple-Simple-Production-T-a7c1e-loads-and-has-basic-content-Mobile-Chrome/video.webm]]

[[ATTACHMENT|test-results/simple-Simple-Production-T-a7c1e-loads-and-has-basic-content-Mobile-Chrome/error-context.md]]
]]>
</system-out>
</testcase>
<testcase name="Simple Production Tests › Page has navigation elements" classname="simple.spec.ts" time="15.378">
<failure message="simple.spec.ts:17:7 Page has navigation elements" type="FAILURE">
<![CDATA[  [Mobile Chrome] › simple.spec.ts:17:7 › Simple Production Tests › Page has navigation elements ───

    Error: expect(locator).toBeVisible() failed

    Locator: locator('a[href="/venues"]')
    Expected: visible
    Error: strict mode violation: locator('a[href="/venues"]') resolved to 2 elements:
        1) <a href="/venues" class="text-gray-700 hover:text-rose-500 dark:text-gray-300 dark:hover:text-rose-400 font-medium transition-colors">Venues</a> aka getByRole('banner').getByText('Venues')
        2) <a href="/venues" class="hover:text-white transition-colors">Venues</a> aka getByRole('link', { name: 'Venues' })

    Call log:
      - Expect "toBeVisible" with timeout 30000ms
      - waiting for locator('a[href="/venues"]')


      19 |     
      20 |     // Check that navigation elements exist (may be in different locations)
    > 21 |     await expect(page.locator('a[href="/venues"]')).toBeVisible();
         |                                                     ^
      22 |     await expect(page.locator('a[href="/gallery"]')).toBeVisible();
      23 |   });
      24 |
        at /Users/asithalakmal/Documents/web/final project/WeddingLK-next copy/tests/e2e/simple.spec.ts:21:53

    attachment #1: screenshot (image/png) ──────────────────────────────────────────────────────────
    ../../test-results/simple-Simple-Production-Tests-Page-has-navigation-elements-Mobile-Chrome/test-failed-1.png
    ────────────────────────────────────────────────────────────────────────────────────────────────

    attachment #2: video (video/webm) ──────────────────────────────────────────────────────────────
    ../../test-results/simple-Simple-Production-Tests-Page-has-navigation-elements-Mobile-Chrome/video.webm
    ────────────────────────────────────────────────────────────────────────────────────────────────

    Error Context: ../../test-results/simple-Simple-Production-Tests-Page-has-navigation-elements-Mobile-Chrome/error-context.md
]]>
</failure>
<system-out>
<![CDATA[
[[ATTACHMENT|test-results/simple-Simple-Production-Tests-Page-has-navigation-elements-Mobile-Chrome/test-failed-1.png]]

[[ATTACHMENT|test-results/simple-Simple-Production-Tests-Page-has-navigation-elements-Mobile-Chrome/video.webm]]

[[ATTACHMENT|test-results/simple-Simple-Production-Tests-Page-has-navigation-elements-Mobile-Chrome/error-context.md]]
]]>
</system-out>
</testcase>
<testcase name="Simple Production Tests › Page has footer content" classname="simple.spec.ts" time="13.758">
<failure message="simple.spec.ts:25:7 Page has footer content" type="FAILURE">
<![CDATA[  [Mobile Chrome] › simple.spec.ts:25:7 › Simple Production Tests › Page has footer content ────────

    Error: expect(locator).toBeVisible() failed

    Locator: locator('text=Wedding.lk')
    Expected: visible
    Error: strict mode violation: locator('text=Wedding.lk') resolved to 3 elements:
        1) <span class="text-xl font-bold text-gray-900 dark:text-white">Wedding.lk</span> aka getByRole('banner').getByRole('link', { name: 'Wedding.lk' })
        2) <span class="text-xl font-bold text-white">Wedding.lk</span> aka getByRole('main').getByRole('link', { name: 'Wedding.lk' })
        3) <p>© 2024 Wedding.lk. All rights reserved.</p> aka getByText('© 2024 Wedding.lk. All rights')

    Call log:
      - Expect "toBeVisible" with timeout 30000ms
      - waiting for locator('text=Wedding.lk')


      30 |     
      31 |     // Check that footer content exists
    > 32 |     await expect(page.locator('text=Wedding.lk')).toBeVisible();
         |                                                   ^
      33 |     await expect(page.locator('text=2024')).toBeVisible();
      34 |   });
      35 |
        at /Users/asithalakmal/Documents/web/final project/WeddingLK-next copy/tests/e2e/simple.spec.ts:32:51

    attachment #1: screenshot (image/png) ──────────────────────────────────────────────────────────
    ../../test-results/simple-Simple-Production-Tests-Page-has-footer-content-Mobile-Chrome/test-failed-1.png
    ────────────────────────────────────────────────────────────────────────────────────────────────

    attachment #2: video (video/webm) ──────────────────────────────────────────────────────────────
    ../../test-results/simple-Simple-Production-Tests-Page-has-footer-content-Mobile-Chrome/video.webm
    ────────────────────────────────────────────────────────────────────────────────────────────────

    Error Context: ../../test-results/simple-Simple-Production-Tests-Page-has-footer-content-Mobile-Chrome/error-context.md
]]>
</failure>
<system-out>
<![CDATA[
[[ATTACHMENT|test-results/simple-Simple-Production-Tests-Page-has-footer-content-Mobile-Chrome/test-failed-1.png]]

[[ATTACHMENT|test-results/simple-Simple-Production-Tests-Page-has-footer-content-Mobile-Chrome/video.webm]]

[[ATTACHMENT|test-results/simple-Simple-Production-Tests-Page-has-footer-content-Mobile-Chrome/error-context.md]]
]]>
</system-out>
</testcase>
<testcase name="Simple Production Tests › Page is responsive" classname="simple.spec.ts" time="12.918">
</testcase>
<testcase name="Simple Production Tests › Page has correct metadata" classname="simple.spec.ts" time="11.431">
</testcase>
</testsuite>
<testsuite name="user-journey.spec.ts" timestamp="2025-10-23T12:57:57.279Z" hostname="Mobile Chrome" tests="6" failures="6" skipped="0" time="410.981" errors="0">
<testcase name="💑 Complete Couple Wedding Planning Journey › End-to-End Wedding Planning Journey" classname="user-journey.spec.ts" time="73.954">
<failure message="user-journey.spec.ts:43:7 End-to-End Wedding Planning Journey" type="FAILURE">
<![CDATA[  [Mobile Chrome] › user-journey.spec.ts:43:7 › 💑 Complete Couple Wedding Planning Journey › End-to-End Wedding Planning Journey 

    TimeoutError: page.fill: Timeout 60000ms exceeded.
    Call log:
      - waiting for locator('input[name="name"]')


      44 |     // Step 1: Registration and Profile Setup
      45 |     await page.goto('/auth/signup');
    > 46 |     await page.fill('input[name="name"]', journeyData.couple.name);
         |                ^
      47 |     await page.fill('input[name="email"]', journeyData.couple.email);
      48 |     await page.fill('input[name="password"]', journeyData.couple.password);
      49 |     await page.fill('input[name="confirmPassword"]', journeyData.couple.password);
        at /Users/asithalakmal/Documents/web/final project/WeddingLK-next copy/tests/e2e/user-journey.spec.ts:46:16

    attachment #1: screenshot (image/png) ──────────────────────────────────────────────────────────
    ../../test-results/user-journey-💑-Complete-C-f3f75-nd-Wedding-Planning-Journey-Mobile-Chrome/test-failed-1.png
    ────────────────────────────────────────────────────────────────────────────────────────────────

    attachment #2: video (video/webm) ──────────────────────────────────────────────────────────────
    ../../test-results/user-journey-💑-Complete-C-f3f75-nd-Wedding-Planning-Journey-Mobile-Chrome/video.webm
    ────────────────────────────────────────────────────────────────────────────────────────────────

    Error Context: ../../test-results/user-journey-💑-Complete-C-f3f75-nd-Wedding-Planning-Journey-Mobile-Chrome/error-context.md
]]>
</failure>
<system-out>
<![CDATA[
[[ATTACHMENT|test-results/user-journey-💑-Complete-C-f3f75-nd-Wedding-Planning-Journey-Mobile-Chrome/test-failed-1.png]]

[[ATTACHMENT|test-results/user-journey-💑-Complete-C-f3f75-nd-Wedding-Planning-Journey-Mobile-Chrome/video.webm]]

[[ATTACHMENT|test-results/user-journey-💑-Complete-C-f3f75-nd-Wedding-Planning-Journey-Mobile-Chrome/error-context.md]]
]]>
</system-out>
</testcase>
<testcase name="📸 Vendor Business Journey › Complete Vendor Onboarding and Management Journey" classname="user-journey.spec.ts" time="74.709">
<failure message="user-journey.spec.ts:186:7 Complete Vendor Onboarding and Management Journey" type="FAILURE">
<![CDATA[  [Mobile Chrome] › user-journey.spec.ts:186:7 › 📸 Vendor Business Journey › Complete Vendor Onboarding and Management Journey 

    TimeoutError: page.fill: Timeout 60000ms exceeded.
    Call log:
      - waiting for locator('input[name="businessName"]')


      187 |     // Step 1: Vendor Registration
      188 |     await page.goto('/vendor/register');
    > 189 |     await page.fill('input[name="businessName"]', journeyData.photographer.businessName);
          |                ^
      190 |     await page.fill('input[name="email"]', journeyData.photographer.email);
      191 |     await page.fill('input[name="password"]', journeyData.photographer.password);
      192 |     await page.fill('input[name="phone"]', journeyData.photographer.phone);
        at /Users/asithalakmal/Documents/web/final project/WeddingLK-next copy/tests/e2e/user-journey.spec.ts:189:16

    attachment #1: screenshot (image/png) ──────────────────────────────────────────────────────────
    ../../test-results/user-journey-📸-Vendor-Bus-f59b2-ding-and-Management-Journey-Mobile-Chrome/test-failed-1.png
    ────────────────────────────────────────────────────────────────────────────────────────────────

    attachment #2: video (video/webm) ──────────────────────────────────────────────────────────────
    ../../test-results/user-journey-📸-Vendor-Bus-f59b2-ding-and-Management-Journey-Mobile-Chrome/video.webm
    ────────────────────────────────────────────────────────────────────────────────────────────────

    Error Context: ../../test-results/user-journey-📸-Vendor-Bus-f59b2-ding-and-Management-Journey-Mobile-Chrome/error-context.md
]]>
</failure>
<system-out>
<![CDATA[
[[ATTACHMENT|test-results/user-journey-📸-Vendor-Bus-f59b2-ding-and-Management-Journey-Mobile-Chrome/test-failed-1.png]]

[[ATTACHMENT|test-results/user-journey-📸-Vendor-Bus-f59b2-ding-and-Management-Journey-Mobile-Chrome/video.webm]]

[[ATTACHMENT|test-results/user-journey-📸-Vendor-Bus-f59b2-ding-and-Management-Journey-Mobile-Chrome/error-context.md]]
]]>
</system-out>
</testcase>
<testcase name="👰 Wedding Planner Professional Journey › Complete Wedding Planner Workflow" classname="user-journey.spec.ts" time="75.241">
<failure message="user-journey.spec.ts:308:7 Complete Wedding Planner Workflow" type="FAILURE">
<![CDATA[  [Mobile Chrome] › user-journey.spec.ts:308:7 › 👰 Wedding Planner Professional Journey › Complete Wedding Planner Workflow 

    TimeoutError: page.fill: Timeout 60000ms exceeded.
    Call log:
      - waiting for locator('input[name="name"]')


      309 |     // Step 1: Planner Registration and Setup
      310 |     await page.goto('/auth/signup');
    > 311 |     await page.fill('input[name="name"]', 'Emma Wedding Planner');
          |                ^
      312 |     await page.fill('input[name="email"]', 'planner@test.com');
      313 |     await page.fill('input[name="password"]', 'PlannerPass123!');
      314 |     await page.fill('input[name="confirmPassword"]', 'PlannerPass123!');
        at /Users/asithalakmal/Documents/web/final project/WeddingLK-next copy/tests/e2e/user-journey.spec.ts:311:16

    attachment #1: screenshot (image/png) ──────────────────────────────────────────────────────────
    ../../test-results/user-journey-👰-Wedding-Pl-e1fa7-te-Wedding-Planner-Workflow-Mobile-Chrome/test-failed-1.png
    ────────────────────────────────────────────────────────────────────────────────────────────────

    attachment #2: video (video/webm) ──────────────────────────────────────────────────────────────
    ../../test-results/user-journey-👰-Wedding-Pl-e1fa7-te-Wedding-Planner-Workflow-Mobile-Chrome/video.webm
    ────────────────────────────────────────────────────────────────────────────────────────────────

    Error Context: ../../test-results/user-journey-👰-Wedding-Pl-e1fa7-te-Wedding-Planner-Workflow-Mobile-Chrome/error-context.md
]]>
</failure>
<system-out>
<![CDATA[
[[ATTACHMENT|test-results/user-journey-👰-Wedding-Pl-e1fa7-te-Wedding-Planner-Workflow-Mobile-Chrome/test-failed-1.png]]

[[ATTACHMENT|test-results/user-journey-👰-Wedding-Pl-e1fa7-te-Wedding-Planner-Workflow-Mobile-Chrome/video.webm]]

[[ATTACHMENT|test-results/user-journey-👰-Wedding-Pl-e1fa7-te-Wedding-Planner-Workflow-Mobile-Chrome/error-context.md]]
]]>
</system-out>
</testcase>
<testcase name="👑 Admin Platform Management Journey › Complete Admin Platform Management" classname="user-journey.spec.ts" time="76.752">
<failure message="user-journey.spec.ts:442:7 Complete Admin Platform Management" type="FAILURE">
<![CDATA[  [Mobile Chrome] › user-journey.spec.ts:442:7 › 👑 Admin Platform Management Journey › Complete Admin Platform Management 

    TimeoutError: page.fill: Timeout 60000ms exceeded.
    Call log:
      - waiting for locator('input[name="email"]')


      443 |     // Step 1: Admin Login
      444 |     await page.goto('/auth/signin');
    > 445 |     await page.fill('input[name="email"]', 'admin@test.com');
          |                ^
      446 |     await page.fill('input[name="password"]', 'AdminPass123!');
      447 |     await page.click('button[type="submit"]');
      448 |     await expect(page).toHaveURL(/\/dashboard/);
        at /Users/asithalakmal/Documents/web/final project/WeddingLK-next copy/tests/e2e/user-journey.spec.ts:445:16

    attachment #1: screenshot (image/png) ──────────────────────────────────────────────────────────
    ../../test-results/user-journey-👑-Admin-Plat-9a1c7-e-Admin-Platform-Management-Mobile-Chrome/test-failed-1.png
    ────────────────────────────────────────────────────────────────────────────────────────────────

    attachment #2: video (video/webm) ──────────────────────────────────────────────────────────────
    ../../test-results/user-journey-👑-Admin-Plat-9a1c7-e-Admin-Platform-Management-Mobile-Chrome/video.webm
    ────────────────────────────────────────────────────────────────────────────────────────────────

    Error Context: ../../test-results/user-journey-👑-Admin-Plat-9a1c7-e-Admin-Platform-Management-Mobile-Chrome/error-context.md
]]>
</failure>
<system-out>
<![CDATA[
[[ATTACHMENT|test-results/user-journey-👑-Admin-Plat-9a1c7-e-Admin-Platform-Management-Mobile-Chrome/test-failed-1.png]]

[[ATTACHMENT|test-results/user-journey-👑-Admin-Plat-9a1c7-e-Admin-Platform-Management-Mobile-Chrome/video.webm]]

[[ATTACHMENT|test-results/user-journey-👑-Admin-Plat-9a1c7-e-Admin-Platform-Management-Mobile-Chrome/error-context.md]]
]]>
</system-out>
</testcase>
<testcase name="🔄 Cross-Platform Integration Journey › Mobile and Web Integration" classname="user-journey.spec.ts" time="71.589">
<failure message="user-journey.spec.ts:555:7 Mobile and Web Integration" type="FAILURE">
<![CDATA[  [Mobile Chrome] › user-journey.spec.ts:555:7 › 🔄 Cross-Platform Integration Journey › Mobile and Web Integration 

    TimeoutError: page.fill: Timeout 60000ms exceeded.
    Call log:
      - waiting for locator('input[name="email"]')


      559 |     // Mobile login
      560 |     await page.goto('/auth/signin');
    > 561 |     await page.fill('input[name="email"]', journeyData.couple.email);
          |                ^
      562 |     await page.fill('input[name="password"]', journeyData.couple.password);
      563 |     await page.click('button[type="submit"]');
      564 |     await expect(page).toHaveURL(/\/dashboard/);
        at /Users/asithalakmal/Documents/web/final project/WeddingLK-next copy/tests/e2e/user-journey.spec.ts:561:16

    attachment #1: screenshot (image/png) ──────────────────────────────────────────────────────────
    ../../test-results/user-journey-🔄-Cross-Plat-3bd25--Mobile-and-Web-Integration-Mobile-Chrome/test-failed-1.png
    ────────────────────────────────────────────────────────────────────────────────────────────────

    attachment #2: video (video/webm) ──────────────────────────────────────────────────────────────
    ../../test-results/user-journey-🔄-Cross-Plat-3bd25--Mobile-and-Web-Integration-Mobile-Chrome/video.webm
    ────────────────────────────────────────────────────────────────────────────────────────────────

    Error Context: ../../test-results/user-journey-🔄-Cross-Plat-3bd25--Mobile-and-Web-Integration-Mobile-Chrome/error-context.md
]]>
</failure>
<system-out>
<![CDATA[
[[ATTACHMENT|test-results/user-journey-🔄-Cross-Plat-3bd25--Mobile-and-Web-Integration-Mobile-Chrome/test-failed-1.png]]

[[ATTACHMENT|test-results/user-journey-🔄-Cross-Plat-3bd25--Mobile-and-Web-Integration-Mobile-Chrome/video.webm]]

[[ATTACHMENT|test-results/user-journey-🔄-Cross-Plat-3bd25--Mobile-and-Web-Integration-Mobile-Chrome/error-context.md]]
]]>
</system-out>
</testcase>
<testcase name="🚨 Error Handling and Recovery Journey › Application Error Recovery" classname="user-journey.spec.ts" time="38.736">
<failure message="user-journey.spec.ts:597:7 Application Error Recovery" type="FAILURE">
<![CDATA[  [Mobile Chrome] › user-journey.spec.ts:597:7 › 🚨 Error Handling and Recovery Journey › Application Error Recovery 

    Error: expect(locator).toBeVisible() failed

    Locator: locator('text=Unable to load venues')
    Expected: visible
    Timeout: 30000ms
    Error: element(s) not found

    Call log:
      - Expect "toBeVisible" with timeout 30000ms
      - waiting for locator('text=Unable to load venues')


      600 |     
      601 |     await page.goto('/venues');
    > 602 |     await expect(page.locator('text=Unable to load venues')).toBeVisible();
          |                                                              ^
      603 |     await expect(page.locator('button:has-text("Retry")')).toBeVisible();
      604 |     
      605 |     // Test retry functionality
        at /Users/asithalakmal/Documents/web/final project/WeddingLK-next copy/tests/e2e/user-journey.spec.ts:602:62

    attachment #1: screenshot (image/png) ──────────────────────────────────────────────────────────
    ../../test-results/user-journey-🚨-Error-Hand-919af--Application-Error-Recovery-Mobile-Chrome/test-failed-1.png
    ────────────────────────────────────────────────────────────────────────────────────────────────

    attachment #2: video (video/webm) ──────────────────────────────────────────────────────────────
    ../../test-results/user-journey-🚨-Error-Hand-919af--Application-Error-Recovery-Mobile-Chrome/video.webm
    ────────────────────────────────────────────────────────────────────────────────────────────────

    Error Context: ../../test-results/user-journey-🚨-Error-Hand-919af--Application-Error-Recovery-Mobile-Chrome/error-context.md
]]>
</failure>
<system-out>
<![CDATA[
[[ATTACHMENT|test-results/user-journey-🚨-Error-Hand-919af--Application-Error-Recovery-Mobile-Chrome/test-failed-1.png]]

[[ATTACHMENT|test-results/user-journey-🚨-Error-Hand-919af--Application-Error-Recovery-Mobile-Chrome/video.webm]]

[[ATTACHMENT|test-results/user-journey-🚨-Error-Hand-919af--Application-Error-Recovery-Mobile-Chrome/error-context.md]]
]]>
</system-out>
</testcase>
</testsuite>
<testsuite name="vendor.spec.ts" timestamp="2025-10-23T12:57:57.279Z" hostname="Mobile Chrome" tests="5" failures="5" skipped="0" time="371.432" errors="0">
<testcase name="Vendor Management › Vendor registration and onboarding" classname="vendor.spec.ts" time="73.328">
<failure message="vendor.spec.ts:5:7 Vendor registration and onboarding" type="FAILURE">
<![CDATA[  [Mobile Chrome] › vendor.spec.ts:5:7 › Vendor Management › Vendor registration and onboarding ────

    TimeoutError: page.fill: Timeout 60000ms exceeded.
    Call log:
      - waiting for locator('input[name="name"]')


      14 |     // Register as vendor
      15 |     await page.goto('/vendor/register');
    > 16 |     await page.fill('input[name="name"]', vendor.name);
         |                ^
      17 |     await page.fill('input[name="email"]', vendor.email);
      18 |     await page.fill('input[name="businessName"]', vendor.businessName);
      19 |     await page.fill('input[name="phone"]', vendor.phone);
        at /Users/asithalakmal/Documents/web/final project/WeddingLK-next copy/tests/e2e/vendor.spec.ts:16:16

    attachment #1: screenshot (image/png) ──────────────────────────────────────────────────────────
    ../../test-results/vendor-Vendor-Management-Vendor-registration-and-onboarding-Mobile-Chrome/test-failed-1.png
    ────────────────────────────────────────────────────────────────────────────────────────────────

    attachment #2: video (video/webm) ──────────────────────────────────────────────────────────────
    ../../test-results/vendor-Vendor-Management-Vendor-registration-and-onboarding-Mobile-Chrome/video.webm
    ────────────────────────────────────────────────────────────────────────────────────────────────

    Error Context: ../../test-results/vendor-Vendor-Management-Vendor-registration-and-onboarding-Mobile-Chrome/error-context.md
]]>
</failure>
<system-out>
<![CDATA[
[[ATTACHMENT|test-results/vendor-Vendor-Management-Vendor-registration-and-onboarding-Mobile-Chrome/test-failed-1.png]]

[[ATTACHMENT|test-results/vendor-Vendor-Management-Vendor-registration-and-onboarding-Mobile-Chrome/video.webm]]

[[ATTACHMENT|test-results/vendor-Vendor-Management-Vendor-registration-and-onboarding-Mobile-Chrome/error-context.md]]
]]>
</system-out>
</testcase>
<testcase name="Vendor Management › Vendor service creation and portfolio upload" classname="vendor.spec.ts" time="73.131">
<failure message="vendor.spec.ts:39:7 Vendor service creation and portfolio upload" type="FAILURE">
<![CDATA[  [Mobile Chrome] › vendor.spec.ts:39:7 › Vendor Management › Vendor service creation and portfolio upload 

    TimeoutError: page.fill: Timeout 60000ms exceeded.
    Call log:
      - waiting for locator('input[name="email"]')


      40 |     // Login as vendor
      41 |     await page.goto('/auth/signin');
    > 42 |     await page.fill('input[name="email"]', process.env.TEST_VENDOR_EMAIL || 'vendor@test.local');
         |                ^
      43 |     await page.fill('input[name="password"]', process.env.TEST_VENDOR_PASSWORD || 'VendorPass123!');
      44 |     await page.click('button[type="submit"]');
      45 |     await expect(page).toHaveURL(/\/dashboard/);
        at /Users/asithalakmal/Documents/web/final project/WeddingLK-next copy/tests/e2e/vendor.spec.ts:42:16

    attachment #1: screenshot (image/png) ──────────────────────────────────────────────────────────
    ../../test-results/vendor-Vendor-Management-V-1cf6a-eation-and-portfolio-upload-Mobile-Chrome/test-failed-1.png
    ────────────────────────────────────────────────────────────────────────────────────────────────

    attachment #2: video (video/webm) ──────────────────────────────────────────────────────────────
    ../../test-results/vendor-Vendor-Management-V-1cf6a-eation-and-portfolio-upload-Mobile-Chrome/video.webm
    ────────────────────────────────────────────────────────────────────────────────────────────────

    Error Context: ../../test-results/vendor-Vendor-Management-V-1cf6a-eation-and-portfolio-upload-Mobile-Chrome/error-context.md
]]>
</failure>
<system-out>
<![CDATA[
[[ATTACHMENT|test-results/vendor-Vendor-Management-V-1cf6a-eation-and-portfolio-upload-Mobile-Chrome/test-failed-1.png]]

[[ATTACHMENT|test-results/vendor-Vendor-Management-V-1cf6a-eation-and-portfolio-upload-Mobile-Chrome/video.webm]]

[[ATTACHMENT|test-results/vendor-Vendor-Management-V-1cf6a-eation-and-portfolio-upload-Mobile-Chrome/error-context.md]]
]]>
</system-out>
</testcase>
<testcase name="Vendor Management › Vendor booking management" classname="vendor.spec.ts" time="76.925">
<failure message="vendor.spec.ts:67:7 Vendor booking management" type="FAILURE">
<![CDATA[  [Mobile Chrome] › vendor.spec.ts:67:7 › Vendor Management › Vendor booking management ────────────

    TimeoutError: page.fill: Timeout 60000ms exceeded.
    Call log:
      - waiting for locator('input[name="email"]')


      68 |     // Login as vendor
      69 |     await page.goto('/auth/signin');
    > 70 |     await page.fill('input[name="email"]', process.env.TEST_VENDOR_EMAIL || 'vendor@test.local');
         |                ^
      71 |     await page.fill('input[name="password"]', process.env.TEST_VENDOR_PASSWORD || 'VendorPass123!');
      72 |     await page.click('button[type="submit"]');
      73 |     await expect(page).toHaveURL(/\/dashboard/);
        at /Users/asithalakmal/Documents/web/final project/WeddingLK-next copy/tests/e2e/vendor.spec.ts:70:16

    attachment #1: screenshot (image/png) ──────────────────────────────────────────────────────────
    ../../test-results/vendor-Vendor-Management-Vendor-booking-management-Mobile-Chrome/test-failed-1.png
    ────────────────────────────────────────────────────────────────────────────────────────────────

    attachment #2: video (video/webm) ──────────────────────────────────────────────────────────────
    ../../test-results/vendor-Vendor-Management-Vendor-booking-management-Mobile-Chrome/video.webm
    ────────────────────────────────────────────────────────────────────────────────────────────────

    Error Context: ../../test-results/vendor-Vendor-Management-Vendor-booking-management-Mobile-Chrome/error-context.md
]]>
</failure>
<system-out>
<![CDATA[
[[ATTACHMENT|test-results/vendor-Vendor-Management-Vendor-booking-management-Mobile-Chrome/test-failed-1.png]]

[[ATTACHMENT|test-results/vendor-Vendor-Management-Vendor-booking-management-Mobile-Chrome/video.webm]]

[[ATTACHMENT|test-results/vendor-Vendor-Management-Vendor-booking-management-Mobile-Chrome/error-context.md]]
]]>
</system-out>
</testcase>
<testcase name="Vendor Management › Vendor profile and portfolio management" classname="vendor.spec.ts" time="75.844">
<failure message="vendor.spec.ts:106:7 Vendor profile and portfolio management" type="FAILURE">
<![CDATA[  [Mobile Chrome] › vendor.spec.ts:106:7 › Vendor Management › Vendor profile and portfolio management 

    TimeoutError: page.fill: Timeout 60000ms exceeded.
    Call log:
      - waiting for locator('input[name="email"]')


      107 |     // Login as vendor
      108 |     await page.goto('/auth/signin');
    > 109 |     await page.fill('input[name="email"]', process.env.TEST_VENDOR_EMAIL || 'vendor@test.local');
          |                ^
      110 |     await page.fill('input[name="password"]', process.env.TEST_VENDOR_PASSWORD || 'VendorPass123!');
      111 |     await page.click('button[type="submit"]');
      112 |     await expect(page).toHaveURL(/\/dashboard/);
        at /Users/asithalakmal/Documents/web/final project/WeddingLK-next copy/tests/e2e/vendor.spec.ts:109:16

    attachment #1: screenshot (image/png) ──────────────────────────────────────────────────────────
    ../../test-results/vendor-Vendor-Management-V-1bdb8-le-and-portfolio-management-Mobile-Chrome/test-failed-1.png
    ────────────────────────────────────────────────────────────────────────────────────────────────

    attachment #2: video (video/webm) ──────────────────────────────────────────────────────────────
    ../../test-results/vendor-Vendor-Management-V-1bdb8-le-and-portfolio-management-Mobile-Chrome/video.webm
    ────────────────────────────────────────────────────────────────────────────────────────────────

    Error Context: ../../test-results/vendor-Vendor-Management-V-1bdb8-le-and-portfolio-management-Mobile-Chrome/error-context.md
]]>
</failure>
<system-out>
<![CDATA[
[[ATTACHMENT|test-results/vendor-Vendor-Management-V-1bdb8-le-and-portfolio-management-Mobile-Chrome/test-failed-1.png]]

[[ATTACHMENT|test-results/vendor-Vendor-Management-V-1bdb8-le-and-portfolio-management-Mobile-Chrome/video.webm]]

[[ATTACHMENT|test-results/vendor-Vendor-Management-V-1bdb8-le-and-portfolio-management-Mobile-Chrome/error-context.md]]
]]>
</system-out>
</testcase>
<testcase name="Vendor Management › Vendor analytics and performance tracking" classname="vendor.spec.ts" time="72.204">
<failure message="vendor.spec.ts:127:7 Vendor analytics and performance tracking" type="FAILURE">
<![CDATA[  [Mobile Chrome] › vendor.spec.ts:127:7 › Vendor Management › Vendor analytics and performance tracking 

    TimeoutError: page.fill: Timeout 60000ms exceeded.
    Call log:
      - waiting for locator('input[name="email"]')


      128 |     // Login as vendor
      129 |     await page.goto('/auth/signin');
    > 130 |     await page.fill('input[name="email"]', process.env.TEST_VENDOR_EMAIL || 'vendor@test.local');
          |                ^
      131 |     await page.fill('input[name="password"]', process.env.TEST_VENDOR_PASSWORD || 'VendorPass123!');
      132 |     await page.click('button[type="submit"]');
      133 |     await expect(page).toHaveURL(/\/dashboard/);
        at /Users/asithalakmal/Documents/web/final project/WeddingLK-next copy/tests/e2e/vendor.spec.ts:130:16

    attachment #1: screenshot (image/png) ──────────────────────────────────────────────────────────
    ../../test-results/vendor-Vendor-Management-V-453fa-cs-and-performance-tracking-Mobile-Chrome/test-failed-1.png
    ────────────────────────────────────────────────────────────────────────────────────────────────

    attachment #2: video (video/webm) ──────────────────────────────────────────────────────────────
    ../../test-results/vendor-Vendor-Management-V-453fa-cs-and-performance-tracking-Mobile-Chrome/video.webm
    ────────────────────────────────────────────────────────────────────────────────────────────────

    Error Context: ../../test-results/vendor-Vendor-Management-V-453fa-cs-and-performance-tracking-Mobile-Chrome/error-context.md
]]>
</failure>
<system-out>
<![CDATA[
[[ATTACHMENT|test-results/vendor-Vendor-Management-V-453fa-cs-and-performance-tracking-Mobile-Chrome/test-failed-1.png]]

[[ATTACHMENT|test-results/vendor-Vendor-Management-V-453fa-cs-and-performance-tracking-Mobile-Chrome/video.webm]]

[[ATTACHMENT|test-results/vendor-Vendor-Management-V-453fa-cs-and-performance-tracking-Mobile-Chrome/error-context.md]]
]]>
</system-out>
</testcase>
</testsuite>
<testsuite name="venue.spec.ts" timestamp="2025-10-23T12:57:57.279Z" hostname="Mobile Chrome" tests="6" failures="6" skipped="0" time="437.873" errors="0">
<testcase name="Venue Management › Venue search and filtering" classname="venue.spec.ts" time="71.605">
<failure message="venue.spec.ts:5:7 Venue search and filtering" type="FAILURE">
<![CDATA[  [Mobile Chrome] › venue.spec.ts:5:7 › Venue Management › Venue search and filtering ──────────────

    TimeoutError: page.fill: Timeout 60000ms exceeded.
    Call log:
      - waiting for locator('input[placeholder*="Search venues"], input[name="search"]')


       7 |     
       8 |     // Search for venues
    >  9 |     await page.fill('input[placeholder*="Search venues"], input[name="search"]', 'Colombo');
         |                ^
      10 |     await page.click('button[type="submit"], button:has-text("Search")');
      11 |     
      12 |     // Apply filters
        at /Users/asithalakmal/Documents/web/final project/WeddingLK-next copy/tests/e2e/venue.spec.ts:9:16

    attachment #1: screenshot (image/png) ──────────────────────────────────────────────────────────
    ../../test-results/venue-Venue-Management-Venue-search-and-filtering-Mobile-Chrome/test-failed-1.png
    ────────────────────────────────────────────────────────────────────────────────────────────────

    attachment #2: video (video/webm) ──────────────────────────────────────────────────────────────
    ../../test-results/venue-Venue-Management-Venue-search-and-filtering-Mobile-Chrome/video.webm
    ────────────────────────────────────────────────────────────────────────────────────────────────

    Error Context: ../../test-results/venue-Venue-Management-Venue-search-and-filtering-Mobile-Chrome/error-context.md
]]>
</failure>
<system-out>
<![CDATA[
[[ATTACHMENT|test-results/venue-Venue-Management-Venue-search-and-filtering-Mobile-Chrome/test-failed-1.png]]

[[ATTACHMENT|test-results/venue-Venue-Management-Venue-search-and-filtering-Mobile-Chrome/video.webm]]

[[ATTACHMENT|test-results/venue-Venue-Management-Venue-search-and-filtering-Mobile-Chrome/error-context.md]]
]]>
</system-out>
</testcase>
<testcase name="Venue Management › Venue details and booking inquiry" classname="venue.spec.ts" time="71.204">
<failure message="venue.spec.ts:24:7 Venue details and booking inquiry" type="FAILURE">
<![CDATA[  [Mobile Chrome] › venue.spec.ts:24:7 › Venue Management › Venue details and booking inquiry ──────

    TimeoutError: page.click: Timeout 60000ms exceeded.
    Call log:
      - waiting for locator('.venue-card:first-child, [data-testid="venue-card"]:first-child')


      26 |     
      27 |     // Click on first venue
    > 28 |     await page.click('.venue-card:first-child, [data-testid="venue-card"]:first-child');
         |                ^
      29 |     await expect(page).toHaveURL(/\/venues\/\d+/);
      30 |     
      31 |     // Check venue details
        at /Users/asithalakmal/Documents/web/final project/WeddingLK-next copy/tests/e2e/venue.spec.ts:28:16

    attachment #1: screenshot (image/png) ──────────────────────────────────────────────────────────
    ../../test-results/venue-Venue-Management-Venue-details-and-booking-inquiry-Mobile-Chrome/test-failed-1.png
    ────────────────────────────────────────────────────────────────────────────────────────────────

    attachment #2: video (video/webm) ──────────────────────────────────────────────────────────────
    ../../test-results/venue-Venue-Management-Venue-details-and-booking-inquiry-Mobile-Chrome/video.webm
    ────────────────────────────────────────────────────────────────────────────────────────────────

    Error Context: ../../test-results/venue-Venue-Management-Venue-details-and-booking-inquiry-Mobile-Chrome/error-context.md
]]>
</failure>
<system-out>
<![CDATA[
[[ATTACHMENT|test-results/venue-Venue-Management-Venue-details-and-booking-inquiry-Mobile-Chrome/test-failed-1.png]]

[[ATTACHMENT|test-results/venue-Venue-Management-Venue-details-and-booking-inquiry-Mobile-Chrome/video.webm]]

[[ATTACHMENT|test-results/venue-Venue-Management-Venue-details-and-booking-inquiry-Mobile-Chrome/error-context.md]]
]]>
</system-out>
</testcase>
<testcase name="Venue Management › Venue availability calendar" classname="venue.spec.ts" time="73.758">
<failure message="venue.spec.ts:60:7 Venue availability calendar" type="FAILURE">
<![CDATA[  [Mobile Chrome] › venue.spec.ts:60:7 › Venue Management › Venue availability calendar ────────────

    TimeoutError: page.click: Timeout 60000ms exceeded.
    Call log:
      - waiting for locator('.venue-card:first-child, [data-testid="venue-card"]:first-child')


      60 |   test('Venue availability calendar', async ({ page }) => {
      61 |     await page.goto('/venues');
    > 62 |     await page.click('.venue-card:first-child, [data-testid="venue-card"]:first-child');
         |                ^
      63 |     
      64 |     // Check availability calendar
      65 |     await page.click('text=Check Availability, [data-testid="availability-button"]');
        at /Users/asithalakmal/Documents/web/final project/WeddingLK-next copy/tests/e2e/venue.spec.ts:62:16

    attachment #1: screenshot (image/png) ──────────────────────────────────────────────────────────
    ../../test-results/venue-Venue-Management-Venue-availability-calendar-Mobile-Chrome/test-failed-1.png
    ────────────────────────────────────────────────────────────────────────────────────────────────

    attachment #2: video (video/webm) ──────────────────────────────────────────────────────────────
    ../../test-results/venue-Venue-Management-Venue-availability-calendar-Mobile-Chrome/video.webm
    ────────────────────────────────────────────────────────────────────────────────────────────────

    Error Context: ../../test-results/venue-Venue-Management-Venue-availability-calendar-Mobile-Chrome/error-context.md
]]>
</failure>
<system-out>
<![CDATA[
[[ATTACHMENT|test-results/venue-Venue-Management-Venue-availability-calendar-Mobile-Chrome/test-failed-1.png]]

[[ATTACHMENT|test-results/venue-Venue-Management-Venue-availability-calendar-Mobile-Chrome/video.webm]]

[[ATTACHMENT|test-results/venue-Venue-Management-Venue-availability-calendar-Mobile-Chrome/error-context.md]]
]]>
</system-out>
</testcase>
<testcase name="Venue Management › Venue reviews and ratings" classname="venue.spec.ts" time="73.561">
<failure message="venue.spec.ts:73:7 Venue reviews and ratings" type="FAILURE">
<![CDATA[  [Mobile Chrome] › venue.spec.ts:73:7 › Venue Management › Venue reviews and ratings ──────────────

    TimeoutError: page.click: Timeout 60000ms exceeded.
    Call log:
      - waiting for locator('.venue-card:first-child, [data-testid="venue-card"]:first-child')


      73 |   test('Venue reviews and ratings', async ({ page }) => {
      74 |     await page.goto('/venues');
    > 75 |     await page.click('.venue-card:first-child, [data-testid="venue-card"]:first-child');
         |                ^
      76 |     
      77 |     // Check reviews section
      78 |     await page.click('text=Reviews, [data-testid="reviews-tab"]');
        at /Users/asithalakmal/Documents/web/final project/WeddingLK-next copy/tests/e2e/venue.spec.ts:75:16

    attachment #1: screenshot (image/png) ──────────────────────────────────────────────────────────
    ../../test-results/venue-Venue-Management-Venue-reviews-and-ratings-Mobile-Chrome/test-failed-1.png
    ────────────────────────────────────────────────────────────────────────────────────────────────

    attachment #2: video (video/webm) ──────────────────────────────────────────────────────────────
    ../../test-results/venue-Venue-Management-Venue-reviews-and-ratings-Mobile-Chrome/video.webm
    ────────────────────────────────────────────────────────────────────────────────────────────────

    Error Context: ../../test-results/venue-Venue-Management-Venue-reviews-and-ratings-Mobile-Chrome/error-context.md
]]>
</failure>
<system-out>
<![CDATA[
[[ATTACHMENT|test-results/venue-Venue-Management-Venue-reviews-and-ratings-Mobile-Chrome/test-failed-1.png]]

[[ATTACHMENT|test-results/venue-Venue-Management-Venue-reviews-and-ratings-Mobile-Chrome/video.webm]]

[[ATTACHMENT|test-results/venue-Venue-Management-Venue-reviews-and-ratings-Mobile-Chrome/error-context.md]]
]]>
</system-out>
</testcase>
<testcase name="Venue Management › Venue owner management" classname="venue.spec.ts" time="72.824">
<failure message="venue.spec.ts:85:7 Venue owner management" type="FAILURE">
<![CDATA[  [Mobile Chrome] › venue.spec.ts:85:7 › Venue Management › Venue owner management ─────────────────

    TimeoutError: page.fill: Timeout 60000ms exceeded.
    Call log:
      - waiting for locator('input[name="email"]')


      86 |     // Login as venue owner
      87 |     await page.goto('/auth/signin');
    > 88 |     await page.fill('input[name="email"]', process.env.TEST_VENUE_OWNER_EMAIL || 'venue@test.local');
         |                ^
      89 |     await page.fill('input[name="password"]', process.env.TEST_VENUE_OWNER_PASSWORD || 'VenuePass123!');
      90 |     await page.click('button[type="submit"]');
      91 |     await expect(page).toHaveURL(/\/dashboard/);
        at /Users/asithalakmal/Documents/web/final project/WeddingLK-next copy/tests/e2e/venue.spec.ts:88:16

    attachment #1: screenshot (image/png) ──────────────────────────────────────────────────────────
    ../../test-results/venue-Venue-Management-Venue-owner-management-Mobile-Chrome/test-failed-1.png
    ────────────────────────────────────────────────────────────────────────────────────────────────

    attachment #2: video (video/webm) ──────────────────────────────────────────────────────────────
    ../../test-results/venue-Venue-Management-Venue-owner-management-Mobile-Chrome/video.webm
    ────────────────────────────────────────────────────────────────────────────────────────────────

    Error Context: ../../test-results/venue-Venue-Management-Venue-owner-management-Mobile-Chrome/error-context.md
]]>
</failure>
<system-out>
<![CDATA[
[[ATTACHMENT|test-results/venue-Venue-Management-Venue-owner-management-Mobile-Chrome/test-failed-1.png]]

[[ATTACHMENT|test-results/venue-Venue-Management-Venue-owner-management-Mobile-Chrome/video.webm]]

[[ATTACHMENT|test-results/venue-Venue-Management-Venue-owner-management-Mobile-Chrome/error-context.md]]
]]>
</system-out>
</testcase>
<testcase name="Venue Management › Venue booking management" classname="venue.spec.ts" time="74.921">
<failure message="venue.spec.ts:123:7 Venue booking management" type="FAILURE">
<![CDATA[  [Mobile Chrome] › venue.spec.ts:123:7 › Venue Management › Venue booking management ──────────────

    TimeoutError: page.fill: Timeout 60000ms exceeded.
    Call log:
      - waiting for locator('input[name="email"]')


      124 |     // Login as venue owner
      125 |     await page.goto('/auth/signin');
    > 126 |     await page.fill('input[name="email"]', process.env.TEST_VENUE_OWNER_EMAIL || 'venue@test.local');
          |                ^
      127 |     await page.fill('input[name="password"]', process.env.TEST_VENUE_OWNER_PASSWORD || 'VenuePass123!');
      128 |     await page.click('button[type="submit"]');
      129 |     await expect(page).toHaveURL(/\/dashboard/);
        at /Users/asithalakmal/Documents/web/final project/WeddingLK-next copy/tests/e2e/venue.spec.ts:126:16

    attachment #1: screenshot (image/png) ──────────────────────────────────────────────────────────
    ../../test-results/venue-Venue-Management-Venue-booking-management-Mobile-Chrome/test-failed-1.png
    ────────────────────────────────────────────────────────────────────────────────────────────────

    attachment #2: video (video/webm) ──────────────────────────────────────────────────────────────
    ../../test-results/venue-Venue-Management-Venue-booking-management-Mobile-Chrome/video.webm
    ────────────────────────────────────────────────────────────────────────────────────────────────

    Error Context: ../../test-results/venue-Venue-Management-Venue-booking-management-Mobile-Chrome/error-context.md
]]>
</failure>
<system-out>
<![CDATA[
[[ATTACHMENT|test-results/venue-Venue-Management-Venue-booking-management-Mobile-Chrome/test-failed-1.png]]

[[ATTACHMENT|test-results/venue-Venue-Management-Venue-booking-management-Mobile-Chrome/video.webm]]

[[ATTACHMENT|test-results/venue-Venue-Management-Venue-booking-management-Mobile-Chrome/error-context.md]]
]]>
</system-out>
</testcase>
</testsuite>
</testsuites>